

******** <class 'pyscf.dft.rks.RKS'> ********
method = RKS-RHF
initial guess = minao
damping factor = 0
level_shift factor = 0
DIIS = <class 'pyscf.scf.diis.CDIIS'>
diis_start_cycle = 1
diis_space = 8
SCF conv_tol = 1e-09
SCF conv_tol_grad = 1e-06
SCF max_cycles = 1000
direct_scf = True
direct_scf_tol = 1e-13
chkfile to save SCF result = scf.fchk
max_memory 900000 MB (current use 79 MB)
XC library pyscf.dft.libxc version 5.1.7
    S. Lehtola, C. Steigemann, M. J. Oliveira, and M. A. Marques, SoftwareX 7, 1 (2018)
XC functionals = pbe
    J. P. Perdew, K. Burke, and M. Ernzerhof, Phys. Rev. Lett. 77, 3865 (1996)
    J. P. Perdew, K. Burke, and M. Ernzerhof, Phys. Rev. Lett. 78, 1396 (1997)
    J. P. Perdew, K. Burke, and M. Ernzerhof, Phys. Rev. Lett. 77, 3865 (1996)
    J. P. Perdew, K. Burke, and M. Ernzerhof, Phys. Rev. Lett. 78, 1396 (1997)
small_rho_cutoff = 1e-07
init E= -2592.68589161386
  HOMO = -0.135589903772631  LUMO = -0.0868627408995472
cycle= 1 E= -2573.86094609637  delta_E= 18.8  |g|= 5.66  |ddm|= 10.4
  HOMO = -0.237014473524285  LUMO = -0.22818187544951
cycle= 2 E= -2429.54073387066  delta_E=  144  |g|= 19.3  |ddm|=   96
  HOMO = -0.172155222180431  LUMO = -0.161702262177984
cycle= 3 E= -2561.20084737968  delta_E= -132  |g|= 9.67  |ddm|=   72
  HOMO = -0.179835387701041  LUMO = -0.153385170978571
cycle= 4 E= -2577.99076904098  delta_E= -16.8  |g|=  6.4  |ddm|= 28.3
  HOMO = -0.163466306075653  LUMO = -0.153553182576656
cycle= 5 E= -2581.56771167959  delta_E= -3.58  |g|= 5.42  |ddm|= 2.88
  HOMO = -0.173674305392812  LUMO = -0.159425717125036
cycle= 6 E= -2581.35725703463  delta_E= 0.21  |g|= 5.48  |ddm|= 1.05
  HOMO = -0.177939224083362  LUMO = -0.162383560591033
cycle= 7 E= -2581.22391346774  delta_E= 0.133  |g|= 5.53  |ddm|= 0.907
  HOMO = -0.174088591800924  LUMO = -0.161288788483846
cycle= 8 E= -2581.28456956137  delta_E= -0.0607  |g|= 5.52  |ddm|= 0.222
  HOMO = -0.188343748121076  LUMO = -0.164949624852049
cycle= 9 E= -2580.50104132868  delta_E= 0.784  |g|= 5.77  |ddm|= 0.599

WARN: HOMO 0.0213241047793293 == LUMO 0.0215309182920813

cycle= 10 E= -2543.21832630972  delta_E= 37.3  |g|= 13.6  |ddm|= 19.4
  HOMO = -0.0802366990620628  LUMO = -0.00445935374262806
cycle= 11 E= -2571.26238482629  delta_E=  -28  |g|= 6.19  |ddm|= 17.4
  HOMO = -0.203792668948607  LUMO = -0.173448379779119
cycle= 12 E= -2579.84965373925  delta_E= -8.59  |g|= 5.96  |ddm|= 9.81
  HOMO = -0.212032344508746  LUMO = -0.177532232964748
cycle= 13 E= -2580.27538164314  delta_E= -0.426  |g|= 5.83  |ddm|= 0.95
  HOMO = -0.177608754704538  LUMO = -0.158334685725654
cycle= 14 E= -2580.40134751595  delta_E= -0.126  |g|= 5.82  |ddm|= 1.39
  HOMO = -0.185695013459194  LUMO = -0.156326193026821
cycle= 15 E= -2579.61618316284  delta_E= 0.785  |g|= 6.04  |ddm|= 0.976
  HOMO = -0.169639849227967  LUMO = -0.153724437580757
cycle= 16 E= -2579.85245869848  delta_E= -0.236  |g|= 5.97  |ddm|= 0.924
  HOMO = -0.195808688359748  LUMO = -0.153711179753839
cycle= 17 E= -2580.01988212115  delta_E= -0.167  |g|= 5.93  |ddm|= 1.27
  HOMO = -0.188489915692108  LUMO = -0.161724222452248
cycle= 18 E= -2581.67310883347  delta_E= -1.65  |g|= 5.38  |ddm|= 1.52
  HOMO = -0.204329248306844  LUMO = -0.16598947870791
cycle= 19 E= -2580.23329234939  delta_E= 1.44  |g|= 5.86  |ddm|= 1.24
  HOMO = 0.0340471235111443  LUMO = 0.0390071081290695
cycle= 20 E= -2459.28578807202  delta_E=  121  |g|=   14  |ddm|= 33.4
  HOMO = -0.0789590320986185  LUMO = -0.0710420503492637
cycle= 21 E= -2574.34068263344  delta_E= -115  |g|= 5.09  |ddm|= 32.7
  HOMO = -0.167703811627202  LUMO = -0.159670172589898
cycle= 22 E= -2578.53385568063  delta_E= -4.19  |g|= 6.27  |ddm|= 7.64
  HOMO = -0.18800969015968  LUMO = -0.158587204358601
cycle= 23 E= -2579.4261015055  delta_E= -0.892  |g|= 6.11  |ddm|= 1.95
  HOMO = -0.205630690287789  LUMO = -0.164117914164651
cycle= 24 E= -2579.90845307787  delta_E= -0.482  |g|= 5.93  |ddm|= 1.21
  HOMO = -0.201782497793324  LUMO = -0.166103322799619
cycle= 25 E= -2578.89274861481  delta_E= 1.02  |g|= 6.24  |ddm|= 1.53
  HOMO = -0.197038113880763  LUMO = -0.168817890959165
cycle= 26 E= -2579.00551012382  delta_E= -0.113  |g|= 6.21  |ddm|= 0.937
  HOMO = -0.20774776418969  LUMO = -0.164650046868014
cycle= 27 E= -2581.13884805018  delta_E= -2.13  |g|= 5.52  |ddm|= 1.86
  HOMO = -0.194549377476956  LUMO = -0.166047663379722
cycle= 28 E= -2579.07928220078  delta_E= 2.06  |g|= 6.19  |ddm|= 2.14
  HOMO = -0.192444484307514  LUMO = -0.159121210771776
cycle= 29 E= -2579.80960139073  delta_E= -0.73  |g|= 5.99  |ddm|= 1.39
  HOMO = 0.00645189602558155  LUMO = 0.0122482469691054
cycle= 30 E= -2496.26945736727  delta_E= 83.5  |g|= 13.9  |ddm|= 26.5
  HOMO = -0.0857353984674908  LUMO = -0.0339140914064152
cycle= 31 E= -2573.36625651176  delta_E= -77.1  |g|= 5.33  |ddm|= 23.9
  HOMO = -0.166117137930225  LUMO = -0.145990425818681
cycle= 32 E= -2579.33236853311  delta_E= -5.97  |g|=  6.1  |ddm|= 8.35
  HOMO = -0.180884832049683  LUMO = -0.150587581348565
cycle= 33 E= -2579.97810570679  delta_E= -0.646  |g|= 5.93  |ddm|= 0.99
  HOMO = -0.163694628241125  LUMO = -0.142432108897767
cycle= 34 E= -2580.17973293749  delta_E= -0.202  |g|= 5.84  |ddm|=    1
  HOMO = -0.181184422887582  LUMO = -0.138954092726562
cycle= 35 E= -2580.37994843257  delta_E= -0.2  |g|= 5.82  |ddm|= 1.62
  HOMO = -0.16897574861665  LUMO = -0.151852048763152
cycle= 36 E= -2581.64247903513  delta_E= -1.26  |g|= 5.32  |ddm|= 2.02
  HOMO = -0.190790834297969  LUMO = -0.159146554350831
cycle= 37 E= -2580.37853750199  delta_E= 1.26  |g|= 5.79  |ddm|= 2.25
  HOMO = -0.185440875136986  LUMO = -0.152979385869825
cycle= 38 E= -2580.70357243144  delta_E= -0.325  |g|= 5.68  |ddm|=  1.2
  HOMO = -0.19738680810959  LUMO = -0.154645395674556
cycle= 39 E= -2579.88296890656  delta_E= 0.821  |g|= 5.97  |ddm|= 1.13
  HOMO = 0.0263615644945731  LUMO = 0.0361636245064048
cycle= 40 E= -2454.32836676503  delta_E=  126  |g|= 14.9  |ddm|=   42
  HOMO = -0.0813638731949416  LUMO = -0.0728385127029871
cycle= 41 E= -2572.21642094743  delta_E= -118  |g|= 5.87  |ddm|=   41
  HOMO = -0.155718357028298  LUMO = -0.145548453258139
cycle= 42 E= -2578.30256563934  delta_E= -6.09  |g|= 6.11  |ddm|= 8.89
  HOMO = -0.192718763582727  LUMO = -0.148311596313319
cycle= 43 E= -2580.16543844874  delta_E= -1.86  |g|= 5.87  |ddm|= 2.46
  HOMO = -0.183432146826906  LUMO = -0.158503780948556
cycle= 44 E= -2580.27137505758  delta_E= -0.106  |g|= 5.84  |ddm|= 0.816
  HOMO = -0.156613855457234  LUMO = -0.15335113719827
cycle= 45 E= -2581.41348162799  delta_E= -1.14  |g|= 5.44  |ddm|= 3.03
  HOMO = -0.191968591894354  LUMO = -0.153169696991464
cycle= 46 E= -2580.66713612184  delta_E= 0.746  |g|= 5.72  |ddm|= 2.61
  HOMO = -0.19163911616721  LUMO = -0.151864446699672
cycle= 47 E= -2580.41867241167  delta_E= 0.248  |g|= 5.78  |ddm|= 0.889
  HOMO = -0.163999423391358  LUMO = -0.153757049024481
cycle= 48 E= -2581.65215162825  delta_E= -1.23  |g|= 5.29  |ddm|=  1.8
  HOMO = -0.19117658578916  LUMO = -0.150234273539675
cycle= 49 E= -2581.20344180211  delta_E= 0.449  |g|= 5.53  |ddm|= 1.78
  HOMO = 0.0302828170399461  LUMO = 0.0527272399400244
cycle= 50 E= -2447.36319614643  delta_E=  134  |g|=   15  |ddm|= 41.5
  HOMO = -0.106084700889313  LUMO = -0.0827616132994585
cycle= 51 E= -2572.84732493701  delta_E= -125  |g|= 5.76  |ddm|=   41
  HOMO = -0.148457195475939  LUMO = -0.136493154830652
cycle= 52 E= -2578.26834399266  delta_E= -5.42  |g|= 6.21  |ddm|= 8.77
  HOMO = -0.187362291543527  LUMO = -0.145213621680122
cycle= 53 E= -2579.88879931696  delta_E= -1.62  |g|= 5.97  |ddm|= 2.69
  HOMO = -0.190539172965582  LUMO = -0.145939057720824
cycle= 54 E= -2579.99406607035  delta_E= -0.105  |g|= 5.93  |ddm|= 1.48
  HOMO = -0.197328951245109  LUMO = -0.144743210785045
cycle= 55 E= -2579.9246333905  delta_E= 0.0694  |g|= 5.95  |ddm|= 1.07
  HOMO = -0.184870532712232  LUMO = -0.142555025118748
cycle= 56 E= -2580.19927965413  delta_E= -0.275  |g|= 5.87  |ddm|= 0.779
  HOMO = -0.175808742745424  LUMO = -0.147463489892359
cycle= 57 E= -2580.02498813806  delta_E= 0.174  |g|= 5.86  |ddm|= 1.97
  HOMO = -0.204327136660371  LUMO = -0.14665829890066
cycle= 58 E= -2579.95819241499  delta_E= 0.0668  |g|= 5.94  |ddm|= 1.52
  HOMO = -0.18585597543787  LUMO = -0.13839037761439
cycle= 59 E= -2580.38959563927  delta_E= -0.431  |g|= 5.81  |ddm|= 0.73
  HOMO = 0.0002063809254395  LUMO = 0.00929193358546788
cycle= 60 E= -2482.40962417799  delta_E=   98  |g|= 14.6  |ddm|= 26.9
  HOMO = -0.0813573129383448  LUMO = -0.0785946772198308
cycle= 61 E= -2571.87778451665  delta_E= -89.5  |g|= 6.53  |ddm|= 23.9
  HOMO = -0.150595514960479  LUMO = -0.145825749032821
cycle= 62 E= -2579.30509194441  delta_E= -7.43  |g|= 6.07  |ddm|= 9.93
  HOMO = -0.17895320192545  LUMO = -0.152578562484632
cycle= 63 E= -2581.13554090793  delta_E= -1.83  |g|= 5.57  |ddm|= 2.81
  HOMO = -0.176763705381182  LUMO = -0.156881544966594
cycle= 64 E= -2581.40442265529  delta_E= -0.269  |g|= 5.51  |ddm|= 0.84
  HOMO = -0.169328026428067  LUMO = -0.156254540963456
cycle= 65 E= -2581.30081814074  delta_E= 0.104  |g|= 5.52  |ddm|=  1.1
  HOMO = -0.173118800168958  LUMO = -0.158900755363395
cycle= 66 E= -2581.59054721719  delta_E= -0.29  |g|= 5.42  |ddm|= 1.64
  HOMO = -0.177303996900191  LUMO = -0.166291983968339
cycle= 67 E= -2581.7971558675  delta_E= -0.207  |g|= 5.35  |ddm|= 1.53
  HOMO = -0.17185680599604  LUMO = -0.162067611360225
cycle= 68 E= -2581.39927935059  delta_E= 0.398  |g|=  5.5  |ddm|= 0.775
  HOMO = -0.172299814404022  LUMO = -0.165084835370247
cycle= 69 E= -2581.0133258362  delta_E= 0.386  |g|= 5.63  |ddm|= 0.47
  HOMO = 0.0283624447239078  LUMO = 0.0299354533056466
cycle= 70 E= -2453.3416480091  delta_E=  128  |g|= 18.5  |ddm|= 43.3
  HOMO = -0.0650888558672421  LUMO = -0.0338880319338979
cycle= 71 E= -2566.59664493098  delta_E= -113  |g|= 8.99  |ddm|= 41.4
  HOMO = -0.0540383136149597  LUMO = -0.047895703309659
cycle= 72 E= -2581.38776241639  delta_E= -14.8  |g|= 5.46  |ddm|= 12.4
  HOMO = -0.186700128548918  LUMO = -0.17361131919019
cycle= 73 E= -2586.54848785809  delta_E= -5.16  |g|=  3.6  |ddm|= 4.72
  HOMO = -0.173064297943874  LUMO = -0.164498904411149
cycle= 74 E= -2585.24814230832  delta_E=  1.3  |g|= 4.31  |ddm|= 2.26
  HOMO = -0.174621043195084  LUMO = -0.158214973308392
cycle= 75 E= -2587.39094473021  delta_E= -2.14  |g|= 2.76  |ddm|= 2.31
  HOMO = -0.162651967731085  LUMO = -0.153409386350704
cycle= 76 E= -2582.21700858098  delta_E= 5.17  |g|= 5.41  |ddm|= 3.81
  HOMO = -0.174467815249338  LUMO = -0.171867192201241
cycle= 77 E= -2584.69553214322  delta_E= -2.48  |g|= 4.45  |ddm|= 2.46
  HOMO = -0.175003755592407  LUMO = -0.169279389691271
cycle= 78 E= -2584.91812142552  delta_E= -0.223  |g|= 4.38  |ddm|= 0.855
  HOMO = -0.175283505149461  LUMO = -0.169391878889901
cycle= 79 E= -2584.91149732456  delta_E= 0.00662  |g|= 4.39  |ddm|= 0.173
  HOMO = -0.150046440636152  LUMO = -0.0969753936595355
cycle= 80 E= -2588.56864111503  delta_E= -3.66  |g|= 0.99  |ddm|=  2.9
  HOMO = -0.105294954394241  LUMO = -0.0844218354026851
cycle= 81 E= -2588.16360853352  delta_E= 0.405  |g|= 1.49  |ddm|= 2.68
  HOMO = -0.134949059825787  LUMO = -0.0887927651467919
cycle= 82 E= -2588.74872853927  delta_E= -0.585  |g|= 0.503  |ddm|= 2.17
  HOMO = -0.140942713568249  LUMO = -0.0888816265507899
cycle= 83 E= -2588.8149815029  delta_E= -0.0663  |g|= 0.276  |ddm|= 0.764
  HOMO = -0.131914121734657  LUMO = -0.0872747249259939
cycle= 84 E= -2588.82898350413  delta_E= -0.014  |g|= 0.102  |ddm|= 0.321
  HOMO = -0.135612604389981  LUMO = -0.0866781293457098
cycle= 85 E= -2588.83084157766  delta_E= -0.00186  |g|= 0.0403  |ddm|= 0.128
  HOMO = -0.134960521718375  LUMO = -0.0869939181900959
cycle= 86 E= -2588.83122641708  delta_E= -0.000385  |g|= 0.00951  |ddm|= 0.0469
  HOMO = -0.134825592494531  LUMO = -0.0869605593521647
cycle= 87 E= -2588.83124424709  delta_E= -1.78e-05  |g|= 0.00395  |ddm|= 0.0132
  HOMO = -0.134582388509413  LUMO = -0.0869584391090562
cycle= 88 E= -2588.8312448886  delta_E= -6.42e-07  |g|= 0.00424  |ddm|= 0.00719
  HOMO = -0.134779436947047  LUMO = -0.0869877070760423
cycle= 89 E= -2588.83124788309  delta_E= -2.99e-06  |g|= 0.00189  |ddm|= 0.00489
  HOMO = -0.13470044592396  LUMO = -0.0869667865141941
cycle= 90 E= -2588.83124846076  delta_E= -5.78e-07  |g|= 0.000603  |ddm|= 0.00195
  HOMO = -0.134722599955816  LUMO = -0.0869712768935031
cycle= 91 E= -2588.83124850575  delta_E= -4.5e-08  |g|= 0.000361  |ddm|= 0.000904
  HOMO = -0.134720817797132  LUMO = -0.0869720308950509
cycle= 92 E= -2588.83124854136  delta_E= -3.56e-08  |g|= 8.62e-05  |ddm|= 0.000485
  HOMO = -0.134722785381088  LUMO = -0.0869724999591179
cycle= 93 E= -2588.83124854189  delta_E= -5.27e-10  |g|= 8.25e-05  |ddm|= 0.000171
  HOMO = -0.134722774647147  LUMO = -0.0869718827519072
cycle= 94 E= -2588.8312485434  delta_E= -1.51e-09  |g|= 2.57e-05  |ddm|= 9.03e-05
  HOMO = -0.13472245414669  LUMO = -0.0869720850379236
cycle= 95 E= -2588.83124854348  delta_E= -8e-11  |g|= 1.51e-05  |ddm|= 3.1e-05
  HOMO = -0.134722216804121  LUMO = -0.0869720319882228
cycle= 96 E= -2588.83124854352  delta_E= -4.27e-11  |g|= 7.99e-06  |ddm|= 2.06e-05
  HOMO = -0.134721980784195  LUMO = -0.0869720193967418
cycle= 97 E= -2588.83124854352  delta_E= 4.55e-12  |g|= 7.63e-06  |ddm|= 1.3e-05
  HOMO = -0.134722481448963  LUMO = -0.0869720733744087
cycle= 98 E= -2588.83124854352  delta_E= -5.46e-12  |g|= 7.44e-06  |ddm|= 1.18e-05
  HOMO = -0.134722178641965  LUMO = -0.086972020704616
cycle= 99 E= -2588.83124854353  delta_E= -1.36e-11  |g|= 2.3e-06  |ddm|= 7.51e-06
  HOMO = -0.13472226399834  LUMO = -0.0869720399213668
cycle= 100 E= -2588.83124854353  delta_E= 2.73e-12  |g|= 1.78e-06  |ddm|= 3.37e-06
  HOMO = -0.13472223676295  LUMO = -0.0869720405104199
cycle= 101 E= -2588.83124854353  delta_E= 6.37e-12  |g|= 6.2e-07  |ddm|= 2.54e-06
  HOMO = -0.134722265064351  LUMO = -0.0869720315410473
Extra cycle  E= -2588.83124854353  delta_E= -5.46e-12  |g|= 2.47e-06  |ddm|= 3.96e-06
converged SCF energy = -2588.83124854353
AOs:  [0, 1, 2, 3, 4, 5, 6, 7, 8, 9, 10, 11, 12, 13, 14, 15, 16, 17, 18, 19, 20, 21, 22, 23, 24, 25, 26, 27]
28

 AO indices used for projection:  [0, 1, 3, 4, 5, 14, 15, 17, 18, 19]
 # of orbitals to keep:  7
545
10
Number of Active MOs:  7
Number of Environment MOs:  111
Number of Virtual MOs:  427
 # electrons:            α            β
         Env: 111.00000000 111.00000000
         Act:   7.00000000   7.00000000
         Vir:  -0.00000000  -0.00000000
Number of electrons in the active space:  14

 The density matrix is idempotent!

 The density matrix is idempotent!


******** <class 'pyscf.scf.hf.RHF'> ********
method = RHF
initial guess = minao
damping factor = 0
level_shift factor = 0
DIIS = <class 'pyscf.scf.diis.CDIIS'>
diis_start_cycle = 1
diis_space = 8
SCF conv_tol = 1e-09
SCF conv_tol_grad = 1e-06
SCF max_cycles = 200
direct_scf = True
direct_scf_tol = 1e-13
chkfile to save SCF result = subsys_scf.chk
max_memory 900000 MB (current use 89901 MB)
init E= 3756.25972994548
  HOMO = -0.513066835413265  LUMO = -0.0541440327470995
cycle= 1 E= 3756.24525769855  delta_E= -0.0145  |g|= 0.0691  |ddm|= 0.302
  HOMO = -0.543342910880699  LUMO = -0.0520471320569271
cycle= 2 E= 3756.24432136321  delta_E= -0.000936  |g|= 0.0382  |ddm|= 0.0969
  HOMO = -0.537589592917957  LUMO = -0.0526883196045662
cycle= 3 E= 3756.24398675921  delta_E= -0.000335  |g|= 0.0126  |ddm|= 0.0291
  HOMO = -0.537398746259792  LUMO = -0.0526284821583636
cycle= 4 E= 3756.24393979679  delta_E= -4.7e-05  |g|= 0.00185  |ddm|= 0.02
  HOMO = -0.538040127904098  LUMO = -0.0525931186540523
cycle= 5 E= 3756.24393815319  delta_E= -1.64e-06  |g|= 0.000497  |ddm|= 0.00452
  HOMO = -0.537976998877054  LUMO = -0.0525909000334299
cycle= 6 E= 3756.24393806049  delta_E= -9.27e-08  |g|= 7.03e-05  |ddm|= 0.000891
  HOMO = -0.537976670519443  LUMO = -0.0525893731230909
cycle= 7 E= 3756.24393805829  delta_E= -2.19e-09  |g|= 8.28e-06  |ddm|= 0.000126
  HOMO = -0.537979481076969  LUMO = -0.0525889540552509
cycle= 8 E= 3756.24393805827  delta_E= -2.73e-11  |g|= 9.52e-07  |ddm|= 1.6e-05
  HOMO = -0.537978998149905  LUMO = -0.0525889827046427
Extra cycle  E= 3756.24393805826  delta_E= -9.09e-13  |g|= 4.02e-07  |ddm|= 1.75e-06
converged SCF energy = 3756.24393805826
Difference in energy:  -285.40774468677773
E(MP2) = 3755.95454340168  E_corr = -0.289394656586653
Total energy =  -2588.6658173890764
time elapsed:  301.2312753200531
