

******** <class 'pyscf.dft.rks.RKS'> ********
method = RKS-RHF
initial guess = minao
damping factor = 0
level_shift factor = 0
DIIS = <class 'pyscf.scf.diis.CDIIS'>
diis_start_cycle = 1
diis_space = 8
SCF conv_tol = 1e-09
SCF conv_tol_grad = 1e-06
SCF max_cycles = 1000
direct_scf = True
direct_scf_tol = 1e-13
chkfile to save SCF result = scf.fchk
max_memory 900000 MB (current use 79 MB)
XC library pyscf.dft.libxc version 5.1.7
    S. Lehtola, C. Steigemann, M. J. Oliveira, and M. A. Marques, SoftwareX 7, 1 (2018)
XC functionals = pbe
    J. P. Perdew, K. Burke, and M. Ernzerhof, Phys. Rev. Lett. 77, 3865 (1996)
    J. P. Perdew, K. Burke, and M. Ernzerhof, Phys. Rev. Lett. 78, 1396 (1997)
    J. P. Perdew, K. Burke, and M. Ernzerhof, Phys. Rev. Lett. 77, 3865 (1996)
    J. P. Perdew, K. Burke, and M. Ernzerhof, Phys. Rev. Lett. 78, 1396 (1997)
small_rho_cutoff = 1e-07
init E= -2479.39981693459
  HOMO = -0.134878995983571  LUMO = -0.0691459258567107
cycle= 1 E= -2460.75331207072  delta_E= 18.6  |g|= 5.48  |ddm|= 10.3
  HOMO = -0.231775807630228  LUMO = -0.205622127636695
cycle= 2 E= -2322.76815184103  delta_E=  138  |g|= 18.9  |ddm|= 95.4
  HOMO = -0.164302643785786  LUMO = -0.160803233764476
cycle= 3 E= -2447.05311353121  delta_E= -124  |g|= 9.43  |ddm|= 71.8
  HOMO = -0.179545259260226  LUMO = -0.162341576348364
cycle= 4 E= -2465.18138164002  delta_E= -18.1  |g|=  6.2  |ddm|=   28
  HOMO = -0.153349547044163  LUMO = -0.152030215378811
cycle= 5 E= -2470.89975287947  delta_E= -5.72  |g|= 4.83  |ddm|= 3.77
  HOMO = -0.193731586590366  LUMO = -0.161792445858996
cycle= 6 E= -2468.23221922241  delta_E= 2.67  |g|= 5.42  |ddm|= 2.62
  HOMO = -0.190298991525025  LUMO = -0.16334648151636
cycle= 7 E= -2467.96738787893  delta_E= 0.265  |g|= 5.51  |ddm|= 0.278
  HOMO = -0.180561029135015  LUMO = -0.162247833294049
cycle= 8 E= -2467.97259778861  delta_E= -0.00521  |g|= 5.52  |ddm|= 0.67
  HOMO = -0.172477256812988  LUMO = -0.163127158598689
cycle= 9 E= -2467.58248322209  delta_E= 0.39  |g|= 5.64  |ddm|= 0.967
  HOMO = 0.0238375097062349  LUMO = 0.0259747927451487
cycle= 10 E= -2386.22387332842  delta_E= 81.4  |g|=   15  |ddm|= 21.1
  HOMO = -0.083331347240858  LUMO = -0.0369288582933939
cycle= 11 E= -2458.86424610758  delta_E= -72.6  |g|=  5.9  |ddm|= 18.1
  HOMO = -0.209847563882101  LUMO = -0.171330174397735
cycle= 12 E= -2467.57772237127  delta_E= -8.71  |g|= 5.64  |ddm|= 9.24
  HOMO = -0.20293732893363  LUMO = -0.165662673916193
cycle= 13 E= -2466.33447704739  delta_E= 1.24  |g|= 5.99  |ddm|= 0.872
  HOMO = -0.193392700848859  LUMO = -0.156524516464426
cycle= 14 E= -2466.36081496386  delta_E= -0.0263  |g|= 5.98  |ddm|= 1.26
  HOMO = -0.181130008512093  LUMO = -0.13896109648115
cycle= 15 E= -2468.37626550617  delta_E= -2.02  |g|= 5.36  |ddm|=  1.9
  HOMO = -0.185647715832962  LUMO = -0.156598196550958
cycle= 16 E= -2467.26154045859  delta_E= 1.11  |g|= 5.74  |ddm|= 1.76
  HOMO = -0.210495142318552  LUMO = -0.171030231321028
cycle= 17 E= -2467.03293594737  delta_E= 0.229  |g|=  5.8  |ddm|= 0.858
  HOMO = -0.206188121629011  LUMO = -0.172510530263896
cycle= 18 E= -2466.97738569345  delta_E= 0.0556  |g|= 5.81  |ddm|= 0.492
  HOMO = -0.210010093000867  LUMO = -0.172364259177753
cycle= 19 E= -2466.4403328495  delta_E= 0.537  |g|= 5.96  |ddm|= 0.559
  HOMO = 0.025489400514986  LUMO = 0.0331899898942442
cycle= 20 E= -2383.33628188171  delta_E= 83.1  |g|= 13.4  |ddm|= 25.4
  HOMO = -0.0655843950563961  LUMO = -0.0487936709707334
cycle= 21 E= -2459.77537833909  delta_E= -76.4  |g|=  5.4  |ddm|= 23.2
  HOMO = -0.158539279789343  LUMO = -0.151009788375571
cycle= 22 E= -2465.46464140927  delta_E= -5.69  |g|= 6.05  |ddm|= 8.22
  HOMO = -0.181749495062645  LUMO = -0.177610973174557
cycle= 23 E= -2468.9951490263  delta_E= -3.53  |g|= 5.12  |ddm|= 3.11
  HOMO = -0.160359245602645  LUMO = -0.138738827694492
cycle= 24 E= -2468.62700142294  delta_E= 0.368  |g|= 5.29  |ddm|= 2.13
  HOMO = -0.1740785695951  LUMO = -0.149768891211641
cycle= 25 E= -2468.66282705532  delta_E= -0.0358  |g|= 5.29  |ddm|= 1.47
  HOMO = -0.18000176107742  LUMO = -0.156085466437046
cycle= 26 E= -2468.56568612765  delta_E= 0.0971  |g|= 5.31  |ddm|= 0.788
  HOMO = -0.175249244027603  LUMO = -0.154381522644795
cycle= 27 E= -2468.74499439618  delta_E= -0.179  |g|= 5.25  |ddm|= 0.621
  HOMO = -0.150251511314553  LUMO = -0.148506839560721
cycle= 28 E= -2470.08844390023  delta_E= -1.34  |g|= 4.99  |ddm|= 1.47
  HOMO = -0.191520828264769  LUMO = -0.156161237497134
cycle= 29 E= -2468.48940353026  delta_E=  1.6  |g|= 5.33  |ddm|= 1.55
  HOMO = 0.0311862174832418  LUMO = 0.0437809215330335
cycle= 30 E= -2357.40889998154  delta_E=  111  |g|= 14.1  |ddm|= 30.5
  HOMO = -0.0860124346335357  LUMO = -0.0433541463853323
cycle= 31 E= -2459.5805943059  delta_E= -102  |g|= 5.81  |ddm|= 29.2
  HOMO = -0.164852780768897  LUMO = -0.152583870035057
cycle= 32 E= -2466.28242556563  delta_E= -6.7  |g|=    6  |ddm|= 9.09
  HOMO = -0.199646615512789  LUMO = -0.153811734862637
cycle= 33 E= -2466.91509661172  delta_E= -0.633  |g|= 5.84  |ddm|= 1.83
  HOMO = -0.199719822699558  LUMO = -0.155568686793287
cycle= 34 E= -2467.11122031932  delta_E= -0.196  |g|= 5.78  |ddm|= 0.53
  HOMO = -0.184549145200768  LUMO = -0.152387453340361
cycle= 35 E= -2467.01854821646  delta_E= 0.0927  |g|= 5.79  |ddm|= 0.972
  HOMO = -0.19274732259105  LUMO = -0.157596433345834
cycle= 36 E= -2467.38376072803  delta_E= -0.365  |g|= 5.69  |ddm|= 1.29
  HOMO = -0.196619009975924  LUMO = -0.15208360688736
cycle= 37 E= -2467.32760159405  delta_E= 0.0562  |g|= 5.72  |ddm|= 0.679
  HOMO = -0.202687267361653  LUMO = -0.152958358344388
cycle= 38 E= -2467.07417538451  delta_E= 0.253  |g|=  5.8  |ddm|= 0.619
  HOMO = -0.203449935352791  LUMO = -0.153686120298984
cycle= 39 E= -2467.03032555965  delta_E= 0.0438  |g|= 5.81  |ddm|= 0.0779
  HOMO = 0.00529000471332  LUMO = 0.00691881118334463
cycle= 40 E= -2371.61759163748  delta_E= 95.4  |g|= 13.3  |ddm|= 26.7
  HOMO = -0.0850082196115753  LUMO = -0.0729844386763671
cycle= 41 E= -2460.79589046519  delta_E= -89.2  |g|= 5.28  |ddm|= 24.9
  HOMO = -0.184080125858399  LUMO = -0.140434730194082
cycle= 42 E= -2463.96473802686  delta_E= -3.17  |g|= 6.25  |ddm|= 8.14
  HOMO = -0.182197517313017  LUMO = -0.160756626510957
cycle= 43 E= -2466.98941438463  delta_E= -3.02  |g|= 5.79  |ddm|= 3.24
  HOMO = -0.171845848851809  LUMO = -0.162572118221557
cycle= 44 E= -2466.79575070231  delta_E= 0.194  |g|= 5.88  |ddm|= 1.54
  HOMO = -0.171035755077649  LUMO = -0.168214818521026
cycle= 45 E= -2467.09019183193  delta_E= -0.294  |g|=  5.8  |ddm|= 1.02
  HOMO = -0.173628536088179  LUMO = -0.15787672667962
cycle= 46 E= -2466.94727882598  delta_E= 0.143  |g|= 5.86  |ddm|= 1.24
  HOMO = -0.167222623332877  LUMO = -0.165227877629692
cycle= 47 E= -2466.96059553762  delta_E= -0.0133  |g|= 5.83  |ddm|= 1.25
  HOMO = -0.16706663626332  LUMO = -0.165071316010877
cycle= 48 E= -2467.16589615336  delta_E= -0.205  |g|= 5.77  |ddm|= 0.677
  HOMO = -0.176726034572128  LUMO = -0.165435515188656
cycle= 49 E= -2466.87132629006  delta_E= 0.295  |g|= 5.86  |ddm|= 0.712
  HOMO = 0.0374636275326093  LUMO = 0.0417611612624762
cycle= 50 E= -2322.45709657459  delta_E=  144  |g|= 13.8  |ddm|= 33.2
  HOMO = -0.114310768380291  LUMO = -0.0844675727717098
cycle= 51 E= -2458.37892855623  delta_E= -136  |g|= 6.89  |ddm|= 32.6
  HOMO = -0.180260315713591  LUMO = -0.140906851756435
cycle= 52 E= -2466.62633771423  delta_E= -8.25  |g|= 5.93  |ddm|= 10.6
  HOMO = -0.198371039102491  LUMO = -0.150910759479499
cycle= 53 E= -2467.05728707305  delta_E= -0.431  |g|=  5.8  |ddm|=  1.2
  HOMO = -0.183357398687301  LUMO = -0.154573162053278
cycle= 54 E= -2466.80544737872  delta_E= 0.252  |g|= 5.86  |ddm|= 0.947
  HOMO = -0.191837387789477  LUMO = -0.151996796365144
cycle= 55 E= -2466.6858279953  delta_E= 0.12  |g|= 5.92  |ddm|= 0.709
  HOMO = -0.192693031810035  LUMO = -0.152081062488345
cycle= 56 E= -2466.7326696647  delta_E= -0.0468  |g|=  5.9  |ddm|= 0.383
  HOMO = -0.190782808915562  LUMO = -0.151861908084098
cycle= 57 E= -2466.8438698108  delta_E= -0.111  |g|= 5.87  |ddm|= 0.637
  HOMO = -0.197496937079061  LUMO = -0.15882405462211
cycle= 58 E= -2466.70268798501  delta_E= 0.141  |g|= 5.91  |ddm|= 0.834
  HOMO = -0.157766058627839  LUMO = -0.1364461277125
cycle= 59 E= -2468.07507557744  delta_E= -1.37  |g|= 5.52  |ddm|= 1.76
  HOMO = -0.011175344459349  LUMO = 0.000806994773373455
cycle= 60 E= -2385.57298258997  delta_E= 82.5  |g|= 11.9  |ddm|= 20.1
  HOMO = -0.0755620163652087  LUMO = -0.057072223780348
cycle= 61 E= -2461.61416201408  delta_E=  -76  |g|= 4.99  |ddm|= 18.3
  HOMO = -0.146835596683135  LUMO = -0.137263726791335
cycle= 62 E= -2461.44387624491  delta_E= 0.17  |g|=  6.9  |ddm|= 8.75
  HOMO = -0.184743325037784  LUMO = -0.177654945373783
cycle= 63 E= -2466.55411252024  delta_E= -5.11  |g|= 5.95  |ddm|= 3.86
  HOMO = -0.180835993565547  LUMO = -0.172252200026621
cycle= 64 E= -2466.35775106207  delta_E= 0.196  |g|= 5.95  |ddm|= 2.04
  HOMO = -0.17464902983037  LUMO = -0.169248564170591
cycle= 65 E= -2466.54466385216  delta_E= -0.187  |g|= 5.95  |ddm|= 2.03
  HOMO = -0.173698428226943  LUMO = -0.170786943847078
cycle= 66 E= -2466.67362474684  delta_E= -0.129  |g|= 5.92  |ddm|= 0.481
  HOMO = -0.169977384075479  LUMO = -0.165868159816675
cycle= 67 E= -2466.39474767739  delta_E= 0.279  |g|= 5.95  |ddm|= 1.83
  HOMO = -0.180351791530393  LUMO = -0.160274897385695
cycle= 68 E= -2466.39910844927  delta_E= -0.00436  |g|= 6.01  |ddm|= 1.96
  HOMO = -0.178028225648492  LUMO = -0.161860745468813
cycle= 69 E= -2466.60586711558  delta_E= -0.207  |g|= 5.95  |ddm|= 0.301
  HOMO = 0.0118904586093767  LUMO = 0.0229691607010111
cycle= 70 E= -2336.32629666638  delta_E=  130  |g|= 14.1  |ddm|= 27.8
  HOMO = -0.124501637641142  LUMO = -0.0776402885387418
cycle= 71 E= -2457.94399112849  delta_E= -122  |g|= 7.14  |ddm|= 26.4
  HOMO = -0.161786971455898  LUMO = -0.160536265242369
cycle= 72 E= -2467.01013622093  delta_E= -9.07  |g|= 5.69  |ddm|= 10.5
  HOMO = -0.173670213119869  LUMO = -0.167363939932145
cycle= 73 E= -2468.63722894629  delta_E= -1.63  |g|= 5.32  |ddm|= 2.43
  HOMO = -0.176286914073841  LUMO = -0.168574246269736
cycle= 74 E= -2468.28723165641  delta_E= 0.35  |g|= 5.44  |ddm|= 1.34
  HOMO = -0.177767384842964  LUMO = -0.169939302350741
cycle= 75 E= -2468.35684034097  delta_E= -0.0696  |g|= 5.42  |ddm|= 0.423
  HOMO = -0.172625025425808  LUMO = -0.144454660949107
cycle= 76 E= -2466.0782236328  delta_E= 2.28  |g|= 5.72  |ddm|= 2.78
  HOMO = -0.16666011315935  LUMO = -0.157563039304377
cycle= 77 E= -2468.35905005381  delta_E= -2.28  |g|= 5.39  |ddm|=  2.9
  HOMO = -0.18561822819208  LUMO = -0.1637775705393
cycle= 78 E= -2468.63332863399  delta_E= -0.274  |g|= 5.31  |ddm|= 1.01
  HOMO = -0.154607442803197  LUMO = -0.135417609510552
cycle= 79 E= -2471.46878240039  delta_E= -2.84  |g|= 4.66  |ddm|= 2.77
  HOMO = 0.016949941147848  LUMO = 0.0291457329833215
cycle= 80 E= -2376.48154872992  delta_E=   95  |g|=   14  |ddm|= 26.3
  HOMO = -0.0941333390806968  LUMO = -0.0762983025671584
cycle= 81 E= -2460.04103733027  delta_E= -83.6  |g|= 5.66  |ddm|= 24.7
  HOMO = -0.159918400347217  LUMO = -0.144484768318568
cycle= 82 E= -2464.97269361397  delta_E= -4.93  |g|= 6.13  |ddm|= 8.85
  HOMO = -0.173063827829447  LUMO = -0.160996100728518
cycle= 83 E= -2467.36427516537  delta_E= -2.39  |g|= 5.72  |ddm|= 2.53
  HOMO = -0.169687766499024  LUMO = -0.168374344253404
cycle= 84 E= -2467.31490013173  delta_E= 0.0494  |g|= 5.72  |ddm|=  1.3
  HOMO = -0.173924719352428  LUMO = -0.171529032033002
cycle= 85 E= -2466.81380871731  delta_E= 0.501  |g|= 5.82  |ddm|= 1.86
  HOMO = -0.176752249907342  LUMO = -0.165309425464138
cycle= 86 E= -2467.10295242611  delta_E= -0.289  |g|=  5.8  |ddm|= 1.89
  HOMO = -0.167407571563239  LUMO = -0.164016508542985
cycle= 87 E= -2467.08567477944  delta_E= 0.0173  |g|= 5.73  |ddm|= 1.88
  HOMO = -0.166975014606678  LUMO = -0.160824022891894
cycle= 88 E= -2466.8522078853  delta_E= 0.233  |g|= 5.89  |ddm|= 2.42
  HOMO = -0.167524073618337  LUMO = -0.165618968610779
cycle= 89 E= -2467.19761897289  delta_E= -0.345  |g|= 5.79  |ddm|= 1.24
  HOMO = 0.0406491480011242  LUMO = 0.0438989863446851
cycle= 90 E= -2326.8960569669  delta_E=  140  |g|= 14.8  |ddm|= 35.2
  HOMO = -0.100528290975014  LUMO = -0.0965839510859015
cycle= 91 E= -2457.04476519926  delta_E= -130  |g|= 7.49  |ddm|= 34.4
  HOMO = -0.157848379947623  LUMO = -0.149009703732425
cycle= 92 E= -2468.18833551682  delta_E= -11.1  |g|= 5.37  |ddm|= 11.2
  HOMO = -0.157645752324024  LUMO = -0.155806736917872
cycle= 93 E= -2469.07665642562  delta_E= -0.888  |g|= 5.17  |ddm|= 1.95
  HOMO = -0.160647634612587  LUMO = -0.15533745864132
cycle= 94 E= -2469.05860229127  delta_E= 0.0181  |g|= 5.17  |ddm|= 0.927
  HOMO = -0.151990658635466  LUMO = -0.149344341230449
cycle= 95 E= -2469.24825375739  delta_E= -0.19  |g|=  5.1  |ddm|= 0.545
  HOMO = -0.16309411099973  LUMO = -0.161056762188846
cycle= 96 E= -2469.31209149692  delta_E= -0.0638  |g|= 5.11  |ddm|= 0.807
  HOMO = -0.165785729335057  LUMO = -0.156666220908718
cycle= 97 E= -2472.17350210672  delta_E= -2.86  |g|= 4.23  |ddm|= 2.75
  HOMO = -0.181961983308747  LUMO = -0.160247086175609
cycle= 98 E= -2468.76438693254  delta_E= 3.41  |g|= 5.26  |ddm|= 2.95
  HOMO = -0.154194573691336  LUMO = -0.150105614892704
cycle= 99 E= -2471.96877021545  delta_E= -3.2  |g|= 4.38  |ddm|= 2.66
  HOMO = 0.036524989686841  LUMO = 0.0389766934886837
cycle= 100 E= -2365.30341197203  delta_E=  107  |g|= 13.8  |ddm|= 28.4
  HOMO = -0.0915900348521616  LUMO = -0.0654602196653655
cycle= 101 E= -2460.543710934  delta_E= -95.2  |g|=  5.4  |ddm|= 27.4
  HOMO = -0.164029590220692  LUMO = -0.14546765911417
cycle= 102 E= -2465.73931232336  delta_E= -5.2  |g|= 6.16  |ddm|= 8.67
  HOMO = -0.168489475491603  LUMO = -0.145583431551126
cycle= 103 E= -2466.39896518307  delta_E= -0.66  |g|= 5.97  |ddm|= 1.17
  HOMO = -0.167763173392758  LUMO = -0.148026471237188
cycle= 104 E= -2466.29721404262  delta_E= 0.102  |g|= 6.01  |ddm|= 0.754
  HOMO = -0.166187129794885  LUMO = -0.148262545452016
cycle= 105 E= -2466.23381757663  delta_E= 0.0634  |g|= 6.02  |ddm|= 0.242
  HOMO = -0.198468924937957  LUMO = -0.15044849328796
cycle= 106 E= -2466.50167857529  delta_E= -0.268  |g|= 5.96  |ddm|= 1.13
  HOMO = -0.179538176033619  LUMO = -0.149301561245372
cycle= 107 E= -2466.64040743351  delta_E= -0.139  |g|= 5.91  |ddm|= 0.726
  HOMO = -0.174292994773868  LUMO = -0.14412815160824
cycle= 108 E= -2466.19481537956  delta_E= 0.446  |g|= 6.06  |ddm|=  1.2
  HOMO = -0.167767967262536  LUMO = -0.140977323311783
cycle= 109 E= -2466.47944513843  delta_E= -0.285  |g|= 5.98  |ddm|= 0.313
  HOMO = 0.00656870833007204  LUMO = 0.0289391002754479
cycle= 110 E= -2377.64033262502  delta_E= 88.8  |g|= 13.3  |ddm|= 27.2
  HOMO = -0.0962269576783873  LUMO = -0.0504387641221706
cycle= 111 E= -2460.09642454673  delta_E= -82.5  |g|= 5.62  |ddm|= 24.8
  HOMO = -0.175498820720458  LUMO = -0.152946018287608
cycle= 112 E= -2466.31348433896  delta_E= -6.22  |g|= 5.99  |ddm|= 8.65
  HOMO = -0.186523510433585  LUMO = -0.148327449056036
cycle= 113 E= -2467.2474673967  delta_E= -0.934  |g|= 5.74  |ddm|= 1.45
  HOMO = -0.174759411536572  LUMO = -0.145848142261315
cycle= 114 E= -2467.33671954297  delta_E= -0.0893  |g|= 5.72  |ddm|= 0.809
  HOMO = -0.175819652778223  LUMO = -0.147086537832011
cycle= 115 E= -2467.28926575164  delta_E= 0.0475  |g|= 5.73  |ddm|= 0.903
  HOMO = -0.192410902247872  LUMO = -0.161690488841929
cycle= 116 E= -2468.00283873756  delta_E= -0.714  |g|= 5.43  |ddm|= 1.66
  HOMO = -0.177357518155349  LUMO = -0.133499268552977
cycle= 117 E= -2467.27590503337  delta_E= 0.727  |g|= 5.76  |ddm|= 2.13
  HOMO = -0.166165772903011  LUMO = -0.143154117194103
cycle= 118 E= -2467.20051191884  delta_E= 0.0754  |g|= 5.74  |ddm|= 1.47
  HOMO = -0.194646417199732  LUMO = -0.153884261658543
cycle= 119 E= -2467.04189878788  delta_E= 0.159  |g|= 5.81  |ddm|= 1.33
  HOMO = 0.0309077369771108  LUMO = 0.0427789386912791
cycle= 120 E= -2342.3617334043  delta_E=  125  |g|= 15.3  |ddm|= 32.9
  HOMO = -0.0979388122241193  LUMO = -0.0561772841236569
cycle= 121 E= -2456.77764324834  delta_E= -114  |g|= 7.12  |ddm|= 32.2
  HOMO = -0.150783885389338  LUMO = -0.142908759565079
cycle= 122 E= -2471.44015308706  delta_E= -14.7  |g|= 4.59  |ddm|= 10.8
  HOMO = -0.160222192845139  LUMO = -0.15410800639628
cycle= 123 E= -2469.15315640427  delta_E= 2.29  |g|= 5.14  |ddm|= 2.74
  HOMO = -0.169577972464878  LUMO = -0.154096664297757
cycle= 124 E= -2468.74137265938  delta_E= 0.412  |g|= 5.27  |ddm|= 1.08
  HOMO = -0.1398289706417  LUMO = -0.100758839454805
cycle= 125 E= -2474.88313775021  delta_E= -6.14  |g|= 1.81  |ddm|= 4.36
  HOMO = -0.147618404302359  LUMO = -0.136022511492375
cycle= 126 E= -2467.90775632129  delta_E= 6.98  |g|=  5.8  |ddm|= 5.22
  HOMO = -0.163364348552113  LUMO = -0.148477039118183
cycle= 127 E= -2470.34903181919  delta_E= -2.44  |g|= 5.08  |ddm|= 2.33
  HOMO = -0.157987449216356  LUMO = -0.13838359762209
cycle= 128 E= -2470.70927991181  delta_E= -0.36  |g|= 4.95  |ddm|= 1.25
  HOMO = -0.153953463256544  LUMO = -0.127279391152961
cycle= 129 E= -2471.35123482827  delta_E= -0.642  |g|= 4.69  |ddm|= 0.56
  HOMO = -0.0294977777776582  LUMO = -0.00771373529008404
cycle= 130 E= -2462.08223997238  delta_E= 9.27  |g|=  5.6  |ddm|= 5.73
  HOMO = -0.17976322814866  LUMO = -0.166527374377651
cycle= 131 E= -2471.28210962864  delta_E= -9.2  |g|= 4.68  |ddm|= 5.92
  HOMO = -0.177931322636351  LUMO = -0.166665615848332
cycle= 132 E= -2471.09499546227  delta_E= 0.187  |g|= 4.78  |ddm|= 0.443
  HOMO = -0.179403684513935  LUMO = -0.160424144737329
cycle= 133 E= -2472.06564004853  delta_E= -0.971  |g|= 4.31  |ddm|= 0.663
  HOMO = -0.177408199132429  LUMO = -0.151916488789585
cycle= 134 E= -2462.9402375852  delta_E= 9.13  |g|= 6.77  |ddm|=  5.2
  HOMO = -0.173424584808128  LUMO = -0.157345276437696
cycle= 135 E= -2469.16571131306  delta_E= -6.23  |g|= 5.16  |ddm|= 4.07
  HOMO = -0.151524973821022  LUMO = -0.138655466932043
cycle= 136 E= -2473.38568563687  delta_E= -4.22  |g|= 3.44  |ddm|= 3.34
  HOMO = -0.177507541967036  LUMO = -0.157014544422771
cycle= 137 E= -2467.67300215695  delta_E= 5.71  |g|= 5.59  |ddm|=    4
  HOMO = -0.184603689926638  LUMO = -0.183062659872586
cycle= 138 E= -2471.37373292243  delta_E= -3.7  |g|= 4.48  |ddm|= 2.98
  HOMO = -0.0311689157530956  LUMO = -0.00483729944393796
cycle= 139 E= -2457.18459240326  delta_E= 14.2  |g|= 6.39  |ddm|= 9.31
  HOMO = -0.173223324522007  LUMO = -0.167895306528358
cycle= 140 E= -2467.6116383902  delta_E= -10.4  |g|= 5.48  |ddm|=  9.4
  HOMO = -0.175889014152936  LUMO = -0.168852882832792
cycle= 141 E= -2472.5628147091  delta_E= -4.95  |g|=  3.7  |ddm|=  3.9
  HOMO = -0.183034618554801  LUMO = -0.176565486405141
cycle= 142 E= -2469.13126521226  delta_E= 3.43  |g|= 5.08  |ddm|= 3.56
  HOMO = -0.20032836467822  LUMO = -0.170579573830796
cycle= 143 E= -2468.5065229547  delta_E= 0.625  |g|= 5.32  |ddm|= 1.11
  HOMO = -0.186724319107441  LUMO = -0.177053747975316
cycle= 144 E= -2468.12039642876  delta_E= 0.386  |g|= 5.33  |ddm|= 1.51
  HOMO = -0.168922919875333  LUMO = -0.161832936418786
cycle= 145 E= -2467.89207533381  delta_E= 0.228  |g|= 5.51  |ddm|=  2.6
  HOMO = -0.176204972255747  LUMO = -0.166389848644238
cycle= 146 E= -2469.04863946378  delta_E= -1.16  |g|=  5.2  |ddm|=  2.2
  HOMO = -0.172418192135823  LUMO = -0.168441039245277
cycle= 147 E= -2469.19591480754  delta_E= -0.147  |g|= 5.23  |ddm|= 1.68
  HOMO = 0.0219775708847363  LUMO = 0.0383088659353602
cycle= 148 E= -2414.44657794512  delta_E= 54.7  |g|= 13.7  |ddm|= 31.1
  HOMO = -0.0823679234662438  LUMO = -0.0177339679397557
cycle= 149 E= -2459.09214797282  delta_E= -44.6  |g|= 5.84  |ddm|= 30.2
  HOMO = -0.153134991784423  LUMO = -0.144879684830479
cycle= 150 E= -2466.64434372507  delta_E= -7.55  |g|= 5.86  |ddm|= 8.68
  HOMO = -0.179239504116045  LUMO = -0.161804319502064
cycle= 151 E= -2468.37547940013  delta_E= -1.73  |g|= 5.34  |ddm|= 2.84
  HOMO = -0.187889049874684  LUMO = -0.16447070746992
cycle= 152 E= -2468.51707362369  delta_E= -0.142  |g|= 5.31  |ddm|= 1.19
  HOMO = -0.172558378984393  LUMO = -0.166589028777371
cycle= 153 E= -2468.36565855721  delta_E= 0.151  |g|= 5.34  |ddm|= 0.611
  HOMO = -0.18712090176613  LUMO = -0.166290371328458
cycle= 154 E= -2468.28706714468  delta_E= 0.0786  |g|= 5.38  |ddm|= 0.709
  HOMO = -0.189278208499818  LUMO = -0.165650262221513
cycle= 155 E= -2468.35833185858  delta_E= -0.0713  |g|= 5.36  |ddm|= 0.197
  HOMO = -0.193429530553262  LUMO = -0.166855635116158
cycle= 156 E= -2468.03278109923  delta_E= 0.326  |g|= 5.46  |ddm|= 0.714
  HOMO = -0.205970485476628  LUMO = -0.176818825175674
cycle= 157 E= -2467.85498496764  delta_E= 0.178  |g|=  5.5  |ddm|= 0.531
  HOMO = 0.0254555660157752  LUMO = 0.0311541243394451
cycle= 158 E= -2351.829384717  delta_E=  116  |g|= 16.3  |ddm|= 30.2
  HOMO = -0.0835321711464422  LUMO = -0.0174196483932973
cycle= 159 E= -2455.69821200985  delta_E= -104  |g|= 7.65  |ddm|= 28.8
  HOMO = -0.156450381669189  LUMO = -0.13021494215382
cycle= 160 E= -2474.62758232249  delta_E= -18.9  |g|= 2.35  |ddm|= 11.2
  HOMO = -0.142143233267849  LUMO = -0.128817999370547
cycle= 161 E= -2469.85277015316  delta_E= 4.77  |g|=  5.1  |ddm|=  3.7
  HOMO = -0.146151314632823  LUMO = -0.137026937925166
cycle= 162 E= -2471.26192012035  delta_E= -1.41  |g|= 4.56  |ddm|= 2.32
  HOMO = -0.143621054660056  LUMO = -0.137155638805985
cycle= 163 E= -2471.75283204837  delta_E= -0.491  |g|= 4.29  |ddm|= 2.12
  HOMO = -0.150793161118423  LUMO = -0.144209255623712
cycle= 164 E= -2471.52126559997  delta_E= 0.232  |g|= 4.52  |ddm|= 0.985
  HOMO = -0.120348145717103  LUMO = -0.0972963436331872
cycle= 165 E= -2474.72389233056  delta_E= -3.2  |g|= 2.07  |ddm|= 3.64
  HOMO = -0.16683581820077  LUMO = -0.163299505319961
cycle= 166 E= -2472.02612197194  delta_E=  2.7  |g|= 4.32  |ddm|= 4.21
  HOMO = -0.165361754289777  LUMO = -0.1605540183254
cycle= 167 E= -2472.52295297258  delta_E= -0.497  |g|= 4.08  |ddm|= 0.546
  HOMO = -0.0560635287494299  LUMO = -0.0489166106779587
cycle= 168 E= -2468.95812824271  delta_E= 3.56  |g|= 5.26  |ddm|= 4.63
  HOMO = -0.147612033375186  LUMO = -0.110929440557068
cycle= 169 E= -2475.00446403904  delta_E= -6.05  |g|= 1.75  |ddm|= 4.07
  HOMO = -0.160028568569682  LUMO = -0.1206816945981
cycle= 170 E= -2475.53240031629  delta_E= -0.528  |g|= 0.929  |ddm|= 1.82
  HOMO = -0.157170816526893  LUMO = -0.117864706666285
cycle= 171 E= -2475.5692457542  delta_E= -0.0368  |g|= 0.922  |ddm|= 0.847
  HOMO = -0.154025272981287  LUMO = -0.113242475673396
cycle= 172 E= -2475.63000982694  delta_E= -0.0608  |g|= 0.72  |ddm|= 0.487
  HOMO = -0.149682294276884  LUMO = -0.109198068414926
cycle= 173 E= -2475.66560614361  delta_E= -0.0356  |g|= 0.548  |ddm|= 0.32
  HOMO = -0.13604548268907  LUMO = -0.0953152493571397
cycle= 174 E= -2475.70565900935  delta_E= -0.0401  |g|= 0.265  |ddm|= 0.581
  HOMO = -0.129570121305673  LUMO = -0.0915109773484598
cycle= 175 E= -2475.72055533898  delta_E= -0.0149  |g|= 0.134  |ddm|= 0.406
  HOMO = -0.132466686157444  LUMO = -0.0951503194829824
cycle= 176 E= -2475.72394280032  delta_E= -0.00339  |g|= 0.0659  |ddm|= 0.194
  HOMO = -0.132036626540988  LUMO = -0.0940853847190859
cycle= 177 E= -2475.72506244713  delta_E= -0.00112  |g|= 0.0119  |ddm|= 0.0791
  HOMO = -0.132037272055543  LUMO = -0.094031894401152
cycle= 178 E= -2475.72509014221  delta_E= -2.77e-05  |g|= 0.00639  |ddm|= 0.018
  HOMO = -0.132273764038951  LUMO = -0.0941757827705013
cycle= 179 E= -2475.72509972851  delta_E= -9.59e-06  |g|= 0.00204  |ddm|= 0.00842
  HOMO = -0.13228632043772  LUMO = -0.0941661072833556
cycle= 180 E= -2475.72510038081  delta_E= -6.52e-07  |g|= 0.00119  |ddm|= 0.00256
  HOMO = -0.13222724601454  LUMO = -0.0941164777231136
cycle= 181 E= -2475.72510053385  delta_E= -1.53e-07  |g|= 0.000851  |ddm|= 0.00185
  HOMO = -0.132265781928539  LUMO = -0.0941516983821617
cycle= 182 E= -2475.72510046204  delta_E= 7.18e-08  |g|= 0.00104  |ddm|= 0.00163
  HOMO = -0.132208415804859  LUMO = -0.0941043322543031
cycle= 183 E= -2475.72510038392  delta_E= 7.81e-08  |g|= 0.00117  |ddm|= 0.00186
  HOMO = -0.132236203851704  LUMO = -0.094129665758703
cycle= 184 E= -2475.72510069897  delta_E= -3.15e-07  |g|= 0.00023  |ddm|= 0.0012
  HOMO = -0.132242591246095  LUMO = -0.0941359276498767
cycle= 185 E= -2475.72510070712  delta_E= -8.15e-09  |g|= 0.000106  |ddm|= 0.000294
  HOMO = -0.132240055813091  LUMO = -0.0941330395520245
cycle= 186 E= -2475.72510070809  delta_E= -9.7e-10  |g|= 9.36e-05  |ddm|= 0.000199
  HOMO = -0.132241240377136  LUMO = -0.0941344795075844
cycle= 187 E= -2475.7251007096  delta_E= -1.51e-09  |g|= 4.91e-05  |ddm|= 0.000124
  HOMO = -0.132242854889309  LUMO = -0.0941357486766541
cycle= 188 E= -2475.72510070961  delta_E= -5.46e-12  |g|= 5.51e-05  |ddm|= 9.43e-05
  HOMO = -0.132241617423137  LUMO = -0.0941345875937379
cycle= 189 E= -2475.72510071021  delta_E= -6.02e-10  |g|= 1.8e-05  |ddm|= 6.24e-05
  HOMO = -0.132240872810622  LUMO = -0.094133911748853
cycle= 190 E= -2475.72510071022  delta_E= -9.09e-12  |g|= 1.94e-05  |ddm|= 3.02e-05
  HOMO = -0.132241658990149  LUMO = -0.0941345601986378
cycle= 191 E= -2475.72510071026  delta_E= -4.46e-11  |g|= 1.36e-05  |ddm|= 2.67e-05
  HOMO = -0.13224108796463  LUMO = -0.0941340956664791
cycle= 192 E= -2475.72510071029  delta_E= -2.82e-11  |g|= 9.86e-06  |ddm|= 1.98e-05
  HOMO = -0.13224136636166  LUMO = -0.094134362470545
cycle= 193 E= -2475.72510071028  delta_E= 7.28e-12  |g|= 1e-05  |ddm|= 1.88e-05
  HOMO = -0.13224147748609  LUMO = -0.0941344488479204
cycle= 194 E= -2475.72510071031  delta_E= -2.64e-11  |g|= 5.34e-06  |ddm|= 1.44e-05
  HOMO = -0.132241333357201  LUMO = -0.0941343115931529
cycle= 195 E= -2475.72510071031  delta_E=    0  |g|= 2.1e-06  |ddm|= 6.65e-06
  HOMO = -0.132241382627664  LUMO = -0.0941343687467967
cycle= 196 E= -2475.7251007103  delta_E= 1e-11  |g|= 1.32e-06  |ddm|= 3.11e-06
  HOMO = -0.13224138972947  LUMO = -0.0941343730772459
cycle= 197 E= -2475.72510071031  delta_E= -1e-11  |g|= 1.09e-06  |ddm|= 2.12e-06
  HOMO = -0.132241350938218  LUMO = -0.094134339031487
cycle= 198 E= -2475.72510071031  delta_E= -4.55e-12  |g|= 9.4e-07  |ddm|= 1.81e-06
  HOMO = -0.132241611551805  LUMO = -0.0941345528982745
Extra cycle  E= -2475.72510071029  delta_E= 2.18e-11  |g|= 8.99e-06  |ddm|= 7.81e-06
converged SCF energy = -2475.72510071029
AOs:  [0, 1, 2, 3, 4, 5, 6, 7, 8, 9, 10, 11, 12, 13, 14, 15, 16, 17, 18, 19, 20, 21, 22, 23, 24, 25, 26, 27, 28, 29, 30, 31, 32, 33, 34, 35, 36, 37, 38, 39, 40, 41, 42, 43, 44, 45, 46, 47, 48, 49, 50, 51, 52, 53, 54, 55, 56, 57, 58, 59, 60, 61, 62, 63, 64, 65, 66, 67, 68, 69, 70, 71, 72, 73, 74, 75, 76, 77, 78, 79, 80, 81, 82, 83, 84, 85, 86, 87, 88, 89, 90, 91, 92, 93, 94, 95, 96, 97, 98, 99, 100, 101, 102, 103, 104, 105, 106, 107, 108, 109, 110, 111, 112, 113, 114, 115, 116, 117, 118, 119, 120, 121, 122, 123, 124, 125, 126, 127, 128, 129, 130, 131, 132, 133, 134, 135, 136, 137, 138, 139, 140, 141, 142, 143, 144, 145, 146, 147, 148, 149, 150, 151, 152, 153, 154, 155, 156, 157, 158, 159, 160, 161, 162, 163, 164, 165, 166, 167, 168, 169, 170, 171, 172, 173, 174, 175, 176, 177, 178, 179, 180, 181, 182, 183, 184, 185, 186, 187, 188, 189, 190, 191, 192, 193, 194, 195, 196, 197, 198, 199, 200, 201, 202, 203, 204, 205, 206, 207, 208, 209, 210, 211, 212, 213, 214, 215, 216, 217, 218, 219, 220, 221, 222, 223, 224, 225, 226, 227, 228, 229, 230, 231, 232, 233, 234, 235, 236, 237, 238, 239, 240, 241, 242, 243, 244, 245, 246, 247, 248, 249, 250, 251, 252, 253, 254, 255, 256, 257, 258, 259, 260, 261, 262, 263, 264, 265, 266, 267, 268, 269, 270, 271, 272, 273, 274, 275, 276, 277, 278, 279, 280, 281, 282, 283, 284, 285, 286, 287, 288, 289, 290, 291, 292, 293, 294, 295, 296, 297, 298, 299, 300, 301, 302, 303, 304, 305, 306, 307, 308, 309, 310, 311, 312, 313, 314, 315, 316, 317, 318, 319, 320, 321, 322, 323, 324, 325, 326, 327, 328, 329, 330, 331, 332, 333, 334, 335, 336, 337, 338, 339, 340, 341, 342, 343, 344, 345, 346, 347, 348, 349, 350, 351, 352, 353, 354, 355, 356, 357, 358, 359, 360, 361, 362, 363, 364, 365, 366, 367, 368, 369, 370, 371, 372, 373, 374, 375, 376, 377, 378, 379, 380, 381, 382, 383, 384, 385, 386, 387, 388, 389, 390, 391, 392, 393, 394, 395, 396, 397, 398, 399, 400, 401, 402, 403, 404, 405, 406, 407, 408, 409, 410, 411, 412, 413, 414, 415, 416, 417, 418, 419, 420, 421, 422, 423, 424, 425, 426, 427, 428, 429, 430, 431, 432, 433, 434, 435, 436, 437, 438, 439, 440, 441, 442, 443, 444, 445, 446, 447, 448, 449, 450, 451, 452, 453, 454, 455, 456, 457, 458, 459, 460, 461, 462, 463, 464, 465, 466, 467, 468, 469, 470, 471, 472, 473, 474, 475, 476, 477, 478, 479, 480, 481, 482, 483, 484, 485, 486, 487, 488, 489, 490, 491, 492, 493, 494, 495, 496, 497, 498, 499, 500, 501, 502, 503, 504, 505, 506, 507, 508, 509, 510, 511, 512, 513, 514, 515, 516]
517

 AO indices used for projection:  [0, 1, 2, 3, 5, 6, 7, 8, 9, 10, 14, 15, 16, 17, 18, 31, 32, 34, 35, 36, 45, 46, 48, 49, 50, 59, 60, 62, 63, 64, 73, 74, 76, 77, 78, 87, 88, 90, 91, 92, 101, 102, 104, 105, 106, 115, 116, 118, 119, 120, 129, 130, 132, 133, 134, 143, 144, 146, 147, 148, 157, 158, 160, 161, 162, 171, 172, 174, 175, 176, 185, 186, 188, 189, 190, 199, 200, 202, 203, 204, 213, 214, 216, 217, 218, 227, 228, 230, 231, 232, 241, 242, 244, 245, 246, 255, 256, 258, 259, 260, 269, 270, 272, 273, 274, 283, 284, 286, 287, 288, 297, 298, 300, 301, 302, 311, 316, 317, 319, 320, 321, 330, 335, 336, 338, 339, 340, 349, 354, 355, 357, 358, 359, 368, 373, 374, 376, 377, 378, 387, 392, 393, 395, 396, 397, 406, 411, 412, 414, 415, 416, 425, 430, 431, 433, 434, 435, 444, 449, 454, 459, 464, 469, 470, 472, 473, 474, 483, 484, 486, 487, 488, 497, 502, 507, 512]
 # of orbitals to keep:  110
517
176
Number of Active MOs:  110
Number of Environment MOs:  1
Number of Virtual MOs:  406
 # electrons:            α            β
         Env:   1.00000000   1.00000000
         Act: 110.00000000 110.00000000
         Vir:  -0.00000000  -0.00000000
Number of electrons in the active space:  220

 The density matrix is idempotent!

 The density matrix is idempotent!


******** <class 'pyscf.dft.rks.RKS'> ********
method = RKS-RHF
initial guess = minao
damping factor = 0
level_shift factor = 0
DIIS = <class 'pyscf.scf.diis.CDIIS'>
diis_start_cycle = 1
diis_space = 8
SCF conv_tol = 1e-09
SCF conv_tol_grad = 1e-06
SCF max_cycles = 200
direct_scf = True
direct_scf_tol = 1e-13
chkfile to save SCF result = subsys_scf.chk
max_memory 900000 MB (current use 72999 MB)
XC library pyscf.dft.libxc version 5.1.7
    S. Lehtola, C. Steigemann, M. J. Oliveira, and M. A. Marques, SoftwareX 7, 1 (2018)
XC functionals = pbe
    J. P. Perdew, K. Burke, and M. Ernzerhof, Phys. Rev. Lett. 77, 3865 (1996)
    J. P. Perdew, K. Burke, and M. Ernzerhof, Phys. Rev. Lett. 78, 1396 (1997)
    J. P. Perdew, K. Burke, and M. Ernzerhof, Phys. Rev. Lett. 77, 3865 (1996)
    J. P. Perdew, K. Burke, and M. Ernzerhof, Phys. Rev. Lett. 78, 1396 (1997)
small_rho_cutoff = 1e-07
init E= -2386.85026295033
  HOMO = -0.132106644842682  LUMO = -0.0944145782816948
cycle= 1 E= -2386.85026525972  delta_E= -2.31e-06  |g|= 0.00326  |ddm|= 0.00623
  HOMO = -0.133498076017843  LUMO = -0.0956386521221017
cycle= 2 E= -2386.84999421464  delta_E= 0.000271  |g|= 0.0422  |ddm|= 0.0331
  HOMO = -0.132190807803962  LUMO = -0.0945382694227187
cycle= 3 E= -2386.8502666092  delta_E= -0.000272  |g|= 0.00119  |ddm|= 0.0304
  HOMO = -0.132175128385205  LUMO = -0.0945099731821498
cycle= 4 E= -2386.85026691464  delta_E= -3.05e-07  |g|= 0.000195  |ddm|= 0.00132
  HOMO = -0.132183192298632  LUMO = -0.094514875403046
cycle= 5 E= -2386.8502669211  delta_E= -6.47e-09  |g|= 9.38e-05  |ddm|= 0.000302
  HOMO = -0.13218627264179  LUMO = -0.0945159148783858
cycle= 6 E= -2386.85026692347  delta_E= -2.37e-09  |g|= 2.26e-05  |ddm|= 0.000109
  HOMO = -0.132186628132455  LUMO = -0.0945160352209383
cycle= 7 E= -2386.8502669233  delta_E= 1.76e-10  |g|= 8.68e-06  |ddm|= 2.65e-05
  HOMO = -0.132186784040284  LUMO = -0.0945160984321624
cycle= 8 E= -2386.85026692354  delta_E= -2.4e-10  |g|= 3.49e-06  |ddm|= 1.25e-05
  HOMO = -0.13218680521909  LUMO = -0.0945161100149896
cycle= 9 E= -2386.85026692407  delta_E= -5.29e-10  |g|= 1.36e-06  |ddm|= 4.74e-06
  HOMO = -0.132186816484386  LUMO = -0.0945161285440648
cycle= 10 E= -2386.85026692301  delta_E= 1.05e-09  |g|= 6.12e-07  |ddm|= 1.98e-06
  HOMO = -0.13218681375896  LUMO = -0.094516141752322
cycle= 11 E= -2386.8502669237  delta_E= -6.92e-10  |g|= 2e-07  |ddm|= 8.68e-07
  HOMO = -0.132186779138901  LUMO = -0.0945161049819559
Extra cycle  E= -2386.85026692355  delta_E= 1.54e-10  |g|= 1.5e-06  |ddm|= 1.33e-06
converged SCF energy = -2386.85026692355
Difference in energy:  -0.2663044963551601
Total mean-field energy =  -2475.7246763274184
time elapsed:  415.1812183856964
