

******** <class 'pyscf.dft.rks.RKS'> ********
method = RKS-RHF
initial guess = minao
damping factor = 0
level_shift factor = 0
DIIS = <class 'pyscf.scf.diis.CDIIS'>
diis_start_cycle = 1
diis_space = 8
SCF conv_tol = 1e-09
SCF conv_tol_grad = 1e-05
SCF max_cycles = 1000
direct_scf = True
direct_scf_tol = 1e-13
chkfile to save SCF result = scf.fchk
max_memory 900000 MB (current use 79 MB)
XC library pyscf.dft.libxc version 5.1.7
    S. Lehtola, C. Steigemann, M. J. Oliveira, and M. A. Marques, SoftwareX 7, 1 (2018)
XC functionals = b3lyp
    P. A. M. Dirac, Math. Proc. Cambridge Philos. Soc. 26, 376 (1930)
    F. Bloch, Z. Phys. 57, 545 (1929)
    A. D. Becke, Phys. Rev. A 38, 3098 (1988)
    C. Lee, W. Yang, and R. G. Parr, Phys. Rev. B 37, 785 (1988)
    B. Miehlich, A. Savin, H. Stoll, and H. Preuss, Chem. Phys. Lett. 157, 200 (1989)
    S. H. Vosko, L. Wilk, and M. Nusair, Can. J. Phys. 58, 1200 (1980)
small_rho_cutoff = 1e-07
init E= -777.16288258922
  HOMO = -0.243629839525048  LUMO = -0.165620544617031
cycle= 1 E= -774.747195479502  delta_E= 2.42  |g|= 1.02  |ddm|=  6.2
  HOMO = -0.0388405417149047  LUMO = -0.0252384083351898
cycle= 2 E= -772.310152231938  delta_E= 2.44  |g|= 2.59  |ddm|= 3.19
  HOMO = -0.140525758694832  LUMO = -0.0757345460381312
cycle= 3 E= -774.706689352682  delta_E= -2.4  |g|= 0.894  |ddm|= 2.93
  HOMO = -0.189774929900064  LUMO = -0.0853299644991568
cycle= 4 E= -774.992096998462  delta_E= -0.285  |g|= 0.151  |ddm|= 1.28
  HOMO = -0.197789655538039  LUMO = -0.0889823984503197
cycle= 5 E= -774.990641322501  delta_E= 0.00146  |g|= 0.161  |ddm|= 0.348
  HOMO = -0.197486852443736  LUMO = -0.0851937342407825
cycle= 6 E= -774.998339657063  delta_E= -0.0077  |g|= 0.039  |ddm|= 0.215
  HOMO = -0.196167602684493  LUMO = -0.0830316840601667
cycle= 7 E= -774.998732841767  delta_E= -0.000393  |g|= 0.0104  |ddm|= 0.0464
  HOMO = -0.196169636193396  LUMO = -0.0830137569366735
cycle= 8 E= -774.998753746768  delta_E= -2.09e-05  |g|= 0.0054  |ddm|= 0.0157
  HOMO = -0.196214635123511  LUMO = -0.0831563928340223
cycle= 9 E= -774.998761688782  delta_E= -7.94e-06  |g|= 0.00164  |ddm|= 0.00737
  HOMO = -0.196255215812604  LUMO = -0.0831464751437044
cycle= 10 E= -774.998762292639  delta_E= -6.04e-07  |g|= 0.000824  |ddm|= 0.00242
  HOMO = -0.196244199727257  LUMO = -0.0831319151108253
cycle= 11 E= -774.998762466456  delta_E= -1.74e-07  |g|= 0.000274  |ddm|= 0.00109
  HOMO = -0.196233150158173  LUMO = -0.0831115054405969
cycle= 12 E= -774.998762481826  delta_E= -1.54e-08  |g|= 0.000131  |ddm|= 0.000399
  HOMO = -0.196246145697073  LUMO = -0.0831219888300501
cycle= 13 E= -774.998762486036  delta_E= -4.21e-09  |g|= 6.01e-05  |ddm|= 0.000198
  HOMO = -0.196244856167847  LUMO = -0.0831210014640048
cycle= 14 E= -774.998762486932  delta_E= -8.97e-10  |g|= 1.34e-05  |ddm|= 7.08e-05
  HOMO = -0.196244008188306  LUMO = -0.0831200867253749
cycle= 15 E= -774.998762486968  delta_E= -3.5e-11  |g|= 7.65e-06  |ddm|= 2.47e-05
  HOMO = -0.196244755088959  LUMO = -0.0831206593084234
Extra cycle  E= -774.998762486905  delta_E= 6.23e-11  |g|= 1.65e-05  |ddm|= 2.8e-05
converged SCF energy = -774.998762486905
AOs:  [0, 1, 2, 3, 4, 5, 6, 7, 8, 9, 10, 11, 12, 13, 14, 15, 16, 17, 18, 19, 20, 21, 22, 23, 24, 25, 26, 27, 28, 29, 30, 31, 32, 33, 34, 35, 36, 37, 38, 39, 40, 41, 42, 43, 44, 45, 46, 47, 48, 49, 50, 51, 52, 53, 54, 55, 56, 57, 58, 59, 60, 61, 62, 63]
64
Number of Active MOs:  16
Number of Environment MOs:  54
Number of Virtual MOs:  244
 # electrons:            α            β
         Env:  54.00000000  54.00000000
         Act:  16.00000000  16.00000000
         Vir:   0.00000000   0.00000000
Number of electrons in the active space:  32

 The density matrix is idempotent!

 The density matrix is idempotent!


******** <class 'pyscf.scf.hf.RHF'> ********
method = RHF
initial guess = minao
damping factor = 0
level_shift factor = 0
DIIS = <class 'pyscf.scf.diis.CDIIS'>
diis_start_cycle = 1
diis_space = 8
SCF conv_tol = 1e-09
SCF conv_tol_grad = 1e-05
SCF max_cycles = 200
direct_scf = True
direct_scf_tol = 1e-13
chkfile to save SCF result = subsys_scf.chk
max_memory 900000 MB (current use 10406 MB)
init E= 1003.320945901
  HOMO = -0.256222665322343  LUMO = 0.0458860494204019
cycle= 1 E= 1003.29331622882  delta_E= -0.0276  |g|= 0.0548  |ddm|= 0.717
  HOMO = -0.262945815961473  LUMO = 0.0458040501652549
cycle= 2 E= 1003.29152669907  delta_E= -0.00179  |g|= 0.0188  |ddm|= 0.125
  HOMO = -0.26087429199539  LUMO = 0.0492307884963293
cycle= 3 E= 1003.29119822126  delta_E= -0.000328  |g|= 0.00827  |ddm|= 0.0475
  HOMO = -0.262630935053687  LUMO = 0.0494307446271401
cycle= 4 E= 1003.29115125884  delta_E= -4.7e-05  |g|= 0.00295  |ddm|= 0.0162
  HOMO = -0.262852852958416  LUMO = 0.0497827055691059
cycle= 5 E= 1003.29114283917  delta_E= -8.42e-06  |g|= 0.000597  |ddm|= 0.00805
  HOMO = -0.262945847780911  LUMO = 0.0498631894908845
cycle= 6 E= 1003.2911424346  delta_E= -4.05e-07  |g|= 0.00018  |ddm|= 0.00192
  HOMO = -0.262965513775013  LUMO = 0.0498631540373389
cycle= 7 E= 1003.29114241837  delta_E= -1.62e-08  |g|= 5.39e-05  |ddm|= 0.000355
  HOMO = -0.262974146263319  LUMO = 0.049857577541578
cycle= 8 E= 1003.29114241626  delta_E= -2.1e-09  |g|= 2.07e-05  |ddm|= 0.000123
  HOMO = -0.262974787593291  LUMO = 0.0498557347575258
cycle= 9 E= 1003.29114241582  delta_E= -4.41e-10  |g|= 7.46e-06  |ddm|= 6.09e-05
  HOMO = -0.262974484613243  LUMO = 0.0498554767930993
Extra cycle  E= 1003.29114241603  delta_E= 2.05e-10  |g|= 3.49e-06  |ddm|= 1.47e-05
converged SCF energy = 1003.29114241603
Difference in energy:  -682.1433019011471
E(MP2) = 1002.72487504202  E_corr = -0.566267374003668
Total energy =  -774.4779662254272
time elapsed:  29.747092247009277
