

******** <class 'pyscf.dft.rks.RKS'> ********
method = RKS-RHF
initial guess = minao
damping factor = 0
level_shift factor = 0
DIIS = <class 'pyscf.scf.diis.CDIIS'>
diis_start_cycle = 1
diis_space = 8
SCF conv_tol = 1e-09
SCF conv_tol_grad = 1e-05
SCF max_cycles = 1000
direct_scf = True
direct_scf_tol = 1e-13
chkfile to save SCF result = scf.fchk
max_memory 900000 MB (current use 79 MB)
XC library pyscf.dft.libxc version 5.1.7
    S. Lehtola, C. Steigemann, M. J. Oliveira, and M. A. Marques, SoftwareX 7, 1 (2018)
XC functionals = b3lyp
    P. A. M. Dirac, Math. Proc. Cambridge Philos. Soc. 26, 376 (1930)
    F. Bloch, Z. Phys. 57, 545 (1929)
    A. D. Becke, Phys. Rev. A 38, 3098 (1988)
    C. Lee, W. Yang, and R. G. Parr, Phys. Rev. B 37, 785 (1988)
    B. Miehlich, A. Savin, H. Stoll, and H. Preuss, Chem. Phys. Lett. 157, 200 (1989)
    S. H. Vosko, L. Wilk, and M. Nusair, Can. J. Phys. 58, 1200 (1980)
small_rho_cutoff = 1e-07
init E= -777.14996535253
  HOMO = -0.225708812595844  LUMO = -0.183916218861041
cycle= 1 E= -774.658399233537  delta_E= 2.49  |g|= 1.03  |ddm|=  6.2
  HOMO = -0.0477552727301504  LUMO = -0.0141157584004088
cycle= 2 E= -771.817051612567  delta_E= 2.84  |g|= 2.72  |ddm|= 3.48
  HOMO = -0.129364409067406  LUMO = -0.065273840031104
cycle= 3 E= -774.69035720097  delta_E= -2.87  |g|= 0.809  |ddm|= 3.26
  HOMO = -0.166620785383867  LUMO = -0.115474586714881
cycle= 4 E= -774.911492129314  delta_E= -0.221  |g|= 0.268  |ddm|= 1.43
  HOMO = -0.177871979278631  LUMO = -0.109706139536413
cycle= 5 E= -774.906745056925  delta_E= 0.00475  |g|= 0.29  |ddm|= 0.731
  HOMO = -0.171942793528803  LUMO = -0.110507996630013
cycle= 6 E= -774.931771005806  delta_E= -0.025  |g|= 0.0981  |ddm|= 0.545
  HOMO = -0.173547534006233  LUMO = -0.109547795984318
cycle= 7 E= -774.935132950499  delta_E= -0.00336  |g|= 0.0367  |ddm|= 0.17
  HOMO = -0.172800379764918  LUMO = -0.107464634864297
cycle= 8 E= -774.935528692941  delta_E= -0.000396  |g|= 0.0143  |ddm|= 0.0551
  HOMO = -0.173695933567596  LUMO = -0.107811436985285
cycle= 9 E= -774.935589574716  delta_E= -6.09e-05  |g|= 0.00487  |ddm|= 0.0229
  HOMO = -0.173864567359357  LUMO = -0.107847172098546
cycle= 10 E= -774.935595041047  delta_E= -5.47e-06  |g|= 0.00213  |ddm|= 0.00699
  HOMO = -0.173850504463325  LUMO = -0.107801723909122
cycle= 11 E= -774.935596352921  delta_E= -1.31e-06  |g|= 0.000493  |ddm|= 0.00289
  HOMO = -0.173838488555196  LUMO = -0.107777729811776
cycle= 12 E= -774.935596421261  delta_E= -6.83e-08  |g|= 0.000215  |ddm|= 0.000707
  HOMO = -0.173844067723144  LUMO = -0.107777068728708
cycle= 13 E= -774.935596434794  delta_E= -1.35e-08  |g|= 6.71e-05  |ddm|= 0.000303
  HOMO = -0.173845524437872  LUMO = -0.107776969334858
cycle= 14 E= -774.935596435747  delta_E= -9.53e-10  |g|= 3.67e-05  |ddm|= 0.000127
  HOMO = -0.173845827005776  LUMO = -0.107777652327913
cycle= 15 E= -774.935596435764  delta_E= -1.71e-11  |g|= 3.55e-05  |ddm|= 9.97e-05
  HOMO = -0.173845928543197  LUMO = -0.107776874650881
cycle= 16 E= -774.935596436164  delta_E= -4e-10  |g|= 1.24e-05  |ddm|= 6.46e-05
  HOMO = -0.173846056094864  LUMO = -0.107777052472627
cycle= 17 E= -774.9355964362  delta_E= -3.59e-11  |g|= 6.23e-06  |ddm|= 1.7e-05
  HOMO = -0.173845557883142  LUMO = -0.107776612094822
Extra cycle  E= -774.935596436136  delta_E= 6.43e-11  |g|= 1.56e-05  |ddm|= 2.63e-05
converged SCF energy = -774.935596436136
AOs:  [0, 1, 2, 3, 4, 5, 6, 7, 8, 9, 10, 11, 12, 13, 14, 15, 16, 17, 18, 19, 20, 21, 22, 23, 24, 25, 26, 27, 28, 29, 30, 31, 32, 33, 34, 35, 36, 37, 38, 39, 40, 41, 42, 43, 44, 45, 46, 47, 48, 49, 50, 51, 52, 53, 54, 55, 56, 57, 58, 59, 60, 61, 62, 63]
64
Number of Active MOs:  16
Number of Environment MOs:  54
Number of Virtual MOs:  244
 # electrons:            α            β
         Env:  54.00000000  54.00000000
         Act:  16.00000000  16.00000000
         Vir:  -0.00000000  -0.00000000
Number of electrons in the active space:  32

 The density matrix is idempotent!

 The density matrix is idempotent!


******** <class 'pyscf.scf.hf.RHF'> ********
method = RHF
initial guess = minao
damping factor = 0
level_shift factor = 0
DIIS = <class 'pyscf.scf.diis.CDIIS'>
diis_start_cycle = 1
diis_space = 8
SCF conv_tol = 1e-09
SCF conv_tol_grad = 1e-05
SCF max_cycles = 200
direct_scf = True
direct_scf_tol = 1e-13
chkfile to save SCF result = subsys_scf.chk
max_memory 900000 MB (current use 10655 MB)
init E= 990.013705766177
  HOMO = -0.209104402864098  LUMO = 0.0157554705143875
cycle= 1 E= 989.984895605701  delta_E= -0.0288  |g|= 0.0579  |ddm|= 0.669
  HOMO = -0.215353724874565  LUMO = 0.0173836404171451
cycle= 2 E= 989.982554562499  delta_E= -0.00234  |g|= 0.0216  |ddm|= 0.148
  HOMO = -0.214899285519089  LUMO = 0.0233681899742948
cycle= 3 E= 989.981911821109  delta_E= -0.000643  |g|= 0.0117  |ddm|= 0.0734
  HOMO = -0.216690298542717  LUMO = 0.0240394999025531
cycle= 4 E= 989.981779298862  delta_E= -0.000133  |g|= 0.00478  |ddm|= 0.033
  HOMO = -0.217390361851245  LUMO = 0.0251201024029929
cycle= 5 E= 989.981739973654  delta_E= -3.93e-05  |g|= 0.00174  |ddm|= 0.0212
  HOMO = -0.217627341999686  LUMO = 0.0252760928820234
cycle= 6 E= 989.981737027956  delta_E= -2.95e-06  |g|= 0.000714  |ddm|= 0.00594
  HOMO = -0.217662489832363  LUMO = 0.0252655068065299
cycle= 7 E= 989.981736549418  delta_E= -4.79e-07  |g|= 0.000375  |ddm|= 0.00215
  HOMO = -0.217669193564022  LUMO = 0.0252237574284166
cycle= 8 E= 989.981736347717  delta_E= -2.02e-07  |g|= 0.000156  |ddm|= 0.00176
  HOMO = -0.217663561490327  LUMO = 0.0251998026507752
cycle= 9 E= 989.981736296197  delta_E= -5.15e-08  |g|= 5.8e-05  |ddm|= 0.00115
  HOMO = -0.217652561104209  LUMO = 0.0251992412453577
cycle= 10 E= 989.981736292445  delta_E= -3.75e-09  |g|= 1.86e-05  |ddm|= 0.000334
  HOMO = -0.217653835036613  LUMO = 0.0251956472302378
cycle= 11 E= 989.981736292401  delta_E= -4.41e-11  |g|= 7.19e-06  |ddm|= 6.75e-05
  HOMO = -0.217652630426333  LUMO = 0.0251960315434468
Extra cycle  E= 989.981736292005  delta_E= -3.96e-10  |g|= 3.5e-06  |ddm|= 1.61e-05
converged SCF energy = 989.981736292005
Difference in energy:  -694.799084883477
E(MP2) = 989.405961549566  E_corr = -0.575774742438677
Total energy =  -774.4041392860414
time elapsed:  35.5757851600647
