

******** <class 'pyscf.dft.rks.RKS'> ********
method = RKS-RHF
initial guess = minao
damping factor = 0
level_shift factor = 0
DIIS = <class 'pyscf.scf.diis.CDIIS'>
diis_start_cycle = 1
diis_space = 8
SCF conv_tol = 1e-09
SCF conv_tol_grad = 1e-05
SCF max_cycles = 1000
direct_scf = True
direct_scf_tol = 1e-13
chkfile to save SCF result = scf.fchk
max_memory 900000 MB (current use 79 MB)
XC library pyscf.dft.libxc version 5.1.7
    S. Lehtola, C. Steigemann, M. J. Oliveira, and M. A. Marques, SoftwareX 7, 1 (2018)
XC functionals = b3lyp
    P. A. M. Dirac, Math. Proc. Cambridge Philos. Soc. 26, 376 (1930)
    F. Bloch, Z. Phys. 57, 545 (1929)
    A. D. Becke, Phys. Rev. A 38, 3098 (1988)
    C. Lee, W. Yang, and R. G. Parr, Phys. Rev. B 37, 785 (1988)
    B. Miehlich, A. Savin, H. Stoll, and H. Preuss, Chem. Phys. Lett. 157, 200 (1989)
    S. H. Vosko, L. Wilk, and M. Nusair, Can. J. Phys. 58, 1200 (1980)
small_rho_cutoff = 1e-07
init E= -777.150622911687
  HOMO = -0.235620154936089  LUMO = -0.175002491685828
cycle= 1 E= -774.711260888909  delta_E= 2.44  |g|= 1.02  |ddm|= 6.19
  HOMO = -0.0528633102096948  LUMO = 0.00334358104877858
cycle= 2 E= -772.172189629432  delta_E= 2.54  |g|= 2.62  |ddm|= 3.26
  HOMO = -0.14036985052031  LUMO = -0.0648941791514891
cycle= 3 E= -774.680459751533  delta_E= -2.51  |g|= 0.88  |ddm|= 3.05
  HOMO = -0.17850521736736  LUMO = -0.0984766837905767
cycle= 4 E= -774.95786484292  delta_E= -0.277  |g|= 0.178  |ddm|= 1.32
  HOMO = -0.188921219073118  LUMO = -0.0988682505180587
cycle= 5 E= -774.953188510088  delta_E= 0.00468  |g|= 0.205  |ddm|= 0.455
  HOMO = -0.18703429399424  LUMO = -0.0976022979710725
cycle= 6 E= -774.966246388872  delta_E= -0.0131  |g|= 0.0568  |ddm|= 0.318
  HOMO = -0.186494619516599  LUMO = -0.09570254524389
cycle= 7 E= -774.967167498488  delta_E= -0.000921  |g|= 0.0187  |ddm|= 0.0825
  HOMO = -0.186137755719668  LUMO = -0.0949582534205954
cycle= 8 E= -774.967247267372  delta_E= -7.98e-05  |g|= 0.00916  |ddm|= 0.0308
  HOMO = -0.186434223461778  LUMO = -0.0951365461892846
cycle= 9 E= -774.967273486237  delta_E= -2.62e-05  |g|= 0.00237  |ddm|= 0.0135
  HOMO = -0.186522975546528  LUMO = -0.095153933901176
cycle= 10 E= -774.967274566177  delta_E= -1.08e-06  |g|= 0.00147  |ddm|= 0.00397
  HOMO = -0.186534376413727  LUMO = -0.0951325950324282
cycle= 11 E= -774.967275141784  delta_E= -5.76e-07  |g|= 0.000412  |ddm|= 0.00184
  HOMO = -0.186513350080951  LUMO = -0.0951008476531484
cycle= 12 E= -774.967275176622  delta_E= -3.48e-08  |g|= 0.000166  |ddm|= 0.000519
  HOMO = -0.186530124683023  LUMO = -0.0951153969956197
cycle= 13 E= -774.967275180149  delta_E= -3.53e-09  |g|= 0.000127  |ddm|= 0.000333
  HOMO = -0.186527449933131  LUMO = -0.0951119602392409
cycle= 14 E= -774.967275184743  delta_E= -4.59e-09  |g|= 2.31e-05  |ddm|= 0.000171
  HOMO = -0.186527104911841  LUMO = -0.0951108760215998
cycle= 15 E= -774.967275184849  delta_E= -1.06e-10  |g|= 1.12e-05  |ddm|= 3.84e-05
  HOMO = -0.18652742057751  LUMO = -0.0951113648575408
cycle= 16 E= -774.967275184876  delta_E= -2.66e-11  |g|= 7.02e-06  |ddm|= 2.19e-05
  HOMO = -0.186527602065438  LUMO = -0.0951111916653283
Extra cycle  E= -774.967275184813  delta_E= 6.32e-11  |g|= 1.55e-05  |ddm|= 2.81e-05
converged SCF energy = -774.967275184813
AOs:  [0, 1, 2, 3, 4, 5, 6, 7, 8, 9, 10, 11, 12, 13, 14, 15, 16, 17, 18, 19, 20, 21, 22, 23, 24, 25, 26, 27, 28, 29, 30, 31, 32, 33, 34, 35, 36, 37, 38, 39, 40, 41, 42, 43, 44, 45, 46, 47, 48, 49, 50, 51, 52, 53, 54, 55, 56, 57, 58, 59, 60, 61, 62, 63]
64
Number of Active MOs:  16
Number of Environment MOs:  54
Number of Virtual MOs:  244
 # electrons:            α            β
         Env:  54.00000000  54.00000000
         Act:  16.00000000  16.00000000
         Vir:  -0.00000000  -0.00000000
Number of electrons in the active space:  32

 The density matrix is idempotent!

 The density matrix is idempotent!


******** <class 'pyscf.scf.hf.RHF'> ********
method = RHF
initial guess = minao
damping factor = 0
level_shift factor = 0
DIIS = <class 'pyscf.scf.diis.CDIIS'>
diis_start_cycle = 1
diis_space = 8
SCF conv_tol = 1e-09
SCF conv_tol_grad = 1e-05
SCF max_cycles = 200
direct_scf = True
direct_scf_tol = 1e-13
chkfile to save SCF result = subsys_scf.chk
max_memory 900000 MB (current use 10412 MB)
init E= 987.373587134381
  HOMO = -0.232686363676346  LUMO = 0.0312561449369683
cycle= 1 E= 987.345434288618  delta_E= -0.0282  |g|= 0.0559  |ddm|= 0.67
  HOMO = -0.239578613090658  LUMO = 0.0324841616747548
cycle= 2 E= 987.34339865413  delta_E= -0.00204  |g|= 0.02  |ddm|= 0.134
  HOMO = -0.238108113369017  LUMO = 0.0375743386212761
cycle= 3 E= 987.342946034511  delta_E= -0.000453  |g|= 0.00917  |ddm|= 0.0585
  HOMO = -0.240124167144388  LUMO = 0.0379289214948147
cycle= 4 E= 987.342875668436  delta_E= -7.04e-05  |g|= 0.00364  |ddm|= 0.0217
  HOMO = -0.240437035222297  LUMO = 0.0386193204896941
cycle= 5 E= 987.342859835604  delta_E= -1.58e-05  |g|= 0.000868  |ddm|= 0.0119
  HOMO = -0.240604004464709  LUMO = 0.0387328543582384
cycle= 6 E= 987.342859033073  delta_E= -8.03e-07  |g|= 0.000314  |ddm|= 0.00288
  HOMO = -0.240626485462332  LUMO = 0.0387374054026171
cycle= 7 E= 987.342858976911  delta_E= -5.62e-08  |g|= 0.000119  |ddm|= 0.00066
  HOMO = -0.240639556324801  LUMO = 0.0387246568287125
cycle= 8 E= 987.342858964458  delta_E= -1.25e-08  |g|= 4.51e-05  |ddm|= 0.000354
  HOMO = -0.240640772714007  LUMO = 0.0387199118777698
cycle= 9 E= 987.342858961691  delta_E= -2.77e-09  |g|= 2.55e-05  |ddm|= 0.000188
  HOMO = -0.240638695537164  LUMO = 0.0387195811468775
cycle= 10 E= 987.342858960972  delta_E= -7.19e-10  |g|= 6.89e-06  |ddm|= 7.94e-05
  HOMO = -0.240639021305722  LUMO = 0.03871892341636
Extra cycle  E= 987.342858961195  delta_E= 2.23e-10  |g|= 5.16e-06  |ddm|= 1.93e-05
converged SCF energy = 987.342858961195
Difference in energy:  -688.0360607080048
E(MP2) = 986.77200357541  E_corr = -0.570855385785421
Total energy =  -774.4416762340808
time elapsed:  32.823546409606934
