

******** <class 'pyscf.dft.rks.RKS'> ********
method = RKS-RHF
initial guess = minao
damping factor = 0
level_shift factor = 0
DIIS = <class 'pyscf.scf.diis.CDIIS'>
diis_start_cycle = 1
diis_space = 8
SCF conv_tol = 1e-09
SCF conv_tol_grad = 1e-05
SCF max_cycles = 1000
direct_scf = True
direct_scf_tol = 1e-13
chkfile to save SCF result = scf.fchk
max_memory 900000 MB (current use 79 MB)
XC library pyscf.dft.libxc version 5.1.7
    S. Lehtola, C. Steigemann, M. J. Oliveira, and M. A. Marques, SoftwareX 7, 1 (2018)
XC functionals = b3lyp
    P. A. M. Dirac, Math. Proc. Cambridge Philos. Soc. 26, 376 (1930)
    F. Bloch, Z. Phys. 57, 545 (1929)
    A. D. Becke, Phys. Rev. A 38, 3098 (1988)
    C. Lee, W. Yang, and R. G. Parr, Phys. Rev. B 37, 785 (1988)
    B. Miehlich, A. Savin, H. Stoll, and H. Preuss, Chem. Phys. Lett. 157, 200 (1989)
    S. H. Vosko, L. Wilk, and M. Nusair, Can. J. Phys. 58, 1200 (1980)
small_rho_cutoff = 1e-07
init E= -777.151790141765
  HOMO = -0.241480640927076  LUMO = -0.169140366807224
cycle= 1 E= -774.738828299637  delta_E= 2.41  |g|= 1.01  |ddm|= 6.19
  HOMO = -0.0440734285659582  LUMO = -0.0148172542656548
cycle= 2 E= -772.279657953059  delta_E= 2.46  |g|= 2.59  |ddm|=  3.2
  HOMO = -0.14141701466684  LUMO = -0.0711782317335792
cycle= 3 E= -774.694739493215  delta_E= -2.42  |g|= 0.893  |ddm|= 2.96
  HOMO = -0.18587162000344  LUMO = -0.0897523854679653
cycle= 4 E= -774.982909843781  delta_E= -0.288  |g|= 0.163  |ddm|= 1.31
  HOMO = -0.194847099953795  LUMO = -0.0929480294138371
cycle= 5 E= -774.980138963977  delta_E= 0.00277  |g|= 0.179  |ddm|= 0.394
  HOMO = -0.194326627947302  LUMO = -0.0899484919318669
cycle= 6 E= -774.990082895398  delta_E= -0.00994  |g|= 0.046  |ddm|= 0.258
  HOMO = -0.193141700090497  LUMO = -0.0877738795916836
cycle= 7 E= -774.990652923339  delta_E= -0.00057  |g|= 0.013  |ddm|= 0.058
  HOMO = -0.193048845241582  LUMO = -0.0874567570031656
cycle= 8 E= -774.990684687148  delta_E= -3.18e-05  |g|= 0.00721  |ddm|= 0.0207
  HOMO = -0.193156065087578  LUMO = -0.0876259075755188
cycle= 9 E= -774.990700142923  delta_E= -1.55e-05  |g|= 0.00178  |ddm|= 0.00995
  HOMO = -0.193223245777305  LUMO = -0.0876311702056088
cycle= 10 E= -774.990700788785  delta_E= -6.46e-07  |g|= 0.00106  |ddm|= 0.00287
  HOMO = -0.193216362141327  LUMO = -0.087610174257837
cycle= 11 E= -774.99070108402  delta_E= -2.95e-07  |g|= 0.000293  |ddm|= 0.00133
  HOMO = -0.193198736244628  LUMO = -0.0875855226669943
cycle= 12 E= -774.990701101203  delta_E= -1.72e-08  |g|= 0.000145  |ddm|= 0.000429
  HOMO = -0.193214705595107  LUMO = -0.0875973150919134
cycle= 13 E= -774.990701106006  delta_E= -4.8e-09  |g|= 7.6e-05  |ddm|= 0.000245
  HOMO = -0.193212788415916  LUMO = -0.0875958295951458
cycle= 14 E= -774.990701107516  delta_E= -1.51e-09  |g|= 1.31e-05  |ddm|= 9.36e-05
  HOMO = -0.193212011530401  LUMO = -0.0875948451442987
cycle= 15 E= -774.99070110754  delta_E= -2.32e-11  |g|= 9.82e-06  |ddm|= 2.7e-05
  HOMO = -0.193212933488748  LUMO = -0.0875955991282772
Extra cycle  E= -774.990701107421  delta_E= 1.18e-10  |g|= 2.19e-05  |ddm|= 3.91e-05
converged SCF energy = -774.990701107421
AOs:  [0, 1, 2, 3, 4, 5, 6, 7, 8, 9, 10, 11, 12, 13, 14, 15, 16, 17, 18, 19, 20, 21, 22, 23, 24, 25, 26, 27, 28, 29, 30, 31, 32, 33, 34, 35, 36, 37, 38, 39, 40, 41, 42, 43, 44, 45, 46, 47, 48, 49, 50, 51, 52, 53, 54, 55, 56, 57, 58, 59, 60, 61, 62, 63]
64
Number of Active MOs:  16
Number of Environment MOs:  54
Number of Virtual MOs:  244
 # electrons:            α            β
         Env:  54.00000000  54.00000000
         Act:  16.00000000  16.00000000
         Vir:   0.00000000   0.00000000
Number of electrons in the active space:  32

 The density matrix is idempotent!

 The density matrix is idempotent!


******** <class 'pyscf.scf.hf.RHF'> ********
method = RHF
initial guess = minao
damping factor = 0
level_shift factor = 0
DIIS = <class 'pyscf.scf.diis.CDIIS'>
diis_start_cycle = 1
diis_space = 8
SCF conv_tol = 1e-09
SCF conv_tol_grad = 1e-05
SCF max_cycles = 200
direct_scf = True
direct_scf_tol = 1e-13
chkfile to save SCF result = subsys_scf.chk
max_memory 900000 MB (current use 10412 MB)
init E= 985.581071272154
  HOMO = -0.247586187375252  LUMO = 0.0400425472375855
cycle= 1 E= 985.553287007619  delta_E= -0.0278  |g|= 0.055  |ddm|= 0.691
  HOMO = -0.254577635832102  LUMO = 0.0406759134494935
cycle= 2 E= 985.551429776177  delta_E= -0.00186  |g|= 0.019  |ddm|= 0.127
  HOMO = -0.252723205037454  LUMO = 0.0448346377481751
cycle= 3 E= 985.551072050392  delta_E= -0.000358  |g|= 0.00838  |ddm|= 0.0499
  HOMO = -0.254548354760756  LUMO = 0.0451141615784029
cycle= 4 E= 985.551021208435  delta_E= -5.08e-05  |g|= 0.00301  |ddm|= 0.0172
  HOMO = -0.2547939818003  LUMO = 0.0455641276648581
cycle= 5 E= 985.551011759427  delta_E= -9.45e-06  |g|= 0.000629  |ddm|= 0.00867
  HOMO = -0.254911945140813  LUMO = 0.0456531660381977
cycle= 6 E= 985.551011323654  delta_E= -4.36e-07  |g|= 0.000217  |ddm|= 0.002
  HOMO = -0.254927282109204  LUMO = 0.0456549564082648
cycle= 7 E= 985.551011300979  delta_E= -2.27e-08  |g|= 6.67e-05  |ddm|= 0.000417
  HOMO = -0.254938492555768  LUMO = 0.0456471365575827
cycle= 8 E= 985.551011297233  delta_E= -3.75e-09  |g|= 2.64e-05  |ddm|= 0.000175
  HOMO = -0.254938536622997  LUMO = 0.0456449891811619
cycle= 9 E= 985.551011296584  delta_E= -6.49e-10  |g|= 9.31e-06  |ddm|= 9.23e-05
  HOMO = -0.254938036456766  LUMO = 0.0456447390804814
Extra cycle  E= 985.55101129644  delta_E= -1.44e-10  |g|= 4.42e-06  |ddm|= 1.99e-05
converged SCF energy = 985.55101129644
Difference in energy:  -683.8044851602608
E(MP2) = 984.983745992437  E_corr = -0.567265304003243
Total energy =  -774.4682555141317
time elapsed:  30.21571636199951
