

******** <class 'pyscf.dft.rks.RKS'> ********
method = RKS-RHF
initial guess = minao
damping factor = 0
level_shift factor = 0
DIIS = <class 'pyscf.scf.diis.CDIIS'>
diis_start_cycle = 1
diis_space = 8
SCF conv_tol = 1e-09
SCF conv_tol_grad = 1e-05
SCF max_cycles = 1000
direct_scf = True
direct_scf_tol = 1e-13
chkfile to save SCF result = scf.fchk
max_memory 900000 MB (current use 79 MB)
XC library pyscf.dft.libxc version 5.1.7
    S. Lehtola, C. Steigemann, M. J. Oliveira, and M. A. Marques, SoftwareX 7, 1 (2018)
XC functionals = b3lyp
    P. A. M. Dirac, Math. Proc. Cambridge Philos. Soc. 26, 376 (1930)
    F. Bloch, Z. Phys. 57, 545 (1929)
    A. D. Becke, Phys. Rev. A 38, 3098 (1988)
    C. Lee, W. Yang, and R. G. Parr, Phys. Rev. B 37, 785 (1988)
    B. Miehlich, A. Savin, H. Stoll, and H. Preuss, Chem. Phys. Lett. 157, 200 (1989)
    S. H. Vosko, L. Wilk, and M. Nusair, Can. J. Phys. 58, 1200 (1980)
small_rho_cutoff = 1e-07
init E= -777.152904394393
  HOMO = -0.243958939291691  LUMO = -0.166169698233336
cycle= 1 E= -774.753601455827  delta_E=  2.4  |g|= 1.01  |ddm|= 6.19
  HOMO = -0.0385537714761653  LUMO = -0.0224387948780123
cycle= 2 E= -772.333919036711  delta_E= 2.42  |g|= 2.58  |ddm|= 3.18
  HOMO = -0.14061516575777  LUMO = -0.074959805219854
cycle= 3 E= -774.707325750143  delta_E= -2.37  |g|= 0.896  |ddm|= 2.92
  HOMO = -0.189331432719843  LUMO = -0.0856506822593995
cycle= 4 E= -774.997313593574  delta_E= -0.29  |g|= 0.157  |ddm|=  1.3
  HOMO = -0.196953941257683  LUMO = -0.090124679417225
cycle= 5 E= -774.995219018069  delta_E= 0.00209  |g|= 0.169  |ddm|= 0.374
  HOMO = -0.197368999659666  LUMO = -0.0862444359432319
cycle= 6 E= -775.00410456963  delta_E= -0.00889  |g|= 0.0426  |ddm|= 0.236
  HOMO = -0.196042531034735  LUMO = -0.0839812356811427
cycle= 7 E= -775.004580908393  delta_E= -0.000476  |g|= 0.0113  |ddm|= 0.0506
  HOMO = -0.195973158080582  LUMO = -0.0838296815112288
cycle= 8 E= -775.004603246879  delta_E= -2.23e-05  |g|= 0.00641  |ddm|= 0.0177
  HOMO = -0.196017769588448  LUMO = -0.0839771169058508
cycle= 9 E= -775.00461497887  delta_E= -1.17e-05  |g|= 0.00169  |ddm|= 0.00859
  HOMO = -0.196079744538384  LUMO = -0.0839803446157304
cycle= 10 E= -775.004615607708  delta_E= -6.29e-07  |g|= 0.000881  |ddm|= 0.00253
  HOMO = -0.196067390460828  LUMO = -0.0839592348544625
cycle= 11 E= -775.004615806802  delta_E= -1.99e-07  |g|= 0.000259  |ddm|= 0.00111
  HOMO = -0.196051353477334  LUMO = -0.083938723237141
cycle= 12 E= -775.004615820654  delta_E= -1.39e-08  |g|= 0.000128  |ddm|= 0.000396
  HOMO = -0.196066569645949  LUMO = -0.0839492999192408
cycle= 13 E= -775.004615824867  delta_E= -4.21e-09  |g|= 5.52e-05  |ddm|= 0.000204
  HOMO = -0.196064504065265  LUMO = -0.0839478715055701
cycle= 14 E= -775.004615825631  delta_E= -7.64e-10  |g|= 1.21e-05  |ddm|= 6.77e-05
  HOMO = -0.196063947028347  LUMO = -0.0839472565007398
cycle= 15 E= -775.004615825652  delta_E= -2.11e-11  |g|= 8.18e-06  |ddm|= 2.21e-05
  HOMO = -0.19606463973793  LUMO = -0.0839477021154268
Extra cycle  E= -775.004615825577  delta_E= 7.46e-11  |g|= 1.77e-05  |ddm|= 3.02e-05
converged SCF energy = -775.004615825577
AOs:  [0, 1, 2, 3, 4, 5, 6, 7, 8, 9, 10, 11, 12, 13, 14, 15, 16, 17, 18, 19, 20, 21, 22, 23, 24, 25, 26, 27, 28, 29, 30, 31, 32, 33, 34, 35, 36, 37, 38, 39, 40, 41, 42, 43, 44, 45, 46, 47, 48, 49, 50, 51, 52, 53, 54, 55, 56, 57, 58, 59, 60, 61, 62, 63]
64
Number of Active MOs:  16
Number of Environment MOs:  54
Number of Virtual MOs:  244
 # electrons:            α            β
         Env:  54.00000000  54.00000000
         Act:  16.00000000  16.00000000
         Vir:  -0.00000000  -0.00000000
Number of electrons in the active space:  32

 The density matrix is idempotent!

 The density matrix is idempotent!


******** <class 'pyscf.scf.hf.RHF'> ********
method = RHF
initial guess = minao
damping factor = 0
level_shift factor = 0
DIIS = <class 'pyscf.scf.diis.CDIIS'>
diis_start_cycle = 1
diis_space = 8
SCF conv_tol = 1e-09
SCF conv_tol_grad = 1e-05
SCF max_cycles = 200
direct_scf = True
direct_scf_tol = 1e-13
chkfile to save SCF result = subsys_scf.chk
max_memory 900000 MB (current use 10679 MB)
init E= 984.630726677408
  HOMO = -0.255446005834123  LUMO = 0.0441622930174114
cycle= 1 E= 984.603146196173  delta_E= -0.0276  |g|= 0.0546  |ddm|= 0.724
  HOMO = -0.262422748789411  LUMO = 0.0444347570978366
cycle= 2 E= 984.601382255361  delta_E= -0.00176  |g|= 0.0185  |ddm|= 0.124
  HOMO = -0.260461251980447  LUMO = 0.04805468368675
cycle= 3 E= 984.601067158575  delta_E= -0.000315  |g|= 0.00802  |ddm|= 0.0456
  HOMO = -0.262140364940203  LUMO = 0.0483057528493272
cycle= 4 E= 984.601024093205  delta_E= -4.31e-05  |g|= 0.00271  |ddm|= 0.0151
  HOMO = -0.262363525305458  LUMO = 0.0486491455748541
cycle= 5 E= 984.601016955404  delta_E= -7.14e-06  |g|= 0.000544  |ddm|= 0.00732
  HOMO = -0.262457875019312  LUMO = 0.0487243111519652
cycle= 6 E= 984.601016633736  delta_E= -3.22e-07  |g|= 0.000184  |ddm|= 0.00165
  HOMO = -0.262471461668324  LUMO = 0.0487237166933709
cycle= 7 E= 984.601016618555  delta_E= -1.52e-08  |g|= 5.3e-05  |ddm|= 0.000338
  HOMO = -0.262480641022113  LUMO = 0.0487177552387455
cycle= 8 E= 984.60101661592  delta_E= -2.63e-09  |g|= 2.32e-05  |ddm|= 0.00013
  HOMO = -0.262480817718018  LUMO = 0.0487157759650598
cycle= 9 E= 984.601016615293  delta_E= -6.27e-10  |g|= 5.96e-06  |ddm|= 7.35e-05
  HOMO = -0.262480396751325  LUMO = 0.0487156828341708
Extra cycle  E= 984.601016615709  delta_E= 4.16e-10  |g|= 3.78e-06  |ddm|= 1.17e-05
converged SCF energy = 984.601016615709
Difference in energy:  -681.743356818815
E(MP2) = 984.035928093809  E_corr = -0.565088521900695
Total energy =  -774.4832780645203
time elapsed:  30.81157612800598
