

******** <class 'pyscf.dft.rks.RKS'> ********
method = RKS-RHF
initial guess = minao
damping factor = 0
level_shift factor = 0
DIIS = <class 'pyscf.scf.diis.CDIIS'>
diis_start_cycle = 1
diis_space = 8
SCF conv_tol = 1e-09
SCF conv_tol_grad = 1e-05
SCF max_cycles = 1000
direct_scf = True
direct_scf_tol = 1e-13
chkfile to save SCF result = scf.fchk
max_memory 900000 MB (current use 79 MB)
XC library pyscf.dft.libxc version 5.1.7
    S. Lehtola, C. Steigemann, M. J. Oliveira, and M. A. Marques, SoftwareX 7, 1 (2018)
XC functionals = b3lyp
    P. A. M. Dirac, Math. Proc. Cambridge Philos. Soc. 26, 376 (1930)
    F. Bloch, Z. Phys. 57, 545 (1929)
    A. D. Becke, Phys. Rev. A 38, 3098 (1988)
    C. Lee, W. Yang, and R. G. Parr, Phys. Rev. B 37, 785 (1988)
    B. Miehlich, A. Savin, H. Stoll, and H. Preuss, Chem. Phys. Lett. 157, 200 (1989)
    S. H. Vosko, L. Wilk, and M. Nusair, Can. J. Phys. 58, 1200 (1980)
small_rho_cutoff = 1e-07
init E= -777.160551678557
  HOMO = -0.242748070468609  LUMO = -0.166873239171232
cycle= 1 E= -774.743572688719  delta_E= 2.42  |g|= 1.02  |ddm|=  6.2
  HOMO = -0.0410824883281281  LUMO = -0.0219595849675347
cycle= 2 E= -772.296636389753  delta_E= 2.45  |g|=  2.6  |ddm|=  3.2
  HOMO = -0.141122175417004  LUMO = -0.0740144587726645
cycle= 3 E= -774.70413839953  delta_E= -2.41  |g|= 0.892  |ddm|= 2.95
  HOMO = -0.188551641391082  LUMO = -0.0870428829264213
cycle= 4 E= -774.988372838145  delta_E= -0.284  |g|= 0.154  |ddm|= 1.29
  HOMO = -0.196897892502438  LUMO = -0.090341265193372
cycle= 5 E= -774.986636017677  delta_E= 0.00174  |g|= 0.165  |ddm|= 0.358
  HOMO = -0.196385174204512  LUMO = -0.0868353335834941
cycle= 6 E= -774.994803813472  delta_E= -0.00817  |g|= 0.0405  |ddm|= 0.226
  HOMO = -0.19508897804235  LUMO = -0.0846989194899705
cycle= 7 E= -774.995233509822  delta_E= -0.00043  |g|= 0.0112  |ddm|= 0.0495
  HOMO = -0.19508831455966  LUMO = -0.0845978909030999
cycle= 8 E= -774.995257460896  delta_E= -2.4e-05  |g|= 0.00602  |ddm|= 0.0174
  HOMO = -0.195150866189721  LUMO = -0.0847550543403083
cycle= 9 E= -774.995267701396  delta_E= -1.02e-05  |g|= 0.00169  |ddm|= 0.00832
  HOMO = -0.19519651688699  LUMO = -0.0847485848100829
cycle= 10 E= -774.995268324071  delta_E= -6.23e-07  |g|= 0.000915  |ddm|= 0.0026
  HOMO = -0.1951881298446  LUMO = -0.0847328508587992
cycle= 11 E= -774.99526854087  delta_E= -2.17e-07  |g|= 0.000291  |ddm|= 0.00119
  HOMO = -0.195175556176915  LUMO = -0.0847107195582332
cycle= 12 E= -774.995268557925  delta_E= -1.71e-08  |g|= 0.000139  |ddm|= 0.000415
  HOMO = -0.195189521950834  LUMO = -0.0847217769921095
cycle= 13 E= -774.995268562378  delta_E= -4.45e-09  |g|= 7.06e-05  |ddm|= 0.00022
  HOMO = -0.195188015500192  LUMO = -0.0847206316608593
cycle= 14 E= -774.995268563638  delta_E= -1.26e-09  |g|= 1.39e-05  |ddm|= 8.4e-05
  HOMO = -0.195187096505594  LUMO = -0.0847195818510834
cycle= 15 E= -774.995268563677  delta_E= -3.82e-11  |g|= 8.04e-06  |ddm|= 2.65e-05
  HOMO = -0.195187965897779  LUMO = -0.0847202736427242
Extra cycle  E= -774.995268563606  delta_E= 7e-11  |g|= 1.73e-05  |ddm|= 3.04e-05
converged SCF energy = -774.995268563606
AOs:  [0, 1, 2, 3, 4, 5, 6, 7, 8, 9, 10, 11, 12, 13, 14, 15, 16, 17, 18, 19, 20, 21, 22, 23, 24, 25, 26, 27, 28, 29, 30, 31, 32, 33, 34, 35, 36, 37, 38, 39, 40, 41, 42, 43, 44, 45, 46, 47, 48, 49, 50, 51, 52, 53, 54, 55, 56, 57, 58, 59, 60, 61, 62, 63]
64
Number of Active MOs:  16
Number of Environment MOs:  54
Number of Virtual MOs:  244
 # electrons:            α            β
         Env:  54.00000000  54.00000000
         Act:  16.00000000  16.00000000
         Vir:   0.00000000   0.00000000
Number of electrons in the active space:  32

 The density matrix is idempotent!

 The density matrix is idempotent!


******** <class 'pyscf.scf.hf.RHF'> ********
method = RHF
initial guess = minao
damping factor = 0
level_shift factor = 0
DIIS = <class 'pyscf.scf.diis.CDIIS'>
diis_start_cycle = 1
diis_space = 8
SCF conv_tol = 1e-09
SCF conv_tol_grad = 1e-05
SCF max_cycles = 200
direct_scf = True
direct_scf_tol = 1e-13
chkfile to save SCF result = subsys_scf.chk
max_memory 900000 MB (current use 10677 MB)
init E= 1002.7925920527
  HOMO = -0.253136432970441  LUMO = 0.043997999608115
cycle= 1 E= 1002.76490010701  delta_E= -0.0277  |g|= 0.0549  |ddm|= 0.701
  HOMO = -0.259924652352449  LUMO = 0.044100691535632
cycle= 2 E= 1002.76307989441  delta_E= -0.00182  |g|= 0.019  |ddm|= 0.127
  HOMO = -0.25790625041126  LUMO = 0.0477727172371407
cycle= 3 E= 1002.76273703337  delta_E= -0.000343  |g|= 0.00838  |ddm|= 0.0491
  HOMO = -0.259705584284896  LUMO = 0.04799455481577
cycle= 4 E= 1002.76268736869  delta_E= -4.97e-05  |g|= 0.00305  |ddm|= 0.017
  HOMO = -0.259940054883458  LUMO = 0.0483905780212394
cycle= 5 E= 1002.7626781174  delta_E= -9.25e-06  |g|= 0.000621  |ddm|= 0.00869
  HOMO = -0.260040830609835  LUMO = 0.0484790772768644
cycle= 6 E= 1002.76267767474  delta_E= -4.43e-07  |g|= 0.000188  |ddm|= 0.00209
  HOMO = -0.260061610316978  LUMO = 0.0484794281699823
cycle= 7 E= 1002.76267765694  delta_E= -1.78e-08  |g|= 5.75e-05  |ddm|= 0.00039
  HOMO = -0.260070818343735  LUMO = 0.0484734937089996
cycle= 8 E= 1002.76267765467  delta_E= -2.27e-09  |g|= 2.19e-05  |ddm|= 0.000133
  HOMO = -0.260071508219646  LUMO = 0.0484716763325402
cycle= 9 E= 1002.76267765421  delta_E= -4.57e-10  |g|= 8.58e-06  |ddm|= 6.52e-05
  HOMO = -0.260071142748748  LUMO = 0.0484714071456839
Extra cycle  E= 1002.76267765413  delta_E= -8.34e-11  |g|= 4.02e-06  |ddm|= 1.71e-05
converged SCF energy = 1002.76267765413
Difference in energy:  -682.8190770752797
E(MP2) = 1002.19572599496  E_corr = -0.56695165916575
Total energy =  -774.4740796719041
time elapsed:  30.073299884796143
