

******** <class 'pyscf.dft.rks.RKS'> ********
method = RKS-RHF
initial guess = minao
damping factor = 0
level_shift factor = 0
DIIS = <class 'pyscf.scf.diis.CDIIS'>
diis_start_cycle = 1
diis_space = 8
SCF conv_tol = 1e-09
SCF conv_tol_grad = 1e-05
SCF max_cycles = 1000
direct_scf = True
direct_scf_tol = 1e-13
chkfile to save SCF result = scf.fchk
max_memory 900000 MB (current use 79 MB)
XC library pyscf.dft.libxc version 5.1.7
    S. Lehtola, C. Steigemann, M. J. Oliveira, and M. A. Marques, SoftwareX 7, 1 (2018)
XC functionals = b3lyp
    P. A. M. Dirac, Math. Proc. Cambridge Philos. Soc. 26, 376 (1930)
    F. Bloch, Z. Phys. 57, 545 (1929)
    A. D. Becke, Phys. Rev. A 38, 3098 (1988)
    C. Lee, W. Yang, and R. G. Parr, Phys. Rev. B 37, 785 (1988)
    B. Miehlich, A. Savin, H. Stoll, and H. Preuss, Chem. Phys. Lett. 157, 200 (1989)
    S. H. Vosko, L. Wilk, and M. Nusair, Can. J. Phys. 58, 1200 (1980)
small_rho_cutoff = 1e-07
init E= -777.155200927187
  HOMO = -0.238821429443235  LUMO = -0.171754803077617
cycle= 1 E= -774.726251748787  delta_E= 2.43  |g|= 1.02  |ddm|= 6.19
  HOMO = -0.0488653794660871  LUMO = -0.00767727923046006
cycle= 2 E= -772.235639582527  delta_E= 2.49  |g|= 2.61  |ddm|= 3.23
  HOMO = -0.142321064914362  LUMO = -0.0678769272475724
cycle= 3 E= -774.694777108393  delta_E= -2.46  |g|= 0.881  |ddm|=    3
  HOMO = -0.183045366836427  LUMO = -0.0939042154361154
cycle= 4 E= -774.971732798376  delta_E= -0.277  |g|= 0.165  |ddm|=  1.3
  HOMO = -0.19270392653601  LUMO = -0.0955857969401183
cycle= 5 E= -774.968485174691  delta_E= 0.00325  |g|= 0.185  |ddm|= 0.406
  HOMO = -0.191231273601634  LUMO = -0.0932802418648033
cycle= 6 E= -774.979009465765  delta_E= -0.0105  |g|= 0.0486  |ddm|= 0.274
  HOMO = -0.190270364909831  LUMO = -0.0912763806446279
cycle= 7 E= -774.979661500389  delta_E= -0.000652  |g|= 0.0153  |ddm|= 0.0665
  HOMO = -0.190124554902293  LUMO = -0.0908307325661933
cycle= 8 E= -774.979710744136  delta_E= -4.92e-05  |g|= 0.00793  |ddm|= 0.025
  HOMO = -0.190312759161205  LUMO = -0.0910151060954844
cycle= 9 E= -774.979729784866  delta_E= -1.9e-05  |g|= 0.00198  |ddm|= 0.0114
  HOMO = -0.190378611318995  LUMO = -0.0910216686854206
cycle= 10 E= -774.979730534214  delta_E= -7.49e-07  |g|= 0.00124  |ddm|= 0.0033
  HOMO = -0.190380387455779  LUMO = -0.0910026970284419
cycle= 11 E= -774.979730937736  delta_E= -4.04e-07  |g|= 0.000368  |ddm|= 0.00157
  HOMO = -0.190363362399036  LUMO = -0.0909746229114418
cycle= 12 E= -774.97973096458  delta_E= -2.68e-08  |g|= 0.000163  |ddm|= 0.00048
  HOMO = -0.190379593175229  LUMO = -0.0909881415971684
cycle= 13 E= -774.979730969037  delta_E= -4.46e-09  |g|= 0.000111  |ddm|= 0.000303
  HOMO = -0.190377308062681  LUMO = -0.0909857275951568
cycle= 14 E= -774.979730972357  delta_E= -3.32e-09  |g|= 1.9e-05  |ddm|= 0.000141
  HOMO = -0.190376579055702  LUMO = -0.0909845127687352
cycle= 15 E= -774.979730972438  delta_E= -8.05e-11  |g|= 9.67e-06  |ddm|= 3.5e-05
  HOMO = -0.190377402656748  LUMO = -0.0909852571340375
Extra cycle  E= -774.97973097231  delta_E= 1.27e-10  |g|= 2.18e-05  |ddm|= 4.12e-05
converged SCF energy = -774.97973097231
AOs:  [0, 1, 2, 3, 4, 5, 6, 7, 8, 9, 10, 11, 12, 13, 14, 15, 16, 17, 18, 19, 20, 21, 22, 23, 24, 25, 26, 27, 28, 29, 30, 31, 32, 33, 34, 35, 36, 37, 38, 39, 40, 41, 42, 43, 44, 45, 46, 47, 48, 49, 50, 51, 52, 53, 54, 55, 56, 57, 58, 59, 60, 61, 62, 63]
64
Number of Active MOs:  16
Number of Environment MOs:  54
Number of Virtual MOs:  244
 # electrons:            α            β
         Env:  54.00000000  54.00000000
         Act:  16.00000000  16.00000000
         Vir:   0.00000000   0.00000000
Number of electrons in the active space:  32

 The density matrix is idempotent!

 The density matrix is idempotent!


******** <class 'pyscf.scf.hf.RHF'> ********
method = RHF
initial guess = minao
damping factor = 0
level_shift factor = 0
DIIS = <class 'pyscf.scf.diis.CDIIS'>
diis_start_cycle = 1
diis_space = 8
SCF conv_tol = 1e-09
SCF conv_tol_grad = 1e-05
SCF max_cycles = 200
direct_scf = True
direct_scf_tol = 1e-13
chkfile to save SCF result = subsys_scf.chk
max_memory 900000 MB (current use 10541 MB)
init E= 1000.81967161908
  HOMO = -0.241010860600103  LUMO = 0.0364590915594471
cycle= 1 E= 1000.79171469897  delta_E= -0.028  |g|= 0.0554  |ddm|= 0.67
  HOMO = -0.247917298224467  LUMO = 0.0371606729645155
cycle= 2 E= 1000.78977091915  delta_E= -0.00194  |g|= 0.0196  |ddm|= 0.131
  HOMO = -0.246162372083578  LUMO = 0.0416875441676847
cycle= 3 E= 1000.7893659899  delta_E= -0.000405  |g|= 0.00883  |ddm|= 0.0551
  HOMO = -0.24810544247137  LUMO = 0.0419870747353294
cycle= 4 E= 1000.78930448258  delta_E= -6.15e-05  |g|= 0.00346  |ddm|= 0.0202
  HOMO = -0.248385100472211  LUMO = 0.0425634574709756
cycle= 5 E= 1000.78929132641  delta_E= -1.32e-05  |g|= 0.000747  |ddm|= 0.0109
  HOMO = -0.248520455680141  LUMO = 0.0426789863734239
cycle= 6 E= 1000.78929068261  delta_E= -6.44e-07  |g|= 0.00024  |ddm|= 0.00275
  HOMO = -0.248545363548038  LUMO = 0.0426802879331617
cycle= 7 E= 1000.78929065207  delta_E= -3.05e-08  |g|= 8.25e-05  |ddm|= 0.000538
  HOMO = -0.248556744740794  LUMO = 0.0426718777919776
cycle= 8 E= 1000.78929064711  delta_E= -4.95e-09  |g|= 3.07e-05  |ddm|= 0.000204
  HOMO = -0.248557918149004  LUMO = 0.0426692790601349
cycle= 9 E= 1000.78929064605  delta_E= -1.06e-09  |g|= 1.58e-05  |ddm|= 0.000104
  HOMO = -0.248557017512252  LUMO = 0.0426690086190008
cycle= 10 E= 1000.78929064605  delta_E=    0  |g|= 4.82e-06  |ddm|= 4.13e-05
  HOMO = -0.248557229542127  LUMO = 0.0426686182567113
Extra cycle  E= 1000.7892906457  delta_E= -3.54e-10  |g|= 3.81e-06  |ddm|= 1.29e-05
converged SCF energy = 1000.7892906457
Difference in energy:  -685.8996554989125
E(MP2) = 1000.21985303252  E_corr = -0.569437613174192
Total energy =  -774.4561188245262
time elapsed:  30.937111854553223
