

******** <class 'pyscf.dft.rks.RKS'> ********
method = RKS-RHF
initial guess = minao
damping factor = 0
level_shift factor = 0
DIIS = <class 'pyscf.scf.diis.CDIIS'>
diis_start_cycle = 1
diis_space = 8
SCF conv_tol = 1e-09
SCF conv_tol_grad = 1e-05
SCF max_cycles = 1000
direct_scf = True
direct_scf_tol = 1e-13
chkfile to save SCF result = scf.fchk
max_memory 900000 MB (current use 79 MB)
XC library pyscf.dft.libxc version 5.1.7
    S. Lehtola, C. Steigemann, M. J. Oliveira, and M. A. Marques, SoftwareX 7, 1 (2018)
XC functionals = b3lyp
    P. A. M. Dirac, Math. Proc. Cambridge Philos. Soc. 26, 376 (1930)
    F. Bloch, Z. Phys. 57, 545 (1929)
    A. D. Becke, Phys. Rev. A 38, 3098 (1988)
    C. Lee, W. Yang, and R. G. Parr, Phys. Rev. B 37, 785 (1988)
    B. Miehlich, A. Savin, H. Stoll, and H. Preuss, Chem. Phys. Lett. 157, 200 (1989)
    S. H. Vosko, L. Wilk, and M. Nusair, Can. J. Phys. 58, 1200 (1980)
small_rho_cutoff = 1e-07
init E= -777.1532182048
  HOMO = -0.235427876130109  LUMO = -0.17530704554953
cycle= 1 E= -774.711086201098  delta_E= 2.44  |g|= 1.02  |ddm|=  6.2
  HOMO = -0.0528000447562801  LUMO = 0.00450525879796193
cycle= 2 E= -772.182459521711  delta_E= 2.53  |g|= 2.62  |ddm|= 3.25
  HOMO = -0.141198504945825  LUMO = -0.0646454200243346
cycle= 3 E= -774.691183136541  delta_E= -2.51  |g|= 0.868  |ddm|= 3.04
  HOMO = -0.178527613462969  LUMO = -0.0992404186007922
cycle= 4 E= -774.958469348978  delta_E= -0.267  |g|= 0.176  |ddm|= 1.31
  HOMO = -0.188943254078193  LUMO = -0.0994138212914618
cycle= 5 E= -774.953685882313  delta_E= 0.00478  |g|= 0.204  |ddm|= 0.454
  HOMO = -0.186655715594596  LUMO = -0.0980811272598119
cycle= 6 E= -774.966575971562  delta_E= -0.0129  |g|= 0.0571  |ddm|= 0.321
  HOMO = -0.186152126313313  LUMO = -0.0962317809712425
cycle= 7 E= -774.967524352492  delta_E= -0.000948  |g|= 0.0189  |ddm|= 0.0846
  HOMO = -0.185819867921008  LUMO = -0.0955060463814519
cycle= 8 E= -774.967608362233  delta_E= -8.4e-05  |g|= 0.00896  |ddm|= 0.0309
  HOMO = -0.186129401663256  LUMO = -0.0956883694780118
cycle= 9 E= -774.967633174169  delta_E= -2.48e-05  |g|= 0.00237  |ddm|= 0.0133
  HOMO = -0.186215563946909  LUMO = -0.0957022222478318
cycle= 10 E= -774.967634269014  delta_E= -1.09e-06  |g|= 0.00145  |ddm|= 0.00397
  HOMO = -0.18622617061072  LUMO = -0.0956814737429325
cycle= 11 E= -774.967634826425  delta_E= -5.57e-07  |g|= 0.000439  |ddm|= 0.00185
  HOMO = -0.186207060650478  LUMO = -0.0956509813607412
cycle= 12 E= -774.967634866568  delta_E= -4.01e-08  |g|= 0.000162  |ddm|= 0.000534
  HOMO = -0.186222835159672  LUMO = -0.0956653218001525
cycle= 13 E= -774.967634869519  delta_E= -2.95e-09  |g|= 0.000129  |ddm|= 0.000329
  HOMO = -0.186220215250092  LUMO = -0.0956617080107258
cycle= 14 E= -774.96763487422  delta_E= -4.7e-09  |g|= 2.72e-05  |ddm|= 0.000175
  HOMO = -0.186219930445995  LUMO = -0.0956606528648545
cycle= 15 E= -774.967634874389  delta_E= -1.68e-10  |g|= 9.73e-06  |ddm|= 4.07e-05
  HOMO = -0.186220409801827  LUMO = -0.0956611411016676
Extra cycle  E= -774.967634874254  delta_E= 1.34e-10  |g|= 2.22e-05  |ddm|= 4.28e-05
converged SCF energy = -774.967634874254
AOs:  [0, 1, 2, 3, 4, 5, 6, 7, 8, 9, 10, 11, 12, 13, 14, 15, 16, 17, 18, 19, 20, 21, 22, 23, 24, 25, 26, 27, 28, 29, 30, 31, 32, 33, 34, 35, 36, 37, 38, 39, 40, 41, 42, 43, 44, 45, 46, 47, 48, 49, 50, 51, 52, 53, 54, 55, 56, 57, 58, 59, 60, 61, 62, 63]
64
Number of Active MOs:  16
Number of Environment MOs:  54
Number of Virtual MOs:  244
 # electrons:            α            β
         Env:  54.00000000  54.00000000
         Act:  16.00000000  16.00000000
         Vir:   0.00000000   0.00000000
Number of electrons in the active space:  32

 The density matrix is idempotent!

 The density matrix is idempotent!


******** <class 'pyscf.scf.hf.RHF'> ********
method = RHF
initial guess = minao
damping factor = 0
level_shift factor = 0
DIIS = <class 'pyscf.scf.diis.CDIIS'>
diis_start_cycle = 1
diis_space = 8
SCF conv_tol = 1e-09
SCF conv_tol_grad = 1e-05
SCF max_cycles = 200
direct_scf = True
direct_scf_tol = 1e-13
chkfile to save SCF result = subsys_scf.chk
max_memory 900000 MB (current use 10416 MB)
init E= 999.479799329528
  HOMO = -0.232158204915254  LUMO = 0.0306253863798768
cycle= 1 E= 999.451725363226  delta_E= -0.0281  |g|= 0.0558  |ddm|= 0.663
  HOMO = -0.239069726457994  LUMO = 0.0316028361846633
cycle= 2 E= 999.449693744317  delta_E= -0.00203  |g|= 0.0201  |ddm|= 0.136
  HOMO = -0.237536468577077  LUMO = 0.0366508142573065
cycle= 3 E= 999.449238503803  delta_E= -0.000455  |g|= 0.00934  |ddm|= 0.0597
  HOMO = -0.23955207192682  LUMO = 0.037010892384261
cycle= 4 E= 999.44916470192  delta_E= -7.38e-05  |g|= 0.00379  |ddm|= 0.0229
  HOMO = -0.239882370237366  LUMO = 0.0377271925468874
cycle= 5 E= 999.449147507528  delta_E= -1.72e-05  |g|= 0.000892  |ddm|= 0.0128
  HOMO = -0.240046669218441  LUMO = 0.0378589431730684
cycle= 6 E= 999.449146612412  delta_E= -8.95e-07  |g|= 0.000307  |ddm|= 0.00332
  HOMO = -0.240075070282615  LUMO = 0.0378602709856038
cycle= 7 E= 999.449146558142  delta_E= -5.43e-08  |g|= 0.000118  |ddm|= 0.000705
  HOMO = -0.240087511586601  LUMO = 0.0378484176148088
cycle= 8 E= 999.449146546459  delta_E= -1.17e-08  |g|= 4.46e-05  |ddm|= 0.000325
  HOMO = -0.240089086602686  LUMO = 0.0378438023682272
cycle= 9 E= 999.449146543297  delta_E= -3.16e-09  |g|= 2.49e-05  |ddm|= 0.000184
  HOMO = -0.240087075930841  LUMO = 0.0378435241539112
cycle= 10 E= 999.449146543059  delta_E= -2.39e-10  |g|= 7.12e-06  |ddm|= 7.72e-05
  HOMO = -0.240087429274318  LUMO = 0.037842828823329
Extra cycle  E= 999.44914654325  delta_E= 1.91e-10  |g|= 5.42e-06  |ddm|= 2.03e-05
converged SCF energy = 999.44914654325
Difference in energy:  -688.2742339335701
E(MP2) = 998.877905903857  E_corr = -0.57124063939365
Total energy =  -774.4420416242541
time elapsed:  31.841530799865723
