

******** <class 'pyscf.dft.rks.RKS'> ********
method = RKS-RHF
initial guess = minao
damping factor = 0
level_shift factor = 0
DIIS = <class 'pyscf.scf.diis.CDIIS'>
diis_start_cycle = 1
diis_space = 8
SCF conv_tol = 1e-09
SCF conv_tol_grad = 1e-05
SCF max_cycles = 1000
direct_scf = True
direct_scf_tol = 1e-13
chkfile to save SCF result = scf.fchk
max_memory 900000 MB (current use 79 MB)
XC library pyscf.dft.libxc version 5.1.7
    S. Lehtola, C. Steigemann, M. J. Oliveira, and M. A. Marques, SoftwareX 7, 1 (2018)
XC functionals = b3lyp
    P. A. M. Dirac, Math. Proc. Cambridge Philos. Soc. 26, 376 (1930)
    F. Bloch, Z. Phys. 57, 545 (1929)
    A. D. Becke, Phys. Rev. A 38, 3098 (1988)
    C. Lee, W. Yang, and R. G. Parr, Phys. Rev. B 37, 785 (1988)
    B. Miehlich, A. Savin, H. Stoll, and H. Preuss, Chem. Phys. Lett. 157, 200 (1989)
    S. H. Vosko, L. Wilk, and M. Nusair, Can. J. Phys. 58, 1200 (1980)
small_rho_cutoff = 1e-07
init E= -777.15089848015
  HOMO = -0.225855724988397  LUMO = -0.184073531071302
cycle= 1 E= -774.658117529367  delta_E= 2.49  |g|= 1.03  |ddm|=  6.2
  HOMO = -0.0445360122077018  LUMO = -0.0152571818469954
cycle= 2 E= -771.839947208288  delta_E= 2.82  |g|= 2.72  |ddm|=  3.5
  HOMO = -0.129966540465237  LUMO = -0.0662054429225436
cycle= 3 E= -774.701831450794  delta_E= -2.86  |g|= 0.794  |ddm|= 3.27
  HOMO = -0.166478246095915  LUMO = -0.115825324305424
cycle= 4 E= -774.911416543965  delta_E= -0.21  |g|= 0.272  |ddm|= 1.43
  HOMO = -0.178414991844442  LUMO = -0.110181238869307
cycle= 5 E= -774.905697552797  delta_E= 0.00572  |g|= 0.297  |ddm|= 0.763
  HOMO = -0.171679616448307  LUMO = -0.111051672361768
cycle= 6 E= -774.93284610063  delta_E= -0.0271  |g|= 0.0967  |ddm|= 0.565
  HOMO = -0.173187580376265  LUMO = -0.109951968519609
cycle= 7 E= -774.936128900962  delta_E= -0.00328  |g|= 0.0359  |ddm|= 0.166
  HOMO = -0.172609392660159  LUMO = -0.107942459252626
cycle= 8 E= -774.936508690668  delta_E= -0.00038  |g|= 0.0138  |ddm|= 0.0534
  HOMO = -0.173513192596489  LUMO = -0.108322196345498
cycle= 9 E= -774.936563591033  delta_E= -5.49e-05  |g|= 0.00466  |ddm|= 0.022
  HOMO = -0.173655186577944  LUMO = -0.108345102494314
cycle= 10 E= -774.936568668514  delta_E= -5.08e-06  |g|= 0.00203  |ddm|= 0.0067
  HOMO = -0.173641059772138  LUMO = -0.108299766729097
cycle= 11 E= -774.936569849933  delta_E= -1.18e-06  |g|= 0.000512  |ddm|= 0.00289
  HOMO = -0.173636798655758  LUMO = -0.108280235781034
cycle= 12 E= -774.936569925495  delta_E= -7.56e-08  |g|= 0.000215  |ddm|= 0.000725
  HOMO = -0.173639249712733  LUMO = -0.108275656855049
cycle= 13 E= -774.936569939794  delta_E= -1.43e-08  |g|= 5.89e-05  |ddm|= 0.000325
  HOMO = -0.173640730303057  LUMO = -0.108276651946516
cycle= 14 E= -774.936569940298  delta_E= -5.04e-10  |g|= 3.9e-05  |ddm|= 0.000111
  HOMO = -0.17364092631081  LUMO = -0.108277612737034
cycle= 15 E= -774.936569940235  delta_E= 6.23e-11  |g|= 3.97e-05  |ddm|= 0.00011
  HOMO = -0.173641423343474  LUMO = -0.108277108322506
cycle= 16 E= -774.936569940802  delta_E= -5.67e-10  |g|= 1.05e-05  |ddm|= 7.04e-05
  HOMO = -0.173641416003552  LUMO = -0.108277039646519
cycle= 17 E= -774.936569940821  delta_E= -1.93e-11  |g|= 6.28e-06  |ddm|= 1.52e-05
  HOMO = -0.173640908557507  LUMO = -0.108276570186859
Extra cycle  E= -774.936569940758  delta_E= 6.3e-11  |g|= 1.55e-05  |ddm|= 2.6e-05
converged SCF energy = -774.936569940758
AOs:  [0, 1, 2, 3, 4, 5, 6, 7, 8, 9, 10, 11, 12, 13, 14, 15, 16, 17, 18, 19, 20, 21, 22, 23, 24, 25, 26, 27, 28, 29, 30, 31, 32, 33, 34, 35, 36, 37, 38, 39, 40, 41, 42, 43, 44, 45, 46, 47, 48, 49, 50, 51, 52, 53, 54, 55, 56, 57, 58, 59, 60, 61, 62, 63]
64
Number of Active MOs:  16
Number of Environment MOs:  54
Number of Virtual MOs:  244
 # electrons:            α            β
         Env:  54.00000000  54.00000000
         Act:  16.00000000  16.00000000
         Vir:  -0.00000000  -0.00000000
Number of electrons in the active space:  32

 The density matrix is idempotent!

 The density matrix is idempotent!


******** <class 'pyscf.scf.hf.RHF'> ********
method = RHF
initial guess = minao
damping factor = 0
level_shift factor = 0
DIIS = <class 'pyscf.scf.diis.CDIIS'>
diis_start_cycle = 1
diis_space = 8
SCF conv_tol = 1e-09
SCF conv_tol_grad = 1e-05
SCF max_cycles = 200
direct_scf = True
direct_scf_tol = 1e-13
chkfile to save SCF result = subsys_scf.chk
max_memory 900000 MB (current use 10584 MB)
init E= 996.425052615005
  HOMO = -0.208699806765432  LUMO = 0.0150898592331807
cycle= 1 E= 996.39634211497  delta_E= -0.0287  |g|= 0.0576  |ddm|= 0.667
  HOMO = -0.215022444988975  LUMO = 0.0163706954459075
cycle= 2 E= 996.394046155248  delta_E= -0.0023  |g|= 0.0215  |ddm|= 0.15
  HOMO = -0.214418183497423  LUMO = 0.0222591893448916
cycle= 3 E= 996.393427062144  delta_E= -0.000619  |g|= 0.0117  |ddm|= 0.0737
  HOMO = -0.216180917988356  LUMO = 0.0228925572727709
cycle= 4 E= 996.393297532617  delta_E= -0.00013  |g|= 0.00478  |ddm|= 0.0334
  HOMO = -0.216855581548643  LUMO = 0.0239557434984125
cycle= 5 E= 996.39325865638  delta_E= -3.89e-05  |g|= 0.00175  |ddm|= 0.0214
  HOMO = -0.217085944181543  LUMO = 0.0241284356984624
cycle= 6 E= 996.393255572187  delta_E= -3.08e-06  |g|= 0.00072  |ddm|= 0.00628
  HOMO = -0.217126482467693  LUMO = 0.0241129832199053
cycle= 7 E= 996.393255075287  delta_E= -4.97e-07  |g|= 0.00038  |ddm|= 0.00224
  HOMO = -0.217130371144156  LUMO = 0.0240737319469878
cycle= 8 E= 996.393254873728  delta_E= -2.02e-07  |g|= 0.000158  |ddm|= 0.00174
  HOMO = -0.217126727322168  LUMO = 0.0240493815408611
cycle= 9 E= 996.393254820831  delta_E= -5.29e-08  |g|= 6.44e-05  |ddm|= 0.00113
  HOMO = -0.217114929052537  LUMO = 0.0240489518688378
cycle= 10 E= 996.393254816369  delta_E= -4.46e-09  |g|= 1.97e-05  |ddm|= 0.000357
  HOMO = -0.217115732454911  LUMO = 0.0240451484240978
cycle= 11 E= 996.393254815977  delta_E= -3.92e-10  |g|= 7.41e-06  |ddm|= 8.11e-05
  HOMO = -0.217114622364308  LUMO = 0.0240455036039518
Extra cycle  E= 996.393254816365  delta_E= 3.89e-10  |g|= 3.62e-06  |ddm|= 1.62e-05
converged SCF energy = 996.393254816365
Difference in energy:  -694.9318813503738
E(MP2) = 995.817445732469  E_corr = -0.575809083896396
Total energy =  -774.4049355076584
time elapsed:  33.53356170654297
