

******** <class 'pyscf.dft.rks.RKS'> ********
method = RKS-RHF
initial guess = minao
damping factor = 0
level_shift factor = 0
DIIS = <class 'pyscf.scf.diis.CDIIS'>
diis_start_cycle = 1
diis_space = 8
SCF conv_tol = 1e-09
SCF conv_tol_grad = 1e-05
SCF max_cycles = 1000
direct_scf = True
direct_scf_tol = 1e-13
chkfile to save SCF result = scf.fchk
max_memory 900000 MB (current use 79 MB)
XC library pyscf.dft.libxc version 5.1.7
    S. Lehtola, C. Steigemann, M. J. Oliveira, and M. A. Marques, SoftwareX 7, 1 (2018)
XC functionals = b3lyp
    P. A. M. Dirac, Math. Proc. Cambridge Philos. Soc. 26, 376 (1930)
    F. Bloch, Z. Phys. 57, 545 (1929)
    A. D. Becke, Phys. Rev. A 38, 3098 (1988)
    C. Lee, W. Yang, and R. G. Parr, Phys. Rev. B 37, 785 (1988)
    B. Miehlich, A. Savin, H. Stoll, and H. Preuss, Chem. Phys. Lett. 157, 200 (1989)
    S. H. Vosko, L. Wilk, and M. Nusair, Can. J. Phys. 58, 1200 (1980)
small_rho_cutoff = 1e-07
init E= -777.150122124015
  HOMO = -0.219406092909269  LUMO = -0.189702762181175
cycle= 1 E= -774.587090817052  delta_E= 2.56  |g|= 1.06  |ddm|= 6.21
  HOMO = -0.0377463862406021  LUMO = -0.00271204881205985
cycle= 2 E= -770.027843770184  delta_E= 4.56  |g|= 2.99  |ddm|= 4.12
  HOMO = -0.122500054786153  LUMO = -0.076015294152249
cycle= 3 E= -774.662252679577  delta_E= -4.63  |g|= 0.765  |ddm|= 3.89
  HOMO = -0.138091842340885  LUMO = -0.120041713756469
cycle= 4 E= -774.591430356942  delta_E= 0.0708  |g|= 0.785  |ddm|= 2.35
  HOMO = -0.161280393084489  LUMO = -0.134660056577764
cycle= 5 E= -774.81026483552  delta_E= -0.219  |g|= 0.522  |ddm|= 2.07
  HOMO = -0.14708769104634  LUMO = -0.1265989089106
cycle= 6 E= -774.802691732356  delta_E= 0.00757  |g|= 0.451  |ddm|= 1.68
  HOMO = -0.151387526970782  LUMO = -0.128864960821306
cycle= 7 E= -774.896213161873  delta_E= -0.0935  |g|= 0.16  |ddm|= 0.716
  HOMO = -0.15421841140675  LUMO = -0.122050337342288
cycle= 8 E= -774.901122169891  delta_E= -0.00491  |g|= 0.126  |ddm|= 0.162
  HOMO = -0.158822683175438  LUMO = -0.122374006274817
cycle= 9 E= -774.904760778603  delta_E= -0.00364  |g|= 0.0871  |ddm|= 0.122
  HOMO = -0.159089714461497  LUMO = -0.120994205828042
cycle= 10 E= -774.906499231379  delta_E= -0.00174  |g|= 0.0553  |ddm|= 0.0676
  HOMO = -0.159336221801351  LUMO = -0.120943145282065
cycle= 11 E= -774.907670352137  delta_E= -0.00117  |g|= 0.0246  |ddm|= 0.0673
  HOMO = -0.159591989504574  LUMO = -0.120940364518214
cycle= 12 E= -774.907914123619  delta_E= -0.000244  |g|= 0.00597  |ddm|= 0.0492
  HOMO = -0.159795412943773  LUMO = -0.121298175737863
cycle= 13 E= -774.907922959211  delta_E= -8.84e-06  |g|= 0.00334  |ddm|= 0.0126
  HOMO = -0.159750504700375  LUMO = -0.121278234549037
cycle= 14 E= -774.907925405059  delta_E= -2.45e-06  |g|= 0.00207  |ddm|= 0.0036
  HOMO = -0.159724777468657  LUMO = -0.121212100125946
cycle= 15 E= -774.907926947007  delta_E= -1.54e-06  |g|= 0.0007  |ddm|= 0.00264
  HOMO = -0.15974863370081  LUMO = -0.121231669802401
cycle= 16 E= -774.907927159086  delta_E= -2.12e-07  |g|= 0.000115  |ddm|= 0.00145
  HOMO = -0.159743159886902  LUMO = -0.121230433711718
cycle= 17 E= -774.907927162154  delta_E= -3.07e-09  |g|= 7.23e-05  |ddm|= 0.000207
  HOMO = -0.15974321356914  LUMO = -0.12123260645093
cycle= 18 E= -774.907927163497  delta_E= -1.34e-09  |g|= 2.75e-05  |ddm|= 9.19e-05
  HOMO = -0.159742020018948  LUMO = -0.121232271390351
cycle= 19 E= -774.907927163826  delta_E= -3.29e-10  |g|= 6.32e-06  |ddm|= 4.76e-05
  HOMO = -0.159742146755948  LUMO = -0.121233226989559
Extra cycle  E= -774.907927163665  delta_E= 1.61e-10  |g|= 2.08e-05  |ddm|= 4.69e-05
converged SCF energy = -774.907927163665
AOs:  [0, 1, 2, 3, 4, 5, 6, 7, 8, 9, 10, 11, 12, 13, 14, 15, 16, 17, 18, 19, 20, 21, 22, 23, 24, 25, 26, 27, 28, 29, 30, 31, 32, 33, 34, 35, 36, 37, 38, 39, 40, 41, 42, 43, 44, 45, 46, 47, 48, 49, 50, 51, 52, 53, 54, 55, 56, 57, 58, 59, 60, 61, 62, 63]
64
Number of Active MOs:  16
Number of Environment MOs:  54
Number of Virtual MOs:  244
 # electrons:            α            β
         Env:  54.00000000  54.00000000
         Act:  16.00000000  16.00000000
         Vir:   0.00000000   0.00000000
Number of electrons in the active space:  32

 The density matrix is idempotent!

 The density matrix is idempotent!


******** <class 'pyscf.scf.hf.RHF'> ********
method = RHF
initial guess = minao
damping factor = 0
level_shift factor = 0
DIIS = <class 'pyscf.scf.diis.CDIIS'>
diis_start_cycle = 1
diis_space = 8
SCF conv_tol = 1e-09
SCF conv_tol_grad = 1e-05
SCF max_cycles = 200
direct_scf = True
direct_scf_tol = 1e-13
chkfile to save SCF result = subsys_scf.chk
max_memory 900000 MB (current use 10406 MB)
init E= 993.924939392676
  HOMO = -0.184961531914818  LUMO = -0.00118773258872279
cycle= 1 E= 993.895502856092  delta_E= -0.0294  |g|= 0.0624  |ddm|= 0.683
  HOMO = -0.189595550634809  LUMO = -0.000750277004726281
cycle= 2 E= 993.892846923267  delta_E= -0.00266  |g|= 0.0238  |ddm|= 0.176
  HOMO = -0.190628662879553  LUMO = 0.00506986647960195
cycle= 3 E= 993.891989239459  delta_E= -0.000858  |g|= 0.0184  |ddm|= 0.0892
  HOMO = -0.19121297688805  LUMO = 0.00626318928797023
cycle= 4 E= 993.89168599132  delta_E= -0.000303  |g|= 0.00792  |ddm|= 0.0546
  HOMO = -0.192684924886354  LUMO = 0.00744191556556475
cycle= 5 E= 993.891528708492  delta_E= -0.000157  |g|= 0.00478  |ddm|= 0.0518
  HOMO = -0.192841249728439  LUMO = 0.00773296097289349
cycle= 6 E= 993.89149758328  delta_E= -3.11e-05  |g|= 0.00267  |ddm|= 0.0219
  HOMO = -0.192807711552495  LUMO = 0.00752750403317781
cycle= 7 E= 993.891484152594  delta_E= -1.34e-05  |g|= 0.00164  |ddm|= 0.0153
  HOMO = -0.192620268391178  LUMO = 0.00730991898577985
cycle= 8 E= 993.891477059611  delta_E= -7.09e-06  |g|= 0.000657  |ddm|= 0.0153
  HOMO = -0.192561221447238  LUMO = 0.00714872053729807
cycle= 9 E= 993.891475803392  delta_E= -1.26e-06  |g|= 0.000215  |ddm|= 0.00784
  HOMO = -0.192500655647022  LUMO = 0.00714610051445854
cycle= 10 E= 993.891475745387  delta_E= -5.8e-08  |g|= 7.17e-05  |ddm|= 0.0016
  HOMO = -0.192497617652895  LUMO = 0.00712817636427479
cycle= 11 E= 993.891475740202  delta_E= -5.18e-09  |g|= 2.5e-05  |ddm|= 0.000471
  HOMO = -0.192496863578631  LUMO = 0.00712835964700535
cycle= 12 E= 993.89147573965  delta_E= -5.52e-10  |g|= 6.45e-06  |ddm|= 8.73e-05
  HOMO = -0.192496368240615  LUMO = 0.00712808201234236
Extra cycle  E= 993.891475739715  delta_E= 6.49e-11  |g|= 2.98e-06  |ddm|= 1.99e-05
converged SCF energy = 993.891475739715
Difference in energy:  -701.4661978108521
E(MP2) = 993.312896479657  E_corr = -0.578579260058078
Total energy =  -774.368649819349
time elapsed:  36.0527982711792
