

******** <class 'pyscf.dft.rks.RKS'> ********
method = RKS-RHF
initial guess = minao
damping factor = 0
level_shift factor = 0
DIIS = <class 'pyscf.scf.diis.CDIIS'>
diis_start_cycle = 1
diis_space = 8
SCF conv_tol = 1e-09
SCF conv_tol_grad = 1e-05
SCF max_cycles = 1000
direct_scf = True
direct_scf_tol = 1e-13
chkfile to save SCF result = scf.fchk
max_memory 900000 MB (current use 79 MB)
XC library pyscf.dft.libxc version 5.1.7
    S. Lehtola, C. Steigemann, M. J. Oliveira, and M. A. Marques, SoftwareX 7, 1 (2018)
XC functionals = b3lyp
    P. A. M. Dirac, Math. Proc. Cambridge Philos. Soc. 26, 376 (1930)
    F. Bloch, Z. Phys. 57, 545 (1929)
    A. D. Becke, Phys. Rev. A 38, 3098 (1988)
    C. Lee, W. Yang, and R. G. Parr, Phys. Rev. B 37, 785 (1988)
    B. Miehlich, A. Savin, H. Stoll, and H. Preuss, Chem. Phys. Lett. 157, 200 (1989)
    S. H. Vosko, L. Wilk, and M. Nusair, Can. J. Phys. 58, 1200 (1980)
small_rho_cutoff = 1e-07
init E= -777.150042260123
  HOMO = -0.219040941186033  LUMO = -0.190003952189377
cycle= 1 E= -774.581142747458  delta_E= 2.57  |g|= 1.06  |ddm|= 6.21
  HOMO = -0.0339679240257053  LUMO = -0.000264362811389684
cycle= 2 E= -769.979522893264  delta_E=  4.6  |g|=    3  |ddm|= 4.14
  HOMO = -0.119683211869744  LUMO = -0.0777357108924533
cycle= 3 E= -774.657395079568  delta_E= -4.68  |g|= 0.764  |ddm|= 3.91
  HOMO = -0.134609901204564  LUMO = -0.119023662409864
cycle= 4 E= -774.561670255383  delta_E= 0.0957  |g|= 0.81  |ddm|= 2.41
  HOMO = -0.158136465210562  LUMO = -0.137325428492155
cycle= 5 E= -774.785905031701  delta_E= -0.224  |g|= 0.549  |ddm|= 2.24
  HOMO = -0.144253710967086  LUMO = -0.127781517979491
cycle= 6 E= -774.687430391146  delta_E= 0.0985  |g|= 0.595  |ddm|= 2.19
  HOMO = -0.143165153684102  LUMO = -0.136576044810515
cycle= 7 E= -774.887650018108  delta_E= -0.2  |g|= 0.175  |ddm|= 1.33
  HOMO = -0.149809461451212  LUMO = -0.127368037680694
cycle= 8 E= -774.900142317995  delta_E= -0.0125  |g|= 0.0743  |ddm|= 0.253
  HOMO = -0.155919208176317  LUMO = -0.126030411828523
cycle= 9 E= -774.897796224809  delta_E= 0.00235  |g|= 0.106  |ddm|= 0.149
  HOMO = -0.156005574664593  LUMO = -0.123543530378381
cycle= 10 E= -774.89885394141  delta_E= -0.00106  |g|= 0.088  |ddm|= 0.0682
  HOMO = -0.156137526471312  LUMO = -0.123296519487089
cycle= 11 E= -774.900654602277  delta_E= -0.0018  |g|= 0.0648  |ddm|= 0.062
  HOMO = -0.155888722858317  LUMO = -0.12309659432957
cycle= 12 E= -774.90192208183  delta_E= -0.00127  |g|= 0.0393  |ddm|= 0.0641
  HOMO = -0.156941144535851  LUMO = -0.124833421673677
cycle= 13 E= -774.902170093322  delta_E= -0.000248  |g|= 0.0273  |ddm|= 0.0301
  HOMO = -0.156712382423225  LUMO = -0.123804117585139
cycle= 14 E= -774.902424268615  delta_E= -0.000254  |g|= 0.0121  |ddm|= 0.0276
  HOMO = -0.156803272043478  LUMO = -0.123749141038298
cycle= 15 E= -774.902489278009  delta_E= -6.5e-05  |g|= 0.00283  |ddm|= 0.0195
  HOMO = -0.156912104090589  LUMO = -0.123871483223899
cycle= 16 E= -774.902491668853  delta_E= -2.39e-06  |g|= 0.00139  |ddm|= 0.00778
  HOMO = -0.156848155903396  LUMO = -0.12385620633616
cycle= 17 E= -774.902492493312  delta_E= -8.24e-07  |g|= 0.000385  |ddm|= 0.00221
  HOMO = -0.156842346873507  LUMO = -0.123859567869642
cycle= 18 E= -774.902492560758  delta_E= -6.74e-08  |g|= 0.000144  |ddm|= 0.000851
  HOMO = -0.156839618450173  LUMO = -0.123859302840185
cycle= 19 E= -774.902492562254  delta_E= -1.5e-09  |g|= 0.000108  |ddm|= 0.000285
  HOMO = -0.156842401311405  LUMO = -0.123862800775763
cycle= 20 E= -774.902492566633  delta_E= -4.38e-09  |g|= 3.73e-05  |ddm|= 0.000142
  HOMO = -0.156842354093049  LUMO = -0.123863330319901
cycle= 21 E= -774.902492567166  delta_E= -5.33e-10  |g|= 1.1e-05  |ddm|= 8.21e-05
  HOMO = -0.156841850005868  LUMO = -0.123862980058596
cycle= 22 E= -774.902492567202  delta_E= -3.57e-11  |g|= 3.5e-06  |ddm|= 1.2e-05
  HOMO = -0.156841547100263  LUMO = -0.123863123356545
Extra cycle  E= -774.90249256706  delta_E= 1.42e-10  |g|= 1.82e-05  |ddm|= 4.01e-05
converged SCF energy = -774.90249256706
AOs:  [0, 1, 2, 3, 4, 5, 6, 7, 8, 9, 10, 11, 12, 13, 14, 15, 16, 17, 18, 19, 20, 21, 22, 23, 24, 25, 26, 27, 28, 29, 30, 31, 32, 33, 34, 35, 36, 37, 38, 39, 40, 41, 42, 43, 44, 45, 46, 47, 48, 49, 50, 51, 52, 53, 54, 55, 56, 57, 58, 59, 60, 61, 62, 63]
64
Number of Active MOs:  16
Number of Environment MOs:  54
Number of Virtual MOs:  244
 # electrons:            α            β
         Env:  54.00000000  54.00000000
         Act:  16.00000000  16.00000000
         Vir:   0.00000000   0.00000000
Number of electrons in the active space:  32

 The density matrix is idempotent!

 The density matrix is idempotent!


******** <class 'pyscf.scf.hf.RHF'> ********
method = RHF
initial guess = minao
damping factor = 0
level_shift factor = 0
DIIS = <class 'pyscf.scf.diis.CDIIS'>
diis_start_cycle = 1
diis_space = 8
SCF conv_tol = 1e-09
SCF conv_tol_grad = 1e-05
SCF max_cycles = 200
direct_scf = True
direct_scf_tol = 1e-13
chkfile to save SCF result = subsys_scf.chk
max_memory 900000 MB (current use 10412 MB)
init E= 993.474753424014
  HOMO = -0.180114514598479  LUMO = -0.00444770448980047
cycle= 1 E= 993.445101655469  delta_E= -0.0297  |g|= 0.0643  |ddm|= 0.687
  HOMO = -0.184157302956962  LUMO = -0.00439653981800964
cycle= 2 E= 993.442335132032  delta_E= -0.00277  |g|= 0.0245  |ddm|= 0.185
  HOMO = -0.185669818798036  LUMO = 0.00131330498787625
cycle= 3 E= 993.441402305421  delta_E= -0.000933  |g|= 0.0206  |ddm|= 0.0934
  HOMO = -0.185958989216148  LUMO = 0.00262750060237836
cycle= 4 E= 993.441023290202  delta_E= -0.000379  |g|= 0.00947  |ddm|= 0.0617
  HOMO = -0.187551982958572  LUMO = 0.00375140059096985
cycle= 5 E= 993.440793204259  delta_E= -0.00023  |g|= 0.00608  |ddm|= 0.0647
  HOMO = -0.187640829011207  LUMO = 0.00408056287147447
cycle= 6 E= 993.440734600294  delta_E= -5.86e-05  |g|= 0.00364  |ddm|= 0.0311
  HOMO = -0.187541531477546  LUMO = 0.00373821261755503
cycle= 7 E= 993.440704737851  delta_E= -2.99e-05  |g|= 0.00232  |ddm|= 0.0242
  HOMO = -0.187202543596049  LUMO = 0.003418621579355
cycle= 8 E= 993.440687656607  delta_E= -1.71e-05  |g|= 0.00099  |ddm|= 0.0255
  HOMO = -0.187088441957532  LUMO = 0.0031327905220663
cycle= 9 E= 993.440684289406  delta_E= -3.37e-06  |g|= 0.000318  |ddm|= 0.0142
  HOMO = -0.186994781417992  LUMO = 0.00311801145662365
cycle= 10 E= 993.440684140381  delta_E= -1.49e-07  |g|= 0.000105  |ddm|= 0.00272
  HOMO = -0.18698092367191  LUMO = 0.0030913717669034
cycle= 11 E= 993.440684126434  delta_E= -1.39e-08  |g|= 3.33e-05  |ddm|= 0.000924
  HOMO = -0.18698111132803  LUMO = 0.00309033316887642
cycle= 12 E= 993.440684125566  delta_E= -8.68e-10  |g|= 7.61e-06  |ddm|= 0.000128
  HOMO = -0.186980550630987  LUMO = 0.00309066347882315
Extra cycle  E= 993.440684125434  delta_E= -1.32e-10  |g|= 3.52e-06  |ddm|= 2.39e-05
converged SCF energy = 993.440684125434
Difference in energy:  -702.6812358810425
E(MP2) = 992.862661533139  E_corr = -0.578022592294947
Total energy =  -774.360722270188
time elapsed:  41.64234161376953
