

******** <class 'pyscf.dft.rks.RKS'> ********
method = RKS-RHF
initial guess = minao
damping factor = 0
level_shift factor = 0
DIIS = <class 'pyscf.scf.diis.CDIIS'>
diis_start_cycle = 1
diis_space = 8
SCF conv_tol = 1e-09
SCF conv_tol_grad = 1e-05
SCF max_cycles = 1000
direct_scf = True
direct_scf_tol = 1e-13
chkfile to save SCF result = scf.fchk
max_memory 900000 MB (current use 79 MB)
XC library pyscf.dft.libxc version 5.1.7
    S. Lehtola, C. Steigemann, M. J. Oliveira, and M. A. Marques, SoftwareX 7, 1 (2018)
XC functionals = b3lyp
    P. A. M. Dirac, Math. Proc. Cambridge Philos. Soc. 26, 376 (1930)
    F. Bloch, Z. Phys. 57, 545 (1929)
    A. D. Becke, Phys. Rev. A 38, 3098 (1988)
    C. Lee, W. Yang, and R. G. Parr, Phys. Rev. B 37, 785 (1988)
    B. Miehlich, A. Savin, H. Stoll, and H. Preuss, Chem. Phys. Lett. 157, 200 (1989)
    S. H. Vosko, L. Wilk, and M. Nusair, Can. J. Phys. 58, 1200 (1980)
small_rho_cutoff = 1e-07
init E= -777.149998867546
  HOMO = -0.219017852617422  LUMO = -0.190006264895369
cycle= 1 E= -774.581091404758  delta_E= 2.57  |g|= 1.06  |ddm|= 6.21
  HOMO = -0.0340150942470746  LUMO = -0.000511455952812358
cycle= 2 E= -769.982792783349  delta_E=  4.6  |g|=    3  |ddm|= 4.14
  HOMO = -0.119547235045399  LUMO = -0.0777309920064587
cycle= 3 E= -774.657127494031  delta_E= -4.67  |g|= 0.765  |ddm|=  3.9
  HOMO = -0.134539107289617  LUMO = -0.119110732421751
cycle= 4 E= -774.561473406863  delta_E= 0.0957  |g|= 0.81  |ddm|= 2.41
  HOMO = -0.158111080454713  LUMO = -0.137346221788649
cycle= 5 E= -774.785252790435  delta_E= -0.224  |g|= 0.55  |ddm|= 2.24
  HOMO = -0.144180719398993  LUMO = -0.127724413573931
cycle= 6 E= -774.684503053803  delta_E= 0.101  |g|= 0.598  |ddm|=  2.2
  HOMO = -0.14284057323332  LUMO = -0.136907978714792
cycle= 7 E= -774.88771209605  delta_E= -0.203  |g|= 0.173  |ddm|= 1.36
  HOMO = -0.149550641002817  LUMO = -0.127361366973786
cycle= 8 E= -774.90050072515  delta_E= -0.0128  |g|= 0.0649  |ddm|= 0.269
  HOMO = -0.156036570743279  LUMO = -0.126093543827376
cycle= 9 E= -774.898627482811  delta_E= 0.00187  |g|= 0.095  |ddm|= 0.151
  HOMO = -0.155973771087356  LUMO = -0.123498564457683
cycle= 10 E= -774.899787304603  delta_E= -0.00116  |g|= 0.0732  |ddm|= 0.0699
  HOMO = -0.156136996533586  LUMO = -0.123232153757823
cycle= 11 E= -774.901185249069  delta_E= -0.0014  |g|= 0.0503  |ddm|= 0.0577
  HOMO = -0.156052358767979  LUMO = -0.123156872597887
cycle= 12 E= -774.902014850789  delta_E= -0.00083  |g|= 0.0277  |ddm|= 0.0549
  HOMO = -0.156842704305192  LUMO = -0.124438220928174
cycle= 13 E= -774.902149808858  delta_E= -0.000135  |g|= 0.0185  |ddm|= 0.0228
  HOMO = -0.156598779381562  LUMO = -0.12370452396642
cycle= 14 E= -774.902261969922  delta_E= -0.000112  |g|= 0.00855  |ddm|= 0.0185
  HOMO = -0.156644874586766  LUMO = -0.123635875089062
cycle= 15 E= -774.902293813351  delta_E= -3.18e-05  |g|= 0.00196  |ddm|= 0.0139
  HOMO = -0.156727256742029  LUMO = -0.123734028075309
cycle= 16 E= -774.902294960108  delta_E= -1.15e-06  |g|= 0.000921  |ddm|= 0.00506
  HOMO = -0.156687994662995  LUMO = -0.123726112321363
cycle= 17 E= -774.90229529294  delta_E= -3.33e-07  |g|= 0.000288  |ddm|= 0.00142
  HOMO = -0.156682079518891  LUMO = -0.123726729957577
cycle= 18 E= -774.902295327088  delta_E= -3.41e-08  |g|= 0.000113  |ddm|= 0.000568
  HOMO = -0.156678661491443  LUMO = -0.123725618363534
cycle= 19 E= -774.902295328387  delta_E= -1.3e-09  |g|= 8.95e-05  |ddm|= 0.000253
  HOMO = -0.156681019107935  LUMO = -0.123729087049053
cycle= 20 E= -774.902295331307  delta_E= -2.92e-09  |g|= 2.6e-05  |ddm|= 0.000122
  HOMO = -0.15668068379779  LUMO = -0.123729677644575
cycle= 21 E= -774.902295331526  delta_E= -2.19e-10  |g|= 8.69e-06  |ddm|= 5.08e-05
  HOMO = -0.156680405212347  LUMO = -0.123729605956896
Extra cycle  E= -774.902295331455  delta_E= 7.14e-11  |g|= 1.82e-05  |ddm|= 2.81e-05
converged SCF energy = -774.902295331455
AOs:  [0, 1, 2, 3, 4, 5, 6, 7, 8, 9, 10, 11, 12, 13, 14, 15, 16, 17, 18, 19, 20, 21, 22, 23, 24, 25, 26, 27, 28, 29, 30, 31, 32, 33, 34, 35, 36, 37, 38, 39, 40, 41, 42, 43, 44, 45, 46, 47, 48, 49, 50, 51, 52, 53, 54, 55, 56, 57, 58, 59, 60, 61, 62, 63]
64
Number of Active MOs:  16
Number of Environment MOs:  54
Number of Virtual MOs:  244
 # electrons:            α            β
         Env:  54.00000000  54.00000000
         Act:  16.00000000  16.00000000
         Vir:  -0.00000000  -0.00000000
Number of electrons in the active space:  32

 The density matrix is idempotent!

 The density matrix is idempotent!


******** <class 'pyscf.scf.hf.RHF'> ********
method = RHF
initial guess = minao
damping factor = 0
level_shift factor = 0
DIIS = <class 'pyscf.scf.diis.CDIIS'>
diis_start_cycle = 1
diis_space = 8
SCF conv_tol = 1e-09
SCF conv_tol_grad = 1e-05
SCF max_cycles = 200
direct_scf = True
direct_scf_tol = 1e-13
chkfile to save SCF result = subsys_scf.chk
max_memory 900000 MB (current use 10412 MB)
init E= 993.169594530476
  HOMO = -0.179465278408578  LUMO = -0.00438215008275192
cycle= 1 E= 993.139747781076  delta_E= -0.0298  |g|= 0.0648  |ddm|= 0.685
  HOMO = -0.183325202131502  LUMO = -0.00406251531863157
cycle= 2 E= 993.136901279195  delta_E= -0.00285  |g|= 0.0249  |ddm|= 0.182
  HOMO = -0.185083073773698  LUMO = 0.00165035000204844
cycle= 3 E= 993.135915363348  delta_E= -0.000986  |g|= 0.0211  |ddm|= 0.0941
  HOMO = -0.185340745425498  LUMO = 0.00309374991616056
cycle= 4 E= 993.135509340739  delta_E= -0.000406  |g|= 0.00978  |ddm|= 0.0626
  HOMO = -0.18707493087888  LUMO = 0.00427347013225855
cycle= 5 E= 993.135259597762  delta_E= -0.00025  |g|= 0.0061  |ddm|= 0.0682
  HOMO = -0.187129142701217  LUMO = 0.00463118855071782
cycle= 6 E= 993.135200147779  delta_E= -5.94e-05  |g|= 0.00365  |ddm|= 0.0316
  HOMO = -0.187045517600763  LUMO = 0.00426728374059459
cycle= 7 E= 993.135171318316  delta_E= -2.88e-05  |g|= 0.00242  |ddm|= 0.0229
  HOMO = -0.186691284635558  LUMO = 0.00394804177045985
cycle= 8 E= 993.135152875824  delta_E= -1.84e-05  |g|= 0.0011  |ddm|= 0.0259
  HOMO = -0.186552996667444  LUMO = 0.00361636454236784
cycle= 9 E= 993.135148557251  delta_E= -4.32e-06  |g|= 0.000338  |ddm|= 0.0163
  HOMO = -0.186452169406535  LUMO = 0.00359409887186788
cycle= 10 E= 993.135148369312  delta_E= -1.88e-07  |g|= 0.000119  |ddm|= 0.00303
  HOMO = -0.186433148491297  LUMO = 0.00356352851268465
cycle= 11 E= 993.1351483503  delta_E= -1.9e-08  |g|= 3.52e-05  |ddm|= 0.00119
  HOMO = -0.18643334113949  LUMO = 0.00356195191288748
cycle= 12 E= 993.135148349376  delta_E= -9.24e-10  |g|= 8.3e-06  |ddm|= 0.000146
  HOMO = -0.186432723415921  LUMO = 0.00356245046155456
Extra cycle  E= 993.135148349405  delta_E= 2.82e-11  |g|= 3.66e-06  |ddm|= 2.37e-05
converged SCF energy = 993.135148349405
Difference in energy:  -702.980484431554
E(MP2) = 992.557027239078  E_corr = -0.578121110326237
Total energy =  -774.3601466700939
time elapsed:  41.00984454154968
