

******** <class 'pyscf.dft.rks.RKS'> ********
method = RKS-RHF
initial guess = minao
damping factor = 0
level_shift factor = 0
DIIS = <class 'pyscf.scf.diis.CDIIS'>
diis_start_cycle = 1
diis_space = 8
SCF conv_tol = 1e-09
SCF conv_tol_grad = 1e-05
SCF max_cycles = 1000
direct_scf = True
direct_scf_tol = 1e-13
chkfile to save SCF result = scf.fchk
max_memory 900000 MB (current use 79 MB)
XC library pyscf.dft.libxc version 5.1.7
    S. Lehtola, C. Steigemann, M. J. Oliveira, and M. A. Marques, SoftwareX 7, 1 (2018)
XC functionals = b3lyp
    P. A. M. Dirac, Math. Proc. Cambridge Philos. Soc. 26, 376 (1930)
    F. Bloch, Z. Phys. 57, 545 (1929)
    A. D. Becke, Phys. Rev. A 38, 3098 (1988)
    C. Lee, W. Yang, and R. G. Parr, Phys. Rev. B 37, 785 (1988)
    B. Miehlich, A. Savin, H. Stoll, and H. Preuss, Chem. Phys. Lett. 157, 200 (1989)
    S. H. Vosko, L. Wilk, and M. Nusair, Can. J. Phys. 58, 1200 (1980)
small_rho_cutoff = 1e-07
init E= -777.149980103528
  HOMO = -0.219073744604416  LUMO = -0.189946713260777
cycle= 1 E= -774.58229017733  delta_E= 2.57  |g|= 1.06  |ddm|= 6.21
  HOMO = -0.0348390489454783  LUMO = -0.0012376959309544
cycle= 2 E= -769.995573069644  delta_E= 4.59  |g|=    3  |ddm|= 4.13
  HOMO = -0.120038041082191  LUMO = -0.0773545779115216
cycle= 3 E= -774.658154225426  delta_E= -4.66  |g|= 0.765  |ddm|=  3.9
  HOMO = -0.135258274282547  LUMO = -0.119443858109508
cycle= 4 E= -774.567611630237  delta_E= 0.0905  |g|= 0.805  |ddm|= 2.39
  HOMO = -0.15885171220143  LUMO = -0.13672237900741
cycle= 5 E= -774.791914697608  delta_E= -0.224  |g|= 0.543  |ddm|=  2.2
  HOMO = -0.144718005930823  LUMO = -0.127544128889709
cycle= 6 E= -774.718603355508  delta_E= 0.0733  |g|= 0.565  |ddm|= 2.07
  HOMO = -0.145766677644253  LUMO = -0.133907770509536
cycle= 7 E= -774.888270912906  delta_E= -0.17  |g|= 0.181  |ddm|=  1.1
  HOMO = -0.15054216218567  LUMO = -0.12516687940753
cycle= 8 E= -774.896796953427  delta_E= -0.00853  |g|= 0.129  |ddm|= 0.189
  HOMO = -0.155927559441086  LUMO = -0.124712673059043
cycle= 9 E= -774.895656122568  delta_E= 0.00114  |g|= 0.139  |ddm|= 0.131
  HOMO = -0.15655333522261  LUMO = -0.122394299519027
cycle= 10 E= -774.897167552675  delta_E= -0.00151  |g|= 0.121  |ddm|= 0.0677
  HOMO = -0.156278908003906  LUMO = -0.122149205662674
cycle= 11 E= -774.900278123505  delta_E= -0.00311  |g|= 0.093  |ddm|= 0.0789
  HOMO = -0.156016582135719  LUMO = -0.12125551029513
cycle= 12 E= -774.90290926324  delta_E= -0.00263  |g|= 0.0558  |ddm|= 0.0972
  HOMO = -0.157747908046692  LUMO = -0.123719153425224
cycle= 13 E= -774.90345001576  delta_E= -0.000541  |g|= 0.037  |ddm|= 0.0411
  HOMO = -0.157761975589241  LUMO = -0.122867341828683
cycle= 14 E= -774.903966352073  delta_E= -0.000516  |g|= 0.0116  |ddm|= 0.045
  HOMO = -0.157601049700334  LUMO = -0.122632067137799
cycle= 15 E= -774.904024355003  delta_E= -5.8e-05  |g|= 0.00363  |ddm|= 0.0179
  HOMO = -0.157724686912636  LUMO = -0.122815300979994
cycle= 16 E= -774.904028633256  delta_E= -4.28e-06  |g|= 0.00133  |ddm|= 0.00845
  HOMO = -0.157677169886509  LUMO = -0.122825102116079
cycle= 17 E= -774.904029355773  delta_E= -7.23e-07  |g|= 0.00053  |ddm|= 0.00231
  HOMO = -0.157677735120333  LUMO = -0.122832842225319
cycle= 18 E= -774.904029414468  delta_E= -5.87e-08  |g|= 0.000307  |ddm|= 0.000842
  HOMO = -0.157667222532491  LUMO = -0.122825578476375
cycle= 19 E= -774.904029432167  delta_E= -1.77e-08  |g|= 0.000206  |ddm|= 0.000638
  HOMO = -0.157669698267113  LUMO = -0.122831302795021
cycle= 20 E= -774.904029446362  delta_E= -1.42e-08  |g|= 6.22e-05  |ddm|= 0.000254
  HOMO = -0.157670350506158  LUMO = -0.12283389037105
cycle= 21 E= -774.904029447856  delta_E= -1.49e-09  |g|= 2.33e-05  |ddm|= 0.000123
  HOMO = -0.157669430921986  LUMO = -0.122833210352488
cycle= 22 E= -774.904029447986  delta_E= -1.3e-10  |g|= 4.62e-06  |ddm|= 2.54e-05
  HOMO = -0.157669812302464  LUMO = -0.12283373075851
Extra cycle  E= -774.904029447963  delta_E= 2.32e-11  |g|= 1.04e-05  |ddm|= 1.8e-05
converged SCF energy = -774.904029447963
AOs:  [0, 1, 2, 3, 4, 5, 6, 7, 8, 9, 10, 11, 12, 13, 14, 15, 16, 17, 18, 19, 20, 21, 22, 23, 24, 25, 26, 27, 28, 29, 30, 31, 32, 33, 34, 35, 36, 37, 38, 39, 40, 41, 42, 43, 44, 45, 46, 47, 48, 49, 50, 51, 52, 53, 54, 55, 56, 57, 58, 59, 60, 61, 62, 63]
64
Number of Active MOs:  16
Number of Environment MOs:  54
Number of Virtual MOs:  244
 # electrons:            α            β
         Env:  54.00000000  54.00000000
         Act:  16.00000000  16.00000000
         Vir:  -0.00000000  -0.00000000
Number of electrons in the active space:  32

 The density matrix is idempotent!

 The density matrix is idempotent!


******** <class 'pyscf.scf.hf.RHF'> ********
method = RHF
initial guess = minao
damping factor = 0
level_shift factor = 0
DIIS = <class 'pyscf.scf.diis.CDIIS'>
diis_start_cycle = 1
diis_space = 8
SCF conv_tol = 1e-09
SCF conv_tol_grad = 1e-05
SCF max_cycles = 200
direct_scf = True
direct_scf_tol = 1e-13
chkfile to save SCF result = subsys_scf.chk
max_memory 900000 MB (current use 10616 MB)
init E= 992.990967578399
  HOMO = -0.181134766099727  LUMO = -0.00325158326651602
cycle= 1 E= 992.961183888867  delta_E= -0.0298  |g|= 0.0641  |ddm|= 0.683
  HOMO = -0.185209590273862  LUMO = -0.00276255370470103
cycle= 2 E= 992.958377712443  delta_E= -0.00281  |g|= 0.0246  |ddm|= 0.179
  HOMO = -0.186806299935918  LUMO = 0.00299253861141688
cycle= 3 E= 992.957420185698  delta_E= -0.000958  |g|= 0.0203  |ddm|= 0.0925
  HOMO = -0.187161144470298  LUMO = 0.00439929600570288
cycle= 4 E= 992.957044887168  delta_E= -0.000375  |g|= 0.00917  |ddm|= 0.06
  HOMO = -0.188860508027889  LUMO = 0.00560357607138601
cycle= 5 E= 992.956826580656  delta_E= -0.000218  |g|= 0.00561  |ddm|= 0.063
  HOMO = -0.18894401522802  LUMO = 0.00594488845324987
cycle= 6 E= 992.956779236467  delta_E= -4.73e-05  |g|= 0.00327  |ddm|= 0.0278
  HOMO = -0.188884313179368  LUMO = 0.0056364686305895
cycle= 7 E= 992.956757385497  delta_E= -2.19e-05  |g|= 0.00213  |ddm|= 0.0196
  HOMO = -0.188592229226592  LUMO = 0.00536248712335049
cycle= 8 E= 992.956744052141  delta_E= -1.33e-05  |g|= 0.000945  |ddm|= 0.0215
  HOMO = -0.188488341360868  LUMO = 0.00509162103735361
cycle= 9 E= 992.956741104613  delta_E= -2.95e-06  |g|= 0.0003  |ddm|= 0.0129
  HOMO = -0.188402789981801  LUMO = 0.0050791404884975
cycle= 10 E= 992.956740972354  delta_E= -1.32e-07  |g|= 0.000103  |ddm|= 0.00246
  HOMO = -0.188388957092109  LUMO = 0.00505276116262264
cycle= 11 E= 992.956740958825  delta_E= -1.35e-08  |g|= 3.14e-05  |ddm|= 0.000953
  HOMO = -0.188388935917236  LUMO = 0.0050519100247642
cycle= 12 E= 992.956740957738  delta_E= -1.09e-09  |g|= 8.01e-06  |ddm|= 0.000135
  HOMO = -0.188387960393383  LUMO = 0.00505137535707495
cycle= 13 E= 992.956740957675  delta_E= -6.28e-11  |g|= 3.02e-06  |ddm|= 7.91e-05
  HOMO = -0.188388263818982  LUMO = 0.00505121063861295
Extra cycle  E= 992.956740957767  delta_E= 9.11e-11  |g|= 1.3e-06  |ddm|= 7.88e-06
converged SCF energy = 992.956740957767
Difference in energy:  -702.5778926142265
E(MP2) = 992.378309287781  E_corr = -0.578431669985675
Total energy =  -774.3628329166222
time elapsed:  35.86660981178284
