

******** <class 'pyscf.dft.rks.RKS'> ********
method = RKS-RHF
initial guess = minao
damping factor = 0
level_shift factor = 0
DIIS = <class 'pyscf.scf.diis.CDIIS'>
diis_start_cycle = 1
diis_space = 8
SCF conv_tol = 1e-09
SCF conv_tol_grad = 1e-05
SCF max_cycles = 1000
direct_scf = True
direct_scf_tol = 1e-13
chkfile to save SCF result = scf.fchk
max_memory 900000 MB (current use 79 MB)
XC library pyscf.dft.libxc version 5.1.7
    S. Lehtola, C. Steigemann, M. J. Oliveira, and M. A. Marques, SoftwareX 7, 1 (2018)
XC functionals = b3lyp
    P. A. M. Dirac, Math. Proc. Cambridge Philos. Soc. 26, 376 (1930)
    F. Bloch, Z. Phys. 57, 545 (1929)
    A. D. Becke, Phys. Rev. A 38, 3098 (1988)
    C. Lee, W. Yang, and R. G. Parr, Phys. Rev. B 37, 785 (1988)
    B. Miehlich, A. Savin, H. Stoll, and H. Preuss, Chem. Phys. Lett. 157, 200 (1989)
    S. H. Vosko, L. Wilk, and M. Nusair, Can. J. Phys. 58, 1200 (1980)
small_rho_cutoff = 1e-07
init E= -777.149963264444
  HOMO = -0.219174023030146  LUMO = -0.189847280316973
cycle= 1 E= -774.584261318808  delta_E= 2.57  |g|= 1.06  |ddm|= 6.21
  HOMO = -0.0361728169930502  LUMO = -0.00221585396189023
cycle= 2 E= -770.015624851276  delta_E= 4.57  |g|= 2.99  |ddm|= 4.12
  HOMO = -0.120858430047648  LUMO = -0.0767620536947208
cycle= 3 E= -774.659725669799  delta_E= -4.64  |g|= 0.765  |ddm|= 3.89
  HOMO = -0.136388475469917  LUMO = -0.119893694806161
cycle= 4 E= -774.577643677573  delta_E= 0.0821  |g|= 0.796  |ddm|= 2.37
  HOMO = -0.159943655283467  LUMO = -0.135794311581951
cycle= 5 E= -774.800448871017  delta_E= -0.223  |g|= 0.533  |ddm|= 2.14
  HOMO = -0.145639356815637  LUMO = -0.127123952303286
cycle= 6 E= -774.760636419005  delta_E= 0.0398  |g|= 0.515  |ddm|= 1.88
  HOMO = -0.148553220849968  LUMO = -0.131303411348502
cycle= 7 E= -774.891577464155  delta_E= -0.131  |g|= 0.174  |ddm|= 0.891
  HOMO = -0.152166540917079  LUMO = -0.123334401893819
cycle= 8 E= -774.897558997216  delta_E= -0.00598  |g|= 0.138  |ddm|= 0.173
  HOMO = -0.157238094276673  LUMO = -0.12334492021448
cycle= 9 E= -774.899862516416  delta_E= -0.0023  |g|= 0.117  |ddm|= 0.121
  HOMO = -0.157701851406038  LUMO = -0.121513377243391
cycle= 10 E= -774.902097873754  delta_E= -0.00224  |g|= 0.0888  |ddm|= 0.0713
  HOMO = -0.157842675208857  LUMO = -0.121435502513939
cycle= 11 E= -774.904780756942  delta_E= -0.00268  |g|= 0.0483  |ddm|= 0.0929
  HOMO = -0.158081390737462  LUMO = -0.121271228291632
cycle= 12 E= -774.905691828048  delta_E= -0.000911  |g|= 0.0164  |ddm|= 0.0761
  HOMO = -0.158750273535461  LUMO = -0.122149593020645
cycle= 13 E= -774.905732174629  delta_E= -4.03e-05  |g|= 0.00991  |ddm|= 0.0171
  HOMO = -0.158684565129918  LUMO = -0.122008922172342
cycle= 14 E= -774.90576439507  delta_E= -3.22e-05  |g|= 0.00403  |ddm|= 0.0111
  HOMO = -0.158614610745279  LUMO = -0.121878926254227
cycle= 15 E= -774.905770600607  delta_E= -6.21e-06  |g|= 0.00135  |ddm|= 0.00546
  HOMO = -0.158665775632377  LUMO = -0.12193788752475
cycle= 16 E= -774.905771333208  delta_E= -7.33e-07  |g|= 0.000275  |ddm|= 0.00285
  HOMO = -0.158652945982057  LUMO = -0.121936890525724
cycle= 17 E= -774.905771354584  delta_E= -2.14e-08  |g|= 0.000187  |ddm|= 0.000557
  HOMO = -0.158653872167957  LUMO = -0.121940692060184
cycle= 18 E= -774.905771363181  delta_E= -8.6e-09  |g|= 5.02e-05  |ddm|= 0.000226
  HOMO = -0.158651020332836  LUMO = -0.12193940092588
cycle= 19 E= -774.905771363809  delta_E= -6.29e-10  |g|= 3.72e-05  |ddm|= 0.000129
  HOMO = -0.158651199436355  LUMO = -0.121940689861421
cycle= 20 E= -774.905771364252  delta_E= -4.43e-10  |g|= 1.35e-05  |ddm|= 4.77e-05
  HOMO = -0.158651562471785  LUMO = -0.121941282131385
cycle= 21 E= -774.905771364314  delta_E= -6.16e-11  |g|= 7.81e-06  |ddm|= 2.87e-05
  HOMO = -0.158651318498861  LUMO = -0.121941260381442
Extra cycle  E= -774.905771364248  delta_E= 6.5e-11  |g|= 1.74e-05  |ddm|= 2.58e-05
converged SCF energy = -774.905771364248
AOs:  [0, 1, 2, 3, 4, 5, 6, 7, 8, 9, 10, 11, 12, 13, 14, 15, 16, 17, 18, 19, 20, 21, 22, 23, 24, 25, 26, 27, 28, 29, 30, 31, 32, 33, 34, 35, 36, 37, 38, 39, 40, 41, 42, 43, 44, 45, 46, 47, 48, 49, 50, 51, 52, 53, 54, 55, 56, 57, 58, 59, 60, 61, 62, 63]
64
Number of Active MOs:  16
Number of Environment MOs:  54
Number of Virtual MOs:  244
 # electrons:            α            β
         Env:  54.00000000  54.00000000
         Act:  16.00000000  16.00000000
         Vir:  -0.00000000  -0.00000000
Number of electrons in the active space:  32

 The density matrix is idempotent!

 The density matrix is idempotent!


******** <class 'pyscf.scf.hf.RHF'> ********
method = RHF
initial guess = minao
damping factor = 0
level_shift factor = 0
DIIS = <class 'pyscf.scf.diis.CDIIS'>
diis_start_cycle = 1
diis_space = 8
SCF conv_tol = 1e-09
SCF conv_tol_grad = 1e-05
SCF max_cycles = 200
direct_scf = True
direct_scf_tol = 1e-13
chkfile to save SCF result = subsys_scf.chk
max_memory 900000 MB (current use 10672 MB)
init E= 992.813528827413
  HOMO = -0.182797950888789  LUMO = -0.00212498393902139
cycle= 1 E= 992.783806183495  delta_E= -0.0297  |g|= 0.0635  |ddm|= 0.682
  HOMO = -0.187073377902406  LUMO = -0.00148367880044668
cycle= 2 E= 992.781036913921  delta_E= -0.00277  |g|= 0.0243  |ddm|= 0.176
  HOMO = -0.188515217560047  LUMO = 0.00431467214688981
cycle= 3 E= 992.78010521487  delta_E= -0.000932  |g|= 0.0195  |ddm|= 0.0911
  HOMO = -0.188968151794213  LUMO = 0.00568212061508794
cycle= 4 E= 992.779757146817  delta_E= -0.000348  |g|= 0.00863  |ddm|= 0.0575
  HOMO = -0.19062622413104  LUMO = 0.0069049453068665
cycle= 5 E= 992.779565268899  delta_E= -0.000192  |g|= 0.00516  |ddm|= 0.0584
  HOMO = -0.190735770315518  LUMO = 0.00722953112974888
cycle= 6 E= 992.779527198143  delta_E= -3.81e-05  |g|= 0.00294  |ddm|= 0.0246
  HOMO = -0.190694874698371  LUMO = 0.00696910980715875
cycle= 7 E= 992.779510484565  delta_E= -1.67e-05  |g|= 0.00189  |ddm|= 0.0169
  HOMO = -0.190454906781066  LUMO = 0.00672978298822645
cycle= 8 E= 992.779500653955  delta_E= -9.83e-06  |g|= 0.000816  |ddm|= 0.0181
  HOMO = -0.19037435728327  LUMO = 0.00650674479973399
cycle= 9 E= 992.779498581021  delta_E= -2.07e-06  |g|= 0.000265  |ddm|= 0.0105
  HOMO = -0.190300357765943  LUMO = 0.00650022062703919
cycle= 10 E= 992.77949848506  delta_E= -9.6e-08  |g|= 9.07e-05  |ddm|= 0.00205
  HOMO = -0.190290725950542  LUMO = 0.00647708895692536
cycle= 11 E= 992.779498475242  delta_E= -9.82e-09  |g|= 2.83e-05  |ddm|= 0.00077
  HOMO = -0.190290421135753  LUMO = 0.00647674366587924
cycle= 12 E= 992.779498474561  delta_E= -6.81e-10  |g|= 7.68e-06  |ddm|= 0.000119
  HOMO = -0.190289758190886  LUMO = 0.00647661654281603
Extra cycle  E= 992.77949847445  delta_E= -1.12e-10  |g|= 3.36e-06  |ddm|= 2.21e-05
converged SCF energy = 992.77949847445
Difference in energy:  -702.1605329929802
E(MP2) = 992.200878217029  E_corr = -0.578620257420257
Total energy =  -774.3654285246776
time elapsed:  38.41504383087158
