

******** <class 'pyscf.scf.hf.RHF'> ********
method = RHF
initial guess = minao
damping factor = 0
level_shift factor = 0
DIIS = <class 'pyscf.scf.diis.CDIIS'>
diis_start_cycle = 1
diis_space = 8
SCF conv_tol = 1e-09
SCF conv_tol_grad = 1e-05
SCF max_cycles = 1000
direct_scf = True
direct_scf_tol = 1e-13
chkfile to save SCF result = scf.fchk
max_memory 900000 MB (current use 79 MB)
init E= -774.921448418179
  HOMO = -0.170792675768987  LUMO = -0.0651944788182763
cycle= 1 E= -770.061410714276  delta_E= 4.86  |g|= 0.97  |ddm|= 5.89
  HOMO = -0.255668882894483  LUMO = -0.0163015663493638
cycle= 2 E= -770.28853403259  delta_E= -0.227  |g|= 0.643  |ddm|= 1.65
  HOMO = -0.260223344655722  LUMO = 0.0272471652373789
cycle= 3 E= -770.367044871962  delta_E= -0.0785  |g|= 0.207  |ddm|= 0.814
  HOMO = -0.261755020403509  LUMO = 0.0412528366974453
cycle= 4 E= -770.379244774954  delta_E= -0.0122  |g|= 0.0308  |ddm|= 0.26
  HOMO = -0.268851934366806  LUMO = 0.0392375697808426
cycle= 5 E= -770.379841714131  delta_E= -0.000597  |g|= 0.0144  |ddm|= 0.0671
  HOMO = -0.269315706245567  LUMO = 0.041425164503244
cycle= 6 E= -770.380029528394  delta_E= -0.000188  |g|= 0.00547  |ddm|= 0.0397
  HOMO = -0.269476417202223  LUMO = 0.0427348739200537
cycle= 7 E= -770.38006751729  delta_E= -3.8e-05  |g|= 0.00255  |ddm|= 0.0206
  HOMO = -0.269630711958172  LUMO = 0.0428091189320059
cycle= 8 E= -770.380072786521  delta_E= -5.27e-06  |g|= 0.00109  |ddm|= 0.007
  HOMO = -0.269610817099408  LUMO = 0.0427340675089826
cycle= 9 E= -770.380074071208  delta_E= -1.28e-06  |g|= 0.000483  |ddm|= 0.00341
  HOMO = -0.269547742454263  LUMO = 0.0427206451743068
cycle= 10 E= -770.380074366552  delta_E= -2.95e-07  |g|= 0.000206  |ddm|= 0.0017
  HOMO = -0.269539851527033  LUMO = 0.0426911720201349
cycle= 11 E= -770.380074409272  delta_E= -4.27e-08  |g|= 6.44e-05  |ddm|= 0.000736
  HOMO = -0.269537728354816  LUMO = 0.0426843915692053
cycle= 12 E= -770.380074412353  delta_E= -3.08e-09  |g|= 2.94e-05  |ddm|= 0.00018
  HOMO = -0.269536581948257  LUMO = 0.0426844314256879
cycle= 13 E= -770.380074412951  delta_E= -5.98e-10  |g|= 1.18e-05  |ddm|= 6.9e-05
  HOMO = -0.269537597301662  LUMO = 0.0426837739695058
cycle= 14 E= -770.380074413073  delta_E= -1.21e-10  |g|= 5.84e-06  |ddm|= 3.37e-05
  HOMO = -0.26953787421162  LUMO = 0.0426832201879864
Extra cycle  E= -770.380074413087  delta_E= -1.39e-11  |g|= 3.2e-06  |ddm|= 1.15e-05
converged SCF energy = -770.380074413087
AOs:  [0, 1, 2, 3, 4, 5, 6, 7, 8, 9, 10, 11, 12, 13, 14, 15, 16, 17, 18, 19, 20, 21, 22, 23, 24, 25, 26, 27, 28, 29, 30, 31, 32, 33, 34, 35, 36, 37, 38, 39, 40, 41, 42, 43, 44, 45, 46, 47, 48, 49, 50, 51, 52, 53, 54, 55, 56, 57, 58, 59, 60, 61, 62, 63]
64
Number of Active MOs:  16
Number of Environment MOs:  54
Number of Virtual MOs:  244
 # electrons:            α            β
         Env:  54.00000000  54.00000000
         Act:  16.00000000  16.00000000
         Vir:   0.00000000   0.00000000
Number of electrons in the active space:  32

 The density matrix is idempotent!

 The density matrix is idempotent!


******** <class 'pyscf.scf.hf.RHF'> ********
method = RHF
initial guess = minao
damping factor = 0
level_shift factor = 0
DIIS = <class 'pyscf.scf.diis.CDIIS'>
diis_start_cycle = 1
diis_space = 8
SCF conv_tol = 1e-09
SCF conv_tol_grad = 1e-05
SCF max_cycles = 200
direct_scf = True
direct_scf_tol = 1e-13
chkfile to save SCF result = subsys_scf.chk
max_memory 900000 MB (current use 10103 MB)
init E= 1002.75943171505
  HOMO = -0.294476621933147  LUMO = 0.0426831467209788
cycle= 1 E= 1002.75943109606  delta_E= -6.19e-07  |g|= 1.02e-06  |ddm|= 3.04e-06
  HOMO = -0.294476621016376  LUMO = 0.0426831542979213
cycle= 2 E= 1002.75943109597  delta_E= -8.67e-11  |g|= 5.22e-07  |ddm|= 1.51e-06
  HOMO = -0.294476680479036  LUMO = 0.0426831233180225
Extra cycle  E= 1002.75943109608  delta_E= 1.06e-10  |g|= 3.41e-07  |ddm|= 8.56e-07
converged SCF energy = 1002.75943109608
Difference in energy:  -8.931721367844148e-08
Total mean-field energy =  -770.3800744129444
time elapsed:  8.126527309417725
