

******** <class 'pyscf.scf.hf.RHF'> ********
method = RHF
initial guess = minao
damping factor = 0
level_shift factor = 0
DIIS = <class 'pyscf.scf.diis.CDIIS'>
diis_start_cycle = 1
diis_space = 8
SCF conv_tol = 1e-09
SCF conv_tol_grad = 1e-05
SCF max_cycles = 1000
direct_scf = True
direct_scf_tol = 1e-13
chkfile to save SCF result = scf.fchk
max_memory 900000 MB (current use 79 MB)
init E= -774.894032057905
  HOMO = -0.142912841697738  LUMO = -0.0933574536439409
cycle= 1 E= -769.905755115378  delta_E= 4.99  |g|=    1  |ddm|= 5.91
  HOMO = -0.142968199894672  LUMO = -0.101419576195894
cycle= 2 E= -770.111232712503  delta_E= -0.205  |g|= 0.765  |ddm|= 2.02
  HOMO = -0.201554898041215  LUMO = -0.0308204961518784
cycle= 3 E= -770.246768119583  delta_E= -0.136  |g|= 0.222  |ddm|= 1.07
  HOMO = -0.209594910377243  LUMO = -0.0182103775917697
cycle= 4 E= -770.26668971327  delta_E= -0.0199  |g|= 0.0482  |ddm|= 0.369
  HOMO = -0.216115959579044  LUMO = -0.0135302039581528
cycle= 5 E= -770.269262590507  delta_E= -0.00257  |g|= 0.029  |ddm|= 0.121
  HOMO = -0.221653221135317  LUMO = -0.00944113665156283
cycle= 6 E= -770.270748658599  delta_E= -0.00149  |g|= 0.0173  |ddm|= 0.122
  HOMO = -0.224190337687988  LUMO = -0.00458000913547753
cycle= 7 E= -770.271246212862  delta_E= -0.000498  |g|= 0.00928  |ddm|= 0.0818
  HOMO = -0.225720300192373  LUMO = -0.00460952962478304
cycle= 8 E= -770.271388814474  delta_E= -0.000143  |g|= 0.00655  |ddm|= 0.0411
  HOMO = -0.226453840507411  LUMO = -0.00448530975559709
cycle= 9 E= -770.271475525077  delta_E= -8.67e-05  |g|= 0.0039  |ddm|= 0.0373
  HOMO = -0.226667131238231  LUMO = -0.00429115805037778
cycle= 10 E= -770.271524538173  delta_E= -4.9e-05  |g|= 0.00211  |ddm|= 0.0372
  HOMO = -0.226868262246214  LUMO = -0.00428737703898518
cycle= 11 E= -770.27153586793  delta_E= -1.13e-05  |g|= 0.000574  |ddm|= 0.0232
  HOMO = -0.22684528952916  LUMO = -0.00434776789018322
cycle= 12 E= -770.271536402691  delta_E= -5.35e-07  |g|= 0.000273  |ddm|= 0.00395
  HOMO = -0.226788664129217  LUMO = -0.00434610325840977
cycle= 13 E= -770.271536462795  delta_E= -6.01e-08  |g|= 0.000142  |ddm|= 0.000672
  HOMO = -0.226804655099874  LUMO = -0.00432894951201942
cycle= 14 E= -770.271536487369  delta_E= -2.46e-08  |g|= 5.51e-05  |ddm|= 0.00123
  HOMO = -0.226797688093369  LUMO = -0.00433633369915171
cycle= 15 E= -770.271536490646  delta_E= -3.28e-09  |g|= 2.48e-05  |ddm|= 0.000331
  HOMO = -0.226796027078761  LUMO = -0.00433343295956119
cycle= 16 E= -770.271536491255  delta_E= -6.09e-10  |g|= 1.18e-05  |ddm|= 0.000125
  HOMO = -0.226795259381835  LUMO = -0.004333782616398
cycle= 17 E= -770.271536491413  delta_E= -1.58e-10  |g|= 6.72e-06  |ddm|= 3.31e-05
  HOMO = -0.22679492646373  LUMO = -0.00433418927281288
Extra cycle  E= -770.271536491443  delta_E= -3.05e-11  |g|= 4.55e-06  |ddm|= 1.37e-05
converged SCF energy = -770.271536491443
AOs:  [0, 1, 2, 3, 4, 5, 6, 7, 8, 9, 10, 11, 12, 13, 14, 15, 16, 17, 18, 19, 20, 21, 22, 23, 24, 25, 26, 27, 28, 29, 30, 31, 32, 33, 34, 35, 36, 37, 38, 39, 40, 41, 42, 43, 44, 45, 46, 47, 48, 49, 50, 51, 52, 53, 54, 55, 56, 57, 58, 59, 60, 61, 62, 63]
64
Number of Active MOs:  16
Number of Environment MOs:  54
Number of Virtual MOs:  244
 # electrons:            α            β
         Env:  54.00000000  54.00000000
         Act:  16.00000000  16.00000000
         Vir:  -0.00000000  -0.00000000
Number of electrons in the active space:  32

 The density matrix is idempotent!

 The density matrix is idempotent!


******** <class 'pyscf.scf.hf.RHF'> ********
method = RHF
initial guess = minao
damping factor = 0
level_shift factor = 0
DIIS = <class 'pyscf.scf.diis.CDIIS'>
diis_start_cycle = 1
diis_space = 8
SCF conv_tol = 1e-09
SCF conv_tol_grad = 1e-05
SCF max_cycles = 200
direct_scf = True
direct_scf_tol = 1e-13
chkfile to save SCF result = subsys_scf.chk
max_memory 900000 MB (current use 10104 MB)
init E= 990.759585325308
  HOMO = -0.23525174184713  LUMO = -0.00433415397056296
cycle= 1 E= 990.759584705471  delta_E= -6.2e-07  |g|= 1.3e-06  |ddm|= 5.14e-06
  HOMO = -0.235251595360615  LUMO = -0.00433424417089066
cycle= 2 E= 990.759584705655  delta_E= 1.84e-10  |g|= 8.08e-07  |ddm|= 3.48e-06
  HOMO = -0.235251604535182  LUMO = -0.00433437460581888
Extra cycle  E= 990.759584705584  delta_E= -7.11e-11  |g|= 5.7e-07  |ddm|= 2.48e-06
converged SCF energy = 990.759584705584
Difference in energy:  -3.2816228667797985e-09
Total mean-field energy =  -770.2715364914379
time elapsed:  7.952379941940308
