

******** <class 'pyscf.scf.hf.RHF'> ********
method = RHF
initial guess = minao
damping factor = 0
level_shift factor = 0
DIIS = <class 'pyscf.scf.diis.CDIIS'>
diis_start_cycle = 1
diis_space = 8
SCF conv_tol = 1e-09
SCF conv_tol_grad = 1e-05
SCF max_cycles = 1000
direct_scf = True
direct_scf_tol = 1e-13
chkfile to save SCF result = scf.fchk
max_memory 900000 MB (current use 79 MB)
init E= -774.919675183683
  HOMO = -0.170384415121934  LUMO = -0.0657264102950704
cycle= 1 E= -770.059639152699  delta_E= 4.86  |g|= 0.97  |ddm|= 5.89
  HOMO = -0.254426012871256  LUMO = -0.0174864426688925
cycle= 2 E= -770.286971288393  delta_E= -0.227  |g|= 0.643  |ddm|= 1.65
  HOMO = -0.259419107486658  LUMO = 0.0263228562086882
cycle= 3 E= -770.365549620215  delta_E= -0.0786  |g|= 0.207  |ddm|= 0.813
  HOMO = -0.261130428570782  LUMO = 0.0403715604816614
cycle= 4 E= -770.377789988963  delta_E= -0.0122  |g|= 0.031  |ddm|= 0.26
  HOMO = -0.268247723764938  LUMO = 0.0383528334854053
cycle= 5 E= -770.378400012064  delta_E= -0.00061  |g|= 0.0146  |ddm|= 0.0678
  HOMO = -0.268760093729346  LUMO = 0.0405658225121193
cycle= 6 E= -770.378593633314  delta_E= -0.000194  |g|= 0.00553  |ddm|= 0.0403
  HOMO = -0.268930316028612  LUMO = 0.0419001605398048
cycle= 7 E= -770.378632963129  delta_E= -3.93e-05  |g|= 0.00259  |ddm|= 0.021
  HOMO = -0.2690914845953  LUMO = 0.0419761441442841
cycle= 8 E= -770.378638408585  delta_E= -5.45e-06  |g|= 0.00111  |ddm|= 0.00711
  HOMO = -0.269074344416961  LUMO = 0.0418994912019642
cycle= 9 E= -770.378639756062  delta_E= -1.35e-06  |g|= 0.000494  |ddm|= 0.0035
  HOMO = -0.2690104996042  LUMO = 0.041885443957016
cycle= 10 E= -770.378640068015  delta_E= -3.12e-07  |g|= 0.000211  |ddm|= 0.00175
  HOMO = -0.269002764153379  LUMO = 0.0418554832530798
cycle= 11 E= -770.378640113113  delta_E= -4.51e-08  |g|= 6.55e-05  |ddm|= 0.000764
  HOMO = -0.269000694322147  LUMO = 0.0418485322285254
cycle= 12 E= -770.378640116302  delta_E= -3.19e-09  |g|= 3e-05  |ddm|= 0.000185
  HOMO = -0.268999499873565  LUMO = 0.0418485881560165
cycle= 13 E= -770.378640116914  delta_E= -6.12e-10  |g|= 1.19e-05  |ddm|= 6.97e-05
  HOMO = -0.2690005101517  LUMO = 0.0418479570278364
cycle= 14 E= -770.378640117035  delta_E= -1.21e-10  |g|= 5.92e-06  |ddm|= 3.38e-05
  HOMO = -0.269000804145318  LUMO = 0.0418473886749395
Extra cycle  E= -770.378640117056  delta_E= -2.02e-11  |g|= 3.24e-06  |ddm|= 1.17e-05
converged SCF energy = -770.378640117056
AOs:  [0, 1, 2, 3, 4, 5, 6, 7, 8, 9, 10, 11, 12, 13, 14, 15, 16, 17, 18, 19, 20, 21, 22, 23, 24, 25, 26, 27, 28, 29, 30, 31, 32, 33, 34, 35, 36, 37, 38, 39, 40, 41, 42, 43, 44, 45, 46, 47, 48, 49, 50, 51, 52, 53, 54, 55, 56, 57, 58, 59, 60, 61, 62, 63]
64
Number of Active MOs:  16
Number of Environment MOs:  54
Number of Virtual MOs:  244
 # electrons:            α            β
         Env:  54.00000000  54.00000000
         Act:  16.00000000  16.00000000
         Vir:   0.00000000   0.00000000
Number of electrons in the active space:  32

 The density matrix is idempotent!

 The density matrix is idempotent!


******** <class 'pyscf.scf.hf.RHF'> ********
method = RHF
initial guess = minao
damping factor = 0
level_shift factor = 0
DIIS = <class 'pyscf.scf.diis.CDIIS'>
diis_start_cycle = 1
diis_space = 8
SCF conv_tol = 1e-09
SCF conv_tol_grad = 1e-05
SCF max_cycles = 200
direct_scf = True
direct_scf_tol = 1e-13
chkfile to save SCF result = subsys_scf.chk
max_memory 900000 MB (current use 10103 MB)
init E= 1002.57813023988
  HOMO = -0.293547801003322  LUMO = 0.041847317595313
cycle= 1 E= 1002.57812962067  delta_E= -6.19e-07  |g|= 1.04e-06  |ddm|= 3.08e-06
  HOMO = -0.293547804244906  LUMO = 0.0418473234120764
cycle= 2 E= 1002.57812962065  delta_E= -1.94e-11  |g|= 5.33e-07  |ddm|= 1.55e-06
  HOMO = -0.293547862038853  LUMO = 0.0418472927444098
Extra cycle  E= 1002.57812962066  delta_E= 1.67e-11  |g|= 3.52e-07  |ddm|= 8.61e-07
converged SCF energy = 1002.57812962066
Difference in energy:  1.7050170981747213e-08
Total mean-field energy =  -770.3786401170827
time elapsed:  6.637714385986328
