

******** <class 'pyscf.scf.hf.RHF'> ********
method = RHF
initial guess = minao
damping factor = 0
level_shift factor = 0
DIIS = <class 'pyscf.scf.diis.CDIIS'>
diis_start_cycle = 1
diis_space = 8
SCF conv_tol = 1e-09
SCF conv_tol_grad = 1e-05
SCF max_cycles = 1000
direct_scf = True
direct_scf_tol = 1e-13
chkfile to save SCF result = scf.fchk
max_memory 900000 MB (current use 79 MB)
init E= -774.895061347165
  HOMO = -0.154952094434239  LUMO = -0.0827580148459365
cycle= 1 E= -769.981187173389  delta_E= 4.91  |g|= 0.977  |ddm|= 5.89
  HOMO = -0.203088019476765  LUMO = -0.0572431061045218
cycle= 2 E= -770.215678507471  delta_E= -0.234  |g|= 0.658  |ddm|= 1.73
  HOMO = -0.229291048047542  LUMO = -0.00206306743498806
cycle= 3 E= -770.30234246387  delta_E= -0.0867  |g|= 0.208  |ddm|= 0.84
  HOMO = -0.237866874743241  LUMO = 0.0128477290251805
cycle= 4 E= -770.316313654804  delta_E= -0.014  |g|= 0.0384  |ddm|= 0.284
  HOMO = -0.243940796715893  LUMO = 0.0110664449391172
cycle= 5 E= -770.317534639661  delta_E= -0.00122  |g|= 0.0217  |ddm|= 0.0921
  HOMO = -0.246639848708158  LUMO = 0.0144755984838446
cycle= 6 E= -770.318056495213  delta_E= -0.000522  |g|= 0.00895  |ddm|= 0.0656
  HOMO = -0.247550363662727  LUMO = 0.0168893916658007
cycle= 7 E= -770.318197622844  delta_E= -0.000141  |g|= 0.00502  |ddm|= 0.0428
  HOMO = -0.248064137104034  LUMO = 0.0170977197145698
cycle= 8 E= -770.318219791095  delta_E= -2.22e-05  |g|= 0.00241  |ddm|= 0.0147
  HOMO = -0.248236829454598  LUMO = 0.0169206693895499
cycle= 9 E= -770.318229373006  delta_E= -9.58e-06  |g|= 0.00131  |ddm|= 0.0112
  HOMO = -0.248172869051882  LUMO = 0.0169019665340866
cycle= 10 E= -770.318232019915  delta_E= -2.65e-06  |g|= 0.000522  |ddm|= 0.00682
  HOMO = -0.248175005633778  LUMO = 0.0168511226951635
cycle= 11 E= -770.318232403184  delta_E= -3.83e-07  |g|= 0.000129  |ddm|= 0.00305
  HOMO = -0.248173417332248  LUMO = 0.0168346644336966
cycle= 12 E= -770.318232419676  delta_E= -1.65e-08  |g|= 5.92e-05  |ddm|= 0.000513
  HOMO = -0.248165587863271  LUMO = 0.0168375621626913
cycle= 13 E= -770.318232421603  delta_E= -1.93e-09  |g|= 2.5e-05  |ddm|= 0.000124
  HOMO = -0.248165700490235  LUMO = 0.0168378256764647
cycle= 14 E= -770.318232421993  delta_E= -3.9e-10  |g|= 1.19e-05  |ddm|= 6.9e-05
  HOMO = -0.248166329681427  LUMO = 0.0168367339979988
cycle= 15 E= -770.318232422064  delta_E= -7.05e-11  |g|= 4.08e-06  |ddm|= 3.08e-05
  HOMO = -0.248165922699266  LUMO = 0.0168368638578602
Extra cycle  E= -770.318232422078  delta_E= -1.48e-11  |g|= 2.7e-06  |ddm|= 8.69e-06
converged SCF energy = -770.318232422078
AOs:  [0, 1, 2, 3, 4, 5, 6, 7, 8, 9, 10, 11, 12, 13, 14, 15, 16, 17, 18, 19, 20, 21, 22, 23, 24, 25, 26, 27, 28, 29, 30, 31, 32, 33, 34, 35, 36, 37, 38, 39, 40, 41, 42, 43, 44, 45, 46, 47, 48, 49, 50, 51, 52, 53, 54, 55, 56, 57, 58, 59, 60, 61, 62, 63]
64
Number of Active MOs:  16
Number of Environment MOs:  54
Number of Virtual MOs:  244
 # electrons:            α            β
         Env:  54.00000000  54.00000000
         Act:  16.00000000  16.00000000
         Vir:   0.00000000   0.00000000
Number of electrons in the active space:  32

 The density matrix is idempotent!

 The density matrix is idempotent!


******** <class 'pyscf.scf.hf.RHF'> ********
method = RHF
initial guess = minao
damping factor = 0
level_shift factor = 0
DIIS = <class 'pyscf.scf.diis.CDIIS'>
diis_start_cycle = 1
diis_space = 8
SCF conv_tol = 1e-09
SCF conv_tol_grad = 1e-05
SCF max_cycles = 200
direct_scf = True
direct_scf_tol = 1e-13
chkfile to save SCF result = subsys_scf.chk
max_memory 900000 MB (current use 10103 MB)
init E= 987.797483614126
  HOMO = -0.261962017791851  LUMO = 0.016836687470449
cycle= 1 E= 987.797482994691  delta_E= -6.19e-07  |g|= 8.18e-07  |ddm|= 3.02e-06
  HOMO = -0.26196194265874  LUMO = 0.0168366607050001
cycle= 2 E= 987.797482994569  delta_E= -1.22e-10  |g|= 4.31e-07  |ddm|= 1.32e-06
  HOMO = -0.261961959970619  LUMO = 0.0168366328507941
Extra cycle  E= 987.7974829946  delta_E= 3.1e-11  |g|= 2.24e-07  |ddm|= 7.67e-07
converged SCF energy = 987.7974829946
Difference in energy:  3.377931363957032e-07
Total mean-field energy =  -770.3182324226167
time elapsed:  7.599844932556152
