

******** <class 'pyscf.scf.hf.RHF'> ********
method = RHF
initial guess = minao
damping factor = 0
level_shift factor = 0
DIIS = <class 'pyscf.scf.diis.CDIIS'>
diis_start_cycle = 1
diis_space = 8
SCF conv_tol = 1e-09
SCF conv_tol_grad = 1e-05
SCF max_cycles = 1000
direct_scf = True
direct_scf_tol = 1e-13
chkfile to save SCF result = scf.fchk
max_memory 900000 MB (current use 79 MB)
init E= -774.915190696925
  HOMO = -0.169274865993661  LUMO = -0.0673303727439745
cycle= 1 E= -770.054057981797  delta_E= 4.86  |g|= 0.97  |ddm|= 5.89
  HOMO = -0.25063029492541  LUMO = -0.0209525536229063
cycle= 2 E= -770.282023800861  delta_E= -0.228  |g|= 0.643  |ddm|= 1.65
  HOMO = -0.257003111880059  LUMO = 0.0236131466018817
cycle= 3 E= -770.360816969827  delta_E= -0.0788  |g|= 0.207  |ddm|= 0.811
  HOMO = -0.259269204972577  LUMO = 0.0377715511956438
cycle= 4 E= -770.373177824262  delta_E= -0.0124  |g|= 0.0317  |ddm|= 0.262
  HOMO = -0.266417035887766  LUMO = 0.0357468096200302
cycle= 5 E= -770.373827725096  delta_E= -0.00065  |g|= 0.0151  |ddm|= 0.0697
  HOMO = -0.267081859553789  LUMO = 0.0380370606209506
cycle= 6 E= -770.374039450814  delta_E= -0.000212  |g|= 0.00574  |ddm|= 0.0423
  HOMO = -0.267283687718376  LUMO = 0.0394455742589954
cycle= 7 E= -770.374083062262  delta_E= -4.36e-05  |g|= 0.00271  |ddm|= 0.0224
  HOMO = -0.267466365916727  LUMO = 0.0395271929622346
cycle= 8 E= -770.374089081443  delta_E= -6.02e-06  |g|= 0.00118  |ddm|= 0.00746
  HOMO = -0.267458157219715  LUMO = 0.0394452945554088
cycle= 9 E= -770.374090635725  delta_E= -1.55e-06  |g|= 0.000529  |ddm|= 0.0038
  HOMO = -0.267392279891436  LUMO = 0.0394295140405529
cycle= 10 E= -770.37409100237  delta_E= -3.67e-07  |g|= 0.000226  |ddm|= 0.00194
  HOMO = -0.267385196912581  LUMO = 0.0393978815894059
cycle= 11 E= -770.374091055055  delta_E= -5.27e-08  |g|= 6.81e-05  |ddm|= 0.000849
  HOMO = -0.267383227360978  LUMO = 0.0393905501035654
cycle= 12 E= -770.374091058547  delta_E= -3.49e-09  |g|= 3.16e-05  |ddm|= 0.000196
  HOMO = -0.267381889859443  LUMO = 0.039390654379908
cycle= 13 E= -770.374091059185  delta_E= -6.38e-10  |g|= 1.22e-05  |ddm|= 7.1e-05
  HOMO = -0.267382866869237  LUMO = 0.03939009870262
cycle= 14 E= -770.374091059316  delta_E= -1.31e-10  |g|= 6.13e-06  |ddm|= 3.38e-05
  HOMO = -0.267383211120391  LUMO = 0.0393894901359784
Extra cycle  E= -770.374091059334  delta_E= -1.8e-11  |g|= 3.33e-06  |ddm|= 1.21e-05
converged SCF energy = -770.374091059334
AOs:  [0, 1, 2, 3, 4, 5, 6, 7, 8, 9, 10, 11, 12, 13, 14, 15, 16, 17, 18, 19, 20, 21, 22, 23, 24, 25, 26, 27, 28, 29, 30, 31, 32, 33, 34, 35, 36, 37, 38, 39, 40, 41, 42, 43, 44, 45, 46, 47, 48, 49, 50, 51, 52, 53, 54, 55, 56, 57, 58, 59, 60, 61, 62, 63]
64
Number of Active MOs:  16
Number of Environment MOs:  54
Number of Virtual MOs:  244
 # electrons:            α            β
         Env:  54.00000000  54.00000000
         Act:  16.00000000  16.00000000
         Vir:   0.00000000   0.00000000
Number of electrons in the active space:  32

 The density matrix is idempotent!

 The density matrix is idempotent!


******** <class 'pyscf.scf.hf.RHF'> ********
method = RHF
initial guess = minao
damping factor = 0
level_shift factor = 0
DIIS = <class 'pyscf.scf.diis.CDIIS'>
diis_start_cycle = 1
diis_space = 8
SCF conv_tol = 1e-09
SCF conv_tol_grad = 1e-05
SCF max_cycles = 200
direct_scf = True
direct_scf_tol = 1e-13
chkfile to save SCF result = subsys_scf.chk
max_memory 900000 MB (current use 10108 MB)
init E= 1002.04547988647
  HOMO = -0.290749460612657  LUMO = 0.0393894262280506
cycle= 1 E= 1002.04547926723  delta_E= -6.19e-07  |g|= 1.09e-06  |ddm|= 3.16e-06
  HOMO = -0.290749477272216  LUMO = 0.0393894244485186
cycle= 2 E= 1002.04547926712  delta_E= -1.18e-10  |g|= 5.6e-07  |ddm|= 1.69e-06
  HOMO = -0.290749527840607  LUMO = 0.0393893976036011
Extra cycle  E= 1002.04547926713  delta_E= 1.1e-11  |g|= 3.85e-07  |ddm|= 9.07e-07
converged SCF energy = 1002.04547926713
Difference in energy:  8.860381740305457e-08
Total mean-field energy =  -770.3740910594756
time elapsed:  7.029858350753784
