

******** <class 'pyscf.scf.hf.RHF'> ********
method = RHF
initial guess = minao
damping factor = 0
level_shift factor = 0
DIIS = <class 'pyscf.scf.diis.CDIIS'>
diis_start_cycle = 1
diis_space = 8
SCF conv_tol = 1e-09
SCF conv_tol_grad = 1e-05
SCF max_cycles = 1000
direct_scf = True
direct_scf_tol = 1e-13
chkfile to save SCF result = scf.fchk
max_memory 900000 MB (current use 79 MB)
init E= -774.904749162894
  HOMO = -0.164449271925399  LUMO = -0.0735367192790012
cycle= 1 E= -770.028856532261  delta_E= 4.88  |g|= 0.971  |ddm|= 5.89
  HOMO = -0.234267580500445  LUMO = -0.0345079668962619
cycle= 2 E= -770.259571215058  delta_E= -0.231  |g|= 0.645  |ddm|= 1.66
  HOMO = -0.246882792389442  LUMO = 0.0133546059437744
cycle= 3 E= -770.339827304958  delta_E= -0.0803  |g|= 0.208  |ddm|= 0.811
  HOMO = -0.251530907292325  LUMO = 0.02778420440598
cycle= 4 E= -770.35269197252  delta_E= -0.0129  |g|= 0.0346  |ddm|= 0.269
  HOMO = -0.258471406680582  LUMO = 0.0257616630797998
cycle= 5 E= -770.353521044781  delta_E= -0.000829  |g|= 0.0174  |ddm|= 0.0778
  HOMO = -0.259837946423594  LUMO = 0.0283841298020971
cycle= 6 E= -770.353821313072  delta_E= -0.0003  |g|= 0.00672  |ddm|= 0.0503
  HOMO = -0.260221909227751  LUMO = 0.0301161016500874
cycle= 7 E= -770.353888157209  delta_E= -6.68e-05  |g|= 0.00333  |ddm|= 0.0286
  HOMO = -0.260507009508188  LUMO = 0.0302324090075338
cycle= 8 E= -770.353897556547  delta_E= -9.4e-06  |g|= 0.00149  |ddm|= 0.00939
  HOMO = -0.260548183155517  LUMO = 0.0301234780840065
cycle= 9 E= -770.353900423226  delta_E= -2.87e-06  |g|= 0.000716  |ddm|= 0.00544
  HOMO = -0.260478196099815  LUMO = 0.0301010498606167
cycle= 10 E= -770.35390114994  delta_E= -7.27e-07  |g|= 0.000298  |ddm|= 0.003
  HOMO = -0.26047419309369  LUMO = 0.0300621661347507
cycle= 11 E= -770.35390125194  delta_E= -1.02e-07  |g|= 7.93e-05  |ddm|= 0.00132
  HOMO = -0.260472342016596  LUMO = 0.0300529626314296
cycle= 12 E= -770.353901257047  delta_E= -5.11e-09  |g|= 3.88e-05  |ddm|= 0.000254
  HOMO = -0.260470008653788  LUMO = 0.0300534675711799
cycle= 13 E= -770.35390125782  delta_E= -7.72e-10  |g|= 1.38e-05  |ddm|= 7.82e-05
  HOMO = -0.260470555274871  LUMO = 0.0300533036789791
cycle= 14 E= -770.353901257959  delta_E= -1.39e-10  |g|= 6.98e-06  |ddm|= 3.4e-05
  HOMO = -0.260471096911009  LUMO = 0.0300525210085382
Extra cycle  E= -770.353901257979  delta_E= -2e-11  |g|= 3.69e-06  |ddm|= 1.37e-05
converged SCF energy = -770.353901257979
AOs:  [0, 1, 2, 3, 4, 5, 6, 7, 8, 9, 10, 11, 12, 13, 14, 15, 16, 17, 18, 19, 20, 21, 22, 23, 24, 25, 26, 27, 28, 29, 30, 31, 32, 33, 34, 35, 36, 37, 38, 39, 40, 41, 42, 43, 44, 45, 46, 47, 48, 49, 50, 51, 52, 53, 54, 55, 56, 57, 58, 59, 60, 61, 62, 63]
64
Number of Active MOs:  16
Number of Environment MOs:  54
Number of Virtual MOs:  244
 # electrons:            α            β
         Env:  54.00000000  54.00000000
         Act:  16.00000000  16.00000000
         Vir:   0.00000000   0.00000000
Number of electrons in the active space:  32

 The density matrix is idempotent!

 The density matrix is idempotent!


******** <class 'pyscf.scf.hf.RHF'> ********
method = RHF
initial guess = minao
damping factor = 0
level_shift factor = 0
DIIS = <class 'pyscf.scf.diis.CDIIS'>
diis_start_cycle = 1
diis_space = 8
SCF conv_tol = 1e-09
SCF conv_tol_grad = 1e-05
SCF max_cycles = 200
direct_scf = True
direct_scf_tol = 1e-13
chkfile to save SCF result = subsys_scf.chk
max_memory 900000 MB (current use 10103 MB)
init E= 1000.05465331502
  HOMO = -0.27964141683235  LUMO = 0.0300525057639154
cycle= 1 E= 1000.05465269547  delta_E= -6.2e-07  |g|= 1.43e-06  |ddm|= 3.74e-06
  HOMO = -0.279641480077988  LUMO = 0.030052470952139
cycle= 2 E= 1000.05465269548  delta_E= 1.22e-11  |g|= 6.93e-07  |ddm|= 2.46e-06
  HOMO = -0.279641489614016  LUMO = 0.0300524554732507
Extra cycle  E= 1000.05465269557  delta_E= 9.02e-11  |g|= 5.48e-07  |ddm|= 1.19e-06
converged SCF energy = 1000.05465269557
Difference in energy:  6.063868340788758e-09
Total mean-field energy =  -770.3539012579887
time elapsed:  7.455882549285889
