

******** <class 'pyscf.scf.hf.RHF'> ********
method = RHF
initial guess = minao
damping factor = 0
level_shift factor = 0
DIIS = <class 'pyscf.scf.diis.CDIIS'>
diis_start_cycle = 1
diis_space = 8
SCF conv_tol = 1e-09
SCF conv_tol_grad = 1e-05
SCF max_cycles = 1000
direct_scf = True
direct_scf_tol = 1e-13
chkfile to save SCF result = scf.fchk
max_memory 900000 MB (current use 79 MB)
init E= -774.897916177144
  HOMO = -0.154888417487964  LUMO = -0.0831512026174483
cycle= 1 E= -769.980740462064  delta_E= 4.92  |g|= 0.978  |ddm|=  5.9
  HOMO = -0.200473814916775  LUMO = -0.0586765681865724
cycle= 2 E= -770.2150864061  delta_E= -0.234  |g|= 0.661  |ddm|= 1.74
  HOMO = -0.228550347629959  LUMO = -0.00327054718534151
cycle= 3 E= -770.302816225277  delta_E= -0.0877  |g|= 0.208  |ddm|= 0.844
  HOMO = -0.237200985555025  LUMO = 0.011149825139097
cycle= 4 E= -770.316822630772  delta_E= -0.014  |g|= 0.0384  |ddm|= 0.287
  HOMO = -0.243025767821854  LUMO = 0.00947771595990681
cycle= 5 E= -770.318056557658  delta_E= -0.00123  |g|= 0.0219  |ddm|= 0.0941
  HOMO = -0.24577280878137  LUMO = 0.012863890759836
cycle= 6 E= -770.318586292432  delta_E= -0.00053  |g|= 0.00912  |ddm|= 0.0667
  HOMO = -0.246735072363235  LUMO = 0.0152924389098051
cycle= 7 E= -770.318732403789  delta_E= -0.000146  |g|= 0.00507  |ddm|= 0.0446
  HOMO = -0.247278330586382  LUMO = 0.0154967441090759
cycle= 8 E= -770.318754938941  delta_E= -2.25e-05  |g|= 0.00244  |ddm|= 0.0149
  HOMO = -0.247464504487221  LUMO = 0.0153154331205625
cycle= 9 E= -770.318764562431  delta_E= -9.62e-06  |g|= 0.00134  |ddm|= 0.0111
  HOMO = -0.247410496673766  LUMO = 0.0152962036725073
cycle= 10 E= -770.318767362965  delta_E= -2.8e-06  |g|= 0.000542  |ddm|= 0.00697
  HOMO = -0.247417687048653  LUMO = 0.0152434543678819
cycle= 11 E= -770.318767782814  delta_E= -4.2e-07  |g|= 0.000134  |ddm|= 0.00323
  HOMO = -0.247415081643632  LUMO = 0.0152267139832427
cycle= 12 E= -770.31876780062  delta_E= -1.78e-08  |g|= 6.56e-05  |ddm|= 0.000528
  HOMO = -0.247406875137926  LUMO = 0.0152297635867747
cycle= 13 E= -770.31876780285  delta_E= -2.23e-09  |g|= 2.61e-05  |ddm|= 0.000137
  HOMO = -0.247406472348627  LUMO = 0.0152304795008194
cycle= 14 E= -770.318767803315  delta_E= -4.66e-10  |g|= 1.24e-05  |ddm|= 7.55e-05
  HOMO = -0.247407068711892  LUMO = 0.0152293318587645
cycle= 15 E= -770.3187678034  delta_E= -8.44e-11  |g|= 4.39e-06  |ddm|= 3.43e-05
  HOMO = -0.247406564006417  LUMO = 0.0152295131280151
Extra cycle  E= -770.318767803416  delta_E= -1.57e-11  |g|= 2.82e-06  |ddm|= 9.49e-06
converged SCF energy = -770.318767803416
AOs:  [0, 1, 2, 3, 4, 5, 6, 7, 8, 9, 10, 11, 12, 13, 14, 15, 16, 17, 18, 19, 20, 21, 22, 23, 24, 25, 26, 27, 28, 29, 30, 31, 32, 33, 34, 35, 36, 37, 38, 39, 40, 41, 42, 43, 44, 45, 46, 47, 48, 49, 50, 51, 52, 53, 54, 55, 56, 57, 58, 59, 60, 61, 62, 63]
64
Number of Active MOs:  16
Number of Environment MOs:  54
Number of Virtual MOs:  244
 # electrons:            α            β
         Env:  54.00000000  54.00000000
         Act:  16.00000000  16.00000000
         Vir:  -0.00000000  -0.00000000
Number of electrons in the active space:  32

 The density matrix is idempotent!

 The density matrix is idempotent!


******** <class 'pyscf.scf.hf.RHF'> ********
method = RHF
initial guess = minao
damping factor = 0
level_shift factor = 0
DIIS = <class 'pyscf.scf.diis.CDIIS'>
diis_start_cycle = 1
diis_space = 8
SCF conv_tol = 1e-09
SCF conv_tol_grad = 1e-05
SCF max_cycles = 200
direct_scf = True
direct_scf_tol = 1e-13
chkfile to save SCF result = subsys_scf.chk
max_memory 900000 MB (current use 10102 MB)
init E= 997.194806418778
  HOMO = -0.261291727873845  LUMO = 0.0152293166265481
cycle= 1 E= 997.194805798966  delta_E= -6.2e-07  |g|= 9.16e-07  |ddm|= 3.36e-06
  HOMO = -0.2612916041597  LUMO = 0.0152293152776369
cycle= 2 E= 997.194805798812  delta_E= -1.55e-10  |g|= 4.69e-07  |ddm|= 1.55e-06
  HOMO = -0.261291639823427  LUMO = 0.0152292665105042
Extra cycle  E= 997.194805799088  delta_E= 2.76e-10  |g|= 2.47e-07  |ddm|= 8.59e-07
converged SCF energy = 997.194805799088
Difference in energy:  3.9308134773818893e-08
Total mean-field energy =  -770.3187678034782
time elapsed:  7.165799140930176
