

******** <class 'pyscf.scf.hf.RHF'> ********
method = RHF
initial guess = minao
damping factor = 0
level_shift factor = 0
DIIS = <class 'pyscf.scf.diis.CDIIS'>
diis_start_cycle = 1
diis_space = 8
SCF conv_tol = 1e-09
SCF conv_tol_grad = 1e-05
SCF max_cycles = 1000
direct_scf = True
direct_scf_tol = 1e-13
chkfile to save SCF result = scf.fchk
max_memory 900000 MB (current use 79 MB)
init E= -774.894770602216
  HOMO = -0.143183955167641  LUMO = -0.0933582490220814
cycle= 1 E= -769.906043136871  delta_E= 4.99  |g|=    1  |ddm|= 5.91
  HOMO = -0.141877205476614  LUMO = -0.101339150988051
cycle= 2 E= -770.107605943894  delta_E= -0.202  |g|= 0.775  |ddm|= 2.04
  HOMO = -0.202025924111837  LUMO = -0.0316133611707671
cycle= 3 E= -770.247431898651  delta_E= -0.14  |g|= 0.224  |ddm|= 1.09
  HOMO = -0.208888521262296  LUMO = -0.0190801802238976
cycle= 4 E= -770.26762596257  delta_E= -0.0202  |g|= 0.0491  |ddm|= 0.38
  HOMO = -0.215954936105141  LUMO = -0.0142106536504819
cycle= 5 E= -770.27015829723  delta_E= -0.00253  |g|= 0.029  |ddm|= 0.12
  HOMO = -0.220976661176023  LUMO = -0.0103787522908711
cycle= 6 E= -770.271608975526  delta_E= -0.00145  |g|= 0.0175  |ddm|= 0.121
  HOMO = -0.223647976869598  LUMO = -0.00572510275479919
cycle= 7 E= -770.272081596006  delta_E= -0.000473  |g|= 0.00915  |ddm|= 0.0791
  HOMO = -0.225075772018985  LUMO = -0.00566937447477962
cycle= 8 E= -770.272219007051  delta_E= -0.000137  |g|= 0.00655  |ddm|= 0.0407
  HOMO = -0.22584600147228  LUMO = -0.00563055262157733
cycle= 9 E= -770.272296639896  delta_E= -7.76e-05  |g|= 0.0039  |ddm|= 0.0341
  HOMO = -0.226032278909836  LUMO = -0.00543084639353843
cycle= 10 E= -770.272343967995  delta_E= -4.73e-05  |g|= 0.00218  |ddm|= 0.0361
  HOMO = -0.226275774242071  LUMO = -0.00543804352824481
cycle= 11 E= -770.272355192817  delta_E= -1.12e-05  |g|= 0.000552  |ddm|= 0.0232
  HOMO = -0.226233052010903  LUMO = -0.00548853507804428
cycle= 12 E= -770.272355685516  delta_E= -4.93e-07  |g|= 0.000287  |ddm|= 0.00336
  HOMO = -0.226190949220351  LUMO = -0.00548573327493153
cycle= 13 E= -770.272355761685  delta_E= -7.62e-08  |g|= 0.000142  |ddm|= 0.000855
  HOMO = -0.226204125478326  LUMO = -0.00546744054405798
cycle= 14 E= -770.272355786961  delta_E= -2.53e-08  |g|= 5.68e-05  |ddm|= 0.00121
  HOMO = -0.226197016228522  LUMO = -0.00547448568572379
cycle= 15 E= -770.272355790324  delta_E= -3.36e-09  |g|= 2.44e-05  |ddm|= 0.000332
  HOMO = -0.226195787947023  LUMO = -0.0054718143692299
cycle= 16 E= -770.272355790902  delta_E= -5.78e-10  |g|= 1.19e-05  |ddm|= 0.000131
  HOMO = -0.226194814336528  LUMO = -0.00547187654692265
cycle= 17 E= -770.27235579105  delta_E= -1.47e-10  |g|= 6.59e-06  |ddm|= 3.27e-05
  HOMO = -0.226194719348512  LUMO = -0.00547241129082992
Extra cycle  E= -770.272355791079  delta_E= -2.89e-11  |g|= 4.56e-06  |ddm|= 1.34e-05
converged SCF energy = -770.272355791079
AOs:  [0, 1, 2, 3, 4, 5, 6, 7, 8, 9, 10, 11, 12, 13, 14, 15, 16, 17, 18, 19, 20, 21, 22, 23, 24, 25, 26, 27, 28, 29, 30, 31, 32, 33, 34, 35, 36, 37, 38, 39, 40, 41, 42, 43, 44, 45, 46, 47, 48, 49, 50, 51, 52, 53, 54, 55, 56, 57, 58, 59, 60, 61, 62, 63]
64
Number of Active MOs:  16
Number of Environment MOs:  54
Number of Virtual MOs:  244
 # electrons:            α            β
         Env:  54.00000000  54.00000000
         Act:  16.00000000  16.00000000
         Vir:  -0.00000000  -0.00000000
Number of electrons in the active space:  32

 The density matrix is idempotent!

 The density matrix is idempotent!


******** <class 'pyscf.scf.hf.RHF'> ********
method = RHF
initial guess = minao
damping factor = 0
level_shift factor = 0
DIIS = <class 'pyscf.scf.diis.CDIIS'>
diis_start_cycle = 1
diis_space = 8
SCF conv_tol = 1e-09
SCF conv_tol_grad = 1e-05
SCF max_cycles = 200
direct_scf = True
direct_scf_tol = 1e-13
chkfile to save SCF result = subsys_scf.chk
max_memory 900000 MB (current use 10102 MB)
init E= 994.012705881317
  HOMO = -0.234988716441001  LUMO = -0.00547227973644409
cycle= 1 E= 994.012705261566  delta_E= -6.2e-07  |g|= 1.11e-06  |ddm|= 4.81e-06
  HOMO = -0.234988732352544  LUMO = -0.00547245414148356
cycle= 2 E= 994.012705261484  delta_E= -8.23e-11  |g|= 7.11e-07  |ddm|= 2.84e-06
  HOMO = -0.234988649438023  LUMO = -0.00547251459669966
Extra cycle  E= 994.012705261564  delta_E= 8.06e-11  |g|= 4.26e-07  |ddm|= 2.05e-06
converged SCF energy = 994.012705261564
Difference in energy:  -1.7941916325980855e-07
Total mean-field energy =  -770.2723557907926
time elapsed:  7.690538644790649
