

******** <class 'pyscf.scf.hf.RHF'> ********
method = RHF
initial guess = minao
damping factor = 0
level_shift factor = 0
DIIS = <class 'pyscf.scf.diis.CDIIS'>
diis_start_cycle = 1
diis_space = 8
SCF conv_tol = 1e-09
SCF conv_tol_grad = 1e-05
SCF max_cycles = 1000
direct_scf = True
direct_scf_tol = 1e-13
chkfile to save SCF result = scf.fchk
max_memory 900000 MB (current use 79 MB)
init E= -774.894396896218
  HOMO = -0.141407763428547  LUMO = -0.0948539965283443
cycle= 1 E= -769.890208252596  delta_E=    5  |g|= 1.01  |ddm|= 5.91
  HOMO = -0.130187354707136  LUMO = -0.115223162180885
cycle= 2 E= -770.015403720374  delta_E= -0.125  |g|= 0.904  |ddm|= 2.19
  HOMO = -0.196402172969095  LUMO = -0.044086932362624
cycle= 3 E= -770.224531804918  delta_E= -0.209  |g|= 0.262  |ddm|= 1.31
  HOMO = -0.197010700887641  LUMO = -0.0347299839224079
cycle= 4 E= -770.252386476463  delta_E= -0.0279  |g|= 0.0691  |ddm|= 0.473
  HOMO = -0.204331895687473  LUMO = -0.0242525469211385
cycle= 5 E= -770.256107552069  delta_E= -0.00372  |g|= 0.0357  |ddm|= 0.134
  HOMO = -0.210196998991136  LUMO = -0.0197306367561968
cycle= 6 E= -770.258291964202  delta_E= -0.00218  |g|= 0.0229  |ddm|= 0.142
  HOMO = -0.213582325848321  LUMO = -0.0138360846782304
cycle= 7 E= -770.259183060903  delta_E= -0.000891  |g|= 0.0131  |ddm|= 0.102
  HOMO = -0.216103486833925  LUMO = -0.0128572944965659
cycle= 8 E= -770.259541438134  delta_E= -0.000358  |g|= 0.00914  |ddm|= 0.0699
  HOMO = -0.217432093756945  LUMO = -0.0126639972876978
cycle= 9 E= -770.259736817902  delta_E= -0.000195  |g|= 0.00675  |ddm|= 0.0522
  HOMO = -0.218326604385629  LUMO = -0.0120615624930365
cycle= 10 E= -770.259907060626  delta_E= -0.00017  |g|= 0.00443  |ddm|= 0.0675
  HOMO = -0.219127292743505  LUMO = -0.0115575940946918
cycle= 11 E= -770.259983757322  delta_E= -7.67e-05  |g|= 0.00145  |ddm|= 0.068
  HOMO = -0.219200199830539  LUMO = -0.0117814776082841
cycle= 12 E= -770.259988280158  delta_E= -4.52e-06  |g|= 0.000625  |ddm|= 0.0158
  HOMO = -0.219001084442066  LUMO = -0.011824309327172
cycle= 13 E= -770.259988508965  delta_E= -2.29e-07  |g|= 0.000356  |ddm|= 0.00218
  HOMO = -0.219069443264798  LUMO = -0.0117521948942991
cycle= 14 E= -770.259988763873  delta_E= -2.55e-07  |g|= 0.000114  |ddm|= 0.00419
  HOMO = -0.219059297243522  LUMO = -0.0117562791840813
cycle= 15 E= -770.25998877783  delta_E= -1.4e-08  |g|= 4.94e-05  |ddm|= 0.000375
  HOMO = -0.219052922026492  LUMO = -0.0117547032904124
cycle= 16 E= -770.259988780278  delta_E= -2.45e-09  |g|= 2.51e-05  |ddm|= 0.000206
  HOMO = -0.219053862938057  LUMO = -0.0117512835685303
cycle= 17 E= -770.259988781034  delta_E= -7.55e-10  |g|= 1.24e-05  |ddm|= 0.00015
  HOMO = -0.219052302851238  LUMO = -0.0117522797611195
cycle= 18 E= -770.259988781214  delta_E= -1.8e-10  |g|= 5.18e-06  |ddm|= 4.37e-05
  HOMO = -0.219052236062108  LUMO = -0.0117528881884415
Extra cycle  E= -770.259988781237  delta_E= -2.27e-11  |g|= 3.34e-06  |ddm|= 1.12e-05
converged SCF energy = -770.259988781237
AOs:  [0, 1, 2, 3, 4, 5, 6, 7, 8, 9, 10, 11, 12, 13, 14, 15, 16, 17, 18, 19, 20, 21, 22, 23, 24, 25, 26, 27, 28, 29, 30, 31, 32, 33, 34, 35, 36, 37, 38, 39, 40, 41, 42, 43, 44, 45, 46, 47, 48, 49, 50, 51, 52, 53, 54, 55, 56, 57, 58, 59, 60, 61, 62, 63]
64
Number of Active MOs:  16
Number of Environment MOs:  54
Number of Virtual MOs:  244
 # electrons:            α            β
         Env:  54.00000000  54.00000000
         Act:  16.00000000  16.00000000
         Vir:  -0.00000000  -0.00000000
Number of electrons in the active space:  32

 The density matrix is idempotent!

 The density matrix is idempotent!


******** <class 'pyscf.scf.hf.RHF'> ********
method = RHF
initial guess = minao
damping factor = 0
level_shift factor = 0
DIIS = <class 'pyscf.scf.diis.CDIIS'>
diis_start_cycle = 1
diis_space = 8
SCF conv_tol = 1e-09
SCF conv_tol_grad = 1e-05
SCF max_cycles = 200
direct_scf = True
direct_scf_tol = 1e-13
chkfile to save SCF result = subsys_scf.chk
max_memory 900000 MB (current use 10102 MB)
init E= 993.239051276281
  HOMO = -0.226520776097072  LUMO = -0.0117527496504692
cycle= 1 E= 993.239050656203  delta_E= -6.2e-07  |g|= 1.85e-06  |ddm|= 6.51e-06
  HOMO = -0.226520963020357  LUMO = -0.0117530616144807
cycle= 2 E= 993.239050656281  delta_E= 7.82e-11  |g|= 1.18e-06  |ddm|= 4.88e-06
  HOMO = -0.226520747749269  LUMO = -0.0117529575680472
Extra cycle  E= 993.23905065625  delta_E= -3.09e-11  |g|= 9.84e-07  |ddm|= 3.75e-06
converged SCF energy = 993.23905065625
Difference in energy:  -4.280377652321476e-09
Total mean-field energy =  -770.2599887812298
time elapsed:  8.445457458496094
