

******** <class 'pyscf.scf.hf.RHF'> ********
method = RHF
initial guess = minao
damping factor = 0
level_shift factor = 0
DIIS = <class 'pyscf.scf.diis.CDIIS'>
diis_start_cycle = 1
diis_space = 8
SCF conv_tol = 1e-09
SCF conv_tol_grad = 1e-05
SCF max_cycles = 1000
direct_scf = True
direct_scf_tol = 1e-13
chkfile to save SCF result = scf.fchk
max_memory 900000 MB (current use 79 MB)
init E= -774.89433842536
  HOMO = -0.141173924930755  LUMO = -0.0950466671585544
cycle= 1 E= -769.888009080423  delta_E= 5.01  |g|= 1.01  |ddm|= 5.91
  HOMO = -0.128984110492458  LUMO = -0.117777976197111
cycle= 2 E= -769.952360485036  delta_E= -0.0644  |g|= 0.995  |ddm|= 2.24
  HOMO = -0.196719494779651  LUMO = -0.0487557826005629
cycle= 3 E= -770.215899140992  delta_E= -0.264  |g|= 0.283  |ddm|= 1.43
  HOMO = -0.194809521763148  LUMO = -0.0407908013725729
cycle= 4 E= -770.248263119838  delta_E= -0.0324  |g|= 0.0796  |ddm|= 0.513
  HOMO = -0.200660668562036  LUMO = -0.0278713690347493
cycle= 5 E= -770.252765867212  delta_E= -0.0045  |g|= 0.0383  |ddm|= 0.148
  HOMO = -0.207200533987584  LUMO = -0.0224817028848407
cycle= 6 E= -770.255218418764  delta_E= -0.00245  |g|= 0.025  |ddm|= 0.146
  HOMO = -0.2102144100282  LUMO = -0.0163801379144328
cycle= 7 E= -770.256304820525  delta_E= -0.00109  |g|= 0.0152  |ddm|= 0.108
  HOMO = -0.213320865681417  LUMO = -0.0148024837469574
cycle= 8 E= -770.256828224073  delta_E= -0.000523  |g|= 0.0103  |ddm|= 0.0856
  HOMO = -0.214974489288636  LUMO = -0.0145096515525313
cycle= 9 E= -770.257115541908  delta_E= -0.000287  |g|= 0.00806  |ddm|= 0.0628
  HOMO = -0.216224992209316  LUMO = -0.0136819812460397
cycle= 10 E= -770.257378598287  delta_E= -0.000263  |g|= 0.00568  |ddm|= 0.0808
  HOMO = -0.217597737427343  LUMO = -0.0127385040820758
cycle= 11 E= -770.257536299537  delta_E= -0.000158  |g|= 0.00202  |ddm|= 0.102
  HOMO = -0.217698523677954  LUMO = -0.0130872783294312
cycle= 12 E= -770.25754554103  delta_E= -9.24e-06  |g|= 0.000831  |ddm|= 0.0252
  HOMO = -0.217377704412258  LUMO = -0.0132109833552074
cycle= 13 E= -770.257545762728  delta_E= -2.22e-07  |g|= 0.000479  |ddm|= 0.00435
  HOMO = -0.217489668268208  LUMO = -0.0130960426527217
cycle= 14 E= -770.2575463092  delta_E= -5.46e-07  |g|= 0.000153  |ddm|= 0.00628
  HOMO = -0.217476032732904  LUMO = -0.013093661161389
cycle= 15 E= -770.257546332579  delta_E= -2.34e-08  |g|= 7.21e-05  |ddm|= 0.000583
  HOMO = -0.217463832079751  LUMO = -0.0130965939768234
cycle= 16 E= -770.257546338046  delta_E= -5.47e-09  |g|= 3.36e-05  |ddm|= 0.000487
  HOMO = -0.217467207690826  LUMO = -0.0130886684900443
cycle= 17 E= -770.257546339533  delta_E= -1.49e-09  |g|= 1.58e-05  |ddm|= 0.000242
  HOMO = -0.21746520603462  LUMO = -0.0130892786213319
cycle= 18 E= -770.257546339805  delta_E= -2.72e-10  |g|= 6.94e-06  |ddm|= 5.38e-05
  HOMO = -0.21746509736792  LUMO = -0.0130908459496555
Extra cycle  E= -770.257546339849  delta_E= -4.43e-11  |g|= 4.59e-06  |ddm|= 1.56e-05
converged SCF energy = -770.257546339849
AOs:  [0, 1, 2, 3, 4, 5, 6, 7, 8, 9, 10, 11, 12, 13, 14, 15, 16, 17, 18, 19, 20, 21, 22, 23, 24, 25, 26, 27, 28, 29, 30, 31, 32, 33, 34, 35, 36, 37, 38, 39, 40, 41, 42, 43, 44, 45, 46, 47, 48, 49, 50, 51, 52, 53, 54, 55, 56, 57, 58, 59, 60, 61, 62, 63]
64
Number of Active MOs:  16
Number of Environment MOs:  54
Number of Virtual MOs:  244
 # electrons:            α            β
         Env:  54.00000000  54.00000000
         Act:  16.00000000  16.00000000
         Vir:  -0.00000000  -0.00000000
Number of electrons in the active space:  32

 The density matrix is idempotent!

 The density matrix is idempotent!


******** <class 'pyscf.scf.hf.RHF'> ********
method = RHF
initial guess = minao
damping factor = 0
level_shift factor = 0
DIIS = <class 'pyscf.scf.diis.CDIIS'>
diis_start_cycle = 1
diis_space = 8
SCF conv_tol = 1e-09
SCF conv_tol_grad = 1e-05
SCF max_cycles = 200
direct_scf = True
direct_scf_tol = 1e-13
chkfile to save SCF result = subsys_scf.chk
max_memory 900000 MB (current use 10103 MB)
init E= 993.088131851151
  HOMO = -0.224645918496349  LUMO = -0.0130906016006218
cycle= 1 E= 993.088131231041  delta_E= -6.2e-07  |g|= 2.54e-06  |ddm|= 9.4e-06
  HOMO = -0.224646243177734  LUMO = -0.0130910637801226
cycle= 2 E= 993.088131231047  delta_E= 6.03e-12  |g|= 1.78e-06  |ddm|= 7.09e-06
  HOMO = -0.224645906713448  LUMO = -0.0130909350492956
Extra cycle  E= 993.088131231267  delta_E= 2.2e-10  |g|= 1.41e-06  |ddm|= 5.63e-06
converged SCF energy = 993.088131231267
Difference in energy:  -1.2284683862162637e-07
Total mean-field energy =  -770.2575463396536
time elapsed:  8.313478946685791
