

******** <class 'pyscf.scf.hf.RHF'> ********
method = RHF
initial guess = minao
damping factor = 0
level_shift factor = 0
DIIS = <class 'pyscf.scf.diis.CDIIS'>
diis_start_cycle = 1
diis_space = 8
SCF conv_tol = 1e-09
SCF conv_tol_grad = 1e-05
SCF max_cycles = 1000
direct_scf = True
direct_scf_tol = 1e-13
chkfile to save SCF result = scf.fchk
max_memory 900000 MB (current use 79 MB)
init E= -774.894193838302
  HOMO = -0.14075272866379  LUMO = -0.0953785336553154
cycle= 1 E= -769.884120670491  delta_E= 5.01  |g|= 1.01  |ddm|= 5.91
  HOMO = -0.131205933799112  LUMO = -0.121712820402941
cycle= 2 E= -769.32877391671  delta_E= 0.555  |g|= 1.63  |ddm|= 2.56
  HOMO = -0.209743157177197  LUMO = -0.0645584917236874
cycle= 3 E= -770.175723853123  delta_E= -0.847  |g|= 0.395  |ddm|=  2.1
  HOMO = -0.196304052508058  LUMO = -0.0617095588602194
cycle= 4 E= -770.231137414835  delta_E= -0.0554  |g|= 0.149  |ddm|= 0.612
  HOMO = -0.188512664164838  LUMO = -0.044363971700853
cycle= 5 E= -770.240944146442  delta_E= -0.00981  |g|= 0.0551  |ddm|= 0.245
  HOMO = -0.195909246909819  LUMO = -0.0344718473012851
cycle= 6 E= -770.244673333942  delta_E= -0.00373  |g|= 0.0292  |ddm|= 0.174
  HOMO = -0.196648025614004  LUMO = -0.0278960853090958
cycle= 7 E= -770.245869756094  delta_E= -0.0012  |g|= 0.0166  |ddm|= 0.102
  HOMO = -0.198496214738332  LUMO = -0.0253803591752453
cycle= 8 E= -770.246473773461  delta_E= -0.000604  |g|= 0.0096  |ddm|= 0.0914
  HOMO = -0.200159147584736  LUMO = -0.0251285254175877
cycle= 9 E= -770.24678333301  delta_E= -0.00031  |g|= 0.00843  |ddm|= 0.0539
  HOMO = -0.200767992808054  LUMO = -0.0247513823318485
cycle= 10 E= -770.247067123461  delta_E= -0.000284  |g|= 0.00869  |ddm|= 0.0492
  HOMO = -0.20047264375256  LUMO = -0.0249265106143592
cycle= 11 E= -770.246885899489  delta_E= 0.000181  |g|= 0.0087  |ddm|= 0.0317
  HOMO = -0.199905082246327  LUMO = -0.0242647426136687
cycle= 12 E= -770.245461842514  delta_E= 0.00142  |g|= 0.0138  |ddm|= 0.282
  HOMO = -0.199712008850568  LUMO = -0.0248779414812061
cycle= 13 E= -770.246010059862  delta_E= -0.000548  |g|= 0.00945  |ddm|= 0.118
  HOMO = -0.200052378916949  LUMO = -0.0239384430629392
cycle= 14 E= -770.245676464345  delta_E= 0.000334  |g|= 0.0126  |ddm|= 0.07
  HOMO = -0.200641031005909  LUMO = -0.023483957400592
cycle= 15 E= -770.245495886004  delta_E= 0.000181  |g|= 0.0156  |ddm|= 0.0376
  HOMO = -0.200564780298828  LUMO = -0.0235925455700713
cycle= 16 E= -770.245158422674  delta_E= 0.000337  |g|= 0.0171  |ddm|= 0.0875
  HOMO = -0.200405196288721  LUMO = -0.0236543435131659
cycle= 17 E= -770.244773511709  delta_E= 0.000385  |g|= 0.0184  |ddm|= 0.141
  HOMO = -0.198260359407479  LUMO = -0.0257901480188226
cycle= 18 E= -770.244756961982  delta_E= 1.65e-05  |g|= 0.00467  |ddm|= 0.102
  HOMO = -0.200058879446397  LUMO = -0.0244498839048453
cycle= 19 E= -770.244681806827  delta_E= 7.52e-05  |g|= 0.0105  |ddm|= 0.0984
  HOMO = -0.198984318291317  LUMO = -0.0260025329779505
cycle= 20 E= -770.244723813358  delta_E= -4.2e-05  |g|= 0.00142  |ddm|= 0.0434
  HOMO = -0.198406105434859  LUMO = -0.0266476275514811
cycle= 21 E= -770.244721762184  delta_E= 2.05e-06  |g|= 0.00217  |ddm|= 0.015
  HOMO = -0.198687975958001  LUMO = -0.0263956943355917
cycle= 22 E= -770.244723048266  delta_E= -1.29e-06  |g|= 0.000543  |ddm|= 0.00945
  HOMO = -0.198829075427728  LUMO = -0.0262707142125344
cycle= 23 E= -770.244723135381  delta_E= -8.71e-08  |g|= 0.00025  |ddm|= 0.0019
  HOMO = -0.198849179430065  LUMO = -0.02627275031595
cycle= 24 E= -770.244723159129  delta_E= -2.37e-08  |g|= 0.000209  |ddm|= 0.00219
  HOMO = -0.198815928243437  LUMO = -0.0263081806429804
cycle= 25 E= -770.244723168488  delta_E= -9.36e-09  |g|= 2.47e-05  |ddm|= 0.000631
  HOMO = -0.198808096683553  LUMO = -0.0263158989445305
cycle= 26 E= -770.244723162187  delta_E= 6.3e-09  |g|= 1.13e-05  |ddm|= 0.000956
  HOMO = -0.198808414888872  LUMO = -0.0263152447830329
cycle= 27 E= -770.244723161777  delta_E= 4.1e-10  |g|= 3.32e-06  |ddm|= 0.000262
  HOMO = -0.198808668509264  LUMO = -0.0263149244243132
Extra cycle  E= -770.244723161786  delta_E= -8.87e-12  |g|= 1.95e-06  |ddm|= 9.05e-06
converged SCF energy = -770.244723161786
AOs:  [0, 1, 2, 3, 4, 5, 6, 7, 8, 9, 10, 11, 12, 13, 14, 15, 16, 17, 18, 19, 20, 21, 22, 23, 24, 25, 26, 27, 28, 29, 30, 31, 32, 33, 34, 35, 36, 37, 38, 39, 40, 41, 42, 43, 44, 45, 46, 47, 48, 49, 50, 51, 52, 53, 54, 55, 56, 57, 58, 59, 60, 61, 62, 63]
64
Number of Active MOs:  16
Number of Environment MOs:  54
Number of Virtual MOs:  244
 # electrons:            α            β
         Env:  54.00000000  54.00000000
         Act:  16.00000000  16.00000000
         Vir:  -0.00000000  -0.00000000
Number of electrons in the active space:  32

 The density matrix is idempotent!

 The density matrix is idempotent!


******** <class 'pyscf.scf.hf.RHF'> ********
method = RHF
initial guess = minao
damping factor = 0
level_shift factor = 0
DIIS = <class 'pyscf.scf.diis.CDIIS'>
diis_start_cycle = 1
diis_space = 8
SCF conv_tol = 1e-09
SCF conv_tol_grad = 1e-05
SCF max_cycles = 200
direct_scf = True
direct_scf_tol = 1e-13
chkfile to save SCF result = subsys_scf.chk
max_memory 900000 MB (current use 10103 MB)
init E= 992.80228879841
  HOMO = -0.202424285977182  LUMO = -0.0263148765312483
cycle= 1 E= 992.802288179077  delta_E= -6.19e-07  |g|= 1.39e-06  |ddm|= 6.3e-06
  HOMO = -0.202424412161361  LUMO = -0.0263147271278476
cycle= 2 E= 992.80228817915  delta_E= 7.26e-11  |g|= 1.23e-06  |ddm|= 6.07e-06
  HOMO = -0.20242446410008  LUMO = -0.0263146259133906
Extra cycle  E= 992.802288179037  delta_E= -1.13e-10  |g|= 1.24e-06  |ddm|= 6.2e-06
converged SCF energy = 992.802288179037
Difference in energy:  -1.560911050546565e-07
Total mean-field energy =  -770.2447231615374
time elapsed:  9.405097007751465
