

******** <class 'pyscf.scf.hf.RHF'> ********
method = RHF
initial guess = minao
damping factor = 0
level_shift factor = 0
DIIS = <class 'pyscf.scf.diis.CDIIS'>
diis_start_cycle = 1
diis_space = 8
SCF conv_tol = 1e-09
SCF conv_tol_grad = 1e-05
SCF max_cycles = 1000
direct_scf = True
direct_scf_tol = 1e-13
chkfile to save SCF result = scf.fchk
max_memory 900000 MB (current use 79 MB)
init E= -774.894154729914
  HOMO = -0.140709691834599  LUMO = -0.0954033392475308
cycle= 1 E= -769.883820677274  delta_E= 5.01  |g|= 1.01  |ddm|= 5.91
  HOMO = -0.133080300073359  LUMO = -0.121849280278401
cycle= 2 E= -769.250037548341  delta_E= 0.634  |g|= 1.68  |ddm|= 2.59
  HOMO = -0.211316690848666  LUMO = -0.064714559857372
cycle= 3 E= -770.17109102241  delta_E= -0.921  |g|= 0.41  |ddm|= 2.16
  HOMO = -0.197676206239457  LUMO = -0.0627415598323739
cycle= 4 E= -770.229233010201  delta_E= -0.0581  |g|= 0.158  |ddm|= 0.612
  HOMO = -0.188220119693178  LUMO = -0.0457121648517963
cycle= 5 E= -770.239681897304  delta_E= -0.0104  |g|= 0.0595  |ddm|= 0.253
  HOMO = -0.195101305964513  LUMO = -0.0357159759306999
cycle= 6 E= -770.243590331355  delta_E= -0.00391  |g|= 0.0296  |ddm|= 0.178
  HOMO = -0.195398817236929  LUMO = -0.0290295837335968
cycle= 7 E= -770.244660288404  delta_E= -0.00107  |g|= 0.0152  |ddm|= 0.0974
  HOMO = -0.196650262929387  LUMO = -0.0266898518285087
cycle= 8 E= -770.244971195925  delta_E= -0.000311  |g|= 0.00555  |ddm|= 0.0721
  HOMO = -0.197987079780217  LUMO = -0.0267250555166154
cycle= 9 E= -770.245012942427  delta_E= -4.17e-05  |g|= 0.00223  |ddm|= 0.0241
  HOMO = -0.19808073286297  LUMO = -0.0266758009120448
cycle= 10 E= -770.245021164672  delta_E= -8.22e-06  |g|= 0.00124  |ddm|= 0.00904
  HOMO = -0.198125831989709  LUMO = -0.0266160108302183
cycle= 11 E= -770.245026278942  delta_E= -5.11e-06  |g|= 0.000959  |ddm|= 0.00734
  HOMO = -0.198217972779399  LUMO = -0.02664651065073
cycle= 12 E= -770.245029780653  delta_E= -3.5e-06  |g|= 0.000969  |ddm|= 0.00509
  HOMO = -0.198215548497208  LUMO = -0.0266449134540786
cycle= 13 E= -770.245028834434  delta_E= 9.46e-07  |g|= 0.000957  |ddm|= 0.00136
  HOMO = -0.198203085703777  LUMO = -0.0266603112323867
cycle= 14 E= -770.245016469476  delta_E= 1.24e-05  |g|= 0.000729  |ddm|= 0.0213
  HOMO = -0.198198307170835  LUMO = -0.0266000988390714
cycle= 15 E= -770.245006063765  delta_E= 1.04e-05  |g|= 0.000424  |ddm|= 0.0341
  HOMO = -0.198243979883822  LUMO = -0.0266225702820647
cycle= 16 E= -770.245005325804  delta_E= 7.38e-07  |g|= 0.000168  |ddm|= 0.00841
  HOMO = -0.198237851649509  LUMO = -0.0266744178110571
cycle= 17 E= -770.24500519032  delta_E= 1.35e-07  |g|= 7.72e-05  |ddm|= 0.00491
  HOMO = -0.198238908133038  LUMO = -0.0266833917624288
cycle= 18 E= -770.245005190542  delta_E= -2.22e-10  |g|= 3.1e-05  |ddm|= 0.000746
  HOMO = -0.198241216783893  LUMO = -0.0266783813471456
cycle= 19 E= -770.245005191436  delta_E= -8.93e-10  |g|= 1.22e-05  |ddm|= 0.000149
  HOMO = -0.198244133311027  LUMO = -0.0266779043115317
cycle= 20 E= -770.24500519161  delta_E= -1.74e-10  |g|= 5.54e-06  |ddm|= 5.09e-05
  HOMO = -0.198244067865587  LUMO = -0.0266769784891969
Extra cycle  E= -770.245005191638  delta_E= -2.82e-11  |g|= 3.81e-06  |ddm|= 1.16e-05
converged SCF energy = -770.245005191638
AOs:  [0, 1, 2, 3, 4, 5, 6, 7, 8, 9, 10, 11, 12, 13, 14, 15, 16, 17, 18, 19, 20, 21, 22, 23, 24, 25, 26, 27, 28, 29, 30, 31, 32, 33, 34, 35, 36, 37, 38, 39, 40, 41, 42, 43, 44, 45, 46, 47, 48, 49, 50, 51, 52, 53, 54, 55, 56, 57, 58, 59, 60, 61, 62, 63]
64
Number of Active MOs:  16
Number of Environment MOs:  54
Number of Virtual MOs:  244
 # electrons:            α            β
         Env:  54.00000000  54.00000000
         Act:  16.00000000  16.00000000
         Vir:   0.00000000   0.00000000
Number of electrons in the active space:  32

 The density matrix is idempotent!

 The density matrix is idempotent!


******** <class 'pyscf.scf.hf.RHF'> ********
method = RHF
initial guess = minao
damping factor = 0
level_shift factor = 0
DIIS = <class 'pyscf.scf.diis.CDIIS'>
diis_start_cycle = 1
diis_space = 8
SCF conv_tol = 1e-09
SCF conv_tol_grad = 1e-05
SCF max_cycles = 200
direct_scf = True
direct_scf_tol = 1e-13
chkfile to save SCF result = subsys_scf.chk
max_memory 900000 MB (current use 10103 MB)
init E= 992.6391846682
  HOMO = -0.201800967593329  LUMO = -0.0266769423997318
cycle= 1 E= 992.639184049077  delta_E= -6.19e-07  |g|= 1.62e-06  |ddm|= 6.22e-06
  HOMO = -0.201800989403634  LUMO = -0.0266765206455396
cycle= 2 E= 992.639184049065  delta_E= -1.17e-11  |g|= 9.15e-07  |ddm|= 3.3e-06
  HOMO = -0.201801164461462  LUMO = -0.0266765009527597
Extra cycle  E= 992.63918404909  delta_E= 2.47e-11  |g|= 6.09e-07  |ddm|= 2.6e-06
converged SCF energy = 992.63918404909
Difference in energy:  -4.896752034255769e-07
Total mean-field energy =  -770.2450051908579
time elapsed:  9.826678276062012
