

******** <class 'pyscf.scf.hf.RHF'> ********
method = RHF
initial guess = minao
damping factor = 0
level_shift factor = 0
DIIS = <class 'pyscf.scf.diis.CDIIS'>
diis_start_cycle = 1
diis_space = 8
SCF conv_tol = 1e-09
SCF conv_tol_grad = 1e-05
SCF max_cycles = 1000
direct_scf = True
direct_scf_tol = 1e-13
chkfile to save SCF result = scf.fchk
max_memory 900000 MB (current use 79 MB)
init E= -774.894122326672
  HOMO = -0.140717598180922  LUMO = -0.0953840970393349
cycle= 1 E= -769.884043016135  delta_E= 5.01  |g|= 1.01  |ddm|= 5.91
  HOMO = -0.131720339375222  LUMO = -0.121809179627058
cycle= 2 E= -769.317173536931  delta_E= 0.567  |g|= 1.64  |ddm|= 2.56
  HOMO = -0.209891495412727  LUMO = -0.0645322472346317
cycle= 3 E= -770.174893740782  delta_E= -0.858  |g|= 0.397  |ddm|= 2.11
  HOMO = -0.196499136057695  LUMO = -0.0619432168109312
cycle= 4 E= -770.230627553203  delta_E= -0.0557  |g|= 0.151  |ddm|= 0.611
  HOMO = -0.188321482608197  LUMO = -0.0446494307580544
cycle= 5 E= -770.240505164107  delta_E= -0.00988  |g|= 0.0558  |ddm|= 0.245
  HOMO = -0.195619603791084  LUMO = -0.0347805854745176
cycle= 6 E= -770.244226517915  delta_E= -0.00372  |g|= 0.0293  |ddm|= 0.173
  HOMO = -0.196262469866705  LUMO = -0.0281773072964153
cycle= 7 E= -770.245373249323  delta_E= -0.00115  |g|= 0.0161  |ddm|= 0.0997
  HOMO = -0.197938137577828  LUMO = -0.0257034185504882
cycle= 8 E= -770.245881409652  delta_E= -0.000508  |g|= 0.00849  |ddm|= 0.085
  HOMO = -0.199505903797613  LUMO = -0.0255145876075378
cycle= 9 E= -770.246113601584  delta_E= -0.000232  |g|= 0.00711  |ddm|= 0.0473
  HOMO = -0.199962328590032  LUMO = -0.0252197078828098
cycle= 10 E= -770.246314812203  delta_E= -0.000201  |g|= 0.00732  |ddm|= 0.0406
  HOMO = -0.199742088385474  LUMO = -0.025354068265301
cycle= 11 E= -770.246183541908  delta_E= 0.000131  |g|= 0.00727  |ddm|= 0.0268
  HOMO = -0.199133329992499  LUMO = -0.0249929866671657
cycle= 12 E= -770.245223371278  delta_E= 0.00096  |g|= 0.00986  |ddm|= 0.234
  HOMO = -0.199071762400029  LUMO = -0.0253078257253593
cycle= 13 E= -770.24542639415  delta_E= -0.000203  |g|= 0.00707  |ddm|= 0.0572
  HOMO = -0.199400546363541  LUMO = -0.0244863380519655
cycle= 14 E= -770.245050637241  delta_E= 0.000376  |g|= 0.00992  |ddm|= 0.119
  HOMO = -0.200075211921684  LUMO = -0.0245062295214453
cycle= 15 E= -770.244784666636  delta_E= 0.000266  |g|= 0.0115  |ddm|= 0.14
  HOMO = -0.199009833794213  LUMO = -0.0257656676152878
cycle= 16 E= -770.244799828912  delta_E= -1.52e-05  |g|= 0.00382  |ddm|= 0.0371
  HOMO = -0.199425174486441  LUMO = -0.0257336203278431
cycle= 17 E= -770.244762368148  delta_E= 3.75e-05  |g|= 0.00482  |ddm|= 0.0771
  HOMO = -0.199022755879022  LUMO = -0.026168426502452
cycle= 18 E= -770.24476815855  delta_E= -5.79e-06  |g|= 0.00242  |ddm|= 0.0193
  HOMO = -0.198560243948316  LUMO = -0.026637730436509
cycle= 19 E= -770.244770198897  delta_E= -2.04e-06  |g|= 0.000449  |ddm|= 0.00652
  HOMO = -0.198460058770126  LUMO = -0.0266619747212786
cycle= 20 E= -770.244770105196  delta_E= 9.37e-08  |g|= 0.000545  |ddm|= 0.00577
  HOMO = -0.198585059223802  LUMO = -0.0264904398641811
cycle= 21 E= -770.244770172169  delta_E= -6.7e-08  |g|= 0.000362  |ddm|= 0.00232
  HOMO = -0.198544666702564  LUMO = -0.0265376839467096
cycle= 22 E= -770.244770212093  delta_E= -3.99e-08  |g|= 7.02e-05  |ddm|= 0.00125
  HOMO = -0.198532397615804  LUMO = -0.0265483375336651
cycle= 23 E= -770.244770214024  delta_E= -1.93e-09  |g|= 1.06e-05  |ddm|= 0.0002
  HOMO = -0.19853112571554  LUMO = -0.0265475827065811
cycle= 24 E= -770.244770213998  delta_E= 2.66e-11  |g|= 4.84e-06  |ddm|= 6.2e-05
  HOMO = -0.198531399866959  LUMO = -0.0265481547766209
Extra cycle  E= -770.244770214026  delta_E= -2.86e-11  |g|= 3.93e-06  |ddm|= 1.61e-05
converged SCF energy = -770.244770214026
AOs:  [0, 1, 2, 3, 4, 5, 6, 7, 8, 9, 10, 11, 12, 13, 14, 15, 16, 17, 18, 19, 20, 21, 22, 23, 24, 25, 26, 27, 28, 29, 30, 31, 32, 33, 34, 35, 36, 37, 38, 39, 40, 41, 42, 43, 44, 45, 46, 47, 48, 49, 50, 51, 52, 53, 54, 55, 56, 57, 58, 59, 60, 61, 62, 63]
64
Number of Active MOs:  16
Number of Environment MOs:  54
Number of Virtual MOs:  244
 # electrons:            α            β
         Env:  54.00000000  54.00000000
         Act:  16.00000000  16.00000000
         Vir:  -0.00000000  -0.00000000
Number of electrons in the active space:  32

 The density matrix is idempotent!

 The density matrix is idempotent!


******** <class 'pyscf.scf.hf.RHF'> ********
method = RHF
initial guess = minao
damping factor = 0
level_shift factor = 0
DIIS = <class 'pyscf.scf.diis.CDIIS'>
diis_start_cycle = 1
diis_space = 8
SCF conv_tol = 1e-09
SCF conv_tol_grad = 1e-05
SCF max_cycles = 200
direct_scf = True
direct_scf_tol = 1e-13
chkfile to save SCF result = subsys_scf.chk
max_memory 900000 MB (current use 10102 MB)
init E= 992.476162911604
  HOMO = -0.202170334723936  LUMO = -0.0265477896686504
cycle= 1 E= 992.476162292275  delta_E= -6.19e-07  |g|= 3.04e-06  |ddm|= 1.48e-05
  HOMO = -0.202170423587762  LUMO = -0.0265480987503476
cycle= 2 E= 992.47616229223  delta_E= -4.52e-11  |g|= 3.07e-06  |ddm|= 1.52e-05
  HOMO = -0.202170200673016  LUMO = -0.0265480625690557
Extra cycle  E= 992.476162291995  delta_E= -2.35e-10  |g|= 3.16e-06  |ddm|= 1.6e-05
converged SCF energy = 992.476162291995
Difference in energy:  2.0752697651005293e-07
Total mean-field energy =  -770.2447702143571
time elapsed:  9.442022562026978
