

******** <class 'pyscf.scf.hf.RHF'> ********
method = RHF
initial guess = minao
damping factor = 0
level_shift factor = 0
DIIS = <class 'pyscf.scf.diis.CDIIS'>
diis_start_cycle = 1
diis_space = 8
SCF conv_tol = 1e-09
SCF conv_tol_grad = 1e-05
SCF max_cycles = 1000
direct_scf = True
direct_scf_tol = 1e-13
chkfile to save SCF result = scf.fchk
max_memory 900000 MB (current use 79 MB)
init E= -774.894093817487
  HOMO = -0.140775198939732  LUMO = -0.0953209801382164
cycle= 1 E= -769.884781573998  delta_E= 5.01  |g|= 1.01  |ddm|= 5.91
  HOMO = -0.129867894272709  LUMO = -0.121415321516376
cycle= 2 E= -769.532125997641  delta_E= 0.353  |g|= 1.48  |ddm|= 2.47
  HOMO = -0.205359158507961  LUMO = -0.0625654655857273
cycle= 3 E= -770.186047670334  delta_E= -0.654  |g|= 0.362  |ddm|= 1.93
  HOMO = -0.193940677704086  LUMO = -0.0583659048688024
cycle= 4 E= -770.235003720196  delta_E= -0.049  |g|= 0.13  |ddm|=  0.6
  HOMO = -0.189907835716712  LUMO = -0.0407926639059252
cycle= 5 E= -770.243332092546  delta_E= -0.00833  |g|= 0.0482  |ddm|= 0.221
  HOMO = -0.198028664781681  LUMO = -0.031586374218422
cycle= 6 E= -770.246682717492  delta_E= -0.00335  |g|= 0.029  |ddm|= 0.162
  HOMO = -0.19953671454905  LUMO = -0.0251938514793695
cycle= 7 E= -770.248043299924  delta_E= -0.00136  |g|= 0.0183  |ddm|= 0.108
  HOMO = -0.202382415352889  LUMO = -0.0223465333997255
cycle= 8 E= -770.24897378759  delta_E= -0.00093  |g|= 0.0128  |ddm|= 0.111
  HOMO = -0.204493407534183  LUMO = -0.0217377480197941
cycle= 9 E= -770.249507424841  delta_E= -0.000534  |g|= 0.0116  |ddm|= 0.0725
  HOMO = -0.206220866116062  LUMO = -0.0204844687745689
cycle= 10 E= -770.250201741077  delta_E= -0.000694  |g|= 0.0114  |ddm|= 0.102
  HOMO = -0.21015048864975  LUMO = -0.0174545893149163
cycle= 11 E= -770.251309486596  delta_E= -0.00111  |g|= 0.0101  |ddm|= 0.196
  HOMO = -0.21286207525386  LUMO = -0.0162719787531441
cycle= 12 E= -770.251930465862  delta_E= -0.000621  |g|= 0.00561  |ddm|= 0.169
  HOMO = -0.216140093955357  LUMO = -0.0136201994995387
cycle= 13 E= -770.25215839027  delta_E= -0.000228  |g|= 0.00477  |ddm|= 0.172
  HOMO = -0.211864057418877  LUMO = -0.0170919771886827
cycle= 14 E= -770.252134790775  delta_E= 2.36e-05  |g|= 0.00314  |ddm|= 0.0614
  HOMO = -0.214897976139795  LUMO = -0.0147788719306846
cycle= 15 E= -770.252167877002  delta_E= -3.31e-05  |g|= 0.00153  |ddm|= 0.0634
  HOMO = -0.214467036000034  LUMO = -0.0151325717166433
cycle= 16 E= -770.252168978731  delta_E= -1.1e-06  |g|= 0.000449  |ddm|= 0.00299
  HOMO = -0.214367920208907  LUMO = -0.0151763363553963
cycle= 17 E= -770.252169109134  delta_E= -1.3e-07  |g|= 0.000235  |ddm|= 0.0011
  HOMO = -0.214256845787321  LUMO = -0.0152953749332196
cycle= 18 E= -770.252169194888  delta_E= -8.58e-08  |g|= 6.86e-05  |ddm|= 0.00216
  HOMO = -0.214226134843344  LUMO = -0.01532213785653
cycle= 19 E= -770.252169200104  delta_E= -5.22e-09  |g|= 1.85e-05  |ddm|= 0.000402
  HOMO = -0.214220724152133  LUMO = -0.0153260906346923
cycle= 20 E= -770.252169200386  delta_E= -2.82e-10  |g|= 8.53e-06  |ddm|= 8.22e-05
  HOMO = -0.214220179556035  LUMO = -0.0153272059912058
Extra cycle  E= -770.252169200425  delta_E= -3.91e-11  |g|= 4.99e-06  |ddm|= 2.02e-05
converged SCF energy = -770.252169200425
AOs:  [0, 1, 2, 3, 4, 5, 6, 7, 8, 9, 10, 11, 12, 13, 14, 15, 16, 17, 18, 19, 20, 21, 22, 23, 24, 25, 26, 27, 28, 29, 30, 31, 32, 33, 34, 35, 36, 37, 38, 39, 40, 41, 42, 43, 44, 45, 46, 47, 48, 49, 50, 51, 52, 53, 54, 55, 56, 57, 58, 59, 60, 61, 62, 63]
64
Number of Active MOs:  16
Number of Environment MOs:  54
Number of Virtual MOs:  244
 # electrons:            α            β
         Env:  54.00000000  54.00000000
         Act:  16.00000000  16.00000000
         Vir:   0.00000000   0.00000000
Number of electrons in the active space:  32

 The density matrix is idempotent!

 The density matrix is idempotent!


******** <class 'pyscf.scf.hf.RHF'> ********
method = RHF
initial guess = minao
damping factor = 0
level_shift factor = 0
DIIS = <class 'pyscf.scf.diis.CDIIS'>
diis_start_cycle = 1
diis_space = 8
SCF conv_tol = 1e-09
SCF conv_tol_grad = 1e-05
SCF max_cycles = 200
direct_scf = True
direct_scf_tol = 1e-13
chkfile to save SCF result = subsys_scf.chk
max_memory 900000 MB (current use 10103 MB)
init E= 992.144034209704
  HOMO = -0.220429569836923  LUMO = -0.0153278249288863
cycle= 1 E= 992.144033589828  delta_E= -6.2e-07  |g|= 3.19e-06  |ddm|= 1.05e-05
  HOMO = -0.220429911177839  LUMO = -0.0153279227617248
cycle= 2 E= 992.144033589684  delta_E= -1.45e-10  |g|= 1.51e-06  |ddm|= 8.41e-06
  HOMO = -0.220429600041618  LUMO = -0.0153279600982103
Extra cycle  E= 992.144033589595  delta_E= -8.94e-11  |g|= 1.63e-06  |ddm|= 5.42e-06
converged SCF energy = 992.144033589595
Difference in energy:  -2.043166932708118e-07
Total mean-field energy =  -770.2521692000996
time elapsed:  8.686290264129639
