

******** <class 'pyscf.scf.hf.RHF'> ********
method = RHF
initial guess = minao
damping factor = 0
level_shift factor = 0
DIIS = <class 'pyscf.scf.diis.CDIIS'>
diis_start_cycle = 1
diis_space = 8
SCF conv_tol = 1e-09
SCF conv_tol_grad = 1e-05
SCF max_cycles = 1000
direct_scf = True
direct_scf_tol = 1e-13
chkfile to save SCF result = scf.fchk
max_memory 900000 MB (current use 79 MB)
init E= -774.894070054006
  HOMO = -0.140882544010016  LUMO = -0.0952143362040371
cycle= 1 E= -769.886022204118  delta_E= 5.01  |g|= 1.01  |ddm|= 5.91
  HOMO = -0.12905191493027  LUMO = -0.120236145912099
cycle= 2 E= -769.794956886348  delta_E= 0.0911  |g|=  1.2  |ddm|= 2.33
  HOMO = -0.199521693887965  LUMO = -0.0561141004850069
cycle= 3 E= -770.201073278663  delta_E= -0.406  |g|= 0.32  |ddm|= 1.65
  HOMO = -0.193330056579074  LUMO = -0.0503688937627803
cycle= 4 E= -770.241368865478  delta_E= -0.0403  |g|= 0.103  |ddm|= 0.563
  HOMO = -0.19466552710389  LUMO = -0.0342563534904767
cycle= 5 E= -770.247625498481  delta_E= -0.00626  |g|= 0.0428  |ddm|= 0.181
  HOMO = -0.20254634446931  LUMO = -0.0268276418186082
cycle= 6 E= -770.250548876224  delta_E= -0.00292  |g|= 0.0281  |ddm|= 0.152
  HOMO = -0.204834876738039  LUMO = -0.0205606005233438
cycle= 7 E= -770.251936734363  delta_E= -0.00139  |g|= 0.0184  |ddm|= 0.114
  HOMO = -0.208471934072043  LUMO = -0.0177816363777722
cycle= 8 E= -770.252842371622  delta_E= -0.000906  |g|= 0.0128  |ddm|= 0.113
  HOMO = -0.210763054935939  LUMO = -0.0171342912619985
cycle= 9 E= -770.25335106669  delta_E= -0.000509  |g|= 0.0108  |ddm|= 0.0796
  HOMO = -0.212886666825338  LUMO = -0.0155686105830802
cycle= 10 E= -770.253944420301  delta_E= -0.000593  |g|= 0.00888  |ddm|= 0.118
  HOMO = -0.216540676694877  LUMO = -0.0128412281534646
cycle= 11 E= -770.254463863889  delta_E= -0.000519  |g|= 0.0038  |ddm|= 0.194
  HOMO = -0.216233634922939  LUMO = -0.0138972885012287
cycle= 12 E= -770.25450034125  delta_E= -3.65e-05  |g|= 0.00156  |ddm|= 0.049
  HOMO = -0.215909805877374  LUMO = -0.0139962281725046
cycle= 13 E= -770.254501450789  delta_E= -1.11e-06  |g|= 0.00091  |ddm|= 0.00356
  HOMO = -0.216132310267972  LUMO = -0.0137944536202228
cycle= 14 E= -770.254503673976  delta_E= -2.22e-06  |g|= 0.000298  |ddm|= 0.0136
  HOMO = -0.216080980774793  LUMO = -0.0138122388042777
cycle= 15 E= -770.254503732735  delta_E= -5.88e-08  |g|= 0.000123  |ddm|= 0.0012
  HOMO = -0.216052097658904  LUMO = -0.0138280765779383
cycle= 16 E= -770.254503748136  delta_E= -1.54e-08  |g|= 5.59e-05  |ddm|= 0.000984
  HOMO = -0.216068249057712  LUMO = -0.0138036954957522
cycle= 17 E= -770.254503752023  delta_E= -3.89e-09  |g|= 2.59e-05  |ddm|= 0.000462
  HOMO = -0.216063279958966  LUMO = -0.0138058890677838
cycle= 18 E= -770.25450375257  delta_E= -5.47e-10  |g|= 1.15e-05  |ddm|= 0.000127
  HOMO = -0.216060874403572  LUMO = -0.0138082167181512
cycle= 19 E= -770.25450375278  delta_E= -2.09e-10  |g|= 5.64e-06  |ddm|= 4.89e-05
  HOMO = -0.216060539206753  LUMO = -0.0138090076057367
Extra cycle  E= -770.254503752821  delta_E= -4.14e-11  |g|= 4.13e-06  |ddm|= 1.49e-05
converged SCF energy = -770.254503752821
AOs:  [0, 1, 2, 3, 4, 5, 6, 7, 8, 9, 10, 11, 12, 13, 14, 15, 16, 17, 18, 19, 20, 21, 22, 23, 24, 25, 26, 27, 28, 29, 30, 31, 32, 33, 34, 35, 36, 37, 38, 39, 40, 41, 42, 43, 44, 45, 46, 47, 48, 49, 50, 51, 52, 53, 54, 55, 56, 57, 58, 59, 60, 61, 62, 63]
64
Number of Active MOs:  16
Number of Environment MOs:  54
Number of Virtual MOs:  244
 # electrons:            α            β
         Env:  54.00000000  54.00000000
         Act:  16.00000000  16.00000000
         Vir:   0.00000000   0.00000000
Number of electrons in the active space:  32

 The density matrix is idempotent!

 The density matrix is idempotent!


******** <class 'pyscf.scf.hf.RHF'> ********
method = RHF
initial guess = minao
damping factor = 0
level_shift factor = 0
DIIS = <class 'pyscf.scf.diis.CDIIS'>
diis_start_cycle = 1
diis_space = 8
SCF conv_tol = 1e-09
SCF conv_tol_grad = 1e-05
SCF max_cycles = 200
direct_scf = True
direct_scf_tol = 1e-13
chkfile to save SCF result = subsys_scf.chk
max_memory 900000 MB (current use 10104 MB)
init E= 991.963548806064
  HOMO = -0.222588971167314  LUMO = -0.0138090513254612
cycle= 1 E= 991.963548186119  delta_E= -6.2e-07  |g|= 2.15e-06  |ddm|= 8.99e-06
  HOMO = -0.222588962077572  LUMO = -0.0138094309773055
cycle= 2 E= 991.963548186216  delta_E= 9.71e-11  |g|= 1.52e-06  |ddm|= 7.08e-06
  HOMO = -0.222588792341724  LUMO = -0.0138094588839318
Extra cycle  E= 991.96354818601  delta_E= -2.06e-10  |g|= 1.31e-06  |ddm|= 5.58e-06
converged SCF energy = 991.96354818601
Difference in energy:  -4.251841801306e-08
Total mean-field energy =  -770.2545037527532
time elapsed:  8.82105016708374
