

******** <class 'pyscf.dft.rks.RKS'> ********
method = RKS-RHF
initial guess = minao
damping factor = 0
level_shift factor = 0
DIIS = <class 'pyscf.scf.diis.CDIIS'>
diis_start_cycle = 1
diis_space = 8
SCF conv_tol = 1e-09
SCF conv_tol_grad = 1e-06
SCF max_cycles = 1000
direct_scf = True
direct_scf_tol = 1e-13
chkfile to save SCF result = scf.fchk
max_memory 900000 MB (current use 79 MB)
XC library pyscf.dft.libxc version 5.1.7
    S. Lehtola, C. Steigemann, M. J. Oliveira, and M. A. Marques, SoftwareX 7, 1 (2018)
XC functionals = pbe
    J. P. Perdew, K. Burke, and M. Ernzerhof, Phys. Rev. Lett. 77, 3865 (1996)
    J. P. Perdew, K. Burke, and M. Ernzerhof, Phys. Rev. Lett. 78, 1396 (1997)
    J. P. Perdew, K. Burke, and M. Ernzerhof, Phys. Rev. Lett. 77, 3865 (1996)
    J. P. Perdew, K. Burke, and M. Ernzerhof, Phys. Rev. Lett. 78, 1396 (1997)
small_rho_cutoff = 1e-07
init E= -2592.68589161385
  HOMO = -0.135589903772638  LUMO = -0.0868627408995491
cycle= 1 E= -2573.86094609639  delta_E= 18.8  |g|= 5.66  |ddm|= 10.4
  HOMO = -0.237014473524219  LUMO = -0.228181875449624
cycle= 2 E= -2429.54073387063  delta_E=  144  |g|= 19.3  |ddm|=   96
  HOMO = -0.17215522218044  LUMO = -0.161702262178232
cycle= 3 E= -2561.20084737967  delta_E= -132  |g|= 9.67  |ddm|=   72
  HOMO = -0.179835387701055  LUMO = -0.153385170978539
cycle= 4 E= -2577.99076904098  delta_E= -16.8  |g|=  6.4  |ddm|= 28.3
  HOMO = -0.163466306075673  LUMO = -0.153553182576669
cycle= 5 E= -2581.56771167959  delta_E= -3.58  |g|= 5.42  |ddm|= 2.88
  HOMO = -0.173674305392824  LUMO = -0.159425717125015
cycle= 6 E= -2581.35725703463  delta_E= 0.21  |g|= 5.48  |ddm|= 1.05
  HOMO = -0.177939224083366  LUMO = -0.162383560591011
cycle= 7 E= -2581.22391346773  delta_E= 0.133  |g|= 5.53  |ddm|= 0.907
  HOMO = -0.174088591800946  LUMO = -0.161288788483835
cycle= 8 E= -2581.28456956137  delta_E= -0.0607  |g|= 5.52  |ddm|= 0.222
  HOMO = -0.188343748121168  LUMO = -0.164949624852054
cycle= 9 E= -2580.50104132869  delta_E= 0.784  |g|= 5.77  |ddm|= 0.599

WARN: HOMO 0.0213241047792302 == LUMO 0.0215309182917703

cycle= 10 E= -2543.21832631002  delta_E= 37.3  |g|= 13.6  |ddm|= 19.4
  HOMO = -0.0802366990616504  LUMO = -0.00445935374357695
cycle= 11 E= -2571.26238482634  delta_E=  -28  |g|= 6.19  |ddm|= 17.4
  HOMO = -0.203792668984547  LUMO = -0.173448379779336
cycle= 12 E= -2579.84965373925  delta_E= -8.59  |g|= 5.96  |ddm|= 9.81
  HOMO = -0.212032344507358  LUMO = -0.177532232964845
cycle= 13 E= -2580.27538164305  delta_E= -0.426  |g|= 5.83  |ddm|= 0.95
  HOMO = -0.177608754723813  LUMO = -0.15833468572516
cycle= 14 E= -2580.40134751587  delta_E= -0.126  |g|= 5.82  |ddm|= 1.39
  HOMO = -0.185695013459677  LUMO = -0.156326193027032
cycle= 15 E= -2579.61618316283  delta_E= 0.785  |g|= 6.04  |ddm|= 0.976
  HOMO = -0.169639849232006  LUMO = -0.153724437580393
cycle= 16 E= -2579.8524586985  delta_E= -0.236  |g|= 5.97  |ddm|= 0.924
  HOMO = -0.195808688361603  LUMO = -0.153711179752888
cycle= 17 E= -2580.01988212122  delta_E= -0.167  |g|= 5.93  |ddm|= 1.27
  HOMO = -0.188489915696652  LUMO = -0.161724222453372
cycle= 18 E= -2581.67310883343  delta_E= -1.65  |g|= 5.38  |ddm|= 1.52
  HOMO = -0.204329248329782  LUMO = -0.165989478708194
cycle= 19 E= -2580.23329234939  delta_E= 1.44  |g|= 5.86  |ddm|= 1.24
  HOMO = 0.0340471235932791  LUMO = 0.0390071080725763
cycle= 20 E= -2459.2857880788  delta_E=  121  |g|=   14  |ddm|= 33.4
  HOMO = -0.0789590322411317  LUMO = -0.0710420503878614
cycle= 21 E= -2574.34068263608  delta_E= -115  |g|= 5.09  |ddm|= 32.7
  HOMO = -0.167703811766383  LUMO = -0.159670172558519
cycle= 22 E= -2578.53385571142  delta_E= -4.19  |g|= 6.27  |ddm|= 7.64
  HOMO = -0.188009690543692  LUMO = -0.158587204334912
cycle= 23 E= -2579.42610150255  delta_E= -0.892  |g|= 6.11  |ddm|= 1.95
  HOMO = -0.205630690628878  LUMO = -0.164117914155938
cycle= 24 E= -2579.90845307585  delta_E= -0.482  |g|= 5.93  |ddm|= 1.21
  HOMO = -0.201782497831825  LUMO = -0.166103322779799
cycle= 25 E= -2578.89274861114  delta_E= 1.02  |g|= 6.24  |ddm|= 1.53
  HOMO = -0.197038114267769  LUMO = -0.168817890939125
cycle= 26 E= -2579.0055101261  delta_E= -0.113  |g|= 6.21  |ddm|= 0.937
  HOMO = -0.20774776403439  LUMO = -0.164650046832716
cycle= 27 E= -2581.13884804395  delta_E= -2.13  |g|= 5.52  |ddm|= 1.86
  HOMO = -0.19454937670325  LUMO = -0.166047663326406
cycle= 28 E= -2579.07928218899  delta_E= 2.06  |g|= 6.19  |ddm|= 2.14
  HOMO = -0.192444484145961  LUMO = -0.159121210735862
cycle= 29 E= -2579.80960138477  delta_E= -0.73  |g|= 5.99  |ddm|= 1.39
  HOMO = 0.00645189407018113  LUMO = 0.0122482472064902
cycle= 30 E= -2496.26945733543  delta_E= 83.5  |g|= 13.9  |ddm|= 26.5
  HOMO = -0.0857353985515164  LUMO = -0.0339140916150763
cycle= 31 E= -2573.36625654102  delta_E= -77.1  |g|= 5.33  |ddm|= 23.9
  HOMO = -0.16611713782342  LUMO = -0.145990425877838
cycle= 32 E= -2579.33236851831  delta_E= -5.97  |g|=  6.1  |ddm|= 8.35
  HOMO = -0.180884832546455  LUMO = -0.15058758150028
cycle= 33 E= -2579.97810570903  delta_E= -0.646  |g|= 5.93  |ddm|= 0.99
  HOMO = -0.163694628448662  LUMO = -0.142432109123451
cycle= 34 E= -2580.17973293839  delta_E= -0.202  |g|= 5.84  |ddm|=    1
  HOMO = -0.181184423850954  LUMO = -0.138954092812643
cycle= 35 E= -2580.37994843699  delta_E= -0.2  |g|= 5.82  |ddm|= 1.62
  HOMO = -0.168975747673687  LUMO = -0.151852048699005
cycle= 36 E= -2581.64247907803  delta_E= -1.26  |g|= 5.32  |ddm|= 2.02
  HOMO = -0.190790833507  LUMO = -0.159146554227009
cycle= 37 E= -2580.37853750103  delta_E= 1.26  |g|= 5.79  |ddm|= 2.25
  HOMO = -0.185440875218096  LUMO = -0.152979386231862
cycle= 38 E= -2580.70357239849  delta_E= -0.325  |g|= 5.68  |ddm|=  1.2
  HOMO = -0.197386808254937  LUMO = -0.154645395711483
cycle= 39 E= -2579.88296890866  delta_E= 0.821  |g|= 5.97  |ddm|= 1.13
  HOMO = 0.0263615682903559  LUMO = 0.036163623930947
cycle= 40 E= -2454.32836721233  delta_E=  126  |g|= 14.9  |ddm|=   42
  HOMO = -0.0813638723324496  LUMO = -0.0728385116821305
cycle= 41 E= -2572.21642095945  delta_E= -118  |g|= 5.87  |ddm|=   41
  HOMO = -0.15571835779909  LUMO = -0.14554845473798
cycle= 42 E= -2578.30256566856  delta_E= -6.09  |g|= 6.11  |ddm|= 8.89
  HOMO = -0.192718762818106  LUMO = -0.148311596479265
cycle= 43 E= -2580.16543841602  delta_E= -1.86  |g|= 5.87  |ddm|= 2.46
  HOMO = -0.183432148317604  LUMO = -0.158503780733851
cycle= 44 E= -2580.2713750364  delta_E= -0.106  |g|= 5.84  |ddm|= 0.816
  HOMO = -0.156613857242278  LUMO = -0.153351137616192
cycle= 45 E= -2581.41348133764  delta_E= -1.14  |g|= 5.44  |ddm|= 3.03
  HOMO = -0.191968588106538  LUMO = -0.153169696440096
cycle= 46 E= -2580.66713602849  delta_E= 0.746  |g|= 5.72  |ddm|= 2.61
  HOMO = -0.191639115112551  LUMO = -0.151864446635578
cycle= 47 E= -2580.4186723716  delta_E= 0.248  |g|= 5.78  |ddm|= 0.889
  HOMO = -0.16399942248873  LUMO = -0.153757049564243
cycle= 48 E= -2581.65215161972  delta_E= -1.23  |g|= 5.29  |ddm|=  1.8
  HOMO = -0.191176584271302  LUMO = -0.150234273481901
cycle= 49 E= -2581.20344183935  delta_E= 0.449  |g|= 5.53  |ddm|= 1.78
  HOMO = 0.0302828181772779  LUMO = 0.0527272320051757
cycle= 50 E= -2447.36319790959  delta_E=  134  |g|=   15  |ddm|= 41.5
  HOMO = -0.10608470242505  LUMO = -0.0827616139432599
cycle= 51 E= -2572.84732496241  delta_E= -125  |g|= 5.76  |ddm|=   41
  HOMO = -0.148457194131429  LUMO = -0.136493154964539
cycle= 52 E= -2578.26834393306  delta_E= -5.42  |g|= 6.21  |ddm|= 8.77
  HOMO = -0.18736229094748  LUMO = -0.145213621158958
cycle= 53 E= -2579.88879925878  delta_E= -1.62  |g|= 5.97  |ddm|= 2.69
  HOMO = -0.190539177714207  LUMO = -0.145939059005071
cycle= 54 E= -2579.99406592538  delta_E= -0.105  |g|= 5.93  |ddm|= 1.48
  HOMO = -0.197328949496578  LUMO = -0.144743210369926
cycle= 55 E= -2579.92463338549  delta_E= 0.0694  |g|= 5.95  |ddm|= 1.07
  HOMO = -0.184870529759362  LUMO = -0.142555024590869
cycle= 56 E= -2580.19927965794  delta_E= -0.275  |g|= 5.87  |ddm|= 0.779
  HOMO = -0.175808739590605  LUMO = -0.147463490284226
cycle= 57 E= -2580.02498804095  delta_E= 0.174  |g|= 5.86  |ddm|= 1.97
  HOMO = -0.204327136189893  LUMO = -0.146658298970461
cycle= 58 E= -2579.95819236977  delta_E= 0.0668  |g|= 5.94  |ddm|= 1.52
  HOMO = -0.185855974990036  LUMO = -0.138390377674317
cycle= 59 E= -2580.38959559739  delta_E= -0.431  |g|= 5.81  |ddm|= 0.73
  HOMO = 0.000206372756506171  LUMO = 0.00929193230660628
cycle= 60 E= -2482.40962143608  delta_E=   98  |g|= 14.6  |ddm|= 26.9
  HOMO = -0.0813572977500667  LUMO = -0.0785946738868227
cycle= 61 E= -2571.87778461613  delta_E= -89.5  |g|= 6.53  |ddm|= 23.9
  HOMO = -0.150596548281597  LUMO = -0.145825878558099
cycle= 62 E= -2579.30512313088  delta_E= -7.43  |g|= 6.07  |ddm|= 9.93
  HOMO = -0.178953559970194  LUMO = -0.152578559578386
cycle= 63 E= -2581.13554460693  delta_E= -1.83  |g|= 5.57  |ddm|= 2.81
  HOMO = -0.176763752815145  LUMO = -0.15688150029704
cycle= 64 E= -2581.40442124739  delta_E= -0.269  |g|= 5.51  |ddm|= 0.84
  HOMO = -0.169328047735173  LUMO = -0.156254542726863
cycle= 65 E= -2581.30081737903  delta_E= 0.104  |g|= 5.52  |ddm|=  1.1
  HOMO = -0.173118870041469  LUMO = -0.158900792854732
cycle= 66 E= -2581.59054662002  delta_E= -0.29  |g|= 5.42  |ddm|= 1.64
  HOMO = -0.177303895422588  LUMO = -0.16629205111799
cycle= 67 E= -2581.79715544801  delta_E= -0.207  |g|= 5.35  |ddm|= 1.53
  HOMO = -0.171856441527442  LUMO = -0.162067728782654
cycle= 68 E= -2581.39928157693  delta_E= 0.398  |g|=  5.5  |ddm|= 0.775
  HOMO = -0.172298946750761  LUMO = -0.165085092586423
cycle= 69 E= -2581.01332353622  delta_E= 0.386  |g|= 5.63  |ddm|= 0.47
  HOMO = 0.0283631716317838  LUMO = 0.0299359667475895
cycle= 70 E= -2453.33823930918  delta_E=  128  |g|= 18.5  |ddm|= 43.3
  HOMO = -0.0650743914472856  LUMO = -0.0338823326421365
cycle= 71 E= -2566.59594773888  delta_E= -113  |g|= 8.99  |ddm|= 41.4
  HOMO = -0.0540213239543028  LUMO = -0.0478790180765274
cycle= 72 E= -2581.38242594614  delta_E= -14.8  |g|= 5.46  |ddm|= 12.4
  HOMO = -0.186708685358802  LUMO = -0.173628658814898
cycle= 73 E= -2586.54584214336  delta_E= -5.16  |g|=  3.6  |ddm|= 4.72
  HOMO = -0.173085081579476  LUMO = -0.164542612239684
cycle= 74 E= -2585.2461534283  delta_E=  1.3  |g|= 4.31  |ddm|= 2.26
  HOMO = -0.174639334801939  LUMO = -0.158263254954131
cycle= 75 E= -2587.38893646254  delta_E= -2.14  |g|= 2.76  |ddm|= 2.31
  HOMO = -0.162676201594387  LUMO = -0.153458151250213
cycle= 76 E= -2582.21661916732  delta_E= 5.17  |g|= 5.41  |ddm|= 3.81
  HOMO = -0.174484279029526  LUMO = -0.171928905130741
cycle= 77 E= -2584.69488729735  delta_E= -2.48  |g|= 4.45  |ddm|= 2.46
  HOMO = -0.175013390712557  LUMO = -0.169301150505156
cycle= 78 E= -2584.91536965798  delta_E= -0.22  |g|= 4.39  |ddm|= 0.854
  HOMO = -0.175292313361508  LUMO = -0.16946418645903
cycle= 79 E= -2584.90896834982  delta_E= 0.0064  |g|= 4.39  |ddm|= 0.177
  HOMO = -0.150138299291134  LUMO = -0.096968691571332
cycle= 80 E= -2588.56965664274  delta_E= -3.66  |g|= 0.988  |ddm|=  2.9
  HOMO = -0.105135356553777  LUMO = -0.0844051186786842
cycle= 81 E= -2588.16387436637  delta_E= 0.406  |g|= 1.49  |ddm|= 2.68
  HOMO = -0.135081941326512  LUMO = -0.0888732408046493
cycle= 82 E= -2588.74860128345  delta_E= -0.585  |g|= 0.504  |ddm|= 2.17
  HOMO = -0.140955697426421  LUMO = -0.088898681592797
cycle= 83 E= -2588.8150073119  delta_E= -0.0664  |g|= 0.276  |ddm|= 0.763
  HOMO = -0.131924251685288  LUMO = -0.0872737228219297
cycle= 84 E= -2588.82900694582  delta_E= -0.014  |g|= 0.102  |ddm|= 0.32
  HOMO = -0.135623494415215  LUMO = -0.0866838253164137
cycle= 85 E= -2588.83084013637  delta_E= -0.00183  |g|= 0.0404  |ddm|= 0.128
  HOMO = -0.134960080150517  LUMO = -0.0869937036794733
cycle= 86 E= -2588.83122641884  delta_E= -0.000386  |g|= 0.00951  |ddm|= 0.0469
  HOMO = -0.134827469297781  LUMO = -0.0869613351325165
cycle= 87 E= -2588.83124423583  delta_E= -1.78e-05  |g|= 0.00396  |ddm|= 0.0132
  HOMO = -0.134584000154769  LUMO = -0.0869581396166942
cycle= 88 E= -2588.83124496925  delta_E= -7.33e-07  |g|= 0.00419  |ddm|= 0.00718
  HOMO = -0.134779277317337  LUMO = -0.0869876531430819
cycle= 89 E= -2588.8312478812  delta_E= -2.91e-06  |g|= 0.0019  |ddm|= 0.00486
  HOMO = -0.134700024409727  LUMO = -0.0869666077647051
cycle= 90 E= -2588.83124845845  delta_E= -5.77e-07  |g|= 0.000611  |ddm|= 0.00196
  HOMO = -0.134722317412271  LUMO = -0.0869712460716695
cycle= 91 E= -2588.83124851032  delta_E= -5.19e-08  |g|= 0.000338  |ddm|= 0.000889
  HOMO = -0.134720829257811  LUMO = -0.0869720209348251
cycle= 92 E= -2588.83124854091  delta_E= -3.06e-08  |g|= 9.33e-05  |ddm|= 0.000467
  HOMO = -0.134722800756079  LUMO = -0.0869726403946108
cycle= 93 E= -2588.83124854165  delta_E= -7.44e-10  |g|= 8.76e-05  |ddm|= 0.000188
  HOMO = -0.134722773625904  LUMO = -0.0869718090672986
cycle= 94 E= -2588.83124854339  delta_E= -1.73e-09  |g|= 2.68e-05  |ddm|= 9.76e-05
  HOMO = -0.134722473392794  LUMO = -0.0869721203406599
cycle= 95 E= -2588.83124854347  delta_E= -8.82e-11  |g|= 1.58e-05  |ddm|= 3.25e-05
  HOMO = -0.134722207672943  LUMO = -0.0869720199654537
cycle= 96 E= -2588.83124854351  delta_E= -3.18e-11  |g|= 8.08e-06  |ddm|= 2.17e-05
  HOMO = -0.1347219729818  LUMO = -0.0869720211867261
cycle= 97 E= -2588.83124854351  delta_E= -5.46e-12  |g|= 7.86e-06  |ddm|= 1.32e-05
  HOMO = -0.134722486972919  LUMO = -0.086972081364705
cycle= 98 E= -2588.83124854353  delta_E= -1.64e-11  |g|= 7.44e-06  |ddm|= 1.21e-05
  HOMO = -0.134722175453474  LUMO = -0.0869720208765185
cycle= 99 E= -2588.83124854354  delta_E= -1.27e-11  |g|= 2.43e-06  |ddm|= 7.57e-06
  HOMO = -0.134722262897131  LUMO = -0.0869720382599543
cycle= 100 E= -2588.83124854353  delta_E= 1.09e-11  |g|= 1.8e-06  |ddm|= 3.57e-06
  HOMO = -0.134722236557945  LUMO = -0.086972040092749
cycle= 101 E= -2588.83124854353  delta_E= 3.64e-12  |g|= 6.44e-07  |ddm|= 2.6e-06
  HOMO = -0.13472226655752  LUMO = -0.0869720329422517
Extra cycle  E= -2588.83124854354  delta_E= -1.36e-11  |g|= 2.58e-06  |ddm|= 4.16e-06
converged SCF energy = -2588.83124854354
AOs:  [0, 1, 2, 3, 4, 5, 6, 7, 8, 9, 10, 11, 12, 13, 14, 15, 16, 17, 18, 19, 20, 21, 22, 23, 24, 25, 26, 27, 28, 29, 30, 31, 32, 33, 34, 35, 36, 37, 38, 39, 40, 41, 42, 43, 44, 45, 46, 47, 48, 49, 50, 51, 52, 53, 54, 55, 56, 57, 58, 59, 60, 61, 62, 63, 64, 65, 66, 67, 68, 69, 70, 71, 72, 73, 74, 75, 76, 77, 78, 79, 80, 81, 82, 83, 84, 85, 86, 87, 88, 89, 90, 91, 92, 93, 94, 95, 96, 97, 98, 99, 100, 101, 102, 103, 104, 105, 106, 107, 108, 109, 110, 111, 112, 113, 114, 115, 116, 117, 118, 119, 120, 121, 122, 123, 124, 125, 126, 127, 128]
129

 AO indices used for projection:  [0, 1, 3, 4, 5, 14, 15, 17, 18, 19, 28, 29, 30, 31, 33, 34, 35, 36, 37, 38, 42, 43, 44, 45, 46, 59, 60, 62, 63, 64, 73, 74, 76, 77, 78, 87, 88, 90, 91, 92, 101, 102, 104, 105, 106, 115, 116, 118, 119, 120]
 # of orbitals to keep:  44
545
50
Number of Active MOs:  44
Number of Environment MOs:  74
Number of Virtual MOs:  427
 # electrons:            α            β
         Env:  74.00000000  74.00000000
         Act:  44.00000000  44.00000000
         Vir:   0.00000000   0.00000000
Number of electrons in the active space:  88

 The density matrix is idempotent!

 The density matrix is idempotent!


******** <class 'pyscf.scf.hf.RHF'> ********
method = RHF
initial guess = minao
damping factor = 0
level_shift factor = 0
DIIS = <class 'pyscf.scf.diis.CDIIS'>
diis_start_cycle = 1
diis_space = 8
SCF conv_tol = 1e-09
SCF conv_tol_grad = 1e-06
SCF max_cycles = 200
direct_scf = True
direct_scf_tol = 1e-13
chkfile to save SCF result = subsys_scf.chk
max_memory 900000 MB (current use 89896 MB)
init E= 1543.82920795252
  HOMO = -0.32383839745174  LUMO = 0.0763942442247062
cycle= 1 E= 1543.57635435877  delta_E= -0.253  |g|= 0.342  |ddm|= 1.69
  HOMO = -0.259651076811909  LUMO = 0.0856622152242788
cycle= 2 E= 1543.53073275452  delta_E= -0.0456  |g|= 0.21  |ddm|= 0.67
  HOMO = -0.337831042200835  LUMO = 0.0831997654694935
cycle= 3 E= 1543.51761862069  delta_E= -0.0131  |g|= 0.101  |ddm|= 0.405
  HOMO = -0.332751294645  LUMO = 0.0844713047437231
cycle= 4 E= 1543.51354512654  delta_E= -0.00407  |g|= 0.0248  |ddm|= 0.189
  HOMO = -0.334879427114271  LUMO = 0.0844104138270221
cycle= 5 E= 1543.51340676641  delta_E= -0.000138  |g|= 0.00581  |ddm|= 0.0324
  HOMO = -0.33484249367952  LUMO = 0.0843371812853798
cycle= 6 E= 1543.51339535064  delta_E= -1.14e-05  |g|= 0.00228  |ddm|= 0.00789
  HOMO = -0.334687668237708  LUMO = 0.0843523963461322
cycle= 7 E= 1543.51339235274  delta_E= -3e-06  |g|= 0.00113  |ddm|= 0.00471
  HOMO = -0.334833130581838  LUMO = 0.0843685156833657
cycle= 8 E= 1543.51339121045  delta_E= -1.14e-06  |g|= 0.000803  |ddm|= 0.00226
  HOMO = -0.334829574104519  LUMO = 0.0843687364774342
cycle= 9 E= 1543.51339042867  delta_E= -7.82e-07  |g|= 0.000535  |ddm|= 0.00198
  HOMO = -0.334823767056917  LUMO = 0.0843654989977035
cycle= 10 E= 1543.51338976019  delta_E= -6.68e-07  |g|= 0.000273  |ddm|= 0.00247
  HOMO = -0.334776342484302  LUMO = 0.0843653124132877
cycle= 11 E= 1543.51338955212  delta_E= -2.08e-07  |g|= 6.91e-05  |ddm|= 0.00204
  HOMO = -0.334780272997272  LUMO = 0.0843653651169381
cycle= 12 E= 1543.51338954778  delta_E= -4.33e-09  |g|= 2.16e-05  |ddm|= 0.000268
  HOMO = -0.334779194748291  LUMO = 0.0843654688166856
cycle= 13 E= 1543.51338954748  delta_E= -3.07e-10  |g|= 1.37e-05  |ddm|= 5.54e-05
  HOMO = -0.334778592706032  LUMO = 0.0843656041988868
cycle= 14 E= 1543.51338954748  delta_E= 7.28e-12  |g|= 1.05e-05  |ddm|= 2.63e-05
  HOMO = -0.334779295911659  LUMO = 0.0843655937723674
cycle= 15 E= 1543.51338954645  delta_E= -1.03e-09  |g|= 9.45e-06  |ddm|= 1.87e-05
  HOMO = -0.334778757361217  LUMO = 0.0843656255247786
cycle= 16 E= 1543.51338954678  delta_E= 3.34e-10  |g|= 8.21e-06  |ddm|= 2.77e-05
  HOMO = -0.334779003119606  LUMO = 0.0843656456262425
cycle= 17 E= 1543.51338954568  delta_E= -1.11e-09  |g|= 5.3e-06  |ddm|= 7.83e-05
  HOMO = -0.334778949965089  LUMO = 0.0843656183317642
cycle= 18 E= 1543.51338954651  delta_E= 8.33e-10  |g|= 3.33e-06  |ddm|= 5.54e-05
  HOMO = -0.334779125950541  LUMO = 0.084365621627828
cycle= 19 E= 1543.51338954565  delta_E= -8.59e-10  |g|= 2.49e-06  |ddm|= 2.56e-05
  HOMO = -0.334779012424832  LUMO = 0.0843656117974118
cycle= 20 E= 1543.51338954655  delta_E= 8.98e-10  |g|= 1.84e-06  |ddm|= 1.37e-05
  HOMO = -0.334779146674818  LUMO = 0.0843656154565574
cycle= 21 E= 1543.51338954619  delta_E= -3.58e-10  |g|= 1.09e-06  |ddm|= 1.33e-05
  HOMO = -0.334779126706131  LUMO = 0.0843656167021438
cycle= 22 E= 1543.51338954666  delta_E= 4.66e-10  |g|= 5.37e-07  |ddm|= 8.77e-06
  HOMO = -0.334779131567988  LUMO = 0.0843656185834726
Extra cycle  E= 1543.51338954539  delta_E= -1.27e-09  |g|= 4.23e-07  |ddm|= 1.3e-06
converged SCF energy = 1543.51338954539
Difference in energy:  -2090.786054291399
E(MP2) = 1541.90975171899  E_corr = -1.60363782639212
Total energy =  -2587.1030095005726
time elapsed:  332.89616441726685
