

******** <class 'pyscf.scf.hf.RHF'> ********
method = RHF
initial guess = minao
damping factor = 0
level_shift factor = 0
DIIS = <class 'pyscf.scf.diis.CDIIS'>
diis_start_cycle = 1
diis_space = 8
SCF conv_tol = 1e-09
SCF conv_tol_grad = 1e-05
SCF max_cycles = 1000
direct_scf = True
direct_scf_tol = 1e-13
chkfile to save SCF result = scf.fchk
max_memory 900000 MB (current use 79 MB)
init E= -582.490256908817
  HOMO = -0.272158915982064  LUMO = 0.00979030337293383
cycle= 1 E= -579.993714843928  delta_E=  2.5  |g|= 0.967  |ddm|= 5.17
  HOMO = -0.254038663840951  LUMO = 0.0514101882242036
cycle= 2 E= -580.177747224542  delta_E= -0.184  |g|= 0.608  |ddm|= 1.17
  HOMO = -0.394150202718289  LUMO = 0.110201905935194
cycle= 3 E= -580.247184095135  delta_E= -0.0694  |g|= 0.133  |ddm|= 0.525
  HOMO = -0.397438121641176  LUMO = 0.123708532944187
cycle= 4 E= -580.252042087869  delta_E= -0.00486  |g|= 0.0512  |ddm|= 0.14
  HOMO = -0.389901325674013  LUMO = 0.120753062618168
cycle= 5 E= -580.252583351992  delta_E= -0.000541  |g|= 0.00967  |ddm|= 0.051
  HOMO = -0.392957429165895  LUMO = 0.120604056840351
cycle= 6 E= -580.25262863362  delta_E= -4.53e-05  |g|= 0.00369  |ddm|= 0.0167
  HOMO = -0.392832496740443  LUMO = 0.121078186891629
cycle= 7 E= -580.252637976768  delta_E= -9.34e-06  |g|= 0.00154  |ddm|= 0.00899
  HOMO = -0.393154585169393  LUMO = 0.121078199882515
cycle= 8 E= -580.252639594692  delta_E= -1.62e-06  |g|= 0.000444  |ddm|= 0.00402
  HOMO = -0.393176899492488  LUMO = 0.121075166420552
cycle= 9 E= -580.252639726735  delta_E= -1.32e-07  |g|= 9.31e-05  |ddm|= 0.00114
  HOMO = -0.393167940972173  LUMO = 0.12108470965969
cycle= 10 E= -580.252639732089  delta_E= -5.35e-09  |g|= 3.37e-05  |ddm|= 0.000178
  HOMO = -0.393169803849153  LUMO = 0.121076582775594
cycle= 11 E= -580.252639732579  delta_E= -4.9e-10  |g|= 7.65e-06  |ddm|= 5.19e-05
  HOMO = -0.393169184583586  LUMO = 0.121078023041506
Extra cycle  E= -580.252639732611  delta_E= -3.18e-11  |g|= 3.64e-06  |ddm|= 1.2e-05
converged SCF energy = -580.252639732611
AOs:  [0, 1, 2, 3, 4, 5, 6, 7, 8, 9, 10, 11, 12, 13, 14, 15, 16, 17, 18, 19, 20, 21, 22, 23, 24, 25, 26, 27, 28, 29, 30, 31, 32, 33, 34, 35, 36, 37, 38, 39, 40, 41, 42, 43, 44, 45, 46, 47, 48, 49, 50, 51, 52, 53, 54, 55, 56, 57, 58, 59, 60, 61, 62, 63, 64, 65, 66, 67, 68, 69, 70, 71, 72, 73, 74, 75, 76, 77, 78, 79, 80, 81, 82, 83, 84, 85, 86, 87, 88, 89, 90, 91, 92, 93, 94, 95, 96, 97, 98, 99, 100, 101, 102, 103, 104, 105, 106, 107, 108, 109, 110, 111, 112, 113, 114, 115, 116, 117, 118, 119, 120, 121, 122, 123, 124, 125, 126, 127, 128, 129, 130, 131, 132, 133, 134, 135, 136, 137, 138, 139, 140, 141, 142, 143, 144, 145, 146, 147, 148, 149, 150, 151, 152, 153, 154, 155, 156, 157, 158, 159, 160, 161, 162, 163, 164, 165, 166, 167, 168, 169, 170, 171, 172, 173, 174, 175, 176, 177, 178, 179, 180, 181, 182, 183, 184, 185, 186, 187, 188, 189, 190, 191, 192, 193, 194, 195, 196, 197, 198, 199, 200, 201, 202, 203, 204, 205, 206, 207, 208, 209, 210, 211, 212, 213, 214, 215, 216, 217, 218, 219, 220, 221, 222, 223, 224, 225, 226, 227, 228, 229, 230, 231, 232, 233, 234, 235, 236, 237, 238, 239, 240, 241, 242, 243, 244, 245, 246, 247, 248, 249, 250, 251, 252]
253

 AO indices used for projection:  [0, 1, 3, 4, 5, 14, 19, 24, 25, 27, 28, 29, 38, 39, 41, 42, 43, 52, 53, 55, 56, 57, 66, 67, 69, 70, 71, 80, 85, 86, 88, 89, 90, 99, 104, 109, 114, 115, 117, 118, 119, 128, 133, 138, 139, 141, 142, 143, 152, 157, 162, 163, 165, 166, 167, 176, 181, 182, 184, 185, 186, 195, 200, 205, 210, 211, 213, 214, 215, 224, 229, 234, 235, 237, 238, 239, 248]
 # of orbitals to keep:  53
Number of Active MOs:  53
Number of Environment MOs:  0
Number of Virtual MOs:  249
 # electrons:            α            β
         Env:   0.00000000   0.00000000
         Act:  53.00000000  53.00000000
         Vir:   0.00000000   0.00000000
Number of electrons in the active space:  106

 The density matrix is idempotent!

 The density matrix is idempotent!


******** <class 'pyscf.scf.hf.RHF'> ********
method = RHF
initial guess = minao
damping factor = 0
level_shift factor = 0
DIIS = <class 'pyscf.scf.diis.CDIIS'>
diis_start_cycle = 1
diis_space = 8
SCF conv_tol = 1e-09
SCF conv_tol_grad = 1e-05
SCF max_cycles = 200
direct_scf = True
direct_scf_tol = 1e-13
chkfile to save SCF result = subsys_scf.chk
max_memory 900000 MB (current use 8559 MB)
init E= -580.252639732614
  HOMO = -0.393169322985592  LUMO = 0.121077099798516
cycle= 1 E= -580.252639732617  delta_E= -3.64e-12  |g|= 1.92e-06  |ddm|= 5.67e-06
  HOMO = -0.39316924904089  LUMO = 0.121077401154546
Extra cycle  E= -580.252639732623  delta_E= -6.14e-12  |g|= 1.19e-06  |ddm|= 3.33e-06
converged SCF energy = -580.252639732623
Difference in energy:  6.563245733559597e-09
E(MP2) = -582.244015773991  E_corr = -1.99137604136753
Total energy =  -582.2440157739887
time elapsed:  14.868778944015503
