

******** <class 'pyscf.scf.hf.RHF'> ********
method = RHF
initial guess = minao
damping factor = 0
level_shift factor = 0
DIIS = <class 'pyscf.scf.diis.CDIIS'>
diis_start_cycle = 1
diis_space = 8
SCF conv_tol = 1e-09
SCF conv_tol_grad = 1e-05
SCF max_cycles = 1000
direct_scf = True
direct_scf_tol = 1e-13
chkfile to save SCF result = scf.fchk
max_memory 900000 MB (current use 79 MB)
init E= -582.248533013686
  HOMO = -0.269626800904485  LUMO = 0.0134591243155685
cycle= 1 E= -580.049489544699  delta_E=  2.2  |g|= 0.948  |ddm|= 5.16
  HOMO = -0.317142272960341  LUMO = 0.0758837943039379
cycle= 2 E= -580.222804586838  delta_E= -0.173  |g|= 0.616  |ddm|= 1.15
  HOMO = -0.412890705218608  LUMO = 0.121887867434335
cycle= 3 E= -580.293390629357  delta_E= -0.0706  |g|= 0.138  |ddm|= 0.543
  HOMO = -0.405731054341778  LUMO = 0.135966676120075
cycle= 4 E= -580.298567670626  delta_E= -0.00518  |g|= 0.0487  |ddm|= 0.141
  HOMO = -0.413090262780354  LUMO = 0.133440275426368
cycle= 5 E= -580.299084769281  delta_E= -0.000517  |g|= 0.0101  |ddm|= 0.0521
  HOMO = -0.414235625242976  LUMO = 0.133370331216182
cycle= 6 E= -580.299134837983  delta_E= -5.01e-05  |g|= 0.00393  |ddm|= 0.0178
  HOMO = -0.414353892822497  LUMO = 0.133906910692302
cycle= 7 E= -580.299146411547  delta_E= -1.16e-05  |g|= 0.00162  |ddm|= 0.0105
  HOMO = -0.414741897812213  LUMO = 0.133850480449006
cycle= 8 E= -580.299148192618  delta_E= -1.78e-06  |g|= 0.000442  |ddm|= 0.00437
  HOMO = -0.414763813828768  LUMO = 0.133868290596024
cycle= 9 E= -580.299148328644  delta_E= -1.36e-07  |g|= 8.71e-05  |ddm|= 0.00117
  HOMO = -0.41475339616739  LUMO = 0.133872520464293
cycle= 10 E= -580.299148333383  delta_E= -4.74e-09  |g|= 3.1e-05  |ddm|= 0.000171
  HOMO = -0.41475903988592  LUMO = 0.133865323588165
cycle= 11 E= -580.29914833379  delta_E= -4.07e-10  |g|= 8.45e-06  |ddm|= 4.56e-05
  HOMO = -0.414757077579602  LUMO = 0.133867120381769
Extra cycle  E= -580.299148333832  delta_E= -4.18e-11  |g|= 4.38e-06  |ddm|= 1.39e-05
converged SCF energy = -580.299148333832
AOs:  [0, 1, 2, 3, 4, 5, 6, 7, 8, 9, 10, 11, 12, 13, 14, 15, 16, 17, 18, 19, 20, 21, 22, 23, 24, 25, 26, 27, 28, 29, 30, 31, 32, 33, 34, 35, 36, 37, 38, 39, 40, 41, 42, 43, 44, 45, 46, 47, 48, 49, 50, 51, 52, 53, 54, 55, 56, 57, 58, 59, 60, 61, 62, 63, 64, 65, 66, 67, 68, 69, 70, 71, 72, 73, 74, 75, 76, 77, 78, 79, 80, 81, 82, 83, 84, 85, 86, 87, 88, 89, 90, 91, 92, 93, 94, 95, 96, 97, 98, 99, 100, 101, 102, 103, 104, 105, 106, 107, 108, 109, 110, 111, 112, 113, 114, 115, 116, 117, 118, 119, 120, 121, 122, 123, 124, 125, 126, 127, 128, 129, 130, 131, 132, 133, 134, 135, 136, 137, 138, 139, 140, 141, 142, 143, 144, 145, 146, 147, 148, 149, 150, 151, 152, 153, 154, 155, 156, 157, 158, 159, 160, 161, 162, 163, 164, 165, 166, 167, 168, 169, 170, 171, 172, 173, 174, 175, 176, 177, 178, 179, 180, 181, 182, 183, 184, 185, 186, 187, 188, 189, 190, 191, 192, 193, 194, 195, 196, 197, 198, 199, 200, 201, 202, 203, 204, 205, 206, 207, 208, 209, 210, 211, 212, 213, 214, 215, 216, 217, 218, 219, 220, 221, 222, 223, 224, 225, 226, 227, 228, 229, 230, 231, 232, 233, 234, 235, 236, 237, 238, 239, 240, 241, 242, 243, 244, 245, 246, 247, 248, 249, 250, 251, 252]
253

 AO indices used for projection:  [0, 1, 3, 4, 5, 14, 19, 24, 25, 27, 28, 29, 38, 39, 41, 42, 43, 52, 53, 55, 56, 57, 66, 67, 69, 70, 71, 80, 85, 86, 88, 89, 90, 99, 104, 109, 114, 115, 117, 118, 119, 128, 133, 138, 139, 141, 142, 143, 152, 157, 162, 163, 165, 166, 167, 176, 181, 182, 184, 185, 186, 195, 200, 205, 210, 211, 213, 214, 215, 224, 229, 234, 235, 237, 238, 239, 248]
 # of orbitals to keep:  49
Number of Active MOs:  49
Number of Environment MOs:  4
Number of Virtual MOs:  249
 # electrons:            α            β
         Env:   4.00000000   4.00000000
         Act:  49.00000000  49.00000000
         Vir:  -0.00000000  -0.00000000
Number of electrons in the active space:  98

 The density matrix is idempotent!

 The density matrix is idempotent!


******** <class 'pyscf.scf.hf.RHF'> ********
method = RHF
initial guess = minao
damping factor = 0
level_shift factor = 0
DIIS = <class 'pyscf.scf.diis.CDIIS'>
diis_start_cycle = 1
diis_space = 8
SCF conv_tol = 1e-09
SCF conv_tol_grad = 1e-05
SCF max_cycles = 200
direct_scf = True
direct_scf_tol = 1e-13
chkfile to save SCF result = subsys_scf.chk
max_memory 900000 MB (current use 8560 MB)
init E= -455.049638374238
  HOMO = -0.415596748338  LUMO = 0.133866091440209
cycle= 1 E= -455.049638417125  delta_E= -4.29e-08  |g|= 2.51e-06  |ddm|= 7.16e-06
  HOMO = -0.415596332301507  LUMO = 0.133866457828818
cycle= 2 E= -455.049638417288  delta_E= -1.63e-10  |g|= 1.61e-06  |ddm|= 4.58e-06
  HOMO = -0.4155965382123  LUMO = 0.133866255313131
Extra cycle  E= -455.049638417342  delta_E= -5.39e-11  |g|= 1.04e-06  |ddm|= 2.93e-06
converged SCF energy = -455.049638417342
Difference in energy:  5.828447569911077e-08
E(MP2) = -456.887537482384  E_corr = -1.83789906504198
Total energy =  -582.1370473989666
time elapsed:  44.8724148273468
