

******** <class 'pyscf.scf.hf.RHF'> ********
method = RHF
initial guess = minao
damping factor = 0
level_shift factor = 0
DIIS = <class 'pyscf.scf.diis.CDIIS'>
diis_start_cycle = 1
diis_space = 8
SCF conv_tol = 1e-09
SCF conv_tol_grad = 1e-05
SCF max_cycles = 1000
direct_scf = True
direct_scf_tol = 1e-13
chkfile to save SCF result = scf.fchk
max_memory 900000 MB (current use 79 MB)
init E= -582.142773559818
  HOMO = -0.268584904310517  LUMO = 0.0150056656949321
cycle= 1 E= -580.043667712019  delta_E=  2.1  |g|= 0.974  |ddm|= 5.16
  HOMO = -0.319339611497505  LUMO = 0.104235947733069
cycle= 2 E= -580.211149334195  delta_E= -0.167  |g|= 0.679  |ddm|= 1.26
  HOMO = -0.397878748674167  LUMO = 0.137024958508953
cycle= 3 E= -580.296348625989  delta_E= -0.0852  |g|= 0.139  |ddm|= 0.632
  HOMO = -0.392418427606091  LUMO = 0.148974843102363
cycle= 4 E= -580.301818066815  delta_E= -0.00547  |g|= 0.0445  |ddm|= 0.143
  HOMO = -0.399427732282718  LUMO = 0.147895124759609
cycle= 5 E= -580.302288260079  delta_E= -0.00047  |g|= 0.0109  |ddm|= 0.0537
  HOMO = -0.400496424115736  LUMO = 0.147813427567449
cycle= 6 E= -580.302346369148  delta_E= -5.81e-05  |g|= 0.00433  |ddm|= 0.02
  HOMO = -0.400825367251331  LUMO = 0.148348231681532
cycle= 7 E= -580.302361536088  delta_E= -1.52e-05  |g|= 0.00166  |ddm|= 0.0134
  HOMO = -0.401298797630661  LUMO = 0.148262584008262
cycle= 8 E= -580.302363386773  delta_E= -1.85e-06  |g|= 0.00045  |ddm|= 0.00469
  HOMO = -0.401316930617476  LUMO = 0.148290397679637
cycle= 9 E= -580.302363523366  delta_E= -1.37e-07  |g|= 8.89e-05  |ddm|= 0.00117
  HOMO = -0.401304332716076  LUMO = 0.148291686712846
cycle= 10 E= -580.302363528288  delta_E= -4.92e-09  |g|= 3.09e-05  |ddm|= 0.000179
  HOMO = -0.401310975715824  LUMO = 0.148284867450902
cycle= 11 E= -580.302363528703  delta_E= -4.15e-10  |g|= 9.5e-06  |ddm|= 4.69e-05
  HOMO = -0.401308327919334  LUMO = 0.148286799652882
Extra cycle  E= -580.302363528755  delta_E= -5.14e-11  |g|= 5.12e-06  |ddm|= 1.61e-05
converged SCF energy = -580.302363528755
AOs:  [0, 1, 2, 3, 4, 5, 6, 7, 8, 9, 10, 11, 12, 13, 14, 15, 16, 17, 18, 19, 20, 21, 22, 23, 24, 25, 26, 27, 28, 29, 30, 31, 32, 33, 34, 35, 36, 37, 38, 39, 40, 41, 42, 43, 44, 45, 46, 47, 48, 49, 50, 51, 52, 53, 54, 55, 56, 57, 58, 59, 60, 61, 62, 63, 64, 65, 66, 67, 68, 69, 70, 71, 72, 73, 74, 75, 76, 77, 78, 79, 80, 81, 82, 83, 84, 85, 86, 87, 88, 89, 90, 91, 92, 93, 94, 95, 96, 97, 98, 99, 100, 101, 102, 103, 104, 105, 106, 107, 108, 109, 110, 111, 112, 113, 114, 115, 116, 117, 118, 119, 120, 121, 122, 123, 124, 125, 126, 127, 128, 129, 130, 131, 132, 133, 134, 135, 136, 137, 138, 139, 140, 141, 142, 143, 144, 145, 146, 147, 148, 149, 150, 151, 152, 153, 154, 155, 156, 157, 158, 159, 160, 161, 162, 163, 164, 165, 166, 167, 168, 169, 170, 171, 172, 173, 174, 175, 176, 177, 178, 179, 180, 181, 182, 183, 184, 185, 186, 187, 188, 189, 190, 191, 192, 193, 194, 195, 196, 197, 198, 199, 200, 201, 202, 203, 204, 205, 206, 207, 208, 209, 210, 211, 212, 213, 214, 215, 216, 217, 218, 219, 220, 221, 222, 223, 224, 225, 226, 227, 228, 229, 230, 231, 232, 233, 234, 235, 236, 237, 238, 239, 240, 241, 242, 243, 244, 245, 246, 247, 248, 249, 250, 251, 252]
253

 AO indices used for projection:  [0, 1, 3, 4, 5, 14, 19, 24, 25, 27, 28, 29, 38, 39, 41, 42, 43, 52, 53, 55, 56, 57, 66, 67, 69, 70, 71, 80, 85, 86, 88, 89, 90, 99, 104, 109, 114, 115, 117, 118, 119, 128, 133, 138, 139, 141, 142, 143, 152, 157, 162, 163, 165, 166, 167, 176, 181, 182, 184, 185, 186, 195, 200, 205, 210, 211, 213, 214, 215, 224, 229, 234, 235, 237, 238, 239, 248]
 # of orbitals to keep:  49
Number of Active MOs:  49
Number of Environment MOs:  4
Number of Virtual MOs:  249
 # electrons:            α            β
         Env:   4.00000000   4.00000000
         Act:  49.00000000  49.00000000
         Vir:  -0.00000000  -0.00000000
Number of electrons in the active space:  98

 The density matrix is idempotent!

 The density matrix is idempotent!


******** <class 'pyscf.scf.hf.RHF'> ********
method = RHF
initial guess = minao
damping factor = 0
level_shift factor = 0
DIIS = <class 'pyscf.scf.diis.CDIIS'>
diis_start_cycle = 1
diis_space = 8
SCF conv_tol = 1e-09
SCF conv_tol_grad = 1e-05
SCF max_cycles = 200
direct_scf = True
direct_scf_tol = 1e-13
chkfile to save SCF result = subsys_scf.chk
max_memory 900000 MB (current use 8559 MB)
init E= -455.655202057705
  HOMO = -0.401916559969281  LUMO = 0.148285803787108
cycle= 1 E= -455.655202100306  delta_E= -4.26e-08  |g|= 3.03e-06  |ddm|= 8.53e-06
  HOMO = -0.401916009390882  LUMO = 0.148286151889925
cycle= 2 E= -455.65520210051  delta_E= -2.04e-10  |g|= 2e-06  |ddm|= 5.62e-06
  HOMO = -0.401916280638695  LUMO = 0.148285966355448
Extra cycle  E= -455.655202100581  delta_E= -7.09e-11  |g|= 1.32e-06  |ddm|= 3.68e-06
converged SCF energy = -455.655202100581
Difference in energy:  -7.469259003300976e-08
E(MP2) = -457.490805714374  E_corr = -1.8356036137931
Total energy =  -582.1379671424286
time elapsed:  44.39020228385925
