

******** <class 'pyscf.scf.hf.RHF'> ********
method = RHF
initial guess = minao
damping factor = 0
level_shift factor = 0
DIIS = <class 'pyscf.scf.diis.CDIIS'>
diis_start_cycle = 1
diis_space = 8
SCF conv_tol = 1e-09
SCF conv_tol_grad = 1e-05
SCF max_cycles = 1000
direct_scf = True
direct_scf_tol = 1e-13
chkfile to save SCF result = scf.fchk
max_memory 900000 MB (current use 79 MB)
init E= -582.201706566771
  HOMO = -0.269121224762462  LUMO = 0.0141730489811954
cycle= 1 E= -580.05487001413  delta_E= 2.15  |g|= 0.951  |ddm|= 5.16
  HOMO = -0.335731510517282  LUMO = 0.084010215102714
cycle= 2 E= -580.22521904236  delta_E= -0.17  |g|= 0.63  |ddm|= 1.16
  HOMO = -0.409947101750025  LUMO = 0.125621364862443
cycle= 3 E= -580.29885087183  delta_E= -0.0736  |g|= 0.139  |ddm|= 0.562
  HOMO = -0.402621643662931  LUMO = 0.139471097348113
cycle= 4 E= -580.304124183785  delta_E= -0.00527  |g|= 0.0471  |ddm|= 0.141
  HOMO = -0.410333851936899  LUMO = 0.137281425019191
cycle= 5 E= -580.304621300088  delta_E= -0.000497  |g|= 0.0103  |ddm|= 0.0522
  HOMO = -0.41133711929306  LUMO = 0.13722472325663
cycle= 6 E= -580.304673205761  delta_E= -5.19e-05  |g|= 0.00402  |ddm|= 0.0183
  HOMO = -0.411500018396059  LUMO = 0.137774238994043
cycle= 7 E= -580.304685651592  delta_E= -1.24e-05  |g|= 0.00163  |ddm|= 0.0112
  HOMO = -0.411913764436213  LUMO = 0.13770236112485
cycle= 8 E= -580.304687447409  delta_E= -1.8e-06  |g|= 0.000444  |ddm|= 0.00444
  HOMO = -0.411933014651743  LUMO = 0.137725250863108
cycle= 9 E= -580.304687584524  delta_E= -1.37e-07  |g|= 8.65e-05  |ddm|= 0.00118
  HOMO = -0.411922445369042  LUMO = 0.137728128061145
cycle= 10 E= -580.304687589228  delta_E= -4.7e-09  |g|= 3.04e-05  |ddm|= 0.000172
  HOMO = -0.411928334314402  LUMO = 0.137721186291686
cycle= 11 E= -580.304687589626  delta_E= -3.98e-10  |g|= 8.76e-06  |ddm|= 4.51e-05
  HOMO = -0.411926102026045  LUMO = 0.13772308165354
Extra cycle  E= -580.304687589671  delta_E= -4.5e-11  |g|= 4.62e-06  |ddm|= 1.45e-05
converged SCF energy = -580.304687589671
AOs:  [0, 1, 2, 3, 4, 5, 6, 7, 8, 9, 10, 11, 12, 13, 14, 15, 16, 17, 18, 19, 20, 21, 22, 23, 24, 25, 26, 27, 28, 29, 30, 31, 32, 33, 34, 35, 36, 37, 38, 39, 40, 41, 42, 43, 44, 45, 46, 47, 48, 49, 50, 51, 52, 53, 54, 55, 56, 57, 58, 59, 60, 61, 62, 63, 64, 65, 66, 67, 68, 69, 70, 71, 72, 73, 74, 75, 76, 77, 78, 79, 80, 81, 82, 83, 84, 85, 86, 87, 88, 89, 90, 91, 92, 93, 94, 95, 96, 97, 98, 99, 100, 101, 102, 103, 104, 105, 106, 107, 108, 109, 110, 111, 112, 113, 114, 115, 116, 117, 118, 119, 120, 121, 122, 123, 124, 125, 126, 127, 128, 129, 130, 131, 132, 133, 134, 135, 136, 137, 138, 139, 140, 141, 142, 143, 144, 145, 146, 147, 148, 149, 150, 151, 152, 153, 154, 155, 156]
157
Number of Active MOs:  33
Number of Environment MOs:  20
Number of Virtual MOs:  249
 # electrons:            α            β
         Env:  20.00000000  20.00000000
         Act:  33.00000000  33.00000000
         Vir:   0.00000000   0.00000000
Number of electrons in the active space:  66

 The density matrix is idempotent!

 The density matrix is idempotent!


******** <class 'pyscf.scf.hf.RHF'> ********
method = RHF
initial guess = minao
damping factor = 0
level_shift factor = 0
DIIS = <class 'pyscf.scf.diis.CDIIS'>
diis_start_cycle = 1
diis_space = 8
SCF conv_tol = 1e-09
SCF conv_tol_grad = 1e-05
SCF max_cycles = 200
direct_scf = True
direct_scf_tol = 1e-13
chkfile to save SCF result = subsys_scf.chk
max_memory 900000 MB (current use 8559 MB)
init E= 20.6289449333398
  HOMO = -0.422625116426111  LUMO = 0.137722037442879
cycle= 1 E= 20.6289411307981  delta_E= -3.8e-06  |g|= 2.85e-06  |ddm|= 7.6e-06
  HOMO = -0.422624558892184  LUMO = 0.137722418591311
cycle= 2 E= 20.6289411308238  delta_E= 2.57e-11  |g|= 1.68e-06  |ddm|= 4.77e-06
  HOMO = -0.422624847732454  LUMO = 0.137722235619301
Extra cycle  E= 20.6289411309432  delta_E= 1.19e-10  |g|= 1.1e-06  |ddm|= 3.09e-06
converged SCF energy = 20.6289411309432
Difference in energy:  -2.2372107196133582e-07
E(MP2) = 19.4243287458343  E_corr = -1.20461238510885
Total energy =  -581.5092999744229
time elapsed:  43.26438927650452
