

******** <class 'pyscf.scf.hf.RHF'> ********
method = RHF
initial guess = minao
damping factor = 0
level_shift factor = 0
DIIS = <class 'pyscf.scf.diis.CDIIS'>
diis_start_cycle = 1
diis_space = 8
SCF conv_tol = 1e-09
SCF conv_tol_grad = 1e-05
SCF max_cycles = 1000
direct_scf = True
direct_scf_tol = 1e-13
chkfile to save SCF result = scf.fchk
max_memory 900000 MB (current use 79 MB)
init E= -582.160911438586
  HOMO = -0.268706474504578  LUMO = 0.0147751778833077
cycle= 1 E= -580.053615776604  delta_E= 2.11  |g|= 0.96  |ddm|= 5.16
  HOMO = -0.336568141933886  LUMO = 0.0942336321536239
cycle= 2 E= -580.221329486341  delta_E= -0.168  |g|= 0.653  |ddm|=  1.2
  HOMO = -0.404814440168056  LUMO = 0.130747575240165
cycle= 3 E= -580.300269308305  delta_E= -0.0789  |g|= 0.139  |ddm|= 0.595
  HOMO = -0.398143753365239  LUMO = 0.143885800874212
cycle= 4 E= -580.305653956173  delta_E= -0.00538  |g|= 0.0453  |ddm|= 0.142
  HOMO = -0.405563247190344  LUMO = 0.142225178290258
cycle= 5 E= -580.306129322316  delta_E= -0.000475  |g|= 0.0106  |ddm|= 0.0527
  HOMO = -0.406567067834102  LUMO = 0.142170139234756
cycle= 6 E= -580.306183826581  delta_E= -5.45e-05  |g|= 0.00415  |ddm|= 0.0189
  HOMO = -0.406797201202426  LUMO = 0.142723800840927
cycle= 7 E= -580.30619749251  delta_E= -1.37e-05  |g|= 0.00164  |ddm|= 0.0122
  HOMO = -0.407242052032571  LUMO = 0.142638876779709
cycle= 8 E= -580.306199302304  delta_E= -1.81e-06  |g|= 0.000446  |ddm|= 0.00454
  HOMO = -0.407259305981066  LUMO = 0.142666050007256
cycle= 9 E= -580.306199440186  delta_E= -1.38e-07  |g|= 8.7e-05  |ddm|= 0.00118
  HOMO = -0.407248246250396  LUMO = 0.142667775112057
cycle= 10 E= -580.306199444958  delta_E= -4.77e-09  |g|= 3.02e-05  |ddm|= 0.000174
  HOMO = -0.40725435853591  LUMO = 0.14266100269412
cycle= 11 E= -580.306199445356  delta_E= -3.98e-10  |g|= 9.16e-06  |ddm|= 4.56e-05
  HOMO = -0.407251893915416  LUMO = 0.142662968830865
Extra cycle  E= -580.306199445403  delta_E= -4.75e-11  |g|= 4.89e-06  |ddm|= 1.53e-05
converged SCF energy = -580.306199445403
AOs:  [0, 1, 2, 3, 4, 5, 6, 7, 8, 9, 10, 11, 12, 13, 14, 15, 16, 17, 18, 19, 20, 21, 22, 23, 24, 25, 26, 27, 28, 29, 30, 31, 32, 33, 34, 35, 36, 37, 38, 39, 40, 41, 42, 43, 44, 45, 46, 47, 48, 49, 50, 51, 52, 53, 54, 55, 56, 57, 58, 59, 60, 61, 62, 63, 64, 65, 66, 67, 68, 69, 70, 71, 72, 73, 74, 75, 76, 77, 78, 79, 80, 81, 82, 83, 84, 85, 86, 87, 88, 89, 90, 91, 92, 93, 94, 95, 96, 97, 98, 99, 100, 101, 102, 103, 104, 105, 106, 107, 108, 109, 110, 111, 112, 113, 114, 115, 116, 117, 118, 119, 120, 121, 122, 123, 124, 125, 126, 127, 128, 129, 130, 131, 132, 133, 134, 135, 136, 137, 138, 139, 140, 141, 142, 143, 144, 145, 146, 147, 148, 149, 150, 151, 152, 153, 154, 155, 156]
157
Number of Active MOs:  33
Number of Environment MOs:  20
Number of Virtual MOs:  249
 # electrons:            α            β
         Env:  20.00000000  20.00000000
         Act:  33.00000000  33.00000000
         Vir:  -0.00000000  -0.00000000
Number of electrons in the active space:  66

 The density matrix is idempotent!

 The density matrix is idempotent!


******** <class 'pyscf.scf.hf.RHF'> ********
method = RHF
initial guess = minao
damping factor = 0
level_shift factor = 0
DIIS = <class 'pyscf.scf.diis.CDIIS'>
diis_start_cycle = 1
diis_space = 8
SCF conv_tol = 1e-09
SCF conv_tol_grad = 1e-05
SCF max_cycles = 200
direct_scf = True
direct_scf_tol = 1e-13
chkfile to save SCF result = subsys_scf.chk
max_memory 900000 MB (current use 8560 MB)
init E= 19.5428334127349
  HOMO = -0.417473306492754  LUMO = 0.142661930669373
cycle= 1 E= 19.542829607154  delta_E= -3.81e-06  |g|= 3.02e-06  |ddm|= 8.07e-06
  HOMO = -0.417472693022926  LUMO = 0.142662309658439
cycle= 2 E= 19.5428296074045  delta_E= 2.51e-10  |g|= 1.83e-06  |ddm|= 5.14e-06
  HOMO = -0.417473011765717  LUMO = 0.142662131502633
Extra cycle  E= 19.5428296073397  delta_E= -6.48e-11  |g|= 1.2e-06  |ddm|= 3.36e-06
converged SCF energy = 19.5428296073397
Difference in energy:  -8.781908150012895e-08
E(MP2) = 18.3390796643095  E_corr = -1.20374994303022
Total energy =  -581.5099493882936
time elapsed:  43.90913128852844
