

******** <class 'pyscf.scf.hf.RHF'> ********
method = RHF
initial guess = minao
damping factor = 0
level_shift factor = 0
DIIS = <class 'pyscf.scf.diis.CDIIS'>
diis_start_cycle = 1
diis_space = 8
SCF conv_tol = 1e-09
SCF conv_tol_grad = 1e-05
SCF max_cycles = 1000
direct_scf = True
direct_scf_tol = 1e-13
chkfile to save SCF result = scf.fchk
max_memory 900000 MB (current use 79 MB)
init E= -582.143885830729
  HOMO = -0.268590328682973  LUMO = 0.0149873676813205
cycle= 1 E= -580.045186875008  delta_E=  2.1  |g|= 0.972  |ddm|= 5.16
  HOMO = -0.321457932724115  LUMO = 0.103050712125545
cycle= 2 E= -580.212546407158  delta_E= -0.167  |g|= 0.676  |ddm|= 1.25
  HOMO = -0.398834834314423  LUMO = 0.136185630856697
cycle= 3 E= -580.296995086436  delta_E= -0.0844  |g|= 0.139  |ddm|= 0.628
  HOMO = -0.393201612763166  LUMO = 0.148304396218662
cycle= 4 E= -580.302457420488  delta_E= -0.00546  |g|= 0.0445  |ddm|= 0.142
  HOMO = -0.400260263294153  LUMO = 0.147154339628965
cycle= 5 E= -580.302927138437  delta_E= -0.00047  |g|= 0.0109  |ddm|= 0.0535
  HOMO = -0.401318246951282  LUMO = 0.147077391219946
cycle= 6 E= -580.302984738893  delta_E= -5.76e-05  |g|= 0.00431  |ddm|= 0.0199
  HOMO = -0.401633324124228  LUMO = 0.147616049610549
cycle= 7 E= -580.302999705211  delta_E= -1.5e-05  |g|= 0.00166  |ddm|= 0.0132
  HOMO = -0.402103605876642  LUMO = 0.147529642636879
cycle= 8 E= -580.30300154845  delta_E= -1.84e-06  |g|= 0.000449  |ddm|= 0.00467
  HOMO = -0.402121502215594  LUMO = 0.147557558445318
cycle= 9 E= -580.303001685322  delta_E= -1.37e-07  |g|= 8.86e-05  |ddm|= 0.00117
  HOMO = -0.402109147725368  LUMO = 0.147558865320637
cycle= 10 E= -580.303001690225  delta_E= -4.9e-09  |g|= 3.08e-05  |ddm|= 0.000178
  HOMO = -0.402115711330863  LUMO = 0.147552056587334
cycle= 11 E= -580.303001690635  delta_E= -4.11e-10  |g|= 9.46e-06  |ddm|= 4.67e-05
  HOMO = -0.402113083010284  LUMO = 0.147553998962489
Extra cycle  E= -580.303001690688  delta_E= -5.32e-11  |g|= 5.1e-06  |ddm|= 1.6e-05
converged SCF energy = -580.303001690688
AOs:  [0, 1, 2, 3, 4, 5, 6, 7, 8, 9, 10, 11, 12, 13, 14, 15, 16, 17, 18, 19, 20, 21, 22, 23, 24, 25, 26, 27, 28, 29, 30, 31, 32, 33, 34, 35, 36, 37, 38, 39, 40, 41, 42, 43, 44, 45, 46, 47, 48, 49, 50, 51, 52, 53, 54, 55, 56, 57, 58, 59, 60, 61, 62, 63, 64, 65, 66, 67, 68, 69, 70, 71, 72, 73, 74, 75, 76, 77, 78, 79, 80, 81, 82, 83, 84, 85, 86, 87, 88, 89, 90, 91, 92, 93, 94, 95, 96, 97, 98, 99, 100, 101, 102, 103, 104, 105, 106, 107, 108, 109, 110, 111, 112, 113, 114, 115, 116, 117, 118, 119, 120, 121, 122, 123, 124, 125, 126, 127, 128, 129, 130, 131, 132, 133, 134, 135, 136, 137, 138, 139, 140, 141, 142, 143, 144, 145, 146, 147, 148, 149, 150, 151, 152, 153, 154, 155, 156]
157
Number of Active MOs:  33
Number of Environment MOs:  20
Number of Virtual MOs:  249
 # electrons:            α            β
         Env:  20.00000000  20.00000000
         Act:  33.00000000  33.00000000
         Vir:  -0.00000000  -0.00000000
Number of electrons in the active space:  66

 The density matrix is idempotent!

 The density matrix is idempotent!


******** <class 'pyscf.scf.hf.RHF'> ********
method = RHF
initial guess = minao
damping factor = 0
level_shift factor = 0
DIIS = <class 'pyscf.scf.diis.CDIIS'>
diis_start_cycle = 1
diis_space = 8
SCF conv_tol = 1e-09
SCF conv_tol_grad = 1e-05
SCF max_cycles = 200
direct_scf = True
direct_scf_tol = 1e-13
chkfile to save SCF result = subsys_scf.chk
max_memory 900000 MB (current use 8559 MB)
init E= 17.5324341476208
  HOMO = -0.411691758891302  LUMO = 0.147552996083074
cycle= 1 E= 17.5324303383455  delta_E= -3.81e-06  |g|= 3.16e-06  |ddm|= 8.48e-06
  HOMO = -0.411691133021641  LUMO = 0.147553351300854
cycle= 2 E= 17.5324303384058  delta_E= 6.03e-11  |g|= 1.94e-06  |ddm|= 5.46e-06
  HOMO = -0.411691459611085  LUMO = 0.14755318314289
Extra cycle  E= 17.5324303384642  delta_E= 5.84e-11  |g|= 1.29e-06  |ddm|= 3.59e-06
converged SCF energy = 17.5324303384642
Difference in energy:  -6.879993679831386e-07
E(MP2) = 16.3292143761967  E_corr = -1.20321596226751
Total energy =  -581.5062176518595
time elapsed:  43.303327798843384
