

******** <class 'pyscf.scf.hf.RHF'> ********
method = RHF
initial guess = minao
damping factor = 0
level_shift factor = 0
DIIS = <class 'pyscf.scf.diis.CDIIS'>
diis_start_cycle = 1
diis_space = 8
SCF conv_tol = 1e-09
SCF conv_tol_grad = 1e-05
SCF max_cycles = 1000
direct_scf = True
direct_scf_tol = 1e-13
chkfile to save SCF result = scf.fchk
max_memory 900000 MB (current use 79 MB)
init E= -582.142773559817
  HOMO = -0.268584904310521  LUMO = 0.0150056656949297
cycle= 1 E= -580.04366771202  delta_E=  2.1  |g|= 0.974  |ddm|= 5.16
  HOMO = -0.319339611497512  LUMO = 0.104235947733057
cycle= 2 E= -580.211149334196  delta_E= -0.167  |g|= 0.679  |ddm|= 1.26
  HOMO = -0.397878748674172  LUMO = 0.13702495850895
cycle= 3 E= -580.29634862599  delta_E= -0.0852  |g|= 0.139  |ddm|= 0.632
  HOMO = -0.392418427606096  LUMO = 0.148974843102358
cycle= 4 E= -580.301818066817  delta_E= -0.00547  |g|= 0.0445  |ddm|= 0.143
  HOMO = -0.399427732282721  LUMO = 0.147895124759619
cycle= 5 E= -580.302288260081  delta_E= -0.00047  |g|= 0.0109  |ddm|= 0.0537
  HOMO = -0.40049642411573  LUMO = 0.14781342756746
cycle= 6 E= -580.302346369148  delta_E= -5.81e-05  |g|= 0.00433  |ddm|= 0.02
  HOMO = -0.400825367251352  LUMO = 0.148348231681507
cycle= 7 E= -580.302361536087  delta_E= -1.52e-05  |g|= 0.00166  |ddm|= 0.0134
  HOMO = -0.401298797630655  LUMO = 0.148262584008286
cycle= 8 E= -580.302363386774  delta_E= -1.85e-06  |g|= 0.00045  |ddm|= 0.00469
  HOMO = -0.401316930617469  LUMO = 0.148290397679665
cycle= 9 E= -580.302363523365  delta_E= -1.37e-07  |g|= 8.89e-05  |ddm|= 0.00117
  HOMO = -0.401304332716077  LUMO = 0.148291686712854
cycle= 10 E= -580.302363528289  delta_E= -4.92e-09  |g|= 3.09e-05  |ddm|= 0.000179
  HOMO = -0.401310975715825  LUMO = 0.148284867450899
cycle= 11 E= -580.302363528702  delta_E= -4.13e-10  |g|= 9.5e-06  |ddm|= 4.69e-05
  HOMO = -0.401308327919334  LUMO = 0.148286799652913
Extra cycle  E= -580.302363528754  delta_E= -5.16e-11  |g|= 5.12e-06  |ddm|= 1.61e-05
converged SCF energy = -580.302363528754
AOs:  [0, 1, 2, 3, 4, 5, 6, 7, 8, 9, 10, 11, 12, 13, 14, 15, 16, 17, 18, 19, 20, 21, 22, 23, 24, 25, 26, 27, 28, 29, 30, 31, 32, 33, 34, 35, 36, 37, 38, 39, 40, 41, 42, 43, 44, 45, 46, 47, 48, 49, 50, 51, 52, 53, 54, 55, 56, 57, 58, 59, 60, 61, 62, 63, 64, 65, 66, 67, 68, 69, 70, 71, 72, 73, 74, 75, 76, 77, 78, 79, 80, 81, 82, 83, 84, 85, 86, 87, 88, 89, 90, 91, 92, 93, 94, 95, 96, 97, 98, 99, 100, 101, 102, 103, 104, 105, 106, 107, 108, 109, 110, 111, 112, 113, 114, 115, 116, 117, 118, 119, 120, 121, 122, 123, 124, 125, 126, 127, 128, 129, 130, 131, 132, 133, 134, 135, 136, 137, 138, 139, 140, 141, 142, 143, 144, 145, 146, 147, 148, 149, 150, 151, 152, 153, 154, 155, 156]
157
Number of Active MOs:  33
Number of Environment MOs:  20
Number of Virtual MOs:  249
 # electrons:            α            β
         Env:  20.00000000  20.00000000
         Act:  33.00000000  33.00000000
         Vir:   0.00000000   0.00000000
Number of electrons in the active space:  66

 The density matrix is idempotent!

 The density matrix is idempotent!


******** <class 'pyscf.scf.hf.RHF'> ********
method = RHF
initial guess = minao
damping factor = 0
level_shift factor = 0
DIIS = <class 'pyscf.scf.diis.CDIIS'>
diis_start_cycle = 1
diis_space = 8
SCF conv_tol = 1e-09
SCF conv_tol_grad = 1e-05
SCF max_cycles = 200
direct_scf = True
direct_scf_tol = 1e-13
chkfile to save SCF result = subsys_scf.chk
max_memory 900000 MB (current use 8560 MB)
init E= 17.0617159635378
  HOMO = -0.410794718448458  LUMO = 0.148285803743098
cycle= 1 E= 17.0617121535502  delta_E= -3.81e-06  |g|= 3.18e-06  |ddm|= 8.53e-06
  HOMO = -0.410794093751148  LUMO = 0.148286154156469
cycle= 2 E= 17.0617121534326  delta_E= -1.18e-10  |g|= 1.95e-06  |ddm|= 5.5e-06
  HOMO = -0.410794419293762  LUMO = 0.148285988101549
Extra cycle  E= 17.0617121535652  delta_E= 1.33e-10  |g|= 1.3e-06  |ddm|= 3.61e-06
converged SCF energy = 17.0617121535652
Difference in energy:  -1.0272906365571544e-08
E(MP2) = 15.8585582354161  E_corr = -1.20315391814902
Total energy =  -581.5055174468863
time elapsed:  43.32518029212952
