

******** <class 'pyscf.dft.rks.RKS'> ********
method = RKS-RHF
initial guess = minao
damping factor = 0
level_shift factor = 0
DIIS = <class 'pyscf.scf.diis.CDIIS'>
diis_start_cycle = 1
diis_space = 8
SCF conv_tol = 1e-09
SCF conv_tol_grad = 1e-06
SCF max_cycles = 1000
direct_scf = True
direct_scf_tol = 1e-13
chkfile to save SCF result = scf.fchk
max_memory 900000 MB (current use 79 MB)
XC library pyscf.dft.libxc version 5.1.7
    S. Lehtola, C. Steigemann, M. J. Oliveira, and M. A. Marques, SoftwareX 7, 1 (2018)
XC functionals = pbe
    J. P. Perdew, K. Burke, and M. Ernzerhof, Phys. Rev. Lett. 77, 3865 (1996)
    J. P. Perdew, K. Burke, and M. Ernzerhof, Phys. Rev. Lett. 78, 1396 (1997)
    J. P. Perdew, K. Burke, and M. Ernzerhof, Phys. Rev. Lett. 77, 3865 (1996)
    J. P. Perdew, K. Burke, and M. Ernzerhof, Phys. Rev. Lett. 78, 1396 (1997)
small_rho_cutoff = 1e-07
init E= -113.252967587077
  HOMO = -0.336707452967391  LUMO = -0.0775205831353601
cycle= 1 E= -113.037904491114  delta_E= 0.215  |g|= 0.577  |ddm|= 1.73
  HOMO = -0.306368423286389  LUMO = -0.0221646316866235
cycle= 2 E= -112.409229572371  delta_E= 0.629  |g|= 1.86  |ddm|= 1.21
  HOMO = -0.303886386744138  LUMO = -0.0502335248913767
cycle= 3 E= -113.097993919764  delta_E= -0.689  |g|= 0.0595  |ddm|= 0.973
  HOMO = -0.327783544399661  LUMO = -0.0685717785800113
cycle= 4 E= -113.098821872457  delta_E= -0.000828  |g|= 0.022  |ddm|= 0.118
  HOMO = -0.322479683862479  LUMO = -0.0639876634445156
cycle= 5 E= -113.098951912171  delta_E= -0.00013  |g|= 0.00321  |ddm|= 0.024
  HOMO = -0.321621814279261  LUMO = -0.0634431924126945
cycle= 6 E= -113.098954750407  delta_E= -2.84e-06  |g|= 0.000222  |ddm|= 0.0042
  HOMO = -0.321628823014102  LUMO = -0.0634512201228135
cycle= 7 E= -113.098954761112  delta_E= -1.07e-08  |g|= 2.82e-05  |ddm|= 0.000158
  HOMO = -0.321623200225463  LUMO = -0.0634446718707489
cycle= 8 E= -113.098954761295  delta_E= -1.83e-10  |g|= 2.62e-06  |ddm|= 3.18e-05
  HOMO = -0.321623178961732  LUMO = -0.0634447468602279
cycle= 9 E= -113.098954761296  delta_E= -1.19e-12  |g|= 2.86e-07  |ddm|= 1.23e-06
  HOMO = -0.321623188147568  LUMO = -0.0634447867746285
Extra cycle  E= -113.098954761296  delta_E= -2.84e-14  |g|= 8.58e-07  |ddm|= 5.79e-07
converged SCF energy = -113.098954761296
AOs:  [0, 1, 2, 3, 4, 5, 6, 7, 8, 9, 10, 11, 12, 13, 14, 15, 16, 17, 18, 19, 20, 21, 22, 23, 24, 25, 26, 27]
28

 AO indices used for projection:  [0, 1, 3, 4, 5, 14, 15, 17, 18, 19]
 # of orbitals to keep:  6
28
10
Number of Active MOs:  6
Number of Environment MOs:  1
Number of Virtual MOs:  21
 # electrons:            α            β
         Env:   1.00000000   1.00000000
         Act:   6.00000000   6.00000000
         Vir:  -0.00000000  -0.00000000
Number of electrons in the active space:  12

 The density matrix is idempotent!

 The density matrix is idempotent!


******** <class 'pyscf.scf.hf.RHF'> ********
method = RHF
initial guess = minao
damping factor = 0
level_shift factor = 0
DIIS = <class 'pyscf.scf.diis.CDIIS'>
diis_start_cycle = 1
diis_space = 8
SCF conv_tol = 1e-09
SCF conv_tol_grad = 1e-06
SCF max_cycles = 200
direct_scf = True
direct_scf_tol = 1e-13
chkfile to save SCF result = subsys_scf.chk
max_memory 900000 MB (current use 602 MB)
init E= -96.8223983348921
  HOMO = -0.634850079890393  LUMO = 0.161558321924361
cycle= 1 E= -96.8388412548351  delta_E= -0.0164  |g|= 0.0581  |ddm|= 0.245
  HOMO = -0.641711350927168  LUMO = 0.146339476071046
cycle= 2 E= -96.8393695206466  delta_E= -0.000528  |g|= 0.0137  |ddm|= 0.0653
  HOMO = -0.642723523729224  LUMO = 0.147257071274778
cycle= 3 E= -96.8394252613652  delta_E= -5.57e-05  |g|= 0.00903  |ddm|= 0.0148
  HOMO = -0.640445889455694  LUMO = 0.14751990495561
cycle= 4 E= -96.8394376527956  delta_E= -1.24e-05  |g|= 0.00111  |ddm|= 0.0105
  HOMO = -0.640736635696641  LUMO = 0.147378364626514
cycle= 5 E= -96.8394379440147  delta_E= -2.91e-07  |g|= 0.000164  |ddm|= 0.0011
  HOMO = -0.64072356306554  LUMO = 0.147383615610641
cycle= 6 E= -96.8394379576557  delta_E= -1.36e-08  |g|= 1.99e-05  |ddm|= 0.000408
  HOMO = -0.640725599085871  LUMO = 0.147381387954684
cycle= 7 E= -96.8394379579594  delta_E= -3.04e-10  |g|= 1.93e-06  |ddm|= 5.63e-05
  HOMO = -0.640725614116152  LUMO = 0.14738155193123
cycle= 8 E= -96.8394379579204  delta_E= 3.9e-11  |g|= 1.63e-07  |ddm|= 7.4e-06
  HOMO = -0.640725571823528  LUMO = 0.147381569461626
Extra cycle  E= -96.839437957859  delta_E= 6.14e-11  |g|= 7.83e-08  |ddm|= 2.89e-07
converged SCF energy = -96.839437957859
Difference in energy:  -268.93413887180543
E(MP2) = -97.0355836882843  E_corr = -0.196145730425221
Total energy =  -112.86652702058669
time elapsed:  2.7480251789093018
