

******** <class 'pyscf.dft.rks.RKS'> ********
method = RKS-RHF
initial guess = minao
damping factor = 0
level_shift factor = 0
DIIS = <class 'pyscf.scf.diis.CDIIS'>
diis_start_cycle = 1
diis_space = 8
SCF conv_tol = 1e-09
SCF conv_tol_grad = 1e-06
SCF max_cycles = 1000
direct_scf = True
direct_scf_tol = 1e-13
chkfile to save SCF result = scf.fchk
max_memory 900000 MB (current use 79 MB)
XC library pyscf.dft.libxc version 5.1.7
    S. Lehtola, C. Steigemann, M. J. Oliveira, and M. A. Marques, SoftwareX 7, 1 (2018)
XC functionals = pbe
    J. P. Perdew, K. Burke, and M. Ernzerhof, Phys. Rev. Lett. 77, 3865 (1996)
    J. P. Perdew, K. Burke, and M. Ernzerhof, Phys. Rev. Lett. 78, 1396 (1997)
    J. P. Perdew, K. Burke, and M. Ernzerhof, Phys. Rev. Lett. 77, 3865 (1996)
    J. P. Perdew, K. Burke, and M. Ernzerhof, Phys. Rev. Lett. 78, 1396 (1997)
small_rho_cutoff = 1e-07
init E= -2592.68589161386
  HOMO = -0.135589903772642  LUMO = -0.0868627408995152
cycle= 1 E= -2573.86094609637  delta_E= 18.8  |g|= 5.66  |ddm|= 10.4
  HOMO = -0.237014473524274  LUMO = -0.228181875449657
cycle= 2 E= -2429.54073387063  delta_E=  144  |g|= 19.3  |ddm|=   96
  HOMO = -0.17215522218046  LUMO = -0.161702262178348
cycle= 3 E= -2561.20084737967  delta_E= -132  |g|= 9.67  |ddm|=   72
  HOMO = -0.179835387701014  LUMO = -0.153385170978542
cycle= 4 E= -2577.99076904098  delta_E= -16.8  |g|=  6.4  |ddm|= 28.3
  HOMO = -0.16346630607564  LUMO = -0.153553182576674
cycle= 5 E= -2581.56771167959  delta_E= -3.58  |g|= 5.42  |ddm|= 2.88
  HOMO = -0.173674305392747  LUMO = -0.159425717125002
cycle= 6 E= -2581.35725703463  delta_E= 0.21  |g|= 5.48  |ddm|= 1.05
  HOMO = -0.177939224083363  LUMO = -0.162383560591025
cycle= 7 E= -2581.22391346774  delta_E= 0.133  |g|= 5.53  |ddm|= 0.907
  HOMO = -0.174088591800961  LUMO = -0.161288788483851
cycle= 8 E= -2581.28456956138  delta_E= -0.0607  |g|= 5.52  |ddm|= 0.222
  HOMO = -0.188343748121156  LUMO = -0.164949624852017
cycle= 9 E= -2580.50104132868  delta_E= 0.784  |g|= 5.77  |ddm|= 0.599

WARN: HOMO 0.0213241047792412 == LUMO 0.0215309182918888

cycle= 10 E= -2543.21832630971  delta_E= 37.3  |g|= 13.6  |ddm|= 19.4
  HOMO = -0.0802366990614696  LUMO = -0.00445935374133494
cycle= 11 E= -2571.26238482625  delta_E=  -28  |g|= 6.19  |ddm|= 17.4
  HOMO = -0.203792668968726  LUMO = -0.173448379779055
cycle= 12 E= -2579.84965373929  delta_E= -8.59  |g|= 5.96  |ddm|= 9.81
  HOMO = -0.212032344508044  LUMO = -0.177532232964632
cycle= 13 E= -2580.27538164314  delta_E= -0.426  |g|= 5.83  |ddm|= 0.95
  HOMO = -0.177608754714257  LUMO = -0.158334685725607
cycle= 14 E= -2580.40134751595  delta_E= -0.126  |g|= 5.82  |ddm|= 1.39
  HOMO = -0.185695013460905  LUMO = -0.156326193027063
cycle= 15 E= -2579.61618316286  delta_E= 0.785  |g|= 6.04  |ddm|= 0.976
  HOMO = -0.169639849230009  LUMO = -0.153724437580421
cycle= 16 E= -2579.85245869847  delta_E= -0.236  |g|= 5.97  |ddm|= 0.924
  HOMO = -0.195808688360599  LUMO = -0.153711179753169
cycle= 17 E= -2580.01988212118  delta_E= -0.167  |g|= 5.93  |ddm|= 1.27
  HOMO = -0.188489915692802  LUMO = -0.161724222452666
cycle= 18 E= -2581.6731088335  delta_E= -1.65  |g|= 5.38  |ddm|= 1.52
  HOMO = -0.204329248315209  LUMO = -0.165989478707753
cycle= 19 E= -2580.23329234945  delta_E= 1.44  |g|= 5.86  |ddm|= 1.24
  HOMO = 0.0340471235458523  LUMO = 0.0390071081070072
cycle= 20 E= -2459.28578807536  delta_E=  121  |g|=   14  |ddm|= 33.4
  HOMO = -0.078959032155999  LUMO = -0.0710420503629017
cycle= 21 E= -2574.34068263443  delta_E= -115  |g|= 5.09  |ddm|= 32.7
  HOMO = -0.167703811683032  LUMO = -0.159670172578686
cycle= 22 E= -2578.53385569381  delta_E= -4.19  |g|= 6.27  |ddm|= 7.64
  HOMO = -0.188009690327319  LUMO = -0.158587204349851
cycle= 23 E= -2579.42610150427  delta_E= -0.892  |g|= 6.11  |ddm|= 1.95
  HOMO = -0.205630690411671  LUMO = -0.164117914160676
cycle= 24 E= -2579.90845307687  delta_E= -0.482  |g|= 5.93  |ddm|= 1.21
  HOMO = -0.201782497807558  LUMO = -0.166103322790836
cycle= 25 E= -2578.89274861353  delta_E= 1.02  |g|= 6.24  |ddm|= 1.53
  HOMO = -0.197038114032462  LUMO = -0.168817890950462
cycle= 26 E= -2579.00551012487  delta_E= -0.113  |g|= 6.21  |ddm|= 0.937
  HOMO = -0.2077477641278  LUMO = -0.164650046854387
cycle= 27 E= -2581.13884804768  delta_E= -2.13  |g|= 5.52  |ddm|= 1.86
  HOMO = -0.194549377144101  LUMO = -0.166047663355832
cycle= 28 E= -2579.07928219593  delta_E= 2.06  |g|= 6.19  |ddm|= 2.14
  HOMO = -0.192444484243621  LUMO = -0.159121210758049
cycle= 29 E= -2579.80960138814  delta_E= -0.73  |g|= 5.99  |ddm|= 1.39
  HOMO = 0.00645189522053414  LUMO = 0.0122482470529547
cycle= 30 E= -2496.26945735327  delta_E= 83.5  |g|= 13.9  |ddm|= 26.5
  HOMO = -0.0857353984998669  LUMO = -0.0339140914979351
cycle= 31 E= -2573.36625652422  delta_E= -77.1  |g|= 5.33  |ddm|= 23.9
  HOMO = -0.166117137885396  LUMO = -0.145990425843461
cycle= 32 E= -2579.3323685272  delta_E= -5.97  |g|=  6.1  |ddm|= 8.35
  HOMO = -0.180884832251078  LUMO = -0.150587581409264
cycle= 33 E= -2579.97810570761  delta_E= -0.646  |g|= 5.93  |ddm|= 0.99
  HOMO = -0.163694628307362  LUMO = -0.142432108984189
cycle= 34 E= -2580.17973293761  delta_E= -0.202  |g|= 5.84  |ddm|=    1
  HOMO = -0.181184423275344  LUMO = -0.138954092762193
cycle= 35 E= -2580.37994843407  delta_E= -0.2  |g|= 5.82  |ddm|= 1.62
  HOMO = -0.16897574822027  LUMO = -0.15185204873594
cycle= 36 E= -2581.64247905304  delta_E= -1.26  |g|= 5.32  |ddm|= 2.02
  HOMO = -0.190790833971124  LUMO = -0.15914655429986
cycle= 37 E= -2580.37853750159  delta_E= 1.26  |g|= 5.79  |ddm|= 2.25
  HOMO = -0.185440875171881  LUMO = -0.152979386016732
cycle= 38 E= -2580.7035724178  delta_E= -0.325  |g|= 5.68  |ddm|=  1.2
  HOMO = -0.19738680817081  LUMO = -0.154645395686218
cycle= 39 E= -2579.88296890733  delta_E= 0.821  |g|= 5.97  |ddm|= 1.13
  HOMO = 0.0263615660769265  LUMO = 0.0361636242944058
cycle= 40 E= -2454.32836694342  delta_E=  126  |g|= 14.9  |ddm|=   42
  HOMO = -0.0813638728668229  LUMO = -0.0728385123125375
cycle= 41 E= -2572.21642095564  delta_E= -118  |g|= 5.87  |ddm|=   41
  HOMO = -0.155718357335527  LUMO = -0.145548453881623
cycle= 42 E= -2578.30256565494  delta_E= -6.09  |g|= 6.11  |ddm|= 8.89
  HOMO = -0.192718763308796  LUMO = -0.148311596394007
cycle= 43 E= -2580.16543843623  delta_E= -1.86  |g|= 5.87  |ddm|= 2.46
  HOMO = -0.183432147530748  LUMO = -0.158503780866237
cycle= 44 E= -2580.27137504903  delta_E= -0.106  |g|= 5.84  |ddm|= 0.816
  HOMO = -0.156613856184457  LUMO = -0.153351137362861
cycle= 45 E= -2581.41348150859  delta_E= -1.14  |g|= 5.44  |ddm|= 3.03
  HOMO = -0.191968590353134  LUMO = -0.153169696761681
cycle= 46 E= -2580.66713608241  delta_E= 0.746  |g|= 5.72  |ddm|= 2.61
  HOMO = -0.191639115690808  LUMO = -0.151864446671263
cycle= 47 E= -2580.4186723947  delta_E= 0.248  |g|= 5.78  |ddm|= 0.889
  HOMO = -0.163999422978963  LUMO = -0.153757049239184
cycle= 48 E= -2581.65215162645  delta_E= -1.23  |g|= 5.29  |ddm|=  1.8
  HOMO = -0.191176585201146  LUMO = -0.150234273539876
cycle= 49 E= -2581.20344181812  delta_E= 0.449  |g|= 5.53  |ddm|= 1.78
  HOMO = 0.0302828175520547  LUMO = 0.0527272366913938
cycle= 50 E= -2447.36319682542  delta_E=  134  |g|=   15  |ddm|= 41.5
  HOMO = -0.106084701535959  LUMO = -0.0827616136643964
cycle= 51 E= -2572.84732494823  delta_E= -125  |g|= 5.76  |ddm|=   41
  HOMO = -0.148457194953533  LUMO = -0.136493154892359
cycle= 52 E= -2578.26834396553  delta_E= -5.42  |g|= 6.21  |ddm|= 8.77
  HOMO = -0.187362291539308  LUMO = -0.145213621461276
cycle= 53 E= -2579.88879929303  delta_E= -1.62  |g|= 5.97  |ddm|= 2.69
  HOMO = -0.190539174935196  LUMO = -0.145939058235137
cycle= 54 E= -2579.99406600822  delta_E= -0.105  |g|= 5.93  |ddm|= 1.48
  HOMO = -0.197328950453339  LUMO = -0.144743210616135
cycle= 55 E= -2579.92463339033  delta_E= 0.0694  |g|= 5.95  |ddm|= 1.07
  HOMO = -0.184870531773621  LUMO = -0.142555024892765
cycle= 56 E= -2580.19927965791  delta_E= -0.275  |g|= 5.87  |ddm|= 0.779
  HOMO = -0.175808741388353  LUMO = -0.147463490024874
cycle= 57 E= -2580.02498810042  delta_E= 0.174  |g|= 5.86  |ddm|= 1.97
  HOMO = -0.20432713637839  LUMO = -0.146658298944641
cycle= 58 E= -2579.95819239558  delta_E= 0.0668  |g|= 5.94  |ddm|= 1.52
  HOMO = -0.185855975183125  LUMO = -0.138390377632718
cycle= 59 E= -2580.38959562317  delta_E= -0.431  |g|= 5.81  |ddm|= 0.73
  HOMO = 0.000206377680981061  LUMO = 0.00929193325487082
cycle= 60 E= -2482.40962306571  delta_E=   98  |g|= 14.6  |ddm|= 26.9
  HOMO = -0.0813573067043807  LUMO = -0.0785946759354204
cycle= 61 E= -2571.87778456688  delta_E= -89.5  |g|= 6.53  |ddm|= 23.9
  HOMO = -0.150595943518046  LUMO = -0.145825802789799
cycle= 62 E= -2579.30510487457  delta_E= -7.43  |g|= 6.07  |ddm|= 9.93
  HOMO = -0.178953350637323  LUMO = -0.152578561259842
cycle= 63 E= -2581.13554244285  delta_E= -1.83  |g|= 5.57  |ddm|= 2.81
  HOMO = -0.176763725351977  LUMO = -0.156881526404044
cycle= 64 E= -2581.40442206803  delta_E= -0.269  |g|= 5.51  |ddm|= 0.84
  HOMO = -0.169328035551474  LUMO = -0.156254541590986
cycle= 65 E= -2581.30081782088  delta_E= 0.104  |g|= 5.52  |ddm|=  1.1
  HOMO = -0.173118829321334  LUMO = -0.158900770862034
cycle= 66 E= -2581.59054696391  delta_E= -0.29  |g|= 5.42  |ddm|= 1.64
  HOMO = -0.177303955193968  LUMO = -0.166292011618321
cycle= 67 E= -2581.79715568375  delta_E= -0.207  |g|= 5.35  |ddm|= 1.53
  HOMO = -0.171856655339118  LUMO = -0.162067659805276
cycle= 68 E= -2581.39928026188  delta_E= 0.398  |g|=  5.5  |ddm|= 0.775
  HOMO = -0.172299455345757  LUMO = -0.165084941688286
cycle= 69 E= -2581.01332487386  delta_E= 0.386  |g|= 5.63  |ddm|= 0.47
  HOMO = 0.0283627459292393  LUMO = 0.0299356660340281
cycle= 70 E= -2453.34023763665  delta_E=  128  |g|= 18.5  |ddm|= 43.3
  HOMO = -0.0650828704262269  LUMO = -0.033885673287103
cycle= 71 E= -2566.59635638087  delta_E= -113  |g|= 8.99  |ddm|= 41.4
  HOMO = -0.0540312800875838  LUMO = -0.0478887952817619
cycle= 72 E= -2581.38555364255  delta_E= -14.8  |g|= 5.46  |ddm|= 12.4
  HOMO = -0.186703667688126  LUMO = -0.173618494494703
cycle= 73 E= -2586.54739304842  delta_E= -5.16  |g|=  3.6  |ddm|= 4.72
  HOMO = -0.173072901613639  LUMO = -0.16451698651392
cycle= 74 E= -2585.24731922562  delta_E=  1.3  |g|= 4.31  |ddm|= 2.26
  HOMO = -0.174628613394451  LUMO = -0.158234955850157
cycle= 75 E= -2587.39011396363  delta_E= -2.14  |g|= 2.76  |ddm|= 2.31
  HOMO = -0.162661985003281  LUMO = -0.153429551081597
cycle= 76 E= -2582.21684570834  delta_E= 5.17  |g|= 5.41  |ddm|= 3.81
  HOMO = -0.174474625055346  LUMO = -0.171892716012104
cycle= 77 E= -2584.69526655528  delta_E= -2.48  |g|= 4.45  |ddm|= 2.46
  HOMO = -0.175007741313308  LUMO = -0.169288264878587
cycle= 78 E= -2584.91698330535  delta_E= -0.222  |g|= 4.38  |ddm|= 0.854
  HOMO = -0.175287157372746  LUMO = -0.169420930747673
cycle= 79 E= -2584.91045458047  delta_E= 0.00653  |g|= 4.39  |ddm|= 0.174
  HOMO = -0.150083882601057  LUMO = -0.0969724559892936
cycle= 80 E= -2588.56906571828  delta_E= -3.66  |g|= 0.989  |ddm|=  2.9
  HOMO = -0.105229930232726  LUMO = -0.0844150304483138
cycle= 81 E= -2588.16374017873  delta_E= 0.405  |g|= 1.49  |ddm|= 2.68
  HOMO = -0.135003888299377  LUMO = -0.0888251848606016
cycle= 82 E= -2588.74867585721  delta_E= -0.585  |g|= 0.503  |ddm|= 2.17
  HOMO = -0.140947779207533  LUMO = -0.0888883787748268
cycle= 83 E= -2588.8149927889  delta_E= -0.0663  |g|= 0.276  |ddm|= 0.764
  HOMO = -0.131918295171239  LUMO = -0.087274299267472
cycle= 84 E= -2588.82899335384  delta_E= -0.014  |g|= 0.102  |ddm|= 0.321
  HOMO = -0.135617097708289  LUMO = -0.0866804836018629
cycle= 85 E= -2588.83084098856  delta_E= -0.00185  |g|= 0.0403  |ddm|= 0.128
  HOMO = -0.134960347583225  LUMO = -0.0869938267060316
cycle= 86 E= -2588.83122641821  delta_E= -0.000385  |g|= 0.00951  |ddm|= 0.0469
  HOMO = -0.134826369021646  LUMO = -0.0869608770103401
cycle= 87 E= -2588.83124424282  delta_E= -1.78e-05  |g|= 0.00395  |ddm|= 0.0132
  HOMO = -0.134583026788448  LUMO = -0.0869583124034557
cycle= 88 E= -2588.83124492092  delta_E= -6.78e-07  |g|= 0.00422  |ddm|= 0.00718
  HOMO = -0.134779367357274  LUMO = -0.0869876848412331
cycle= 89 E= -2588.83124788242  delta_E= -2.96e-06  |g|= 0.00189  |ddm|= 0.00488
  HOMO = -0.134700269335081  LUMO = -0.0869667108693974
cycle= 90 E= -2588.83124845977  delta_E= -5.77e-07  |g|= 0.000606  |ddm|= 0.00196
  HOMO = -0.134722486304893  LUMO = -0.0869712648991251
cycle= 91 E= -2588.8312485076  delta_E= -4.78e-08  |g|= 0.000352  |ddm|= 0.000898
  HOMO = -0.134720818524411  LUMO = -0.086972025656698
cycle= 92 E= -2588.83124854117  delta_E= -3.36e-08  |g|= 8.91e-05  |ddm|= 0.000478
  HOMO = -0.134722794387088  LUMO = -0.0869725592427517
cycle= 93 E= -2588.83124854179  delta_E= -6.18e-10  |g|= 8.46e-05  |ddm|= 0.000178
  HOMO = -0.134722772695442  LUMO = -0.0869718501948856
cycle= 94 E= -2588.83124854339  delta_E= -1.6e-09  |g|= 2.6e-05  |ddm|= 9.31e-05
  HOMO = -0.134722458286691  LUMO = -0.0869721019203834
cycle= 95 E= -2588.83124854348  delta_E= -8.19e-11  |g|= 1.52e-05  |ddm|= 3.1e-05
  HOMO = -0.134722214785253  LUMO = -0.0869720258530121
cycle= 96 E= -2588.83124854352  delta_E= -4.27e-11  |g|= 7.94e-06  |ddm|= 2.07e-05
  HOMO = -0.134721977543096  LUMO = -0.0869720200964561
cycle= 97 E= -2588.83124854353  delta_E= -7.28e-12  |g|= 7.72e-06  |ddm|= 1.3e-05
  HOMO = -0.13472248174584  LUMO = -0.0869720768360505
cycle= 98 E= -2588.83124854353  delta_E= -9.09e-13  |g|= 7.37e-06  |ddm|= 1.18e-05
  HOMO = -0.134722177975995  LUMO = -0.086972021242264
cycle= 99 E= -2588.83124854353  delta_E= -3.64e-12  |g|= 2.33e-06  |ddm|= 7.47e-06
  HOMO = -0.13472226314368  LUMO = -0.086972038896732
cycle= 100 E= -2588.83124854353  delta_E= -3.64e-12  |g|= 1.77e-06  |ddm|= 3.42e-06
  HOMO = -0.134722236672392  LUMO = -0.086972040300481
cycle= 101 E= -2588.83124854353  delta_E= 3.64e-12  |g|= 6.25e-07  |ddm|= 2.54e-06
  HOMO = -0.134722265696085  LUMO = -0.0869720322065061
Extra cycle  E= -2588.83124854353  delta_E= 1.82e-12  |g|= 2.5e-06  |ddm|= 4.01e-06
converged SCF energy = -2588.83124854353
AOs:  [0, 1, 2, 3, 4, 5, 6, 7, 8, 9, 10, 11, 12, 13, 14, 15, 16, 17, 18, 19, 20, 21, 22, 23, 24, 25, 26, 27, 28, 29, 30, 31, 32, 33, 34, 35, 36, 37, 38, 39, 40, 41, 42, 43, 44, 45, 46, 47, 48, 49, 50, 51, 52, 53, 54, 55, 56, 57, 58, 59, 60, 61, 62, 63, 64, 65, 66, 67, 68, 69, 70, 71, 72, 73, 74, 75, 76, 77, 78, 79, 80, 81, 82, 83, 84, 85, 86, 87, 88, 89, 90, 91, 92, 93, 94, 95, 96, 97, 98, 99, 100, 101, 102, 103, 104, 105, 106, 107, 108, 109, 110, 111, 112, 113, 114, 115, 116, 117, 118, 119, 120, 121, 122, 123, 124, 125, 126, 127, 128, 129, 130, 131, 132, 133, 134, 135, 136, 137, 138, 139, 140, 141, 142, 143, 144, 145, 146, 147, 148, 149, 150, 151, 152, 153, 154, 155, 156, 157, 158, 159, 160, 161, 162, 163, 164, 165, 166, 167, 168, 169, 170, 171, 172, 173, 174, 175, 176, 177, 178, 179, 180, 181, 182, 183, 184, 185, 186, 187, 188, 189, 190, 191, 192, 193, 194, 195, 196, 197, 198, 199, 200, 201, 202, 203, 204, 205, 206, 207, 208, 209, 210, 211, 212, 213, 214, 215, 216, 217, 218, 219, 220, 221, 222, 223, 224, 225, 226, 227, 228, 229, 230, 231, 232, 233, 234, 235, 236, 237, 238, 239, 240, 241, 242, 243, 244, 245, 246, 247, 248, 249, 250, 251, 252, 253, 254, 255, 256, 257, 258, 259, 260, 261, 262, 263, 264, 265, 266, 267, 268, 269, 270, 271, 272, 273, 274, 275, 276, 277, 278, 279, 280, 281, 282, 283, 284, 285, 286, 287, 288, 289, 290, 291, 292, 293, 294, 295, 296, 297, 298, 299, 300, 301, 302, 303, 304, 305, 306, 307, 308, 309, 310, 311, 312, 313, 314, 315, 316, 317, 318, 319, 320, 321, 322, 323, 324]
325

 AO indices used for projection:  [0, 1, 3, 4, 5, 14, 15, 17, 18, 19, 28, 29, 30, 31, 33, 34, 35, 36, 37, 38, 42, 43, 44, 45, 46, 59, 60, 62, 63, 64, 73, 74, 76, 77, 78, 87, 88, 90, 91, 92, 101, 102, 104, 105, 106, 115, 116, 118, 119, 120, 129, 130, 132, 133, 134, 143, 144, 146, 147, 148, 157, 158, 160, 161, 162, 171, 172, 174, 175, 176, 185, 186, 188, 189, 190, 199, 200, 202, 203, 204, 213, 214, 216, 217, 218, 227, 228, 230, 231, 232, 241, 242, 244, 245, 246, 255, 256, 258, 259, 260, 269, 270, 272, 273, 274, 283, 284, 286, 287, 288, 297, 298, 300, 301, 302, 311, 312, 314, 315, 316]
 # of orbitals to keep:  88
545
120
Number of Active MOs:  88
Number of Environment MOs:  30
Number of Virtual MOs:  427
 # electrons:            α            β
         Env:  30.00000000  30.00000000
         Act:  88.00000000  88.00000000
         Vir:   0.00000000   0.00000000
Number of electrons in the active space:  176

 The density matrix is idempotent!

 The density matrix is idempotent!


******** <class 'pyscf.scf.hf.RHF'> ********
method = RHF
initial guess = minao
damping factor = 0
level_shift factor = 0
DIIS = <class 'pyscf.scf.diis.CDIIS'>
diis_start_cycle = 1
diis_space = 8
SCF conv_tol = 1e-09
SCF conv_tol_grad = 1e-06
SCF max_cycles = 200
direct_scf = True
direct_scf_tol = 1e-13
chkfile to save SCF result = subsys_scf.chk
max_memory 900000 MB (current use 89901 MB)
init E= -695.434491079347
  HOMO = -0.197307313017728  LUMO = 0.0475363761928461
cycle= 1 E= -695.741095824853  delta_E= -0.307  |g|= 0.287  |ddm|=  2.6
  HOMO = -0.196998424755371  LUMO = 0.0483407982063495
cycle= 2 E= -695.788092720845  delta_E= -0.047  |g|= 0.134  |ddm|= 0.535
  HOMO = -0.19465765924736  LUMO = 0.0479950817868681
cycle= 3 E= -695.796969806499  delta_E= -0.00888  |g|= 0.0931  |ddm|= 0.294
  HOMO = -0.190705122463238  LUMO = 0.051186317104368
cycle= 4 E= -695.800031557865  delta_E= -0.00306  |g|= 0.0173  |ddm|= 0.142
  HOMO = -0.191176900976317  LUMO = 0.050022359604033
cycle= 5 E= -695.800172913671  delta_E= -0.000141  |g|= 0.00607  |ddm|= 0.0336
  HOMO = -0.190763093430144  LUMO = 0.050092923477036
cycle= 6 E= -695.800187800127  delta_E= -1.49e-05  |g|= 0.00266  |ddm|= 0.0116
  HOMO = -0.190568984415394  LUMO = 0.0501473269339649
cycle= 7 E= -695.800191331084  delta_E= -3.53e-06  |g|= 0.0012  |ddm|= 0.00388
  HOMO = -0.190478623762259  LUMO = 0.0501116945708635
cycle= 8 E= -695.800193221415  delta_E= -1.89e-06  |g|= 0.00067  |ddm|= 0.00383
  HOMO = -0.19043098889157  LUMO = 0.0501099149379071
cycle= 9 E= -695.800193861764  delta_E= -6.4e-07  |g|= 0.000459  |ddm|= 0.00184
  HOMO = -0.190426836437829  LUMO = 0.0501040547516825
cycle= 10 E= -695.80019419759  delta_E= -3.36e-07  |g|= 0.000326  |ddm|= 0.0013
  HOMO = -0.190430986299078  LUMO = 0.0501037424212316
cycle= 11 E= -695.800194478118  delta_E= -2.81e-07  |g|= 0.000152  |ddm|= 0.00186
  HOMO = -0.190433703573451  LUMO = 0.0501077301761679
cycle= 12 E= -695.800194526115  delta_E= -4.8e-08  |g|= 5.32e-05  |ddm|= 0.000859
  HOMO = -0.190437833573976  LUMO = 0.0501077866085567
cycle= 13 E= -695.800194530023  delta_E= -3.91e-09  |g|= 2.3e-05  |ddm|= 0.000245
  HOMO = -0.19043828713744  LUMO = 0.0501083044527329
cycle= 14 E= -695.800194531365  delta_E= -1.34e-09  |g|= 1.28e-05  |ddm|= 6.54e-05
  HOMO = -0.190438794818787  LUMO = 0.0501083786680888
cycle= 15 E= -695.800194530594  delta_E= 7.71e-10  |g|= 7.39e-06  |ddm|= 2.82e-05
  HOMO = -0.190438826534367  LUMO = 0.0501085088919634
cycle= 16 E= -695.800194530741  delta_E= -1.47e-10  |g|= 6.6e-06  |ddm|= 1.44e-05
  HOMO = -0.190438917565568  LUMO = 0.050108468492113
cycle= 17 E= -695.800194530543  delta_E= 1.98e-10  |g|= 5.93e-06  |ddm|= 1.46e-05
  HOMO = -0.190439028086543  LUMO = 0.0501084683534971
cycle= 18 E= -695.800194530902  delta_E= -3.59e-10  |g|= 4.41e-06  |ddm|= 4.02e-05
  HOMO = -0.190438921826544  LUMO = 0.0501085438161703
cycle= 19 E= -695.800194531025  delta_E= -1.23e-10  |g|= 2.63e-06  |ddm|= 4.45e-05
  HOMO = -0.190438929272836  LUMO = 0.0501084811870265
cycle= 20 E= -695.80019453021  delta_E= 8.15e-10  |g|= 1.53e-06  |ddm|= 2.81e-05
  HOMO = -0.19043890367727  LUMO = 0.0501084819520837
cycle= 21 E= -695.800194530805  delta_E= -5.95e-10  |g|= 1.12e-06  |ddm|= 1.02e-05
  HOMO = -0.190438887027532  LUMO = 0.050108480973956
cycle= 22 E= -695.800194530965  delta_E= -1.6e-10  |g|= 8.36e-07  |ddm|= 5.43e-06
  HOMO = -0.190438895010231  LUMO = 0.0501084776236163
Extra cycle  E= -695.800194531028  delta_E= -6.37e-11  |g|= 6.98e-07  |ddm|= 1.7e-06
converged SCF energy = -695.800194531028
Difference in energy:  -3801.864061791826
E(MP2) = -699.063996358678  E_corr = -3.26380182764954
Total energy =  -2586.0363994145528
time elapsed:  370.8324627876282
