

******** <class 'pyscf.dft.rks.RKS'> ********
method = RKS-RHF
initial guess = minao
damping factor = 0
level_shift factor = 0
DIIS = <class 'pyscf.scf.diis.CDIIS'>
diis_start_cycle = 1
diis_space = 8
SCF conv_tol = 1e-09
SCF conv_tol_grad = 1e-06
SCF max_cycles = 1000
direct_scf = True
direct_scf_tol = 1e-13
chkfile to save SCF result = scf.fchk
max_memory 900000 MB (current use 79 MB)
XC library pyscf.dft.libxc version 5.1.7
    S. Lehtola, C. Steigemann, M. J. Oliveira, and M. A. Marques, SoftwareX 7, 1 (2018)
XC functionals = pbe
    J. P. Perdew, K. Burke, and M. Ernzerhof, Phys. Rev. Lett. 77, 3865 (1996)
    J. P. Perdew, K. Burke, and M. Ernzerhof, Phys. Rev. Lett. 78, 1396 (1997)
    J. P. Perdew, K. Burke, and M. Ernzerhof, Phys. Rev. Lett. 77, 3865 (1996)
    J. P. Perdew, K. Burke, and M. Ernzerhof, Phys. Rev. Lett. 78, 1396 (1997)
small_rho_cutoff = 1e-07
init E= -2479.39981693459
  HOMO = -0.134878995983581  LUMO = -0.0691459258567072
cycle= 1 E= -2460.75331207072  delta_E= 18.6  |g|= 5.48  |ddm|= 10.3
  HOMO = -0.231775807630248  LUMO = -0.205622127636749
cycle= 2 E= -2322.76815184105  delta_E=  138  |g|= 18.9  |ddm|= 95.4
  HOMO = -0.164302643785793  LUMO = -0.160803233764488
cycle= 3 E= -2447.05311353122  delta_E= -124  |g|= 9.43  |ddm|= 71.8
  HOMO = -0.179545259260237  LUMO = -0.162341576348365
cycle= 4 E= -2465.18138164001  delta_E= -18.1  |g|=  6.2  |ddm|=   28
  HOMO = -0.153349547044166  LUMO = -0.152030215378808
cycle= 5 E= -2470.89975287947  delta_E= -5.72  |g|= 4.83  |ddm|= 3.77
  HOMO = -0.193731586590427  LUMO = -0.161792445859002
cycle= 6 E= -2468.2322192224  delta_E= 2.67  |g|= 5.42  |ddm|= 2.62
  HOMO = -0.190298991525064  LUMO = -0.163346481516361
cycle= 7 E= -2467.96738787893  delta_E= 0.265  |g|= 5.51  |ddm|= 0.278
  HOMO = -0.180561029135122  LUMO = -0.162247833293998
cycle= 8 E= -2467.97259778861  delta_E= -0.00521  |g|= 5.52  |ddm|= 0.67
  HOMO = -0.172477256813254  LUMO = -0.163127158598666
cycle= 9 E= -2467.58248322208  delta_E= 0.39  |g|= 5.64  |ddm|= 0.967
  HOMO = 0.0238375097061903  LUMO = 0.0259747927449759
cycle= 10 E= -2386.22387332854  delta_E= 81.4  |g|=   15  |ddm|= 21.1
  HOMO = -0.0833313472410873  LUMO = -0.0369288582925323
cycle= 11 E= -2458.86424610758  delta_E= -72.6  |g|=  5.9  |ddm|= 18.1
  HOMO = -0.209847563881809  LUMO = -0.171330174397983
cycle= 12 E= -2467.57772237127  delta_E= -8.71  |g|= 5.64  |ddm|= 9.24
  HOMO = -0.202937328933452  LUMO = -0.165662673916372
cycle= 13 E= -2466.33447704737  delta_E= 1.24  |g|= 5.99  |ddm|= 0.872
  HOMO = -0.193392700848258  LUMO = -0.156524516464584
cycle= 14 E= -2466.36081496387  delta_E= -0.0263  |g|= 5.98  |ddm|= 1.26
  HOMO = -0.181130008511204  LUMO = -0.138961096481368
cycle= 15 E= -2468.37626550619  delta_E= -2.02  |g|= 5.36  |ddm|=  1.9
  HOMO = -0.185647715831901  LUMO = -0.156598196550817
cycle= 16 E= -2467.26154045859  delta_E= 1.11  |g|= 5.74  |ddm|= 1.76
  HOMO = -0.210495142317144  LUMO = -0.171030231320719
cycle= 17 E= -2467.03293594739  delta_E= 0.229  |g|=  5.8  |ddm|= 0.858
  HOMO = -0.206188121629205  LUMO = -0.172510530263937
cycle= 18 E= -2466.97738569349  delta_E= 0.0556  |g|= 5.81  |ddm|= 0.492
  HOMO = -0.210010093000557  LUMO = -0.172364259177553
cycle= 19 E= -2466.44033284953  delta_E= 0.537  |g|= 5.96  |ddm|= 0.559
  HOMO = 0.0254894005134239  LUMO = 0.0331899899075403
cycle= 20 E= -2383.33628188144  delta_E= 83.1  |g|= 13.4  |ddm|= 25.4
  HOMO = -0.0655843950499321  LUMO = -0.0487936709895718
cycle= 21 E= -2459.77537833855  delta_E= -76.4  |g|=  5.4  |ddm|= 23.2
  HOMO = -0.158539279760018  LUMO = -0.151009788359777
cycle= 22 E= -2465.46464140458  delta_E= -5.69  |g|= 6.05  |ddm|= 8.22
  HOMO = -0.181749495011016  LUMO = -0.177610973171964
cycle= 23 E= -2468.99514902756  delta_E= -3.53  |g|= 5.12  |ddm|= 3.11
  HOMO = -0.160359245594353  LUMO = -0.138738827699894
cycle= 24 E= -2468.62700142532  delta_E= 0.368  |g|= 5.29  |ddm|= 2.13
  HOMO = -0.174078569589429  LUMO = -0.149768891224609
cycle= 25 E= -2468.66282705714  delta_E= -0.0358  |g|= 5.29  |ddm|= 1.47
  HOMO = -0.180001761101096  LUMO = -0.156085466463779
cycle= 26 E= -2468.56568612854  delta_E= 0.0971  |g|= 5.31  |ddm|= 0.788
  HOMO = -0.175249244038272  LUMO = -0.154381522671395
cycle= 27 E= -2468.74499439694  delta_E= -0.179  |g|= 5.25  |ddm|= 0.621
  HOMO = -0.150251511365728  LUMO = -0.148506839607838
cycle= 28 E= -2470.08844388238  delta_E= -1.34  |g|= 4.99  |ddm|= 1.47
  HOMO = -0.191520828036595  LUMO = -0.156161237528127
cycle= 29 E= -2468.48940353738  delta_E=  1.6  |g|= 5.33  |ddm|= 1.55
  HOMO = 0.0311862179573907  LUMO = 0.0437809219229882
cycle= 30 E= -2357.40889984296  delta_E=  111  |g|= 14.1  |ddm|= 30.5
  HOMO = -0.0860124348078275  LUMO = -0.0433541463382356
cycle= 31 E= -2459.58059428326  delta_E= -102  |g|= 5.81  |ddm|= 29.2
  HOMO = -0.164852780963959  LUMO = -0.152583870200806
cycle= 32 E= -2466.28242558164  delta_E= -6.7  |g|=    6  |ddm|= 9.09
  HOMO = -0.199646615318574  LUMO = -0.153811734855677
cycle= 33 E= -2466.9150966159  delta_E= -0.633  |g|= 5.84  |ddm|= 1.83
  HOMO = -0.199719822568222  LUMO = -0.155568686812647
cycle= 34 E= -2467.11122032604  delta_E= -0.196  |g|= 5.78  |ddm|= 0.53
  HOMO = -0.18454914463891  LUMO = -0.152387453292036
cycle= 35 E= -2467.01854822688  delta_E= 0.0927  |g|= 5.79  |ddm|= 0.972
  HOMO = -0.192747322278404  LUMO = -0.157596433318892
cycle= 36 E= -2467.38376073801  delta_E= -0.365  |g|= 5.69  |ddm|= 1.29
  HOMO = -0.196619009928828  LUMO = -0.152083606989532
cycle= 37 E= -2467.32760160759  delta_E= 0.0562  |g|= 5.72  |ddm|= 0.679
  HOMO = -0.202687267475761  LUMO = -0.152958358433187
cycle= 38 E= -2467.07417539663  delta_E= 0.253  |g|=  5.8  |ddm|= 0.619
  HOMO = -0.203449935496508  LUMO = -0.153686120412702
cycle= 39 E= -2467.03032556903  delta_E= 0.0438  |g|= 5.81  |ddm|= 0.0779
  HOMO = 0.00529000296968782  LUMO = 0.00691881113773492
cycle= 40 E= -2371.61759271754  delta_E= 95.4  |g|= 13.3  |ddm|= 26.7
  HOMO = -0.0850082202713917  LUMO = -0.0729844379768027
cycle= 41 E= -2460.79589059619  delta_E= -89.2  |g|= 5.28  |ddm|= 24.9
  HOMO = -0.184080122496249  LUMO = -0.140434730079394
cycle= 42 E= -2463.96473791563  delta_E= -3.17  |g|= 6.25  |ddm|= 8.14
  HOMO = -0.182197517443491  LUMO = -0.160756626723038
cycle= 43 E= -2466.98941434201  delta_E= -3.02  |g|= 5.79  |ddm|= 3.24
  HOMO = -0.17184584750315  LUMO = -0.162572118751738
cycle= 44 E= -2466.79575067322  delta_E= 0.194  |g|= 5.88  |ddm|= 1.54
  HOMO = -0.171035754650657  LUMO = -0.168214818763969
cycle= 45 E= -2467.09019179229  delta_E= -0.294  |g|=  5.8  |ddm|= 1.02
  HOMO = -0.173628536863076  LUMO = -0.157876726355449
cycle= 46 E= -2466.94727878708  delta_E= 0.143  |g|= 5.86  |ddm|= 1.24
  HOMO = -0.167222622919103  LUMO = -0.16522787763081
cycle= 47 E= -2466.9605955029  delta_E= -0.0133  |g|= 5.83  |ddm|= 1.25
  HOMO = -0.16706663425433  LUMO = -0.165071316023368
cycle= 48 E= -2467.16589608744  delta_E= -0.205  |g|= 5.77  |ddm|= 0.677
  HOMO = -0.176726048930514  LUMO = -0.165435514265571
cycle= 49 E= -2466.87132631227  delta_E= 0.295  |g|= 5.86  |ddm|= 0.712
  HOMO = 0.0374636089015779  LUMO = 0.0417611639201548
cycle= 50 E= -2322.45710074623  delta_E=  144  |g|= 13.8  |ddm|= 33.2
  HOMO = -0.114310762282438  LUMO = -0.0844675667501042
cycle= 51 E= -2458.37892910144  delta_E= -136  |g|= 6.89  |ddm|= 32.6
  HOMO = -0.180260311274518  LUMO = -0.140906849254727
cycle= 52 E= -2466.62633719137  delta_E= -8.25  |g|= 5.93  |ddm|= 10.6
  HOMO = -0.198371040854375  LUMO = -0.150910755522944
cycle= 53 E= -2467.05728664488  delta_E= -0.431  |g|=  5.8  |ddm|=  1.2
  HOMO = -0.183357394642266  LUMO = -0.154573149589426
cycle= 54 E= -2466.80544729191  delta_E= 0.252  |g|= 5.86  |ddm|= 0.947
  HOMO = -0.191837373148398  LUMO = -0.151996785279208
cycle= 55 E= -2466.68582800105  delta_E= 0.12  |g|= 5.92  |ddm|= 0.709
  HOMO = -0.19269302410924  LUMO = -0.152081050109512
cycle= 56 E= -2466.73266963777  delta_E= -0.0468  |g|=  5.9  |ddm|= 0.383
  HOMO = -0.190782802408911  LUMO = -0.151861900167365
cycle= 57 E= -2466.84386985781  delta_E= -0.111  |g|= 5.87  |ddm|= 0.637
  HOMO = -0.197496908601198  LUMO = -0.158824052369273
cycle= 58 E= -2466.70268797886  delta_E= 0.141  |g|= 5.91  |ddm|= 0.834
  HOMO = -0.157766076433774  LUMO = -0.136446122985544
cycle= 59 E= -2468.07507562671  delta_E= -1.37  |g|= 5.52  |ddm|= 1.76
  HOMO = -0.0111753082220527  LUMO = 0.000806854656216593
cycle= 60 E= -2385.57298059997  delta_E= 82.5  |g|= 11.9  |ddm|= 20.1
  HOMO = -0.0755620290284386  LUMO = -0.0570722212343811
cycle= 61 E= -2461.61416018338  delta_E=  -76  |g|= 4.99  |ddm|= 18.3
  HOMO = -0.146835597656683  LUMO = -0.137263727723628
cycle= 62 E= -2461.44387608852  delta_E= 0.17  |g|=  6.9  |ddm|= 8.75
  HOMO = -0.184743301135384  LUMO = -0.177654944686516
cycle= 63 E= -2466.55411168527  delta_E= -5.11  |g|= 5.95  |ddm|= 3.86
  HOMO = -0.180835988968455  LUMO = -0.172252189429095
cycle= 64 E= -2466.35775032222  delta_E= 0.196  |g|= 5.95  |ddm|= 2.04
  HOMO = -0.174649004754793  LUMO = -0.169248564818968
cycle= 65 E= -2466.54466314092  delta_E= -0.187  |g|= 5.95  |ddm|= 2.03
  HOMO = -0.173698399184771  LUMO = -0.17078694244518
cycle= 66 E= -2466.67362388906  delta_E= -0.129  |g|= 5.92  |ddm|= 0.481
  HOMO = -0.16997737795498  LUMO = -0.165868150079447
cycle= 67 E= -2466.3947467443  delta_E= 0.279  |g|= 5.95  |ddm|= 1.83
  HOMO = -0.180351786647262  LUMO = -0.160274892486306
cycle= 68 E= -2466.39910759207  delta_E= -0.00436  |g|= 6.01  |ddm|= 1.96
  HOMO = -0.178028229387365  LUMO = -0.161860742656229
cycle= 69 E= -2466.60586586385  delta_E= -0.207  |g|= 5.95  |ddm|= 0.301
  HOMO = 0.0118904167496121  LUMO = 0.0229691663441644
cycle= 70 E= -2336.32629288361  delta_E=  130  |g|= 14.1  |ddm|= 27.8
  HOMO = -0.124501748552489  LUMO = -0.0776402704121431
cycle= 71 E= -2457.9439989494  delta_E= -122  |g|= 7.14  |ddm|= 26.4
  HOMO = -0.161786930497824  LUMO = -0.160536211387779
cycle= 72 E= -2467.01010891197  delta_E= -9.07  |g|= 5.69  |ddm|= 10.5
  HOMO = -0.173670265144314  LUMO = -0.167363868551065
cycle= 73 E= -2468.63721564694  delta_E= -1.63  |g|= 5.32  |ddm|= 2.43
  HOMO = -0.176286929303603  LUMO = -0.168574220061528
cycle= 74 E= -2468.28722123364  delta_E= 0.35  |g|= 5.44  |ddm|= 1.34
  HOMO = -0.17776724843051  LUMO = -0.169939292039959
cycle= 75 E= -2468.35682920048  delta_E= -0.0696  |g|= 5.42  |ddm|= 0.423
  HOMO = -0.17262491115949  LUMO = -0.144454161112601
cycle= 76 E= -2466.0782098181  delta_E= 2.28  |g|= 5.72  |ddm|= 2.78
  HOMO = -0.166659921542097  LUMO = -0.157563032290447
cycle= 77 E= -2468.35903876531  delta_E= -2.28  |g|= 5.39  |ddm|=  2.9
  HOMO = -0.185618616380295  LUMO = -0.163777598877438
cycle= 78 E= -2468.63331412102  delta_E= -0.274  |g|= 5.31  |ddm|= 1.01
  HOMO = -0.154607543912316  LUMO = -0.135417827349588
cycle= 79 E= -2471.46876906851  delta_E= -2.84  |g|= 4.66  |ddm|= 2.77
  HOMO = 0.0169503211032764  LUMO = 0.0291454722227823
cycle= 80 E= -2376.48140607757  delta_E=   95  |g|=   14  |ddm|= 26.3
  HOMO = -0.0941337230861368  LUMO = -0.0762994776351798
cycle= 81 E= -2460.04107325619  delta_E= -83.6  |g|= 5.66  |ddm|= 24.7
  HOMO = -0.159918172498824  LUMO = -0.14448469388801
cycle= 82 E= -2464.97267926921  delta_E= -4.93  |g|= 6.13  |ddm|= 8.85
  HOMO = -0.173062736648392  LUMO = -0.160995979096404
cycle= 83 E= -2467.36424572982  delta_E= -2.39  |g|= 5.72  |ddm|= 2.53
  HOMO = -0.169687246615291  LUMO = -0.168373981663723
cycle= 84 E= -2467.3148445333  delta_E= 0.0494  |g|= 5.72  |ddm|=  1.3
  HOMO = -0.173917971801327  LUMO = -0.17152388840855
cycle= 85 E= -2466.81391598109  delta_E= 0.501  |g|= 5.82  |ddm|= 1.86
  HOMO = -0.176762451819048  LUMO = -0.165307495137982
cycle= 86 E= -2467.10297519861  delta_E= -0.289  |g|=  5.8  |ddm|= 1.89
  HOMO = -0.16740585547127  LUMO = -0.164014475711313
cycle= 87 E= -2467.08572898405  delta_E= 0.0172  |g|= 5.73  |ddm|= 1.88
  HOMO = -0.166974426609593  LUMO = -0.160823601731964
cycle= 88 E= -2466.85221223782  delta_E= 0.234  |g|= 5.89  |ddm|= 2.42
  HOMO = -0.16752164652498  LUMO = -0.165617876843135
cycle= 89 E= -2467.19761240685  delta_E= -0.345  |g|= 5.79  |ddm|= 1.24
  HOMO = 0.0406538718473218  LUMO = 0.0438964612443582
cycle= 90 E= -2326.88735697885  delta_E=  140  |g|= 14.8  |ddm|= 35.2
  HOMO = -0.100531883005309  LUMO = -0.0966000852098
cycle= 91 E= -2457.04620465827  delta_E= -130  |g|= 7.49  |ddm|= 34.4
  HOMO = -0.157860434042656  LUMO = -0.14901214490397
cycle= 92 E= -2468.1863289665  delta_E= -11.1  |g|= 5.37  |ddm|= 11.2
  HOMO = -0.157728692168993  LUMO = -0.155813403702859
cycle= 93 E= -2469.07006699296  delta_E= -0.884  |g|= 5.17  |ddm|= 1.94
  HOMO = -0.160679213191937  LUMO = -0.155327914676444
cycle= 94 E= -2469.05750560844  delta_E= 0.0126  |g|= 5.17  |ddm|= 0.933
  HOMO = -0.152127185380753  LUMO = -0.149384812208409
cycle= 95 E= -2469.24564505734  delta_E= -0.188  |g|=  5.1  |ddm|= 0.543
  HOMO = -0.163223047122996  LUMO = -0.161072621519537
cycle= 96 E= -2469.30942941254  delta_E= -0.0638  |g|= 5.11  |ddm|= 0.801
  HOMO = -0.165868299512897  LUMO = -0.156706029807504
cycle= 97 E= -2472.17551478551  delta_E= -2.87  |g|= 4.23  |ddm|= 2.75
  HOMO = -0.182087726169709  LUMO = -0.160306968327622
cycle= 98 E= -2468.76805820943  delta_E= 3.41  |g|= 5.25  |ddm|= 2.95
  HOMO = -0.15419096729705  LUMO = -0.150240633909046
cycle= 99 E= -2471.97292720378  delta_E= -3.2  |g|= 4.38  |ddm|= 2.66
  HOMO = 0.0363374135576145  LUMO = 0.0390041849790487
cycle= 100 E= -2365.30429198154  delta_E=  107  |g|= 13.8  |ddm|= 28.4
  HOMO = -0.0917259455517128  LUMO = -0.0652124971209034
cycle= 101 E= -2460.56014816824  delta_E= -95.3  |g|=  5.4  |ddm|= 27.3
  HOMO = -0.165014499222068  LUMO = -0.145607770532275
cycle= 102 E= -2465.73916077618  delta_E= -5.18  |g|= 6.16  |ddm|= 8.66
  HOMO = -0.168620219978546  LUMO = -0.145740505408269
cycle= 103 E= -2466.38963898515  delta_E= -0.65  |g|= 5.98  |ddm|= 1.15
  HOMO = -0.168682602686166  LUMO = -0.147988357418427
cycle= 104 E= -2466.28617384966  delta_E= 0.103  |g|= 6.01  |ddm|= 0.757
  HOMO = -0.166838961002218  LUMO = -0.1482188397438
cycle= 105 E= -2466.21087209585  delta_E= 0.0753  |g|= 6.03  |ddm|= 0.269
  HOMO = -0.198724193421822  LUMO = -0.150411356904033
cycle= 106 E= -2466.46481833997  delta_E= -0.254  |g|= 5.97  |ddm|= 1.13
  HOMO = -0.180181860625895  LUMO = -0.149267629611247
cycle= 107 E= -2466.62164004538  delta_E= -0.157  |g|= 5.91  |ddm|= 0.734
  HOMO = -0.174866644695038  LUMO = -0.144168580054417
cycle= 108 E= -2466.17562218816  delta_E= 0.446  |g|= 6.07  |ddm|= 1.21
  HOMO = -0.168453169764057  LUMO = -0.141057453770698
cycle= 109 E= -2466.46440617118  delta_E= -0.289  |g|= 5.98  |ddm|= 0.317
  HOMO = 0.0101918752544649  LUMO = 0.0268084492123179
cycle= 110 E= -2378.60905476991  delta_E= 87.9  |g|= 13.3  |ddm|= 26.6
  HOMO = -0.0967533121406556  LUMO = -0.0482423545334705
cycle= 111 E= -2460.05725206928  delta_E= -81.4  |g|= 5.63  |ddm|= 24.1
  HOMO = -0.17593935797322  LUMO = -0.154296766136265
cycle= 112 E= -2466.3981072396  delta_E= -6.34  |g|= 5.97  |ddm|= 8.63
  HOMO = -0.185102171365059  LUMO = -0.148192448671968
cycle= 113 E= -2467.32369052452  delta_E= -0.926  |g|= 5.72  |ddm|=  1.5
  HOMO = -0.175515470009409  LUMO = -0.145625566698068
cycle= 114 E= -2467.41959206102  delta_E= -0.0959  |g|= 5.69  |ddm|= 0.811
  HOMO = -0.178065565349329  LUMO = -0.14723484603083
cycle= 115 E= -2467.36969318625  delta_E= 0.0499  |g|=  5.7  |ddm|= 0.857
  HOMO = -0.190986009655484  LUMO = -0.161685349437424
cycle= 116 E= -2468.02668847612  delta_E= -0.657  |g|= 5.43  |ddm|= 1.58
  HOMO = -0.175192446258405  LUMO = -0.133268932442213
cycle= 117 E= -2467.38165768919  delta_E= 0.645  |g|= 5.73  |ddm|= 2.08
  HOMO = -0.160312337954643  LUMO = -0.141269315236668
cycle= 118 E= -2467.25288648575  delta_E= 0.129  |g|= 5.72  |ddm|= 1.65
  HOMO = -0.192968065886879  LUMO = -0.152250800480336
cycle= 119 E= -2467.09903881727  delta_E= 0.154  |g|= 5.79  |ddm|= 1.45
  HOMO = 0.0323628020185106  LUMO = 0.0427974537872878
cycle= 120 E= -2339.97504530276  delta_E=  127  |g|= 15.8  |ddm|= 32.6
  HOMO = -0.0957976365163505  LUMO = -0.0592511266782225
cycle= 121 E= -2455.39868039234  delta_E= -115  |g|=  7.7  |ddm|= 32.3
  HOMO = -0.15763699862258  LUMO = -0.132535577509435
cycle= 122 E= -2474.2361178679  delta_E= -18.8  |g|= 2.82  |ddm|= 11.9
  HOMO = -0.160843707189527  LUMO = -0.154225299507041
cycle= 123 E= -2473.07711685212  delta_E= 1.16  |g|= 3.79  |ddm|= 1.93
  HOMO = -0.15750258798093  LUMO = -0.150898519702292
cycle= 124 E= -2472.12649248722  delta_E= 0.951  |g|= 4.22  |ddm|= 1.47
  HOMO = -0.0605232509073165  LUMO = -0.0404194141084056
cycle= 125 E= -2464.45547802953  delta_E= 7.67  |g|= 5.13  |ddm|= 5.56
  HOMO = -0.204660991439086  LUMO = -0.196759367767361
cycle= 126 E= -2466.22682376368  delta_E= -1.77  |g|= 5.95  |ddm|= 6.38
  HOMO = -0.190025256886876  LUMO = -0.174240632100273
cycle= 127 E= -2467.02188351776  delta_E= -0.795  |g|= 5.79  |ddm|= 2.06
  HOMO = -0.186737729374401  LUMO = -0.183592292239498
cycle= 128 E= -2467.13596283979  delta_E= -0.114  |g|= 5.75  |ddm|= 0.67
  HOMO = -0.196896247375703  LUMO = -0.183362415255279
cycle= 129 E= -2467.15828428809  delta_E= -0.0223  |g|= 5.75  |ddm|= 0.679
  HOMO = -0.193342502082297  LUMO = -0.184595960987262
cycle= 130 E= -2467.59490408434  delta_E= -0.437  |g|= 5.62  |ddm|= 0.74
  HOMO = -0.164080929363652  LUMO = -0.159803925067667
cycle= 131 E= -2467.10637817884  delta_E= 0.489  |g|=  5.9  |ddm|= 3.75
  HOMO = -0.156042742951146  LUMO = -0.149817005496097
cycle= 132 E= -2468.52453193129  delta_E= -1.42  |g|= 5.37  |ddm|= 3.67
  HOMO = -0.165334572380107  LUMO = -0.140520168332075
cycle= 133 E= -2472.05192316952  delta_E= -3.53  |g|= 4.11  |ddm|= 4.38
  HOMO = 0.0198377286345803  LUMO = 0.0383216626388514
cycle= 134 E= -2384.63138783859  delta_E= 87.4  |g|= 15.2  |ddm|= 24.7
  HOMO = -0.0919609733021656  LUMO = -0.0558426164960256
cycle= 135 E= -2458.77926953731  delta_E= -74.1  |g|= 6.32  |ddm|= 23.7
  HOMO = -0.183800691567403  LUMO = -0.16902216784995
cycle= 136 E= -2465.95879804754  delta_E= -7.18  |g|= 5.74  |ddm|= 9.19
  HOMO = -0.170393483019234  LUMO = -0.167454074868214
cycle= 137 E= -2467.9576875673  delta_E=   -2  |g|= 5.48  |ddm|= 2.81
  HOMO = -0.20181028268374  LUMO = -0.175074802627484
cycle= 138 E= -2467.74877843468  delta_E= 0.209  |g|= 5.57  |ddm|= 1.27
  HOMO = -0.193738028304551  LUMO = -0.174168984130502
cycle= 139 E= -2468.22712382442  delta_E= -0.478  |g|=  5.4  |ddm|= 0.771
  HOMO = -0.1874939841808  LUMO = -0.172862214462873
cycle= 140 E= -2468.08574512061  delta_E= 0.141  |g|= 5.46  |ddm|= 0.656
  HOMO = -0.180384939140191  LUMO = -0.176055444638711
cycle= 141 E= -2467.95188508755  delta_E= 0.134  |g|= 5.52  |ddm|= 0.69
  HOMO = -0.162971023296496  LUMO = -0.137684172744872
cycle= 142 E= -2466.47917669232  delta_E= 1.47  |g|= 5.92  |ddm|= 3.57
  HOMO = -0.183464474989869  LUMO = -0.178081534206788
cycle= 143 E= -2468.18544414622  delta_E= -1.71  |g|= 5.45  |ddm|= 3.29
  HOMO = 0.0469546892424403  LUMO = 0.0521721809143601
cycle= 144 E= -2348.983035821  delta_E=  119  |g|= 15.1  |ddm|= 33.1
  HOMO = -0.108853026212298  LUMO = -0.0634725925198929
cycle= 145 E= -2457.62405552463  delta_E= -109  |g|= 7.04  |ddm|= 32.5
  HOMO = -0.173175048188301  LUMO = -0.148138761184191
cycle= 146 E= -2468.60380623043  delta_E=  -11  |g|=  5.3  |ddm|= 10.4
  HOMO = -0.165094376043675  LUMO = -0.158695000503706
cycle= 147 E= -2468.9361037117  delta_E= -0.332  |g|= 5.18  |ddm|= 0.931
  HOMO = -0.164658462310742  LUMO = -0.162990303338957
cycle= 148 E= -2471.43009112581  delta_E= -2.49  |g|= 4.53  |ddm|= 2.52
  HOMO = -0.179007175961631  LUMO = -0.162367700148308
cycle= 149 E= -2468.79373378784  delta_E= 2.64  |g|= 5.23  |ddm|= 2.65
  HOMO = -0.173741883631218  LUMO = -0.154302346448728
cycle= 150 E= -2468.85706349556  delta_E= -0.0633  |g|= 5.21  |ddm|= 1.39
  HOMO = -0.171806520075105  LUMO = -0.158856541274914
cycle= 151 E= -2468.51953373325  delta_E= 0.338  |g|= 5.35  |ddm|= 1.04
  HOMO = -0.174263044314489  LUMO = -0.154295279422758
cycle= 152 E= -2468.72452694473  delta_E= -0.205  |g|= 5.28  |ddm|= 0.596
  HOMO = -0.159096122129721  LUMO = -0.150823366446872
cycle= 153 E= -2469.08690069916  delta_E= -0.362  |g|= 5.16  |ddm|= 0.337
  HOMO = 0.021465074014578  LUMO = 0.0300844901020672
cycle= 154 E= -2369.90000021015  delta_E= 99.2  |g|= 13.9  |ddm|= 26.7
  HOMO = -0.0798271469185951  LUMO = -0.0732125061056434
cycle= 155 E= -2460.06828426856  delta_E= -90.2  |g|= 5.62  |ddm|= 24.9
  HOMO = -0.170524586167451  LUMO = -0.150011347533873
cycle= 156 E= -2466.56586235827  delta_E= -6.5  |g|= 5.93  |ddm|= 8.76
  HOMO = -0.185951762375861  LUMO = -0.154240069738091
cycle= 157 E= -2466.93457374649  delta_E= -0.369  |g|= 5.84  |ddm|=  1.4
  HOMO = -0.201417040376094  LUMO = -0.16183301448499
cycle= 158 E= -2467.28734553501  delta_E= -0.353  |g|= 5.72  |ddm|= 1.13
  HOMO = -0.18636799184755  LUMO = -0.154784184057421
cycle= 159 E= -2466.98978311083  delta_E= 0.298  |g|=  5.8  |ddm|= 1.14
  HOMO = -0.199312763408725  LUMO = -0.153163521032659
cycle= 160 E= -2467.09364002801  delta_E= -0.104  |g|= 5.79  |ddm|= 0.722
  HOMO = -0.199425213691123  LUMO = -0.152115141842785
cycle= 161 E= -2467.10453816694  delta_E= -0.0109  |g|= 5.78  |ddm|= 0.447
  HOMO = -0.193607708524128  LUMO = -0.147914387364067
cycle= 162 E= -2466.98329404696  delta_E= 0.121  |g|= 5.83  |ddm|= 0.61
  HOMO = -0.19971196433494  LUMO = -0.150359257008197
cycle= 163 E= -2466.74304083219  delta_E= 0.24  |g|=  5.9  |ddm|= 0.279
  HOMO = 0.010262203160285  LUMO = 0.028081955051409
cycle= 164 E= -2377.65455340572  delta_E= 89.1  |g|= 12.4  |ddm|= 22.4
  HOMO = -0.0702058700273783  LUMO = -0.0548660834413685
cycle= 165 E= -2460.95789484944  delta_E= -83.3  |g|= 5.22  |ddm|= 20.7
  HOMO = -0.158450082384216  LUMO = -0.143135006878656
cycle= 166 E= -2463.79880590895  delta_E= -2.84  |g|= 6.42  |ddm|= 8.55
  HOMO = -0.170084770670705  LUMO = -0.15417684291033
cycle= 167 E= -2466.15328004624  delta_E= -2.35  |g|= 6.04  |ddm|= 2.36
  HOMO = -0.168287389112289  LUMO = -0.154039203655568
cycle= 168 E= -2466.26450861033  delta_E= -0.111  |g|= 6.02  |ddm|= 0.91
  HOMO = -0.171742000603016  LUMO = -0.154467391762715
cycle= 169 E= -2466.30286552153  delta_E= -0.0384  |g|= 6.01  |ddm|= 0.659
  HOMO = -0.174678475288199  LUMO = -0.152327376907794
cycle= 170 E= -2466.15723781509  delta_E= 0.146  |g|= 6.04  |ddm|= 0.728
  HOMO = -0.170428527216981  LUMO = -0.152470726630847
cycle= 171 E= -2466.15649852007  delta_E= 0.000739  |g|= 6.05  |ddm|= 0.428
  HOMO = -0.17777895531825  LUMO = -0.149371019579895
cycle= 172 E= -2466.10861029248  delta_E= 0.0479  |g|= 6.07  |ddm|= 0.585
  HOMO = -0.169626317350543  LUMO = -0.151405748039433
cycle= 173 E= -2466.09960652538  delta_E= 0.009  |g|= 6.06  |ddm|= 0.456
  HOMO = 0.0498142264382851  LUMO = 0.0547794603632143
cycle= 174 E= -2327.11953906157  delta_E=  139  |g|= 15.9  |ddm|= 43.1
  HOMO = -0.100405581426897  LUMO = -0.0406912922459688
cycle= 175 E= -2457.2759349917  delta_E= -130  |g|= 6.99  |ddm|= 42.8
  HOMO = -0.156446654650707  LUMO = -0.146661738047956
cycle= 176 E= -2471.92010165303  delta_E= -14.6  |g|= 4.15  |ddm|= 10.2
  HOMO = -0.170523010961063  LUMO = -0.148984474178448
cycle= 177 E= -2467.65412217503  delta_E= 4.27  |g|= 5.42  |ddm|= 4.06
  HOMO = -0.182952763933032  LUMO = -0.158502741759707
cycle= 178 E= -2468.79230520032  delta_E= -1.14  |g|= 5.23  |ddm|= 2.27
  HOMO = -0.186556404182458  LUMO = -0.159611576788331
cycle= 179 E= -2468.62338646833  delta_E= 0.169  |g|=  5.3  |ddm|= 0.639
  HOMO = -0.183106966473167  LUMO = -0.159451461127066
cycle= 180 E= -2468.6229269681  delta_E= 0.00046  |g|=  5.3  |ddm|= 0.266
  HOMO = -0.171631693758033  LUMO = -0.161532303320883
cycle= 181 E= -2469.10027810673  delta_E= -0.477  |g|= 5.14  |ddm|= 0.745
  HOMO = -0.179967750198028  LUMO = -0.161350822589841
cycle= 182 E= -2468.2941624193  delta_E= 0.806  |g|= 5.41  |ddm|= 0.721
  HOMO = -0.17991638727147  LUMO = -0.157179876205842
cycle= 183 E= -2468.64272438169  delta_E= -0.349  |g|= 5.31  |ddm|= 0.438
  HOMO = 0.0270173751932194  LUMO = 0.0323829427770154
cycle= 184 E= -2383.25734923752  delta_E= 85.4  |g|= 15.9  |ddm|= 20.1
  HOMO = -0.068672035086897  LUMO = -0.0483476272628897
cycle= 185 E= -2447.24938025891  delta_E=  -64  |g|= 8.65  |ddm|= 21.3
  HOMO = -0.0798179620756093  LUMO = -0.0593117108193821
cycle= 186 E= -2460.73489734505  delta_E= -13.5  |g|= 5.64  |ddm|= 14.5
  HOMO = -0.193191081802104  LUMO = -0.178499617241014
cycle= 187 E= -2466.54657028376  delta_E= -5.81  |g|= 5.68  |ddm|= 7.42
  HOMO = -0.190346616796336  LUMO = -0.17160554820386
cycle= 188 E= -2468.41763507213  delta_E= -1.87  |g|= 5.33  |ddm|= 2.48
  HOMO = -0.195653360785651  LUMO = -0.170552363449895
cycle= 189 E= -2468.60777075007  delta_E= -0.19  |g|= 5.28  |ddm|= 1.24
  HOMO = -0.180006978673268  LUMO = -0.172433833517382
cycle= 190 E= -2468.93752120339  delta_E= -0.33  |g|= 5.14  |ddm|=  1.2
  HOMO = -0.181144109652866  LUMO = -0.168285746476406
cycle= 191 E= -2468.97035090794  delta_E= -0.0328  |g|= 5.16  |ddm|= 1.07
  HOMO = -0.182792109853237  LUMO = -0.170303622486251
cycle= 192 E= -2469.07467386442  delta_E= -0.104  |g|= 5.12  |ddm|= 0.512
  HOMO = -0.188663001307296  LUMO = -0.170348429746184
cycle= 193 E= -2468.86061082345  delta_E= 0.214  |g|=  5.2  |ddm|= 0.304
  HOMO = -0.0911180471126602  LUMO = -0.0670391550439608
cycle= 194 E= -2472.00505708986  delta_E= -3.14  |g|= 3.22  |ddm|= 5.37
  HOMO = -0.0567765473057678  LUMO = -0.0524676908519624
cycle= 195 E= -2414.80918092455  delta_E= 57.2  |g|= 11.5  |ddm|=   42
  HOMO = -0.0543802218496874  LUMO = -0.0459333386775824
cycle= 196 E= -2462.58888140451  delta_E= -47.8  |g|= 4.72  |ddm|= 41.3
  HOMO = -0.17298386817562  LUMO = -0.16189140471933
cycle= 197 E= -2463.98432473261  delta_E= -1.4  |g|= 6.38  |ddm|= 6.82
  HOMO = -0.183222251597656  LUMO = -0.164196186660898
cycle= 198 E= -2466.35463986876  delta_E= -2.37  |g|= 5.97  |ddm|= 2.71
  HOMO = -0.175341763825947  LUMO = -0.166013374379769
cycle= 199 E= -2466.30333141646  delta_E= 0.0513  |g|= 5.95  |ddm|= 1.43
  HOMO = -0.185247173901193  LUMO = -0.164677249153799
cycle= 200 E= -2466.87758771646  delta_E= -0.574  |g|= 5.84  |ddm|= 1.48
  HOMO = -0.175531731510287  LUMO = -0.164949049709202
cycle= 201 E= -2466.84376018361  delta_E= 0.0338  |g|= 5.81  |ddm|= 1.03
  HOMO = -0.182791561791711  LUMO = -0.164938638707808
cycle= 202 E= -2466.84571008437  delta_E= -0.00195  |g|= 5.82  |ddm|= 0.718
  HOMO = -0.128950859038656  LUMO = -0.096613820491123
cycle= 203 E= -2461.89657914455  delta_E= 4.95  |g|= 6.84  |ddm|= 5.07
  HOMO = -0.18036401439209  LUMO = -0.157144398886758
cycle= 204 E= -2466.34953760926  delta_E= -4.45  |g|=    6  |ddm|= 4.13
  HOMO = 0.0389189248666471  LUMO = 0.0400618454504147
cycle= 205 E= -2349.2904500294  delta_E=  117  |g|= 14.8  |ddm|= 35.2
  HOMO = -0.0948710480274582  LUMO = -0.0778559234186656
cycle= 206 E= -2458.0582160194  delta_E= -109  |g|= 6.65  |ddm|= 34.4
  HOMO = -0.152305204878615  LUMO = -0.142179533429123
cycle= 207 E= -2467.35373785853  delta_E= -9.3  |g|= 5.56  |ddm|= 9.96
  HOMO = -0.171851941446809  LUMO = -0.152598039672126
cycle= 208 E= -2468.34131828525  delta_E= -0.988  |g|= 5.36  |ddm|= 2.94
  HOMO = -0.184499024132526  LUMO = -0.156118072829839
cycle= 209 E= -2468.12716530148  delta_E= 0.214  |g|= 5.47  |ddm|= 1.48
  HOMO = -0.193039291590302  LUMO = -0.160465315718354
cycle= 210 E= -2468.02005076177  delta_E= 0.107  |g|=  5.5  |ddm|= 0.43
  HOMO = -0.187166640741744  LUMO = -0.162819381249914
cycle= 211 E= -2467.88408705252  delta_E= 0.136  |g|= 5.54  |ddm|= 0.351
  HOMO = -0.192407470996152  LUMO = -0.166662817776004
cycle= 212 E= -2467.84758536413  delta_E= 0.0365  |g|= 5.56  |ddm|= 0.551
  HOMO = -0.189331186282663  LUMO = -0.165956834090558
cycle= 213 E= -2468.11811217332  delta_E= -0.271  |g|= 5.46  |ddm|= 0.465
  HOMO = -0.179564490292755  LUMO = -0.157350871972056
cycle= 214 E= -2468.42242702386  delta_E= -0.304  |g|= 5.38  |ddm|= 0.715
  HOMO = 0.00846117594987764  LUMO = 0.0243961306620245
cycle= 215 E= -2373.05705157244  delta_E= 95.4  |g|= 12.5  |ddm|= 28.8
  HOMO = -0.0975252098943046  LUMO = -0.0810018330163111
cycle= 216 E= -2460.99737736503  delta_E= -87.9  |g|= 5.22  |ddm|= 27.6
  HOMO = -0.163147596728608  LUMO = -0.13308504146012
cycle= 217 E= -2463.26144521522  delta_E= -2.26  |g|= 6.56  |ddm|= 9.15
  HOMO = -0.163355955561778  LUMO = -0.149051655229925
cycle= 218 E= -2466.09462137465  delta_E= -2.83  |g|= 6.07  |ddm|= 3.24
  HOMO = -0.170206205919823  LUMO = -0.160360324819807
cycle= 219 E= -2466.25462841244  delta_E= -0.16  |g|= 6.02  |ddm|= 0.86
  HOMO = -0.167342128718493  LUMO = -0.161656493828646
cycle= 220 E= -2466.12462525242  delta_E= 0.13  |g|= 6.05  |ddm|= 0.461
  HOMO = -0.158283243192771  LUMO = -0.151628326094662
cycle= 221 E= -2465.31531793594  delta_E= 0.809  |g|= 6.15  |ddm|= 1.82
  HOMO = -0.185464429749314  LUMO = -0.154223244830749
cycle= 222 E= -2466.41600923107  delta_E= -1.1  |g|= 5.99  |ddm|= 1.92
  HOMO = -0.187673185868294  LUMO = -0.156806570985757
cycle= 223 E= -2466.24710538654  delta_E= 0.169  |g|= 6.05  |ddm|= 0.899
  HOMO = -0.172605202980229  LUMO = -0.153023108073959
cycle= 224 E= -2466.63207174133  delta_E= -0.385  |g|= 5.93  |ddm|= 0.83
  HOMO = 0.0134565356433526  LUMO = 0.015606141454689
cycle= 225 E= -2316.41536524334  delta_E=  150  |g|= 13.7  |ddm|= 57.3
  HOMO = -0.109051575231264  LUMO = -0.0855243467657635
cycle= 226 E= -2458.38645317103  delta_E= -142  |g|= 7.02  |ddm|= 56.8
  HOMO = -0.187893095817301  LUMO = -0.15551468842033
cycle= 227 E= -2466.1728279532  delta_E= -7.79  |g|= 6.06  |ddm|= 10.6
  HOMO = -0.19568871815195  LUMO = -0.155199831585908
cycle= 228 E= -2466.53222543104  delta_E= -0.359  |g|= 5.96  |ddm|= 0.966
  HOMO = -0.196328580594675  LUMO = -0.15699021410067
cycle= 229 E= -2466.4028672301  delta_E= 0.129  |g|= 6.01  |ddm|= 0.622
  HOMO = -0.188814610205868  LUMO = -0.160979678195426
cycle= 230 E= -2466.31434832441  delta_E= 0.0885  |g|= 6.03  |ddm|= 0.791
  HOMO = -0.196260983759987  LUMO = -0.159582911095085
cycle= 231 E= -2466.2952953795  delta_E= 0.0191  |g|= 6.04  |ddm|= 0.564
  HOMO = -0.174499761577103  LUMO = -0.157982408044448
cycle= 232 E= -2466.32663326293  delta_E= -0.0313  |g|= 6.03  |ddm|= 0.51
  HOMO = -0.177537675023845  LUMO = -0.151608792994595
cycle= 233 E= -2466.00641837279  delta_E= 0.32  |g|= 6.11  |ddm|= 1.16
  HOMO = -0.121072792101778  LUMO = -0.107813426524272
cycle= 234 E= -2469.45384761283  delta_E= -3.45  |g|= 5.38  |ddm|= 3.89
  HOMO = 0.0153541536593318  LUMO = 0.0188952846460535
cycle= 235 E= -2371.69983967648  delta_E= 97.8  |g|= 13.3  |ddm|= 24.5
  HOMO = -0.0908617997684166  LUMO = -0.0590127783397935
cycle= 236 E= -2460.46340977262  delta_E= -88.8  |g|= 5.53  |ddm|= 22.9
  HOMO = -0.157389739409862  LUMO = -0.140958526356293
cycle= 237 E= -2465.21944680561  delta_E= -4.76  |g|= 6.15  |ddm|= 8.61
  HOMO = -0.174683099420414  LUMO = -0.146568324410422
cycle= 238 E= -2466.47834915334  delta_E= -1.26  |g|= 5.93  |ddm|= 2.14
  HOMO = -0.167324746734012  LUMO = -0.148038591864451
cycle= 239 E= -2466.48664574688  delta_E= -0.0083  |g|= 5.95  |ddm|= 1.41
  HOMO = -0.156601003996916  LUMO = -0.148996740827266
cycle= 240 E= -2466.25015841342  delta_E= 0.236  |g|= 6.02  |ddm|= 0.587
  HOMO = -0.15323091019228  LUMO = -0.147550183199481
cycle= 241 E= -2466.18945343761  delta_E= 0.0607  |g|= 6.01  |ddm|= 0.452
  HOMO = -0.157146315504508  LUMO = -0.147976541385945
cycle= 242 E= -2466.39513247584  delta_E= -0.206  |g|= 5.97  |ddm|= 0.534
  HOMO = -0.170151625827162  LUMO = -0.136530278729107
cycle= 243 E= -2465.87584096003  delta_E= 0.519  |g|= 6.16  |ddm|= 2.15
  HOMO = -0.165364568768422  LUMO = -0.144500995896536
cycle= 244 E= -2466.58831059508  delta_E= -0.712  |g|= 5.94  |ddm|= 1.62
  HOMO = 0.0176455841524431  LUMO = 0.0212587958106627
cycle= 245 E= -2362.50778028923  delta_E=  104  |g|=   15  |ddm|= 29.6
  HOMO = -0.0970795677888023  LUMO = -0.0710456898138599
cycle= 246 E= -2456.51471409989  delta_E=  -94  |g|= 7.42  |ddm|= 27.1
  HOMO = -0.15806687632954  LUMO = -0.147082246846476
cycle= 247 E= -2472.28644201014  delta_E= -15.8  |g|= 4.07  |ddm|=   11
  HOMO = -0.151430953419388  LUMO = -0.14008481974233
cycle= 248 E= -2471.25610720876  delta_E= 1.03  |g|= 4.56  |ddm|= 3.28
  HOMO = -0.161678775386204  LUMO = -0.156281877620199
cycle= 249 E= -2469.41196173286  delta_E= 1.84  |g|= 5.05  |ddm|=  3.2
  HOMO = -0.159938151813774  LUMO = -0.15683561737136
cycle= 250 E= -2469.42704280517  delta_E= -0.0151  |g|= 5.06  |ddm|= 0.549
  HOMO = -0.158627172916301  LUMO = -0.148692833684261
cycle= 251 E= -2471.79323034112  delta_E= -2.37  |g|= 4.13  |ddm|= 3.08
  HOMO = -0.159494784350842  LUMO = -0.149190607150151
cycle= 252 E= -2473.04374268492  delta_E= -1.25  |g|= 3.68  |ddm|=    2
  HOMO = -0.174169087199309  LUMO = -0.157722523538397
cycle= 253 E= -2469.16233518281  delta_E= 3.88  |g|= 5.15  |ddm|= 2.69
  HOMO = -0.166236906003418  LUMO = -0.154631404282712
cycle= 254 E= -2469.29330600662  delta_E= -0.131  |g|= 5.11  |ddm|= 0.478
  HOMO = 0.00994924091789099  LUMO = 0.0179508567004438
cycle= 255 E= -2426.84076365945  delta_E= 42.5  |g|= 13.6  |ddm|= 22.1
  HOMO = -0.0759556449083208  LUMO = -0.0273307949233136
cycle= 256 E= -2459.68017626036  delta_E= -32.8  |g|= 5.75  |ddm|= 20.3
  HOMO = -0.157566265318611  LUMO = -0.156178879363135
cycle= 257 E= -2464.83860141982  delta_E= -5.16  |g|= 6.27  |ddm|= 9.16
  HOMO = -0.192453290564498  LUMO = -0.153781295085955
cycle= 258 E= -2466.5401089085  delta_E= -1.7  |g|= 5.94  |ddm|= 2.38
  HOMO = -0.185490363699002  LUMO = -0.156679048112816
cycle= 259 E= -2466.70143764267  delta_E= -0.161  |g|=  5.9  |ddm|= 0.853
  HOMO = -0.195534318281512  LUMO = -0.161060380496779
cycle= 260 E= -2466.59877450189  delta_E= 0.103  |g|= 5.93  |ddm|= 0.561
  HOMO = -0.183255461268997  LUMO = -0.157665243000043
cycle= 261 E= -2467.11486150695  delta_E= -0.516  |g|= 5.76  |ddm|= 1.09
  HOMO = -0.188399220569371  LUMO = -0.155139984887183
cycle= 262 E= -2467.23485880086  delta_E= -0.12  |g|= 5.73  |ddm|= 0.562
  HOMO = -0.187206792611235  LUMO = -0.151649185127727
cycle= 263 E= -2467.13538919089  delta_E= 0.0995  |g|= 5.77  |ddm|= 0.757
  HOMO = -0.203926680893824  LUMO = -0.160726393565399
cycle= 264 E= -2467.16396089219  delta_E= -0.0286  |g|= 5.75  |ddm|= 0.717
  HOMO = 0.0393873672090917  LUMO = 0.0462850226426431
cycle= 265 E= -2346.91063706562  delta_E=  120  |g|= 14.3  |ddm|= 34.7
  HOMO = -0.105677877536513  LUMO = -0.0758285318954119
cycle= 266 E= -2457.93380740081  delta_E= -111  |g|=  5.9  |ddm|= 33.7
  HOMO = -0.134306193921258  LUMO = -0.117412193165929
cycle= 267 E= -2462.77325060846  delta_E= -4.84  |g|= 6.62  |ddm|= 9.54
  HOMO = -0.15040632650653  LUMO = -0.126023794542974
cycle= 268 E= -2464.9799917723  delta_E= -2.21  |g|= 6.02  |ddm|= 2.95
  HOMO = -0.179971348793634  LUMO = -0.147566412104399
cycle= 269 E= -2467.52817349723  delta_E= -2.55  |g|= 5.59  |ddm|=  2.5
  HOMO = -0.153622787972223  LUMO = -0.145309867208568
cycle= 270 E= -2466.60166982264  delta_E= 0.927  |g|= 5.67  |ddm|= 2.14
  HOMO = -0.159421542461221  LUMO = -0.146572331968097
cycle= 271 E= -2467.57561167696  delta_E= -0.974  |g|= 5.57  |ddm|= 1.97
  HOMO = -0.159965562981218  LUMO = -0.157046754419336
cycle= 272 E= -2467.87907345956  delta_E= -0.303  |g|= 5.42  |ddm|=  1.3
  HOMO = -0.169895758784725  LUMO = -0.154919169505875
cycle= 273 E= -2467.87847531588  delta_E= 0.000598  |g|= 5.49  |ddm|= 0.976
  HOMO = -0.161504095509825  LUMO = -0.149923320311432
cycle= 274 E= -2468.22940955862  delta_E= -0.351  |g|= 5.37  |ddm|= 0.491
  HOMO = 0.00454607458804801  LUMO = 0.00997934762646921
cycle= 275 E= -2341.55626688707  delta_E=  127  |g|=   15  |ddm|= 57.4
  HOMO = -0.0867801689616317  LUMO = -0.0412274591808255
cycle= 276 E= -2458.77227272838  delta_E= -117  |g|= 6.35  |ddm|= 56.5
  HOMO = -0.147474888631253  LUMO = -0.143409068017408
cycle= 277 E= -2464.8915442421  delta_E= -6.12  |g|= 6.27  |ddm|= 10.2
  HOMO = -0.161354356309446  LUMO = -0.152168183699019
cycle= 278 E= -2466.97498553686  delta_E= -2.08  |g|= 5.75  |ddm|= 2.79
  HOMO = -0.185974740180894  LUMO = -0.154168971135958
cycle= 279 E= -2467.78233426904  delta_E= -0.807  |g|= 5.56  |ddm|= 1.83
  HOMO = -0.193811450286391  LUMO = -0.156452174300939
cycle= 280 E= -2467.86078660968  delta_E= -0.0785  |g|= 5.54  |ddm|= 0.643
  HOMO = -0.198953387158185  LUMO = -0.160030116311703
cycle= 281 E= -2468.05455502897  delta_E= -0.194  |g|= 5.46  |ddm|= 0.75
  HOMO = -0.192002928068067  LUMO = -0.155459948633884
cycle= 282 E= -2467.83489381644  delta_E= 0.22  |g|= 5.55  |ddm|= 0.83
  HOMO = -0.197068952267314  LUMO = -0.153794824297166
cycle= 283 E= -2467.71878324561  delta_E= 0.116  |g|= 5.59  |ddm|= 0.673
  HOMO = -0.1932502585105  LUMO = -0.152689090345355
cycle= 284 E= -2468.0227202614  delta_E= -0.304  |g|= 5.49  |ddm|= 0.368
  HOMO = 0.0201542917882221  LUMO = 0.029455174697838
cycle= 285 E= -2371.92952833764  delta_E= 96.1  |g|= 13.4  |ddm|= 26.6
  HOMO = -0.0816942776523898  LUMO = -0.064954351283689
cycle= 286 E= -2460.11897536891  delta_E= -88.2  |g|= 5.72  |ddm|= 24.3
  HOMO = -0.181407965534572  LUMO = -0.151545210442201
cycle= 287 E= -2466.56850464745  delta_E= -6.45  |g|= 5.95  |ddm|= 9.01
  HOMO = -0.180560277643656  LUMO = -0.150719177682193
cycle= 288 E= -2466.91272799294  delta_E= -0.344  |g|= 5.85  |ddm|= 0.911
  HOMO = -0.179248173141754  LUMO = -0.150283941851763
cycle= 289 E= -2466.92005521654  delta_E= -0.00733  |g|= 5.85  |ddm|= 0.468
  HOMO = -0.186211694267873  LUMO = -0.153275903803402
cycle= 290 E= -2466.99316528356  delta_E= -0.0731  |g|= 5.82  |ddm|= 0.847
  HOMO = -0.184106669504992  LUMO = -0.152833390554111
cycle= 291 E= -2467.01268846559  delta_E= -0.0195  |g|= 5.82  |ddm|= 0.825
  HOMO = -0.18384932396304  LUMO = -0.149272538421254
cycle= 292 E= -2466.88988007515  delta_E= 0.123  |g|= 5.86  |ddm|= 0.593
  HOMO = -0.187355605433758  LUMO = -0.149064047135476
cycle= 293 E= -2466.90253812528  delta_E= -0.0127  |g|= 5.85  |ddm|= 0.623
  HOMO = -0.191815043363293  LUMO = -0.149741345716303
cycle= 294 E= -2466.7192875852  delta_E= 0.183  |g|= 5.91  |ddm|= 0.241
  HOMO = 0.0185878545582055  LUMO = 0.0211254883951443
cycle= 295 E= -2373.74290755812  delta_E=   93  |g|= 14.4  |ddm|= 28.7
  HOMO = -0.0894717135536902  LUMO = -0.0465163892038572
cycle= 296 E= -2459.2007752848  delta_E= -85.5  |g|= 5.92  |ddm|= 26.5
  HOMO = -0.157732598172732  LUMO = -0.151365622308316
cycle= 297 E= -2467.33447147405  delta_E= -8.13  |g|= 5.73  |ddm|= 8.98
  HOMO = -0.167738120976823  LUMO = -0.159200562970005
cycle= 298 E= -2467.22582905513  delta_E= 0.109  |g|= 5.53  |ddm|= 2.54
  HOMO = -0.160954697773851  LUMO = -0.150573643069396
cycle= 299 E= -2467.57637421084  delta_E= -0.351  |g|= 5.56  |ddm|= 2.69
  HOMO = -0.168110136010832  LUMO = -0.153007929273383
cycle= 300 E= -2468.17139471146  delta_E= -0.595  |g|= 5.41  |ddm|= 2.31
  HOMO = -0.183645830686609  LUMO = -0.151824177631666
cycle= 301 E= -2468.05908410807  delta_E= 0.112  |g|= 5.49  |ddm|= 1.26
  HOMO = -0.183170882542888  LUMO = -0.15159484421842
cycle= 302 E= -2468.03086932535  delta_E= 0.0282  |g|= 5.51  |ddm|= 0.268
  HOMO = -0.182238128324126  LUMO = -0.15157796886507
cycle= 303 E= -2468.13439545703  delta_E= -0.104  |g|= 5.47  |ddm|= 0.198
  HOMO = -0.185135056780189  LUMO = -0.154252702920607
cycle= 304 E= -2467.44649845917  delta_E= 0.688  |g|= 5.69  |ddm|= 0.767
  HOMO = 0.0284569159523394  LUMO = 0.0327043788980808
cycle= 305 E= -2359.92749532294  delta_E=  108  |g|=   14  |ddm|= 29.5
  HOMO = -0.090274336749025  LUMO = -0.0672157934849236
cycle= 306 E= -2459.81534452563  delta_E= -99.9  |g|= 5.67  |ddm|= 27.8
  HOMO = -0.154334117017592  LUMO = -0.148622838702977
cycle= 307 E= -2466.07283615454  delta_E= -6.26  |g|= 5.96  |ddm|=  8.7
  HOMO = -0.161054597975938  LUMO = -0.150574630713268
cycle= 308 E= -2467.0417478663  delta_E= -0.969  |g|=  5.8  |ddm|= 2.63
  HOMO = -0.16931315534844  LUMO = -0.149193950189359
cycle= 309 E= -2467.15968285236  delta_E= -0.118  |g|= 5.75  |ddm|= 1.61
  HOMO = -0.194783904480757  LUMO = -0.152596935767664
cycle= 310 E= -2467.16775923488  delta_E= -0.00808  |g|= 5.77  |ddm|= 1.06
  HOMO = -0.181337278819628  LUMO = -0.152953747198648
cycle= 311 E= -2466.83042742323  delta_E= 0.337  |g|= 5.87  |ddm|= 0.876
  HOMO = -0.174620530022784  LUMO = -0.152326058496351
cycle= 312 E= -2467.07367422574  delta_E= -0.243  |g|= 5.79  |ddm|= 1.23
  HOMO = -0.184940986058342  LUMO = -0.154116635668484
cycle= 313 E= -2467.33362265196  delta_E= -0.26  |g|= 5.71  |ddm|= 1.17
  HOMO = -0.186655495363595  LUMO = -0.14975377493316
cycle= 314 E= -2466.76769967727  delta_E= 0.566  |g|=  5.9  |ddm|= 1.05

WARN: HOMO 0.044012648857605 == LUMO 0.04442496084554

cycle= 315 E= -2302.66352665218  delta_E=  164  |g|=   14  |ddm|= 39.2
  HOMO = -0.120348330899332  LUMO = -0.113227060615996
cycle= 316 E= -2458.72100650684  delta_E= -156  |g|= 6.02  |ddm|=   39
  HOMO = -0.159516458857321  LUMO = -0.147723620048688
cycle= 317 E= -2462.25544571879  delta_E= -3.53  |g|= 6.85  |ddm|= 10.6
  HOMO = -0.178929680382049  LUMO = -0.151413731322902
cycle= 318 E= -2464.51603753938  delta_E= -2.26  |g|= 6.46  |ddm|= 2.31
  HOMO = -0.16610967388864  LUMO = -0.152907508430623
cycle= 319 E= -2464.52525431387  delta_E= -0.00922  |g|= 6.46  |ddm|= 0.458
  HOMO = -0.151738511736483  LUMO = -0.143144449502529
cycle= 320 E= -2464.7715349875  delta_E= -0.246  |g|= 6.34  |ddm|= 2.39
  HOMO = -0.171894276838991  LUMO = -0.147268005493433
cycle= 321 E= -2465.69709274049  delta_E= -0.926  |g|= 6.19  |ddm|= 2.31
  HOMO = -0.188373773147907  LUMO = -0.159380109249239
cycle= 322 E= -2465.47405265752  delta_E= 0.223  |g|= 6.22  |ddm|= 2.01
  HOMO = -0.184295357069139  LUMO = -0.150782649698846
cycle= 323 E= -2465.22487610027  delta_E= 0.249  |g|=  6.3  |ddm|=  1.7
  HOMO = -0.140716203879153  LUMO = -0.121037929762728
cycle= 324 E= -2467.29650168108  delta_E= -2.07  |g|=  5.7  |ddm|= 2.62
  HOMO = -0.0187422380294307  LUMO = -0.0139524895993027
cycle= 325 E= -2352.26748826626  delta_E=  115  |g|= 14.1  |ddm|= 49.5
  HOMO = -0.10844255506562  LUMO = -0.0900074109983285
cycle= 326 E= -2460.04747292404  delta_E= -108  |g|= 5.72  |ddm|= 48.5
  HOMO = -0.146144635959383  LUMO = -0.129412182791104
cycle= 327 E= -2461.48302849068  delta_E= -1.44  |g|=    7  |ddm|= 10.3
  HOMO = -0.169310138802177  LUMO = -0.159811114166805
cycle= 328 E= -2466.49950272217  delta_E= -5.02  |g|= 5.97  |ddm|= 4.05
  HOMO = -0.169848166351491  LUMO = -0.166787416134509
cycle= 329 E= -2466.52139983124  delta_E= -0.0219  |g|=  5.9  |ddm|= 2.16
  HOMO = -0.179207764161059  LUMO = -0.16136185269482
cycle= 330 E= -2466.84715916213  delta_E= -0.326  |g|= 5.87  |ddm|= 1.95
  HOMO = -0.17769025425391  LUMO = -0.166203595542882
cycle= 331 E= -2467.02781470221  delta_E= -0.181  |g|= 5.83  |ddm|= 0.917
  HOMO = -0.16410874837862  LUMO = -0.161331687442825
cycle= 332 E= -2466.93817227612  delta_E= 0.0896  |g|= 5.86  |ddm|= 0.837
  HOMO = -0.176179515975839  LUMO = -0.152786446406034
cycle= 333 E= -2466.72371264409  delta_E= 0.214  |g|= 5.93  |ddm|= 0.896
  HOMO = -0.157574125388359  LUMO = -0.153260182735654
cycle= 334 E= -2467.34744336656  delta_E= -0.624  |g|= 5.76  |ddm|= 0.937
  HOMO = 0.01020125741449  LUMO = 0.0141303079295501
cycle= 335 E= -2359.25173286865  delta_E=  108  |g|= 17.1  |ddm|= 27.9
  HOMO = -0.0679029188901823  LUMO = -0.0408826074905235
cycle= 336 E= -2439.44405595125  delta_E= -80.2  |g|= 12.1  |ddm|= 26.2
  HOMO = -0.0624243095763218  LUMO = -0.0502845177409887
cycle= 337 E= -2459.91689199161  delta_E= -20.5  |g|= 5.77  |ddm|= 8.31
  HOMO = -0.170038660207625  LUMO = -0.16400001892322
cycle= 338 E= -2465.40882868337  delta_E= -5.49  |g|= 6.15  |ddm|=  8.9
  HOMO = -0.182993961023705  LUMO = -0.156456003178223
cycle= 339 E= -2466.84502423433  delta_E= -1.44  |g|= 5.84  |ddm|= 2.42
  HOMO = -0.19245226435931  LUMO = -0.156302524555712
cycle= 340 E= -2467.11285269714  delta_E= -0.268  |g|= 5.76  |ddm|= 1.11
  HOMO = -0.191783446442842  LUMO = -0.159940163955025
cycle= 341 E= -2467.21280101748  delta_E= -0.0999  |g|= 5.74  |ddm|= 0.798
  HOMO = -0.191714336383375  LUMO = -0.160989588529547
cycle= 342 E= -2467.14841843484  delta_E= 0.0644  |g|= 5.76  |ddm|= 0.715
  HOMO = -0.198103250470359  LUMO = -0.157161511964026
cycle= 343 E= -2467.07356403268  delta_E= 0.0749  |g|= 5.79  |ddm|= 0.494
  HOMO = -0.200732429767447  LUMO = -0.158120685422161
cycle= 344 E= -2466.79060518476  delta_E= 0.283  |g|= 5.89  |ddm|= 0.355
  HOMO = -0.185753208457847  LUMO = -0.161513637071948
cycle= 345 E= -2466.71680334216  delta_E= 0.0738  |g|= 5.91  |ddm|= 0.569
  HOMO = 0.0122015641592879  LUMO = 0.0245411315928028
cycle= 346 E= -2360.39891189269  delta_E=  106  |g|= 15.2  |ddm|= 28.3
  HOMO = -0.0917220566817511  LUMO = -0.033746407785299
cycle= 347 E= -2458.30011915658  delta_E= -97.9  |g|= 6.49  |ddm|=   26
  HOMO = -0.183723251998185  LUMO = -0.151966431316624
cycle= 348 E= -2468.08119261426  delta_E= -9.78  |g|= 5.49  |ddm|= 9.74
  HOMO = -0.180152992380443  LUMO = -0.156374418703426
cycle= 349 E= -2468.56897539646  delta_E= -0.488  |g|=  5.3  |ddm|= 1.39
  HOMO = -0.184838240940385  LUMO = -0.159882605598419
cycle= 350 E= -2468.35512199723  delta_E= 0.214  |g|= 5.39  |ddm|= 1.47
  HOMO = -0.186282302031211  LUMO = -0.161508465725304
cycle= 351 E= -2468.46945680579  delta_E= -0.114  |g|= 5.34  |ddm|= 1.02
  HOMO = -0.17438778733069  LUMO = -0.159148325045032
cycle= 352 E= -2468.51609694553  delta_E= -0.0466  |g|= 5.32  |ddm|=  1.1
  HOMO = -0.173501040593154  LUMO = -0.158429058087373
cycle= 353 E= -2468.62630104053  delta_E= -0.11  |g|= 5.27  |ddm|= 0.898
  HOMO = -0.171222917805226  LUMO = -0.15635205186113
cycle= 354 E= -2468.73338446363  delta_E= -0.107  |g|= 5.26  |ddm|= 1.05
  HOMO = -0.191551253775206  LUMO = -0.157147022716315
cycle= 355 E= -2468.07090076968  delta_E= 0.662  |g|= 5.48  |ddm|= 0.965
  HOMO = 0.0499642493532584  LUMO = 0.0521036675603389
cycle= 356 E= -2337.62229649404  delta_E=  130  |g|= 15.3  |ddm|= 44.9
  HOMO = -0.0988920971801988  LUMO = -0.0315867422839784
cycle= 357 E= -2458.15418389036  delta_E= -121  |g|= 6.48  |ddm|= 44.5
  HOMO = -0.169649914831325  LUMO = -0.162621655267255
cycle= 358 E= -2467.9373669241  delta_E= -9.78  |g|= 5.39  |ddm|= 9.44
  HOMO = -0.181389495234278  LUMO = -0.158464804531792
cycle= 359 E= -2468.46706652908  delta_E= -0.53  |g|= 5.34  |ddm|= 2.35
  HOMO = -0.187408508150462  LUMO = -0.1598766333946
cycle= 360 E= -2468.19959732704  delta_E= 0.267  |g|= 5.43  |ddm|= 0.962
  HOMO = -0.190753548327212  LUMO = -0.159721432168892
cycle= 361 E= -2468.16305114356  delta_E= 0.0365  |g|= 5.45  |ddm|= 0.763
  HOMO = -0.179869984038587  LUMO = -0.157574628378841
cycle= 362 E= -2467.87227581484  delta_E= 0.291  |g|= 5.54  |ddm|= 0.788
  HOMO = -0.188109642444782  LUMO = -0.156404546778349
cycle= 363 E= -2467.99813012545  delta_E= -0.126  |g|= 5.51  |ddm|= 1.36
  HOMO = -0.175487798478884  LUMO = -0.161299464788311
cycle= 364 E= -2468.75350278302  delta_E= -0.755  |g|= 5.22  |ddm|= 1.41
  HOMO = -0.182995899309625  LUMO = -0.156575603473139
cycle= 365 E= -2468.1091159578  delta_E= 0.644  |g|= 5.48  |ddm|= 1.19
  HOMO = 0.0377639089089767  LUMO = 0.0511886908507846
cycle= 366 E= -2351.39095955401  delta_E=  117  |g|= 14.4  |ddm|= 32.6
  HOMO = -0.0892953780891051  LUMO = -0.0699757969376935
cycle= 367 E= -2459.11878036587  delta_E= -108  |g|= 5.99  |ddm|= 31.9
  HOMO = -0.155926820314956  LUMO = -0.153946845336154
cycle= 368 E= -2466.92372027236  delta_E= -7.8  |g|= 5.81  |ddm|= 9.33
  HOMO = -0.18198868200729  LUMO = -0.149269284015678
cycle= 369 E= -2467.19367659234  delta_E= -0.27  |g|= 5.76  |ddm|= 1.94
  HOMO = -0.183848079016831  LUMO = -0.150680341661466
cycle= 370 E= -2466.67762068535  delta_E= 0.516  |g|= 5.92  |ddm|= 0.913
  HOMO = -0.193631321952939  LUMO = -0.150991734866803
cycle= 371 E= -2466.76400206843  delta_E= -0.0864  |g|=  5.9  |ddm|= 0.73
  HOMO = -0.194304683817087  LUMO = -0.151014882876086
cycle= 372 E= -2466.58189612605  delta_E= 0.182  |g|= 5.95  |ddm|= 0.839
  HOMO = -0.169832628601343  LUMO = -0.156041243714189
cycle= 373 E= -2467.17241271856  delta_E= -0.591  |g|=  5.7  |ddm|= 1.97
  HOMO = -0.18773121704771  LUMO = -0.150615295661215
cycle= 374 E= -2467.15367657905  delta_E= 0.0187  |g|= 5.78  |ddm|= 1.67
  HOMO = -0.178823989836836  LUMO = -0.145750058548656
cycle= 375 E= -2467.50678569825  delta_E= -0.353  |g|= 5.67  |ddm|= 0.69
  HOMO = 0.00359149387152597  LUMO = 0.00872771321654372
cycle= 376 E= -2367.88342557353  delta_E= 99.6  |g|= 13.5  |ddm|= 28.1
  HOMO = -0.0884916453433223  LUMO = -0.0837876646872796
cycle= 377 E= -2460.6063384034  delta_E= -92.7  |g|= 5.35  |ddm|= 26.3
  HOMO = -0.172013780380388  LUMO = -0.140691200724539
cycle= 378 E= -2463.14740277965  delta_E= -2.54  |g|= 6.53  |ddm|=  9.1
  HOMO = -0.149645213467999  LUMO = -0.134313596320336
cycle= 379 E= -2465.84204022645  delta_E= -2.69  |g|= 6.07  |ddm|= 3.28
  HOMO = -0.159697590195395  LUMO = -0.157497240296032
cycle= 380 E= -2466.94913258215  delta_E= -1.11  |g|= 5.85  |ddm|= 2.46
  HOMO = -0.174054676756846  LUMO = -0.155079425344975
cycle= 381 E= -2466.85841104434  delta_E= 0.0907  |g|= 5.86  |ddm|= 1.59
  HOMO = -0.16982930030704  LUMO = -0.167323654741028
cycle= 382 E= -2467.10911455577  delta_E= -0.251  |g|= 5.79  |ddm|=  1.3
  HOMO = -0.159551628638029  LUMO = -0.156460535287534
cycle= 383 E= -2466.56446377001  delta_E= 0.545  |g|=  5.9  |ddm|= 2.01
  HOMO = -0.176328243367949  LUMO = -0.155310272747857
cycle= 384 E= -2466.98719962463  delta_E= -0.423  |g|= 5.84  |ddm|= 1.89
  HOMO = -0.175382896787747  LUMO = -0.152494525808393
cycle= 385 E= -2467.18432511293  delta_E= -0.197  |g|= 5.79  |ddm|= 0.218
  HOMO = 0.00413457728430064  LUMO = 0.00854333694220023
cycle= 386 E= -2375.72525602046  delta_E= 91.5  |g|= 13.4  |ddm|= 18.9
  HOMO = -0.0769417954899441  LUMO = -0.0706208619550232
cycle= 387 E= -2459.60860334724  delta_E= -83.9  |g|= 6.09  |ddm|= 16.4
  HOMO = -0.15098787701562  LUMO = -0.145053953285915
cycle= 388 E= -2466.17885654315  delta_E= -6.57  |g|=    6  |ddm|= 9.42
  HOMO = -0.180831952676139  LUMO = -0.150085736853712
cycle= 389 E= -2467.46260302452  delta_E= -1.28  |g|= 5.68  |ddm|= 2.16
  HOMO = -0.188655131788585  LUMO = -0.14576823664143
cycle= 390 E= -2467.50387228517  delta_E= -0.0413  |g|= 5.67  |ddm|= 0.779
  HOMO = -0.165311016329642  LUMO = -0.151837023515869
cycle= 391 E= -2467.60804995887  delta_E= -0.104  |g|= 5.61  |ddm|= 1.13
  HOMO = -0.192976371959293  LUMO = -0.153646166129307
cycle= 392 E= -2467.62098684771  delta_E= -0.0129  |g|= 5.64  |ddm|= 0.989
  HOMO = -0.1818449650178  LUMO = -0.14680516813857
cycle= 393 E= -2467.435982372  delta_E= 0.185  |g|= 5.71  |ddm|= 0.504
  HOMO = -0.186512064659577  LUMO = -0.148422786084777
cycle= 394 E= -2467.50967013143  delta_E= -0.0737  |g|= 5.68  |ddm|= 0.302
  HOMO = -0.187997164440006  LUMO = -0.148890995007883
cycle= 395 E= -2467.42111609868  delta_E= 0.0886  |g|= 5.71  |ddm|= 0.0889
  HOMO = 0.00790729685315087  LUMO = 0.0189891594913115
cycle= 396 E= -2367.40523624298  delta_E=  100  |g|= 12.8  |ddm|= 31.5
  HOMO = -0.0794162951003208  LUMO = -0.0610328431958949
cycle= 397 E= -2461.22874116073  delta_E= -93.8  |g|= 5.13  |ddm|= 30.4
  HOMO = -0.163171139261102  LUMO = -0.155114637747027
cycle= 398 E= -2465.68903055967  delta_E= -4.46  |g|= 6.16  |ddm|= 8.22
  HOMO = -0.181080060735578  LUMO = -0.151562130281655
cycle= 399 E= -2466.24483104283  delta_E= -0.556  |g|= 6.03  |ddm|= 1.18
  HOMO = -0.183423071088879  LUMO = -0.15513699297109
cycle= 400 E= -2466.3200298009  delta_E= -0.0752  |g|= 6.01  |ddm|= 1.01
  HOMO = -0.171979268095619  LUMO = -0.158882789520719
cycle= 401 E= -2466.51147449707  delta_E= -0.191  |g|= 5.95  |ddm|= 0.988
  HOMO = -0.187217423653147  LUMO = -0.156619244127796
cycle= 402 E= -2466.42419956795  delta_E= 0.0873  |g|= 5.98  |ddm|= 0.672
  HOMO = -0.198395949054762  LUMO = -0.15370407618771
cycle= 403 E= -2466.51063334386  delta_E= -0.0864  |g|= 5.96  |ddm|= 0.917
  HOMO = -0.183552327419336  LUMO = -0.145876460033719
cycle= 404 E= -2466.04650870691  delta_E= 0.464  |g|=  6.1  |ddm|= 1.21
  HOMO = -0.187562679751854  LUMO = -0.150581898153625
cycle= 405 E= -2466.12748918003  delta_E= -0.081  |g|= 6.07  |ddm|= 0.38
  HOMO = 0.0520440819248989  LUMO = 0.0625655604051906
cycle= 406 E= -2337.38376503081  delta_E=  129  |g|= 17.1  |ddm|= 40.3
  HOMO = -0.0582450806360282  LUMO = -0.0346760112939119
cycle= 407 E= -2455.44460423201  delta_E= -118  |g|= 7.79  |ddm|= 39.4
  HOMO = -0.15416985956953  LUMO = -0.126364317293155
cycle= 408 E= -2474.94768027113  delta_E= -19.5  |g|= 1.92  |ddm|=   11
  HOMO = -0.124350273957553  LUMO = -0.108593538665673
cycle= 409 E= -2473.45330615862  delta_E= 1.49  |g|= 2.76  |ddm|= 3.59
  HOMO = -0.173145111212396  LUMO = -0.148494351251378
cycle= 410 E= -2475.03546545895  delta_E= -1.58  |g|= 1.93  |ddm|= 3.33
  HOMO = -0.167573758667345  LUMO = -0.147996777392556
cycle= 411 E= -2474.84156227805  delta_E= 0.194  |g|= 2.26  |ddm|= 0.928
  HOMO = -0.161208343599257  LUMO = -0.144725200262549
cycle= 412 E= -2472.52250281291  delta_E= 2.32  |g|= 3.94  |ddm|= 2.28
  HOMO = -0.152677964721902  LUMO = -0.114772800309254
cycle= 413 E= -2475.31752319766  delta_E= -2.8  |g|=  1.2  |ddm|= 2.44
  HOMO = -0.161613098496877  LUMO = -0.141522948168445
cycle= 414 E= -2473.96485589785  delta_E= 1.35  |g|= 3.16  |ddm|= 2.74
  HOMO = -0.157968253446953  LUMO = -0.124620445944543
cycle= 415 E= -2475.13545787917  delta_E= -1.17  |g|= 1.74  |ddm|= 1.08
  HOMO = -0.0775874274767361  LUMO = -0.072775176093324
cycle= 416 E= -2473.93453054722  delta_E=  1.2  |g|= 3.13  |ddm|= 2.81
  HOMO = -0.155320215262804  LUMO = -0.120512715848284
cycle= 417 E= -2475.57662029311  delta_E= -1.64  |g|= 0.861  |ddm|= 2.48
  HOMO = -0.133878562365591  LUMO = -0.0979453304051166
cycle= 418 E= -2475.69088997335  delta_E= -0.114  |g|= 0.351  |ddm|= 0.806
  HOMO = -0.1396504324308  LUMO = -0.101029987901876
cycle= 419 E= -2475.7068360865  delta_E= -0.0159  |g|= 0.262  |ddm|= 0.591
  HOMO = -0.127224490608593  LUMO = -0.0894702198778247
cycle= 420 E= -2475.71174446076  delta_E= -0.00491  |g|= 0.22  |ddm|= 0.478
  HOMO = -0.130344636585363  LUMO = -0.0921369097707785
cycle= 421 E= -2475.72354644478  delta_E= -0.0118  |g|= 0.0863  |ddm|= 0.269
  HOMO = -0.131526336559706  LUMO = -0.0934234795861179
cycle= 422 E= -2475.72485761045  delta_E= -0.00131  |g|= 0.034  |ddm|= 0.0701
  HOMO = -0.13226182386228  LUMO = -0.0941407056436476
cycle= 423 E= -2475.7250804187  delta_E= -0.000223  |g|= 0.00846  |ddm|= 0.033
  HOMO = -0.132139728242072  LUMO = -0.0940497232252584
cycle= 424 E= -2475.72509567485  delta_E= -1.53e-05  |g|= 0.00502  |ddm|= 0.012
  HOMO = -0.132206879803224  LUMO = -0.0940994895541603
cycle= 425 E= -2475.7250995326  delta_E= -3.86e-06  |g|= 0.00217  |ddm|= 0.00537
  HOMO = -0.132243869361059  LUMO = -0.0941346160902598
cycle= 426 E= -2475.72510062778  delta_E= -1.1e-06  |g|= 0.000594  |ddm|= 0.00239
  HOMO = -0.132242364783455  LUMO = -0.0941337128502209
cycle= 427 E= -2475.72510070586  delta_E= -7.81e-08  |g|= 0.000123  |ddm|= 0.00071
  HOMO = -0.132242408020792  LUMO = -0.0941347823136914
cycle= 428 E= -2475.72510070988  delta_E= -4.02e-09  |g|= 4.24e-05  |ddm|= 0.000197
  HOMO = -0.132241441383813  LUMO = -0.0941348429476191
cycle= 429 E= -2475.72510070972  delta_E= 1.64e-10  |g|= 4.68e-05  |ddm|= 8.9e-05
  HOMO = -0.132241386291224  LUMO = -0.0941344356678537
cycle= 430 E= -2475.7251007102  delta_E= -4.84e-10  |g|= 1.9e-05  |ddm|= 7.21e-05
  HOMO = -0.132241312903721  LUMO = -0.0941343653889234
cycle= 431 E= -2475.72510071029  delta_E= -8.55e-11  |g|= 4.33e-06  |ddm|= 2.55e-05
  HOMO = -0.13224105468873  LUMO = -0.0941340865545831
cycle= 432 E= -2475.72510071027  delta_E= 1.46e-11  |g|= 1.07e-05  |ddm|= 1.42e-05
  HOMO = -0.13224131966334  LUMO = -0.0941343048040314
cycle= 433 E= -2475.72510071031  delta_E= -3.37e-11  |g|= 3.83e-06  |ddm|= 1.17e-05
  HOMO = -0.132241361257761  LUMO = -0.09413434634486
cycle= 434 E= -2475.7251007103  delta_E= 1.82e-12  |g|= 9.66e-07  |ddm|= 4.68e-06
  HOMO = -0.132241299978868  LUMO = -0.0941342954350532
Extra cycle  E= -2475.72510071029  delta_E= 1.73e-11  |g|= 4.06e-06  |ddm|= 4.82e-06
converged SCF energy = -2475.72510071029
AOs:  [0, 1, 2, 3, 4, 5, 6, 7, 8, 9, 10, 11, 12, 13, 14, 15, 16, 17, 18, 19, 20, 21, 22, 23, 24, 25, 26, 27, 28, 29, 30, 31, 32, 33, 34, 35, 36, 37, 38, 39, 40, 41, 42, 43, 44, 45, 46, 47, 48, 49, 50, 51, 52, 53, 54, 55, 56, 57, 58, 59, 60, 61, 62, 63, 64, 65, 66, 67, 68, 69, 70, 71, 72, 73, 74, 75, 76, 77, 78, 79, 80, 81, 82, 83, 84, 85, 86, 87, 88, 89, 90, 91, 92, 93, 94, 95, 96, 97, 98, 99, 100, 101, 102, 103, 104, 105, 106, 107, 108, 109, 110, 111, 112, 113, 114, 115, 116, 117, 118, 119, 120, 121, 122, 123, 124, 125, 126, 127, 128, 129, 130, 131, 132, 133, 134, 135, 136, 137, 138, 139, 140, 141, 142, 143, 144, 145, 146, 147, 148, 149, 150, 151, 152, 153, 154, 155, 156, 157, 158, 159, 160, 161, 162, 163, 164, 165, 166, 167, 168, 169, 170, 171, 172, 173, 174, 175, 176, 177, 178, 179, 180, 181, 182, 183, 184, 185, 186, 187, 188, 189, 190, 191, 192, 193, 194, 195, 196, 197, 198, 199, 200, 201, 202, 203, 204, 205, 206, 207, 208, 209, 210, 211, 212, 213, 214, 215, 216, 217, 218, 219, 220, 221, 222, 223, 224, 225, 226, 227, 228, 229, 230, 231, 232, 233, 234, 235, 236, 237, 238, 239, 240, 241, 242, 243, 244, 245, 246, 247, 248, 249, 250, 251, 252, 253, 254, 255, 256, 257, 258, 259, 260, 261, 262, 263, 264, 265, 266, 267, 268, 269, 270, 271, 272, 273, 274, 275, 276, 277, 278, 279, 280, 281, 282, 283, 284, 285, 286, 287, 288, 289, 290, 291, 292, 293, 294, 295, 296]
297

 AO indices used for projection:  [0, 1, 2, 3, 5, 6, 7, 8, 9, 10, 14, 15, 16, 17, 18, 31, 32, 34, 35, 36, 45, 46, 48, 49, 50, 59, 60, 62, 63, 64, 73, 74, 76, 77, 78, 87, 88, 90, 91, 92, 101, 102, 104, 105, 106, 115, 116, 118, 119, 120, 129, 130, 132, 133, 134, 143, 144, 146, 147, 148, 157, 158, 160, 161, 162, 171, 172, 174, 175, 176, 185, 186, 188, 189, 190, 199, 200, 202, 203, 204, 213, 214, 216, 217, 218, 227, 228, 230, 231, 232, 241, 242, 244, 245, 246, 255, 256, 258, 259, 260, 269, 270, 272, 273, 274, 283, 284, 286, 287, 288]
 # of orbitals to keep:  81
517
110
Number of Active MOs:  81
Number of Environment MOs:  30
Number of Virtual MOs:  406
 # electrons:                        
         Env:  30.00000000  30.00000000
         Act:  81.00000000  81.00000000
         Vir:   0.00000000   0.00000000
Number of electrons in the active space:  162

 The density matrix is idempotent!

 The density matrix is idempotent!


******** <class 'pyscf.scf.hf.RHF'> ********
method = RHF
initial guess = minao
damping factor = 0
level_shift factor = 0
DIIS = <class 'pyscf.scf.diis.CDIIS'>
diis_start_cycle = 1
diis_space = 8
SCF conv_tol = 1e-09
SCF conv_tol_grad = 1e-06
SCF max_cycles = 200
direct_scf = True
direct_scf_tol = 1e-13
chkfile to save SCF result = subsys_scf.chk
max_memory 900000 MB (current use 73000 MB)
init E= -665.719164355017
  HOMO = -0.197142802425204  LUMO = 0.0484178295727449
cycle= 1 E= -666.008881765037  delta_E= -0.29  |g|= 0.269  |ddm|= 2.55
  HOMO = -0.200072500832573  LUMO = 0.0458431787285536
cycle= 2 E= -666.055961955386  delta_E= -0.0471  |g|= 0.114  |ddm|= 0.52
  HOMO = -0.194599772117643  LUMO = 0.0483650637856863
cycle= 3 E= -666.065582220765  delta_E= -0.00962  |g|= 0.0603  |ddm|= 0.295
  HOMO = -0.192633202739181  LUMO = 0.0496224826432416
cycle= 4 E= -666.067215261988  delta_E= -0.00163  |g|= 0.0159  |ddm|= 0.11
  HOMO = -0.19313991306877  LUMO = 0.0483631102154422
cycle= 5 E= -666.06732462877  delta_E= -0.000109  |g|= 0.00499  |ddm|= 0.0308
  HOMO = -0.1925581013452  LUMO = 0.0485418068480313
cycle= 6 E= -666.067339632708  delta_E= -1.5e-05  |g|= 0.00225  |ddm|= 0.0112
  HOMO = -0.192407138497622  LUMO = 0.0485306770040774
cycle= 7 E= -666.067343473489  delta_E= -3.84e-06  |g|= 0.00138  |ddm|= 0.00441
  HOMO = -0.192312968215026  LUMO = 0.0484916697909477
cycle= 8 E= -666.067345647713  delta_E= -2.17e-06  |g|= 0.000776  |ddm|= 0.00413
  HOMO = -0.192264013389695  LUMO = 0.0484899218669511
cycle= 9 E= -666.067346486793  delta_E= -8.39e-07  |g|= 0.000549  |ddm|= 0.00202
  HOMO = -0.192260212255238  LUMO = 0.0484847432241863
cycle= 10 E= -666.067346978123  delta_E= -4.91e-07  |g|= 0.000405  |ddm|= 0.00153
  HOMO = -0.192266333773949  LUMO = 0.0484851584892108
cycle= 11 E= -666.067347429336  delta_E= -4.51e-07  |g|= 0.000207  |ddm|= 0.00233
  HOMO = -0.19226980843756  LUMO = 0.0484900587949367
cycle= 12 E= -666.067347515776  delta_E= -8.64e-08  |g|= 6.75e-05  |ddm|= 0.0012
  HOMO = -0.192274757094896  LUMO = 0.0484902487579789
cycle= 13 E= -666.067347523006  delta_E= -7.23e-09  |g|= 2.98e-05  |ddm|= 0.000312
  HOMO = -0.192275158869913  LUMO = 0.0484906584149471
cycle= 14 E= -666.067347524638  delta_E= -1.63e-09  |g|= 1.94e-05  |ddm|= 7.71e-05
  HOMO = -0.192275516345025  LUMO = 0.0484907220540098
cycle= 15 E= -666.067347524471  delta_E= 1.67e-10  |g|= 1.57e-05  |ddm|= 4.35e-05
  HOMO = -0.19227563506509  LUMO = 0.0484908512495868
cycle= 16 E= -666.067347524434  delta_E= 3.64e-11  |g|= 1.39e-05  |ddm|= 4.76e-05
  HOMO = -0.192275746558074  LUMO = 0.0484907919738283
cycle= 17 E= -666.067347525377  delta_E= -9.42e-10  |g|= 1.21e-05  |ddm|= 5.75e-05
  HOMO = -0.192275911528762  LUMO = 0.0484908316684357
cycle= 18 E= -666.067347526178  delta_E= -8.01e-10  |g|= 8.42e-06  |ddm|= 0.000122
  HOMO = -0.192275779185999  LUMO = 0.0484908565968625
cycle= 19 E= -666.067347526184  delta_E= -6.37e-12  |g|= 5.68e-06  |ddm|= 8.62e-05
  HOMO = -0.192275773795499  LUMO = 0.0484907978531177
cycle= 20 E= -666.067347526905  delta_E= -7.2e-10  |g|= 4.26e-06  |ddm|= 4.14e-05
  HOMO = -0.192275725578593  LUMO = 0.0484907974063725
cycle= 21 E= -666.06734752669  delta_E= 2.15e-10  |g|= 3.23e-06  |ddm|= 3.05e-05
  HOMO = -0.192275669311668  LUMO = 0.0484907927225098
cycle= 22 E= -666.067347526428  delta_E= 2.62e-10  |g|= 2.06e-06  |ddm|= 3.03e-05
  HOMO = -0.19227568816513  LUMO = 0.0484907926638065
cycle= 23 E= -666.067347527389  delta_E= -9.61e-10  |g|= 1.12e-06  |ddm|= 2.02e-05
  HOMO = -0.192275715054947  LUMO = 0.0484907922205067
cycle= 24 E= -666.067347526832  delta_E= 5.58e-10  |g|= 6.3e-07  |ddm|= 9.48e-06
  HOMO = -0.192275710478347  LUMO = 0.0484908001304739
Extra cycle  E= -666.067347527518  delta_E= -6.86e-10  |g|= 5.05e-07  |ddm|= 1.2e-06
converged SCF energy = -666.067347527518
Difference in energy:  -3512.890184735314
E(MP2) = -669.020531316163  E_corr = -2.95318378864559
Total energy =  -2473.0801423422567
time elapsed:  873.4597735404968
