

******** <class 'pyscf.dft.rks.RKS'> ********
method = RKS-RHF
initial guess = minao
damping factor = 0
level_shift factor = 0
DIIS = <class 'pyscf.scf.diis.CDIIS'>
diis_start_cycle = 1
diis_space = 8
SCF conv_tol = 1e-09
SCF conv_tol_grad = 1e-05
SCF max_cycles = 1000
direct_scf = True
direct_scf_tol = 1e-13
chkfile to save SCF result = scf.fchk
max_memory 900000 MB (current use 79 MB)
XC library pyscf.dft.libxc version 5.1.7
    S. Lehtola, C. Steigemann, M. J. Oliveira, and M. A. Marques, SoftwareX 7, 1 (2018)
XC functionals = b3lyp
    P. A. M. Dirac, Math. Proc. Cambridge Philos. Soc. 26, 376 (1930)
    F. Bloch, Z. Phys. 57, 545 (1929)
    A. D. Becke, Phys. Rev. A 38, 3098 (1988)
    C. Lee, W. Yang, and R. G. Parr, Phys. Rev. B 37, 785 (1988)
    B. Miehlich, A. Savin, H. Stoll, and H. Preuss, Chem. Phys. Lett. 157, 200 (1989)
    S. H. Vosko, L. Wilk, and M. Nusair, Can. J. Phys. 58, 1200 (1980)
small_rho_cutoff = 1e-07
init E= -777.150215461179
  HOMO = -0.231000495097921  LUMO = -0.179208285347995
cycle= 1 E= -774.689739218724  delta_E= 2.46  |g|= 1.02  |ddm|=  6.2
  HOMO = -0.0546543057496979  LUMO = 0.000791994006529247
cycle= 2 E= -772.076359067217  delta_E= 2.61  |g|= 2.65  |ddm|= 3.32
  HOMO = -0.136049935863907  LUMO = -0.0630075634077586
cycle= 3 E= -774.679618946288  delta_E= -2.6  |g|= 0.859  |ddm|= 3.12
  HOMO = -0.172939081202447  LUMO = -0.105494665626378
cycle= 4 E= -774.940539346347  delta_E= -0.261  |g|= 0.196  |ddm|= 1.33
  HOMO = -0.183700771916322  LUMO = -0.103423385368053
cycle= 5 E= -774.934065083123  delta_E= 0.00647  |g|= 0.231  |ddm|= 0.526
  HOMO = -0.180787515048976  LUMO = -0.103384639854085
cycle= 6 E= -774.950513955141  delta_E= -0.0164  |g|= 0.07  |ddm|= 0.387
  HOMO = -0.181006507703114  LUMO = -0.101804365882535
cycle= 7 E= -774.952029738897  delta_E= -0.00152  |g|= 0.0242  |ddm|= 0.112
  HOMO = -0.180374450081802  LUMO = -0.100649109424608
cycle= 8 E= -774.95218011718  delta_E= -0.00015  |g|= 0.0107  |ddm|= 0.0398
  HOMO = -0.180852327592563  LUMO = -0.10082253199541
cycle= 9 E= -774.952216704305  delta_E= -3.66e-05  |g|= 0.00317  |ddm|= 0.0166
  HOMO = -0.180977344388996  LUMO = -0.100850023351395
cycle= 10 E= -774.952218817223  delta_E= -2.11e-06  |g|= 0.00169  |ddm|= 0.00501
  HOMO = -0.180998113377417  LUMO = -0.100824196500279
cycle= 11 E= -774.952219581347  delta_E= -7.64e-07  |g|= 0.000512  |ddm|= 0.00216
  HOMO = -0.180974610664708  LUMO = -0.100793126467249
cycle= 12 E= -774.952219638421  delta_E= -5.71e-08  |g|= 0.00017  |ddm|= 0.000628
  HOMO = -0.180987845610994  LUMO = -0.100804992365264
cycle= 13 E= -774.952219643182  delta_E= -4.76e-09  |g|= 0.000102  |ddm|= 0.000285
  HOMO = -0.18098659156223  LUMO = -0.100801689960605
cycle= 14 E= -774.952219646447  delta_E= -3.27e-09  |g|= 3.14e-05  |ddm|= 0.000164
  HOMO = -0.180986811946051  LUMO = -0.100801267462498
cycle= 15 E= -774.95221964666  delta_E= -2.13e-10  |g|= 9.36e-06  |ddm|= 3.96e-05
  HOMO = -0.180986895733128  LUMO = -0.100801123111938
Extra cycle  E= -774.952219646606  delta_E= 5.41e-11  |g|= 1.74e-05  |ddm|= 2.78e-05
converged SCF energy = -774.952219646606
AOs:  [0, 1, 2, 3, 4, 5, 6, 7, 8, 9, 10, 11, 12, 13, 14, 15, 16, 17, 18, 19, 20, 21, 22, 23, 24, 25, 26, 27, 28, 29, 30, 31, 32, 33, 34, 35, 36, 37, 38, 39, 40, 41, 42, 43, 44, 45, 46, 47, 48, 49, 50, 51, 52, 53, 54, 55, 56, 57, 58, 59, 60, 61, 62, 63]
64
Number of Active MOs:  16
Number of Environment MOs:  54
Number of Virtual MOs:  244
 # electrons:            α            β
         Env:  54.00000000  54.00000000
         Act:  16.00000000  16.00000000
         Vir:   0.00000000   0.00000000
Number of electrons in the active space:  32

 The density matrix is idempotent!

 The density matrix is idempotent!


******** <class 'pyscf.dft.rks.RKS'> ********
method = RKS-RHF
initial guess = minao
damping factor = 0
level_shift factor = 0
DIIS = <class 'pyscf.scf.diis.CDIIS'>
diis_start_cycle = 1
diis_space = 8
SCF conv_tol = 1e-09
SCF conv_tol_grad = 1e-05
SCF max_cycles = 200
direct_scf = True
direct_scf_tol = 1e-13
chkfile to save SCF result = subsys_scf.chk
max_memory 900000 MB (current use 10412 MB)
XC library pyscf.dft.libxc version 5.1.7
    S. Lehtola, C. Steigemann, M. J. Oliveira, and M. A. Marques, SoftwareX 7, 1 (2018)
XC functionals = b3lyp
    P. A. M. Dirac, Math. Proc. Cambridge Philos. Soc. 26, 376 (1930)
    F. Bloch, Z. Phys. 57, 545 (1929)
    A. D. Becke, Phys. Rev. A 38, 3098 (1988)
    C. Lee, W. Yang, and R. G. Parr, Phys. Rev. B 37, 785 (1988)
    B. Miehlich, A. Savin, H. Stoll, and H. Preuss, Chem. Phys. Lett. 157, 200 (1989)
    S. H. Vosko, L. Wilk, and M. Nusair, Can. J. Phys. 58, 1200 (1980)
small_rho_cutoff = 1e-07
init E= 987.462749908395
  HOMO = -0.190986556049339  LUMO = -0.100488505254908
cycle= 1 E= 987.462713426128  delta_E= -3.65e-05  |g|= 0.00207  |ddm|= 0.015
  HOMO = -0.190730499372006  LUMO = -0.10025535846055
cycle= 2 E= 987.46271418255  delta_E= 7.56e-07  |g|= 0.00224  |ddm|= 0.00503
  HOMO = -0.190880446078825  LUMO = -0.100396260993948
cycle= 3 E= 987.462712707097  delta_E= -1.48e-06  |g|= 0.000974  |ddm|= 0.00407
  HOMO = -0.190853560207723  LUMO = -0.100363900773656
cycle= 4 E= 987.46271240917  delta_E= -2.98e-07  |g|= 0.000298  |ddm|= 0.0014
  HOMO = -0.190843354537178  LUMO = -0.100359136881428
cycle= 5 E= 987.462712382556  delta_E= -2.66e-08  |g|= 5.05e-05  |ddm|= 0.000424
  HOMO = -0.190845380106799  LUMO = -0.100359403171341
cycle= 6 E= 987.462712381773  delta_E= -7.83e-10  |g|= 2.6e-05  |ddm|= 0.000114
  HOMO = -0.190844427115155  LUMO = -0.100358975035514
cycle= 7 E= 987.462712381507  delta_E= -2.66e-10  |g|= 2.17e-06  |ddm|= 3.66e-05
  HOMO = -0.190844529015244  LUMO = -0.100358973004278
Extra cycle  E= 987.462712381224  delta_E= -2.83e-10  |g|= 2.85e-06  |ddm|= 5.66e-06
converged SCF energy = 987.462712381224
Difference in energy:  -0.22926921414958998
Total mean-field energy =  -774.9518542831629
time elapsed:  38.8046932220459
