

******** <class 'pyscf.dft.rks.RKS'> ********
method = RKS-RHF
initial guess = minao
damping factor = 0
level_shift factor = 0
DIIS = <class 'pyscf.scf.diis.CDIIS'>
diis_start_cycle = 1
diis_space = 8
SCF conv_tol = 1e-09
SCF conv_tol_grad = 1e-05
SCF max_cycles = 1000
direct_scf = True
direct_scf_tol = 1e-13
chkfile to save SCF result = scf.fchk
max_memory 900000 MB (current use 79 MB)
XC library pyscf.dft.libxc version 5.1.7
    S. Lehtola, C. Steigemann, M. J. Oliveira, and M. A. Marques, SoftwareX 7, 1 (2018)
XC functionals = b3lyp
    P. A. M. Dirac, Math. Proc. Cambridge Philos. Soc. 26, 376 (1930)
    F. Bloch, Z. Phys. 57, 545 (1929)
    A. D. Becke, Phys. Rev. A 38, 3098 (1988)
    C. Lee, W. Yang, and R. G. Parr, Phys. Rev. B 37, 785 (1988)
    B. Miehlich, A. Savin, H. Stoll, and H. Preuss, Chem. Phys. Lett. 157, 200 (1989)
    S. H. Vosko, L. Wilk, and M. Nusair, Can. J. Phys. 58, 1200 (1980)
small_rho_cutoff = 1e-07
init E= -777.151171026702
  HOMO = -0.239107326178194  LUMO = -0.171632490803176
cycle= 1 E= -774.727078515623  delta_E= 2.42  |g|= 1.02  |ddm|= 6.19
  HOMO = -0.0483233353327271  LUMO = -0.00762879346622073
cycle= 2 E= -772.234547116036  delta_E= 2.49  |g|=  2.6  |ddm|= 3.23
  HOMO = -0.141540396359331  LUMO = -0.0681873269173018
cycle= 3 E= -774.686838949269  delta_E= -2.45  |g|= 0.889  |ddm|=    3
  HOMO = -0.18280553183892  LUMO = -0.0933486775620079
cycle= 4 E= -774.971884902757  delta_E= -0.285  |g|= 0.168  |ddm|= 1.31
  HOMO = -0.192572543988302  LUMO = -0.0954145858220479
cycle= 5 E= -774.968402724477  delta_E= 0.00348  |g|= 0.188  |ddm|= 0.415
  HOMO = -0.191420331471494  LUMO = -0.0931536414270443
cycle= 6 E= -774.979485736854  delta_E= -0.0111  |g|= 0.0498  |ddm|= 0.28
  HOMO = -0.19045015517563  LUMO = -0.0910756369809743
cycle= 7 E= -774.980168823982  delta_E= -0.000683  |g|= 0.0151  |ddm|= 0.0665
  HOMO = -0.190274547493927  LUMO = -0.090592013910189
cycle= 8 E= -774.980214864196  delta_E= -4.6e-05  |g|= 0.00804  |ddm|= 0.0245
  HOMO = -0.190454050088868  LUMO = -0.0907711162966993
cycle= 9 E= -774.980234580689  delta_E= -1.97e-05  |g|= 0.00196  |ddm|= 0.0114
  HOMO = -0.190527441042116  LUMO = -0.0907809183115095
cycle= 10 E= -774.980235315511  delta_E= -7.35e-07  |g|= 0.00125  |ddm|= 0.00329
  HOMO = -0.190527660531836  LUMO = -0.0907599980569359
cycle= 11 E= -774.980235729  delta_E= -4.13e-07  |g|= 0.000332  |ddm|= 0.00155
  HOMO = -0.190508344545638  LUMO = -0.0907317814101821
cycle= 12 E= -774.980235750887  delta_E= -2.19e-08  |g|= 0.000159  |ddm|= 0.000461
  HOMO = -0.190525041471647  LUMO = -0.090744833434149
cycle= 13 E= -774.980235755801  delta_E= -4.91e-09  |g|= 9.85e-05  |ddm|= 0.000288
  HOMO = -0.190522913624216  LUMO = -0.0907428083853099
cycle= 14 E= -774.980235758428  delta_E= -2.63e-09  |g|= 1.47e-05  |ddm|= 0.000125
  HOMO = -0.190522172526517  LUMO = -0.0907416512873818
cycle= 15 E= -774.980235758458  delta_E= -2.96e-11  |g|= 1.02e-05  |ddm|= 3.03e-05
  HOMO = -0.190522634674258  LUMO = -0.0907422390982909
cycle= 16 E= -774.980235758488  delta_E= -3.02e-11  |g|= 4.84e-06  |ddm|= 1.79e-05
  HOMO = -0.19052262086344  LUMO = -0.0907419809699413
Extra cycle  E= -774.980235758465  delta_E= 2.34e-11  |g|= 9.64e-06  |ddm|= 1.68e-05
converged SCF energy = -774.980235758465
AOs:  [0, 1, 2, 3, 4, 5, 6, 7, 8, 9, 10, 11, 12, 13, 14, 15, 16, 17, 18, 19, 20, 21, 22, 23, 24, 25, 26, 27, 28, 29, 30, 31, 32, 33, 34, 35, 36, 37, 38, 39, 40, 41, 42, 43, 44, 45, 46, 47, 48, 49, 50, 51, 52, 53, 54, 55, 56, 57, 58, 59, 60, 61, 62, 63]
64
Number of Active MOs:  16
Number of Environment MOs:  54
Number of Virtual MOs:  244
 # electrons:            α            β
         Env:  54.00000000  54.00000000
         Act:  16.00000000  16.00000000
         Vir:  -0.00000000  -0.00000000
Number of electrons in the active space:  32

 The density matrix is idempotent!

 The density matrix is idempotent!


******** <class 'pyscf.dft.rks.RKS'> ********
method = RKS-RHF
initial guess = minao
damping factor = 0
level_shift factor = 0
DIIS = <class 'pyscf.scf.diis.CDIIS'>
diis_start_cycle = 1
diis_space = 8
SCF conv_tol = 1e-09
SCF conv_tol_grad = 1e-05
SCF max_cycles = 200
direct_scf = True
direct_scf_tol = 1e-13
chkfile to save SCF result = subsys_scf.chk
max_memory 900000 MB (current use 10412 MB)
XC library pyscf.dft.libxc version 5.1.7
    S. Lehtola, C. Steigemann, M. J. Oliveira, and M. A. Marques, SoftwareX 7, 1 (2018)
XC functionals = b3lyp
    P. A. M. Dirac, Math. Proc. Cambridge Philos. Soc. 26, 376 (1930)
    F. Bloch, Z. Phys. 57, 545 (1929)
    A. D. Becke, Phys. Rev. A 38, 3098 (1988)
    C. Lee, W. Yang, and R. G. Parr, Phys. Rev. B 37, 785 (1988)
    B. Miehlich, A. Savin, H. Stoll, and H. Preuss, Chem. Phys. Lett. 157, 200 (1989)
    S. H. Vosko, L. Wilk, and M. Nusair, Can. J. Phys. 58, 1200 (1980)
small_rho_cutoff = 1e-07
init E= 985.242325800208
  HOMO = -0.205302611577433  LUMO = -0.0906498367580854
cycle= 1 E= 985.242295405439  delta_E= -3.04e-05  |g|= 0.00125  |ddm|= 0.0131
  HOMO = -0.205275765001548  LUMO = -0.090653624503681
cycle= 2 E= 985.242295587405  delta_E= 1.82e-07  |g|= 0.00116  |ddm|= 0.00308
  HOMO = -0.205305508740915  LUMO = -0.0906565639229019
cycle= 3 E= 985.242295189994  delta_E= -3.97e-07  |g|= 0.000606  |ddm|= 0.00243
  HOMO = -0.205290967181285  LUMO = -0.0906520895379298
cycle= 4 E= 985.242295074182  delta_E= -1.16e-07  |g|= 0.000208  |ddm|= 0.000857
  HOMO = -0.205290834946372  LUMO = -0.0906519338706929
cycle= 5 E= 985.242295062415  delta_E= -1.18e-08  |g|= 2.54e-05  |ddm|= 0.000214
  HOMO = -0.205291821430283  LUMO = -0.0906525742981812
cycle= 6 E= 985.242295062228  delta_E= -1.87e-10  |g|= 1.16e-05  |ddm|= 4.7e-05
  HOMO = -0.205291238200706  LUMO = -0.0906521896091911
cycle= 7 E= 985.242295062349  delta_E= 1.21e-10  |g|= 2.91e-06  |ddm|= 1.92e-05
  HOMO = -0.205291575613811  LUMO = -0.0906524458814891
Extra cycle  E= 985.242295062212  delta_E= -1.36e-10  |g|= 5.37e-06  |ddm|= 1.01e-05
converged SCF energy = 985.242295062212
Difference in energy:  -0.015598094739558518
Total mean-field energy =  -774.9802109013393
time elapsed:  40.6569561958313
