

******** <class 'pyscf.dft.rks.RKS'> ********
method = RKS-RHF
initial guess = minao
damping factor = 0
level_shift factor = 0
DIIS = <class 'pyscf.scf.diis.CDIIS'>
diis_start_cycle = 1
diis_space = 8
SCF conv_tol = 1e-09
SCF conv_tol_grad = 1e-05
SCF max_cycles = 1000
direct_scf = True
direct_scf_tol = 1e-13
chkfile to save SCF result = scf.fchk
max_memory 900000 MB (current use 79 MB)
XC library pyscf.dft.libxc version 5.1.7
    S. Lehtola, C. Steigemann, M. J. Oliveira, and M. A. Marques, SoftwareX 7, 1 (2018)
XC functionals = b3lyp
    P. A. M. Dirac, Math. Proc. Cambridge Philos. Soc. 26, 376 (1930)
    F. Bloch, Z. Phys. 57, 545 (1929)
    A. D. Becke, Phys. Rev. A 38, 3098 (1988)
    C. Lee, W. Yang, and R. G. Parr, Phys. Rev. B 37, 785 (1988)
    B. Miehlich, A. Savin, H. Stoll, and H. Preuss, Chem. Phys. Lett. 157, 200 (1989)
    S. H. Vosko, L. Wilk, and M. Nusair, Can. J. Phys. 58, 1200 (1980)
small_rho_cutoff = 1e-07
init E= -777.151790141765
  HOMO = -0.241480640927073  LUMO = -0.169140366807219
cycle= 1 E= -774.738828299636  delta_E= 2.41  |g|= 1.01  |ddm|= 6.19
  HOMO = -0.0440734285659577  LUMO = -0.0148172542656506
cycle= 2 E= -772.279657953057  delta_E= 2.46  |g|= 2.59  |ddm|=  3.2
  HOMO = -0.141417014666841  LUMO = -0.0711782317335776
cycle= 3 E= -774.694739493213  delta_E= -2.42  |g|= 0.893  |ddm|= 2.96
  HOMO = -0.185871620003437  LUMO = -0.0897523854679595
cycle= 4 E= -774.982909843783  delta_E= -0.288  |g|= 0.163  |ddm|= 1.31
  HOMO = -0.194847099953801  LUMO = -0.0929480294138433
cycle= 5 E= -774.980138963976  delta_E= 0.00277  |g|= 0.179  |ddm|= 0.394
  HOMO = -0.194326627947306  LUMO = -0.0899484919318722
cycle= 6 E= -774.990082895397  delta_E= -0.00994  |g|= 0.046  |ddm|= 0.258
  HOMO = -0.193141700090498  LUMO = -0.0877738795916854
cycle= 7 E= -774.990652923339  delta_E= -0.00057  |g|= 0.013  |ddm|= 0.058
  HOMO = -0.193048845241587  LUMO = -0.0874567570031697
cycle= 8 E= -774.99068468715  delta_E= -3.18e-05  |g|= 0.00721  |ddm|= 0.0207
  HOMO = -0.193156065087582  LUMO = -0.0876259075755221
cycle= 9 E= -774.990700142924  delta_E= -1.55e-05  |g|= 0.00178  |ddm|= 0.00995
  HOMO = -0.193223245777302  LUMO = -0.0876311702056057
cycle= 10 E= -774.990700788786  delta_E= -6.46e-07  |g|= 0.00106  |ddm|= 0.00287
  HOMO = -0.193216362141327  LUMO = -0.0876101742578334
cycle= 11 E= -774.990701084021  delta_E= -2.95e-07  |g|= 0.000293  |ddm|= 0.00133
  HOMO = -0.193198736244631  LUMO = -0.0875855226669931
cycle= 12 E= -774.990701101201  delta_E= -1.72e-08  |g|= 0.000145  |ddm|= 0.000429
  HOMO = -0.193214705595109  LUMO = -0.0875973150919109
cycle= 13 E= -774.990701106005  delta_E= -4.8e-09  |g|= 7.6e-05  |ddm|= 0.000245
  HOMO = -0.193212788415911  LUMO = -0.0875958295951416
cycle= 14 E= -774.990701107515  delta_E= -1.51e-09  |g|= 1.31e-05  |ddm|= 9.36e-05
  HOMO = -0.193212011530399  LUMO = -0.0875948451442935
cycle= 15 E= -774.990701107538  delta_E= -2.3e-11  |g|= 9.82e-06  |ddm|= 2.7e-05
  HOMO = -0.19321293348874  LUMO = -0.0875955991282712
Extra cycle  E= -774.990701107421  delta_E= 1.18e-10  |g|= 2.19e-05  |ddm|= 3.91e-05
converged SCF energy = -774.990701107421
AOs:  [0, 1, 2, 3, 4, 5, 6, 7, 8, 9, 10, 11, 12, 13, 14, 15, 16, 17, 18, 19, 20, 21, 22, 23, 24, 25, 26, 27, 28, 29, 30, 31, 32, 33, 34, 35, 36, 37, 38, 39, 40, 41, 42, 43, 44, 45, 46, 47, 48, 49, 50, 51, 52, 53, 54, 55, 56, 57, 58, 59, 60, 61, 62, 63]
64
Number of Active MOs:  16
Number of Environment MOs:  54
Number of Virtual MOs:  244
 # electrons:            α            β
         Env:  54.00000000  54.00000000
         Act:  16.00000000  16.00000000
         Vir:  -0.00000000  -0.00000000
Number of electrons in the active space:  32

 The density matrix is idempotent!

 The density matrix is idempotent!


******** <class 'pyscf.dft.rks.RKS'> ********
method = RKS-RHF
initial guess = minao
damping factor = 0
level_shift factor = 0
DIIS = <class 'pyscf.scf.diis.CDIIS'>
diis_start_cycle = 1
diis_space = 8
SCF conv_tol = 1e-09
SCF conv_tol_grad = 1e-05
SCF max_cycles = 200
direct_scf = True
direct_scf_tol = 1e-13
chkfile to save SCF result = subsys_scf.chk
max_memory 900000 MB (current use 10566 MB)
XC library pyscf.dft.libxc version 5.1.7
    S. Lehtola, C. Steigemann, M. J. Oliveira, and M. A. Marques, SoftwareX 7, 1 (2018)
XC functionals = b3lyp
    P. A. M. Dirac, Math. Proc. Cambridge Philos. Soc. 26, 376 (1930)
    F. Bloch, Z. Phys. 57, 545 (1929)
    A. D. Becke, Phys. Rev. A 38, 3098 (1988)
    C. Lee, W. Yang, and R. G. Parr, Phys. Rev. B 37, 785 (1988)
    B. Miehlich, A. Savin, H. Stoll, and H. Preuss, Chem. Phys. Lett. 157, 200 (1989)
    S. H. Vosko, L. Wilk, and M. Nusair, Can. J. Phys. 58, 1200 (1980)
small_rho_cutoff = 1e-07
init E= 984.461389591288
  HOMO = -0.210035087771005  LUMO = -0.0872956074708015
cycle= 1 E= 984.461365265737  delta_E= -2.43e-05  |g|= 0.000892  |ddm|= 0.0113
  HOMO = -0.209849911299032  LUMO = -0.0871605000125338
cycle= 2 E= 984.461365417457  delta_E= 1.52e-07  |g|= 0.000986  |ddm|= 0.00227
  HOMO = -0.209925573230366  LUMO = -0.0872115694235233
cycle= 3 E= 984.46136512412  delta_E= -2.93e-07  |g|= 0.000333  |ddm|= 0.00155
  HOMO = -0.20991405255485  LUMO = -0.0872037957838183
cycle= 4 E= 984.46136509  delta_E= -3.41e-08  |g|= 8.2e-05  |ddm|= 0.000408
  HOMO = -0.209913627312879  LUMO = -0.0872032721605664
cycle= 5 E= 984.461365087924  delta_E= -2.08e-09  |g|= 1.78e-05  |ddm|= 9.51e-05
  HOMO = -0.209912379592939  LUMO = -0.0872021962903934
cycle= 6 E= 984.461365087907  delta_E= -1.65e-11  |g|= 6.79e-06  |ddm|= 2.58e-05
  HOMO = -0.209912175444432  LUMO = -0.0872020497381455
Extra cycle  E= 984.461365087984  delta_E= 7.69e-11  |g|= 1.3e-05  |ddm|= 2.78e-05
converged SCF energy = 984.461365087984
Difference in energy:  -0.040572123802643315
Total mean-field energy =  -774.9906364516802
time elapsed:  34.81587076187134
