

******** <class 'pyscf.dft.rks.RKS'> ********
method = RKS-RHF
initial guess = minao
damping factor = 0
level_shift factor = 0
DIIS = <class 'pyscf.scf.diis.CDIIS'>
diis_start_cycle = 1
diis_space = 8
SCF conv_tol = 1e-09
SCF conv_tol_grad = 1e-05
SCF max_cycles = 1000
direct_scf = True
direct_scf_tol = 1e-13
chkfile to save SCF result = scf.fchk
max_memory 900000 MB (current use 79 MB)
XC library pyscf.dft.libxc version 5.1.7
    S. Lehtola, C. Steigemann, M. J. Oliveira, and M. A. Marques, SoftwareX 7, 1 (2018)
XC functionals = b3lyp
    P. A. M. Dirac, Math. Proc. Cambridge Philos. Soc. 26, 376 (1930)
    F. Bloch, Z. Phys. 57, 545 (1929)
    A. D. Becke, Phys. Rev. A 38, 3098 (1988)
    C. Lee, W. Yang, and R. G. Parr, Phys. Rev. B 37, 785 (1988)
    B. Miehlich, A. Savin, H. Stoll, and H. Preuss, Chem. Phys. Lett. 157, 200 (1989)
    S. H. Vosko, L. Wilk, and M. Nusair, Can. J. Phys. 58, 1200 (1980)
small_rho_cutoff = 1e-07
init E= -777.152357930539
  HOMO = -0.242952345707841  LUMO = -0.167455016785143
cycle= 1 E= -774.747068187471  delta_E= 2.41  |g|= 1.01  |ddm|= 6.19
  HOMO = -0.0409739179276837  LUMO = -0.019257927544207
cycle= 2 E= -772.31063738269  delta_E= 2.44  |g|= 2.59  |ddm|= 3.19
  HOMO = -0.141032688419469  LUMO = -0.0733166327085901
cycle= 3 E= -774.701559209985  delta_E= -2.39  |g|= 0.895  |ddm|= 2.94
  HOMO = -0.187876093482769  LUMO = -0.0874032650854257
cycle= 4 E= -774.990878580358  delta_E= -0.289  |g|= 0.159  |ddm|=  1.3
  HOMO = -0.196136450916246  LUMO = -0.0913236972910233
cycle= 5 E= -774.988515929674  delta_E= 0.00236  |g|= 0.173  |ddm|= 0.382
  HOMO = -0.196119044033385  LUMO = -0.0878263145149209
cycle= 6 E= -774.997820584386  delta_E= -0.0093  |g|= 0.0439  |ddm|= 0.245
  HOMO = -0.194838322036035  LUMO = -0.0855993783826025
cycle= 7 E= -774.998332465714  delta_E= -0.000512  |g|= 0.0119  |ddm|= 0.0535
  HOMO = -0.19476991851521  LUMO = -0.0853816255955597
cycle= 8 E= -774.998358136698  delta_E= -2.57e-05  |g|= 0.00671  |ddm|= 0.0188
  HOMO = -0.194838106442532  LUMO = -0.0855394623817861
cycle= 9 E= -774.998371237673  delta_E= -1.31e-05  |g|= 0.00172  |ddm|= 0.0091
  HOMO = -0.19490229081363  LUMO = -0.0855429585307319
cycle= 10 E= -774.998371866788  delta_E= -6.29e-07  |g|= 0.000949  |ddm|= 0.00265
  HOMO = -0.19489188806409  LUMO = -0.0855218836618404
cycle= 11 E= -774.998372100373  delta_E= -2.34e-07  |g|= 0.000272  |ddm|= 0.0012
  HOMO = -0.194875298810532  LUMO = -0.085499660052687
cycle= 12 E= -774.998372115516  delta_E= -1.51e-08  |g|= 0.000135  |ddm|= 0.000409
  HOMO = -0.194890810945682  LUMO = -0.0855107289431722
cycle= 13 E= -774.99837211997  delta_E= -4.45e-09  |g|= 6.37e-05  |ddm|= 0.00022
  HOMO = -0.194888840660669  LUMO = -0.0855093262985589
cycle= 14 E= -774.998372121003  delta_E= -1.03e-09  |g|= 1.28e-05  |ddm|= 7.79e-05
  HOMO = -0.194888162724474  LUMO = -0.0855085430086072
cycle= 15 E= -774.998372121028  delta_E= -2.43e-11  |g|= 9.03e-06  |ddm|= 2.46e-05
  HOMO = -0.194888953427575  LUMO = -0.0855091131328342
Extra cycle  E= -774.998372120933  delta_E= 9.44e-11  |g|= 1.98e-05  |ddm|= 3.44e-05
converged SCF energy = -774.998372120933
AOs:  [0, 1, 2, 3, 4, 5, 6, 7, 8, 9, 10, 11, 12, 13, 14, 15, 16, 17, 18, 19, 20, 21, 22, 23, 24, 25, 26, 27, 28, 29, 30, 31, 32, 33, 34, 35, 36, 37, 38, 39, 40, 41, 42, 43, 44, 45, 46, 47, 48, 49, 50, 51, 52, 53, 54, 55, 56, 57, 58, 59, 60, 61, 62, 63]
64
Number of Active MOs:  16
Number of Environment MOs:  54
Number of Virtual MOs:  244
 # electrons:            α            β
         Env:  54.00000000  54.00000000
         Act:  16.00000000  16.00000000
         Vir:   0.00000000   0.00000000
Number of electrons in the active space:  32

 The density matrix is idempotent!

 The density matrix is idempotent!


******** <class 'pyscf.dft.rks.RKS'> ********
method = RKS-RHF
initial guess = minao
damping factor = 0
level_shift factor = 0
DIIS = <class 'pyscf.scf.diis.CDIIS'>
diis_start_cycle = 1
diis_space = 8
SCF conv_tol = 1e-09
SCF conv_tol_grad = 1e-05
SCF max_cycles = 200
direct_scf = True
direct_scf_tol = 1e-13
chkfile to save SCF result = subsys_scf.chk
max_memory 900000 MB (current use 10406 MB)
XC library pyscf.dft.libxc version 5.1.7
    S. Lehtola, C. Steigemann, M. J. Oliveira, and M. A. Marques, SoftwareX 7, 1 (2018)
XC functionals = b3lyp
    P. A. M. Dirac, Math. Proc. Cambridge Philos. Soc. 26, 376 (1930)
    F. Bloch, Z. Phys. 57, 545 (1929)
    A. D. Becke, Phys. Rev. A 38, 3098 (1988)
    C. Lee, W. Yang, and R. G. Parr, Phys. Rev. B 37, 785 (1988)
    B. Miehlich, A. Savin, H. Stoll, and H. Preuss, Chem. Phys. Lett. 157, 200 (1989)
    S. H. Vosko, L. Wilk, and M. Nusair, Can. J. Phys. 58, 1200 (1980)
small_rho_cutoff = 1e-07
init E= 983.910820654335
  HOMO = -0.213468783899443  LUMO = -0.0853606369950928
cycle= 1 E= 983.910805937741  delta_E= -1.47e-05  |g|= 0.00098  |ddm|= 0.0103
  HOMO = -0.213387535432187  LUMO = -0.0853080292148588
cycle= 2 E= 983.910806030407  delta_E= 9.27e-08  |g|= 0.000913  |ddm|= 0.00219
  HOMO = -0.213417719812136  LUMO = -0.0853210632693783
cycle= 3 E= 983.910805773485  delta_E= -2.57e-07  |g|= 0.000383  |ddm|= 0.00163
  HOMO = -0.213407965066759  LUMO = -0.0853172568467419
cycle= 4 E= 983.910805730178  delta_E= -4.33e-08  |g|= 0.000132  |ddm|= 0.000499
  HOMO = -0.213409128622619  LUMO = -0.0853177252521648
cycle= 5 E= 983.910805725478  delta_E= -4.7e-09  |g|= 1.85e-05  |ddm|= 0.000133
  HOMO = -0.213408846735295  LUMO = -0.0853172244424887
cycle= 6 E= 983.910805725325  delta_E= -1.53e-10  |g|= 7.38e-06  |ddm|= 3.62e-05
  HOMO = -0.213408398677098  LUMO = -0.0853170792448107
Extra cycle  E= 983.910805724957  delta_E= -3.68e-10  |g|= 1.09e-05  |ddm|= 2.57e-05
converged SCF energy = 983.910805724957
Difference in energy:  0.06624268730674998
Total mean-field energy =  -774.9984776852865
time elapsed:  37.57029414176941
