

******** <class 'pyscf.dft.rks.RKS'> ********
method = RKS-RHF
initial guess = minao
damping factor = 0
level_shift factor = 0
DIIS = <class 'pyscf.scf.diis.CDIIS'>
diis_start_cycle = 1
diis_space = 8
SCF conv_tol = 1e-09
SCF conv_tol_grad = 1e-05
SCF max_cycles = 1000
direct_scf = True
direct_scf_tol = 1e-13
chkfile to save SCF result = scf.fchk
max_memory 900000 MB (current use 79 MB)
XC library pyscf.dft.libxc version 5.1.7
    S. Lehtola, C. Steigemann, M. J. Oliveira, and M. A. Marques, SoftwareX 7, 1 (2018)
XC functionals = b3lyp
    P. A. M. Dirac, Math. Proc. Cambridge Philos. Soc. 26, 376 (1930)
    F. Bloch, Z. Phys. 57, 545 (1929)
    A. D. Becke, Phys. Rev. A 38, 3098 (1988)
    C. Lee, W. Yang, and R. G. Parr, Phys. Rev. B 37, 785 (1988)
    B. Miehlich, A. Savin, H. Stoll, and H. Preuss, Chem. Phys. Lett. 157, 200 (1989)
    S. H. Vosko, L. Wilk, and M. Nusair, Can. J. Phys. 58, 1200 (1980)
small_rho_cutoff = 1e-07
init E= -777.160551678557
  HOMO = -0.242748070468605  LUMO = -0.166873239171231
cycle= 1 E= -774.74357268872  delta_E= 2.42  |g|= 1.02  |ddm|=  6.2
  HOMO = -0.0410824883281065  LUMO = -0.0219595849675343
cycle= 2 E= -772.296636389752  delta_E= 2.45  |g|=  2.6  |ddm|=  3.2
  HOMO = -0.141122175416992  LUMO = -0.0740144587726498
cycle= 3 E= -774.704138399531  delta_E= -2.41  |g|= 0.892  |ddm|= 2.95
  HOMO = -0.188551641391072  LUMO = -0.0870428829264126
cycle= 4 E= -774.988372838142  delta_E= -0.284  |g|= 0.154  |ddm|= 1.29
  HOMO = -0.196897892502439  LUMO = -0.0903412651933762
cycle= 5 E= -774.986636017677  delta_E= 0.00174  |g|= 0.165  |ddm|= 0.358
  HOMO = -0.196385174204513  LUMO = -0.0868353335834951
cycle= 6 E= -774.99480381347  delta_E= -0.00817  |g|= 0.0405  |ddm|= 0.226
  HOMO = -0.195088978042352  LUMO = -0.0846989194899706
cycle= 7 E= -774.995233509821  delta_E= -0.00043  |g|= 0.0112  |ddm|= 0.0495
  HOMO = -0.195088314559661  LUMO = -0.084597890903099
cycle= 8 E= -774.995257460895  delta_E= -2.4e-05  |g|= 0.00602  |ddm|= 0.0174
  HOMO = -0.195150866189722  LUMO = -0.084755054340312
cycle= 9 E= -774.995267701399  delta_E= -1.02e-05  |g|= 0.00169  |ddm|= 0.00832
  HOMO = -0.195196516886991  LUMO = -0.0847485848100881
cycle= 10 E= -774.995268324069  delta_E= -6.23e-07  |g|= 0.000915  |ddm|= 0.0026
  HOMO = -0.195188129844599  LUMO = -0.0847328508588003
cycle= 11 E= -774.995268540869  delta_E= -2.17e-07  |g|= 0.000291  |ddm|= 0.00119
  HOMO = -0.19517555617692  LUMO = -0.0847107195582396
cycle= 12 E= -774.995268557925  delta_E= -1.71e-08  |g|= 0.000139  |ddm|= 0.000415
  HOMO = -0.195189521950845  LUMO = -0.0847217769921184
cycle= 13 E= -774.995268562379  delta_E= -4.45e-09  |g|= 7.06e-05  |ddm|= 0.00022
  HOMO = -0.19518801550019  LUMO = -0.0847206316608601
cycle= 14 E= -774.995268563638  delta_E= -1.26e-09  |g|= 1.39e-05  |ddm|= 8.4e-05
  HOMO = -0.195187096505588  LUMO = -0.0847195818510774
cycle= 15 E= -774.995268563676  delta_E= -3.73e-11  |g|= 8.04e-06  |ddm|= 2.65e-05
  HOMO = -0.195187965897778  LUMO = -0.0847202736427243
Extra cycle  E= -774.995268563606  delta_E= 6.91e-11  |g|= 1.73e-05  |ddm|= 3.04e-05
converged SCF energy = -774.995268563606
AOs:  [0, 1, 2, 3, 4, 5, 6, 7, 8, 9, 10, 11, 12, 13, 14, 15, 16, 17, 18, 19, 20, 21, 22, 23, 24, 25, 26, 27, 28, 29, 30, 31, 32, 33, 34, 35, 36, 37, 38, 39, 40, 41, 42, 43, 44, 45, 46, 47, 48, 49, 50, 51, 52, 53, 54, 55, 56, 57, 58, 59, 60, 61, 62, 63]
64
Number of Active MOs:  16
Number of Environment MOs:  54
Number of Virtual MOs:  244
 # electrons:            α            β
         Env:  54.00000000  54.00000000
         Act:  16.00000000  16.00000000
         Vir:  -0.00000000  -0.00000000
Number of electrons in the active space:  32

 The density matrix is idempotent!

 The density matrix is idempotent!


******** <class 'pyscf.dft.rks.RKS'> ********
method = RKS-RHF
initial guess = minao
damping factor = 0
level_shift factor = 0
DIIS = <class 'pyscf.scf.diis.CDIIS'>
diis_start_cycle = 1
diis_space = 8
SCF conv_tol = 1e-09
SCF conv_tol_grad = 1e-05
SCF max_cycles = 200
direct_scf = True
direct_scf_tol = 1e-13
chkfile to save SCF result = subsys_scf.chk
max_memory 900000 MB (current use 10679 MB)
XC library pyscf.dft.libxc version 5.1.7
    S. Lehtola, C. Steigemann, M. J. Oliveira, and M. A. Marques, SoftwareX 7, 1 (2018)
XC functionals = b3lyp
    P. A. M. Dirac, Math. Proc. Cambridge Philos. Soc. 26, 376 (1930)
    F. Bloch, Z. Phys. 57, 545 (1929)
    A. D. Becke, Phys. Rev. A 38, 3098 (1988)
    C. Lee, W. Yang, and R. G. Parr, Phys. Rev. B 37, 785 (1988)
    B. Miehlich, A. Savin, H. Stoll, and H. Preuss, Chem. Phys. Lett. 157, 200 (1989)
    S. H. Vosko, L. Wilk, and M. Nusair, Can. J. Phys. 58, 1200 (1980)
small_rho_cutoff = 1e-07
init E= 1001.6745145137
  HOMO = -0.213780367899068  LUMO = -0.0846688419610916
cycle= 1 E= 1001.67449630437  delta_E= -1.82e-05  |g|= 0.00321  |ddm|= 0.0121
  HOMO = -0.213754130298206  LUMO = -0.0846522783156987
cycle= 2 E= 1001.67449481146  delta_E= -1.49e-06  |g|= 0.00134  |ddm|= 0.00384
  HOMO = -0.213780018157438  LUMO = -0.0846632683234137
cycle= 3 E= 1001.67449456973  delta_E= -2.42e-07  |g|= 0.000823  |ddm|= 0.00227
  HOMO = -0.213761632520464  LUMO = -0.0846542375147893
cycle= 4 E= 1001.67449434354  delta_E= -2.26e-07  |g|= 0.000103  |ddm|= 0.00102
  HOMO = -0.21376250511603  LUMO = -0.0846548651949864
cycle= 5 E= 1001.67449434089  delta_E= -2.65e-09  |g|= 2.56e-05  |ddm|= 0.000115
  HOMO = -0.213762510358512  LUMO = -0.0846546027584576
cycle= 6 E= 1001.67449434032  delta_E= -5.78e-10  |g|= 6.22e-06  |ddm|= 2.93e-05
  HOMO = -0.213761867506259  LUMO = -0.0846543229588732
Extra cycle  E= 1001.67449434045  delta_E= 1.39e-10  |g|= 8.42e-06  |ddm|= 1.92e-05
converged SCF energy = 1001.67449434045
Difference in energy:  0.02685501462673528
Total mean-field energy =  -774.9953113597605
time elapsed:  34.947932720184326
