

******** <class 'pyscf.dft.rks.RKS'> ********
method = RKS-RHF
initial guess = minao
damping factor = 0
level_shift factor = 0
DIIS = <class 'pyscf.scf.diis.CDIIS'>
diis_start_cycle = 1
diis_space = 8
SCF conv_tol = 1e-09
SCF conv_tol_grad = 1e-05
SCF max_cycles = 1000
direct_scf = True
direct_scf_tol = 1e-13
chkfile to save SCF result = scf.fchk
max_memory 900000 MB (current use 79 MB)
XC library pyscf.dft.libxc version 5.1.7
    S. Lehtola, C. Steigemann, M. J. Oliveira, and M. A. Marques, SoftwareX 7, 1 (2018)
XC functionals = b3lyp
    P. A. M. Dirac, Math. Proc. Cambridge Philos. Soc. 26, 376 (1930)
    F. Bloch, Z. Phys. 57, 545 (1929)
    A. D. Becke, Phys. Rev. A 38, 3098 (1988)
    C. Lee, W. Yang, and R. G. Parr, Phys. Rev. B 37, 785 (1988)
    B. Miehlich, A. Savin, H. Stoll, and H. Preuss, Chem. Phys. Lett. 157, 200 (1989)
    S. H. Vosko, L. Wilk, and M. Nusair, Can. J. Phys. 58, 1200 (1980)
small_rho_cutoff = 1e-07
init E= -777.157747686347
  HOMO = -0.241200365863525  LUMO = -0.168930688015435
cycle= 1 E= -774.736812208368  delta_E= 2.42  |g|= 1.02  |ddm|= 6.19
  HOMO = -0.0445701561816182  LUMO = -0.0162644773019177
cycle= 2 E= -772.27213181735  delta_E= 2.46  |g|=  2.6  |ddm|= 3.22
  HOMO = -0.141889631508497  LUMO = -0.0712841147967507
cycle= 3 E= -774.699719478602  delta_E= -2.43  |g|= 0.888  |ddm|= 2.97
  HOMO = -0.186350349676768  LUMO = -0.0898822872106731
cycle= 4 E= -774.981673591725  delta_E= -0.282  |g|= 0.158  |ddm|= 1.29
  HOMO = -0.195272759392209  LUMO = -0.0925584899931231
cycle= 5 E= -774.979375983322  delta_E= 0.0023  |g|= 0.173  |ddm|= 0.376
  HOMO = -0.194380750335848  LUMO = -0.0895377946401834
cycle= 6 E= -774.988434137092  delta_E= -0.00906  |g|= 0.0435  |ddm|= 0.244
  HOMO = -0.193180432691266  LUMO = -0.087447801914227
cycle= 7 E= -774.98894031961  delta_E= -0.000506  |g|= 0.0127  |ddm|= 0.0557
  HOMO = -0.193140480239829  LUMO = -0.087205026550492
cycle= 8 E= -774.988972037845  delta_E= -3.17e-05  |g|= 0.00693  |ddm|= 0.0205
  HOMO = -0.193247586912355  LUMO = -0.0873790220391334
cycle= 9 E= -774.988986155119  delta_E= -1.41e-05  |g|= 0.00178  |ddm|= 0.00972
  HOMO = -0.193300942247885  LUMO = -0.0873784740529138
cycle= 10 E= -774.988986804511  delta_E= -6.49e-07  |g|= 0.00105  |ddm|= 0.00287
  HOMO = -0.193296636572146  LUMO = -0.0873610601541273
cycle= 11 E= -774.98898709342  delta_E= -2.89e-07  |g|= 0.00032  |ddm|= 0.00135
  HOMO = -0.193281975243446  LUMO = -0.0873362783750768
cycle= 12 E= -774.988987113701  delta_E= -2.03e-08  |g|= 0.000152  |ddm|= 0.000443
  HOMO = -0.193297138525132  LUMO = -0.0873483438200084
cycle= 13 E= -774.98898711849  delta_E= -4.79e-09  |g|= 8.71e-05  |ddm|= 0.000255
  HOMO = -0.193295329324205  LUMO = -0.0873468082655635
cycle= 14 E= -774.988987120462  delta_E= -1.97e-09  |g|= 1.5e-05  |ddm|= 0.000106
  HOMO = -0.193294416531903  LUMO = -0.0873456339563446
cycle= 15 E= -774.988987120509  delta_E= -4.73e-11  |g|= 8.6e-06  |ddm|= 2.93e-05
  HOMO = -0.193295365855487  LUMO = -0.0873464250309504
Extra cycle  E= -774.98898712042  delta_E= 8.96e-11  |g|= 1.88e-05  |ddm|= 3.45e-05
converged SCF energy = -774.98898712042
AOs:  [0, 1, 2, 3, 4, 5, 6, 7, 8, 9, 10, 11, 12, 13, 14, 15, 16, 17, 18, 19, 20, 21, 22, 23, 24, 25, 26, 27, 28, 29, 30, 31, 32, 33, 34, 35, 36, 37, 38, 39, 40, 41, 42, 43, 44, 45, 46, 47, 48, 49, 50, 51, 52, 53, 54, 55, 56, 57, 58, 59, 60, 61, 62, 63]
64
Number of Active MOs:  16
Number of Environment MOs:  54
Number of Virtual MOs:  244
 # electrons:            α            β
         Env:  54.00000000  54.00000000
         Act:  16.00000000  16.00000000
         Vir:   0.00000000   0.00000000
Number of electrons in the active space:  32

 The density matrix is idempotent!

 The density matrix is idempotent!


******** <class 'pyscf.dft.rks.RKS'> ********
method = RKS-RHF
initial guess = minao
damping factor = 0
level_shift factor = 0
DIIS = <class 'pyscf.scf.diis.CDIIS'>
diis_start_cycle = 1
diis_space = 8
SCF conv_tol = 1e-09
SCF conv_tol_grad = 1e-05
SCF max_cycles = 200
direct_scf = True
direct_scf_tol = 1e-13
chkfile to save SCF result = subsys_scf.chk
max_memory 900000 MB (current use 10668 MB)
XC library pyscf.dft.libxc version 5.1.7
    S. Lehtola, C. Steigemann, M. J. Oliveira, and M. A. Marques, SoftwareX 7, 1 (2018)
XC functionals = b3lyp
    P. A. M. Dirac, Math. Proc. Cambridge Philos. Soc. 26, 376 (1930)
    F. Bloch, Z. Phys. 57, 545 (1929)
    A. D. Becke, Phys. Rev. A 38, 3098 (1988)
    C. Lee, W. Yang, and R. G. Parr, Phys. Rev. B 37, 785 (1988)
    B. Miehlich, A. Savin, H. Stoll, and H. Preuss, Chem. Phys. Lett. 157, 200 (1989)
    S. H. Vosko, L. Wilk, and M. Nusair, Can. J. Phys. 58, 1200 (1980)
small_rho_cutoff = 1e-07
init E= 1000.82323033216
  HOMO = -0.210235367820666  LUMO = -0.0873807552627695
cycle= 1 E= 1000.82322159255  delta_E= -8.74e-06  |g|= 0.000937  |ddm|= 0.00781
  HOMO = -0.210256800979373  LUMO = -0.0874135666555348
cycle= 2 E= 1000.82322194084  delta_E= 3.48e-07  |g|= 0.00128  |ddm|= 0.00301
  HOMO = -0.210259004802563  LUMO = -0.0874031020952335
cycle= 3 E= 1000.82322134363  delta_E= -5.97e-07  |g|= 0.000311  |ddm|= 0.00205
  HOMO = -0.210252399132101  LUMO = -0.0874005265512878
cycle= 4 E= 1000.82322132362  delta_E= -2e-08  |g|= 0.000174  |ddm|= 0.000426
  HOMO = -0.210251690041176  LUMO = -0.0874002686398972
cycle= 5 E= 1000.82322131536  delta_E= -8.26e-09  |g|= 1.72e-05  |ddm|= 0.00017
  HOMO = -0.210252481435363  LUMO = -0.0874006154704842
cycle= 6 E= 1000.823221315  delta_E= -3.59e-10  |g|= 6.86e-06  |ddm|= 3.5e-05
  HOMO = -0.210252420020889  LUMO = -0.0874007512486537
Extra cycle  E= 1000.82322131503  delta_E= 3e-11  |g|= 8.29e-06  |ddm|= 1.84e-05
converged SCF energy = 1000.82322131503
Difference in energy:  0.0819065269348971
Total mean-field energy =  -774.9891176466695
time elapsed:  41.07303833961487
