

******** <class 'pyscf.dft.rks.RKS'> ********
method = RKS-RHF
initial guess = minao
damping factor = 0
level_shift factor = 0
DIIS = <class 'pyscf.scf.diis.CDIIS'>
diis_start_cycle = 1
diis_space = 8
SCF conv_tol = 1e-09
SCF conv_tol_grad = 1e-05
SCF max_cycles = 1000
direct_scf = True
direct_scf_tol = 1e-13
chkfile to save SCF result = scf.fchk
max_memory 900000 MB (current use 79 MB)
XC library pyscf.dft.libxc version 5.1.7
    S. Lehtola, C. Steigemann, M. J. Oliveira, and M. A. Marques, SoftwareX 7, 1 (2018)
XC functionals = b3lyp
    P. A. M. Dirac, Math. Proc. Cambridge Philos. Soc. 26, 376 (1930)
    F. Bloch, Z. Phys. 57, 545 (1929)
    A. D. Becke, Phys. Rev. A 38, 3098 (1988)
    C. Lee, W. Yang, and R. G. Parr, Phys. Rev. B 37, 785 (1988)
    B. Miehlich, A. Savin, H. Stoll, and H. Preuss, Chem. Phys. Lett. 157, 200 (1989)
    S. H. Vosko, L. Wilk, and M. Nusair, Can. J. Phys. 58, 1200 (1980)
small_rho_cutoff = 1e-07
init E= -777.155200927187
  HOMO = -0.238821429443233  LUMO = -0.171754803077614
cycle= 1 E= -774.726251748785  delta_E= 2.43  |g|= 1.02  |ddm|= 6.19
  HOMO = -0.0488653794661042  LUMO = -0.00767727923047561
cycle= 2 E= -772.235639582526  delta_E= 2.49  |g|= 2.61  |ddm|= 3.23
  HOMO = -0.142321064914376  LUMO = -0.0678769272475849
cycle= 3 E= -774.694777108394  delta_E= -2.46  |g|= 0.881  |ddm|=    3
  HOMO = -0.183045366836436  LUMO = -0.0939042154361229
cycle= 4 E= -774.971732798376  delta_E= -0.277  |g|= 0.165  |ddm|=  1.3
  HOMO = -0.192703926536018  LUMO = -0.0955857969401218
cycle= 5 E= -774.96848517469  delta_E= 0.00325  |g|= 0.185  |ddm|= 0.406
  HOMO = -0.191231273601642  LUMO = -0.0932802418648116
cycle= 6 E= -774.979009465762  delta_E= -0.0105  |g|= 0.0486  |ddm|= 0.274
  HOMO = -0.190270364909833  LUMO = -0.0912763806446305
cycle= 7 E= -774.979661500386  delta_E= -0.000652  |g|= 0.0153  |ddm|= 0.0665
  HOMO = -0.190124554902288  LUMO = -0.090830732566189
cycle= 8 E= -774.979710744138  delta_E= -4.92e-05  |g|= 0.00793  |ddm|= 0.025
  HOMO = -0.190312759161201  LUMO = -0.0910151060954815
cycle= 9 E= -774.979729784867  delta_E= -1.9e-05  |g|= 0.00198  |ddm|= 0.0114
  HOMO = -0.190378611318991  LUMO = -0.0910216686854199
cycle= 10 E= -774.979730534213  delta_E= -7.49e-07  |g|= 0.00124  |ddm|= 0.0033
  HOMO = -0.190380387455775  LUMO = -0.0910026970284402
cycle= 11 E= -774.979730937736  delta_E= -4.04e-07  |g|= 0.000368  |ddm|= 0.00157
  HOMO = -0.190363362399039  LUMO = -0.0909746229114436
cycle= 12 E= -774.979730964581  delta_E= -2.68e-08  |g|= 0.000163  |ddm|= 0.00048
  HOMO = -0.190379593175228  LUMO = -0.0909881415971667
cycle= 13 E= -774.979730969039  delta_E= -4.46e-09  |g|= 0.000111  |ddm|= 0.000303
  HOMO = -0.190377308062686  LUMO = -0.0909857275951618
cycle= 14 E= -774.979730972356  delta_E= -3.32e-09  |g|= 1.9e-05  |ddm|= 0.000141
  HOMO = -0.190376579055704  LUMO = -0.0909845127687394
cycle= 15 E= -774.979730972438  delta_E= -8.19e-11  |g|= 9.67e-06  |ddm|= 3.5e-05
  HOMO = -0.190377402656754  LUMO = -0.090985257134045
Extra cycle  E= -774.979730972312  delta_E= 1.26e-10  |g|= 2.18e-05  |ddm|= 4.12e-05
converged SCF energy = -774.979730972312
AOs:  [0, 1, 2, 3, 4, 5, 6, 7, 8, 9, 10, 11, 12, 13, 14, 15, 16, 17, 18, 19, 20, 21, 22, 23, 24, 25, 26, 27, 28, 29, 30, 31, 32, 33, 34, 35, 36, 37, 38, 39, 40, 41, 42, 43, 44, 45, 46, 47, 48, 49, 50, 51, 52, 53, 54, 55, 56, 57, 58, 59, 60, 61, 62, 63]
64
Number of Active MOs:  16
Number of Environment MOs:  54
Number of Virtual MOs:  244
 # electrons:            α            β
         Env:  54.00000000  54.00000000
         Act:  16.00000000  16.00000000
         Vir:  -0.00000000  -0.00000000
Number of electrons in the active space:  32

 The density matrix is idempotent!

 The density matrix is idempotent!


******** <class 'pyscf.dft.rks.RKS'> ********
method = RKS-RHF
initial guess = minao
damping factor = 0
level_shift factor = 0
DIIS = <class 'pyscf.scf.diis.CDIIS'>
diis_start_cycle = 1
diis_space = 8
SCF conv_tol = 1e-09
SCF conv_tol_grad = 1e-05
SCF max_cycles = 200
direct_scf = True
direct_scf_tol = 1e-13
chkfile to save SCF result = subsys_scf.chk
max_memory 900000 MB (current use 10408 MB)
XC library pyscf.dft.libxc version 5.1.7
    S. Lehtola, C. Steigemann, M. J. Oliveira, and M. A. Marques, SoftwareX 7, 1 (2018)
XC functionals = b3lyp
    P. A. M. Dirac, Math. Proc. Cambridge Philos. Soc. 26, 376 (1930)
    F. Bloch, Z. Phys. 57, 545 (1929)
    A. D. Becke, Phys. Rev. A 38, 3098 (1988)
    C. Lee, W. Yang, and R. G. Parr, Phys. Rev. B 37, 785 (1988)
    B. Miehlich, A. Savin, H. Stoll, and H. Preuss, Chem. Phys. Lett. 157, 200 (1989)
    S. H. Vosko, L. Wilk, and M. Nusair, Can. J. Phys. 58, 1200 (1980)
small_rho_cutoff = 1e-07
init E= 999.696391059917
  HOMO = -0.205124292155034  LUMO = -0.0908147098208234
cycle= 1 E= 999.696375481169  delta_E= -1.56e-05  |g|= 0.00123  |ddm|= 0.0103
  HOMO = -0.205002813843395  LUMO = -0.0907289867037721
cycle= 2 E= 999.696375599161  delta_E= 1.18e-07  |g|= 0.00116  |ddm|= 0.00249
  HOMO = -0.205087541545374  LUMO = -0.0907862063078477
cycle= 3 E= 999.696375248176  delta_E= -3.51e-07  |g|= 0.000538  |ddm|= 0.00198
  HOMO = -0.205059212920013  LUMO = -0.0907669393394251
cycle= 4 E= 999.696375155732  delta_E= -9.24e-08  |g|= 7.94e-05  |ddm|= 0.000648
  HOMO = -0.205059188301975  LUMO = -0.0907662812894568
cycle= 5 E= 999.696375154025  delta_E= -1.71e-09  |g|= 3.09e-05  |ddm|= 0.000111
  HOMO = -0.205059653947412  LUMO = -0.0907668579747404
cycle= 6 E= 999.696375154022  delta_E= -2.84e-12  |g|= 1.18e-05  |ddm|= 4.66e-05
  HOMO = -0.205059341996459  LUMO = -0.0907665392668494
cycle= 7 E= 999.696375154043  delta_E= 2.09e-11  |g|= 1.63e-06  |ddm|= 1.69e-05
  HOMO = -0.205059303273444  LUMO = -0.0907665173305173
Extra cycle  E= 999.696375153941  delta_E= -1.02e-10  |g|= 2.57e-06  |ddm|= 5.04e-06
converged SCF energy = 999.696375153941
Difference in energy:  -0.08423411468969562
Total mean-field energy =  -774.9795967368184
time elapsed:  38.0153329372406
