

******** <class 'pyscf.dft.rks.RKS'> ********
method = RKS-RHF
initial guess = minao
damping factor = 0
level_shift factor = 0
DIIS = <class 'pyscf.scf.diis.CDIIS'>
diis_start_cycle = 1
diis_space = 8
SCF conv_tol = 1e-09
SCF conv_tol_grad = 1e-05
SCF max_cycles = 1000
direct_scf = True
direct_scf_tol = 1e-13
chkfile to save SCF result = scf.fchk
max_memory 900000 MB (current use 79 MB)
XC library pyscf.dft.libxc version 5.1.7
    S. Lehtola, C. Steigemann, M. J. Oliveira, and M. A. Marques, SoftwareX 7, 1 (2018)
XC functionals = b3lyp
    P. A. M. Dirac, Math. Proc. Cambridge Philos. Soc. 26, 376 (1930)
    F. Bloch, Z. Phys. 57, 545 (1929)
    A. D. Becke, Phys. Rev. A 38, 3098 (1988)
    C. Lee, W. Yang, and R. G. Parr, Phys. Rev. B 37, 785 (1988)
    B. Miehlich, A. Savin, H. Stoll, and H. Preuss, Chem. Phys. Lett. 157, 200 (1989)
    S. H. Vosko, L. Wilk, and M. Nusair, Can. J. Phys. 58, 1200 (1980)
small_rho_cutoff = 1e-07
init E= -777.15089848015
  HOMO = -0.225855724988394  LUMO = -0.184073531071302
cycle= 1 E= -774.658117529367  delta_E= 2.49  |g|= 1.03  |ddm|=  6.2
  HOMO = -0.0445360122077048  LUMO = -0.0152571818469966
cycle= 2 E= -771.83994720829  delta_E= 2.82  |g|= 2.72  |ddm|=  3.5
  HOMO = -0.129966540465232  LUMO = -0.0662054429225454
cycle= 3 E= -774.701831450797  delta_E= -2.86  |g|= 0.794  |ddm|= 3.27
  HOMO = -0.166478246095914  LUMO = -0.115825324305422
cycle= 4 E= -774.911416543964  delta_E= -0.21  |g|= 0.272  |ddm|= 1.43
  HOMO = -0.178414991844449  LUMO = -0.110181238869312
cycle= 5 E= -774.905697552798  delta_E= 0.00572  |g|= 0.297  |ddm|= 0.763
  HOMO = -0.171679616448313  LUMO = -0.111051672361775
cycle= 6 E= -774.932846100631  delta_E= -0.0271  |g|= 0.0967  |ddm|= 0.565
  HOMO = -0.17318758037627  LUMO = -0.109951968519616
cycle= 7 E= -774.936128900964  delta_E= -0.00328  |g|= 0.0359  |ddm|= 0.166
  HOMO = -0.17260939266016  LUMO = -0.107942459252629
cycle= 8 E= -774.936508690667  delta_E= -0.00038  |g|= 0.0138  |ddm|= 0.0534
  HOMO = -0.173513192596485  LUMO = -0.108322196345494
cycle= 9 E= -774.936563591034  delta_E= -5.49e-05  |g|= 0.00466  |ddm|= 0.022
  HOMO = -0.173655186577941  LUMO = -0.108345102494312
cycle= 10 E= -774.936568668513  delta_E= -5.08e-06  |g|= 0.00203  |ddm|= 0.0067
  HOMO = -0.173641059772139  LUMO = -0.108299766729098
cycle= 11 E= -774.936569849936  delta_E= -1.18e-06  |g|= 0.000512  |ddm|= 0.00289
  HOMO = -0.173636798655763  LUMO = -0.108280235781036
cycle= 12 E= -774.936569925493  delta_E= -7.56e-08  |g|= 0.000215  |ddm|= 0.000725
  HOMO = -0.173639249712736  LUMO = -0.108275656855049
cycle= 13 E= -774.936569939792  delta_E= -1.43e-08  |g|= 5.89e-05  |ddm|= 0.000325
  HOMO = -0.173640730303063  LUMO = -0.108276651946517
cycle= 14 E= -774.936569940298  delta_E= -5.05e-10  |g|= 3.9e-05  |ddm|= 0.000111
  HOMO = -0.173640926310813  LUMO = -0.108277612737034
cycle= 15 E= -774.936569940235  delta_E= 6.3e-11  |g|= 3.97e-05  |ddm|= 0.00011
  HOMO = -0.173641423343481  LUMO = -0.10827710832251
cycle= 16 E= -774.936569940801  delta_E= -5.66e-10  |g|= 1.05e-05  |ddm|= 7.04e-05
  HOMO = -0.173641416003556  LUMO = -0.108277039646523
cycle= 17 E= -774.936569940824  delta_E= -2.32e-11  |g|= 6.28e-06  |ddm|= 1.52e-05
  HOMO = -0.173640908557512  LUMO = -0.108276570186861
Extra cycle  E= -774.936569940758  delta_E= 6.62e-11  |g|= 1.55e-05  |ddm|= 2.6e-05
converged SCF energy = -774.936569940758
AOs:  [0, 1, 2, 3, 4, 5, 6, 7, 8, 9, 10, 11, 12, 13, 14, 15, 16, 17, 18, 19, 20, 21, 22, 23, 24, 25, 26, 27, 28, 29, 30, 31, 32, 33, 34, 35, 36, 37, 38, 39, 40, 41, 42, 43, 44, 45, 46, 47, 48, 49, 50, 51, 52, 53, 54, 55, 56, 57, 58, 59, 60, 61, 62, 63]
64
Number of Active MOs:  16
Number of Environment MOs:  54
Number of Virtual MOs:  244
 # electrons:            α            β
         Env:  54.00000000  54.00000000
         Act:  16.00000000  16.00000000
         Vir:  -0.00000000  -0.00000000
Number of electrons in the active space:  32

 The density matrix is idempotent!

 The density matrix is idempotent!


******** <class 'pyscf.dft.rks.RKS'> ********
method = RKS-RHF
initial guess = minao
damping factor = 0
level_shift factor = 0
DIIS = <class 'pyscf.scf.diis.CDIIS'>
diis_start_cycle = 1
diis_space = 8
SCF conv_tol = 1e-09
SCF conv_tol_grad = 1e-05
SCF max_cycles = 200
direct_scf = True
direct_scf_tol = 1e-13
chkfile to save SCF result = subsys_scf.chk
max_memory 900000 MB (current use 10410 MB)
XC library pyscf.dft.libxc version 5.1.7
    S. Lehtola, C. Steigemann, M. J. Oliveira, and M. A. Marques, SoftwareX 7, 1 (2018)
XC functionals = b3lyp
    P. A. M. Dirac, Math. Proc. Cambridge Philos. Soc. 26, 376 (1930)
    F. Bloch, Z. Phys. 57, 545 (1929)
    A. D. Becke, Phys. Rev. A 38, 3098 (1988)
    C. Lee, W. Yang, and R. G. Parr, Phys. Rev. B 37, 785 (1988)
    B. Miehlich, A. Savin, H. Stoll, and H. Preuss, Chem. Phys. Lett. 157, 200 (1989)
    S. H. Vosko, L. Wilk, and M. Nusair, Can. J. Phys. 58, 1200 (1980)
small_rho_cutoff = 1e-07
init E= 995.285937853702
  HOMO = -0.182267510843504  LUMO = -0.108115662165272
cycle= 1 E= 995.285930344604  delta_E= -7.51e-06  |g|= 0.00106  |ddm|= 0.00808
  HOMO = -0.182143739864829  LUMO = -0.108061974252621
cycle= 2 E= 995.285931379791  delta_E= 1.04e-06  |g|= 0.00182  |ddm|= 0.0042
  HOMO = -0.182234340447513  LUMO = -0.108097644916815
cycle= 3 E= 995.28593012417  delta_E= -1.26e-06  |g|= 0.000515  |ddm|= 0.00364
  HOMO = -0.182231985115903  LUMO = -0.108105912559736
cycle= 4 E= 995.285930050477  delta_E= -7.37e-08  |g|= 0.000287  |ddm|= 0.00107
  HOMO = -0.182219986798717  LUMO = -0.108093447538429
cycle= 5 E= 995.28593002327  delta_E= -2.72e-08  |g|= 3.91e-05  |ddm|= 0.0004
  HOMO = -0.182221524588916  LUMO = -0.108095111388802
cycle= 6 E= 995.285930022981  delta_E= -2.89e-10  |g|= 1.34e-05  |ddm|= 6.43e-05
  HOMO = -0.18222142231291  LUMO = -0.108094995194656
cycle= 7 E= 995.285930022679  delta_E= -3.01e-10  |g|= 1.46e-06  |ddm|= 1.73e-05
  HOMO = -0.182221173045449  LUMO = -0.108094794409554
Extra cycle  E= 995.285930022927  delta_E= 2.48e-10  |g|= 1.59e-06  |ddm|= 4.03e-06
converged SCF energy = 995.285930022927
Difference in energy:  -0.07447920614441841
Total mean-field energy =  -774.9364512506874
time elapsed:  38.463749170303345
