

******** <class 'pyscf.dft.rks.RKS'> ********
method = RKS-RHF
initial guess = minao
damping factor = 0
level_shift factor = 0
DIIS = <class 'pyscf.scf.diis.CDIIS'>
diis_start_cycle = 1
diis_space = 8
SCF conv_tol = 1e-09
SCF conv_tol_grad = 1e-05
SCF max_cycles = 1000
direct_scf = True
direct_scf_tol = 1e-13
chkfile to save SCF result = scf.fchk
max_memory 900000 MB (current use 81 MB)
XC library pyscf.dft.libxc version 5.1.7
    S. Lehtola, C. Steigemann, M. J. Oliveira, and M. A. Marques, SoftwareX 7, 1 (2018)
XC functionals = b3lyp
    P. A. M. Dirac, Math. Proc. Cambridge Philos. Soc. 26, 376 (1930)
    F. Bloch, Z. Phys. 57, 545 (1929)
    A. D. Becke, Phys. Rev. A 38, 3098 (1988)
    C. Lee, W. Yang, and R. G. Parr, Phys. Rev. B 37, 785 (1988)
    B. Miehlich, A. Savin, H. Stoll, and H. Preuss, Chem. Phys. Lett. 157, 200 (1989)
    S. H. Vosko, L. Wilk, and M. Nusair, Can. J. Phys. 58, 1200 (1980)
small_rho_cutoff = 1e-07
init E= -777.150337469995
  HOMO = -0.221160501659441  LUMO = -0.188182106972723
cycle= 1 E= -774.612602111456  delta_E= 2.54  |g|= 1.05  |ddm|= 6.21
  HOMO = -0.0455567957441189  LUMO = -0.0136935422393088
cycle= 2 E= -770.318213587674  delta_E= 4.29  |g|= 2.94  |ddm|= 4.02
  HOMO = -0.131926906845407  LUMO = -0.070376960050786
cycle= 3 E= -774.673601276666  delta_E= -4.36  |g|= 0.769  |ddm|=  3.8
  HOMO = -0.148359624362194  LUMO = -0.120480355109605
cycle= 4 E= -774.706119144178  delta_E= -0.0325  |g|= 0.676  |ddm|= 2.12
  HOMO = -0.169058504218205  LUMO = -0.12713810339323
cycle= 5 E= -774.853750777946  delta_E= -0.148  |g|= 0.449  |ddm|= 1.62
  HOMO = -0.156105436529129  LUMO = -0.120493387579274
cycle= 6 E= -774.893666808092  delta_E= -0.0399  |g|= 0.233  |ddm|= 1.01
  HOMO = -0.162261907098263  LUMO = -0.119978110753489
cycle= 7 E= -774.914926566386  delta_E= -0.0213  |g|= 0.103  |ddm|= 0.37
  HOMO = -0.163204112937477  LUMO = -0.115866924466326
cycle= 8 E= -774.918030426659  delta_E= -0.0031  |g|= 0.0436  |ddm|= 0.122
  HOMO = -0.165295224063433  LUMO = -0.116721151422812
cycle= 9 E= -774.918607786223  delta_E= -0.000577  |g|= 0.0247  |ddm|= 0.0627
  HOMO = -0.165354360464671  LUMO = -0.116224493053837
cycle= 10 E= -774.918804650939  delta_E= -0.000197  |g|= 0.00713  |ddm|= 0.0315
  HOMO = -0.165244032798218  LUMO = -0.116139198630515
cycle= 11 E= -774.918819703006  delta_E= -1.51e-05  |g|= 0.00341  |ddm|= 0.00827
  HOMO = -0.165243156115338  LUMO = -0.116047989924204
cycle= 12 E= -774.918824620529  delta_E= -4.92e-06  |g|= 0.001  |ddm|= 0.00762
  HOMO = -0.165302501460691  LUMO = -0.116128042497807
cycle= 13 E= -774.918824971044  delta_E= -3.51e-07  |g|= 0.000236  |ddm|= 0.00147
  HOMO = -0.165303006289782  LUMO = -0.116144514749752
cycle= 14 E= -774.918824976186  delta_E= -5.14e-09  |g|= 0.000197  |ddm|= 0.000406
  HOMO = -0.165291261191553  LUMO = -0.116131951197203
cycle= 15 E= -774.918824986645  delta_E= -1.05e-08  |g|= 2.11e-05  |ddm|= 0.000239
  HOMO = -0.165290825788678  LUMO = -0.116132581766973
cycle= 16 E= -774.918824986765  delta_E= -1.19e-10  |g|= 1.48e-05  |ddm|= 4.34e-05
  HOMO = -0.165290836353087  LUMO = -0.116132906085165
cycle= 17 E= -774.918824986817  delta_E= -5.28e-11  |g|= 5.25e-06  |ddm|= 1.97e-05
  HOMO = -0.165291368831672  LUMO = -0.11613326761637
Extra cycle  E= -774.918824986709  delta_E= 1.08e-10  |g|= 1.77e-05  |ddm|= 3.55e-05
converged SCF energy = -774.918824986709
AOs:  [0, 1, 2, 3, 4, 5, 6, 7, 8, 9, 10, 11, 12, 13, 14, 15, 16, 17, 18, 19, 20, 21, 22, 23, 24, 25, 26, 27, 28, 29, 30, 31, 32, 33, 34, 35, 36, 37, 38, 39, 40, 41, 42, 43, 44, 45, 46, 47, 48, 49, 50, 51, 52, 53, 54, 55, 56, 57, 58, 59, 60, 61, 62, 63]
64
Number of Active MOs:  16
Number of Environment MOs:  54
Number of Virtual MOs:  244
 # electrons:            α            β
         Env:  54.00000000  54.00000000
         Act:  16.00000000  16.00000000
         Vir:   0.00000000   0.00000000
Number of electrons in the active space:  32

 The density matrix is idempotent!

 The density matrix is idempotent!


******** <class 'pyscf.dft.rks.RKS'> ********
method = RKS-RHF
initial guess = minao
damping factor = 0
level_shift factor = 0
DIIS = <class 'pyscf.scf.diis.CDIIS'>
diis_start_cycle = 1
diis_space = 8
SCF conv_tol = 1e-09
SCF conv_tol_grad = 1e-05
SCF max_cycles = 200
direct_scf = True
direct_scf_tol = 1e-13
chkfile to save SCF result = subsys_scf.chk
max_memory 900000 MB (current use 10407 MB)
XC library pyscf.dft.libxc version 5.1.7
    S. Lehtola, C. Steigemann, M. J. Oliveira, and M. A. Marques, SoftwareX 7, 1 (2018)
XC functionals = b3lyp
    P. A. M. Dirac, Math. Proc. Cambridge Philos. Soc. 26, 376 (1930)
    F. Bloch, Z. Phys. 57, 545 (1929)
    A. D. Becke, Phys. Rev. A 38, 3098 (1988)
    C. Lee, W. Yang, and R. G. Parr, Phys. Rev. B 37, 785 (1988)
    B. Miehlich, A. Savin, H. Stoll, and H. Preuss, Chem. Phys. Lett. 157, 200 (1989)
    S. H. Vosko, L. Wilk, and M. Nusair, Can. J. Phys. 58, 1200 (1980)
small_rho_cutoff = 1e-07
init E= 993.701835316643
  HOMO = -0.172515105190917  LUMO = -0.116045436690821
cycle= 1 E= 993.701830864998  delta_E= -4.45e-06  |g|= 0.00179  |ddm|= 0.00971
  HOMO = -0.172397498242133  LUMO = -0.116125916990399
cycle= 2 E= 993.701849474756  delta_E= 1.86e-05  |g|= 0.00644  |ddm|= 0.0164
  HOMO = -0.172496557887929  LUMO = -0.116086787615553
cycle= 3 E= 993.701829223606  delta_E= -2.03e-05  |g|= 0.000424  |ddm|= 0.0122
  HOMO = -0.172488377430121  LUMO = -0.11607304842233
cycle= 4 E= 993.701829157285  delta_E= -6.63e-08  |g|= 0.000147  |ddm|= 0.00079
  HOMO = -0.172491085062543  LUMO = -0.116074950315377
cycle= 5 E= 993.701829151571  delta_E= -5.71e-09  |g|= 5.42e-05  |ddm|= 0.000186
  HOMO = -0.172487890269586  LUMO = -0.116072784812258
cycle= 6 E= 993.70182915059  delta_E= -9.8e-10  |g|= 2.34e-05  |ddm|= 7.95e-05
  HOMO = -0.172489106546393  LUMO = -0.11607408761413
cycle= 7 E= 993.701829150163  delta_E= -4.28e-10  |g|= 3.99e-06  |ddm|= 3.16e-05
  HOMO = -0.172488621382843  LUMO = -0.116074014738193
Extra cycle  E= 993.701829150391  delta_E= 2.28e-10  |g|= 1.3e-05  |ddm|= 3.08e-05
converged SCF energy = 993.701829150391
Difference in energy:  0.10862423910294296
Total mean-field energy =  -774.9189980903078
time elapsed:  37.600263595581055
