

******** <class 'pyscf.dft.rks.RKS'> ********
method = RKS-RHF
initial guess = minao
damping factor = 0
level_shift factor = 0
DIIS = <class 'pyscf.scf.diis.CDIIS'>
diis_start_cycle = 1
diis_space = 8
SCF conv_tol = 1e-09
SCF conv_tol_grad = 1e-05
SCF max_cycles = 1000
direct_scf = True
direct_scf_tol = 1e-13
chkfile to save SCF result = scf.fchk
max_memory 900000 MB (current use 79 MB)
XC library pyscf.dft.libxc version 5.1.7
    S. Lehtola, C. Steigemann, M. J. Oliveira, and M. A. Marques, SoftwareX 7, 1 (2018)
XC functionals = b3lyp
    P. A. M. Dirac, Math. Proc. Cambridge Philos. Soc. 26, 376 (1930)
    F. Bloch, Z. Phys. 57, 545 (1929)
    A. D. Becke, Phys. Rev. A 38, 3098 (1988)
    C. Lee, W. Yang, and R. G. Parr, Phys. Rev. B 37, 785 (1988)
    B. Miehlich, A. Savin, H. Stoll, and H. Preuss, Chem. Phys. Lett. 157, 200 (1989)
    S. H. Vosko, L. Wilk, and M. Nusair, Can. J. Phys. 58, 1200 (1980)
small_rho_cutoff = 1e-07
init E= -777.150152729017
  HOMO = -0.219610925477561  LUMO = -0.189527613546375
cycle= 1 E= -774.590395999586  delta_E= 2.56  |g|= 1.06  |ddm|= 6.21
  HOMO = -0.0398795207517107  LUMO = -0.00409396471708834
cycle= 2 E= -770.056873825175  delta_E= 4.53  |g|= 2.98  |ddm|= 4.11
  HOMO = -0.123949651863208  LUMO = -0.0751235715435269
cycle= 3 E= -774.664122330733  delta_E= -4.61  |g|= 0.766  |ddm|= 3.88
  HOMO = -0.13979299726404  LUMO = -0.120412805453865
cycle= 4 E= -774.607670462801  delta_E= 0.0565  |g|= 0.771  |ddm|= 2.31
  HOMO = -0.162650989126911  LUMO = -0.133459199967734
cycle= 5 E= -774.818464720348  delta_E= -0.211  |g|= 0.511  |ddm|=    2
  HOMO = -0.148519097937298  LUMO = -0.125748859838336
cycle= 6 E= -774.830966751796  delta_E= -0.0125  |g|= 0.397  |ddm|= 1.51
  HOMO = -0.153733779791528  LUMO = -0.126998123923699
cycle= 7 E= -774.900279560294  delta_E= -0.0693  |g|= 0.147  |ddm|= 0.608
  HOMO = -0.155932976365513  LUMO = -0.12086006768907
cycle= 8 E= -774.904667079021  delta_E= -0.00439  |g|= 0.109  |ddm|= 0.154
  HOMO = -0.160097099517877  LUMO = -0.121419182588968
cycle= 9 E= -774.907927194166  delta_E= -0.00326  |g|= 0.0671  |ddm|= 0.118
  HOMO = -0.160271346823279  LUMO = -0.120267688472172
cycle= 10 E= -774.909131305787  delta_E= -0.0012  |g|= 0.0363  |ddm|= 0.061
  HOMO = -0.160413553225735  LUMO = -0.120190917008373
cycle= 11 E= -774.909628959274  delta_E= -0.000498  |g|= 0.0163  |ddm|= 0.0431
  HOMO = -0.160633204616271  LUMO = -0.120172903288992
cycle= 12 E= -774.909736997449  delta_E= -0.000108  |g|= 0.00403  |ddm|= 0.0358
  HOMO = -0.160730208386165  LUMO = -0.120395897268526
cycle= 13 E= -774.90974364703  delta_E= -6.65e-06  |g|= 0.00155  |ddm|= 0.00917
  HOMO = -0.160703144259352  LUMO = -0.120403844772051
cycle= 14 E= -774.909744068823  delta_E= -4.22e-07  |g|= 0.00108  |ddm|= 0.00212
  HOMO = -0.160680813536594  LUMO = -0.120355432015881
cycle= 15 E= -774.909744405843  delta_E= -3.37e-07  |g|= 0.000425  |ddm|= 0.00121
  HOMO = -0.160694254905235  LUMO = -0.12036555013706
cycle= 16 E= -774.909744484377  delta_E= -7.85e-08  |g|= 7.35e-05  |ddm|= 0.000794
  HOMO = -0.160691931318014  LUMO = -0.120365421297663
cycle= 17 E= -774.909744485578  delta_E= -1.2e-09  |g|= 3.67e-05  |ddm|= 0.000116
  HOMO = -0.160691758774158  LUMO = -0.120366603115005
cycle= 18 E= -774.909744485929  delta_E= -3.51e-10  |g|= 1.64e-05  |ddm|= 5.7e-05
  HOMO = -0.160691098119111  LUMO = -0.120366476169984
cycle= 19 E= -774.909744486041  delta_E= -1.12e-10  |g|= 5.49e-06  |ddm|= 2.66e-05
  HOMO = -0.160690943343272  LUMO = -0.120366916399933
Extra cycle  E= -774.909744485875  delta_E= 1.66e-10  |g|= 2.07e-05  |ddm|= 4.37e-05
converged SCF energy = -774.909744485875
AOs:  [0, 1, 2, 3, 4, 5, 6, 7, 8, 9, 10, 11, 12, 13, 14, 15, 16, 17, 18, 19, 20, 21, 22, 23, 24, 25, 26, 27, 28, 29, 30, 31, 32, 33, 34, 35, 36, 37, 38, 39, 40, 41, 42, 43, 44, 45, 46, 47, 48, 49, 50, 51, 52, 53, 54, 55, 56, 57, 58, 59, 60, 61, 62, 63]
64
Number of Active MOs:  16
Number of Environment MOs:  54
Number of Virtual MOs:  244
 # electrons:            α            β
         Env:  54.00000000  54.00000000
         Act:  16.00000000  16.00000000
         Vir:  -0.00000000  -0.00000000
Number of electrons in the active space:  32

 The density matrix is idempotent!

 The density matrix is idempotent!


******** <class 'pyscf.dft.rks.RKS'> ********
method = RKS-RHF
initial guess = minao
damping factor = 0
level_shift factor = 0
DIIS = <class 'pyscf.scf.diis.CDIIS'>
diis_start_cycle = 1
diis_space = 8
SCF conv_tol = 1e-09
SCF conv_tol_grad = 1e-05
SCF max_cycles = 200
direct_scf = True
direct_scf_tol = 1e-13
chkfile to save SCF result = subsys_scf.chk
max_memory 900000 MB (current use 10406 MB)
XC library pyscf.dft.libxc version 5.1.7
    S. Lehtola, C. Steigemann, M. J. Oliveira, and M. A. Marques, SoftwareX 7, 1 (2018)
XC functionals = b3lyp
    P. A. M. Dirac, Math. Proc. Cambridge Philos. Soc. 26, 376 (1930)
    F. Bloch, Z. Phys. 57, 545 (1929)
    A. D. Becke, Phys. Rev. A 38, 3098 (1988)
    C. Lee, W. Yang, and R. G. Parr, Phys. Rev. B 37, 785 (1988)
    B. Miehlich, A. Savin, H. Stoll, and H. Preuss, Chem. Phys. Lett. 157, 200 (1989)
    S. H. Vosko, L. Wilk, and M. Nusair, Can. J. Phys. 58, 1200 (1980)
small_rho_cutoff = 1e-07
init E= 992.926242876282
  HOMO = -0.167246259567376  LUMO = -0.120267741415921
cycle= 1 E= 992.926234000155  delta_E= -8.88e-06  |g|= 0.00231  |ddm|= 0.0125
  HOMO = -0.167026311993294  LUMO = -0.120294363494342
cycle= 2 E= 992.926270289  delta_E= 3.63e-05  |g|= 0.00881  |ddm|= 0.0226
  HOMO = -0.167177979714536  LUMO = -0.120259202658036
cycle= 3 E= 992.926231551116  delta_E= -3.87e-05  |g|= 0.000469  |ddm|= 0.018
  HOMO = -0.167183813642428  LUMO = -0.12025786184298
cycle= 4 E= 992.926231524493  delta_E= -2.66e-08  |g|= 0.000296  |ddm|= 0.000931
  HOMO = -0.167178866415943  LUMO = -0.12025711182591
cycle= 5 E= 992.92623148786  delta_E= -3.66e-08  |g|= 3.11e-05  |ddm|= 0.000432
  HOMO = -0.167179883150279  LUMO = -0.120258317811141
cycle= 6 E= 992.926231487698  delta_E= -1.62e-10  |g|= 1.5e-05  |ddm|= 5.31e-05
  HOMO = -0.167178874307278  LUMO = -0.120257470361202
cycle= 7 E= 992.926231487341  delta_E= -3.57e-10  |g|= 5.09e-06  |ddm|= 2.04e-05
  HOMO = -0.167179306803665  LUMO = -0.120258041418614
Extra cycle  E= 992.926231487373  delta_E= 3.19e-11  |g|= 1.34e-05  |ddm|= 2.89e-05
converged SCF energy = 992.926231487373
Difference in energy:  0.11997040992928419
Total mean-field energy =  -774.9099356707326
time elapsed:  40.69039726257324
