

******** <class 'pyscf.dft.rks.RKS'> ********
method = RKS-RHF
initial guess = minao
damping factor = 0
level_shift factor = 0
DIIS = <class 'pyscf.scf.diis.CDIIS'>
diis_start_cycle = 1
diis_space = 8
SCF conv_tol = 1e-09
SCF conv_tol_grad = 1e-05
SCF max_cycles = 1000
direct_scf = True
direct_scf_tol = 1e-13
chkfile to save SCF result = scf.fchk
max_memory 900000 MB (current use 79 MB)
XC library pyscf.dft.libxc version 5.1.7
    S. Lehtola, C. Steigemann, M. J. Oliveira, and M. A. Marques, SoftwareX 7, 1 (2018)
XC functionals = b3lyp
    P. A. M. Dirac, Math. Proc. Cambridge Philos. Soc. 26, 376 (1930)
    F. Bloch, Z. Phys. 57, 545 (1929)
    A. D. Becke, Phys. Rev. A 38, 3098 (1988)
    C. Lee, W. Yang, and R. G. Parr, Phys. Rev. B 37, 785 (1988)
    B. Miehlich, A. Savin, H. Stoll, and H. Preuss, Chem. Phys. Lett. 157, 200 (1989)
    S. H. Vosko, L. Wilk, and M. Nusair, Can. J. Phys. 58, 1200 (1980)
small_rho_cutoff = 1e-07
init E= -777.150122124015
  HOMO = -0.219406092909273  LUMO = -0.189702762181172
cycle= 1 E= -774.58709081705  delta_E= 2.56  |g|= 1.06  |ddm|= 6.21
  HOMO = -0.037746386240598  LUMO = -0.0027120488120644
cycle= 2 E= -770.027843770182  delta_E= 4.56  |g|= 2.99  |ddm|= 4.12
  HOMO = -0.122500054786147  LUMO = -0.0760152941522593
cycle= 3 E= -774.662252679578  delta_E= -4.63  |g|= 0.765  |ddm|= 3.89
  HOMO = -0.138091842340877  LUMO = -0.120041713756467
cycle= 4 E= -774.591430356942  delta_E= 0.0708  |g|= 0.785  |ddm|= 2.35
  HOMO = -0.161280393084493  LUMO = -0.134660056577772
cycle= 5 E= -774.81026483552  delta_E= -0.219  |g|= 0.522  |ddm|= 2.07
  HOMO = -0.147087691046346  LUMO = -0.126598908910603
cycle= 6 E= -774.802691732355  delta_E= 0.00757  |g|= 0.451  |ddm|= 1.68
  HOMO = -0.151387526970779  LUMO = -0.128864960821306
cycle= 7 E= -774.896213161874  delta_E= -0.0935  |g|= 0.16  |ddm|= 0.716
  HOMO = -0.154218411406747  LUMO = -0.122050337342288
cycle= 8 E= -774.90112216989  delta_E= -0.00491  |g|= 0.126  |ddm|= 0.162
  HOMO = -0.158822683175445  LUMO = -0.122374006274822
cycle= 9 E= -774.904760778601  delta_E= -0.00364  |g|= 0.0871  |ddm|= 0.122
  HOMO = -0.159089714461508  LUMO = -0.120994205828051
cycle= 10 E= -774.906499231379  delta_E= -0.00174  |g|= 0.0553  |ddm|= 0.0676
  HOMO = -0.159336221801343  LUMO = -0.120943145282057
cycle= 11 E= -774.907670352137  delta_E= -0.00117  |g|= 0.0246  |ddm|= 0.0673
  HOMO = -0.15959198950456  LUMO = -0.120940364518197
cycle= 12 E= -774.907914123621  delta_E= -0.000244  |g|= 0.00597  |ddm|= 0.0492
  HOMO = -0.15979541294377  LUMO = -0.121298175737858
cycle= 13 E= -774.907922959213  delta_E= -8.84e-06  |g|= 0.00334  |ddm|= 0.0126
  HOMO = -0.159750504700376  LUMO = -0.121278234549038
cycle= 14 E= -774.907925405057  delta_E= -2.45e-06  |g|= 0.00207  |ddm|= 0.0036
  HOMO = -0.159724777468653  LUMO = -0.121212100125943
cycle= 15 E= -774.907926947009  delta_E= -1.54e-06  |g|= 0.0007  |ddm|= 0.00264
  HOMO = -0.159748633700803  LUMO = -0.121231669802393
cycle= 16 E= -774.907927159086  delta_E= -2.12e-07  |g|= 0.000115  |ddm|= 0.00145
  HOMO = -0.159743159886898  LUMO = -0.121230433711714
cycle= 17 E= -774.907927162154  delta_E= -3.07e-09  |g|= 7.23e-05  |ddm|= 0.000207
  HOMO = -0.15974321356914  LUMO = -0.121232606450932
cycle= 18 E= -774.907927163498  delta_E= -1.34e-09  |g|= 2.75e-05  |ddm|= 9.19e-05
  HOMO = -0.159742020018947  LUMO = -0.121232271390352
cycle= 19 E= -774.907927163826  delta_E= -3.29e-10  |g|= 6.32e-06  |ddm|= 4.76e-05
  HOMO = -0.159742146755962  LUMO = -0.121233226989571
Extra cycle  E= -774.907927163665  delta_E= 1.61e-10  |g|= 2.08e-05  |ddm|= 4.69e-05
converged SCF energy = -774.907927163665
AOs:  [0, 1, 2, 3, 4, 5, 6, 7, 8, 9, 10, 11, 12, 13, 14, 15, 16, 17, 18, 19, 20, 21, 22, 23, 24, 25, 26, 27, 28, 29, 30, 31, 32, 33, 34, 35, 36, 37, 38, 39, 40, 41, 42, 43, 44, 45, 46, 47, 48, 49, 50, 51, 52, 53, 54, 55, 56, 57, 58, 59, 60, 61, 62, 63]
64
Number of Active MOs:  16
Number of Environment MOs:  54
Number of Virtual MOs:  244
 # electrons:            α            β
         Env:  54.00000000  54.00000000
         Act:  16.00000000  16.00000000
         Vir:  -0.00000000  -0.00000000
Number of electrons in the active space:  32

 The density matrix is idempotent!

 The density matrix is idempotent!


******** <class 'pyscf.dft.rks.RKS'> ********
method = RKS-RHF
initial guess = minao
damping factor = 0
level_shift factor = 0
DIIS = <class 'pyscf.scf.diis.CDIIS'>
diis_start_cycle = 1
diis_space = 8
SCF conv_tol = 1e-09
SCF conv_tol_grad = 1e-05
SCF max_cycles = 200
direct_scf = True
direct_scf_tol = 1e-13
chkfile to save SCF result = subsys_scf.chk
max_memory 900000 MB (current use 10406 MB)
XC library pyscf.dft.libxc version 5.1.7
    S. Lehtola, C. Steigemann, M. J. Oliveira, and M. A. Marques, SoftwareX 7, 1 (2018)
XC functionals = b3lyp
    P. A. M. Dirac, Math. Proc. Cambridge Philos. Soc. 26, 376 (1930)
    F. Bloch, Z. Phys. 57, 545 (1929)
    A. D. Becke, Phys. Rev. A 38, 3098 (1988)
    C. Lee, W. Yang, and R. G. Parr, Phys. Rev. B 37, 785 (1988)
    B. Miehlich, A. Savin, H. Stoll, and H. Preuss, Chem. Phys. Lett. 157, 200 (1989)
    S. H. Vosko, L. Wilk, and M. Nusair, Can. J. Phys. 58, 1200 (1980)
small_rho_cutoff = 1e-07
init E= 992.773450317573
  HOMO = -0.166169665013312  LUMO = -0.121127499204094
cycle= 1 E= 992.773439323242  delta_E= -1.1e-05  |g|= 0.00245  |ddm|= 0.0133
  HOMO = -0.165928833026578  LUMO = -0.121139290745735
cycle= 2 E= 992.773479563679  delta_E= 4.02e-05  |g|= 0.00925  |ddm|= 0.0237
  HOMO = -0.16609130770851  LUMO = -0.121105408896714
cycle= 3 E= 992.773436718708  delta_E= -4.28e-05  |g|= 0.000524  |ddm|= 0.0193
  HOMO = -0.166101219571243  LUMO = -0.121109608076273
cycle= 4 E= 992.773436693516  delta_E= -2.52e-08  |g|= 0.000332  |ddm|= 0.000893
  HOMO = -0.166092765092557  LUMO = -0.121106463390632
cycle= 5 E= 992.77343664605  delta_E= -4.75e-08  |g|= 3.98e-05  |ddm|= 0.000505
  HOMO = -0.16609500357573  LUMO = -0.12110865917026
cycle= 6 E= 992.773436645961  delta_E= -8.9e-11  |g|= 2.56e-05  |ddm|= 7.09e-05
  HOMO = -0.166093528817015  LUMO = -0.121107420262438
cycle= 7 E= 992.773436645892  delta_E= -6.84e-11  |g|= 3.94e-06  |ddm|= 3.08e-05
  HOMO = -0.166093625155929  LUMO = -0.121107713102367
Extra cycle  E= 992.773436645855  delta_E= -3.68e-11  |g|= 1.13e-05  |ddm|= 2.71e-05
converged SCF energy = 992.773436645855
Difference in energy:  0.11453457907211714
Total mean-field energy =  -774.908109685982
time elapsed:  42.34641361236572
