

******** <class 'pyscf.dft.rks.RKS'> ********
method = RKS-RHF
initial guess = minao
damping factor = 0
level_shift factor = 0
DIIS = <class 'pyscf.scf.diis.CDIIS'>
diis_start_cycle = 1
diis_space = 8
SCF conv_tol = 1e-09
SCF conv_tol_grad = 1e-05
SCF max_cycles = 1000
direct_scf = True
direct_scf_tol = 1e-13
chkfile to save SCF result = scf.fchk
max_memory 900000 MB (current use 79 MB)
XC library pyscf.dft.libxc version 5.1.7
    S. Lehtola, C. Steigemann, M. J. Oliveira, and M. A. Marques, SoftwareX 7, 1 (2018)
XC functionals = b3lyp
    P. A. M. Dirac, Math. Proc. Cambridge Philos. Soc. 26, 376 (1930)
    F. Bloch, Z. Phys. 57, 545 (1929)
    A. D. Becke, Phys. Rev. A 38, 3098 (1988)
    C. Lee, W. Yang, and R. G. Parr, Phys. Rev. B 37, 785 (1988)
    B. Miehlich, A. Savin, H. Stoll, and H. Preuss, Chem. Phys. Lett. 157, 200 (1989)
    S. H. Vosko, L. Wilk, and M. Nusair, Can. J. Phys. 58, 1200 (1980)
small_rho_cutoff = 1e-07
init E= -777.150066905495
  HOMO = -0.219119519942402  LUMO = -0.189942400009882
cycle= 1 E= -774.582386934203  delta_E= 2.57  |g|= 1.06  |ddm|= 6.21
  HOMO = -0.0347401748200803  LUMO = -0.000797292969351837
cycle= 2 E= -769.988855142866  delta_E= 4.59  |g|=    3  |ddm|= 4.14
  HOMO = -0.120309766323031  LUMO = -0.0773644882750128
cycle= 3 E= -774.65864281485  delta_E= -4.67  |g|= 0.765  |ddm|=  3.9
  HOMO = -0.135397076524501  LUMO = -0.119270434408616
cycle= 4 E= -774.567946610844  delta_E= 0.0907  |g|= 0.805  |ddm|= 2.39
  HOMO = -0.15889353851407  LUMO = -0.136690361639082
cycle= 5 E= -774.792956017146  delta_E= -0.225  |g|= 0.542  |ddm|= 2.19
  HOMO = -0.144858965182975  LUMO = -0.127641335662917
cycle= 6 E= -774.723299628877  delta_E= 0.0697  |g|= 0.56  |ddm|= 2.05
  HOMO = -0.146066440838751  LUMO = -0.133604062173149
cycle= 7 E= -774.888430019248  delta_E= -0.165  |g|= 0.182  |ddm|= 1.07
  HOMO = -0.15087150788168  LUMO = -0.125192620447933
cycle= 8 E= -774.896529177578  delta_E= -0.0081  |g|= 0.134  |ddm|= 0.183
  HOMO = -0.156030656252749  LUMO = -0.124648647588854
cycle= 9 E= -774.895375167624  delta_E= 0.00115  |g|= 0.143  |ddm|= 0.127
  HOMO = -0.156627296039413  LUMO = -0.12245839867093
cycle= 10 E= -774.896883776568  delta_E= -0.00151  |g|= 0.126  |ddm|= 0.0662
  HOMO = -0.156390735946119  LUMO = -0.122291801672132
cycle= 11 E= -774.900201406584  delta_E= -0.00332  |g|= 0.0971  |ddm|= 0.0803
  HOMO = -0.156101298852692  LUMO = -0.121373459771052
cycle= 12 E= -774.903065360704  delta_E= -0.00286  |g|= 0.0585  |ddm|=  0.1
  HOMO = -0.157861674333968  LUMO = -0.123885252343793
cycle= 13 E= -774.903659198661  delta_E= -0.000594  |g|= 0.0389  |ddm|= 0.0426
  HOMO = -0.157872510053146  LUMO = -0.122978270550811
cycle= 14 E= -774.90423347297  delta_E= -0.000574  |g|= 0.0119  |ddm|= 0.0476
  HOMO = -0.157758366545972  LUMO = -0.122787418920189
cycle= 15 E= -774.90429457228  delta_E= -6.11e-05  |g|= 0.00375  |ddm|= 0.0184
  HOMO = -0.157877028404006  LUMO = -0.122966084118612
cycle= 16 E= -774.904298994019  delta_E= -4.42e-06  |g|= 0.00148  |ddm|= 0.00905
  HOMO = -0.157826071051419  LUMO = -0.122974174219523
cycle= 17 E= -774.904299923064  delta_E= -9.29e-07  |g|= 0.000561  |ddm|= 0.00254
  HOMO = -0.157823610459374  LUMO = -0.12298064684471
cycle= 18 E= -774.90429999737  delta_E= -7.43e-08  |g|= 0.000303  |ddm|= 0.000911
  HOMO = -0.157813967419426  LUMO = -0.122973349006569
cycle= 19 E= -774.904300011152  delta_E= -1.38e-08  |g|= 0.000216  |ddm|= 0.000625
  HOMO = -0.157817093853424  LUMO = -0.122979325170175
cycle= 20 E= -774.904300026563  delta_E= -1.54e-08  |g|= 6.69e-05  |ddm|= 0.000259
  HOMO = -0.157818251219081  LUMO = -0.122982043252477
cycle= 21 E= -774.904300028399  delta_E= -1.84e-09  |g|= 2.21e-05  |ddm|= 0.000143
  HOMO = -0.157816960764986  LUMO = -0.122981015365263
cycle= 22 E= -774.904300028523  delta_E= -1.24e-10  |g|= 3.84e-06  |ddm|= 2.45e-05
  HOMO = -0.157817465270777  LUMO = -0.122981647446234
Extra cycle  E= -774.904300028505  delta_E= 1.8e-11  |g|= 7.85e-06  |ddm|= 1.5e-05
converged SCF energy = -774.904300028505
AOs:  [0, 1, 2, 3, 4, 5, 6, 7, 8, 9, 10, 11, 12, 13, 14, 15, 16, 17, 18, 19, 20, 21, 22, 23, 24, 25, 26, 27, 28, 29, 30, 31, 32, 33, 34, 35, 36, 37, 38, 39, 40, 41, 42, 43, 44, 45, 46, 47, 48, 49, 50, 51, 52, 53, 54, 55, 56, 57, 58, 59, 60, 61, 62, 63]
64
Number of Active MOs:  16
Number of Environment MOs:  54
Number of Virtual MOs:  244
 # electrons:            α            β
         Env:  54.00000000  54.00000000
         Act:  16.00000000  16.00000000
         Vir:  -0.00000000  -0.00000000
Number of electrons in the active space:  32

 The density matrix is idempotent!

 The density matrix is idempotent!


******** <class 'pyscf.dft.rks.RKS'> ********
method = RKS-RHF
initial guess = minao
damping factor = 0
level_shift factor = 0
DIIS = <class 'pyscf.scf.diis.CDIIS'>
diis_start_cycle = 1
diis_space = 8
SCF conv_tol = 1e-09
SCF conv_tol_grad = 1e-05
SCF max_cycles = 200
direct_scf = True
direct_scf_tol = 1e-13
chkfile to save SCF result = subsys_scf.chk
max_memory 900000 MB (current use 10413 MB)
XC library pyscf.dft.libxc version 5.1.7
    S. Lehtola, C. Steigemann, M. J. Oliveira, and M. A. Marques, SoftwareX 7, 1 (2018)
XC functionals = b3lyp
    P. A. M. Dirac, Math. Proc. Cambridge Philos. Soc. 26, 376 (1930)
    F. Bloch, Z. Phys. 57, 545 (1929)
    A. D. Becke, Phys. Rev. A 38, 3098 (1988)
    C. Lee, W. Yang, and R. G. Parr, Phys. Rev. B 37, 785 (1988)
    B. Miehlich, A. Savin, H. Stoll, and H. Preuss, Chem. Phys. Lett. 157, 200 (1989)
    S. H. Vosko, L. Wilk, and M. Nusair, Can. J. Phys. 58, 1200 (1980)
small_rho_cutoff = 1e-07
init E= 992.470688907619
  HOMO = -0.163992864329036  LUMO = -0.122850599461656
cycle= 1 E= 992.470672329969  delta_E= -1.66e-05  |g|= 0.00227  |ddm|= 0.0142
  HOMO = -0.163725853721338  LUMO = -0.122822046657291
cycle= 2 E= 992.470711292072  delta_E= 3.9e-05  |g|= 0.00902  |ddm|= 0.0233
  HOMO = -0.163892031343197  LUMO = -0.12279891889847
cycle= 3 E= 992.470670173708  delta_E= -4.11e-05  |g|= 0.000537  |ddm|= 0.0194
  HOMO = -0.163920461662889  LUMO = -0.12282103861059
cycle= 4 E= 992.470670154431  delta_E= -1.93e-08  |g|= 0.000396  |ddm|= 0.000926
  HOMO = -0.163899757507908  LUMO = -0.122806275702668
cycle= 5 E= 992.470670096984  delta_E= -5.74e-08  |g|= 9.89e-05  |ddm|= 0.00055
  HOMO = -0.163903668593805  LUMO = -0.122810424048712
cycle= 6 E= 992.470670093456  delta_E= -3.53e-09  |g|= 2.18e-05  |ddm|= 0.000146
  HOMO = -0.163902584234407  LUMO = -0.122809552977626
cycle= 7 E= 992.470670093089  delta_E= -3.67e-10  |g|= 3.58e-06  |ddm|= 2.95e-05
  HOMO = -0.163902601689295  LUMO = -0.122809769147862
Extra cycle  E= 992.470670093079  delta_E= -1.05e-11  |g|= 1.08e-05  |ddm|= 2.71e-05
converged SCF energy = 992.470670093079
Difference in energy:  0.09011246440040964
Total mean-field energy =  -774.9044436317375
time elapsed:  48.39270901679993
