

******** <class 'pyscf.dft.rks.RKS'> ********
method = RKS-RHF
initial guess = minao
damping factor = 0
level_shift factor = 0
DIIS = <class 'pyscf.scf.diis.CDIIS'>
diis_start_cycle = 1
diis_space = 8
SCF conv_tol = 1e-09
SCF conv_tol_grad = 1e-05
SCF max_cycles = 1000
direct_scf = True
direct_scf_tol = 1e-13
chkfile to save SCF result = scf.fchk
max_memory 900000 MB (current use 79 MB)
XC library pyscf.dft.libxc version 5.1.7
    S. Lehtola, C. Steigemann, M. J. Oliveira, and M. A. Marques, SoftwareX 7, 1 (2018)
XC functionals = b3lyp
    P. A. M. Dirac, Math. Proc. Cambridge Philos. Soc. 26, 376 (1930)
    F. Bloch, Z. Phys. 57, 545 (1929)
    A. D. Becke, Phys. Rev. A 38, 3098 (1988)
    C. Lee, W. Yang, and R. G. Parr, Phys. Rev. B 37, 785 (1988)
    B. Miehlich, A. Savin, H. Stoll, and H. Preuss, Chem. Phys. Lett. 157, 200 (1989)
    S. H. Vosko, L. Wilk, and M. Nusair, Can. J. Phys. 58, 1200 (1980)
small_rho_cutoff = 1e-07
init E= -777.150042260123
  HOMO = -0.219040941186034  LUMO = -0.190003952189383
cycle= 1 E= -774.581142747461  delta_E= 2.57  |g|= 1.06  |ddm|= 6.21
  HOMO = -0.0339679240257124  LUMO = -0.000264362811409204
cycle= 2 E= -769.979522893266  delta_E=  4.6  |g|=    3  |ddm|= 4.14
  HOMO = -0.119683211869754  LUMO = -0.0777357108924515
cycle= 3 E= -774.657395079569  delta_E= -4.68  |g|= 0.764  |ddm|= 3.91
  HOMO = -0.134609901204576  LUMO = -0.119023662409872
cycle= 4 E= -774.561670255382  delta_E= 0.0957  |g|= 0.81  |ddm|= 2.41
  HOMO = -0.158136465210572  LUMO = -0.137325428492158
cycle= 5 E= -774.785905031703  delta_E= -0.224  |g|= 0.549  |ddm|= 2.24
  HOMO = -0.144253710967085  LUMO = -0.127781517979493
cycle= 6 E= -774.687430391148  delta_E= 0.0985  |g|= 0.595  |ddm|= 2.19
  HOMO = -0.143165153684101  LUMO = -0.136576044810515
cycle= 7 E= -774.887650018108  delta_E= -0.2  |g|= 0.175  |ddm|= 1.33
  HOMO = -0.14980946145122  LUMO = -0.127368037680697
cycle= 8 E= -774.900142317995  delta_E= -0.0125  |g|= 0.0743  |ddm|= 0.253
  HOMO = -0.155919208176313  LUMO = -0.126030411828518
cycle= 9 E= -774.89779622481  delta_E= 0.00235  |g|= 0.106  |ddm|= 0.149
  HOMO = -0.156005574664592  LUMO = -0.123543530378376
cycle= 10 E= -774.898853941411  delta_E= -0.00106  |g|= 0.088  |ddm|= 0.0682
  HOMO = -0.156137526471323  LUMO = -0.1232965194871
cycle= 11 E= -774.900654602278  delta_E= -0.0018  |g|= 0.0648  |ddm|= 0.062
  HOMO = -0.155888722858325  LUMO = -0.123096594329576
cycle= 12 E= -774.901922081828  delta_E= -0.00127  |g|= 0.0393  |ddm|= 0.0641
  HOMO = -0.15694114453585  LUMO = -0.124833421673675
cycle= 13 E= -774.902170093323  delta_E= -0.000248  |g|= 0.0273  |ddm|= 0.0301
  HOMO = -0.156712382423235  LUMO = -0.123804117585149
cycle= 14 E= -774.902424268613  delta_E= -0.000254  |g|= 0.0121  |ddm|= 0.0276
  HOMO = -0.156803272043485  LUMO = -0.123749141038302
cycle= 15 E= -774.902489278007  delta_E= -6.5e-05  |g|= 0.00283  |ddm|= 0.0195
  HOMO = -0.156912104090585  LUMO = -0.123871483223895
cycle= 16 E= -774.902491668853  delta_E= -2.39e-06  |g|= 0.00139  |ddm|= 0.00778
  HOMO = -0.156848155903395  LUMO = -0.123856206336158
cycle= 17 E= -774.902492493313  delta_E= -8.24e-07  |g|= 0.000385  |ddm|= 0.00221
  HOMO = -0.156842346873505  LUMO = -0.123859567869639
cycle= 18 E= -774.902492560758  delta_E= -6.74e-08  |g|= 0.000144  |ddm|= 0.000851
  HOMO = -0.156839618450173  LUMO = -0.123859302840186
cycle= 19 E= -774.902492562254  delta_E= -1.5e-09  |g|= 0.000108  |ddm|= 0.000285
  HOMO = -0.156842401311412  LUMO = -0.123862800775773
cycle= 20 E= -774.902492566633  delta_E= -4.38e-09  |g|= 3.73e-05  |ddm|= 0.000142
  HOMO = -0.156842354093058  LUMO = -0.12386333031991
cycle= 21 E= -774.902492567168  delta_E= -5.35e-10  |g|= 1.1e-05  |ddm|= 8.21e-05
  HOMO = -0.15684185000587  LUMO = -0.123862980058597
cycle= 22 E= -774.902492567202  delta_E= -3.39e-11  |g|= 3.5e-06  |ddm|= 1.2e-05
  HOMO = -0.156841547100269  LUMO = -0.123863123356554
Extra cycle  E= -774.90249256706  delta_E= 1.42e-10  |g|= 1.82e-05  |ddm|= 4.01e-05
converged SCF energy = -774.90249256706
AOs:  [0, 1, 2, 3, 4, 5, 6, 7, 8, 9, 10, 11, 12, 13, 14, 15, 16, 17, 18, 19, 20, 21, 22, 23, 24, 25, 26, 27, 28, 29, 30, 31, 32, 33, 34, 35, 36, 37, 38, 39, 40, 41, 42, 43, 44, 45, 46, 47, 48, 49, 50, 51, 52, 53, 54, 55, 56, 57, 58, 59, 60, 61, 62, 63]
64
Number of Active MOs:  16
Number of Environment MOs:  54
Number of Virtual MOs:  244
 # electrons:            α            β
         Env:  54.00000000  54.00000000
         Act:  16.00000000  16.00000000
         Vir:   0.00000000   0.00000000
Number of electrons in the active space:  32

 The density matrix is idempotent!

 The density matrix is idempotent!


******** <class 'pyscf.dft.rks.RKS'> ********
method = RKS-RHF
initial guess = minao
damping factor = 0
level_shift factor = 0
DIIS = <class 'pyscf.scf.diis.CDIIS'>
diis_start_cycle = 1
diis_space = 8
SCF conv_tol = 1e-09
SCF conv_tol_grad = 1e-05
SCF max_cycles = 200
direct_scf = True
direct_scf_tol = 1e-13
chkfile to save SCF result = subsys_scf.chk
max_memory 900000 MB (current use 10680 MB)
XC library pyscf.dft.libxc version 5.1.7
    S. Lehtola, C. Steigemann, M. J. Oliveira, and M. A. Marques, SoftwareX 7, 1 (2018)
XC functionals = b3lyp
    P. A. M. Dirac, Math. Proc. Cambridge Philos. Soc. 26, 376 (1930)
    F. Bloch, Z. Phys. 57, 545 (1929)
    A. D. Becke, Phys. Rev. A 38, 3098 (1988)
    C. Lee, W. Yang, and R. G. Parr, Phys. Rev. B 37, 785 (1988)
    B. Miehlich, A. Savin, H. Stoll, and H. Preuss, Chem. Phys. Lett. 157, 200 (1989)
    S. H. Vosko, L. Wilk, and M. Nusair, Can. J. Phys. 58, 1200 (1980)
small_rho_cutoff = 1e-07
init E= 992.320794627629
  HOMO = -0.162900245755766  LUMO = -0.123717877288513
cycle= 1 E= 992.320776591208  delta_E= -1.8e-05  |g|= 0.00223  |ddm|= 0.0144
  HOMO = -0.162607381649882  LUMO = -0.123673776019389
cycle= 2 E= 992.320821074937  delta_E= 4.45e-05  |g|= 0.00959  |ddm|= 0.0248
  HOMO = -0.162783737592644  LUMO = -0.123654377625551
cycle= 3 E= 992.320774409627  delta_E= -4.67e-05  |g|= 0.000499  |ddm|= 0.0207
  HOMO = -0.162824273891446  LUMO = -0.123686081797062
cycle= 4 E= 992.320774408461  delta_E= -1.17e-09  |g|= 0.000443  |ddm|= 0.00102
  HOMO = -0.162798824663397  LUMO = -0.123665670111105
cycle= 5 E= 992.320774345079  delta_E= -6.34e-08  |g|= 0.000124  |ddm|= 0.000574
  HOMO = -0.162802437674104  LUMO = -0.123670003740235
cycle= 6 E= 992.320774338176  delta_E= -6.9e-09  |g|= 2.18e-05  |ddm|= 0.00019
  HOMO = -0.162801475328011  LUMO = -0.123669298761089
cycle= 7 E= 992.320774338303  delta_E= 1.27e-10  |g|= 3.74e-06  |ddm|= 3.3e-05
  HOMO = -0.162801449342903  LUMO = -0.123669514646096
Extra cycle  E= 992.32077433853  delta_E= 2.27e-10  |g|= 1.28e-05  |ddm|= 3.24e-05
converged SCF energy = 992.32077433853
Difference in energy:  0.0733754076096659
Total mean-field energy =  -774.9026094981174
time elapsed:  46.852076053619385
