

******** <class 'pyscf.dft.rks.RKS'> ********
method = RKS-RHF
initial guess = minao
damping factor = 0
level_shift factor = 0
DIIS = <class 'pyscf.scf.diis.CDIIS'>
diis_start_cycle = 1
diis_space = 8
SCF conv_tol = 1e-09
SCF conv_tol_grad = 1e-05
SCF max_cycles = 1000
direct_scf = True
direct_scf_tol = 1e-13
chkfile to save SCF result = scf.fchk
max_memory 900000 MB (current use 79 MB)
XC library pyscf.dft.libxc version 5.1.7
    S. Lehtola, C. Steigemann, M. J. Oliveira, and M. A. Marques, SoftwareX 7, 1 (2018)
XC functionals = b3lyp
    P. A. M. Dirac, Math. Proc. Cambridge Philos. Soc. 26, 376 (1930)
    F. Bloch, Z. Phys. 57, 545 (1929)
    A. D. Becke, Phys. Rev. A 38, 3098 (1988)
    C. Lee, W. Yang, and R. G. Parr, Phys. Rev. B 37, 785 (1988)
    B. Miehlich, A. Savin, H. Stoll, and H. Preuss, Chem. Phys. Lett. 157, 200 (1989)
    S. H. Vosko, L. Wilk, and M. Nusair, Can. J. Phys. 58, 1200 (1980)
small_rho_cutoff = 1e-07
init E= -777.149998867546
  HOMO = -0.219017852617424  LUMO = -0.190006264895373
cycle= 1 E= -774.581091404759  delta_E= 2.57  |g|= 1.06  |ddm|= 6.21
  HOMO = -0.0340150942470753  LUMO = -0.000511455952813878
cycle= 2 E= -769.982792783347  delta_E=  4.6  |g|=    3  |ddm|= 4.14
  HOMO = -0.119547235045405  LUMO = -0.0777309920064655
cycle= 3 E= -774.65712749403  delta_E= -4.67  |g|= 0.765  |ddm|=  3.9
  HOMO = -0.134539107289609  LUMO = -0.119110732421749
cycle= 4 E= -774.561473406862  delta_E= 0.0957  |g|= 0.81  |ddm|= 2.41
  HOMO = -0.158111080454707  LUMO = -0.137346221788647
cycle= 5 E= -774.785252790438  delta_E= -0.224  |g|= 0.55  |ddm|= 2.24
  HOMO = -0.144180719398989  LUMO = -0.127724413573929
cycle= 6 E= -774.684503053804  delta_E= 0.101  |g|= 0.598  |ddm|=  2.2
  HOMO = -0.142840573233316  LUMO = -0.136907978714789
cycle= 7 E= -774.887712096051  delta_E= -0.203  |g|= 0.173  |ddm|= 1.36
  HOMO = -0.149550641002828  LUMO = -0.12736136697377
cycle= 8 E= -774.90050072515  delta_E= -0.0128  |g|= 0.0649  |ddm|= 0.269
  HOMO = -0.156036570743286  LUMO = -0.126093543827377
cycle= 9 E= -774.898627482809  delta_E= 0.00187  |g|= 0.095  |ddm|= 0.151
  HOMO = -0.155973771087363  LUMO = -0.123498564457687
cycle= 10 E= -774.899787304601  delta_E= -0.00116  |g|= 0.0732  |ddm|= 0.0699
  HOMO = -0.156136996533598  LUMO = -0.123232153757833
cycle= 11 E= -774.901185249069  delta_E= -0.0014  |g|= 0.0503  |ddm|= 0.0577
  HOMO = -0.156052358767987  LUMO = -0.123156872597898
cycle= 12 E= -774.902014850787  delta_E= -0.00083  |g|= 0.0277  |ddm|= 0.0549
  HOMO = -0.156842704305183  LUMO = -0.124438220928162
cycle= 13 E= -774.902149808858  delta_E= -0.000135  |g|= 0.0185  |ddm|= 0.0228
  HOMO = -0.156598779381553  LUMO = -0.123704523966411
cycle= 14 E= -774.902261969921  delta_E= -0.000112  |g|= 0.00855  |ddm|= 0.0185
  HOMO = -0.156644874586758  LUMO = -0.123635875089055
cycle= 15 E= -774.902293813354  delta_E= -3.18e-05  |g|= 0.00196  |ddm|= 0.0139
  HOMO = -0.156727256742023  LUMO = -0.123734028075304
cycle= 16 E= -774.902294960106  delta_E= -1.15e-06  |g|= 0.000921  |ddm|= 0.00506
  HOMO = -0.156687994662989  LUMO = -0.123726112321356
cycle= 17 E= -774.902295292942  delta_E= -3.33e-07  |g|= 0.000288  |ddm|= 0.00142
  HOMO = -0.156682079518887  LUMO = -0.123726729957572
cycle= 18 E= -774.902295327088  delta_E= -3.41e-08  |g|= 0.000113  |ddm|= 0.000568
  HOMO = -0.156678661491442  LUMO = -0.123725618363533
cycle= 19 E= -774.902295328388  delta_E= -1.3e-09  |g|= 8.95e-05  |ddm|= 0.000253
  HOMO = -0.156681019107936  LUMO = -0.123729087049052
cycle= 20 E= -774.902295331307  delta_E= -2.92e-09  |g|= 2.6e-05  |ddm|= 0.000122
  HOMO = -0.156680683797794  LUMO = -0.12372967764458
cycle= 21 E= -774.902295331528  delta_E= -2.21e-10  |g|= 8.69e-06  |ddm|= 5.08e-05
  HOMO = -0.156680405212354  LUMO = -0.123729605956899
Extra cycle  E= -774.902295331455  delta_E= 7.28e-11  |g|= 1.82e-05  |ddm|= 2.81e-05
converged SCF energy = -774.902295331455
AOs:  [0, 1, 2, 3, 4, 5, 6, 7, 8, 9, 10, 11, 12, 13, 14, 15, 16, 17, 18, 19, 20, 21, 22, 23, 24, 25, 26, 27, 28, 29, 30, 31, 32, 33, 34, 35, 36, 37, 38, 39, 40, 41, 42, 43, 44, 45, 46, 47, 48, 49, 50, 51, 52, 53, 54, 55, 56, 57, 58, 59, 60, 61, 62, 63]
64
Number of Active MOs:  16
Number of Environment MOs:  54
Number of Virtual MOs:  244
 # electrons:            α            β
         Env:  54.00000000  54.00000000
         Act:  16.00000000  16.00000000
         Vir:  -0.00000000  -0.00000000
Number of electrons in the active space:  32

 The density matrix is idempotent!

 The density matrix is idempotent!


******** <class 'pyscf.dft.rks.RKS'> ********
method = RKS-RHF
initial guess = minao
damping factor = 0
level_shift factor = 0
DIIS = <class 'pyscf.scf.diis.CDIIS'>
diis_start_cycle = 1
diis_space = 8
SCF conv_tol = 1e-09
SCF conv_tol_grad = 1e-05
SCF max_cycles = 200
direct_scf = True
direct_scf_tol = 1e-13
chkfile to save SCF result = subsys_scf.chk
max_memory 900000 MB (current use 10406 MB)
XC library pyscf.dft.libxc version 5.1.7
    S. Lehtola, C. Steigemann, M. J. Oliveira, and M. A. Marques, SoftwareX 7, 1 (2018)
XC functionals = b3lyp
    P. A. M. Dirac, Math. Proc. Cambridge Philos. Soc. 26, 376 (1930)
    F. Bloch, Z. Phys. 57, 545 (1929)
    A. D. Becke, Phys. Rev. A 38, 3098 (1988)
    C. Lee, W. Yang, and R. G. Parr, Phys. Rev. B 37, 785 (1988)
    B. Miehlich, A. Savin, H. Stoll, and H. Preuss, Chem. Phys. Lett. 157, 200 (1989)
    S. H. Vosko, L. Wilk, and M. Nusair, Can. J. Phys. 58, 1200 (1980)
small_rho_cutoff = 1e-07
init E= 992.014887982845
  HOMO = -0.162419450843876  LUMO = -0.123585126718228
cycle= 1 E= 992.014868742302  delta_E= -1.92e-05  |g|= 0.00227  |ddm|= 0.0143
  HOMO = -0.162117923892699  LUMO = -0.123546856249849
cycle= 2 E= 992.014913120951  delta_E= 4.44e-05  |g|= 0.00959  |ddm|= 0.0246
  HOMO = -0.16230128954995  LUMO = -0.123531775803613
cycle= 3 E= 992.014866615637  delta_E= -4.65e-05  |g|= 0.000588  |ddm|= 0.0209
  HOMO = -0.162343469818477  LUMO = -0.123567237500034
cycle= 4 E= 992.014866596668  delta_E= -1.9e-08  |g|= 0.000491  |ddm|= 0.00109
  HOMO = -0.162314858730086  LUMO = -0.123543500479226
cycle= 5 E= 992.014866519633  delta_E= -7.7e-08  |g|= 0.000142  |ddm|= 0.000636
  HOMO = -0.162318401848707  LUMO = -0.123548177489138
cycle= 6 E= 992.01486651092  delta_E= -8.71e-09  |g|= 2.34e-05  |ddm|= 0.000217
  HOMO = -0.162317542384415  LUMO = -0.123547760938268
cycle= 7 E= 992.014866510778  delta_E= -1.42e-10  |g|= 4e-06  |ddm|= 3.73e-05
  HOMO = -0.162317418133674  LUMO = -0.123547977352785
Extra cycle  E= 992.014866510977  delta_E= 1.99e-10  |g|= 1.57e-05  |ddm|= 3.99e-05
converged SCF energy = 992.014866510977
Difference in energy:  0.007592918328940641
Total mean-field energy =  -774.9023074315306
time elapsed:  42.415035247802734
