

******** <class 'pyscf.dft.rks.RKS'> ********
method = RKS-RHF
initial guess = minao
damping factor = 0
level_shift factor = 0
DIIS = <class 'pyscf.scf.diis.CDIIS'>
diis_start_cycle = 1
diis_space = 8
SCF conv_tol = 1e-09
SCF conv_tol_grad = 1e-05
SCF max_cycles = 1000
direct_scf = True
direct_scf_tol = 1e-13
chkfile to save SCF result = scf.fchk
max_memory 900000 MB (current use 79 MB)
XC library pyscf.dft.libxc version 5.1.7
    S. Lehtola, C. Steigemann, M. J. Oliveira, and M. A. Marques, SoftwareX 7, 1 (2018)
XC functionals = b3lyp
    P. A. M. Dirac, Math. Proc. Cambridge Philos. Soc. 26, 376 (1930)
    F. Bloch, Z. Phys. 57, 545 (1929)
    A. D. Becke, Phys. Rev. A 38, 3098 (1988)
    C. Lee, W. Yang, and R. G. Parr, Phys. Rev. B 37, 785 (1988)
    B. Miehlich, A. Savin, H. Stoll, and H. Preuss, Chem. Phys. Lett. 157, 200 (1989)
    S. H. Vosko, L. Wilk, and M. Nusair, Can. J. Phys. 58, 1200 (1980)
small_rho_cutoff = 1e-07
init E= -777.149980103528
  HOMO = -0.219073744604415  LUMO = -0.189946713260778
cycle= 1 E= -774.582290177332  delta_E= 2.57  |g|= 1.06  |ddm|= 6.21
  HOMO = -0.0348390489454964  LUMO = -0.00123769593096902
cycle= 2 E= -769.995573069644  delta_E= 4.59  |g|=    3  |ddm|= 4.13
  HOMO = -0.120038041082199  LUMO = -0.0773545779115254
cycle= 3 E= -774.658154225428  delta_E= -4.66  |g|= 0.765  |ddm|=  3.9
  HOMO = -0.135258274282559  LUMO = -0.119443858109507
cycle= 4 E= -774.567611630238  delta_E= 0.0905  |g|= 0.805  |ddm|= 2.39
  HOMO = -0.158851712201437  LUMO = -0.13672237900741
cycle= 5 E= -774.791914697608  delta_E= -0.224  |g|= 0.543  |ddm|=  2.2
  HOMO = -0.144718005930821  LUMO = -0.127544128889712
cycle= 6 E= -774.718603355509  delta_E= 0.0733  |g|= 0.565  |ddm|= 2.07
  HOMO = -0.145766677644249  LUMO = -0.133907770509534
cycle= 7 E= -774.888270912904  delta_E= -0.17  |g|= 0.181  |ddm|=  1.1
  HOMO = -0.150542162185671  LUMO = -0.125166879407528
cycle= 8 E= -774.896796953425  delta_E= -0.00853  |g|= 0.129  |ddm|= 0.189
  HOMO = -0.15592755944109  LUMO = -0.124712673059041
cycle= 9 E= -774.89565612257  delta_E= 0.00114  |g|= 0.139  |ddm|= 0.131
  HOMO = -0.156553335222609  LUMO = -0.122394299519025
cycle= 10 E= -774.897167552672  delta_E= -0.00151  |g|= 0.121  |ddm|= 0.0677
  HOMO = -0.1562789080039  LUMO = -0.122149205662668
cycle= 11 E= -774.900278123504  delta_E= -0.00311  |g|= 0.093  |ddm|= 0.0789
  HOMO = -0.156016582135726  LUMO = -0.121255510295132
cycle= 12 E= -774.902909263242  delta_E= -0.00263  |g|= 0.0558  |ddm|= 0.0972
  HOMO = -0.157747908046703  LUMO = -0.123719153425245
cycle= 13 E= -774.903450015758  delta_E= -0.000541  |g|= 0.037  |ddm|= 0.0411
  HOMO = -0.157761975589224  LUMO = -0.122867341828676
cycle= 14 E= -774.903966352071  delta_E= -0.000516  |g|= 0.0116  |ddm|= 0.045
  HOMO = -0.157601049700323  LUMO = -0.122632067137794
cycle= 15 E= -774.904024355004  delta_E= -5.8e-05  |g|= 0.00363  |ddm|= 0.0179
  HOMO = -0.157724686912636  LUMO = -0.122815300979993
cycle= 16 E= -774.904028633258  delta_E= -4.28e-06  |g|= 0.00133  |ddm|= 0.00845
  HOMO = -0.15767716988651  LUMO = -0.122825102116082
cycle= 17 E= -774.904029355772  delta_E= -7.23e-07  |g|= 0.00053  |ddm|= 0.00231
  HOMO = -0.157677735120337  LUMO = -0.122832842225324
cycle= 18 E= -774.904029414469  delta_E= -5.87e-08  |g|= 0.000307  |ddm|= 0.000842
  HOMO = -0.157667222532492  LUMO = -0.122825578476379
cycle= 19 E= -774.904029432169  delta_E= -1.77e-08  |g|= 0.000206  |ddm|= 0.000638
  HOMO = -0.157669698267112  LUMO = -0.12283130279502
cycle= 20 E= -774.904029446363  delta_E= -1.42e-08  |g|= 6.22e-05  |ddm|= 0.000254
  HOMO = -0.157670350506159  LUMO = -0.122833890371053
cycle= 21 E= -774.904029447855  delta_E= -1.49e-09  |g|= 2.33e-05  |ddm|= 0.000123
  HOMO = -0.157669430921986  LUMO = -0.122833210352487
cycle= 22 E= -774.904029447983  delta_E= -1.28e-10  |g|= 4.62e-06  |ddm|= 2.54e-05
  HOMO = -0.157669812302461  LUMO = -0.122833730758513
Extra cycle  E= -774.904029447963  delta_E= 2.05e-11  |g|= 1.04e-05  |ddm|= 1.8e-05
converged SCF energy = -774.904029447963
AOs:  [0, 1, 2, 3, 4, 5, 6, 7, 8, 9, 10, 11, 12, 13, 14, 15, 16, 17, 18, 19, 20, 21, 22, 23, 24, 25, 26, 27, 28, 29, 30, 31, 32, 33, 34, 35, 36, 37, 38, 39, 40, 41, 42, 43, 44, 45, 46, 47, 48, 49, 50, 51, 52, 53, 54, 55, 56, 57, 58, 59, 60, 61, 62, 63]
64
Number of Active MOs:  16
Number of Environment MOs:  54
Number of Virtual MOs:  244
 # electrons:            α            β
         Env:  54.00000000  54.00000000
         Act:  16.00000000  16.00000000
         Vir:  -0.00000000  -0.00000000
Number of electrons in the active space:  32

 The density matrix is idempotent!

 The density matrix is idempotent!


******** <class 'pyscf.dft.rks.RKS'> ********
method = RKS-RHF
initial guess = minao
damping factor = 0
level_shift factor = 0
DIIS = <class 'pyscf.scf.diis.CDIIS'>
diis_start_cycle = 1
diis_space = 8
SCF conv_tol = 1e-09
SCF conv_tol_grad = 1e-05
SCF max_cycles = 200
direct_scf = True
direct_scf_tol = 1e-13
chkfile to save SCF result = subsys_scf.chk
max_memory 900000 MB (current use 10407 MB)
XC library pyscf.dft.libxc version 5.1.7
    S. Lehtola, C. Steigemann, M. J. Oliveira, and M. A. Marques, SoftwareX 7, 1 (2018)
XC functionals = b3lyp
    P. A. M. Dirac, Math. Proc. Cambridge Philos. Soc. 26, 376 (1930)
    F. Bloch, Z. Phys. 57, 545 (1929)
    A. D. Becke, Phys. Rev. A 38, 3098 (1988)
    C. Lee, W. Yang, and R. G. Parr, Phys. Rev. B 37, 785 (1988)
    B. Miehlich, A. Savin, H. Stoll, and H. Preuss, Chem. Phys. Lett. 157, 200 (1989)
    S. H. Vosko, L. Wilk, and M. Nusair, Can. J. Phys. 58, 1200 (1980)
small_rho_cutoff = 1e-07
init E= 991.837140385094
  HOMO = -0.163500962057534  LUMO = -0.122689139243039
cycle= 1 E= 991.837122474908  delta_E= -1.79e-05  |g|= 0.00205  |ddm|= 0.0132
  HOMO = -0.163206849484322  LUMO = -0.122626884518714
cycle= 2 E= 991.837153482296  delta_E= 3.1e-05  |g|= 0.00809  |ddm|= 0.0206
  HOMO = -0.163377153764783  LUMO = -0.122622844348053
cycle= 3 E= 991.837120843938  delta_E= -3.26e-05  |g|= 0.000632  |ddm|= 0.0175
  HOMO = -0.163423026636247  LUMO = -0.122664771357455
cycle= 4 E= 991.83712079756  delta_E= -4.64e-08  |g|= 0.0005  |ddm|= 0.00122
  HOMO = -0.163394447470557  LUMO = -0.12263972023012
cycle= 5 E= 991.837120720771  delta_E= -7.68e-08  |g|= 0.00013  |ddm|= 0.000637
  HOMO = -0.163396648737013  LUMO = -0.122643239879356
cycle= 6 E= 991.837120713559  delta_E= -7.21e-09  |g|= 2.06e-05  |ddm|= 0.000205
  HOMO = -0.163395733508875  LUMO = -0.122642704153877
cycle= 7 E= 991.837120713162  delta_E= -3.97e-10  |g|= 3.67e-06  |ddm|= 3.12e-05
  HOMO = -0.163395681216042  LUMO = -0.122642945906737
Extra cycle  E= 991.837120713363  delta_E= 2.01e-10  |g|= 1.37e-05  |ddm|= 3.47e-05
converged SCF energy = 991.837120713363
Difference in energy:  -0.004972015983365736
Total mean-field energy =  -774.9040215245574
time elapsed:  42.132774353027344
