

******** <class 'pyscf.dft.rks.RKS'> ********
method = RKS-RHF
initial guess = minao
damping factor = 0
level_shift factor = 0
DIIS = <class 'pyscf.scf.diis.CDIIS'>
diis_start_cycle = 1
diis_space = 8
SCF conv_tol = 1e-09
SCF conv_tol_grad = 1e-05
SCF max_cycles = 1000
direct_scf = True
direct_scf_tol = 1e-13
chkfile to save SCF result = scf.fchk
max_memory 900000 MB (current use 79 MB)
XC library pyscf.dft.libxc version 5.1.7
    S. Lehtola, C. Steigemann, M. J. Oliveira, and M. A. Marques, SoftwareX 7, 1 (2018)
XC functionals = b3lyp
    P. A. M. Dirac, Math. Proc. Cambridge Philos. Soc. 26, 376 (1930)
    F. Bloch, Z. Phys. 57, 545 (1929)
    A. D. Becke, Phys. Rev. A 38, 3098 (1988)
    C. Lee, W. Yang, and R. G. Parr, Phys. Rev. B 37, 785 (1988)
    B. Miehlich, A. Savin, H. Stoll, and H. Preuss, Chem. Phys. Lett. 157, 200 (1989)
    S. H. Vosko, L. Wilk, and M. Nusair, Can. J. Phys. 58, 1200 (1980)
small_rho_cutoff = 1e-07
init E= -777.149948308534
  HOMO = -0.219317656026524  LUMO = -0.189708981883937
cycle= 1 E= -774.586939948117  delta_E= 2.56  |g|= 1.06  |ddm|= 6.21
  HOMO = -0.0379783969597263  LUMO = -0.00344780472710406
cycle= 2 E= -770.042803262623  delta_E= 4.54  |g|= 2.99  |ddm|= 4.11
  HOMO = -0.121952874440498  LUMO = -0.0759955127321966
cycle= 3 E= -774.661589708328  delta_E= -4.62  |g|= 0.766  |ddm|= 3.88
  HOMO = -0.137822325652543  LUMO = -0.12037659663499
cycle= 4 E= -774.591172917765  delta_E= 0.0704  |g|= 0.785  |ddm|= 2.34
  HOMO = -0.161238858422317  LUMO = -0.134674374608138
cycle= 5 E= -774.809207920979  delta_E= -0.218  |g|= 0.522  |ddm|= 2.07
  HOMO = -0.146868096854918  LUMO = -0.126443512275338
cycle= 6 E= -774.798375332405  delta_E= 0.0108  |g|= 0.458  |ddm|=  1.7
  HOMO = -0.151177740135275  LUMO = -0.1291028313352
cycle= 7 E= -774.895754003663  delta_E= -0.0974  |g|= 0.161  |ddm|= 0.737
  HOMO = -0.153918310671969  LUMO = -0.121924456422295
cycle= 8 E= -774.900726342326  delta_E= -0.00497  |g|= 0.126  |ddm|= 0.165
  HOMO = -0.158655822103667  LUMO = -0.122251137657515
cycle= 9 E= -774.904231877168  delta_E= -0.00351  |g|= 0.0887  |ddm|= 0.123
  HOMO = -0.158995220005179  LUMO = -0.120816007910159
cycle= 10 E= -774.906033525023  delta_E= -0.0018  |g|= 0.0565  |ddm|= 0.0685
  HOMO = -0.159204810157252  LUMO = -0.120728135745124
cycle= 11 E= -774.90724224074  delta_E= -0.00121  |g|= 0.0256  |ddm|= 0.068
  HOMO = -0.159448634911267  LUMO = -0.120726317343436
cycle= 12 E= -774.907506625027  delta_E= -0.000264  |g|= 0.00619  |ddm|= 0.0499
  HOMO = -0.159683870741699  LUMO = -0.121119607880088
cycle= 13 E= -774.90751514881  delta_E= -8.52e-06  |g|= 0.00358  |ddm|= 0.0123
  HOMO = -0.159640220892047  LUMO = -0.121103817095922
cycle= 14 E= -774.907518210773  delta_E= -3.06e-06  |g|= 0.00209  |ddm|= 0.00394
  HOMO = -0.159607767949688  LUMO = -0.121029412102852
cycle= 15 E= -774.907519769544  delta_E= -1.56e-06  |g|= 0.000702  |ddm|= 0.00266
  HOMO = -0.159632459006872  LUMO = -0.121051563287933
cycle= 16 E= -774.90751998053  delta_E= -2.11e-07  |g|= 0.000117  |ddm|= 0.00142
  HOMO = -0.159626656280854  LUMO = -0.121050328609979
cycle= 17 E= -774.907519983444  delta_E= -2.91e-09  |g|= 7.81e-05  |ddm|= 0.000218
  HOMO = -0.159626892155883  LUMO = -0.121052730931188
cycle= 18 E= -774.907519985044  delta_E= -1.6e-09  |g|= 2.67e-05  |ddm|= 0.000101
  HOMO = -0.159625662039171  LUMO = -0.121052423150299
cycle= 19 E= -774.907519985366  delta_E= -3.22e-10  |g|= 6.39e-06  |ddm|= 4.82e-05
  HOMO = -0.159625934347553  LUMO = -0.121053481864894
Extra cycle  E= -774.907519985254  delta_E= 1.12e-10  |g|= 1.8e-05  |ddm|= 4.01e-05
converged SCF energy = -774.907519985254
AOs:  [0, 1, 2, 3, 4, 5, 6, 7, 8, 9, 10, 11, 12, 13, 14, 15, 16, 17, 18, 19, 20, 21, 22, 23, 24, 25, 26, 27, 28, 29, 30, 31, 32, 33, 34, 35, 36, 37, 38, 39, 40, 41, 42, 43, 44, 45, 46, 47, 48, 49, 50, 51, 52, 53, 54, 55, 56, 57, 58, 59, 60, 61, 62, 63]
64
Number of Active MOs:  16
Number of Environment MOs:  54
Number of Virtual MOs:  244
 # electrons:            α            β
         Env:  54.00000000  54.00000000
         Act:  16.00000000  16.00000000
         Vir:   0.00000000   0.00000000
Number of electrons in the active space:  32

 The density matrix is idempotent!

 The density matrix is idempotent!


******** <class 'pyscf.dft.rks.RKS'> ********
method = RKS-RHF
initial guess = minao
damping factor = 0
level_shift factor = 0
DIIS = <class 'pyscf.scf.diis.CDIIS'>
diis_start_cycle = 1
diis_space = 8
SCF conv_tol = 1e-09
SCF conv_tol_grad = 1e-05
SCF max_cycles = 200
direct_scf = True
direct_scf_tol = 1e-13
chkfile to save SCF result = subsys_scf.chk
max_memory 900000 MB (current use 10680 MB)
XC library pyscf.dft.libxc version 5.1.7
    S. Lehtola, C. Steigemann, M. J. Oliveira, and M. A. Marques, SoftwareX 7, 1 (2018)
XC functionals = b3lyp
    P. A. M. Dirac, Math. Proc. Cambridge Philos. Soc. 26, 376 (1930)
    F. Bloch, Z. Phys. 57, 545 (1929)
    A. D. Becke, Phys. Rev. A 38, 3098 (1988)
    C. Lee, W. Yang, and R. G. Parr, Phys. Rev. B 37, 785 (1988)
    B. Miehlich, A. Savin, H. Stoll, and H. Preuss, Chem. Phys. Lett. 157, 200 (1989)
    S. H. Vosko, L. Wilk, and M. Nusair, Can. J. Phys. 58, 1200 (1980)
small_rho_cutoff = 1e-07
init E= 991.485236411988
  HOMO = -0.165655757446908  LUMO = -0.120917961651943
cycle= 1 E= 991.48522171077  delta_E= -1.47e-05  |g|= 0.00177  |ddm|= 0.0112
  HOMO = -0.165369426806054  LUMO = -0.120834104679376
cycle= 2 E= 991.485242753262  delta_E= 2.1e-05  |g|= 0.00677  |ddm|= 0.0169
  HOMO = -0.165527378883608  LUMO = -0.120841847013907
cycle= 3 E= 991.485220436898  delta_E= -2.23e-05  |g|= 0.000545  |ddm|= 0.0141
  HOMO = -0.16557119125951  LUMO = -0.120882498541528
cycle= 4 E= 991.48522038855  delta_E= -4.83e-08  |g|= 0.000389  |ddm|= 0.00109
  HOMO = -0.165550337336777  LUMO = -0.120862851523425
cycle= 5 E= 991.48522034362  delta_E= -4.49e-08  |g|= 0.000105  |ddm|= 0.000519
  HOMO = -0.165551160471374  LUMO = -0.120864871646236
cycle= 6 E= 991.485220338746  delta_E= -4.87e-09  |g|= 1.8e-05  |ddm|= 0.000162
  HOMO = -0.165550136305015  LUMO = -0.120864191582525
cycle= 7 E= 991.485220338675  delta_E= -7.07e-11  |g|= 3.61e-06  |ddm|= 2.64e-05
  HOMO = -0.165550151457477  LUMO = -0.120864463161746
Extra cycle  E= 991.485220338676  delta_E= 7.96e-13  |g|= 1.24e-05  |ddm|= 3.05e-05
converged SCF energy = 991.485220338676
Difference in energy:  -0.027412273283630384
Total mean-field energy =  -774.9074763010528
time elapsed:  41.468316078186035
