

******** <class 'pyscf.dft.rks.RKS'> ********
method = RKS-RHF
initial guess = minao
damping factor = 0
level_shift factor = 0
DIIS = <class 'pyscf.scf.diis.CDIIS'>
diis_start_cycle = 1
diis_space = 8
SCF conv_tol = 1e-09
SCF conv_tol_grad = 1e-05
SCF max_cycles = 1000
direct_scf = True
direct_scf_tol = 1e-13
chkfile to save SCF result = scf.fchk
max_memory 900000 MB (current use 79 MB)
XC library pyscf.dft.libxc version 5.1.7
    S. Lehtola, C. Steigemann, M. J. Oliveira, and M. A. Marques, SoftwareX 7, 1 (2018)
XC functionals = b3lyp
    P. A. M. Dirac, Math. Proc. Cambridge Philos. Soc. 26, 376 (1930)
    F. Bloch, Z. Phys. 57, 545 (1929)
    A. D. Becke, Phys. Rev. A 38, 3098 (1988)
    C. Lee, W. Yang, and R. G. Parr, Phys. Rev. B 37, 785 (1988)
    B. Miehlich, A. Savin, H. Stoll, and H. Preuss, Chem. Phys. Lett. 157, 200 (1989)
    S. H. Vosko, L. Wilk, and M. Nusair, Can. J. Phys. 58, 1200 (1980)
small_rho_cutoff = 1e-07
init E= -777.1499351853
  HOMO = -0.21950317770385  LUMO = -0.189533243534158
cycle= 1 E= -774.590241836397  delta_E= 2.56  |g|= 1.06  |ddm|= 6.21
  HOMO = -0.0401998865533227  LUMO = -0.0049236576809324
cycle= 2 E= -770.077149411314  delta_E= 4.51  |g|= 2.98  |ddm|=  4.1
  HOMO = -0.123255851761788  LUMO = -0.0751027800249684
cycle= 3 E= -774.663542937295  delta_E= -4.59  |g|= 0.766  |ddm|= 3.87
  HOMO = -0.139451351133063  LUMO = -0.12081638224137
cycle= 4 E= -774.607660766699  delta_E= 0.0559  |g|= 0.771  |ddm|= 2.31
  HOMO = -0.162619484032377  LUMO = -0.133447847182074
cycle= 5 E= -774.817595477939  delta_E= -0.21  |g|= 0.511  |ddm|=    2
  HOMO = -0.148295190134235  LUMO = -0.125559029546721
cycle= 6 E= -774.827389399682  delta_E= -0.00979  |g|= 0.404  |ddm|= 1.53
  HOMO = -0.153583621930331  LUMO = -0.127217917994264
cycle= 7 E= -774.899709678938  delta_E= -0.0723  |g|= 0.148  |ddm|= 0.627
  HOMO = -0.155679240220148  LUMO = -0.120714311971444
cycle= 8 E= -774.90419435436  delta_E= -0.00448  |g|= 0.109  |ddm|= 0.157
  HOMO = -0.159939985318376  LUMO = -0.121246532530796
cycle= 9 E= -774.907368528636  delta_E= -0.00317  |g|= 0.0686  |ddm|= 0.118
  HOMO = -0.160198475712767  LUMO = -0.120070845797014
cycle= 10 E= -774.908636443627  delta_E= -0.00127  |g|= 0.037  |ddm|= 0.0622
  HOMO = -0.160316236712445  LUMO = -0.1199682203155
cycle= 11 E= -774.90915263443  delta_E= -0.000516  |g|= 0.0167  |ddm|= 0.0439
  HOMO = -0.1605204466289  LUMO = -0.119958602337221
cycle= 12 E= -774.909266861727  delta_E= -0.000114  |g|= 0.00404  |ddm|= 0.0361
  HOMO = -0.160632871828571  LUMO = -0.120197635970293
cycle= 13 E= -774.909273247369  delta_E= -6.39e-06  |g|= 0.00166  |ddm|= 0.00909
  HOMO = -0.16060684608088  LUMO = -0.12020952320405
cycle= 14 E= -774.909273788159  delta_E= -5.41e-07  |g|= 0.00111  |ddm|= 0.00226
  HOMO = -0.160581494710381  LUMO = -0.120156780443117
cycle= 15 E= -774.909274138235  delta_E= -3.5e-07  |g|= 0.000421  |ddm|= 0.00125
  HOMO = -0.160595444816191  LUMO = -0.120168298339011
cycle= 16 E= -774.909274214661  delta_E= -7.64e-08  |g|= 7.78e-05  |ddm|= 0.000782
  HOMO = -0.160592730868506  LUMO = -0.120167975451779
cycle= 17 E= -774.90927421598  delta_E= -1.32e-09  |g|= 4.08e-05  |ddm|= 0.000125
  HOMO = -0.1605926389105  LUMO = -0.120169330540618
cycle= 18 E= -774.909274216441  delta_E= -4.62e-10  |g|= 1.63e-05  |ddm|= 6.3e-05
  HOMO = -0.160591968537693  LUMO = -0.120169234326992
cycle= 19 E= -774.909274216551  delta_E= -1.1e-10  |g|= 5.67e-06  |ddm|= 2.66e-05
  HOMO = -0.160591809007157  LUMO = -0.120169691441335
Extra cycle  E= -774.90927421637  delta_E= 1.81e-10  |g|= 2.16e-05  |ddm|= 4.54e-05
converged SCF energy = -774.90927421637
AOs:  [0, 1, 2, 3, 4, 5, 6, 7, 8, 9, 10, 11, 12, 13, 14, 15, 16, 17, 18, 19, 20, 21, 22, 23, 24, 25, 26, 27, 28, 29, 30, 31, 32, 33, 34, 35, 36, 37, 38, 39, 40, 41, 42, 43, 44, 45, 46, 47, 48, 49, 50, 51, 52, 53, 54, 55, 56, 57, 58, 59, 60, 61, 62, 63]
64
Number of Active MOs:  16
Number of Environment MOs:  54
Number of Virtual MOs:  244
 # electrons:            α            β
         Env:  54.00000000  54.00000000
         Act:  16.00000000  16.00000000
         Vir:  -0.00000000  -0.00000000
Number of electrons in the active space:  32

 The density matrix is idempotent!

 The density matrix is idempotent!


******** <class 'pyscf.dft.rks.RKS'> ********
method = RKS-RHF
initial guess = minao
damping factor = 0
level_shift factor = 0
DIIS = <class 'pyscf.scf.diis.CDIIS'>
diis_start_cycle = 1
diis_space = 8
SCF conv_tol = 1e-09
SCF conv_tol_grad = 1e-05
SCF max_cycles = 200
direct_scf = True
direct_scf_tol = 1e-13
chkfile to save SCF result = subsys_scf.chk
max_memory 900000 MB (current use 10412 MB)
XC library pyscf.dft.libxc version 5.1.7
    S. Lehtola, C. Steigemann, M. J. Oliveira, and M. A. Marques, SoftwareX 7, 1 (2018)
XC functionals = b3lyp
    P. A. M. Dirac, Math. Proc. Cambridge Philos. Soc. 26, 376 (1930)
    F. Bloch, Z. Phys. 57, 545 (1929)
    A. D. Becke, Phys. Rev. A 38, 3098 (1988)
    C. Lee, W. Yang, and R. G. Parr, Phys. Rev. B 37, 785 (1988)
    B. Miehlich, A. Savin, H. Stoll, and H. Preuss, Chem. Phys. Lett. 157, 200 (1989)
    S. H. Vosko, L. Wilk, and M. Nusair, Can. J. Phys. 58, 1200 (1980)
small_rho_cutoff = 1e-07
init E= 991.31115543336
  HOMO = -0.166735322642179  LUMO = -0.12004537203705
cycle= 1 E= 991.311141170386  delta_E= -1.43e-05  |g|= 0.00173  |ddm|= 0.0109
  HOMO = -0.16645480524996  LUMO = -0.119962929386595
cycle= 2 E= 991.31116068097  delta_E= 1.95e-05  |g|= 0.00656  |ddm|= 0.0163
  HOMO = -0.166610384123814  LUMO = -0.119972149161288
cycle= 3 E= 991.311139911436  delta_E= -2.08e-05  |g|= 0.000507  |ddm|= 0.0134
  HOMO = -0.166651329876301  LUMO = -0.120009542768403
cycle= 4 E= 991.311139866187  delta_E= -4.52e-08  |g|= 0.000341  |ddm|= 0.000983
  HOMO = -0.16663300614687  LUMO = -0.119992077775984
cycle= 5 E= 991.311139832332  delta_E= -3.39e-08  |g|= 0.000102  |ddm|= 0.000467
  HOMO = -0.166633924722266  LUMO = -0.119994110687651
cycle= 6 E= 991.311139828113  delta_E= -4.22e-09  |g|= 1.76e-05  |ddm|= 0.000153
  HOMO = -0.16663288344429  LUMO = -0.119993428819406
cycle= 7 E= 991.311139828193  delta_E= 7.97e-11  |g|= 3.32e-06  |ddm|= 2.67e-05
  HOMO = -0.166632951204678  LUMO = -0.119993694139596
Extra cycle  E= 991.311139828004  delta_E= -1.89e-10  |g|= 1.03e-05  |ddm|= 2.51e-05
converged SCF energy = 991.311139828004
Difference in energy:  -0.03310928015802801
Total mean-field energy =  -774.9092214534178
time elapsed:  41.132988929748535
