

******** <class 'pyscf.scf.hf.RHF'> ********
method = RHF
initial guess = minao
damping factor = 0
level_shift factor = 0
DIIS = <class 'pyscf.scf.diis.CDIIS'>
diis_start_cycle = 1
diis_space = 8
SCF conv_tol = 1e-09
SCF conv_tol_grad = 1e-05
SCF max_cycles = 1000
direct_scf = True
direct_scf_tol = 1e-13
chkfile to save SCF result = scf.fchk
max_memory 900000 MB (current use 79 MB)
init E= -582.470933211088
  HOMO = -0.272129732817761  LUMO = 0.00983639761707079
cycle= 1 E= -579.993943021588  delta_E= 2.48  |g|= 0.967  |ddm|= 5.17
  HOMO = -0.253992005476798  LUMO = 0.0514851852515423
cycle= 2 E= -580.17806652005  delta_E= -0.184  |g|= 0.608  |ddm|= 1.18
  HOMO = -0.394131644152234  LUMO = 0.110183252953839
cycle= 3 E= -580.247513315149  delta_E= -0.0694  |g|= 0.133  |ddm|= 0.525
  HOMO = -0.397428878794636  LUMO = 0.123687424151906
cycle= 4 E= -580.252373709527  delta_E= -0.00486  |g|= 0.0512  |ddm|= 0.14
  HOMO = -0.389894060900145  LUMO = 0.12074826130783
cycle= 5 E= -580.252915458071  delta_E= -0.000542  |g|= 0.00967  |ddm|= 0.0511
  HOMO = -0.392949270741878  LUMO = 0.120599505519855
cycle= 6 E= -580.252960769337  delta_E= -4.53e-05  |g|= 0.00369  |ddm|= 0.0168
  HOMO = -0.392824123827084  LUMO = 0.121073453500722
cycle= 7 E= -580.252970115564  delta_E= -9.35e-06  |g|= 0.00154  |ddm|= 0.009
  HOMO = -0.393146998169923  LUMO = 0.121073776518516
cycle= 8 E= -580.252971733807  delta_E= -1.62e-06  |g|= 0.000445  |ddm|= 0.00402
  HOMO = -0.393169026532818  LUMO = 0.121070630238772
cycle= 9 E= -580.25297186607  delta_E= -1.32e-07  |g|= 9.34e-05  |ddm|= 0.00114
  HOMO = -0.393160199618722  LUMO = 0.121080128343816
cycle= 10 E= -580.252971871456  delta_E= -5.39e-09  |g|= 3.39e-05  |ddm|= 0.000178
  HOMO = -0.393162006626112  LUMO = 0.121072014986193
cycle= 11 E= -580.252971871955  delta_E= -4.99e-10  |g|= 7.79e-06  |ddm|= 5.22e-05
  HOMO = -0.393161408149604  LUMO = 0.121073436231218
Extra cycle  E= -580.252971871991  delta_E= -3.64e-11  |g|= 3.76e-06  |ddm|= 1.23e-05
converged SCF energy = -580.252971871991
AOs:  [0, 1, 2, 3, 4, 5, 6, 7, 8, 9, 10, 11, 12, 13, 14, 15, 16, 17, 18, 19, 20, 21, 22, 23, 24, 25, 26, 27, 28, 29, 30, 31, 32, 33, 34, 35, 36, 37, 38, 39, 40, 41, 42, 43, 44, 45, 46, 47, 48, 49, 50, 51, 52, 53, 54, 55, 56, 57, 58, 59, 60, 61, 62, 63, 64, 65, 66, 67, 68, 69, 70, 71, 72, 73, 74, 75, 76, 77, 78, 79, 80, 81, 82, 83, 84, 85, 86, 87, 88, 89, 90, 91, 92, 93, 94, 95, 96, 97, 98, 99, 100, 101, 102, 103, 104, 105, 106, 107, 108, 109, 110, 111, 112, 113, 114, 115, 116, 117, 118, 119, 120, 121, 122, 123, 124, 125, 126, 127, 128, 129, 130, 131, 132, 133, 134, 135, 136, 137, 138, 139, 140, 141, 142, 143, 144, 145, 146, 147, 148, 149, 150, 151, 152, 153, 154, 155, 156, 157, 158, 159, 160, 161, 162, 163, 164, 165, 166, 167, 168, 169, 170, 171, 172, 173, 174, 175, 176, 177, 178, 179, 180, 181, 182, 183, 184, 185, 186, 187, 188, 189, 190, 191, 192, 193, 194, 195, 196, 197, 198, 199, 200, 201, 202, 203, 204, 205, 206, 207, 208, 209, 210, 211, 212, 213, 214, 215, 216, 217, 218, 219, 220, 221, 222, 223, 224, 225, 226, 227, 228, 229, 230, 231, 232, 233, 234, 235, 236, 237, 238, 239, 240, 241, 242, 243, 244, 245, 246, 247, 248, 249, 250, 251, 252, 253, 254, 255, 256, 257, 258, 259, 260, 261, 262, 263, 264, 265, 266, 267, 268, 269, 270, 271, 272, 273, 274, 275, 276, 277, 278, 279, 280, 281, 282, 283, 284, 285, 286, 287, 288, 289, 290, 291, 292, 293, 294, 295, 296, 297, 298, 299, 300, 301]
302
Number of Active MOs:  53
Number of Environment MOs:  0
Number of Virtual MOs:  249
 # electrons:            α            β
         Env:   0.00000000   0.00000000
         Act:  53.00000000  53.00000000
         Vir:   0.00000000   0.00000000
Number of electrons in the active space:  106

 The density matrix is idempotent!

 The density matrix is idempotent!


******** <class 'pyscf.scf.hf.RHF'> ********
method = RHF
initial guess = minao
damping factor = 0
level_shift factor = 0
DIIS = <class 'pyscf.scf.diis.CDIIS'>
diis_start_cycle = 1
diis_space = 8
SCF conv_tol = 1e-09
SCF conv_tol_grad = 1e-05
SCF max_cycles = 200
direct_scf = True
direct_scf_tol = 1e-13
chkfile to save SCF result = subsys_scf.chk
max_memory 900000 MB (current use 8559 MB)
init E= -580.252971871988
  HOMO = -0.393161536027261  LUMO = 0.121072518721212
cycle= 1 E= -580.252971871999  delta_E= -1.09e-11  |g|= 2.02e-06  |ddm|= 5.96e-06
  HOMO = -0.393161468776177  LUMO = 0.121072816820095
Extra cycle  E= -580.252971872003  delta_E= -4.09e-12  |g|= 1.26e-06  |ddm|= 3.56e-06
converged SCF energy = -580.252971872003
Difference in energy:  7.704679774178658e-09
E(MP2) = -582.244593698953  E_corr = -1.99162182695012
Total energy =  -582.2445936989536
time elapsed:  16.435194969177246
