

******** <class 'pyscf.scf.hf.RHF'> ********
method = RHF
initial guess = minao
damping factor = 0
level_shift factor = 0
DIIS = <class 'pyscf.scf.diis.CDIIS'>
diis_start_cycle = 1
diis_space = 8
SCF conv_tol = 1e-09
SCF conv_tol_grad = 1e-05
SCF max_cycles = 1000
direct_scf = True
direct_scf_tol = 1e-13
chkfile to save SCF result = scf.fchk
max_memory 900000 MB (current use 79 MB)
init E= -582.201706566771
  HOMO = -0.269121224762465  LUMO = 0.0141730489811835
cycle= 1 E= -580.054870014131  delta_E= 2.15  |g|= 0.951  |ddm|= 5.16
  HOMO = -0.335731510517261  LUMO = 0.0840102151027486
cycle= 2 E= -580.225219042359  delta_E= -0.17  |g|= 0.63  |ddm|= 1.16
  HOMO = -0.409947101750021  LUMO = 0.125621364862448
cycle= 3 E= -580.298850871829  delta_E= -0.0736  |g|= 0.139  |ddm|= 0.562
  HOMO = -0.402621643662942  LUMO = 0.139471097348093
cycle= 4 E= -580.304124183785  delta_E= -0.00527  |g|= 0.0471  |ddm|= 0.141
  HOMO = -0.410333851936895  LUMO = 0.137281425019189
cycle= 5 E= -580.304621300087  delta_E= -0.000497  |g|= 0.0103  |ddm|= 0.0522
  HOMO = -0.411337119293059  LUMO = 0.137224723256663
cycle= 6 E= -580.304673205761  delta_E= -5.19e-05  |g|= 0.00402  |ddm|= 0.0183
  HOMO = -0.411500018396056  LUMO = 0.137774238994027
cycle= 7 E= -580.304685651592  delta_E= -1.24e-05  |g|= 0.00163  |ddm|= 0.0112
  HOMO = -0.411913764436209  LUMO = 0.137702361124847
cycle= 8 E= -580.304687447409  delta_E= -1.8e-06  |g|= 0.000444  |ddm|= 0.00444
  HOMO = -0.411933014651757  LUMO = 0.137725250863081
cycle= 9 E= -580.304687584523  delta_E= -1.37e-07  |g|= 8.65e-05  |ddm|= 0.00118
  HOMO = -0.411922445369038  LUMO = 0.137728128061145
cycle= 10 E= -580.30468758923  delta_E= -4.71e-09  |g|= 3.04e-05  |ddm|= 0.000172
  HOMO = -0.411928334314406  LUMO = 0.137721186291699
cycle= 11 E= -580.304687589627  delta_E= -3.97e-10  |g|= 8.76e-06  |ddm|= 4.51e-05
  HOMO = -0.411926102026044  LUMO = 0.137723081653549
Extra cycle  E= -580.30468758967  delta_E= -4.3e-11  |g|= 4.62e-06  |ddm|= 1.45e-05
converged SCF energy = -580.30468758967
AOs:  [0, 1, 2, 3, 4, 5, 6, 7, 8, 9, 10, 11, 12, 13, 14, 15, 16, 17, 18, 19, 20, 21, 22, 23, 24, 25, 26, 27, 28, 29, 30, 31, 32, 33, 34, 35, 36, 37, 38, 39, 40, 41, 42, 43, 44, 45, 46, 47, 48, 49, 50, 51, 52, 53, 54, 55, 56, 57, 58, 59, 60, 61, 62, 63, 64, 65, 66, 67, 68, 69, 70, 71, 72, 73, 74, 75, 76, 77, 78, 79, 80, 81, 82, 83, 84, 85, 86, 87, 88, 89, 90, 91, 92, 93, 94, 95, 96, 97, 98, 99, 100, 101, 102, 103, 104, 105, 106, 107, 108, 109, 110, 111, 112, 113, 114, 115, 116, 117, 118, 119, 120, 121, 122, 123, 124, 125, 126, 127, 128, 129, 130, 131, 132, 133, 134, 135, 136, 137, 138, 139, 140, 141, 142, 143, 144, 145, 146, 147, 148, 149, 150, 151, 152, 153, 154, 155, 156, 157, 158, 159, 160, 161, 162, 163, 164, 165, 166, 167, 168, 169, 170, 171, 172, 173, 174, 175, 176, 177, 178, 179, 180, 181, 182, 183, 184, 185, 186, 187, 188, 189, 190, 191, 192, 193, 194, 195, 196, 197, 198, 199, 200, 201, 202, 203, 204, 205, 206, 207, 208, 209, 210, 211, 212, 213, 214, 215, 216, 217, 218, 219, 220, 221, 222, 223, 224, 225, 226, 227, 228, 229, 230, 231, 232, 233, 234, 235, 236, 237, 238, 239, 240, 241, 242, 243, 244, 245, 246, 247, 248, 249, 250, 251, 252, 253, 254, 255, 256, 257, 258, 259, 260, 261, 262, 263, 264, 265, 266, 267, 268, 269, 270, 271, 272, 273, 274, 275, 276, 277, 278, 279, 280, 281, 282, 283, 284, 285, 286, 287, 288, 289, 290, 291, 292, 293, 294, 295, 296, 297, 298, 299, 300, 301]
302
Number of Active MOs:  53
Number of Environment MOs:  0
Number of Virtual MOs:  249
 # electrons:            α            β
         Env:   0.00000000   0.00000000
         Act:  53.00000000  53.00000000
         Vir:   0.00000000   0.00000000
Number of electrons in the active space:  106

 The density matrix is idempotent!

 The density matrix is idempotent!


******** <class 'pyscf.scf.hf.RHF'> ********
method = RHF
initial guess = minao
damping factor = 0
level_shift factor = 0
DIIS = <class 'pyscf.scf.diis.CDIIS'>
diis_start_cycle = 1
diis_space = 8
SCF conv_tol = 1e-09
SCF conv_tol_grad = 1e-05
SCF max_cycles = 200
direct_scf = True
direct_scf_tol = 1e-13
chkfile to save SCF result = subsys_scf.chk
max_memory 900000 MB (current use 8560 MB)
init E= -580.304687589673
  HOMO = -0.41192714733686  LUMO = 0.137722037415572
cycle= 1 E= -580.304687589685  delta_E= -1.16e-11  |g|= 2.69e-06  |ddm|= 7.59e-06
  HOMO = -0.411926685331859  LUMO = 0.137722412315915
Extra cycle  E= -580.304687589693  delta_E= -8.19e-12  |g|= 1.74e-06  |ddm|= 4.91e-06
converged SCF energy = -580.304687589693
Difference in energy:  1.2983812212041811e-08
E(MP2) = -582.292836315309  E_corr = -1.98814872561607
Total energy =  -582.2928363153069
time elapsed:  45.405731439590454
