

******** <class 'pyscf.scf.hf.RHF'> ********
method = RHF
initial guess = minao
damping factor = 0
level_shift factor = 0
DIIS = <class 'pyscf.scf.diis.CDIIS'>
diis_start_cycle = 1
diis_space = 8
SCF conv_tol = 1e-09
SCF conv_tol_grad = 1e-05
SCF max_cycles = 1000
direct_scf = True
direct_scf_tol = 1e-13
chkfile to save SCF result = scf.fchk
max_memory 900000 MB (current use 79 MB)
init E= -582.152796084336
  HOMO = -0.268643530059692  LUMO = 0.0148760783598218
cycle= 1 E= -580.051354489276  delta_E=  2.1  |g|= 0.964  |ddm|= 5.16
  HOMO = -0.331351280639727  LUMO = 0.0973914941141041
cycle= 2 E= -580.218679494739  delta_E= -0.167  |g|= 0.661  |ddm|= 1.22
  HOMO = -0.402891258538105  LUMO = 0.132541250555641
cycle= 3 E= -580.299518379747  delta_E= -0.0808  |g|= 0.139  |ddm|= 0.606
  HOMO = -0.39654650930933  LUMO = 0.145359165852863
cycle= 4 E= -580.304934129527  delta_E= -0.00542  |g|= 0.0449  |ddm|= 0.142
  HOMO = -0.403837449510095  LUMO = 0.14387804120255
cycle= 5 E= -580.305405527987  delta_E= -0.000471  |g|= 0.0107  |ddm|= 0.053
  HOMO = -0.404854839483664  LUMO = 0.143818344756187
cycle= 6 E= -580.305460995427  delta_E= -5.55e-05  |g|= 0.0042  |ddm|= 0.0192
  HOMO = -0.405111454662722  LUMO = 0.144369306412515
cycle= 7 E= -580.305475085609  delta_E= -1.41e-05  |g|= 0.00165  |ddm|= 0.0126
  HOMO = -0.405565598473608  LUMO = 0.144282514235883
cycle= 8 E= -580.305476903265  delta_E= -1.82e-06  |g|= 0.000447  |ddm|= 0.00458
  HOMO = -0.405582812802902  LUMO = 0.14431030246948
cycle= 9 E= -580.305477041043  delta_E= -1.38e-07  |g|= 8.74e-05  |ddm|= 0.00118
  HOMO = -0.405571408509039  LUMO = 0.144311811700695
cycle= 10 E= -580.305477045855  delta_E= -4.81e-09  |g|= 3.03e-05  |ddm|= 0.000175
  HOMO = -0.405577647050121  LUMO = 0.14430504495995
cycle= 11 E= -580.305477046257  delta_E= -4.02e-10  |g|= 9.27e-06  |ddm|= 4.59e-05
  HOMO = -0.405575120651832  LUMO = 0.144307013266574
Extra cycle  E= -580.305477046306  delta_E= -4.91e-11  |g|= 4.97e-06  |ddm|= 1.55e-05
converged SCF energy = -580.305477046306
AOs:  [0, 1, 2, 3, 4, 5, 6, 7, 8, 9, 10, 11, 12, 13, 14, 15, 16, 17, 18, 19, 20, 21, 22, 23, 24, 25, 26, 27, 28, 29, 30, 31, 32, 33, 34, 35, 36, 37, 38, 39, 40, 41, 42, 43, 44, 45, 46, 47, 48, 49, 50, 51, 52, 53, 54, 55, 56, 57, 58, 59, 60, 61, 62, 63, 64, 65, 66, 67, 68, 69, 70, 71, 72, 73, 74, 75, 76, 77, 78, 79, 80, 81, 82, 83, 84, 85, 86, 87, 88, 89, 90, 91, 92, 93, 94, 95, 96, 97, 98, 99, 100, 101, 102, 103, 104, 105, 106, 107, 108, 109, 110, 111, 112, 113, 114, 115, 116, 117, 118, 119, 120, 121, 122, 123, 124, 125, 126, 127, 128, 129, 130, 131, 132, 133, 134, 135, 136, 137, 138, 139, 140, 141, 142, 143, 144, 145, 146, 147, 148, 149, 150, 151, 152, 153, 154, 155, 156, 157, 158, 159, 160, 161, 162, 163, 164, 165, 166, 167, 168, 169, 170, 171, 172, 173, 174, 175, 176, 177, 178, 179, 180, 181, 182, 183, 184, 185, 186, 187, 188, 189, 190, 191, 192, 193, 194, 195, 196, 197, 198, 199, 200, 201, 202, 203, 204, 205, 206, 207, 208, 209, 210, 211, 212, 213, 214, 215, 216, 217, 218, 219, 220, 221, 222, 223, 224, 225, 226, 227, 228, 229, 230, 231, 232, 233, 234, 235, 236, 237, 238, 239, 240, 241, 242, 243, 244, 245, 246, 247, 248, 249, 250, 251, 252, 253, 254, 255, 256, 257, 258, 259, 260, 261, 262, 263, 264, 265, 266, 267, 268, 269, 270, 271, 272, 273, 274, 275, 276, 277, 278, 279, 280, 281, 282, 283, 284, 285, 286, 287, 288, 289, 290, 291, 292, 293, 294, 295, 296, 297, 298, 299, 300, 301]
302
Number of Active MOs:  53
Number of Environment MOs:  0
Number of Virtual MOs:  249
 # electrons:            α            β
         Env:   0.00000000   0.00000000
         Act:  53.00000000  53.00000000
         Vir:   0.00000000   0.00000000
Number of electrons in the active space:  106

 The density matrix is idempotent!

 The density matrix is idempotent!


******** <class 'pyscf.scf.hf.RHF'> ********
method = RHF
initial guess = minao
damping factor = 0
level_shift factor = 0
DIIS = <class 'pyscf.scf.diis.CDIIS'>
diis_start_cycle = 1
diis_space = 8
SCF conv_tol = 1e-09
SCF conv_tol_grad = 1e-05
SCF max_cycles = 200
direct_scf = True
direct_scf_tol = 1e-13
chkfile to save SCF result = subsys_scf.chk
max_memory 900000 MB (current use 8560 MB)
init E= -580.305477046304
  HOMO = -0.405576265109059  LUMO = 0.144305984136944
cycle= 1 E= -580.30547704632  delta_E= -1.64e-11  |g|= 2.94e-06  |ddm|= 8.23e-06
  HOMO = -0.405575746066659  LUMO = 0.144306351421827
Extra cycle  E= -580.305477046328  delta_E= -7.73e-12  |g|= 1.93e-06  |ddm|= 5.39e-06
converged SCF energy = -580.305477046328
Difference in energy:  1.455328401789302e-08
E(MP2) = -582.2925965641  E_corr = -1.98711951777193
Total energy =  -582.2925965641014
time elapsed:  44.49279475212097
