

******** <class 'pyscf.scf.hf.RHF'> ********
method = RHF
initial guess = minao
damping factor = 0
level_shift factor = 0
DIIS = <class 'pyscf.scf.diis.CDIIS'>
diis_start_cycle = 1
diis_space = 8
SCF conv_tol = 1e-09
SCF conv_tol_grad = 1e-05
SCF max_cycles = 1000
direct_scf = True
direct_scf_tol = 1e-13
chkfile to save SCF result = scf.fchk
max_memory 900000 MB (current use 79 MB)
init E= -582.148227897021
  HOMO = -0.268614363139052  LUMO = 0.0149296813395333
cycle= 1 E= -580.049062631812  delta_E=  2.1  |g|= 0.967  |ddm|= 5.16
  HOMO = -0.327267320724619  LUMO = 0.0997657009841737
cycle= 2 E= -580.216283062181  delta_E= -0.167  |g|= 0.667  |ddm|= 1.23
  HOMO = -0.401295210164266  LUMO = 0.133994546614182
cycle= 3 E= -580.298619247703  delta_E= -0.0823  |g|= 0.14  |ddm|= 0.615
  HOMO = -0.395227656401653  LUMO = 0.146540255939403
cycle= 4 E= -580.304056528744  delta_E= -0.00544  |g|= 0.0447  |ddm|= 0.142
  HOMO = -0.402420657899888  LUMO = 0.145197068956219
cycle= 5 E= -580.304526347019  delta_E= -0.00047  |g|= 0.0107  |ddm|= 0.0532
  HOMO = -0.403452503392066  LUMO = 0.145131554023484
cycle= 6 E= -580.304582641825  delta_E= -5.63e-05  |g|= 0.00424  |ddm|= 0.0195
  HOMO = -0.403731794894566  LUMO = 0.145678670145654
cycle= 7 E= -580.304597080474  delta_E= -1.44e-05  |g|= 0.00165  |ddm|= 0.0128
  HOMO = -0.404192838268172  LUMO = 0.145591396780877
cycle= 8 E= -580.304598906827  delta_E= -1.83e-06  |g|= 0.000448  |ddm|= 0.00461
  HOMO = -0.404210231958964  LUMO = 0.145619380946347
cycle= 9 E= -580.304599044338  delta_E= -1.38e-07  |g|= 8.79e-05  |ddm|= 0.00118
  HOMO = -0.404198481182917  LUMO = 0.145620777894587
cycle= 10 E= -580.304599049184  delta_E= -4.85e-09  |g|= 3.05e-05  |ddm|= 0.000176
  HOMO = -0.404204841274082  LUMO = 0.145613999543381
cycle= 11 E= -580.304599049589  delta_E= -4.05e-10  |g|= 9.35e-06  |ddm|= 4.62e-05
  HOMO = -0.404202270664609  LUMO = 0.145615961783906
Extra cycle  E= -580.30459904964  delta_E= -5.07e-11  |g|= 5.02e-06  |ddm|= 1.57e-05
converged SCF energy = -580.30459904964
AOs:  [0, 1, 2, 3, 4, 5, 6, 7, 8, 9, 10, 11, 12, 13, 14, 15, 16, 17, 18, 19, 20, 21, 22, 23, 24, 25, 26, 27, 28, 29, 30, 31, 32, 33, 34, 35, 36, 37, 38, 39, 40, 41, 42, 43, 44, 45, 46, 47, 48, 49, 50, 51, 52, 53, 54, 55, 56, 57, 58, 59, 60, 61, 62, 63, 64, 65, 66, 67, 68, 69, 70, 71, 72, 73, 74, 75, 76, 77, 78, 79, 80, 81, 82, 83, 84, 85, 86, 87, 88, 89, 90, 91, 92, 93, 94, 95, 96, 97, 98, 99, 100, 101, 102, 103, 104, 105, 106, 107, 108, 109, 110, 111, 112, 113, 114, 115, 116, 117, 118, 119, 120, 121, 122, 123, 124, 125, 126, 127, 128, 129, 130, 131, 132, 133, 134, 135, 136, 137, 138, 139, 140, 141, 142, 143, 144, 145, 146, 147, 148, 149, 150, 151, 152, 153, 154, 155, 156, 157, 158, 159, 160, 161, 162, 163, 164, 165, 166, 167, 168, 169, 170, 171, 172, 173, 174, 175, 176, 177, 178, 179, 180, 181, 182, 183, 184, 185, 186, 187, 188, 189, 190, 191, 192, 193, 194, 195, 196, 197, 198, 199, 200, 201, 202, 203, 204, 205, 206, 207, 208, 209, 210, 211, 212, 213, 214, 215, 216, 217, 218, 219, 220, 221, 222, 223, 224, 225, 226, 227, 228, 229, 230, 231, 232, 233, 234, 235, 236, 237, 238, 239, 240, 241, 242, 243, 244, 245, 246, 247, 248, 249, 250, 251, 252, 253, 254, 255, 256, 257, 258, 259, 260, 261, 262, 263, 264, 265, 266, 267, 268, 269, 270, 271, 272, 273, 274, 275, 276, 277, 278, 279, 280, 281, 282, 283, 284, 285, 286, 287, 288, 289, 290, 291, 292, 293, 294, 295, 296, 297, 298, 299, 300, 301]
302
Number of Active MOs:  53
Number of Environment MOs:  0
Number of Virtual MOs:  249
 # electrons:            α            β
         Env:   0.00000000   0.00000000
         Act:  53.00000000  53.00000000
         Vir:   0.00000000   0.00000000
Number of electrons in the active space:  106

 The density matrix is idempotent!

 The density matrix is idempotent!


******** <class 'pyscf.scf.hf.RHF'> ********
method = RHF
initial guess = minao
damping factor = 0
level_shift factor = 0
DIIS = <class 'pyscf.scf.diis.CDIIS'>
diis_start_cycle = 1
diis_space = 8
SCF conv_tol = 1e-09
SCF conv_tol_grad = 1e-05
SCF max_cycles = 200
direct_scf = True
direct_scf_tol = 1e-13
chkfile to save SCF result = subsys_scf.chk
max_memory 900000 MB (current use 8560 MB)
init E= -580.304599049638
  HOMO = -0.404203425909332  LUMO = 0.1456149420068
cycle= 1 E= -580.304599049658  delta_E= -2e-11  |g|= 2.97e-06  |ddm|= 8.34e-06
  HOMO = -0.404202900507706  LUMO = 0.145615303193584
Extra cycle  E= -580.304599049666  delta_E= -7.73e-12  |g|= 1.96e-06  |ddm|= 5.48e-06
converged SCF energy = -580.304599049666
Difference in energy:  1.5980076568666845e-08
E(MP2) = -582.29158173234  E_corr = -1.98698268267402
Total energy =  -582.2915817323394
time elapsed:  45.729170083999634
