

******** <class 'pyscf.scf.hf.RHF'> ********
method = RHF
initial guess = minao
damping factor = 0
level_shift factor = 0
DIIS = <class 'pyscf.scf.diis.CDIIS'>
diis_start_cycle = 1
diis_space = 8
SCF conv_tol = 1e-09
SCF conv_tol_grad = 1e-05
SCF max_cycles = 1000
direct_scf = True
direct_scf_tol = 1e-13
chkfile to save SCF result = scf.fchk
max_memory 900000 MB (current use 79 MB)
init E= -582.145551290852
  HOMO = -0.268599048269091  LUMO = 0.0149634667889112
cycle= 1 E= -580.046982475088  delta_E=  2.1  |g|= 0.97  |ddm|= 5.16
  HOMO = -0.324045531099154  LUMO = 0.101597106544493
cycle= 2 E= -580.214240399847  delta_E= -0.167  |g|= 0.672  |ddm|= 1.24
  HOMO = -0.399960801340689  LUMO = 0.135189255948879
cycle= 3 E= -580.297755521968  delta_E= -0.0835  |g|= 0.139  |ddm|= 0.622
  HOMO = -0.394127171749195  LUMO = 0.147504807164256
cycle= 4 E= -580.303207668669  delta_E= -0.00545  |g|= 0.0445  |ddm|= 0.142
  HOMO = -0.401245343165804  LUMO = 0.146268973668088
cycle= 5 E= -580.303677151322  delta_E= -0.000469  |g|= 0.0108  |ddm|= 0.0534
  HOMO = -0.402290945686323  LUMO = 0.146197521892914
cycle= 6 E= -580.303734152409  delta_E= -5.7e-05  |g|= 0.00428  |ddm|= 0.0197
  HOMO = -0.402589580095296  LUMO = 0.146740384994879
cycle= 7 E= -580.303748879226  delta_E= -1.47e-05  |g|= 0.00165  |ddm|= 0.013
  HOMO = -0.403055847655037  LUMO = 0.14665336170002
cycle= 8 E= -580.303750714299  delta_E= -1.84e-06  |g|= 0.000449  |ddm|= 0.00464
  HOMO = -0.403073489172469  LUMO = 0.146681352373215
cycle= 9 E= -580.303750851493  delta_E= -1.37e-07  |g|= 8.83e-05  |ddm|= 0.00117
  HOMO = -0.403061417997257  LUMO = 0.146682690534501
cycle= 10 E= -580.303750856368  delta_E= -4.88e-09  |g|= 3.06e-05  |ddm|= 0.000177
  HOMO = -0.403067887139725  LUMO = 0.146675896304457
cycle= 11 E= -580.303750856774  delta_E= -4.05e-10  |g|= 9.41e-06  |ddm|= 4.65e-05
  HOMO = -0.403065283727218  LUMO = 0.146677849132595
Extra cycle  E= -580.303750856828  delta_E= -5.48e-11  |g|= 5.07e-06  |ddm|= 1.59e-05
converged SCF energy = -580.303750856828
AOs:  [0, 1, 2, 3, 4, 5, 6, 7, 8, 9, 10, 11, 12, 13, 14, 15, 16, 17, 18, 19, 20, 21, 22, 23, 24, 25, 26, 27, 28, 29, 30, 31, 32, 33, 34, 35, 36, 37, 38, 39, 40, 41, 42, 43, 44, 45, 46, 47, 48, 49, 50, 51, 52, 53, 54, 55, 56, 57, 58, 59, 60, 61, 62, 63, 64, 65, 66, 67, 68, 69, 70, 71, 72, 73, 74, 75, 76, 77, 78, 79, 80, 81, 82, 83, 84, 85, 86, 87, 88, 89, 90, 91, 92, 93, 94, 95, 96, 97, 98, 99, 100, 101, 102, 103, 104, 105, 106, 107, 108, 109, 110, 111, 112, 113, 114, 115, 116, 117, 118, 119, 120, 121, 122, 123, 124, 125, 126, 127, 128, 129, 130, 131, 132, 133, 134, 135, 136, 137, 138, 139, 140, 141, 142, 143, 144, 145, 146, 147, 148, 149, 150, 151, 152, 153, 154, 155, 156, 157, 158, 159, 160, 161, 162, 163, 164, 165, 166, 167, 168, 169, 170, 171, 172, 173, 174, 175, 176, 177, 178, 179, 180, 181, 182, 183, 184, 185, 186, 187, 188, 189, 190, 191, 192, 193, 194, 195, 196, 197, 198, 199, 200, 201, 202, 203, 204, 205, 206, 207, 208, 209, 210, 211, 212, 213, 214, 215, 216, 217, 218, 219, 220, 221, 222, 223, 224, 225, 226, 227, 228, 229, 230, 231, 232, 233, 234, 235, 236, 237, 238, 239, 240, 241, 242, 243, 244, 245, 246, 247, 248, 249, 250, 251, 252, 253, 254, 255, 256, 257, 258, 259, 260, 261, 262, 263, 264, 265, 266, 267, 268, 269, 270, 271, 272, 273, 274, 275, 276, 277, 278, 279, 280, 281, 282, 283, 284, 285, 286, 287, 288, 289, 290, 291, 292, 293, 294, 295, 296, 297, 298, 299, 300, 301]
302
Number of Active MOs:  53
Number of Environment MOs:  0
Number of Virtual MOs:  249
 # electrons:            α            β
         Env:   0.00000000   0.00000000
         Act:  53.00000000  53.00000000
         Vir:  -0.00000000  -0.00000000
Number of electrons in the active space:  106

 The density matrix is idempotent!

 The density matrix is idempotent!


******** <class 'pyscf.scf.hf.RHF'> ********
method = RHF
initial guess = minao
damping factor = 0
level_shift factor = 0
DIIS = <class 'pyscf.scf.diis.CDIIS'>
diis_start_cycle = 1
diis_space = 8
SCF conv_tol = 1e-09
SCF conv_tol_grad = 1e-05
SCF max_cycles = 200
direct_scf = True
direct_scf_tol = 1e-13
chkfile to save SCF result = subsys_scf.chk
max_memory 900000 MB (current use 8560 MB)
init E= -580.303750856826
  HOMO = -0.403066445784573  LUMO = 0.146676838059518
cycle= 1 E= -580.303750856848  delta_E= -2.18e-11  |g|= 3e-06  |ddm|= 8.43e-06
  HOMO = -0.403065916494868  LUMO = 0.146677193427259
Extra cycle  E= -580.303750856851  delta_E= -3.41e-12  |g|= 1.98e-06  |ddm|= 5.54e-06
converged SCF energy = -580.303750856851
Difference in energy:  1.512400103820255e-08
E(MP2) = -582.290629154768  E_corr = -1.98687829791661
Total energy =  -582.2906291547691
time elapsed:  44.98867583274841
