

******** <class 'pyscf.scf.hf.RHF'> ********
method = RHF
initial guess = minao
damping factor = 0
level_shift factor = 0
DIIS = <class 'pyscf.scf.diis.CDIIS'>
diis_start_cycle = 1
diis_space = 8
SCF conv_tol = 1e-09
SCF conv_tol_grad = 1e-05
SCF max_cycles = 1000
direct_scf = True
direct_scf_tol = 1e-13
chkfile to save SCF result = scf.fchk
max_memory 900000 MB (current use 79 MB)
init E= -582.14197991573
  HOMO = -0.268580902143346  LUMO = 0.0150206013914071
cycle= 1 E= -580.042396900385  delta_E=  2.1  |g|= 0.976  |ddm|= 5.16
  HOMO = -0.317586700987852  LUMO = 0.105219281444487
cycle= 2 E= -580.209995674991  delta_E= -0.168  |g|= 0.681  |ddm|= 1.27
  HOMO = -0.397069332799155  LUMO = 0.137732046284596
cycle= 3 E= -580.295807032502  delta_E= -0.0858  |g|= 0.139  |ddm|= 0.635
  HOMO = -0.391755459691799  LUMO = 0.149539433436396
cycle= 4 E= -580.30128179185  delta_E= -0.00547  |g|= 0.0444  |ddm|= 0.143
  HOMO = -0.398723666040794  LUMO = 0.1485177735216
cycle= 5 E= -580.301752563915  delta_E= -0.000471  |g|= 0.0109  |ddm|= 0.0538
  HOMO = -0.399801231377523  LUMO = 0.148432250114071
cycle= 6 E= -580.301811102956  delta_E= -5.85e-05  |g|= 0.00435  |ddm|= 0.0201
  HOMO = -0.400141647829387  LUMO = 0.1489637489216
cycle= 7 E= -580.301826438244  delta_E= -1.53e-05  |g|= 0.00166  |ddm|= 0.0135
  HOMO = -0.400617640553515  LUMO = 0.148878838815273
cycle= 8 E= -580.301828295758  delta_E= -1.86e-06  |g|= 0.000451  |ddm|= 0.00471
  HOMO = -0.400635973467439  LUMO = 0.1489065617573
cycle= 9 E= -580.301828432137  delta_E= -1.36e-07  |g|= 8.92e-05  |ddm|= 0.00117
  HOMO = -0.400623174154105  LUMO = 0.148907837232936
cycle= 10 E= -580.301828437079  delta_E= -4.94e-09  |g|= 3.1e-05  |ddm|= 0.000179
  HOMO = -0.400629880547315  LUMO = 0.148901013088306
cycle= 11 E= -580.301828437493  delta_E= -4.14e-10  |g|= 9.53e-06  |ddm|= 4.7e-05
  HOMO = -0.40062721682729  LUMO = 0.148902936365922
Extra cycle  E= -580.301828437548  delta_E= -5.48e-11  |g|= 5.14e-06  |ddm|= 1.62e-05
converged SCF energy = -580.301828437548
AOs:  [0, 1, 2, 3, 4, 5, 6, 7, 8, 9, 10, 11, 12, 13, 14, 15, 16, 17, 18, 19, 20, 21, 22, 23, 24, 25, 26, 27, 28, 29, 30, 31, 32, 33, 34, 35, 36, 37, 38, 39, 40, 41, 42, 43, 44, 45, 46, 47, 48, 49, 50, 51, 52, 53, 54, 55, 56, 57, 58, 59, 60, 61, 62, 63, 64, 65, 66, 67, 68, 69, 70, 71, 72, 73, 74, 75, 76, 77, 78, 79, 80, 81, 82, 83, 84, 85, 86, 87, 88, 89, 90, 91, 92, 93, 94, 95, 96, 97, 98, 99, 100, 101, 102, 103, 104, 105, 106, 107, 108, 109, 110, 111, 112, 113, 114, 115, 116, 117, 118, 119, 120, 121, 122, 123, 124, 125, 126, 127, 128, 129, 130, 131, 132, 133, 134, 135, 136, 137, 138, 139, 140, 141, 142, 143, 144, 145, 146, 147, 148, 149, 150, 151, 152, 153, 154, 155, 156, 157, 158, 159, 160, 161, 162, 163, 164, 165, 166, 167, 168, 169, 170, 171, 172, 173, 174, 175, 176, 177, 178, 179, 180, 181, 182, 183, 184, 185, 186, 187, 188, 189, 190, 191, 192, 193, 194, 195, 196, 197, 198, 199, 200, 201, 202, 203, 204, 205, 206, 207, 208, 209, 210, 211, 212, 213, 214, 215, 216, 217, 218, 219, 220, 221, 222, 223, 224, 225, 226, 227, 228, 229, 230, 231, 232, 233, 234, 235, 236, 237, 238, 239, 240, 241, 242, 243, 244, 245, 246, 247, 248, 249, 250, 251, 252, 253, 254, 255, 256, 257, 258, 259, 260, 261, 262, 263, 264, 265, 266, 267, 268, 269, 270, 271, 272, 273, 274, 275, 276, 277, 278, 279, 280, 281, 282, 283, 284, 285, 286, 287, 288, 289, 290, 291, 292, 293, 294, 295, 296, 297, 298, 299, 300, 301]
302
Number of Active MOs:  53
Number of Environment MOs:  0
Number of Virtual MOs:  249
 # electrons:            α            β
         Env:   0.00000000   0.00000000
         Act:  53.00000000  53.00000000
         Vir:  -0.00000000  -0.00000000
Number of electrons in the active space:  106

 The density matrix is idempotent!

 The density matrix is idempotent!


******** <class 'pyscf.scf.hf.RHF'> ********
method = RHF
initial guess = minao
damping factor = 0
level_shift factor = 0
DIIS = <class 'pyscf.scf.diis.CDIIS'>
diis_start_cycle = 1
diis_space = 8
SCF conv_tol = 1e-09
SCF conv_tol_grad = 1e-05
SCF max_cycles = 200
direct_scf = True
direct_scf_tol = 1e-13
chkfile to save SCF result = subsys_scf.chk
max_memory 900000 MB (current use 8560 MB)
init E= -580.301828437548
  HOMO = -0.400628387163384  LUMO = 0.148901946893941
cycle= 1 E= -580.301828437569  delta_E= -2.09e-11  |g|= 3.05e-06  |ddm|= 8.58e-06
  HOMO = -0.400627853655622  LUMO = 0.148902288233233
Extra cycle  E= -580.301828437571  delta_E= -1.59e-12  |g|= 2.01e-06  |ddm|= 5.66e-06
converged SCF energy = -580.301828437571
Difference in energy:  1.7121510609285905e-08
E(MP2) = -582.288530054553  E_corr = -1.986701616982
Total energy =  -582.2885300545569
time elapsed:  45.181681871414185
