

******** <class 'pyscf.scf.hf.RHF'> ********
method = RHF
initial guess = minao
damping factor = 0
level_shift factor = 0
DIIS = <class 'pyscf.scf.diis.CDIIS'>
diis_start_cycle = 1
diis_space = 8
SCF conv_tol = 1e-09
SCF conv_tol_grad = 1e-05
SCF max_cycles = 1000
direct_scf = True
direct_scf_tol = 1e-13
chkfile to save SCF result = scf.fchk
max_memory 900000 MB (current use 79 MB)
init E= -582.141395400382
  HOMO = -0.268577366607749  LUMO = 0.0150331769243398
cycle= 1 E= -580.041348556753  delta_E=  2.1  |g|= 0.977  |ddm|= 5.16
  HOMO = -0.316134655235327  LUMO = 0.106040642115327
cycle= 2 E= -580.209046626104  delta_E= -0.168  |g|= 0.683  |ddm|= 1.27
  HOMO = -0.396391022010262  LUMO = 0.138323329127101
cycle= 3 E= -580.295359745143  delta_E= -0.0863  |g|= 0.139  |ddm|= 0.638
  HOMO = -0.391196431485621  LUMO = 0.150014372925098
cycle= 4 E= -580.300838952365  delta_E= -0.00548  |g|= 0.0444  |ddm|= 0.143
  HOMO = -0.398131568821832  LUMO = 0.149039982185164
cycle= 5 E= -580.301310355598  delta_E= -0.000471  |g|= 0.011  |ddm|= 0.0539
  HOMO = -0.399216186943954  LUMO = 0.148951577589936
cycle= 6 E= -580.301369254953  delta_E= -5.89e-05  |g|= 0.00437  |ddm|= 0.0202
  HOMO = -0.399565858193715  LUMO = 0.149480407594039
cycle= 7 E= -580.301384730743  delta_E= -1.55e-05  |g|= 0.00166  |ddm|= 0.0136
  HOMO = -0.400044043110297  LUMO = 0.14939609962843
cycle= 8 E= -580.301386594619  delta_E= -1.86e-06  |g|= 0.000451  |ddm|= 0.00472
  HOMO = -0.400062522436937  LUMO = 0.149423772272952
cycle= 9 E= -580.30138673087  delta_E= -1.36e-07  |g|= 8.94e-05  |ddm|= 0.00116
  HOMO = -0.400049564584105  LUMO = 0.149425032746018
cycle= 10 E= -580.301386735827  delta_E= -4.96e-09  |g|= 3.11e-05  |ddm|= 0.00018
  HOMO = -0.400056318037727  LUMO = 0.149418209980462
cycle= 11 E= -580.301386736246  delta_E= -4.19e-10  |g|= 9.55e-06  |ddm|= 4.72e-05
  HOMO = -0.40005364067481  LUMO = 0.149420126143594
Extra cycle  E= -580.301386736298  delta_E= -5.18e-11  |g|= 5.15e-06  |ddm|= 1.63e-05
converged SCF energy = -580.301386736298
AOs:  [0, 1, 2, 3, 4, 5, 6, 7, 8, 9, 10, 11, 12, 13, 14, 15, 16, 17, 18, 19, 20, 21, 22, 23, 24, 25, 26, 27, 28, 29, 30, 31, 32, 33, 34, 35, 36, 37, 38, 39, 40, 41, 42, 43, 44, 45, 46, 47, 48, 49, 50, 51, 52, 53, 54, 55, 56, 57, 58, 59, 60, 61, 62, 63, 64, 65, 66, 67, 68, 69, 70, 71, 72, 73, 74, 75, 76, 77, 78, 79, 80, 81, 82, 83, 84, 85, 86, 87, 88, 89, 90, 91, 92, 93, 94, 95, 96, 97, 98, 99, 100, 101, 102, 103, 104, 105, 106, 107, 108, 109, 110, 111, 112, 113, 114, 115, 116, 117, 118, 119, 120, 121, 122, 123, 124, 125, 126, 127, 128, 129, 130, 131, 132, 133, 134, 135, 136, 137, 138, 139, 140, 141, 142, 143, 144, 145, 146, 147, 148, 149, 150, 151, 152, 153, 154, 155, 156, 157, 158, 159, 160, 161, 162, 163, 164, 165, 166, 167, 168, 169, 170, 171, 172, 173, 174, 175, 176, 177, 178, 179, 180, 181, 182, 183, 184, 185, 186, 187, 188, 189, 190, 191, 192, 193, 194, 195, 196, 197, 198, 199, 200, 201, 202, 203, 204, 205, 206, 207, 208, 209, 210, 211, 212, 213, 214, 215, 216, 217, 218, 219, 220, 221, 222, 223, 224, 225, 226, 227, 228, 229, 230, 231, 232, 233, 234, 235, 236, 237, 238, 239, 240, 241, 242, 243, 244, 245, 246, 247, 248, 249, 250, 251, 252, 253, 254, 255, 256, 257, 258, 259, 260, 261, 262, 263, 264, 265, 266, 267, 268, 269, 270, 271, 272, 273, 274, 275, 276, 277, 278, 279, 280, 281, 282, 283, 284, 285, 286, 287, 288, 289, 290, 291, 292, 293, 294, 295, 296, 297, 298, 299, 300, 301]
302
Number of Active MOs:  53
Number of Environment MOs:  0
Number of Virtual MOs:  249
 # electrons:            α            β
         Env:   0.00000000   0.00000000
         Act:  53.00000000  53.00000000
         Vir:   0.00000000   0.00000000
Number of electrons in the active space:  106

 The density matrix is idempotent!

 The density matrix is idempotent!


******** <class 'pyscf.scf.hf.RHF'> ********
method = RHF
initial guess = minao
damping factor = 0
level_shift factor = 0
DIIS = <class 'pyscf.scf.diis.CDIIS'>
diis_start_cycle = 1
diis_space = 8
SCF conv_tol = 1e-09
SCF conv_tol_grad = 1e-05
SCF max_cycles = 200
direct_scf = True
direct_scf_tol = 1e-13
chkfile to save SCF result = subsys_scf.chk
max_memory 900000 MB (current use 8559 MB)
init E= -580.301386736299
  HOMO = -0.400054812270351  LUMO = 0.14941914200715
cycle= 1 E= -580.30138673632  delta_E= -2.02e-11  |g|= 3.06e-06  |ddm|= 8.61e-06
  HOMO = -0.400054278130348  LUMO = 0.149419480100299
Extra cycle  E= -580.301386736325  delta_E= -5.46e-12  |g|= 2.02e-06  |ddm|= 5.68e-06
converged SCF energy = -580.301386736325
Difference in energy:  1.683615209913114e-08
E(MP2) = -582.288070447129  E_corr = -1.98668371080407
Total energy =  -582.2880704471291
time elapsed:  45.470147132873535
