

******** <class 'pyscf.dft.rks.RKS'> ********
method = RKS-RHF
initial guess = minao
damping factor = 0
level_shift factor = 0
DIIS = <class 'pyscf.scf.diis.CDIIS'>
diis_start_cycle = 1
diis_space = 8
SCF conv_tol = 1e-09
SCF conv_tol_grad = 1e-06
SCF max_cycles = 1000
direct_scf = True
direct_scf_tol = 1e-13
chkfile to save SCF result = scf.fchk
max_memory 900000 MB (current use 79 MB)
XC library pyscf.dft.libxc version 5.1.7
    S. Lehtola, C. Steigemann, M. J. Oliveira, and M. A. Marques, SoftwareX 7, 1 (2018)
XC functionals = pbe
    J. P. Perdew, K. Burke, and M. Ernzerhof, Phys. Rev. Lett. 77, 3865 (1996)
    J. P. Perdew, K. Burke, and M. Ernzerhof, Phys. Rev. Lett. 78, 1396 (1997)
    J. P. Perdew, K. Burke, and M. Ernzerhof, Phys. Rev. Lett. 77, 3865 (1996)
    J. P. Perdew, K. Burke, and M. Ernzerhof, Phys. Rev. Lett. 78, 1396 (1997)
small_rho_cutoff = 1e-07
init E= -113.252967587077
  HOMO = -0.336707452967393  LUMO = -0.0775205831353565
cycle= 1 E= -113.037904491114  delta_E= 0.215  |g|= 0.577  |ddm|= 1.73
  HOMO = -0.306368423286397  LUMO = -0.0221646316866272
cycle= 2 E= -112.409229572371  delta_E= 0.629  |g|= 1.86  |ddm|= 1.21
  HOMO = -0.303886386744142  LUMO = -0.050233524891381
cycle= 3 E= -113.097993919764  delta_E= -0.689  |g|= 0.0595  |ddm|= 0.973
  HOMO = -0.327783544399661  LUMO = -0.0685717785800158
cycle= 4 E= -113.098821872457  delta_E= -0.000828  |g|= 0.022  |ddm|= 0.118
  HOMO = -0.322479683862478  LUMO = -0.0639876634445157
cycle= 5 E= -113.098951912171  delta_E= -0.00013  |g|= 0.00321  |ddm|= 0.024
  HOMO = -0.321621814279259  LUMO = -0.0634431924126926
cycle= 6 E= -113.098954750407  delta_E= -2.84e-06  |g|= 0.000222  |ddm|= 0.0042
  HOMO = -0.321628823014102  LUMO = -0.0634512201228144
cycle= 7 E= -113.098954761112  delta_E= -1.07e-08  |g|= 2.82e-05  |ddm|= 0.000158
  HOMO = -0.32162320022546  LUMO = -0.0634446718707469
cycle= 8 E= -113.098954761295  delta_E= -1.84e-10  |g|= 2.62e-06  |ddm|= 3.18e-05
  HOMO = -0.321623178961733  LUMO = -0.0634447468602277
cycle= 9 E= -113.098954761296  delta_E= -1.17e-12  |g|= 2.86e-07  |ddm|= 1.23e-06
  HOMO = -0.321623188147566  LUMO = -0.0634447867746289
Extra cycle  E= -113.098954761296  delta_E= 2.84e-14  |g|= 8.58e-07  |ddm|= 5.79e-07
converged SCF energy = -113.098954761296
AOs:  [0, 1, 2, 3, 4, 5, 6, 7, 8, 9, 10, 11, 12, 13, 14, 15, 16, 17, 18, 19, 20, 21, 22, 23, 24, 25, 26, 27]
28
Number of Active MOs:  7
Number of Environment MOs:  0
Number of Virtual MOs:  21
 # electrons:            α            β
         Env:   0.00000000   0.00000000
         Act:   7.00000000   7.00000000
         Vir:  -0.00000000  -0.00000000
Number of electrons in the active space:  14

 The density matrix is idempotent!

 The density matrix is idempotent!


******** <class 'pyscf.dft.rks.RKS'> ********
method = RKS-RHF
initial guess = minao
damping factor = 0
level_shift factor = 0
DIIS = <class 'pyscf.scf.diis.CDIIS'>
diis_start_cycle = 1
diis_space = 8
SCF conv_tol = 1e-09
SCF conv_tol_grad = 1e-06
SCF max_cycles = 200
direct_scf = True
direct_scf_tol = 1e-13
chkfile to save SCF result = subsys_scf.chk
max_memory 900000 MB (current use 289 MB)
XC library pyscf.dft.libxc version 5.1.7
    S. Lehtola, C. Steigemann, M. J. Oliveira, and M. A. Marques, SoftwareX 7, 1 (2018)
XC functionals = pbe
    J. P. Perdew, K. Burke, and M. Ernzerhof, Phys. Rev. Lett. 77, 3865 (1996)
    J. P. Perdew, K. Burke, and M. Ernzerhof, Phys. Rev. Lett. 78, 1396 (1997)
    J. P. Perdew, K. Burke, and M. Ernzerhof, Phys. Rev. Lett. 77, 3865 (1996)
    J. P. Perdew, K. Burke, and M. Ernzerhof, Phys. Rev. Lett. 78, 1396 (1997)
small_rho_cutoff = 1e-07
init E= -113.098954229705
  HOMO = -0.321622789974229  LUMO = -0.0634446829930848
cycle= 1 E= -113.098954229706  delta_E= -1.22e-12  |g|= 5.83e-06  |ddm|= 7.06e-06
  HOMO = -0.321622221753275  LUMO = -0.0634448615829945
cycle= 2 E= -113.098954229649  delta_E= 5.69e-11  |g|= 1.82e-05  |ddm|= 1.27e-05
  HOMO = -0.321622736942441  LUMO = -0.0634448070610972
cycle= 3 E= -113.098954229713  delta_E= -6.34e-11  |g|= 1.96e-07  |ddm|= 9.74e-06
  HOMO = -0.321622654333934  LUMO = -0.0634447338492281
Extra cycle  E= -113.098954229713  delta_E= 1.42e-13  |g|= 2.21e-07  |ddm|= 4.06e-07
converged SCF energy = -113.098954229713
Difference in energy:  -0.000333574110823065
Total mean-field energy =  -113.09895422971252
time elapsed:  11.155125856399536
