

******** <class 'pyscf.dft.rks.RKS'> ********
method = RKS-RHF
initial guess = minao
damping factor = 0
level_shift factor = 0
DIIS = <class 'pyscf.scf.diis.CDIIS'>
diis_start_cycle = 1
diis_space = 8
SCF conv_tol = 1e-09
SCF conv_tol_grad = 1e-06
SCF max_cycles = 1000
direct_scf = True
direct_scf_tol = 1e-13
chkfile to save SCF result = scf.fchk
max_memory 900000 MB (current use 81 MB)
XC library pyscf.dft.libxc version 5.1.7
    S. Lehtola, C. Steigemann, M. J. Oliveira, and M. A. Marques, SoftwareX 7, 1 (2018)
XC functionals = pbe
    J. P. Perdew, K. Burke, and M. Ernzerhof, Phys. Rev. Lett. 77, 3865 (1996)
    J. P. Perdew, K. Burke, and M. Ernzerhof, Phys. Rev. Lett. 78, 1396 (1997)
    J. P. Perdew, K. Burke, and M. Ernzerhof, Phys. Rev. Lett. 77, 3865 (1996)
    J. P. Perdew, K. Burke, and M. Ernzerhof, Phys. Rev. Lett. 78, 1396 (1997)
small_rho_cutoff = 1e-07
init E= -2592.68589161386
  HOMO = -0.135589903772628  LUMO = -0.0868627408995854
cycle= 1 E= -2573.86094609638  delta_E= 18.8  |g|= 5.66  |ddm|= 10.4
  HOMO = -0.237014473524237  LUMO = -0.22818187544954
cycle= 2 E= -2429.54073387063  delta_E=  144  |g|= 19.3  |ddm|=   96
  HOMO = -0.172155222180436  LUMO = -0.161702262178124
cycle= 3 E= -2561.20084737967  delta_E= -132  |g|= 9.67  |ddm|=   72
  HOMO = -0.17983538770105  LUMO = -0.153385170978547
cycle= 4 E= -2577.99076904097  delta_E= -16.8  |g|=  6.4  |ddm|= 28.3
  HOMO = -0.163466306075643  LUMO = -0.153553182576673
cycle= 5 E= -2581.5677116796  delta_E= -3.58  |g|= 5.42  |ddm|= 2.88
  HOMO = -0.173674305392803  LUMO = -0.159425717125015
cycle= 6 E= -2581.35725703463  delta_E= 0.21  |g|= 5.48  |ddm|= 1.05
  HOMO = -0.177939224083337  LUMO = -0.16238356059101
cycle= 7 E= -2581.22391346773  delta_E= 0.133  |g|= 5.53  |ddm|= 0.907
  HOMO = -0.174088591800939  LUMO = -0.16128878848384
cycle= 8 E= -2581.28456956137  delta_E= -0.0607  |g|= 5.52  |ddm|= 0.222
  HOMO = -0.188343748121097  LUMO = -0.164949624852041
cycle= 9 E= -2580.50104132869  delta_E= 0.784  |g|= 5.77  |ddm|= 0.599

WARN: HOMO 0.0213241047794748 == LUMO 0.0215309182921778

cycle= 10 E= -2543.21832631013  delta_E= 37.3  |g|= 13.6  |ddm|= 19.4
  HOMO = -0.0802366990613392  LUMO = -0.00445935374381758
cycle= 11 E= -2571.26238482638  delta_E=  -28  |g|= 6.19  |ddm|= 17.4
  HOMO = -0.203792668976084  LUMO = -0.173448379778757
cycle= 12 E= -2579.84965373917  delta_E= -8.59  |g|= 5.96  |ddm|= 9.81
  HOMO = -0.212032344509876  LUMO = -0.177532232964975
cycle= 13 E= -2580.2753816431  delta_E= -0.426  |g|= 5.83  |ddm|= 0.95
  HOMO = -0.177608754722921  LUMO = -0.158334685725465
cycle= 14 E= -2580.40134751581  delta_E= -0.126  |g|= 5.82  |ddm|= 1.39
  HOMO = -0.185695013456518  LUMO = -0.156326193026894
cycle= 15 E= -2579.61618316276  delta_E= 0.785  |g|= 6.04  |ddm|= 0.976
  HOMO = -0.169639849229598  LUMO = -0.153724437579991
cycle= 16 E= -2579.85245869841  delta_E= -0.236  |g|= 5.97  |ddm|= 0.924
  HOMO = -0.195808688358585  LUMO = -0.153711179753197
cycle= 17 E= -2580.01988212113  delta_E= -0.167  |g|= 5.93  |ddm|= 1.27
  HOMO = -0.188489915697503  LUMO = -0.161724222453499
cycle= 18 E= -2581.67310883338  delta_E= -1.65  |g|= 5.38  |ddm|= 1.52
  HOMO = -0.204329248328631  LUMO = -0.1659894787088
cycle= 19 E= -2580.23329234927  delta_E= 1.44  |g|= 5.86  |ddm|= 1.24
  HOMO = 0.0340471235946428  LUMO = 0.0390071080725646
cycle= 20 E= -2459.2857880781  delta_E=  121  |g|=   14  |ddm|= 33.4
  HOMO = -0.0789590322390244  LUMO = -0.0710420503917461
cycle= 21 E= -2574.34068263601  delta_E= -115  |g|= 5.09  |ddm|= 32.7
  HOMO = -0.16770381176474  LUMO = -0.159670172558399
cycle= 22 E= -2578.53385571046  delta_E= -4.19  |g|= 6.27  |ddm|= 7.64
  HOMO = -0.188009690525879  LUMO = -0.158587204335436
cycle= 23 E= -2579.42610150269  delta_E= -0.892  |g|= 6.11  |ddm|= 1.95
  HOMO = -0.205630690629091  LUMO = -0.164117914158041
cycle= 24 E= -2579.90845307604  delta_E= -0.482  |g|= 5.93  |ddm|= 1.21
  HOMO = -0.201782497828966  LUMO = -0.166103322780953
cycle= 25 E= -2578.8927486113  delta_E= 1.02  |g|= 6.24  |ddm|= 1.53
  HOMO = -0.197038114261424  LUMO = -0.168817890940733
cycle= 26 E= -2579.00551012598  delta_E= -0.113  |g|= 6.21  |ddm|= 0.937
  HOMO = -0.207747764042317  LUMO = -0.164650046834008
cycle= 27 E= -2581.13884804436  delta_E= -2.13  |g|= 5.52  |ddm|= 1.86
  HOMO = -0.194549376734707  LUMO = -0.166047663330231
cycle= 28 E= -2579.07928218932  delta_E= 2.06  |g|= 6.19  |ddm|= 2.14
  HOMO = -0.192444484146208  LUMO = -0.159121210735936
cycle= 29 E= -2579.80960138511  delta_E= -0.73  |g|= 5.99  |ddm|= 1.39
  HOMO = 0.00645189414714545  LUMO = 0.0122482472161492
cycle= 30 E= -2496.269457341  delta_E= 83.5  |g|= 13.9  |ddm|= 26.5
  HOMO = -0.0857353985470846  LUMO = -0.0339140915951252
cycle= 31 E= -2573.36625653909  delta_E= -77.1  |g|= 5.33  |ddm|= 23.9
  HOMO = -0.166117137829094  LUMO = -0.14599042587667
cycle= 32 E= -2579.33236851894  delta_E= -5.97  |g|=  6.1  |ddm|= 8.35
  HOMO = -0.180884832533918  LUMO = -0.15058758149833
cycle= 33 E= -2579.97810570925  delta_E= -0.646  |g|= 5.93  |ddm|= 0.99
  HOMO = -0.163694628455633  LUMO = -0.142432109121421
cycle= 34 E= -2580.17973293866  delta_E= -0.202  |g|= 5.84  |ddm|=    1
  HOMO = -0.181184423825172  LUMO = -0.138954092811606
cycle= 35 E= -2580.37994843727  delta_E= -0.2  |g|= 5.82  |ddm|= 1.62
  HOMO = -0.168975747698849  LUMO = -0.151852048702901
cycle= 36 E= -2581.64247907697  delta_E= -1.26  |g|= 5.32  |ddm|= 2.02
  HOMO = -0.190790833527623  LUMO = -0.159146554229715
cycle= 37 E= -2580.3785375011  delta_E= 1.26  |g|= 5.79  |ddm|= 2.25
  HOMO = -0.185440875210196  LUMO = -0.152979386225503
cycle= 38 E= -2580.70357239967  delta_E= -0.325  |g|= 5.68  |ddm|=  1.2
  HOMO = -0.197386808254132  LUMO = -0.154645395713106
cycle= 39 E= -2579.88296890877  delta_E= 0.821  |g|= 5.97  |ddm|= 1.13
  HOMO = 0.0263615682248523  LUMO = 0.0361636239143816
cycle= 40 E= -2454.32836720169  delta_E=  126  |g|= 14.9  |ddm|=   42
  HOMO = -0.0813638723501275  LUMO = -0.0728385116864291
cycle= 41 E= -2572.21642095683  delta_E= -118  |g|= 5.87  |ddm|=   41
  HOMO = -0.155718357734722  LUMO = -0.14554845468472
cycle= 42 E= -2578.3025656684  delta_E= -6.09  |g|= 6.11  |ddm|= 8.89
  HOMO = -0.192718762780805  LUMO = -0.148311596450964
cycle= 43 E= -2580.16543841611  delta_E= -1.86  |g|= 5.87  |ddm|= 2.46
  HOMO = -0.183432148336384  LUMO = -0.158503780709812
cycle= 44 E= -2580.2713750372  delta_E= -0.106  |g|= 5.84  |ddm|= 0.816
  HOMO = -0.156613857197165  LUMO = -0.153351137596228
cycle= 45 E= -2581.41348134467  delta_E= -1.14  |g|= 5.44  |ddm|= 3.03
  HOMO = -0.191968588186844  LUMO = -0.153169696445471
cycle= 46 E= -2580.6671360307  delta_E= 0.746  |g|= 5.72  |ddm|= 2.61
  HOMO = -0.191639115153287  LUMO = -0.151864446623329
cycle= 47 E= -2580.41867237127  delta_E= 0.248  |g|= 5.78  |ddm|= 0.889
  HOMO = -0.163999422499814  LUMO = -0.153757049533763
cycle= 48 E= -2581.65215161862  delta_E= -1.23  |g|= 5.29  |ddm|=  1.8
  HOMO = -0.191176584296676  LUMO = -0.150234273460332
cycle= 49 E= -2581.20344183808  delta_E= 0.449  |g|= 5.53  |ddm|= 1.78
  HOMO = 0.0302828181130075  LUMO = 0.052727232185019
cycle= 50 E= -2447.36319786222  delta_E=  134  |g|=   15  |ddm|= 41.5
  HOMO = -0.106084702371135  LUMO = -0.0827616138871978
cycle= 51 E= -2572.84732496209  delta_E= -125  |g|= 5.76  |ddm|=   41
  HOMO = -0.14845719414385  LUMO = -0.136493154959676
cycle= 52 E= -2578.26834393603  delta_E= -5.42  |g|= 6.21  |ddm|= 8.77
  HOMO = -0.187362290838595  LUMO = -0.145213621172276
cycle= 53 E= -2579.88879926077  delta_E= -1.62  |g|= 5.97  |ddm|= 2.69
  HOMO = -0.190539177519862  LUMO = -0.145939058966714
cycle= 54 E= -2579.99406593066  delta_E= -0.105  |g|= 5.93  |ddm|= 1.48
  HOMO = -0.197328949583385  LUMO = -0.1447432103749
cycle= 55 E= -2579.9246333841  delta_E= 0.0694  |g|= 5.95  |ddm|= 1.07
  HOMO = -0.184870529742192  LUMO = -0.142555024579521
cycle= 56 E= -2580.19927965859  delta_E= -0.275  |g|= 5.87  |ddm|= 0.779
  HOMO = -0.175808739703576  LUMO = -0.147463490282362
cycle= 57 E= -2580.02498804332  delta_E= 0.174  |g|= 5.86  |ddm|= 1.97
  HOMO = -0.204327136264955  LUMO = -0.146658298959826
cycle= 58 E= -2579.95819237115  delta_E= 0.0668  |g|= 5.94  |ddm|= 1.52
  HOMO = -0.185855975023898  LUMO = -0.13839037767453
cycle= 59 E= -2580.38959559754  delta_E= -0.431  |g|= 5.81  |ddm|= 0.73
  HOMO = 0.00020637313848017  LUMO = 0.00929193226773537
cycle= 60 E= -2482.40962157541  delta_E=   98  |g|= 14.6  |ddm|= 26.9
  HOMO = -0.0813572985710925  LUMO = -0.0785946740338659
cycle= 61 E= -2571.87778460746  delta_E= -89.5  |g|= 6.53  |ddm|= 23.9
  HOMO = -0.150596491075807  LUMO = -0.145825871388189
cycle= 62 E= -2579.30512141133  delta_E= -7.43  |g|= 6.07  |ddm|= 9.93
  HOMO = -0.178953540077835  LUMO = -0.152578559729139
cycle= 63 E= -2581.1355443996  delta_E= -1.83  |g|= 5.57  |ddm|= 2.81
  HOMO = -0.17676375009308  LUMO = -0.156881502724318
cycle= 64 E= -2581.40442132391  delta_E= -0.269  |g|= 5.51  |ddm|= 0.84
  HOMO = -0.16932804644127  LUMO = -0.156254542648109
cycle= 65 E= -2581.30081741992  delta_E= 0.104  |g|= 5.52  |ddm|=  1.1
  HOMO = -0.173118866094362  LUMO = -0.158900790741205
cycle= 66 E= -2581.59054665093  delta_E= -0.29  |g|= 5.42  |ddm|= 1.64
  HOMO = -0.177303900915063  LUMO = -0.166292047440634
cycle= 67 E= -2581.79715547126  delta_E= -0.207  |g|= 5.35  |ddm|= 1.53
  HOMO = -0.171856461427502  LUMO = -0.162067722371652
cycle= 68 E= -2581.39928145492  delta_E= 0.398  |g|=  5.5  |ddm|= 0.775
  HOMO = -0.172298994218767  LUMO = -0.165085078506772
cycle= 69 E= -2581.01332366389  delta_E= 0.386  |g|= 5.63  |ddm|= 0.47
  HOMO = 0.0283631319356045  LUMO = 0.0299359387230953
cycle= 70 E= -2453.33842569368  delta_E=  128  |g|= 18.5  |ddm|= 43.3
  HOMO = -0.0650751843910216  LUMO = -0.0338826450362098
cycle= 71 E= -2566.59598592149  delta_E= -113  |g|= 8.99  |ddm|= 41.4
  HOMO = -0.0540222536796572  LUMO = -0.047879931047632
cycle= 72 E= -2581.38271805772  delta_E= -14.8  |g|= 5.46  |ddm|= 12.4
  HOMO = -0.186708216436841  LUMO = -0.173627709587876
cycle= 73 E= -2586.54598697937  delta_E= -5.16  |g|=  3.6  |ddm|= 4.72
  HOMO = -0.173083944523515  LUMO = -0.164540218303218
cycle= 74 E= -2585.24626237817  delta_E=  1.3  |g|= 4.31  |ddm|= 2.26
  HOMO = -0.174638333568702  LUMO = -0.158260612402992
cycle= 75 E= -2587.38904646017  delta_E= -2.14  |g|= 2.76  |ddm|= 2.31
  HOMO = -0.162674872955339  LUMO = -0.153455478738655
cycle= 76 E= -2582.21664019244  delta_E= 5.17  |g|= 5.41  |ddm|= 3.81
  HOMO = -0.17448337722612  LUMO = -0.171925523285537
cycle= 77 E= -2584.69492289698  delta_E= -2.48  |g|= 4.45  |ddm|= 2.46
  HOMO = -0.175012863144808  LUMO = -0.169299930843592
cycle= 78 E= -2584.91552045786  delta_E= -0.221  |g|= 4.39  |ddm|= 0.854
  HOMO = -0.1752918329016  LUMO = -0.169460047738723
cycle= 79 E= -2584.90910763574  delta_E= 0.00641  |g|= 4.39  |ddm|= 0.176
  HOMO = -0.150133146286962  LUMO = -0.0969690233569044
cycle= 80 E= -2588.56960198898  delta_E= -3.66  |g|= 0.988  |ddm|=  2.9
  HOMO = -0.105144314659104  LUMO = -0.0844060582612434
cycle= 81 E= -2588.16386447549  delta_E= 0.406  |g|= 1.49  |ddm|= 2.68
  HOMO = -0.13507463067277  LUMO = -0.0888686507224175
cycle= 82 E= -2588.74860825207  delta_E= -0.585  |g|= 0.504  |ddm|= 2.17
  HOMO = -0.140954919852735  LUMO = -0.0888976817150165
cycle= 83 E= -2588.81500603087  delta_E= -0.0664  |g|= 0.276  |ddm|= 0.763
  HOMO = -0.131923693094184  LUMO = -0.0872737753046999
cycle= 84 E= -2588.82900569448  delta_E= -0.014  |g|= 0.102  |ddm|= 0.32
  HOMO = -0.135622895275876  LUMO = -0.0866835128132949
cycle= 85 E= -2588.83084021691  delta_E= -0.00183  |g|= 0.0404  |ddm|= 0.128
  HOMO = -0.134960106143629  LUMO = -0.0869937148412862
cycle= 86 E= -2588.83122641883  delta_E= -0.000386  |g|= 0.00951  |ddm|= 0.0469
  HOMO = -0.134827366503619  LUMO = -0.0869612919317388
cycle= 87 E= -2588.83124423653  delta_E= -1.78e-05  |g|= 0.00396  |ddm|= 0.0132
  HOMO = -0.134583905799811  LUMO = -0.086958155424047
cycle= 88 E= -2588.8312449646  delta_E= -7.28e-07  |g|= 0.00419  |ddm|= 0.00718
  HOMO = -0.134779285326804  LUMO = -0.0869876561169024
cycle= 89 E= -2588.83124788133  delta_E= -2.92e-06  |g|= 0.0019  |ddm|= 0.00486
  HOMO = -0.134700047069078  LUMO = -0.0869666172005049
cycle= 90 E= -2588.83124845857  delta_E= -5.77e-07  |g|= 0.00061  |ddm|= 0.00196
  HOMO = -0.134722333595847  LUMO = -0.0869712479197009
cycle= 91 E= -2588.83124851005  delta_E= -5.15e-08  |g|= 0.000339  |ddm|= 0.00089
  HOMO = -0.134720827727244  LUMO = -0.0869720212209819
cycle= 92 E= -2588.83124854093  delta_E= -3.09e-08  |g|= 9.29e-05  |ddm|= 0.000468
  HOMO = -0.134722800381599  LUMO = -0.0869726329706137
cycle= 93 E= -2588.83124854167  delta_E= -7.36e-10  |g|= 8.73e-05  |ddm|= 0.000187
  HOMO = -0.134722773488309  LUMO = -0.0869718126743628
cycle= 94 E= -2588.83124854339  delta_E= -1.72e-09  |g|= 2.67e-05  |ddm|= 9.72e-05
  HOMO = -0.134722471676865  LUMO = -0.0869721188873305
cycle= 95 E= -2588.83124854347  delta_E= -8.09e-11  |g|= 1.57e-05  |ddm|= 3.24e-05
  HOMO = -0.134722208449329  LUMO = -0.0869720203619109
cycle= 96 E= -2588.83124854352  delta_E= -4.37e-11  |g|= 8.06e-06  |ddm|= 2.16e-05
  HOMO = -0.134721973408512  LUMO = -0.0869720211101533
cycle= 97 E= -2588.83124854353  delta_E= -1.18e-11  |g|= 7.85e-06  |ddm|= 1.32e-05
  HOMO = -0.134722486281696  LUMO = -0.0869720809709486
cycle= 98 E= -2588.83124854353  delta_E= 1.82e-12  |g|= 7.43e-06  |ddm|= 1.21e-05
  HOMO = -0.134722175730395  LUMO = -0.0869720209380457
cycle= 99 E= -2588.83124854354  delta_E= -1.09e-11  |g|= 2.42e-06  |ddm|= 7.55e-06
  HOMO = -0.134722262877543  LUMO = -0.0869720382793386
cycle= 100 E= -2588.83124854354  delta_E= 9.09e-13  |g|= 1.79e-06  |ddm|= 3.55e-06
  HOMO = -0.134722236570819  LUMO = -0.0869720401108301
cycle= 101 E= -2588.83124854353  delta_E= 1.82e-12  |g|= 6.42e-07  |ddm|= 2.59e-06
  HOMO = -0.134722266444135  LUMO = -0.0869720328715602
Extra cycle  E= -2588.83124854353  delta_E= 8.19e-12  |g|= 2.57e-06  |ddm|= 4.14e-06
converged SCF energy = -2588.83124854353
AOs:  [0, 1, 2, 3, 4, 5, 6, 7, 8, 9, 10, 11, 12, 13, 14, 15, 16, 17, 18, 19, 20, 21, 22, 23, 24, 25, 26, 27, 28, 29, 30, 31, 32, 33, 34, 35, 36, 37, 38, 39, 40, 41, 42, 43, 44, 45, 46, 47, 48, 49, 50, 51, 52, 53, 54, 55, 56, 57, 58, 59, 60, 61, 62, 63, 64, 65, 66, 67, 68, 69, 70, 71, 72, 73, 74, 75, 76, 77, 78, 79, 80, 81, 82, 83, 84, 85, 86, 87, 88, 89, 90, 91, 92, 93, 94, 95, 96, 97, 98, 99, 100, 101, 102, 103, 104, 105, 106, 107, 108, 109, 110, 111, 112, 113, 114, 115, 116, 117, 118, 119, 120, 121, 122, 123, 124, 125, 126, 127, 128, 129, 130, 131, 132, 133, 134, 135, 136, 137, 138, 139, 140, 141, 142, 143, 144, 145, 146, 147, 148, 149, 150, 151, 152, 153, 154, 155, 156, 157, 158, 159, 160, 161, 162, 163, 164, 165, 166, 167, 168, 169, 170, 171, 172, 173, 174, 175, 176, 177, 178, 179, 180, 181, 182, 183, 184, 185, 186, 187, 188, 189, 190, 191, 192, 193, 194, 195, 196, 197, 198, 199, 200, 201, 202, 203, 204, 205, 206, 207, 208, 209, 210, 211, 212, 213, 214, 215, 216, 217, 218, 219, 220, 221, 222, 223, 224, 225, 226, 227, 228, 229, 230, 231, 232, 233, 234, 235, 236, 237, 238, 239, 240, 241, 242, 243, 244, 245, 246, 247, 248, 249, 250, 251, 252, 253, 254, 255, 256, 257, 258, 259, 260, 261, 262, 263, 264, 265, 266, 267, 268, 269, 270, 271, 272, 273, 274, 275, 276, 277, 278, 279, 280, 281, 282, 283, 284, 285, 286, 287, 288, 289, 290, 291, 292, 293, 294, 295, 296, 297, 298, 299, 300, 301, 302, 303, 304, 305, 306, 307, 308, 309, 310, 311, 312, 313, 314, 315, 316, 317, 318, 319, 320, 321, 322, 323, 324, 325, 326, 327, 328, 329, 330, 331, 332, 333, 334, 335, 336, 337, 338, 339, 340, 341, 342, 343, 344, 345, 346, 347, 348, 349, 350, 351, 352, 353, 354, 355, 356, 357, 358, 359, 360, 361, 362, 363, 364, 365, 366, 367, 368, 369, 370, 371, 372, 373, 374, 375, 376, 377, 378, 379, 380, 381, 382, 383, 384, 385, 386, 387, 388, 389, 390, 391, 392, 393, 394, 395, 396, 397, 398, 399, 400, 401, 402, 403, 404, 405, 406, 407, 408, 409, 410, 411, 412, 413, 414, 415, 416, 417, 418, 419, 420, 421, 422, 423, 424, 425, 426, 427, 428, 429, 430, 431, 432, 433, 434, 435, 436, 437, 438, 439, 440, 441, 442, 443, 444, 445, 446, 447, 448, 449, 450, 451, 452, 453, 454, 455, 456, 457, 458, 459, 460, 461, 462, 463, 464, 465, 466, 467, 468, 469, 470, 471, 472, 473, 474, 475, 476, 477, 478, 479, 480, 481, 482, 483, 484, 485, 486, 487, 488, 489, 490, 491, 492, 493, 494, 495, 496, 497, 498, 499, 500, 501, 502, 503, 504, 505, 506, 507, 508, 509, 510, 511, 512, 513, 514, 515, 516, 517, 518, 519, 520, 521, 522, 523, 524, 525, 526, 527, 528, 529, 530, 531, 532, 533, 534, 535, 536, 537, 538, 539, 540, 541, 542, 543, 544]
545
Number of Active MOs:  118
Number of Environment MOs:  0
Number of Virtual MOs:  427
 # electrons:            α            β
         Env:   0.00000000   0.00000000
         Act: 118.00000000 118.00000000
         Vir:   0.00000000   0.00000000
Number of electrons in the active space:  236

 The density matrix is idempotent!

 The density matrix is idempotent!


******** <class 'pyscf.dft.rks.RKS'> ********
method = RKS-RHF
initial guess = minao
damping factor = 0
level_shift factor = 0
DIIS = <class 'pyscf.scf.diis.CDIIS'>
diis_start_cycle = 1
diis_space = 8
SCF conv_tol = 1e-09
SCF conv_tol_grad = 1e-06
SCF max_cycles = 200
direct_scf = True
direct_scf_tol = 1e-13
chkfile to save SCF result = subsys_scf.chk
max_memory 900000 MB (current use 89909 MB)
XC library pyscf.dft.libxc version 5.1.7
    S. Lehtola, C. Steigemann, M. J. Oliveira, and M. A. Marques, SoftwareX 7, 1 (2018)
XC functionals = pbe
    J. P. Perdew, K. Burke, and M. Ernzerhof, Phys. Rev. Lett. 77, 3865 (1996)
    J. P. Perdew, K. Burke, and M. Ernzerhof, Phys. Rev. Lett. 78, 1396 (1997)
    J. P. Perdew, K. Burke, and M. Ernzerhof, Phys. Rev. Lett. 77, 3865 (1996)
    J. P. Perdew, K. Burke, and M. Ernzerhof, Phys. Rev. Lett. 78, 1396 (1997)
small_rho_cutoff = 1e-07
init E= -2588.83080153471
  HOMO = -0.134553530587759  LUMO = -0.0869527025284132
cycle= 1 E= -2588.83080134668  delta_E= 1.88e-07  |g|= 0.00229  |ddm|= 0.00586
  HOMO = -0.135590194790821  LUMO = -0.0870735513600781
cycle= 2 E= -2588.83066053995  delta_E= 0.000141  |g|= 0.0284  |ddm|= 0.0235
  HOMO = -0.134612519078158  LUMO = -0.0869683259141762
cycle= 3 E= -2588.83080197746  delta_E= -0.000141  |g|= 0.00121  |ddm|= 0.0216
  HOMO = -0.134605524835596  LUMO = -0.0869587905768303
cycle= 4 E= -2588.83080227562  delta_E= -2.98e-07  |g|= 0.000138  |ddm|= 0.00112
  HOMO = -0.134610709093183  LUMO = -0.0869614142328869
cycle= 5 E= -2588.8308022798  delta_E= -4.18e-09  |g|= 6.78e-05  |ddm|= 0.000237
  HOMO = -0.13461310859464  LUMO = -0.0869611469644893
cycle= 6 E= -2588.83080228056  delta_E= -7.66e-10  |g|= 3.22e-05  |ddm|= 8.89e-05
  HOMO = -0.134613332479382  LUMO = -0.0869611136768228
cycle= 7 E= -2588.83080228082  delta_E= -2.61e-10  |g|= 1.28e-05  |ddm|= 5.1e-05
  HOMO = -0.134613449786642  LUMO = -0.0869612205633005
cycle= 8 E= -2588.83080228089  delta_E= -7.09e-11  |g|= 5.28e-06  |ddm|= 2e-05
  HOMO = -0.134613514048001  LUMO = -0.0869612419320701
cycle= 9 E= -2588.83080228087  delta_E= 2e-11  |g|= 1.53e-06  |ddm|= 5.95e-06
  HOMO = -0.134613523348962  LUMO = -0.0869612289078114
cycle= 10 E= -2588.83080228085  delta_E= 2.55e-11  |g|= 8.26e-07  |ddm|= 2.11e-06
  HOMO = -0.134613572688128  LUMO = -0.0869612326523812
Extra cycle  E= -2588.83080228086  delta_E= -1.18e-11  |g|= 2.67e-06  |ddm|= 3.49e-06
converged SCF energy = -2588.83080228086
Difference in energy:  -0.2800342876479954
Total mean-field energy =  -2588.8308022808565
time elapsed:  263.4366180896759
