

******** <class 'pyscf.dft.rks.RKS'> ********
method = RKS-RHF
initial guess = minao
damping factor = 0
level_shift factor = 0
DIIS = <class 'pyscf.scf.diis.CDIIS'>
diis_start_cycle = 1
diis_space = 8
SCF conv_tol = 1e-09
SCF conv_tol_grad = 1e-06
SCF max_cycles = 1000
direct_scf = True
direct_scf_tol = 1e-13
chkfile to save SCF result = scf.fchk
max_memory 900000 MB (current use 79 MB)
XC library pyscf.dft.libxc version 5.1.7
    S. Lehtola, C. Steigemann, M. J. Oliveira, and M. A. Marques, SoftwareX 7, 1 (2018)
XC functionals = pbe
    J. P. Perdew, K. Burke, and M. Ernzerhof, Phys. Rev. Lett. 77, 3865 (1996)
    J. P. Perdew, K. Burke, and M. Ernzerhof, Phys. Rev. Lett. 78, 1396 (1997)
    J. P. Perdew, K. Burke, and M. Ernzerhof, Phys. Rev. Lett. 77, 3865 (1996)
    J. P. Perdew, K. Burke, and M. Ernzerhof, Phys. Rev. Lett. 78, 1396 (1997)
small_rho_cutoff = 1e-07
init E= -2479.39981693459
  HOMO = -0.134878995983579  LUMO = -0.0691459258567056
cycle= 1 E= -2460.75331207072  delta_E= 18.6  |g|= 5.48  |ddm|= 10.3
  HOMO = -0.231775807630213  LUMO = -0.205622127636737
cycle= 2 E= -2322.76815184104  delta_E=  138  |g|= 18.9  |ddm|= 95.4
  HOMO = -0.164302643785777  LUMO = -0.160803233764472
cycle= 3 E= -2447.05311353122  delta_E= -124  |g|= 9.43  |ddm|= 71.8
  HOMO = -0.179545259260233  LUMO = -0.162341576348353
cycle= 4 E= -2465.18138164002  delta_E= -18.1  |g|=  6.2  |ddm|=   28
  HOMO = -0.153349547044157  LUMO = -0.152030215378815
cycle= 5 E= -2470.89975287947  delta_E= -5.72  |g|= 4.83  |ddm|= 3.77
  HOMO = -0.193731586590424  LUMO = -0.161792445858994
cycle= 6 E= -2468.23221922241  delta_E= 2.67  |g|= 5.42  |ddm|= 2.62
  HOMO = -0.190298991525048  LUMO = -0.163346481516358
cycle= 7 E= -2467.96738787892  delta_E= 0.265  |g|= 5.51  |ddm|= 0.278
  HOMO = -0.180561029135261  LUMO = -0.162247833294045
cycle= 8 E= -2467.9725977886  delta_E= -0.00521  |g|= 5.52  |ddm|= 0.67
  HOMO = -0.172477256813339  LUMO = -0.163127158598644
cycle= 9 E= -2467.58248322207  delta_E= 0.39  |g|= 5.64  |ddm|= 0.967
  HOMO = 0.0238375097063221  LUMO = 0.025974792745374
cycle= 10 E= -2386.2238733284  delta_E= 81.4  |g|=   15  |ddm|= 21.1
  HOMO = -0.0833313472409889  LUMO = -0.0369288582930834
cycle= 11 E= -2458.86424610759  delta_E= -72.6  |g|=  5.9  |ddm|= 18.1
  HOMO = -0.209847563881626  LUMO = -0.171330174397568
cycle= 12 E= -2467.57772237127  delta_E= -8.71  |g|= 5.64  |ddm|= 9.24
  HOMO = -0.20293732893331  LUMO = -0.165662673916161
cycle= 13 E= -2466.33447704739  delta_E= 1.24  |g|= 5.99  |ddm|= 0.872
  HOMO = -0.193392700848522  LUMO = -0.15652451646443
cycle= 14 E= -2466.36081496388  delta_E= -0.0263  |g|= 5.98  |ddm|= 1.26
  HOMO = -0.18113000851125  LUMO = -0.138961096481378
cycle= 15 E= -2468.37626550619  delta_E= -2.02  |g|= 5.36  |ddm|=  1.9
  HOMO = -0.185647715831674  LUMO = -0.156598196550459
cycle= 16 E= -2467.26154045857  delta_E= 1.11  |g|= 5.74  |ddm|= 1.76
  HOMO = -0.210495142317269  LUMO = -0.171030231320984
cycle= 17 E= -2467.03293594737  delta_E= 0.229  |g|=  5.8  |ddm|= 0.858
  HOMO = -0.20618812162862  LUMO = -0.172510530264099
cycle= 18 E= -2466.97738569347  delta_E= 0.0556  |g|= 5.81  |ddm|= 0.492
  HOMO = -0.210010093000022  LUMO = -0.172364259177549
cycle= 19 E= -2466.4403328495  delta_E= 0.537  |g|= 5.96  |ddm|= 0.559
  HOMO = 0.0254894005142706  LUMO = 0.0331899899105802
cycle= 20 E= -2383.33628188035  delta_E= 83.1  |g|= 13.4  |ddm|= 25.4
  HOMO = -0.0655843950489828  LUMO = -0.048793670990453
cycle= 21 E= -2459.77537833848  delta_E= -76.4  |g|=  5.4  |ddm|= 23.2
  HOMO = -0.158539279758808  LUMO = -0.151009788360845
cycle= 22 E= -2465.46464140453  delta_E= -5.69  |g|= 6.05  |ddm|= 8.22
  HOMO = -0.181749495012732  LUMO = -0.17761097317274
cycle= 23 E= -2468.99514902752  delta_E= -3.53  |g|= 5.12  |ddm|= 3.11
  HOMO = -0.160359245594667  LUMO = -0.138738827700654
cycle= 24 E= -2468.6270014253  delta_E= 0.368  |g|= 5.29  |ddm|= 2.13
  HOMO = -0.174078569588646  LUMO = -0.149768891224602
cycle= 25 E= -2468.66282705718  delta_E= -0.0358  |g|= 5.29  |ddm|= 1.47
  HOMO = -0.180001761100281  LUMO = -0.156085466463297
cycle= 26 E= -2468.56568612857  delta_E= 0.0971  |g|= 5.31  |ddm|= 0.788
  HOMO = -0.175249244037259  LUMO = -0.154381522670884
cycle= 27 E= -2468.74499439694  delta_E= -0.179  |g|= 5.25  |ddm|= 0.621
  HOMO = -0.150251511364908  LUMO = -0.148506839607347
cycle= 28 E= -2470.08844388287  delta_E= -1.34  |g|= 4.99  |ddm|= 1.47
  HOMO = -0.191520828043314  LUMO = -0.156161237528374
cycle= 29 E= -2468.48940353722  delta_E=  1.6  |g|= 5.33  |ddm|= 1.55
  HOMO = 0.0311862179497091  LUMO = 0.0437809219174722
cycle= 30 E= -2357.40889984664  delta_E=  111  |g|= 14.1  |ddm|= 30.5
  HOMO = -0.0860124348031469  LUMO = -0.0433541463401848
cycle= 31 E= -2459.58059428389  delta_E= -102  |g|= 5.81  |ddm|= 29.2
  HOMO = -0.164852780959656  LUMO = -0.152583870198409
cycle= 32 E= -2466.28242558125  delta_E= -6.7  |g|=    6  |ddm|= 9.09
  HOMO = -0.199646615322396  LUMO = -0.153811734855374
cycle= 33 E= -2466.91509661576  delta_E= -0.633  |g|= 5.84  |ddm|= 1.83
  HOMO = -0.199719822569537  LUMO = -0.155568686811204
cycle= 34 E= -2467.11122032571  delta_E= -0.196  |g|= 5.78  |ddm|= 0.53
  HOMO = -0.184549144647934  LUMO = -0.152387453292164
cycle= 35 E= -2467.01854822649  delta_E= 0.0927  |g|= 5.79  |ddm|= 0.972
  HOMO = -0.192747322284983  LUMO = -0.157596433319388
cycle= 36 E= -2467.38376073762  delta_E= -0.365  |g|= 5.69  |ddm|= 1.29
  HOMO = -0.196619009928579  LUMO = -0.152083606986857
cycle= 37 E= -2467.32760160716  delta_E= 0.0562  |g|= 5.72  |ddm|= 0.679
  HOMO = -0.20268726747387  LUMO = -0.152958358430289
cycle= 38 E= -2467.0741753962  delta_E= 0.253  |g|=  5.8  |ddm|= 0.619
  HOMO = -0.20344993549312  LUMO = -0.153686120410019
cycle= 39 E= -2467.03032556875  delta_E= 0.0438  |g|= 5.81  |ddm|= 0.0779
  HOMO = 0.00529000318876051  LUMO = 0.00691881117737387
cycle= 40 E= -2371.61759261564  delta_E= 95.4  |g|= 13.3  |ddm|= 26.7
  HOMO = -0.0850082202498566  LUMO = -0.0729844380337214
cycle= 41 E= -2460.79589058307  delta_E= -89.2  |g|= 5.28  |ddm|= 24.9
  HOMO = -0.18408012275583  LUMO = -0.140434730078897
cycle= 42 E= -2463.9647379242  delta_E= -3.17  |g|= 6.25  |ddm|= 8.14
  HOMO = -0.182197517404517  LUMO = -0.160756626684682
cycle= 43 E= -2466.9894143451  delta_E= -3.02  |g|= 5.79  |ddm|= 3.24
  HOMO = -0.171845847634612  LUMO = -0.162572118700332
cycle= 44 E= -2466.7957506754  delta_E= 0.194  |g|= 5.88  |ddm|= 1.54
  HOMO = -0.171035754703992  LUMO = -0.168214818733037
cycle= 45 E= -2467.09019179492  delta_E= -0.294  |g|=  5.8  |ddm|= 1.02
  HOMO = -0.173628536726273  LUMO = -0.157876726379357
cycle= 46 E= -2466.94727879012  delta_E= 0.143  |g|= 5.86  |ddm|= 1.24
  HOMO = -0.167222622948655  LUMO = -0.165227877629898
cycle= 47 E= -2466.96059550531  delta_E= -0.0133  |g|= 5.83  |ddm|= 1.25
  HOMO = -0.1670666345203  LUMO = -0.165071316001199
cycle= 48 E= -2467.16589609217  delta_E= -0.205  |g|= 5.77  |ddm|= 0.677
  HOMO = -0.176726046841811  LUMO = -0.165435514423293
cycle= 49 E= -2466.87132630524  delta_E= 0.295  |g|= 5.86  |ddm|= 0.712
  HOMO = 0.0374636117627915  LUMO = 0.0417611636705009
cycle= 50 E= -2322.45710027401  delta_E=  144  |g|= 13.8  |ddm|= 33.2
  HOMO = -0.114310762979595  LUMO = -0.0844675673026501
cycle= 51 E= -2458.37892901189  delta_E= -136  |g|= 6.89  |ddm|= 32.6
  HOMO = -0.180260311819372  LUMO = -0.140906849679873
cycle= 52 E= -2466.62633728712  delta_E= -8.25  |g|= 5.93  |ddm|= 10.6
  HOMO = -0.198371040529486  LUMO = -0.150910756244113
cycle= 53 E= -2467.05728672661  delta_E= -0.431  |g|=  5.8  |ddm|=  1.2
  HOMO = -0.183357394984497  LUMO = -0.154573151524197
cycle= 54 E= -2466.80544732689  delta_E= 0.252  |g|= 5.86  |ddm|= 0.947
  HOMO = -0.191837375159481  LUMO = -0.151996786962392
cycle= 55 E= -2466.68582802164  delta_E= 0.12  |g|= 5.92  |ddm|= 0.709
  HOMO = -0.192693025035722  LUMO = -0.152081051985556
cycle= 56 E= -2466.73266966547  delta_E= -0.0468  |g|=  5.9  |ddm|= 0.383
  HOMO = -0.190782803492711  LUMO = -0.151861901590587
cycle= 57 E= -2466.84386987151  delta_E= -0.111  |g|= 5.87  |ddm|= 0.637
  HOMO = -0.197496913785489  LUMO = -0.158824052580819
cycle= 58 E= -2466.70268800102  delta_E= 0.141  |g|= 5.91  |ddm|= 0.834
  HOMO = -0.157766073512284  LUMO = -0.136446123673563
cycle= 59 E= -2468.07507561846  delta_E= -1.37  |g|= 5.52  |ddm|= 1.76
  HOMO = -0.0111753140898811  LUMO = 0.000806875078848349
cycle= 60 E= -2385.57298084343  delta_E= 82.5  |g|= 11.9  |ddm|= 20.1
  HOMO = -0.0755620280460443  LUMO = -0.0570722220192711
cycle= 61 E= -2461.61416044376  delta_E=  -76  |g|= 4.99  |ddm|= 18.3
  HOMO = -0.146835597604467  LUMO = -0.137263727282136
cycle= 62 E= -2461.44387610557  delta_E= 0.17  |g|=  6.9  |ddm|= 8.75
  HOMO = -0.184743305295585  LUMO = -0.177654944273915
cycle= 63 E= -2466.55411179638  delta_E= -5.11  |g|= 5.95  |ddm|= 3.86
  HOMO = -0.180835989327873  LUMO = -0.172252190700561
cycle= 64 E= -2466.35775041151  delta_E= 0.196  |g|= 5.95  |ddm|= 2.04
  HOMO = -0.174649009206835  LUMO = -0.169248564297029
cycle= 65 E= -2466.54466322632  delta_E= -0.187  |g|= 5.95  |ddm|= 2.03
  HOMO = -0.173698404520141  LUMO = -0.170786942310903
cycle= 66 E= -2466.67362400184  delta_E= -0.129  |g|= 5.92  |ddm|= 0.481
  HOMO = -0.169977378686913  LUMO = -0.165868151592691
cycle= 67 E= -2466.39474687685  delta_E= 0.279  |g|= 5.95  |ddm|= 1.83
  HOMO = -0.180351787395866  LUMO = -0.160274893314985
cycle= 68 E= -2466.39910771828  delta_E= -0.00436  |g|= 6.01  |ddm|= 1.96
  HOMO = -0.178028228703315  LUMO = -0.161860742954177
cycle= 69 E= -2466.60586603526  delta_E= -0.207  |g|= 5.95  |ddm|= 0.301
  HOMO = 0.0118904228798296  LUMO = 0.0229691663577471
cycle= 70 E= -2336.326293294  delta_E=  130  |g|= 14.1  |ddm|= 27.8
  HOMO = -0.124501730797055  LUMO = -0.0776402729232986
cycle= 71 E= -2457.94399795991  delta_E= -122  |g|= 7.14  |ddm|= 26.4
  HOMO = -0.161786936394869  LUMO = -0.160536219086802
cycle= 72 E= -2467.01011256061  delta_E= -9.07  |g|= 5.69  |ddm|= 10.5
  HOMO = -0.173670256312412  LUMO = -0.167363878821996
cycle= 73 E= -2468.63721734198  delta_E= -1.63  |g|= 5.32  |ddm|= 2.43
  HOMO = -0.176286926422817  LUMO = -0.168574223958588
cycle= 74 E= -2468.28722254939  delta_E= 0.35  |g|= 5.44  |ddm|= 1.34
  HOMO = -0.177767267388122  LUMO = -0.169939293632386
cycle= 75 E= -2468.35683062672  delta_E= -0.0696  |g|= 5.42  |ddm|= 0.423
  HOMO = -0.172624928291202  LUMO = -0.144454233717129
cycle= 76 E= -2466.07821167298  delta_E= 2.28  |g|= 5.72  |ddm|= 2.78
  HOMO = -0.166659949334115  LUMO = -0.157563033266914
cycle= 77 E= -2468.35904023534  delta_E= -2.28  |g|= 5.39  |ddm|=  2.9
  HOMO = -0.185618567467604  LUMO = -0.163777595050752
cycle= 78 E= -2468.63331604615  delta_E= -0.274  |g|= 5.31  |ddm|= 1.01
  HOMO = -0.154607529518899  LUMO = -0.135417799118465
cycle= 79 E= -2471.46877066984  delta_E= -2.84  |g|= 4.66  |ddm|= 2.77
  HOMO = 0.0169502599320472  LUMO = 0.0291455042599264
cycle= 80 E= -2376.4814213408  delta_E=   95  |g|=   14  |ddm|= 26.3
  HOMO = -0.0941336707403432  LUMO = -0.0762993092342877
cycle= 81 E= -2460.04106819367  delta_E= -83.6  |g|= 5.66  |ddm|= 24.7
  HOMO = -0.159918204785141  LUMO = -0.144484700435323
cycle= 82 E= -2464.97268097038  delta_E= -4.93  |g|= 6.13  |ddm|= 8.85
  HOMO = -0.173062889298276  LUMO = -0.160995995135805
cycle= 83 E= -2467.36424976343  delta_E= -2.39  |g|= 5.72  |ddm|= 2.53
  HOMO = -0.169687316278892  LUMO = -0.16837403114185
cycle= 84 E= -2467.31485224238  delta_E= 0.0494  |g|= 5.72  |ddm|=  1.3
  HOMO = -0.173918884662017  LUMO = -0.171524583648258
cycle= 85 E= -2466.81390169169  delta_E= 0.501  |g|= 5.82  |ddm|= 1.86
  HOMO = -0.176761090447511  LUMO = -0.165307755541634
cycle= 86 E= -2467.1029722383  delta_E= -0.289  |g|=  5.8  |ddm|= 1.89
  HOMO = -0.167406086519304  LUMO = -0.164014745454109
cycle= 87 E= -2467.08572166974  delta_E= 0.0173  |g|= 5.73  |ddm|= 1.88
  HOMO = -0.166974519921259  LUMO = -0.160823657524368
cycle= 88 E= -2466.85221178269  delta_E= 0.234  |g|= 5.89  |ddm|= 2.42
  HOMO = -0.167521982467032  LUMO = -0.165618025297827
cycle= 89 E= -2467.19761343709  delta_E= -0.345  |g|= 5.79  |ddm|= 1.24
  HOMO = 0.040653239973789  LUMO = 0.0438968481434489
cycle= 90 E= -2326.88852845676  delta_E=  140  |g|= 14.8  |ddm|= 35.2
  HOMO = -0.100531393789241  LUMO = -0.0965979074482177
cycle= 91 E= -2457.04601309077  delta_E= -130  |g|= 7.49  |ddm|= 34.4
  HOMO = -0.157858753724844  LUMO = -0.149011785827911
cycle= 92 E= -2468.18659457756  delta_E= -11.1  |g|= 5.37  |ddm|= 11.2
  HOMO = -0.157717604058995  LUMO = -0.155812486852415
cycle= 93 E= -2469.07091058789  delta_E= -0.884  |g|= 5.17  |ddm|= 1.94
  HOMO = -0.16067478653752  LUMO = -0.155329173256759
cycle= 94 E= -2469.05765879109  delta_E= 0.0133  |g|= 5.17  |ddm|= 0.932
  HOMO = -0.152108363089669  LUMO = -0.149378937071488
cycle= 95 E= -2469.24600204036  delta_E= -0.188  |g|=  5.1  |ddm|= 0.543
  HOMO = -0.163206150748947  LUMO = -0.161070688103147
cycle= 96 E= -2469.30975794422  delta_E= -0.0638  |g|= 5.11  |ddm|= 0.802
  HOMO = -0.165857956587912  LUMO = -0.156700853434986
cycle= 97 E= -2472.17525695317  delta_E= -2.87  |g|= 4.23  |ddm|= 2.75
  HOMO = -0.182072917995205  LUMO = -0.160299513614316
cycle= 98 E= -2468.76758690075  delta_E= 3.41  |g|= 5.25  |ddm|= 2.95
  HOMO = -0.154191774402346  LUMO = -0.150224222741075
cycle= 99 E= -2471.97237254224  delta_E= -3.2  |g|= 4.38  |ddm|= 2.66
  HOMO = 0.0363604623109246  LUMO = 0.0389999117551911
cycle= 100 E= -2365.30313515654  delta_E=  107  |g|= 13.8  |ddm|= 28.4
  HOMO = -0.0917084395520307  LUMO = -0.0652484944270885
cycle= 101 E= -2460.55812157428  delta_E= -95.3  |g|=  5.4  |ddm|= 27.4
  HOMO = -0.164886030283383  LUMO = -0.145589397386068
cycle= 102 E= -2465.73912368442  delta_E= -5.18  |g|= 6.16  |ddm|= 8.66
  HOMO = -0.168596647109812  LUMO = -0.145720898876361
cycle= 103 E= -2466.39074412029  delta_E= -0.652  |g|= 5.98  |ddm|= 1.15
  HOMO = -0.168563026004267  LUMO = -0.147993192974643
cycle= 104 E= -2466.28754353515  delta_E= 0.103  |g|= 6.01  |ddm|= 0.756
  HOMO = -0.166755632777601  LUMO = -0.148224235615785
cycle= 105 E= -2466.21380173123  delta_E= 0.0737  |g|= 6.03  |ddm|= 0.266
  HOMO = -0.198688802705349  LUMO = -0.150417109263606
cycle= 106 E= -2466.46958612501  delta_E= -0.256  |g|= 5.97  |ddm|= 1.13
  HOMO = -0.180094063999403  LUMO = -0.149272611207271
cycle= 107 E= -2466.62405301997  delta_E= -0.154  |g|= 5.91  |ddm|= 0.733
  HOMO = -0.174792897696275  LUMO = -0.144163466631526
cycle= 108 E= -2466.17803802022  delta_E= 0.446  |g|= 6.07  |ddm|= 1.21
  HOMO = -0.168362983668057  LUMO = -0.141046410065788
cycle= 109 E= -2466.46632122733  delta_E= -0.288  |g|= 5.98  |ddm|= 0.316
  HOMO = 0.00927177591299277  LUMO = 0.0272516292757434
cycle= 110 E= -2378.48422171693  delta_E=   88  |g|= 13.3  |ddm|= 26.7
  HOMO = -0.0966003190306934  LUMO = -0.0485854902202526
cycle= 111 E= -2460.06353932215  delta_E= -81.6  |g|= 5.63  |ddm|= 24.2
  HOMO = -0.175921845412685  LUMO = -0.154142706549026
cycle= 112 E= -2466.38537612142  delta_E= -6.32  |g|= 5.97  |ddm|= 8.63
  HOMO = -0.185314872169979  LUMO = -0.148224619740611
cycle= 113 E= -2467.31349747445  delta_E= -0.928  |g|= 5.72  |ddm|= 1.49
  HOMO = -0.175392366677911  LUMO = -0.14566038261068
cycle= 114 E= -2467.40853313406  delta_E= -0.095  |g|=  5.7  |ddm|= 0.812
  HOMO = -0.177753517154097  LUMO = -0.147230435288318
cycle= 115 E= -2467.35870300214  delta_E= 0.0498  |g|= 5.71  |ddm|= 0.863
  HOMO = -0.191156314367848  LUMO = -0.161700231911074
cycle= 116 E= -2468.02338446076  delta_E= -0.665  |g|= 5.43  |ddm|= 1.59
  HOMO = -0.175593041826223  LUMO = -0.133281575290235
cycle= 117 E= -2467.36824069545  delta_E= 0.655  |g|= 5.73  |ddm|= 2.08
  HOMO = -0.160945382294681  LUMO = -0.141496787637368
cycle= 118 E= -2467.24540402028  delta_E= 0.123  |g|= 5.72  |ddm|= 1.63
  HOMO = -0.193117834918345  LUMO = -0.152443876482862
cycle= 119 E= -2467.09085937827  delta_E= 0.155  |g|=  5.8  |ddm|= 1.44
  HOMO = 0.0321045687472588  LUMO = 0.0429180192339851
cycle= 120 E= -2340.22113460566  delta_E=  127  |g|= 15.7  |ddm|= 32.6
  HOMO = -0.0961263526263635  LUMO = -0.0587429194812575
cycle= 121 E= -2455.59217345727  delta_E= -115  |g|= 7.62  |ddm|= 32.3
  HOMO = -0.156824909973223  LUMO = -0.135502147571753
cycle= 122 E= -2473.70509553086  delta_E= -18.1  |g|= 3.26  |ddm|= 11.7
  HOMO = -0.15983185403027  LUMO = -0.153323612522769
cycle= 123 E= -2473.040308093  delta_E= 0.665  |g|= 3.81  |ddm|= 1.52
  HOMO = -0.157663875431977  LUMO = -0.15102669900176
cycle= 124 E= -2472.26554831828  delta_E= 0.775  |g|= 4.17  |ddm|= 1.44
  HOMO = -0.0515992531428445  LUMO = -0.0402516267564908
cycle= 125 E= -2464.71093182045  delta_E= 7.55  |g|= 5.13  |ddm|= 5.61
  HOMO = -0.204859619110054  LUMO = -0.197092452137224
cycle= 126 E= -2466.04146622913  delta_E= -1.33  |g|=    6  |ddm|= 6.44
  HOMO = -0.190132315675963  LUMO = -0.173689529934131
cycle= 127 E= -2466.80387170534  delta_E= -0.762  |g|= 5.85  |ddm|= 2.08
  HOMO = -0.188143744323781  LUMO = -0.182863467573985
cycle= 128 E= -2466.95024682119  delta_E= -0.146  |g|=  5.8  |ddm|= 0.535
  HOMO = -0.195360954125084  LUMO = -0.181936132436079
cycle= 129 E= -2467.04465169529  delta_E= -0.0944  |g|= 5.78  |ddm|= 0.486
  HOMO = -0.192805776604691  LUMO = -0.182813948568926
cycle= 130 E= -2467.7125110445  delta_E= -0.668  |g|= 5.59  |ddm|= 0.959
  HOMO = -0.183482967155547  LUMO = -0.172007945246807
cycle= 131 E= -2467.68892438758  delta_E= 0.0236  |g|= 5.61  |ddm|= 2.37

WARN: HOMO -0.153407345903019 == LUMO -0.152596538096691

cycle= 132 E= -2468.88364687989  delta_E= -1.19  |g|= 5.39  |ddm|= 3.68
  HOMO = -0.15998553758019  LUMO = -0.130257615236426
cycle= 133 E= -2471.2291861537  delta_E= -2.35  |g|= 4.39  |ddm|= 4.66
  HOMO = 0.0100008491561326  LUMO = 0.0206219660895423
cycle= 134 E= -2380.21710834803  delta_E=   91  |g|= 13.7  |ddm|=   25
  HOMO = -0.106218439102122  LUMO = -0.0560786970694006
cycle= 135 E= -2460.06720029934  delta_E= -79.9  |g|= 5.77  |ddm|= 23.9
  HOMO = -0.183998142496751  LUMO = -0.139814323306118
cycle= 136 E= -2464.93015945902  delta_E= -4.86  |g|= 6.06  |ddm|= 8.61
  HOMO = -0.176985449521433  LUMO = -0.16493420914517
cycle= 137 E= -2467.0678196183  delta_E= -2.14  |g|= 5.79  |ddm|= 2.84
  HOMO = -0.190336957610086  LUMO = -0.172502103767138
cycle= 138 E= -2467.00392467855  delta_E= 0.0639  |g|= 5.81  |ddm|= 0.732
  HOMO = -0.189342202699919  LUMO = -0.171196652792068
cycle= 139 E= -2467.20849630687  delta_E= -0.205  |g|= 5.75  |ddm|= 0.446
  HOMO = -0.187866595748927  LUMO = -0.170816709733161
cycle= 140 E= -2467.19152699623  delta_E= 0.017  |g|= 5.76  |ddm|= 0.228
  HOMO = -0.177262608075174  LUMO = -0.171628477520437
cycle= 141 E= -2466.76897118412  delta_E= 0.423  |g|= 5.87  |ddm|= 0.93
  HOMO = -0.163466091263043  LUMO = -0.157605716152377
cycle= 142 E= -2464.96263692917  delta_E= 1.81  |g|= 6.25  |ddm|= 3.43
  HOMO = -0.182266720375209  LUMO = -0.174500972513176
cycle= 143 E= -2466.9879133276  delta_E= -2.03  |g|= 5.84  |ddm|= 2.77

WARN: HOMO 0.0510176051981872 == LUMO 0.0514232375502612

cycle= 144 E= -2317.68591943969  delta_E=  149  |g|= 15.8  |ddm|= 35.3
  HOMO = -0.0835219704408776  LUMO = -0.0588757514206041
cycle= 145 E= -2455.56736654734  delta_E= -138  |g|= 8.24  |ddm|= 35.2
  HOMO = -0.163233113939314  LUMO = -0.142283653938557
cycle= 146 E= -2474.63672588292  delta_E= -19.1  |g|= 2.35  |ddm|= 11.8
  HOMO = -0.172354599012727  LUMO = -0.166236600128208
cycle= 147 E= -2472.27278656329  delta_E= 2.36  |g|=  4.2  |ddm|= 2.59
  HOMO = -0.168028180089497  LUMO = -0.15688844136211
cycle= 148 E= -2472.45432232041  delta_E= -0.182  |g|= 4.03  |ddm|= 1.72
  HOMO = -0.167596659318242  LUMO = -0.152866142827704
cycle= 149 E= -2474.54479386128  delta_E= -2.09  |g|= 2.47  |ddm|= 2.05
  HOMO = -0.162213678219686  LUMO = -0.150190783328359
cycle= 150 E= -2471.95636138473  delta_E= 2.59  |g|= 4.32  |ddm|= 2.69
  HOMO = -0.162311457620225  LUMO = -0.155591735270058
cycle= 151 E= -2473.01136256535  delta_E= -1.06  |g|= 3.74  |ddm|= 1.22
  HOMO = -0.161626515032209  LUMO = -0.156552979851521
cycle= 152 E= -2472.21607613894  delta_E= 0.795  |g|= 4.19  |ddm|= 0.783
  HOMO = -0.158509335435494  LUMO = -0.151107252422112
cycle= 153 E= -2472.67437835248  delta_E= -0.458  |g|= 3.94  |ddm|= 0.348
  HOMO = -0.0485007545617389  LUMO = -0.0448082268927799
cycle= 154 E= -2461.29380753128  delta_E= 11.4  |g|= 5.09  |ddm|= 6.02
  HOMO = -0.208393889227992  LUMO = -0.168403931080201
cycle= 155 E= -2467.06462587877  delta_E= -5.77  |g|= 5.78  |ddm|= 7.18
  HOMO = -0.176557173820601  LUMO = -0.170941129038315
cycle= 156 E= -2466.78665330929  delta_E= 0.278  |g|=  5.8  |ddm|= 1.92
  HOMO = -0.180930503404339  LUMO = -0.166968246024193
cycle= 157 E= -2466.87314444083  delta_E= -0.0865  |g|= 5.81  |ddm|= 1.89
  HOMO = -0.187135155886428  LUMO = -0.185799277094526
cycle= 158 E= -2465.9656151904  delta_E= 0.908  |g|= 6.04  |ddm|=  2.7
  HOMO = -0.193081946148612  LUMO = -0.176362523197196
cycle= 159 E= -2467.23897929044  delta_E= -1.27  |g|=  5.7  |ddm|= 2.07
  HOMO = -0.206251243958988  LUMO = -0.181990807298333
cycle= 160 E= -2467.11049860928  delta_E= 0.128  |g|= 5.75  |ddm|=  1.4
  HOMO = -0.180655603933098  LUMO = -0.173170481236518
cycle= 161 E= -2466.54852248948  delta_E= 0.562  |g|= 5.93  |ddm|= 1.29
  HOMO = -0.200476759919371  LUMO = -0.168322722508389
cycle= 162 E= -2467.44758912687  delta_E= -0.899  |g|= 5.69  |ddm|= 1.44
  HOMO = 0.0481124892373098  LUMO = 0.0565247302255616
cycle= 163 E= -2311.98550703595  delta_E=  155  |g|= 14.8  |ddm|= 38.4
  HOMO = -0.108782830233646  LUMO = -0.050148384311371
cycle= 164 E= -2457.80073642914  delta_E= -146  |g|= 6.86  |ddm|=   38
  HOMO = -0.184481862384885  LUMO = -0.149008759451068
cycle= 165 E= -2467.78078439399  delta_E= -9.98  |g|= 5.58  |ddm|= 10.3
  HOMO = -0.19602436505158  LUMO = -0.157915527052977
cycle= 166 E= -2467.83940598779  delta_E= -0.0586  |g|= 5.56  |ddm|= 1.21
  HOMO = -0.200324667409279  LUMO = -0.160444405825544
cycle= 167 E= -2467.80751270015  delta_E= 0.0319  |g|= 5.57  |ddm|= 0.623
  HOMO = -0.185304869593782  LUMO = -0.165935705103852
cycle= 168 E= -2467.5845868463  delta_E= 0.223  |g|= 5.63  |ddm|= 0.699
  HOMO = -0.192791797951081  LUMO = -0.168732097994439
cycle= 169 E= -2467.64589785402  delta_E= -0.0613  |g|=  5.6  |ddm|= 0.907
  HOMO = -0.205473219272361  LUMO = -0.165547138931771
cycle= 170 E= -2467.74407549403  delta_E= -0.0982  |g|= 5.58  |ddm|= 0.495
  HOMO = -0.196240957307045  LUMO = -0.157373496768672
cycle= 171 E= -2468.24281372386  delta_E= -0.499  |g|= 5.41  |ddm|= 0.511
  HOMO = -0.178307287808014  LUMO = -0.160579374386355
cycle= 172 E= -2468.47585316914  delta_E= -0.233  |g|= 5.37  |ddm|= 1.09
  HOMO = 0.0135707218064798  LUMO = 0.017364982692809
cycle= 173 E= -2370.98388642986  delta_E= 97.5  |g|= 14.5  |ddm|= 24.8
  HOMO = -0.0860296061608701  LUMO = -0.0367386094631501
cycle= 174 E= -2459.4869614461  delta_E= -88.5  |g|= 5.68  |ddm|= 22.4
  HOMO = -0.185599401672062  LUMO = -0.155128098217122
cycle= 175 E= -2467.33624641064  delta_E= -7.85  |g|= 5.71  |ddm|= 8.67
  HOMO = -0.191889009477827  LUMO = -0.165386905305312
cycle= 176 E= -2467.71604323906  delta_E= -0.38  |g|= 5.56  |ddm|= 1.06
  HOMO = -0.198989694524427  LUMO = -0.159566860779692
cycle= 177 E= -2467.37458337598  delta_E= 0.341  |g|= 5.71  |ddm|= 1.28
  HOMO = -0.188434130330315  LUMO = -0.160470453818566
cycle= 178 E= -2467.3196762924  delta_E= 0.0549  |g|= 5.72  |ddm|= 0.672
  HOMO = -0.183873594708704  LUMO = -0.150871998725845
cycle= 179 E= -2467.45039783757  delta_E= -0.131  |g|= 5.68  |ddm|= 0.944
  HOMO = -0.169129973149385  LUMO = -0.14650375372529
cycle= 180 E= -2467.61361127864  delta_E= -0.163  |g|= 5.61  |ddm|= 1.43
  HOMO = -0.188487038901742  LUMO = -0.150432610071439
cycle= 181 E= -2467.51921965993  delta_E= 0.0944  |g|= 5.67  |ddm|= 1.34
  HOMO = -0.197733408202035  LUMO = -0.164503550142894
cycle= 182 E= -2466.89883986244  delta_E= 0.62  |g|= 5.85  |ddm|= 0.855
  HOMO = 0.0307676958318747  LUMO = 0.038493773566341
cycle= 183 E= -2336.18634220223  delta_E=  131  |g|= 17.9  |ddm|= 33.6
  HOMO = -0.0467934509487664  LUMO = -0.0387486150132469
cycle= 184 E= -2435.31498781098  delta_E= -99.1  |g|= 13.5  |ddm|= 33.3
  HOMO = -0.0819829416610541  LUMO = -0.0411741773389081
cycle= 185 E= -2458.76858305041  delta_E= -23.5  |g|= 6.53  |ddm|= 8.64
  HOMO = -0.164678418474199  LUMO = -0.157814992022079
cycle= 186 E= -2467.05136708106  delta_E= -8.28  |g|= 5.72  |ddm|= 9.74
  HOMO = -0.190345535704423  LUMO = -0.160116823517932
cycle= 187 E= -2467.87068122887  delta_E= -0.819  |g|= 5.55  |ddm|= 2.08
  HOMO = -0.187469820039534  LUMO = -0.154216557081434
cycle= 188 E= -2467.66901063516  delta_E= 0.202  |g|= 5.61  |ddm|= 0.799
  HOMO = -0.187412792360502  LUMO = -0.14849936593813
cycle= 189 E= -2467.72700115384  delta_E= -0.058  |g|= 5.59  |ddm|= 1.06
  HOMO = -0.195782702459621  LUMO = -0.154696140765778
cycle= 190 E= -2467.85267531806  delta_E= -0.126  |g|= 5.55  |ddm|= 0.748
  HOMO = -0.189639683517736  LUMO = -0.151353229977417
cycle= 191 E= -2467.99424323947  delta_E= -0.142  |g|=  5.5  |ddm|= 0.575
  HOMO = -0.189794397593264  LUMO = -0.154196490156794
cycle= 192 E= -2468.00576686912  delta_E= -0.0115  |g|= 5.51  |ddm|= 0.606
  HOMO = -0.209985522951192  LUMO = -0.162935558024378
cycle= 193 E= -2467.8747837841  delta_E= 0.131  |g|= 5.53  |ddm|= 0.723
  HOMO = 0.0265836822565749  LUMO = 0.0350588275063216
cycle= 194 E= -2354.43508464239  delta_E=  113  |g|= 14.5  |ddm|= 30.8
  HOMO = -0.103911875760762  LUMO = -0.0775903793242362
cycle= 195 E= -2457.48542511934  delta_E= -103  |g|= 6.46  |ddm|= 29.2
  HOMO = -0.102161911671616  LUMO = -0.0731451228237393
cycle= 196 E= -2459.99408675479  delta_E= -2.51  |g|=  6.9  |ddm|= 10.6
  HOMO = -0.144285684042122  LUMO = -0.136649390907278
cycle= 197 E= -2466.33362909084  delta_E= -6.34  |g|= 5.74  |ddm|= 3.35
  HOMO = -0.167411729377738  LUMO = -0.146386281422499
cycle= 198 E= -2467.67625604692  delta_E= -1.34  |g|= 5.54  |ddm|= 2.09
  HOMO = -0.155786516026237  LUMO = -0.148127290811701
cycle= 199 E= -2467.91379982103  delta_E= -0.238  |g|= 5.49  |ddm|= 0.809
  HOMO = -0.159660593566487  LUMO = -0.14697920560108
cycle= 200 E= -2467.87751565537  delta_E= 0.0363  |g|= 5.51  |ddm|= 0.608
  HOMO = -0.158296023499932  LUMO = -0.149838812876977
cycle= 201 E= -2467.94684651156  delta_E= -0.0693  |g|= 5.46  |ddm|= 0.609
  HOMO = -0.170862670171969  LUMO = -0.150601763425114
cycle= 202 E= -2467.7057576914  delta_E= 0.241  |g|= 5.57  |ddm|= 0.669
  HOMO = -0.156599563972921  LUMO = -0.145390202947414
cycle= 203 E= -2468.25136408514  delta_E= -0.546  |g|= 5.38  |ddm|= 0.93
  HOMO = 0.00730626117442332  LUMO = 0.0280055129808327
cycle= 204 E= -2357.77360635534  delta_E=  110  |g|=   15  |ddm|= 29.7
  HOMO = -0.0871760070352093  LUMO = -0.0361704095800593
cycle= 205 E= -2457.94256182399  delta_E= -100  |g|= 6.93  |ddm|=   28
  HOMO = -0.167847013178446  LUMO = -0.157468274067111
cycle= 206 E= -2468.51859081445  delta_E= -10.6  |g|= 5.31  |ddm|= 10.3
  HOMO = -0.163968165980123  LUMO = -0.157355840158818
cycle= 207 E= -2468.98477199699  delta_E= -0.466  |g|= 5.19  |ddm|= 1.65
  HOMO = -0.16639060931258  LUMO = -0.15762895571023
cycle= 208 E= -2469.10898621378  delta_E= -0.124  |g|= 5.14  |ddm|= 0.99
  HOMO = -0.16640698102513  LUMO = -0.158664388577545
cycle= 209 E= -2469.11101463949  delta_E= -0.00203  |g|= 5.14  |ddm|= 0.55

WARN: HOMO -0.16162578055416 == LUMO -0.160704027767944

cycle= 210 E= -2472.0408959563  delta_E= -2.93  |g|= 4.26  |ddm|= 2.57
  HOMO = -0.18933639322633  LUMO = -0.164512175638255
cycle= 211 E= -2468.88312709879  delta_E= 3.16  |g|=  5.2  |ddm|= 2.56
  HOMO = -0.184844752990704  LUMO = -0.154120210264682
cycle= 212 E= -2468.40776088327  delta_E= 0.475  |g|= 5.39  |ddm|= 0.991
  HOMO = -0.187688316345845  LUMO = -0.155918968513078
cycle= 213 E= -2468.31288518316  delta_E= 0.0949  |g|= 5.41  |ddm|= 0.271
  HOMO = 0.0170537752451605  LUMO = 0.0212897973315473
cycle= 214 E= -2396.85934565219  delta_E= 71.5  |g|= 15.8  |ddm|= 19.7
  HOMO = -0.0803357541996846  LUMO = -0.00125852082409076
cycle= 215 E= -2458.13224852421  delta_E= -61.3  |g|= 6.31  |ddm|= 16.7
  HOMO = -0.19507218158364  LUMO = -0.166844805720275
cycle= 216 E= -2467.69587337607  delta_E= -9.56  |g|= 5.58  |ddm|= 9.68
  HOMO = -0.191367042589792  LUMO = -0.16017695657779
cycle= 217 E= -2467.88683294417  delta_E= -0.191  |g|= 5.53  |ddm|= 0.818
  HOMO = -0.187089615794543  LUMO = -0.158500255284634
cycle= 218 E= -2467.84304323007  delta_E= 0.0438  |g|= 5.54  |ddm|= 0.809
  HOMO = -0.184651302126469  LUMO = -0.163547221846853
cycle= 219 E= -2468.35270450155  delta_E= -0.51  |g|= 5.38  |ddm|= 0.76
  HOMO = -0.193273509758992  LUMO = -0.161543789693959
cycle= 220 E= -2468.63367348031  delta_E= -0.281  |g|= 5.25  |ddm|= 0.948
  HOMO = -0.173776563914661  LUMO = -0.162821810234908
cycle= 221 E= -2468.47618504696  delta_E= 0.157  |g|=  5.3  |ddm|= 1.35
  HOMO = -0.191920409061755  LUMO = -0.166364038156005
cycle= 222 E= -2468.12839257919  delta_E= 0.348  |g|= 5.47  |ddm|= 1.03
  HOMO = -0.201644123941869  LUMO = -0.170963682239902
cycle= 223 E= -2467.92487547132  delta_E= 0.204  |g|= 5.53  |ddm|= 0.328
  HOMO = 0.032104068521203  LUMO = 0.0486408089194221
cycle= 224 E= -2361.18160499429  delta_E=  107  |g|= 14.4  |ddm|=   32
  HOMO = -0.0884198861397192  LUMO = -0.0325935970255086
cycle= 225 E= -2459.17192327681  delta_E=  -98  |g|= 5.79  |ddm|= 30.4
  HOMO = -0.183633902358938  LUMO = -0.161868293474865
cycle= 226 E= -2467.22729587802  delta_E= -8.06  |g|= 5.75  |ddm|= 8.89
  HOMO = -0.187783194714927  LUMO = -0.163055832687131
cycle= 227 E= -2467.38349674543  delta_E= -0.156  |g|=  5.7  |ddm|= 0.582
  HOMO = -0.197902983732967  LUMO = -0.165533790268285
cycle= 228 E= -2467.39642094226  delta_E= -0.0129  |g|= 5.69  |ddm|= 0.36
  HOMO = -0.170396763200271  LUMO = -0.159890181213996
cycle= 229 E= -2467.44658302525  delta_E= -0.0502  |g|= 5.62  |ddm|= 1.67
  HOMO = -0.166434801668104  LUMO = -0.154350948434621
cycle= 230 E= -2467.84115426399  delta_E= -0.395  |g|= 5.47  |ddm|= 2.39
  HOMO = -0.192566254939956  LUMO = -0.159673846727902
cycle= 231 E= -2467.78735318491  delta_E= 0.0538  |g|= 5.57  |ddm|= 1.77
  HOMO = -0.186646863770846  LUMO = -0.163233170925745
cycle= 232 E= -2467.523079584  delta_E= 0.264  |g|= 5.66  |ddm|= 0.634
  HOMO = -0.19308848967774  LUMO = -0.167038936029688
cycle= 233 E= -2467.19792023732  delta_E= 0.325  |g|= 5.76  |ddm|= 0.375
  HOMO = 0.0231676575113544  LUMO = 0.0317761947080644
cycle= 234 E= -2345.93840615499  delta_E=  121  |g|=   15  |ddm|= 53.8
  HOMO = -0.0938009809750656  LUMO = -0.0819638209661244
cycle= 235 E= -2456.88574507238  delta_E= -111  |g|=  6.9  |ddm|= 52.9
  HOMO = -0.147195223528792  LUMO = -0.134209598095057
cycle= 236 E= -2463.73205855523  delta_E= -6.85  |g|= 6.41  |ddm|= 10.9
  HOMO = -0.163593533929071  LUMO = -0.15347012636625
cycle= 237 E= -2466.85787100387  delta_E= -3.13  |g|= 5.69  |ddm|= 2.72
  HOMO = -0.164284452435342  LUMO = -0.153816530247683
cycle= 238 E= -2467.30568513593  delta_E= -0.448  |g|=  5.5  |ddm|=  2.4
  HOMO = -0.163613969062573  LUMO = -0.149449161672383
cycle= 239 E= -2467.53593372678  delta_E= -0.23  |g|= 5.39  |ddm|= 3.14

WARN: HOMO -0.150700162796963 == LUMO -0.150399774883124

cycle= 240 E= -2469.65571756572  delta_E= -2.12  |g|= 5.09  |ddm|= 2.77
  HOMO = -0.168163083672591  LUMO = -0.151798448770661
cycle= 241 E= -2468.88085893766  delta_E= 0.775  |g|= 5.21  |ddm|= 1.43
  HOMO = -0.16812782100201  LUMO = -0.154894743356004
cycle= 242 E= -2468.85481288171  delta_E= 0.026  |g|= 5.21  |ddm|= 0.259
  HOMO = -0.15090748879536  LUMO = -0.143630119583228
cycle= 243 E= -2471.82684964622  delta_E= -2.97  |g|= 4.38  |ddm|= 2.64
  HOMO = 0.0327309788375852  LUMO = 0.0358852072996711
cycle= 244 E= -2365.19827289087  delta_E=  107  |g|= 14.9  |ddm|= 34.2
  HOMO = -0.0830102890982827  LUMO = -0.0657701249530768
cycle= 245 E= -2459.11599252079  delta_E= -93.9  |g|= 6.15  |ddm|= 32.6
  HOMO = -0.153434275158727  LUMO = -0.145821239436599
cycle= 246 E= -2465.93410755718  delta_E= -6.82  |g|= 5.93  |ddm|= 9.26
  HOMO = -0.17293078184615  LUMO = -0.152687999717789
cycle= 247 E= -2467.44980924405  delta_E= -1.52  |g|= 5.66  |ddm|=  2.6
  HOMO = -0.169988303909724  LUMO = -0.155077579792462
cycle= 248 E= -2467.4483403083  delta_E= 0.00147  |g|= 5.63  |ddm|= 1.93
  HOMO = -0.191685489453575  LUMO = -0.153957002899454
cycle= 249 E= -2467.87920710853  delta_E= -0.431  |g|= 5.53  |ddm|=  1.2
  HOMO = -0.1903762999573  LUMO = -0.153289636126039
cycle= 250 E= -2467.86604544749  delta_E= 0.0132  |g|= 5.54  |ddm|= 0.149
  HOMO = -0.187376975445148  LUMO = -0.152981647599588
cycle= 251 E= -2467.91624453082  delta_E= -0.0502  |g|= 5.52  |ddm|= 0.183
  HOMO = -0.160541178518972  LUMO = -0.146739647033122
cycle= 252 E= -2467.68019270866  delta_E= 0.236  |g|= 5.61  |ddm|= 1.27
  HOMO = -0.173415378746329  LUMO = -0.151751857721481
cycle= 253 E= -2467.77311607679  delta_E= -0.0929  |g|= 5.57  |ddm|= 0.573
  HOMO = 0.0277711219329105  LUMO = 0.0373427908494393
cycle= 254 E= -2337.12128549501  delta_E=  131  |g|= 18.1  |ddm|= 32.9
  HOMO = -0.0291837956803528  LUMO = -0.012712540277594
cycle= 255 E= -2442.19435870727  delta_E= -105  |g|= 12.4  |ddm|= 32.6
  HOMO = -0.0575214395774406  LUMO = -0.0202642233495383
cycle= 256 E= -2459.55582600144  delta_E= -17.4  |g|= 5.79  |ddm|= 10.5
  HOMO = -0.171547281223953  LUMO = -0.166502252167474
cycle= 257 E= -2465.91404528997  delta_E= -6.36  |g|= 5.99  |ddm|= 8.88
  HOMO = -0.195993702194471  LUMO = -0.164813459973309
cycle= 258 E= -2467.14392580659  delta_E= -1.23  |g|= 5.76  |ddm|= 2.13
  HOMO = -0.203380997171729  LUMO = -0.163157114375505
cycle= 259 E= -2467.25166136218  delta_E= -0.108  |g|= 5.73  |ddm|= 0.444
  HOMO = -0.194561260163063  LUMO = -0.159612678871611
cycle= 260 E= -2467.16784398263  delta_E= 0.0838  |g|= 5.75  |ddm|= 0.559
  HOMO = -0.198286201520093  LUMO = -0.1652727260007
cycle= 261 E= -2467.49716607014  delta_E= -0.329  |g|= 5.63  |ddm|= 0.741
  HOMO = -0.195860017587852  LUMO = -0.156485238264822
cycle= 262 E= -2467.07330288721  delta_E= 0.424  |g|= 5.79  |ddm|=  1.2
  HOMO = -0.197323853553987  LUMO = -0.157634688811003
cycle= 263 E= -2466.9142502902  delta_E= 0.159  |g|= 5.85  |ddm|= 0.906
  HOMO = -0.187490341788881  LUMO = -0.161623975250582
cycle= 264 E= -2467.32785463522  delta_E= -0.414  |g|= 5.72  |ddm|= 0.809
  HOMO = 0.0410905557197873  LUMO = 0.0452037874574315
cycle= 265 E= -2352.91233415286  delta_E=  114  |g|= 14.9  |ddm|= 34.8
  HOMO = -0.0825731425681834  LUMO = -0.0562026216579866
cycle= 266 E= -2457.62331411036  delta_E= -105  |g|= 6.71  |ddm|= 33.7
  HOMO = -0.1541977914446  LUMO = -0.141438530559051
cycle= 267 E= -2466.78288386667  delta_E= -9.16  |g|=  5.7  |ddm|= 10.4
  HOMO = -0.169692100646638  LUMO = -0.147697702138049
cycle= 268 E= -2468.07588056227  delta_E= -1.29  |g|=  5.5  |ddm|=  2.8
  HOMO = -0.168540637131488  LUMO = -0.153487085999776
cycle= 269 E= -2468.38625714823  delta_E= -0.31  |g|= 5.37  |ddm|= 1.39
  HOMO = -0.162015735737062  LUMO = -0.159747147383663
cycle= 270 E= -2474.13886375058  delta_E= -5.75  |g|= 2.62  |ddm|= 3.89
  HOMO = -0.151832636992054  LUMO = -0.142512275081551
cycle= 271 E= -2466.12806061668  delta_E= 8.01  |g|= 5.82  |ddm|= 4.68
  HOMO = -0.157177889798181  LUMO = -0.147825027198631
cycle= 272 E= -2468.04161875298  delta_E= -1.91  |g|= 5.47  |ddm|= 2.38
  HOMO = -0.170326061714941  LUMO = -0.149688823576318
cycle= 273 E= -2468.40398907086  delta_E= -0.362  |g|= 5.37  |ddm|=  1.2
  HOMO = -0.160285997891847  LUMO = -0.147573095583443
cycle= 274 E= -2468.58150061453  delta_E= -0.178  |g|= 5.32  |ddm|= 0.205
  HOMO = -0.00218437201440767  LUMO = 0.0102666545877812
cycle= 275 E= -2450.64177857069  delta_E= 17.9  |g|= 7.58  |ddm|= 9.97
  HOMO = -0.171064575965214  LUMO = -0.147875720107245
cycle= 276 E= -2474.75170206394  delta_E= -24.1  |g|= 2.37  |ddm|= 9.47
  HOMO = -0.164269330481714  LUMO = -0.13548822389758
cycle= 277 E= -2475.40125996962  delta_E= -0.65  |g|= 1.25  |ddm|= 1.16
  HOMO = -0.156676992486948  LUMO = -0.150009355633562
cycle= 278 E= -2471.82563690212  delta_E= 3.58  |g|= 4.47  |ddm|= 2.85
  HOMO = -0.165387005281524  LUMO = -0.150778737683493
cycle= 279 E= -2472.68633175546  delta_E= -0.861  |g|= 4.02  |ddm|= 0.624
  HOMO = -0.172878846367397  LUMO = -0.153381130187657
cycle= 280 E= -2472.54386632107  delta_E= 0.142  |g|= 4.07  |ddm|= 0.719
  HOMO = -0.172014994433365  LUMO = -0.152706969089632
cycle= 281 E= -2472.64209720569  delta_E= -0.0982  |g|= 4.06  |ddm|= 0.528
  HOMO = -0.173474284843717  LUMO = -0.15270952782804
cycle= 282 E= -2472.49374733507  delta_E= 0.148  |g|= 4.16  |ddm|= 0.442
  HOMO = -0.137281147380144  LUMO = -0.0981865632811212
cycle= 283 E= -2474.99053370854  delta_E= -2.5  |g|= 1.73  |ddm|= 2.52
  HOMO = -0.0637071130385335  LUMO = -0.0579242087089359
cycle= 284 E= -2471.16071563413  delta_E= 3.83  |g|= 4.37  |ddm|= 4.21
  HOMO = -0.162437769637594  LUMO = -0.120996598051327
cycle= 285 E= -2475.43203476056  delta_E= -4.27  |g|= 1.29  |ddm|= 3.63
  HOMO = -0.163926679621352  LUMO = -0.131336674030288
cycle= 286 E= -2475.33101966462  delta_E= 0.101  |g|= 1.25  |ddm|= 1.63
  HOMO = -0.1532086235165  LUMO = -0.110736535926984
cycle= 287 E= -2475.62684733885  delta_E= -0.296  |g|= 0.725  |ddm|= 1.36
  HOMO = -0.15265364891118  LUMO = -0.111612857269844
cycle= 288 E= -2475.6504863228  delta_E= -0.0236  |g|= 0.636  |ddm|= 0.449
  HOMO = -0.149155872391162  LUMO = -0.108519310497325
cycle= 289 E= -2475.67056793456  delta_E= -0.0201  |g|= 0.492  |ddm|= 0.475
  HOMO = -0.137789310424216  LUMO = -0.0980534887842399
cycle= 290 E= -2475.7150749312  delta_E= -0.0445  |g|= 0.213  |ddm|= 0.52
  HOMO = -0.128231797086001  LUMO = -0.0904692412652641
cycle= 291 E= -2475.71643441757  delta_E= -0.00136  |g|= 0.197  |ddm|= 0.365
  HOMO = -0.131777462132575  LUMO = -0.0937600056615541
cycle= 292 E= -2475.72441625966  delta_E= -0.00798  |g|= 0.0476  |ddm|= 0.225
  HOMO = -0.132113780111493  LUMO = -0.0941247951971175
cycle= 293 E= -2475.72502632224  delta_E= -0.00061  |g|= 0.0161  |ddm|= 0.0732
  HOMO = -0.13229846026411  LUMO = -0.0942467078989133
cycle= 294 E= -2475.72509213236  delta_E= -6.58e-05  |g|= 0.00513  |ddm|= 0.0241
  HOMO = -0.132180684526075  LUMO = -0.0940740632706046
cycle= 295 E= -2475.72509700236  delta_E= -4.87e-06  |g|= 0.00369  |ddm|= 0.0104
  HOMO = -0.132302120838247  LUMO = -0.0941945324688118
cycle= 296 E= -2475.72509930346  delta_E= -2.3e-06  |g|= 0.00242  |ddm|= 0.00596
  HOMO = -0.13219668903635  LUMO = -0.0940894790613284
cycle= 297 E= -2475.72510009642  delta_E= -7.93e-07  |g|= 0.00157  |ddm|= 0.00361
  HOMO = -0.132288328626513  LUMO = -0.094169875548547
cycle= 298 E= -2475.72510005262  delta_E= 4.38e-08  |g|= 0.00185  |ddm|= 0.00249
  HOMO = -0.1322239711202  LUMO = -0.094116094496095
cycle= 299 E= -2475.72510018645  delta_E= -1.34e-07  |g|= 0.0012  |ddm|= 0.00279
  HOMO = -0.132216099959249  LUMO = -0.0941131415885178
cycle= 300 E= -2475.72510053847  delta_E= -3.52e-07  |g|= 0.000947  |ddm|= 0.00196
  HOMO = -0.132241305390549  LUMO = -0.0941335906801976
cycle= 301 E= -2475.72510070397  delta_E= -1.65e-07  |g|= 0.000143  |ddm|= 0.00084
  HOMO = -0.132245272847535  LUMO = -0.0941380081180707
cycle= 302 E= -2475.72510069357  delta_E= 1.04e-08  |g|= 0.000243  |ddm|= 0.000434
  HOMO = -0.132242980304743  LUMO = -0.0941360632265186
cycle= 303 E= -2475.72510070828  delta_E= -1.47e-08  |g|= 8.43e-05  |ddm|= 0.000345
  HOMO = -0.132241154752713  LUMO = -0.0941342432341335
cycle= 304 E= -2475.72510070997  delta_E= -1.68e-09  |g|= 3.31e-05  |ddm|= 0.000131
  HOMO = -0.132241979759769  LUMO = -0.0941350443607206
cycle= 305 E= -2475.72510071004  delta_E= -7.19e-11  |g|= 3.28e-05  |ddm|= 6.59e-05
  HOMO = -0.132240339325376  LUMO = -0.0941333607894964
cycle= 306 E= -2475.72510071014  delta_E= -9.55e-11  |g|= 2.61e-05  |ddm|= 5.24e-05
  HOMO = -0.132241889188943  LUMO = -0.0941347369689545
cycle= 307 E= -2475.72510071017  delta_E= -3.46e-11  |g|= 2.63e-05  |ddm|= 4.18e-05
  HOMO = -0.132241119604563  LUMO = -0.0941341355570757
cycle= 308 E= -2475.72510071029  delta_E= -1.21e-10  |g|= 1.1e-05  |ddm|= 2.9e-05
  HOMO = -0.132240962176091  LUMO = -0.0941340375149273
cycle= 309 E= -2475.72510071024  delta_E= 5.37e-11  |g|= 1.88e-05  |ddm|= 2.33e-05
  HOMO = -0.132241579890652  LUMO = -0.0941345240700693
cycle= 310 E= -2475.72510071031  delta_E= -7.19e-11  |g|= 7.97e-06  |ddm|= 2.06e-05
  HOMO = -0.132241440089198  LUMO = -0.0941344151019249
cycle= 311 E= -2475.7251007103  delta_E= 7.28e-12  |g|= 2.29e-06  |ddm|= 9.77e-06
  HOMO = -0.1322413926421  LUMO = -0.0941343746657602
cycle= 312 E= -2475.7251007103  delta_E= 9.09e-13  |g|= 1.9e-06  |ddm|= 4.5e-06
  HOMO = -0.132241335001336  LUMO = -0.0941343212061515
cycle= 313 E= -2475.7251007103  delta_E=    0  |g|= 1.52e-06  |ddm|= 3.54e-06
  HOMO = -0.132241364286624  LUMO = -0.0941343499397672
cycle= 314 E= -2475.7251007103  delta_E= -9.09e-13  |g|= 6.5e-07  |ddm|= 2.26e-06
  HOMO = -0.132241241725607  LUMO = -0.0941342395272765
Extra cycle  E= -2475.7251007103  delta_E= 6.37e-12  |g|= 4.12e-06  |ddm|= 4.33e-06
converged SCF energy = -2475.7251007103
AOs:  [0, 1, 2, 3, 4, 5, 6, 7, 8, 9, 10, 11, 12, 13, 14, 15, 16, 17, 18, 19, 20, 21, 22, 23, 24, 25, 26, 27, 28, 29, 30, 31, 32, 33, 34, 35, 36, 37, 38, 39, 40, 41, 42, 43, 44, 45, 46, 47, 48, 49, 50, 51, 52, 53, 54, 55, 56, 57, 58, 59, 60, 61, 62, 63, 64, 65, 66, 67, 68, 69, 70, 71, 72, 73, 74, 75, 76, 77, 78, 79, 80, 81, 82, 83, 84, 85, 86, 87, 88, 89, 90, 91, 92, 93, 94, 95, 96, 97, 98, 99, 100, 101, 102, 103, 104, 105, 106, 107, 108, 109, 110, 111, 112, 113, 114, 115, 116, 117, 118, 119, 120, 121, 122, 123, 124, 125, 126, 127, 128, 129, 130, 131, 132, 133, 134, 135, 136, 137, 138, 139, 140, 141, 142, 143, 144, 145, 146, 147, 148, 149, 150, 151, 152, 153, 154, 155, 156, 157, 158, 159, 160, 161, 162, 163, 164, 165, 166, 167, 168, 169, 170, 171, 172, 173, 174, 175, 176, 177, 178, 179, 180, 181, 182, 183, 184, 185, 186, 187, 188, 189, 190, 191, 192, 193, 194, 195, 196, 197, 198, 199, 200, 201, 202, 203, 204, 205, 206, 207, 208, 209, 210, 211, 212, 213, 214, 215, 216, 217, 218, 219, 220, 221, 222, 223, 224, 225, 226, 227, 228, 229, 230, 231, 232, 233, 234, 235, 236, 237, 238, 239, 240, 241, 242, 243, 244, 245, 246, 247, 248, 249, 250, 251, 252, 253, 254, 255, 256, 257, 258, 259, 260, 261, 262, 263, 264, 265, 266, 267, 268, 269, 270, 271, 272, 273, 274, 275, 276, 277, 278, 279, 280, 281, 282, 283, 284, 285, 286, 287, 288, 289, 290, 291, 292, 293, 294, 295, 296, 297, 298, 299, 300, 301, 302, 303, 304, 305, 306, 307, 308, 309, 310, 311, 312, 313, 314, 315, 316, 317, 318, 319, 320, 321, 322, 323, 324, 325, 326, 327, 328, 329, 330, 331, 332, 333, 334, 335, 336, 337, 338, 339, 340, 341, 342, 343, 344, 345, 346, 347, 348, 349, 350, 351, 352, 353, 354, 355, 356, 357, 358, 359, 360, 361, 362, 363, 364, 365, 366, 367, 368, 369, 370, 371, 372, 373, 374, 375, 376, 377, 378, 379, 380, 381, 382, 383, 384, 385, 386, 387, 388, 389, 390, 391, 392, 393, 394, 395, 396, 397, 398, 399, 400, 401, 402, 403, 404, 405, 406, 407, 408, 409, 410, 411, 412, 413, 414, 415, 416, 417, 418, 419, 420, 421, 422, 423, 424, 425, 426, 427, 428, 429, 430, 431, 432, 433, 434, 435, 436, 437, 438, 439, 440, 441, 442, 443, 444, 445, 446, 447, 448, 449, 450, 451, 452, 453, 454, 455, 456, 457, 458, 459, 460, 461, 462, 463, 464, 465, 466, 467, 468, 469, 470, 471, 472, 473, 474, 475, 476, 477, 478, 479, 480, 481, 482, 483, 484, 485, 486, 487, 488, 489, 490, 491, 492, 493, 494, 495, 496, 497, 498, 499, 500, 501, 502, 503, 504, 505, 506, 507, 508, 509, 510, 511, 512, 513, 514, 515, 516]
517
Number of Active MOs:  111
Number of Environment MOs:  0
Number of Virtual MOs:  406
 # electrons:            α            β
         Env:   0.00000000   0.00000000
         Act: 111.00000000 111.00000000
         Vir:   0.00000000   0.00000000
Number of electrons in the active space:  222

 The density matrix is idempotent!

 The density matrix is idempotent!


******** <class 'pyscf.dft.rks.RKS'> ********
method = RKS-RHF
initial guess = minao
damping factor = 0
level_shift factor = 0
DIIS = <class 'pyscf.scf.diis.CDIIS'>
diis_start_cycle = 1
diis_space = 8
SCF conv_tol = 1e-09
SCF conv_tol_grad = 1e-06
SCF max_cycles = 200
direct_scf = True
direct_scf_tol = 1e-13
chkfile to save SCF result = subsys_scf.chk
max_memory 900000 MB (current use 72999 MB)
XC library pyscf.dft.libxc version 5.1.7
    S. Lehtola, C. Steigemann, M. J. Oliveira, and M. A. Marques, SoftwareX 7, 1 (2018)
XC functionals = pbe
    J. P. Perdew, K. Burke, and M. Ernzerhof, Phys. Rev. Lett. 77, 3865 (1996)
    J. P. Perdew, K. Burke, and M. Ernzerhof, Phys. Rev. Lett. 78, 1396 (1997)
    J. P. Perdew, K. Burke, and M. Ernzerhof, Phys. Rev. Lett. 77, 3865 (1996)
    J. P. Perdew, K. Burke, and M. Ernzerhof, Phys. Rev. Lett. 78, 1396 (1997)
small_rho_cutoff = 1e-07
init E= -2475.72469605604
  HOMO = -0.132075633376808  LUMO = -0.0943834049595411
cycle= 1 E= -2475.72469596567  delta_E= 9.04e-08  |g|= 0.00219  |ddm|= 0.00604
  HOMO = -0.133070659255893  LUMO = -0.0952586598297002
cycle= 2 E= -2475.72453994576  delta_E= 0.000156  |g|= 0.0295  |ddm|= 0.0243
  HOMO = -0.132129672875629  LUMO = -0.0944638743994016
cycle= 3 E= -2475.72469647464  delta_E= -0.000157  |g|= 0.00133  |ddm|= 0.0226
  HOMO = -0.132121054737071  LUMO = -0.0944450077480187
cycle= 4 E= -2475.72469683557  delta_E= -3.61e-07  |g|= 0.000149  |ddm|= 0.00125
  HOMO = -0.132127674910887  LUMO = -0.0944497717396504
cycle= 5 E= -2475.72469684094  delta_E= -5.38e-09  |g|= 6.46e-05  |ddm|= 0.000264
  HOMO = -0.132129274106574  LUMO = -0.0944503183520396
cycle= 6 E= -2475.72469684183  delta_E= -8.88e-10  |g|= 2.45e-05  |ddm|= 9.67e-05
  HOMO = -0.132129677288296  LUMO = -0.0944504653418221
cycle= 7 E= -2475.72469684195  delta_E= -1.16e-10  |g|= 1.33e-05  |ddm|= 4.12e-05
  HOMO = -0.132129895699501  LUMO = -0.0944505359518767
cycle= 8 E= -2475.72469684199  delta_E= -4.64e-11  |g|= 3.86e-06  |ddm|= 2.06e-05
  HOMO = -0.132129931303616  LUMO = -0.0944505219031804
cycle= 9 E= -2475.724696842  delta_E= -4.55e-12  |g|= 1.28e-06  |ddm|= 5.28e-06
  HOMO = -0.132129931527076  LUMO = -0.0944505300077715
cycle= 10 E= -2475.72469684198  delta_E= 1.55e-11  |g|= 7.23e-07  |ddm|= 2.04e-06
  HOMO = -0.132129984194709  LUMO = -0.0944505769279229
Extra cycle  E= -2475.724696842  delta_E= -2.09e-11  |g|= 2.36e-06  |ddm|= 3.02e-06
converged SCF energy = -2475.724696842
Difference in energy:  -0.25343139696717115
Total mean-field energy =  -2475.7246968419963
time elapsed:  579.680285692215
