

******** <class 'pyscf.dft.rks.RKS'> ********
method = RKS-RHF
initial guess = minao
damping factor = 0
level_shift factor = 0
DIIS = <class 'pyscf.scf.diis.CDIIS'>
diis_start_cycle = 1
diis_space = 8
SCF conv_tol = 1e-09
SCF conv_tol_grad = 1e-05
SCF max_cycles = 1000
direct_scf = True
direct_scf_tol = 1e-13
chkfile to save SCF result = scf.fchk
max_memory 900000 MB (current use 79 MB)
XC library pyscf.dft.libxc version 5.1.7
    S. Lehtola, C. Steigemann, M. J. Oliveira, and M. A. Marques, SoftwareX 7, 1 (2018)
XC functionals = pbe
    J. P. Perdew, K. Burke, and M. Ernzerhof, Phys. Rev. Lett. 77, 3865 (1996)
    J. P. Perdew, K. Burke, and M. Ernzerhof, Phys. Rev. Lett. 78, 1396 (1997)
    J. P. Perdew, K. Burke, and M. Ernzerhof, Phys. Rev. Lett. 77, 3865 (1996)
    J. P. Perdew, K. Burke, and M. Ernzerhof, Phys. Rev. Lett. 78, 1396 (1997)
small_rho_cutoff = 1e-07
init E= -776.058247216755
  HOMO = -0.256940731398548  LUMO = -0.184885842631517
cycle= 1 E= -774.1411774932  delta_E= 1.92  |g|= 1.16  |ddm|= 6.28
  HOMO = -0.0379121519331419  LUMO = 0.0134048892479045
cycle= 2 E= -771.15558325836  delta_E= 2.99  |g|= 2.86  |ddm|=  3.9
  HOMO = -0.12117330544105  LUMO = -0.0770713222969365
cycle= 3 E= -773.541828800489  delta_E= -2.39  |g|= 1.54  |ddm|= 3.44
  HOMO = -0.164464490054844  LUMO = -0.0892563576184756
cycle= 4 E= -774.443380217556  delta_E= -0.902  |g|= 0.339  |ddm|= 2.17
  HOMO = -0.174643192945109  LUMO = -0.113163042813823
cycle= 5 E= -774.425128345951  delta_E= 0.0183  |g|= 0.377  |ddm|= 0.921
  HOMO = -0.179492297161686  LUMO = -0.11036762413335
cycle= 6 E= -774.472638348586  delta_E= -0.0475  |g|= 0.15  |ddm|= 0.631
  HOMO = -0.178018687086895  LUMO = -0.108239205907065
cycle= 7 E= -774.478793876862  delta_E= -0.00616  |g|= 0.0465  |ddm|= 0.197
  HOMO = -0.17786147913815  LUMO = -0.107058580522631
cycle= 8 E= -774.479137746092  delta_E= -0.000344  |g|= 0.0296  |ddm|= 0.0782
  HOMO = -0.177763248235132  LUMO = -0.107258880885918
cycle= 9 E= -774.479400795138  delta_E= -0.000263  |g|= 0.00912  |ddm|= 0.0388
  HOMO = -0.177957494945952  LUMO = -0.107382173162274
cycle= 10 E= -774.479411841503  delta_E= -1.1e-05  |g|= 0.00633  |ddm|= 0.0153
  HOMO = -0.178000148132282  LUMO = -0.107342588431923
cycle= 11 E= -774.479420930111  delta_E= -9.09e-06  |g|= 0.00292  |ddm|= 0.00949
  HOMO = -0.177951716387588  LUMO = -0.107297870733372
cycle= 12 E= -774.479423272917  delta_E= -2.34e-06  |g|= 0.000569  |ddm|= 0.00342
  HOMO = -0.177948060852945  LUMO = -0.107303096544979
cycle= 13 E= -774.479423376742  delta_E= -1.04e-07  |g|= 0.000232  |ddm|= 0.000815
  HOMO = -0.177941385118437  LUMO = -0.107300989701916
cycle= 14 E= -774.479423392652  delta_E= -1.59e-08  |g|= 8.38e-05  |ddm|= 0.000321
  HOMO = -0.177942154106485  LUMO = -0.107303981586417
cycle= 15 E= -774.479423381446  delta_E= 1.12e-08  |g|= 0.000205  |ddm|= 0.000323
  HOMO = -0.177943578854959  LUMO = -0.107305002137321
cycle= 16 E= -774.479423394179  delta_E= -1.27e-08  |g|= 4.1e-05  |ddm|= 0.00025
  HOMO = -0.177943022082931  LUMO = -0.107303652772215
cycle= 17 E= -774.479423394454  delta_E= -2.75e-10  |g|= 2.09e-05  |ddm|= 5.01e-05
  HOMO = -0.177942995178362  LUMO = -0.107303667123289
cycle= 18 E= -774.479423394571  delta_E= -1.17e-10  |g|= 7.64e-06  |ddm|= 2.83e-05
  HOMO = -0.177943480053896  LUMO = -0.107303431953513
Extra cycle  E= -774.479423394402  delta_E= 1.69e-10  |g|= 2.33e-05  |ddm|= 4.09e-05
converged SCF energy = -774.479423394402
AOs:  [0, 1, 2, 3, 4, 5, 6, 7, 8, 9, 10, 11, 12, 13, 14, 15, 16, 17, 18, 19, 20, 21, 22, 23, 24, 25, 26, 27, 28, 29, 30, 31, 32, 33, 34, 35, 36, 37, 38, 39, 40, 41, 42, 43, 44, 45, 46, 47, 48, 49, 50, 51, 52, 53, 54, 55, 56, 57, 58, 59, 60, 61, 62, 63]
64
Number of Active MOs:  16
Number of Environment MOs:  54
Number of Virtual MOs:  244
 # electrons:            α            β
         Env:  54.00000000  54.00000000
         Act:  16.00000000  16.00000000
         Vir:   0.00000000   0.00000000
Number of electrons in the active space:  32

 The density matrix is idempotent!

 The density matrix is idempotent!


******** <class 'pyscf.scf.hf.RHF'> ********
method = RHF
initial guess = minao
damping factor = 0
level_shift factor = 0
DIIS = <class 'pyscf.scf.diis.CDIIS'>
diis_start_cycle = 1
diis_space = 8
SCF conv_tol = 1e-09
SCF conv_tol_grad = 1e-05
SCF max_cycles = 200
direct_scf = True
direct_scf_tol = 1e-13
chkfile to save SCF result = subsys_scf.chk
max_memory 900000 MB (current use 10408 MB)
init E= 1003.62761783339
  HOMO = -0.244246942825559  LUMO = 0.0459867392467553
cycle= 1 E= 1003.58335879193  delta_E= -0.0443  |g|= 0.0713  |ddm|= 0.804
  HOMO = -0.249960078433447  LUMO = 0.0454249603917331
cycle= 2 E= 1003.58011755452  delta_E= -0.00324  |g|= 0.0235  |ddm|= 0.15
  HOMO = -0.250465464354344  LUMO = 0.0470632119685727
cycle= 3 E= 1003.57945997388  delta_E= -0.000658  |g|= 0.00676  |ddm|= 0.0711
  HOMO = -0.251423425904373  LUMO = 0.0472610582908667
cycle= 4 E= 1003.5794062934  delta_E= -5.37e-05  |g|= 0.00246  |ddm|= 0.0191
  HOMO = -0.251831677443056  LUMO = 0.0474023741563453
cycle= 5 E= 1003.57940022209  delta_E= -6.07e-06  |g|= 0.000696  |ddm|= 0.00691
  HOMO = -0.251872065034122  LUMO = 0.0474203978613847
cycle= 6 E= 1003.57939991805  delta_E= -3.04e-07  |g|= 0.000182  |ddm|= 0.00162
  HOMO = -0.251901162282085  LUMO = 0.0474165265368216
cycle= 7 E= 1003.57939990393  delta_E= -1.41e-08  |g|= 6.09e-05  |ddm|= 0.000331
  HOMO = -0.251906447143164  LUMO = 0.0474133496267089
cycle= 8 E= 1003.57939990179  delta_E= -2.14e-09  |g|= 2.07e-05  |ddm|= 0.000118
  HOMO = -0.251907597467994  LUMO = 0.0474117086805808
cycle= 9 E= 1003.57939990142  delta_E= -3.72e-10  |g|= 7.5e-06  |ddm|= 5.64e-05
  HOMO = -0.251907704004264  LUMO = 0.0474112425343169
Extra cycle  E= 1003.57939990148  delta_E= 6.05e-11  |g|= 3.42e-06  |ddm|= 1.44e-05
converged SCF energy = 1003.57939990148
Difference in energy:  -630.8110131513995
E(MP2) = 1003.01337985792  E_corr = -0.566020043564234
Total energy =  -774.0401829430718
time elapsed:  31.00279927253723
