

******** <class 'pyscf.dft.rks.RKS'> ********
method = RKS-RHF
initial guess = minao
damping factor = 0
level_shift factor = 0
DIIS = <class 'pyscf.scf.diis.CDIIS'>
diis_start_cycle = 1
diis_space = 8
SCF conv_tol = 1e-09
SCF conv_tol_grad = 1e-05
SCF max_cycles = 1000
direct_scf = True
direct_scf_tol = 1e-13
chkfile to save SCF result = scf.fchk
max_memory 900000 MB (current use 79 MB)
XC library pyscf.dft.libxc version 5.1.7
    S. Lehtola, C. Steigemann, M. J. Oliveira, and M. A. Marques, SoftwareX 7, 1 (2018)
XC functionals = pbe
    J. P. Perdew, K. Burke, and M. Ernzerhof, Phys. Rev. Lett. 77, 3865 (1996)
    J. P. Perdew, K. Burke, and M. Ernzerhof, Phys. Rev. Lett. 78, 1396 (1997)
    J. P. Perdew, K. Burke, and M. Ernzerhof, Phys. Rev. Lett. 77, 3865 (1996)
    J. P. Perdew, K. Burke, and M. Ernzerhof, Phys. Rev. Lett. 78, 1396 (1997)
small_rho_cutoff = 1e-07
init E= -776.047445234222
  HOMO = -0.239507128772361  LUMO = -0.202321434332456
cycle= 1 E= -774.05975211551  delta_E= 1.99  |g|= 1.17  |ddm|= 6.28
  HOMO = -0.0369793941788599  LUMO = -0.0159425376334562
cycle= 2 E= -770.223452231441  delta_E= 3.84  |g|= 3.02  |ddm|=  4.3
  HOMO = -0.120657818360491  LUMO = -0.0575712119954079
cycle= 3 E= -773.655103494197  delta_E= -3.43  |g|= 1.39  |ddm|=  3.9
  HOMO = -0.143303300533235  LUMO = -0.119401552264968
cycle= 4 E= -774.326952266567  delta_E= -0.672  |g|= 0.482  |ddm|= 2.39
  HOMO = -0.173254307318674  LUMO = -0.118457497455446
cycle= 5 E= -774.273319617746  delta_E= 0.0536  |g|= 0.621  |ddm|= 1.61
  HOMO = -0.155245660056565  LUMO = -0.125757642215742
cycle= 6 E= -774.391804834102  delta_E= -0.118  |g|= 0.263  |ddm|= 1.38
  HOMO = -0.159987006349195  LUMO = -0.128998313847233
cycle= 7 E= -774.413951927528  delta_E= -0.0221  |g|= 0.146  |ddm|= 0.668
  HOMO = -0.155812512591917  LUMO = -0.126241651552338
cycle= 8 E= -774.421426465868  delta_E= -0.00747  |g|= 0.0548  |ddm|= 0.298
  HOMO = -0.15754415024217  LUMO = -0.128034350662335
cycle= 9 E= -774.422371368332  delta_E= -0.000945  |g|= 0.0211  |ddm|= 0.0909
  HOMO = -0.157810081778252  LUMO = -0.128206317055397
cycle= 10 E= -774.422482352381  delta_E= -0.000111  |g|= 0.00943  |ddm|= 0.0325
  HOMO = -0.157740929350274  LUMO = -0.128148891217552
cycle= 11 E= -774.422500959405  delta_E= -1.86e-05  |g|= 0.00426  |ddm|= 0.0146
  HOMO = -0.157672672756727  LUMO = -0.128067504427648
cycle= 12 E= -774.422506784055  delta_E= -5.82e-06  |g|= 0.00149  |ddm|= 0.00517
  HOMO = -0.157653473749048  LUMO = -0.128041270794514
cycle= 13 E= -774.422507520619  delta_E= -7.37e-07  |g|= 0.000747  |ddm|= 0.00313
  HOMO = -0.15765201592913  LUMO = -0.128041246596891
cycle= 14 E= -774.422507654309  delta_E= -1.34e-07  |g|= 0.000289  |ddm|= 0.000943
  HOMO = -0.157663224413988  LUMO = -0.128052180069424
cycle= 15 E= -774.422507671931  delta_E= -1.76e-08  |g|= 0.000139  |ddm|= 0.000435
  HOMO = -0.157656070434175  LUMO = -0.128046109919594
cycle= 16 E= -774.422507672062  delta_E= -1.31e-10  |g|= 0.000144  |ddm|= 0.000275
  HOMO = -0.157658406282621  LUMO = -0.128047343046819
cycle= 17 E= -774.42250767623  delta_E= -4.17e-09  |g|= 5.23e-05  |ddm|= 0.000218
  HOMO = -0.157657490696509  LUMO = -0.128046970601048
cycle= 18 E= -774.422507677388  delta_E= -1.16e-09  |g|= 1.56e-05  |ddm|= 0.00011
  HOMO = -0.157658170651275  LUMO = -0.128047543236158
cycle= 19 E= -774.422507677431  delta_E= -4.25e-11  |g|= 1.13e-05  |ddm|= 2.58e-05
  HOMO = -0.157658235368289  LUMO = -0.128047634283249
cycle= 20 E= -774.422507677453  delta_E= -2.27e-11  |g|= 6.67e-06  |ddm|= 1.74e-05
  HOMO = -0.157657955313358  LUMO = -0.128047012542329
Extra cycle  E= -774.422507676745  delta_E= 7.09e-10  |g|= 4.06e-05  |ddm|= 8.02e-05
converged SCF energy = -774.422507676745
AOs:  [0, 1, 2, 3, 4, 5, 6, 7, 8, 9, 10, 11, 12, 13, 14, 15, 16, 17, 18, 19, 20, 21, 22, 23, 24, 25, 26, 27, 28, 29, 30, 31, 32, 33, 34, 35, 36, 37, 38, 39, 40, 41, 42, 43, 44, 45, 46, 47, 48, 49, 50, 51, 52, 53, 54, 55, 56, 57, 58, 59, 60, 61, 62, 63]
64
Number of Active MOs:  16
Number of Environment MOs:  54
Number of Virtual MOs:  244
 # electrons:            α            β
         Env:  54.00000000  54.00000000
         Act:  16.00000000  16.00000000
         Vir:  -0.00000000  -0.00000000
Number of electrons in the active space:  32

 The density matrix is idempotent!

 The density matrix is idempotent!


******** <class 'pyscf.scf.hf.RHF'> ********
method = RHF
initial guess = minao
damping factor = 0
level_shift factor = 0
DIIS = <class 'pyscf.scf.diis.CDIIS'>
diis_start_cycle = 1
diis_space = 8
SCF conv_tol = 1e-09
SCF conv_tol_grad = 1e-05
SCF max_cycles = 200
direct_scf = True
direct_scf_tol = 1e-13
chkfile to save SCF result = subsys_scf.chk
max_memory 900000 MB (current use 10405 MB)
init E= 990.359195464049
  HOMO = -0.195132432578208  LUMO = 0.0197948417893528
cycle= 1 E= 990.313171876539  delta_E= -0.046  |g|= 0.0751  |ddm|= 0.756
  HOMO = -0.200022866532727  LUMO = 0.023593183046279
cycle= 2 E= 990.309091030274  delta_E= -0.00408  |g|= 0.0281  |ddm|= 0.181
  HOMO = -0.20364094748662  LUMO = 0.0284981823930314
cycle= 3 E= 990.307935072122  delta_E= -0.00116  |g|= 0.0157  |ddm|= 0.103
  HOMO = -0.203401105534842  LUMO = 0.0302967601983711
cycle= 4 E= 990.307707584919  delta_E= -0.000227  |g|= 0.0065  |ddm|= 0.0388
  HOMO = -0.205381731908143  LUMO = 0.0312499018648997
cycle= 5 E= 990.30762915623  delta_E= -7.84e-05  |g|= 0.00186  |ddm|= 0.0326
  HOMO = -0.20548302427701  LUMO = 0.0315437985087582
cycle= 6 E= 990.307625430237  delta_E= -3.73e-06  |g|= 0.000681  |ddm|= 0.00651
  HOMO = -0.205526397630265  LUMO = 0.0315314982551564
cycle= 7 E= 990.307625033515  delta_E= -3.97e-07  |g|= 0.000294  |ddm|= 0.00193
  HOMO = -0.205539250655901  LUMO = 0.0314947787440133
cycle= 8 E= 990.307624886449  delta_E= -1.47e-07  |g|= 0.000169  |ddm|= 0.00138
  HOMO = -0.205528049480814  LUMO = 0.0314822741157711
cycle= 9 E= 990.307624837912  delta_E= -4.85e-08  |g|= 6.04e-05  |ddm|= 0.00102
  HOMO = -0.205521668648323  LUMO = 0.0314734396133587
cycle= 10 E= 990.307624832415  delta_E= -5.5e-09  |g|= 1.87e-05  |ddm|= 0.000431
  HOMO = -0.205519377212489  LUMO = 0.0314727941984596
cycle= 11 E= 990.307624832078  delta_E= -3.37e-10  |g|= 9.33e-06  |ddm|= 6.98e-05
  HOMO = -0.205519720090903  LUMO = 0.0314720283812585
Extra cycle  E= 990.307624831983  delta_E= -9.54e-11  |g|= 4.93e-06  |ddm|= 2.25e-05
converged SCF energy = 990.307624831983
Difference in energy:  -647.852763256446
E(MP2) = 989.732128626435  E_corr = -0.575496205547415
Total energy =  -773.9655856526917
time elapsed:  31.027657508850098
