

******** <class 'pyscf.dft.rks.RKS'> ********
method = RKS-RHF
initial guess = minao
damping factor = 0
level_shift factor = 0
DIIS = <class 'pyscf.scf.diis.CDIIS'>
diis_start_cycle = 1
diis_space = 8
SCF conv_tol = 1e-09
SCF conv_tol_grad = 1e-05
SCF max_cycles = 1000
direct_scf = True
direct_scf_tol = 1e-13
chkfile to save SCF result = scf.fchk
max_memory 900000 MB (current use 79 MB)
XC library pyscf.dft.libxc version 5.1.7
    S. Lehtola, C. Steigemann, M. J. Oliveira, and M. A. Marques, SoftwareX 7, 1 (2018)
XC functionals = pbe
    J. P. Perdew, K. Burke, and M. Ernzerhof, Phys. Rev. Lett. 77, 3865 (1996)
    J. P. Perdew, K. Burke, and M. Ernzerhof, Phys. Rev. Lett. 78, 1396 (1997)
    J. P. Perdew, K. Burke, and M. Ernzerhof, Phys. Rev. Lett. 77, 3865 (1996)
    J. P. Perdew, K. Burke, and M. Ernzerhof, Phys. Rev. Lett. 78, 1396 (1997)
small_rho_cutoff = 1e-07
init E= -776.047643615427
  HOMO = -0.24463504028948  LUMO = -0.197791553439561
cycle= 1 E= -774.089447171224  delta_E= 1.96  |g|= 1.16  |ddm|= 6.27
  HOMO = -0.0447380836374  LUMO = -0.00658110864689393
cycle= 2 E= -770.861552216186  delta_E= 3.23  |g|= 2.91  |ddm|= 4.06
  HOMO = -0.122663555373748  LUMO = -0.0606627989253287
cycle= 3 E= -773.60469682202  delta_E= -2.74  |g|= 1.47  |ddm|=  3.7
  HOMO = -0.151379647859513  LUMO = -0.108417529787864
cycle= 4 E= -774.386770540116  delta_E= -0.782  |g|= 0.378  |ddm|=  2.2
  HOMO = -0.172527029515038  LUMO = -0.114068879514571
cycle= 5 E= -774.31997800376  delta_E= 0.0668  |g|= 0.528  |ddm|= 1.31
  HOMO = -0.16334039257227  LUMO = -0.122159408500774
cycle= 6 E= -774.417042910721  delta_E= -0.0971  |g|= 0.229  |ddm|= 1.11
  HOMO = -0.165914578595604  LUMO = -0.123217712868632
cycle= 7 E= -774.43334221598  delta_E= -0.0163  |g|= 0.101  |ddm|= 0.469
  HOMO = -0.163354493227848  LUMO = -0.121157616967051
cycle= 8 E= -774.436710182077  delta_E= -0.00337  |g|= 0.0402  |ddm|= 0.197
  HOMO = -0.164009840458419  LUMO = -0.121989954955467
cycle= 9 E= -774.437179983232  delta_E= -0.00047  |g|= 0.0157  |ddm|= 0.0592
  HOMO = -0.164186667212471  LUMO = -0.122070951714609
cycle= 10 E= -774.437232666683  delta_E= -5.27e-05  |g|= 0.0084  |ddm|= 0.0256
  HOMO = -0.16431131793922  LUMO = -0.122195393194789
cycle= 11 E= -774.437248549027  delta_E= -1.59e-05  |g|= 0.00413  |ddm|= 0.0139
  HOMO = -0.164243280186012  LUMO = -0.122125105670917
cycle= 12 E= -774.437252922851  delta_E= -4.37e-06  |g|= 0.00125  |ddm|= 0.00485
  HOMO = -0.164209549958606  LUMO = -0.122092540706308
cycle= 13 E= -774.437253386817  delta_E= -4.64e-07  |g|= 0.000451  |ddm|= 0.00168
  HOMO = -0.164214159528176  LUMO = -0.122093929122517
cycle= 14 E= -774.437253403572  delta_E= -1.68e-08  |g|= 0.000411  |ddm|= 0.00129
  HOMO = -0.164207296004415  LUMO = -0.122089965323165
cycle= 15 E= -774.437253467017  delta_E= -6.34e-08  |g|= 9.85e-05  |ddm|= 0.000647
  HOMO = -0.164213830443278  LUMO = -0.122095462569657
cycle= 16 E= -774.437253465836  delta_E= 1.18e-09  |g|= 0.000123  |ddm|= 0.000198
  HOMO = -0.164210401809561  LUMO = -0.122092847689554
cycle= 17 E= -774.437253468694  delta_E= -2.86e-09  |g|= 4.96e-05  |ddm|= 0.000169
  HOMO = -0.16421118864799  LUMO = -0.122093368846562
cycle= 18 E= -774.437253469295  delta_E= -6.01e-10  |g|= 2.79e-05  |ddm|= 0.0001
  HOMO = -0.164211215958353  LUMO = -0.122093308859576
cycle= 19 E= -774.437253469541  delta_E= -2.46e-10  |g|= 1.15e-05  |ddm|= 4.04e-05
  HOMO = -0.164211227625076  LUMO = -0.122093393536113
cycle= 20 E= -774.437253469573  delta_E= -3.25e-11  |g|= 6.96e-06  |ddm|= 2.04e-05
  HOMO = -0.16421087713275  LUMO = -0.122092935254696
Extra cycle  E= -774.4372534694  delta_E= 1.73e-10  |g|= 2.41e-05  |ddm|= 3.92e-05
converged SCF energy = -774.4372534694
AOs:  [0, 1, 2, 3, 4, 5, 6, 7, 8, 9, 10, 11, 12, 13, 14, 15, 16, 17, 18, 19, 20, 21, 22, 23, 24, 25, 26, 27, 28, 29, 30, 31, 32, 33, 34, 35, 36, 37, 38, 39, 40, 41, 42, 43, 44, 45, 46, 47, 48, 49, 50, 51, 52, 53, 54, 55, 56, 57, 58, 59, 60, 61, 62, 63]
64
Number of Active MOs:  16
Number of Environment MOs:  54
Number of Virtual MOs:  244
 # electrons:            α            β
         Env:  54.00000000  54.00000000
         Act:  16.00000000  16.00000000
         Vir:  -0.00000000  -0.00000000
Number of electrons in the active space:  32

 The density matrix is idempotent!

 The density matrix is idempotent!


******** <class 'pyscf.scf.hf.RHF'> ********
method = RHF
initial guess = minao
damping factor = 0
level_shift factor = 0
DIIS = <class 'pyscf.scf.diis.CDIIS'>
diis_start_cycle = 1
diis_space = 8
SCF conv_tol = 1e-09
SCF conv_tol_grad = 1e-05
SCF max_cycles = 200
direct_scf = True
direct_scf_tol = 1e-13
chkfile to save SCF result = subsys_scf.chk
max_memory 900000 MB (current use 10411 MB)
init E= 988.92498006444
  HOMO = -0.208519503869137  LUMO = 0.0276494428415582
cycle= 1 E= 988.879442219139  delta_E= -0.0455  |g|= 0.0736  |ddm|= 0.752
  HOMO = -0.214047716414724  LUMO = 0.0308759337224305
cycle= 2 E= 988.875587117712  delta_E= -0.00386  |g|= 0.0266  |ddm|= 0.17
  HOMO = -0.21672308169872  LUMO = 0.0354314317503999
cycle= 3 E= 988.874577861838  delta_E= -0.00101  |g|= 0.0119  |ddm|= 0.0947
  HOMO = -0.216864397846776  LUMO = 0.0366608995125768
cycle= 4 E= 988.874432396923  delta_E= -0.000145  |g|= 0.00523  |ddm|= 0.0312
  HOMO = -0.218410642265421  LUMO = 0.0372544370678961
cycle= 5 E= 988.874393878369  delta_E= -3.85e-05  |g|= 0.00142  |ddm|= 0.0209
  HOMO = -0.218469245918947  LUMO = 0.0374380619363189
cycle= 6 E= 988.874392121238  delta_E= -1.76e-06  |g|= 0.000448  |ddm|= 0.00421
  HOMO = -0.218508469176995  LUMO = 0.0374373896511
cycle= 7 E= 988.874391995014  delta_E= -1.26e-07  |g|= 0.00016  |ddm|= 0.00104
  HOMO = -0.218528467273739  LUMO = 0.0374181092043887
cycle= 8 E= 988.874391965822  delta_E= -2.92e-08  |g|= 7.45e-05  |ddm|= 0.000558
  HOMO = -0.218522412828436  LUMO = 0.0374152949302529
cycle= 9 E= 988.874391957804  delta_E= -8.02e-09  |g|= 4.2e-05  |ddm|= 0.000311
  HOMO = -0.218522753581124  LUMO = 0.0374114823583104
cycle= 10 E= 988.874391956352  delta_E= -1.45e-09  |g|= 1.45e-05  |ddm|= 0.000163
  HOMO = -0.218521110490582  LUMO = 0.0374097645131044
cycle= 11 E= 988.874391955683  delta_E= -6.69e-10  |g|= 5.06e-06  |ddm|= 7.89e-05
  HOMO = -0.218520753723406  LUMO = 0.0374095858569541
Extra cycle  E= 988.874391955931  delta_E= 2.48e-10  |g|= 2.4e-06  |ddm|= 1.3e-05
converged SCF energy = 988.874391955931
Difference in energy:  -642.8235926885988
E(MP2) = 988.301498150685  E_corr = -0.572893805246095
Total energy =  -773.9857435317757
time elapsed:  34.88811278343201
