

******** <class 'pyscf.dft.rks.RKS'> ********
method = RKS-RHF
initial guess = minao
damping factor = 0
level_shift factor = 0
DIIS = <class 'pyscf.scf.diis.CDIIS'>
diis_start_cycle = 1
diis_space = 8
SCF conv_tol = 1e-09
SCF conv_tol_grad = 1e-05
SCF max_cycles = 1000
direct_scf = True
direct_scf_tol = 1e-13
chkfile to save SCF result = scf.fchk
max_memory 900000 MB (current use 79 MB)
XC library pyscf.dft.libxc version 5.1.7
    S. Lehtola, C. Steigemann, M. J. Oliveira, and M. A. Marques, SoftwareX 7, 1 (2018)
XC functionals = pbe
    J. P. Perdew, K. Burke, and M. Ernzerhof, Phys. Rev. Lett. 77, 3865 (1996)
    J. P. Perdew, K. Burke, and M. Ernzerhof, Phys. Rev. Lett. 78, 1396 (1997)
    J. P. Perdew, K. Burke, and M. Ernzerhof, Phys. Rev. Lett. 77, 3865 (1996)
    J. P. Perdew, K. Burke, and M. Ernzerhof, Phys. Rev. Lett. 78, 1396 (1997)
small_rho_cutoff = 1e-07
init E= -776.04796984111
  HOMO = -0.249099576203451  LUMO = -0.193784060807114
cycle= 1 E= -774.109048745146  delta_E= 1.94  |g|= 1.16  |ddm|= 6.27
  HOMO = -0.0468465324755319  LUMO = 0.00392104267188464
cycle= 2 E= -770.998586222502  delta_E= 3.11  |g|= 2.89  |ddm|= 3.98
  HOMO = -0.123094126394263  LUMO = -0.0643907329970601
cycle= 3 E= -773.594570144686  delta_E= -2.6  |g|= 1.49  |ddm|= 3.59
  HOMO = -0.155382004620309  LUMO = -0.102127321177859
cycle= 4 E= -774.410689429156  delta_E= -0.816  |g|= 0.349  |ddm|= 2.15
  HOMO = -0.173426880912101  LUMO = -0.113906294678059
cycle= 5 E= -774.361493176776  delta_E= 0.0492  |g|= 0.465  |ddm|= 1.12
  HOMO = -0.169468545987223  LUMO = -0.118396955033573
cycle= 6 E= -774.436693568402  delta_E= -0.0752  |g|= 0.199  |ddm|= 0.912
  HOMO = -0.170392484777077  LUMO = -0.118255651340242
cycle= 7 E= -774.448754616656  delta_E= -0.0121  |g|= 0.077  |ddm|= 0.349
  HOMO = -0.168925661607143  LUMO = -0.116625125714484
cycle= 8 E= -774.450404063999  delta_E= -0.00165  |g|= 0.0342  |ddm|= 0.136
  HOMO = -0.169172690638874  LUMO = -0.117119934343836
cycle= 9 E= -774.450734294686  delta_E= -0.00033  |g|= 0.0134  |ddm|= 0.049
  HOMO = -0.169353940837167  LUMO = -0.117218472623271
cycle= 10 E= -774.450764574172  delta_E= -3.03e-05  |g|= 0.00855  |ddm|= 0.0223
  HOMO = -0.169465175467246  LUMO = -0.117315453567809
cycle= 11 E= -774.450781857078  delta_E= -1.73e-05  |g|= 0.00398  |ddm|= 0.0139
  HOMO = -0.169397481918213  LUMO = -0.117248738616548
cycle= 12 E= -774.450786034013  delta_E= -4.18e-06  |g|= 0.00109  |ddm|= 0.0047
  HOMO = -0.169371681349715  LUMO = -0.117222634995324
cycle= 13 E= -774.450786389312  delta_E= -3.55e-07  |g|= 0.000405  |ddm|= 0.00149
  HOMO = -0.169370414924528  LUMO = -0.117222907204358
cycle= 14 E= -774.450786446782  delta_E= -5.75e-08  |g|= 9.06e-05  |ddm|= 0.000603
  HOMO = -0.169374790350515  LUMO = -0.11722628675656
cycle= 15 E= -774.450786425545  delta_E= 2.12e-08  |g|= 0.00025  |ddm|= 0.000445
  HOMO = -0.169374233483966  LUMO = -0.117226841823086
cycle= 16 E= -774.450786448128  delta_E= -2.26e-08  |g|= 7.22e-05  |ddm|= 0.000353
  HOMO = -0.169372450101001  LUMO = -0.117225150485268
cycle= 17 E= -774.450786448699  delta_E= -5.71e-10  |g|= 4.25e-05  |ddm|= 0.000101
  HOMO = -0.169372754720249  LUMO = -0.117225386193836
cycle= 18 E= -774.4507864492  delta_E= -5.01e-10  |g|= 1.96e-05  |ddm|= 7.4e-05
  HOMO = -0.169372847360081  LUMO = -0.117225329783631
cycle= 19 E= -774.45078644932  delta_E= -1.2e-10  |g|= 5.83e-06  |ddm|= 2.76e-05
  HOMO = -0.16937273686454  LUMO = -0.117225330311434
Extra cycle  E= -774.450786449226  delta_E= 9.44e-11  |g|= 1.76e-05  |ddm|= 2.9e-05
converged SCF energy = -774.450786449226
AOs:  [0, 1, 2, 3, 4, 5, 6, 7, 8, 9, 10, 11, 12, 13, 14, 15, 16, 17, 18, 19, 20, 21, 22, 23, 24, 25, 26, 27, 28, 29, 30, 31, 32, 33, 34, 35, 36, 37, 38, 39, 40, 41, 42, 43, 44, 45, 46, 47, 48, 49, 50, 51, 52, 53, 54, 55, 56, 57, 58, 59, 60, 61, 62, 63]
64
Number of Active MOs:  16
Number of Environment MOs:  54
Number of Virtual MOs:  244
 # electrons:            α            β
         Env:  54.00000000  54.00000000
         Act:  16.00000000  16.00000000
         Vir:   0.00000000   0.00000000
Number of electrons in the active space:  32

 The density matrix is idempotent!

 The density matrix is idempotent!


******** <class 'pyscf.scf.hf.RHF'> ********
method = RHF
initial guess = minao
damping factor = 0
level_shift factor = 0
DIIS = <class 'pyscf.scf.diis.CDIIS'>
diis_start_cycle = 1
diis_space = 8
SCF conv_tol = 1e-09
SCF conv_tol_grad = 1e-05
SCF max_cycles = 200
direct_scf = True
direct_scf_tol = 1e-13
chkfile to save SCF result = subsys_scf.chk
max_memory 900000 MB (current use 10587 MB)
init E= 987.691932763484
  HOMO = -0.21968371852323  LUMO = 0.0337148191623889
cycle= 1 E= 987.646867005633  delta_E= -0.0451  |g|= 0.0727  |ddm|= 0.754
  HOMO = -0.22557142269635  LUMO = 0.0360930887909221
cycle= 2 E= 987.643220386475  delta_E= -0.00365  |g|= 0.0255  |ddm|= 0.162
  HOMO = -0.227471026476986  LUMO = 0.0399861675124322
cycle= 3 E= 987.642339344133  delta_E= -0.000881  |g|= 0.0096  |ddm|= 0.0864
  HOMO = -0.227985680772125  LUMO = 0.0408005312117685
cycle= 4 E= 987.642236846704  delta_E= -0.000102  |g|= 0.00412  |ddm|= 0.0267
  HOMO = -0.229111050306676  LUMO = 0.0411828742073464
cycle= 5 E= 987.64221732117  delta_E= -1.95e-05  |g|= 0.00117  |ddm|= 0.0138
  HOMO = -0.229133683952533  LUMO = 0.0412956317991108
cycle= 6 E= 987.642216325828  delta_E= -9.95e-07  |g|= 0.000351  |ddm|= 0.00303
  HOMO = -0.229173080472086  LUMO = 0.0412937631424764
cycle= 7 E= 987.642216263684  delta_E= -6.21e-08  |g|= 0.000109  |ddm|= 0.000709
  HOMO = -0.229189814417146  LUMO = 0.0412828086001315
cycle= 8 E= 987.642216252968  delta_E= -1.07e-08  |g|= 4.34e-05  |ddm|= 0.000324
  HOMO = -0.22918668293681  LUMO = 0.0412810976481202
cycle= 9 E= 987.642216250441  delta_E= -2.53e-09  |g|= 2.44e-05  |ddm|= 0.000149
  HOMO = -0.229187773376893  LUMO = 0.0412791879141366
cycle= 10 E= 987.642216250108  delta_E= -3.33e-10  |g|= 8.76e-06  |ddm|= 7.26e-05
  HOMO = -0.229186619248185  LUMO = 0.0412787376369416
Extra cycle  E= 987.642216250023  delta_E= -8.47e-11  |g|= 5.56e-06  |ddm|= 2.42e-05
converged SCF energy = 987.642216250023
Difference in energy:  -638.7137820182869
E(MP2) = 987.071641335286  E_corr = -0.570574914736436
Total energy =  -774.0035070157951
time elapsed:  31.662977933883667
