

******** <class 'pyscf.dft.rks.RKS'> ********
method = RKS-RHF
initial guess = minao
damping factor = 0
level_shift factor = 0
DIIS = <class 'pyscf.scf.diis.CDIIS'>
diis_start_cycle = 1
diis_space = 8
SCF conv_tol = 1e-09
SCF conv_tol_grad = 1e-05
SCF max_cycles = 1000
direct_scf = True
direct_scf_tol = 1e-13
chkfile to save SCF result = scf.fchk
max_memory 900000 MB (current use 79 MB)
XC library pyscf.dft.libxc version 5.1.7
    S. Lehtola, C. Steigemann, M. J. Oliveira, and M. A. Marques, SoftwareX 7, 1 (2018)
XC functionals = pbe
    J. P. Perdew, K. Burke, and M. Ernzerhof, Phys. Rev. Lett. 77, 3865 (1996)
    J. P. Perdew, K. Burke, and M. Ernzerhof, Phys. Rev. Lett. 78, 1396 (1997)
    J. P. Perdew, K. Burke, and M. Ernzerhof, Phys. Rev. Lett. 77, 3865 (1996)
    J. P. Perdew, K. Burke, and M. Ernzerhof, Phys. Rev. Lett. 78, 1396 (1997)
small_rho_cutoff = 1e-07
init E= -776.048929000544
  HOMO = -0.254785829005218  LUMO = -0.188219688044453
cycle= 1 E= -774.133952622837  delta_E= 1.91  |g|= 1.15  |ddm|= 6.26
  HOMO = -0.0416288497556366  LUMO = 0.0155212443369703
cycle= 2 E= -771.128130007047  delta_E= 3.01  |g|= 2.86  |ddm|= 3.91
  HOMO = -0.121852413403148  LUMO = -0.0720376220911709
cycle= 3 E= -773.580425241469  delta_E= -2.45  |g|= 1.51  |ddm|= 3.48
  HOMO = -0.161433686090622  LUMO = -0.0939636284996829
cycle= 4 E= -774.435219025398  delta_E= -0.855  |g|= 0.338  |ddm|= 2.14
  HOMO = -0.174340620038938  LUMO = -0.113219262397265
cycle= 5 E= -774.403447348511  delta_E= 0.0318  |g|= 0.412  |ddm|= 0.994
  HOMO = -0.176783745266342  LUMO = -0.113277135530367
cycle= 6 E= -774.463834223936  delta_E= -0.0604  |g|= 0.162  |ddm|= 0.732
  HOMO = -0.175877184700308  LUMO = -0.111624365447342
cycle= 7 E= -774.471275156008  delta_E= -0.00744  |g|= 0.0539  |ddm|= 0.232
  HOMO = -0.17537628576328  LUMO = -0.110459833221033
cycle= 8 E= -774.471810314706  delta_E= -0.000535  |g|= 0.0318  |ddm|= 0.0906
  HOMO = -0.175368163015079  LUMO = -0.110777713392514
cycle= 9 E= -774.472113205849  delta_E= -0.000303  |g|= 0.0105  |ddm|= 0.0435
  HOMO = -0.175593683416665  LUMO = -0.110895530616661
cycle= 10 E= -774.472128581699  delta_E= -1.54e-05  |g|= 0.00738  |ddm|= 0.0177
  HOMO = -0.175643866068944  LUMO = -0.110890803140067
cycle= 11 E= -774.472141209274  delta_E= -1.26e-05  |g|= 0.0033  |ddm|= 0.0112
  HOMO = -0.175583038342322  LUMO = -0.110841426400375
cycle= 12 E= -774.472144180771  delta_E= -2.97e-06  |g|= 0.000742  |ddm|= 0.00385
  HOMO = -0.175573981267184  LUMO = -0.110834811221134
cycle= 13 E= -774.472144360004  delta_E= -1.79e-07  |g|= 0.000276  |ddm|= 0.00104
  HOMO = -0.175569250774724  LUMO = -0.110834425320286
cycle= 14 E= -774.472144383595  delta_E= -2.36e-08  |g|= 9.83e-05  |ddm|= 0.000417
  HOMO = -0.175572084879824  LUMO = -0.110837867055283
cycle= 15 E= -774.472144369252  delta_E= 1.43e-08  |g|= 0.000227  |ddm|= 0.000365
  HOMO = -0.175572801928937  LUMO = -0.110838823034877
cycle= 16 E= -774.472144385566  delta_E= -1.63e-08  |g|= 5.74e-05  |ddm|= 0.000298
  HOMO = -0.175571601149698  LUMO = -0.110837244923472
cycle= 17 E= -774.472144385904  delta_E= -3.38e-10  |g|= 3.54e-05  |ddm|= 7.16e-05
  HOMO = -0.175571664996092  LUMO = -0.110837376595919
cycle= 18 E= -774.472144386242  delta_E= -3.38e-10  |g|= 1.45e-05  |ddm|= 5.12e-05
  HOMO = -0.17557185817525  LUMO = -0.110837294194797
cycle= 19 E= -774.472144386303  delta_E= -6.12e-11  |g|= 5.51e-06  |ddm|= 2.15e-05
  HOMO = -0.175571766280626  LUMO = -0.11083726105474
Extra cycle  E= -774.472144386254  delta_E= 4.96e-11  |g|= 1.41e-05  |ddm|= 2.16e-05
converged SCF energy = -774.472144386254
AOs:  [0, 1, 2, 3, 4, 5, 6, 7, 8, 9, 10, 11, 12, 13, 14, 15, 16, 17, 18, 19, 20, 21, 22, 23, 24, 25, 26, 27, 28, 29, 30, 31, 32, 33, 34, 35, 36, 37, 38, 39, 40, 41, 42, 43, 44, 45, 46, 47, 48, 49, 50, 51, 52, 53, 54, 55, 56, 57, 58, 59, 60, 61, 62, 63]
64
Number of Active MOs:  16
Number of Environment MOs:  54
Number of Virtual MOs:  244
 # electrons:            α            β
         Env:  54.00000000  54.00000000
         Act:  16.00000000  16.00000000
         Vir:   0.00000000   0.00000000
Number of electrons in the active space:  32

 The density matrix is idempotent!

 The density matrix is idempotent!


******** <class 'pyscf.scf.hf.RHF'> ********
method = RHF
initial guess = minao
damping factor = 0
level_shift factor = 0
DIIS = <class 'pyscf.scf.diis.CDIIS'>
diis_start_cycle = 1
diis_space = 8
SCF conv_tol = 1e-09
SCF conv_tol_grad = 1e-05
SCF max_cycles = 200
direct_scf = True
direct_scf_tol = 1e-13
chkfile to save SCF result = subsys_scf.chk
max_memory 900000 MB (current use 10677 MB)
init E= 985.88538244935
  HOMO = -0.235153593698782  LUMO = 0.0410743638683558
cycle= 1 E= 985.840930935751  delta_E= -0.0445  |g|= 0.0715  |ddm|= 0.777
  HOMO = -0.241324347233632  LUMO = 0.041988176212766
cycle= 2 E= 985.83757811472  delta_E= -0.00335  |g|= 0.024  |ddm|= 0.152
  HOMO = -0.242260547503245  LUMO = 0.0446511228563801
cycle= 3 E= 985.836865217748  delta_E= -0.000713  |g|= 0.00747  |ddm|= 0.0743
  HOMO = -0.243181078117415  LUMO = 0.045037969666688
cycle= 4 E= 985.836801774641  delta_E= -6.34e-05  |g|= 0.00276  |ddm|= 0.0209
  HOMO = -0.24374827672601  LUMO = 0.0452610838871194
cycle= 5 E= 985.836793809871  delta_E= -7.96e-06  |g|= 0.00076  |ddm|= 0.00806
  HOMO = -0.243778952384822  LUMO = 0.0453004528390494
cycle= 6 E= 985.836793428564  delta_E= -3.81e-07  |g|= 0.000182  |ddm|= 0.0019
  HOMO = -0.24381514881837  LUMO = 0.0452940712556241
cycle= 7 E= 985.836793411799  delta_E= -1.68e-08  |g|= 7.62e-05  |ddm|= 0.00037
  HOMO = -0.243818511003896  LUMO = 0.0452902981774859
cycle= 8 E= 985.836793408581  delta_E= -3.22e-09  |g|= 2.63e-05  |ddm|= 0.000147
  HOMO = -0.243818747818511  LUMO = 0.0452883545892529
cycle= 9 E= 985.836793407943  delta_E= -6.37e-10  |g|= 9.43e-06  |ddm|= 8.31e-05
  HOMO = -0.243819100713955  LUMO = 0.0452877332914986
Extra cycle  E= 985.836793407663  delta_E= -2.8e-10  |g|= 4.52e-06  |ddm|= 2.09e-05
converged SCF energy = 985.836793407663
Difference in energy:  -633.1677472248882
E(MP2) = 985.269752867267  E_corr = -0.567040540395699
Total energy =  -774.0301687400947
time elapsed:  31.45261812210083
