

******** <class 'pyscf.dft.rks.RKS'> ********
method = RKS-RHF
initial guess = minao
damping factor = 0
level_shift factor = 0
DIIS = <class 'pyscf.scf.diis.CDIIS'>
diis_start_cycle = 1
diis_space = 8
SCF conv_tol = 1e-09
SCF conv_tol_grad = 1e-05
SCF max_cycles = 1000
direct_scf = True
direct_scf_tol = 1e-13
chkfile to save SCF result = scf.fchk
max_memory 900000 MB (current use 79 MB)
XC library pyscf.dft.libxc version 5.1.7
    S. Lehtola, C. Steigemann, M. J. Oliveira, and M. A. Marques, SoftwareX 7, 1 (2018)
XC functionals = pbe
    J. P. Perdew, K. Burke, and M. Ernzerhof, Phys. Rev. Lett. 77, 3865 (1996)
    J. P. Perdew, K. Burke, and M. Ernzerhof, Phys. Rev. Lett. 78, 1396 (1997)
    J. P. Perdew, K. Burke, and M. Ernzerhof, Phys. Rev. Lett. 77, 3865 (1996)
    J. P. Perdew, K. Burke, and M. Ernzerhof, Phys. Rev. Lett. 78, 1396 (1997)
small_rho_cutoff = 1e-07
init E= -776.049396943185
  HOMO = -0.256220443388803  LUMO = -0.186619540388167
cycle= 1 E= -774.14143234822  delta_E= 1.91  |g|= 1.15  |ddm|= 6.27
  HOMO = -0.0391219830872361  LUMO = 0.0179813771679078
cycle= 2 E= -771.163808022086  delta_E= 2.98  |g|= 2.86  |ddm|=  3.9
  HOMO = -0.121600302747197  LUMO = -0.0743002682136371
cycle= 3 E= -773.569833900338  delta_E= -2.41  |g|= 1.52  |ddm|= 3.44
  HOMO = -0.163097939905252  LUMO = -0.0916738789783415
cycle= 4 E= -774.441299105741  delta_E= -0.871  |g|= 0.342  |ddm|= 2.15
  HOMO = -0.174065935760318  LUMO = -0.112921406508074
cycle= 5 E= -774.413959095756  delta_E= 0.0273  |g|= 0.402  |ddm|= 0.982
  HOMO = -0.178491245504524  LUMO = -0.111922444512169
cycle= 6 E= -774.471840957951  delta_E= -0.0579  |g|= 0.155  |ddm|= 0.696
  HOMO = -0.177256339354617  LUMO = -0.109841199333131
cycle= 7 E= -774.478480834236  delta_E= -0.00664  |g|= 0.05  |ddm|= 0.212
  HOMO = -0.176917595522218  LUMO = -0.108770251065554
cycle= 8 E= -774.478876998277  delta_E= -0.000396  |g|= 0.0318  |ddm|= 0.084
  HOMO = -0.176873268523718  LUMO = -0.109035740026638
cycle= 9 E= -774.47918350802  delta_E= -0.000307  |g|= 0.01  |ddm|= 0.043
  HOMO = -0.177119515854608  LUMO = -0.109162430871752
cycle= 10 E= -774.479198393708  delta_E= -1.49e-05  |g|= 0.00677  |ddm|= 0.0165
  HOMO = -0.177150024257533  LUMO = -0.109128870784034
cycle= 11 E= -774.4792087728  delta_E= -1.04e-05  |g|= 0.00304  |ddm|= 0.01
  HOMO = -0.177092200853069  LUMO = -0.109085448271482
cycle= 12 E= -774.479211298652  delta_E= -2.53e-06  |g|= 0.000647  |ddm|= 0.00353
  HOMO = -0.177085661333688  LUMO = -0.109083544501981
cycle= 13 E= -774.479211444015  delta_E= -1.45e-07  |g|= 0.000218  |ddm|= 0.000932
  HOMO = -0.177081232618935  LUMO = -0.109083952291193
cycle= 14 E= -774.479211458246  delta_E= -1.42e-08  |g|= 8.56e-05  |ddm|= 0.000334
  HOMO = -0.177082980065524  LUMO = -0.10908648105163
cycle= 15 E= -774.479211449866  delta_E= 8.38e-09  |g|= 0.000182  |ddm|= 0.000285
  HOMO = -0.177083839661674  LUMO = -0.109087495319015
cycle= 16 E= -774.479211459724  delta_E= -9.86e-09  |g|= 4.77e-05  |ddm|= 0.000233
  HOMO = -0.177083107038268  LUMO = -0.10908621200965
cycle= 17 E= -774.479211460039  delta_E= -3.16e-10  |g|= 2.55e-05  |ddm|= 5.57e-05
  HOMO = -0.177083122854588  LUMO = -0.109086247420361
cycle= 18 E= -774.479211460213  delta_E= -1.74e-10  |g|= 1e-05  |ddm|= 3.53e-05
  HOMO = -0.177083278642152  LUMO = -0.109086170662659
cycle= 19 E= -774.479211460241  delta_E= -2.77e-11  |g|= 4.47e-06  |ddm|= 1.55e-05
  HOMO = -0.177083168884285  LUMO = -0.10908613253989
Extra cycle  E= -774.47921146021  delta_E= 3.07e-11  |g|= 1.13e-05  |ddm|= 1.74e-05
converged SCF energy = -774.47921146021
AOs:  [0, 1, 2, 3, 4, 5, 6, 7, 8, 9, 10, 11, 12, 13, 14, 15, 16, 17, 18, 19, 20, 21, 22, 23, 24, 25, 26, 27, 28, 29, 30, 31, 32, 33, 34, 35, 36, 37, 38, 39, 40, 41, 42, 43, 44, 45, 46, 47, 48, 49, 50, 51, 52, 53, 54, 55, 56, 57, 58, 59, 60, 61, 62, 63]
64
Number of Active MOs:  16
Number of Environment MOs:  54
Number of Virtual MOs:  244
 # electrons:            α            β
         Env:  54.00000000  54.00000000
         Act:  16.00000000  16.00000000
         Vir:   0.00000000   0.00000000
Number of electrons in the active space:  32

 The density matrix is idempotent!

 The density matrix is idempotent!


******** <class 'pyscf.scf.hf.RHF'> ********
method = RHF
initial guess = minao
damping factor = 0
level_shift factor = 0
DIIS = <class 'pyscf.scf.diis.CDIIS'>
diis_start_cycle = 1
diis_space = 8
SCF conv_tol = 1e-09
SCF conv_tol_grad = 1e-05
SCF max_cycles = 200
direct_scf = True
direct_scf_tol = 1e-13
chkfile to save SCF result = subsys_scf.chk
max_memory 900000 MB (current use 10411 MB)
init E= 985.328658055303
  HOMO = -0.239782093593892  LUMO = 0.0429107901916535
cycle= 1 E= 985.28441847807  delta_E= -0.0442  |g|= 0.0712  |ddm|= 0.794
  HOMO = -0.246002669547833  LUMO = 0.0433806031200896
cycle= 2 E= 985.281154261728  delta_E= -0.00326  |g|= 0.0236  |ddm|= 0.149
  HOMO = -0.246679207077285  LUMO = 0.045682075331089
cycle= 3 E= 985.280487638096  delta_E= -0.000667  |g|= 0.00706  |ddm|= 0.0707
  HOMO = -0.247668612929067  LUMO = 0.045977531126849
cycle= 4 E= 985.280432816387  delta_E= -5.48e-05  |g|= 0.00257  |ddm|= 0.019
  HOMO = -0.248101539084313  LUMO = 0.0461652625906896
cycle= 5 E= 985.280426106048  delta_E= -6.71e-06  |g|= 0.000674  |ddm|= 0.00717
  HOMO = -0.248159748134693  LUMO = 0.0461935289433229
cycle= 6 E= 985.280425799071  delta_E= -3.07e-07  |g|= 0.000119  |ddm|= 0.00169
  HOMO = -0.248186699295883  LUMO = 0.0461858755861063
cycle= 7 E= 985.28042578736  delta_E= -1.17e-08  |g|= 3.79e-05  |ddm|= 0.000343
  HOMO = -0.248187221771457  LUMO = 0.0461829316689129
cycle= 8 E= 985.280425786176  delta_E= -1.18e-09  |g|= 1.38e-05  |ddm|= 0.00011
  HOMO = -0.248188726668127  LUMO = 0.0461817636538911
cycle= 9 E= 985.280425785972  delta_E= -2.05e-10  |g|= 6.54e-06  |ddm|= 4.06e-05
  HOMO = -0.248187795115181  LUMO = 0.0461814381223127
Extra cycle  E= 985.280425785814  delta_E= -1.58e-10  |g|= 3.26e-06  |ddm|= 1.33e-05
converged SCF energy = 985.280425785814
Difference in energy:  -631.5051435970719
E(MP2) = 984.714574340132  E_corr = -0.565851445681866
Total energy =  -774.0386962446485
time elapsed:  29.824751138687134
