

******** <class 'pyscf.dft.rks.RKS'> ********
method = RKS-RHF
initial guess = minao
damping factor = 0
level_shift factor = 0
DIIS = <class 'pyscf.scf.diis.CDIIS'>
diis_start_cycle = 1
diis_space = 8
SCF conv_tol = 1e-09
SCF conv_tol_grad = 1e-05
SCF max_cycles = 1000
direct_scf = True
direct_scf_tol = 1e-13
chkfile to save SCF result = scf.fchk
max_memory 900000 MB (current use 79 MB)
XC library pyscf.dft.libxc version 5.1.7
    S. Lehtola, C. Steigemann, M. J. Oliveira, and M. A. Marques, SoftwareX 7, 1 (2018)
XC functionals = pbe
    J. P. Perdew, K. Burke, and M. Ernzerhof, Phys. Rev. Lett. 77, 3865 (1996)
    J. P. Perdew, K. Burke, and M. Ernzerhof, Phys. Rev. Lett. 78, 1396 (1997)
    J. P. Perdew, K. Burke, and M. Ernzerhof, Phys. Rev. Lett. 77, 3865 (1996)
    J. P. Perdew, K. Burke, and M. Ernzerhof, Phys. Rev. Lett. 78, 1396 (1997)
small_rho_cutoff = 1e-07
init E= -776.04972457809
  HOMO = -0.256983323853662  LUMO = -0.185701528341463
cycle= 1 E= -774.145890369218  delta_E=  1.9  |g|= 1.15  |ddm|= 6.27
  HOMO = -0.0375877739052476  LUMO = 0.0192101635615992
cycle= 2 E= -771.18447265722  delta_E= 2.96  |g|= 2.86  |ddm|= 3.89
  HOMO = -0.121523448489736  LUMO = -0.0755370872463159
cycle= 3 E= -773.561935539215  delta_E= -2.38  |g|= 1.52  |ddm|= 3.42
  HOMO = -0.164042680492049  LUMO = -0.0904008078854109
cycle= 4 E= -774.444731524304  delta_E= -0.883  |g|= 0.346  |ddm|= 2.15
  HOMO = -0.173810666571125  LUMO = -0.112716855234824
cycle= 5 E= -774.420181922256  delta_E= 0.0245  |g|= 0.397  |ddm|= 0.978
  HOMO = -0.179353088360361  LUMO = -0.111184418918924
cycle= 6 E= -774.476566544954  delta_E= -0.0564  |g|= 0.152  |ddm|= 0.677
  HOMO = -0.177987884686888  LUMO = -0.108855865888043
cycle= 7 E= -774.48285028373  delta_E= -0.00628  |g|= 0.0483  |ddm|= 0.203
  HOMO = -0.177717849024624  LUMO = -0.107827860860933
cycle= 8 E= -774.483191646947  delta_E= -0.000341  |g|= 0.0318  |ddm|= 0.0813
  HOMO = -0.17766338100284  LUMO = -0.108056254471866
cycle= 9 E= -774.483500109008  delta_E= -0.000308  |g|= 0.00987  |ddm|= 0.0429
  HOMO = -0.177921834783156  LUMO = -0.108189421786994
cycle= 10 E= -774.483515341308  delta_E= -1.52e-05  |g|= 0.00636  |ddm|= 0.0158
  HOMO = -0.177940137657838  LUMO = -0.108141589894329
cycle= 11 E= -774.483524356321  delta_E= -9.02e-06  |g|= 0.00289  |ddm|= 0.0093
  HOMO = -0.177885150141053  LUMO = -0.108101526393597
cycle= 12 E= -774.483526624786  delta_E= -2.27e-06  |g|= 0.000598  |ddm|= 0.00334
  HOMO = -0.177879513994532  LUMO = -0.108102169272062
cycle= 13 E= -774.483526753609  delta_E= -1.29e-07  |g|= 0.000188  |ddm|= 0.000881
  HOMO = -0.17787539005626  LUMO = -0.108102945912244
cycle= 14 E= -774.483526764086  delta_E= -1.05e-08  |g|= 7.45e-05  |ddm|= 0.000287
  HOMO = -0.177876679856645  LUMO = -0.108105053811211
cycle= 15 E= -774.483526758214  delta_E= 5.87e-09  |g|= 0.000156  |ddm|= 0.00024
  HOMO = -0.177877462162751  LUMO = -0.108105995706236
cycle= 16 E= -774.483526765207  delta_E= -6.99e-09  |g|= 3.99e-05  |ddm|= 0.000197
  HOMO = -0.177876976733639  LUMO = -0.108104851928565
cycle= 17 E= -774.483526765457  delta_E= -2.5e-10  |g|= 2e-05  |ddm|= 4.66e-05
  HOMO = -0.177876977705503  LUMO = -0.108104860633481
cycle= 18 E= -774.483526765562  delta_E= -1.05e-10  |g|= 7.59e-06  |ddm|= 2.7e-05
  HOMO = -0.177877260872317  LUMO = -0.1081046144595
Extra cycle  E= -774.483526765406  delta_E= 1.56e-10  |g|= 2.29e-05  |ddm|= 3.84e-05
converged SCF energy = -774.483526765406
AOs:  [0, 1, 2, 3, 4, 5, 6, 7, 8, 9, 10, 11, 12, 13, 14, 15, 16, 17, 18, 19, 20, 21, 22, 23, 24, 25, 26, 27, 28, 29, 30, 31, 32, 33, 34, 35, 36, 37, 38, 39, 40, 41, 42, 43, 44, 45, 46, 47, 48, 49, 50, 51, 52, 53, 54, 55, 56, 57, 58, 59, 60, 61, 62, 63]
64
Number of Active MOs:  16
Number of Environment MOs:  54
Number of Virtual MOs:  244
 # electrons:            α            β
         Env:  54.00000000  54.00000000
         Act:  16.00000000  16.00000000
         Vir:   0.00000000   0.00000000
Number of electrons in the active space:  32

 The density matrix is idempotent!

 The density matrix is idempotent!


******** <class 'pyscf.scf.hf.RHF'> ********
method = RHF
initial guess = minao
damping factor = 0
level_shift factor = 0
DIIS = <class 'pyscf.scf.diis.CDIIS'>
diis_start_cycle = 1
diis_space = 8
SCF conv_tol = 1e-09
SCF conv_tol_grad = 1e-05
SCF max_cycles = 200
direct_scf = True
direct_scf_tol = 1e-13
chkfile to save SCF result = subsys_scf.chk
max_memory 900000 MB (current use 10670 MB)
init E= 985.009491396913
  HOMO = -0.24248242488354  LUMO = 0.04392391311209
cycle= 1 E= 984.965364229659  delta_E= -0.0441  |g|= 0.071  |ddm|= 0.808
  HOMO = -0.248720233284125  LUMO = 0.0441472855636167
cycle= 2 E= 984.96215066277  delta_E= -0.00321  |g|= 0.0233  |ddm|= 0.148
  HOMO = -0.249258063453728  LUMO = 0.0462456202274663
cycle= 3 E= 984.961509929548  delta_E= -0.000641  |g|= 0.00687  |ddm|= 0.0686
  HOMO = -0.25026579820018  LUMO = 0.0464967207479692
cycle= 4 E= 984.96145961235  delta_E= -5.03e-05  |g|= 0.00251  |ddm|= 0.018
  HOMO = -0.250638256243345  LUMO = 0.0466634225663073
cycle= 5 E= 984.961453382123  delta_E= -6.23e-06  |g|= 0.000652  |ddm|= 0.00678
  HOMO = -0.250708782133874  LUMO = 0.0466881344625308
cycle= 6 E= 984.961453097016  delta_E= -2.85e-07  |g|= 0.000132  |ddm|= 0.0016
  HOMO = -0.250726879754987  LUMO = 0.0466812121097342
cycle= 7 E= 984.961453085994  delta_E= -1.1e-08  |g|= 5.4e-05  |ddm|= 0.000328
  HOMO = -0.250732506980198  LUMO = 0.0466788842582951
cycle= 8 E= 984.961453084146  delta_E= -1.85e-09  |g|= 2.53e-05  |ddm|= 9.03e-05
  HOMO = -0.250732997415292  LUMO = 0.0466768613712412
cycle= 9 E= 984.961453083583  delta_E= -5.62e-10  |g|= 6.17e-06  |ddm|= 6.87e-05
  HOMO = -0.250732538249359  LUMO = 0.0466764849283943
Extra cycle  E= 984.96145308375  delta_E= 1.67e-10  |g|= 3.27e-06  |ddm|= 1.36e-05
converged SCF energy = 984.96145308375
Difference in energy:  -630.5290473710156
E(MP2) = 984.396346687055  E_corr = -0.565106396695601
Total energy =  -774.0438220079034
time elapsed:  32.725102186203
