

******** <class 'pyscf.dft.rks.RKS'> ********
method = RKS-RHF
initial guess = minao
damping factor = 0
level_shift factor = 0
DIIS = <class 'pyscf.scf.diis.CDIIS'>
diis_start_cycle = 1
diis_space = 8
SCF conv_tol = 1e-09
SCF conv_tol_grad = 1e-05
SCF max_cycles = 1000
direct_scf = True
direct_scf_tol = 1e-13
chkfile to save SCF result = scf.fchk
max_memory 900000 MB (current use 79 MB)
XC library pyscf.dft.libxc version 5.1.7
    S. Lehtola, C. Steigemann, M. J. Oliveira, and M. A. Marques, SoftwareX 7, 1 (2018)
XC functionals = pbe
    J. P. Perdew, K. Burke, and M. Ernzerhof, Phys. Rev. Lett. 77, 3865 (1996)
    J. P. Perdew, K. Burke, and M. Ernzerhof, Phys. Rev. Lett. 78, 1396 (1997)
    J. P. Perdew, K. Burke, and M. Ernzerhof, Phys. Rev. Lett. 77, 3865 (1996)
    J. P. Perdew, K. Burke, and M. Ernzerhof, Phys. Rev. Lett. 78, 1396 (1997)
small_rho_cutoff = 1e-07
init E= -776.049844041326
  HOMO = -0.257208088434922  LUMO = -0.185398391638991
cycle= 1 E= -774.147380707406  delta_E=  1.9  |g|= 1.15  |ddm|= 6.27
  HOMO = -0.0370722961855461  LUMO = 0.0196234920309675
cycle= 2 E= -771.191262587938  delta_E= 2.96  |g|= 2.85  |ddm|= 3.88
  HOMO = -0.121505345426189  LUMO = -0.0759268946108729
cycle= 3 E= -773.559090945116  delta_E= -2.37  |g|= 1.52  |ddm|= 3.42
  HOMO = -0.164345072863193  LUMO = -0.0899837944522741
cycle= 4 E= -774.445852079947  delta_E= -0.887  |g|= 0.347  |ddm|= 2.16
  HOMO = -0.173691171879388  LUMO = -0.112650289761683
cycle= 5 E= -774.422268432504  delta_E= 0.0236  |g|= 0.396  |ddm|= 0.977
  HOMO = -0.179603046257428  LUMO = -0.110949824128548
cycle= 6 E= -774.478143026796  delta_E= -0.0559  |g|= 0.151  |ddm|= 0.671
  HOMO = -0.178203379075051  LUMO = -0.108540696623515
cycle= 7 E= -774.484325502993  delta_E= -0.00618  |g|= 0.0479  |ddm|=  0.2
  HOMO = -0.177952777278095  LUMO = -0.107525476153308
cycle= 8 E= -774.48465272413  delta_E= -0.000327  |g|= 0.0318  |ddm|= 0.0806
  HOMO = -0.177896534613869  LUMO = -0.107740218869042
cycle= 9 E= -774.484961597382  delta_E= -0.000309  |g|= 0.00983  |ddm|= 0.0428
  HOMO = -0.178159034629986  LUMO = -0.107875557112347
cycle= 10 E= -774.484977019291  delta_E= -1.54e-05  |g|= 0.00623  |ddm|= 0.0156
  HOMO = -0.178173053923331  LUMO = -0.107823665047591
cycle= 11 E= -774.484985595304  delta_E= -8.58e-06  |g|= 0.00283  |ddm|= 0.00907
  HOMO = -0.178119304286049  LUMO = -0.107784623078278
cycle= 12 E= -774.48498778057  delta_E= -2.19e-06  |g|= 0.000584  |ddm|= 0.00328
  HOMO = -0.178113846730304  LUMO = -0.107786066295819
cycle= 13 E= -774.484987904512  delta_E= -1.24e-07  |g|= 0.00018  |ddm|= 0.000866
  HOMO = -0.178109851542087  LUMO = -0.107786937309757
cycle= 14 E= -774.484987914047  delta_E= -9.54e-09  |g|= 7.05e-05  |ddm|= 0.000273
  HOMO = -0.178111007810306  LUMO = -0.107788962001898
cycle= 15 E= -774.484987908828  delta_E= 5.22e-09  |g|= 0.000147  |ddm|= 0.000227
  HOMO = -0.178111750697737  LUMO = -0.107789850672871
cycle= 16 E= -774.484987915051  delta_E= -6.22e-09  |g|= 3.71e-05  |ddm|= 0.000185
  HOMO = -0.178111339553284  LUMO = -0.107788737659695
cycle= 17 E= -774.484987915279  delta_E= -2.28e-10  |g|= 1.83e-05  |ddm|= 4.39e-05
  HOMO = -0.178111336403509  LUMO = -0.107788747095785
cycle= 18 E= -774.484987915368  delta_E= -8.84e-11  |g|= 6.85e-06  |ddm|= 2.46e-05
  HOMO = -0.178111593571359  LUMO = -0.107788526737286
Extra cycle  E= -774.484987915239  delta_E= 1.29e-10  |g|= 2.07e-05  |ddm|= 3.44e-05
converged SCF energy = -774.484987915239
AOs:  [0, 1, 2, 3, 4, 5, 6, 7, 8, 9, 10, 11, 12, 13, 14, 15, 16, 17, 18, 19, 20, 21, 22, 23, 24, 25, 26, 27, 28, 29, 30, 31, 32, 33, 34, 35, 36, 37, 38, 39, 40, 41, 42, 43, 44, 45, 46, 47, 48, 49, 50, 51, 52, 53, 54, 55, 56, 57, 58, 59, 60, 61, 62, 63]
64
Number of Active MOs:  16
Number of Environment MOs:  54
Number of Virtual MOs:  244
 # electrons:            α            β
         Env:  54.00000000  54.00000000
         Act:  16.00000000  16.00000000
         Vir:   0.00000000   0.00000000
Number of electrons in the active space:  32

 The density matrix is idempotent!

 The density matrix is idempotent!


******** <class 'pyscf.scf.hf.RHF'> ********
method = RHF
initial guess = minao
damping factor = 0
level_shift factor = 0
DIIS = <class 'pyscf.scf.diis.CDIIS'>
diis_start_cycle = 1
diis_space = 8
SCF conv_tol = 1e-09
SCF conv_tol_grad = 1e-05
SCF max_cycles = 200
direct_scf = True
direct_scf_tol = 1e-13
chkfile to save SCF result = subsys_scf.chk
max_memory 900000 MB (current use 10405 MB)
init E= 984.927642552776
  HOMO = -0.243353447830851  LUMO = 0.0442803310004532
cycle= 1 E= 984.883530193152  delta_E= -0.0441  |g|= 0.071  |ddm|= 0.814
  HOMO = -0.249591606494745  LUMO = 0.0444309962204189
cycle= 2 E= 984.880331532693  delta_E= -0.0032  |g|= 0.0232  |ddm|= 0.147
  HOMO = -0.250089071826253  LUMO = 0.0464636037724731
cycle= 3 E= 984.879698890773  delta_E= -0.000633  |g|= 0.0068  |ddm|= 0.068
  HOMO = -0.251094082308011  LUMO = 0.0467030085108166
cycle= 4 E= 984.879649998419  delta_E= -4.89e-05  |g|= 0.0025  |ddm|= 0.0176
  HOMO = -0.25145176376615  LUMO = 0.046862756119937
cycle= 5 E= 984.879643922016  delta_E= -6.08e-06  |g|= 0.000647  |ddm|= 0.00666
  HOMO = -0.251523997234866  LUMO = 0.046886689867523
cycle= 6 E= 984.879643642587  delta_E= -2.79e-07  |g|= 0.00014  |ddm|= 0.00157
  HOMO = -0.251540555740722  LUMO = 0.046880086079643
cycle= 7 E= 984.879643631424  delta_E= -1.12e-08  |g|= 5.89e-05  |ddm|= 0.000324
  HOMO = -0.251546828772842  LUMO = 0.0468776708582977
cycle= 8 E= 984.879643629473  delta_E= -1.95e-09  |g|= 2.46e-05  |ddm|= 9.48e-05
  HOMO = -0.251547637731704  LUMO = 0.0468755611689156
cycle= 9 E= 984.87964362901  delta_E= -4.63e-10  |g|= 6.13e-06  |ddm|= 7e-05
  HOMO = -0.251547088125622  LUMO = 0.0468751982138654
Extra cycle  E= 984.879643628886  delta_E= -1.24e-10  |g|= 3.24e-06  |ddm|= 1.32e-05
converged SCF energy = 984.879643628886
Difference in energy:  -630.234432581213
E(MP2) = 984.314790980991  E_corr = -0.564852647894161
Total energy =  -774.0454989070938
time elapsed:  29.91893243789673
