

******** <class 'pyscf.dft.rks.RKS'> ********
method = RKS-RHF
initial guess = minao
damping factor = 0
level_shift factor = 0
DIIS = <class 'pyscf.scf.diis.CDIIS'>
diis_start_cycle = 1
diis_space = 8
SCF conv_tol = 1e-09
SCF conv_tol_grad = 1e-05
SCF max_cycles = 1000
direct_scf = True
direct_scf_tol = 1e-13
chkfile to save SCF result = scf.fchk
max_memory 900000 MB (current use 79 MB)
XC library pyscf.dft.libxc version 5.1.7
    S. Lehtola, C. Steigemann, M. J. Oliveira, and M. A. Marques, SoftwareX 7, 1 (2018)
XC functionals = pbe
    J. P. Perdew, K. Burke, and M. Ernzerhof, Phys. Rev. Lett. 77, 3865 (1996)
    J. P. Perdew, K. Burke, and M. Ernzerhof, Phys. Rev. Lett. 78, 1396 (1997)
    J. P. Perdew, K. Burke, and M. Ernzerhof, Phys. Rev. Lett. 77, 3865 (1996)
    J. P. Perdew, K. Burke, and M. Ernzerhof, Phys. Rev. Lett. 78, 1396 (1997)
small_rho_cutoff = 1e-07
init E= -776.056338143377
  HOMO = -0.256084132256615  LUMO = -0.186075898048998
cycle= 1 E= -774.138036810043  delta_E= 1.92  |g|= 1.16  |ddm|= 6.27
  HOMO = -0.0397099386239145  LUMO = 0.0136920487542575
cycle= 2 E= -771.140701316699  delta_E=    3  |g|= 2.86  |ddm|= 3.91
  HOMO = -0.121521123887404  LUMO = -0.0754558714221711
cycle= 3 E= -773.561154344424  delta_E= -2.42  |g|= 1.53  |ddm|= 3.46
  HOMO = -0.163350348925925  LUMO = -0.0910096692125991
cycle= 4 E= -774.441056682963  delta_E= -0.88  |g|= 0.335  |ddm|= 2.16
  HOMO = -0.17484134506225  LUMO = -0.113319156545749
cycle= 5 E= -774.418961203582  delta_E= 0.0221  |g|= 0.385  |ddm|= 0.932
  HOMO = -0.178550892790505  LUMO = -0.111402958773547
cycle= 6 E= -774.469061686081  delta_E= -0.0501  |g|= 0.154  |ddm|= 0.658
  HOMO = -0.177207223257208  LUMO = -0.109491559089872
cycle= 7 E= -774.47560534107  delta_E= -0.00654  |g|= 0.0484  |ddm|= 0.208
  HOMO = -0.17696071090751  LUMO = -0.108305745704084
cycle= 8 E= -774.476006254205  delta_E= -0.000401  |g|= 0.0297  |ddm|= 0.0814
  HOMO = -0.176878879225142  LUMO = -0.108544517625175
cycle= 9 E= -774.476269091366  delta_E= -0.000263  |g|= 0.00943  |ddm|= 0.0394
  HOMO = -0.177066148428938  LUMO = -0.108659942372504
cycle= 10 E= -774.476280496509  delta_E= -1.14e-05  |g|= 0.00671  |ddm|= 0.0161
  HOMO = -0.177117011489802  LUMO = -0.108635726791759
cycle= 11 E= -774.476290877764  delta_E= -1.04e-05  |g|= 0.00307  |ddm|= 0.0102
  HOMO = -0.177066684370461  LUMO = -0.108588353137256
cycle= 12 E= -774.476293465072  delta_E= -2.59e-06  |g|= 0.00063  |ddm|= 0.0036
  HOMO = -0.177062319547521  LUMO = -0.108590706805
cycle= 13 E= -774.476293587351  delta_E= -1.22e-07  |g|= 0.000264  |ddm|= 0.000874
  HOMO = -0.177055109294962  LUMO = -0.108588270980035
cycle= 14 E= -774.476293608483  delta_E= -2.11e-08  |g|= 9.05e-05  |ddm|= 0.000367
  HOMO = -0.17705668104399  LUMO = -0.108591444539252
cycle= 15 E= -774.476293594207  delta_E= 1.43e-08  |g|= 0.000228  |ddm|= 0.000361
  HOMO = -0.177057987767783  LUMO = -0.108592556857754
cycle= 16 E= -774.476293610235  delta_E= -1.6e-08  |g|= 4.73e-05  |ddm|= 0.000283
  HOMO = -0.177057133232106  LUMO = -0.108591125199225
cycle= 17 E= -774.476293610543  delta_E= -3.07e-10  |g|= 2.62e-05  |ddm|= 5.81e-05
  HOMO = -0.177057091261968  LUMO = -0.108591152903061
cycle= 18 E= -774.476293610728  delta_E= -1.86e-10  |g|= 1.03e-05  |ddm|= 3.66e-05
  HOMO = -0.177057325012807  LUMO = -0.108591105285716
cycle= 19 E= -774.476293610758  delta_E= -3e-11  |g|= 4.78e-06  |ddm|= 1.63e-05
  HOMO = -0.177057270780654  LUMO = -0.108591099980677
Extra cycle  E= -774.476293610719  delta_E= 3.96e-11  |g|= 1.23e-05  |ddm|= 1.9e-05
converged SCF energy = -774.476293610719
AOs:  [0, 1, 2, 3, 4, 5, 6, 7, 8, 9, 10, 11, 12, 13, 14, 15, 16, 17, 18, 19, 20, 21, 22, 23, 24, 25, 26, 27, 28, 29, 30, 31, 32, 33, 34, 35, 36, 37, 38, 39, 40, 41, 42, 43, 44, 45, 46, 47, 48, 49, 50, 51, 52, 53, 54, 55, 56, 57, 58, 59, 60, 61, 62, 63]
64
Number of Active MOs:  16
Number of Environment MOs:  54
Number of Virtual MOs:  244
 # electrons:            α            β
         Env:  54.00000000  54.00000000
         Act:  16.00000000  16.00000000
         Vir:   0.00000000   0.00000000
Number of electrons in the active space:  32

 The density matrix is idempotent!

 The density matrix is idempotent!


******** <class 'pyscf.scf.hf.RHF'> ********
method = RHF
initial guess = minao
damping factor = 0
level_shift factor = 0
DIIS = <class 'pyscf.scf.diis.CDIIS'>
diis_start_cycle = 1
diis_space = 8
SCF conv_tol = 1e-09
SCF conv_tol_grad = 1e-05
SCF max_cycles = 200
direct_scf = True
direct_scf_tol = 1e-13
chkfile to save SCF result = subsys_scf.chk
max_memory 900000 MB (current use 10410 MB)
init E= 1003.10046720312
  HOMO = -0.241032051564611  LUMO = 0.0445351326453629
cycle= 1 E= 1003.05615118516  delta_E= -0.0443  |g|= 0.0714  |ddm|= 0.786
  HOMO = -0.246845808046439  LUMO = 0.0443748513823055
cycle= 2 E= 1003.05286354862  delta_E= -0.00329  |g|= 0.0237  |ddm|= 0.152
  HOMO = -0.247488162758946  LUMO = 0.0463263300467474
cycle= 3 E= 1003.05217937525  delta_E= -0.000684  |g|= 0.00701  |ddm|= 0.0732
  HOMO = -0.248447515971296  LUMO = 0.0465886372271477
cycle= 4 E= 1003.05212050517  delta_E= -5.89e-05  |g|= 0.00259  |ddm|= 0.0207
  HOMO = -0.248913695051241  LUMO = 0.046757373725276
cycle= 5 E= 1003.05211374861  delta_E= -6.76e-06  |g|= 0.000756  |ddm|= 0.00753
  HOMO = -0.248948183677556  LUMO = 0.0467833140878199
cycle= 6 E= 1003.05211339391  delta_E= -3.55e-07  |g|= 0.000208  |ddm|= 0.00182
  HOMO = -0.248980312426082  LUMO = 0.0467798208611606
cycle= 7 E= 1003.05211337587  delta_E= -1.8e-08  |g|= 6.39e-05  |ddm|= 0.000378
  HOMO = -0.248987133596994  LUMO = 0.0467763218610575
cycle= 8 E= 1003.05211337317  delta_E= -2.7e-09  |g|= 2.16e-05  |ddm|= 0.000136
  HOMO = -0.248988006193886  LUMO = 0.0467747890643025
cycle= 9 E= 1003.05211337284  delta_E= -3.26e-10  |g|= 8.13e-06  |ddm|= 6.05e-05
  HOMO = -0.248988255275235  LUMO = 0.046774298103196
Extra cycle  E= 1003.05211337282  delta_E= -2.01e-11  |g|= 3.72e-06  |ddm|= 1.62e-05
converged SCF energy = 1003.05211337282
Difference in energy:  -631.7683364986462
E(MP2) = 1002.48540310437  E_corr = -0.566710268453166
Total energy =  -774.0362177936935
time elapsed:  33.436126470565796
