

******** <class 'pyscf.dft.rks.RKS'> ********
method = RKS-RHF
initial guess = minao
damping factor = 0
level_shift factor = 0
DIIS = <class 'pyscf.scf.diis.CDIIS'>
diis_start_cycle = 1
diis_space = 8
SCF conv_tol = 1e-09
SCF conv_tol_grad = 1e-05
SCF max_cycles = 1000
direct_scf = True
direct_scf_tol = 1e-13
chkfile to save SCF result = scf.fchk
max_memory 900000 MB (current use 79 MB)
XC library pyscf.dft.libxc version 5.1.7
    S. Lehtola, C. Steigemann, M. J. Oliveira, and M. A. Marques, SoftwareX 7, 1 (2018)
XC functionals = pbe
    J. P. Perdew, K. Burke, and M. Ernzerhof, Phys. Rev. Lett. 77, 3865 (1996)
    J. P. Perdew, K. Burke, and M. Ernzerhof, Phys. Rev. Lett. 78, 1396 (1997)
    J. P. Perdew, K. Burke, and M. Ernzerhof, Phys. Rev. Lett. 77, 3865 (1996)
    J. P. Perdew, K. Burke, and M. Ernzerhof, Phys. Rev. Lett. 78, 1396 (1997)
small_rho_cutoff = 1e-07
init E= -776.051908310249
  HOMO = -0.252253964449285  LUMO = -0.190705159427393
cycle= 1 E= -774.122729015033  delta_E= 1.93  |g|= 1.16  |ddm|= 6.27
  HOMO = -0.0450786845828565  LUMO = 0.0104956641846258
cycle= 2 E= -771.074762599161  delta_E= 3.05  |g|= 2.88  |ddm|= 3.93
  HOMO = -0.123144805082398  LUMO = -0.0689224141523735
cycle= 3 E= -773.609102412005  delta_E= -2.53  |g|= 1.49  |ddm|= 3.51
  HOMO = -0.158811980707304  LUMO = -0.0978626345839378
cycle= 4 E= -774.426780591605  delta_E= -0.818  |g|= 0.333  |ddm|= 2.13
  HOMO = -0.174710602145402  LUMO = -0.113885259418989
cycle= 5 E= -774.389639743256  delta_E= 0.0371  |g|= 0.426  |ddm|= 1.01
  HOMO = -0.173683786176118  LUMO = -0.115646760985946
cycle= 6 E= -774.452062780045  delta_E= -0.0624  |g|= 0.175  |ddm|= 0.788
  HOMO = -0.173378182052775  LUMO = -0.114643349864137
cycle= 7 E= -774.461082521312  delta_E= -0.00902  |g|= 0.0612  |ddm|= 0.274
  HOMO = -0.172590370081814  LUMO = -0.113298606728486
cycle= 8 E= -774.461965166192  delta_E= -0.000883  |g|= 0.0307  |ddm|= 0.104
  HOMO = -0.17265451668423  LUMO = -0.113663920632869
cycle= 9 E= -774.462234126222  delta_E= -0.000269  |g|= 0.0113  |ddm|= 0.0425
  HOMO = -0.17282189288005  LUMO = -0.113755707358954
cycle= 10 E= -774.462251848575  delta_E= -1.77e-05  |g|= 0.00784  |ddm|= 0.0194
  HOMO = -0.172900742228994  LUMO = -0.113802847307704
cycle= 11 E= -774.462266411994  delta_E= -1.46e-05  |g|= 0.00367  |ddm|= 0.0126
  HOMO = -0.172845599313051  LUMO = -0.113745492984491
cycle= 12 E= -774.462270037165  delta_E= -3.63e-06  |g|= 0.000899  |ddm|= 0.00432
  HOMO = -0.172831795536416  LUMO = -0.113733191562049
cycle= 13 E= -774.462270277276  delta_E= -2.4e-07  |g|= 0.000358  |ddm|= 0.00121
  HOMO = -0.172826111300759  LUMO = -0.113730984533367
cycle= 14 E= -774.462270319192  delta_E= -4.19e-08  |g|= 0.000105  |ddm|= 0.000517
  HOMO = -0.172830428589307  LUMO = -0.113734585282731
cycle= 15 E= -774.462270291434  delta_E= 2.78e-08  |g|= 0.000296  |ddm|= 0.000495
  HOMO = -0.172830410833888  LUMO = -0.113735527171482
cycle= 16 E= -774.462270321504  delta_E= -3.01e-08  |g|= 6.4e-05  |ddm|= 0.000397
  HOMO = -0.172828884592119  LUMO = -0.113733889340046
cycle= 17 E= -774.462270321761  delta_E= -2.57e-10  |g|= 4.5e-05  |ddm|= 9.18e-05
  HOMO = -0.172828958035082  LUMO = -0.113734098091133
cycle= 18 E= -774.462270322309  delta_E= -5.48e-10  |g|= 2e-05  |ddm|= 7.17e-05
  HOMO = -0.172829151630178  LUMO = -0.113734024392106
cycle= 19 E= -774.462270322427  delta_E= -1.17e-10  |g|= 6.02e-06  |ddm|= 2.78e-05
  HOMO = -0.172829120593954  LUMO = -0.113734032436607
Extra cycle  E= -774.462270322351  delta_E= 7.55e-11  |g|= 1.66e-05  |ddm|= 2.64e-05
converged SCF energy = -774.462270322351
AOs:  [0, 1, 2, 3, 4, 5, 6, 7, 8, 9, 10, 11, 12, 13, 14, 15, 16, 17, 18, 19, 20, 21, 22, 23, 24, 25, 26, 27, 28, 29, 30, 31, 32, 33, 34, 35, 36, 37, 38, 39, 40, 41, 42, 43, 44, 45, 46, 47, 48, 49, 50, 51, 52, 53, 54, 55, 56, 57, 58, 59, 60, 61, 62, 63]
64
Number of Active MOs:  16
Number of Environment MOs:  54
Number of Virtual MOs:  244
 # electrons:            α            β
         Env:  54.00000000  54.00000000
         Act:  16.00000000  16.00000000
         Vir:   0.00000000   0.00000000
Number of electrons in the active space:  32

 The density matrix is idempotent!

 The density matrix is idempotent!


******** <class 'pyscf.scf.hf.RHF'> ********
method = RHF
initial guess = minao
damping factor = 0
level_shift factor = 0
DIIS = <class 'pyscf.scf.diis.CDIIS'>
diis_start_cycle = 1
diis_space = 8
SCF conv_tol = 1e-09
SCF conv_tol_grad = 1e-05
SCF max_cycles = 200
direct_scf = True
direct_scf_tol = 1e-13
chkfile to save SCF result = subsys_scf.chk
max_memory 900000 MB (current use 10405 MB)
init E= 1001.1332395751
  HOMO = -0.22845978973267  LUMO = 0.0383935512535147
cycle= 1 E= 1001.08859729395  delta_E= -0.0446  |g|= 0.0719  |ddm|= 0.752
  HOMO = -0.234448293692607  LUMO = 0.0396477102883662
cycle= 2 E= 1001.08511938047  delta_E= -0.00348  |g|= 0.0247  |ddm|= 0.159
  HOMO = -0.235681285294577  LUMO = 0.0428088953212361
cycle= 3 E= 1001.08432479863  delta_E= -0.000795  |g|= 0.00826  |ddm|= 0.0816
  HOMO = -0.236497141040171  LUMO = 0.043379669417359
cycle= 4 E= 1001.08424176917  delta_E= -8.3e-05  |g|= 0.00342  |ddm|= 0.0254
  HOMO = -0.237284261044946  LUMO = 0.0436652607052563
cycle= 5 E= 1001.08422986404  delta_E= -1.19e-05  |g|= 0.00103  |ddm|= 0.0108
  HOMO = -0.237309851699309  LUMO = 0.0437400652160237
cycle= 6 E= 1001.08422916066  delta_E= -7.03e-07  |g|= 0.000286  |ddm|= 0.0027
  HOMO = -0.237348683165725  LUMO = 0.0437376094718872
cycle= 7 E= 1001.08422912289  delta_E= -3.78e-08  |g|= 8.17e-05  |ddm|= 0.000604
  HOMO = -0.237361801688752  LUMO = 0.0437314017147991
cycle= 8 E= 1001.08422911802  delta_E= -4.87e-09  |g|= 2.9e-05  |ddm|= 0.000214
  HOMO = -0.237360823433039  LUMO = 0.0437302336632997
cycle= 9 E= 1001.08422911715  delta_E= -8.72e-10  |g|= 1.38e-05  |ddm|= 8.79e-05
  HOMO = -0.237361883680384  LUMO = 0.0437291570383343
cycle= 10 E= 1001.08422911687  delta_E= -2.75e-10  |g|= 5.53e-06  |ddm|= 3.8e-05
  HOMO = -0.237360979059136  LUMO = 0.0437289531990765
Extra cycle  E= 1001.08422911696  delta_E= 8.67e-11  |g|= 3.58e-06  |ddm|= 1.37e-05
converged SCF energy = 1001.08422911696
Difference in energy:  -635.802925314794
E(MP2) = 1000.51503627937  E_corr = -0.569192837590925
Total energy =  -774.0182475533147
time elapsed:  31.349594354629517
