

******** <class 'pyscf.dft.rks.RKS'> ********
method = RKS-RHF
initial guess = minao
damping factor = 0
level_shift factor = 0
DIIS = <class 'pyscf.scf.diis.CDIIS'>
diis_start_cycle = 1
diis_space = 8
SCF conv_tol = 1e-09
SCF conv_tol_grad = 1e-05
SCF max_cycles = 1000
direct_scf = True
direct_scf_tol = 1e-13
chkfile to save SCF result = scf.fchk
max_memory 900000 MB (current use 79 MB)
XC library pyscf.dft.libxc version 5.1.7
    S. Lehtola, C. Steigemann, M. J. Oliveira, and M. A. Marques, SoftwareX 7, 1 (2018)
XC functionals = pbe
    J. P. Perdew, K. Burke, and M. Ernzerhof, Phys. Rev. Lett. 77, 3865 (1996)
    J. P. Perdew, K. Burke, and M. Ernzerhof, Phys. Rev. Lett. 78, 1396 (1997)
    J. P. Perdew, K. Burke, and M. Ernzerhof, Phys. Rev. Lett. 77, 3865 (1996)
    J. P. Perdew, K. Burke, and M. Ernzerhof, Phys. Rev. Lett. 78, 1396 (1997)
small_rho_cutoff = 1e-07
init E= -776.048275831491
  HOMO = -0.239643881425874  LUMO = -0.202481399344998
cycle= 1 E= -774.059571486095  delta_E= 1.99  |g|= 1.17  |ddm|= 6.28
  HOMO = -0.0344425718998219  LUMO = -0.0164087406437993
cycle= 2 E= -770.111107858317  delta_E= 3.95  |g|= 3.04  |ddm|= 4.35
  HOMO = -0.119476843102424  LUMO = -0.0580788083022428
cycle= 3 E= -773.686361374421  delta_E= -3.58  |g|= 1.36  |ddm|= 3.94
  HOMO = -0.139925093217855  LUMO = -0.119231608172588
cycle= 4 E= -774.312295009999  delta_E= -0.626  |g|= 0.513  |ddm|= 2.43
  HOMO = -0.174840189326175  LUMO = -0.119170307859257
cycle= 5 E= -774.265581396595  delta_E= 0.0467  |g|= 0.64  |ddm|= 1.68
  HOMO = -0.15485818544986  LUMO = -0.126083971597261
cycle= 6 E= -774.400371476653  delta_E= -0.135  |g|= 0.23  |ddm|= 1.36
  HOMO = -0.159613606167686  LUMO = -0.129164258276349
cycle= 7 E= -774.414595883942  delta_E= -0.0142  |g|= 0.151  |ddm|= 0.612
  HOMO = -0.155920774643554  LUMO = -0.126788080009296
cycle= 8 E= -774.42274412953  delta_E= -0.00815  |g|= 0.0477  |ddm|= 0.284
  HOMO = -0.157527792098237  LUMO = -0.128477393443209
cycle= 9 E= -774.423404501675  delta_E= -0.00066  |g|= 0.0205  |ddm|= 0.0804
  HOMO = -0.157709199353374  LUMO = -0.128561093318798
cycle= 10 E= -774.42350971121  delta_E= -0.000105  |g|= 0.0093  |ddm|= 0.0322
  HOMO = -0.157630368467925  LUMO = -0.128501529229185
cycle= 11 E= -774.423527568562  delta_E= -1.79e-05  |g|= 0.00432  |ddm|= 0.0149
  HOMO = -0.157570597555312  LUMO = -0.128425548334686
cycle= 12 E= -774.423533789711  delta_E= -6.22e-06  |g|= 0.00146  |ddm|= 0.00543
  HOMO = -0.157551550975306  LUMO = -0.128400194561317
cycle= 13 E= -774.423534543208  delta_E= -7.53e-07  |g|= 0.000582  |ddm|= 0.00292
  HOMO = -0.157554301615633  LUMO = -0.128404775758397
cycle= 14 E= -774.423534617245  delta_E= -7.4e-08  |g|= 0.000265  |ddm|= 0.000719
  HOMO = -0.157561234868756  LUMO = -0.128412104005951
cycle= 15 E= -774.423534636383  delta_E= -1.91e-08  |g|= 0.00012  |ddm|= 0.000471
  HOMO = -0.157555371361828  LUMO = -0.12840700240588
cycle= 16 E= -774.423534635567  delta_E= 8.16e-10  |g|= 0.000141  |ddm|= 0.000262
  HOMO = -0.157556628068873  LUMO = -0.128407488273641
cycle= 17 E= -774.423534640591  delta_E= -5.02e-09  |g|= 2.03e-05  |ddm|= 0.000173
  HOMO = -0.157556995707596  LUMO = -0.128408076735959
cycle= 18 E= -774.423534640683  delta_E= -9.19e-11  |g|= 1.33e-05  |ddm|= 4.54e-05
  HOMO = -0.15755732982685  LUMO = -0.128408302714539
cycle= 19 E= -774.423534640733  delta_E= -5.05e-11  |g|= 6.1e-06  |ddm|= 2e-05
  HOMO = -0.157557273512026  LUMO = -0.1284081315121
Extra cycle  E= -774.423534640541  delta_E= 1.92e-10  |g|= 2.24e-05  |ddm|= 4.24e-05
converged SCF energy = -774.423534640541
AOs:  [0, 1, 2, 3, 4, 5, 6, 7, 8, 9, 10, 11, 12, 13, 14, 15, 16, 17, 18, 19, 20, 21, 22, 23, 24, 25, 26, 27, 28, 29, 30, 31, 32, 33, 34, 35, 36, 37, 38, 39, 40, 41, 42, 43, 44, 45, 46, 47, 48, 49, 50, 51, 52, 53, 54, 55, 56, 57, 58, 59, 60, 61, 62, 63]
64
Number of Active MOs:  16
Number of Environment MOs:  54
Number of Virtual MOs:  244
 # electrons:            α            β
         Env:  54.00000000  54.00000000
         Act:  16.00000000  16.00000000
         Vir:  -0.00000000  -0.00000000
Number of electrons in the active space:  32

 The density matrix is idempotent!

 The density matrix is idempotent!


******** <class 'pyscf.scf.hf.RHF'> ********
method = RHF
initial guess = minao
damping factor = 0
level_shift factor = 0
DIIS = <class 'pyscf.scf.diis.CDIIS'>
diis_start_cycle = 1
diis_space = 8
SCF conv_tol = 1e-09
SCF conv_tol_grad = 1e-05
SCF max_cycles = 200
direct_scf = True
direct_scf_tol = 1e-13
chkfile to save SCF result = subsys_scf.chk
max_memory 900000 MB (current use 10405 MB)
init E= 996.765658448652
  HOMO = -0.194999032899073  LUMO = 0.0192992900650286
cycle= 1 E= 996.720005605317  delta_E= -0.0457  |g|= 0.0745  |ddm|= 0.755
  HOMO = -0.200122691607533  LUMO = 0.0225737148166904
cycle= 2 E= 996.716034842126  delta_E= -0.00397  |g|= 0.0277  |ddm|= 0.185
  HOMO = -0.203309457161948  LUMO = 0.0275627153754421
cycle= 3 E= 996.714925657744  delta_E= -0.00111  |g|= 0.0151  |ddm|= 0.104
  HOMO = -0.203188223701121  LUMO = 0.0292485064513176
cycle= 4 E= 996.714711959281  delta_E= -0.000214  |g|= 0.00639  |ddm|= 0.0389
  HOMO = -0.205058830170493  LUMO = 0.0302049253359059
cycle= 5 E= 996.714637942393  delta_E= -7.4e-05  |g|= 0.00192  |ddm|= 0.0323
  HOMO = -0.205174984066433  LUMO = 0.030501663533012
cycle= 6 E= 996.714634071217  delta_E= -3.87e-06  |g|= 0.000683  |ddm|= 0.00689
  HOMO = -0.20521440902647  LUMO = 0.030490769786527
cycle= 7 E= 996.714633640277  delta_E= -4.31e-07  |g|= 0.000309  |ddm|= 0.0021
  HOMO = -0.205227191929376  LUMO = 0.0304532112008285
cycle= 8 E= 996.714633485276  delta_E= -1.55e-07  |g|= 0.000175  |ddm|= 0.00141
  HOMO = -0.205214142006804  LUMO = 0.030442801353743
cycle= 9 E= 996.714633435362  delta_E= -4.99e-08  |g|= 6.69e-05  |ddm|= 0.00102
  HOMO = -0.205208556775127  LUMO = 0.0304332603392968
cycle= 10 E= 996.714633429033  delta_E= -6.33e-09  |g|= 2.21e-05  |ddm|= 0.000459
  HOMO = -0.205205616672526  LUMO = 0.0304326103135179
cycle= 11 E= 996.714633428457  delta_E= -5.76e-10  |g|= 9.68e-06  |ddm|= 7.74e-05
  HOMO = -0.205205954847938  LUMO = 0.0304318533430466
Extra cycle  E= 996.714633428225  delta_E= -2.31e-10  |g|= 5.02e-06  |ddm|= 2.4e-05
converged SCF energy = 996.714633428225
Difference in energy:  -647.8599748733119
E(MP2) = 996.139089075571  E_corr = -0.575544352654759
Total energy =  -773.9666492711626
time elapsed:  31.341237545013428
