

******** <class 'pyscf.dft.rks.RKS'> ********
method = RKS-RHF
initial guess = minao
damping factor = 0
level_shift factor = 0
DIIS = <class 'pyscf.scf.diis.CDIIS'>
diis_start_cycle = 1
diis_space = 8
SCF conv_tol = 1e-09
SCF conv_tol_grad = 1e-05
SCF max_cycles = 1000
direct_scf = True
direct_scf_tol = 1e-13
chkfile to save SCF result = scf.fchk
max_memory 900000 MB (current use 79 MB)
XC library pyscf.dft.libxc version 5.1.7
    S. Lehtola, C. Steigemann, M. J. Oliveira, and M. A. Marques, SoftwareX 7, 1 (2018)
XC functionals = pbe
    J. P. Perdew, K. Burke, and M. Ernzerhof, Phys. Rev. Lett. 77, 3865 (1996)
    J. P. Perdew, K. Burke, and M. Ernzerhof, Phys. Rev. Lett. 78, 1396 (1997)
    J. P. Perdew, K. Burke, and M. Ernzerhof, Phys. Rev. Lett. 77, 3865 (1996)
    J. P. Perdew, K. Burke, and M. Ernzerhof, Phys. Rev. Lett. 78, 1396 (1997)
small_rho_cutoff = 1e-07
init E= -776.047611650315
  HOMO = -0.233260414044907  LUMO = -0.208051896150233
cycle= 1 E= -773.982353288033  delta_E= 2.07  |g|=  1.2  |ddm|= 6.28
  HOMO = -0.0124500148130278  LUMO = 0.0032270335444617
cycle= 2 E= -762.772977394523  delta_E= 11.2  |g|=  3.8  |ddm|= 6.26
  HOMO = -0.105092647228608  LUMO = -0.0652865786317198
cycle= 3 E= -773.659415370043  delta_E= -10.9  |g|= 1.39  |ddm|=  5.9
  HOMO = -0.110009225969111  LUMO = -0.0800164766706388
cycle= 4 E= -772.849756408293  delta_E= 0.81  |g|= 1.77  |ddm|= 3.35
  HOMO = -0.144213133710426  LUMO = -0.0909164147830198
cycle= 5 E= -774.04957865223  delta_E= -1.2  |g|= 0.801  |ddm|=  2.6
  HOMO = -0.151757905301246  LUMO = -0.12993244515118
cycle= 6 E= -774.27477558648  delta_E= -0.225  |g|= 0.514  |ddm|= 2.29
  HOMO = -0.149421033444564  LUMO = -0.135483111468187
cycle= 7 E= -774.219072866337  delta_E= 0.0557  |g|= 0.543  |ddm|= 2.09
  HOMO = -0.143022412417776  LUMO = -0.135532738568476
cycle= 8 E= -774.374367663385  delta_E= -0.155  |g|= 0.226  |ddm|= 1.73
  HOMO = -0.14523918835527  LUMO = -0.139223996997162
cycle= 9 E= -774.395024243689  delta_E= -0.0207  |g|= 0.106  |ddm|= 0.508
  HOMO = -0.143904398311972  LUMO = -0.137983523104654
cycle= 10 E= -774.396537137312  delta_E= -0.00151  |g|= 0.0684  |ddm|= 0.19
  HOMO = -0.145146611325429  LUMO = -0.139074346219604
cycle= 11 E= -774.395524790723  delta_E= 0.00101  |g|= 0.0771  |ddm|= 0.104
  HOMO = -0.145127231355445  LUMO = -0.139239074097359
cycle= 12 E= -774.398059284222  delta_E= -0.00253  |g|= 0.0304  |ddm|= 0.119
  HOMO = -0.145312488612826  LUMO = -0.13909711219989
cycle= 13 E= -774.393339903825  delta_E= 0.00472  |g|= 0.0968  |ddm|= 0.177
  HOMO = -0.145508347646104  LUMO = -0.139200520244508
cycle= 14 E= -774.391850353632  delta_E= 0.00149  |g|= 0.109  |ddm|= 0.0326
  HOMO = -0.145653270320692  LUMO = -0.139288089601767
cycle= 15 E= -774.39085986603  delta_E= 0.00099  |g|= 0.116  |ddm|= 0.0206
  HOMO = -0.14543436119363  LUMO = -0.139385266225162
cycle= 16 E= -774.395932078751  delta_E= -0.00507  |g|= 0.0674  |ddm|= 0.123
  HOMO = -0.145366242566724  LUMO = -0.139452214388584
cycle= 17 E= -774.397527282414  delta_E= -0.0016  |g|= 0.0416  |ddm|= 0.0664
  HOMO = -0.145240445678017  LUMO = -0.139311013716477
cycle= 18 E= -774.39737185565  delta_E= 0.000155  |g|= 0.0443  |ddm|= 0.014
  HOMO = -0.145288251317586  LUMO = -0.139365217576312
cycle= 19 E= -774.397504126988  delta_E= -0.000132  |g|= 0.0415  |ddm|= 0.00728
  HOMO = -0.14529139341842  LUMO = -0.13938905255699
cycle= 20 E= -774.397774539887  delta_E= -0.00027  |g|= 0.0354  |ddm|= 0.0168
  HOMO = -0.145247106383744  LUMO = -0.13935223608731
cycle= 21 E= -774.397830663316  delta_E= -5.61e-05  |g|= 0.0336  |ddm|= 0.00576
  HOMO = -0.145420105502686  LUMO = -0.139543975258561
cycle= 22 E= -774.397978569753  delta_E= -0.000148  |g|= 0.0291  |ddm|= 0.0163
  HOMO = -0.145186053693031  LUMO = -0.139318635582328
cycle= 23 E= -774.398028478543  delta_E= -4.99e-05  |g|= 0.0273  |ddm|= 0.0147
  HOMO = -0.145218560860269  LUMO = -0.139396010776711
cycle= 24 E= -774.398335172234  delta_E= -0.000307  |g|= 0.0138  |ddm|= 0.0315
  HOMO = -0.145207693734639  LUMO = -0.139423839002849
cycle= 25 E= -774.39842733467  delta_E= -9.22e-05  |g|= 0.0047  |ddm|= 0.0406
  HOMO = -0.145232270407329  LUMO = -0.139433946449341
cycle= 26 E= -774.398434150011  delta_E= -6.82e-06  |g|= 0.0024  |ddm|= 0.0143
  HOMO = -0.145219631082316  LUMO = -0.139424974912455
cycle= 27 E= -774.3984366111  delta_E= -2.46e-06  |g|= 0.00121  |ddm|= 0.0039
  HOMO = -0.145209467255574  LUMO = -0.139415797779969
cycle= 28 E= -774.398436765528  delta_E= -1.54e-07  |g|= 0.0009  |ddm|= 0.00117
  HOMO = -0.145216012432878  LUMO = -0.139423100002972
cycle= 29 E= -774.3984370485  delta_E= -2.83e-07  |g|= 0.000499  |ddm|= 0.000905
  HOMO = -0.145217061650746  LUMO = -0.139425235655722
cycle= 30 E= -774.398437172161  delta_E= -1.24e-07  |g|= 0.0002  |ddm|= 0.00108
  HOMO = -0.1452140319862  LUMO = -0.139422684895547
cycle= 31 E= -774.39843716867  delta_E= 3.49e-09  |g|= 0.000187  |ddm|= 0.000526
  HOMO = -0.145218534584819  LUMO = -0.13942722508375
cycle= 32 E= -774.398437164709  delta_E= 3.96e-09  |g|= 0.000203  |ddm|= 0.000294
  HOMO = -0.14521616766534  LUMO = -0.13942461033807
cycle= 33 E= -774.398437179231  delta_E= -1.45e-08  |g|= 0.00011  |ddm|= 0.000238
  HOMO = -0.145215913381509  LUMO = -0.139424248662853
cycle= 34 E= -774.398437183251  delta_E= -4.02e-09  |g|= 4.36e-05  |ddm|= 0.000132
  HOMO = -0.145215983177042  LUMO = -0.139424232459995
cycle= 35 E= -774.398437184268  delta_E= -1.02e-09  |g|= 1.99e-06  |ddm|= 9.96e-05
  HOMO = -0.145216037947561  LUMO = -0.139424280897236
cycle= 36 E= -774.398437184259  delta_E= 8.87e-12  |g|= 4.3e-06  |ddm|= 9.13e-06
  HOMO = -0.145215615443324  LUMO = -0.139424246928254
Extra cycle  E= -774.398437174396  delta_E= 9.86e-09  |g|= 0.000136  |ddm|= 0.000319
converged SCF energy = -774.398437174396
AOs:  [0, 1, 2, 3, 4, 5, 6, 7, 8, 9, 10, 11, 12, 13, 14, 15, 16, 17, 18, 19, 20, 21, 22, 23, 24, 25, 26, 27, 28, 29, 30, 31, 32, 33, 34, 35, 36, 37, 38, 39, 40, 41, 42, 43, 44, 45, 46, 47, 48, 49, 50, 51, 52, 53, 54, 55, 56, 57, 58, 59, 60, 61, 62, 63]
64
Number of Active MOs:  16
Number of Environment MOs:  54
Number of Virtual MOs:  244
 # electrons:            α            β
         Env:  54.00000000  54.00000000
         Act:  16.00000000  16.00000000
         Vir:   0.00000000   0.00000000
Number of electrons in the active space:  32

 The density matrix is idempotent!

 The density matrix is idempotent!


******** <class 'pyscf.scf.hf.RHF'> ********
method = RHF
initial guess = minao
damping factor = 0
level_shift factor = 0
DIIS = <class 'pyscf.scf.diis.CDIIS'>
diis_start_cycle = 1
diis_space = 8
SCF conv_tol = 1e-09
SCF conv_tol_grad = 1e-05
SCF max_cycles = 200
direct_scf = True
direct_scf_tol = 1e-13
chkfile to save SCF result = subsys_scf.chk
max_memory 900000 MB (current use 10411 MB)
init E= 994.299942042819
  HOMO = -0.170505494710651  LUMO = 0.00449082556426534
cycle= 1 E= 994.253520201387  delta_E= -0.0464  |g|= 0.0799  |ddm|= 0.777
  HOMO = -0.173520973459486  LUMO = 0.00712692852820228
cycle= 2 E= 994.249211607208  delta_E= -0.00431  |g|= 0.0313  |ddm|= 0.216
  HOMO = -0.178410188799802  LUMO = 0.0116072071063038
cycle= 3 E= 994.247894296402  delta_E= -0.00132  |g|= 0.0245  |ddm|= 0.115
  HOMO = -0.177701281998369  LUMO = 0.014100376175951
cycle= 4 E= 994.247394438006  delta_E= -0.0005  |g|= 0.0101  |ddm|= 0.0655
  HOMO = -0.179962359983485  LUMO = 0.0154889314860649
cycle= 5 E= 994.247151348021  delta_E= -0.000243  |g|= 0.00451  |ddm|= 0.0669
  HOMO = -0.18013096989623  LUMO = 0.0161316668025297
cycle= 6 E= 994.247117587652  delta_E= -3.38e-05  |g|= 0.00256  |ddm|= 0.0228
  HOMO = -0.180135056113808  LUMO = 0.0159891401196514
cycle= 7 E= 994.247107911441  delta_E= -9.68e-06  |g|= 0.0016  |ddm|= 0.0112
  HOMO = -0.179995723825536  LUMO = 0.0158344621107221
cycle= 8 E= 994.247101126819  delta_E= -6.78e-06  |g|= 0.00107  |ddm|= 0.0121
  HOMO = -0.179915912304352  LUMO = 0.0156343810121588
cycle= 9 E= 994.247098385498  delta_E= -2.74e-06  |g|= 0.000276  |ddm|= 0.0114
  HOMO = -0.17984742127298  LUMO = 0.0156067673042505
cycle= 10 E= 994.247098221763  delta_E= -1.64e-07  |g|= 8.74e-05  |ddm|= 0.0028
  HOMO = -0.179836255487529  LUMO = 0.0155870995344841
cycle= 11 E= 994.24709821054  delta_E= -1.12e-08  |g|= 2.99e-05  |ddm|= 0.000718
  HOMO = -0.179835658687627  LUMO = 0.0155845141026542
cycle= 12 E= 994.247098209877  delta_E= -6.63e-10  |g|= 7.39e-06  |ddm|= 0.00011
  HOMO = -0.179834602064123  LUMO = 0.0155847303206902
Extra cycle  E= 994.247098209777  delta_E= -1e-10  |g|= 3.73e-06  |ddm|= 2.43e-05
converged SCF energy = 994.247098209777
Difference in energy:  -657.0995740654029
E(MP2) = 993.668507480485  E_corr = -0.578590729291708
Total energy =  -773.9298739554396
time elapsed:  48.625431537628174
