

******** <class 'pyscf.dft.rks.RKS'> ********
method = RKS-RHF
initial guess = minao
damping factor = 0
level_shift factor = 0
DIIS = <class 'pyscf.scf.diis.CDIIS'>
diis_start_cycle = 1
diis_space = 8
SCF conv_tol = 1e-09
SCF conv_tol_grad = 1e-05
SCF max_cycles = 1000
direct_scf = True
direct_scf_tol = 1e-13
chkfile to save SCF result = scf.fchk
max_memory 900000 MB (current use 79 MB)
XC library pyscf.dft.libxc version 5.1.7
    S. Lehtola, C. Steigemann, M. J. Oliveira, and M. A. Marques, SoftwareX 7, 1 (2018)
XC functionals = pbe
    J. P. Perdew, K. Burke, and M. Ernzerhof, Phys. Rev. Lett. 77, 3865 (1996)
    J. P. Perdew, K. Burke, and M. Ernzerhof, Phys. Rev. Lett. 78, 1396 (1997)
    J. P. Perdew, K. Burke, and M. Ernzerhof, Phys. Rev. Lett. 77, 3865 (1996)
    J. P. Perdew, K. Burke, and M. Ernzerhof, Phys. Rev. Lett. 78, 1396 (1997)
small_rho_cutoff = 1e-07
init E= -776.047586343539
  HOMO = -0.233094654716975  LUMO = -0.208192866331422
cycle= 1 E= -773.979084547924  delta_E= 2.07  |g|=  1.2  |ddm|= 6.28
  HOMO = -0.0137672872717939  LUMO = 0.00211668768207755
cycle= 2 E= -762.733889657313  delta_E= 11.2  |g|= 3.81  |ddm|= 6.26
  HOMO = -0.103546929699821  LUMO = -0.0660774392108309
cycle= 3 E= -773.661812813421  delta_E= -10.9  |g|= 1.39  |ddm|=  5.9
  HOMO = -0.109710369497224  LUMO = -0.0790230561396746
cycle= 4 E= -772.841117790576  delta_E= 0.821  |g|= 1.78  |ddm|= 3.35
  HOMO = -0.143954753645366  LUMO = -0.0904920220423673
cycle= 5 E= -774.047137202484  delta_E= -1.21  |g|= 0.803  |ddm|=  2.6
  HOMO = -0.151053661314518  LUMO = -0.130450558996293
cycle= 6 E= -774.271314281678  delta_E= -0.224  |g|= 0.517  |ddm|=  2.3
  HOMO = -0.149476829892109  LUMO = -0.134876867013289
cycle= 7 E= -774.201837969963  delta_E= 0.0695  |g|= 0.559  |ddm|= 2.16
  HOMO = -0.142005023127675  LUMO = -0.136325970924785
cycle= 8 E= -774.372657810975  delta_E= -0.171  |g|= 0.225  |ddm|= 1.82
  HOMO = -0.14428864465861  LUMO = -0.13988829750611
cycle= 9 E= -774.393603169334  delta_E= -0.0209  |g|= 0.104  |ddm|= 0.577
  HOMO = -0.143275927787249  LUMO = -0.138875430380583
cycle= 10 E= -774.393309100485  delta_E= 0.000294  |g|= 0.088  |ddm|= 0.271
  HOMO = -0.144045977862174  LUMO = -0.139693812682441
cycle= 11 E= -774.395397262526  delta_E= -0.00209  |g|= 0.0566  |ddm|= 0.083
  HOMO = -0.144200084244679  LUMO = -0.139968911092114
cycle= 12 E= -774.396754811985  delta_E= -0.00136  |g|= 0.0175  |ddm|= 0.14
  HOMO = -0.144547380579933  LUMO = -0.140064926546449
cycle= 13 E= -774.393161752258  delta_E= 0.00359  |g|= 0.0821  |ddm|= 0.218
  HOMO = -0.1445930678111  LUMO = -0.140088345125724
cycle= 14 E= -774.392749799969  delta_E= 0.000412  |g|= 0.0862  |ddm|= 0.011
  HOMO = -0.144602503558278  LUMO = -0.140086114237683
cycle= 15 E= -774.392506496436  delta_E= 0.000243  |g|= 0.0886  |ddm|= 0.00666
  HOMO = -0.144516283827578  LUMO = -0.140137995345169
cycle= 16 E= -774.395239133285  delta_E= -0.00273  |g|= 0.0544  |ddm|= 0.0852
  HOMO = -0.144424193153008  LUMO = -0.140163486928866
cycle= 17 E= -774.396668815312  delta_E= -0.00143  |g|= 0.0197  |ddm|= 0.0866
  HOMO = -0.14438704088155  LUMO = -0.140112953503774
cycle= 18 E= -774.396574357156  delta_E= 9.45e-05  |g|= 0.0234  |ddm|= 0.0126
  HOMO = -0.14446841952857  LUMO = -0.14019255225823
cycle= 19 E= -774.396625363802  delta_E= -5.1e-05  |g|= 0.0214  |ddm|= 0.00598
  HOMO = -0.144433425096669  LUMO = -0.140163156731101
cycle= 20 E= -774.396656270607  delta_E= -3.09e-05  |g|= 0.0199  |ddm|= 0.00413
  HOMO = -0.144372498149255  LUMO = -0.140114273433042
cycle= 21 E= -774.396753668036  delta_E= -9.74e-05  |g|= 0.0147  |ddm|= 0.0124
  HOMO = -0.144411792389552  LUMO = -0.140157893734752
cycle= 22 E= -774.396776783919  delta_E= -2.31e-05  |g|= 0.013  |ddm|= 0.00519
  HOMO = -0.144369578806289  LUMO = -0.140137814021852
cycle= 23 E= -774.396862858189  delta_E= -8.61e-05  |g|= 0.00387  |ddm|= 0.023
  HOMO = -0.144396393077516  LUMO = -0.140155634933196
cycle= 24 E= -774.396845296889  delta_E= 1.76e-05  |g|= 0.00668  |ddm|= 0.00828
  HOMO = -0.144394419578039  LUMO = -0.140173802687134
cycle= 25 E= -774.396864384443  delta_E= -1.91e-05  |g|= 0.00307  |ddm|= 0.0226
  HOMO = -0.144383080477573  LUMO = -0.1401551366693
cycle= 26 E= -774.396869399198  delta_E= -5.01e-06  |g|= 0.000408  |ddm|= 0.00777
  HOMO = -0.144385002817134  LUMO = -0.140157276074865
cycle= 27 E= -774.396869444054  delta_E= -4.49e-08  |g|= 0.000296  |ddm|= 0.000594
  HOMO = -0.144380880136034  LUMO = -0.140153249843353
cycle= 28 E= -774.396869429116  delta_E= 1.49e-08  |g|= 0.000316  |ddm|= 0.00044
  HOMO = -0.144381639772483  LUMO = -0.140154430296856
cycle= 29 E= -774.396869472368  delta_E= -4.33e-08  |g|= 0.000136  |ddm|= 0.00059
  HOMO = -0.144384623108515  LUMO = -0.140157351376907
cycle= 30 E= -774.396869473623  delta_E= -1.26e-09  |g|= 9.35e-05  |ddm|= 0.000198
  HOMO = -0.144382660975706  LUMO = -0.140155646408399
cycle= 31 E= -774.396869475248  delta_E= -1.62e-09  |g|= 7.5e-05  |ddm|= 0.000328
  HOMO = -0.144383402748446  LUMO = -0.140156236287869
cycle= 32 E= -774.396869477609  delta_E= -2.36e-09  |g|= 2e-05  |ddm|= 0.000181
  HOMO = -0.14438294559717  LUMO = -0.140155881026376
cycle= 33 E= -774.396869477094  delta_E= 5.15e-10  |g|= 3.94e-05  |ddm|= 0.000128
  HOMO = -0.144383349011648  LUMO = -0.140156252049899
cycle= 34 E= -774.396869477384  delta_E= -2.9e-10  |g|= 3.23e-05  |ddm|= 5.01e-05
  HOMO = -0.144383220535995  LUMO = -0.140156092752763
cycle= 35 E= -774.396869477781  delta_E= -3.97e-10  |g|= 5.65e-06  |ddm|= 4.78e-05
  HOMO = -0.144383952661093  LUMO = -0.140156156437761
Extra cycle  E= -774.396869424411  delta_E= 5.34e-08  |g|= 0.000315  |ddm|= 0.00075
converged SCF energy = -774.396869424411
AOs:  [0, 1, 2, 3, 4, 5, 6, 7, 8, 9, 10, 11, 12, 13, 14, 15, 16, 17, 18, 19, 20, 21, 22, 23, 24, 25, 26, 27, 28, 29, 30, 31, 32, 33, 34, 35, 36, 37, 38, 39, 40, 41, 42, 43, 44, 45, 46, 47, 48, 49, 50, 51, 52, 53, 54, 55, 56, 57, 58, 59, 60, 61, 62, 63]
64
Number of Active MOs:  16
Number of Environment MOs:  54
Number of Virtual MOs:  244
 # electrons:            α            β
         Env:  54.00000000  54.00000000
         Act:  16.00000000  16.00000000
         Vir:   0.00000000   0.00000000
Number of electrons in the active space:  32

 The density matrix is idempotent!

 The density matrix is idempotent!


******** <class 'pyscf.scf.hf.RHF'> ********
method = RHF
initial guess = minao
damping factor = 0
level_shift factor = 0
DIIS = <class 'pyscf.scf.diis.CDIIS'>
diis_start_cycle = 1
diis_space = 8
SCF conv_tol = 1e-09
SCF conv_tol_grad = 1e-05
SCF max_cycles = 200
direct_scf = True
direct_scf_tol = 1e-13
chkfile to save SCF result = subsys_scf.chk
max_memory 900000 MB (current use 10411 MB)
init E= 994.152470535955
  HOMO = -0.168819239631665  LUMO = 0.00350010701727058
cycle= 1 E= 994.105995012411  delta_E= -0.0465  |g|= 0.0805  |ddm|= 0.779
  HOMO = -0.17165642816766  LUMO = 0.00601280035627265
cycle= 2 E= 994.101663340235  delta_E= -0.00433  |g|= 0.0316  |ddm|= 0.219
  HOMO = -0.176661370270287  LUMO = 0.0104368157698878
cycle= 3 E= 994.100327920206  delta_E= -0.00134  |g|= 0.0251  |ddm|= 0.116
  HOMO = -0.17591150232107  LUMO = 0.0129524595913034
cycle= 4 E= 994.099800517571  delta_E= -0.000527  |g|= 0.0105  |ddm|= 0.0678
  HOMO = -0.178176013445073  LUMO = 0.0143384383696179
cycle= 5 E= 994.099535196398  delta_E= -0.000265  |g|= 0.00485  |ddm|= 0.0705
  HOMO = -0.17834374537177  LUMO = 0.0150110267468057
cycle= 6 E= 994.099494531799  delta_E= -4.07e-05  |g|= 0.00284  |ddm|= 0.0254
  HOMO = -0.178336308628149  LUMO = 0.0148487864461384
cycle= 7 E= 994.099482272574  delta_E= -1.23e-05  |g|= 0.00181  |ddm|= 0.0127
  HOMO = -0.178170743209672  LUMO = 0.0146669998261288
cycle= 8 E= 994.099473180047  delta_E= -9.09e-06  |g|= 0.00121  |ddm|= 0.0144
  HOMO = -0.178068693532573  LUMO = 0.014430231137013
cycle= 9 E= 994.099469446405  delta_E= -3.73e-06  |g|= 0.000304  |ddm|= 0.0138
  HOMO = -0.177989707061033  LUMO = 0.0143949448283832
cycle= 10 E= 994.099469234753  delta_E= -2.12e-07  |g|= 9.53e-05  |ddm|= 0.0033
  HOMO = -0.1779767125171  LUMO = 0.0143732981463491
cycle= 11 E= 994.099469221244  delta_E= -1.35e-08  |g|= 3.29e-05  |ddm|= 0.000798
  HOMO = -0.177975964552111  LUMO = 0.0143701145216861
cycle= 12 E= 994.099469220545  delta_E= -6.99e-10  |g|= 7.5e-06  |ddm|= 0.000133
  HOMO = -0.177975019550712  LUMO = 0.0143704963614315
Extra cycle  E= 994.099469220215  delta_E= -3.3e-10  |g|= 3.77e-06  |ddm|= 2.48e-05
converged SCF energy = 994.099469220215
Difference in energy:  -657.69482677621
E(MP2) = 993.520925804898  E_corr = -0.578543415316618
Total energy =  -773.9273102966988
time elapsed:  47.966203689575195
