

******** <class 'pyscf.dft.rks.RKS'> ********
method = RKS-RHF
initial guess = minao
damping factor = 0
level_shift factor = 0
DIIS = <class 'pyscf.scf.diis.CDIIS'>
diis_start_cycle = 1
diis_space = 8
SCF conv_tol = 1e-09
SCF conv_tol_grad = 1e-05
SCF max_cycles = 1000
direct_scf = True
direct_scf_tol = 1e-13
chkfile to save SCF result = scf.fchk
max_memory 900000 MB (current use 79 MB)
XC library pyscf.dft.libxc version 5.1.7
    S. Lehtola, C. Steigemann, M. J. Oliveira, and M. A. Marques, SoftwareX 7, 1 (2018)
XC functionals = pbe
    J. P. Perdew, K. Burke, and M. Ernzerhof, Phys. Rev. Lett. 77, 3865 (1996)
    J. P. Perdew, K. Burke, and M. Ernzerhof, Phys. Rev. Lett. 78, 1396 (1997)
    J. P. Perdew, K. Burke, and M. Ernzerhof, Phys. Rev. Lett. 77, 3865 (1996)
    J. P. Perdew, K. Burke, and M. Ernzerhof, Phys. Rev. Lett. 78, 1396 (1997)
small_rho_cutoff = 1e-07
init E= -776.047562665765
  HOMO = -0.232971568994409  LUMO = -0.208295308041665
cycle= 1 E= -773.976637410587  delta_E= 2.07  |g|= 1.21  |ddm|= 6.28
  HOMO = -0.0147623709839736  LUMO = 0.00124042645025576
cycle= 2 E= -762.705349823202  delta_E= 11.3  |g|= 3.82  |ddm|= 6.26
  HOMO = -0.102349098098951  LUMO = -0.0666800997346699
cycle= 3 E= -773.663457810939  delta_E=  -11  |g|= 1.39  |ddm|=  5.9
  HOMO = -0.109464790489052  LUMO = -0.0783451362791438
cycle= 4 E= -772.833925829814  delta_E= 0.83  |g|= 1.78  |ddm|= 3.35
  HOMO = -0.143605463163973  LUMO = -0.0901684065121327
cycle= 5 E= -774.045439154053  delta_E= -1.21  |g|= 0.804  |ddm|= 2.61
  HOMO = -0.15051718692783  LUMO = -0.130860576360787
cycle= 6 E= -774.268249503692  delta_E= -0.223  |g|= 0.52  |ddm|= 2.31
  HOMO = -0.149576984359279  LUMO = -0.134317211940353
cycle= 7 E= -774.19069445873  delta_E= 0.0776  |g|= 0.569  |ddm|=  2.2
  HOMO = -0.140993468871781  LUMO = -0.137153117021088
cycle= 8 E= -774.370529685682  delta_E= -0.18  |g|= 0.225  |ddm|= 1.91
  HOMO = -0.143334123368208  LUMO = -0.140482105098972
cycle= 9 E= -774.372921601475  delta_E= -0.00239  |g|= 0.214  |ddm|= 0.96
  HOMO = -0.144116534034724  LUMO = -0.140931626956138
cycle= 10 E= -774.378316799186  delta_E= -0.0054  |g|= 0.169  |ddm|= 0.885
  HOMO = -0.142505442640248  LUMO = -0.139654874892552
cycle= 11 E= -774.340883507408  delta_E= 0.0374  |g|= 0.313  |ddm|= 1.14
  HOMO = -0.143121827858784  LUMO = -0.139710602805627
cycle= 12 E= -774.298909482196  delta_E= 0.042  |g|= 0.401  |ddm|= 0.292
  HOMO = -0.14456377753563  LUMO = -0.140808601168738
cycle= 13 E= -774.276628829022  delta_E= 0.0223  |g|= 0.439  |ddm|= 0.142
  HOMO = -0.143592454481603  LUMO = -0.140405940963214
cycle= 14 E= -774.310368838778  delta_E= -0.0337  |g|= 0.38  |ddm|= 0.211
  HOMO = -0.143126743248397  LUMO = -0.139763279521413
cycle= 15 E= -774.298519772998  delta_E= 0.0118  |g|= 0.401  |ddm|= 0.0822
  HOMO = -0.144187213251534  LUMO = -0.139459982939161
cycle= 16 E= -774.249415058504  delta_E= 0.0491  |g|= 0.473  |ddm|= 0.325
  HOMO = -0.141968998265047  LUMO = -0.138963793967346
cycle= 17 E= -774.329348629143  delta_E= -0.0799  |g|= 0.339  |ddm|= 0.538
  HOMO = -0.144415509613255  LUMO = -0.139380321740367
cycle= 18 E= -774.247975937443  delta_E= 0.0814  |g|= 0.477  |ddm|= 0.558
  HOMO = -0.150516601429514  LUMO = -0.137108065693086
cycle= 19 E= -774.30859136384  delta_E= -0.0606  |g|= 0.37  |ddm|= 2.07
  HOMO = -0.143469552401447  LUMO = -0.140494000378446
cycle= 20 E= -774.337284997515  delta_E= -0.0287  |g|= 0.359  |ddm|= 1.75
  HOMO = -0.145039508398249  LUMO = -0.140866465768495
cycle= 21 E= -774.258414376044  delta_E= 0.0789  |g|= 0.464  |ddm|= 0.637
  HOMO = -0.143160078724451  LUMO = -0.140162012557204
cycle= 22 E= -774.32660002358  delta_E= -0.0682  |g|= 0.352  |ddm|= 0.459
  HOMO = -0.147775181329956  LUMO = -0.143681558323373
cycle= 23 E= -774.262178341021  delta_E= 0.0644  |g|= 0.471  |ddm|= 0.451
  HOMO = -0.14590953533775  LUMO = -0.137362797945165
cycle= 24 E= -774.20896045669  delta_E= 0.0532  |g|= 0.526  |ddm|= 0.432
  HOMO = -0.146192981374082  LUMO = -0.140113663883606
cycle= 25 E= -774.231845945497  delta_E= -0.0229  |g|= 0.507  |ddm|= 0.246
  HOMO = -0.141176090775184  LUMO = -0.13587733114404
cycle= 26 E= -774.235734928667  delta_E= -0.00389  |g|= 0.492  |ddm|= 0.229
  HOMO = -0.143426118006173  LUMO = -0.139564984852017
cycle= 27 E= -774.285393492012  delta_E= -0.0497  |g|= 0.432  |ddm|= 0.346
  HOMO = -0.174248309249359  LUMO = -0.129405423148427
cycle= 28 E= -774.234650336585  delta_E= 0.0507  |g|= 0.59  |ddm|= 2.04
  HOMO = -0.150175781990258  LUMO = -0.126695641056371
cycle= 29 E= -774.261651036129  delta_E= -0.027  |g|= 0.547  |ddm|= 0.88
  HOMO = -0.147868017766665  LUMO = -0.135539105469447
cycle= 30 E= -774.311884834336  delta_E= -0.0502  |g|= 0.372  |ddm|= 0.555
  HOMO = -0.141698163324841  LUMO = -0.137422456224968
cycle= 31 E= -774.353831611991  delta_E= -0.0419  |g|= 0.285  |ddm|= 0.612
  HOMO = -0.148032717085487  LUMO = -0.140862058045116
cycle= 32 E= -774.21072597127  delta_E= 0.143  |g|= 0.535  |ddm|= 1.91
  HOMO = -0.145879392092634  LUMO = -0.138552930233307
cycle= 33 E= -774.215844109083  delta_E= -0.00512  |g|= 0.518  |ddm|= 0.0932
  HOMO = -0.145838334638082  LUMO = -0.138389764976685
cycle= 34 E= -774.214217893213  delta_E= 0.00163  |g|= 0.519  |ddm|= 0.0272
  HOMO = -0.146816306132319  LUMO = -0.140364874453513
cycle= 35 E= -774.220684319049  delta_E= -0.00647  |g|= 0.522  |ddm|= 0.0955
  HOMO = -0.144265248989996  LUMO = -0.140024495550482
cycle= 36 E= -774.270481706445  delta_E= -0.0498  |g|= 0.443  |ddm|= 0.377
  HOMO = -0.145250340296043  LUMO = -0.139199152903877
cycle= 37 E= -774.227255313056  delta_E= 0.0432  |g|= 0.506  |ddm|= 0.306
  HOMO = -0.146016796982941  LUMO = -0.139780738275224
cycle= 38 E= -774.227155254655  delta_E= 0.0001  |g|= 0.504  |ddm|= 0.0684
  HOMO = -0.146659691064755  LUMO = -0.140612989178498
cycle= 39 E= -774.222235715685  delta_E= 0.00492  |g|= 0.511  |ddm|= 0.0821
  HOMO = -0.142202984535425  LUMO = -0.1242557138493
cycle= 40 E= -773.911419579687  delta_E= 0.311  |g|= 1.06  |ddm|= 2.42
  HOMO = -0.17739422625267  LUMO = -0.116600992214231
cycle= 41 E= -774.252831367465  delta_E= -0.341  |g|= 0.569  |ddm|= 1.28
  HOMO = -0.161337017320724  LUMO = -0.128843729367281
cycle= 42 E= -774.285848191109  delta_E= -0.033  |g|= 0.429  |ddm|= 0.337
  HOMO = -0.144338726047301  LUMO = -0.133087426397004
cycle= 43 E= -774.202837781855  delta_E= 0.083  |g|= 0.533  |ddm|= 2.17
  HOMO = -0.145701981118245  LUMO = -0.140625092576796
cycle= 44 E= -774.251447799518  delta_E= -0.0486  |g|= 0.489  |ddm|= 0.413
  HOMO = -0.144589301085101  LUMO = -0.134580293904885
cycle= 45 E= -774.207914030981  delta_E= 0.0435  |g|= 0.524  |ddm|= 0.387
  HOMO = -0.14429186873335  LUMO = -0.136645151968945
cycle= 46 E= -774.220796167389  delta_E= -0.0129  |g|= 0.507  |ddm|= 0.119
  HOMO = -0.144899221038847  LUMO = -0.134677185548988
cycle= 47 E= -774.207723101982  delta_E= 0.0131  |g|= 0.523  |ddm|= 0.118
  HOMO = -0.144311214457092  LUMO = -0.134910562447944
cycle= 48 E= -774.210726415095  delta_E= -0.003  |g|= 0.521  |ddm|= 0.0659
  HOMO = -0.149413974857007  LUMO = -0.136077310022564
cycle= 49 E= -774.317221536709  delta_E= -0.106  |g|= 0.352  |ddm|= 2.14
  HOMO = -0.14255305852043  LUMO = -0.139069919845891
cycle= 50 E= -774.320387762813  delta_E= -0.00317  |g|= 0.366  |ddm|= 1.82
  HOMO = -0.145587540294998  LUMO = -0.14058822061854
cycle= 51 E= -774.245667425717  delta_E= 0.0747  |g|= 0.486  |ddm|= 0.486
  HOMO = -0.145033577057118  LUMO = -0.14014181247862
cycle= 52 E= -774.251291943905  delta_E= -0.00562  |g|= 0.483  |ddm|= 0.108
  HOMO = -0.144793401334732  LUMO = -0.137920945844939
cycle= 53 E= -774.22094532051  delta_E= 0.0303  |g|= 0.509  |ddm|= 0.242
  HOMO = -0.145006678169055  LUMO = -0.135474059949135
cycle= 54 E= -774.206984195288  delta_E= 0.014  |g|= 0.529  |ddm|= 0.158
  HOMO = -0.145164070650153  LUMO = -0.140427868833481
cycle= 55 E= -774.253582120766  delta_E= -0.0466  |g|= 0.473  |ddm|= 0.37
  HOMO = -0.146951040095535  LUMO = -0.144155544743032
cycle= 56 E= -774.351345125229  delta_E= -0.0978  |g|= 0.291  |ddm|= 0.668
  HOMO = -0.141877235615764  LUMO = -0.139343347617366
cycle= 57 E= -774.371198792247  delta_E= -0.0199  |g|= 0.236  |ddm|= 0.35
  HOMO = -0.151351347733897  LUMO = -0.138643491495086
cycle= 58 E= -774.310224170777  delta_E= 0.061  |g|= 0.366  |ddm|= 1.53
  HOMO = -0.141988987734752  LUMO = -0.137572279121667
cycle= 59 E= -774.262984340695  delta_E= 0.0472  |g|= 0.471  |ddm|= 2.01
  HOMO = -0.14403822852094  LUMO = -0.140627719588464
cycle= 60 E= -774.30377235401  delta_E= -0.0408  |g|= 0.401  |ddm|= 0.325
  HOMO = -0.144940045812896  LUMO = -0.142010415599091
cycle= 61 E= -774.347929093184  delta_E= -0.0442  |g|= 0.303  |ddm|= 0.301
  HOMO = -0.143237260819289  LUMO = -0.138645754091582
cycle= 62 E= -774.253325817026  delta_E= 0.0946  |g|= 0.472  |ddm|= 0.619
  HOMO = -0.144124918678732  LUMO = -0.136185840844392
cycle= 63 E= -774.210579995147  delta_E= 0.0427  |g|= 0.525  |ddm|= 0.34
  HOMO = -0.141888447321736  LUMO = -0.137703748036523
cycle= 64 E= -774.270693604892  delta_E= -0.0601  |g|= 0.447  |ddm|= 0.444
  HOMO = -0.14553110739484  LUMO = -0.13993401193625
cycle= 65 E= -774.231397014121  delta_E= 0.0393  |g|= 0.497  |ddm|= 0.27
  HOMO = -0.139443193705595  LUMO = -0.133905570514484
cycle= 66 E= -774.212035951401  delta_E= 0.0194  |g|= 0.541  |ddm|= 0.327
  HOMO = -0.160296866272569  LUMO = -0.124737058195868
cycle= 67 E= -774.267324734089  delta_E= -0.0553  |g|= 0.541  |ddm|= 2.14
  HOMO = -0.152049586008233  LUMO = -0.137674475908951
cycle= 68 E= -774.305606134552  delta_E= -0.0383  |g|= 0.421  |ddm|= 0.466
  HOMO = -0.14114244044104  LUMO = -0.138236687466365
cycle= 69 E= -774.373152875814  delta_E= -0.0675  |g|= 0.217  |ddm|= 1.55
  HOMO = -0.149548160396159  LUMO = -0.144007235274793
cycle= 70 E= -774.323965957342  delta_E= 0.0492  |g|= 0.356  |ddm|= 1.31
  HOMO = -0.143960870200113  LUMO = -0.138366084659768
cycle= 71 E= -774.234929961544  delta_E= 0.089  |g|= 0.49  |ddm|= 1.96
  HOMO = -0.142787107214293  LUMO = -0.137480162267472
cycle= 72 E= -774.235844166546  delta_E= -0.000914  |g|= 0.491  |ddm|= 0.0662
  HOMO = -0.143778382584082  LUMO = -0.13696818750225
cycle= 73 E= -774.217991771862  delta_E= 0.0179  |g|= 0.511  |ddm|= 0.145
  HOMO = -0.141316081568243  LUMO = -0.136611329587353
cycle= 74 E= -774.248891178992  delta_E= -0.0309  |g|= 0.476  |ddm|= 0.228
  HOMO = -0.142793608152409  LUMO = -0.137380623536599
cycle= 75 E= -774.236959836689  delta_E= 0.0119  |g|= 0.489  |ddm|=  0.1
  HOMO = -0.142861737422109  LUMO = -0.137513433666702
cycle= 76 E= -774.236917342609  delta_E= 4.25e-05  |g|= 0.489  |ddm|= 0.0349
  HOMO = -0.141190769333124  LUMO = -0.138291562622228
cycle= 77 E= -774.326296895334  delta_E= -0.0894  |g|= 0.353  |ddm|= 0.63
  HOMO = -0.140667614042175  LUMO = -0.136572264426907
cycle= 78 E= -774.282991839528  delta_E= 0.0433  |g|= 0.443  |ddm|= 0.457
  HOMO = -0.180745687698685  LUMO = -0.123487674736055
cycle= 79 E= -774.173090778022  delta_E= 0.11  |g|= 0.727  |ddm|=  2.1
  HOMO = -0.155269823372967  LUMO = -0.131166011209768
cycle= 80 E= -774.290748312275  delta_E= -0.118  |g|= 0.414  |ddm|= 0.628
  HOMO = -0.147254194296831  LUMO = -0.141527778251004
cycle= 81 E= -774.338242279585  delta_E= -0.0475  |g|= 0.303  |ddm|= 0.524
  HOMO = -0.144755399618126  LUMO = -0.136028451489223
cycle= 82 E= -774.199219043028  delta_E= 0.139  |g|= 0.555  |ddm|= 2.05
  HOMO = -0.144121974859902  LUMO = -0.136109129078444
cycle= 83 E= -774.214868384574  delta_E= -0.0156  |g|= 0.519  |ddm|= 0.185
  HOMO = -0.144015955295242  LUMO = -0.137846179838499
cycle= 84 E= -774.228786927985  delta_E= -0.0139  |g|= 0.501  |ddm|= 0.148
  HOMO = -0.145341505144488  LUMO = -0.136848004368558
cycle= 85 E= -774.212328091553  delta_E= 0.0165  |g|= 0.526  |ddm|= 0.154
  HOMO = -0.144855747863651  LUMO = -0.136922277854672
cycle= 86 E= -774.214167224869  delta_E= -0.00184  |g|= 0.515  |ddm|= 0.094
  HOMO = -0.143872929773812  LUMO = -0.137151773662992
cycle= 87 E= -774.229341001627  delta_E= -0.0152  |g|= 0.501  |ddm|= 0.178
  HOMO = -0.141812360983635  LUMO = -0.137575500772558
cycle= 88 E= -774.268591484684  delta_E= -0.0393  |g|= 0.451  |ddm|= 0.351
  HOMO = -0.143688636881446  LUMO = -0.135329806423889
cycle= 89 E= -774.209728323854  delta_E= 0.0589  |g|= 0.518  |ddm|= 0.432
  HOMO = -0.137853253674287  LUMO = -0.132810206098238
cycle= 90 E= -772.122819321501  delta_E= 2.09  |g|=    2  |ddm|= 3.43
  HOMO = -0.178599473137437  LUMO = -0.104185835141873
cycle= 91 E= -774.196917045703  delta_E= -2.07  |g|= 0.715  |ddm|= 2.57
  HOMO = -0.168984912425966  LUMO = -0.13123613011007
cycle= 92 E= -774.277108946573  delta_E= -0.0802  |g|= 0.457  |ddm|= 0.543
  HOMO = -0.150274070533063  LUMO = -0.13542737830645
cycle= 93 E= -774.31274489368  delta_E= -0.0356  |g|= 0.36  |ddm|= 0.36
  HOMO = -0.146787947912949  LUMO = -0.141620809151918
cycle= 94 E= -774.249314069349  delta_E= 0.0634  |g|= 0.489  |ddm|= 2.05
  HOMO = -0.145742493069293  LUMO = -0.136862544594929
cycle= 95 E= -774.214911085494  delta_E= 0.0344  |g|= 0.513  |ddm|= 0.333
  HOMO = -0.145166152163589  LUMO = -0.136466228105759
cycle= 96 E= -774.212033327917  delta_E= 0.00288  |g|= 0.516  |ddm|= 0.0655
  HOMO = -0.145034058382269  LUMO = -0.136565905009062
cycle= 97 E= -774.214053245695  delta_E= -0.00202  |g|= 0.512  |ddm|= 0.0243
  HOMO = -0.145530431890214  LUMO = -0.137107668240176
cycle= 98 E= -774.213707673481  delta_E= 0.000346  |g|= 0.514  |ddm|= 0.0288
  HOMO = -0.143866366186002  LUMO = -0.136514385766193
cycle= 99 E= -774.220189288525  delta_E= -0.00648  |g|= 0.503  |ddm|= 0.0869
  HOMO = -0.143556448545387  LUMO = -0.139530839873483
cycle= 100 E= -774.283773253609  delta_E= -0.0636  |g|= 0.427  |ddm|= 0.445
  HOMO = -0.144248559007079  LUMO = -0.13779493451912
cycle= 101 E= -774.229784985045  delta_E= 0.054  |g|= 0.498  |ddm|= 0.386
  HOMO = -0.166532244242985  LUMO = -0.0933807498948291
cycle= 102 E= -774.066864671116  delta_E= 0.163  |g|= 0.918  |ddm|= 2.27
  HOMO = -0.175144718563371  LUMO = -0.119998045597469
cycle= 103 E= -774.266073147385  delta_E= -0.199  |g|= 0.502  |ddm|= 0.738
  HOMO = -0.154317592530544  LUMO = -0.136339269965898
cycle= 104 E= -774.302870709131  delta_E= -0.0368  |g|= 0.396  |ddm|= 0.424
  HOMO = -0.149762839614127  LUMO = -0.120227882378992
cycle= 105 E= -774.167656863554  delta_E= 0.135  |g|= 0.595  |ddm|=  2.2
  HOMO = -0.135524724023885  LUMO = -0.109500182379763
cycle= 106 E= -774.141750801387  delta_E= 0.0259  |g|= 0.646  |ddm|= 0.193
  HOMO = -0.140307931673813  LUMO = -0.113776822809482
cycle= 107 E= -774.152627339793  delta_E= -0.0109  |g|= 0.623  |ddm|= 0.0829
  HOMO = -0.149259633794472  LUMO = -0.12513298971011
cycle= 108 E= -774.183996551585  delta_E= -0.0314  |g|= 0.582  |ddm|= 0.262
  HOMO = -0.147018596840279  LUMO = -0.118898507974212
cycle= 109 E= -774.166213662064  delta_E= 0.0178  |g|= 0.593  |ddm|= 0.275
  HOMO = -0.145667321662816  LUMO = -0.119796312707661
cycle= 110 E= -774.167311554565  delta_E= -0.0011  |g|= 0.59  |ddm|= 0.153
  HOMO = -0.160830886448023  LUMO = -0.131886789607844
cycle= 111 E= -774.297900257339  delta_E= -0.131  |g|= 0.404  |ddm|=  2.2
  HOMO = -0.158366133523014  LUMO = -0.132314361558503
cycle= 112 E= -774.299650750469  delta_E= -0.00175  |g|= 0.398  |ddm|= 0.101
  HOMO = -0.158410449340038  LUMO = -0.1329700363524
cycle= 113 E= -774.30042695606  delta_E= -0.000776  |g|= 0.396  |ddm|= 0.031
  HOMO = -0.145942786249006  LUMO = -0.137990708217567
cycle= 114 E= -774.331231332786  delta_E= -0.0308  |g|= 0.318  |ddm|= 0.364
  HOMO = -0.144329698355215  LUMO = -0.140443063471232
cycle= 115 E= -774.29606525811  delta_E= 0.0352  |g|= 0.409  |ddm|=  1.8
  HOMO = -0.144830994999293  LUMO = -0.140292326998892
cycle= 116 E= -774.253128115384  delta_E= 0.0429  |g|= 0.475  |ddm|= 0.308
  HOMO = -0.14540144137458  LUMO = -0.141004733635242
cycle= 117 E= -774.25804551787  delta_E= -0.00492  |g|= 0.472  |ddm|= 0.0713
  HOMO = -0.144023424884843  LUMO = -0.139013839963748
cycle= 118 E= -774.244678912564  delta_E= 0.0134  |g|= 0.484  |ddm|= 0.136
  HOMO = -0.143614381885578  LUMO = -0.140594267984203
cycle= 119 E= -774.332342247443  delta_E= -0.0877  |g|= 0.341  |ddm|= 0.589
  HOMO = -0.146334326942495  LUMO = -0.138642330700362
cycle= 120 E= -774.208866877794  delta_E= 0.123  |g|= 0.529  |ddm|= 0.82
  HOMO = -0.146482543640228  LUMO = -0.138528420846078
cycle= 121 E= -774.216548024834  delta_E= -0.00768  |g|= 0.513  |ddm|= 0.144
  HOMO = -0.143074945280016  LUMO = -0.138984498044585
cycle= 122 E= -774.271428184303  delta_E= -0.0549  |g|= 0.441  |ddm|= 0.43
  HOMO = -0.149156532250011  LUMO = -0.13526045136672
cycle= 123 E= -774.307748630553  delta_E= -0.0363  |g|= 0.382  |ddm|=    2
  HOMO = -0.143060508079764  LUMO = -0.140248005993755
cycle= 124 E= -774.358193424875  delta_E= -0.0504  |g|= 0.267  |ddm|= 1.67
  HOMO = -0.142353230846709  LUMO = -0.139439865633738
cycle= 125 E= -774.357053943741  delta_E= 0.00114  |g|= 0.273  |ddm|= 0.176
  HOMO = -0.141946622807262  LUMO = -0.138031188972055
cycle= 126 E= -774.272544292648  delta_E= 0.0845  |g|= 0.442  |ddm|= 0.589
  HOMO = -0.143681685893489  LUMO = -0.140258997066695
cycle= 127 E= -774.301290399422  delta_E= -0.0287  |g|= 0.397  |ddm|= 0.208
  HOMO = -0.143225753794498  LUMO = -0.137995318761304
cycle= 128 E= -774.238632593967  delta_E= 0.0627  |g|= 0.489  |ddm|= 0.416
  HOMO = -0.14308665001567  LUMO = -0.139871408812269
cycle= 129 E= -774.308785155461  delta_E= -0.0702  |g|= 0.384  |ddm|= 0.482
  HOMO = -0.148175722111137  LUMO = -0.141396254121109
cycle= 130 E= -774.214249919745  delta_E= 0.0945  |g|= 0.532  |ddm|= 0.626
  HOMO = -0.144374286268865  LUMO = -0.140057556481057
cycle= 131 E= -774.253644099757  delta_E= -0.0394  |g|= 0.475  |ddm|= 0.377
  HOMO = -0.143089525103305  LUMO = -0.137721161856907
cycle= 132 E= -774.331750351632  delta_E= -0.0781  |g|= 0.328  |ddm|= 1.89
  HOMO = -0.145852717402505  LUMO = -0.142898622817743
cycle= 133 E= -774.344077248958  delta_E= -0.0123  |g|= 0.334  |ddm|=  1.5
  HOMO = -0.144043607485664  LUMO = -0.138804652789739
cycle= 134 E= -774.244249509924  delta_E= 0.0998  |g|= 0.488  |ddm|= 0.769
  HOMO = -0.145277128344215  LUMO = -0.138116980992864
cycle= 135 E= -774.219920814338  delta_E= 0.0243  |g|= 0.514  |ddm|= 0.235
  HOMO = -0.144005016391199  LUMO = -0.136045349518389
cycle= 136 E= -774.215224397515  delta_E= 0.0047  |g|= 0.513  |ddm|= 0.0929
  HOMO = -0.144722949555869  LUMO = -0.138777082637844
cycle= 137 E= -774.233109585069  delta_E= -0.0179  |g|= 0.495  |ddm|= 0.165
  HOMO = -0.144231415176721  LUMO = -0.138426477500179
cycle= 138 E= -774.236847965029  delta_E= -0.00374  |g|= 0.49  |ddm|= 0.0318
  HOMO = -0.144536290826304  LUMO = -0.138705843892179
cycle= 139 E= -774.235592948673  delta_E= 0.00126  |g|= 0.492  |ddm|= 0.0126
  HOMO = -0.144931806527714  LUMO = -0.139629047441321
cycle= 140 E= -774.246339608063  delta_E= -0.0107  |g|= 0.481  |ddm|= 0.0907
  HOMO = -0.17901053422341  LUMO = -0.102860708607742
cycle= 141 E= -774.124722754114  delta_E= 0.122  |g|= 0.846  |ddm|= 2.18
  HOMO = -0.171880115686357  LUMO = -0.112939992526133
cycle= 142 E= -774.178050197149  delta_E= -0.0533  |g|= 0.737  |ddm|= 0.916
  HOMO = -0.164226104937723  LUMO = -0.126889890214317
cycle= 143 E= -774.287751895748  delta_E= -0.11  |g|= 0.438  |ddm|= 0.63
  HOMO = -0.146821992679672  LUMO = -0.142470045735491
cycle= 144 E= -774.259507915985  delta_E= 0.0282  |g|= 0.481  |ddm|= 2.06
  HOMO = -0.148597419630731  LUMO = -0.132690415577367
cycle= 145 E= -774.187919999705  delta_E= 0.0716  |g|= 0.561  |ddm|= 0.619
  HOMO = -0.148400416567663  LUMO = -0.13482287743256
cycle= 146 E= -774.199244675676  delta_E= -0.0113  |g|= 0.536  |ddm|= 0.0961
  HOMO = -0.146460908671628  LUMO = -0.131960666371318
cycle= 147 E= -774.198155060058  delta_E= 0.00109  |g|= 0.54  |ddm|= 0.115
  HOMO = -0.147357808775458  LUMO = -0.13739948189104
cycle= 148 E= -774.211761704342  delta_E= -0.0136  |g|= 0.523  |ddm|= 0.195
  HOMO = -0.146885275802095  LUMO = -0.138487703605656
cycle= 149 E= -774.217624612572  delta_E= -0.00586  |g|= 0.513  |ddm|= 0.0823
  HOMO = -0.143971182146882  LUMO = -0.139718689683747
cycle= 150 E= -774.358146950851  delta_E= -0.141  |g|= 0.252  |ddm|= 1.91
  HOMO = -0.142513676003206  LUMO = -0.136641840097881
cycle= 151 E= -774.232200776442  delta_E= 0.126  |g|= 0.494  |ddm|= 1.85
  HOMO = -0.144237701976982  LUMO = -0.137314114508594
cycle= 152 E= -774.222956309009  delta_E= 0.00924  |g|= 0.504  |ddm|= 0.123
  HOMO = -0.144627731299311  LUMO = -0.138069711669639
cycle= 153 E= -774.228127747922  delta_E= -0.00517  |g|= 0.497  |ddm|= 0.0883
  HOMO = -0.14465780249811  LUMO = -0.140748913211256
cycle= 154 E= -774.277265515998  delta_E= -0.0491  |g|= 0.445  |ddm|= 0.377
  HOMO = -0.144139083955328  LUMO = -0.138163672773379
cycle= 155 E= -774.233955722588  delta_E= 0.0433  |g|= 0.492  |ddm|= 0.359
  HOMO = -0.144751221044238  LUMO = -0.136985040868983
cycle= 156 E= -774.215626941647  delta_E= 0.0183  |g|= 0.512  |ddm|= 0.141
  HOMO = -0.144799176087513  LUMO = -0.13863873307371
cycle= 157 E= -774.232085113122  delta_E= -0.0165  |g|= 0.493  |ddm|= 0.141
  HOMO = -0.143377430801779  LUMO = -0.138439785285246
cycle= 158 E= -774.245456396597  delta_E= -0.0134  |g|= 0.479  |ddm|= 0.168
  HOMO = -0.162719702963527  LUMO = -0.100711873474509
cycle= 159 E= -774.037439129272  delta_E= 0.208  |g|= 0.967  |ddm|= 2.28
  HOMO = -0.180169071932201  LUMO = -0.126382679968252
cycle= 160 E= -774.260547450902  delta_E= -0.223  |g|= 0.52  |ddm|= 0.924
  HOMO = -0.155004970059323  LUMO = -0.126965832527206
cycle= 161 E= -774.288260836788  delta_E= -0.0277  |g|= 0.43  |ddm|= 0.459
  HOMO = -0.146830980170813  LUMO = -0.129596078829349
cycle= 162 E= -774.18643616104  delta_E= 0.102  |g|= 0.552  |ddm|= 2.19
  HOMO = -0.141547446023186  LUMO = -0.124749421881017
cycle= 163 E= -774.174460904443  delta_E= 0.012  |g|= 0.587  |ddm|= 0.153
  HOMO = -0.148184594022212  LUMO = -0.127798158213239
cycle= 164 E= -774.189455876947  delta_E= -0.015  |g|= 0.565  |ddm|= 0.202
  HOMO = -0.145970813327458  LUMO = -0.133737914490691
cycle= 165 E= -774.202145299323  delta_E= -0.0127  |g|= 0.536  |ddm|= 0.208
  HOMO = -0.146944415939483  LUMO = -0.131253996220257
cycle= 166 E= -774.194223644196  delta_E= 0.00792  |g|= 0.54  |ddm|= 0.108
  HOMO = -0.14616167336956  LUMO = -0.133681540524769
cycle= 167 E= -774.201966952242  delta_E= -0.00774  |g|= 0.528  |ddm|= 0.0716
  HOMO = -0.149279140189814  LUMO = -0.13601246204651
cycle= 168 E= -774.318330356704  delta_E= -0.116  |g|= 0.348  |ddm|= 2.16
  HOMO = -0.144382886199111  LUMO = -0.138486462452786
cycle= 169 E= -774.33810911767  delta_E= -0.0198  |g|=  0.3  |ddm|= 0.34
  HOMO = -0.146539226135588  LUMO = -0.141369936565475
cycle= 170 E= -774.34836485388  delta_E= -0.0103  |g|= 0.28  |ddm|= 0.225
  HOMO = -0.141218348354372  LUMO = -0.137888439075658
cycle= 171 E= -774.372438196875  delta_E= -0.0241  |g|= 0.218  |ddm|= 0.491
  HOMO = -0.144772580068635  LUMO = -0.139542594823727
cycle= 172 E= -774.340086152398  delta_E= 0.0324  |g|=  0.3  |ddm|= 0.519
  HOMO = -0.145385018152514  LUMO = -0.139459654934689
cycle= 173 E= -774.337087783408  delta_E= 0.003  |g|= 0.305  |ddm|= 0.104
  HOMO = -0.144220480128547  LUMO = -0.13962266287319
cycle= 174 E= -774.348971967833  delta_E= -0.0119  |g|= 0.29  |ddm|= 0.195
  HOMO = -0.143890544045169  LUMO = -0.141087447452585
cycle= 175 E= -774.392384079895  delta_E= -0.0434  |g|= 0.0867  |ddm|= 0.916
  HOMO = -0.143213839912735  LUMO = -0.140428888649982
cycle= 176 E= -774.390284566971  delta_E= 0.0021  |g|= 0.0967  |ddm|= 0.368
  HOMO = -0.144044492042382  LUMO = -0.14051617136789
cycle= 177 E= -774.367690420611  delta_E= 0.0226  |g|= 0.213  |ddm|= 0.366
  HOMO = -0.143854851642748  LUMO = -0.141114932576536
cycle= 178 E= -774.391764765006  delta_E= -0.0241  |g|= 0.0799  |ddm|= 0.401
  HOMO = -0.143662585295479  LUMO = -0.140664825821756
cycle= 179 E= -774.384601035791  delta_E= 0.00716  |g|= 0.137  |ddm|= 0.16
  HOMO = -0.143217492115032  LUMO = -0.140130260652085
cycle= 180 E= -774.381296355892  delta_E= 0.0033  |g|= 0.155  |ddm|= 0.0586
  HOMO = -0.143727653187297  LUMO = -0.140621803885238
cycle= 181 E= -774.380548250877  delta_E= 0.000748  |g|= 0.159  |ddm|= 0.0354
  HOMO = -0.143758506779761  LUMO = -0.140467844785508
cycle= 182 E= -774.374810339459  delta_E= 0.00574  |g|= 0.186  |ddm|= 0.0873
  HOMO = -0.143670785551921  LUMO = -0.140354557488552
cycle= 183 E= -774.373984561701  delta_E= 0.000826  |g|= 0.191  |ddm|= 0.0279
  HOMO = -0.143887724896737  LUMO = -0.140470757997331
cycle= 184 E= -774.371719577028  delta_E= 0.00226  |g|= 0.199  |ddm|= 0.05
  HOMO = -0.143257126753234  LUMO = -0.139938760378369
cycle= 185 E= -774.374139780927  delta_E= -0.00242  |g|= 0.19  |ddm|= 0.0555
  HOMO = -0.142888500106829  LUMO = -0.14026088924418
cycle= 186 E= -774.394426718083  delta_E= -0.0203  |g|= 0.0529  |ddm|= 0.544
  HOMO = -0.144454925348826  LUMO = -0.141535259768374
cycle= 187 E= -774.332410151148  delta_E= 0.062  |g|= 0.333  |ddm|= 0.754
  HOMO = -0.143758238498116  LUMO = -0.140866009666492
cycle= 188 E= -774.391045454243  delta_E= -0.0586  |g|= 0.0932  |ddm|= 0.976
  HOMO = -0.143997144340318  LUMO = -0.140441968222216
cycle= 189 E= -774.368590077663  delta_E= 0.0225  |g|= 0.211  |ddm|= 0.368
  HOMO = -0.14407965109955  LUMO = -0.141432210648507
cycle= 190 E= -774.395077770421  delta_E= -0.0265  |g|= 0.0272  |ddm|= 0.571
  HOMO = -0.143368323555883  LUMO = -0.14066314845137
cycle= 191 E= -774.394683330566  delta_E= 0.000394  |g|= 0.0351  |ddm|= 0.0823
  HOMO = -0.143609181847734  LUMO = -0.140814100261021
cycle= 192 E= -774.392441689568  delta_E= 0.00224  |g|= 0.0719  |ddm|= 0.101
  HOMO = -0.143671673131447  LUMO = -0.140727652940197
cycle= 193 E= -774.387488601366  delta_E= 0.00495  |g|= 0.118  |ddm|= 0.123
  HOMO = -0.143766683667063  LUMO = -0.140763166341884
cycle= 194 E= -774.385508267184  delta_E= 0.00198  |g|= 0.131  |ddm|= 0.0377
  HOMO = -0.143919873167611  LUMO = -0.14084995720784
cycle= 195 E= -774.382946833272  delta_E= 0.00256  |g|= 0.147  |ddm|= 0.0484
  HOMO = -0.143708004924657  LUMO = -0.141045648656078
cycle= 196 E= -774.39517936594  delta_E= -0.0122  |g|= 0.019  |ddm|= 0.355
  HOMO = -0.143564845821083  LUMO = -0.140956859099406
cycle= 197 E= -774.394017747818  delta_E= 0.00116  |g|= 0.0484  |ddm|= 0.139
  HOMO = -0.143552309523788  LUMO = -0.140855846615809
cycle= 198 E= -774.394910837195  delta_E= -0.000893  |g|= 0.0269  |ddm|= 0.177
  HOMO = -0.14356340093864  LUMO = -0.140874199934427
cycle= 199 E= -774.394993192295  delta_E= -8.24e-05  |g|= 0.0239  |ddm|= 0.00737
  HOMO = -0.143532032658027  LUMO = -0.140852492794062
cycle= 200 E= -774.395134991086  delta_E= -0.000142  |g|= 0.0178  |ddm|= 0.0152
  HOMO = -0.143570181951612  LUMO = -0.140885908995771
cycle= 201 E= -774.395074144274  delta_E= 6.08e-05  |g|= 0.0207  |ddm|= 0.00741
  HOMO = -0.143582100043092  LUMO = -0.14089597399312
cycle= 202 E= -774.395054451422  delta_E= 1.97e-05  |g|= 0.0215  |ddm|= 0.00257
  HOMO = -0.143572366086249  LUMO = -0.140905406750453
cycle= 203 E= -774.395255561409  delta_E= -0.000201  |g|= 0.00978  |ddm|= 0.0287
  HOMO = -0.143530980459556  LUMO = -0.140876989272929
cycle= 204 E= -774.395306402628  delta_E= -5.08e-05  |g|= 0.00186  |ddm|= 0.0264
  HOMO = -0.143547482577954  LUMO = -0.140892393831258
cycle= 205 E= -774.395307738989  delta_E= -1.34e-06  |g|= 0.000307  |ddm|= 0.00342
  HOMO = -0.143543032095892  LUMO = -0.140888665910962
cycle= 206 E= -774.395307638778  delta_E= 1e-07  |g|= 0.000655  |ddm|= 0.000973
  HOMO = -0.143545637880196  LUMO = -0.140890075018651
cycle= 207 E= -774.395307405402  delta_E= 2.33e-07  |g|= 0.000831  |ddm|= 0.0024
  HOMO = -0.143545651243626  LUMO = -0.140890947062707
cycle= 208 E= -774.395307764028  delta_E= -3.59e-07  |g|= 9.04e-05  |ddm|= 0.00167
  HOMO = -0.14354472201177  LUMO = -0.140889989035216
cycle= 209 E= -774.395307765936  delta_E= -1.91e-09  |g|= 6.67e-05  |ddm|= 8.55e-05
  HOMO = -0.143545482264022  LUMO = -0.140890762993589
cycle= 210 E= -774.39530776746  delta_E= -1.52e-09  |g|= 3.6e-05  |ddm|= 7.33e-05
  HOMO = -0.14354502807077  LUMO = -0.140890377150404
cycle= 211 E= -774.395307766886  delta_E= 5.74e-10  |g|= 4.93e-05  |ddm|= 0.000199
  HOMO = -0.143545221705007  LUMO = -0.140890557224753
cycle= 212 E= -774.395307767935  delta_E= -1.05e-09  |g|= 2.15e-05  |ddm|= 6.68e-05
  HOMO = -0.143545258627995  LUMO = -0.140890562430489
cycle= 213 E= -774.395307768172  delta_E= -2.37e-10  |g|= 2.41e-06  |ddm|= 5.33e-05
  HOMO = -0.143545183262604  LUMO = -0.140890665513423
Extra cycle  E= -774.395307759612  delta_E= 8.56e-09  |g|= 0.000126  |ddm|= 0.000302
converged SCF energy = -774.395307759612
AOs:  [0, 1, 2, 3, 4, 5, 6, 7, 8, 9, 10, 11, 12, 13, 14, 15, 16, 17, 18, 19, 20, 21, 22, 23, 24, 25, 26, 27, 28, 29, 30, 31, 32, 33, 34, 35, 36, 37, 38, 39, 40, 41, 42, 43, 44, 45, 46, 47, 48, 49, 50, 51, 52, 53, 54, 55, 56, 57, 58, 59, 60, 61, 62, 63]
64
Number of Active MOs:  16
Number of Environment MOs:  54
Number of Virtual MOs:  244
 # electrons:            α            β
         Env:  54.00000000  54.00000000
         Act:  16.00000000  16.00000000
         Vir:   0.00000000   0.00000000
Number of electrons in the active space:  32

 The density matrix is idempotent!

 The density matrix is idempotent!


******** <class 'pyscf.scf.hf.RHF'> ********
method = RHF
initial guess = minao
damping factor = 0
level_shift factor = 0
DIIS = <class 'pyscf.scf.diis.CDIIS'>
diis_start_cycle = 1
diis_space = 8
SCF conv_tol = 1e-09
SCF conv_tol_grad = 1e-05
SCF max_cycles = 200
direct_scf = True
direct_scf_tol = 1e-13
chkfile to save SCF result = subsys_scf.chk
max_memory 900000 MB (current use 10679 MB)
init E= 994.004983811845
  HOMO = -0.167191159403073  LUMO = 0.00253960848028753
cycle= 1 E= 993.958434200024  delta_E= -0.0465  |g|= 0.0813  |ddm|= 0.781
  HOMO = -0.169764920787215  LUMO = 0.00490205160590555
cycle= 2 E= 993.954068914836  delta_E= -0.00437  |g|= 0.032  |ddm|= 0.222
  HOMO = -0.174921182611356  LUMO = 0.00926179741667748
cycle= 3 E= 993.952714408363  delta_E= -0.00135  |g|= 0.026  |ddm|= 0.117
  HOMO = -0.174139313015285  LUMO = 0.011818996869544
cycle= 4 E= 993.952148783909  delta_E= -0.000566  |g|= 0.011  |ddm|= 0.071
  HOMO = -0.176391748098454  LUMO = 0.0131899883055464
cycle= 5 E= 993.951856811077  delta_E= -0.000292  |g|= 0.00528  |ddm|= 0.0744
  HOMO = -0.176563376286669  LUMO = 0.0139013426308919
cycle= 6 E= 993.951806530764  delta_E= -5.03e-05  |g|= 0.00317  |ddm|= 0.0286
  HOMO = -0.176543000473362  LUMO = 0.0137155403468042
cycle= 7 E= 993.951790696929  delta_E= -1.58e-05  |g|= 0.00207  |ddm|= 0.0145
  HOMO = -0.176343269996953  LUMO = 0.0135002784189237
cycle= 8 E= 993.95177824695  delta_E= -1.24e-05  |g|= 0.00138  |ddm|= 0.0173
  HOMO = -0.176211751704902  LUMO = 0.0132154622923374
cycle= 9 E= 993.951773018671  delta_E= -5.23e-06  |g|= 0.000337  |ddm|= 0.0169
  HOMO = -0.176119091938388  LUMO = 0.0131700414915763
cycle= 10 E= 993.951772738719  delta_E= -2.8e-07  |g|= 0.000105  |ddm|= 0.00394
  HOMO = -0.176103732043063  LUMO = 0.0131459896894931
cycle= 11 E= 993.951772722357  delta_E= -1.64e-08  |g|= 3.63e-05  |ddm|= 0.0009
  HOMO = -0.176102688713899  LUMO = 0.0131419599195508
cycle= 12 E= 993.951772721014  delta_E= -1.34e-09  |g|= 7.87e-06  |ddm|= 0.000169
  HOMO = -0.176102184036209  LUMO = 0.013142486455809
cycle= 13 E= 993.951772720798  delta_E= -2.16e-10  |g|= 2.38e-06  |ddm|= 3.64e-05
  HOMO = -0.176102508804098  LUMO = 0.0131422226763149
Extra cycle  E= 993.95177272049  delta_E= -3.08e-10  |g|= 1.19e-06  |ddm|= 7.42e-06
converged SCF energy = 993.95177272049
Difference in energy:  -658.2803125829276
E(MP2) = 993.373351436099  E_corr = -0.578421284391323
Total energy =  -773.9246934707324
time elapsed:  216.9307417869568
