

******** <class 'pyscf.dft.rks.RKS'> ********
method = RKS-RHF
initial guess = minao
damping factor = 0
level_shift factor = 0
DIIS = <class 'pyscf.scf.diis.CDIIS'>
diis_start_cycle = 1
diis_space = 8
SCF conv_tol = 1e-09
SCF conv_tol_grad = 1e-05
SCF max_cycles = 1000
direct_scf = True
direct_scf_tol = 1e-13
chkfile to save SCF result = scf.fchk
max_memory 900000 MB (current use 79 MB)
XC library pyscf.dft.libxc version 5.1.7
    S. Lehtola, C. Steigemann, M. J. Oliveira, and M. A. Marques, SoftwareX 7, 1 (2018)
XC functionals = pbe
    J. P. Perdew, K. Burke, and M. Ernzerhof, Phys. Rev. Lett. 77, 3865 (1996)
    J. P. Perdew, K. Burke, and M. Ernzerhof, Phys. Rev. Lett. 78, 1396 (1997)
    J. P. Perdew, K. Burke, and M. Ernzerhof, Phys. Rev. Lett. 77, 3865 (1996)
    J. P. Perdew, K. Burke, and M. Ernzerhof, Phys. Rev. Lett. 78, 1396 (1997)
small_rho_cutoff = 1e-07
init E= -776.04754061138
  HOMO = -0.232892725319638  LUMO = -0.208357746421109
cycle= 1 E= -773.975112149074  delta_E= 2.07  |g|= 1.21  |ddm|= 6.28
  HOMO = -0.0154017015678928  LUMO = 0.0006778212746554
cycle= 2 E= -762.687675337098  delta_E= 11.3  |g|= 3.82  |ddm|= 6.26
  HOMO = -0.101571774595925  LUMO = -0.0670553302511316
cycle= 3 E= -773.664262850925  delta_E=  -11  |g|= 1.39  |ddm|=  5.9
  HOMO = -0.109315730394008  LUMO = -0.0779925244715299
cycle= 4 E= -772.82871662855  delta_E= 0.836  |g|= 1.79  |ddm|= 3.36
  HOMO = -0.14330140665782  LUMO = -0.0899775910277278
cycle= 5 E= -774.044518531168  delta_E= -1.22  |g|= 0.805  |ddm|= 2.61
  HOMO = -0.150202137051504  LUMO = -0.13112583591571
cycle= 6 E= -774.26600248139  delta_E= -0.221  |g|= 0.522  |ddm|= 2.32
  HOMO = -0.149655082218034  LUMO = -0.133917645665883
cycle= 7 E= -774.184663198682  delta_E= 0.0813  |g|= 0.575  |ddm|= 2.23
  HOMO = -0.140103308267475  LUMO = -0.137911105229893
cycle= 8 E= -774.358216744033  delta_E= -0.174  |g|= 0.258  |ddm|= 2.03
  HOMO = -0.143048561904942  LUMO = -0.139614584136395
cycle= 9 E= -774.229414983922  delta_E= 0.129  |g|= 0.491  |ddm|= 1.88
  HOMO = -0.146139575215861  LUMO = -0.140143434928199
cycle= 10 E= -774.318619033711  delta_E= -0.0892  |g|= 0.333  |ddm|= 2.13
  HOMO = -0.142531493619385  LUMO = -0.14029607317162
cycle= 11 E= -774.347324949185  delta_E= -0.0287  |g|= 0.266  |ddm|= 0.433
  HOMO = -0.142594460690739  LUMO = -0.139470168529979
cycle= 12 E= -774.331616047653  delta_E= 0.0157  |g|= 0.303  |ddm|= 0.247
  HOMO = -0.145060262008913  LUMO = -0.14140862435704
cycle= 13 E= -774.328992043495  delta_E= 0.00262  |g|= 0.315  |ddm|= 0.143
  HOMO = -0.142835010635337  LUMO = -0.141396950655829
cycle= 14 E= -774.374988549867  delta_E= -0.046  |g|= 0.18  |ddm|= 0.675
  HOMO = -0.145612843385898  LUMO = -0.141614917634065
cycle= 15 E= -774.325317112789  delta_E= 0.0497  |g|= 0.33  |ddm|= 0.725
  HOMO = -0.144033027052273  LUMO = -0.13725683510128
cycle= 16 E= -774.31679884052  delta_E= 0.00852  |g|= 0.336  |ddm|= 0.179
  HOMO = -0.143390791410164  LUMO = -0.138009338787406
cycle= 17 E= -774.321985235633  delta_E= -0.00519  |g|= 0.33  |ddm|= 0.13
  HOMO = -0.141434652351514  LUMO = -0.137996913532761
cycle= 18 E= -774.214771773393  delta_E= 0.107  |g|= 0.512  |ddm|= 2.14
  HOMO = -0.143862431733903  LUMO = -0.138679582250218
cycle= 19 E= -774.324179410497  delta_E= -0.109  |g|= 0.321  |ddm|= 2.14
  HOMO = -0.142184290043395  LUMO = -0.13921265526096
cycle= 20 E= -774.334570492905  delta_E= -0.0104  |g|= 0.304  |ddm|= 0.198
  HOMO = -0.14363146880861  LUMO = -0.1421167767517
cycle= 21 E= -774.305344546311  delta_E= 0.0292  |g|= 0.382  |ddm|= 1.76
  HOMO = -0.139534499597336  LUMO = -0.138322562230624
cycle= 22 E= -774.340252602874  delta_E= -0.0349  |g|= 0.32  |ddm|= 0.356
  HOMO = -0.145228492659512  LUMO = -0.141977886855515
cycle= 23 E= -774.224003580621  delta_E= 0.116  |g|= 0.525  |ddm|= 0.903
  HOMO = -0.142646143867135  LUMO = -0.139788003710777
cycle= 24 E= -774.230788412498  delta_E= -0.00678  |g|= 0.492  |ddm|= 0.193
  HOMO = -0.145127807078089  LUMO = -0.140680719612654
cycle= 25 E= -774.210915220325  delta_E= 0.0199  |g|= 0.514  |ddm|= 0.173
  HOMO = -0.144816299556803  LUMO = -0.141459996258747
cycle= 26 E= -774.221867101268  delta_E= -0.011  |g|= 0.506  |ddm|= 0.118
  HOMO = -0.144625226645054  LUMO = -0.141273205926323
cycle= 27 E= -774.222350486102  delta_E= -0.000483  |g|= 0.504  |ddm|= 0.0176
  HOMO = -0.14476577007419  LUMO = -0.139387561640013
cycle= 28 E= -774.207833769068  delta_E= 0.0145  |g|= 0.523  |ddm|= 0.153
  HOMO = -0.17979685280199  LUMO = -0.112580303219956
cycle= 29 E= -774.173106234359  delta_E= 0.0347  |g|= 0.702  |ddm|= 2.21
  HOMO = -0.155871687785195  LUMO = -0.134084073210352
cycle= 30 E= -774.297342572807  delta_E= -0.124  |g|= 0.415  |ddm|= 0.601
  HOMO = -0.149799285728951  LUMO = -0.136701117087254
cycle= 31 E= -774.297210901827  delta_E= 0.000132  |g|= 0.436  |ddm|= 0.471
  HOMO = -0.143212399656715  LUMO = -0.141703632670789
cycle= 32 E= -774.370129027933  delta_E= -0.0729  |g|= 0.218  |ddm|= 1.67
  HOMO = -0.141600608077478  LUMO = -0.138128815653088
cycle= 33 E= -774.220007017023  delta_E= 0.15  |g|= 0.497  |ddm|= 1.15
  HOMO = -0.144338355039313  LUMO = -0.139976415461111
cycle= 34 E= -774.211008001691  delta_E= 0.009  |g|= 0.509  |ddm|= 0.125
  HOMO = -0.143435518344127  LUMO = -0.141646894510094
cycle= 35 E= -774.259014145483  delta_E= -0.048  |g|= 0.459  |ddm|= 0.425
  HOMO = -0.143871780975064  LUMO = -0.138663450774235
cycle= 36 E= -774.204892568796  delta_E= 0.0541  |g|= 0.52  |ddm|= 0.475
  HOMO = -0.143443145314632  LUMO = -0.139962550645403
cycle= 37 E= -774.218730493363  delta_E= -0.0138  |g|= 0.499  |ddm|= 0.15
  HOMO = -0.142249169473212  LUMO = -0.141115008402573
cycle= 38 E= -774.38974864958  delta_E= -0.171  |g|= 0.102  |ddm|= 1.65
  HOMO = -0.142834004338002  LUMO = -0.141735538761176
cycle= 39 E= -774.3887629438  delta_E= 0.000986  |g|= 0.0955  |ddm|= 0.113
  HOMO = -0.142450830253752  LUMO = -0.141035802683761
cycle= 40 E= -774.289628368353  delta_E= 0.0991  |g|= 0.411  |ddm|= 1.26
  HOMO = -0.143144175993506  LUMO = -0.140453287664691
cycle= 41 E= -774.231476400144  delta_E= 0.0582  |g|= 0.489  |ddm|= 0.438
  HOMO = -0.143367907471806  LUMO = -0.140396255179724
cycle= 42 E= -774.225782126399  delta_E= 0.00569  |g|= 0.494  |ddm|= 0.0533
  HOMO = -0.143458851214058  LUMO = -0.140490038883842
cycle= 43 E= -774.225878233618  delta_E= -9.61e-05  |g|= 0.493  |ddm|= 0.00704
  HOMO = -0.143581117168651  LUMO = -0.141141200351071
cycle= 44 E= -774.237020119319  delta_E= -0.0111  |g|= 0.483  |ddm|= 0.105
  HOMO = -0.143332374201897  LUMO = -0.140545438263768
cycle= 45 E= -774.229366753113  delta_E= 0.00765  |g|= 0.49  |ddm|= 0.0747
  HOMO = -0.143339510803698  LUMO = -0.140526476266633
cycle= 46 E= -774.229168013242  delta_E= 0.000199  |g|= 0.49  |ddm|= 0.00712
  HOMO = -0.143107825764406  LUMO = -0.14090540758009
cycle= 47 E= -774.244554900446  delta_E= -0.0154  |g|= 0.474  |ddm|= 0.16
  HOMO = -0.179118919139507  LUMO = -0.127341153904185
cycle= 48 E= -774.203703068783  delta_E= 0.0409  |g|= 0.632  |ddm|= 2.14
  HOMO = -0.16320095675541  LUMO = -0.10887567120787
cycle= 49 E= -774.220001263556  delta_E= -0.0163  |g|= 0.641  |ddm|= 0.894
  HOMO = -0.157561085020165  LUMO = -0.133217261103852
cycle= 50 E= -774.300783284648  delta_E= -0.0808  |g|= 0.397  |ddm|= 0.566
  HOMO = -0.142040588128211  LUMO = -0.137925639629391
cycle= 51 E= -774.223259815476  delta_E= 0.0775  |g|= 0.507  |ddm|= 2.16
  HOMO = -0.143200075632781  LUMO = -0.13534832008323
cycle= 52 E= -774.204090497998  delta_E= 0.0192  |g|= 0.523  |ddm|= 0.231
  HOMO = -0.142713938310359  LUMO = -0.137980595948446
cycle= 53 E= -774.220504191969  delta_E= -0.0164  |g|= 0.503  |ddm|= 0.166
  HOMO = -0.14397587640736  LUMO = -0.137581031095616
cycle= 54 E= -774.211144435386  delta_E= 0.00936  |g|= 0.513  |ddm|= 0.143
  HOMO = -0.142436432339624  LUMO = -0.137616538884539
cycle= 55 E= -774.219171233673  delta_E= -0.00803  |g|= 0.503  |ddm|= 0.112
  HOMO = -0.141440376199663  LUMO = -0.139741858354989
cycle= 56 E= -774.323659169368  delta_E= -0.104  |g|= 0.354  |ddm|= 0.778
  HOMO = -0.142738346356471  LUMO = -0.139837099048381
cycle= 57 E= -774.224130937267  delta_E= 0.0995  |g|= 0.521  |ddm|= 0.661
  HOMO = -0.143486175047697  LUMO = -0.140971818555518
cycle= 58 E= -774.246893314339  delta_E= -0.0228  |g|= 0.489  |ddm|= 0.183
  HOMO = -0.147796353258871  LUMO = -0.136777743297048
cycle= 59 E= -774.299680506378  delta_E= -0.0528  |g|= 0.398  |ddm|= 2.11
  HOMO = -0.145147966549706  LUMO = -0.137650530640394
cycle= 60 E= -774.201466447224  delta_E= 0.0982  |g|= 0.53  |ddm|=  2.2
  HOMO = -0.145014574562208  LUMO = -0.142931565590833
cycle= 61 E= -774.353572065023  delta_E= -0.152  |g|= 0.273  |ddm|= 2.04
  HOMO = -0.141087175449377  LUMO = -0.135991910539577
cycle= 62 E= -774.207555002869  delta_E= 0.146  |g|= 0.517  |ddm|= 2.03
  HOMO = -0.143596910408539  LUMO = -0.138308399910783
cycle= 63 E= -774.210439847102  delta_E= -0.00288  |g|= 0.513  |ddm|= 0.151
  HOMO = -0.14259021140124  LUMO = -0.14011797143208
cycle= 64 E= -774.235393633688  delta_E= -0.025  |g|= 0.492  |ddm|=  0.3
  HOMO = -0.139506280032807  LUMO = -0.137382903117085
cycle= 65 E= -774.341112195708  delta_E= -0.106  |g|= 0.318  |ddm|= 1.92
  HOMO = -0.144890362921263  LUMO = -0.138551855446806
cycle= 66 E= -774.207088344692  delta_E= 0.134  |g|= 0.519  |ddm|= 2.05
  HOMO = -0.14465376910988  LUMO = -0.139033848963696
cycle= 67 E= -774.211167164365  delta_E= -0.00408  |g|= 0.512  |ddm|=  0.1
  HOMO = -0.14403023863333  LUMO = -0.138544128487259
cycle= 68 E= -774.208460230542  delta_E= 0.00271  |g|= 0.513  |ddm|= 0.0792
  HOMO = -0.143405067194774  LUMO = -0.138260778585223
cycle= 69 E= -774.212102805405  delta_E= -0.00364  |g|= 0.508  |ddm|= 0.0443

WARN: HOMO -0.146205487298657 == LUMO -0.145288035227001

cycle= 70 E= -774.202852353125  delta_E= 0.00925  |g|= 0.786  |ddm|= 2.06
  HOMO = -0.145381694081145  LUMO = -0.142527821521837
cycle= 71 E= -774.328412950222  delta_E= -0.126  |g|= 0.326  |ddm|= 1.38
  HOMO = -0.142728178900186  LUMO = -0.138918617689237
cycle= 72 E= -774.217556714167  delta_E= 0.111  |g|= 0.507  |ddm|= 2.07
  HOMO = -0.142732810645711  LUMO = -0.140261761540173
cycle= 73 E= -774.24708129393  delta_E= -0.0295  |g|= 0.47  |ddm|= 0.273
  HOMO = -0.136961635045252  LUMO = -0.133698643848021
cycle= 74 E= -774.303834847675  delta_E= -0.0568  |g|= 0.424  |ddm|=    2
  HOMO = -0.142936547391061  LUMO = -0.13790581527897
cycle= 75 E= -774.2099885736  delta_E= 0.0938  |g|= 0.514  |ddm|= 2.11
  HOMO = -0.14347530389347  LUMO = -0.138084036809472
cycle= 76 E= -774.209964520257  delta_E= 2.41e-05  |g|= 0.515  |ddm|= 0.0425
  HOMO = -0.142187919851719  LUMO = -0.138139409193379
cycle= 77 E= -774.219599991663  delta_E= -0.00964  |g|= 0.504  |ddm|= 0.108
  HOMO = -0.142954726530411  LUMO = -0.137543014173905
cycle= 78 E= -774.208386545545  delta_E= 0.0112  |g|= 0.515  |ddm|= 0.112
  HOMO = -0.144863275162244  LUMO = -0.137600141579524
cycle= 79 E= -774.200573853843  delta_E= 0.00781  |g|= 0.525  |ddm|= 0.105
  HOMO = -0.165277277486943  LUMO = -0.140507269351017
cycle= 80 E= -774.205848943988  delta_E= -0.00528  |g|= 0.644  |ddm|= 2.24
  HOMO = -0.14219321121262  LUMO = -0.140635007536757
cycle= 81 E= -774.386398935329  delta_E= -0.181  |g|= 0.125  |ddm|= 1.25
  HOMO = -0.143603402154893  LUMO = -0.142476986326586
cycle= 82 E= -774.37385266116  delta_E= 0.0125  |g|=  0.2  |ddm|= 0.715
  HOMO = -0.142374665126181  LUMO = -0.141319501880947
cycle= 83 E= -774.347195368003  delta_E= 0.0267  |g|= 0.29  |ddm|= 0.298
  HOMO = -0.142138476072952  LUMO = -0.141047817849408
cycle= 84 E= -774.341095854956  delta_E= 0.0061  |g|= 0.309  |ddm|= 0.065
  HOMO = -0.142351052182272  LUMO = -0.141264013878821
cycle= 85 E= -774.336330157454  delta_E= 0.00477  |g|= 0.319  |ddm|= 0.0474
  HOMO = -0.142324723934189  LUMO = -0.141302008419563
cycle= 86 E= -774.361986508907  delta_E= -0.0257  |g|= 0.24  |ddm|= 0.218
  HOMO = -0.142422651682754  LUMO = -0.141280219032024
cycle= 87 E= -774.384606407443  delta_E= -0.0226  |g|= 0.13  |ddm|= 0.872
  HOMO = -0.143793688032529  LUMO = -0.140883569382605
cycle= 88 E= -774.223818101171  delta_E= 0.161  |g|= 0.496  |ddm|=  1.7
  HOMO = -0.142998181884891  LUMO = -0.141876280166539
cycle= 89 E= -774.346687989423  delta_E= -0.123  |g|= 0.29  |ddm|= 0.885
  HOMO = -0.142750828934621  LUMO = -0.141623198204061
cycle= 90 E= -774.356115297009  delta_E= -0.00943  |g|= 0.26  |ddm|= 0.0824
  HOMO = -0.142728577325389  LUMO = -0.141585078165635
cycle= 91 E= -774.347635478066  delta_E= 0.00848  |g|= 0.288  |ddm|= 0.0744
  HOMO = -0.143537887054322  LUMO = -0.141146114151489
cycle= 92 E= -774.237179367977  delta_E= 0.11  |g|= 0.482  |ddm|= 0.781
  HOMO = -0.143499907488467  LUMO = -0.140994168182766
cycle= 93 E= -774.234983312363  delta_E= 0.0022  |g|= 0.485  |ddm|= 0.0275
  HOMO = -0.143863575132376  LUMO = -0.140683643528923
cycle= 94 E= -774.221561662453  delta_E= 0.0134  |g|=  0.5  |ddm|= 0.114
  HOMO = -0.144070062325158  LUMO = -0.142359768224813
cycle= 95 E= -774.268117076593  delta_E= -0.0466  |g|= 0.448  |ddm|= 0.375
  HOMO = -0.158556257959348  LUMO = -0.136282359592915
cycle= 96 E= -774.257500087968  delta_E= 0.0106  |g|= 0.495  |ddm|= 2.08
  HOMO = -0.143378458016385  LUMO = -0.141686005838749
cycle= 97 E= -774.360942546325  delta_E= -0.103  |g|= 0.235  |ddm|= 0.839
  HOMO = -0.143023417715902  LUMO = -0.141343915005017
cycle= 98 E= -774.274889932823  delta_E= 0.0861  |g|= 0.439  |ddm|= 1.67
  HOMO = -0.144571123371137  LUMO = -0.14054794153604
cycle= 99 E= -774.214816273727  delta_E= 0.0601  |g|= 0.508  |ddm|= 0.491
  HOMO = -0.144425105467922  LUMO = -0.138897423112291
cycle= 100 E= -774.204374130141  delta_E= 0.0104  |g|= 0.519  |ddm|= 0.134
  HOMO = -0.145020689001973  LUMO = -0.139197536256232
cycle= 101 E= -774.207684477656  delta_E= -0.00331  |g|= 0.522  |ddm|= 0.105
  HOMO = -0.145255760063478  LUMO = -0.141061748876378
cycle= 102 E= -774.208397407136  delta_E= -0.000713  |g|= 0.52  |ddm|= 0.14
  HOMO = -0.143960959268367  LUMO = -0.140441841530812
cycle= 103 E= -774.219106296926  delta_E= -0.0107  |g|= 0.505  |ddm|= 0.133
  HOMO = -0.144444797207067  LUMO = -0.139238809521133
cycle= 104 E= -774.208603063355  delta_E= 0.0105  |g|= 0.515  |ddm|= 0.158
  HOMO = -0.142183371885139  LUMO = -0.136705355014156
cycle= 105 E= -774.199717685352  delta_E= 0.00889  |g|= 0.524  |ddm|= 0.178
  HOMO = -0.136629798877076  LUMO = -0.130868844732695
cycle= 106 E= -772.014763130546  delta_E= 2.18  |g|= 1.96  |ddm|= 3.41
  HOMO = -0.185736667454579  LUMO = -0.0964122509008035
cycle= 107 E= -774.157473727679  delta_E= -2.14  |g|= 0.812  |ddm|= 2.59
  HOMO = -0.175714742254627  LUMO = -0.120619598933462
cycle= 108 E= -774.260328267265  delta_E= -0.103  |g|= 0.509  |ddm|= 0.676
  HOMO = -0.159614307733728  LUMO = -0.132458522878018
cycle= 109 E= -774.296891828624  delta_E= -0.0366  |g|=  0.4  |ddm|= 0.303
  HOMO = -0.145481462500842  LUMO = -0.141581878341371
cycle= 110 E= -774.331179514158  delta_E= -0.0343  |g|= 0.311  |ddm|= 0.445
  HOMO = -0.143921027951928  LUMO = -0.130922838737497
cycle= 111 E= -774.190230607845  delta_E= 0.141  |g|= 0.549  |ddm|= 2.16
  HOMO = -0.144941957719555  LUMO = -0.130605442556417
cycle= 112 E= -774.191571514008  delta_E= -0.00134  |g|= 0.543  |ddm|= 0.0651
  HOMO = -0.147369231159693  LUMO = -0.128277743129905
cycle= 113 E= -774.185985047699  delta_E= 0.00559  |g|= 0.558  |ddm|= 0.0767
  HOMO = -0.147578696339453  LUMO = -0.130396452981816
cycle= 114 E= -774.187782346775  delta_E= -0.0018  |g|= 0.553  |ddm|= 0.0522
  HOMO = -0.145927782580553  LUMO = -0.12984667035749
cycle= 115 E= -774.18803192409  delta_E= -0.00025  |g|= 0.548  |ddm|= 0.0538
  HOMO = -0.143158753184776  LUMO = -0.136792890580756
cycle= 116 E= -774.206787921449  delta_E= -0.0188  |g|= 0.517  |ddm|= 0.173
  HOMO = -0.142501030128063  LUMO = -0.139466296144416
cycle= 117 E= -774.333998959928  delta_E= -0.127  |g|= 0.307  |ddm|= 2.11
  HOMO = -0.142666129397599  LUMO = -0.14121981875858
cycle= 118 E= -774.336696421086  delta_E= -0.0027  |g|= 0.317  |ddm|= 1.61
  HOMO = -0.147242427433318  LUMO = -0.132525172244127
cycle= 119 E= -774.180646182546  delta_E= 0.156  |g|= 0.563  |ddm|= 1.11
  HOMO = -0.147931118706797  LUMO = -0.130688449328304
cycle= 120 E= -774.182231732588  delta_E= -0.00159  |g|= 0.566  |ddm|= 0.112
  HOMO = -0.148926919853807  LUMO = -0.12826175510294
cycle= 121 E= -774.180033924146  delta_E= 0.0022  |g|= 0.57  |ddm|= 0.0678
  HOMO = -0.14426246513297  LUMO = -0.135879914993252
cycle= 122 E= -774.201016986491  delta_E= -0.021  |g|= 0.533  |ddm|= 0.169
  HOMO = -0.148056840374919  LUMO = -0.131943285256071
cycle= 123 E= -774.186375186964  delta_E= 0.0146  |g|= 0.556  |ddm|= 0.139
  HOMO = -0.147034688061499  LUMO = -0.130786129657436
cycle= 124 E= -774.184160100408  delta_E= 0.00222  |g|= 0.555  |ddm|= 0.0793
  HOMO = -0.145027002107218  LUMO = -0.142058108730694
cycle= 125 E= -774.229781722747  delta_E= -0.0456  |g|= 0.497  |ddm|= 0.428
  HOMO = -0.184895933772411  LUMO = -0.120001896063899
cycle= 126 E= -774.164515508307  delta_E= 0.0653  |g|= 0.72  |ddm|= 2.16
  HOMO = -0.174644053970153  LUMO = -0.108009808574416
cycle= 127 E= -774.213169879956  delta_E= -0.0487  |g|= 0.67  |ddm|= 0.764
  HOMO = -0.165248928742538  LUMO = -0.131610346626791
cycle= 128 E= -774.286427566607  delta_E= -0.0733  |g|= 0.438  |ddm|= 0.575
  HOMO = -0.149600548386226  LUMO = -0.133862384843994
cycle= 129 E= -774.303506614206  delta_E= -0.0171  |g|= 0.376  |ddm|= 0.271
  HOMO = -0.149918115866695  LUMO = -0.123076415902083
cycle= 130 E= -774.167316354556  delta_E= 0.136  |g|= 0.592  |ddm|=  2.2
  HOMO = -0.145621348104874  LUMO = -0.115497838262557
cycle= 131 E= -774.156509515417  delta_E= 0.0108  |g|= 0.62  |ddm|= 0.116
  HOMO = -0.140582229153271  LUMO = -0.112267213690654
cycle= 132 E= -774.145498450828  delta_E= 0.011  |g|= 0.635  |ddm|= 0.0913
  HOMO = -0.149061636209758  LUMO = -0.120946613142422
cycle= 133 E= -774.166055597441  delta_E= -0.0206  |g|= 0.592  |ddm|= 0.107
  HOMO = -0.147452499232599  LUMO = -0.123058065928989
cycle= 134 E= -774.169564821312  delta_E= -0.00351  |g|= 0.583  |ddm|= 0.103
  HOMO = -0.167142099293806  LUMO = -0.1279974842947
cycle= 135 E= -774.284283459994  delta_E= -0.115  |g|= 0.443  |ddm|=  2.2
  HOMO = -0.166574960046491  LUMO = -0.128159731840083
cycle= 136 E= -774.285355144724  delta_E= -0.00107  |g|= 0.441  |ddm|= 0.0115
  HOMO = -0.170541867855063  LUMO = -0.128183236104707
cycle= 137 E= -774.276722079055  delta_E= 0.00863  |g|= 0.461  |ddm|= 0.0907
  HOMO = -0.175285634120595  LUMO = -0.121325352411482
cycle= 138 E= -774.264441619916  delta_E= 0.0123  |g|= 0.492  |ddm|= 0.165
  HOMO = -0.172927245055633  LUMO = -0.122708423472559
cycle= 139 E= -774.267365989368  delta_E= -0.00292  |g|= 0.488  |ddm|= 0.0697
  HOMO = -0.168115934754835  LUMO = -0.123444027441305
cycle= 140 E= -774.270621027296  delta_E= -0.00326  |g|= 0.473  |ddm|= 0.13
  HOMO = -0.140846931000812  LUMO = -0.118701987892888
cycle= 141 E= -774.150373751136  delta_E= 0.12  |g|= 0.63  |ddm|= 2.22
  HOMO = -0.134529965765236  LUMO = -0.111803693953023
cycle= 142 E= -774.137830486963  delta_E= 0.0125  |g|= 0.652  |ddm|= 0.172
  HOMO = -0.138740601463643  LUMO = -0.116156504768215
cycle= 143 E= -774.148604527121  delta_E= -0.0108  |g|= 0.631  |ddm|= 0.0553
  HOMO = -0.151799907902608  LUMO = -0.134578630568203
cycle= 144 E= -774.293877364581  delta_E= -0.145  |g|= 0.403  |ddm|= 2.21
  HOMO = -0.143983738520236  LUMO = -0.136281784817481
cycle= 145 E= -774.315438051507  delta_E= -0.0216  |g|= 0.369  |ddm|= 0.368
  HOMO = -0.154406196548763  LUMO = -0.142007142111103
cycle= 146 E= -774.297240799793  delta_E= 0.0182  |g|= 0.406  |ddm|= 0.408
  HOMO = -0.144175184852694  LUMO = -0.137257673645155
cycle= 147 E= -774.311975376792  delta_E= -0.0147  |g|= 0.367  |ddm|= 0.404
  HOMO = -0.14271833025461  LUMO = -0.13912016220788
cycle= 148 E= -774.328771286003  delta_E= -0.0168  |g|= 0.316  |ddm|= 0.287
  HOMO = -0.145124372600041  LUMO = -0.140762069981082
cycle= 149 E= -774.32672678119  delta_E= 0.00204  |g|= 0.317  |ddm|= 0.18
  HOMO = -0.143180032861922  LUMO = -0.141686499589118
cycle= 150 E= -774.387600527399  delta_E= -0.0609  |g|= 0.115  |ddm|= 0.884
  HOMO = -0.140510061321211  LUMO = -0.139465134199546
cycle= 151 E= -774.379547011736  delta_E= 0.00805  |g|= 0.195  |ddm|= 0.542
  HOMO = -0.143374839951587  LUMO = -0.141670517529318
cycle= 152 E= -774.352177219174  delta_E= 0.0274  |g|= 0.256  |ddm|= 1.06
  HOMO = -0.143076820588932  LUMO = -0.141704876300024
cycle= 153 E= -774.367446308988  delta_E= -0.0153  |g|= 0.208  |ddm|= 0.21
  HOMO = -0.142679380158829  LUMO = -0.141372755091922
cycle= 154 E= -774.293375853228  delta_E= 0.0741  |g|= 0.403  |ddm|= 1.52
  HOMO = -0.142717143783986  LUMO = -0.140780928358754
cycle= 155 E= -774.347421289723  delta_E= -0.054  |g|= 0.271  |ddm|=  1.7
  HOMO = -0.143490648571926  LUMO = -0.141276622206904
cycle= 156 E= -774.340672898431  delta_E= 0.00675  |g|= 0.284  |ddm|=  0.1
  HOMO = -0.143409961049042  LUMO = -0.141652595740574
cycle= 157 E= -774.351131932434  delta_E= -0.0105  |g|= 0.26  |ddm|= 0.142
  HOMO = -0.144084014892349  LUMO = -0.141109748829865
cycle= 158 E= -774.330575075052  delta_E= 0.0206  |g|= 0.308  |ddm|= 0.29
  HOMO = -0.145274314240229  LUMO = -0.141148193193794
cycle= 159 E= -774.324295263071  delta_E= 0.00628  |g|= 0.327  |ddm|= 0.124
  HOMO = -0.14505810681295  LUMO = -0.139801276206473
cycle= 160 E= -774.321889464044  delta_E= 0.00241  |g|= 0.329  |ddm|= 0.118
  HOMO = -0.145072522112866  LUMO = -0.140181526548451
cycle= 161 E= -774.3225920529  delta_E= -0.000703  |g|= 0.326  |ddm|= 0.0701
  HOMO = -0.144688174529926  LUMO = -0.138622618746687
cycle= 162 E= -774.315102987906  delta_E= 0.00749  |g|= 0.344  |ddm|= 0.121
  HOMO = -0.149682106479626  LUMO = -0.129257289194111
cycle= 163 E= -774.152100030375  delta_E= 0.163  |g|= 0.636  |ddm|=  2.2
  HOMO = -0.146058052021856  LUMO = -0.137443500783467
cycle= 164 E= -774.315141317017  delta_E= -0.163  |g|= 0.344  |ddm|=  2.2
  HOMO = -0.146355482214453  LUMO = -0.134903044984589
cycle= 165 E= -774.196061780253  delta_E= 0.119  |g|= 0.539  |ddm|=  2.2
  HOMO = -0.143400304065513  LUMO = -0.136967336332965
cycle= 166 E= -774.210290797995  delta_E= -0.0142  |g|= 0.516  |ddm|= 0.196
  HOMO = -0.142513895215666  LUMO = -0.140432763666051
cycle= 167 E= -774.279910268834  delta_E= -0.0696  |g|= 0.428  |ddm|= 0.589
  HOMO = -0.143025209540847  LUMO = -0.137598007188015
cycle= 168 E= -774.212531421009  delta_E= 0.0674  |g|= 0.512  |ddm|= 0.562
  HOMO = -0.143256167073814  LUMO = -0.138110210779423
cycle= 169 E= -774.212428744751  delta_E= 0.000103  |g|= 0.515  |ddm|= 0.0485
  HOMO = -0.144387140378764  LUMO = -0.140879367564963
cycle= 170 E= -774.222543693827  delta_E= -0.0101  |g|= 0.508  |ddm|= 0.173
  HOMO = -0.143913881619053  LUMO = -0.140473128175788
cycle= 171 E= -774.225872902946  delta_E= -0.00333  |g|= 0.501  |ddm|= 0.036
  HOMO = -0.143749879698457  LUMO = -0.139858406342743
cycle= 172 E= -774.22204104862  delta_E= 0.00383  |g|= 0.507  |ddm|= 0.0584
  HOMO = -0.182224252691982  LUMO = -0.103696418220626
cycle= 173 E= -774.173224440367  delta_E= 0.0488  |g|= 0.763  |ddm|= 2.22
  HOMO = -0.166457362724964  LUMO = -0.130329822416954
cycle= 174 E= -774.281703464162  delta_E= -0.108  |g|= 0.438  |ddm|= 0.657
  HOMO = -0.149783373204995  LUMO = -0.135322662126881
cycle= 175 E= -774.307364426551  delta_E= -0.0257  |g|= 0.389  |ddm|= 0.325
  HOMO = -0.146225369136215  LUMO = -0.14021785524869
cycle= 176 E= -774.318976697712  delta_E= -0.0116  |g|= 0.35  |ddm|= 0.328
  HOMO = -0.145049109654554  LUMO = -0.133933933576099
cycle= 177 E= -774.195065519671  delta_E= 0.124  |g|= 0.545  |ddm|= 2.19
  HOMO = -0.144867580689727  LUMO = -0.135501998248775
cycle= 178 E= -774.201407274641  delta_E= -0.00634  |g|= 0.532  |ddm|= 0.0685
  HOMO = -0.147065267490983  LUMO = -0.132133883055654
cycle= 179 E= -774.194727362286  delta_E= 0.00668  |g|= 0.546  |ddm|= 0.106
  HOMO = -0.145129669524314  LUMO = -0.133365576621221
cycle= 180 E= -774.200155541228  delta_E= -0.00543  |g|= 0.538  |ddm|= 0.0656
  HOMO = -0.146597106616285  LUMO = -0.134405862358549
cycle= 181 E= -774.197209549772  delta_E= 0.00295  |g|= 0.537  |ddm|= 0.0803
  HOMO = -0.143786894908026  LUMO = -0.142263286469892
cycle= 182 E= -774.388474725332  delta_E= -0.191  |g|= 0.112  |ddm|= 1.77
  HOMO = -0.142734230376813  LUMO = -0.138318487186246
cycle= 183 E= -774.321921524255  delta_E= 0.0666  |g|= 0.338  |ddm|= 1.06
  HOMO = -0.144575177868581  LUMO = -0.140971295244281
cycle= 184 E= -774.329053419109  delta_E= -0.00713  |g|= 0.312  |ddm|= 0.149
  HOMO = -0.144755990627713  LUMO = -0.141850101808971
cycle= 185 E= -774.333608064885  delta_E= -0.00455  |g|= 0.306  |ddm|= 0.0887
  HOMO = -0.145428887109307  LUMO = -0.141393617355119
cycle= 186 E= -774.326172891385  delta_E= 0.00744  |g|= 0.318  |ddm|= 0.124
  HOMO = -0.145373066994242  LUMO = -0.14157134115577
cycle= 187 E= -774.32618704478  delta_E= -1.42e-05  |g|= 0.318  |ddm|= 0.0421
  HOMO = -0.144226334814325  LUMO = -0.139218770583393
cycle= 188 E= -774.202033430429  delta_E= 0.124  |g|= 0.521  |ddm|= 2.16
  HOMO = -0.142795570858699  LUMO = -0.14168198608454
cycle= 189 E= -774.392075769291  delta_E= -0.19  |g|= 0.0668  |ddm|= 1.65
  HOMO = -0.142859265955762  LUMO = -0.141483009267164
cycle= 190 E= -774.374229176262  delta_E= 0.0178  |g|= 0.191  |ddm|= 0.423
  HOMO = -0.14439947474094  LUMO = -0.140902423200598
cycle= 191 E= -774.327552911413  delta_E= 0.0467  |g|= 0.318  |ddm|= 0.63
  HOMO = -0.143338151487912  LUMO = -0.14039701251804
cycle= 192 E= -774.33216933234  delta_E= -0.00462  |g|= 0.306  |ddm|= 0.101
  HOMO = -0.14541038050079  LUMO = -0.143401034731264
cycle= 193 E= -774.344630597879  delta_E= -0.0125  |g|= 0.284  |ddm|= 0.265
  HOMO = -0.144994689141476  LUMO = -0.141268250859645
cycle= 194 E= -774.324425943045  delta_E= 0.0202  |g|= 0.32  |ddm|= 0.319
  HOMO = -0.144244553222364  LUMO = -0.14209077011879
cycle= 195 E= -774.343696668611  delta_E= -0.0193  |g|= 0.283  |ddm|= 0.266
  HOMO = -0.143192715680855  LUMO = -0.142028555244943
cycle= 196 E= -774.391064284051  delta_E= -0.0474  |g|= 0.0848  |ddm|= 0.761
  HOMO = -0.143171226837771  LUMO = -0.141637776325411
cycle= 197 E= -774.27174802373  delta_E= 0.119  |g|= 0.438  |ddm|= 1.28
  HOMO = -0.14393682063658  LUMO = -0.140779087333447
cycle= 198 E= -774.326517545252  delta_E= -0.0548  |g|= 0.321  |ddm|= 1.92
  HOMO = -0.142232306561955  LUMO = -0.140705935187352
cycle= 199 E= -774.366403878376  delta_E= -0.0399  |g|= 0.217  |ddm|= 0.508
  HOMO = -0.144010004133963  LUMO = -0.141367686638718
cycle= 200 E= -774.335696662668  delta_E= 0.0307  |g|= 0.297  |ddm|= 0.44
  HOMO = -0.143080555739087  LUMO = -0.141220557922974
cycle= 201 E= -774.350247264332  delta_E= -0.0146  |g|= 0.26  |ddm|= 0.211
  HOMO = -0.144002772807921  LUMO = -0.14161445003342
cycle= 202 E= -774.338667012753  delta_E= 0.0116  |g|= 0.289  |ddm|= 0.164
  HOMO = -0.143074527565623  LUMO = -0.141806475116448
cycle= 203 E= -774.380646476038  delta_E= -0.042  |g|= 0.151  |ddm|= 0.574
  HOMO = -0.14336011966048  LUMO = -0.140057628721867
cycle= 204 E= -774.328907245863  delta_E= 0.0517  |g|= 0.311  |ddm|= 0.718
  HOMO = -0.143942908762707  LUMO = -0.140287511738156
cycle= 205 E= -774.324704465138  delta_E= 0.0042  |g|= 0.318  |ddm|= 0.0917
  HOMO = -0.143097162318918  LUMO = -0.140619400096848
cycle= 206 E= -774.231362002955  delta_E= 0.0933  |g|= 0.488  |ddm|= 2.08
  HOMO = -0.143037166094511  LUMO = -0.141466814729091
cycle= 207 E= -774.365051160037  delta_E= -0.134  |g|= 0.218  |ddm|= 1.84
  HOMO = -0.143160802935968  LUMO = -0.141333895045495
cycle= 208 E= -774.353848251573  delta_E= 0.0112  |g|= 0.25  |ddm|= 0.144
  HOMO = -0.142521597728763  LUMO = -0.140331347193658
cycle= 209 E= -774.344737911924  delta_E= 0.00911  |g|= 0.273  |ddm|= 0.12
  HOMO = -0.143610951332029  LUMO = -0.141676293374984
cycle= 210 E= -774.351277186438  delta_E= -0.00654  |g|= 0.261  |ddm|= 0.104
  HOMO = -0.143815063791526  LUMO = -0.141746791380977
cycle= 211 E= -774.346844863694  delta_E= 0.00443  |g|= 0.269  |ddm|= 0.0721
  HOMO = -0.145325579832191  LUMO = -0.140146248640873
cycle= 212 E= -774.317725312735  delta_E= 0.0291  |g|= 0.337  |ddm|= 0.361
  HOMO = -0.148140281662431  LUMO = -0.139012835083994
cycle= 213 E= -774.313485665692  delta_E= 0.00424  |g|= 0.345  |ddm|= 0.196
  HOMO = -0.146135407669511  LUMO = -0.140843340227774
cycle= 214 E= -774.321572476417  delta_E= -0.00809  |g|= 0.327  |ddm|= 0.162
  HOMO = -0.144364296819582  LUMO = -0.142029938126317
cycle= 215 E= -774.231644723221  delta_E= 0.0899  |g|=  0.5  |ddm|= 2.11
  HOMO = -0.14311219018304  LUMO = -0.140637054904787
cycle= 216 E= -774.343166641909  delta_E= -0.112  |g|= 0.288  |ddm|= 1.97
  HOMO = -0.141228970764445  LUMO = -0.139839157158093
cycle= 217 E= -774.390488249619  delta_E= -0.0473  |g|= 0.0911  |ddm|= 0.746
  HOMO = -0.146907554545356  LUMO = -0.142890561145667
cycle= 218 E= -774.32085866794  delta_E= 0.0696  |g|= 0.333  |ddm|= 1.02
  HOMO = -0.142773203371963  LUMO = -0.140503413986227
cycle= 219 E= -774.341144512334  delta_E= -0.0203  |g|= 0.284  |ddm|= 0.289
  HOMO = -0.142931216205697  LUMO = -0.140649164581546
cycle= 220 E= -774.341097871301  delta_E= 4.66e-05  |g|= 0.285  |ddm|= 0.0435
  HOMO = -0.143841373693699  LUMO = -0.141913656612105
cycle= 221 E= -774.349790921179  delta_E= -0.00869  |g|= 0.269  |ddm|= 0.13
  HOMO = -0.14347266484665  LUMO = -0.140101294803368
cycle= 222 E= -774.327974605744  delta_E= 0.0218  |g|= 0.313  |ddm|= 0.31
  HOMO = -0.14323929379796  LUMO = -0.140720040838243
cycle= 223 E= -774.335568228233  delta_E= -0.00759  |g|= 0.296  |ddm|= 0.139
  HOMO = -0.145760850413776  LUMO = -0.136428997040392
cycle= 224 E= -774.192037315973  delta_E= 0.144  |g|= 0.552  |ddm|= 2.14
  HOMO = -0.142449614438368  LUMO = -0.141233908630902
cycle= 225 E= -774.38941614154  delta_E= -0.197  |g|= 0.0984  |ddm|=  1.8
  HOMO = -0.142578295865766  LUMO = -0.141418370896794
cycle= 226 E= -774.323389209771  delta_E= 0.066  |g|= 0.37  |ddm|= 1.01
  HOMO = -0.142561770247314  LUMO = -0.141277781174882
cycle= 227 E= -774.375960555623  delta_E= -0.0526  |g|= 0.175  |ddm|= 1.24
  HOMO = -0.143197801623453  LUMO = -0.141684953460921
cycle= 228 E= -774.363178772601  delta_E= 0.0128  |g|= 0.222  |ddm|= 0.19
  HOMO = -0.143606959698717  LUMO = -0.141834312263587
cycle= 229 E= -774.351365042049  delta_E= 0.0118  |g|= 0.256  |ddm|= 0.154
  HOMO = -0.143471903986457  LUMO = -0.141756291406822
cycle= 230 E= -774.353492049761  delta_E= -0.00213  |g|= 0.251  |ddm|= 0.0293
  HOMO = -0.143301058217198  LUMO = -0.141660459703002
cycle= 231 E= -774.356617447347  delta_E= -0.00313  |g|= 0.242  |ddm|= 0.0498
  HOMO = -0.143455240416516  LUMO = -0.141869405139657
cycle= 232 E= -774.359094691485  delta_E= -0.00248  |g|= 0.236  |ddm|= 0.0322
  HOMO = -0.144212766706851  LUMO = -0.140788266325401
cycle= 233 E= -774.327889340263  delta_E= 0.0312  |g|= 0.311  |ddm|= 0.425
  HOMO = -0.142866586920828  LUMO = -0.141706584164338
cycle= 234 E= -774.345031279322  delta_E= -0.0171  |g|= 0.306  |ddm|= 1.63
  HOMO = -0.143512327847802  LUMO = -0.140977978996013
cycle= 235 E= -774.335468193371  delta_E= 0.00956  |g|= 0.296  |ddm|= 1.55
  HOMO = -0.143265407730221  LUMO = -0.140551948502753
cycle= 236 E= -774.332270133353  delta_E= 0.0032  |g|= 0.31  |ddm|=  0.1
  HOMO = -0.144276437482331  LUMO = -0.1431484941824
cycle= 237 E= -774.390155063832  delta_E= -0.0579  |g|= 0.0985  |ddm|= 0.931
  HOMO = -0.140065306105166  LUMO = -0.13845553743334
cycle= 238 E= -774.357577016665  delta_E= 0.0326  |g|= 0.25  |ddm|= 0.601
  HOMO = -0.143081709840241  LUMO = -0.14046647927431
cycle= 239 E= -774.33587344109  delta_E= 0.0217  |g|= 0.296  |ddm|= 0.349
  HOMO = -0.143359276500854  LUMO = -0.14060032585623
cycle= 240 E= -774.334354115444  delta_E= 0.00152  |g|=  0.3  |ddm|= 0.0375
  HOMO = -0.143792351881409  LUMO = -0.140676664751755
cycle= 241 E= -774.33053470702  delta_E= 0.00382  |g|= 0.305  |ddm|= 0.0606
  HOMO = -0.143656016246606  LUMO = -0.141233405634474
cycle= 242 E= -774.339422620967  delta_E= -0.00889  |g|= 0.287  |ddm|= 0.13
  HOMO = -0.143015402163523  LUMO = -0.133171688951054
cycle= 243 E= -774.185180322306  delta_E= 0.154  |g|= 0.558  |ddm|= 2.14
  HOMO = -0.141172402138853  LUMO = -0.139889869790712
cycle= 244 E= -774.390010146888  delta_E= -0.205  |g|= 0.106  |ddm|= 1.76
  HOMO = -0.143233311076059  LUMO = -0.140893027511366
cycle= 245 E= -774.339055946365  delta_E= 0.051  |g|= 0.289  |ddm|= 0.825
  HOMO = -0.148134717216201  LUMO = -0.142179834343762
cycle= 246 E= -774.19516982301  delta_E= 0.144  |g|= 0.557  |ddm|= 2.12
  HOMO = -0.143109264011163  LUMO = -0.140819931010506
cycle= 247 E= -774.338244703787  delta_E= -0.143  |g|= 0.294  |ddm|= 2.11
  HOMO = -0.14465403562635  LUMO = -0.142400057239447
cycle= 248 E= -774.339814379549  delta_E= -0.00157  |g|= 0.293  |ddm|= 0.138
  HOMO = -0.146199098133356  LUMO = -0.141562985725056
cycle= 249 E= -774.318932727284  delta_E= 0.0209  |g|= 0.328  |ddm|= 0.306
  HOMO = -0.143360207421904  LUMO = -0.141202475273352
cycle= 250 E= -774.343505487167  delta_E= -0.0246  |g|= 0.273  |ddm|= 0.341
  HOMO = -0.14311770702717  LUMO = -0.140263149544267
cycle= 251 E= -774.331276293198  delta_E= 0.0122  |g|= 0.301  |ddm|= 0.154
  HOMO = -0.144262823648152  LUMO = -0.142628621607452
cycle= 252 E= -774.364003304173  delta_E= -0.0327  |g|= 0.223  |ddm|= 0.446
  HOMO = -0.140043691453972  LUMO = -0.13650106123405
cycle= 253 E= -774.222391085858  delta_E= 0.142  |g|= 0.503  |ddm|= 1.87
  HOMO = -0.144000642965433  LUMO = -0.139854285162385
cycle= 254 E= -774.325148270859  delta_E= -0.103  |g|= 0.318  |ddm|= 2.11
  HOMO = -0.143920426570154  LUMO = -0.138945618255591
cycle= 255 E= -774.321993508132  delta_E= 0.00315  |g|= 0.326  |ddm|= 0.0872
  HOMO = -0.144622802837887  LUMO = -0.139038825505724
cycle= 256 E= -774.320164475481  delta_E= 0.00183  |g|= 0.327  |ddm|= 0.0865
  HOMO = -0.146737745840626  LUMO = -0.140680449869392
cycle= 257 E= -774.31938831102  delta_E= 0.000776  |g|= 0.333  |ddm|= 0.121
  HOMO = -0.14138137992551  LUMO = -0.138955799758588
cycle= 258 E= -774.344457383532  delta_E= -0.0251  |g|= 0.282  |ddm|= 0.416
  HOMO = -0.144291482745658  LUMO = -0.139108798656585
cycle= 259 E= -774.318617546711  delta_E= 0.0258  |g|= 0.331  |ddm|= 0.372
  HOMO = -0.143460886844193  LUMO = -0.140915737115404
cycle= 260 E= -774.340068202826  delta_E= -0.0215  |g|= 0.291  |ddm|= 0.314
  HOMO = -0.143141170469278  LUMO = -0.141916470216501
cycle= 261 E= -774.377462399404  delta_E= -0.0374  |g|= 0.181  |ddm|= 1.22
  HOMO = -0.141462407051221  LUMO = -0.139169619112499
cycle= 262 E= -774.236756661203  delta_E= 0.141  |g|= 0.49  |ddm|= 1.11
  HOMO = -0.144130147571562  LUMO = -0.140718162938128
cycle= 263 E= -774.324212615159  delta_E= -0.0875  |g|= 0.317  |ddm|= 2.06
  HOMO = -0.142764579141249  LUMO = -0.140374732181304
cycle= 264 E= -774.338346481432  delta_E= -0.0141  |g|= 0.287  |ddm|= 0.185
  HOMO = -0.142673320630671  LUMO = -0.141203593562797
cycle= 265 E= -774.369463383156  delta_E= -0.0311  |g|=  0.2  |ddm|= 0.414
  HOMO = -0.143242291160515  LUMO = -0.14114767804693
cycle= 266 E= -774.344648771514  delta_E= 0.0248  |g|= 0.276  |ddm|= 0.35
  HOMO = -0.14338196071921  LUMO = -0.14111525254976
cycle= 267 E= -774.340530532969  delta_E= 0.00412  |g|= 0.285  |ddm|= 0.0549
  HOMO = -0.144040917022168  LUMO = -0.141891220675197
cycle= 268 E= -774.344274951878  delta_E= -0.00374  |g|= 0.276  |ddm|= 0.064
  HOMO = -0.142657295966399  LUMO = -0.14022034118289
cycle= 269 E= -774.337522715893  delta_E= 0.00675  |g|= 0.294  |ddm|= 0.128
  HOMO = -0.145287761724038  LUMO = -0.139279725458189
cycle= 270 E= -774.318393141782  delta_E= 0.0191  |g|= 0.343  |ddm|= 0.334
  HOMO = -0.146835651728885  LUMO = -0.133925074536936
cycle= 271 E= -774.181806226464  delta_E= 0.137  |g|= 0.569  |ddm|= 2.21
  HOMO = -0.142535415811182  LUMO = -0.140838990178861
cycle= 272 E= -774.366600511341  delta_E= -0.185  |g|= 0.23  |ddm|= 2.01
  HOMO = -0.145881114975687  LUMO = -0.144581043679184
cycle= 273 E= -774.344568885994  delta_E= 0.022  |g|= 0.307  |ddm|= 1.21
  HOMO = -0.140694639325507  LUMO = -0.139550540409915
cycle= 274 E= -774.388331199726  delta_E= -0.0438  |g|= 0.131  |ddm|= 0.588
  HOMO = -0.142606055947248  LUMO = -0.14082869129428
cycle= 275 E= -774.251572793667  delta_E= 0.137  |g|= 0.463  |ddm|= 1.16
  HOMO = -0.143410403396031  LUMO = -0.140927099937353
cycle= 276 E= -774.224465580448  delta_E= 0.0271  |g|= 0.495  |ddm|= 0.21
  HOMO = -0.142572772774264  LUMO = -0.141551462303342
cycle= 277 E= -774.391737462633  delta_E= -0.167  |g|= 0.074  |ddm|= 1.52
  HOMO = -0.142885690531281  LUMO = -0.141817146051996
cycle= 278 E= -774.391636714625  delta_E= 0.000101  |g|= 0.0627  |ddm|= 0.085
  HOMO = -0.142466642630864  LUMO = -0.14083306303399
cycle= 279 E= -774.274848483576  delta_E= 0.117  |g|= 0.433  |ddm|= 1.28
  HOMO = -0.142600571486664  LUMO = -0.140624439127568
cycle= 280 E= -774.251997528038  delta_E= 0.0229  |g|= 0.462  |ddm|= 0.171
  HOMO = -0.142636377634  LUMO = -0.140764916085507
cycle= 281 E= -774.256859653833  delta_E= -0.00486  |g|= 0.456  |ddm|= 0.0397
  HOMO = -0.143265886878995  LUMO = -0.141355798925354
cycle= 282 E= -774.256143322445  delta_E= 0.000716  |g|= 0.458  |ddm|= 0.0336
  HOMO = -0.142526367536095  LUMO = -0.140711778299157
cycle= 283 E= -774.261811959638  delta_E= -0.00567  |g|= 0.451  |ddm|= 0.0498
  HOMO = -0.142762936901795  LUMO = -0.140755513260955
cycle= 284 E= -774.251207373722  delta_E= 0.0106  |g|= 0.464  |ddm|= 0.0781
  HOMO = -0.142588137730092  LUMO = -0.140911870258183
cycle= 285 E= -774.274858087498  delta_E= -0.0237  |g|= 0.433  |ddm|= 0.169
  HOMO = -0.142610612690506  LUMO = -0.140394368109607
cycle= 286 E= -774.241437072041  delta_E= 0.0334  |g|= 0.475  |ddm|= 0.239
  HOMO = -0.170395078167005  LUMO = -0.101727928182845
cycle= 287 E= -774.115465863148  delta_E= 0.126  |g|= 0.849  |ddm|= 2.21
  HOMO = -0.177927410447802  LUMO = -0.123442367334884
cycle= 288 E= -774.236716332078  delta_E= -0.121  |g|= 0.587  |ddm|= 0.749
  HOMO = -0.15944284997677  LUMO = -0.129047933333559
cycle= 289 E= -774.293927441378  delta_E= -0.0572  |g|= 0.411  |ddm|= 0.433
  HOMO = -0.148037284592187  LUMO = -0.141374474009459
cycle= 290 E= -774.20125523513  delta_E= 0.0927  |g|= 0.533  |ddm|= 2.19
  HOMO = -0.147349929242079  LUMO = -0.13297161990572
cycle= 291 E= -774.184843209223  delta_E= 0.0164  |g|= 0.56  |ddm|= 0.244
  HOMO = -0.143983147056523  LUMO = -0.139128266139271
cycle= 292 E= -774.210128120245  delta_E= -0.0253  |g|= 0.524  |ddm|= 0.296
  HOMO = -0.148595464712249  LUMO = -0.13406281583259
cycle= 293 E= -774.185971356412  delta_E= 0.0242  |g|= 0.547  |ddm|= 0.288
  HOMO = -0.145950073010211  LUMO = -0.140217107913893
cycle= 294 E= -774.212565501967  delta_E= -0.0266  |g|= 0.508  |ddm|= 0.249
  HOMO = -0.145718459652256  LUMO = -0.14126495368115
cycle= 295 E= -774.217228098909  delta_E= -0.00466  |g|= 0.503  |ddm|= 0.0794
  HOMO = -0.148604506010362  LUMO = -0.138787206126542
cycle= 296 E= -774.316932416172  delta_E= -0.0997  |g|= 0.345  |ddm|= 2.16
  HOMO = -0.141805573079858  LUMO = -0.139531139621953
cycle= 297 E= -774.353714923983  delta_E= -0.0368  |g|= 0.253  |ddm|= 0.573
  HOMO = -0.14487300172553  LUMO = -0.143559258659823
cycle= 298 E= -774.310167251904  delta_E= 0.0435  |g|= 0.392  |ddm|= 1.54
  HOMO = -0.146365750395846  LUMO = -0.140601673112369
cycle= 299 E= -774.202553972728  delta_E= 0.108  |g|= 0.52  |ddm|= 0.878
  HOMO = -0.146143136248611  LUMO = -0.14051168853035
cycle= 300 E= -774.205103887167  delta_E= -0.00255  |g|= 0.516  |ddm|= 0.0326
  HOMO = -0.146244320950385  LUMO = -0.140051748081369
cycle= 301 E= -774.201995511082  delta_E= 0.00311  |g|= 0.522  |ddm|= 0.0661
  HOMO = -0.146317854649975  LUMO = -0.140278847065261
cycle= 302 E= -774.202809392415  delta_E= -0.000814  |g|= 0.524  |ddm|= 0.0525
  HOMO = -0.146870297933138  LUMO = -0.139172389899843
cycle= 303 E= -774.200941819656  delta_E= 0.00187  |g|= 0.524  |ddm|= 0.0834
  HOMO = -0.146320113374132  LUMO = -0.139506377855207
cycle= 304 E= -774.199036588475  delta_E= 0.00191  |g|= 0.525  |ddm|= 0.0435
  HOMO = -0.145273455981381  LUMO = -0.137241691908103
cycle= 305 E= -774.197928552318  delta_E= 0.00111  |g|= 0.528  |ddm|= 0.0868
  HOMO = -0.166615085189236  LUMO = -0.0987083832769669
cycle= 306 E= -774.115387653988  delta_E= 0.0825  |g|= 0.844  |ddm|= 2.29
  HOMO = -0.179115820187124  LUMO = -0.113757775551589
cycle= 307 E= -774.247914533799  delta_E= -0.133  |g|= 0.54  |ddm|= 0.589
  HOMO = -0.163353427494793  LUMO = -0.130736427500431
cycle= 308 E= -774.290019919352  delta_E= -0.0421  |g|= 0.433  |ddm|= 0.357
  HOMO = -0.145471063300002  LUMO = -0.132998059534172
cycle= 309 E= -774.193920785408  delta_E= 0.0961  |g|= 0.539  |ddm|=  2.2
  HOMO = -0.148207439015334  LUMO = -0.124156674190739
cycle= 310 E= -774.173543923377  delta_E= 0.0204  |g|= 0.578  |ddm|= 0.167
  HOMO = -0.147024108802897  LUMO = -0.129440262293117
cycle= 311 E= -774.186540724946  delta_E= -0.013  |g|= 0.56  |ddm|= 0.136
  HOMO = -0.14737698125318  LUMO = -0.13031096947181
cycle= 312 E= -774.192139251716  delta_E= -0.0056  |g|= 0.549  |ddm|= 0.141
  HOMO = -0.146572669745187  LUMO = -0.127835898982095
cycle= 313 E= -774.181159192063  delta_E= 0.011  |g|= 0.56  |ddm|= 0.127
  HOMO = -0.144256839221031  LUMO = -0.133715214741537
cycle= 314 E= -774.19577863189  delta_E= -0.0146  |g|= 0.532  |ddm|= 0.119
  HOMO = -0.151034430800814  LUMO = -0.134442779547428
cycle= 315 E= -774.308768762973  delta_E= -0.113  |g|= 0.371  |ddm|=  2.2
  HOMO = -0.147318340669496  LUMO = -0.140753457305711
cycle= 316 E= -774.321734669832  delta_E= -0.013  |g|= 0.332  |ddm|= 0.224
  HOMO = -0.143133474356625  LUMO = -0.139000255302865
cycle= 317 E= -774.330479414442  delta_E= -0.00874  |g|= 0.309  |ddm|= 0.195
  HOMO = -0.147712533301787  LUMO = -0.143071911245096
cycle= 318 E= -774.319183712682  delta_E= 0.0113  |g|= 0.351  |ddm|= 0.224
  HOMO = -0.142310601112577  LUMO = -0.139946480932001
cycle= 319 E= -774.253149124545  delta_E= 0.066  |g|= 0.465  |ddm|= 2.04
  HOMO = -0.143233180592103  LUMO = -0.138153385276124
cycle= 320 E= -774.200723287247  delta_E= 0.0524  |g|= 0.524  |ddm|= 0.473
  HOMO = -0.143227021134309  LUMO = -0.137690420903957
cycle= 321 E= -774.20129450261  delta_E= -0.000571  |g|= 0.522  |ddm|= 0.11
  HOMO = -0.145537546629139  LUMO = -0.137575312292232
cycle= 322 E= -774.193529366024  delta_E= 0.00777  |g|= 0.559  |ddm|= 0.196
  HOMO = -0.144760266860299  LUMO = -0.135433687870378
cycle= 323 E= -774.189470586574  delta_E= 0.00406  |g|= 0.545  |ddm|= 0.174
  HOMO = -0.14662802964149  LUMO = -0.135667740429034
cycle= 324 E= -774.195063465722  delta_E= -0.00559  |g|= 0.542  |ddm|= 0.115
  HOMO = -0.146305033068567  LUMO = -0.134017608137691
cycle= 325 E= -774.192310658125  delta_E= 0.00275  |g|= 0.542  |ddm|= 0.0518
  HOMO = -0.134846799639621  LUMO = -0.131098116993354
cycle= 326 E= -774.298328485802  delta_E= -0.106  |g|= 0.421  |ddm|= 2.16
  HOMO = -0.156824948161792  LUMO = -0.149470134967143
cycle= 327 E= -774.214129929811  delta_E= 0.0842  |g|= 0.664  |ddm|= 1.29
  HOMO = -0.141798921515521  LUMO = -0.139727120770462
cycle= 328 E= -774.364959781333  delta_E= -0.151  |g|= 0.226  |ddm|= 1.21
  HOMO = -0.143659388149209  LUMO = -0.140578815379023
cycle= 329 E= -774.333482323704  delta_E= 0.0315  |g|= 0.305  |ddm|= 0.46
  HOMO = -0.141277858374769  LUMO = -0.138837985474104
cycle= 330 E= -774.248775563702  delta_E= 0.0847  |g|= 0.465  |ddm|= 1.99
  HOMO = -0.142703506848363  LUMO = -0.14098864793212
cycle= 331 E= -774.278177935143  delta_E= -0.0294  |g|= 0.44  |ddm|= 0.257
  HOMO = -0.143700149903405  LUMO = -0.138986051384182
cycle= 332 E= -774.207593607469  delta_E= 0.0706  |g|= 0.516  |ddm|= 0.589
  HOMO = -0.14347018550544  LUMO = -0.140490139294402
cycle= 333 E= -774.22687685928  delta_E= -0.0193  |g|= 0.495  |ddm|= 0.184
  HOMO = -0.14339284370982  LUMO = -0.139227249899321
cycle= 334 E= -774.211490092362  delta_E= 0.0154  |g|= 0.514  |ddm|= 0.145
  HOMO = -0.144197178124656  LUMO = -0.138979312276535
cycle= 335 E= -774.207687454503  delta_E= 0.0038  |g|= 0.514  |ddm|= 0.087
  HOMO = -0.14419381188487  LUMO = -0.138869725492917
cycle= 336 E= -774.206804044111  delta_E= 0.000883  |g|= 0.515  |ddm|= 0.0314
  HOMO = -0.144596730629179  LUMO = -0.137832841777751
cycle= 337 E= -774.20209294636  delta_E= 0.00471  |g|= 0.533  |ddm|= 0.156
  HOMO = -0.181764040634484  LUMO = -0.101436831149921
cycle= 338 E= -774.145002918754  delta_E= 0.0571  |g|= 0.767  |ddm|= 2.25
  HOMO = -0.162441773785305  LUMO = -0.137376754211682
cycle= 339 E= -774.287251992497  delta_E= -0.142  |g|= 0.432  |ddm|= 0.859
  HOMO = -0.149523226655529  LUMO = -0.130066636047665
cycle= 340 E= -774.301323977291  delta_E= -0.0141  |g|= 0.404  |ddm|= 0.381
  HOMO = -0.142168738257237  LUMO = -0.140105142370198
cycle= 341 E= -774.280066847786  delta_E= 0.0213  |g|= 0.441  |ddm|= 2.03
  HOMO = -0.142623346214781  LUMO = -0.139888665483724
cycle= 342 E= -774.245016991691  delta_E= 0.035  |g|= 0.479  |ddm|= 0.294
  HOMO = -0.142762159826759  LUMO = -0.140019757767951
cycle= 343 E= -774.246246282186  delta_E= -0.00123  |g|= 0.476  |ddm|= 0.0318
  HOMO = -0.142755829061089  LUMO = -0.140011368195245
cycle= 344 E= -774.245710149446  delta_E= 0.000536  |g|= 0.477  |ddm|= 0.0214
  HOMO = -0.142576139573419  LUMO = -0.140372856495832
cycle= 345 E= -774.268800147417  delta_E= -0.0231  |g|= 0.448  |ddm|= 0.173
  HOMO = -0.143569656992612  LUMO = -0.139324214054371
cycle= 346 E= -774.220400667345  delta_E= 0.0484  |g|= 0.506  |ddm|= 0.394
  HOMO = -0.143960716921999  LUMO = -0.142183432887077
cycle= 347 E= -774.373016728482  delta_E= -0.153  |g|= 0.192  |ddm|= 1.85
  HOMO = -0.141356373628376  LUMO = -0.135504924296864
cycle= 348 E= -774.201321242962  delta_E= 0.172  |g|= 0.52  |ddm|= 1.94
  HOMO = -0.14234418943772  LUMO = -0.137610722504759
cycle= 349 E= -774.211109746997  delta_E= -0.00979  |g|= 0.509  |ddm|= 0.0983
  HOMO = -0.142412625685736  LUMO = -0.137766677144065
cycle= 350 E= -774.209902298116  delta_E= 0.00121  |g|= 0.512  |ddm|= 0.0597
  HOMO = -0.142449155084368  LUMO = -0.13849335750602
cycle= 351 E= -774.217253514856  delta_E= -0.00735  |g|= 0.501  |ddm|= 0.0771
  HOMO = -0.141355452771271  LUMO = -0.137836918435515
cycle= 352 E= -774.212070696288  delta_E= 0.00518  |g|= 0.512  |ddm|= 0.123
  HOMO = -0.142942138809888  LUMO = -0.137048039403288
cycle= 353 E= -774.204599049548  delta_E= 0.00747  |g|= 0.515  |ddm|= 0.187
  HOMO = -0.140094563518161  LUMO = -0.137428452777256
cycle= 354 E= -774.225256245906  delta_E= -0.0207  |g|= 0.492  |ddm|= 0.237
  HOMO = -0.141120714521492  LUMO = -0.138905325028971
cycle= 355 E= -774.243369747323  delta_E= -0.0181  |g|= 0.477  |ddm|= 0.177
  HOMO = -0.150869148124826  LUMO = -0.112810662689948
cycle= 356 E= -771.617977981102  delta_E= 2.63  |g|= 2.15  |ddm|= 3.55
  HOMO = -0.176468636875032  LUMO = -0.0998282318529403
cycle= 357 E= -774.185668401606  delta_E= -2.57  |g|= 0.747  |ddm|= 2.78
  HOMO = -0.17198431844624  LUMO = -0.122595796477773
cycle= 358 E= -774.259662234973  delta_E= -0.074  |g|= 0.498  |ddm|= 0.655
  HOMO = -0.156118442493051  LUMO = -0.134229843294686
cycle= 359 E= -774.302318972644  delta_E= -0.0427  |g|= 0.382  |ddm|= 0.314
  HOMO = -0.144592480869314  LUMO = -0.142998025253371
cycle= 360 E= -774.329908825355  delta_E= -0.0276  |g|= 0.344  |ddm|= 1.86
  HOMO = -0.14239996617724  LUMO = -0.132340821568018
cycle= 361 E= -774.197647961273  delta_E= 0.132  |g|= 0.532  |ddm|= 1.07
  HOMO = -0.148475725498943  LUMO = -0.13017411810397
cycle= 362 E= -774.181997194879  delta_E= 0.0157  |g|= 0.567  |ddm|= 0.22
  HOMO = -0.144403687263733  LUMO = -0.139722831518108
cycle= 363 E= -774.217346433809  delta_E= -0.0353  |g|= 0.507  |ddm|= 0.312
  HOMO = -0.144274786153099  LUMO = -0.140836904874772
cycle= 364 E= -774.229607496127  delta_E= -0.0123  |g|= 0.491  |ddm|= 0.131
  HOMO = -0.143857190516428  LUMO = -0.138429513845037
cycle= 365 E= -774.204698635049  delta_E= 0.0249  |g|= 0.519  |ddm|= 0.245
  HOMO = -0.14203830092505  LUMO = -0.139542569939767
cycle= 366 E= -774.240038726766  delta_E= -0.0353  |g|= 0.474  |ddm|= 0.318
  HOMO = -0.14256010029992  LUMO = -0.140902401648274
cycle= 367 E= -774.368756079207  delta_E= -0.129  |g|= 0.207  |ddm|= 1.77
  HOMO = -0.142653544202725  LUMO = -0.141379427718599
cycle= 368 E= -774.324648809212  delta_E= 0.0441  |g|= 0.352  |ddm|= 1.35
  HOMO = -0.144767109833453  LUMO = -0.138330610752614
cycle= 369 E= -774.201495821576  delta_E= 0.123  |g|= 0.52  |ddm|= 0.924
  HOMO = -0.144092113342339  LUMO = -0.138169899169934
cycle= 370 E= -774.204051085945  delta_E= -0.00256  |g|= 0.516  |ddm|= 0.036
  HOMO = -0.144222126750603  LUMO = -0.138478556295661
cycle= 371 E= -774.204492011541  delta_E= -0.000441  |g|= 0.516  |ddm|= 0.0214
  HOMO = -0.144259122619745  LUMO = -0.139599061354929
cycle= 372 E= -774.208913451637  delta_E= -0.00442  |g|= 0.51  |ddm|= 0.0664
  HOMO = -0.143645362379276  LUMO = -0.138204238405006
cycle= 373 E= -774.204910966376  delta_E= 0.004  |g|= 0.514  |ddm|= 0.0552
  HOMO = -0.143837518095308  LUMO = -0.137637368118692
cycle= 374 E= -774.202927459918  delta_E= 0.00198  |g|= 0.517  |ddm|= 0.0339
  HOMO = -0.144498546771407  LUMO = -0.138037202609967
cycle= 375 E= -774.200983661915  delta_E= 0.00194  |g|= 0.522  |ddm|= 0.031
  HOMO = -0.187816166703886  LUMO = -0.108782543149479
cycle= 376 E= -774.175381101082  delta_E= 0.0256  |g|= 0.796  |ddm|= 2.25
  HOMO = -0.163614884342111  LUMO = -0.112557910664541
cycle= 377 E= -774.093760997429  delta_E= 0.0816  |g|= 0.797  |ddm|=  1.1
  HOMO = -0.166802405629051  LUMO = -0.123814329653827
cycle= 378 E= -774.2752106185  delta_E= -0.181  |g|= 0.456  |ddm|= 0.752
  HOMO = -0.151062020693307  LUMO = -0.140160500228489
cycle= 379 E= -774.311286873702  delta_E= -0.0361  |g|= 0.371  |ddm|= 0.412
  HOMO = -0.147147658043342  LUMO = -0.130509627066331
cycle= 380 E= -774.189682535442  delta_E= 0.122  |g|= 0.558  |ddm|= 2.21
  HOMO = -0.147008837112268  LUMO = -0.131931553237144
cycle= 381 E= -774.192073873448  delta_E= -0.00239  |g|= 0.548  |ddm|= 0.124
  HOMO = -0.147514022299141  LUMO = -0.130659488650005
cycle= 382 E= -774.189824645948  delta_E= 0.00225  |g|= 0.551  |ddm|= 0.0762
  HOMO = -0.147269395786181  LUMO = -0.129737130753801
cycle= 383 E= -774.188017371223  delta_E= 0.00181  |g|= 0.552  |ddm|= 0.073
  HOMO = -0.148645183223473  LUMO = -0.127805393456387
cycle= 384 E= -774.183424994498  delta_E= 0.00459  |g|= 0.563  |ddm|= 0.0629
  HOMO = -0.14462027690422  LUMO = -0.136333310361812
cycle= 385 E= -774.313113698591  delta_E= -0.13  |g|= 0.344  |ddm|= 2.19
  HOMO = -0.1473110544891  LUMO = -0.134308589534601
cycle= 386 E= -774.191361218262  delta_E= 0.122  |g|= 0.544  |ddm|=  2.2
  HOMO = -0.145607478407884  LUMO = -0.138291119969752
cycle= 387 E= -774.32091284963  delta_E= -0.13  |g|= 0.333  |ddm|= 2.19
  HOMO = -0.147100707168534  LUMO = -0.139873253829521
cycle= 388 E= -774.315915330077  delta_E= 0.005  |g|= 0.34  |ddm|= 0.126
  HOMO = -0.142523350883886  LUMO = -0.14022082237109
cycle= 389 E= -774.266666225743  delta_E= 0.0492  |g|= 0.451  |ddm|= 2.01
  HOMO = -0.142462900024126  LUMO = -0.141098690943198
cycle= 390 E= -774.380656773058  delta_E= -0.114  |g|= 0.16  |ddm|= 0.867
  HOMO = -0.144950042971989  LUMO = -0.13720102486143
cycle= 391 E= -774.200435033405  delta_E= 0.18  |g|= 0.524  |ddm|= 1.39
  HOMO = -0.14307102292444  LUMO = -0.141462151513848
cycle= 392 E= -774.27778789917  delta_E= -0.0774  |g|= 0.437  |ddm|= 0.682
  HOMO = -0.143080538532432  LUMO = -0.141511689621264
cycle= 393 E= -774.288314048696  delta_E= -0.0105  |g|= 0.416  |ddm|= 0.0776
  HOMO = -0.143837359835691  LUMO = -0.141813742375786
cycle= 394 E= -774.251561597148  delta_E= 0.0368  |g|= 0.467  |ddm|= 0.25
  HOMO = -0.143739698284505  LUMO = -0.141306480282063
cycle= 395 E= -774.232709645154  delta_E= 0.0189  |g|= 0.486  |ddm|= 0.159
  HOMO = -0.142255554486294  LUMO = -0.141158446606049
cycle= 396 E= -774.392440218152  delta_E= -0.16  |g|= 0.0611  |ddm|= 1.35
  HOMO = -0.144747889315554  LUMO = -0.140648362848644
cycle= 397 E= -774.322587282445  delta_E= 0.0699  |g|= 0.323  |ddm|= 1.22
  HOMO = -0.142645287384339  LUMO = -0.141629221469295
cycle= 398 E= -774.390563490409  delta_E= -0.068  |g|= 0.0769  |ddm|=  1.3
  HOMO = -0.143416460147831  LUMO = -0.142233467533829
cycle= 399 E= -774.390027914965  delta_E= 0.000536  |g|= 0.0835  |ddm|= 0.367
  HOMO = -0.142496829186841  LUMO = -0.141337947041936
cycle= 400 E= -774.389875473837  delta_E= 0.000152  |g|= 0.0829  |ddm|= 0.0719
  HOMO = -0.142779580907363  LUMO = -0.141686491442566
cycle= 401 E= -774.393269961228  delta_E= -0.00339  |g|= 0.0297  |ddm|= 0.135
  HOMO = -0.142714129610614  LUMO = -0.141616187998079
cycle= 402 E= -774.392990831744  delta_E= 0.000279  |g|= 0.0371  |ddm|= 0.0194
  HOMO = -0.14269554583044  LUMO = -0.141601603669471
cycle= 403 E= -774.393151391998  delta_E= -0.000161  |g|= 0.033  |ddm|= 0.0105
  HOMO = -0.142794657356584  LUMO = -0.141610749665444
cycle= 404 E= -774.387083565612  delta_E= 0.00607  |g|= 0.108  |ddm|= 0.198
  HOMO = -0.142655880861977  LUMO = -0.141606741835039
cycle= 405 E= -774.391035029349  delta_E= -0.00395  |g|= 0.0712  |ddm|= 0.444
  HOMO = -0.142716925552895  LUMO = -0.141608626377648
cycle= 406 E= -774.392709210401  delta_E= -0.00167  |g|= 0.0436  |ddm|= 0.275
  HOMO = -0.142762063982178  LUMO = -0.141645937102089
cycle= 407 E= -774.392102416633  delta_E= 0.000607  |g|= 0.0547  |ddm|= 0.0281
  HOMO = -0.142733657595515  LUMO = -0.141625700821005
cycle= 408 E= -774.392612479671  delta_E= -0.00051  |g|= 0.0455  |ddm|= 0.0231
  HOMO = -0.14273721320977  LUMO = -0.141627526839871
cycle= 409 E= -774.392516115789  delta_E= 9.64e-05  |g|= 0.0474  |ddm|= 0.0047
  HOMO = -0.142737446095612  LUMO = -0.141627535665122
cycle= 410 E= -774.392504082222  delta_E= 1.2e-05  |g|= 0.0476  |ddm|= 0.000593
  HOMO = -0.142741154503549  LUMO = -0.141629758515538
cycle= 411 E= -774.392421502988  delta_E= 8.26e-05  |g|= 0.0491  |ddm|= 0.00387
  HOMO = -0.142729978521005  LUMO = -0.141614200526125
cycle= 412 E= -774.3921458812  delta_E= 0.000276  |g|= 0.0539  |ddm|= 0.0122
  HOMO = -0.14273016893077  LUMO = -0.141658995537781
cycle= 413 E= -774.393699023425  delta_E= -0.00155  |g|= 0.0103  |ddm|= 0.158
  HOMO = -0.142724799201109  LUMO = -0.141620754893642
cycle= 414 E= -774.392667721406  delta_E= 0.00103  |g|= 0.0443  |ddm|= 0.134
  HOMO = -0.142672848366283  LUMO = -0.14158404080718
cycle= 415 E= -774.393501351664  delta_E= -0.000834  |g|= 0.0215  |ddm|= 0.0575
  HOMO = -0.14271408390435  LUMO = -0.141625884857719
cycle= 416 E= -774.393499494358  delta_E= 1.86e-06  |g|= 0.0216  |ddm|= 0.00216
  HOMO = -0.142720512031663  LUMO = -0.14163325883382
cycle= 417 E= -774.393522702816  delta_E= -2.32e-05  |g|= 0.0206  |ddm|= 0.00268
  HOMO = -0.14271969208861  LUMO = -0.141631465730538
cycle= 418 E= -774.39349435348  delta_E= 2.83e-05  |g|= 0.0218  |ddm|= 0.00307
  HOMO = -0.142720403698319  LUMO = -0.141631849229934
cycle= 419 E= -774.393483651503  delta_E= 1.07e-05  |g|= 0.0222  |ddm|= 0.00109
  HOMO = -0.142719219805104  LUMO = -0.141631634595507
cycle= 420 E= -774.393518514271  delta_E= -3.49e-05  |g|= 0.0207  |ddm|= 0.00363
  HOMO = -0.142702004909569  LUMO = -0.141601906759602
cycle= 421 E= -774.392899802329  delta_E= 0.000619  |g|= 0.0392  |ddm|= 0.0464
  HOMO = -0.142721682634628  LUMO = -0.141619774210387
cycle= 422 E= -774.392819257684  delta_E= 8.05e-05  |g|= 0.0411  |ddm|= 0.00485
  HOMO = -0.142681702712305  LUMO = -0.141574518196145
cycle= 423 E= -774.392519710955  delta_E= 0.0003  |g|= 0.047  |ddm|= 0.0152
  HOMO = -0.142727645595309  LUMO = -0.141631697317097
cycle= 424 E= -774.393126834261  delta_E= -0.000607  |g|= 0.0337  |ddm|= 0.0335
  HOMO = -0.142728828809202  LUMO = -0.141631831927217
cycle= 425 E= -774.393083537734  delta_E= 4.33e-05  |g|= 0.0349  |ddm|= 0.00279
  HOMO = -0.142725894508577  LUMO = -0.141630125211382
cycle= 426 E= -774.393138374988  delta_E= -5.48e-05  |g|= 0.0334  |ddm|= 0.00359
  HOMO = -0.142719117786335  LUMO = -0.141625650758172
cycle= 427 E= -774.39324067396  delta_E= -0.000102  |g|= 0.0305  |ddm|= 0.00733
  HOMO = -0.14272316348215  LUMO = -0.141630141445366
cycle= 428 E= -774.393253939205  delta_E= -1.33e-05  |g|= 0.0301  |ddm|= 0.00175
  HOMO = -0.142712526693549  LUMO = -0.141606224595936
cycle= 429 E= -774.392576192941  delta_E= 0.000678  |g|= 0.0462  |ddm|= 0.0403
  HOMO = -0.142703139451179  LUMO = -0.141609407014994
cycle= 430 E= -774.393270745199  delta_E= -0.000695  |g|= 0.0299  |ddm|= 0.0419
  HOMO = -0.142640056934486  LUMO = -0.141525379073978
cycle= 431 E= -774.392041242459  delta_E= 0.00123  |g|= 0.0557  |ddm|= 0.0659
  HOMO = -0.14273015801222  LUMO = -0.141628384710857
cycle= 432 E= -774.392848904406  delta_E= -0.000808  |g|= 0.0406  |ddm|= 0.0386
  HOMO = -0.142723845507808  LUMO = -0.141619324345657
cycle= 433 E= -774.392706766117  delta_E= 0.000142  |g|= 0.0436  |ddm|= 0.00756
  HOMO = -0.14272360823461  LUMO = -0.141623538927361
cycle= 434 E= -774.392915413935  delta_E= -0.000209  |g|= 0.0391  |ddm|= 0.0112
  HOMO = -0.142727639513926  LUMO = -0.141623619861298
cycle= 435 E= -774.39271616754  delta_E= 0.000199  |g|= 0.0434  |ddm|= 0.0108
  HOMO = -0.142724448070818  LUMO = -0.141616121637485
cycle= 436 E= -774.392459738331  delta_E= 0.000256  |g|= 0.0484  |ddm|= 0.0127
  HOMO = -0.142739628989158  LUMO = -0.141580600082742
cycle= 437 E= -774.388566361353  delta_E= 0.00389  |g|= 0.0954  |ddm|= 0.124
  HOMO = -0.142759011672784  LUMO = -0.141512062411419
cycle= 438 E= -774.381098069153  delta_E= 0.00747  |g|= 0.147  |ddm|= 0.148
  HOMO = -0.142645662763757  LUMO = -0.141488287928813
cycle= 439 E= -774.388675522974  delta_E= -0.00758  |g|= 0.0941  |ddm|= 0.152
  HOMO = -0.142826686891998  LUMO = -0.141744836541342
cycle= 440 E= -774.393597772073  delta_E= -0.00492  |g|= 0.0168  |ddm|= 0.201
  HOMO = -0.142721829059847  LUMO = -0.141631784276567
cycle= 441 E= -774.393398758337  delta_E= 0.000199  |g|= 0.0256  |ddm|= 0.0251
  HOMO = -0.142655085081261  LUMO = -0.141594876651859
cycle= 442 E= -774.393225221223  delta_E= 0.000174  |g|= 0.0313  |ddm|= 0.137
  HOMO = -0.142710418433891  LUMO = -0.141630371637582
cycle= 443 E= -774.393713740238  delta_E= -0.000489  |g|= 0.00849  |ddm|= 0.0958
  HOMO = -0.142721327477492  LUMO = -0.141638924133272
cycle= 444 E= -774.393681741551  delta_E= 3.2e-05  |g|= 0.0115  |ddm|= 0.00714
  HOMO = -0.142695489428686  LUMO = -0.14161858655982
cycle= 445 E= -774.393749542732  delta_E= -6.78e-05  |g|= 0.00265  |ddm|= 0.0216
  HOMO = -0.14270587707581  LUMO = -0.141627537786504
cycle= 446 E= -774.393737263907  delta_E= 1.23e-05  |g|= 0.0054  |ddm|= 0.00708
  HOMO = -0.142704604436851  LUMO = -0.14162875130331
cycle= 447 E= -774.393752546107  delta_E= -1.53e-05  |g|= 0.00107  |ddm|= 0.0106
  HOMO = -0.142706140104472  LUMO = -0.141632592665963
cycle= 448 E= -774.393748122804  delta_E= 4.42e-06  |g|= 0.00303  |ddm|= 0.00987
  HOMO = -0.142699106880101  LUMO = -0.14162464669453
cycle= 449 E= -774.393752102836  delta_E= -3.98e-06  |g|= 0.00139  |ddm|= 0.00396
  HOMO = -0.14270217819204  LUMO = -0.14162717036756
cycle= 450 E= -774.393753127615  delta_E= -1.02e-06  |g|= 0.000257  |ddm|= 0.00278
  HOMO = -0.142702028801926  LUMO = -0.141626959844331
cycle= 451 E= -774.393753151075  delta_E= -2.35e-08  |g|= 0.000137  |ddm|= 0.000279
  HOMO = -0.142702360162135  LUMO = -0.141627225447193
cycle= 452 E= -774.393753160522  delta_E= -9.45e-09  |g|= 3.98e-05  |ddm|= 0.000237
  HOMO = -0.142702276599177  LUMO = -0.141627131237235
cycle= 453 E= -774.393753161214  delta_E= -6.92e-10  |g|= 1.7e-05  |ddm|= 5.69e-05
  HOMO = -0.142702256023332  LUMO = -0.141627111751788
cycle= 454 E= -774.39375316113  delta_E= 8.34e-11  |g|= 2.08e-05  |ddm|= 1.17e-05
  HOMO = -0.142702268551041  LUMO = -0.141627110141442
cycle= 455 E= -774.393753161334  delta_E= -2.03e-10  |g|= 7.85e-06  |ddm|= 6.86e-05
  HOMO = -0.142701364848544  LUMO = -0.141627097632902
Extra cycle  E= -774.393751803352  delta_E= 1.36e-06  |g|= 0.00158  |ddm|= 0.00384
converged SCF energy = -774.393751803352
AOs:  [0, 1, 2, 3, 4, 5, 6, 7, 8, 9, 10, 11, 12, 13, 14, 15, 16, 17, 18, 19, 20, 21, 22, 23, 24, 25, 26, 27, 28, 29, 30, 31, 32, 33, 34, 35, 36, 37, 38, 39, 40, 41, 42, 43, 44, 45, 46, 47, 48, 49, 50, 51, 52, 53, 54, 55, 56, 57, 58, 59, 60, 61, 62, 63]
64
Number of Active MOs:  16
Number of Environment MOs:  54
Number of Virtual MOs:  244
 # electrons:                        
         Env:  54.00000000  54.00000000
         Act:  16.00000000  16.00000000
         Vir:  -0.00000000  -0.00000000
Number of electrons in the active space:  32

 The density matrix is idempotent!

 The density matrix is idempotent!


******** <class 'pyscf.scf.hf.RHF'> ********
method = RHF
initial guess = minao
damping factor = 0
level_shift factor = 0
DIIS = <class 'pyscf.scf.diis.CDIIS'>
diis_start_cycle = 1
diis_space = 8
SCF conv_tol = 1e-09
SCF conv_tol_grad = 1e-05
SCF max_cycles = 200
direct_scf = True
direct_scf_tol = 1e-13
chkfile to save SCF result = subsys_scf.chk
max_memory 900000 MB (current use 10679 MB)
init E= 993.857292248795
  HOMO = -0.165635201545968  LUMO = 0.00161130526872757
cycle= 1 E= 993.810645322225  delta_E= -0.0466  |g|= 0.0825  |ddm|= 0.784
  HOMO = -0.167846882043947  LUMO = 0.00379402582984795
cycle= 2 E= 993.806233160549  delta_E= -0.00441  |g|= 0.0327  |ddm|= 0.227
  HOMO = -0.173194309101198  LUMO = 0.00808356422114484
cycle= 3 E= 993.804856797119  delta_E= -0.00138  |g|= 0.0271  |ddm|= 0.118
  HOMO = -0.172393751371541  LUMO = 0.0107057939471095
cycle= 4 E= 993.804240162083  delta_E= -0.000617  |g|= 0.0116  |ddm|= 0.0752
  HOMO = -0.17461805246565  LUMO = 0.0120463293349487
cycle= 5 E= 993.803916288082  delta_E= -0.000324  |g|= 0.00582  |ddm|= 0.0786
  HOMO = -0.174798965205538  LUMO = 0.0128070632981783
cycle= 6 E= 993.803852470859  delta_E= -6.38e-05  |g|= 0.00357  |ddm|= 0.0328
  HOMO = -0.174764068670951  LUMO = 0.0125931602080151
cycle= 7 E= 993.803831656924  delta_E= -2.08e-05  |g|= 0.0024  |ddm|= 0.0167
  HOMO = -0.174520085235676  LUMO = 0.0123357551167012
cycle= 8 E= 993.803814225318  delta_E= -1.74e-05  |g|= 0.00158  |ddm|= 0.021
  HOMO = -0.174349140194645  LUMO = 0.0119883111565235
cycle= 9 E= 993.803806710082  delta_E= -7.52e-06  |g|= 0.000376  |ddm|= 0.0211
  HOMO = -0.174238295621957  LUMO = 0.0119292737866734
cycle= 10 E= 993.803806328803  delta_E= -3.81e-07  |g|= 0.000117  |ddm|= 0.00478
  HOMO = -0.17421973134813  LUMO = 0.0119021209488893
cycle= 11 E= 993.803806308198  delta_E= -2.06e-08  |g|= 4.03e-05  |ddm|= 0.00104
  HOMO = -0.174218209808556  LUMO = 0.0118969662938518
cycle= 12 E= 993.803806306712  delta_E= -1.49e-09  |g|= 9.77e-06  |ddm|= 0.000229
  HOMO = -0.174218639541761  LUMO = 0.0118985267150495
cycle= 13 E= 993.803806306473  delta_E= -2.4e-10  |g|= 3.27e-06  |ddm|= 6.85e-05
  HOMO = -0.174218737966304  LUMO = 0.0118981598061052
Extra cycle  E= 993.803806306578  delta_E= 1.05e-10  |g|= 1.54e-06  |ddm|= 1.02e-05
converged SCF energy = 993.803806306578
Difference in energy:  -658.8522535092402
E(MP2) = 993.225600521513  E_corr = -0.578205785064621
Total energy =  -773.9220105700281
time elapsed:  430.40518593788147
