

******** <class 'pyscf.dft.rks.RKS'> ********
method = RKS-RHF
initial guess = minao
damping factor = 0
level_shift factor = 0
DIIS = <class 'pyscf.scf.diis.CDIIS'>
diis_start_cycle = 1
diis_space = 8
SCF conv_tol = 1e-09
SCF conv_tol_grad = 1e-05
SCF max_cycles = 1000
direct_scf = True
direct_scf_tol = 1e-13
chkfile to save SCF result = scf.fchk
max_memory 900000 MB (current use 79 MB)
XC library pyscf.dft.libxc version 5.1.7
    S. Lehtola, C. Steigemann, M. J. Oliveira, and M. A. Marques, SoftwareX 7, 1 (2018)
XC functionals = pbe
    J. P. Perdew, K. Burke, and M. Ernzerhof, Phys. Rev. Lett. 77, 3865 (1996)
    J. P. Perdew, K. Burke, and M. Ernzerhof, Phys. Rev. Lett. 78, 1396 (1997)
    J. P. Perdew, K. Burke, and M. Ernzerhof, Phys. Rev. Lett. 77, 3865 (1996)
    J. P. Perdew, K. Burke, and M. Ernzerhof, Phys. Rev. Lett. 78, 1396 (1997)
small_rho_cutoff = 1e-07
init E= -776.04750137271
  HOMO = -0.232871429479404  LUMO = -0.208359223377479
cycle= 1 E= -773.975053047137  delta_E= 2.07  |g|= 1.21  |ddm|= 6.28
  HOMO = -0.0155365804854595  LUMO = 0.000623323102016887
cycle= 2 E= -762.686522248702  delta_E= 11.3  |g|= 3.82  |ddm|= 6.25
  HOMO = -0.10142059573442  LUMO = -0.0670426745359597
cycle= 3 E= -773.663406927442  delta_E=  -11  |g|= 1.39  |ddm|= 5.89
  HOMO = -0.109402118612409  LUMO = -0.07795352993354
cycle= 4 E= -772.825432404714  delta_E= 0.838  |g|= 1.79  |ddm|= 3.36
  HOMO = -0.143189309226402  LUMO = -0.09006595316433
cycle= 5 E= -774.045097665495  delta_E= -1.22  |g|= 0.804  |ddm|= 2.61
  HOMO = -0.150361812269606  LUMO = -0.131132171332498
cycle= 6 E= -774.265353596512  delta_E= -0.22  |g|= 0.523  |ddm|= 2.32
  HOMO = -0.149574144811002  LUMO = -0.133905954020678
cycle= 7 E= -774.185123323516  delta_E= 0.0802  |g|= 0.574  |ddm|= 2.23
  HOMO = -0.140128262330526  LUMO = -0.137826303190045
cycle= 8 E= -774.35832094367  delta_E= -0.173  |g|= 0.258  |ddm|= 2.03
  HOMO = -0.142967839474  LUMO = -0.139568439875431
cycle= 9 E= -774.230513779444  delta_E= 0.128  |g|= 0.49  |ddm|= 1.88
  HOMO = -0.146009241744187  LUMO = -0.140074271835406
cycle= 10 E= -774.319034793238  delta_E= -0.0885  |g|= 0.332  |ddm|= 2.12
  HOMO = -0.142422114817368  LUMO = -0.140238064294785
cycle= 11 E= -774.350764887401  delta_E= -0.0317  |g|= 0.257  |ddm|= 0.463
  HOMO = -0.142749910511857  LUMO = -0.139242937006113
cycle= 12 E= -774.329828293252  delta_E= 0.0209  |g|= 0.307  |ddm|= 0.315
  HOMO = -0.145076465553094  LUMO = -0.141068322949267
cycle= 13 E= -774.328155007803  delta_E= 0.00167  |g|= 0.318  |ddm|= 0.132
  HOMO = -0.143460088081191  LUMO = -0.141174401191978
cycle= 14 E= -774.344055397856  delta_E= -0.0159  |g|= 0.275  |ddm|= 0.291
  HOMO = -0.14495652853228  LUMO = -0.141679597070296
cycle= 15 E= -774.331683959094  delta_E= 0.0124  |g|= 0.306  |ddm|= 0.202
  HOMO = -0.143779880788386  LUMO = -0.140249005252631
cycle= 16 E= -774.329285935031  delta_E= 0.0024  |g|= 0.307  |ddm|= 0.0546
  HOMO = -0.143945886291126  LUMO = -0.142316813681216
cycle= 17 E= -774.375583780512  delta_E= -0.0463  |g|= 0.181  |ddm|= 0.614
  HOMO = -0.150350322765382  LUMO = -0.128782852983463
cycle= 18 E= -774.168632838051  delta_E= 0.207  |g|= 0.627  |ddm|= 1.98
  HOMO = -0.139635888023641  LUMO = -0.138391145478878
cycle= 19 E= -774.390450899253  delta_E= -0.222  |g|= 0.0961  |ddm|= 1.78
  HOMO = -0.144359890655171  LUMO = -0.141543131959524
cycle= 20 E= -774.334751083566  delta_E= 0.0557  |g|= 0.294  |ddm|= 0.907
  HOMO = -0.143144167517923  LUMO = -0.141949775346107
cycle= 21 E= -774.389617900446  delta_E= -0.0549  |g|= 0.0947  |ddm|= 1.16
  HOMO = -0.142937418948148  LUMO = -0.141832598358035
cycle= 22 E= -774.392862838743  delta_E= -0.00324  |g|= 0.049  |ddm|= 0.176
  HOMO = -0.141929895575861  LUMO = -0.140385396865855
cycle= 23 E= -774.362038128596  delta_E= 0.0308  |g|= 0.23  |ddm|= 0.699
  HOMO = -0.142625070932289  LUMO = -0.141529384261667
cycle= 24 E= -774.39314807332  delta_E= -0.0311  |g|= 0.0322  |ddm|= 0.723
  HOMO = -0.142592305760436  LUMO = -0.141347630961657
cycle= 25 E= -774.386490867108  delta_E= 0.00666  |g|= 0.112  |ddm|= 0.365
  HOMO = -0.14245737223119  LUMO = -0.141305491882792
cycle= 26 E= -774.393058345279  delta_E= -0.00657  |g|= 0.0344  |ddm|= 0.206
  HOMO = -0.142572421867766  LUMO = -0.141394723649277
cycle= 27 E= -774.391852611537  delta_E= 0.00121  |g|= 0.0581  |ddm|= 0.0599
  HOMO = -0.142556927885035  LUMO = -0.141390308608001
cycle= 28 E= -774.392434672838  delta_E= -0.000582  |g|= 0.0481  |ddm|= 0.0255
  HOMO = -0.142530226004383  LUMO = -0.141386769868128
cycle= 29 E= -774.393464167238  delta_E= -0.00103  |g|= 0.0214  |ddm|= 0.0662
  HOMO = -0.142567178382573  LUMO = -0.141437425041969
cycle= 30 E= -774.393715093292  delta_E= -0.000251  |g|= 0.00205  |ddm|= 0.0512
  HOMO = -0.142556485293249  LUMO = -0.141431512610011
cycle= 31 E= -774.393681146609  delta_E= 3.39e-05  |g|= 0.00803  |ddm|= 0.0207
  HOMO = -0.142536726063358  LUMO = -0.141408120943549
cycle= 32 E= -774.393715753173  delta_E= -3.46e-05  |g|= 0.00101  |ddm|= 0.017
  HOMO = -0.142552803298021  LUMO = -0.14142373224089
cycle= 33 E= -774.393716197635  delta_E= -4.44e-07  |g|= 0.000528  |ddm|= 0.00359
  HOMO = -0.142546315823432  LUMO = -0.141416476586977
cycle= 34 E= -774.393714318705  delta_E= 1.88e-06  |g|= 0.00191  |ddm|= 0.00364
  HOMO = -0.142544395479429  LUMO = -0.141414933368586
cycle= 35 E= -774.393715568332  delta_E= -1.25e-06  |g|= 0.00117  |ddm|= 0.0018
  HOMO = -0.142543965748356  LUMO = -0.141414657741543
cycle= 36 E= -774.39371591693  delta_E= -3.49e-07  |g|= 0.00086  |ddm|= 0.000759
  HOMO = -0.142544661464355  LUMO = -0.141415594778243
cycle= 37 E= -774.393716220218  delta_E= -3.03e-07  |g|= 0.000431  |ddm|= 0.00104
  HOMO = -0.142544778548459  LUMO = -0.141415733603784
cycle= 38 E= -774.393716231823  delta_E= -1.16e-08  |g|= 0.000403  |ddm|= 7.57e-05
  HOMO = -0.142544130537791  LUMO = -0.141415299347713
cycle= 39 E= -774.393716321348  delta_E= -8.95e-08  |g|= 1.88e-05  |ddm|= 0.000938
  HOMO = -0.142544054249932  LUMO = -0.14141524745218
cycle= 40 E= -774.393716320895  delta_E= 4.53e-10  |g|= 3.4e-05  |ddm|= 0.000126
  HOMO = -0.142544115485365  LUMO = -0.141415286215892
cycle= 41 E= -774.393716321526  delta_E= -6.32e-10  |g|= 1.85e-06  |ddm|= 8.51e-05
  HOMO = -0.142543909337845  LUMO = -0.141415189549031
Extra cycle  E= -774.393716303225  delta_E= 1.83e-08  |g|= 0.000183  |ddm|= 0.000446
converged SCF energy = -774.393716303225
AOs:  [0, 1, 2, 3, 4, 5, 6, 7, 8, 9, 10, 11, 12, 13, 14, 15, 16, 17, 18, 19, 20, 21, 22, 23, 24, 25, 26, 27, 28, 29, 30, 31, 32, 33, 34, 35, 36, 37, 38, 39, 40, 41, 42, 43, 44, 45, 46, 47, 48, 49, 50, 51, 52, 53, 54, 55, 56, 57, 58, 59, 60, 61, 62, 63]
64
Number of Active MOs:  16
Number of Environment MOs:  54
Number of Virtual MOs:  244
 # electrons:            α            β
         Env:  54.00000000  54.00000000
         Act:  16.00000000  16.00000000
         Vir:   0.00000000   0.00000000
Number of electrons in the active space:  32

 The density matrix is idempotent!

 The density matrix is idempotent!


******** <class 'pyscf.scf.hf.RHF'> ********
method = RHF
initial guess = minao
damping factor = 0
level_shift factor = 0
DIIS = <class 'pyscf.scf.diis.CDIIS'>
diis_start_cycle = 1
diis_space = 8
SCF conv_tol = 1e-09
SCF conv_tol_grad = 1e-05
SCF max_cycles = 200
direct_scf = True
direct_scf_tol = 1e-13
chkfile to save SCF result = subsys_scf.chk
max_memory 900000 MB (current use 10411 MB)
init E= 993.560071851259
  HOMO = -0.164645926941422  LUMO = 0.00158589599423537
cycle= 1 E= 993.513127432608  delta_E= -0.0469  |g|= 0.0829  |ddm|= 0.778
  HOMO = -0.166667905525535  LUMO = 0.00414536258713328
cycle= 2 E= 993.508609177365  delta_E= -0.00452  |g|= 0.0332  |ddm|= 0.221
  HOMO = -0.172344226448406  LUMO = 0.0083223266950249
cycle= 3 E= 993.507162015257  delta_E= -0.00145  |g|= 0.0278  |ddm|= 0.119
  HOMO = -0.171499357887151  LUMO = 0.0111197087861707
cycle= 4 E= 993.506502058444  delta_E= -0.00066  |g|= 0.012  |ddm|= 0.0751
  HOMO = -0.173893399919539  LUMO = 0.0125320827999244
cycle= 5 E= 993.50614758902  delta_E= -0.000354  |g|= 0.00576  |ddm|= 0.0825
  HOMO = -0.174069776765022  LUMO = 0.0133580389968328
cycle= 6 E= 993.506082721439  delta_E= -6.49e-05  |g|= 0.00362  |ddm|= 0.0332
  HOMO = -0.174044655937671  LUMO = 0.0131519165593613
cycle= 7 E= 993.506063778717  delta_E= -1.89e-05  |g|= 0.00246  |ddm|= 0.0151
  HOMO = -0.173810319118747  LUMO = 0.0128664239995364
cycle= 8 E= 993.50604570474  delta_E= -1.81e-05  |g|= 0.00165  |ddm|= 0.0211
  HOMO = -0.173618382029767  LUMO = 0.0124904619239075
cycle= 9 E= 993.506037153891  delta_E= -8.55e-06  |g|= 0.00039  |ddm|= 0.0227
  HOMO = -0.173499399515102  LUMO = 0.0124146706061902
cycle= 10 E= 993.506036694025  delta_E= -4.6e-07  |g|= 0.000123  |ddm|= 0.00536
  HOMO = -0.173478676940815  LUMO = 0.0123862585009352
cycle= 11 E= 993.50603667037  delta_E= -2.37e-08  |g|= 4.19e-05  |ddm|= 0.00115
  HOMO = -0.173476469216702  LUMO = 0.0123798952385419
cycle= 12 E= 993.506036668926  delta_E= -1.44e-09  |g|= 1.03e-05  |ddm|= 0.00026
  HOMO = -0.173477179853012  LUMO = 0.0123817810260398
cycle= 13 E= 993.506036668652  delta_E= -2.74e-10  |g|= 3.74e-06  |ddm|= 8.11e-05
  HOMO = -0.173477230267041  LUMO = 0.0123813878574573
Extra cycle  E= 993.506036668696  delta_E= 4.39e-11  |g|= 1.73e-06  |ddm|= 1.14e-05
converged SCF energy = 993.506036668696
Difference in energy:  -659.3087670174999
E(MP2) = 992.927717092314  E_corr = -0.578319576381843
Total energy =  -773.9213613612443
time elapsed:  54.86163568496704
