

******** <class 'pyscf.dft.rks.RKS'> ********
method = RKS-RHF
initial guess = minao
damping factor = 0
level_shift factor = 0
DIIS = <class 'pyscf.scf.diis.CDIIS'>
diis_start_cycle = 1
diis_space = 8
SCF conv_tol = 1e-09
SCF conv_tol_grad = 1e-05
SCF max_cycles = 1000
direct_scf = True
direct_scf_tol = 1e-13
chkfile to save SCF result = scf.fchk
max_memory 900000 MB (current use 79 MB)
XC library pyscf.dft.libxc version 5.1.7
    S. Lehtola, C. Steigemann, M. J. Oliveira, and M. A. Marques, SoftwareX 7, 1 (2018)
XC functionals = pbe
    J. P. Perdew, K. Burke, and M. Ernzerhof, Phys. Rev. Lett. 77, 3865 (1996)
    J. P. Perdew, K. Burke, and M. Ernzerhof, Phys. Rev. Lett. 78, 1396 (1997)
    J. P. Perdew, K. Burke, and M. Ernzerhof, Phys. Rev. Lett. 77, 3865 (1996)
    J. P. Perdew, K. Burke, and M. Ernzerhof, Phys. Rev. Lett. 78, 1396 (1997)
small_rho_cutoff = 1e-07
init E= -776.04748417988
  HOMO = -0.232929370862789  LUMO = -0.208297950186749
cycle= 1 E= -773.976526895176  delta_E= 2.07  |g|= 1.21  |ddm|= 6.28
  HOMO = -0.0150268965876393  LUMO = 0.0011202298598751
cycle= 2 E= -762.703424049109  delta_E= 11.3  |g|= 3.82  |ddm|= 6.25
  HOMO = -0.102048462251227  LUMO = -0.0666523974013716
cycle= 3 E= -773.661736003763  delta_E=  -11  |g|= 1.39  |ddm|= 5.89
  HOMO = -0.10963830562807  LUMO = -0.0782504805193697
cycle= 4 E= -772.827496011564  delta_E= 0.834  |g|= 1.79  |ddm|= 3.36
  HOMO = -0.143409650187177  LUMO = -0.090341071057224
cycle= 5 E= -774.046585153107  delta_E= -1.22  |g|= 0.802  |ddm|= 2.61
  HOMO = -0.150831808931462  LUMO = -0.130872997396055
cycle= 6 E= -774.2669074554  delta_E= -0.22  |g|= 0.523  |ddm|= 2.31
  HOMO = -0.149422669737106  LUMO = -0.134286853025783
cycle= 7 E= -774.191716507789  delta_E= 0.0752  |g|= 0.567  |ddm|=  2.2
  HOMO = -0.141007674963854  LUMO = -0.137017716059123
cycle= 8 E= -774.36930813892  delta_E= -0.178  |g|= 0.23  |ddm|= 1.91
  HOMO = -0.143239590145488  LUMO = -0.140355218969161
cycle= 9 E= -774.371588822664  delta_E= -0.00228  |g|= 0.219  |ddm|= 0.982
  HOMO = -0.143974050032139  LUMO = -0.140785449300121
cycle= 10 E= -774.380603795882  delta_E= -0.00901  |g|= 0.157  |ddm|= 0.861
  HOMO = -0.142429542868782  LUMO = -0.139504355458983
cycle= 11 E= -774.339934694102  delta_E= 0.0407  |g|= 0.315  |ddm|= 1.11
  HOMO = -0.143036153553037  LUMO = -0.139641982125013
cycle= 12 E= -774.304182403261  delta_E= 0.0358  |g|= 0.391  |ddm|= 0.252
  HOMO = -0.144416779365782  LUMO = -0.14066188630021
cycle= 13 E= -774.281183904504  delta_E= 0.023  |g|= 0.432  |ddm|= 0.147
  HOMO = -0.14356775537901  LUMO = -0.140403686146982
cycle= 14 E= -774.317584269656  delta_E= -0.0364  |g|= 0.365  |ddm|= 0.23
  HOMO = -0.143054255861694  LUMO = -0.139668035791039
cycle= 15 E= -774.300944170461  delta_E= 0.0166  |g|= 0.396  |ddm|= 0.116
  HOMO = -0.143950526867396  LUMO = -0.139249054085114
cycle= 16 E= -774.252522259232  delta_E= 0.0484  |g|= 0.469  |ddm|= 0.318
  HOMO = -0.141835026579219  LUMO = -0.138896773595145
cycle= 17 E= -774.342511190566  delta_E= -0.09  |g|= 0.306  |ddm|= 0.607
  HOMO = -0.143999573908921  LUMO = -0.139598206244457
cycle= 18 E= -774.264507751414  delta_E= 0.078  |g|= 0.455  |ddm|= 0.541
  HOMO = -0.149949504301385  LUMO = -0.137408996545912
cycle= 19 E= -774.310006095282  delta_E= -0.0455  |g|= 0.366  |ddm|= 2.02
  HOMO = -0.143667402528232  LUMO = -0.140985060857519
cycle= 20 E= -774.37934299526  delta_E= -0.0693  |g|= 0.198  |ddm|= 1.48
  HOMO = -0.144440633370664  LUMO = -0.141143037854786
cycle= 21 E= -774.302998929523  delta_E= 0.0763  |g|= 0.391  |ddm|= 0.683
  HOMO = -0.14303664198667  LUMO = -0.140406433240448
cycle= 22 E= -774.3770839647  delta_E= -0.0741  |g|= 0.186  |ddm|= 0.58
  HOMO = -0.145373268320928  LUMO = -0.142524827965475
cycle= 23 E= -774.349353177578  delta_E= 0.0277  |g|= 0.297  |ddm|= 0.275
  HOMO = -0.144294658983452  LUMO = -0.137849380986497
cycle= 24 E= -774.220201811471  delta_E= 0.129  |g|= 0.512  |ddm|= 0.878
  HOMO = -0.143742773500053  LUMO = -0.14104467647507
cycle= 25 E= -774.379778096209  delta_E= -0.16  |g|= 0.168  |ddm|=  1.1
  HOMO = -0.144242534570621  LUMO = -0.141534592166375
cycle= 26 E= -774.372490963613  delta_E= 0.00729  |g|= 0.205  |ddm|= 0.0911
  HOMO = -0.143316731066045  LUMO = -0.14068325682332
cycle= 27 E= -774.385228554096  delta_E= -0.0127  |g|= 0.137  |ddm|= 0.178
  HOMO = -0.146403838900302  LUMO = -0.140738975800434
cycle= 28 E= -774.335450796852  delta_E= 0.0498  |g|= 0.306  |ddm|= 1.21
  HOMO = -0.143375167357841  LUMO = -0.140627477467597
cycle= 29 E= -774.360594769122  delta_E= -0.0251  |g|= 0.253  |ddm|= 1.44
  HOMO = -0.143817238111467  LUMO = -0.139953180302396
cycle= 30 E= -774.28129539135  delta_E= 0.0793  |g|= 0.441  |ddm|= 0.557
  HOMO = -0.143083707745803  LUMO = -0.140440965451229
cycle= 31 E= -774.381357094361  delta_E= -0.1  |g|= 0.165  |ddm|= 0.77
  HOMO = -0.142976277892172  LUMO = -0.140269124553954
cycle= 32 E= -774.364196370564  delta_E= 0.0172  |g|= 0.24  |ddm|= 0.203
  HOMO = -0.144194389763462  LUMO = -0.141510102741749
cycle= 33 E= -774.392331634647  delta_E= -0.0281  |g|= 0.0844  |ddm|= 0.416
  HOMO = -0.143409555136752  LUMO = -0.139245471565432
cycle= 34 E= -774.266660964011  delta_E= 0.126  |g|= 0.448  |ddm|= 1.05
  HOMO = -0.142734558055408  LUMO = -0.140087735016005
cycle= 35 E= -774.390059007979  delta_E= -0.123  |g|= 0.0985  |ddm|= 0.984
  HOMO = -0.143463712702851  LUMO = -0.140823883039781
cycle= 36 E= -774.386979368048  delta_E= 0.00308  |g|= 0.125  |ddm|= 0.0846
  HOMO = -0.144187504124603  LUMO = -0.140643917194009
cycle= 37 E= -774.369753535529  delta_E= 0.0172  |g|= 0.207  |ddm|= 0.831
  HOMO = -0.143126160004145  LUMO = -0.139987467806433
cycle= 38 E= -774.321764183615  delta_E= 0.048  |g|= 0.356  |ddm|= 1.36
  HOMO = -0.143047259414461  LUMO = -0.140157171050343
cycle= 39 E= -774.34734774284  delta_E= -0.0256  |g|= 0.293  |ddm|= 0.185
  HOMO = -0.143162289956998  LUMO = -0.140066779531365
cycle= 40 E= -774.324926197346  delta_E= 0.0224  |g|= 0.35  |ddm|= 0.164
  HOMO = -0.143152906515089  LUMO = -0.140023890785085
cycle= 41 E= -774.322382280297  delta_E= 0.00254  |g|= 0.355  |ddm|= 0.0178
  HOMO = -0.143617298112145  LUMO = -0.1405576788838
cycle= 42 E= -774.329005935067  delta_E= -0.00662  |g|= 0.342  |ddm|= 0.05
  HOMO = -0.143518389111259  LUMO = -0.140060353062388
cycle= 43 E= -774.299479935973  delta_E= 0.0295  |g|=  0.4  |ddm|= 0.197
  HOMO = -0.142807615343635  LUMO = -0.138702141566832
cycle= 44 E= -774.269833855973  delta_E= 0.0296  |g|= 0.448  |ddm|= 0.196
  HOMO = -0.144411940788145  LUMO = -0.138775850190629
cycle= 45 E= -774.235853631583  delta_E= 0.034  |g|= 0.493  |ddm|= 0.252
  HOMO = -0.14730394411892  LUMO = -0.138981931061267
cycle= 46 E= -774.320563267271  delta_E= -0.0847  |g|= 0.339  |ddm|= 2.04
  HOMO = -0.144541203156066  LUMO = -0.140074077886123
cycle= 47 E= -774.252084071741  delta_E= 0.0685  |g|= 0.489  |ddm|= 1.98
  HOMO = -0.144399392863083  LUMO = -0.138178507032014
cycle= 48 E= -774.226589362386  delta_E= 0.0255  |g|= 0.504  |ddm|= 0.28
  HOMO = -0.142200650068126  LUMO = -0.13625002143117
cycle= 49 E= -774.221530407375  delta_E= 0.00506  |g|= 0.513  |ddm|= 0.264
  HOMO = -0.141625143358389  LUMO = -0.137184096589291
cycle= 50 E= -774.256414893581  delta_E= -0.0349  |g|= 0.466  |ddm|= 0.277
  HOMO = -0.143993032564156  LUMO = -0.137385415387982
cycle= 51 E= -774.222906391172  delta_E= 0.0335  |g|= 0.512  |ddm|= 0.24
  HOMO = -0.144015138253501  LUMO = -0.139120878691033
cycle= 52 E= -774.258749561811  delta_E= -0.0358  |g|= 0.464  |ddm|= 0.239
  HOMO = -0.1435550780717  LUMO = -0.138161725897124
cycle= 53 E= -774.248414019147  delta_E= 0.0103  |g|= 0.478  |ddm|= 0.129
  HOMO = -0.143584756949587  LUMO = -0.137727592561637
cycle= 54 E= -774.236882366716  delta_E= 0.0115  |g|= 0.49  |ddm|= 0.0841
  HOMO = -0.16891523941334  LUMO = -0.0953685421933463
cycle= 55 E= -774.122688272003  delta_E= 0.114  |g|= 0.815  |ddm|= 2.22
  HOMO = -0.178354400395596  LUMO = -0.129864714875189
cycle= 56 E= -774.248530998083  delta_E= -0.126  |g|= 0.545  |ddm|= 0.811
  HOMO = -0.156894444602455  LUMO = -0.129440872707925
cycle= 57 E= -774.296981950472  delta_E= -0.0485  |g|= 0.409  |ddm|= 0.431
  HOMO = -0.143370443405536  LUMO = -0.130683315798813
cycle= 58 E= -774.180969236069  delta_E= 0.116  |g|= 0.586  |ddm|=  2.2
  HOMO = -0.147318172914174  LUMO = -0.128884347695661
cycle= 59 E= -774.176693747013  delta_E= 0.00428  |g|= 0.571  |ddm|= 0.178
  HOMO = -0.146329170865674  LUMO = -0.128238312196124
cycle= 60 E= -774.178479301729  delta_E= -0.00179  |g|= 0.568  |ddm|= 0.0627
  HOMO = -0.146639762125839  LUMO = -0.127747381978868
cycle= 61 E= -774.178604934598  delta_E= -0.000126  |g|= 0.567  |ddm|= 0.0508
  HOMO = -0.146802440316412  LUMO = -0.132267986780435
cycle= 62 E= -774.200966478678  delta_E= -0.0224  |g|= 0.541  |ddm|= 0.188
  HOMO = -0.147323327467898  LUMO = -0.128834518677113
cycle= 63 E= -774.184219265046  delta_E= 0.0167  |g|= 0.557  |ddm|= 0.159
  HOMO = -0.146357023433589  LUMO = -0.140573708776196
cycle= 64 E= -774.346864702521  delta_E= -0.163  |g|= 0.284  |ddm|= 2.08
  HOMO = -0.141110772462917  LUMO = -0.138043215320834
cycle= 65 E= -774.387939897185  delta_E= -0.0411  |g|= 0.131  |ddm|= 0.655
  HOMO = -0.145623798445174  LUMO = -0.14288509069434
cycle= 66 E= -774.391933875259  delta_E= -0.00399  |g|= 0.0948  |ddm|= 0.382
  HOMO = -0.144218881124454  LUMO = -0.140638655333665
cycle= 67 E= -774.368598150838  delta_E= 0.0233  |g|= 0.209  |ddm|= 0.662
  HOMO = -0.143708171994981  LUMO = -0.140493791841451
cycle= 68 E= -774.380355332806  delta_E= -0.0118  |g|= 0.16  |ddm|= 0.16
  HOMO = -0.143065888404316  LUMO = -0.139898158833635
cycle= 69 E= -774.381464962009  delta_E= -0.00111  |g|= 0.156  |ddm|= 0.0397
  HOMO = -0.143403042523858  LUMO = -0.140353314035603
cycle= 70 E= -774.385549788525  delta_E= -0.00408  |g|= 0.131  |ddm|= 0.0858
  HOMO = -0.143647637876106  LUMO = -0.140441173414616
cycle= 71 E= -774.379773725887  delta_E= 0.00578  |g|= 0.164  |ddm|=  0.1
  HOMO = -0.143432491556785  LUMO = -0.140535092989188
cycle= 72 E= -774.390274892284  delta_E= -0.0105  |g|= 0.0947  |ddm|= 0.194
  HOMO = -0.143599336829591  LUMO = -0.14066723170189
cycle= 73 E= -774.389105871453  delta_E= 0.00117  |g|= 0.104  |ddm|= 0.0396
  HOMO = -0.143646020739561  LUMO = -0.140036964778381
cycle= 74 E= -774.368201587621  delta_E= 0.0209  |g|= 0.213  |ddm|= 0.326
  HOMO = -0.144284181759798  LUMO = -0.14080781055268
cycle= 75 E= -774.372373076633  delta_E= -0.00417  |g|= 0.196  |ddm|= 0.0675
  HOMO = -0.143535638623518  LUMO = -0.140685141309545
cycle= 76 E= -774.392809376997  delta_E= -0.0204  |g|= 0.0674  |ddm|= 0.374
  HOMO = -0.143400692821178  LUMO = -0.1401130479816
cycle= 77 E= -774.375599965013  delta_E= 0.0172  |g|= 0.182  |ddm|= 0.319
  HOMO = -0.144028911178612  LUMO = -0.141243854555765
cycle= 78 E= -774.393442498943  delta_E= -0.0178  |g|= 0.06  |ddm|= 0.358
  HOMO = -0.143582295659782  LUMO = -0.140864032605358
cycle= 79 E= -774.394836881086  delta_E= -0.00139  |g|= 0.0319  |ddm|= 0.0923
  HOMO = -0.143271989603104  LUMO = -0.140538655947986
cycle= 80 E= -774.394688659429  delta_E= 0.000148  |g|= 0.0353  |ddm|= 0.0464
  HOMO = -0.143389159014199  LUMO = -0.140691191559223
cycle= 81 E= -774.395160665825  delta_E= -0.000472  |g|= 0.00801  |ddm|= 0.0816
  HOMO = -0.143419478085809  LUMO = -0.140656841637452
cycle= 82 E= -774.394658454898  delta_E= 0.000502  |g|= 0.0319  |ddm|= 0.0901
  HOMO = -0.143395356101322  LUMO = -0.140665128529102
cycle= 83 E= -774.39511863337  delta_E= -0.00046  |g|= 0.0114  |ddm|= 0.0479
  HOMO = -0.14343707391011  LUMO = -0.140697418352979
cycle= 84 E= -774.395021977658  delta_E= 9.67e-05  |g|= 0.0175  |ddm|= 0.0151
  HOMO = -0.14344339388495  LUMO = -0.140708527066338
cycle= 85 E= -774.395094018658  delta_E= -7.2e-05  |g|= 0.0131  |ddm|= 0.0107
  HOMO = -0.143426875657458  LUMO = -0.140730959051355
cycle= 86 E= -774.395041551326  delta_E= 5.25e-05  |g|= 0.0163  |ddm|= 0.0694
  HOMO = -0.14338903487915  LUMO = -0.140678562971471
cycle= 87 E= -774.395183760445  delta_E= -0.000142  |g|= 0.00272  |ddm|= 0.0318
  HOMO = -0.143379916805227  LUMO = -0.140669421188146
cycle= 88 E= -774.395185597248  delta_E= -1.84e-06  |g|= 0.002  |ddm|= 0.00225
  HOMO = -0.143389687412252  LUMO = -0.140678215335493
cycle= 89 E= -774.395186954556  delta_E= -1.36e-06  |g|= 0.00115  |ddm|= 0.00186
  HOMO = -0.143392675881654  LUMO = -0.140679472392328
cycle= 90 E= -774.395187661133  delta_E= -7.07e-07  |g|= 0.000173  |ddm|= 0.00286
  HOMO = -0.143391507566811  LUMO = -0.140678708796342
cycle= 91 E= -774.395187644996  delta_E= 1.61e-08  |g|= 0.000217  |ddm|= 0.000665
  HOMO = -0.143391205162039  LUMO = -0.140678264539796
cycle= 92 E= -774.395187662453  delta_E= -1.75e-08  |g|= 0.000119  |ddm|= 0.000231
  HOMO = -0.143391523881376  LUMO = -0.140678281064177
cycle= 93 E= -774.395187662572  delta_E= -1.19e-10  |g|= 0.000123  |ddm|= 0.000557
  HOMO = -0.143391739064405  LUMO = -0.140678634583945
cycle= 94 E= -774.395187670053  delta_E= -7.48e-09  |g|= 1.29e-05  |ddm|= 0.000251
  HOMO = -0.143391350555947  LUMO = -0.140678261766308
cycle= 95 E= -774.395187670107  delta_E= -5.48e-11  |g|= 8.32e-06  |ddm|= 2.38e-05
  HOMO = -0.143391658709689  LUMO = -0.140679091161118
Extra cycle  E= -774.39518758799  delta_E= 8.21e-08  |g|= 0.00039  |ddm|= 0.000933
converged SCF energy = -774.39518758799
AOs:  [0, 1, 2, 3, 4, 5, 6, 7, 8, 9, 10, 11, 12, 13, 14, 15, 16, 17, 18, 19, 20, 21, 22, 23, 24, 25, 26, 27, 28, 29, 30, 31, 32, 33, 34, 35, 36, 37, 38, 39, 40, 41, 42, 43, 44, 45, 46, 47, 48, 49, 50, 51, 52, 53, 54, 55, 56, 57, 58, 59, 60, 61, 62, 63]
64
Number of Active MOs:  16
Number of Environment MOs:  54
Number of Virtual MOs:  244
 # electrons:            α            β
         Env:  54.00000000  54.00000000
         Act:  16.00000000  16.00000000
         Vir:  -0.00000000  -0.00000000
Number of electrons in the active space:  32

 The density matrix is idempotent!

 The density matrix is idempotent!


******** <class 'pyscf.scf.hf.RHF'> ********
method = RHF
initial guess = minao
damping factor = 0
level_shift factor = 0
DIIS = <class 'pyscf.scf.diis.CDIIS'>
diis_start_cycle = 1
diis_space = 8
SCF conv_tol = 1e-09
SCF conv_tol_grad = 1e-05
SCF max_cycles = 200
direct_scf = True
direct_scf_tol = 1e-13
chkfile to save SCF result = subsys_scf.chk
max_memory 900000 MB (current use 10411 MB)
init E= 993.378048503922
  HOMO = -0.166369526794331  LUMO = 0.00258513745447177
cycle= 1 E= 993.33115498918  delta_E= -0.0469  |g|= 0.0822  |ddm|= 0.776
  HOMO = -0.168624283007387  LUMO = 0.00532980547420483
cycle= 2 E= 993.326663021529  delta_E= -0.00449  |g|= 0.0328  |ddm|= 0.218
  HOMO = -0.174178047109561  LUMO = 0.00956522432088666
cycle= 3 E= 993.325237456655  delta_E= -0.00143  |g|= 0.027  |ddm|= 0.118
  HOMO = -0.173369602571196  LUMO = 0.0123500487533303
cycle= 4 E= 993.324615067745  delta_E= -0.000622  |g|= 0.0115  |ddm|= 0.0722
  HOMO = -0.175780233438006  LUMO = 0.0137854457636736
cycle= 5 E= 993.324292937062  delta_E= -0.000322  |g|= 0.00529  |ddm|= 0.0781
  HOMO = -0.175953011293938  LUMO = 0.0145705020821164
cycle= 6 E= 993.324240607707  delta_E= -5.23e-05  |g|= 0.00324  |ddm|= 0.0294
  HOMO = -0.175945177872628  LUMO = 0.0143886020867923
cycle= 7 E= 993.324226056871  delta_E= -1.46e-05  |g|= 0.00215  |ddm|= 0.0131
  HOMO = -0.175752336978597  LUMO = 0.0141524243501508
cycle= 8 E= 993.324213008107  delta_E= -1.3e-05  |g|= 0.00145  |ddm|= 0.0174
  HOMO = -0.175602836457641  LUMO = 0.0138401483265854
cycle= 9 E= 993.324206935047  delta_E= -6.07e-06  |g|= 0.000352  |ddm|= 0.0183
  HOMO = -0.175503743413004  LUMO = 0.0137803615209965
cycle= 10 E= 993.324206593073  delta_E= -3.42e-07  |g|= 0.00011  |ddm|= 0.00447
  HOMO = -0.175486373116903  LUMO = 0.0137555690306733
cycle= 11 E= 993.324206574729  delta_E= -1.83e-08  |g|= 3.75e-05  |ddm|= 0.000977
  HOMO = -0.175484782309457  LUMO = 0.0137504272255735
cycle= 12 E= 993.324206573712  delta_E= -1.02e-09  |g|= 8.02e-06  |ddm|= 0.000194
  HOMO = -0.175484553821718  LUMO = 0.0137512722525878
cycle= 13 E= 993.324206573387  delta_E= -3.25e-10  |g|= 2.57e-06  |ddm|= 3.22e-05
  HOMO = -0.175484822938402  LUMO = 0.0137509783039408
Extra cycle  E= 993.324206573448  delta_E= 6.07e-11  |g|= 1.22e-06  |ddm|= 7.72e-06
converged SCF energy = 993.324206573448
Difference in energy:  -658.7137580547243
E(MP2) = 992.745645775732  E_corr = -0.578560797715444
Total energy =  -773.9240220736865
time elapsed:  106.52203392982483
