

******** <class 'pyscf.dft.rks.RKS'> ********
method = RKS-RHF
initial guess = minao
damping factor = 0
level_shift factor = 0
DIIS = <class 'pyscf.scf.diis.CDIIS'>
diis_start_cycle = 1
diis_space = 8
SCF conv_tol = 1e-09
SCF conv_tol_grad = 1e-05
SCF max_cycles = 1000
direct_scf = True
direct_scf_tol = 1e-13
chkfile to save SCF result = scf.fchk
max_memory 900000 MB (current use 79 MB)
XC library pyscf.dft.libxc version 5.1.7
    S. Lehtola, C. Steigemann, M. J. Oliveira, and M. A. Marques, SoftwareX 7, 1 (2018)
XC functionals = pbe
    J. P. Perdew, K. Burke, and M. Ernzerhof, Phys. Rev. Lett. 77, 3865 (1996)
    J. P. Perdew, K. Burke, and M. Ernzerhof, Phys. Rev. Lett. 78, 1396 (1997)
    J. P. Perdew, K. Burke, and M. Ernzerhof, Phys. Rev. Lett. 77, 3865 (1996)
    J. P. Perdew, K. Burke, and M. Ernzerhof, Phys. Rev. Lett. 78, 1396 (1997)
small_rho_cutoff = 1e-07
init E= -776.047454529272
  HOMO = -0.233179057226643  LUMO = -0.208054794096005
cycle= 1 E= -773.982186486277  delta_E= 2.07  |g|=  1.2  |ddm|= 6.28
  HOMO = -0.0129431560477241  LUMO = 0.00287684627727527
cycle= 2 E= -762.772282739879  delta_E= 11.2  |g|= 3.81  |ddm|= 6.22
  HOMO = -0.104494846572785  LUMO = -0.0652161278273737
cycle= 3 E= -773.655873379208  delta_E= -10.9  |g|=  1.4  |ddm|= 5.87
  HOMO = -0.110362689817442  LUMO = -0.0797791416765701
cycle= 4 E= -772.837736848984  delta_E= 0.818  |g|= 1.78  |ddm|= 3.36
  HOMO = -0.144028396185396  LUMO = -0.0912387031385493
cycle= 5 E= -774.051820448398  delta_E= -1.21  |g|= 0.797  |ddm|=  2.6
  HOMO = -0.152362551578265  LUMO = -0.129954333350381
cycle= 6 E= -774.27188278287  delta_E= -0.22  |g|= 0.521  |ddm|= 2.29
  HOMO = -0.149156132635307  LUMO = -0.135382810042728
cycle= 7 E= -774.221902846796  delta_E= 0.05  |g|= 0.538  |ddm|= 2.09
  HOMO = -0.142986348946606  LUMO = -0.135322360468701
cycle= 8 E= -774.373341946463  delta_E= -0.151  |g|= 0.229  |ddm|= 1.72
  HOMO = -0.145208639665436  LUMO = -0.139164671122027
cycle= 9 E= -774.39460514801  delta_E= -0.0213  |g|= 0.108  |ddm|= 0.521
  HOMO = -0.143798643651477  LUMO = -0.137823948652237
cycle= 10 E= -774.396424166143  delta_E= -0.00182  |g|= 0.0665  |ddm|= 0.191
  HOMO = -0.14502070755862  LUMO = -0.138879912400061
cycle= 11 E= -774.395535788157  delta_E= 0.000888  |g|= 0.0733  |ddm|= 0.108
  HOMO = -0.144978155991546  LUMO = -0.13903563987843
cycle= 12 E= -774.397909748918  delta_E= -0.00237  |g|= 0.0256  |ddm|= 0.123
  HOMO = -0.145183388196335  LUMO = -0.13896796587623
cycle= 13 E= -774.3944234488  delta_E= 0.00349  |g|= 0.0832  |ddm|= 0.156
  HOMO = -0.145320915616189  LUMO = -0.139023693073846
cycle= 14 E= -774.393153382951  delta_E= 0.00127  |g|= 0.0955  |ddm|= 0.0318
  HOMO = -0.145432922077963  LUMO = -0.139107512928866
cycle= 15 E= -774.392640531963  delta_E= 0.000513  |g|= 0.0996  |ddm|= 0.0128
  HOMO = -0.145245680328884  LUMO = -0.139167696657924
cycle= 16 E= -774.396390774787  delta_E= -0.00375  |g|= 0.0566  |ddm|= 0.106
  HOMO = -0.145262257025093  LUMO = -0.139323404125425
cycle= 17 E= -774.397756660365  delta_E= -0.00137  |g|= 0.028  |ddm|= 0.073
  HOMO = -0.145114966804951  LUMO = -0.139157386410086
cycle= 18 E= -774.397640387118  delta_E= 0.000116  |g|= 0.031  |ddm|= 0.0152
  HOMO = -0.145122298840442  LUMO = -0.139174692710994
cycle= 19 E= -774.397771863401  delta_E= -0.000131  |g|= 0.0268  |ddm|= 0.0103
  HOMO = -0.145139514776318  LUMO = -0.139221665741871
cycle= 20 E= -774.398004464919  delta_E= -0.000233  |g|= 0.017  |ddm|= 0.0233
  HOMO = -0.145060121876397  LUMO = -0.139161098641693
cycle= 21 E= -774.398075957098  delta_E= -7.15e-05  |g|= 0.0126  |ddm|= 0.011
  HOMO = -0.145149906679771  LUMO = -0.139267005946171
cycle= 22 E= -774.398134675598  delta_E= -5.87e-05  |g|= 0.00718  |ddm|= 0.0161
  HOMO = -0.145068979973507  LUMO = -0.139196103926167
cycle= 23 E= -774.398154786735  delta_E= -2.01e-05  |g|= 0.00292  |ddm|= 0.00951
  HOMO = -0.145086266955175  LUMO = -0.139214086492307
cycle= 24 E= -774.398157135811  delta_E= -2.35e-06  |g|= 0.00207  |ddm|= 0.00229
  HOMO = -0.145071519457343  LUMO = -0.139204244512924
cycle= 25 E= -774.398159366539  delta_E= -2.23e-06  |g|= 0.000232  |ddm|= 0.00448
  HOMO = -0.145075254288433  LUMO = -0.139207267695462
cycle= 26 E= -774.39815930536  delta_E= 6.12e-08  |g|= 0.000382  |ddm|= 0.000696
  HOMO = -0.145076386760241  LUMO = -0.139209085168163
cycle= 27 E= -774.398159372147  delta_E= -6.68e-08  |g|= 0.000156  |ddm|= 0.000581
  HOMO = -0.145075531372915  LUMO = -0.139208562964666
cycle= 28 E= -774.398159382889  delta_E= -1.07e-08  |g|= 5.29e-05  |ddm|= 0.000249
  HOMO = -0.145074747352119  LUMO = -0.139207842978009
cycle= 29 E= -774.398159383763  delta_E= -8.74e-10  |g|= 2.91e-05  |ddm|= 8.96e-05
  HOMO = -0.145075456331477  LUMO = -0.13920859854717
cycle= 30 E= -774.398159383516  delta_E= 2.47e-10  |g|= 3.49e-05  |ddm|= 9.57e-05
  HOMO = -0.145074939524508  LUMO = -0.139208042893562
cycle= 31 E= -774.398159383993  delta_E= -4.77e-10  |g|= 1.01e-05  |ddm|= 5.37e-05
  HOMO = -0.145075190353598  LUMO = -0.139208298825937
cycle= 32 E= -774.398159383954  delta_E= 3.89e-11  |g|= 1.29e-05  |ddm|= 1.85e-05
  HOMO = -0.145075030778632  LUMO = -0.139208109101606
cycle= 33 E= -774.398159384025  delta_E= -7.03e-11  |g|= 4.6e-06  |ddm|= 3.36e-05
  HOMO = -0.145074893952062  LUMO = -0.139208348009687
Extra cycle  E= -774.39815937444  delta_E= 9.58e-09  |g|= 0.000133  |ddm|= 0.000315
converged SCF energy = -774.39815937444
AOs:  [0, 1, 2, 3, 4, 5, 6, 7, 8, 9, 10, 11, 12, 13, 14, 15, 16, 17, 18, 19, 20, 21, 22, 23, 24, 25, 26, 27, 28, 29, 30, 31, 32, 33, 34, 35, 36, 37, 38, 39, 40, 41, 42, 43, 44, 45, 46, 47, 48, 49, 50, 51, 52, 53, 54, 55, 56, 57, 58, 59, 60, 61, 62, 63]
64
Number of Active MOs:  16
Number of Environment MOs:  54
Number of Virtual MOs:  244
 # electrons:            α            β
         Env:  54.00000000  54.00000000
         Act:  16.00000000  16.00000000
         Vir:   0.00000000   0.00000000
Number of electrons in the active space:  32

 The density matrix is idempotent!

 The density matrix is idempotent!


******** <class 'pyscf.scf.hf.RHF'> ********
method = RHF
initial guess = minao
damping factor = 0
level_shift factor = 0
DIIS = <class 'pyscf.scf.diis.CDIIS'>
diis_start_cycle = 1
diis_space = 8
SCF conv_tol = 1e-09
SCF conv_tol_grad = 1e-05
SCF max_cycles = 200
direct_scf = True
direct_scf_tol = 1e-13
chkfile to save SCF result = subsys_scf.chk
max_memory 900000 MB (current use 10411 MB)
init E= 993.018692779243
  HOMO = -0.169756421613172  LUMO = 0.00457117911572796
cycle= 1 E= 992.971905928467  delta_E= -0.0468  |g|= 0.0808  |ddm|= 0.773
  HOMO = -0.172474940585135  LUMO = 0.00764877191943602
cycle= 2 E= 992.967467965058  delta_E= -0.00444  |g|= 0.032  |ddm|= 0.211
  HOMO = -0.177783188463528  LUMO = 0.0120047052888697
cycle= 3 E= 992.96607956026  delta_E= -0.00139  |g|= 0.0254  |ddm|= 0.116
  HOMO = -0.177033695858094  LUMO = 0.0147300348094278
cycle= 4 E= 992.965529657339  delta_E= -0.00055  |g|= 0.0105  |ddm|= 0.0665
  HOMO = -0.179460789921738  LUMO = 0.0161884606062348
cycle= 5 E= 992.965261664026  delta_E= -0.000268  |g|= 0.00446  |ddm|= 0.0702
  HOMO = -0.179623784470494  LUMO = 0.0168890881227292
cycle= 6 E= 992.965227144006  delta_E= -3.45e-05  |g|= 0.00261  |ddm|= 0.0232
  HOMO = -0.17963949376351  LUMO = 0.0167467739865818
cycle= 7 E= 992.965218387462  delta_E= -8.76e-06  |g|= 0.00164  |ddm|= 0.0101
  HOMO = -0.179508616522342  LUMO = 0.0165817043449204
cycle= 8 E= 992.965211416645  delta_E= -6.97e-06  |g|= 0.00113  |ddm|= 0.012
  HOMO = -0.179418401647269  LUMO = 0.016363566126405
cycle= 9 E= 992.965208256266  delta_E= -3.16e-06  |g|= 0.000291  |ddm|= 0.0123
  HOMO = -0.179346450308983  LUMO = 0.0163251745357526
cycle= 10 E= 992.965208054356  delta_E= -2.02e-07  |g|= 9.18e-05  |ddm|= 0.00321
  HOMO = -0.17933347304658  LUMO = 0.0163050410868069
cycle= 11 E= 992.965208041913  delta_E= -1.24e-08  |g|= 3.05e-05  |ddm|= 0.000772
  HOMO = -0.179332628035697  LUMO = 0.0163016876975389
cycle= 12 E= 992.965208040965  delta_E= -9.48e-10  |g|= 7.38e-06  |ddm|= 0.000121
  HOMO = -0.179331559242551  LUMO = 0.0163019829886812
Extra cycle  E= 992.96520804122  delta_E= 2.55e-10  |g|= 3.67e-06  |ddm|= 2.31e-05
converged SCF energy = 992.96520804122
Difference in energy:  -657.4916475465016
E(MP2) = 992.386468819821  E_corr = -0.578739221398402
Total energy =  -773.9291198392502
time elapsed:  44.606215476989746
