

******** <class 'pyscf.dft.rks.RKS'> ********
method = RKS-RHF
initial guess = minao
damping factor = 0
level_shift factor = 0
DIIS = <class 'pyscf.scf.diis.CDIIS'>
diis_start_cycle = 1
diis_space = 8
SCF conv_tol = 1e-09
SCF conv_tol_grad = 1e-05
SCF max_cycles = 1000
direct_scf = True
direct_scf_tol = 1e-13
chkfile to save SCF result = scf.fchk
max_memory 900000 MB (current use 79 MB)
XC library pyscf.dft.libxc version 5.1.7
    S. Lehtola, C. Steigemann, M. J. Oliveira, and M. A. Marques, SoftwareX 7, 1 (2018)
XC functionals = pbe
    J. P. Perdew, K. Burke, and M. Ernzerhof, Phys. Rev. Lett. 77, 3865 (1996)
    J. P. Perdew, K. Burke, and M. Ernzerhof, Phys. Rev. Lett. 78, 1396 (1997)
    J. P. Perdew, K. Burke, and M. Ernzerhof, Phys. Rev. Lett. 77, 3865 (1996)
    J. P. Perdew, K. Burke, and M. Ernzerhof, Phys. Rev. Lett. 78, 1396 (1997)
small_rho_cutoff = 1e-07
init E= -776.047441981992
  HOMO = -0.233367855130971  LUMO = -0.207875805684608
cycle= 1 E= -773.986153876365  delta_E= 2.06  |g|=  1.2  |ddm|= 6.28
  HOMO = -0.0114438943463941  LUMO = 0.00386950847013463
cycle= 2 E= -762.825387355988  delta_E= 11.2  |g|=  3.8  |ddm|= 6.21
  HOMO = -0.106114929434238  LUMO = -0.064268404305961
cycle= 3 E= -773.652080614512  delta_E= -10.8  |g|=  1.4  |ddm|= 5.85
  HOMO = -0.110751427548086  LUMO = -0.0808868852218312
cycle= 4 E= -772.844465173026  delta_E= 0.808  |g|= 1.77  |ddm|= 3.36
  HOMO = -0.144192313872033  LUMO = -0.0917956609873579
cycle= 5 E= -774.055550175935  delta_E= -1.21  |g|= 0.794  |ddm|=  2.6
  HOMO = -0.153317020455232  LUMO = -0.1293723943653
cycle= 6 E= -774.274625434715  delta_E= -0.219  |g|= 0.52  |ddm|= 2.27
  HOMO = -0.149168952066627  LUMO = -0.135878484846111
cycle= 7 E= -774.246661902079  delta_E= 0.028  |g|= 0.511  |ddm|=    2
  HOMO = -0.143915561240778  LUMO = -0.134576458846758
cycle= 8 E= -774.376405687876  delta_E= -0.13  |g|= 0.224  |ddm|= 1.59
  HOMO = -0.146128402560454  LUMO = -0.138598127735791
cycle= 9 E= -774.396208831012  delta_E= -0.0198  |g|= 0.107  |ddm|= 0.53
  HOMO = -0.144859702556707  LUMO = -0.137424550664762
cycle= 10 E= -774.39892565322  delta_E= -0.00272  |g|= 0.048  |ddm|= 0.174
  HOMO = -0.14593451431244  LUMO = -0.13839842378648
cycle= 11 E= -774.399197417878  delta_E= -0.000272  |g|= 0.0336  |ddm|= 0.0816
  HOMO = -0.145959249823847  LUMO = -0.138535520563072
cycle= 12 E= -774.399620603093  delta_E= -0.000423  |g|= 0.00932  |ddm|= 0.0801
  HOMO = -0.145998376430944  LUMO = -0.138528764431157
cycle= 13 E= -774.399613322275  delta_E= 7.28e-06  |g|= 0.00954  |ddm|= 0.0365
  HOMO = -0.145915391754222  LUMO = -0.138435877748668
cycle= 14 E= -774.399576133668  delta_E= 3.72e-05  |g|= 0.0123  |ddm|= 0.00902
  HOMO = -0.145902101721161  LUMO = -0.138425025748539
cycle= 15 E= -774.399584508076  delta_E= -8.37e-06  |g|= 0.0118  |ddm|= 0.00199
  HOMO = -0.145889242776645  LUMO = -0.138435193491223
cycle= 16 E= -774.399641313002  delta_E= -5.68e-05  |g|= 0.00551  |ddm|= 0.014
  HOMO = -0.145949458538856  LUMO = -0.138520853737682
cycle= 17 E= -774.399655815287  delta_E= -1.45e-05  |g|= 0.00226  |ddm|= 0.0165
  HOMO = -0.145919203042903  LUMO = -0.138485030952502
cycle= 18 E= -774.39965780785  delta_E= -1.99e-06  |g|= 0.000314  |ddm|= 0.00397
  HOMO = -0.14590939360454  LUMO = -0.138474863059653
cycle= 19 E= -774.399657828601  delta_E= -2.08e-08  |g|= 0.000195  |ddm|= 0.000476
  HOMO = -0.145907410215189  LUMO = -0.138472535074926
cycle= 20 E= -774.399657834085  delta_E= -5.48e-09  |g|= 0.000143  |ddm|= 0.000377
  HOMO = -0.145910590297677  LUMO = -0.138475693076811
cycle= 21 E= -774.399657837435  delta_E= -3.35e-09  |g|= 0.0001  |ddm|= 0.000236
  HOMO = -0.145911571636526  LUMO = -0.13847657679418
cycle= 22 E= -774.399657839895  delta_E= -2.46e-09  |g|= 4.07e-05  |ddm|= 0.000167
  HOMO = -0.145910001796624  LUMO = -0.138475116979621
cycle= 23 E= -774.399657840383  delta_E= -4.88e-10  |g|= 2.66e-05  |ddm|= 7.22e-05
  HOMO = -0.14591064613246  LUMO = -0.138475855809908
cycle= 24 E= -774.399657840349  delta_E= 3.41e-11  |g|= 2.87e-05  |ddm|= 8.03e-05
  HOMO = -0.145910730003639  LUMO = -0.138475798732965
cycle= 25 E= -774.399657840336  delta_E= 1.32e-11  |g|= 2.36e-05  |ddm|= 9.5e-05
  HOMO = -0.14591068423121  LUMO = -0.138475882504135
cycle= 26 E= -774.399657840497  delta_E= -1.61e-10  |g|= 1.6e-05  |ddm|= 8.63e-05
  HOMO = -0.145910599079025  LUMO = -0.138475774593649
cycle= 27 E= -774.399657840577  delta_E= -7.94e-11  |g|= 9.92e-06  |ddm|= 1.81e-05
  HOMO = -0.145911614948248  LUMO = -0.138475802778853
Extra cycle  E= -774.399657799752  delta_E= 4.08e-08  |g|= 0.000278  |ddm|= 0.000645
converged SCF energy = -774.399657799752
AOs:  [0, 1, 2, 3, 4, 5, 6, 7, 8, 9, 10, 11, 12, 13, 14, 15, 16, 17, 18, 19, 20, 21, 22, 23, 24, 25, 26, 27, 28, 29, 30, 31, 32, 33, 34, 35, 36, 37, 38, 39, 40, 41, 42, 43, 44, 45, 46, 47, 48, 49, 50, 51, 52, 53, 54, 55, 56, 57, 58, 59, 60, 61, 62, 63]
64
Number of Active MOs:  16
Number of Environment MOs:  54
Number of Virtual MOs:  244
 # electrons:            α            β
         Env:  54.00000000  54.00000000
         Act:  16.00000000  16.00000000
         Vir:  -0.00000000  -0.00000000
Number of electrons in the active space:  32

 The density matrix is idempotent!

 The density matrix is idempotent!


******** <class 'pyscf.scf.hf.RHF'> ********
method = RHF
initial guess = minao
damping factor = 0
level_shift factor = 0
DIIS = <class 'pyscf.scf.diis.CDIIS'>
diis_start_cycle = 1
diis_space = 8
SCF conv_tol = 1e-09
SCF conv_tol_grad = 1e-05
SCF max_cycles = 200
direct_scf = True
direct_scf_tol = 1e-13
chkfile to save SCF result = subsys_scf.chk
max_memory 900000 MB (current use 10411 MB)
init E= 992.841417318298
  HOMO = -0.171416650897769  LUMO = 0.00555821595610005
cycle= 1 E= 992.794687943263  delta_E= -0.0467  |g|= 0.0801  |ddm|= 0.772
  HOMO = -0.174369905903347  LUMO = 0.00877870720481345
cycle= 2 E= 992.790277784009  delta_E= -0.00441  |g|= 0.0316  |ddm|= 0.208
  HOMO = -0.179550387166391  LUMO = 0.0131999140097387
cycle= 3 E= 992.788905297904  delta_E= -0.00137  |g|= 0.0246  |ddm|= 0.115
  HOMO = -0.178826823427896  LUMO = 0.0158784938987863
cycle= 4 E= 992.788390488671  delta_E= -0.000515  |g|= 0.01  |ddm|= 0.0636
  HOMO = -0.181255554635917  LUMO = 0.0173373254669033
cycle= 5 E= 992.78814540265  delta_E= -0.000245  |g|= 0.00411  |ddm|= 0.0666
  HOMO = -0.181412431458587  LUMO = 0.0179958438725558
cycle= 6 E= 992.788117187712  delta_E= -2.82e-05  |g|= 0.00234  |ddm|= 0.0207
  HOMO = -0.18143587915116  LUMO = 0.0178699282514371
cycle= 7 E= 992.788110341983  delta_E= -6.85e-06  |g|= 0.00144  |ddm|= 0.00884
  HOMO = -0.181328311324412  LUMO = 0.0177300673657961
cycle= 8 E= 992.788105195639  delta_E= -5.15e-06  |g|= 0.000993  |ddm|= 0.0101
  HOMO = -0.181258725774618  LUMO = 0.017547414515049
cycle= 9 E= 992.788102898847  delta_E= -2.3e-06  |g|= 0.000265  |ddm|= 0.0101
  HOMO = -0.181196485384579  LUMO = 0.0175165601441486
cycle= 10 E= 992.788102740965  delta_E= -1.58e-07  |g|= 8.47e-05  |ddm|= 0.00273
  HOMO = -0.181185104978728  LUMO = 0.0174980175151476
cycle= 11 E= 992.788102730605  delta_E= -1.04e-08  |g|= 2.77e-05  |ddm|= 0.000708
  HOMO = -0.181184454748383  LUMO = 0.0174953260619639
cycle= 12 E= 992.788102729961  delta_E= -6.43e-10  |g|= 7.54e-06  |ddm|= 0.000101
  HOMO = -0.181183268403222  LUMO = 0.0174954547843301
Extra cycle  E= 992.788102729888  delta_E= -7.31e-11  |g|= 3.74e-06  |ddm|= 2.35e-05
converged SCF energy = 992.788102729888
Difference in energy:  -656.8726165167166
E(MP2) = 992.209383716095  E_corr = -0.578719013792834
Total energy =  -773.9315845448691
time elapsed:  38.94312787055969
