

******** <class 'pyscf.dft.rks.RKS'> ********
method = RKS-RHF
initial guess = minao
damping factor = 0
level_shift factor = 0
DIIS = <class 'pyscf.scf.diis.CDIIS'>
diis_start_cycle = 1
diis_space = 8
SCF conv_tol = 1e-09
SCF conv_tol_grad = 1e-06
SCF max_cycles = 1000
direct_scf = True
direct_scf_tol = 1e-13
chkfile to save SCF result = scf.fchk
max_memory 900000 MB (current use 79 MB)
XC library pyscf.dft.libxc version 5.1.7
    S. Lehtola, C. Steigemann, M. J. Oliveira, and M. A. Marques, SoftwareX 7, 1 (2018)
XC functionals = pbe
    J. P. Perdew, K. Burke, and M. Ernzerhof, Phys. Rev. Lett. 77, 3865 (1996)
    J. P. Perdew, K. Burke, and M. Ernzerhof, Phys. Rev. Lett. 78, 1396 (1997)
    J. P. Perdew, K. Burke, and M. Ernzerhof, Phys. Rev. Lett. 77, 3865 (1996)
    J. P. Perdew, K. Burke, and M. Ernzerhof, Phys. Rev. Lett. 78, 1396 (1997)
small_rho_cutoff = 1e-07
init E= -2479.39981693459
  HOMO = -0.134878995983573  LUMO = -0.0691459258566953
cycle= 1 E= -2460.75331207071  delta_E= 18.6  |g|= 5.48  |ddm|= 10.3
  HOMO = -0.231775807630205  LUMO = -0.205622127636676
cycle= 2 E= -2322.76815184104  delta_E=  138  |g|= 18.9  |ddm|= 95.4
  HOMO = -0.164302643785759  LUMO = -0.160803233764481
cycle= 3 E= -2447.05311353122  delta_E= -124  |g|= 9.43  |ddm|= 71.8
  HOMO = -0.179545259260213  LUMO = -0.162341576348335
cycle= 4 E= -2465.18138164002  delta_E= -18.1  |g|=  6.2  |ddm|=   28
  HOMO = -0.153349547044144  LUMO = -0.152030215378813
cycle= 5 E= -2470.89975287946  delta_E= -5.72  |g|= 4.83  |ddm|= 3.77
  HOMO = -0.193731586590356  LUMO = -0.161792445858981
cycle= 6 E= -2468.23221922242  delta_E= 2.67  |g|= 5.42  |ddm|= 2.62
  HOMO = -0.190298991525021  LUMO = -0.163346481516346
cycle= 7 E= -2467.96738787893  delta_E= 0.265  |g|= 5.51  |ddm|= 0.278
  HOMO = -0.180561029135062  LUMO = -0.162247833293991
cycle= 8 E= -2467.9725977886  delta_E= -0.00521  |g|= 5.52  |ddm|= 0.67
  HOMO = -0.17247725681333  LUMO = -0.163127158598704
cycle= 9 E= -2467.58248322208  delta_E= 0.39  |g|= 5.64  |ddm|= 0.967
  HOMO = 0.0238375097060672  LUMO = 0.0259747927448707
cycle= 10 E= -2386.22387332853  delta_E= 81.4  |g|=   15  |ddm|= 21.1
  HOMO = -0.0833313472413068  LUMO = -0.0369288582930753
cycle= 11 E= -2458.86424610758  delta_E= -72.6  |g|=  5.9  |ddm|= 18.1
  HOMO = -0.209847563882132  LUMO = -0.171330174398001
cycle= 12 E= -2467.57772237128  delta_E= -8.71  |g|= 5.64  |ddm|= 9.24
  HOMO = -0.202937328933615  LUMO = -0.165662673916488
cycle= 13 E= -2466.33447704737  delta_E= 1.24  |g|= 5.99  |ddm|= 0.872
  HOMO = -0.19339270084859  LUMO = -0.156524516464734
cycle= 14 E= -2466.36081496387  delta_E= -0.0263  |g|= 5.98  |ddm|= 1.26
  HOMO = -0.181130008512234  LUMO = -0.138961096481269
cycle= 15 E= -2468.37626550614  delta_E= -2.02  |g|= 5.36  |ddm|=  1.9
  HOMO = -0.185647715832275  LUMO = -0.156598196550337
cycle= 16 E= -2467.26154045859  delta_E= 1.11  |g|= 5.74  |ddm|= 1.76
  HOMO = -0.210495142316599  LUMO = -0.171030231320092
cycle= 17 E= -2467.03293594738  delta_E= 0.229  |g|=  5.8  |ddm|= 0.858
  HOMO = -0.206188121629358  LUMO = -0.172510530263615
cycle= 18 E= -2466.9773856935  delta_E= 0.0556  |g|= 5.81  |ddm|= 0.492
  HOMO = -0.210010093000479  LUMO = -0.172364259177172
cycle= 19 E= -2466.44033284953  delta_E= 0.537  |g|= 5.96  |ddm|= 0.559
  HOMO = 0.0254894005158443  LUMO = 0.0331899899099419
cycle= 20 E= -2383.33628188171  delta_E= 83.1  |g|= 13.4  |ddm|= 25.4
  HOMO = -0.0655843950494159  LUMO = -0.0487936709930977
cycle= 21 E= -2459.77537833846  delta_E= -76.4  |g|=  5.4  |ddm|= 23.2
  HOMO = -0.158539279753284  LUMO = -0.151009788354902
cycle= 22 E= -2465.46464140343  delta_E= -5.69  |g|= 6.05  |ddm|= 8.22
  HOMO = -0.181749494990373  LUMO = -0.177610973170896
cycle= 23 E= -2468.99514902811  delta_E= -3.53  |g|= 5.12  |ddm|= 3.11
  HOMO = -0.160359245590612  LUMO = -0.138738827701661
cycle= 24 E= -2468.62700142628  delta_E= 0.368  |g|= 5.29  |ddm|= 2.13
  HOMO = -0.174078569588909  LUMO = -0.14976889123067
cycle= 25 E= -2468.6628270578  delta_E= -0.0358  |g|= 5.29  |ddm|= 1.47
  HOMO = -0.180001761108414  LUMO = -0.156085466473263
cycle= 26 E= -2468.5656861289  delta_E= 0.0971  |g|= 5.31  |ddm|= 0.788
  HOMO = -0.175249244041538  LUMO = -0.154381522680647
cycle= 27 E= -2468.74499439723  delta_E= -0.179  |g|= 5.25  |ddm|= 0.621
  HOMO = -0.150251511383479  LUMO = -0.148506839624143
cycle= 28 E= -2470.08844387603  delta_E= -1.34  |g|= 4.99  |ddm|= 1.47
  HOMO = -0.191520827953755  LUMO = -0.15616123753849
cycle= 29 E= -2468.48940353998  delta_E=  1.6  |g|= 5.33  |ddm|= 1.55
  HOMO = 0.0311862181192475  LUMO = 0.0437809220557519
cycle= 30 E= -2357.40889979424  delta_E=  111  |g|= 14.1  |ddm|= 30.5
  HOMO = -0.0860124348685256  LUMO = -0.0433541463193477
cycle= 31 E= -2459.58059427508  delta_E= -102  |g|= 5.81  |ddm|= 29.2
  HOMO = -0.164852781024599  LUMO = -0.152583870253253
cycle= 32 E= -2466.28242558705  delta_E= -6.7  |g|=    6  |ddm|= 9.09
  HOMO = -0.199646615245994  LUMO = -0.153811734851407
cycle= 33 E= -2466.91509661737  delta_E= -0.633  |g|= 5.84  |ddm|= 1.83
  HOMO = -0.199719822520247  LUMO = -0.155568686818276
cycle= 34 E= -2467.11122032854  delta_E= -0.196  |g|= 5.78  |ddm|= 0.53
  HOMO = -0.184549144440753  LUMO = -0.152387453274179
cycle= 35 E= -2467.0185482307  delta_E= 0.0927  |g|= 5.79  |ddm|= 0.972
  HOMO = -0.192747322170705  LUMO = -0.157596433308582
cycle= 36 E= -2467.3837607417  delta_E= -0.365  |g|= 5.69  |ddm|= 1.29
  HOMO = -0.196619009915229  LUMO = -0.152083607026661
cycle= 37 E= -2467.3276016125  delta_E= 0.0562  |g|= 5.72  |ddm|= 0.679
  HOMO = -0.202687267517534  LUMO = -0.152958358465031
cycle= 38 E= -2467.07417540119  delta_E= 0.253  |g|=  5.8  |ddm|= 0.619
  HOMO = -0.203449935550204  LUMO = -0.15368612045338
cycle= 39 E= -2467.03032557247  delta_E= 0.0438  |g|= 5.81  |ddm|= 0.0779
  HOMO = 0.00529000218276795  LUMO = 0.00691881111511251
cycle= 40 E= -2371.6175931727  delta_E= 95.4  |g|= 13.3  |ddm|= 26.7
  HOMO = -0.0850082205303845  LUMO = -0.0729844376830076
cycle= 41 E= -2460.79589065224  delta_E= -89.2  |g|= 5.28  |ddm|= 24.9
  HOMO = -0.184080121118127  LUMO = -0.14043473004255
cycle= 42 E= -2463.96473787005  delta_E= -3.17  |g|= 6.25  |ddm|= 8.14
  HOMO = -0.182197517526911  LUMO = -0.160756626826168
cycle= 43 E= -2466.98941432502  delta_E= -3.02  |g|= 5.79  |ddm|= 3.24
  HOMO = -0.171845846923768  LUMO = -0.162572118979149
cycle= 44 E= -2466.79575066168  delta_E= 0.194  |g|= 5.88  |ddm|= 1.54
  HOMO = -0.171035754456492  LUMO = -0.168214818874475
cycle= 45 E= -2467.09019177646  delta_E= -0.294  |g|=  5.8  |ddm|= 1.02
  HOMO = -0.173628537246845  LUMO = -0.157876726224337
cycle= 46 E= -2466.94727877119  delta_E= 0.143  |g|= 5.86  |ddm|= 1.24
  HOMO = -0.167222622749315  LUMO = -0.16522787763321
cycle= 47 E= -2466.96059548904  delta_E= -0.0133  |g|= 5.83  |ddm|= 1.25
  HOMO = -0.167066633331247  LUMO = -0.165071316046283
cycle= 48 E= -2467.16589606069  delta_E= -0.205  |g|= 5.77  |ddm|= 0.677
  HOMO = -0.176726055686566  LUMO = -0.165435513815241
cycle= 49 E= -2466.871326326  delta_E= 0.295  |g|= 5.86  |ddm|= 0.712
  HOMO = 0.0374636000316442  LUMO = 0.0417611650731107
cycle= 50 E= -2322.45710260938  delta_E=  144  |g|= 13.8  |ddm|= 33.2
  HOMO = -0.114310759572161  LUMO = -0.0844675641769272
cycle= 51 E= -2458.3789293664  delta_E= -136  |g|= 6.89  |ddm|= 32.6
  HOMO = -0.18026030925109  LUMO = -0.140906848029667
cycle= 52 E= -2466.62633693021  delta_E= -8.25  |g|= 5.93  |ddm|= 10.6
  HOMO = -0.198371041732952  LUMO = -0.150910753550281
cycle= 53 E= -2467.05728642859  delta_E= -0.431  |g|=  5.8  |ddm|=  1.2
  HOMO = -0.183357392916241  LUMO = -0.154573143621779
cycle= 54 E= -2466.80544723401  delta_E= 0.252  |g|= 5.86  |ddm|= 0.947
  HOMO = -0.191837366346699  LUMO = -0.151996780008271
cycle= 55 E= -2466.68582798718  delta_E= 0.12  |g|= 5.92  |ddm|= 0.709
  HOMO = -0.192693020631378  LUMO = -0.152081044223266
cycle= 56 E= -2466.73266960667  delta_E= -0.0468  |g|=  5.9  |ddm|= 0.383
  HOMO = -0.190782799228436  LUMO = -0.151861896218953
cycle= 57 E= -2466.84386986406  delta_E= -0.111  |g|= 5.87  |ddm|= 0.637
  HOMO = -0.197496894365083  LUMO = -0.158824051393391
cycle= 58 E= -2466.70268795938  delta_E= 0.141  |g|= 5.91  |ddm|= 0.834
  HOMO = -0.157766085106708  LUMO = -0.136446120766723
cycle= 59 E= -2468.07507565033  delta_E= -1.37  |g|= 5.52  |ddm|= 1.76
  HOMO = -0.0111752907049704  LUMO = 0.000806788495211574
cycle= 60 E= -2385.57297970234  delta_E= 82.5  |g|= 11.9  |ddm|= 20.1
  HOMO = -0.0755620342441847  LUMO = -0.0570722197488113
cycle= 61 E= -2461.61415932751  delta_E=  -76  |g|= 4.99  |ddm|= 18.3
  HOMO = -0.146835598049557  LUMO = -0.137263728390883
cycle= 62 E= -2461.44387602046  delta_E= 0.17  |g|=  6.9  |ddm|= 8.75
  HOMO = -0.184743289476877  LUMO = -0.177654944724946
cycle= 63 E= -2466.55411130021  delta_E= -5.11  |g|= 5.95  |ddm|= 3.86
  HOMO = -0.180835987035198  LUMO = -0.172252184632525
cycle= 64 E= -2466.35774998865  delta_E= 0.196  |g|= 5.95  |ddm|= 2.04
  HOMO = -0.174648992352387  LUMO = -0.169248565442648
cycle= 65 E= -2466.54466282076  delta_E= -0.187  |g|= 5.95  |ddm|= 2.03
  HOMO = -0.173698384685033  LUMO = -0.170786942026129
cycle= 66 E= -2466.67362349454  delta_E= -0.129  |g|= 5.92  |ddm|= 0.481
  HOMO = -0.169977375177798  LUMO = -0.165868145435018
cycle= 67 E= -2466.39474630807  delta_E= 0.279  |g|= 5.95  |ddm|= 1.83
  HOMO = -0.18035178432029  LUMO = -0.160274890087897
cycle= 68 E= -2466.39910718808  delta_E= -0.00436  |g|= 6.01  |ddm|= 1.96
  HOMO = -0.178028231235414  LUMO = -0.161860741402436
cycle= 69 E= -2466.60586528351  delta_E= -0.207  |g|= 5.95  |ddm|= 0.301
  HOMO = 0.0118903969834532  LUMO = 0.0229691684188288
cycle= 70 E= -2336.32629121434  delta_E=  130  |g|= 14.1  |ddm|= 27.8
  HOMO = -0.124501802011541  LUMO = -0.0776402619202721
cycle= 71 E= -2457.9440025151  delta_E= -122  |g|= 7.14  |ddm|= 26.4
  HOMO = -0.161786911250066  LUMO = -0.160536186138486
cycle= 72 E= -2467.01009630206  delta_E= -9.07  |g|= 5.69  |ddm|= 10.5
  HOMO = -0.173670290637863  LUMO = -0.167363835020924
cycle= 73 E= -2468.63720957179  delta_E= -1.63  |g|= 5.32  |ddm|= 2.43
  HOMO = -0.176286936958392  LUMO = -0.168574207660971
cycle= 74 E= -2468.28721648226  delta_E= 0.35  |g|= 5.44  |ddm|= 1.34
  HOMO = -0.177767184983595  LUMO = -0.169939287117146
cycle= 75 E= -2468.35682410722  delta_E= -0.0696  |g|= 5.42  |ddm|= 0.423
  HOMO = -0.172624856950851  LUMO = -0.144453925816276
cycle= 76 E= -2466.07820343864  delta_E= 2.28  |g|= 5.72  |ddm|= 2.78
  HOMO = -0.166659831574555  LUMO = -0.157563029033851
cycle= 77 E= -2468.3590335857  delta_E= -2.28  |g|= 5.39  |ddm|=  2.9
  HOMO = -0.185618793235949  LUMO = -0.163777612014824
cycle= 78 E= -2468.63330743874  delta_E= -0.274  |g|= 5.31  |ddm|= 1.01
  HOMO = -0.154607591233387  LUMO = -0.135417927177924
cycle= 79 E= -2471.46876305393  delta_E= -2.84  |g|= 4.66  |ddm|= 2.77
  HOMO = 0.0169505036578117  LUMO = 0.0291453538742472
cycle= 80 E= -2376.48134307621  delta_E=   95  |g|=   14  |ddm|= 26.3
  HOMO = -0.0941339008144937  LUMO = -0.0763000280629519
cycle= 81 E= -2460.04109002783  delta_E= -83.6  |g|= 5.66  |ddm|= 24.7
  HOMO = -0.159918065978392  LUMO = -0.144484662028212
cycle= 82 E= -2464.97267280723  delta_E= -4.93  |g|= 6.13  |ddm|= 8.85
  HOMO = -0.173062228522015  LUMO = -0.160995923091792
cycle= 83 E= -2467.3642320704  delta_E= -2.39  |g|= 5.72  |ddm|= 2.53
  HOMO = -0.169687006635949  LUMO = -0.168373813575753
cycle= 84 E= -2467.31481864923  delta_E= 0.0494  |g|= 5.72  |ddm|=  1.3
  HOMO = -0.173914850180553  LUMO = -0.171521509133654
cycle= 85 E= -2466.81396546656  delta_E= 0.501  |g|= 5.82  |ddm|= 1.86
  HOMO = -0.176767157159726  LUMO = -0.165306602989793
cycle= 86 E= -2467.10298565255  delta_E= -0.289  |g|=  5.8  |ddm|= 1.89
  HOMO = -0.167405062804971  LUMO = -0.164013539356073
cycle= 87 E= -2467.08575405897  delta_E= 0.0172  |g|= 5.73  |ddm|= 1.88
  HOMO = -0.166974145438086  LUMO = -0.160823407736139
cycle= 88 E= -2466.85221416201  delta_E= 0.234  |g|= 5.89  |ddm|= 2.42
  HOMO = -0.167520519023295  LUMO = -0.165617370728575
cycle= 89 E= -2467.19760915847  delta_E= -0.345  |g|= 5.79  |ddm|= 1.24
  HOMO = 0.0406560530007158  LUMO = 0.0438952604157921
cycle= 90 E= -2326.88333786149  delta_E=  140  |g|= 14.8  |ddm|= 35.2
  HOMO = -0.100533545670883  LUMO = -0.096607556960048
cycle= 91 E= -2457.04686914714  delta_E= -130  |g|= 7.49  |ddm|= 34.4
  HOMO = -0.157866065009983  LUMO = -0.149013318561985
cycle= 92 E= -2468.18540525031  delta_E= -11.1  |g|= 5.37  |ddm|= 11.2
  HOMO = -0.157767020289274  LUMO = -0.155816481077873
cycle= 93 E= -2469.06721886339  delta_E= -0.882  |g|= 5.17  |ddm|= 1.94
  HOMO = -0.160694801612532  LUMO = -0.155323427578334
cycle= 94 E= -2469.05696057763  delta_E= 0.0103  |g|= 5.17  |ddm|= 0.936
  HOMO = -0.152192791564674  LUMO = -0.149405562426718
cycle= 95 E= -2469.24440637166  delta_E= -0.187  |g|=  5.1  |ddm|= 0.541
  HOMO = -0.163281174087453  LUMO = -0.161079319369604
cycle= 96 E= -2469.30834115079  delta_E= -0.0639  |g|= 5.11  |ddm|= 0.799
  HOMO = -0.165902736807738  LUMO = -0.156723717071997
cycle= 97 E= -2472.17639925823  delta_E= -2.87  |g|= 4.23  |ddm|= 2.75
  HOMO = -0.1821355072752  LUMO = -0.160331699151297
cycle= 98 E= -2468.76962878504  delta_E= 3.41  |g|= 5.25  |ddm|= 2.95
  HOMO = -0.154187620086534  LUMO = -0.150294877976318
cycle= 99 E= -2471.97482260299  delta_E= -3.21  |g|= 4.38  |ddm|= 2.66
  HOMO = 0.0362610280989587  LUMO = 0.0390207998457293
cycle= 100 E= -2365.309340057  delta_E=  107  |g|= 13.8  |ddm|= 28.4
  HOMO = -0.0917852935373857  LUMO = -0.0650811583689578
cycle= 101 E= -2460.56683064425  delta_E= -95.3  |g|= 5.39  |ddm|= 27.3
  HOMO = -0.165448282726435  LUMO = -0.145670031410559
cycle= 102 E= -2465.73933308246  delta_E= -5.17  |g|= 6.16  |ddm|= 8.66
  HOMO = -0.168712904446975  LUMO = -0.145805064541159
cycle= 103 E= -2466.38607281033  delta_E= -0.647  |g|= 5.98  |ddm|= 1.14
  HOMO = -0.169087722907072  LUMO = -0.14797182969079
cycle= 104 E= -2466.28161927485  delta_E= 0.104  |g|= 6.01  |ddm|= 0.758
  HOMO = -0.167114800482268  LUMO = -0.148201122616905
cycle= 105 E= -2466.2009775331  delta_E= 0.0806  |g|= 6.03  |ddm|= 0.281
  HOMO = -0.198846078553794  LUMO = -0.150390068741402
cycle= 106 E= -2466.448667675  delta_E= -0.248  |g|= 5.97  |ddm|= 1.14
  HOMO = -0.180488478375295  LUMO = -0.149248814346422
cycle= 107 E= -2466.61348340911  delta_E= -0.165  |g|= 5.92  |ddm|= 0.738
  HOMO = -0.175112205478278  LUMO = -0.144185948388942
cycle= 108 E= -2466.16758300503  delta_E= 0.446  |g|= 6.07  |ddm|= 1.21
  HOMO = -0.168759381103268  LUMO = -0.141096338387713
cycle= 109 E= -2466.45796088956  delta_E= -0.29  |g|= 5.99  |ddm|= 0.318
  HOMO = 0.0129399049567919  LUMO = 0.0253268372393553
cycle= 110 E= -2379.03932849874  delta_E= 87.4  |g|= 13.3  |ddm|= 26.3
  HOMO = -0.0975955029683834  LUMO = -0.0469297510325348
cycle= 111 E= -2460.03446390964  delta_E=  -81  |g|= 5.64  |ddm|= 23.8
  HOMO = -0.176026619785858  LUMO = -0.154749715007275
cycle= 112 E= -2466.44654070028  delta_E= -6.41  |g|= 5.95  |ddm|= 8.62
  HOMO = -0.184391142188459  LUMO = -0.148042990426771
cycle= 113 E= -2467.35811519919  delta_E= -0.912  |g|= 5.71  |ddm|= 1.52
  HOMO = -0.176053715261311  LUMO = -0.145483690566735
cycle= 114 E= -2467.45737881156  delta_E= -0.0993  |g|= 5.68  |ddm|= 0.808
  HOMO = -0.179171550034438  LUMO = -0.147192815121536
cycle= 115 E= -2467.4079919194  delta_E= 0.0494  |g|= 5.69  |ddm|= 0.841
  HOMO = -0.190425513898376  LUMO = -0.161587698379035
cycle= 116 E= -2468.03843736104  delta_E= -0.63  |g|= 5.42  |ddm|= 1.54
  HOMO = -0.173422400534656  LUMO = -0.133285296237462
cycle= 117 E= -2467.42588643518  delta_E= 0.613  |g|= 5.71  |ddm|= 2.05
  HOMO = -0.158482911770117  LUMO = -0.140576325857531
cycle= 118 E= -2467.28155409881  delta_E= 0.144  |g|=  5.7  |ddm|= 1.74
  HOMO = -0.192575637427258  LUMO = -0.151628330167986
cycle= 119 E= -2467.12599356586  delta_E= 0.156  |g|= 5.79  |ddm|= 1.49
  HOMO = 0.0329482859381612  LUMO = 0.0420033056000508
cycle= 120 E= -2339.19320106713  delta_E=  128  |g|= 16.1  |ddm|= 32.4
  HOMO = -0.0886471580058371  LUMO = -0.061016445017034
cycle= 121 E= -2454.67861593308  delta_E= -115  |g|= 7.99  |ddm|= 32.4
  HOMO = -0.145703718977148  LUMO = -0.103660946554069
cycle= 122 E= -2475.37743878121  delta_E= -20.7  |g|= 1.16  |ddm|= 12.4
  HOMO = -0.163068510709529  LUMO = -0.149972334037296
cycle= 123 E= -2472.40234398037  delta_E= 2.98  |g|= 3.96  |ddm|= 3.65
  HOMO = -0.168670928396996  LUMO = -0.147317082026814
cycle= 124 E= -2474.40570477865  delta_E=   -2  |g|= 2.56  |ddm|=  1.4
  HOMO = -0.130636582573564  LUMO = -0.0997018782666801
cycle= 125 E= -2475.12746314162  delta_E= -0.722  |g|= 1.43  |ddm|=  2.1
  HOMO = -0.170333389759825  LUMO = -0.143022783279581
cycle= 126 E= -2474.92230211398  delta_E= 0.205  |g|= 2.12  |ddm|= 2.65
  HOMO = -0.170104380538673  LUMO = -0.141638284630626
cycle= 127 E= -2474.94374750065  delta_E= -0.0214  |g|= 2.12  |ddm|= 0.231
  HOMO = -0.171842086481143  LUMO = -0.14716434395499
cycle= 128 E= -2474.70919771693  delta_E= 0.235  |g|= 2.44  |ddm|= 0.482
  HOMO = -0.173536799396427  LUMO = -0.146461292480268
cycle= 129 E= -2474.96686427505  delta_E= -0.258  |g|= 2.08  |ddm|= 0.418
  HOMO = -0.082593447109995  LUMO = -0.076474024954907
cycle= 130 E= -2474.20689862502  delta_E= 0.76  |g|=  2.9  |ddm|= 2.82
  HOMO = -0.150786526146528  LUMO = -0.11438501320921
cycle= 131 E= -2475.6183050706  delta_E= -1.41  |g|= 0.669  |ddm|= 2.27
  HOMO = -0.140613914907877  LUMO = -0.103944407406014
cycle= 132 E= -2475.67665430588  delta_E= -0.0583  |g|= 0.473  |ddm|= 0.768
  HOMO = -0.134970260217171  LUMO = -0.0972662111767632
cycle= 133 E= -2475.7176744519  delta_E= -0.041  |g|= 0.18  |ddm|= 0.453
  HOMO = -0.126696421398322  LUMO = -0.0883777422716303
cycle= 134 E= -2475.71458875919  delta_E= 0.00309  |g|= 0.234  |ddm|= 0.328
  HOMO = -0.132723893253877  LUMO = -0.0947270343352806
cycle= 135 E= -2475.72478007162  delta_E= -0.0102  |g|= 0.0335  |ddm|= 0.201
  HOMO = -0.132307778505297  LUMO = -0.094200688540811
cycle= 136 E= -2475.72506841402  delta_E= -0.000288  |g|= 0.01  |ddm|= 0.0488
  HOMO = -0.132200167191727  LUMO = -0.094103040240142
cycle= 137 E= -2475.72509485819  delta_E= -2.64e-05  |g|= 0.00456  |ddm|= 0.0175
  HOMO = -0.13217126453245  LUMO = -0.0940595821537312
cycle= 138 E= -2475.72509790977  delta_E= -3.05e-06  |g|= 0.00312  |ddm|= 0.00703
  HOMO = -0.132319323313247  LUMO = -0.0942027281828366
cycle= 139 E= -2475.72509937392  delta_E= -1.46e-06  |g|= 0.00247  |ddm|= 0.00479
  HOMO = -0.132221884809406  LUMO = -0.0941180074496817
cycle= 140 E= -2475.72510061063  delta_E= -1.24e-06  |g|= 0.000704  |ddm|= 0.0028
  HOMO = -0.132241186612872  LUMO = -0.0941336006815126
cycle= 141 E= -2475.72510068433  delta_E= -7.37e-08  |g|= 0.000286  |ddm|= 0.000785
  HOMO = -0.132242403193684  LUMO = -0.0941352372093216
cycle= 142 E= -2475.72510068548  delta_E= -1.14e-09  |g|= 0.000296  |ddm|= 0.0006
  HOMO = -0.132250596058983  LUMO = -0.0941418535330745
cycle= 143 E= -2475.72510068397  delta_E= 1.51e-09  |g|= 0.000373  |ddm|= 0.000488
  HOMO = -0.132241112877328  LUMO = -0.0941349728322445
cycle= 144 E= -2475.72510070316  delta_E= -1.92e-08  |g|= 0.000168  |ddm|= 0.000385
  HOMO = -0.132240320575956  LUMO = -0.0941331952089289
cycle= 145 E= -2475.72510070896  delta_E= -5.8e-09  |g|= 6.88e-05  |ddm|= 0.000208
  HOMO = -0.132240651810274  LUMO = -0.0941337449448332
cycle= 146 E= -2475.72510070988  delta_E= -9.2e-10  |g|= 3.82e-05  |ddm|= 0.000109
  HOMO = -0.132240899304398  LUMO = -0.0941339007016996
cycle= 147 E= -2475.72510071016  delta_E= -2.83e-10  |g|= 2.27e-05  |ddm|= 5.73e-05
  HOMO = -0.132242578916747  LUMO = -0.0941354851331807
cycle= 148 E= -2475.72510071001  delta_E= 1.51e-10  |g|= 3.52e-05  |ddm|= 5.26e-05
  HOMO = -0.132240046611452  LUMO = -0.0941332679379026
cycle= 149 E= -2475.72510070966  delta_E= 3.47e-10  |g|= 5.51e-05  |ddm|= 7.53e-05
  HOMO = -0.132241534837456  LUMO = -0.0941344738129706
cycle= 150 E= -2475.72510071027  delta_E= -6.13e-10  |g|= 1.04e-05  |ddm|= 5.59e-05
  HOMO = -0.132241441864609  LUMO = -0.0941344197599923
cycle= 151 E= -2475.7251007103  delta_E= -2.09e-11  |g|= 6.21e-06  |ddm|= 1.38e-05
  HOMO = -0.132241607738888  LUMO = -0.0941345455205113
cycle= 152 E= -2475.72510071028  delta_E= 1.09e-11  |g|= 1.11e-05  |ddm|= 1.25e-05
  HOMO = -0.132241333480899  LUMO = -0.0941343337690367
cycle= 153 E= -2475.7251007103  delta_E= -2e-11  |g|= 2.64e-06  |ddm|= 1.05e-05
  HOMO = -0.132241299619514  LUMO = -0.0941342791021264
cycle= 154 E= -2475.7251007103  delta_E=    0  |g|= 2.71e-06  |ddm|= 4.22e-06
  HOMO = -0.132241337995012  LUMO = -0.0941343267512578
cycle= 155 E= -2475.7251007103  delta_E= 9.09e-13  |g|= 2.02e-06  |ddm|= 4.62e-06
  HOMO = -0.132241357875701  LUMO = -0.0941343420469831
cycle= 156 E= -2475.7251007103  delta_E= 9.09e-13  |g|= 1.24e-06  |ddm|= 3.24e-06
  HOMO = -0.13224139062664  LUMO = -0.0941343732018998
cycle= 157 E= -2475.72510071031  delta_E= -2.73e-12  |g|= 8.02e-07  |ddm|= 1.75e-06
  HOMO = -0.132241049599669  LUMO = -0.0941340755556858
Extra cycle  E= -2475.72510071029  delta_E= 1.91e-11  |g|= 9.31e-06  |ddm|= 8.26e-06
converged SCF energy = -2475.72510071029
AOs:  [0, 1, 2, 3, 4, 5, 6, 7, 8, 9, 10, 11, 12, 13, 14, 15, 16, 17, 18, 19, 20, 21, 22, 23, 24, 25, 26, 27, 28, 29, 30, 31, 32, 33, 34, 35, 36, 37, 38, 39, 40, 41, 42, 43, 44, 45, 46, 47, 48, 49, 50, 51, 52, 53, 54, 55, 56, 57, 58, 59, 60, 61, 62, 63, 64, 65, 66, 67, 68, 69, 70, 71, 72, 73, 74, 75, 76, 77, 78, 79, 80, 81, 82, 83, 84, 85, 86, 87, 88, 89, 90, 91, 92, 93, 94, 95, 96, 97, 98, 99, 100]
101

 AO indices used for projection:  [0, 1, 2, 3, 5, 6, 7, 8, 9, 10, 14, 15, 16, 17, 18, 31, 32, 34, 35, 36, 45, 46, 48, 49, 50, 59, 60, 62, 63, 64, 73, 74, 76, 77, 78, 87, 88, 90, 91, 92]
 # of orbitals to keep:  37
517
40
Number of Active MOs:  37
Number of Environment MOs:  74
Number of Virtual MOs:  406
 # electrons:            α            β
         Env:  74.00000000  74.00000000
         Act:  37.00000000  37.00000000
         Vir:  -0.00000000  -0.00000000
Number of electrons in the active space:  74

 The density matrix is idempotent!

 The density matrix is idempotent!


******** <class 'pyscf.scf.hf.RHF'> ********
method = RHF
initial guess = minao
damping factor = 0
level_shift factor = 0
DIIS = <class 'pyscf.scf.diis.CDIIS'>
diis_start_cycle = 1
diis_space = 8
SCF conv_tol = 1e-09
SCF conv_tol_grad = 1e-06
SCF max_cycles = 200
direct_scf = True
direct_scf_tol = 1e-13
chkfile to save SCF result = subsys_scf.chk
max_memory 900000 MB (current use 72999 MB)
init E= 1428.36740796921
  HOMO = -0.324441660920982  LUMO = 0.0669151331792977
cycle= 1 E= 1428.13763703185  delta_E= -0.23  |g|= 0.302  |ddm|=  1.5
  HOMO = -0.272356822595579  LUMO = 0.0714011391994618
cycle= 2 E= 1428.09493173764  delta_E= -0.0427  |g|= 0.161  |ddm|= 0.566
  HOMO = -0.348777263747533  LUMO = 0.0708279731120971
cycle= 3 E= 1428.08574957507  delta_E= -0.00918  |g|= 0.091  |ddm|= 0.355
  HOMO = -0.338571607723333  LUMO = 0.0715008290016746
cycle= 4 E= 1428.08262049058  delta_E= -0.00313  |g|= 0.0219  |ddm|= 0.176
  HOMO = -0.343442890688449  LUMO = 0.0714073845757624
cycle= 5 E= 1428.08252310908  delta_E= -9.74e-05  |g|= 0.00441  |ddm|= 0.0314
  HOMO = -0.342936867614473  LUMO = 0.0713011451210066
cycle= 6 E= 1428.0825155599  delta_E= -7.55e-06  |g|= 0.00187  |ddm|= 0.00699
  HOMO = -0.343009568117084  LUMO = 0.0713147883584792
cycle= 7 E= 1428.08251275236  delta_E= -2.81e-06  |g|= 0.00104  |ddm|= 0.00407
  HOMO = -0.343155422534692  LUMO = 0.0713264396171059
cycle= 8 E= 1428.08251083918  delta_E= -1.91e-06  |g|= 0.000695  |ddm|= 0.00359
  HOMO = -0.343244853329372  LUMO = 0.0713162323248485
cycle= 9 E= 1428.08250950716  delta_E= -1.33e-06  |g|= 0.000301  |ddm|= 0.00403
  HOMO = -0.34330610824263  LUMO = 0.0713211568375222
cycle= 10 E= 1428.0825092804  delta_E= -2.27e-07  |g|= 0.00011  |ddm|= 0.00194
  HOMO = -0.343321303351165  LUMO = 0.0713214922860139
cycle= 11 E= 1428.08250926662  delta_E= -1.38e-08  |g|= 3.27e-05  |ddm|= 0.000488
  HOMO = -0.34332850112571  LUMO = 0.0713216012215529
cycle= 12 E= 1428.08250926533  delta_E= -1.29e-09  |g|= 1.93e-05  |ddm|= 9.45e-05
  HOMO = -0.343329840936515  LUMO = 0.0713216592803695
cycle= 13 E= 1428.08250926416  delta_E= -1.17e-09  |g|= 1.61e-05  |ddm|= 4.81e-05
  HOMO = -0.343330982918026  LUMO = 0.0713216825825824
cycle= 14 E= 1428.08250926407  delta_E= -9.46e-11  |g|= 1.43e-05  |ddm|= 5.18e-05
  HOMO = -0.343330010941856  LUMO = 0.0713217068320908
cycle= 15 E= 1428.08250926339  delta_E= -6.73e-10  |g|= 1.13e-05  |ddm|= 8.14e-05
  HOMO = -0.343330524492716  LUMO = 0.0713217265102347
cycle= 16 E= 1428.08250926243  delta_E= -9.59e-10  |g|= 5.07e-06  |ddm|= 0.000184
  HOMO = -0.343330036084367  LUMO = 0.0713217100444135
cycle= 17 E= 1428.08250926234  delta_E= -9.21e-11  |g|= 3.26e-06  |ddm|= 6.3e-05
  HOMO = -0.343330154147217  LUMO = 0.071321703258899
cycle= 18 E= 1428.08250926226  delta_E= -8.66e-11  |g|= 2.36e-06  |ddm|= 1.8e-05
  HOMO = -0.343330000516412  LUMO = 0.0713216983123091
cycle= 19 E= 1428.08250926294  delta_E= 6.8e-10  |g|= 1.23e-06  |ddm|= 1.64e-05
  HOMO = -0.343330125611459  LUMO = 0.0713216988171168
cycle= 20 E= 1428.08250926196  delta_E= -9.8e-10  |g|= 5.73e-07  |ddm|= 8.41e-06
  HOMO = -0.343330052278487  LUMO = 0.0713217026558649
Extra cycle  E= 1428.08250926212  delta_E= 1.66e-10  |g|= 4.28e-07  |ddm|= 1.58e-06
converged SCF energy = 1428.08250926212
Difference in energy:  -1761.173426337846
E(MP2) = 1426.86078399356  E_corr = -1.22172526856021
Total energy =  -2474.1402198270116
time elapsed:  368.3453323841095
