

******** <class 'pyscf.dft.rks.RKS'> ********
method = RKS-RHF
initial guess = minao
damping factor = 0
level_shift factor = 0
DIIS = <class 'pyscf.scf.diis.CDIIS'>
diis_start_cycle = 1
diis_space = 8
SCF conv_tol = 1e-09
SCF conv_tol_grad = 1e-06
SCF max_cycles = 1000
direct_scf = True
direct_scf_tol = 1e-13
chkfile to save SCF result = scf.fchk
max_memory 900000 MB (current use 79 MB)
XC library pyscf.dft.libxc version 5.1.7
    S. Lehtola, C. Steigemann, M. J. Oliveira, and M. A. Marques, SoftwareX 7, 1 (2018)
XC functionals = pbe
    J. P. Perdew, K. Burke, and M. Ernzerhof, Phys. Rev. Lett. 77, 3865 (1996)
    J. P. Perdew, K. Burke, and M. Ernzerhof, Phys. Rev. Lett. 78, 1396 (1997)
    J. P. Perdew, K. Burke, and M. Ernzerhof, Phys. Rev. Lett. 77, 3865 (1996)
    J. P. Perdew, K. Burke, and M. Ernzerhof, Phys. Rev. Lett. 78, 1396 (1997)
small_rho_cutoff = 1e-07
init E= -113.252967587077
  HOMO = -0.33670745296739  LUMO = -0.0775205831353567
cycle= 1 E= -113.037904491114  delta_E= 0.215  |g|= 0.577  |ddm|= 1.73
  HOMO = -0.306368423286396  LUMO = -0.022164631686627
cycle= 2 E= -112.409229572371  delta_E= 0.629  |g|= 1.86  |ddm|= 1.21
  HOMO = -0.30388638674414  LUMO = -0.0502335248913783
cycle= 3 E= -113.097993919764  delta_E= -0.689  |g|= 0.0595  |ddm|= 0.973
  HOMO = -0.327783544399656  LUMO = -0.0685717785800073
cycle= 4 E= -113.098821872457  delta_E= -0.000828  |g|= 0.022  |ddm|= 0.118
  HOMO = -0.322479683862477  LUMO = -0.0639876634445142
cycle= 5 E= -113.098951912171  delta_E= -0.00013  |g|= 0.00321  |ddm|= 0.024
  HOMO = -0.321621814279256  LUMO = -0.063443192412693
cycle= 6 E= -113.098954750407  delta_E= -2.84e-06  |g|= 0.000222  |ddm|= 0.0042
  HOMO = -0.321628823014102  LUMO = -0.0634512201228115
cycle= 7 E= -113.098954761112  delta_E= -1.07e-08  |g|= 2.82e-05  |ddm|= 0.000158
  HOMO = -0.321623200225461  LUMO = -0.063444671870744
cycle= 8 E= -113.098954761295  delta_E= -1.83e-10  |g|= 2.62e-06  |ddm|= 3.18e-05
  HOMO = -0.321623178961726  LUMO = -0.0634447468602484
cycle= 9 E= -113.098954761296  delta_E= -1.19e-12  |g|= 2.86e-07  |ddm|= 1.23e-06
  HOMO = -0.321623188147605  LUMO = -0.0634447867746007
Extra cycle  E= -113.098954761296  delta_E= 2.84e-14  |g|= 8.58e-07  |ddm|= 5.79e-07
converged SCF energy = -113.098954761296
AOs:  [0, 1, 2, 3, 4, 5, 6, 7, 8, 9, 10, 11, 12, 13, 14, 15, 16, 17, 18, 19, 20, 21, 22, 23, 24, 25, 26, 27]
28

 AO indices used for projection:  [0, 1, 3, 4, 5, 14, 15, 17, 18, 19]
 # of orbitals to keep:  6
28
10
Number of Active MOs:  6
Number of Environment MOs:  1
Number of Virtual MOs:  21
 # electrons:            α            β
         Env:   1.00000000   1.00000000
         Act:   6.00000000   6.00000000
         Vir:  -0.00000000  -0.00000000
Number of electrons in the active space:  12

 The density matrix is idempotent!

 The density matrix is idempotent!


******** <class 'pyscf.scf.hf.RHF'> ********
method = RHF
initial guess = minao
damping factor = 0
level_shift factor = 0
DIIS = <class 'pyscf.scf.diis.CDIIS'>
diis_start_cycle = 1
diis_space = 8
SCF conv_tol = 1e-09
SCF conv_tol_grad = 1e-06
SCF max_cycles = 200
direct_scf = True
direct_scf_tol = 1e-13
chkfile to save SCF result = subsys_scf.chk
max_memory 900000 MB (current use 593 MB)
init E= -96.8223983351494
  HOMO = -0.634850079998972  LUMO = 0.161558321924357
cycle= 1 E= -96.8388412549731  delta_E= -0.0164  |g|= 0.0581  |ddm|= 0.245
  HOMO = -0.64171135090043  LUMO = 0.146339476078405
cycle= 2 E= -96.8393695207668  delta_E= -0.000528  |g|= 0.0137  |ddm|= 0.0653
  HOMO = -0.642723523733199  LUMO = 0.14725707127041
cycle= 3 E= -96.8394252615908  delta_E= -5.57e-05  |g|= 0.00903  |ddm|= 0.0148
  HOMO = -0.640445889485438  LUMO = 0.147519904924317
cycle= 4 E= -96.839437653013  delta_E= -1.24e-05  |g|= 0.00111  |ddm|= 0.0105
  HOMO = -0.640736635690866  LUMO = 0.147378364617406
cycle= 5 E= -96.839437944327  delta_E= -2.91e-07  |g|= 0.000164  |ddm|= 0.0011
  HOMO = -0.640723562997929  LUMO = 0.147383615624437
cycle= 6 E= -96.8394379578877  delta_E= -1.36e-08  |g|= 1.99e-05  |ddm|= 0.000408
  HOMO = -0.640725599117569  LUMO = 0.147381387886923
cycle= 7 E= -96.8394379580579  delta_E= -1.7e-10  |g|= 1.93e-06  |ddm|= 5.64e-05
  HOMO = -0.640725613956135  LUMO = 0.147381552060608
cycle= 8 E= -96.8394379580607  delta_E= -2.87e-12  |g|= 1.63e-07  |ddm|= 7.39e-06
  HOMO = -0.640725571807078  LUMO = 0.147381569475231
Extra cycle  E= -96.8394379579584  delta_E= 1.02e-10  |g|= 7.92e-08  |ddm|= 2.87e-07
converged SCF energy = -96.8394379579584
Difference in energy:  -268.9341388357967
E(MP2) = -97.0355836883634  E_corr = -0.196145730405003
Total energy =  -112.86652702062383
time elapsed:  5.98871636390686
