

******** <class 'pyscf.dft.rks.RKS'> ********
method = RKS-RHF
initial guess = minao
damping factor = 0
level_shift factor = 0
DIIS = <class 'pyscf.scf.diis.CDIIS'>
diis_start_cycle = 1
diis_space = 8
SCF conv_tol = 1e-09
SCF conv_tol_grad = 1e-06
SCF max_cycles = 1000
direct_scf = True
direct_scf_tol = 1e-13
chkfile to save SCF result = scf.fchk
max_memory 900000 MB (current use 79 MB)
XC library pyscf.dft.libxc version 5.1.7
    S. Lehtola, C. Steigemann, M. J. Oliveira, and M. A. Marques, SoftwareX 7, 1 (2018)
XC functionals = pbe
    J. P. Perdew, K. Burke, and M. Ernzerhof, Phys. Rev. Lett. 77, 3865 (1996)
    J. P. Perdew, K. Burke, and M. Ernzerhof, Phys. Rev. Lett. 78, 1396 (1997)
    J. P. Perdew, K. Burke, and M. Ernzerhof, Phys. Rev. Lett. 77, 3865 (1996)
    J. P. Perdew, K. Burke, and M. Ernzerhof, Phys. Rev. Lett. 78, 1396 (1997)
small_rho_cutoff = 1e-07
init E= -2592.68589161385
  HOMO = -0.135589903772641  LUMO = -0.0868627408995789
cycle= 1 E= -2573.86094609638  delta_E= 18.8  |g|= 5.66  |ddm|= 10.4
  HOMO = -0.237014473524229  LUMO = -0.228181875449536
cycle= 2 E= -2429.54073387063  delta_E=  144  |g|= 19.3  |ddm|=   96
  HOMO = -0.172155222180429  LUMO = -0.161702262178322
cycle= 3 E= -2561.20084737968  delta_E= -132  |g|= 9.67  |ddm|=   72
  HOMO = -0.179835387701054  LUMO = -0.153385170978543
cycle= 4 E= -2577.99076904097  delta_E= -16.8  |g|=  6.4  |ddm|= 28.3
  HOMO = -0.163466306075653  LUMO = -0.153553182576668
cycle= 5 E= -2581.56771167958  delta_E= -3.58  |g|= 5.42  |ddm|= 2.88
  HOMO = -0.173674305392816  LUMO = -0.159425717125013
cycle= 6 E= -2581.35725703463  delta_E= 0.21  |g|= 5.48  |ddm|= 1.05
  HOMO = -0.177939224083335  LUMO = -0.162383560591001
cycle= 7 E= -2581.22391346774  delta_E= 0.133  |g|= 5.53  |ddm|= 0.907
  HOMO = -0.174088591800919  LUMO = -0.161288788483827
cycle= 8 E= -2581.28456956137  delta_E= -0.0607  |g|= 5.52  |ddm|= 0.222
  HOMO = -0.188343748121121  LUMO = -0.16494962485206
cycle= 9 E= -2580.50104132868  delta_E= 0.784  |g|= 5.77  |ddm|= 0.599

WARN: HOMO 0.0213241047794219 == LUMO 0.021530918292011

cycle= 10 E= -2543.21832631015  delta_E= 37.3  |g|= 13.6  |ddm|= 19.4
  HOMO = -0.0802366990614309  LUMO = -0.0044593537439331
cycle= 11 E= -2571.2623848264  delta_E=  -28  |g|= 6.19  |ddm|= 17.4
  HOMO = -0.203792668990816  LUMO = -0.173448379778699
cycle= 12 E= -2579.84965373917  delta_E= -8.59  |g|= 5.96  |ddm|= 9.81
  HOMO = -0.212032344509293  LUMO = -0.177532232964721
cycle= 13 E= -2580.27538164307  delta_E= -0.426  |g|= 5.83  |ddm|= 0.95
  HOMO = -0.177608754729393  LUMO = -0.158334685724964
cycle= 14 E= -2580.40134751578  delta_E= -0.126  |g|= 5.82  |ddm|= 1.39
  HOMO = -0.185695013457909  LUMO = -0.156326193026919
cycle= 15 E= -2579.61618316276  delta_E= 0.785  |g|= 6.04  |ddm|= 0.976
  HOMO = -0.169639849231108  LUMO = -0.153724437579902
cycle= 16 E= -2579.85245869842  delta_E= -0.236  |g|= 5.97  |ddm|= 0.924
  HOMO = -0.195808688359823  LUMO = -0.153711179752773
cycle= 17 E= -2580.01988212117  delta_E= -0.167  |g|= 5.93  |ddm|= 1.27
  HOMO = -0.188489915699182  LUMO = -0.161724222453524
cycle= 18 E= -2581.67310883337  delta_E= -1.65  |g|= 5.38  |ddm|= 1.52
  HOMO = -0.204329248334994  LUMO = -0.165989478708853
cycle= 19 E= -2580.23329234928  delta_E= 1.44  |g|= 5.86  |ddm|= 1.24
  HOMO = 0.0340471236174694  LUMO = 0.039007108057125
cycle= 20 E= -2459.28578808059  delta_E=  121  |g|=   14  |ddm|= 33.4
  HOMO = -0.078959032280264  LUMO = -0.0710420504015863
cycle= 21 E= -2574.34068263672  delta_E= -115  |g|= 5.09  |ddm|= 32.7
  HOMO = -0.167703811805508  LUMO = -0.159670172551098
cycle= 22 E= -2578.53385571995  delta_E= -4.19  |g|= 6.27  |ddm|= 7.64
  HOMO = -0.188009690646494  LUMO = -0.158587204329776
cycle= 23 E= -2579.42610150181  delta_E= -0.892  |g|= 6.11  |ddm|= 1.95
  HOMO = -0.20563069071833  LUMO = -0.164117914155197
cycle= 24 E= -2579.90845307537  delta_E= -0.482  |g|= 5.93  |ddm|= 1.21
  HOMO = -0.201782497840764  LUMO = -0.16610332277518
cycle= 25 E= -2578.89274861041  delta_E= 1.02  |g|= 6.24  |ddm|= 1.53
  HOMO = -0.197038114368805  LUMO = -0.168817890935074
cycle= 26 E= -2579.00551012678  delta_E= -0.113  |g|= 6.21  |ddm|= 0.937
  HOMO = -0.2077477639993  LUMO = -0.164650046824717
cycle= 27 E= -2581.13884804259  delta_E= -2.13  |g|= 5.52  |ddm|= 1.86
  HOMO = -0.194549376495365  LUMO = -0.166047663313783
cycle= 28 E= -2579.07928218576  delta_E= 2.06  |g|= 6.19  |ddm|= 2.14
  HOMO = -0.192444484100593  LUMO = -0.159121210726797
cycle= 29 E= -2579.80960138321  delta_E= -0.73  |g|= 5.99  |ddm|= 1.39
  HOMO = 0.00645189356516313  LUMO = 0.0122482472773711
cycle= 30 E= -2496.26945732883  delta_E= 83.5  |g|= 13.9  |ddm|= 26.5
  HOMO = -0.0857353985724523  LUMO = -0.0339140916648727
cycle= 31 E= -2573.3662565483  delta_E= -77.1  |g|= 5.33  |ddm|= 23.9
  HOMO = -0.166117137797349  LUMO = -0.145990425894481
cycle= 32 E= -2579.3323685146  delta_E= -5.97  |g|=  6.1  |ddm|= 8.35
  HOMO = -0.180884832680475  LUMO = -0.150587581542173
cycle= 33 E= -2579.9781057098  delta_E= -0.646  |g|= 5.93  |ddm|= 0.99
  HOMO = -0.163694628500333  LUMO = -0.142432109182497
cycle= 34 E= -2580.17973293869  delta_E= -0.202  |g|= 5.84  |ddm|=    1
  HOMO = -0.181184424106291  LUMO = -0.138954092836804
cycle= 35 E= -2580.37994843828  delta_E= -0.2  |g|= 5.82  |ddm|= 1.62
  HOMO = -0.16897574741224  LUMO = -0.151852048681443
cycle= 36 E= -2581.64247908997  delta_E= -1.26  |g|= 5.32  |ddm|= 2.02
  HOMO = -0.190790833293153  LUMO = -0.159146554192664
cycle= 37 E= -2580.37853750081  delta_E= 1.26  |g|= 5.79  |ddm|= 2.25
  HOMO = -0.185440875234838  LUMO = -0.152979386331816
cycle= 38 E= -2580.70357238968  delta_E= -0.325  |g|= 5.68  |ddm|=  1.2
  HOMO = -0.197386808298152  LUMO = -0.154645395720808
cycle= 39 E= -2579.88296890926  delta_E= 0.821  |g|= 5.97  |ddm|= 1.13
  HOMO = 0.0263615693631202  LUMO = 0.0361636237609467
cycle= 40 E= -2454.32836733116  delta_E=  126  |g|= 14.9  |ddm|=   42
  HOMO = -0.0813638721114311  LUMO = -0.0728385114023159
cycle= 41 E= -2572.2164209626  delta_E= -118  |g|= 5.87  |ddm|=   41
  HOMO = -0.155718357962663  LUMO = -0.145548455136812
cycle= 42 E= -2578.30256567985  delta_E= -6.09  |g|= 6.11  |ddm|= 8.89
  HOMO = -0.192718762586319  LUMO = -0.148311596511993
cycle= 43 E= -2580.16543840732  delta_E= -1.86  |g|= 5.87  |ddm|= 2.46
  HOMO = -0.183432148847743  LUMO = -0.158503780652363
cycle= 44 E= -2580.27137503121  delta_E= -0.106  |g|= 5.84  |ddm|= 0.816
  HOMO = -0.156613857724591  LUMO = -0.15335113771527
cycle= 45 E= -2581.41348125795  delta_E= -1.14  |g|= 5.44  |ddm|= 3.03
  HOMO = -0.191968587070989  LUMO = -0.153169696279495
cycle= 46 E= -2580.66713600228  delta_E= 0.746  |g|= 5.72  |ddm|= 2.61
  HOMO = -0.19163911480715  LUMO = -0.151864446604468
cycle= 47 E= -2580.41867235917  delta_E= 0.248  |g|= 5.78  |ddm|= 0.889
  HOMO = -0.163999422189618  LUMO = -0.15375704969119
cycle= 48 E= -2581.65215161773  delta_E= -1.23  |g|= 5.29  |ddm|=  1.8
  HOMO = -0.191176583868976  LUMO = -0.150234273465046
cycle= 49 E= -2581.20344185007  delta_E= 0.449  |g|= 5.53  |ddm|= 1.78
  HOMO = 0.0302828184947221  LUMO = 0.0527272298272187
cycle= 50 E= -2447.36319834946  delta_E=  134  |g|=   15  |ddm|= 41.5
  HOMO = -0.106084702848326  LUMO = -0.0827616141462443
cycle= 51 E= -2572.8473249701  delta_E= -125  |g|= 5.76  |ddm|=   41
  HOMO = -0.14845719376323  LUMO = -0.136493155008508
cycle= 52 E= -2578.26834391694  delta_E= -5.42  |g|= 6.21  |ddm|= 8.77
  HOMO = -0.187362290834053  LUMO = -0.145213621014659
cycle= 53 E= -2579.88879924359  delta_E= -1.62  |g|= 5.97  |ddm|= 2.69
  HOMO = -0.19053917895134  LUMO = -0.145939059340855
cycle= 54 E= -2579.99406588554  delta_E= -0.105  |g|= 5.93  |ddm|= 1.48
  HOMO = -0.197328949015065  LUMO = -0.144743210253515
cycle= 55 E= -2579.92463338431  delta_E= 0.0694  |g|= 5.95  |ddm|= 1.07
  HOMO = -0.184870529053089  LUMO = -0.142555024416078
cycle= 56 E= -2580.19927966162  delta_E= -0.275  |g|= 5.87  |ddm|= 0.779
  HOMO = -0.175808738747385  LUMO = -0.147463490377832
cycle= 57 E= -2580.02498801705  delta_E= 0.174  |g|= 5.86  |ddm|= 1.97
  HOMO = -0.204327136059222  LUMO = -0.146658298994678
cycle= 58 E= -2579.95819235691  delta_E= 0.0668  |g|= 5.94  |ddm|= 1.52
  HOMO = -0.185855974854642  LUMO = -0.138390377693589
cycle= 59 E= -2580.38959558617  delta_E= -0.431  |g|= 5.81  |ddm|= 0.73
  HOMO = 0.000206370788237449  LUMO = 0.00929193201159537
cycle= 60 E= -2482.40962078688  delta_E=   98  |g|= 14.6  |ddm|= 26.9
  HOMO = -0.081357294080923  LUMO = -0.078594673101176
cycle= 61 E= -2571.87778464418  delta_E= -89.5  |g|= 6.53  |ddm|= 23.9
  HOMO = -0.150596799200257  LUMO = -0.145825910035138
cycle= 62 E= -2579.30513070438  delta_E= -7.43  |g|= 6.07  |ddm|= 9.93
  HOMO = -0.178953646977056  LUMO = -0.152578558830114
cycle= 63 E= -2581.1355455033  delta_E= -1.83  |g|= 5.57  |ddm|= 2.81
  HOMO = -0.176763764480124  LUMO = -0.156881489371832
cycle= 64 E= -2581.40442090185  delta_E= -0.269  |g|= 5.51  |ddm|= 0.84
  HOMO = -0.169328053074058  LUMO = -0.156254543080696
cycle= 65 E= -2581.30081718959  delta_E= 0.104  |g|= 5.52  |ddm|=  1.1
  HOMO = -0.173118887047772  LUMO = -0.158900801861441
cycle= 66 E= -2581.59054646827  delta_E= -0.29  |g|= 5.42  |ddm|= 1.64
  HOMO = -0.177303871028087  LUMO = -0.166292067264109
cycle= 67 E= -2581.79715533735  delta_E= -0.207  |g|= 5.35  |ddm|= 1.53
  HOMO = -0.171856353266486  LUMO = -0.162067757143247
cycle= 68 E= -2581.39928210818  delta_E= 0.398  |g|=  5.5  |ddm|= 0.775
  HOMO = -0.172298736290259  LUMO = -0.165085154860092
cycle= 69 E= -2581.01332297144  delta_E= 0.386  |g|= 5.63  |ddm|= 0.47
  HOMO = 0.028363348333602  LUMO = 0.0299360917935346
cycle= 70 E= -2453.33741221518  delta_E=  128  |g|= 18.5  |ddm|= 43.3
  HOMO = -0.065070882551538  LUMO = -0.0338809504329989
cycle= 71 E= -2566.59577861253  delta_E= -113  |g|= 8.99  |ddm|= 41.4
  HOMO = -0.0540172066655173  LUMO = -0.0478749751204141
cycle= 72 E= -2581.38113216055  delta_E= -14.8  |g|= 5.46  |ddm|= 12.4
  HOMO = -0.186710763188907  LUMO = -0.173632863971761
cycle= 73 E= -2586.54520052244  delta_E= -5.16  |g|=  3.6  |ddm|= 4.72
  HOMO = -0.173090118019867  LUMO = -0.164553218974262
cycle= 74 E= -2585.24567077168  delta_E=  1.3  |g|= 4.31  |ddm|= 2.26
  HOMO = -0.174643769952192  LUMO = -0.158274960265434
cycle= 75 E= -2587.38844911462  delta_E= -2.14  |g|= 2.76  |ddm|= 2.31
  HOMO = -0.162682091085273  LUMO = -0.15346999412482
cycle= 76 E= -2582.21652662258  delta_E= 5.17  |g|= 5.41  |ddm|= 3.81
  HOMO = -0.174488274801002  LUMO = -0.171943889663212
cycle= 77 E= -2584.69472925154  delta_E= -2.48  |g|= 4.45  |ddm|= 2.46
  HOMO = -0.175015728086531  LUMO = -0.169306596687407
cycle= 78 E= -2584.91470148597  delta_E= -0.22  |g|= 4.39  |ddm|= 0.854
  HOMO = -0.175294439369148  LUMO = -0.169482752060519
cycle= 79 E= -2584.90835024072  delta_E= 0.00635  |g|= 4.39  |ddm|= 0.178
  HOMO = -0.150161286115461  LUMO = -0.0969672684795989
cycle= 80 E= -2588.56989750745  delta_E= -3.66  |g|= 0.988  |ddm|=  2.9
  HOMO = -0.10509538163138  LUMO = -0.084400926811751
cycle= 81 E= -2588.16391194549  delta_E= 0.406  |g|= 1.49  |ddm|= 2.68
  HOMO = -0.135114379397124  LUMO = -0.0888938151550606
cycle= 82 E= -2588.74857041994  delta_E= -0.585  |g|= 0.504  |ddm|= 2.17
  HOMO = -0.140959231539777  LUMO = -0.0889031999009246
cycle= 83 E= -2588.81501280898  delta_E= -0.0664  |g|= 0.276  |ddm|= 0.763
  HOMO = -0.131926734159402  LUMO = -0.0872734937824075
cycle= 84 E= -2588.82901244806  delta_E= -0.014  |g|= 0.102  |ddm|= 0.32
  HOMO = -0.135626151836146  LUMO = -0.0866852104994556
cycle= 85 E= -2588.83083977743  delta_E= -0.00183  |g|= 0.0404  |ddm|= 0.128
  HOMO = -0.134959962397862  LUMO = -0.0869936550057087
cycle= 86 E= -2588.83122641873  delta_E= -0.000387  |g|= 0.00951  |ddm|= 0.0469
  HOMO = -0.134827924763919  LUMO = -0.0869615275414257
cycle= 87 E= -2588.8312442326  delta_E= -1.78e-05  |g|= 0.00396  |ddm|= 0.0132
  HOMO = -0.134584426496574  LUMO = -0.086958070379794
cycle= 88 E= -2588.83124499008  delta_E= -7.57e-07  |g|= 0.00417  |ddm|= 0.00717
  HOMO = -0.134779242713594  LUMO = -0.0869876399161135
cycle= 89 E= -2588.83124788063  delta_E= -2.89e-06  |g|= 0.0019  |ddm|= 0.00486
  HOMO = -0.134699924538062  LUMO = -0.0869665664454962
cycle= 90 E= -2588.83124845793  delta_E= -5.77e-07  |g|= 0.000613  |ddm|= 0.00196
  HOMO = -0.134722244680432  LUMO = -0.0869712376678432
cycle= 91 E= -2588.83124851144  delta_E= -5.35e-08  |g|= 0.000332  |ddm|= 0.000885
  HOMO = -0.134720837453581  LUMO = -0.0869720200990979
cycle= 92 E= -2588.83124854079  delta_E= -2.94e-08  |g|= 9.5e-05  |ddm|= 0.000462
  HOMO = -0.134722802075325  LUMO = -0.0869726728608043
cycle= 93 E= -2588.83124854159  delta_E= -8.06e-10  |g|= 8.88e-05  |ddm|= 0.000191
  HOMO = -0.134722774094323  LUMO = -0.086971793636335
cycle= 94 E= -2588.83124854338  delta_E= -1.78e-09  |g|= 2.71e-05  |ddm|= 9.94e-05
  HOMO = -0.134722481484152  LUMO = -0.0869721261777806
cycle= 95 E= -2588.83124854346  delta_E= -8.73e-11  |g|= 1.61e-05  |ddm|= 3.34e-05
  HOMO = -0.134722204124876  LUMO = -0.0869720185501378
cycle= 96 E= -2588.83124854351  delta_E= -4.64e-11  |g|= 8.19e-06  |ddm|= 2.23e-05
  HOMO = -0.134721971085593  LUMO = -0.0869720214392734
cycle= 97 E= -2588.83124854352  delta_E= -1.36e-11  |g|= 7.91e-06  |ddm|= 1.33e-05
  HOMO = -0.134722490405231  LUMO = -0.086972083029297
cycle= 98 E= -2588.83124854352  delta_E= 1.82e-12  |g|= 7.51e-06  |ddm|= 1.22e-05
  HOMO = -0.134722174177441  LUMO = -0.0869720205781049
cycle= 99 E= -2588.83124854354  delta_E= -1.46e-11  |g|= 2.48e-06  |ddm|= 7.65e-06
  HOMO = -0.134722263060053  LUMO = -0.0869720382547555
cycle= 100 E= -2588.83124854354  delta_E= -6.37e-12  |g|= 1.81e-06  |ddm|= 3.64e-06
  HOMO = -0.134722236493593  LUMO = -0.0869720400146569
cycle= 101 E= -2588.83124854353  delta_E= 9.09e-12  |g|= 6.54e-07  |ddm|= 2.64e-06
  HOMO = -0.134722267179238  LUMO = -0.0869720332657668
Extra cycle  E= -2588.83124854352  delta_E= 9.09e-12  |g|= 2.62e-06  |ddm|= 4.24e-06
converged SCF energy = -2588.83124854352
AOs:  [0, 1, 2, 3, 4, 5, 6, 7, 8, 9, 10, 11, 12, 13, 14, 15, 16, 17, 18, 19, 20, 21, 22, 23, 24, 25, 26, 27, 28, 29, 30, 31, 32, 33, 34, 35, 36, 37, 38, 39, 40, 41, 42, 43, 44, 45, 46, 47, 48, 49, 50, 51, 52, 53, 54, 55, 56, 57, 58]
59

 AO indices used for projection:  [0, 1, 3, 4, 5, 14, 15, 17, 18, 19, 28, 29, 30, 31, 33, 34, 35, 36, 37, 38, 42, 43, 44, 45, 46]
 # of orbitals to keep:  22
545
25
Number of Active MOs:  22
Number of Environment MOs:  96
Number of Virtual MOs:  427
 # electrons:            α            β
         Env:  96.00000000  96.00000000
         Act:  22.00000000  22.00000000
         Vir:   0.00000000   0.00000000
Number of electrons in the active space:  44

 The density matrix is idempotent!

 The density matrix is idempotent!


******** <class 'pyscf.scf.hf.RHF'> ********
method = RHF
initial guess = minao
damping factor = 0
level_shift factor = 0
DIIS = <class 'pyscf.scf.diis.CDIIS'>
diis_start_cycle = 1
diis_space = 8
SCF conv_tol = 1e-09
SCF conv_tol_grad = 1e-06
SCF max_cycles = 200
direct_scf = True
direct_scf_tol = 1e-13
chkfile to save SCF result = subsys_scf.chk
max_memory 900000 MB (current use 89897 MB)
init E= 2393.20269371769
  HOMO = -0.333823873764629  LUMO = 0.0462178617241221
cycle= 1 E= 2393.09824845979  delta_E= -0.104  |g|= 0.319  |ddm|= 0.987
  HOMO = -0.257096727194502  LUMO = 0.0519100947111853
cycle= 2 E= 2393.08458142509  delta_E= -0.0137  |g|= 0.38  |ddm|= 0.615
  HOMO = -0.293586270362211  LUMO = 0.0498097964683845
cycle= 3 E= 2393.06374511296  delta_E= -0.0208  |g|= 0.0749  |ddm|= 0.406
  HOMO = -0.289332622244518  LUMO = 0.0498937448240876
cycle= 4 E= 2393.05939008361  delta_E= -0.00436  |g|= 0.0219  |ddm|= 0.189
  HOMO = -0.287546712371826  LUMO = 0.0502143768164388
cycle= 5 E= 2393.05912453886  delta_E= -0.000266  |g|= 0.0113  |ddm|= 0.0535
  HOMO = -0.28737179680103  LUMO = 0.0501319168190428
cycle= 6 E= 2393.05909119361  delta_E= -3.33e-05  |g|= 0.00211  |ddm|= 0.013
  HOMO = -0.287297413561669  LUMO = 0.0501513625490632
cycle= 7 E= 2393.05908880709  delta_E= -2.39e-06  |g|= 0.000838  |ddm|= 0.00373
  HOMO = -0.287223437238564  LUMO = 0.0501707534395653
cycle= 8 E= 2393.05908795008  delta_E= -8.57e-07  |g|= 0.000578  |ddm|= 0.002
  HOMO = -0.287200867991274  LUMO = 0.0501745231745071
cycle= 9 E= 2393.05908723762  delta_E= -7.12e-07  |g|= 0.000344  |ddm|= 0.00241
  HOMO = -0.287211055533715  LUMO = 0.0501733670308938
cycle= 10 E= 2393.05908690018  delta_E= -3.37e-07  |g|= 0.000102  |ddm|= 0.00242
  HOMO = -0.287213127321779  LUMO = 0.0501728569496656
cycle= 11 E= 2393.05908687455  delta_E= -2.56e-08  |g|= 2.7e-05  |ddm|= 0.00075
  HOMO = -0.287215173946185  LUMO = 0.050172573043913
cycle= 12 E= 2393.05908687407  delta_E= -4.79e-10  |g|= 8.07e-06  |ddm|= 0.000103
  HOMO = -0.287215928491303  LUMO = 0.0501725159172013
cycle= 13 E= 2393.05908687388  delta_E= -1.87e-10  |g|= 5.5e-06  |ddm|= 2.5e-05
  HOMO = -0.287215923107249  LUMO = 0.0501725139632288
cycle= 14 E= 2393.05908687316  delta_E= -7.25e-10  |g|= 4.58e-06  |ddm|= 1.39e-05
  HOMO = -0.287215963321959  LUMO = 0.0501725004133812
cycle= 15 E= 2393.05908687401  delta_E= 8.56e-10  |g|= 3.3e-06  |ddm|= 2.36e-05
  HOMO = -0.287215848498487  LUMO = 0.0501725194816209
cycle= 16 E= 2393.0590868741  delta_E= 8.5e-11  |g|= 2.3e-06  |ddm|= 2.73e-05
  HOMO = -0.28721588656163  LUMO = 0.0501725073743423
cycle= 17 E= 2393.05908687374  delta_E= -3.54e-10  |g|= 1.77e-06  |ddm|= 1.09e-05
  HOMO = -0.287215940777511  LUMO = 0.0501725076116166
cycle= 18 E= 2393.05908687376  delta_E= 2.05e-11  |g|= 1.17e-06  |ddm|= 1.3e-05
  HOMO = -0.287215888993875  LUMO = 0.0501725117398539
cycle= 19 E= 2393.05908687411  delta_E= 3.46e-10  |g|= 6.57e-07  |ddm|= 9.35e-06
  HOMO = -0.287215914604991  LUMO = 0.0501725097487947
Extra cycle  E= 2393.0590868746  delta_E= 4.88e-10  |g|= 5.69e-07  |ddm|= 1.43e-06
converged SCF energy = 2393.0590868746
Difference in energy:  -1352.7792465851037
E(MP2) = 2392.40290109541  E_corr = -0.656185779192102
Total energy =  -2587.3316451773885
time elapsed:  290.10808181762695
