

******** <class 'pyscf.scf.hf.RHF'> ********
method = RHF
initial guess = minao
damping factor = 0
level_shift factor = 0
DIIS = <class 'pyscf.scf.diis.CDIIS'>
diis_start_cycle = 1
diis_space = 8
SCF conv_tol = 1e-09
SCF conv_tol_grad = 1e-05
SCF max_cycles = 1000
direct_scf = True
direct_scf_tol = 1e-13
chkfile to save SCF result = scf.fchk
max_memory 900000 MB (current use 79 MB)
init E= -582.330909064378
  HOMO = -0.270536488870329  LUMO = 0.0121710644215239
cycle= 1 E= -580.033186202493  delta_E=  2.3  |g|= 0.951  |ddm|= 5.16
  HOMO = -0.29034927158354  LUMO = 0.0650619117539429
cycle= 2 E= -580.211101200696  delta_E= -0.178  |g|= 0.606  |ddm|= 1.15
  HOMO = -0.410997315098849  LUMO = 0.116937925813213
cycle= 3 E= -580.279551922019  delta_E= -0.0685  |g|= 0.136  |ddm|= 0.527
  HOMO = -0.408142428659384  LUMO = 0.130936409456713
cycle= 4 E= -580.284588509055  delta_E= -0.00504  |g|= 0.0503  |ddm|= 0.141
  HOMO = -0.409355980119251  LUMO = 0.128111281623767
cycle= 5 E= -580.285126105322  delta_E= -0.000538  |g|= 0.00986  |ddm|= 0.0518
  HOMO = -0.411870990710967  LUMO = 0.128012375841498
cycle= 6 E= -580.285173887651  delta_E= -4.78e-05  |g|= 0.00382  |ddm|= 0.0173
  HOMO = -0.411853966105513  LUMO = 0.128523451587076
cycle= 7 E= -580.285184404237  delta_E= -1.05e-05  |g|= 0.00159  |ddm|= 0.00978
  HOMO = -0.412202870080184  LUMO = 0.128491322101208
cycle= 8 E= -580.285186138546  delta_E= -1.73e-06  |g|= 0.000442  |ddm|= 0.00425
  HOMO = -0.412220996604478  LUMO = 0.128500681835439
cycle= 9 E= -580.285186272857  delta_E= -1.34e-07  |g|= 8.91e-05  |ddm|= 0.00116
  HOMO = -0.412213287994531  LUMO = 0.128507173275003
cycle= 10 E= -580.285186277762  delta_E= -4.9e-09  |g|= 3.22e-05  |ddm|= 0.000172
  HOMO = -0.412216110223574  LUMO = 0.128499557164731
cycle= 11 E= -580.285186278203  delta_E= -4.41e-10  |g|= 8.08e-06  |ddm|= 4.75e-05
  HOMO = -0.41221517865219  LUMO = 0.128501194529279
Extra cycle  E= -580.285186278236  delta_E= -3.32e-11  |g|= 4.07e-06  |ddm|= 1.31e-05
converged SCF energy = -580.285186278236
AOs:  [0, 1, 2, 3, 4, 5, 6, 7, 8, 9, 10, 11, 12, 13, 14, 15, 16, 17, 18, 19, 20, 21, 22, 23, 24, 25, 26, 27, 28, 29, 30, 31, 32, 33, 34, 35, 36, 37, 38, 39, 40, 41, 42, 43, 44, 45, 46, 47, 48, 49, 50, 51, 52, 53, 54, 55, 56, 57, 58, 59, 60, 61, 62, 63, 64, 65, 66, 67, 68, 69, 70, 71, 72, 73, 74, 75, 76, 77, 78, 79, 80, 81, 82, 83, 84, 85, 86, 87, 88, 89, 90, 91, 92, 93, 94, 95, 96, 97, 98, 99, 100, 101, 102, 103, 104, 105, 106, 107, 108, 109, 110, 111, 112, 113, 114, 115, 116, 117, 118, 119, 120, 121, 122, 123, 124, 125, 126, 127, 128, 129, 130, 131, 132, 133, 134, 135, 136, 137, 138, 139, 140, 141, 142, 143, 144, 145, 146, 147, 148, 149, 150, 151, 152, 153, 154, 155, 156, 157, 158, 159, 160, 161, 162, 163, 164, 165, 166, 167, 168, 169, 170, 171, 172, 173, 174, 175, 176, 177, 178, 179, 180, 181, 182, 183, 184, 185, 186, 187, 188, 189, 190, 191, 192, 193, 194, 195, 196, 197, 198, 199, 200, 201, 202, 203, 204]
205

 AO indices used for projection:  [0, 1, 3, 4, 5, 14, 19, 24, 25, 27, 28, 29, 38, 39, 41, 42, 43, 52, 53, 55, 56, 57, 66, 67, 69, 70, 71, 80, 85, 86, 88, 89, 90, 99, 104, 109, 114, 115, 117, 118, 119, 128, 133, 138, 139, 141, 142, 143, 152, 157, 162, 163, 165, 166, 167, 176, 181, 182, 184, 185, 186, 195, 200]
 # of orbitals to keep:  41
Number of Active MOs:  41
Number of Environment MOs:  12
Number of Virtual MOs:  249
 # electrons:            α            β
         Env:  12.00000000  12.00000000
         Act:  41.00000000  41.00000000
         Vir:  -0.00000000  -0.00000000
Number of electrons in the active space:  82

 The density matrix is idempotent!

 The density matrix is idempotent!


******** <class 'pyscf.scf.hf.RHF'> ********
method = RHF
initial guess = minao
damping factor = 0
level_shift factor = 0
DIIS = <class 'pyscf.scf.diis.CDIIS'>
diis_start_cycle = 1
diis_space = 8
SCF conv_tol = 1e-09
SCF conv_tol_grad = 1e-05
SCF max_cycles = 200
direct_scf = True
direct_scf_tol = 1e-13
chkfile to save SCF result = subsys_scf.chk
max_memory 900000 MB (current use 8559 MB)
init E= -211.714921584471
  HOMO = -0.413018261068964  LUMO = 0.128500206746929
cycle= 1 E= -211.714921682925  delta_E= -9.85e-08  |g|= 2.25e-06  |ddm|= 6.53e-06
  HOMO = -0.413018128369996  LUMO = 0.128500557859502
cycle= 2 E= -211.714921683132  delta_E= -2.07e-10  |g|= 1.43e-06  |ddm|= 4.08e-06
  HOMO = -0.413018189202222  LUMO = 0.128500366032707
Extra cycle  E= -211.714921683047  delta_E= 8.47e-11  |g|= 9.09e-07  |ddm|= 2.59e-06
converged SCF energy = -211.714921683047
Difference in energy:  -3.9850315943112945e-07
E(MP2) = -213.257133423427  E_corr = -1.54221174037991
Total energy =  -581.827398017981
time elapsed:  46.47968673706055
