

******** <class 'pyscf.scf.hf.RHF'> ********
method = RHF
initial guess = minao
damping factor = 0
level_shift factor = 0
DIIS = <class 'pyscf.scf.diis.CDIIS'>
diis_start_cycle = 1
diis_space = 8
SCF conv_tol = 1e-09
SCF conv_tol_grad = 1e-05
SCF max_cycles = 1000
direct_scf = True
direct_scf_tol = 1e-13
chkfile to save SCF result = scf.fchk
max_memory 900000 MB (current use 79 MB)
init E= -582.248533013686
  HOMO = -0.269626800904482  LUMO = 0.013459124315587
cycle= 1 E= -580.049489544699  delta_E=  2.2  |g|= 0.948  |ddm|= 5.16
  HOMO = -0.317142272960362  LUMO = 0.0758837943039298
cycle= 2 E= -580.22280458684  delta_E= -0.173  |g|= 0.616  |ddm|= 1.15
  HOMO = -0.412890705218606  LUMO = 0.121887867434338
cycle= 3 E= -580.293390629357  delta_E= -0.0706  |g|= 0.138  |ddm|= 0.543
  HOMO = -0.405731054341786  LUMO = 0.135966676120052
cycle= 4 E= -580.298567670628  delta_E= -0.00518  |g|= 0.0487  |ddm|= 0.141
  HOMO = -0.413090262780359  LUMO = 0.13344027542636
cycle= 5 E= -580.299084769283  delta_E= -0.000517  |g|= 0.0101  |ddm|= 0.0521
  HOMO = -0.414235625242967  LUMO = 0.133370331216176
cycle= 6 E= -580.299134837983  delta_E= -5.01e-05  |g|= 0.00393  |ddm|= 0.0178
  HOMO = -0.414353892822514  LUMO = 0.133906910692283
cycle= 7 E= -580.299146411547  delta_E= -1.16e-05  |g|= 0.00162  |ddm|= 0.0105
  HOMO = -0.414741897812214  LUMO = 0.133850480449018
cycle= 8 E= -580.299148192618  delta_E= -1.78e-06  |g|= 0.000442  |ddm|= 0.00437
  HOMO = -0.414763813828766  LUMO = 0.13386829059603
cycle= 9 E= -580.299148328644  delta_E= -1.36e-07  |g|= 8.71e-05  |ddm|= 0.00117
  HOMO = -0.414753396167398  LUMO = 0.133872520464282
cycle= 10 E= -580.299148333383  delta_E= -4.74e-09  |g|= 3.1e-05  |ddm|= 0.000171
  HOMO = -0.41475903988591  LUMO = 0.133865323588171
cycle= 11 E= -580.299148333789  delta_E= -4.06e-10  |g|= 8.45e-06  |ddm|= 4.56e-05
  HOMO = -0.414757077579608  LUMO = 0.133867120381773
Extra cycle  E= -580.299148333831  delta_E= -4.16e-11  |g|= 4.38e-06  |ddm|= 1.39e-05
converged SCF energy = -580.299148333831
AOs:  [0, 1, 2, 3, 4, 5, 6, 7, 8, 9, 10, 11, 12, 13, 14, 15, 16, 17, 18, 19, 20, 21, 22, 23, 24, 25, 26, 27, 28, 29, 30, 31, 32, 33, 34, 35, 36, 37, 38, 39, 40, 41, 42, 43, 44, 45, 46, 47, 48, 49, 50, 51, 52, 53, 54, 55, 56, 57, 58, 59, 60, 61, 62, 63, 64, 65, 66, 67, 68, 69, 70, 71, 72, 73, 74, 75, 76, 77, 78, 79, 80, 81, 82, 83, 84, 85, 86, 87, 88, 89, 90, 91, 92, 93, 94, 95, 96, 97, 98, 99, 100, 101, 102, 103, 104, 105, 106, 107, 108, 109, 110, 111, 112, 113, 114, 115, 116, 117, 118, 119, 120, 121, 122, 123, 124, 125, 126, 127, 128, 129, 130, 131, 132, 133, 134, 135, 136, 137, 138, 139, 140, 141, 142, 143, 144, 145, 146, 147, 148, 149, 150, 151, 152, 153, 154, 155, 156, 157, 158, 159, 160, 161, 162, 163, 164, 165, 166, 167, 168, 169, 170, 171, 172, 173, 174, 175, 176, 177, 178, 179, 180, 181, 182, 183, 184, 185, 186, 187, 188, 189, 190, 191, 192, 193, 194, 195, 196, 197, 198, 199, 200, 201, 202, 203, 204]
205

 AO indices used for projection:  [0, 1, 3, 4, 5, 14, 19, 24, 25, 27, 28, 29, 38, 39, 41, 42, 43, 52, 53, 55, 56, 57, 66, 67, 69, 70, 71, 80, 85, 86, 88, 89, 90, 99, 104, 109, 114, 115, 117, 118, 119, 128, 133, 138, 139, 141, 142, 143, 152, 157, 162, 163, 165, 166, 167, 176, 181, 182, 184, 185, 186, 195, 200]
 # of orbitals to keep:  41
Number of Active MOs:  41
Number of Environment MOs:  12
Number of Virtual MOs:  249
 # electrons:            α            β
         Env:  12.00000000  12.00000000
         Act:  41.00000000  41.00000000
         Vir:  -0.00000000  -0.00000000
Number of electrons in the active space:  82

 The density matrix is idempotent!

 The density matrix is idempotent!


******** <class 'pyscf.scf.hf.RHF'> ********
method = RHF
initial guess = minao
damping factor = 0
level_shift factor = 0
DIIS = <class 'pyscf.scf.diis.CDIIS'>
diis_start_cycle = 1
diis_space = 8
SCF conv_tol = 1e-09
SCF conv_tol_grad = 1e-05
SCF max_cycles = 200
direct_scf = True
direct_scf_tol = 1e-13
chkfile to save SCF result = subsys_scf.chk
max_memory 900000 MB (current use 8560 MB)
init E= -212.009369882555
  HOMO = -0.417269028691652  LUMO = 0.133866091435091
cycle= 1 E= -212.00936998168  delta_E= -9.91e-08  |g|= 2.48e-06  |ddm|= 7.11e-06
  HOMO = -0.417268579845446  LUMO = 0.133866471027667
cycle= 2 E= -212.009369981843  delta_E= -1.63e-10  |g|= 1.59e-06  |ddm|= 4.55e-06
  HOMO = -0.417268801482434  LUMO = 0.133866270137152
Extra cycle  E= -212.009369981822  delta_E= 2.11e-11  |g|= 1.03e-06  |ddm|= 2.92e-06
converged SCF energy = -212.009369981822
Difference in energy:  2.6859369768317264e-07
E(MP2) = -213.550385327213  E_corr = -1.54101534539113
Total energy =  -581.8401636796498
time elapsed:  34.29247808456421
