

******** <class 'pyscf.scf.hf.RHF'> ********
method = RHF
initial guess = minao
damping factor = 0
level_shift factor = 0
DIIS = <class 'pyscf.scf.diis.CDIIS'>
diis_start_cycle = 1
diis_space = 8
SCF conv_tol = 1e-09
SCF conv_tol_grad = 1e-05
SCF max_cycles = 1000
direct_scf = True
direct_scf_tol = 1e-13
chkfile to save SCF result = scf.fchk
max_memory 900000 MB (current use 79 MB)
init E= -582.201706566771
  HOMO = -0.269121224762464  LUMO = 0.0141730489811902
cycle= 1 E= -580.054870014132  delta_E= 2.15  |g|= 0.951  |ddm|= 5.16
  HOMO = -0.335731510517279  LUMO = 0.0840102151027526
cycle= 2 E= -580.22521904236  delta_E= -0.17  |g|= 0.63  |ddm|= 1.16
  HOMO = -0.409947101750018  LUMO = 0.125621364862454
cycle= 3 E= -580.298850871829  delta_E= -0.0736  |g|= 0.139  |ddm|= 0.562
  HOMO = -0.402621643662944  LUMO = 0.139471097348101
cycle= 4 E= -580.304124183786  delta_E= -0.00527  |g|= 0.0471  |ddm|= 0.141
  HOMO = -0.410333851936891  LUMO = 0.137281425019204
cycle= 5 E= -580.304621300087  delta_E= -0.000497  |g|= 0.0103  |ddm|= 0.0522
  HOMO = -0.411337119293047  LUMO = 0.137224723256667
cycle= 6 E= -580.304673205762  delta_E= -5.19e-05  |g|= 0.00402  |ddm|= 0.0183
  HOMO = -0.411500018396063  LUMO = 0.13777423899403
cycle= 7 E= -580.304685651592  delta_E= -1.24e-05  |g|= 0.00163  |ddm|= 0.0112
  HOMO = -0.411913764436224  LUMO = 0.137702361124836
cycle= 8 E= -580.304687447409  delta_E= -1.8e-06  |g|= 0.000444  |ddm|= 0.00444
  HOMO = -0.41193301465175  LUMO = 0.137725250863127
cycle= 9 E= -580.304687584524  delta_E= -1.37e-07  |g|= 8.65e-05  |ddm|= 0.00118
  HOMO = -0.411922445369033  LUMO = 0.13772812806115
cycle= 10 E= -580.304687589229  delta_E= -4.7e-09  |g|= 3.04e-05  |ddm|= 0.000172
  HOMO = -0.411928334314402  LUMO = 0.137721186291669
cycle= 11 E= -580.304687589626  delta_E= -3.98e-10  |g|= 8.76e-06  |ddm|= 4.51e-05
  HOMO = -0.411926102026059  LUMO = 0.137723081653523
Extra cycle  E= -580.304687589671  delta_E= -4.48e-11  |g|= 4.62e-06  |ddm|= 1.45e-05
converged SCF energy = -580.304687589671
AOs:  [0, 1, 2, 3, 4, 5, 6, 7, 8, 9, 10, 11, 12, 13, 14, 15, 16, 17, 18, 19, 20, 21, 22, 23, 24, 25, 26, 27, 28, 29, 30, 31, 32, 33, 34, 35, 36, 37, 38, 39, 40, 41, 42, 43, 44, 45, 46, 47, 48, 49, 50, 51, 52, 53, 54, 55, 56, 57, 58, 59, 60, 61, 62, 63, 64, 65, 66, 67, 68, 69, 70, 71, 72, 73, 74, 75, 76, 77, 78, 79, 80, 81, 82, 83, 84, 85, 86, 87, 88, 89, 90, 91, 92, 93, 94, 95, 96, 97, 98, 99, 100, 101, 102, 103, 104, 105, 106, 107, 108, 109, 110, 111, 112, 113, 114, 115, 116, 117, 118, 119, 120, 121, 122, 123, 124, 125, 126, 127, 128, 129, 130, 131, 132, 133, 134, 135, 136, 137, 138, 139, 140, 141, 142, 143, 144, 145, 146, 147, 148, 149, 150, 151, 152, 153, 154, 155, 156, 157, 158, 159, 160, 161, 162, 163, 164, 165, 166, 167, 168, 169, 170, 171, 172, 173, 174, 175, 176, 177, 178, 179, 180, 181, 182, 183, 184, 185, 186, 187, 188, 189, 190, 191, 192, 193, 194, 195, 196, 197, 198, 199, 200, 201, 202, 203, 204]
205

 AO indices used for projection:  [0, 1, 3, 4, 5, 14, 19, 24, 25, 27, 28, 29, 38, 39, 41, 42, 43, 52, 53, 55, 56, 57, 66, 67, 69, 70, 71, 80, 85, 86, 88, 89, 90, 99, 104, 109, 114, 115, 117, 118, 119, 128, 133, 138, 139, 141, 142, 143, 152, 157, 162, 163, 165, 166, 167, 176, 181, 182, 184, 185, 186, 195, 200]
 # of orbitals to keep:  41
Number of Active MOs:  41
Number of Environment MOs:  12
Number of Virtual MOs:  249
 # electrons:            α            β
         Env:  12.00000000  12.00000000
         Act:  41.00000000  41.00000000
         Vir:  -0.00000000  -0.00000000
Number of electrons in the active space:  82

 The density matrix is idempotent!

 The density matrix is idempotent!


******** <class 'pyscf.scf.hf.RHF'> ********
method = RHF
initial guess = minao
damping factor = 0
level_shift factor = 0
DIIS = <class 'pyscf.scf.diis.CDIIS'>
diis_start_cycle = 1
diis_space = 8
SCF conv_tol = 1e-09
SCF conv_tol_grad = 1e-05
SCF max_cycles = 200
direct_scf = True
direct_scf_tol = 1e-13
chkfile to save SCF result = subsys_scf.chk
max_memory 900000 MB (current use 8560 MB)
init E= -212.292546056498
  HOMO = -0.414450079180906  LUMO = 0.137722037416321
cycle= 1 E= -212.292546154798  delta_E= -9.83e-08  |g|= 2.64e-06  |ddm|= 7.52e-06
  HOMO = -0.414449548915558  LUMO = 0.137722429710654
cycle= 2 E= -212.29254615513  delta_E= -3.32e-10  |g|= 1.71e-06  |ddm|= 4.86e-06
  HOMO = -0.414449807858754  LUMO = 0.137722227177851
Extra cycle  E= -212.292546155065  delta_E= 6.47e-11  |g|= 1.11e-06  |ddm|= 3.14e-06
converged SCF energy = -212.292546155065
Difference in energy:  -4.030688955936057e-08
E(MP2) = -213.832676164832  E_corr = -1.5401300097669
Total energy =  -581.844817599374
time elapsed:  46.33500289916992
