

******** <class 'pyscf.scf.hf.RHF'> ********
method = RHF
initial guess = minao
damping factor = 0
level_shift factor = 0
DIIS = <class 'pyscf.scf.diis.CDIIS'>
diis_start_cycle = 1
diis_space = 8
SCF conv_tol = 1e-09
SCF conv_tol_grad = 1e-05
SCF max_cycles = 1000
direct_scf = True
direct_scf_tol = 1e-13
chkfile to save SCF result = scf.fchk
max_memory 900000 MB (current use 79 MB)
init E= -582.145551290852
  HOMO = -0.268599048269088  LUMO = 0.0149634667889093
cycle= 1 E= -580.046982475086  delta_E=  2.1  |g|= 0.97  |ddm|= 5.16
  HOMO = -0.324045531099144  LUMO = 0.101597106544518
cycle= 2 E= -580.214240399848  delta_E= -0.167  |g|= 0.672  |ddm|= 1.24
  HOMO = -0.399960801340685  LUMO = 0.135189255948899
cycle= 3 E= -580.297755521969  delta_E= -0.0835  |g|= 0.139  |ddm|= 0.622
  HOMO = -0.394127171749194  LUMO = 0.147504807164241
cycle= 4 E= -580.303207668669  delta_E= -0.00545  |g|= 0.0445  |ddm|= 0.142
  HOMO = -0.4012453431658  LUMO = 0.146268973668101
cycle= 5 E= -580.303677151323  delta_E= -0.000469  |g|= 0.0108  |ddm|= 0.0534
  HOMO = -0.402290945686314  LUMO = 0.146197521892972
cycle= 6 E= -580.30373415241  delta_E= -5.7e-05  |g|= 0.00428  |ddm|= 0.0197
  HOMO = -0.402589580095307  LUMO = 0.146740384994913
cycle= 7 E= -580.303748879226  delta_E= -1.47e-05  |g|= 0.00165  |ddm|= 0.013
  HOMO = -0.403055847655034  LUMO = 0.146653361700002
cycle= 8 E= -580.303750714297  delta_E= -1.84e-06  |g|= 0.000449  |ddm|= 0.00464
  HOMO = -0.403073489172484  LUMO = 0.146681352373186
cycle= 9 E= -580.303750851493  delta_E= -1.37e-07  |g|= 8.83e-05  |ddm|= 0.00117
  HOMO = -0.403061417997255  LUMO = 0.146682690534451
cycle= 10 E= -580.303750856368  delta_E= -4.87e-09  |g|= 3.06e-05  |ddm|= 0.000177
  HOMO = -0.403067887139725  LUMO = 0.146675896304458
cycle= 11 E= -580.303750856773  delta_E= -4.06e-10  |g|= 9.41e-06  |ddm|= 4.65e-05
  HOMO = -0.403065283727209  LUMO = 0.146677849132614
Extra cycle  E= -580.303750856828  delta_E= -5.5e-11  |g|= 5.07e-06  |ddm|= 1.59e-05
converged SCF energy = -580.303750856828
AOs:  [0, 1, 2, 3, 4, 5, 6, 7, 8, 9, 10, 11, 12, 13, 14, 15, 16, 17, 18, 19, 20, 21, 22, 23, 24, 25, 26, 27, 28, 29, 30, 31, 32, 33, 34, 35, 36, 37, 38, 39, 40, 41, 42, 43, 44, 45, 46, 47, 48, 49, 50, 51, 52, 53, 54, 55, 56, 57, 58, 59, 60, 61, 62, 63, 64, 65, 66, 67, 68, 69, 70, 71, 72, 73, 74, 75, 76, 77, 78, 79, 80, 81, 82, 83, 84, 85, 86, 87, 88, 89, 90, 91, 92, 93, 94, 95, 96, 97, 98, 99, 100, 101, 102, 103, 104, 105, 106, 107, 108, 109, 110, 111, 112, 113, 114, 115, 116, 117, 118, 119, 120, 121, 122, 123, 124, 125, 126, 127, 128, 129, 130, 131, 132, 133, 134, 135, 136, 137, 138, 139, 140, 141, 142, 143, 144, 145, 146, 147, 148, 149, 150, 151, 152, 153, 154, 155, 156, 157, 158, 159, 160, 161, 162, 163, 164, 165, 166, 167, 168, 169, 170, 171, 172, 173, 174, 175, 176, 177, 178, 179, 180, 181, 182, 183, 184, 185, 186, 187, 188, 189, 190, 191, 192, 193, 194, 195, 196, 197, 198, 199, 200, 201, 202, 203, 204]
205

 AO indices used for projection:  [0, 1, 3, 4, 5, 14, 19, 24, 25, 27, 28, 29, 38, 39, 41, 42, 43, 52, 53, 55, 56, 57, 66, 67, 69, 70, 71, 80, 85, 86, 88, 89, 90, 99, 104, 109, 114, 115, 117, 118, 119, 128, 133, 138, 139, 141, 142, 143, 152, 157, 162, 163, 165, 166, 167, 176, 181, 182, 184, 185, 186, 195, 200]
 # of orbitals to keep:  53
Number of Active MOs:  53
Number of Environment MOs:  0
Number of Virtual MOs:  249
 # electrons:            α            β
         Env:   0.00000000   0.00000000
         Act:  53.00000000  53.00000000
         Vir:  -0.00000000  -0.00000000
Number of electrons in the active space:  106

 The density matrix is idempotent!

 The density matrix is idempotent!


******** <class 'pyscf.scf.hf.RHF'> ********
method = RHF
initial guess = minao
damping factor = 0
level_shift factor = 0
DIIS = <class 'pyscf.scf.diis.CDIIS'>
diis_start_cycle = 1
diis_space = 8
SCF conv_tol = 1e-09
SCF conv_tol_grad = 1e-05
SCF max_cycles = 200
direct_scf = True
direct_scf_tol = 1e-13
chkfile to save SCF result = subsys_scf.chk
max_memory 900000 MB (current use 8560 MB)
init E= -580.303750856826
  HOMO = -0.403066445784573  LUMO = 0.146676838059443
cycle= 1 E= -580.303750856845  delta_E= -1.82e-11  |g|= 3e-06  |ddm|= 8.43e-06
  HOMO = -0.403065916494868  LUMO = 0.146677193427251
Extra cycle  E= -580.303750856853  delta_E= -8.41e-12  |g|= 1.98e-06  |ddm|= 5.54e-06
converged SCF energy = -580.303750856853
Difference in energy:  1.5552038803434697e-08
E(MP2) = -582.29062915477  E_corr = -1.98687829791662
Total energy =  -582.2906291547698
time elapsed:  49.95487856864929
