

******** <class 'pyscf.scf.hf.RHF'> ********
method = RHF
initial guess = minao
damping factor = 0
level_shift factor = 0
DIIS = <class 'pyscf.scf.diis.CDIIS'>
diis_start_cycle = 1
diis_space = 8
SCF conv_tol = 1e-09
SCF conv_tol_grad = 1e-05
SCF max_cycles = 1000
direct_scf = True
direct_scf_tol = 1e-13
chkfile to save SCF result = scf.fchk
max_memory 900000 MB (current use 79 MB)
init E= -582.143885830728
  HOMO = -0.268590328682973  LUMO = 0.0149873676813289
cycle= 1 E= -580.045186875009  delta_E=  2.1  |g|= 0.972  |ddm|= 5.16
  HOMO = -0.32145793272412  LUMO = 0.103050712125547
cycle= 2 E= -580.212546407157  delta_E= -0.167  |g|= 0.676  |ddm|= 1.25
  HOMO = -0.398834834314418  LUMO = 0.136185630856697
cycle= 3 E= -580.296995086436  delta_E= -0.0844  |g|= 0.139  |ddm|= 0.628
  HOMO = -0.393201612763173  LUMO = 0.148304396218635
cycle= 4 E= -580.302457420488  delta_E= -0.00546  |g|= 0.0445  |ddm|= 0.142
  HOMO = -0.40026026329415  LUMO = 0.14715433962896
cycle= 5 E= -580.302927138438  delta_E= -0.00047  |g|= 0.0109  |ddm|= 0.0535
  HOMO = -0.401318246951264  LUMO = 0.147077391219988
cycle= 6 E= -580.302984738892  delta_E= -5.76e-05  |g|= 0.00431  |ddm|= 0.0199
  HOMO = -0.40163332412424  LUMO = 0.147616049610579
cycle= 7 E= -580.302999705213  delta_E= -1.5e-05  |g|= 0.00166  |ddm|= 0.0132
  HOMO = -0.402103605876646  LUMO = 0.14752964263683
cycle= 8 E= -580.303001548448  delta_E= -1.84e-06  |g|= 0.000449  |ddm|= 0.00467
  HOMO = -0.40212150221558  LUMO = 0.147557558445339
cycle= 9 E= -580.303001685324  delta_E= -1.37e-07  |g|= 8.86e-05  |ddm|= 0.00117
  HOMO = -0.402109147725357  LUMO = 0.147558865320662
cycle= 10 E= -580.303001690224  delta_E= -4.9e-09  |g|= 3.08e-05  |ddm|= 0.000178
  HOMO = -0.402115711330857  LUMO = 0.14755205658734
cycle= 11 E= -580.303001690636  delta_E= -4.12e-10  |g|= 9.46e-06  |ddm|= 4.67e-05
  HOMO = -0.402113083010275  LUMO = 0.147553998962476
Extra cycle  E= -580.303001690685  delta_E= -4.96e-11  |g|= 5.1e-06  |ddm|= 1.6e-05
converged SCF energy = -580.303001690685
AOs:  [0, 1, 2, 3, 4, 5, 6, 7, 8, 9, 10, 11, 12, 13, 14, 15, 16, 17, 18, 19, 20, 21, 22, 23, 24, 25, 26, 27, 28, 29, 30, 31, 32, 33, 34, 35, 36, 37, 38, 39, 40, 41, 42, 43, 44, 45, 46, 47, 48, 49, 50, 51, 52, 53, 54, 55, 56, 57, 58, 59, 60, 61, 62, 63, 64, 65, 66, 67, 68, 69, 70, 71, 72, 73, 74, 75, 76, 77, 78, 79, 80, 81, 82, 83, 84, 85, 86, 87, 88, 89, 90, 91, 92, 93, 94, 95, 96, 97, 98, 99, 100, 101, 102, 103, 104, 105, 106, 107, 108, 109, 110, 111, 112, 113, 114, 115, 116, 117, 118, 119, 120, 121, 122, 123, 124, 125, 126, 127, 128, 129, 130, 131, 132, 133, 134, 135, 136, 137, 138, 139, 140, 141, 142, 143, 144, 145, 146, 147, 148, 149, 150, 151, 152, 153, 154, 155, 156, 157, 158, 159, 160, 161, 162, 163, 164, 165, 166, 167, 168, 169, 170, 171, 172, 173, 174, 175, 176, 177, 178, 179, 180, 181, 182, 183, 184, 185, 186, 187, 188, 189, 190, 191, 192, 193, 194, 195, 196, 197, 198, 199, 200, 201, 202, 203, 204]
205

 AO indices used for projection:  [0, 1, 3, 4, 5, 14, 19, 24, 25, 27, 28, 29, 38, 39, 41, 42, 43, 52, 53, 55, 56, 57, 66, 67, 69, 70, 71, 80, 85, 86, 88, 89, 90, 99, 104, 109, 114, 115, 117, 118, 119, 128, 133, 138, 139, 141, 142, 143, 152, 157, 162, 163, 165, 166, 167, 176, 181, 182, 184, 185, 186, 195, 200]
 # of orbitals to keep:  53
Number of Active MOs:  53
Number of Environment MOs:  0
Number of Virtual MOs:  249
 # electrons:            α            β
         Env:   0.00000000   0.00000000
         Act:  53.00000000  53.00000000
         Vir:  -0.00000000  -0.00000000
Number of electrons in the active space:  106

 The density matrix is idempotent!

 The density matrix is idempotent!


******** <class 'pyscf.scf.hf.RHF'> ********
method = RHF
initial guess = minao
damping factor = 0
level_shift factor = 0
DIIS = <class 'pyscf.scf.diis.CDIIS'>
diis_start_cycle = 1
diis_space = 8
SCF conv_tol = 1e-09
SCF conv_tol_grad = 1e-05
SCF max_cycles = 200
direct_scf = True
direct_scf_tol = 1e-13
chkfile to save SCF result = subsys_scf.chk
max_memory 900000 MB (current use 8560 MB)
init E= -580.303001690686
  HOMO = -0.402114249287588  LUMO = 0.147552995850639
cycle= 1 E= -580.303001690707  delta_E= -2.18e-11  |g|= 3.03e-06  |ddm|= 8.49e-06
  HOMO = -0.402113717740202  LUMO = 0.147553345912533
Extra cycle  E= -580.303001690713  delta_E= -5.23e-12  |g|= 1.99e-06  |ddm|= 5.59e-06
converged SCF energy = -580.303001690713
Difference in energy:  1.7692227629595437e-08
E(MP2) = -582.289799886543  E_corr = -1.98679819582989
Total energy =  -582.2897998865433
time elapsed:  44.39414644241333
