

******** <class 'pyscf.scf.hf.RHF'> ********
method = RHF
initial guess = minao
damping factor = 0
level_shift factor = 0
DIIS = <class 'pyscf.scf.diis.CDIIS'>
diis_start_cycle = 1
diis_space = 8
SCF conv_tol = 1e-09
SCF conv_tol_grad = 1e-05
SCF max_cycles = 1000
direct_scf = True
direct_scf_tol = 1e-13
chkfile to save SCF result = scf.fchk
max_memory 900000 MB (current use 79 MB)
init E= -582.140972423215
  HOMO = -0.268573636884335  LUMO = 0.0150440612059289
cycle= 1 E= -580.040496474726  delta_E=  2.1  |g|= 0.978  |ddm|= 5.16
  HOMO = -0.314934443354113  LUMO = 0.106728477009839
cycle= 2 E= -580.208272337792  delta_E= -0.168  |g|= 0.685  |ddm|= 1.28
  HOMO = -0.395827686758294  LUMO = 0.138814545232717
cycle= 3 E= -580.294996238813  delta_E= -0.0867  |g|= 0.139  |ddm|= 0.64
  HOMO = -0.390726149662261  LUMO = 0.150413730650546
cycle= 4 E= -580.300479540314  delta_E= -0.00548  |g|= 0.0444  |ddm|= 0.143
  HOMO = -0.39763599976946  LUMO = 0.14947705680601
cycle= 5 E= -580.300951600459  delta_E= -0.000472  |g|= 0.011  |ddm|= 0.0539
  HOMO = -0.398726071073106  LUMO = 0.149386589045897
cycle= 6 E= -580.301010799283  delta_E= -5.92e-05  |g|= 0.00439  |ddm|= 0.0203
  HOMO = -0.399083048161019  LUMO = 0.149913362301438
cycle= 7 E= -580.301026391572  delta_E= -1.56e-05  |g|= 0.00167  |ddm|= 0.0137
  HOMO = -0.399563193513538  LUMO = 0.149829472836158
cycle= 8 E= -580.301028261435  delta_E= -1.87e-06  |g|= 0.000452  |ddm|= 0.00474
  HOMO = -0.399581757222531  LUMO = 0.14985714913727
cycle= 9 E= -580.301028397639  delta_E= -1.36e-07  |g|= 8.96e-05  |ddm|= 0.00116
  HOMO = -0.399568681043252  LUMO = 0.149858390706165
cycle= 10 E= -580.301028402614  delta_E= -4.97e-09  |g|= 3.11e-05  |ddm|= 0.00018
  HOMO = -0.399575466682908  LUMO = 0.149851574862177
cycle= 11 E= -580.301028403032  delta_E= -4.19e-10  |g|= 9.57e-06  |ddm|= 4.73e-05
  HOMO = -0.399572777269258  LUMO = 0.149853485781754
Extra cycle  E= -580.301028403083  delta_E= -5.05e-11  |g|= 5.16e-06  |ddm|= 1.63e-05
converged SCF energy = -580.301028403083
AOs:  [0, 1, 2, 3, 4, 5, 6, 7, 8, 9, 10, 11, 12, 13, 14, 15, 16, 17, 18, 19, 20, 21, 22, 23, 24, 25, 26, 27, 28, 29, 30, 31, 32, 33, 34, 35, 36, 37, 38, 39, 40, 41, 42, 43, 44, 45, 46, 47, 48, 49, 50, 51, 52, 53, 54, 55, 56, 57, 58, 59, 60, 61, 62, 63, 64, 65, 66, 67, 68, 69, 70, 71, 72, 73, 74, 75, 76, 77, 78, 79, 80, 81, 82, 83, 84, 85, 86, 87, 88, 89, 90, 91, 92, 93, 94, 95, 96, 97, 98, 99, 100, 101, 102, 103, 104, 105, 106, 107, 108, 109, 110, 111, 112, 113, 114, 115, 116, 117, 118, 119, 120, 121, 122, 123, 124, 125, 126, 127, 128, 129, 130, 131, 132, 133, 134, 135, 136, 137, 138, 139, 140, 141, 142, 143, 144, 145, 146, 147, 148, 149, 150, 151, 152, 153, 154, 155, 156, 157, 158, 159, 160, 161, 162, 163, 164, 165, 166, 167, 168, 169, 170, 171, 172, 173, 174, 175, 176, 177, 178, 179, 180, 181, 182, 183, 184, 185, 186, 187, 188, 189, 190, 191, 192, 193, 194, 195, 196, 197, 198, 199, 200, 201, 202, 203, 204]
205

 AO indices used for projection:  [0, 1, 3, 4, 5, 14, 19, 24, 25, 27, 28, 29, 38, 39, 41, 42, 43, 52, 53, 55, 56, 57, 66, 67, 69, 70, 71, 80, 85, 86, 88, 89, 90, 99, 104, 109, 114, 115, 117, 118, 119, 128, 133, 138, 139, 141, 142, 143, 152, 157, 162, 163, 165, 166, 167, 176, 181, 182, 184, 185, 186, 195, 200]
 # of orbitals to keep:  53
Number of Active MOs:  53
Number of Environment MOs:  0
Number of Virtual MOs:  249
 # electrons:            α            β
         Env:   0.00000000   0.00000000
         Act:  53.00000000  53.00000000
         Vir:   0.00000000   0.00000000
Number of electrons in the active space:  106

 The density matrix is idempotent!

 The density matrix is idempotent!


******** <class 'pyscf.scf.hf.RHF'> ********
method = RHF
initial guess = minao
damping factor = 0
level_shift factor = 0
DIIS = <class 'pyscf.scf.diis.CDIIS'>
diis_start_cycle = 1
diis_space = 8
SCF conv_tol = 1e-09
SCF conv_tol_grad = 1e-05
SCF max_cycles = 200
direct_scf = True
direct_scf_tol = 1e-13
chkfile to save SCF result = subsys_scf.chk
max_memory 900000 MB (current use 8560 MB)
init E= -580.301028403082
  HOMO = -0.39957395021852  LUMO = 0.14985250584202
cycle= 1 E= -580.301028403103  delta_E= -2.18e-11  |g|= 3.07e-06  |ddm|= 8.63e-06
  HOMO = -0.399573415330383  LUMO = 0.149852841438287
Extra cycle  E= -580.301028403112  delta_E= -8.19e-12  |g|= 2.03e-06  |ddm|= 5.7e-06
converged SCF energy = -580.301028403112
Difference in energy:  1.740686911944067e-08
E(MP2) = -582.287710928573  E_corr = -1.98668252546149
Total energy =  -582.2877109285721
time elapsed:  15.533562421798706
