

******** <class 'pyscf.scf.hf.RHF'> ********
method = RHF
initial guess = minao
damping factor = 0
level_shift factor = 0
DIIS = <class 'pyscf.scf.diis.CDIIS'>
diis_start_cycle = 1
diis_space = 8
SCF conv_tol = 1e-09
SCF conv_tol_grad = 1e-05
SCF max_cycles = 1000
direct_scf = True
direct_scf_tol = 1e-13
chkfile to save SCF result = scf.fchk
max_memory 900000 MB (current use 79 MB)
init E= -582.140682932982
  HOMO = -0.268568988534742  LUMO = 0.0150541456903213
cycle= 1 E= -580.039810273952  delta_E=  2.1  |g|= 0.979  |ddm|= 5.17
  HOMO = -0.313940856779875  LUMO = 0.107307426886715
cycle= 2 E= -580.207644456658  delta_E= -0.168  |g|= 0.686  |ddm|= 1.28
  HOMO = -0.395360296716368  LUMO = 0.13922307135462
cycle= 3 E= -580.294704019117  delta_E= -0.0871  |g|= 0.139  |ddm|= 0.642
  HOMO = -0.390329154143409  LUMO = 0.150751126596306
cycle= 4 E= -580.300191253913  delta_E= -0.00549  |g|= 0.0444  |ddm|= 0.143
  HOMO = -0.397220494537092  LUMO = 0.149844183720008
cycle= 5 E= -580.300663972019  delta_E= -0.000473  |g|= 0.011  |ddm|= 0.054
  HOMO = -0.398314759724386  LUMO = 0.149752267562078
cycle= 6 E= -580.300723418946  delta_E= -5.94e-05  |g|= 0.0044  |ddm|= 0.0204
  HOMO = -0.398677448674974  LUMO = 0.150277495401342
cycle= 7 E= -580.300739107614  delta_E= -1.57e-05  |g|= 0.00167  |ddm|= 0.0137
  HOMO = -0.39915938816729  LUMO = 0.150193850901228
cycle= 8 E= -580.3007409831  delta_E= -1.88e-06  |g|= 0.000452  |ddm|= 0.00475
  HOMO = -0.399177977859894  LUMO = 0.150221581872313
cycle= 9 E= -580.300741119324  delta_E= -1.36e-07  |g|= 8.98e-05  |ddm|= 0.00116
  HOMO = -0.399164817442357  LUMO = 0.150222800635307
cycle= 10 E= -580.300741124307  delta_E= -4.98e-09  |g|= 3.12e-05  |ddm|= 0.000181
  HOMO = -0.399171623379395  LUMO = 0.150215995655321
cycle= 11 E= -580.300741124728  delta_E= -4.21e-10  |g|= 9.59e-06  |ddm|= 4.74e-05
  HOMO = -0.399168923206772  LUMO = 0.150217902903033
Extra cycle  E= -580.300741124782  delta_E= -5.41e-11  |g|= 5.17e-06  |ddm|= 1.64e-05
converged SCF energy = -580.300741124782
AOs:  [0, 1, 2, 3, 4, 5, 6, 7, 8, 9, 10, 11, 12, 13, 14, 15, 16, 17, 18, 19, 20, 21, 22, 23, 24, 25, 26, 27, 28, 29, 30, 31, 32, 33, 34, 35, 36, 37, 38, 39, 40, 41, 42, 43, 44, 45, 46, 47, 48, 49, 50, 51, 52, 53, 54, 55, 56, 57, 58, 59, 60, 61, 62, 63, 64, 65, 66, 67, 68, 69, 70, 71, 72, 73, 74, 75, 76, 77, 78, 79, 80, 81, 82, 83, 84, 85, 86, 87, 88, 89, 90, 91, 92, 93, 94, 95, 96, 97, 98, 99, 100, 101, 102, 103, 104, 105, 106, 107, 108, 109, 110, 111, 112, 113, 114, 115, 116, 117, 118, 119, 120, 121, 122, 123, 124, 125, 126, 127, 128, 129, 130, 131, 132, 133, 134, 135, 136, 137, 138, 139, 140, 141, 142, 143, 144, 145, 146, 147, 148, 149, 150, 151, 152, 153, 154, 155, 156, 157, 158, 159, 160, 161, 162, 163, 164, 165, 166, 167, 168, 169, 170, 171, 172, 173, 174, 175, 176, 177, 178, 179, 180, 181, 182, 183, 184, 185, 186, 187, 188, 189, 190, 191, 192, 193, 194, 195, 196, 197, 198, 199, 200, 201, 202, 203, 204]
205

 AO indices used for projection:  [0, 1, 3, 4, 5, 14, 19, 24, 25, 27, 28, 29, 38, 39, 41, 42, 43, 52, 53, 55, 56, 57, 66, 67, 69, 70, 71, 80, 85, 86, 88, 89, 90, 99, 104, 109, 114, 115, 117, 118, 119, 128, 133, 138, 139, 141, 142, 143, 152, 157, 162, 163, 165, 166, 167, 176, 181, 182, 184, 185, 186, 195, 200]
 # of orbitals to keep:  53
Number of Active MOs:  53
Number of Environment MOs:  0
Number of Virtual MOs:  249
 # electrons:            α            β
         Env:   0.00000000   0.00000000
         Act:  53.00000000  53.00000000
         Vir:   0.00000000   0.00000000
Number of electrons in the active space:  106

 The density matrix is idempotent!

 The density matrix is idempotent!


******** <class 'pyscf.scf.hf.RHF'> ********
method = RHF
initial guess = minao
damping factor = 0
level_shift factor = 0
DIIS = <class 'pyscf.scf.diis.CDIIS'>
diis_start_cycle = 1
diis_space = 8
SCF conv_tol = 1e-09
SCF conv_tol_grad = 1e-05
SCF max_cycles = 200
direct_scf = True
direct_scf_tol = 1e-13
chkfile to save SCF result = subsys_scf.chk
max_memory 900000 MB (current use 8560 MB)
init E= -580.30074112478
  HOMO = -0.399170097722672  LUMO = 0.150216926125698
cycle= 1 E= -580.300741124802  delta_E= -2.27e-11  |g|= 3.08e-06  |ddm|= 8.65e-06
  HOMO = -0.399169561926863  LUMO = 0.150217259864614
Extra cycle  E= -580.300741124809  delta_E= -6.82e-12  |g|= 2.03e-06  |ddm|= 5.72e-06
converged SCF energy = -580.300741124809
Difference in energy:  1.683615209913114e-08
E(MP2) = -582.287434424673  E_corr = -1.98669329986378
Total energy =  -582.2874344246726
time elapsed:  14.872533082962036
