

******** <class 'pyscf.scf.hf.RHF'> ********
method = RHF
initial guess = minao
damping factor = 0
level_shift factor = 0
DIIS = <class 'pyscf.scf.diis.CDIIS'>
diis_start_cycle = 1
diis_space = 8
SCF conv_tol = 1e-09
SCF conv_tol_grad = 1e-05
SCF max_cycles = 1000
direct_scf = True
direct_scf_tol = 1e-13
chkfile to save SCF result = scf.fchk
max_memory 900000 MB (current use 79 MB)
init E= -582.490256908817
  HOMO = -0.272158915982066  LUMO = 0.00979030337293395
cycle= 1 E= -579.993714843927  delta_E=  2.5  |g|= 0.967  |ddm|= 5.17
  HOMO = -0.254038663840928  LUMO = 0.0514101882242088
cycle= 2 E= -580.177747224542  delta_E= -0.184  |g|= 0.608  |ddm|= 1.17
  HOMO = -0.394150202718283  LUMO = 0.11020190593521
cycle= 3 E= -580.247184095135  delta_E= -0.0694  |g|= 0.133  |ddm|= 0.525
  HOMO = -0.397438121641175  LUMO = 0.123708532944198
cycle= 4 E= -580.25204208787  delta_E= -0.00486  |g|= 0.0512  |ddm|= 0.14
  HOMO = -0.389901325674003  LUMO = 0.12075306261818
cycle= 5 E= -580.252583351991  delta_E= -0.000541  |g|= 0.00967  |ddm|= 0.051
  HOMO = -0.392957429165888  LUMO = 0.120604056840354
cycle= 6 E= -580.25262863362  delta_E= -4.53e-05  |g|= 0.00369  |ddm|= 0.0167
  HOMO = -0.392832496740465  LUMO = 0.121078186891625
cycle= 7 E= -580.25263797677  delta_E= -9.34e-06  |g|= 0.00154  |ddm|= 0.00899
  HOMO = -0.393154585169373  LUMO = 0.121078199882546
cycle= 8 E= -580.25263959469  delta_E= -1.62e-06  |g|= 0.000444  |ddm|= 0.00402
  HOMO = -0.393176899492495  LUMO = 0.121075166420552
cycle= 9 E= -580.252639726735  delta_E= -1.32e-07  |g|= 9.31e-05  |ddm|= 0.00114
  HOMO = -0.393167940972164  LUMO = 0.121084709659696
cycle= 10 E= -580.252639732088  delta_E= -5.35e-09  |g|= 3.37e-05  |ddm|= 0.000178
  HOMO = -0.393169803849149  LUMO = 0.12107658277557
cycle= 11 E= -580.25263973258  delta_E= -4.93e-10  |g|= 7.65e-06  |ddm|= 5.19e-05
  HOMO = -0.393169184583579  LUMO = 0.121078023041493
Extra cycle  E= -580.25263973261  delta_E= -3e-11  |g|= 3.64e-06  |ddm|= 1.2e-05
converged SCF energy = -580.25263973261
AOs:  [0, 1, 2, 3, 4, 5, 6, 7, 8, 9, 10, 11, 12, 13, 14, 15, 16, 17, 18, 19, 20, 21, 22, 23, 24, 25, 26, 27, 28, 29, 30, 31, 32, 33, 34, 35, 36, 37, 38, 39, 40, 41, 42, 43, 44, 45, 46, 47, 48, 49, 50, 51, 52, 53, 54, 55, 56, 57, 58, 59, 60, 61, 62, 63, 64, 65, 66, 67, 68, 69, 70, 71, 72, 73, 74, 75, 76, 77, 78, 79, 80, 81, 82, 83, 84, 85, 86, 87, 88, 89, 90, 91, 92, 93, 94, 95, 96, 97, 98, 99, 100, 101, 102, 103, 104, 105, 106, 107, 108, 109, 110, 111, 112, 113, 114, 115, 116, 117, 118, 119, 120, 121, 122, 123, 124, 125, 126, 127, 128, 129, 130, 131, 132, 133, 134, 135, 136, 137, 138, 139, 140, 141, 142, 143, 144, 145, 146, 147, 148, 149, 150, 151, 152, 153, 154, 155, 156, 157, 158, 159, 160, 161, 162, 163, 164, 165, 166, 167, 168, 169, 170, 171, 172, 173, 174, 175, 176, 177, 178, 179, 180, 181, 182, 183, 184, 185, 186, 187, 188, 189, 190, 191, 192, 193, 194, 195, 196, 197, 198, 199, 200, 201, 202, 203, 204]
205
Number of Active MOs:  41
Number of Environment MOs:  12
Number of Virtual MOs:  249
 # electrons:            α            β
         Env:  12.00000000  12.00000000
         Act:  41.00000000  41.00000000
         Vir:  -0.00000000  -0.00000000
Number of electrons in the active space:  82

 The density matrix is idempotent!

 The density matrix is idempotent!


******** <class 'pyscf.scf.hf.RHF'> ********
method = RHF
initial guess = minao
damping factor = 0
level_shift factor = 0
DIIS = <class 'pyscf.scf.diis.CDIIS'>
diis_start_cycle = 1
diis_space = 8
SCF conv_tol = 1e-09
SCF conv_tol_grad = 1e-05
SCF max_cycles = 200
direct_scf = True
direct_scf_tol = 1e-13
chkfile to save SCF result = subsys_scf.chk
max_memory 900000 MB (current use 8559 MB)
init E= -212.057815003755
  HOMO = -0.393309000853656  LUMO = 0.12107709977941
cycle= 1 E= -212.057815859195  delta_E= -8.55e-07  |g|= 1.95e-06  |ddm|= 5.66e-06
  HOMO = -0.393308922872081  LUMO = 0.121077409634023
cycle= 2 E= -212.057815859291  delta_E= -9.64e-11  |g|= 1.17e-06  |ddm|= 3.29e-06
  HOMO = -0.39330894592334  LUMO = 0.121077236192018
Extra cycle  E= -212.057815859064  delta_E= 2.27e-10  |g|= 7.16e-07  |ddm|= 2.03e-06
converged SCF energy = -212.057815859064
Difference in energy:  -1.873378619166033e-07
E(MP2) = -213.593878786274  E_corr = -1.53606292720992
Total energy =  -581.7887026595217
time elapsed:  44.32462739944458
