

******** <class 'pyscf.scf.hf.RHF'> ********
method = RHF
initial guess = minao
damping factor = 0
level_shift factor = 0
DIIS = <class 'pyscf.scf.diis.CDIIS'>
diis_start_cycle = 1
diis_space = 8
SCF conv_tol = 1e-09
SCF conv_tol_grad = 1e-05
SCF max_cycles = 1000
direct_scf = True
direct_scf_tol = 1e-13
chkfile to save SCF result = scf.fchk
max_memory 900000 MB (current use 79 MB)
init E= -582.248533013686
  HOMO = -0.269626800904485  LUMO = 0.0134591243155735
cycle= 1 E= -580.0494895447  delta_E=  2.2  |g|= 0.948  |ddm|= 5.16
  HOMO = -0.317142272960367  LUMO = 0.0758837943039266
cycle= 2 E= -580.222804586839  delta_E= -0.173  |g|= 0.616  |ddm|= 1.15
  HOMO = -0.412890705218609  LUMO = 0.121887867434331
cycle= 3 E= -580.293390629357  delta_E= -0.0706  |g|= 0.138  |ddm|= 0.543
  HOMO = -0.405731054341777  LUMO = 0.135966676120056
cycle= 4 E= -580.298567670627  delta_E= -0.00518  |g|= 0.0487  |ddm|= 0.141
  HOMO = -0.413090262780354  LUMO = 0.133440275426364
cycle= 5 E= -580.299084769281  delta_E= -0.000517  |g|= 0.0101  |ddm|= 0.0521
  HOMO = -0.414235625242966  LUMO = 0.133370331216174
cycle= 6 E= -580.299134837983  delta_E= -5.01e-05  |g|= 0.00393  |ddm|= 0.0178
  HOMO = -0.414353892822501  LUMO = 0.133906910692292
cycle= 7 E= -580.299146411546  delta_E= -1.16e-05  |g|= 0.00162  |ddm|= 0.0105
  HOMO = -0.414741897812223  LUMO = 0.133850480448979
cycle= 8 E= -580.29914819262  delta_E= -1.78e-06  |g|= 0.000442  |ddm|= 0.00437
  HOMO = -0.414763813828763  LUMO = 0.133868290596042
cycle= 9 E= -580.299148328644  delta_E= -1.36e-07  |g|= 8.71e-05  |ddm|= 0.00117
  HOMO = -0.414753396167382  LUMO = 0.133872520464317
cycle= 10 E= -580.299148333381  delta_E= -4.74e-09  |g|= 3.1e-05  |ddm|= 0.000171
  HOMO = -0.414759039885913  LUMO = 0.133865323588153
cycle= 11 E= -580.299148333789  delta_E= -4.08e-10  |g|= 8.45e-06  |ddm|= 4.56e-05
  HOMO = -0.414757077579614  LUMO = 0.133867120381759
Extra cycle  E= -580.299148333831  delta_E= -4.23e-11  |g|= 4.38e-06  |ddm|= 1.39e-05
converged SCF energy = -580.299148333831
AOs:  [0, 1, 2, 3, 4, 5, 6, 7, 8, 9, 10, 11, 12, 13, 14, 15, 16, 17, 18, 19, 20, 21, 22, 23, 24, 25, 26, 27, 28, 29, 30, 31, 32, 33, 34, 35, 36, 37, 38, 39, 40, 41, 42, 43, 44, 45, 46, 47, 48, 49, 50, 51, 52, 53, 54, 55, 56, 57, 58, 59, 60, 61, 62, 63, 64, 65, 66, 67, 68, 69, 70, 71, 72, 73, 74, 75, 76, 77, 78, 79, 80, 81, 82, 83, 84, 85, 86, 87, 88, 89, 90, 91, 92, 93, 94, 95, 96, 97, 98, 99, 100, 101, 102, 103, 104, 105, 106, 107, 108, 109, 110, 111, 112, 113, 114, 115, 116, 117, 118, 119, 120, 121, 122, 123, 124, 125, 126, 127, 128, 129, 130, 131, 132, 133, 134, 135, 136, 137, 138, 139, 140, 141, 142, 143, 144, 145, 146, 147, 148, 149, 150, 151, 152, 153, 154, 155, 156, 157, 158, 159, 160, 161, 162, 163, 164, 165, 166, 167, 168, 169, 170, 171, 172, 173, 174, 175, 176, 177, 178, 179, 180, 181, 182, 183, 184, 185, 186, 187, 188, 189, 190, 191, 192, 193, 194, 195, 196, 197, 198, 199, 200, 201, 202, 203, 204]
205
Number of Active MOs:  41
Number of Environment MOs:  12
Number of Virtual MOs:  249
 # electrons:            α            β
         Env:  12.00000000  12.00000000
         Act:  41.00000000  41.00000000
         Vir:  -0.00000000  -0.00000000
Number of electrons in the active space:  82

 The density matrix is idempotent!

 The density matrix is idempotent!


******** <class 'pyscf.scf.hf.RHF'> ********
method = RHF
initial guess = minao
damping factor = 0
level_shift factor = 0
DIIS = <class 'pyscf.scf.diis.CDIIS'>
diis_start_cycle = 1
diis_space = 8
SCF conv_tol = 1e-09
SCF conv_tol_grad = 1e-05
SCF max_cycles = 200
direct_scf = True
direct_scf_tol = 1e-13
chkfile to save SCF result = subsys_scf.chk
max_memory 900000 MB (current use 8559 MB)
init E= -212.784977733027
  HOMO = -0.418454218231067  LUMO = 0.133866091435921
cycle= 1 E= -212.784978557785  delta_E= -8.25e-07  |g|= 2.53e-06  |ddm|= 7.15e-06
  HOMO = -0.418453766209988  LUMO = 0.133866469975223
cycle= 2 E= -212.784978557751  delta_E= 3.41e-11  |g|= 1.59e-06  |ddm|= 4.55e-06
  HOMO = -0.418453993375631  LUMO = 0.133866269766381
Extra cycle  E= -212.784978557449  delta_E= 3.02e-10  |g|= 1.03e-06  |ddm|= 2.91e-06
converged SCF energy = -212.784978557449
Difference in energy:  -3.529171374339057e-07
E(MP2) = -214.318856992221  E_corr = -1.53387843477212
Total energy =  -581.833026768041
time elapsed:  43.73498606681824
