

******** <class 'pyscf.scf.hf.RHF'> ********
method = RHF
initial guess = minao
damping factor = 0
level_shift factor = 0
DIIS = <class 'pyscf.scf.diis.CDIIS'>
diis_start_cycle = 1
diis_space = 8
SCF conv_tol = 1e-09
SCF conv_tol_grad = 1e-05
SCF max_cycles = 1000
direct_scf = True
direct_scf_tol = 1e-13
chkfile to save SCF result = scf.fchk
max_memory 900000 MB (current use 79 MB)
init E= -582.148227897021
  HOMO = -0.268614363139052  LUMO = 0.0149296813395392
cycle= 1 E= -580.049062631813  delta_E=  2.1  |g|= 0.967  |ddm|= 5.16
  HOMO = -0.327267320724619  LUMO = 0.0997657009841855
cycle= 2 E= -580.216283062181  delta_E= -0.167  |g|= 0.667  |ddm|= 1.23
  HOMO = -0.401295210164269  LUMO = 0.133994546614196
cycle= 3 E= -580.298619247701  delta_E= -0.0823  |g|= 0.14  |ddm|= 0.615
  HOMO = -0.395227656401655  LUMO = 0.146540255939371
cycle= 4 E= -580.304056528745  delta_E= -0.00544  |g|= 0.0447  |ddm|= 0.142
  HOMO = -0.402420657899892  LUMO = 0.145197068956211
cycle= 5 E= -580.304526347018  delta_E= -0.00047  |g|= 0.0107  |ddm|= 0.0532
  HOMO = -0.40345250339206  LUMO = 0.145131554023462
cycle= 6 E= -580.304582641826  delta_E= -5.63e-05  |g|= 0.00424  |ddm|= 0.0195
  HOMO = -0.403731794894549  LUMO = 0.145678670145609
cycle= 7 E= -580.304597080475  delta_E= -1.44e-05  |g|= 0.00165  |ddm|= 0.0128
  HOMO = -0.404192838268198  LUMO = 0.145591396780865
cycle= 8 E= -580.304598906827  delta_E= -1.83e-06  |g|= 0.000448  |ddm|= 0.00461
  HOMO = -0.404210231958968  LUMO = 0.145619380946328
cycle= 9 E= -580.304599044339  delta_E= -1.38e-07  |g|= 8.79e-05  |ddm|= 0.00118
  HOMO = -0.404198481182918  LUMO = 0.145620777894604
cycle= 10 E= -580.304599049185  delta_E= -4.85e-09  |g|= 3.05e-05  |ddm|= 0.000176
  HOMO = -0.404204841274078  LUMO = 0.145613999543375
cycle= 11 E= -580.304599049589  delta_E= -4.04e-10  |g|= 9.35e-06  |ddm|= 4.62e-05
  HOMO = -0.404202270664602  LUMO = 0.14561596178392
Extra cycle  E= -580.304599049641  delta_E= -5.16e-11  |g|= 5.02e-06  |ddm|= 1.57e-05
converged SCF energy = -580.304599049641
AOs:  [0, 1, 2, 3, 4, 5, 6, 7, 8, 9, 10, 11, 12, 13, 14, 15, 16, 17, 18, 19, 20, 21, 22, 23, 24, 25, 26, 27, 28, 29, 30, 31, 32, 33, 34, 35, 36, 37, 38, 39, 40, 41, 42, 43, 44, 45, 46, 47, 48, 49, 50, 51, 52, 53, 54, 55, 56, 57, 58, 59, 60, 61, 62, 63, 64, 65, 66, 67, 68, 69, 70, 71, 72, 73, 74, 75, 76, 77, 78, 79, 80, 81, 82, 83, 84, 85, 86, 87, 88, 89, 90, 91, 92, 93, 94, 95, 96, 97, 98, 99, 100, 101, 102, 103, 104, 105, 106, 107, 108, 109, 110, 111, 112, 113, 114, 115, 116, 117, 118, 119, 120, 121, 122, 123, 124, 125, 126, 127, 128, 129, 130, 131, 132, 133, 134, 135, 136, 137, 138, 139, 140, 141, 142, 143, 144, 145, 146, 147, 148, 149, 150, 151, 152, 153, 154, 155, 156, 157, 158, 159, 160, 161, 162, 163, 164, 165, 166, 167, 168, 169, 170, 171, 172, 173, 174, 175, 176, 177, 178, 179, 180, 181, 182, 183, 184, 185, 186, 187, 188, 189, 190, 191, 192, 193, 194, 195, 196, 197, 198, 199, 200, 201, 202, 203, 204]
205
Number of Active MOs:  41
Number of Environment MOs:  12
Number of Virtual MOs:  249
 # electrons:            α            β
         Env:  12.00000000  12.00000000
         Act:  41.00000000  41.00000000
         Vir:  -0.00000000  -0.00000000
Number of electrons in the active space:  82

 The density matrix is idempotent!

 The density matrix is idempotent!


******** <class 'pyscf.scf.hf.RHF'> ********
method = RHF
initial guess = minao
damping factor = 0
level_shift factor = 0
DIIS = <class 'pyscf.scf.diis.CDIIS'>
diis_start_cycle = 1
diis_space = 8
SCF conv_tol = 1e-09
SCF conv_tol_grad = 1e-05
SCF max_cycles = 200
direct_scf = True
direct_scf_tol = 1e-13
chkfile to save SCF result = subsys_scf.chk
max_memory 900000 MB (current use 8559 MB)
init E= -214.143311149967
  HOMO = -0.407423898700181  LUMO = 0.145614942001153
cycle= 1 E= -214.143311976364  delta_E= -8.26e-07  |g|= 2.97e-06  |ddm|= 8.31e-06
  HOMO = -0.407423293816846  LUMO = 0.145615320680275
cycle= 2 E= -214.143311976523  delta_E= -1.6e-10  |g|= 1.93e-06  |ddm|= 5.43e-06
  HOMO = -0.407423594602353  LUMO = 0.145615130034412
Extra cycle  E= -214.143311976695  delta_E= -1.72e-10  |g|= 1.27e-06  |ddm|= 3.55e-06
converged SCF energy = -214.143311976695
Difference in energy:  3.158205311137863e-07
E(MP2) = -215.67512150038  E_corr = -1.53180952368554
Total energy =  -581.8364085738299
time elapsed:  44.81405568122864
