

******** <class 'pyscf.scf.hf.RHF'> ********
method = RHF
initial guess = minao
damping factor = 0
level_shift factor = 0
DIIS = <class 'pyscf.scf.diis.CDIIS'>
diis_start_cycle = 1
diis_space = 8
SCF conv_tol = 1e-09
SCF conv_tol_grad = 1e-05
SCF max_cycles = 1000
direct_scf = True
direct_scf_tol = 1e-13
chkfile to save SCF result = scf.fchk
max_memory 900000 MB (current use 79 MB)
init E= -582.142773559818
  HOMO = -0.268584904310523  LUMO = 0.0150056656949228
cycle= 1 E= -580.043667712019  delta_E=  2.1  |g|= 0.974  |ddm|= 5.16
  HOMO = -0.319339611497504  LUMO = 0.104235947733071
cycle= 2 E= -580.211149334195  delta_E= -0.167  |g|= 0.679  |ddm|= 1.26
  HOMO = -0.397878748674164  LUMO = 0.137024958508975
cycle= 3 E= -580.296348625989  delta_E= -0.0852  |g|= 0.139  |ddm|= 0.632
  HOMO = -0.392418427606088  LUMO = 0.148974843102379
cycle= 4 E= -580.301818066818  delta_E= -0.00547  |g|= 0.0445  |ddm|= 0.143
  HOMO = -0.399427732282718  LUMO = 0.147895124759627
cycle= 5 E= -580.302288260079  delta_E= -0.00047  |g|= 0.0109  |ddm|= 0.0537
  HOMO = -0.400496424115734  LUMO = 0.147813427567451
cycle= 6 E= -580.302346369146  delta_E= -5.81e-05  |g|= 0.00433  |ddm|= 0.02
  HOMO = -0.400825367251332  LUMO = 0.148348231681532
cycle= 7 E= -580.302361536087  delta_E= -1.52e-05  |g|= 0.00166  |ddm|= 0.0134
  HOMO = -0.401298797630669  LUMO = 0.148262584008248
cycle= 8 E= -580.302363386774  delta_E= -1.85e-06  |g|= 0.00045  |ddm|= 0.00469
  HOMO = -0.401316930617489  LUMO = 0.148290397679603
cycle= 9 E= -580.302363523366  delta_E= -1.37e-07  |g|= 8.89e-05  |ddm|= 0.00117
  HOMO = -0.401304332716074  LUMO = 0.148291686712855
cycle= 10 E= -580.302363528288  delta_E= -4.92e-09  |g|= 3.09e-05  |ddm|= 0.000179
  HOMO = -0.401310975715827  LUMO = 0.148284867450871
cycle= 11 E= -580.302363528702  delta_E= -4.14e-10  |g|= 9.5e-06  |ddm|= 4.69e-05
  HOMO = -0.401308327919332  LUMO = 0.148286799652904
Extra cycle  E= -580.302363528754  delta_E= -5.16e-11  |g|= 5.12e-06  |ddm|= 1.61e-05
converged SCF energy = -580.302363528754
AOs:  [0, 1, 2, 3, 4, 5, 6, 7, 8, 9, 10, 11, 12, 13, 14, 15, 16, 17, 18, 19, 20, 21, 22, 23, 24, 25, 26, 27, 28, 29, 30, 31, 32, 33, 34, 35, 36, 37, 38, 39, 40, 41, 42, 43, 44, 45, 46, 47, 48, 49, 50, 51, 52, 53, 54, 55, 56, 57, 58, 59, 60, 61, 62, 63, 64, 65, 66, 67, 68, 69, 70, 71, 72, 73, 74, 75, 76, 77, 78, 79, 80, 81, 82, 83, 84, 85, 86, 87, 88, 89, 90, 91, 92, 93, 94, 95, 96, 97, 98, 99, 100, 101, 102, 103, 104, 105, 106, 107, 108, 109, 110, 111, 112, 113, 114, 115, 116, 117, 118, 119, 120, 121, 122, 123, 124, 125, 126, 127, 128, 129, 130, 131, 132, 133, 134, 135, 136, 137, 138, 139, 140, 141, 142, 143, 144, 145, 146, 147, 148, 149, 150, 151, 152, 153, 154, 155, 156, 157, 158, 159, 160, 161, 162, 163, 164, 165, 166, 167, 168, 169, 170, 171, 172, 173, 174, 175, 176, 177, 178, 179, 180, 181, 182, 183, 184, 185, 186, 187, 188, 189, 190, 191, 192, 193, 194, 195, 196, 197, 198, 199, 200, 201, 202, 203, 204]
205
Number of Active MOs:  41
Number of Environment MOs:  12
Number of Virtual MOs:  249
 # electrons:            α            β
         Env:  12.00000000  12.00000000
         Act:  41.00000000  41.00000000
         Vir:  -0.00000000  -0.00000000
Number of electrons in the active space:  82

 The density matrix is idempotent!

 The density matrix is idempotent!


******** <class 'pyscf.scf.hf.RHF'> ********
method = RHF
initial guess = minao
damping factor = 0
level_shift factor = 0
DIIS = <class 'pyscf.scf.diis.CDIIS'>
diis_start_cycle = 1
diis_space = 8
SCF conv_tol = 1e-09
SCF conv_tol_grad = 1e-05
SCF max_cycles = 200
direct_scf = True
direct_scf_tol = 1e-13
chkfile to save SCF result = subsys_scf.chk
max_memory 900000 MB (current use 8559 MB)
init E= -214.905440557923
  HOMO = -0.404340793396318  LUMO = 0.14828580378028
cycle= 1 E= -214.905441384962  delta_E= -8.27e-07  |g|= 3.04e-06  |ddm|= 8.51e-06
  HOMO = -0.40434018654008  LUMO = 0.148286165976425
cycle= 2 E= -214.905441385037  delta_E= -7.47e-11  |g|= 1.98e-06  |ddm|= 5.58e-06
  HOMO = -0.404340487291357  LUMO = 0.148285982694299
Extra cycle  E= -214.905441384923  delta_E= 1.14e-10  |g|= 1.31e-06  |ddm|= 3.66e-06
converged SCF energy = -214.905441384923
Difference in energy:  -8.104181688395329e-08
E(MP2) = -216.437002163345  E_corr = -1.53156077842211
Total energy =  -581.8339243070468
time elapsed:  45.35071134567261
