

******** <class 'pyscf.scf.hf.RHF'> ********
method = RHF
initial guess = minao
damping factor = 0
level_shift factor = 0
DIIS = <class 'pyscf.scf.diis.CDIIS'>
diis_start_cycle = 1
diis_space = 8
SCF conv_tol = 1e-09
SCF conv_tol_grad = 1e-05
SCF max_cycles = 1000
direct_scf = True
direct_scf_tol = 1e-13
chkfile to save SCF result = scf.fchk
max_memory 900000 MB (current use 79 MB)
init E= -582.141395400382
  HOMO = -0.268577366607744  LUMO = 0.0150331769243308
cycle= 1 E= -580.041348556754  delta_E=  2.1  |g|= 0.977  |ddm|= 5.16
  HOMO = -0.316134655235331  LUMO = 0.106040642115317
cycle= 2 E= -580.209046626103  delta_E= -0.168  |g|= 0.683  |ddm|= 1.27
  HOMO = -0.39639102201026  LUMO = 0.138323329127107
cycle= 3 E= -580.295359745141  delta_E= -0.0863  |g|= 0.139  |ddm|= 0.638
  HOMO = -0.391196431485615  LUMO = 0.150014372925098
cycle= 4 E= -580.300838952366  delta_E= -0.00548  |g|= 0.0444  |ddm|= 0.143
  HOMO = -0.398131568821835  LUMO = 0.149039982185175
cycle= 5 E= -580.301310355599  delta_E= -0.000471  |g|= 0.011  |ddm|= 0.0539
  HOMO = -0.399216186943956  LUMO = 0.148951577589924
cycle= 6 E= -580.301369254953  delta_E= -5.89e-05  |g|= 0.00437  |ddm|= 0.0202
  HOMO = -0.399565858193703  LUMO = 0.149480407594059
cycle= 7 E= -580.301384730742  delta_E= -1.55e-05  |g|= 0.00166  |ddm|= 0.0136
  HOMO = -0.400044043110281  LUMO = 0.149396099628457
cycle= 8 E= -580.30138659462  delta_E= -1.86e-06  |g|= 0.000451  |ddm|= 0.00472
  HOMO = -0.400062522436932  LUMO = 0.149423772272937
cycle= 9 E= -580.30138673087  delta_E= -1.36e-07  |g|= 8.94e-05  |ddm|= 0.00116
  HOMO = -0.400049564584113  LUMO = 0.149425032746037
cycle= 10 E= -580.301386735827  delta_E= -4.96e-09  |g|= 3.11e-05  |ddm|= 0.00018
  HOMO = -0.40005631803773  LUMO = 0.149418209980453
cycle= 11 E= -580.301386736245  delta_E= -4.18e-10  |g|= 9.55e-06  |ddm|= 4.72e-05
  HOMO = -0.400053640674809  LUMO = 0.149420126143612
Extra cycle  E= -580.301386736298  delta_E= -5.28e-11  |g|= 5.15e-06  |ddm|= 1.63e-05
converged SCF energy = -580.301386736298
AOs:  [0, 1, 2, 3, 4, 5, 6, 7, 8, 9, 10, 11, 12, 13, 14, 15, 16, 17, 18, 19, 20, 21, 22, 23, 24, 25, 26, 27, 28, 29, 30, 31, 32, 33, 34, 35, 36, 37, 38, 39, 40, 41, 42, 43, 44, 45, 46, 47, 48, 49, 50, 51, 52, 53, 54, 55, 56, 57, 58, 59, 60, 61, 62, 63, 64, 65, 66, 67, 68, 69, 70, 71, 72, 73, 74, 75, 76, 77, 78, 79, 80, 81, 82, 83, 84, 85, 86, 87, 88, 89, 90, 91, 92, 93, 94, 95, 96, 97, 98, 99, 100, 101, 102, 103, 104, 105, 106, 107, 108, 109, 110, 111, 112, 113, 114, 115, 116, 117, 118, 119, 120, 121, 122, 123, 124, 125, 126, 127, 128, 129, 130, 131, 132, 133, 134, 135, 136, 137, 138, 139, 140, 141, 142, 143, 144, 145, 146, 147, 148, 149, 150, 151, 152, 153, 154, 155, 156, 157, 158, 159, 160, 161, 162, 163, 164, 165, 166, 167, 168, 169, 170, 171, 172, 173, 174, 175, 176, 177, 178, 179, 180, 181, 182, 183, 184, 185, 186, 187, 188, 189, 190, 191, 192, 193, 194, 195, 196, 197, 198, 199, 200, 201, 202, 203, 204]
205
Number of Active MOs:  41
Number of Environment MOs:  12
Number of Virtual MOs:  249
 # electrons:            α            β
         Env:  12.00000000  12.00000000
         Act:  41.00000000  41.00000000
         Vir:   0.00000000   0.00000000
Number of electrons in the active space:  82

 The density matrix is idempotent!

 The density matrix is idempotent!


******** <class 'pyscf.scf.hf.RHF'> ********
method = RHF
initial guess = minao
damping factor = 0
level_shift factor = 0
DIIS = <class 'pyscf.scf.diis.CDIIS'>
diis_start_cycle = 1
diis_space = 8
SCF conv_tol = 1e-09
SCF conv_tol_grad = 1e-05
SCF max_cycles = 200
direct_scf = True
direct_scf_tol = 1e-13
chkfile to save SCF result = subsys_scf.chk
max_memory 900000 MB (current use 8558 MB)
init E= -215.390529233949
  HOMO = -0.403011962168371  LUMO = 0.149419141998129
cycle= 1 E= -215.390530061183  delta_E= -8.27e-07  |g|= 3.06e-06  |ddm|= 8.58e-06
  HOMO = -0.403011356258914  LUMO = 0.149419496680945
cycle= 2 E= -215.390530061121  delta_E= 6.2e-11  |g|= 2e-06  |ddm|= 5.64e-06
  HOMO = -0.403011655721465  LUMO = 0.149419316701287
Extra cycle  E= -215.390530061144  delta_E= -2.26e-11  |g|= 1.32e-06  |ddm|= 3.7e-06
converged SCF energy = -215.390530061144
Difference in energy:  -5.357606028155715e-08
E(MP2) = -216.922032903599  E_corr = -1.53150284245544
Total energy =  -581.8328895786678
time elapsed:  45.04912352561951
