

******** <class 'pyscf.scf.hf.RHF'> ********
method = RHF
initial guess = minao
damping factor = 0
level_shift factor = 0
DIIS = <class 'pyscf.scf.diis.CDIIS'>
diis_start_cycle = 1
diis_space = 8
SCF conv_tol = 1e-09
SCF conv_tol_grad = 1e-05
SCF max_cycles = 1000
direct_scf = True
direct_scf_tol = 1e-13
chkfile to save SCF result = scf.fchk
max_memory 900000 MB (current use 79 MB)
init E= -582.175507304619
  HOMO = -0.268845095163027  LUMO = 0.0145692562741001
cycle= 1 E= -580.055253246916  delta_E= 2.12  |g|= 0.955  |ddm|= 5.16
  HOMO = -0.342610278255996  LUMO = 0.089936603692684
cycle= 2 E= -580.223869413858  delta_E= -0.169  |g|= 0.643  |ddm|= 1.18
  HOMO = -0.407146937607779  LUMO = 0.128496754246806
cycle= 3 E= -580.300409484492  delta_E= -0.0765  |g|= 0.139  |ddm|= 0.58
  HOMO = -0.400118970193399  LUMO = 0.141994441927054
cycle= 4 E= -580.305748838088  delta_E= -0.00534  |g|= 0.046  |ddm|= 0.142
  HOMO = -0.407696692059052  LUMO = 0.140100197434696
cycle= 5 E= -580.306232175602  delta_E= -0.000483  |g|= 0.0105  |ddm|= 0.0524
  HOMO = -0.408691347417336  LUMO = 0.140047009320526
cycle= 6 E= -580.306285528236  delta_E= -5.34e-05  |g|= 0.00409  |ddm|= 0.0186
  HOMO = -0.408890492357113  LUMO = 0.140600954845187
cycle= 7 E= -580.306298662008  delta_E= -1.31e-05  |g|= 0.00164  |ddm|= 0.0118
  HOMO = -0.40932247305953  LUMO = 0.140520405268153
cycle= 8 E= -580.306300465002  delta_E= -1.8e-06  |g|= 0.000445  |ddm|= 0.00449
  HOMO = -0.409340270143605  LUMO = 0.140546141515109
cycle= 9 E= -580.306300602696  delta_E= -1.38e-07  |g|= 8.66e-05  |ddm|= 0.00118
  HOMO = -0.40932951010724  LUMO = 0.140548272613212
cycle= 10 E= -580.306300607427  delta_E= -4.73e-09  |g|= 3.02e-05  |ddm|= 0.000173
  HOMO = -0.409335504080509  LUMO = 0.14054145399793
cycle= 11 E= -580.306300607821  delta_E= -3.94e-10  |g|= 8.99e-06  |ddm|= 4.52e-05
  HOMO = -0.409333130311531  LUMO = 0.140543400467889
Extra cycle  E= -580.306300607868  delta_E= -4.73e-11  |g|= 4.78e-06  |ddm|= 1.5e-05
converged SCF energy = -580.306300607868
AOs:  [0, 1, 2, 3, 4, 5, 6, 7, 8, 9, 10, 11, 12, 13, 14, 15, 16, 17, 18, 19, 20, 21, 22, 23, 24, 25, 26, 27, 28, 29, 30, 31, 32, 33, 34, 35, 36, 37, 38, 39, 40, 41, 42, 43, 44, 45, 46, 47, 48, 49, 50, 51]
52
Number of Active MOs:  13
Number of Environment MOs:  40
Number of Virtual MOs:  249
 # electrons:            α            β
         Env:  40.00000000  40.00000000
         Act:  13.00000000  13.00000000
         Vir:  -0.00000000  -0.00000000
Number of electrons in the active space:  26

 The density matrix is idempotent!

 The density matrix is idempotent!


******** <class 'pyscf.scf.hf.RHF'> ********
method = RHF
initial guess = minao
damping factor = 0
level_shift factor = 0
DIIS = <class 'pyscf.scf.diis.CDIIS'>
diis_start_cycle = 1
diis_space = 8
SCF conv_tol = 1e-09
SCF conv_tol_grad = 1e-05
SCF max_cycles = 200
direct_scf = True
direct_scf_tol = 1e-13
chkfile to save SCF result = subsys_scf.chk
max_memory 900000 MB (current use 8559 MB)
init E= 525.792605934374
  HOMO = -0.453702550588292  LUMO = 0.140542355577872
cycle= 1 E= 525.792602463907  delta_E= -3.47e-06  |g|= 2.6e-06  |ddm|= 6.57e-06
  HOMO = -0.453702825482888  LUMO = 0.140542506144818
cycle= 2 E= 525.792602464007  delta_E= 1e-10  |g|= 1.52e-06  |ddm|= 3.74e-06
  HOMO = -0.453702710715955  LUMO = 0.140542485491813
Extra cycle  E= 525.792602463964  delta_E= -4.27e-11  |g|= 9.4e-07  |ddm|= 2.34e-06
converged SCF energy = 525.792602463964
Difference in energy:  -2.3328058205152046e-08
E(MP2) = 525.311898829233  E_corr = -0.480703634731694
Total energy =  -580.7870042425627
time elapsed:  43.794671058654785
