

******** <class 'pyscf.scf.hf.RHF'> ********
method = RHF
initial guess = minao
damping factor = 0
level_shift factor = 0
DIIS = <class 'pyscf.scf.diis.CDIIS'>
diis_start_cycle = 1
diis_space = 8
SCF conv_tol = 1e-09
SCF conv_tol_grad = 1e-05
SCF max_cycles = 1000
direct_scf = True
direct_scf_tol = 1e-13
chkfile to save SCF result = scf.fchk
max_memory 900000 MB (current use 79 MB)
init E= -582.160911438586
  HOMO = -0.268706474504574  LUMO = 0.01477517788333
cycle= 1 E= -580.053615776604  delta_E= 2.11  |g|= 0.96  |ddm|= 5.16
  HOMO = -0.336568141933915  LUMO = 0.094233632153618
cycle= 2 E= -580.221329486341  delta_E= -0.168  |g|= 0.653  |ddm|=  1.2
  HOMO = -0.404814440168059  LUMO = 0.130747575240156
cycle= 3 E= -580.300269308303  delta_E= -0.0789  |g|= 0.139  |ddm|= 0.595
  HOMO = -0.398143753365223  LUMO = 0.143885800874251
cycle= 4 E= -580.305653956172  delta_E= -0.00538  |g|= 0.0453  |ddm|= 0.142
  HOMO = -0.405563247190339  LUMO = 0.142225178290261
cycle= 5 E= -580.306129322317  delta_E= -0.000475  |g|= 0.0106  |ddm|= 0.0527
  HOMO = -0.406567067834098  LUMO = 0.1421701392348
cycle= 6 E= -580.306183826581  delta_E= -5.45e-05  |g|= 0.00415  |ddm|= 0.0189
  HOMO = -0.406797201202411  LUMO = 0.142723800840949
cycle= 7 E= -580.30619749251  delta_E= -1.37e-05  |g|= 0.00164  |ddm|= 0.0122
  HOMO = -0.40724205203258  LUMO = 0.142638876779705
cycle= 8 E= -580.306199302305  delta_E= -1.81e-06  |g|= 0.000446  |ddm|= 0.00454
  HOMO = -0.407259305981054  LUMO = 0.142666050007247
cycle= 9 E= -580.306199440186  delta_E= -1.38e-07  |g|= 8.7e-05  |ddm|= 0.00118
  HOMO = -0.407248246250394  LUMO = 0.142667775112075
cycle= 10 E= -580.306199444958  delta_E= -4.77e-09  |g|= 3.02e-05  |ddm|= 0.000174
  HOMO = -0.407254358535922  LUMO = 0.142661002694094
cycle= 11 E= -580.306199445356  delta_E= -3.98e-10  |g|= 9.16e-06  |ddm|= 4.56e-05
  HOMO = -0.407251893915399  LUMO = 0.142662968830861
Extra cycle  E= -580.306199445404  delta_E= -4.77e-11  |g|= 4.89e-06  |ddm|= 1.53e-05
converged SCF energy = -580.306199445404
AOs:  [0, 1, 2, 3, 4, 5, 6, 7, 8, 9, 10, 11, 12, 13, 14, 15, 16, 17, 18, 19, 20, 21, 22, 23, 24, 25, 26, 27, 28, 29, 30, 31, 32, 33, 34, 35, 36, 37, 38, 39, 40, 41, 42, 43, 44, 45, 46, 47, 48, 49, 50, 51]
52
Number of Active MOs:  13
Number of Environment MOs:  40
Number of Virtual MOs:  249
 # electrons:            α            β
         Env:  40.00000000  40.00000000
         Act:  13.00000000  13.00000000
         Vir:  -0.00000000  -0.00000000
Number of electrons in the active space:  26

 The density matrix is idempotent!

 The density matrix is idempotent!


******** <class 'pyscf.scf.hf.RHF'> ********
method = RHF
initial guess = minao
damping factor = 0
level_shift factor = 0
DIIS = <class 'pyscf.scf.diis.CDIIS'>
diis_start_cycle = 1
diis_space = 8
SCF conv_tol = 1e-09
SCF conv_tol_grad = 1e-05
SCF max_cycles = 200
direct_scf = True
direct_scf_tol = 1e-13
chkfile to save SCF result = subsys_scf.chk
max_memory 900000 MB (current use 8559 MB)
init E= 524.033013076197
  HOMO = -0.459682699538422  LUMO = 0.142661931240617
cycle= 1 E= 524.033009601348  delta_E= -3.47e-06  |g|= 2.67e-06  |ddm|= 6.76e-06
  HOMO = -0.459682998427333  LUMO = 0.142662079310792
cycle= 2 E= 524.033009601286  delta_E= -6.14e-11  |g|= 1.58e-06  |ddm|= 3.87e-06
  HOMO = -0.459682866781243  LUMO = 0.142662056111931
Extra cycle  E= 524.033009601284  delta_E= -2.27e-12  |g|= 9.79e-07  |ddm|= 2.42e-06
converged SCF energy = 524.033009601284
Difference in energy:  1.3119357504365324e-07
E(MP2) = 523.552612023457  E_corr = -0.480397577827318
Total energy =  -580.7865970234404
time elapsed:  36.730398654937744
