

******** <class 'pyscf.scf.hf.RHF'> ********
method = RHF
initial guess = minao
damping factor = 0
level_shift factor = 0
DIIS = <class 'pyscf.scf.diis.CDIIS'>
diis_start_cycle = 1
diis_space = 8
SCF conv_tol = 1e-09
SCF conv_tol_grad = 1e-05
SCF max_cycles = 1000
direct_scf = True
direct_scf_tol = 1e-13
chkfile to save SCF result = scf.fchk
max_memory 900000 MB (current use 79 MB)
init E= -582.152796084336
  HOMO = -0.268643530059691  LUMO = 0.0148760783598161
cycle= 1 E= -580.051354489276  delta_E=  2.1  |g|= 0.964  |ddm|= 5.16
  HOMO = -0.331351280639721  LUMO = 0.0973914941140915
cycle= 2 E= -580.21867949474  delta_E= -0.167  |g|= 0.661  |ddm|= 1.22
  HOMO = -0.402891258538102  LUMO = 0.132541250555652
cycle= 3 E= -580.299518379746  delta_E= -0.0808  |g|= 0.139  |ddm|= 0.606
  HOMO = -0.396546509309324  LUMO = 0.14535916585288
cycle= 4 E= -580.304934129529  delta_E= -0.00542  |g|= 0.0449  |ddm|= 0.142
  HOMO = -0.403837449510105  LUMO = 0.143878041202545
cycle= 5 E= -580.305405527988  delta_E= -0.000471  |g|= 0.0107  |ddm|= 0.053
  HOMO = -0.404854839483648  LUMO = 0.143818344756179
cycle= 6 E= -580.305460995426  delta_E= -5.55e-05  |g|= 0.0042  |ddm|= 0.0192
  HOMO = -0.405111454662723  LUMO = 0.144369306412515
cycle= 7 E= -580.305475085608  delta_E= -1.41e-05  |g|= 0.00165  |ddm|= 0.0126
  HOMO = -0.405565598473631  LUMO = 0.144282514235863
cycle= 8 E= -580.305476903265  delta_E= -1.82e-06  |g|= 0.000447  |ddm|= 0.00458
  HOMO = -0.405582812802906  LUMO = 0.144310302469507
cycle= 9 E= -580.305477041042  delta_E= -1.38e-07  |g|= 8.74e-05  |ddm|= 0.00118
  HOMO = -0.405571408509038  LUMO = 0.144311811700685
cycle= 10 E= -580.305477045855  delta_E= -4.81e-09  |g|= 3.03e-05  |ddm|= 0.000175
  HOMO = -0.405577647050126  LUMO = 0.144305044959925
cycle= 11 E= -580.305477046257  delta_E= -4.02e-10  |g|= 9.27e-06  |ddm|= 4.59e-05
  HOMO = -0.405575120651834  LUMO = 0.144307013266582
Extra cycle  E= -580.305477046307  delta_E= -4.98e-11  |g|= 4.97e-06  |ddm|= 1.55e-05
converged SCF energy = -580.305477046307
AOs:  [0, 1, 2, 3, 4, 5, 6, 7, 8, 9, 10, 11, 12, 13, 14, 15, 16, 17, 18, 19, 20, 21, 22, 23, 24, 25, 26, 27, 28, 29, 30, 31, 32, 33, 34, 35, 36, 37, 38, 39, 40, 41, 42, 43, 44, 45, 46, 47, 48, 49, 50, 51]
52
Number of Active MOs:  13
Number of Environment MOs:  40
Number of Virtual MOs:  249
 # electrons:            α            β
         Env:  40.00000000  40.00000000
         Act:  13.00000000  13.00000000
         Vir:  -0.00000000  -0.00000000
Number of electrons in the active space:  26

 The density matrix is idempotent!

 The density matrix is idempotent!


******** <class 'pyscf.scf.hf.RHF'> ********
method = RHF
initial guess = minao
damping factor = 0
level_shift factor = 0
DIIS = <class 'pyscf.scf.diis.CDIIS'>
diis_start_cycle = 1
diis_space = 8
SCF conv_tol = 1e-09
SCF conv_tol_grad = 1e-05
SCF max_cycles = 200
direct_scf = True
direct_scf_tol = 1e-13
chkfile to save SCF result = subsys_scf.chk
max_memory 900000 MB (current use 8559 MB)
init E= 522.359888291048
  HOMO = -0.464277229937925  LUMO = 0.144305984355818
cycle= 1 E= 522.359884812243  delta_E= -3.48e-06  |g|= 2.73e-06  |ddm|= 6.91e-06
  HOMO = -0.464277543321484  LUMO = 0.144306128123092
cycle= 2 E= 522.359884812252  delta_E= 9.21e-12  |g|= 1.62e-06  |ddm|= 3.95e-06
  HOMO = -0.464277399315274  LUMO = 0.144306104117736
Extra cycle  E= 522.359884812292  delta_E= 4.01e-11  |g|= 1.01e-06  |ddm|= 2.49e-06
converged SCF energy = 522.359884812292
Difference in energy:  2.578214139248303e-07
E(MP2) = 521.879681100318  E_corr = -0.480203711974371
Total energy =  -580.7856807586919
time elapsed:  35.18973231315613
