

******** <class 'pyscf.scf.hf.RHF'> ********
method = RHF
initial guess = minao
damping factor = 0
level_shift factor = 0
DIIS = <class 'pyscf.scf.diis.CDIIS'>
diis_start_cycle = 1
diis_space = 8
SCF conv_tol = 1e-09
SCF conv_tol_grad = 1e-05
SCF max_cycles = 1000
direct_scf = True
direct_scf_tol = 1e-13
chkfile to save SCF result = scf.fchk
max_memory 900000 MB (current use 79 MB)
init E= -582.148227897021
  HOMO = -0.268614363139051  LUMO = 0.0149296813395358
cycle= 1 E= -580.049062631812  delta_E=  2.1  |g|= 0.967  |ddm|= 5.16
  HOMO = -0.327267320724623  LUMO = 0.0997657009841701
cycle= 2 E= -580.21628306218  delta_E= -0.167  |g|= 0.667  |ddm|= 1.23
  HOMO = -0.401295210164271  LUMO = 0.133994546614189
cycle= 3 E= -580.298619247701  delta_E= -0.0823  |g|= 0.14  |ddm|= 0.615
  HOMO = -0.395227656401652  LUMO = 0.146540255939398
cycle= 4 E= -580.304056528745  delta_E= -0.00544  |g|= 0.0447  |ddm|= 0.142
  HOMO = -0.402420657899889  LUMO = 0.145197068956212
cycle= 5 E= -580.304526347017  delta_E= -0.00047  |g|= 0.0107  |ddm|= 0.0532
  HOMO = -0.403452503392053  LUMO = 0.145131554023457
cycle= 6 E= -580.304582641826  delta_E= -5.63e-05  |g|= 0.00424  |ddm|= 0.0195
  HOMO = -0.403731794894575  LUMO = 0.145678670145678
cycle= 7 E= -580.304597080476  delta_E= -1.44e-05  |g|= 0.00165  |ddm|= 0.0128
  HOMO = -0.40419283826819  LUMO = 0.145591396780883
cycle= 8 E= -580.304598906825  delta_E= -1.83e-06  |g|= 0.000448  |ddm|= 0.00461
  HOMO = -0.404210231958973  LUMO = 0.145619380946332
cycle= 9 E= -580.304599044338  delta_E= -1.38e-07  |g|= 8.79e-05  |ddm|= 0.00118
  HOMO = -0.40419848118293  LUMO = 0.145620777894586
cycle= 10 E= -580.304599049185  delta_E= -4.85e-09  |g|= 3.05e-05  |ddm|= 0.000176
  HOMO = -0.404204841274074  LUMO = 0.145613999543365
cycle= 11 E= -580.304599049589  delta_E= -4.04e-10  |g|= 9.35e-06  |ddm|= 4.62e-05
  HOMO = -0.404202270664609  LUMO = 0.145615961783912
Extra cycle  E= -580.30459904964  delta_E= -5.07e-11  |g|= 5.02e-06  |ddm|= 1.57e-05
converged SCF energy = -580.30459904964
AOs:  [0, 1, 2, 3, 4, 5, 6, 7, 8, 9, 10, 11, 12, 13, 14, 15, 16, 17, 18, 19, 20, 21, 22, 23, 24, 25, 26, 27, 28, 29, 30, 31, 32, 33, 34, 35, 36, 37, 38, 39, 40, 41, 42, 43, 44, 45, 46, 47, 48, 49, 50, 51]
52
Number of Active MOs:  13
Number of Environment MOs:  40
Number of Virtual MOs:  249
 # electrons:            α            β
         Env:  40.00000000  40.00000000
         Act:  13.00000000  13.00000000
         Vir:   0.00000000   0.00000000
Number of electrons in the active space:  26

 The density matrix is idempotent!

 The density matrix is idempotent!


******** <class 'pyscf.scf.hf.RHF'> ********
method = RHF
initial guess = minao
damping factor = 0
level_shift factor = 0
DIIS = <class 'pyscf.scf.diis.CDIIS'>
diis_start_cycle = 1
diis_space = 8
SCF conv_tol = 1e-09
SCF conv_tol_grad = 1e-05
SCF max_cycles = 200
direct_scf = True
direct_scf_tol = 1e-13
chkfile to save SCF result = subsys_scf.chk
max_memory 900000 MB (current use 8559 MB)
init E= 520.766618733007
  HOMO = -0.467913794192745  LUMO = 0.145614941375926
cycle= 1 E= 520.76661525112  delta_E= -3.48e-06  |g|= 2.76e-06  |ddm|= 7e-06
  HOMO = -0.467914116668684  LUMO = 0.145615081326115
cycle= 2 E= 520.766615251026  delta_E= -9.4e-11  |g|= 1.65e-06  |ddm|= 4.04e-06
  HOMO = -0.467913961411797  LUMO = 0.145615056487037
Extra cycle  E= 520.766615251078  delta_E= 5.16e-11  |g|= 1.03e-06  |ddm|= 2.54e-06
converged SCF energy = 520.766615251078
Difference in energy:  -1.11147139705281e-07
E(MP2) = 520.286550121209  E_corr = -0.480065129868984
Total energy =  -580.784664179332
time elapsed:  43.654582500457764
