

******** <class 'pyscf.scf.hf.RHF'> ********
method = RHF
initial guess = minao
damping factor = 0
level_shift factor = 0
DIIS = <class 'pyscf.scf.diis.CDIIS'>
diis_start_cycle = 1
diis_space = 8
SCF conv_tol = 1e-09
SCF conv_tol_grad = 1e-05
SCF max_cycles = 1000
direct_scf = True
direct_scf_tol = 1e-13
chkfile to save SCF result = scf.fchk
max_memory 900000 MB (current use 79 MB)
init E= -582.143885830728
  HOMO = -0.268590328682973  LUMO = 0.0149873676813255
cycle= 1 E= -580.045186875008  delta_E=  2.1  |g|= 0.972  |ddm|= 5.16
  HOMO = -0.321457932724115  LUMO = 0.103050712125563
cycle= 2 E= -580.212546407156  delta_E= -0.167  |g|= 0.676  |ddm|= 1.25
  HOMO = -0.398834834314422  LUMO = 0.136185630856696
cycle= 3 E= -580.296995086435  delta_E= -0.0844  |g|= 0.139  |ddm|= 0.628
  HOMO = -0.393201612763168  LUMO = 0.148304396218633
cycle= 4 E= -580.302457420488  delta_E= -0.00546  |g|= 0.0445  |ddm|= 0.142
  HOMO = -0.400260263294168  LUMO = 0.147154339628945
cycle= 5 E= -580.302927138437  delta_E= -0.00047  |g|= 0.0109  |ddm|= 0.0535
  HOMO = -0.401318246951254  LUMO = 0.147077391219992
cycle= 6 E= -580.302984738893  delta_E= -5.76e-05  |g|= 0.00431  |ddm|= 0.0199
  HOMO = -0.401633324124238  LUMO = 0.147616049610561
cycle= 7 E= -580.302999705213  delta_E= -1.5e-05  |g|= 0.00166  |ddm|= 0.0132
  HOMO = -0.402103605876647  LUMO = 0.147529642636858
cycle= 8 E= -580.30300154845  delta_E= -1.84e-06  |g|= 0.000449  |ddm|= 0.00467
  HOMO = -0.402121502215575  LUMO = 0.147557558445343
cycle= 9 E= -580.303001685324  delta_E= -1.37e-07  |g|= 8.86e-05  |ddm|= 0.00117
  HOMO = -0.402109147725361  LUMO = 0.147558865320659
cycle= 10 E= -580.303001690225  delta_E= -4.9e-09  |g|= 3.08e-05  |ddm|= 0.000178
  HOMO = -0.402115711330856  LUMO = 0.147552056587355
cycle= 11 E= -580.303001690635  delta_E= -4.09e-10  |g|= 9.46e-06  |ddm|= 4.67e-05
  HOMO = -0.402113083010286  LUMO = 0.14755399896248
Extra cycle  E= -580.303001690687  delta_E= -5.23e-11  |g|= 5.1e-06  |ddm|= 1.6e-05
converged SCF energy = -580.303001690687
AOs:  [0, 1, 2, 3, 4, 5, 6, 7, 8, 9, 10, 11, 12, 13, 14, 15, 16, 17, 18, 19, 20, 21, 22, 23, 24, 25, 26, 27, 28, 29, 30, 31, 32, 33, 34, 35, 36, 37, 38, 39, 40, 41, 42, 43, 44, 45, 46, 47, 48, 49, 50, 51]
52
Number of Active MOs:  13
Number of Environment MOs:  40
Number of Virtual MOs:  249
 # electrons:            α            β
         Env:  40.00000000  40.00000000
         Act:  13.00000000  13.00000000
         Vir:   0.00000000   0.00000000
Number of electrons in the active space:  26

 The density matrix is idempotent!

 The density matrix is idempotent!


******** <class 'pyscf.scf.hf.RHF'> ********
method = RHF
initial guess = minao
damping factor = 0
level_shift factor = 0
DIIS = <class 'pyscf.scf.diis.CDIIS'>
diis_start_cycle = 1
diis_space = 8
SCF conv_tol = 1e-09
SCF conv_tol_grad = 1e-05
SCF max_cycles = 200
direct_scf = True
direct_scf_tol = 1e-13
chkfile to save SCF result = subsys_scf.chk
max_memory 900000 MB (current use 8559 MB)
init E= 517.798036967542
  HOMO = -0.473270862475273  LUMO = 0.147552996581391
cycle= 1 E= 517.798033480605  delta_E= -3.49e-06  |g|= 2.82e-06  |ddm|= 7.12e-06
  HOMO = -0.473271193630725  LUMO = 0.147553129021927
cycle= 2 E= 517.798033480623  delta_E= 1.8e-11  |g|= 1.69e-06  |ddm|= 4.13e-06
  HOMO = -0.473271024492093  LUMO = 0.147553101766992
Extra cycle  E= 517.798033480513  delta_E= -1.1e-10  |g|= 1.05e-06  |ddm|= 2.59e-06
converged SCF energy = 517.798033480513
Difference in energy:  1.2612846148840617e-07
E(MP2) = 517.318151653244  E_corr = -0.479881827269023
Total energy =  -580.782883518157
time elapsed:  42.03664422035217
