

******** <class 'pyscf.scf.hf.RHF'> ********
method = RHF
initial guess = minao
damping factor = 0
level_shift factor = 0
DIIS = <class 'pyscf.scf.diis.CDIIS'>
diis_start_cycle = 1
diis_space = 8
SCF conv_tol = 1e-09
SCF conv_tol_grad = 1e-05
SCF max_cycles = 1000
direct_scf = True
direct_scf_tol = 1e-13
chkfile to save SCF result = scf.fchk
max_memory 900000 MB (current use 79 MB)
init E= -582.14197991573
  HOMO = -0.26858090214334  LUMO = 0.015020601391423
cycle= 1 E= -580.042396900384  delta_E=  2.1  |g|= 0.976  |ddm|= 5.16
  HOMO = -0.317586700987859  LUMO = 0.105219281444485
cycle= 2 E= -580.209995674991  delta_E= -0.168  |g|= 0.681  |ddm|= 1.27
  HOMO = -0.397069332799151  LUMO = 0.137732046284605
cycle= 3 E= -580.295807032501  delta_E= -0.0858  |g|= 0.139  |ddm|= 0.635
  HOMO = -0.391755459691816  LUMO = 0.149539433436428
cycle= 4 E= -580.301281791851  delta_E= -0.00547  |g|= 0.0444  |ddm|= 0.143
  HOMO = -0.3987236660408  LUMO = 0.1485177735216
cycle= 5 E= -580.301752563914  delta_E= -0.000471  |g|= 0.0109  |ddm|= 0.0538
  HOMO = -0.399801231377517  LUMO = 0.148432250114089
cycle= 6 E= -580.301811102956  delta_E= -5.85e-05  |g|= 0.00435  |ddm|= 0.0201
  HOMO = -0.400141647829376  LUMO = 0.148963748921626
cycle= 7 E= -580.301826438244  delta_E= -1.53e-05  |g|= 0.00166  |ddm|= 0.0135
  HOMO = -0.400617640553532  LUMO = 0.148878838815262
cycle= 8 E= -580.301828295756  delta_E= -1.86e-06  |g|= 0.000451  |ddm|= 0.00471
  HOMO = -0.400635973467453  LUMO = 0.148906561757285
cycle= 9 E= -580.301828432137  delta_E= -1.36e-07  |g|= 8.92e-05  |ddm|= 0.00117
  HOMO = -0.400623174154112  LUMO = 0.148907837232916
cycle= 10 E= -580.301828437077  delta_E= -4.94e-09  |g|= 3.1e-05  |ddm|= 0.000179
  HOMO = -0.400629880547321  LUMO = 0.148901013088358
cycle= 11 E= -580.301828437493  delta_E= -4.15e-10  |g|= 9.53e-06  |ddm|= 4.7e-05
  HOMO = -0.400627216827282  LUMO = 0.148902936365952
Extra cycle  E= -580.301828437547  delta_E= -5.46e-11  |g|= 5.14e-06  |ddm|= 1.62e-05
converged SCF energy = -580.301828437547
AOs:  [0, 1, 2, 3, 4, 5, 6, 7, 8, 9, 10, 11, 12, 13, 14, 15, 16, 17, 18, 19, 20, 21, 22, 23, 24, 25, 26, 27, 28, 29, 30, 31, 32, 33, 34, 35, 36, 37, 38, 39, 40, 41, 42, 43, 44, 45, 46, 47, 48, 49, 50, 51]
52
Number of Active MOs:  13
Number of Environment MOs:  40
Number of Virtual MOs:  249
 # electrons:            α            β
         Env:  40.00000000  40.00000000
         Act:  13.00000000  13.00000000
         Vir:  -0.00000000  -0.00000000
Number of electrons in the active space:  26

 The density matrix is idempotent!

 The density matrix is idempotent!


******** <class 'pyscf.scf.hf.RHF'> ********
method = RHF
initial guess = minao
damping factor = 0
level_shift factor = 0
DIIS = <class 'pyscf.scf.diis.CDIIS'>
diis_start_cycle = 1
diis_space = 8
SCF conv_tol = 1e-09
SCF conv_tol_grad = 1e-05
SCF max_cycles = 200
direct_scf = True
direct_scf_tol = 1e-13
chkfile to save SCF result = subsys_scf.chk
max_memory 900000 MB (current use 8559 MB)
init E= 515.089507511089
  HOMO = -0.477002618820025  LUMO = 0.148901946484962
cycle= 1 E= 515.089504020847  delta_E= -3.49e-06  |g|= 2.84e-06  |ddm|= 7.21e-06
  HOMO = -0.477002954350419  LUMO = 0.148902073499319
cycle= 2 E= 515.089504020875  delta_E= 2.88e-11  |g|= 1.71e-06  |ddm|= 4.17e-06
  HOMO = -0.477002773904409  LUMO = 0.148902046020735
Extra cycle  E= 515.089504021031  delta_E= 1.55e-10  |g|= 1.06e-06  |ddm|= 2.64e-06
converged SCF energy = 515.089504021031
Difference in energy:  -1.3212099020165624e-07
E(MP2) = 514.609717255772  E_corr = -0.47978676525896
Total energy =  -580.7816152025955
time elapsed:  42.596405029296875
