

******** <class 'pyscf.scf.hf.RHF'> ********
method = RHF
initial guess = minao
damping factor = 0
level_shift factor = 0
DIIS = <class 'pyscf.scf.diis.CDIIS'>
diis_start_cycle = 1
diis_space = 8
SCF conv_tol = 1e-09
SCF conv_tol_grad = 1e-05
SCF max_cycles = 1000
direct_scf = True
direct_scf_tol = 1e-13
chkfile to save SCF result = scf.fchk
max_memory 900000 MB (current use 79 MB)
init E= -582.140972423215
  HOMO = -0.268573636884339  LUMO = 0.0150440612059249
cycle= 1 E= -580.040496474727  delta_E=  2.1  |g|= 0.978  |ddm|= 5.16
  HOMO = -0.314934443354117  LUMO = 0.10672847700982
cycle= 2 E= -580.208272337793  delta_E= -0.168  |g|= 0.685  |ddm|= 1.28
  HOMO = -0.395827686758295  LUMO = 0.138814545232701
cycle= 3 E= -580.294996238815  delta_E= -0.0867  |g|= 0.139  |ddm|= 0.64
  HOMO = -0.390726149662265  LUMO = 0.15041373065054
cycle= 4 E= -580.300479540312  delta_E= -0.00548  |g|= 0.0444  |ddm|= 0.143
  HOMO = -0.39763599976946  LUMO = 0.149477056806016
cycle= 5 E= -580.30095160046  delta_E= -0.000472  |g|= 0.011  |ddm|= 0.0539
  HOMO = -0.398726071073095  LUMO = 0.149386589045893
cycle= 6 E= -580.301010799282  delta_E= -5.92e-05  |g|= 0.00439  |ddm|= 0.0203
  HOMO = -0.399083048161024  LUMO = 0.149913362301407
cycle= 7 E= -580.301026391572  delta_E= -1.56e-05  |g|= 0.00167  |ddm|= 0.0137
  HOMO = -0.399563193513541  LUMO = 0.14982947283617
cycle= 8 E= -580.301028261436  delta_E= -1.87e-06  |g|= 0.000452  |ddm|= 0.00474
  HOMO = -0.399581757222494  LUMO = 0.1498571491373
cycle= 9 E= -580.30102839764  delta_E= -1.36e-07  |g|= 8.96e-05  |ddm|= 0.00116
  HOMO = -0.399568681043271  LUMO = 0.149858390706167
cycle= 10 E= -580.301028402613  delta_E= -4.97e-09  |g|= 3.11e-05  |ddm|= 0.00018
  HOMO = -0.399575466682901  LUMO = 0.14985157486216
cycle= 11 E= -580.301028403033  delta_E= -4.2e-10  |g|= 9.57e-06  |ddm|= 4.73e-05
  HOMO = -0.399572777269268  LUMO = 0.14985348578177
Extra cycle  E= -580.301028403085  delta_E= -5.18e-11  |g|= 5.16e-06  |ddm|= 1.63e-05
converged SCF energy = -580.301028403085
AOs:  [0, 1, 2, 3, 4, 5, 6, 7, 8, 9, 10, 11, 12, 13, 14, 15, 16, 17, 18, 19, 20, 21, 22, 23, 24, 25, 26, 27, 28, 29, 30, 31, 32, 33, 34, 35, 36, 37, 38, 39, 40, 41, 42, 43, 44, 45, 46, 47, 48, 49, 50, 51]
52
Number of Active MOs:  13
Number of Environment MOs:  40
Number of Virtual MOs:  249
 # electrons:            α            β
         Env:  40.00000000  40.00000000
         Act:  13.00000000  13.00000000
         Vir:  -0.00000000  -0.00000000
Number of electrons in the active space:  26

 The density matrix is idempotent!

 The density matrix is idempotent!


******** <class 'pyscf.scf.hf.RHF'> ********
method = RHF
initial guess = minao
damping factor = 0
level_shift factor = 0
DIIS = <class 'pyscf.scf.diis.CDIIS'>
diis_start_cycle = 1
diis_space = 8
SCF conv_tol = 1e-09
SCF conv_tol_grad = 1e-05
SCF max_cycles = 200
direct_scf = True
direct_scf_tol = 1e-13
chkfile to save SCF result = subsys_scf.chk
max_memory 900000 MB (current use 8560 MB)
init E= 512.609984441163
  HOMO = -0.47972166861023  LUMO = 0.149852506717935
cycle= 1 E= 512.609980948831  delta_E= -3.49e-06  |g|= 2.86e-06  |ddm|= 7.27e-06
  HOMO = -0.479722008891204  LUMO = 0.14985262976699
cycle= 2 E= 512.609980948772  delta_E= -5.95e-11  |g|= 1.72e-06  |ddm|= 4.22e-06
  HOMO = -0.479721820167734  LUMO = 0.149852602140326
Extra cycle  E= 512.609980948904  delta_E= 1.32e-10  |g|= 1.07e-06  |ddm|= 2.65e-06
converged SCF energy = 512.609980948904
Difference in energy:  -3.4228753293064073e-07
E(MP2) = 512.130216122098  E_corr = -0.479764826806003
Total energy =  -580.7807932293452
time elapsed:  21.569096326828003
