

******** <class 'pyscf.scf.hf.RHF'> ********
method = RHF
initial guess = minao
damping factor = 0
level_shift factor = 0
DIIS = <class 'pyscf.scf.diis.CDIIS'>
diis_start_cycle = 1
diis_space = 8
SCF conv_tol = 1e-09
SCF conv_tol_grad = 1e-05
SCF max_cycles = 1000
direct_scf = True
direct_scf_tol = 1e-13
chkfile to save SCF result = scf.fchk
max_memory 900000 MB (current use 79 MB)
init E= -582.140682932981
  HOMO = -0.268568988534739  LUMO = 0.0150541456903178
cycle= 1 E= -580.039810273951  delta_E=  2.1  |g|= 0.979  |ddm|= 5.17
  HOMO = -0.313940856779869  LUMO = 0.107307426886747
cycle= 2 E= -580.207644456658  delta_E= -0.168  |g|= 0.686  |ddm|= 1.28
  HOMO = -0.395360296716364  LUMO = 0.139223071354631
cycle= 3 E= -580.294704019119  delta_E= -0.0871  |g|= 0.139  |ddm|= 0.642
  HOMO = -0.390329154143396  LUMO = 0.150751126596303
cycle= 4 E= -580.300191253913  delta_E= -0.00549  |g|= 0.0444  |ddm|= 0.143
  HOMO = -0.397220494537097  LUMO = 0.149844183720003
cycle= 5 E= -580.30066397202  delta_E= -0.000473  |g|= 0.011  |ddm|= 0.054
  HOMO = -0.398314759724401  LUMO = 0.149752267562076
cycle= 6 E= -580.300723418945  delta_E= -5.94e-05  |g|= 0.0044  |ddm|= 0.0204
  HOMO = -0.398677448674958  LUMO = 0.15027749540134
cycle= 7 E= -580.300739107614  delta_E= -1.57e-05  |g|= 0.00167  |ddm|= 0.0137
  HOMO = -0.39915938816728  LUMO = 0.150193850901254
cycle= 8 E= -580.300740983101  delta_E= -1.88e-06  |g|= 0.000452  |ddm|= 0.00475
  HOMO = -0.399177977859896  LUMO = 0.150221581872323
cycle= 9 E= -580.300741119321  delta_E= -1.36e-07  |g|= 8.98e-05  |ddm|= 0.00116
  HOMO = -0.399164817442362  LUMO = 0.150222800635299
cycle= 10 E= -580.300741124308  delta_E= -4.99e-09  |g|= 3.12e-05  |ddm|= 0.000181
  HOMO = -0.399171623379411  LUMO = 0.150215995655312
cycle= 11 E= -580.300741124727  delta_E= -4.19e-10  |g|= 9.59e-06  |ddm|= 4.74e-05
  HOMO = -0.399168923206761  LUMO = 0.15021790290306
Extra cycle  E= -580.300741124782  delta_E= -5.55e-11  |g|= 5.17e-06  |ddm|= 1.64e-05
converged SCF energy = -580.300741124782
AOs:  [0, 1, 2, 3, 4, 5, 6, 7, 8, 9, 10, 11, 12, 13, 14, 15, 16, 17, 18, 19, 20, 21, 22, 23, 24, 25, 26, 27, 28, 29, 30, 31, 32, 33, 34, 35, 36, 37, 38, 39, 40, 41, 42, 43, 44, 45, 46, 47, 48, 49, 50, 51]
52
Number of Active MOs:  13
Number of Environment MOs:  40
Number of Virtual MOs:  249
 # electrons:            α            β
         Env:  40.00000000  40.00000000
         Act:  13.00000000  13.00000000
         Vir:   0.00000000   0.00000000
Number of electrons in the active space:  26

 The density matrix is idempotent!

 The density matrix is idempotent!


******** <class 'pyscf.scf.hf.RHF'> ********
method = RHF
initial guess = minao
damping factor = 0
level_shift factor = 0
DIIS = <class 'pyscf.scf.diis.CDIIS'>
diis_start_cycle = 1
diis_space = 8
SCF conv_tol = 1e-09
SCF conv_tol_grad = 1e-05
SCF max_cycles = 200
direct_scf = True
direct_scf_tol = 1e-13
chkfile to save SCF result = subsys_scf.chk
max_memory 900000 MB (current use 8559 MB)
init E= 511.447687317588
  HOMO = -0.480814927844646  LUMO = 0.150216926202422
cycle= 1 E= 511.447683824347  delta_E= -3.49e-06  |g|= 2.87e-06  |ddm|= 7.29e-06
  HOMO = -0.480815268614034  LUMO = 0.150217048844409
cycle= 2 E= 511.447683824447  delta_E= 9.96e-11  |g|= 1.73e-06  |ddm|= 4.23e-06
  HOMO = -0.480815077378002  LUMO = 0.150217021143666
Extra cycle  E= 511.447683824367  delta_E= -8e-11  |g|= 1.08e-06  |ddm|= 2.67e-06
converged SCF energy = 511.447683824367
Difference in energy:  -3.2816228667797985e-09
E(MP2) = 510.967911084315  E_corr = -0.479772740051792
Total energy =  -580.780513864829
time elapsed:  51.860647201538086
