

******** <class 'pyscf.dft.rks.RKS'> ********
method = RKS-RHF
initial guess = minao
damping factor = 0
level_shift factor = 0
DIIS = <class 'pyscf.scf.diis.CDIIS'>
diis_start_cycle = 1
diis_space = 8
SCF conv_tol = 1e-09
SCF conv_tol_grad = 1e-06
SCF max_cycles = 1000
direct_scf = True
direct_scf_tol = 1e-13
chkfile to save SCF result = scf.fchk
max_memory 900000 MB (current use 79 MB)
XC library pyscf.dft.libxc version 5.1.7
    S. Lehtola, C. Steigemann, M. J. Oliveira, and M. A. Marques, SoftwareX 7, 1 (2018)
XC functionals = pbe
    J. P. Perdew, K. Burke, and M. Ernzerhof, Phys. Rev. Lett. 77, 3865 (1996)
    J. P. Perdew, K. Burke, and M. Ernzerhof, Phys. Rev. Lett. 78, 1396 (1997)
    J. P. Perdew, K. Burke, and M. Ernzerhof, Phys. Rev. Lett. 77, 3865 (1996)
    J. P. Perdew, K. Burke, and M. Ernzerhof, Phys. Rev. Lett. 78, 1396 (1997)
small_rho_cutoff = 1e-07
init E= -2592.68589161385
  HOMO = -0.135589903772644  LUMO = -0.0868627408995461
cycle= 1 E= -2573.86094609638  delta_E= 18.8  |g|= 5.66  |ddm|= 10.4
  HOMO = -0.237014473524234  LUMO = -0.228181875449487
cycle= 2 E= -2429.54073387063  delta_E=  144  |g|= 19.3  |ddm|=   96
  HOMO = -0.172155222180419  LUMO = -0.161702262178125
cycle= 3 E= -2561.20084737968  delta_E= -132  |g|= 9.67  |ddm|=   72
  HOMO = -0.179835387700999  LUMO = -0.153385170978548
cycle= 4 E= -2577.99076904098  delta_E= -16.8  |g|=  6.4  |ddm|= 28.3
  HOMO = -0.163466306075655  LUMO = -0.153553182576662
cycle= 5 E= -2581.56771167959  delta_E= -3.58  |g|= 5.42  |ddm|= 2.88
  HOMO = -0.17367430539274  LUMO = -0.159425717124997
cycle= 6 E= -2581.35725703463  delta_E= 0.21  |g|= 5.48  |ddm|= 1.05
  HOMO = -0.17793922408335  LUMO = -0.162383560591016
cycle= 7 E= -2581.22391346773  delta_E= 0.133  |g|= 5.53  |ddm|= 0.907
  HOMO = -0.1740885918009  LUMO = -0.161288788483828
cycle= 8 E= -2581.28456956137  delta_E= -0.0607  |g|= 5.52  |ddm|= 0.222
  HOMO = -0.188343748121091  LUMO = -0.164949624851992
cycle= 9 E= -2580.50104132868  delta_E= 0.784  |g|= 5.77  |ddm|= 0.599

WARN: HOMO 0.0213241047796989 == LUMO 0.0215309182924037

cycle= 10 E= -2543.21832630996  delta_E= 37.3  |g|= 13.6  |ddm|= 19.4
  HOMO = -0.0802366990615053  LUMO = -0.00445935374324367
cycle= 11 E= -2571.26238482635  delta_E=  -28  |g|= 6.19  |ddm|= 17.4
  HOMO = -0.203792668978893  LUMO = -0.173448379778366
cycle= 12 E= -2579.8496537392  delta_E= -8.59  |g|= 5.96  |ddm|= 9.81
  HOMO = -0.212032344509044  LUMO = -0.177532232964475
cycle= 13 E= -2580.27538164311  delta_E= -0.426  |g|= 5.83  |ddm|= 0.95
  HOMO = -0.17760875472286  LUMO = -0.158334685725301
cycle= 14 E= -2580.40134751586  delta_E= -0.126  |g|= 5.82  |ddm|= 1.39
  HOMO = -0.185695013458002  LUMO = -0.156326193026814
cycle= 15 E= -2579.61618316278  delta_E= 0.785  |g|= 6.04  |ddm|= 0.976
  HOMO = -0.169639849230182  LUMO = -0.153724437580082
cycle= 16 E= -2579.85245869842  delta_E= -0.236  |g|= 5.97  |ddm|= 0.924
  HOMO = -0.195808688359307  LUMO = -0.153711179753043
cycle= 17 E= -2580.01988212114  delta_E= -0.167  |g|= 5.93  |ddm|= 1.27
  HOMO = -0.188489915697363  LUMO = -0.161724222452959
cycle= 18 E= -2581.67310883337  delta_E= -1.65  |g|= 5.38  |ddm|= 1.52
  HOMO = -0.204329248326815  LUMO = -0.165989478708522
cycle= 19 E= -2580.23329234932  delta_E= 1.44  |g|= 5.86  |ddm|= 1.24
  HOMO = 0.034047123589578  LUMO = 0.0390071080774116
cycle= 20 E= -2459.28578807788  delta_E=  121  |g|=   14  |ddm|= 33.4
  HOMO = -0.0789590322275782  LUMO = -0.0710420503885352
cycle= 21 E= -2574.34068263578  delta_E= -115  |g|= 5.09  |ddm|= 32.7
  HOMO = -0.167703811753946  LUMO = -0.15967017256111
cycle= 22 E= -2578.53385570873  delta_E= -4.19  |g|= 6.27  |ddm|= 7.64
  HOMO = -0.188009690508473  LUMO = -0.158587204337249
cycle= 23 E= -2579.42610150282  delta_E= -0.892  |g|= 6.11  |ddm|= 1.95
  HOMO = -0.205630690593953  LUMO = -0.164117914157374
cycle= 24 E= -2579.90845307609  delta_E= -0.482  |g|= 5.93  |ddm|= 1.21
  HOMO = -0.201782497825428  LUMO = -0.166103322782058
cycle= 25 E= -2578.89274861165  delta_E= 1.02  |g|= 6.24  |ddm|= 1.53
  HOMO = -0.197038114232769  LUMO = -0.168817890943127
cycle= 26 E= -2579.00551012605  delta_E= -0.113  |g|= 6.21  |ddm|= 0.937
  HOMO = -0.2077477640504  LUMO = -0.164650046836346
cycle= 27 E= -2581.13884804478  delta_E= -2.13  |g|= 5.52  |ddm|= 1.86
  HOMO = -0.194549376771607  LUMO = -0.166047663332554
cycle= 28 E= -2579.07928219005  delta_E= 2.06  |g|= 6.19  |ddm|= 2.14
  HOMO = -0.192444484159548  LUMO = -0.159121210740238
cycle= 29 E= -2579.80960138537  delta_E= -0.73  |g|= 5.99  |ddm|= 1.39
  HOMO = 0.0064518942754329  LUMO = 0.0122482471899171
cycle= 30 E= -2496.26945734003  delta_E= 83.5  |g|= 13.9  |ddm|= 26.5
  HOMO = -0.0857353985376235  LUMO = -0.0339140915937763
cycle= 31 E= -2573.36625653814  delta_E= -77.1  |g|= 5.33  |ddm|= 23.9
  HOMO = -0.166117137834116  LUMO = -0.145990425874227
cycle= 32 E= -2579.33236851971  delta_E= -5.97  |g|=  6.1  |ddm|= 8.35
  HOMO = -0.18088483250061  LUMO = -0.15058758148766
cycle= 33 E= -2579.97810570891  delta_E= -0.646  |g|= 5.93  |ddm|= 0.99
  HOMO = -0.163694628427735  LUMO = -0.142432109101531
cycle= 34 E= -2580.17973293833  delta_E= -0.202  |g|= 5.84  |ddm|=    1
  HOMO = -0.181184423756499  LUMO = -0.138954092805724
cycle= 35 E= -2580.37994843649  delta_E= -0.2  |g|= 5.82  |ddm|= 1.62
  HOMO = -0.168975747755359  LUMO = -0.151852048703805
cycle= 36 E= -2581.64247907415  delta_E= -1.26  |g|= 5.32  |ddm|= 2.02
  HOMO = -0.190790833578286  LUMO = -0.159146554237019
cycle= 37 E= -2580.37853750113  delta_E= 1.26  |g|= 5.79  |ddm|= 2.25
  HOMO = -0.185440875211334  LUMO = -0.152979386199214
cycle= 38 E= -2580.70357240164  delta_E= -0.325  |g|= 5.68  |ddm|=  1.2
  HOMO = -0.197386808244651  LUMO = -0.154645395708079
cycle= 39 E= -2579.88296890845  delta_E= 0.821  |g|= 5.97  |ddm|= 1.13
  HOMO = 0.0263615679725637  LUMO = 0.0361636239806428
cycle= 40 E= -2454.32836716776  delta_E=  126  |g|= 14.9  |ddm|=   42
  HOMO = -0.0813638724250654  LUMO = -0.0728385117778974
cycle= 41 E= -2572.21642095888  delta_E= -118  |g|= 5.87  |ddm|=   41
  HOMO = -0.155718357690495  LUMO = -0.14554845460327
cycle= 42 E= -2578.30256566906  delta_E= -6.09  |g|= 6.11  |ddm|= 8.89
  HOMO = -0.192718762870241  LUMO = -0.148311596454923
cycle= 43 E= -2580.16543841916  delta_E= -1.86  |g|= 5.87  |ddm|= 2.46
  HOMO = -0.183432148289412  LUMO = -0.158503780738701
cycle= 44 E= -2580.27137503884  delta_E= -0.106  |g|= 5.84  |ddm|= 0.816
  HOMO = -0.156613857070647  LUMO = -0.153351137563917
cycle= 45 E= -2581.41348136417  delta_E= -1.14  |g|= 5.44  |ddm|= 3.03
  HOMO = -0.191968588458657  LUMO = -0.153169696483379
cycle= 46 E= -2580.66713603637  delta_E= 0.746  |g|= 5.72  |ddm|= 2.61
  HOMO = -0.191639115195382  LUMO = -0.151864446630744
cycle= 47 E= -2580.41867237397  delta_E= 0.248  |g|= 5.78  |ddm|= 0.889
  HOMO = -0.163999422528571  LUMO = -0.153757049494766
cycle= 48 E= -2581.65215162086  delta_E= -1.23  |g|= 5.29  |ddm|=  1.8
  HOMO = -0.191176584430132  LUMO = -0.150234273488441
cycle= 49 E= -2581.2034418362  delta_E= 0.449  |g|= 5.53  |ddm|= 1.78
  HOMO = 0.0302828180834336  LUMO = 0.0527272327324247
cycle= 50 E= -2447.36319770707  delta_E=  134  |g|=   15  |ddm|= 41.5
  HOMO = -0.10608470227518  LUMO = -0.0827616139333385
cycle= 51 E= -2572.84732496065  delta_E= -125  |g|= 5.76  |ddm|=   41
  HOMO = -0.148457194267638  LUMO = -0.136493154949335
cycle= 52 E= -2578.26834393731  delta_E= -5.42  |g|= 6.21  |ddm|= 8.77
  HOMO = -0.187362291074696  LUMO = -0.145213621205956
cycle= 53 E= -2579.88879926481  delta_E= -1.62  |g|= 5.97  |ddm|= 2.69
  HOMO = -0.190539177222956  LUMO = -0.14593905887143
cycle= 54 E= -2579.99406593841  delta_E= -0.105  |g|= 5.93  |ddm|= 1.48
  HOMO = -0.197328949628379  LUMO = -0.144743210408643
cycle= 55 E= -2579.92463338617  delta_E= 0.0694  |g|= 5.95  |ddm|= 1.07
  HOMO = -0.18487053017703  LUMO = -0.142555024615771
cycle= 56 E= -2580.19927965997  delta_E= -0.275  |g|= 5.87  |ddm|= 0.779
  HOMO = -0.175808739881735  LUMO = -0.147463490235141
cycle= 57 E= -2580.02498805219  delta_E= 0.174  |g|= 5.86  |ddm|= 1.97
  HOMO = -0.2043271362246  LUMO = -0.146658298970619
cycle= 58 E= -2579.95819237353  delta_E= 0.0668  |g|= 5.94  |ddm|= 1.52
  HOMO = -0.185855975004386  LUMO = -0.138390377669526
cycle= 59 E= -2580.3895956016  delta_E= -0.431  |g|= 5.81  |ddm|= 0.73
  HOMO = 0.000206373763357679  LUMO = 0.0092919324881388
cycle= 60 E= -2482.40962177742  delta_E=   98  |g|= 14.6  |ddm|= 26.9
  HOMO = -0.0813572995793771  LUMO = -0.0785946743122579
cycle= 61 E= -2571.87778460837  delta_E= -89.5  |g|= 6.53  |ddm|= 23.9
  HOMO = -0.150596425225469  LUMO = -0.145825863166193
cycle= 62 E= -2579.30511941855  delta_E= -7.43  |g|= 6.07  |ddm|= 9.93
  HOMO = -0.178953517458637  LUMO = -0.152578559903372
cycle= 63 E= -2581.1355441652  delta_E= -1.83  |g|= 5.57  |ddm|= 2.81
  HOMO = -0.176763747314099  LUMO = -0.156881505551137
cycle= 64 E= -2581.40442141176  delta_E= -0.269  |g|= 5.51  |ddm|= 0.84
  HOMO = -0.169328045356153  LUMO = -0.156254542448395
cycle= 65 E= -2581.30081746553  delta_E= 0.104  |g|= 5.52  |ddm|=  1.1
  HOMO = -0.173118861779325  LUMO = -0.158900788311674
cycle= 66 E= -2581.59054668458  delta_E= -0.29  |g|= 5.42  |ddm|= 1.64
  HOMO = -0.177303907741445  LUMO = -0.166292042977386
cycle= 67 E= -2581.7971554894  delta_E= -0.207  |g|= 5.35  |ddm|= 1.53
  HOMO = -0.171856485130467  LUMO = -0.162067714659207
cycle= 68 E= -2581.3992813028  delta_E= 0.398  |g|=  5.5  |ddm|= 0.775
  HOMO = -0.1722990503044  LUMO = -0.165085061772994
cycle= 69 E= -2581.01332380424  delta_E= 0.386  |g|= 5.63  |ddm|= 0.47
  HOMO = 0.0283630851539814  LUMO = 0.0299359057311338
cycle= 70 E= -2453.33864641751  delta_E=  128  |g|= 18.5  |ddm|= 43.3
  HOMO = -0.0650761197447068  LUMO = -0.0338830135637076
cycle= 71 E= -2566.59603099307  delta_E= -113  |g|= 8.99  |ddm|= 41.4
  HOMO = -0.054023352144998  LUMO = -0.0478810096947768
cycle= 72 E= -2581.38306319716  delta_E= -14.8  |g|= 5.46  |ddm|= 12.4
  HOMO = -0.18670766248489  LUMO = -0.17362658750938
cycle= 73 E= -2586.54615819944  delta_E= -5.16  |g|=  3.6  |ddm|= 4.72
  HOMO = -0.173082600257549  LUMO = -0.164537389232567
cycle= 74 E= -2585.24639092535  delta_E=  1.3  |g|= 4.31  |ddm|= 2.26
  HOMO = -0.174637150185866  LUMO = -0.158257488785655
cycle= 75 E= -2587.389176485  delta_E= -2.14  |g|= 2.76  |ddm|= 2.31
  HOMO = -0.162673301917644  LUMO = -0.153452319307803
cycle= 76 E= -2582.2166649234  delta_E= 5.17  |g|= 5.41  |ddm|= 3.81
  HOMO = -0.174482310915215  LUMO = -0.171921527305644
cycle= 77 E= -2584.69496488244  delta_E= -2.48  |g|= 4.45  |ddm|= 2.46
  HOMO = -0.175012239020455  LUMO = -0.169298492966993
cycle= 78 E= -2584.91569862666  delta_E= -0.221  |g|= 4.39  |ddm|= 0.854
  HOMO = -0.175291264205364  LUMO = -0.169455181836661
cycle= 79 E= -2584.90927208747  delta_E= 0.00643  |g|= 4.39  |ddm|= 0.176
  HOMO = -0.150127082031459  LUMO = -0.0969694211961604
cycle= 80 E= -2588.56953722167  delta_E= -3.66  |g|= 0.988  |ddm|=  2.9
  HOMO = -0.105154860038603  LUMO = -0.0844071640505235
cycle= 81 E= -2588.16385195842  delta_E= 0.406  |g|= 1.49  |ddm|= 2.68
  HOMO = -0.135065997613045  LUMO = -0.0888632536020012
cycle= 82 E= -2588.7486164778  delta_E= -0.585  |g|= 0.504  |ddm|= 2.17
  HOMO = -0.140954013402225  LUMO = -0.0888965121737244
cycle= 83 E= -2588.81500449217  delta_E= -0.0664  |g|= 0.276  |ddm|= 0.763
  HOMO = -0.131923033011204  LUMO = -0.0872738377374049
cycle= 84 E= -2588.82900420963  delta_E= -0.014  |g|= 0.102  |ddm|= 0.32
  HOMO = -0.135622188082179  LUMO = -0.0866831437396856
cycle= 85 E= -2588.83084031176  delta_E= -0.00184  |g|= 0.0404  |ddm|= 0.128
  HOMO = -0.134960136616372  LUMO = -0.0869937281172738
cycle= 86 E= -2588.83122641879  delta_E= -0.000386  |g|= 0.00951  |ddm|= 0.0469
  HOMO = -0.13482724503916  LUMO = -0.0869612409920923
cycle= 87 E= -2588.83124423734  delta_E= -1.78e-05  |g|= 0.00396  |ddm|= 0.0132
  HOMO = -0.134583795253751  LUMO = -0.0869581741997224
cycle= 88 E= -2588.83124495915  delta_E= -7.22e-07  |g|= 0.00419  |ddm|= 0.00718
  HOMO = -0.134779294913256  LUMO = -0.0869876596337024
cycle= 89 E= -2588.83124788147  delta_E= -2.92e-06  |g|= 0.0019  |ddm|= 0.00487
  HOMO = -0.134700073880342  LUMO = -0.0869666283972861
cycle= 90 E= -2588.83124845871  delta_E= -5.77e-07  |g|= 0.00061  |ddm|= 0.00196
  HOMO = -0.134722352606872  LUMO = -0.0869712500793328
cycle= 91 E= -2588.83124850977  delta_E= -5.11e-08  |g|= 0.000341  |ddm|= 0.000891
  HOMO = -0.134720826066264  LUMO = -0.0869720216026711
cycle= 92 E= -2588.83124854097  delta_E= -3.12e-08  |g|= 9.25e-05  |ddm|= 0.000469
  HOMO = -0.134722799892804  LUMO = -0.0869726241566361
cycle= 93 E= -2588.83124854168  delta_E= -7.15e-10  |g|= 8.7e-05  |ddm|= 0.000186
  HOMO = -0.134722773323068  LUMO = -0.0869718169960111
cycle= 94 E= -2588.83124854339  delta_E= -1.71e-09  |g|= 2.66e-05  |ddm|= 9.67e-05
  HOMO = -0.134722469713092  LUMO = -0.0869721171026783
cycle= 95 E= -2588.83124854347  delta_E= -8.64e-11  |g|= 1.57e-05  |ddm|= 3.21e-05
  HOMO = -0.134722209347926  LUMO = -0.0869720208693996
cycle= 96 E= -2588.83124854351  delta_E= -4e-11  |g|= 8.03e-06  |ddm|= 2.14e-05
  HOMO = -0.134721973912122  LUMO = -0.0869720210108567
cycle= 97 E= -2588.83124854352  delta_E= -7.28e-12  |g|= 7.83e-06  |ddm|= 1.32e-05
  HOMO = -0.134722485511279  LUMO = -0.0869720804973595
cycle= 98 E= -2588.83124854352  delta_E= 3.64e-12  |g|= 7.41e-06  |ddm|= 1.2e-05
  HOMO = -0.134722176050139  LUMO = -0.0869720210063855
cycle= 99 E= -2588.83124854353  delta_E= -1e-11  |g|= 2.41e-06  |ddm|= 7.54e-06
  HOMO = -0.134722262863997  LUMO = -0.086972038311846
cycle= 100 E= -2588.83124854353  delta_E= -5.46e-12  |g|= 1.79e-06  |ddm|= 3.53e-06
  HOMO = -0.134722236585223  LUMO = -0.0869720401323656
cycle= 101 E= -2588.83124854353  delta_E= 2.73e-12  |g|= 6.39e-07  |ddm|= 2.58e-06
  HOMO = -0.13472226632225  LUMO = -0.0869720327892148
Extra cycle  E= -2588.83124854353  delta_E= 1.82e-12  |g|= 2.56e-06  |ddm|= 4.12e-06
converged SCF energy = -2588.83124854353
AOs:  [0, 1, 2, 3, 4, 5, 6, 7, 8, 9, 10, 11, 12, 13, 14, 15, 16, 17, 18, 19, 20, 21, 22, 23, 24, 25, 26, 27]
28
Number of Active MOs:  7
Number of Environment MOs:  111
Number of Virtual MOs:  427
 # electrons:            α            β
         Env: 111.00000000 111.00000000
         Act:   7.00000000   7.00000000
         Vir:  -0.00000000  -0.00000000
Number of electrons in the active space:  14

 The density matrix is idempotent!

 The density matrix is idempotent!


******** <class 'pyscf.scf.hf.RHF'> ********
method = RHF
initial guess = minao
damping factor = 0
level_shift factor = 0
DIIS = <class 'pyscf.scf.diis.CDIIS'>
diis_start_cycle = 1
diis_space = 8
SCF conv_tol = 1e-09
SCF conv_tol_grad = 1e-06
SCF max_cycles = 200
direct_scf = True
direct_scf_tol = 1e-13
chkfile to save SCF result = subsys_scf.chk
max_memory 900000 MB (current use 89899 MB)
init E= 3756.26314476929
  HOMO = -0.51355675188993  LUMO = -0.0611422847020212
cycle= 1 E= 3756.24869666215  delta_E= -0.0144  |g|= 0.0694  |ddm|= 0.302
  HOMO = -0.544002483765303  LUMO = -0.0590084920673772
cycle= 2 E= 3756.24776026445  delta_E= -0.000936  |g|= 0.0383  |ddm|= 0.0971
  HOMO = -0.538239957631172  LUMO = -0.0596551180557038
cycle= 3 E= 3756.24742345598  delta_E= -0.000337  |g|= 0.0126  |ddm|= 0.0291
  HOMO = -0.538063552079656  LUMO = -0.059593026189428
cycle= 4 E= 3756.24737645296  delta_E= -4.7e-05  |g|= 0.00186  |ddm|= 0.02
  HOMO = -0.538696849940454  LUMO = -0.0595573628788711
cycle= 5 E= 3756.24737476421  delta_E= -1.69e-06  |g|= 0.000502  |ddm|= 0.00457
  HOMO = -0.538637729220562  LUMO = -0.0595547959491652
cycle= 6 E= 3756.24737467091  delta_E= -9.33e-08  |g|= 6.99e-05  |ddm|= 0.00089
  HOMO = -0.53863711824409  LUMO = -0.0595532672540489
cycle= 7 E= 3756.24737466876  delta_E= -2.16e-09  |g|= 8.08e-06  |ddm|= 0.000126
  HOMO = -0.538639698116513  LUMO = -0.0595528613552779
cycle= 8 E= 3756.24737466874  delta_E= -1.32e-11  |g|= 9.21e-07  |ddm|= 1.57e-05
  HOMO = -0.538639237103046  LUMO = -0.0595528888005095
Extra cycle  E= 3756.24737466875  delta_E= 3.64e-12  |g|= 3.79e-07  |ddm|= 1.72e-06
converged SCF energy = 3756.24737466875
Difference in energy:  -284.7516580978535
E(MP2) = 3755.95859409933  E_corr = -0.288780569414325
Total energy =  -2588.6662488415573
time elapsed:  275.7105402946472
