

******** <class 'pyscf.dft.rks.RKS'> ********
method = RKS-RHF
initial guess = minao
damping factor = 0
level_shift factor = 0
DIIS = <class 'pyscf.scf.diis.CDIIS'>
diis_start_cycle = 1
diis_space = 8
SCF conv_tol = 1e-09
SCF conv_tol_grad = 1e-06
SCF max_cycles = 1000
direct_scf = True
direct_scf_tol = 1e-13
chkfile to save SCF result = scf.fchk
max_memory 900000 MB (current use 79 MB)
XC library pyscf.dft.libxc version 5.1.7
    S. Lehtola, C. Steigemann, M. J. Oliveira, and M. A. Marques, SoftwareX 7, 1 (2018)
XC functionals = pbe
    J. P. Perdew, K. Burke, and M. Ernzerhof, Phys. Rev. Lett. 77, 3865 (1996)
    J. P. Perdew, K. Burke, and M. Ernzerhof, Phys. Rev. Lett. 78, 1396 (1997)
    J. P. Perdew, K. Burke, and M. Ernzerhof, Phys. Rev. Lett. 77, 3865 (1996)
    J. P. Perdew, K. Burke, and M. Ernzerhof, Phys. Rev. Lett. 78, 1396 (1997)
small_rho_cutoff = 1e-07
init E= -2479.39981693459
  HOMO = -0.134878995983577  LUMO = -0.0691459258566996
cycle= 1 E= -2460.75331207072  delta_E= 18.6  |g|= 5.48  |ddm|= 10.3
  HOMO = -0.231775807630198  LUMO = -0.205622127636713
cycle= 2 E= -2322.76815184103  delta_E=  138  |g|= 18.9  |ddm|= 95.4
  HOMO = -0.16430264378577  LUMO = -0.160803233764486
cycle= 3 E= -2447.05311353122  delta_E= -124  |g|= 9.43  |ddm|= 71.8
  HOMO = -0.179545259260229  LUMO = -0.162341576348344
cycle= 4 E= -2465.18138164001  delta_E= -18.1  |g|=  6.2  |ddm|=   28
  HOMO = -0.153349547044156  LUMO = -0.152030215378855
cycle= 5 E= -2470.89975287947  delta_E= -5.72  |g|= 4.83  |ddm|= 3.77
  HOMO = -0.193731586590399  LUMO = -0.161792445858987
cycle= 6 E= -2468.2322192224  delta_E= 2.67  |g|= 5.42  |ddm|= 2.62
  HOMO = -0.190298991525034  LUMO = -0.163346481516351
cycle= 7 E= -2467.96738787893  delta_E= 0.265  |g|= 5.51  |ddm|= 0.278
  HOMO = -0.180561029135287  LUMO = -0.162247833294019
cycle= 8 E= -2467.9725977886  delta_E= -0.00521  |g|= 5.52  |ddm|= 0.67
  HOMO = -0.172477256813631  LUMO = -0.163127158598683
cycle= 9 E= -2467.58248322209  delta_E= 0.39  |g|= 5.64  |ddm|= 0.967
  HOMO = 0.023837509706104  LUMO = 0.0259747927451691
cycle= 10 E= -2386.22387332835  delta_E= 81.4  |g|=   15  |ddm|= 21.1
  HOMO = -0.0833313472409723  LUMO = -0.0369288582931492
cycle= 11 E= -2458.86424610762  delta_E= -72.6  |g|=  5.9  |ddm|= 18.1
  HOMO = -0.209847563882071  LUMO = -0.171330174397347
cycle= 12 E= -2467.57772237127  delta_E= -8.71  |g|= 5.64  |ddm|= 9.24
  HOMO = -0.202937328933703  LUMO = -0.16566267391624
cycle= 13 E= -2466.33447704737  delta_E= 1.24  |g|= 5.99  |ddm|= 0.872
  HOMO = -0.19339270084916  LUMO = -0.156524516464353
cycle= 14 E= -2466.36081496387  delta_E= -0.0263  |g|= 5.98  |ddm|= 1.26
  HOMO = -0.181130008512443  LUMO = -0.138961096481417
cycle= 15 E= -2468.37626550615  delta_E= -2.02  |g|= 5.36  |ddm|=  1.9
  HOMO = -0.185647715832058  LUMO = -0.156598196550016
cycle= 16 E= -2467.26154045855  delta_E= 1.11  |g|= 5.74  |ddm|= 1.76
  HOMO = -0.210495142317986  LUMO = -0.171030231320242
cycle= 17 E= -2467.03293594735  delta_E= 0.229  |g|=  5.8  |ddm|= 0.858
  HOMO = -0.20618812162882  LUMO = -0.172510530263479
cycle= 18 E= -2466.97738569344  delta_E= 0.0556  |g|= 5.81  |ddm|= 0.492
  HOMO = -0.210010093000627  LUMO = -0.172364259177064
cycle= 19 E= -2466.44033284947  delta_E= 0.537  |g|= 5.96  |ddm|= 0.559
  HOMO = 0.0254894005140473  LUMO = 0.03318998989499
cycle= 20 E= -2383.33628188179  delta_E= 83.1  |g|= 13.4  |ddm|= 25.4
  HOMO = -0.0655843950540251  LUMO = -0.0487936709734782
cycle= 21 E= -2459.77537833885  delta_E= -76.4  |g|=  5.4  |ddm|= 23.2
  HOMO = -0.158539279778442  LUMO = -0.151009788368442
cycle= 22 E= -2465.46464140773  delta_E= -5.69  |g|= 6.05  |ddm|= 8.22
  HOMO = -0.181749495033707  LUMO = -0.177610973172985
cycle= 23 E= -2468.99514902706  delta_E= -3.53  |g|= 5.12  |ddm|= 3.11
  HOMO = -0.160359245597031  LUMO = -0.138738827695354
cycle= 24 E= -2468.62700142434  delta_E= 0.368  |g|= 5.29  |ddm|= 2.13
  HOMO = -0.174078569596409  LUMO = -0.149768891221092
cycle= 25 E= -2468.66282705619  delta_E= -0.0358  |g|= 5.29  |ddm|= 1.47
  HOMO = -0.180001761087078  LUMO = -0.156085466449869
cycle= 26 E= -2468.56568612816  delta_E= 0.0971  |g|= 5.31  |ddm|= 0.788
  HOMO = -0.175249244030814  LUMO = -0.154381522656733
cycle= 27 E= -2468.74499439664  delta_E= -0.179  |g|= 5.25  |ddm|= 0.621
  HOMO = -0.150251511340485  LUMO = -0.148506839583422
cycle= 28 E= -2470.08844388967  delta_E= -1.34  |g|= 4.99  |ddm|= 1.47
  HOMO = -0.191520828127829  LUMO = -0.156161237510801
cycle= 29 E= -2468.48940353438  delta_E=  1.6  |g|= 5.33  |ddm|= 1.55
  HOMO = 0.0311862177326368  LUMO = 0.0437809217386658
cycle= 30 E= -2357.40889990195  delta_E=  111  |g|= 14.1  |ddm|= 30.5
  HOMO = -0.0860124347273182  LUMO = -0.0433541463450228
cycle= 31 E= -2459.58059429267  delta_E= -102  |g|= 5.81  |ddm|= 29.2
  HOMO = -0.164852780878436  LUMO = -0.152583870125784
cycle= 32 E= -2466.28242557471  delta_E= -6.7  |g|=    6  |ddm|= 9.09
  HOMO = -0.19964661540933  LUMO = -0.153811734864073
cycle= 33 E= -2466.91509661436  delta_E= -0.633  |g|= 5.84  |ddm|= 1.83
  HOMO = -0.199719822632029  LUMO = -0.155568686810372
cycle= 34 E= -2467.11122032377  delta_E= -0.196  |g|= 5.78  |ddm|= 0.53
  HOMO = -0.184549144891018  LUMO = -0.152387453319944
cycle= 35 E= -2467.01854822304  delta_E= 0.0927  |g|= 5.79  |ddm|= 0.972
  HOMO = -0.192747322415266  LUMO = -0.157596433334432
cycle= 36 E= -2467.38376073413  delta_E= -0.365  |g|= 5.69  |ddm|= 1.29
  HOMO = -0.19661900995769  LUMO = -0.152083606950601
cycle= 37 E= -2467.32760160211  delta_E= 0.0562  |g|= 5.72  |ddm|= 0.679
  HOMO = -0.202687267426227  LUMO = -0.152958358399413
cycle= 38 E= -2467.07417539182  delta_E= 0.253  |g|=  5.8  |ddm|= 0.619
  HOMO = -0.203449935436657  LUMO = -0.153686120366461
cycle= 39 E= -2467.0303255652  delta_E= 0.0438  |g|= 5.81  |ddm|= 0.0779
  HOMO = 0.00529000329067828  LUMO = 0.00691881111359145
cycle= 40 E= -2371.61759243099  delta_E= 95.4  |g|= 13.3  |ddm|= 26.7
  HOMO = -0.0850082200099672  LUMO = -0.0729844381741967
cycle= 41 E= -2460.79589056346  delta_E= -89.2  |g|= 5.28  |ddm|= 24.9
  HOMO = -0.184080123537322  LUMO = -0.140434730140076
cycle= 42 E= -2463.96473795038  delta_E= -3.17  |g|= 6.25  |ddm|= 8.14
  HOMO = -0.182197517467378  LUMO = -0.160756626715764
cycle= 43 E= -2466.989414356  delta_E= -3.02  |g|= 5.79  |ddm|= 3.24
  HOMO = -0.171845847851822  LUMO = -0.162572118617879
cycle= 44 E= -2466.79575068268  delta_E= 0.194  |g|= 5.88  |ddm|= 1.54
  HOMO = -0.171035754732184  LUMO = -0.168214818722339
cycle= 45 E= -2467.09019180593  delta_E= -0.294  |g|=  5.8  |ddm|= 1.02
  HOMO = -0.173628536825081  LUMO = -0.157876726459474
cycle= 46 E= -2466.94727879943  delta_E= 0.143  |g|= 5.86  |ddm|= 1.24
  HOMO = -0.1672226230516  LUMO = -0.165227877632991
cycle= 47 E= -2466.96059551436  delta_E= -0.0133  |g|= 5.83  |ddm|= 1.25
  HOMO = -0.167066634587541  LUMO = -0.165071316076762
cycle= 48 E= -2467.16589610894  delta_E= -0.205  |g|= 5.77  |ddm|= 0.677
  HOMO = -0.176726047026527  LUMO = -0.165435514329563
cycle= 49 E= -2466.87132631929  delta_E= 0.295  |g|= 5.86  |ddm|= 0.712
  HOMO = 0.0374636109665107  LUMO = 0.0417611632206039
cycle= 50 E= -2322.45709985077  delta_E=  144  |g|= 13.8  |ddm|= 33.2
  HOMO = -0.114310763559676  LUMO = -0.0844675683879687
cycle= 51 E= -2458.37892905619  delta_E= -136  |g|= 6.89  |ddm|= 32.6
  HOMO = -0.180260312109116  LUMO = -0.140906849416703
cycle= 52 E= -2466.6263372096  delta_E= -8.25  |g|= 5.93  |ddm|= 10.6
  HOMO = -0.198371040803975  LUMO = -0.1509107556625
cycle= 53 E= -2467.05728665132  delta_E= -0.431  |g|=  5.8  |ddm|=  1.2
  HOMO = -0.183357395823284  LUMO = -0.154573150922951
cycle= 54 E= -2466.8054472462  delta_E= 0.252  |g|= 5.86  |ddm|= 0.947
  HOMO = -0.191837375419315  LUMO = -0.151996786561562
cycle= 55 E= -2466.68582794589  delta_E= 0.12  |g|= 5.92  |ddm|= 0.709
  HOMO = -0.1926930256283  LUMO = -0.152081051550443
cycle= 56 E= -2466.73266958044  delta_E= -0.0468  |g|=  5.9  |ddm|= 0.383
  HOMO = -0.190782802898593  LUMO = -0.151861900507954
cycle= 57 E= -2466.84386979908  delta_E= -0.111  |g|= 5.87  |ddm|= 0.637
  HOMO = -0.1974969096593  LUMO = -0.158824052957141
cycle= 58 E= -2466.70268792574  delta_E= 0.141  |g|= 5.91  |ddm|= 0.834
  HOMO = -0.157766074993152  LUMO = -0.136446123625215
cycle= 59 E= -2468.07507562294  delta_E= -1.37  |g|= 5.52  |ddm|= 1.76
  HOMO = -0.0111753114592831  LUMO = 0.000806872846273859
cycle= 60 E= -2385.57298098853  delta_E= 82.5  |g|= 11.9  |ddm|= 20.1
  HOMO = -0.0755620250968803  LUMO = -0.0570722205342033
cycle= 61 E= -2461.61416044198  delta_E=  -76  |g|= 4.99  |ddm|= 18.3
  HOMO = -0.146835597310897  LUMO = -0.137263728376503
cycle= 62 E= -2461.44387612503  delta_E= 0.17  |g|=  6.9  |ddm|= 8.75
  HOMO = -0.184743302516716  LUMO = -0.1776549460875
cycle= 63 E= -2466.55411182137  delta_E= -5.11  |g|= 5.95  |ddm|= 3.86
  HOMO = -0.180835990361738  LUMO = -0.172252191492008
cycle= 64 E= -2466.35775046665  delta_E= 0.196  |g|= 5.95  |ddm|= 2.04
  HOMO = -0.174649006019506  LUMO = -0.169248565819585
cycle= 65 E= -2466.5446632804  delta_E= -0.187  |g|= 5.95  |ddm|= 2.03
  HOMO = -0.17369840018712  LUMO = -0.17078694350066
cycle= 66 E= -2466.67362403336  delta_E= -0.129  |g|= 5.92  |ddm|= 0.481
  HOMO = -0.169977379164042  LUMO = -0.165868151172833
cycle= 67 E= -2466.39474687638  delta_E= 0.279  |g|= 5.95  |ddm|= 1.83
  HOMO = -0.180351787244799  LUMO = -0.160274892856105
cycle= 68 E= -2466.39910770137  delta_E= -0.00436  |g|= 6.01  |ddm|= 1.96
  HOMO = -0.178028229300131  LUMO = -0.1618607433312
cycle= 69 E= -2466.60586605572  delta_E= -0.207  |g|= 5.95  |ddm|= 0.301
  HOMO = 0.0118904222237892  LUMO = 0.022969163250009
cycle= 70 E= -2336.32629376813  delta_E=  130  |g|= 14.1  |ddm|= 27.8
  HOMO = -0.124501738033144  LUMO = -0.0776402731018629
cycle= 71 E= -2457.94399754564  delta_E= -122  |g|= 7.14  |ddm|= 26.4
  HOMO = -0.161786936027972  LUMO = -0.160536218712678
cycle= 72 E= -2467.01011329867  delta_E= -9.07  |g|= 5.69  |ddm|= 10.5
  HOMO = -0.173670261482929  LUMO = -0.167363878114805
cycle= 73 E= -2468.63721799906  delta_E= -1.63  |g|= 5.32  |ddm|= 2.43
  HOMO = -0.176286929160332  LUMO = -0.168574223263186
cycle= 74 E= -2468.28722311211  delta_E= 0.35  |g|= 5.44  |ddm|= 1.34
  HOMO = -0.177767268631076  LUMO = -0.169939293145022
cycle= 75 E= -2468.35683115632  delta_E= -0.0696  |g|= 5.42  |ddm|= 0.423
  HOMO = -0.172624924781259  LUMO = -0.144454226776917
cycle= 76 E= -2466.07821202408  delta_E= 2.28  |g|= 5.72  |ddm|= 2.78
  HOMO = -0.16665994673407  LUMO = -0.157563033295698
cycle= 77 E= -2468.35904068433  delta_E= -2.28  |g|= 5.39  |ddm|=  2.9
  HOMO = -0.185618546248055  LUMO = -0.163777594407489
cycle= 78 E= -2468.63331649796  delta_E= -0.274  |g|= 5.31  |ddm|= 1.01
  HOMO = -0.154607529832307  LUMO = -0.135417789985759
cycle= 79 E= -2471.46877167483  delta_E= -2.84  |g|= 4.66  |ddm|= 2.77
  HOMO = 0.016950286492181  LUMO = 0.029145521130932
cycle= 80 E= -2376.481438717  delta_E=   95  |g|=   14  |ddm|= 26.3
  HOMO = -0.0941336640956995  LUMO = -0.0762993173895792
cycle= 81 E= -2460.0410681391  delta_E= -83.6  |g|= 5.66  |ddm|= 24.7
  HOMO = -0.15991820445488  LUMO = -0.144484714660325
cycle= 82 E= -2464.97268214943  delta_E= -4.93  |g|= 6.13  |ddm|= 8.85
  HOMO = -0.173062895021744  LUMO = -0.160995999244141
cycle= 83 E= -2467.36425022173  delta_E= -2.39  |g|= 5.72  |ddm|= 2.53
  HOMO = -0.169687329832418  LUMO = -0.16837403754473
cycle= 84 E= -2467.31485279772  delta_E= 0.0494  |g|= 5.72  |ddm|=  1.3
  HOMO = -0.173919029304343  LUMO = -0.171524696297727
cycle= 85 E= -2466.81389859252  delta_E= 0.501  |g|= 5.82  |ddm|= 1.86
  HOMO = -0.176760805843592  LUMO = -0.165307799403828
cycle= 86 E= -2467.10297132238  delta_E= -0.289  |g|=  5.8  |ddm|= 1.89
  HOMO = -0.167406127015394  LUMO = -0.164014807598468
cycle= 87 E= -2467.08572044031  delta_E= 0.0173  |g|= 5.73  |ddm|= 1.88
  HOMO = -0.166974483013  LUMO = -0.160823670812374
cycle= 88 E= -2466.85221121945  delta_E= 0.234  |g|= 5.89  |ddm|= 2.42
  HOMO = -0.167522007035053  LUMO = -0.165618046486966
cycle= 89 E= -2467.19761315014  delta_E= -0.345  |g|= 5.79  |ddm|= 1.24
  HOMO = 0.0406531134792419  LUMO = 0.0438967400354735
cycle= 90 E= -2326.88873288393  delta_E=  140  |g|= 14.8  |ddm|= 35.2
  HOMO = -0.100531329709803  LUMO = -0.0965975371782028
cycle= 91 E= -2457.0459703925  delta_E= -130  |g|= 7.49  |ddm|= 34.4
  HOMO = -0.157858659102233  LUMO = -0.149011819091716
cycle= 92 E= -2468.18665809836  delta_E= -11.1  |g|= 5.37  |ddm|= 11.2
  HOMO = -0.157715317250355  LUMO = -0.155812411459969
cycle= 93 E= -2469.07109655047  delta_E= -0.884  |g|= 5.17  |ddm|= 1.95
  HOMO = -0.160674016081454  LUMO = -0.155329571004878
cycle= 94 E= -2469.05769093157  delta_E= 0.0134  |g|= 5.17  |ddm|= 0.932
  HOMO = -0.15210499006131  LUMO = -0.149378152684535
cycle= 95 E= -2469.24606481308  delta_E= -0.188  |g|=  5.1  |ddm|= 0.543
  HOMO = -0.16320228533735  LUMO = -0.161069958004616
cycle= 96 E= -2469.30983149744  delta_E= -0.0638  |g|= 5.11  |ddm|= 0.802
  HOMO = -0.165855687940601  LUMO = -0.156699714075837
cycle= 97 E= -2472.17519426937  delta_E= -2.87  |g|= 4.23  |ddm|= 2.75
  HOMO = -0.182069170550126  LUMO = -0.160297860666633
cycle= 98 E= -2468.76749705651  delta_E= 3.41  |g|= 5.25  |ddm|= 2.95
  HOMO = -0.154191809700049  LUMO = -0.15022004726612
cycle= 99 E= -2471.97226812298  delta_E= -3.2  |g|= 4.38  |ddm|= 2.66
  HOMO = 0.0363658947036899  LUMO = 0.0389987203492538
cycle= 100 E= -2365.30349117648  delta_E=  107  |g|= 13.8  |ddm|= 28.4
  HOMO = -0.0917049234500655  LUMO = -0.0652566140505866
cycle= 101 E= -2460.5576511846  delta_E= -95.3  |g|=  5.4  |ddm|= 27.4
  HOMO = -0.164861109287196  LUMO = -0.145585625059197
cycle= 102 E= -2465.7391706223  delta_E= -5.18  |g|= 6.16  |ddm|= 8.66
  HOMO = -0.168592911778033  LUMO = -0.145716870935551
cycle= 103 E= -2466.391015025  delta_E= -0.652  |g|= 5.98  |ddm|= 1.15
  HOMO = -0.16853813233141  LUMO = -0.147994427487352
cycle= 104 E= -2466.28786676961  delta_E= 0.103  |g|= 6.01  |ddm|= 0.756
  HOMO = -0.166741108337877  LUMO = -0.148225392656
cycle= 105 E= -2466.21448325445  delta_E= 0.0734  |g|= 6.03  |ddm|= 0.265
  HOMO = -0.198682901004974  LUMO = -0.150418577251371
cycle= 106 E= -2466.47063430972  delta_E= -0.256  |g|= 5.97  |ddm|= 1.13
  HOMO = -0.18007567939018  LUMO = -0.14927427026886
cycle= 107 E= -2466.62458810221  delta_E= -0.154  |g|= 5.91  |ddm|= 0.733
  HOMO = -0.174780795191311  LUMO = -0.144162192597566
cycle= 108 E= -2466.17856838711  delta_E= 0.446  |g|= 6.07  |ddm|= 1.21
  HOMO = -0.168346824887311  LUMO = -0.141044125329647
cycle= 109 E= -2466.46675694223  delta_E= -0.288  |g|= 5.98  |ddm|= 0.316
  HOMO = 0.00904264214436073  LUMO = 0.0273616291838276
cycle= 110 E= -2378.45701720294  delta_E=   88  |g|= 13.3  |ddm|= 26.7
  HOMO = -0.0965750936490141  LUMO = -0.0486495998648164
cycle= 111 E= -2460.06459628651  delta_E= -81.6  |g|= 5.63  |ddm|= 24.2
  HOMO = -0.175908818285316  LUMO = -0.154106999324639
cycle= 112 E= -2466.38273469838  delta_E= -6.32  |g|= 5.97  |ddm|= 8.63
  HOMO = -0.185361476676384  LUMO = -0.148230987036078
cycle= 113 E= -2467.31143103855  delta_E= -0.929  |g|= 5.72  |ddm|= 1.49
  HOMO = -0.17536490045182  LUMO = -0.145666906401722
cycle= 114 E= -2467.4062874239  delta_E= -0.0949  |g|=  5.7  |ddm|= 0.813
  HOMO = -0.1776843278587  LUMO = -0.147228682124026
cycle= 115 E= -2467.35647554268  delta_E= 0.0498  |g|= 5.71  |ddm|= 0.865
  HOMO = -0.191196064482112  LUMO = -0.161702555378479
cycle= 116 E= -2468.02269726514  delta_E= -0.666  |g|= 5.43  |ddm|= 1.59
  HOMO = -0.175674405895117  LUMO = -0.133284531223133
cycle= 117 E= -2467.3655676331  delta_E= 0.657  |g|= 5.73  |ddm|= 2.08
  HOMO = -0.161089769978187  LUMO = -0.141544235778349
cycle= 118 E= -2467.24412908529  delta_E= 0.121  |g|= 5.72  |ddm|= 1.62
  HOMO = -0.193142028318314  LUMO = -0.15248340838242
cycle= 119 E= -2467.08915647574  delta_E= 0.155  |g|=  5.8  |ddm|= 1.43
  HOMO = 0.0320420962313985  LUMO = 0.042937083227779
cycle= 120 E= -2340.27438886988  delta_E=  127  |g|= 15.7  |ddm|= 32.6
  HOMO = -0.096174160950337  LUMO = -0.058659963342396
cycle= 121 E= -2455.63245196372  delta_E= -115  |g|=  7.6  |ddm|= 32.3
  HOMO = -0.1566560154237  LUMO = -0.135891861176706
cycle= 122 E= -2473.59904964156  delta_E=  -18  |g|= 3.34  |ddm|= 11.7
  HOMO = -0.159688484979686  LUMO = -0.153181860927387
cycle= 123 E= -2473.01685595843  delta_E= 0.582  |g|= 3.83  |ddm|= 1.46
  HOMO = -0.157675815928387  LUMO = -0.150976494565661
cycle= 124 E= -2472.27707337565  delta_E= 0.74  |g|= 4.17  |ddm|= 1.41
  HOMO = -0.0510417915878313  LUMO = -0.0422621694994901
cycle= 125 E= -2464.86557507904  delta_E= 7.41  |g|= 5.17  |ddm|=  5.6
  HOMO = -0.204188619874922  LUMO = -0.196465575189062
cycle= 126 E= -2466.0981634103  delta_E= -1.23  |g|= 5.99  |ddm|= 6.41
  HOMO = -0.190257647608787  LUMO = -0.172868091331474
cycle= 127 E= -2466.84084247282  delta_E= -0.743  |g|= 5.84  |ddm|= 2.08
  HOMO = -0.18857421188974  LUMO = -0.181822828972939
cycle= 128 E= -2466.99265548884  delta_E= -0.152  |g|= 5.79  |ddm|= 0.482
  HOMO = -0.195028860980932  LUMO = -0.180768861108703
cycle= 129 E= -2467.08827992096  delta_E= -0.0956  |g|= 5.77  |ddm|= 0.431
  HOMO = -0.191481591429933  LUMO = -0.180952922577009
cycle= 130 E= -2467.85451696027  delta_E= -0.766  |g|= 5.54  |ddm|= 1.16
  HOMO = -0.183953665186785  LUMO = -0.171113966189281
cycle= 131 E= -2467.88442272617  delta_E= -0.0299  |g|= 5.55  |ddm|= 2.31
  HOMO = -0.155335506245342  LUMO = -0.151972463229358
cycle= 132 E= -2469.59432297147  delta_E= -1.71  |g|= 5.26  |ddm|= 3.74
  HOMO = -0.160343750878008  LUMO = -0.131774332320857
cycle= 133 E= -2470.70738602135  delta_E= -1.11  |g|= 4.63  |ddm|=  4.6
  HOMO = 0.0145110812459551  LUMO = 0.0227834588998498
cycle= 134 E= -2379.14481606305  delta_E= 91.6  |g|= 13.2  |ddm|= 24.9
  HOMO = -0.100961676484376  LUMO = -0.0591536162124583
cycle= 135 E= -2460.58662672635  delta_E= -81.4  |g|= 5.57  |ddm|= 23.8
  HOMO = -0.179739283949196  LUMO = -0.127802011669145
cycle= 136 E= -2464.26254666544  delta_E= -3.68  |g|= 6.27  |ddm|= 8.68
  HOMO = -0.177670938106379  LUMO = -0.163035056329982
cycle= 137 E= -2466.46515256006  delta_E= -2.2  |g|= 5.97  |ddm|= 2.89
  HOMO = -0.18739752739296  LUMO = -0.170195367475577
cycle= 138 E= -2466.52894917581  delta_E= -0.0638  |g|= 5.96  |ddm|= 0.583
  HOMO = -0.187526174428696  LUMO = -0.169249060182971
cycle= 139 E= -2466.67519197205  delta_E= -0.146  |g|= 5.92  |ddm|= 0.397
  HOMO = -0.186405427248035  LUMO = -0.169022949559998
cycle= 140 E= -2466.66454944831  delta_E= 0.0106  |g|= 5.92  |ddm|= 0.167
  HOMO = -0.17168473296932  LUMO = -0.167563383854985
cycle= 141 E= -2465.80096983126  delta_E= 0.864  |g|= 6.11  |ddm|= 1.75
  HOMO = -0.167898121597896  LUMO = -0.15896859593857
cycle= 142 E= -2464.97474758861  delta_E= 0.826  |g|= 6.29  |ddm|=  3.4
  HOMO = -0.179465086482767  LUMO = -0.170874606227513
cycle= 143 E= -2466.57019593427  delta_E= -1.6  |g|= 5.96  |ddm|= 2.54
  HOMO = 0.0496246352255963  LUMO = 0.0536552355205782
cycle= 144 E= -2317.22331874581  delta_E=  149  |g|= 13.6  |ddm|= 35.3
  HOMO = -0.129709689968106  LUMO = -0.0999523857471708
cycle= 145 E= -2457.9607442279  delta_E= -141  |g|=  7.2  |ddm|= 35.2
  HOMO = -0.178923926313381  LUMO = -0.151751336551438
cycle= 146 E= -2466.24871847477  delta_E= -8.29  |g|= 6.04  |ddm|= 10.9
  HOMO = -0.207412005368828  LUMO = -0.158450904280405
cycle= 147 E= -2466.49441049695  delta_E= -0.246  |g|= 5.98  |ddm|= 1.18
  HOMO = -0.210217078555427  LUMO = -0.163079260730815
cycle= 148 E= -2466.35514413653  delta_E= 0.139  |g|= 6.02  |ddm|= 0.42
  HOMO = -0.199130382062836  LUMO = -0.165015987418011
cycle= 149 E= -2466.42171515897  delta_E= -0.0666  |g|=    6  |ddm|= 0.449
  HOMO = -0.18913509291809  LUMO = -0.165393447908936
cycle= 150 E= -2466.01987593077  delta_E= 0.402  |g|= 6.11  |ddm|= 1.02
  HOMO = -0.207596984517469  LUMO = -0.167025117063497
cycle= 151 E= -2466.07403244448  delta_E= -0.0542  |g|=  6.1  |ddm|= 0.831
  HOMO = -0.209263235318099  LUMO = -0.165888026642239
cycle= 152 E= -2466.1407037049  delta_E= -0.0667  |g|= 6.08  |ddm|= 0.159
  HOMO = -0.129598023324466  LUMO = -0.11067380303613
cycle= 153 E= -2470.06038897039  delta_E= -3.92  |g|=  5.2  |ddm|= 3.74
  HOMO = -0.00335416790451667  LUMO = 0.00115826633696191
cycle= 154 E= -2383.1648330206  delta_E= 86.9  |g|= 12.5  |ddm|= 21.4
  HOMO = -0.117238745710375  LUMO = -0.0704944953320311
cycle= 155 E= -2461.43951079131  delta_E= -78.3  |g|= 5.26  |ddm|= 19.4
  HOMO = -0.158727309871412  LUMO = -0.119689627499426
cycle= 156 E= -2463.06480089486  delta_E= -1.63  |g|=  6.6  |ddm|= 8.95
  HOMO = -0.18698015999663  LUMO = -0.159650442280114
cycle= 157 E= -2465.97062572236  delta_E= -2.91  |g|=  6.1  |ddm|= 3.32
  HOMO = -0.170692537939037  LUMO = -0.169339954814314
cycle= 158 E= -2466.18728516156  delta_E= -0.217  |g|= 6.06  |ddm|= 0.907
  HOMO = -0.171783932043862  LUMO = -0.169262857290325
cycle= 159 E= -2466.16846327873  delta_E= 0.0188  |g|= 6.07  |ddm|= 0.578
  HOMO = -0.173911588000621  LUMO = -0.166940770418851
cycle= 160 E= -2466.25999518539  delta_E= -0.0915  |g|= 6.05  |ddm|= 0.471
  HOMO = -0.177456083500556  LUMO = -0.166178800512614
cycle= 161 E= -2466.22812975396  delta_E= 0.0319  |g|= 6.04  |ddm|= 0.634
  HOMO = -0.158373810210727  LUMO = -0.150716231373969
cycle= 162 E= -2465.67510495516  delta_E= 0.553  |g|= 6.23  |ddm|= 2.37
  HOMO = -0.175566599162542  LUMO = -0.162826614708202
cycle= 163 E= -2466.37766454925  delta_E= -0.703  |g|= 6.02  |ddm|= 1.87
  HOMO = 0.00719841873747714  LUMO = 0.0126687416487857
cycle= 164 E= -2345.61249414617  delta_E=  121  |g|= 12.9  |ddm|= 27.6
  HOMO = -0.118272768968068  LUMO = -0.0658790638560928
cycle= 165 E= -2459.83143643351  delta_E= -114  |g|= 5.91  |ddm|= 25.6
  HOMO = -0.169824675214189  LUMO = -0.140101273131408
cycle= 166 E= -2466.39608919755  delta_E= -6.56  |g|= 5.99  |ddm|= 9.22
  HOMO = -0.191831657825579  LUMO = -0.140792539415508
cycle= 167 E= -2466.89932722127  delta_E= -0.503  |g|= 5.85  |ddm|= 1.24
  HOMO = -0.191528230347878  LUMO = -0.146644840960218
cycle= 168 E= -2466.8673704971  delta_E= 0.032  |g|= 5.86  |ddm|= 0.598
  HOMO = -0.198140208422864  LUMO = -0.147799288532278
cycle= 169 E= -2466.9512196165  delta_E= -0.0838  |g|= 5.84  |ddm|= 0.363
  HOMO = -0.195687083777039  LUMO = -0.143876160557457
cycle= 170 E= -2466.85791867304  delta_E= 0.0933  |g|= 5.86  |ddm|= 0.693
  HOMO = -0.193679660159999  LUMO = -0.145974459141983
cycle= 171 E= -2466.73980955902  delta_E= 0.118  |g|=  5.9  |ddm|= 0.715
  HOMO = -0.195025014621674  LUMO = -0.145402495683476
cycle= 172 E= -2466.74853560262  delta_E= -0.00873  |g|=  5.9  |ddm|= 0.142
  HOMO = -0.192370077214009  LUMO = -0.144043927070098
cycle= 173 E= -2466.89485922663  delta_E= -0.146  |g|= 5.86  |ddm|= 0.175
  HOMO = 0.00326859589948283  LUMO = 0.0188388142424273
cycle= 174 E= -2357.09770157668  delta_E=  110  |g|= 15.5  |ddm|= 39.6
  HOMO = -0.0947033362965276  LUMO = -0.0388661865125415
cycle= 175 E= -2456.30943729027  delta_E= -99.2  |g|= 7.54  |ddm|= 37.9
  HOMO = -0.159317644549725  LUMO = -0.145716417136462
cycle= 176 E= -2473.21118265627  delta_E= -16.9  |g|= 3.49  |ddm|= 11.2
  HOMO = -0.153149413136646  LUMO = -0.14103106917673
cycle= 177 E= -2472.09271204241  delta_E= 1.12  |g|= 4.31  |ddm|= 3.14
  HOMO = -0.165473735423531  LUMO = -0.136703591176752
cycle= 178 E= -2475.00096003085  delta_E= -2.91  |g|= 1.77  |ddm|= 2.68
  HOMO = -0.137503596309074  LUMO = -0.119181007139837
cycle= 179 E= -2467.79433810275  delta_E= 7.21  |g|= 5.74  |ddm|=  4.5
  HOMO = -0.152000013045507  LUMO = -0.135168277492669
cycle= 180 E= -2471.44574089648  delta_E= -3.65  |g|= 4.63  |ddm|= 2.52
  HOMO = -0.150514019206525  LUMO = -0.139529136703295
cycle= 181 E= -2471.58310568634  delta_E= -0.137  |g|= 4.56  |ddm|= 0.467
  HOMO = -0.154196855798012  LUMO = -0.133178465953293
cycle= 182 E= -2471.67057709172  delta_E= -0.0875  |g|= 4.53  |ddm|= 0.764
  HOMO = -0.147790826169275  LUMO = -0.131245364105401
cycle= 183 E= -2471.36733193561  delta_E= 0.303  |g|= 4.69  |ddm|= 1.13
  HOMO = -0.0348038335790824  LUMO = -0.0170747137289769
cycle= 184 E= -2460.64142700631  delta_E= 10.7  |g|= 5.53  |ddm|= 6.15
  HOMO = -0.189670808050332  LUMO = -0.17284935313044
cycle= 185 E= -2468.46191731237  delta_E= -7.82  |g|= 5.36  |ddm|= 6.74
  HOMO = -0.18146501530214  LUMO = -0.171400177024161
cycle= 186 E= -2467.47357911162  delta_E= 0.988  |g|= 5.64  |ddm|= 2.05
  HOMO = -0.183149988617238  LUMO = -0.144705723505833
cycle= 187 E= -2469.00837409535  delta_E= -1.53  |g|= 5.27  |ddm|= 4.84
  HOMO = -0.173221678688199  LUMO = -0.168176266570634
cycle= 188 E= -2466.66537212595  delta_E= 2.34  |g|= 5.64  |ddm|= 4.26
  HOMO = -0.186897874310491  LUMO = -0.175507860329766
cycle= 189 E= -2467.79091794914  delta_E= -1.13  |g|= 5.49  |ddm|=  2.7
  HOMO = -0.200606696834689  LUMO = -0.185327724357233
cycle= 190 E= -2468.00637089699  delta_E= -0.215  |g|= 5.39  |ddm|= 1.69
  HOMO = -0.212417245429552  LUMO = -0.18081638631616
cycle= 191 E= -2468.20532579867  delta_E= -0.199  |g|= 5.39  |ddm|= 1.77
  HOMO = -0.171366894253288  LUMO = -0.167462200953927
cycle= 192 E= -2468.98241211397  delta_E= -0.777  |g|= 5.16  |ddm|= 1.86
  HOMO = 0.048696800250894  LUMO = 0.058667085384494
cycle= 193 E= -2350.08642519079  delta_E=  119  |g|= 14.7  |ddm|= 37.7
  HOMO = -0.0795638531216933  LUMO = -0.0394944435734548
cycle= 194 E= -2458.70305774499  delta_E= -109  |g|= 6.22  |ddm|= 37.1
  HOMO = -0.15727120884898  LUMO = -0.148864746989419
cycle= 195 E= -2467.25899247033  delta_E= -8.56  |g|= 5.73  |ddm|= 9.28
  HOMO = -0.155339204245553  LUMO = -0.153314667927325
cycle= 196 E= -2466.64160271425  delta_E= 0.617  |g|= 5.86  |ddm|= 2.86
  HOMO = -0.158794364755496  LUMO = -0.153568427933514
cycle= 197 E= -2467.09933328614  delta_E= -0.458  |g|= 5.67  |ddm|= 3.12
  HOMO = -0.171024755904258  LUMO = -0.156139167511795
cycle= 198 E= -2467.9974692293  delta_E= -0.898  |g|= 5.48  |ddm|= 2.32
  HOMO = -0.171798806548391  LUMO = -0.161797133065864
cycle= 199 E= -2467.31301676905  delta_E= 0.684  |g|=  5.5  |ddm|=  2.1
  HOMO = -0.196687662320872  LUMO = -0.161972724550621
cycle= 200 E= -2468.28465657422  delta_E= -0.972  |g|= 5.39  |ddm|= 2.08
  HOMO = -0.189542295951438  LUMO = -0.163800541580489
cycle= 201 E= -2468.0266543247  delta_E= 0.258  |g|= 5.48  |ddm|= 0.703
  HOMO = -0.189791949806904  LUMO = -0.163253616685988
cycle= 202 E= -2468.08631612317  delta_E= -0.0597  |g|= 5.46  |ddm|= 0.0783
  HOMO = 0.0399426091294417  LUMO = 0.0443103341283853
cycle= 203 E= -2353.54981800189  delta_E=  115  |g|= 14.8  |ddm|= 36.2
  HOMO = -0.0985099302219835  LUMO = -0.0521153494778109
cycle= 204 E= -2457.65233495721  delta_E= -104  |g|= 7.03  |ddm|= 35.1
  HOMO = -0.163140082170547  LUMO = -0.14978818384229
cycle= 205 E= -2468.50799707581  delta_E= -10.9  |g|= 5.34  |ddm|= 10.2
  HOMO = -0.158567247437952  LUMO = -0.153696305973646
cycle= 206 E= -2468.22882824291  delta_E= 0.279  |g|= 5.38  |ddm|= 2.02
  HOMO = -0.166119457278894  LUMO = -0.15362984093723
cycle= 207 E= -2468.8506052694  delta_E= -0.622  |g|= 5.22  |ddm|= 1.88
  HOMO = -0.160012627794729  LUMO = -0.153657033817164
cycle= 208 E= -2467.8469896802  delta_E=    1  |g|= 5.38  |ddm|= 2.24
  HOMO = -0.159016608194542  LUMO = -0.155196006519062
cycle= 209 E= -2471.99953530319  delta_E= -4.15  |g|= 4.24  |ddm|= 3.29
  HOMO = -0.187083645264657  LUMO = -0.154757413151797
cycle= 210 E= -2468.58916627603  delta_E= 3.41  |g|= 5.31  |ddm|= 2.76
  HOMO = -0.188739925997998  LUMO = -0.154151867016843
cycle= 211 E= -2468.49213268618  delta_E= 0.097  |g|= 5.34  |ddm|= 0.195
  HOMO = -0.180490917211907  LUMO = -0.154296523856345
cycle= 212 E= -2468.64497180779  delta_E= -0.153  |g|= 5.31  |ddm|= 0.255
  HOMO = 0.00718553129709186  LUMO = 0.0159417163055905
cycle= 213 E= -2422.69818991492  delta_E= 45.9  |g|= 15.9  |ddm|= 17.2
  HOMO = -0.0881781714236852  LUMO = -0.0063923427291505
cycle= 214 E= -2457.69596262242  delta_E=  -35  |g|= 6.54  |ddm|= 15.1
  HOMO = -0.195147477897855  LUMO = -0.172152713796925
cycle= 215 E= -2467.74919284557  delta_E= -10.1  |g|= 5.57  |ddm|= 9.96
  HOMO = -0.199817881622799  LUMO = -0.164431941510675
cycle= 216 E= -2468.17617338064  delta_E= -0.427  |g|= 5.45  |ddm|= 0.863
  HOMO = -0.167511507222845  LUMO = -0.164429494476503
cycle= 217 E= -2467.44575443964  delta_E= 0.73  |g|= 5.57  |ddm|= 1.99
  HOMO = -0.169177630373034  LUMO = -0.163675010035538
cycle= 218 E= -2468.72316180196  delta_E= -1.28  |g|= 5.32  |ddm|= 2.53
  HOMO = -0.171689475179748  LUMO = -0.16304252153761
cycle= 219 E= -2468.83217514653  delta_E= -0.109  |g|= 5.21  |ddm|= 2.14
  HOMO = -0.166162099732937  LUMO = -0.158557029254305
cycle= 220 E= -2469.098194292  delta_E= -0.266  |g|=  5.1  |ddm|= 1.11
  HOMO = -0.170571520253628  LUMO = -0.159091530611692
cycle= 221 E= -2468.78099372413  delta_E= 0.317  |g|= 5.25  |ddm|=  1.1
  HOMO = -0.173990083336242  LUMO = -0.163077538754522
cycle= 222 E= -2468.74616914838  delta_E= 0.0348  |g|= 5.25  |ddm|= 0.309
  HOMO = 0.0221090012133443  LUMO = 0.0388310742155442
cycle= 223 E= -2356.37164165072  delta_E=  112  |g|= 14.4  |ddm|= 31.9
  HOMO = -0.0922094082978169  LUMO = -0.0754685164316479
cycle= 224 E= -2456.28182660188  delta_E= -99.9  |g|= 6.83  |ddm|= 30.8
  HOMO = -0.121512766597827  LUMO = -0.093024000905025
cycle= 225 E= -2462.0460706059  delta_E= -5.76  |g|= 6.59  |ddm|= 10.7
  HOMO = -0.158285319636545  LUMO = -0.1512384026854
cycle= 226 E= -2466.52848579224  delta_E= -4.48  |g|= 5.73  |ddm|= 3.02
  HOMO = -0.166174188088926  LUMO = -0.158783730064295
cycle= 227 E= -2468.07300480409  delta_E= -1.54  |g|= 5.47  |ddm|= 2.03
  HOMO = -0.168681569792345  LUMO = -0.159008793900097
cycle= 228 E= -2468.03070928989  delta_E= 0.0423  |g|= 5.49  |ddm|= 0.149
  HOMO = -0.169286131701028  LUMO = -0.15740388323341
cycle= 229 E= -2468.31900386603  delta_E= -0.288  |g|= 5.32  |ddm|= 1.63
  HOMO = -0.162404649560299  LUMO = -0.15458918210914
cycle= 230 E= -2467.53580523841  delta_E= 0.783  |g|= 5.44  |ddm|= 2.35
  HOMO = -0.179575123388822  LUMO = -0.159575370912825
cycle= 231 E= -2468.36553214694  delta_E= -0.83  |g|= 5.35  |ddm|= 2.24
  HOMO = -0.14780694994185  LUMO = -0.137492371579965
cycle= 232 E= -2471.38849810884  delta_E= -3.02  |g|= 4.61  |ddm|= 3.01
  HOMO = 0.0127233362039853  LUMO = 0.0180622789687876
cycle= 233 E= -2355.32005431945  delta_E=  116  |g|= 14.7  |ddm|= 37.7
  HOMO = -0.0882745973745017  LUMO = -0.0618546315026766
cycle= 234 E= -2459.47600533628  delta_E= -104  |g|= 5.89  |ddm|= 36.5
  HOMO = -0.157366193723382  LUMO = -0.147811037365554
cycle= 235 E= -2466.2071015675  delta_E= -6.73  |g|= 6.03  |ddm|= 9.18
  HOMO = -0.161652613349614  LUMO = -0.148875247493707
cycle= 236 E= -2467.02027797161  delta_E= -0.813  |g|= 5.81  |ddm|= 1.47
  HOMO = -0.154467466391803  LUMO = -0.147795416516051
cycle= 237 E= -2466.59259654302  delta_E= 0.428  |g|= 5.78  |ddm|= 2.13
  HOMO = -0.187673589688869  LUMO = -0.145183968153878
cycle= 238 E= -2467.53139668469  delta_E= -0.939  |g|= 5.63  |ddm|=  2.2
  HOMO = -0.191107409185057  LUMO = -0.148473800574209
cycle= 239 E= -2467.45847082495  delta_E= 0.0729  |g|= 5.66  |ddm|= 1.04
  HOMO = -0.19016649171033  LUMO = -0.148808964926513
cycle= 240 E= -2467.43758148866  delta_E= 0.0209  |g|= 5.67  |ddm|= 0.12
  HOMO = -0.141587740117217  LUMO = -0.139613487900074
cycle= 241 E= -2466.1063966073  delta_E= 1.33  |g|= 6.01  |ddm|= 2.37
  HOMO = -0.18912393858742  LUMO = -0.147119674615002
cycle= 242 E= -2467.41360091897  delta_E= -1.31  |g|=  5.7  |ddm|= 2.05
  HOMO = 0.048328881953179  LUMO = 0.0515572310355713
cycle= 243 E= -2312.471105522  delta_E=  155  |g|= 14.9  |ddm|= 55.5
  HOMO = -0.110041571403557  LUMO = -0.0521896699301611
cycle= 244 E= -2457.79432336823  delta_E= -145  |g|=    7  |ddm|= 54.5
  HOMO = -0.172609622828252  LUMO = -0.155054266217808
cycle= 245 E= -2467.38573140462  delta_E= -9.59  |g|= 5.69  |ddm|= 10.7
  HOMO = -0.170952208837719  LUMO = -0.153699330220301
cycle= 246 E= -2467.8783768974  delta_E= -0.493  |g|= 5.55  |ddm|= 1.31
  HOMO = -0.166608496626024  LUMO = -0.149632741492891
cycle= 247 E= -2467.79162723603  delta_E= 0.0867  |g|= 5.53  |ddm|= 1.78
  HOMO = -0.180321851078701  LUMO = -0.151505800108679
cycle= 248 E= -2468.02857375396  delta_E= -0.237  |g|= 5.49  |ddm|= 1.66
  HOMO = -0.195488787882505  LUMO = -0.154656832279141
cycle= 249 E= -2468.19396315898  delta_E= -0.165  |g|= 5.43  |ddm|= 0.878
  HOMO = -0.162557185919306  LUMO = -0.153885773135328
cycle= 250 E= -2467.65896691119  delta_E= 0.535  |g|=  5.6  |ddm|= 1.34
  HOMO = -0.185384369154541  LUMO = -0.154574700040263
cycle= 251 E= -2468.3502410871  delta_E= -0.691  |g|= 5.37  |ddm|= 1.35

WARN: HOMO -0.147067567867174 == LUMO -0.146517236479684

cycle= 252 E= -2469.42199721905  delta_E= -1.07  |g|= 5.17  |ddm|= 1.53
  HOMO = 0.0355418030153745  LUMO = 0.038392374647761
cycle= 253 E= -2347.83290411745  delta_E=  122  |g|= 14.7  |ddm|= 32.1
  HOMO = -0.101958342977289  LUMO = -0.0610278017761324
cycle= 254 E= -2457.46576423552  delta_E= -110  |g|= 7.11  |ddm|=   32
  HOMO = -0.163375991737319  LUMO = -0.151769114966657
cycle= 255 E= -2468.90515903784  delta_E= -11.4  |g|= 5.19  |ddm|= 10.6
  HOMO = -0.163423475352989  LUMO = -0.153019398006783
cycle= 256 E= -2469.02581896142  delta_E= -0.121  |g|= 5.16  |ddm|= 1.02
  HOMO = -0.155085619620169  LUMO = -0.153284268985193
cycle= 257 E= -2471.81273816457  delta_E= -2.79  |g|= 4.37  |ddm|= 2.71
  HOMO = -0.179414743108584  LUMO = -0.153085550471096
cycle= 258 E= -2468.89093953674  delta_E= 2.92  |g|=  5.2  |ddm|= 2.78
  HOMO = -0.184677852704463  LUMO = -0.1534301703274
cycle= 259 E= -2468.71389396647  delta_E= 0.177  |g|= 5.26  |ddm|= 0.461
  HOMO = -0.183666862633537  LUMO = -0.153458928991944
cycle= 260 E= -2468.63294759285  delta_E= 0.0809  |g|= 5.29  |ddm|= 0.375
  HOMO = -0.184180154547969  LUMO = -0.154667663964713
cycle= 261 E= -2468.78579374349  delta_E= -0.153  |g|= 5.24  |ddm|= 0.476
  HOMO = -0.172036592047913  LUMO = -0.150413397190459
cycle= 262 E= -2468.70457027769  delta_E= 0.0812  |g|= 5.29  |ddm|= 0.647
  HOMO = 0.0134245112366153  LUMO = 0.0275834596003825
cycle= 263 E= -2397.60179683149  delta_E= 71.1  |g|=   17  |ddm|= 19.6
  HOMO = -0.0709570633062833  LUMO = -0.0127677483618911
cycle= 264 E= -2457.1558915581  delta_E= -59.6  |g|=  6.8  |ddm|= 16.6
  HOMO = -0.172313153944287  LUMO = -0.169570676469225
cycle= 265 E= -2468.4796360442  delta_E= -11.3  |g|= 5.34  |ddm|= 10.5
  HOMO = -0.161436010505203  LUMO = -0.156618812991271
cycle= 266 E= -2471.20658457874  delta_E= -2.73  |g|=  4.7  |ddm|= 2.88
  HOMO = -0.171012879903815  LUMO = -0.161530480636848
cycle= 267 E= -2469.12015158269  delta_E= 2.09  |g|= 5.14  |ddm|= 2.87
  HOMO = -0.178690997875496  LUMO = -0.158848942953929
cycle= 268 E= -2468.92934181967  delta_E= 0.191  |g|= 5.19  |ddm|= 0.859
  HOMO = -0.174344245620329  LUMO = -0.158377216524271
cycle= 269 E= -2468.90833728204  delta_E= 0.021  |g|= 5.19  |ddm|= 0.896
  HOMO = -0.172732582311347  LUMO = -0.160052127746955
cycle= 270 E= -2468.4247070582  delta_E= 0.484  |g|= 5.24  |ddm|= 1.96
  HOMO = -0.168036287736046  LUMO = -0.158579545038937
cycle= 271 E= -2474.32548476233  delta_E= -5.9  |g|= 2.58  |ddm|= 3.41
  HOMO = -0.167840488012127  LUMO = -0.154752121816991
cycle= 272 E= -2467.29223331586  delta_E= 7.03  |g|= 5.74  |ddm|=  4.2
  HOMO = -0.0174220110491447  LUMO = 0.00433376141421821
cycle= 273 E= -2457.25108999156  delta_E=   10  |g|= 6.38  |ddm|= 8.87
  HOMO = -0.183856768543445  LUMO = -0.181102843458149
cycle= 274 E= -2472.56764272972  delta_E= -15.3  |g|= 3.99  |ddm|= 8.33
  HOMO = -0.195820257095689  LUMO = -0.183370167080762
cycle= 275 E= -2473.35360551468  delta_E= -0.786  |g|= 3.48  |ddm|= 1.57
  HOMO = -0.18448248416966  LUMO = -0.180485253507677
cycle= 276 E= -2471.81048861037  delta_E= 1.54  |g|= 4.41  |ddm|= 2.08
  HOMO = -0.179215355440818  LUMO = -0.17093584864431
cycle= 277 E= -2471.32659710859  delta_E= 0.484  |g|= 4.65  |ddm|=  1.8
  HOMO = -0.166886304566178  LUMO = -0.148791360134982
cycle= 278 E= -2470.17811446402  delta_E= 1.15  |g|= 4.93  |ddm|= 2.68
  HOMO = -0.172681903707197  LUMO = -0.160192901628576
cycle= 279 E= -2471.40137852497  delta_E= -1.22  |g|= 4.65  |ddm|= 2.68
  HOMO = -0.165345731615188  LUMO = -0.161673113663433
cycle= 280 E= -2468.84463190345  delta_E= 2.56  |g|= 5.32  |ddm|=  3.5
  HOMO = -0.175503418607838  LUMO = -0.155719935280035
cycle= 281 E= -2468.58717370707  delta_E= 0.257  |g|= 5.31  |ddm|= 2.72
  HOMO = 0.034706792736056  LUMO = 0.0446191223663881
cycle= 282 E= -2414.4664021756  delta_E= 54.1  |g|= 13.8  |ddm|= 30.9
  HOMO = -0.0797225808701177  LUMO = -0.00656313080583558
cycle= 283 E= -2459.47376522047  delta_E=  -45  |g|= 5.68  |ddm|= 29.9
  HOMO = -0.163820367975482  LUMO = -0.159001567463313
cycle= 284 E= -2466.52510586936  delta_E= -7.05  |g|= 5.87  |ddm|= 8.17
  HOMO = -0.176477883823445  LUMO = -0.158940251624718
cycle= 285 E= -2467.26837487486  delta_E= -0.743  |g|= 5.64  |ddm|= 3.03
  HOMO = -0.197596180736494  LUMO = -0.1588493585131
cycle= 286 E= -2467.88859311255  delta_E= -0.62  |g|= 5.51  |ddm|= 1.89
  HOMO = -0.167326841963902  LUMO = -0.161590690112195
cycle= 287 E= -2466.67869211868  delta_E= 1.21  |g|= 5.73  |ddm|= 2.32
  HOMO = -0.177450847600947  LUMO = -0.166240731711793
cycle= 288 E= -2467.9884005497  delta_E= -1.31  |g|= 5.49  |ddm|= 2.33
  HOMO = -0.178078715663363  LUMO = -0.174321296131046
cycle= 289 E= -2467.62622269795  delta_E= 0.362  |g|= 5.48  |ddm|= 2.06
  HOMO = -0.187817305439895  LUMO = -0.169196368910707
cycle= 290 E= -2468.35828233236  delta_E= -0.732  |g|= 5.35  |ddm|=  1.9
  HOMO = -0.204059311481282  LUMO = -0.174924496442344
cycle= 291 E= -2468.17752160066  delta_E= 0.181  |g|= 5.42  |ddm|= 0.647
  HOMO = 0.0529734221079581  LUMO = 0.0625018874574175
cycle= 292 E= -2294.02345208989  delta_E=  174  |g|= 14.7  |ddm|= 46.3
  HOMO = -0.0959036375917887  LUMO = -0.0831654469572504
cycle= 293 E= -2458.3953424223  delta_E= -164  |g|= 6.31  |ddm|= 46.1
  HOMO = -0.179366601952274  LUMO = -0.143270016798177
cycle= 294 E= -2463.91468403527  delta_E= -5.52  |g|= 6.32  |ddm|= 10.2
  HOMO = -0.190032405285776  LUMO = -0.170755521861922
cycle= 295 E= -2466.77104198974  delta_E= -2.86  |g|= 5.87  |ddm|= 2.89
  HOMO = -0.180103559246951  LUMO = -0.173769477761131
cycle= 296 E= -2465.68321955111  delta_E= 1.09  |g|= 6.04  |ddm|= 1.98
  HOMO = -0.182458194906305  LUMO = -0.174626912058167
cycle= 297 E= -2467.36467470712  delta_E= -1.68  |g|= 5.63  |ddm|= 2.19
  HOMO = -0.183308134407525  LUMO = -0.181046668279704
cycle= 298 E= -2466.44107795568  delta_E= 0.924  |g|= 5.84  |ddm|= 2.32
  HOMO = -0.190150108523905  LUMO = -0.174972169696892
cycle= 299 E= -2467.23133687249  delta_E= -0.79  |g|= 5.73  |ddm|= 2.31
  HOMO = -0.189400026327682  LUMO = -0.177835648353089
cycle= 300 E= -2467.16034449615  delta_E= 0.071  |g|= 5.75  |ddm|= 0.583
  HOMO = -0.166293993517849  LUMO = -0.160369685623958
cycle= 301 E= -2468.14749480587  delta_E= -0.987  |g|= 5.41  |ddm|= 2.13
  HOMO = 0.0238380222586607  LUMO = 0.0285971289265259
cycle= 302 E= -2348.07903735034  delta_E=  120  |g|= 15.6  |ddm|= 29.7
  HOMO = -0.0796879301680956  LUMO = -0.0685660583587693
cycle= 303 E= -2457.01288143096  delta_E= -109  |g|=  7.3  |ddm|= 29.3
  HOMO = -0.147752475117527  LUMO = -0.143225765074693
cycle= 304 E= -2468.10258814832  delta_E= -11.1  |g|=  5.3  |ddm|= 10.8
  HOMO = -0.153390990403367  LUMO = -0.142109521103434
cycle= 305 E= -2472.21978399171  delta_E= -4.12  |g|= 4.16  |ddm|= 3.28
  HOMO = -0.164847363788327  LUMO = -0.146594839010441
cycle= 306 E= -2474.43424834485  delta_E= -2.21  |g|= 2.57  |ddm|= 2.27
  HOMO = -0.173338332128587  LUMO = -0.168044370105543
cycle= 307 E= -2467.98473178164  delta_E= 6.45  |g|=  5.6  |ddm|= 4.05
  HOMO = -0.176090701920287  LUMO = -0.167527773883811
cycle= 308 E= -2468.44982746  delta_E= -0.465  |g|= 5.44  |ddm|= 1.84
  HOMO = -0.1711386571458  LUMO = -0.162700322486257
cycle= 309 E= -2467.976395192  delta_E= 0.473  |g|= 5.47  |ddm|= 2.19
  HOMO = -0.174265023446382  LUMO = -0.163869826928463
cycle= 310 E= -2470.91592556712  delta_E= -2.94  |g|= 4.86  |ddm|= 2.81
  HOMO = -0.170831829720381  LUMO = -0.150617419751359
cycle= 311 E= -2470.97346286652  delta_E= -0.0575  |g|= 4.84  |ddm|= 0.452
  HOMO = -0.00322666283216859  LUMO = 0.0006515090941781
cycle= 312 E= -2451.9969108271  delta_E=   19  |g|= 7.34  |ddm|= 9.71
  HOMO = -0.187114573577051  LUMO = -0.160606262063749
cycle= 313 E= -2474.79336486042  delta_E= -22.8  |g|= 2.04  |ddm|= 9.42
  HOMO = -0.16624572305233  LUMO = -0.155143960484632
cycle= 314 E= -2470.97558426364  delta_E= 3.82  |g|= 4.84  |ddm|= 3.41
  HOMO = -0.157223071006219  LUMO = -0.139522353918388
cycle= 315 E= -2472.16188057393  delta_E= -1.19  |g|= 4.29  |ddm|= 1.69
  HOMO = -0.161898695661092  LUMO = -0.14801357025503
cycle= 316 E= -2472.44191623147  delta_E= -0.28  |g|= 4.15  |ddm|= 0.534
  HOMO = -0.155909772259692  LUMO = -0.144136330877877
cycle= 317 E= -2472.63938466872  delta_E= -0.197  |g|= 4.01  |ddm|= 0.38
  HOMO = -0.163441165931549  LUMO = -0.155709589240708
cycle= 318 E= -2468.80703554862  delta_E= 3.83  |g|= 5.29  |ddm|=  2.7
  HOMO = -0.161060520053578  LUMO = -0.147501222404041
cycle= 319 E= -2472.12871076192  delta_E= -3.32  |g|= 4.34  |ddm|= 2.68
  HOMO = -0.0565146365149659  LUMO = -0.0414348637352176
cycle= 320 E= -2470.28084774599  delta_E= 1.85  |g|= 4.56  |ddm|= 5.04
  HOMO = -0.143431776552892  LUMO = -0.112787035876688
cycle= 321 E= -2474.81288266699  delta_E= -4.53  |g|= 2.25  |ddm|= 4.63
  HOMO = -0.190034282823463  LUMO = -0.170474708179812
cycle= 322 E= -2474.0391371903  delta_E= 0.774  |g|= 2.63  |ddm|= 3.53
  HOMO = -0.171653346211371  LUMO = -0.147991166980116
cycle= 323 E= -2474.87944718814  delta_E= -0.84  |g|= 2.18  |ddm|= 2.75
  HOMO = -0.169057688663122  LUMO = -0.150748694596339
cycle= 324 E= -2474.93765657379  delta_E= -0.0582  |g|= 2.11  |ddm|= 0.449
  HOMO = -0.165132003648513  LUMO = -0.147369758996531
cycle= 325 E= -2475.04038736562  delta_E= -0.103  |g|= 1.87  |ddm|= 0.821
  HOMO = -0.169616894608692  LUMO = -0.146974227161279
cycle= 326 E= -2475.05884944185  delta_E= -0.0185  |g|= 1.91  |ddm|= 1.26
  HOMO = -0.168272020117175  LUMO = -0.145454989768869
cycle= 327 E= -2474.22855325479  delta_E= 0.83  |g|=  2.9  |ddm|= 1.33
  HOMO = -0.119842025903333  LUMO = -0.0922848318366494
cycle= 328 E= -2475.44454426883  delta_E= -1.22  |g|= 0.974  |ddm|= 2.03
  HOMO = -0.082518055917017  LUMO = -0.0747907614621234
cycle= 329 E= -2473.0788440353  delta_E= 2.37  |g|= 3.59  |ddm|= 2.98
  HOMO = -0.157817596476674  LUMO = -0.113939326593506
cycle= 330 E= -2475.54623547367  delta_E= -2.47  |g|= 0.939  |ddm|= 2.78
  HOMO = -0.141747346625594  LUMO = -0.105757983792166
cycle= 331 E= -2475.67668365266  delta_E= -0.13  |g|= 0.415  |ddm|= 0.818
  HOMO = -0.137287665837042  LUMO = -0.0984349719300992
cycle= 332 E= -2475.70050795774  delta_E= -0.0238  |g|= 0.342  |ddm|= 0.592
  HOMO = -0.13818212621679  LUMO = -0.100422110108271
cycle= 333 E= -2475.71750232823  delta_E= -0.017  |g|= 0.175  |ddm|= 0.344
  HOMO = -0.134531194844833  LUMO = -0.096033550815944
cycle= 334 E= -2475.72259428157  delta_E= -0.00509  |g|= 0.112  |ddm|= 0.201
  HOMO = -0.134353165366383  LUMO = -0.096135277711318
cycle= 335 E= -2475.72237044412  delta_E= 0.000224  |g|= 0.101  |ddm|= 0.159
  HOMO = -0.132043031592918  LUMO = -0.0940026037257973
cycle= 336 E= -2475.72501314386  delta_E= -0.00264  |g|= 0.0177  |ddm|= 0.124
  HOMO = -0.131999386080524  LUMO = -0.0939937361098493
cycle= 337 E= -2475.72478399174  delta_E= 0.000229  |g|= 0.0312  |ddm|= 0.0578
  HOMO = -0.132211452447855  LUMO = -0.0940935323169056
cycle= 338 E= -2475.72509246054  delta_E= -0.000308  |g|= 0.00551  |ddm|= 0.0435
  HOMO = -0.132315334369223  LUMO = -0.0942201083354395
cycle= 339 E= -2475.72509351223  delta_E= -1.05e-06  |g|= 0.00557  |ddm|= 0.00931
  HOMO = -0.132167337228644  LUMO = -0.0940563218857367
cycle= 340 E= -2475.72509847743  delta_E= -4.97e-06  |g|= 0.003  |ddm|= 0.00647
  HOMO = -0.132238467688413  LUMO = -0.0941352606785305
cycle= 341 E= -2475.72509961247  delta_E= -1.14e-06  |g|= 0.00208  |ddm|= 0.00442
  HOMO = -0.132235373815209  LUMO = -0.094127526363815
cycle= 342 E= -2475.72510069112  delta_E= -1.08e-06  |g|= 0.000273  |ddm|= 0.00229
  HOMO = -0.132287877293699  LUMO = -0.0941750115516717
cycle= 343 E= -2475.72510024602  delta_E= 4.45e-07  |g|= 0.00152  |ddm|= 0.00162
  HOMO = -0.132238736942682  LUMO = -0.0941324304764973
cycle= 344 E= -2475.7251007038  delta_E= -4.58e-07  |g|= 0.00015  |ddm|= 0.00139
  HOMO = -0.132237024642327  LUMO = -0.0941314454209592
cycle= 345 E= -2475.72510070252  delta_E= 1.28e-09  |g|= 0.000197  |ddm|= 0.000281
  HOMO = -0.132241842123696  LUMO = -0.0941349486677765
cycle= 346 E= -2475.72510071011  delta_E= -7.59e-09  |g|= 2.59e-05  |ddm|= 0.000183
  HOMO = -0.132241374325476  LUMO = -0.0941343411355862
cycle= 347 E= -2475.72510070958  delta_E= 5.29e-10  |g|= 4.86e-05  |ddm|= 8.22e-05
  HOMO = -0.132241347459646  LUMO = -0.0941343653327401
cycle= 348 E= -2475.72510071026  delta_E= -6.79e-10  |g|= 1.34e-05  |ddm|= 6.36e-05
  HOMO = -0.132241018070548  LUMO = -0.0941339737266611
cycle= 349 E= -2475.72510071025  delta_E= 7.28e-12  |g|= 1.49e-05  |ddm|= 2.12e-05
  HOMO = -0.132241417651205  LUMO = -0.0941344009089401
cycle= 350 E= -2475.7251007103  delta_E= -4.55e-11  |g|= 5.91e-06  |ddm|= 1.73e-05
  HOMO = -0.132241473838003  LUMO = -0.0941344199939098
cycle= 351 E= -2475.7251007103  delta_E= -3.64e-12  |g|= 8.54e-06  |ddm|= 1.36e-05
  HOMO = -0.132241332148321  LUMO = -0.0941343145918464
cycle= 352 E= -2475.7251007103  delta_E=    0  |g|= 1.29e-06  |ddm|= 9.32e-06
  HOMO = -0.132241349621482  LUMO = -0.0941343399158703
cycle= 353 E= -2475.7251007103  delta_E= -3.64e-12  |g|= 1.25e-06  |ddm|= 2.26e-06
  HOMO = -0.132241362471037  LUMO = -0.094134348800871
cycle= 354 E= -2475.72510071031  delta_E= -1.82e-12  |g|= 6.29e-07  |ddm|= 1.86e-06
  HOMO = -0.132241407025309  LUMO = -0.0941343789014826
Extra cycle  E= -2475.72510071029  delta_E= 1.09e-11  |g|= 2.7e-06  |ddm|= 3.74e-06
converged SCF energy = -2475.72510071029
AOs:  [0, 1, 2, 3, 4, 5, 6, 7, 8, 9, 10, 11, 12, 13, 14, 15, 16, 17, 18, 19, 20, 21, 22, 23, 24, 25, 26, 27, 28, 29, 30, 31, 32, 33, 34, 35, 36, 37, 38, 39, 40, 41, 42, 43, 44, 45, 46, 47, 48, 49, 50, 51, 52, 53, 54, 55, 56, 57, 58, 59, 60, 61, 62, 63, 64, 65, 66, 67, 68, 69, 70, 71, 72, 73, 74, 75, 76, 77, 78, 79, 80, 81, 82, 83, 84, 85, 86, 87, 88, 89, 90, 91, 92, 93, 94, 95, 96, 97, 98, 99, 100, 101, 102, 103, 104, 105, 106, 107, 108, 109, 110, 111, 112, 113, 114, 115, 116, 117, 118, 119, 120, 121, 122, 123, 124, 125, 126, 127, 128, 129, 130, 131, 132, 133, 134, 135, 136, 137, 138, 139, 140, 141, 142, 143, 144, 145, 146, 147, 148, 149, 150, 151, 152, 153, 154, 155, 156, 157, 158, 159, 160, 161, 162, 163, 164, 165, 166, 167, 168, 169, 170, 171, 172, 173, 174, 175, 176, 177, 178, 179, 180, 181, 182, 183, 184, 185, 186, 187, 188, 189, 190, 191, 192, 193, 194, 195, 196, 197, 198, 199, 200, 201, 202, 203, 204, 205, 206, 207, 208, 209, 210, 211, 212, 213, 214, 215, 216, 217, 218, 219, 220, 221, 222, 223, 224, 225, 226, 227, 228, 229, 230, 231, 232, 233, 234, 235, 236, 237, 238, 239, 240, 241, 242, 243, 244, 245, 246, 247, 248, 249, 250, 251, 252, 253, 254, 255, 256, 257, 258, 259, 260, 261, 262, 263, 264, 265, 266, 267, 268, 269, 270, 271, 272, 273, 274, 275, 276, 277, 278, 279, 280, 281, 282, 283, 284, 285, 286, 287, 288, 289, 290, 291, 292, 293, 294, 295, 296, 297, 298, 299, 300, 301, 302, 303, 304, 305, 306, 307, 308, 309, 310, 311, 312, 313, 314, 315, 316, 317, 318, 319, 320, 321, 322, 323, 324, 325, 326, 327, 328, 329, 330, 331, 332, 333, 334, 335, 336, 337, 338, 339, 340, 341, 342, 343, 344, 345, 346, 347, 348, 349, 350, 351, 352, 353, 354, 355, 356, 357, 358, 359, 360, 361, 362, 363, 364, 365, 366, 367, 368, 369, 370, 371, 372, 373, 374, 375, 376, 377, 378, 379, 380, 381, 382, 383, 384, 385, 386, 387, 388, 389, 390, 391, 392, 393, 394, 395, 396, 397, 398, 399, 400, 401, 402, 403, 404, 405, 406, 407, 408, 409, 410, 411, 412, 413, 414, 415, 416, 417, 418, 419, 420, 421, 422, 423, 424, 425, 426, 427, 428, 429, 430, 431, 432, 433, 434, 435, 436, 437, 438, 439, 440, 441, 442, 443, 444, 445, 446, 447, 448, 449, 450, 451, 452, 453, 454, 455, 456, 457, 458, 459, 460, 461, 462, 463, 464, 465, 466, 467, 468, 469, 470, 471, 472, 473, 474, 475, 476, 477, 478, 479, 480, 481, 482, 483, 484, 485, 486, 487, 488, 489, 490, 491, 492, 493, 494, 495, 496, 497, 498, 499, 500, 501, 502, 503, 504, 505, 506, 507, 508, 509, 510, 511, 512, 513, 514, 515, 516]
517
Number of Active MOs:  111
Number of Environment MOs:  0
Number of Virtual MOs:  406
 # electrons:            α            β
         Env:   0.00000000   0.00000000
         Act: 111.00000000 111.00000000
         Vir:  -0.00000000  -0.00000000
Number of electrons in the active space:  222

 The density matrix is idempotent!

 The density matrix is idempotent!


******** <class 'pyscf.dft.rks.RKS'> ********
method = RKS-RHF
initial guess = minao
damping factor = 0
level_shift factor = 0
DIIS = <class 'pyscf.scf.diis.CDIIS'>
diis_start_cycle = 1
diis_space = 8
SCF conv_tol = 1e-09
SCF conv_tol_grad = 1e-06
SCF max_cycles = 200
direct_scf = True
direct_scf_tol = 1e-13
chkfile to save SCF result = subsys_scf.chk
max_memory 900000 MB (current use 73002 MB)
XC library pyscf.dft.libxc version 5.1.7
    S. Lehtola, C. Steigemann, M. J. Oliveira, and M. A. Marques, SoftwareX 7, 1 (2018)
XC functionals = pbe
    J. P. Perdew, K. Burke, and M. Ernzerhof, Phys. Rev. Lett. 77, 3865 (1996)
    J. P. Perdew, K. Burke, and M. Ernzerhof, Phys. Rev. Lett. 78, 1396 (1997)
    J. P. Perdew, K. Burke, and M. Ernzerhof, Phys. Rev. Lett. 77, 3865 (1996)
    J. P. Perdew, K. Burke, and M. Ernzerhof, Phys. Rev. Lett. 78, 1396 (1997)
small_rho_cutoff = 1e-07
init E= -2475.72469605572
  HOMO = -0.132073185090564  LUMO = -0.0943813411131421
cycle= 1 E= -2475.72469590425  delta_E= 1.51e-07  |g|= 0.00227  |ddm|= 0.00607
  HOMO = -0.133105351284973  LUMO = -0.0952878201304468
cycle= 2 E= -2475.72452808659  delta_E= 0.000168  |g|= 0.0306  |ddm|= 0.0251
  HOMO = -0.132130172496087  LUMO = -0.0944643251566191
cycle= 3 E= -2475.72469647515  delta_E= -0.000168  |g|= 0.00133  |ddm|= 0.0234
  HOMO = -0.132120991881289  LUMO = -0.0944449593822491
cycle= 4 E= -2475.72469683548  delta_E= -3.6e-07  |g|= 0.00015  |ddm|= 0.00125
  HOMO = -0.132127640974797  LUMO = -0.0944497441567793
cycle= 5 E= -2475.72469684092  delta_E= -5.44e-09  |g|= 6.55e-05  |ddm|= 0.000264
  HOMO = -0.132129260645642  LUMO = -0.0944503113021673
cycle= 6 E= -2475.72469684182  delta_E= -8.97e-10  |g|= 2.56e-05  |ddm|= 9.79e-05
  HOMO = -0.132129661397988  LUMO = -0.0944504537313446
cycle= 7 E= -2475.72469684196  delta_E= -1.37e-10  |g|= 1.35e-05  |ddm|= 4.29e-05
  HOMO = -0.132129892254257  LUMO = -0.0944505330037062
cycle= 8 E= -2475.724696842  delta_E= -3.82e-11  |g|= 3.89e-06  |ddm|= 2.07e-05
  HOMO = -0.132129930048567  LUMO = -0.0944505203054147
cycle= 9 E= -2475.724696842  delta_E=    0  |g|= 1.32e-06  |ddm|= 5.25e-06
  HOMO = -0.132129931630926  LUMO = -0.0944505299240929
cycle= 10 E= -2475.72469684201  delta_E= -1.36e-11  |g|= 7.52e-07  |ddm|= 2.11e-06
  HOMO = -0.132129985025149  LUMO = -0.0944505779120046
Extra cycle  E= -2475.724696842  delta_E= 7.28e-12  |g|= 2.54e-06  |ddm|= 3.43e-06
converged SCF energy = -2475.724696842
Difference in energy:  -0.2534313866942648
Total mean-field energy =  -2475.724696842011
time elapsed:  652.2302720546722
