

******** <class 'pyscf.dft.rks.RKS'> ********
method = RKS-RHF
initial guess = minao
damping factor = 0
level_shift factor = 0
DIIS = <class 'pyscf.scf.diis.CDIIS'>
diis_start_cycle = 1
diis_space = 8
SCF conv_tol = 1e-09
SCF conv_tol_grad = 1e-05
SCF max_cycles = 1000
direct_scf = True
direct_scf_tol = 1e-13
chkfile to save SCF result = scf.fchk
max_memory 900000 MB (current use 79 MB)
XC library pyscf.dft.libxc version 5.1.7
    S. Lehtola, C. Steigemann, M. J. Oliveira, and M. A. Marques, SoftwareX 7, 1 (2018)
XC functionals = b3lyp
    P. A. M. Dirac, Math. Proc. Cambridge Philos. Soc. 26, 376 (1930)
    F. Bloch, Z. Phys. 57, 545 (1929)
    A. D. Becke, Phys. Rev. A 38, 3098 (1988)
    C. Lee, W. Yang, and R. G. Parr, Phys. Rev. B 37, 785 (1988)
    B. Miehlich, A. Savin, H. Stoll, and H. Preuss, Chem. Phys. Lett. 157, 200 (1989)
    S. H. Vosko, L. Wilk, and M. Nusair, Can. J. Phys. 58, 1200 (1980)
small_rho_cutoff = 1e-07
init E= -777.149895870686
  HOMO = -0.220985443112791  LUMO = -0.18816364079942
cycle= 1 E= -774.612626968074  delta_E= 2.54  |g|= 1.05  |ddm|=  6.2
  HOMO = -0.0468724596743462  LUMO = -0.014363628449805
cycle= 2 E= -770.396417702162  delta_E= 4.22  |g|= 2.94  |ddm|= 3.98
  HOMO = -0.130092864706171  LUMO = -0.0705061320054644
cycle= 3 E= -774.675983144268  delta_E= -4.28  |g|= 0.766  |ddm|= 3.76
  HOMO = -0.14743136503152  LUMO = -0.121169008866184
cycle= 4 E= -774.708689722744  delta_E= -0.0327  |g|= 0.673  |ddm|=  2.1
  HOMO = -0.169140293083475  LUMO = -0.126823294426853
cycle= 5 E= -774.854058293568  delta_E= -0.145  |g|= 0.445  |ddm|=  1.6
  HOMO = -0.156063279202496  LUMO = -0.120135406455515
cycle= 6 E= -774.891823972562  delta_E= -0.0378  |g|= 0.238  |ddm|= 1.01
  HOMO = -0.162409492527439  LUMO = -0.12014868709189
cycle= 7 E= -774.914003389399  delta_E= -0.0222  |g|= 0.105  |ddm|= 0.384
  HOMO = -0.16316080854565  LUMO = -0.115659916860847
cycle= 8 E= -774.9173201732  delta_E= -0.00332  |g|= 0.0429  |ddm|= 0.126
  HOMO = -0.165214467866635  LUMO = -0.116395508571497
cycle= 9 E= -774.917871325745  delta_E= -0.000551  |g|= 0.0249  |ddm|= 0.0614
  HOMO = -0.165375247419361  LUMO = -0.115937766446925
cycle= 10 E= -774.918072080081  delta_E= -0.000201  |g|= 0.00716  |ddm|= 0.0315
  HOMO = -0.165254447425799  LUMO = -0.115839017694798
cycle= 11 E= -774.918087777915  delta_E= -1.57e-05  |g|= 0.00323  |ddm|= 0.00836
  HOMO = -0.165242580299701  LUMO = -0.11575236633656
cycle= 12 E= -774.918092145828  delta_E= -4.37e-06  |g|= 0.000999  |ddm|= 0.00729
  HOMO = -0.16530123803251  LUMO = -0.115833029591587
cycle= 13 E= -774.91809249937  delta_E= -3.54e-07  |g|= 0.000252  |ddm|= 0.00147
  HOMO = -0.165302381851651  LUMO = -0.115850235003518
cycle= 14 E= -774.918092502915  delta_E= -3.54e-09  |g|= 0.000233  |ddm|= 0.000444
  HOMO = -0.165290006715411  LUMO = -0.115837025249924
cycle= 15 E= -774.918092516895  delta_E= -1.4e-08  |g|= 3.11e-05  |ddm|= 0.000271
  HOMO = -0.165289005438334  LUMO = -0.115837336002912
cycle= 16 E= -774.918092517181  delta_E= -2.85e-10  |g|= 1.69e-05  |ddm|= 5.81e-05
  HOMO = -0.165289259175547  LUMO = -0.11583787302736
cycle= 17 E= -774.91809251725  delta_E= -6.96e-11  |g|= 4.95e-06  |ddm|= 2.19e-05
  HOMO = -0.16528975021747  LUMO = -0.115838287495369
Extra cycle  E= -774.91809251717  delta_E= 8.05e-11  |g|= 1.55e-05  |ddm|= 3.03e-05
converged SCF energy = -774.91809251717
AOs:  [0, 1, 2, 3, 4, 5, 6, 7, 8, 9, 10, 11, 12, 13, 14, 15, 16, 17, 18, 19, 20, 21, 22, 23, 24, 25, 26, 27, 28, 29, 30, 31, 32, 33, 34, 35, 36, 37, 38, 39, 40, 41, 42, 43, 44, 45, 46, 47, 48, 49, 50, 51, 52, 53, 54, 55, 56, 57, 58, 59, 60, 61, 62, 63]
64

 AO indices used for projection:  [0, 1, 3, 4, 5, 14, 16, 17, 19, 20, 21, 30, 32, 33, 35, 36, 37, 46, 48, 49, 51, 52, 53, 62]
 # of orbitals to keep:  16
Number of Active MOs:  16
Number of Environment MOs:  54
Number of Virtual MOs:  244
 # electrons:            α            β
         Env:  54.00000000  54.00000000
         Act:  16.00000000  16.00000000
         Vir:  -0.00000000  -0.00000000
Number of electrons in the active space:  32

 The density matrix is idempotent!

 The density matrix is idempotent!


******** <class 'pyscf.scf.hf.RHF'> ********
method = RHF
initial guess = minao
damping factor = 0
level_shift factor = 0
DIIS = <class 'pyscf.scf.diis.CDIIS'>
diis_start_cycle = 1
diis_space = 8
SCF conv_tol = 1e-09
SCF conv_tol_grad = 1e-05
SCF max_cycles = 200
direct_scf = True
direct_scf_tol = 1e-13
chkfile to save SCF result = subsys_scf.chk
max_memory 900000 MB (current use 10412 MB)
init E= 992.220474697702
  HOMO = -0.189440620005677  LUMO = 0.00766498934594496
cycle= 1 E= 992.189775378362  delta_E= -0.0307  |g|= 0.0612  |ddm|=  0.7
  HOMO = -0.19296224629713  LUMO = 0.0100578979881026
cycle= 2 E= 992.187247056784  delta_E= -0.00253  |g|= 0.0228  |ddm|= 0.161
  HOMO = -0.195260558063085  LUMO = 0.0147870472306017
cycle= 3 E= 992.186473457699  delta_E= -0.000774  |g|= 0.0162  |ddm|= 0.0852
  HOMO = -0.195079325093002  LUMO = 0.0165547405470292
cycle= 4 E= 992.186252257979  delta_E= -0.000221  |g|= 0.00662  |ddm|= 0.042
  HOMO = -0.196777109827146  LUMO = 0.0175392374124177
cycle= 5 E= 992.18615283105  delta_E= -9.94e-05  |g|= 0.00312  |ddm|= 0.0392
  HOMO = -0.196866515567796  LUMO = 0.0179379045175629
cycle= 6 E= 992.186140185206  delta_E= -1.26e-05  |g|= 0.00159  |ddm|= 0.0134
  HOMO = -0.196889686338426  LUMO = 0.0178473216637719
cycle= 7 E= 992.186136848691  delta_E= -3.34e-06  |g|= 0.00088  |ddm|= 0.00657
  HOMO = -0.19681719048753  LUMO = 0.0177501399678439
cycle= 8 E= 992.186134979859  delta_E= -1.87e-06  |g|= 0.000482  |ddm|= 0.00648
  HOMO = -0.196788778842481  LUMO = 0.0176639219917321
cycle= 9 E= 992.186134520124  delta_E= -4.6e-07  |g|= 0.000143  |ddm|= 0.00428
  HOMO = -0.196756219199189  LUMO = 0.0176653032085375
cycle= 10 E= 992.186134496698  delta_E= -2.34e-08  |g|= 5.12e-05  |ddm|= 0.000817
  HOMO = -0.19675162843238  LUMO = 0.0176531312056959
cycle= 11 E= 992.186134493196  delta_E= -3.5e-09  |g|= 1.72e-05  |ddm|= 0.000386
  HOMO = -0.19675063599667  LUMO = 0.0176535402197439
cycle= 12 E= 992.186134493069  delta_E= -1.27e-10  |g|= 5.41e-06  |ddm|= 5.12e-05
  HOMO = -0.196750022890962  LUMO = 0.0176531341719758
Extra cycle  E= 992.186134492975  delta_E= -9.36e-11  |g|= 2.44e-06  |ddm|= 1.5e-05
converged SCF energy = 992.186134492975
Difference in energy:  -719.7830735628842
E(MP2) = 991.599852347544  E_corr = -0.586282145431631
Total energy =  -774.3573282831605
time elapsed:  32.27440524101257
