

******** <class 'pyscf.dft.rks.RKS'> ********
method = RKS-RHF
initial guess = minao
damping factor = 0
level_shift factor = 0
DIIS = <class 'pyscf.scf.diis.CDIIS'>
diis_start_cycle = 1
diis_space = 8
SCF conv_tol = 1e-09
SCF conv_tol_grad = 1e-05
SCF max_cycles = 1000
direct_scf = True
direct_scf_tol = 1e-13
chkfile to save SCF result = scf.fchk
max_memory 900000 MB (current use 79 MB)
XC library pyscf.dft.libxc version 5.1.7
    S. Lehtola, C. Steigemann, M. J. Oliveira, and M. A. Marques, SoftwareX 7, 1 (2018)
XC functionals = b3lyp
    P. A. M. Dirac, Math. Proc. Cambridge Philos. Soc. 26, 376 (1930)
    F. Bloch, Z. Phys. 57, 545 (1929)
    A. D. Becke, Phys. Rev. A 38, 3098 (1988)
    C. Lee, W. Yang, and R. G. Parr, Phys. Rev. B 37, 785 (1988)
    B. Miehlich, A. Savin, H. Stoll, and H. Preuss, Chem. Phys. Lett. 157, 200 (1989)
    S. H. Vosko, L. Wilk, and M. Nusair, Can. J. Phys. 58, 1200 (1980)
small_rho_cutoff = 1e-07
init E= -777.14996535253
  HOMO = -0.225708812595844  LUMO = -0.18391621886104
cycle= 1 E= -774.658399233536  delta_E= 2.49  |g|= 1.03  |ddm|=  6.2
  HOMO = -0.0477552727301542  LUMO = -0.0141157584004094
cycle= 2 E= -771.817051612566  delta_E= 2.84  |g|= 2.72  |ddm|= 3.48
  HOMO = -0.129364409067401  LUMO = -0.0652738400311046
cycle= 3 E= -774.69035720097  delta_E= -2.87  |g|= 0.809  |ddm|= 3.26
  HOMO = -0.166620785383865  LUMO = -0.115474586714878
cycle= 4 E= -774.911492129312  delta_E= -0.221  |g|= 0.268  |ddm|= 1.43
  HOMO = -0.177871979278629  LUMO = -0.109706139536411
cycle= 5 E= -774.906745056927  delta_E= 0.00475  |g|= 0.29  |ddm|= 0.731
  HOMO = -0.171942793528799  LUMO = -0.11050799663001
cycle= 6 E= -774.931771005806  delta_E= -0.025  |g|= 0.0981  |ddm|= 0.545
  HOMO = -0.173547534006232  LUMO = -0.109547795984318
cycle= 7 E= -774.935132950498  delta_E= -0.00336  |g|= 0.0367  |ddm|= 0.17
  HOMO = -0.172800379764923  LUMO = -0.107464634864301
cycle= 8 E= -774.935528692943  delta_E= -0.000396  |g|= 0.0143  |ddm|= 0.0551
  HOMO = -0.173695933567601  LUMO = -0.107811436985288
cycle= 9 E= -774.935589574718  delta_E= -6.09e-05  |g|= 0.00487  |ddm|= 0.0229
  HOMO = -0.173864567359361  LUMO = -0.10784717209855
cycle= 10 E= -774.935595041047  delta_E= -5.47e-06  |g|= 0.00213  |ddm|= 0.00699
  HOMO = -0.173850504463326  LUMO = -0.107801723909125
cycle= 11 E= -774.93559635292  delta_E= -1.31e-06  |g|= 0.000493  |ddm|= 0.00289
  HOMO = -0.173838488555201  LUMO = -0.107777729811778
cycle= 12 E= -774.93559642126  delta_E= -6.83e-08  |g|= 0.000215  |ddm|= 0.000707
  HOMO = -0.173844067723142  LUMO = -0.107777068728703
cycle= 13 E= -774.935596434792  delta_E= -1.35e-08  |g|= 6.71e-05  |ddm|= 0.000303
  HOMO = -0.173845524437876  LUMO = -0.107776969334858
cycle= 14 E= -774.935596435746  delta_E= -9.54e-10  |g|= 3.67e-05  |ddm|= 0.000127
  HOMO = -0.173845827005776  LUMO = -0.107777652327911
cycle= 15 E= -774.935596435764  delta_E= -1.71e-11  |g|= 3.55e-05  |ddm|= 9.97e-05
  HOMO = -0.173845928543195  LUMO = -0.107776874650878
cycle= 16 E= -774.935596436167  delta_E= -4.03e-10  |g|= 1.24e-05  |ddm|= 6.46e-05
  HOMO = -0.173846056094862  LUMO = -0.107777052472627
cycle= 17 E= -774.935596436201  delta_E= -3.46e-11  |g|= 6.23e-06  |ddm|= 1.7e-05
  HOMO = -0.173845557883142  LUMO = -0.107776612094825
Extra cycle  E= -774.935596436136  delta_E= 6.55e-11  |g|= 1.56e-05  |ddm|= 2.63e-05
converged SCF energy = -774.935596436136
AOs:  [0, 1, 2, 3, 4, 5, 6, 7, 8, 9, 10, 11, 12, 13, 14, 15, 16, 17, 18, 19, 20, 21, 22, 23, 24, 25, 26, 27, 28, 29, 30, 31, 32, 33, 34, 35, 36, 37, 38, 39, 40, 41, 42, 43, 44, 45, 46, 47, 48, 49, 50, 51, 52, 53, 54, 55, 56, 57, 58, 59, 60, 61, 62, 63]
64

 AO indices used for projection:  [0, 1, 3, 4, 5, 14, 16, 17, 19, 20, 21, 30, 32, 33, 35, 36, 37, 46, 48, 49, 51, 52, 53, 62]
 # of orbitals to keep:  16
Number of Active MOs:  16
Number of Environment MOs:  54
Number of Virtual MOs:  244
 # electrons:            α            β
         Env:  54.00000000  54.00000000
         Act:  16.00000000  16.00000000
         Vir:   0.00000000   0.00000000
Number of electrons in the active space:  32

 The density matrix is idempotent!

 The density matrix is idempotent!


******** <class 'pyscf.scf.hf.RHF'> ********
method = RHF
initial guess = minao
damping factor = 0
level_shift factor = 0
DIIS = <class 'pyscf.scf.diis.CDIIS'>
diis_start_cycle = 1
diis_space = 8
SCF conv_tol = 1e-09
SCF conv_tol_grad = 1e-05
SCF max_cycles = 200
direct_scf = True
direct_scf_tol = 1e-13
chkfile to save SCF result = subsys_scf.chk
max_memory 900000 MB (current use 10680 MB)
init E= 990.626296509367
  HOMO = -0.204244446871501  LUMO = 0.0179077405819068
cycle= 1 E= 990.596065827961  delta_E= -0.0302  |g|= 0.0586  |ddm|= 0.694
  HOMO = -0.20863973623308  LUMO = 0.0205488357258327
cycle= 2 E= 990.593745942026  delta_E= -0.00232  |g|= 0.0211  |ddm|= 0.147
  HOMO = -0.210016883215923  LUMO = 0.0254581110193236
cycle= 3 E= 990.593103554159  delta_E= -0.000642  |g|= 0.0116  |ddm|= 0.0767
  HOMO = -0.21029678675786  LUMO = 0.0268581749008117
cycle= 4 E= 990.592978205455  delta_E= -0.000125  |g|= 0.00473  |ddm|= 0.031
  HOMO = -0.211618615165366  LUMO = 0.0275995531144858
cycle= 5 E= 990.59293788495  delta_E= -4.03e-05  |g|= 0.00193  |ddm|= 0.0221
  HOMO = -0.211707426036689  LUMO = 0.0278618299217236
cycle= 6 E= 990.592934429655  delta_E= -3.46e-06  |g|= 0.000747  |ddm|= 0.00634
  HOMO = -0.211741142234108  LUMO = 0.0278469785780219
cycle= 7 E= 990.592933889582  delta_E= -5.4e-07  |g|= 0.000365  |ddm|= 0.00235
  HOMO = -0.211742703385093  LUMO = 0.0278043679810277
cycle= 8 E= 990.592933660437  delta_E= -2.29e-07  |g|= 0.000189  |ddm|= 0.00189
  HOMO = -0.211726692745099  LUMO = 0.0277871199189573
cycle= 9 E= 990.59293359937  delta_E= -6.11e-08  |g|= 4.54e-05  |ddm|= 0.00134
  HOMO = -0.211719559023651  LUMO = 0.0277816435821471
cycle= 10 E= 990.592933596322  delta_E= -3.05e-09  |g|= 1.34e-05  |ddm|= 0.000313
  HOMO = -0.211718290060332  LUMO = 0.02778068906466
cycle= 11 E= 990.592933595867  delta_E= -4.55e-10  |g|= 4.18e-06  |ddm|= 6.65e-05
  HOMO = -0.211718151216652  LUMO = 0.027780481191584
Extra cycle  E= 990.592933595652  delta_E= -2.15e-10  |g|= 2.08e-06  |ddm|= 9.51e-06
converged SCF energy = 990.592933595652
Difference in energy:  -715.5480634680771
E(MP2) = 990.009050164794  E_corr = -0.583883430857549
Total energy =  -774.3791824000715
time elapsed:  31.118186235427856
