

******** <class 'pyscf.dft.rks.RKS'> ********
method = RKS-RHF
initial guess = minao
damping factor = 0
level_shift factor = 0
DIIS = <class 'pyscf.scf.diis.CDIIS'>
diis_start_cycle = 1
diis_space = 8
SCF conv_tol = 1e-09
SCF conv_tol_grad = 1e-05
SCF max_cycles = 1000
direct_scf = True
direct_scf_tol = 1e-13
chkfile to save SCF result = scf.fchk
max_memory 900000 MB (current use 79 MB)
XC library pyscf.dft.libxc version 5.1.7
    S. Lehtola, C. Steigemann, M. J. Oliveira, and M. A. Marques, SoftwareX 7, 1 (2018)
XC functionals = b3lyp
    P. A. M. Dirac, Math. Proc. Cambridge Philos. Soc. 26, 376 (1930)
    F. Bloch, Z. Phys. 57, 545 (1929)
    A. D. Becke, Phys. Rev. A 38, 3098 (1988)
    C. Lee, W. Yang, and R. G. Parr, Phys. Rev. B 37, 785 (1988)
    B. Miehlich, A. Savin, H. Stoll, and H. Preuss, Chem. Phys. Lett. 157, 200 (1989)
    S. H. Vosko, L. Wilk, and M. Nusair, Can. J. Phys. 58, 1200 (1980)
small_rho_cutoff = 1e-07
init E= -777.150215461179
  HOMO = -0.231000495097917  LUMO = -0.179208285347993
cycle= 1 E= -774.689739218725  delta_E= 2.46  |g|= 1.02  |ddm|=  6.2
  HOMO = -0.0546543057497112  LUMO = 0.000791994006529636
cycle= 2 E= -772.076359067218  delta_E= 2.61  |g|= 2.65  |ddm|= 3.32
  HOMO = -0.13604993586391  LUMO = -0.0630075634077625
cycle= 3 E= -774.679618946288  delta_E= -2.6  |g|= 0.859  |ddm|= 3.12
  HOMO = -0.172939081202443  LUMO = -0.105494665626376
cycle= 4 E= -774.940539346347  delta_E= -0.261  |g|= 0.196  |ddm|= 1.33
  HOMO = -0.183700771916324  LUMO = -0.103423385368056
cycle= 5 E= -774.934065083124  delta_E= 0.00647  |g|= 0.231  |ddm|= 0.526
  HOMO = -0.180787515048978  LUMO = -0.103384639854087
cycle= 6 E= -774.950513955143  delta_E= -0.0164  |g|= 0.07  |ddm|= 0.387
  HOMO = -0.181006507703114  LUMO = -0.101804365882537
cycle= 7 E= -774.9520297389  delta_E= -0.00152  |g|= 0.0242  |ddm|= 0.112
  HOMO = -0.180374450081802  LUMO = -0.100649109424613
cycle= 8 E= -774.95218011718  delta_E= -0.00015  |g|= 0.0107  |ddm|= 0.0398
  HOMO = -0.180852327592571  LUMO = -0.10082253199542
cycle= 9 E= -774.952216704304  delta_E= -3.66e-05  |g|= 0.00317  |ddm|= 0.0166
  HOMO = -0.180977344388998  LUMO = -0.100850023351397
cycle= 10 E= -774.952218817223  delta_E= -2.11e-06  |g|= 0.00169  |ddm|= 0.00501
  HOMO = -0.180998113377419  LUMO = -0.100824196500281
cycle= 11 E= -774.952219581347  delta_E= -7.64e-07  |g|= 0.000512  |ddm|= 0.00216
  HOMO = -0.180974610664713  LUMO = -0.100793126467254
cycle= 12 E= -774.95221963842  delta_E= -5.71e-08  |g|= 0.00017  |ddm|= 0.000628
  HOMO = -0.180987845610997  LUMO = -0.100804992365266
cycle= 13 E= -774.952219643183  delta_E= -4.76e-09  |g|= 0.000102  |ddm|= 0.000285
  HOMO = -0.180986591562228  LUMO = -0.100801689960603
cycle= 14 E= -774.952219646446  delta_E= -3.26e-09  |g|= 3.14e-05  |ddm|= 0.000164
  HOMO = -0.180986811946047  LUMO = -0.100801267462497
cycle= 15 E= -774.952219646662  delta_E= -2.16e-10  |g|= 9.36e-06  |ddm|= 3.96e-05
  HOMO = -0.180986895733126  LUMO = -0.100801123111933
Extra cycle  E= -774.952219646606  delta_E= 5.53e-11  |g|= 1.74e-05  |ddm|= 2.78e-05
converged SCF energy = -774.952219646606
AOs:  [0, 1, 2, 3, 4, 5, 6, 7, 8, 9, 10, 11, 12, 13, 14, 15, 16, 17, 18, 19, 20, 21, 22, 23, 24, 25, 26, 27, 28, 29, 30, 31, 32, 33, 34, 35, 36, 37, 38, 39, 40, 41, 42, 43, 44, 45, 46, 47, 48, 49, 50, 51, 52, 53, 54, 55, 56, 57, 58, 59, 60, 61, 62, 63]
64

 AO indices used for projection:  [0, 1, 3, 4, 5, 14, 16, 17, 19, 20, 21, 30, 32, 33, 35, 36, 37, 46, 48, 49, 51, 52, 53, 62]
 # of orbitals to keep:  16
Number of Active MOs:  16
Number of Environment MOs:  54
Number of Virtual MOs:  244
 # electrons:            α            β
         Env:  54.00000000  54.00000000
         Act:  16.00000000  16.00000000
         Vir:  -0.00000000  -0.00000000
Number of electrons in the active space:  32

 The density matrix is idempotent!

 The density matrix is idempotent!


******** <class 'pyscf.scf.hf.RHF'> ********
method = RHF
initial guess = minao
damping factor = 0
level_shift factor = 0
DIIS = <class 'pyscf.scf.diis.CDIIS'>
diis_start_cycle = 1
diis_space = 8
SCF conv_tol = 1e-09
SCF conv_tol_grad = 1e-05
SCF max_cycles = 200
direct_scf = True
direct_scf_tol = 1e-13
chkfile to save SCF result = subsys_scf.chk
max_memory 900000 MB (current use 10411 MB)
init E= 989.207965870251
  HOMO = -0.216842717830624  LUMO = 0.0267997456550685
cycle= 1 E= 989.177989558824  delta_E= -0.03  |g|= 0.0574  |ddm|= 0.692
  HOMO = -0.221667636233437  LUMO = 0.0292743126415508
cycle= 2 E= 989.175823831745  delta_E= -0.00217  |g|= 0.0199  |ddm|= 0.138
  HOMO = -0.222350481583631  LUMO = 0.0340592433830241
cycle= 3 E= 989.175281392384  delta_E= -0.000542  |g|= 0.00876  |ddm|= 0.0693
  HOMO = -0.223027811332539  LUMO = 0.0351500967127492
cycle= 4 E= 989.175200246922  delta_E= -8.11e-05  |g|= 0.00362  |ddm|= 0.0251
  HOMO = -0.223918185170859  LUMO = 0.0356896460341455
cycle= 5 E= 989.175182236641  delta_E= -1.8e-05  |g|= 0.00141  |ddm|= 0.0135
  HOMO = -0.223988759469294  LUMO = 0.0358654002830511
cycle= 6 E= 989.175180823486  delta_E= -1.41e-06  |g|= 0.000435  |ddm|= 0.00378
  HOMO = -0.224022436068059  LUMO = 0.0358651096734772
cycle= 7 E= 989.175180684416  delta_E= -1.39e-07  |g|= 0.000187  |ddm|= 0.0011
  HOMO = -0.224034380910186  LUMO = 0.0358448107747713
cycle= 8 E= 989.175180640943  delta_E= -4.35e-08  |g|= 9.33e-05  |ddm|= 0.000702
  HOMO = -0.224028181313874  LUMO = 0.0358390865495795
cycle= 9 E= 989.175180628273  delta_E= -1.27e-08  |g|= 2.65e-05  |ddm|= 0.000509
  HOMO = -0.224027767513955  LUMO = 0.0358350930257908
cycle= 10 E= 989.175180627324  delta_E= -9.48e-10  |g|= 1.11e-05  |ddm|= 0.00015
  HOMO = -0.224026045357826  LUMO = 0.0358355963076796
cycle= 11 E= 989.175180627361  delta_E= 3.62e-11  |g|= 3.99e-06  |ddm|= 3e-05
  HOMO = -0.224026156044262  LUMO = 0.0358352768124979
Extra cycle  E= 989.175180627256  delta_E= -1.04e-10  |g|= 2.29e-06  |ddm|= 9.49e-06
converged SCF energy = 989.175180627256
Difference in energy:  -711.9005747073023
E(MP2) = 988.59390085042  E_corr = -0.581279776835736
Total energy =  -774.3990145949815
time elapsed:  30.279186725616455
