

******** <class 'pyscf.dft.rks.RKS'> ********
method = RKS-RHF
initial guess = minao
damping factor = 0
level_shift factor = 0
DIIS = <class 'pyscf.scf.diis.CDIIS'>
diis_start_cycle = 1
diis_space = 8
SCF conv_tol = 1e-09
SCF conv_tol_grad = 1e-05
SCF max_cycles = 1000
direct_scf = True
direct_scf_tol = 1e-13
chkfile to save SCF result = scf.fchk
max_memory 900000 MB (current use 79 MB)
XC library pyscf.dft.libxc version 5.1.7
    S. Lehtola, C. Steigemann, M. J. Oliveira, and M. A. Marques, SoftwareX 7, 1 (2018)
XC functionals = b3lyp
    P. A. M. Dirac, Math. Proc. Cambridge Philos. Soc. 26, 376 (1930)
    F. Bloch, Z. Phys. 57, 545 (1929)
    A. D. Becke, Phys. Rev. A 38, 3098 (1988)
    C. Lee, W. Yang, and R. G. Parr, Phys. Rev. B 37, 785 (1988)
    B. Miehlich, A. Savin, H. Stoll, and H. Preuss, Chem. Phys. Lett. 157, 200 (1989)
    S. H. Vosko, L. Wilk, and M. Nusair, Can. J. Phys. 58, 1200 (1980)
small_rho_cutoff = 1e-07
init E= -777.150622911686
  HOMO = -0.235620154936091  LUMO = -0.175002491685828
cycle= 1 E= -774.71126088891  delta_E= 2.44  |g|= 1.02  |ddm|= 6.19
  HOMO = -0.0528633102096889  LUMO = 0.00334358104875766
cycle= 2 E= -772.172189629432  delta_E= 2.54  |g|= 2.62  |ddm|= 3.26
  HOMO = -0.140369850520304  LUMO = -0.0648941791514833
cycle= 3 E= -774.680459751531  delta_E= -2.51  |g|= 0.88  |ddm|= 3.05
  HOMO = -0.178505217367355  LUMO = -0.0984766837905723
cycle= 4 E= -774.957864842916  delta_E= -0.277  |g|= 0.178  |ddm|= 1.32
  HOMO = -0.188921219073118  LUMO = -0.0988682505180571
cycle= 5 E= -774.953188510089  delta_E= 0.00468  |g|= 0.205  |ddm|= 0.455
  HOMO = -0.187034293994234  LUMO = -0.097602297971067
cycle= 6 E= -774.966246388872  delta_E= -0.0131  |g|= 0.0568  |ddm|= 0.318
  HOMO = -0.186494619516597  LUMO = -0.0957025452438891
cycle= 7 E= -774.967167498489  delta_E= -0.000921  |g|= 0.0187  |ddm|= 0.0825
  HOMO = -0.186137755719668  LUMO = -0.0949582534205988
cycle= 8 E= -774.967247267371  delta_E= -7.98e-05  |g|= 0.00916  |ddm|= 0.0308
  HOMO = -0.186434223461774  LUMO = -0.0951365461892808
cycle= 9 E= -774.967273486237  delta_E= -2.62e-05  |g|= 0.00237  |ddm|= 0.0135
  HOMO = -0.186522975546525  LUMO = -0.0951539339011739
cycle= 10 E= -774.967274566176  delta_E= -1.08e-06  |g|= 0.00147  |ddm|= 0.00397
  HOMO = -0.186534376413726  LUMO = -0.0951325950324306
cycle= 11 E= -774.967275141785  delta_E= -5.76e-07  |g|= 0.000412  |ddm|= 0.00184
  HOMO = -0.186513350080945  LUMO = -0.0951008476531447
cycle= 12 E= -774.967275176622  delta_E= -3.48e-08  |g|= 0.000166  |ddm|= 0.000519
  HOMO = -0.186530124683024  LUMO = -0.0951153969956261
cycle= 13 E= -774.96727518015  delta_E= -3.53e-09  |g|= 0.000127  |ddm|= 0.000333
  HOMO = -0.186527449933132  LUMO = -0.0951119602392465
cycle= 14 E= -774.967275184743  delta_E= -4.59e-09  |g|= 2.31e-05  |ddm|= 0.000171
  HOMO = -0.18652710491184  LUMO = -0.0951108760216032
cycle= 15 E= -774.967275184848  delta_E= -1.05e-10  |g|= 1.12e-05  |ddm|= 3.84e-05
  HOMO = -0.18652742057751  LUMO = -0.0951113648575427
cycle= 16 E= -774.967275184878  delta_E= -2.98e-11  |g|= 7.02e-06  |ddm|= 2.19e-05
  HOMO = -0.186527602065444  LUMO = -0.0951111916653339
Extra cycle  E= -774.967275184812  delta_E= 6.55e-11  |g|= 1.55e-05  |ddm|= 2.81e-05
converged SCF energy = -774.967275184812
AOs:  [0, 1, 2, 3, 4, 5, 6, 7, 8, 9, 10, 11, 12, 13, 14, 15, 16, 17, 18, 19, 20, 21, 22, 23, 24, 25, 26, 27, 28, 29, 30, 31, 32, 33, 34, 35, 36, 37, 38, 39, 40, 41, 42, 43, 44, 45, 46, 47, 48, 49, 50, 51, 52, 53, 54, 55, 56, 57, 58, 59, 60, 61, 62, 63]
64

 AO indices used for projection:  [0, 1, 3, 4, 5, 14, 16, 17, 19, 20, 21, 30, 32, 33, 35, 36, 37, 46, 48, 49, 51, 52, 53, 62]
 # of orbitals to keep:  16
Number of Active MOs:  16
Number of Environment MOs:  54
Number of Virtual MOs:  244
 # electrons:            α            β
         Env:  54.00000000  54.00000000
         Act:  16.00000000  16.00000000
         Vir:   0.00000000   0.00000000
Number of electrons in the active space:  32

 The density matrix is idempotent!

 The density matrix is idempotent!


******** <class 'pyscf.scf.hf.RHF'> ********
method = RHF
initial guess = minao
damping factor = 0
level_shift factor = 0
DIIS = <class 'pyscf.scf.diis.CDIIS'>
diis_start_cycle = 1
diis_space = 8
SCF conv_tol = 1e-09
SCF conv_tol_grad = 1e-05
SCF max_cycles = 200
direct_scf = True
direct_scf_tol = 1e-13
chkfile to save SCF result = subsys_scf.chk
max_memory 900000 MB (current use 10415 MB)
init E= 987.98683991678
  HOMO = -0.227472902518183  LUMO = 0.0336761128236423
cycle= 1 E= 987.95724378205  delta_E= -0.0296  |g|= 0.0565  |ddm|= 0.694
  HOMO = -0.23258763182299  LUMO = 0.0356849761365135
cycle= 2 E= 987.955218263251  delta_E= -0.00203  |g|= 0.019  |ddm|= 0.132
  HOMO = -0.232737683254723  LUMO = 0.040167346670287
cycle= 3 E= 987.954754982731  delta_E= -0.000463  |g|= 0.00723  |ddm|= 0.0626
  HOMO = -0.233721623251117  LUMO = 0.0409615628041066
cycle= 4 E= 987.954697120509  delta_E= -5.79e-05  |g|= 0.00283  |ddm|= 0.021
  HOMO = -0.234239685661287  LUMO = 0.0414217848160171
cycle= 5 E= 987.954687383667  delta_E= -9.74e-06  |g|= 0.00109  |ddm|= 0.00936
  HOMO = -0.234321781640906  LUMO = 0.041523793210216
cycle= 6 E= 987.95468667404  delta_E= -7.1e-07  |g|= 0.000307  |ddm|= 0.00257
  HOMO = -0.234349144968715  LUMO = 0.0415249177592351
cycle= 7 E= 987.954686614449  delta_E= -5.96e-08  |g|= 0.00013  |ddm|= 0.000682
  HOMO = -0.234358988770746  LUMO = 0.0415130604250718
cycle= 8 E= 987.954686599124  delta_E= -1.53e-08  |g|= 5.73e-05  |ddm|= 0.000378
  HOMO = -0.234358206339851  LUMO = 0.0415081315636507
cycle= 9 E= 987.954686595013  delta_E= -4.11e-09  |g|= 1.4e-05  |ddm|= 0.000271
  HOMO = -0.234356905947108  LUMO = 0.0415071108377175
cycle= 10 E= 987.954686594584  delta_E= -4.28e-10  |g|= 4.17e-06  |ddm|= 7.14e-05
  HOMO = -0.234356947529205  LUMO = 0.0415068499294528
Extra cycle  E= 987.954686595043  delta_E= 4.58e-10  |g|= 2.26e-06  |ddm|= 1.05e-05
converged SCF energy = 987.954686595043
Difference in energy:  -708.8346381157885
E(MP2) = 987.375762500441  E_corr = -0.578924094601377
Total energy =  -774.4166003278182
time elapsed:  34.35101103782654
