

******** <class 'pyscf.dft.rks.RKS'> ********
method = RKS-RHF
initial guess = minao
damping factor = 0
level_shift factor = 0
DIIS = <class 'pyscf.scf.diis.CDIIS'>
diis_start_cycle = 1
diis_space = 8
SCF conv_tol = 1e-09
SCF conv_tol_grad = 1e-05
SCF max_cycles = 1000
direct_scf = True
direct_scf_tol = 1e-13
chkfile to save SCF result = scf.fchk
max_memory 900000 MB (current use 79 MB)
XC library pyscf.dft.libxc version 5.1.7
    S. Lehtola, C. Steigemann, M. J. Oliveira, and M. A. Marques, SoftwareX 7, 1 (2018)
XC functionals = b3lyp
    P. A. M. Dirac, Math. Proc. Cambridge Philos. Soc. 26, 376 (1930)
    F. Bloch, Z. Phys. 57, 545 (1929)
    A. D. Becke, Phys. Rev. A 38, 3098 (1988)
    C. Lee, W. Yang, and R. G. Parr, Phys. Rev. B 37, 785 (1988)
    B. Miehlich, A. Savin, H. Stoll, and H. Preuss, Chem. Phys. Lett. 157, 200 (1989)
    S. H. Vosko, L. Wilk, and M. Nusair, Can. J. Phys. 58, 1200 (1980)
small_rho_cutoff = 1e-07
init E= -777.151171026702
  HOMO = -0.239107326178196  LUMO = -0.17163249080318
cycle= 1 E= -774.727078515624  delta_E= 2.42  |g|= 1.02  |ddm|= 6.19
  HOMO = -0.0483233353327212  LUMO = -0.00762879346620735
cycle= 2 E= -772.234547116038  delta_E= 2.49  |g|=  2.6  |ddm|= 3.23
  HOMO = -0.141540396359322  LUMO = -0.0681873269172957
cycle= 3 E= -774.686838949266  delta_E= -2.45  |g|= 0.889  |ddm|=    3
  HOMO = -0.182805531838916  LUMO = -0.0933486775620035
cycle= 4 E= -774.971884902756  delta_E= -0.285  |g|= 0.168  |ddm|= 1.31
  HOMO = -0.192572543988305  LUMO = -0.0954145858220489
cycle= 5 E= -774.968402724477  delta_E= 0.00348  |g|= 0.188  |ddm|= 0.415
  HOMO = -0.191420331471494  LUMO = -0.0931536414270399
cycle= 6 E= -774.979485736856  delta_E= -0.0111  |g|= 0.0498  |ddm|= 0.28
  HOMO = -0.190450155175627  LUMO = -0.0910756369809705
cycle= 7 E= -774.980168823982  delta_E= -0.000683  |g|= 0.0151  |ddm|= 0.0665
  HOMO = -0.190274547493924  LUMO = -0.0905920139101852
cycle= 8 E= -774.980214864195  delta_E= -4.6e-05  |g|= 0.00804  |ddm|= 0.0245
  HOMO = -0.190454050088866  LUMO = -0.0907711162966979
cycle= 9 E= -774.980234580685  delta_E= -1.97e-05  |g|= 0.00196  |ddm|= 0.0114
  HOMO = -0.19052744104212  LUMO = -0.0907809183115104
cycle= 10 E= -774.98023531551  delta_E= -7.35e-07  |g|= 0.00125  |ddm|= 0.00329
  HOMO = -0.190527660531837  LUMO = -0.0907599980569399
cycle= 11 E= -774.980235729002  delta_E= -4.13e-07  |g|= 0.000332  |ddm|= 0.00155
  HOMO = -0.190508344545635  LUMO = -0.0907317814101773
cycle= 12 E= -774.980235750888  delta_E= -2.19e-08  |g|= 0.000159  |ddm|= 0.000461
  HOMO = -0.190525041471647  LUMO = -0.0907448334341498
cycle= 13 E= -774.980235755803  delta_E= -4.92e-09  |g|= 9.85e-05  |ddm|= 0.000288
  HOMO = -0.190522913624218  LUMO = -0.090742808385314
cycle= 14 E= -774.980235758427  delta_E= -2.62e-09  |g|= 1.47e-05  |ddm|= 0.000125
  HOMO = -0.190522172526517  LUMO = -0.0907416512873855
cycle= 15 E= -774.980235758457  delta_E= -2.91e-11  |g|= 1.02e-05  |ddm|= 3.03e-05
  HOMO = -0.190522634674262  LUMO = -0.0907422390982942
cycle= 16 E= -774.980235758486  delta_E= -2.98e-11  |g|= 4.84e-06  |ddm|= 1.79e-05
  HOMO = -0.190522620863445  LUMO = -0.0907419809699463
Extra cycle  E= -774.980235758462  delta_E= 2.39e-11  |g|= 9.64e-06  |ddm|= 1.68e-05
converged SCF energy = -774.980235758462
AOs:  [0, 1, 2, 3, 4, 5, 6, 7, 8, 9, 10, 11, 12, 13, 14, 15, 16, 17, 18, 19, 20, 21, 22, 23, 24, 25, 26, 27, 28, 29, 30, 31, 32, 33, 34, 35, 36, 37, 38, 39, 40, 41, 42, 43, 44, 45, 46, 47, 48, 49, 50, 51, 52, 53, 54, 55, 56, 57, 58, 59, 60, 61, 62, 63]
64

 AO indices used for projection:  [0, 1, 3, 4, 5, 14, 16, 17, 19, 20, 21, 30, 32, 33, 35, 36, 37, 46, 48, 49, 51, 52, 53, 62]
 # of orbitals to keep:  16
Number of Active MOs:  16
Number of Environment MOs:  54
Number of Virtual MOs:  244
 # electrons:            α            β
         Env:  54.00000000  54.00000000
         Act:  16.00000000  16.00000000
         Vir:   0.00000000   0.00000000
Number of electrons in the active space:  32

 The density matrix is idempotent!

 The density matrix is idempotent!


******** <class 'pyscf.scf.hf.RHF'> ********
method = RHF
initial guess = minao
damping factor = 0
level_shift factor = 0
DIIS = <class 'pyscf.scf.diis.CDIIS'>
diis_start_cycle = 1
diis_space = 8
SCF conv_tol = 1e-09
SCF conv_tol_grad = 1e-05
SCF max_cycles = 200
direct_scf = True
direct_scf_tol = 1e-13
chkfile to save SCF result = subsys_scf.chk
max_memory 900000 MB (current use 10568 MB)
init E= 986.979074814896
  HOMO = -0.235789509160045  LUMO = 0.0389717651760465
cycle= 1 E= 986.94968423116  delta_E= -0.0294  |g|= 0.0559  |ddm|= 0.703
  HOMO = -0.241047382759567  LUMO = 0.0405340263286113
cycle= 2 E= 986.94776095394  delta_E= -0.00192  |g|= 0.0184  |ddm|= 0.128
  HOMO = -0.240845609116875  LUMO = 0.0446547713089095
cycle= 3 E= 986.947353869234  delta_E= -0.000407  |g|= 0.00638  |ddm|= 0.0575
  HOMO = -0.241946740700925  LUMO = 0.0452471186321202
cycle= 4 E= 986.947309664453  delta_E= -4.42e-05  |g|= 0.00243  |ddm|= 0.0178
  HOMO = -0.242246005480094  LUMO = 0.0456563700150971
cycle= 5 E= 986.947303035394  delta_E= -6.63e-06  |g|= 0.000837  |ddm|= 0.00746
  HOMO = -0.24235388023158  LUMO = 0.0457182281117196
cycle= 6 E= 986.947302606168  delta_E= -4.29e-07  |g|= 0.000224  |ddm|= 0.00197
  HOMO = -0.24236739423252  LUMO = 0.0457217028256389
cycle= 7 E= 986.947302575284  delta_E= -3.09e-08  |g|= 0.000103  |ddm|= 0.000493
  HOMO = -0.242376857992311  LUMO = 0.0457127686956533
cycle= 8 E= 986.947302568011  delta_E= -7.27e-09  |g|= 4e-05  |ddm|= 0.000235
  HOMO = -0.242378174656731  LUMO = 0.0457084634362814
cycle= 9 E= 986.947302566341  delta_E= -1.67e-09  |g|= 1.21e-05  |ddm|= 0.000168
  HOMO = -0.242376488941207  LUMO = 0.0457085934885094
cycle= 10 E= 986.947302566033  delta_E= -3.09e-10  |g|= 4.93e-06  |ddm|= 3.92e-05
  HOMO = -0.242377305444633  LUMO = 0.0457080051884599
Extra cycle  E= 986.947302565866  delta_E= -1.67e-10  |g|= 3.44e-06  |ddm|= 1.14e-05
converged SCF energy = 986.947302565866
Difference in energy:  -706.4806435880818
E(MP2) = 986.370357230824  E_corr = -0.576945335042097
Total energy =  -774.4313334678283
time elapsed:  32.086196184158325
