

******** <class 'pyscf.dft.rks.RKS'> ********
method = RKS-RHF
initial guess = minao
damping factor = 0
level_shift factor = 0
DIIS = <class 'pyscf.scf.diis.CDIIS'>
diis_start_cycle = 1
diis_space = 8
SCF conv_tol = 1e-09
SCF conv_tol_grad = 1e-05
SCF max_cycles = 1000
direct_scf = True
direct_scf_tol = 1e-13
chkfile to save SCF result = scf.fchk
max_memory 900000 MB (current use 79 MB)
XC library pyscf.dft.libxc version 5.1.7
    S. Lehtola, C. Steigemann, M. J. Oliveira, and M. A. Marques, SoftwareX 7, 1 (2018)
XC functionals = b3lyp
    P. A. M. Dirac, Math. Proc. Cambridge Philos. Soc. 26, 376 (1930)
    F. Bloch, Z. Phys. 57, 545 (1929)
    A. D. Becke, Phys. Rev. A 38, 3098 (1988)
    C. Lee, W. Yang, and R. G. Parr, Phys. Rev. B 37, 785 (1988)
    B. Miehlich, A. Savin, H. Stoll, and H. Preuss, Chem. Phys. Lett. 157, 200 (1989)
    S. H. Vosko, L. Wilk, and M. Nusair, Can. J. Phys. 58, 1200 (1980)
small_rho_cutoff = 1e-07
init E= -777.151790141765
  HOMO = -0.241480640927073  LUMO = -0.16914036680722
cycle= 1 E= -774.738828299636  delta_E= 2.41  |g|= 1.01  |ddm|= 6.19
  HOMO = -0.0440734285659549  LUMO = -0.0148172542656329
cycle= 2 E= -772.279657953057  delta_E= 2.46  |g|= 2.59  |ddm|=  3.2
  HOMO = -0.141417014666844  LUMO = -0.0711782317335817
cycle= 3 E= -774.694739493213  delta_E= -2.42  |g|= 0.893  |ddm|= 2.96
  HOMO = -0.185871620003444  LUMO = -0.0897523854679636
cycle= 4 E= -774.98290984378  delta_E= -0.288  |g|= 0.163  |ddm|= 1.31
  HOMO = -0.194847099953797  LUMO = -0.092948029413837
cycle= 5 E= -774.980138963977  delta_E= 0.00277  |g|= 0.179  |ddm|= 0.394
  HOMO = -0.194326627947302  LUMO = -0.0899484919318656
cycle= 6 E= -774.990082895398  delta_E= -0.00994  |g|= 0.046  |ddm|= 0.258
  HOMO = -0.193141700090499  LUMO = -0.0877738795916846
cycle= 7 E= -774.990652923337  delta_E= -0.00057  |g|= 0.013  |ddm|= 0.058
  HOMO = -0.193048845241594  LUMO = -0.0874567570031719
cycle= 8 E= -774.99068468715  delta_E= -3.18e-05  |g|= 0.00721  |ddm|= 0.0207
  HOMO = -0.193156065087585  LUMO = -0.087625907575521
cycle= 9 E= -774.990700142924  delta_E= -1.55e-05  |g|= 0.00178  |ddm|= 0.00995
  HOMO = -0.193223245777303  LUMO = -0.0876311702056057
cycle= 10 E= -774.990700788786  delta_E= -6.46e-07  |g|= 0.00106  |ddm|= 0.00287
  HOMO = -0.193216362141328  LUMO = -0.0876101742578337
cycle= 11 E= -774.990701084022  delta_E= -2.95e-07  |g|= 0.000293  |ddm|= 0.00133
  HOMO = -0.19319873624463  LUMO = -0.0875855226669915
cycle= 12 E= -774.990701101203  delta_E= -1.72e-08  |g|= 0.000145  |ddm|= 0.000429
  HOMO = -0.193214705595104  LUMO = -0.0875973150919089
cycle= 13 E= -774.990701106005  delta_E= -4.8e-09  |g|= 7.6e-05  |ddm|= 0.000245
  HOMO = -0.19321278841591  LUMO = -0.0875958295951407
cycle= 14 E= -774.99070110752  delta_E= -1.51e-09  |g|= 1.31e-05  |ddm|= 9.36e-05
  HOMO = -0.193212011530401  LUMO = -0.0875948451442968
cycle= 15 E= -774.990701107539  delta_E= -1.91e-11  |g|= 9.82e-06  |ddm|= 2.7e-05
  HOMO = -0.193212933488747  LUMO = -0.0875955991282756
Extra cycle  E= -774.990701107421  delta_E= 1.18e-10  |g|= 2.19e-05  |ddm|= 3.91e-05
converged SCF energy = -774.990701107421
AOs:  [0, 1, 2, 3, 4, 5, 6, 7, 8, 9, 10, 11, 12, 13, 14, 15, 16, 17, 18, 19, 20, 21, 22, 23, 24, 25, 26, 27, 28, 29, 30, 31, 32, 33, 34, 35, 36, 37, 38, 39, 40, 41, 42, 43, 44, 45, 46, 47, 48, 49, 50, 51, 52, 53, 54, 55, 56, 57, 58, 59, 60, 61, 62, 63]
64

 AO indices used for projection:  [0, 1, 3, 4, 5, 14, 16, 17, 19, 20, 21, 30, 32, 33, 35, 36, 37, 46, 48, 49, 51, 52, 53, 62]
 # of orbitals to keep:  16
Number of Active MOs:  16
Number of Environment MOs:  54
Number of Virtual MOs:  244
 # electrons:            α            β
         Env:  54.00000000  54.00000000
         Act:  16.00000000  16.00000000
         Vir:  -0.00000000  -0.00000000
Number of electrons in the active space:  32

 The density matrix is idempotent!

 The density matrix is idempotent!


******** <class 'pyscf.scf.hf.RHF'> ********
method = RHF
initial guess = minao
damping factor = 0
level_shift factor = 0
DIIS = <class 'pyscf.scf.diis.CDIIS'>
diis_start_cycle = 1
diis_space = 8
SCF conv_tol = 1e-09
SCF conv_tol_grad = 1e-05
SCF max_cycles = 200
direct_scf = True
direct_scf_tol = 1e-13
chkfile to save SCF result = subsys_scf.chk
max_memory 900000 MB (current use 10674 MB)
init E= 986.19531629223
  HOMO = -0.241991891817934  LUMO = 0.0427369796685549
cycle= 1 E= 986.166058363371  delta_E= -0.0293  |g|= 0.0555  |ddm|= 0.716
  HOMO = -0.247327885517296  LUMO = 0.0439278661106381
cycle= 2 E= 986.164205437254  delta_E= -0.00185  |g|= 0.018  |ddm|= 0.126
  HOMO = -0.246883060680939  LUMO = 0.0477372182246506
cycle= 3 E= 986.163836089219  delta_E= -0.000369  |g|= 0.00593  |ddm|= 0.0538
  HOMO = -0.248008322618113  LUMO = 0.0481989872264514
cycle= 4 E= 986.163799964731  delta_E= -3.61e-05  |g|= 0.00229  |ddm|= 0.0156
  HOMO = -0.248201583008949  LUMO = 0.0485624491228786
cycle= 5 E= 986.163794575762  delta_E= -5.39e-06  |g|= 0.000698  |ddm|= 0.00654
  HOMO = -0.248321666009147  LUMO = 0.048612078435221
cycle= 6 E= 986.163794241494  delta_E= -3.34e-07  |g|= 0.000182  |ddm|= 0.00171
  HOMO = -0.248325487226535  LUMO = 0.0486167986764079
cycle= 7 E= 986.163794220445  delta_E= -2.1e-08  |g|= 8.01e-05  |ddm|= 0.000424
  HOMO = -0.248336531635023  LUMO = 0.0486083603820008
cycle= 8 E= 986.163794216455  delta_E= -3.99e-09  |g|= 3.12e-05  |ddm|= 0.000163
  HOMO = -0.2483371734296  LUMO = 0.0486052482086699
cycle= 9 E= 986.163794215354  delta_E= -1.1e-09  |g|= 9.67e-06  |ddm|= 0.00012
  HOMO = -0.248336319324158  LUMO = 0.0486050708321133
cycle= 10 E= 986.163794215494  delta_E= 1.4e-10  |g|= 4.05e-06  |ddm|= 2.95e-05
  HOMO = -0.248336668465665  LUMO = 0.0486047948723967
Extra cycle  E= 986.163794215139  delta_E= -3.56e-10  |g|= 3.02e-06  |ddm|= 8.21e-06
converged SCF energy = 986.163794215139
Difference in energy:  -704.6328326288594
E(MP2) = 985.588461866645  E_corr = -0.575332348493199
Total energy =  -774.4431305019712
time elapsed:  31.882771968841553
