

******** <class 'pyscf.dft.rks.RKS'> ********
method = RKS-RHF
initial guess = minao
damping factor = 0
level_shift factor = 0
DIIS = <class 'pyscf.scf.diis.CDIIS'>
diis_start_cycle = 1
diis_space = 8
SCF conv_tol = 1e-09
SCF conv_tol_grad = 1e-05
SCF max_cycles = 1000
direct_scf = True
direct_scf_tol = 1e-13
chkfile to save SCF result = scf.fchk
max_memory 900000 MB (current use 79 MB)
XC library pyscf.dft.libxc version 5.1.7
    S. Lehtola, C. Steigemann, M. J. Oliveira, and M. A. Marques, SoftwareX 7, 1 (2018)
XC functionals = b3lyp
    P. A. M. Dirac, Math. Proc. Cambridge Philos. Soc. 26, 376 (1930)
    F. Bloch, Z. Phys. 57, 545 (1929)
    A. D. Becke, Phys. Rev. A 38, 3098 (1988)
    C. Lee, W. Yang, and R. G. Parr, Phys. Rev. B 37, 785 (1988)
    B. Miehlich, A. Savin, H. Stoll, and H. Preuss, Chem. Phys. Lett. 157, 200 (1989)
    S. H. Vosko, L. Wilk, and M. Nusair, Can. J. Phys. 58, 1200 (1980)
small_rho_cutoff = 1e-07
init E= -777.152357930539
  HOMO = -0.242952345707841  LUMO = -0.167455016785146
cycle= 1 E= -774.747068187469  delta_E= 2.41  |g|= 1.01  |ddm|= 6.19
  HOMO = -0.0409739179276896  LUMO = -0.0192579275442281
cycle= 2 E= -772.31063738269  delta_E= 2.44  |g|= 2.59  |ddm|= 3.19
  HOMO = -0.141032688419472  LUMO = -0.073316632708593
cycle= 3 E= -774.701559209986  delta_E= -2.39  |g|= 0.895  |ddm|= 2.94
  HOMO = -0.187876093482768  LUMO = -0.0874032650854246
cycle= 4 E= -774.990878580357  delta_E= -0.289  |g|= 0.159  |ddm|=  1.3
  HOMO = -0.196136450916244  LUMO = -0.091323697291019
cycle= 5 E= -774.988515929675  delta_E= 0.00236  |g|= 0.173  |ddm|= 0.382
  HOMO = -0.19611904403338  LUMO = -0.087826314514918
cycle= 6 E= -774.99782058439  delta_E= -0.0093  |g|= 0.0439  |ddm|= 0.245
  HOMO = -0.194838322036033  LUMO = -0.0855993783825985
cycle= 7 E= -774.998332465714  delta_E= -0.000512  |g|= 0.0119  |ddm|= 0.0535
  HOMO = -0.194769918515207  LUMO = -0.0853816255955548
cycle= 8 E= -774.998358136699  delta_E= -2.57e-05  |g|= 0.00671  |ddm|= 0.0188
  HOMO = -0.194838106442532  LUMO = -0.085539462381784
cycle= 9 E= -774.998371237671  delta_E= -1.31e-05  |g|= 0.00172  |ddm|= 0.0091
  HOMO = -0.194902290813629  LUMO = -0.0855429585307297
cycle= 10 E= -774.998371866787  delta_E= -6.29e-07  |g|= 0.000949  |ddm|= 0.00265
  HOMO = -0.194891888064093  LUMO = -0.0855218836618459
cycle= 11 E= -774.998372100374  delta_E= -2.34e-07  |g|= 0.000272  |ddm|= 0.0012
  HOMO = -0.194875298810536  LUMO = -0.0854996600526969
cycle= 12 E= -774.998372115516  delta_E= -1.51e-08  |g|= 0.000135  |ddm|= 0.000409
  HOMO = -0.194890810945686  LUMO = -0.085510728943175
cycle= 13 E= -774.998372119969  delta_E= -4.45e-09  |g|= 6.37e-05  |ddm|= 0.00022
  HOMO = -0.194888840660672  LUMO = -0.0855093262985627
cycle= 14 E= -774.998372121003  delta_E= -1.03e-09  |g|= 1.28e-05  |ddm|= 7.79e-05
  HOMO = -0.194888162724475  LUMO = -0.0855085430086076
cycle= 15 E= -774.998372121029  delta_E= -2.52e-11  |g|= 9.03e-06  |ddm|= 2.46e-05
  HOMO = -0.194888953427568  LUMO = -0.0855091131328288
Extra cycle  E= -774.998372120932  delta_E= 9.62e-11  |g|= 1.98e-05  |ddm|= 3.44e-05
converged SCF energy = -774.998372120932
AOs:  [0, 1, 2, 3, 4, 5, 6, 7, 8, 9, 10, 11, 12, 13, 14, 15, 16, 17, 18, 19, 20, 21, 22, 23, 24, 25, 26, 27, 28, 29, 30, 31, 32, 33, 34, 35, 36, 37, 38, 39, 40, 41, 42, 43, 44, 45, 46, 47, 48, 49, 50, 51, 52, 53, 54, 55, 56, 57, 58, 59, 60, 61, 62, 63]
64

 AO indices used for projection:  [0, 1, 3, 4, 5, 14, 16, 17, 19, 20, 21, 30, 32, 33, 35, 36, 37, 46, 48, 49, 51, 52, 53, 62]
 # of orbitals to keep:  16
Number of Active MOs:  16
Number of Environment MOs:  54
Number of Virtual MOs:  244
 # electrons:            α            β
         Env:  54.00000000  54.00000000
         Act:  16.00000000  16.00000000
         Vir:   0.00000000   0.00000000
Number of electrons in the active space:  32

 The density matrix is idempotent!

 The density matrix is idempotent!


******** <class 'pyscf.scf.hf.RHF'> ********
method = RHF
initial guess = minao
damping factor = 0
level_shift factor = 0
DIIS = <class 'pyscf.scf.diis.CDIIS'>
diis_start_cycle = 1
diis_space = 8
SCF conv_tol = 1e-09
SCF conv_tol_grad = 1e-05
SCF max_cycles = 200
direct_scf = True
direct_scf_tol = 1e-13
chkfile to save SCF result = subsys_scf.chk
max_memory 900000 MB (current use 10673 MB)
init E= 985.642871064256
  HOMO = -0.246399970746546  LUMO = 0.0450242714731825
cycle= 1 E= 985.613845681664  delta_E= -0.029  |g|= 0.0551  |ddm|= 0.731
  HOMO = -0.25182441030655  LUMO = 0.045903730213762
cycle= 2 E= 985.61205295234  delta_E= -0.00179  |g|= 0.0176  |ddm|= 0.124
  HOMO = -0.251228835873278  LUMO = 0.0494807594649117
cycle= 3 E= 985.611710129682  delta_E= -0.000343  |g|= 0.00573  |ddm|= 0.051
  HOMO = -0.252357625647089  LUMO = 0.0498591599684813
cycle= 4 E= 985.611678534245  delta_E= -3.16e-05  |g|= 0.00226  |ddm|= 0.0142
  HOMO = -0.252508373190432  LUMO = 0.0501885025608035
cycle= 5 E= 985.611673619995  delta_E= -4.91e-06  |g|= 0.000646  |ddm|= 0.0061
  HOMO = -0.252628347250859  LUMO = 0.0502360882868722
cycle= 6 E= 985.611673311152  delta_E= -3.09e-07  |g|= 0.00018  |ddm|= 0.00161
  HOMO = -0.252630396828937  LUMO = 0.0502396119657029
cycle= 7 E= 985.611673292369  delta_E= -1.88e-08  |g|= 6.93e-05  |ddm|= 0.000403
  HOMO = -0.252641373375054  LUMO = 0.050231542843704
cycle= 8 E= 985.611673288922  delta_E= -3.45e-09  |g|= 2.91e-05  |ddm|= 0.000145
  HOMO = -0.252641272055264  LUMO = 0.0502286963168197
cycle= 9 E= 985.611673288002  delta_E= -9.2e-10  |g|= 5.9e-06  |ddm|= 0.000111
  HOMO = -0.252640871644928  LUMO = 0.0502285442583725
Extra cycle  E= 985.611673287605  delta_E= -3.97e-10  |g|= 3.01e-06  |ddm|= 1.46e-05
converged SCF energy = 985.611673287605
Difference in energy:  -703.3821502249891
E(MP2) = 985.037545502517  E_corr = -0.574127785087777
Total energy =  -774.4515900396833
time elapsed:  30.875181198120117
