

******** <class 'pyscf.dft.rks.RKS'> ********
method = RKS-RHF
initial guess = minao
damping factor = 0
level_shift factor = 0
DIIS = <class 'pyscf.scf.diis.CDIIS'>
diis_start_cycle = 1
diis_space = 8
SCF conv_tol = 1e-09
SCF conv_tol_grad = 1e-05
SCF max_cycles = 1000
direct_scf = True
direct_scf_tol = 1e-13
chkfile to save SCF result = scf.fchk
max_memory 900000 MB (current use 79 MB)
XC library pyscf.dft.libxc version 5.1.7
    S. Lehtola, C. Steigemann, M. J. Oliveira, and M. A. Marques, SoftwareX 7, 1 (2018)
XC functionals = b3lyp
    P. A. M. Dirac, Math. Proc. Cambridge Philos. Soc. 26, 376 (1930)
    F. Bloch, Z. Phys. 57, 545 (1929)
    A. D. Becke, Phys. Rev. A 38, 3098 (1988)
    C. Lee, W. Yang, and R. G. Parr, Phys. Rev. B 37, 785 (1988)
    B. Miehlich, A. Savin, H. Stoll, and H. Preuss, Chem. Phys. Lett. 157, 200 (1989)
    S. H. Vosko, L. Wilk, and M. Nusair, Can. J. Phys. 58, 1200 (1980)
small_rho_cutoff = 1e-07
init E= -777.152904394393
  HOMO = -0.243958939291693  LUMO = -0.166169698233335
cycle= 1 E= -774.753601455825  delta_E=  2.4  |g|= 1.01  |ddm|= 6.19
  HOMO = -0.038553771476171  LUMO = -0.0224387948779971
cycle= 2 E= -772.333919036709  delta_E= 2.42  |g|= 2.58  |ddm|= 3.18
  HOMO = -0.140615165757768  LUMO = -0.0749598052198544
cycle= 3 E= -774.707325750144  delta_E= -2.37  |g|= 0.896  |ddm|= 2.92
  HOMO = -0.189331432719843  LUMO = -0.0856506822594018
cycle= 4 E= -774.997313593575  delta_E= -0.29  |g|= 0.157  |ddm|=  1.3
  HOMO = -0.196953941257684  LUMO = -0.0901246794172233
cycle= 5 E= -774.995219018069  delta_E= 0.00209  |g|= 0.169  |ddm|= 0.374
  HOMO = -0.197368999659663  LUMO = -0.0862444359432262
cycle= 6 E= -775.00410456963  delta_E= -0.00889  |g|= 0.0426  |ddm|= 0.236
  HOMO = -0.196042531034737  LUMO = -0.0839812356811431
cycle= 7 E= -775.004580908391  delta_E= -0.000476  |g|= 0.0113  |ddm|= 0.0506
  HOMO = -0.195973158080585  LUMO = -0.0838296815112346
cycle= 8 E= -775.004603246879  delta_E= -2.23e-05  |g|= 0.00641  |ddm|= 0.0177
  HOMO = -0.196017769588445  LUMO = -0.0839771169058502
cycle= 9 E= -775.00461497887  delta_E= -1.17e-05  |g|= 0.00169  |ddm|= 0.00859
  HOMO = -0.196079744538377  LUMO = -0.0839803446157208
cycle= 10 E= -775.004615607705  delta_E= -6.29e-07  |g|= 0.000881  |ddm|= 0.00253
  HOMO = -0.196067390460825  LUMO = -0.0839592348544543
cycle= 11 E= -775.004615806803  delta_E= -1.99e-07  |g|= 0.000259  |ddm|= 0.00111
  HOMO = -0.196051353477334  LUMO = -0.0839387232371389
cycle= 12 E= -775.004615820653  delta_E= -1.38e-08  |g|= 0.000128  |ddm|= 0.000396
  HOMO = -0.196066569645948  LUMO = -0.0839492999192375
cycle= 13 E= -775.004615824864  delta_E= -4.21e-09  |g|= 5.52e-05  |ddm|= 0.000204
  HOMO = -0.196064504065258  LUMO = -0.0839478715055641
cycle= 14 E= -775.00461582563  delta_E= -7.66e-10  |g|= 1.21e-05  |ddm|= 6.77e-05
  HOMO = -0.196063947028345  LUMO = -0.0839472565007312
cycle= 15 E= -775.00461582565  delta_E= -1.98e-11  |g|= 8.18e-06  |ddm|= 2.21e-05
  HOMO = -0.196064639737932  LUMO = -0.0839477021154275
Extra cycle  E= -775.004615825577  delta_E= 7.34e-11  |g|= 1.77e-05  |ddm|= 3.02e-05
converged SCF energy = -775.004615825577
AOs:  [0, 1, 2, 3, 4, 5, 6, 7, 8, 9, 10, 11, 12, 13, 14, 15, 16, 17, 18, 19, 20, 21, 22, 23, 24, 25, 26, 27, 28, 29, 30, 31, 32, 33, 34, 35, 36, 37, 38, 39, 40, 41, 42, 43, 44, 45, 46, 47, 48, 49, 50, 51, 52, 53, 54, 55, 56, 57, 58, 59, 60, 61, 62, 63]
64

 AO indices used for projection:  [0, 1, 3, 4, 5, 14, 16, 17, 19, 20, 21, 30, 32, 33, 35, 36, 37, 46, 48, 49, 51, 52, 53, 62]
 # of orbitals to keep:  16
Number of Active MOs:  16
Number of Environment MOs:  54
Number of Virtual MOs:  244
 # electrons:            α            β
         Env:  54.00000000  54.00000000
         Act:  16.00000000  16.00000000
         Vir:   0.00000000   0.00000000
Number of electrons in the active space:  32

 The density matrix is idempotent!

 The density matrix is idempotent!


******** <class 'pyscf.scf.hf.RHF'> ********
method = RHF
initial guess = minao
damping factor = 0
level_shift factor = 0
DIIS = <class 'pyscf.scf.diis.CDIIS'>
diis_start_cycle = 1
diis_space = 8
SCF conv_tol = 1e-09
SCF conv_tol_grad = 1e-05
SCF max_cycles = 200
direct_scf = True
direct_scf_tol = 1e-13
chkfile to save SCF result = subsys_scf.chk
max_memory 900000 MB (current use 10542 MB)
init E= 985.245349965447
  HOMO = -0.249702449412272  LUMO = 0.0469546717844036
cycle= 1 E= 985.216337267303  delta_E= -0.029  |g|= 0.055  |ddm|= 0.749
  HOMO = -0.255115084723256  LUMO = 0.0476481257269605
cycle= 2 E= 985.214577876289  delta_E= -0.00176  |g|= 0.0174  |ddm|= 0.123
  HOMO = -0.254427576117394  LUMO = 0.0510332122134727
cycle= 3 E= 985.214252556391  delta_E= -0.000325  |g|= 0.00555  |ddm|= 0.0492
  HOMO = -0.255524357530835  LUMO = 0.051365340684919
cycle= 4 E= 985.214224126962  delta_E= -2.84e-05  |g|= 0.00222  |ddm|= 0.0131
  HOMO = -0.255658618249604  LUMO = 0.0516624675245032
cycle= 5 E= 985.214219642498  delta_E= -4.48e-06  |g|= 0.000607  |ddm|= 0.00574
  HOMO = -0.255770528227487  LUMO = 0.0517094619945374
cycle= 6 E= 985.214219360673  delta_E= -2.82e-07  |g|= 0.000175  |ddm|= 0.00151
  HOMO = -0.255773365772723  LUMO = 0.0517116435868323
cycle= 7 E= 985.214219344791  delta_E= -1.59e-08  |g|= 6.31e-05  |ddm|= 0.000372
  HOMO = -0.255783049703318  LUMO = 0.0517046753261542
cycle= 8 E= 985.214219341715  delta_E= -3.08e-09  |g|= 2.72e-05  |ddm|= 0.000129
  HOMO = -0.255783321895226  LUMO = 0.0517018206288058
cycle= 9 E= 985.214219340903  delta_E= -8.13e-10  |g|= 6.72e-06  |ddm|= 9.74e-05
  HOMO = -0.255782643053761  LUMO = 0.0517017918576812
Extra cycle  E= 985.214219340773  delta_E= -1.3e-10  |g|= 4.12e-06  |ddm|= 1.38e-05
converged SCF energy = 985.214219340773
Difference in energy:  -702.5934648276625
E(MP2) = 984.641099603478  E_corr = -0.573119737294321
Total energy =  -774.458082545664
time elapsed:  33.18443703651428
