

******** <class 'pyscf.dft.rks.RKS'> ********
method = RKS-RHF
initial guess = minao
damping factor = 0
level_shift factor = 0
DIIS = <class 'pyscf.scf.diis.CDIIS'>
diis_start_cycle = 1
diis_space = 8
SCF conv_tol = 1e-09
SCF conv_tol_grad = 1e-05
SCF max_cycles = 1000
direct_scf = True
direct_scf_tol = 1e-13
chkfile to save SCF result = scf.fchk
max_memory 900000 MB (current use 79 MB)
XC library pyscf.dft.libxc version 5.1.7
    S. Lehtola, C. Steigemann, M. J. Oliveira, and M. A. Marques, SoftwareX 7, 1 (2018)
XC functionals = b3lyp
    P. A. M. Dirac, Math. Proc. Cambridge Philos. Soc. 26, 376 (1930)
    F. Bloch, Z. Phys. 57, 545 (1929)
    A. D. Becke, Phys. Rev. A 38, 3098 (1988)
    C. Lee, W. Yang, and R. G. Parr, Phys. Rev. B 37, 785 (1988)
    B. Miehlich, A. Savin, H. Stoll, and H. Preuss, Chem. Phys. Lett. 157, 200 (1989)
    S. H. Vosko, L. Wilk, and M. Nusair, Can. J. Phys. 58, 1200 (1980)
small_rho_cutoff = 1e-07
init E= -777.157747686347
  HOMO = -0.241200365863526  LUMO = -0.168930688015435
cycle= 1 E= -774.736812208366  delta_E= 2.42  |g|= 1.02  |ddm|= 6.19
  HOMO = -0.0445701561816154  LUMO = -0.0162644773019209
cycle= 2 E= -772.272131817349  delta_E= 2.46  |g|=  2.6  |ddm|= 3.22
  HOMO = -0.141889631508493  LUMO = -0.0712841147967428
cycle= 3 E= -774.699719478604  delta_E= -2.43  |g|= 0.888  |ddm|= 2.97
  HOMO = -0.186350349676762  LUMO = -0.0898822872106638
cycle= 4 E= -774.981673591726  delta_E= -0.282  |g|= 0.158  |ddm|= 1.29
  HOMO = -0.195272759392198  LUMO = -0.0925584899931103
cycle= 5 E= -774.979375983322  delta_E= 0.0023  |g|= 0.173  |ddm|= 0.376
  HOMO = -0.194380750335838  LUMO = -0.0895377946401724
cycle= 6 E= -774.988434137093  delta_E= -0.00906  |g|= 0.0435  |ddm|= 0.244
  HOMO = -0.193180432691261  LUMO = -0.0874478019142216
cycle= 7 E= -774.988940319612  delta_E= -0.000506  |g|= 0.0127  |ddm|= 0.0557
  HOMO = -0.193140480239835  LUMO = -0.0872050265504975
cycle= 8 E= -774.988972037845  delta_E= -3.17e-05  |g|= 0.00693  |ddm|= 0.0205
  HOMO = -0.193247586912355  LUMO = -0.0873790220391346
cycle= 9 E= -774.988986155119  delta_E= -1.41e-05  |g|= 0.00178  |ddm|= 0.00972
  HOMO = -0.193300942247888  LUMO = -0.0873784740529129
cycle= 10 E= -774.988986804513  delta_E= -6.49e-07  |g|= 0.00105  |ddm|= 0.00287
  HOMO = -0.193296636572147  LUMO = -0.0873610601541267
cycle= 11 E= -774.988987093423  delta_E= -2.89e-07  |g|= 0.00032  |ddm|= 0.00135
  HOMO = -0.19328197524344  LUMO = -0.0873362783750723
cycle= 12 E= -774.9889871137  delta_E= -2.03e-08  |g|= 0.000152  |ddm|= 0.000443
  HOMO = -0.193297138525133  LUMO = -0.0873483438200093
cycle= 13 E= -774.988987118491  delta_E= -4.79e-09  |g|= 8.71e-05  |ddm|= 0.000255
  HOMO = -0.193295329324211  LUMO = -0.087346808265569
cycle= 14 E= -774.988987120464  delta_E= -1.97e-09  |g|= 1.5e-05  |ddm|= 0.000106
  HOMO = -0.193294416531901  LUMO = -0.0873456339563421
cycle= 15 E= -774.988987120508  delta_E= -4.46e-11  |g|= 8.6e-06  |ddm|= 2.93e-05
  HOMO = -0.193295365855498  LUMO = -0.0873464250309654
Extra cycle  E= -774.988987120419  delta_E= 8.91e-11  |g|= 1.88e-05  |ddm|= 3.45e-05
converged SCF energy = -774.988987120419
AOs:  [0, 1, 2, 3, 4, 5, 6, 7, 8, 9, 10, 11, 12, 13, 14, 15, 16, 17, 18, 19, 20, 21, 22, 23, 24, 25, 26, 27, 28, 29, 30, 31, 32, 33, 34, 35, 36, 37, 38, 39, 40, 41, 42, 43, 44, 45, 46, 47, 48, 49, 50, 51, 52, 53, 54, 55, 56, 57, 58, 59, 60, 61, 62, 63]
64

 AO indices used for projection:  [0, 1, 3, 4, 5, 14, 16, 17, 19, 20, 21, 30, 32, 33, 35, 36, 37, 46, 48, 49, 51, 52, 53, 62]
 # of orbitals to keep:  16
Number of Active MOs:  16
Number of Environment MOs:  54
Number of Virtual MOs:  244
 # electrons:            α            β
         Env:  54.00000000  54.00000000
         Act:  16.00000000  16.00000000
         Vir:   0.00000000   0.00000000
Number of electrons in the active space:  32

 The density matrix is idempotent!

 The density matrix is idempotent!


******** <class 'pyscf.scf.hf.RHF'> ********
method = RHF
initial guess = minao
damping factor = 0
level_shift factor = 0
DIIS = <class 'pyscf.scf.diis.CDIIS'>
diis_start_cycle = 1
diis_space = 8
SCF conv_tol = 1e-09
SCF conv_tol_grad = 1e-05
SCF max_cycles = 200
direct_scf = True
direct_scf_tol = 1e-13
chkfile to save SCF result = subsys_scf.chk
max_memory 900000 MB (current use 10412 MB)
init E= 1002.56048597156
  HOMO = -0.242734602678181  LUMO = 0.043397774055194
cycle= 1 E= 1002.53130241287  delta_E= -0.0292  |g|= 0.0555  |ddm|= 0.707
  HOMO = -0.247909952988531  LUMO = 0.0443655228713371
cycle= 2 E= 1002.52944227628  delta_E= -0.00186  |g|= 0.0181  |ddm|= 0.127
  HOMO = -0.247464921626231  LUMO = 0.0480248389242109
cycle= 3 E= 1002.52906345103  delta_E= -0.000379  |g|= 0.00592  |ddm|= 0.0554
  HOMO = -0.248605708049452  LUMO = 0.0485255613302977
cycle= 4 E= 1002.52902404983  delta_E= -3.94e-05  |g|= 0.00233  |ddm|= 0.0172
  HOMO = -0.248800298950267  LUMO = 0.0488868970214123
cycle= 5 E= 1002.52901847013  delta_E= -5.58e-06  |g|= 0.000775  |ddm|= 0.00694
  HOMO = -0.248916082208124  LUMO = 0.0489378370973596
cycle= 6 E= 1002.52901809553  delta_E= -3.75e-07  |g|= 0.000203  |ddm|= 0.0019
  HOMO = -0.248929401586961  LUMO = 0.0489422580191458
cycle= 7 E= 1002.52901807205  delta_E= -2.35e-08  |g|= 8.04e-05  |ddm|= 0.000458
  HOMO = -0.248938237914466  LUMO = 0.0489352340255558
cycle= 8 E= 1002.52901806784  delta_E= -4.21e-09  |g|= 3e-05  |ddm|= 0.000169
  HOMO = -0.248939914487292  LUMO = 0.0489321354014354
cycle= 9 E= 1002.52901806701  delta_E= -8.37e-10  |g|= 1.04e-05  |ddm|= 0.000106
  HOMO = -0.248938805539185  LUMO = 0.048931940342424
cycle= 10 E= 1002.5290180665  delta_E= -5.12e-10  |g|= 3.88e-06  |ddm|= 3.31e-05
  HOMO = -0.24893938347987  LUMO = 0.048931555829468
Extra cycle  E= 1002.52901806655  delta_E= 5.81e-11  |g|= 2.74e-06  |ddm|= 8.76e-06
converged SCF energy = 1002.52901806655
Difference in energy:  -704.8416930920366
E(MP2) = 1001.95292367539  E_corr = -0.576094391165727
Total energy =  -774.4418457175865
time elapsed:  37.13202691078186
