

******** <class 'pyscf.dft.rks.RKS'> ********
method = RKS-RHF
initial guess = minao
damping factor = 0
level_shift factor = 0
DIIS = <class 'pyscf.scf.diis.CDIIS'>
diis_start_cycle = 1
diis_space = 8
SCF conv_tol = 1e-09
SCF conv_tol_grad = 1e-05
SCF max_cycles = 1000
direct_scf = True
direct_scf_tol = 1e-13
chkfile to save SCF result = scf.fchk
max_memory 900000 MB (current use 79 MB)
XC library pyscf.dft.libxc version 5.1.7
    S. Lehtola, C. Steigemann, M. J. Oliveira, and M. A. Marques, SoftwareX 7, 1 (2018)
XC functionals = b3lyp
    P. A. M. Dirac, Math. Proc. Cambridge Philos. Soc. 26, 376 (1930)
    F. Bloch, Z. Phys. 57, 545 (1929)
    A. D. Becke, Phys. Rev. A 38, 3098 (1988)
    C. Lee, W. Yang, and R. G. Parr, Phys. Rev. B 37, 785 (1988)
    B. Miehlich, A. Savin, H. Stoll, and H. Preuss, Chem. Phys. Lett. 157, 200 (1989)
    S. H. Vosko, L. Wilk, and M. Nusair, Can. J. Phys. 58, 1200 (1980)
small_rho_cutoff = 1e-07
init E= -777.150898480149
  HOMO = -0.225855724988397  LUMO = -0.184073531071302
cycle= 1 E= -774.658117529366  delta_E= 2.49  |g|= 1.03  |ddm|=  6.2
  HOMO = -0.0445360122076944  LUMO = -0.0152571818470029
cycle= 2 E= -771.839947208288  delta_E= 2.82  |g|= 2.72  |ddm|=  3.5
  HOMO = -0.129966540465242  LUMO = -0.0662054429225515
cycle= 3 E= -774.701831450795  delta_E= -2.86  |g|= 0.794  |ddm|= 3.27
  HOMO = -0.166478246095921  LUMO = -0.115825324305429
cycle= 4 E= -774.911416543964  delta_E= -0.21  |g|= 0.272  |ddm|= 1.43
  HOMO = -0.178414991844446  LUMO = -0.110181238869313
cycle= 5 E= -774.905697552797  delta_E= 0.00572  |g|= 0.297  |ddm|= 0.763
  HOMO = -0.171679616448312  LUMO = -0.111051672361775
cycle= 6 E= -774.932846100634  delta_E= -0.0271  |g|= 0.0967  |ddm|= 0.565
  HOMO = -0.173187580376269  LUMO = -0.109951968519615
cycle= 7 E= -774.936128900963  delta_E= -0.00328  |g|= 0.0359  |ddm|= 0.166
  HOMO = -0.172609392660162  LUMO = -0.107942459252629
cycle= 8 E= -774.936508690666  delta_E= -0.00038  |g|= 0.0138  |ddm|= 0.0534
  HOMO = -0.173513192596487  LUMO = -0.108322196345496
cycle= 9 E= -774.936563591034  delta_E= -5.49e-05  |g|= 0.00466  |ddm|= 0.022
  HOMO = -0.173655186577937  LUMO = -0.10834510249431
cycle= 10 E= -774.936568668515  delta_E= -5.08e-06  |g|= 0.00203  |ddm|= 0.0067
  HOMO = -0.173641059772135  LUMO = -0.108299766729097
cycle= 11 E= -774.936569849934  delta_E= -1.18e-06  |g|= 0.000512  |ddm|= 0.00289
  HOMO = -0.173636798655755  LUMO = -0.10828023578103
cycle= 12 E= -774.936569925494  delta_E= -7.56e-08  |g|= 0.000215  |ddm|= 0.000725
  HOMO = -0.173639249712732  LUMO = -0.108275656855048
cycle= 13 E= -774.936569939794  delta_E= -1.43e-08  |g|= 5.89e-05  |ddm|= 0.000325
  HOMO = -0.173640730303061  LUMO = -0.108276651946516
cycle= 14 E= -774.936569940299  delta_E= -5.05e-10  |g|= 3.9e-05  |ddm|= 0.000111
  HOMO = -0.173640926310811  LUMO = -0.108277612737035
cycle= 15 E= -774.936569940236  delta_E= 6.3e-11  |g|= 3.97e-05  |ddm|= 0.00011
  HOMO = -0.173641423343476  LUMO = -0.108277108322506
cycle= 16 E= -774.936569940802  delta_E= -5.66e-10  |g|= 1.05e-05  |ddm|= 7.04e-05
  HOMO = -0.173641416003552  LUMO = -0.108277039646518
cycle= 17 E= -774.936569940822  delta_E= -2e-11  |g|= 6.28e-06  |ddm|= 1.52e-05
  HOMO = -0.17364090855751  LUMO = -0.108276570186857
Extra cycle  E= -774.936569940761  delta_E= 6.09e-11  |g|= 1.55e-05  |ddm|= 2.6e-05
converged SCF energy = -774.936569940761
AOs:  [0, 1, 2, 3, 4, 5, 6, 7, 8, 9, 10, 11, 12, 13, 14, 15, 16, 17, 18, 19, 20, 21, 22, 23, 24, 25, 26, 27, 28, 29, 30, 31, 32, 33, 34, 35, 36, 37, 38, 39, 40, 41, 42, 43, 44, 45, 46, 47, 48, 49, 50, 51, 52, 53, 54, 55, 56, 57, 58, 59, 60, 61, 62, 63]
64

 AO indices used for projection:  [0, 1, 3, 4, 5, 14, 16, 17, 19, 20, 21, 30, 32, 33, 35, 36, 37, 46, 48, 49, 51, 52, 53, 62]
 # of orbitals to keep:  16
Number of Active MOs:  16
Number of Environment MOs:  54
Number of Virtual MOs:  244
 # electrons:            α            β
         Env:  54.00000000  54.00000000
         Act:  16.00000000  16.00000000
         Vir:  -0.00000000  -0.00000000
Number of electrons in the active space:  32

 The density matrix is idempotent!

 The density matrix is idempotent!


******** <class 'pyscf.scf.hf.RHF'> ********
method = RHF
initial guess = minao
damping factor = 0
level_shift factor = 0
DIIS = <class 'pyscf.scf.diis.CDIIS'>
diis_start_cycle = 1
diis_space = 8
SCF conv_tol = 1e-09
SCF conv_tol_grad = 1e-05
SCF max_cycles = 200
direct_scf = True
direct_scf_tol = 1e-13
chkfile to save SCF result = subsys_scf.chk
max_memory 900000 MB (current use 10412 MB)
init E= 997.042402744407
  HOMO = -0.203681149891612  LUMO = 0.0172302716808927
cycle= 1 E= 997.012295907779  delta_E= -0.0301  |g|= 0.0583  |ddm|= 0.691
  HOMO = -0.208222566527256  LUMO = 0.0194613552499447
cycle= 2 E= 997.010024085053  delta_E= -0.00227  |g|= 0.0209  |ddm|= 0.149
  HOMO = -0.209352879754507  LUMO = 0.0243668252559611
cycle= 3 E= 997.009404329758  delta_E= -0.00062  |g|= 0.0113  |ddm|= 0.0772
  HOMO = -0.209712840803086  LUMO = 0.0256502442765239
cycle= 4 E= 997.009283814153  delta_E= -0.000121  |g|= 0.00469  |ddm|= 0.0312
  HOMO = -0.210943985004916  LUMO = 0.0264049075517682
cycle= 5 E= 997.009244944983  delta_E= -3.89e-05  |g|= 0.00197  |ddm|= 0.022
  HOMO = -0.211051333363009  LUMO = 0.0266601178477039
cycle= 6 E= 997.009241381624  delta_E= -3.56e-06  |g|= 0.000754  |ddm|= 0.00658
  HOMO = -0.211083135527625  LUMO = 0.0266447018135353
cycle= 7 E= 997.009240811198  delta_E= -5.7e-07  |g|= 0.00037  |ddm|= 0.00249
  HOMO = -0.211084642690375  LUMO = 0.0266019032805228
cycle= 8 E= 997.009240582603  delta_E= -2.29e-07  |g|= 0.000193  |ddm|= 0.00187
  HOMO = -0.211068944442687  LUMO = 0.0265856869065538
cycle= 9 E= 997.009240521253  delta_E= -6.13e-08  |g|= 4.72e-05  |ddm|= 0.00132
  HOMO = -0.211061507839427  LUMO = 0.0265797297104929
cycle= 10 E= 997.009240518121  delta_E= -3.13e-09  |g|= 1.41e-05  |ddm|= 0.000328
  HOMO = -0.21106007858421  LUMO = 0.0265789513861957
cycle= 11 E= 997.009240517601  delta_E= -5.2e-10  |g|= 4.56e-06  |ddm|= 6.69e-05
  HOMO = -0.211060121530091  LUMO = 0.0265786081621905
Extra cycle  E= 997.009240517507  delta_E= -9.42e-11  |g|= 2.5e-06  |ddm|= 1.13e-05
converged SCF energy = 997.009240517507
Difference in energy:  -715.7303008984718
E(MP2) = 996.425307034615  E_corr = -0.58393348289196
Total energy =  -774.3799155431436
time elapsed:  33.70743942260742
