

******** <class 'pyscf.dft.rks.RKS'> ********
method = RKS-RHF
initial guess = minao
damping factor = 0
level_shift factor = 0
DIIS = <class 'pyscf.scf.diis.CDIIS'>
diis_start_cycle = 1
diis_space = 8
SCF conv_tol = 1e-09
SCF conv_tol_grad = 1e-05
SCF max_cycles = 1000
direct_scf = True
direct_scf_tol = 1e-13
chkfile to save SCF result = scf.fchk
max_memory 900000 MB (current use 79 MB)
XC library pyscf.dft.libxc version 5.1.7
    S. Lehtola, C. Steigemann, M. J. Oliveira, and M. A. Marques, SoftwareX 7, 1 (2018)
XC functionals = b3lyp
    P. A. M. Dirac, Math. Proc. Cambridge Philos. Soc. 26, 376 (1930)
    F. Bloch, Z. Phys. 57, 545 (1929)
    A. D. Becke, Phys. Rev. A 38, 3098 (1988)
    C. Lee, W. Yang, and R. G. Parr, Phys. Rev. B 37, 785 (1988)
    B. Miehlich, A. Savin, H. Stoll, and H. Preuss, Chem. Phys. Lett. 157, 200 (1989)
    S. H. Vosko, L. Wilk, and M. Nusair, Can. J. Phys. 58, 1200 (1980)
small_rho_cutoff = 1e-07
init E= -777.150152729017
  HOMO = -0.219610925477562  LUMO = -0.18952761354637
cycle= 1 E= -774.590395999584  delta_E= 2.56  |g|= 1.06  |ddm|= 6.21
  HOMO = -0.0398795207517242  LUMO = -0.00409396471708549
cycle= 2 E= -770.056873825173  delta_E= 4.53  |g|= 2.98  |ddm|= 4.11
  HOMO = -0.123949651863213  LUMO = -0.0751235715435323
cycle= 3 E= -774.664122330734  delta_E= -4.61  |g|= 0.766  |ddm|= 3.88
  HOMO = -0.139792997264038  LUMO = -0.120412805453864
cycle= 4 E= -774.607670462802  delta_E= 0.0565  |g|= 0.771  |ddm|= 2.31
  HOMO = -0.162650989126908  LUMO = -0.133459199967734
cycle= 5 E= -774.818464720349  delta_E= -0.211  |g|= 0.511  |ddm|=    2
  HOMO = -0.148519097937297  LUMO = -0.125748859838333
cycle= 6 E= -774.830966751796  delta_E= -0.0125  |g|= 0.397  |ddm|= 1.51
  HOMO = -0.153733779791531  LUMO = -0.126998123923699
cycle= 7 E= -774.900279560292  delta_E= -0.0693  |g|= 0.147  |ddm|= 0.608
  HOMO = -0.155932976365517  LUMO = -0.120860067689074
cycle= 8 E= -774.904667079021  delta_E= -0.00439  |g|= 0.109  |ddm|= 0.154
  HOMO = -0.160097099517884  LUMO = -0.121419182588975
cycle= 9 E= -774.907927194164  delta_E= -0.00326  |g|= 0.0671  |ddm|= 0.118
  HOMO = -0.160271346823272  LUMO = -0.120267688472168
cycle= 10 E= -774.909131305788  delta_E= -0.0012  |g|= 0.0363  |ddm|= 0.061
  HOMO = -0.160413553225726  LUMO = -0.120190917008368
cycle= 11 E= -774.909628959275  delta_E= -0.000498  |g|= 0.0163  |ddm|= 0.0431
  HOMO = -0.160633204616263  LUMO = -0.120172903288983
cycle= 12 E= -774.909736997453  delta_E= -0.000108  |g|= 0.00403  |ddm|= 0.0358
  HOMO = -0.16073020838617  LUMO = -0.120395897268527
cycle= 13 E= -774.90974364703  delta_E= -6.65e-06  |g|= 0.00155  |ddm|= 0.00917
  HOMO = -0.160703144259353  LUMO = -0.120403844772054
cycle= 14 E= -774.909744068824  delta_E= -4.22e-07  |g|= 0.00108  |ddm|= 0.00212
  HOMO = -0.160680813536592  LUMO = -0.120355432015882
cycle= 15 E= -774.909744405844  delta_E= -3.37e-07  |g|= 0.000425  |ddm|= 0.00121
  HOMO = -0.160694254905243  LUMO = -0.120365550137073
cycle= 16 E= -774.909744484377  delta_E= -7.85e-08  |g|= 7.35e-05  |ddm|= 0.000794
  HOMO = -0.160691931318015  LUMO = -0.120365421297666
cycle= 17 E= -774.909744485578  delta_E= -1.2e-09  |g|= 3.67e-05  |ddm|= 0.000116
  HOMO = -0.160691758774157  LUMO = -0.120366603115005
cycle= 18 E= -774.909744485929  delta_E= -3.5e-10  |g|= 1.64e-05  |ddm|= 5.7e-05
  HOMO = -0.160691098119106  LUMO = -0.12036647616998
cycle= 19 E= -774.90974448604  delta_E= -1.12e-10  |g|= 5.49e-06  |ddm|= 2.66e-05
  HOMO = -0.160690943343274  LUMO = -0.120366916399929
Extra cycle  E= -774.909744485876  delta_E= 1.65e-10  |g|= 2.07e-05  |ddm|= 4.37e-05
converged SCF energy = -774.909744485876
AOs:  [0, 1, 2, 3, 4, 5, 6, 7, 8, 9, 10, 11, 12, 13, 14, 15, 16, 17, 18, 19, 20, 21, 22, 23, 24, 25, 26, 27, 28, 29, 30, 31, 32, 33, 34, 35, 36, 37, 38, 39, 40, 41, 42, 43, 44, 45, 46, 47, 48, 49, 50, 51, 52, 53, 54, 55, 56, 57, 58, 59, 60, 61, 62, 63]
64

 AO indices used for projection:  [0, 1, 3, 4, 5, 14, 16, 17, 19, 20, 21, 30, 32, 33, 35, 36, 37, 46, 48, 49, 51, 52, 53, 62]
 # of orbitals to keep:  16
Number of Active MOs:  16
Number of Environment MOs:  54
Number of Virtual MOs:  244
 # electrons:            α            β
         Env:  54.00000000  54.00000000
         Act:  16.00000000  16.00000000
         Vir:  -0.00000000  -0.00000000
Number of electrons in the active space:  32

 The density matrix is idempotent!

 The density matrix is idempotent!


******** <class 'pyscf.scf.hf.RHF'> ********
method = RHF
initial guess = minao
damping factor = 0
level_shift factor = 0
DIIS = <class 'pyscf.scf.diis.CDIIS'>
diis_start_cycle = 1
diis_space = 8
SCF conv_tol = 1e-09
SCF conv_tol_grad = 1e-05
SCF max_cycles = 200
direct_scf = True
direct_scf_tol = 1e-13
chkfile to save SCF result = subsys_scf.chk
max_memory 900000 MB (current use 10668 MB)
init E= 994.694237078765
  HOMO = -0.181718111098094  LUMO = 0.00193029863203705
cycle= 1 E= 994.663511667065  delta_E= -0.0307  |g|= 0.0628  |ddm|= 0.706
  HOMO = -0.184737573696945  LUMO = 0.00345807204465548
cycle= 2 E= 994.660929936876  delta_E= -0.00258  |g|= 0.0236  |ddm|= 0.173
  HOMO = -0.187271129357403  LUMO = 0.00808502913261932
cycle= 3 E= 994.660115010944  delta_E= -0.000815  |g|= 0.0188  |ddm|= 0.0896
  HOMO = -0.18692649392692  LUMO = 0.00981296225331601
cycle= 4 E= 994.659827114216  delta_E= -0.000288  |g|= 0.00812  |ddm|= 0.0506
  HOMO = -0.188592256325015  LUMO = 0.01080670351111
cycle= 5 E= 994.659671340069  delta_E= -0.000156  |g|= 0.00445  |ddm|= 0.0519
  HOMO = -0.188683749017982  LUMO = 0.0112574393860348
cycle= 6 E= 994.659640516482  delta_E= -3.08e-05  |g|= 0.00254  |ddm|= 0.0221
  HOMO = -0.188656848650151  LUMO = 0.0110751927976906
cycle= 7 E= 994.659629429253  delta_E= -1.11e-05  |g|= 0.0015  |ddm|= 0.0133
  HOMO = -0.188478457121827  LUMO = 0.0108930801927495
cycle= 8 E= 994.659623004622  delta_E= -6.42e-06  |g|= 0.000795  |ddm|= 0.0135
  HOMO = -0.188413520238468  LUMO = 0.010723850989976
cycle= 9 E= 994.659621513722  delta_E= -1.49e-06  |g|= 0.000224  |ddm|= 0.00858
  HOMO = -0.188356643313575  LUMO = 0.010717468002453
cycle= 10 E= 994.659621444717  delta_E= -6.9e-08  |g|= 7.36e-05  |ddm|= 0.00166
  HOMO = -0.188347330464954  LUMO = 0.0106997267415973
cycle= 11 E= 994.659621437726  delta_E= -6.99e-09  |g|= 2.64e-05  |ddm|= 0.000551
  HOMO = -0.188346614787816  LUMO = 0.0106997387898183
cycle= 12 E= 994.659621437586  delta_E= -1.4e-10  |g|= 7.39e-06  |ddm|= 8e-05
  HOMO = -0.188345720918666  LUMO = 0.0106994182853435
Extra cycle  E= 994.659621437596  delta_E= 9.44e-12  |g|= 3.47e-06  |ddm|= 2.24e-05
converged SCF energy = 994.659621437596
Difference in energy:  -721.7037644050913
E(MP2) = 994.072982331763  E_corr = -0.586639105832535
Total energy =  -774.3462763991453
time elapsed:  38.75566101074219
