

******** <class 'pyscf.dft.rks.RKS'> ********
method = RKS-RHF
initial guess = minao
damping factor = 0
level_shift factor = 0
DIIS = <class 'pyscf.scf.diis.CDIIS'>
diis_start_cycle = 1
diis_space = 8
SCF conv_tol = 1e-09
SCF conv_tol_grad = 1e-05
SCF max_cycles = 1000
direct_scf = True
direct_scf_tol = 1e-13
chkfile to save SCF result = scf.fchk
max_memory 900000 MB (current use 79 MB)
XC library pyscf.dft.libxc version 5.1.7
    S. Lehtola, C. Steigemann, M. J. Oliveira, and M. A. Marques, SoftwareX 7, 1 (2018)
XC functionals = b3lyp
    P. A. M. Dirac, Math. Proc. Cambridge Philos. Soc. 26, 376 (1930)
    F. Bloch, Z. Phys. 57, 545 (1929)
    A. D. Becke, Phys. Rev. A 38, 3098 (1988)
    C. Lee, W. Yang, and R. G. Parr, Phys. Rev. B 37, 785 (1988)
    B. Miehlich, A. Savin, H. Stoll, and H. Preuss, Chem. Phys. Lett. 157, 200 (1989)
    S. H. Vosko, L. Wilk, and M. Nusair, Can. J. Phys. 58, 1200 (1980)
small_rho_cutoff = 1e-07
init E= -777.150093523338
  HOMO = -0.219241698746044  LUMO = -0.189841575488036
cycle= 1 E= -774.584392458854  delta_E= 2.57  |g|= 1.06  |ddm|= 6.21
  HOMO = -0.036013533318677  LUMO = -0.0016112121974187
cycle= 2 E= -770.005087023709  delta_E= 4.58  |g|=    3  |ddm|= 4.13
  HOMO = -0.121266420576194  LUMO = -0.0767774110184244
cycle= 3 E= -774.660353336135  delta_E= -4.66  |g|= 0.765  |ddm|=  3.9
  HOMO = -0.136592388298061  LUMO = -0.119636602852643
cycle= 4 E= -774.578008881813  delta_E= 0.0823  |g|= 0.796  |ddm|= 2.37
  HOMO = -0.159990018411037  LUMO = -0.135764741153414
cycle= 5 E= -774.801591249653  delta_E= -0.224  |g|= 0.532  |ddm|= 2.14
  HOMO = -0.145831694562866  LUMO = -0.12724992587003
cycle= 6 E= -774.765569994948  delta_E= 0.036  |g|= 0.508  |ddm|= 1.86
  HOMO = -0.14881487271953  LUMO = -0.131036561194148
cycle= 7 E= -774.891905389805  delta_E= -0.126  |g|= 0.174  |ddm|= 0.866
  HOMO = -0.152498062352944  LUMO = -0.123422947987527
cycle= 8 E= -774.897755758114  delta_E= -0.00585  |g|= 0.139  |ddm|= 0.17
  HOMO = -0.157406173416213  LUMO = -0.123394155981398
cycle= 9 E= -774.900266711284  delta_E= -0.00251  |g|= 0.117  |ddm|= 0.119
  HOMO = -0.157807216865301  LUMO = -0.12165717884334
cycle= 10 E= -774.902507324354  delta_E= -0.00224  |g|= 0.0879  |ddm|= 0.071
  HOMO = -0.158019447271556  LUMO = -0.12164159250766
cycle= 11 E= -774.905196080094  delta_E= -0.00269  |g|= 0.0464  |ddm|= 0.0942
  HOMO = -0.158272770489626  LUMO = -0.121504064564443
cycle= 12 E= -774.906046821374  delta_E= -0.000851  |g|= 0.0151  |ddm|= 0.0755
  HOMO = -0.158872981913254  LUMO = -0.122303439511314
cycle= 13 E= -774.906077995278  delta_E= -3.12e-05  |g|= 0.00923  |ddm|= 0.0168
  HOMO = -0.158800635848148  LUMO = -0.122161207328886
cycle= 14 E= -774.906105048937  delta_E= -2.71e-05  |g|= 0.004  |ddm|= 0.0099
  HOMO = -0.158749818053527  LUMO = -0.122050186042106
cycle= 15 E= -774.906111204963  delta_E= -6.16e-06  |g|= 0.00133  |ddm|= 0.0054
  HOMO = -0.158798885051672  LUMO = -0.122102741005999
cycle= 16 E= -774.906111924349  delta_E= -7.19e-07  |g|= 0.000282  |ddm|= 0.00291
  HOMO = -0.158785487230372  LUMO = -0.122100432662823
cycle= 17 E= -774.906111949958  delta_E= -2.56e-08  |g|= 0.000177  |ddm|= 0.000563
  HOMO = -0.158786151234469  LUMO = -0.122104085290773
cycle= 18 E= -774.906111957645  delta_E= -7.69e-09  |g|= 4.82e-05  |ddm|= 0.000208
  HOMO = -0.158783567851929  LUMO = -0.122102885055407
cycle= 19 E= -774.906111958317  delta_E= -6.72e-10  |g|= 3.19e-05  |ddm|= 0.000119
  HOMO = -0.158783780447633  LUMO = -0.122104104217398
cycle= 20 E= -774.906111958614  delta_E= -2.97e-10  |g|= 1.37e-05  |ddm|= 4.26e-05
  HOMO = -0.158784085070582  LUMO = -0.122104572948781
cycle= 21 E= -774.906111958674  delta_E= -5.98e-11  |g|= 8.17e-06  |ddm|= 2.86e-05
  HOMO = -0.158783913854389  LUMO = -0.122104593017063
Extra cycle  E= -774.906111958609  delta_E= 6.46e-11  |g|= 1.82e-05  |ddm|= 2.63e-05
converged SCF energy = -774.906111958609
AOs:  [0, 1, 2, 3, 4, 5, 6, 7, 8, 9, 10, 11, 12, 13, 14, 15, 16, 17, 18, 19, 20, 21, 22, 23, 24, 25, 26, 27, 28, 29, 30, 31, 32, 33, 34, 35, 36, 37, 38, 39, 40, 41, 42, 43, 44, 45, 46, 47, 48, 49, 50, 51, 52, 53, 54, 55, 56, 57, 58, 59, 60, 61, 62, 63]
64

 AO indices used for projection:  [0, 1, 3, 4, 5, 14, 16, 17, 19, 20, 21, 30, 32, 33, 35, 36, 37, 46, 48, 49, 51, 52, 53, 62]
 # of orbitals to keep:  16
Number of Active MOs:  16
Number of Environment MOs:  54
Number of Virtual MOs:  244
 # electrons:            α            β
         Env:  54.00000000  54.00000000
         Act:  16.00000000  16.00000000
         Vir:   0.00000000   0.00000000
Number of electrons in the active space:  32

 The density matrix is idempotent!

 The density matrix is idempotent!


******** <class 'pyscf.scf.hf.RHF'> ********
method = RHF
initial guess = minao
damping factor = 0
level_shift factor = 0
DIIS = <class 'pyscf.scf.diis.CDIIS'>
diis_start_cycle = 1
diis_space = 8
SCF conv_tol = 1e-09
SCF conv_tol_grad = 1e-05
SCF max_cycles = 200
direct_scf = True
direct_scf_tol = 1e-13
chkfile to save SCF result = subsys_scf.chk
max_memory 900000 MB (current use 10412 MB)
init E= 994.391252315341
  HOMO = -0.17850579595728  LUMO = -0.000239965724757722
cycle= 1 E= 994.360397674739  delta_E= -0.0309  |g|= 0.0639  |ddm|= 0.709
  HOMO = -0.181185301822447  LUMO = 0.00106120336377772
cycle= 2 E= 994.357751821844  delta_E= -0.00265  |g|= 0.0242  |ddm|= 0.178
  HOMO = -0.183973950861472  LUMO = 0.00561461669466732
cycle= 3 E= 994.356895160357  delta_E= -0.000857  |g|= 0.0202  |ddm|= 0.0919
  HOMO = -0.183527739146334  LUMO = 0.00740275137976707
cycle= 4 E= 994.356561218068  delta_E= -0.000334  |g|= 0.00905  |ddm|= 0.0551
  HOMO = -0.185209442712205  LUMO = 0.00838376653673319
cycle= 5 E= 994.356365369189  delta_E= -0.000196  |g|= 0.00518  |ddm|= 0.0593
  HOMO = -0.18528333571102  LUMO = 0.00887200818460563
cycle= 6 E= 994.356319438767  delta_E= -4.59e-05  |g|= 0.0031  |ddm|= 0.0277
  HOMO = -0.185225435089415  LUMO = 0.00862745595591154
cycle= 7 E= 994.356301372038  delta_E= -1.81e-05  |g|= 0.00189  |ddm|= 0.0175
  HOMO = -0.184973591093326  LUMO = 0.00838330004573904
cycle= 8 E= 994.35629002351  delta_E= -1.13e-05  |g|= 0.00101  |ddm|= 0.0189
  HOMO = -0.184871878353083  LUMO = 0.00814566741949196
cycle= 9 E= 994.35628726746  delta_E= -2.76e-06  |g|= 0.000277  |ddm|= 0.0123
  HOMO = -0.184796636514798  LUMO = 0.00812815947340737
cycle= 10 E= 994.356287144046  delta_E= -1.23e-07  |g|= 9.02e-05  |ddm|= 0.00244
  HOMO = -0.18478294823646  LUMO = 0.00810656370344928
cycle= 11 E= 994.356287133113  delta_E= -1.09e-08  |g|= 3.19e-05  |ddm|= 0.000694
  HOMO = -0.184782339256635  LUMO = 0.00810594371766635
cycle= 12 E= 994.356287132321  delta_E= -7.92e-10  |g|= 8.09e-06  |ddm|= 9.76e-05
  HOMO = -0.184781431679857  LUMO = 0.00810584815716464
Extra cycle  E= 994.35628713236  delta_E= 3.98e-11  |g|= 3.79e-06  |ddm|= 2.49e-05
converged SCF energy = 994.35628713236
Difference in energy:  -722.5361015620609
E(MP2) = 993.769800300652  E_corr = -0.586486831708196
Total energy =  -774.3411651851761
time elapsed:  43.565794467926025
