

******** <class 'pyscf.dft.rks.RKS'> ********
method = RKS-RHF
initial guess = minao
damping factor = 0
level_shift factor = 0
DIIS = <class 'pyscf.scf.diis.CDIIS'>
diis_start_cycle = 1
diis_space = 8
SCF conv_tol = 1e-09
SCF conv_tol_grad = 1e-05
SCF max_cycles = 1000
direct_scf = True
direct_scf_tol = 1e-13
chkfile to save SCF result = scf.fchk
max_memory 900000 MB (current use 79 MB)
XC library pyscf.dft.libxc version 5.1.7
    S. Lehtola, C. Steigemann, M. J. Oliveira, and M. A. Marques, SoftwareX 7, 1 (2018)
XC functionals = b3lyp
    P. A. M. Dirac, Math. Proc. Cambridge Philos. Soc. 26, 376 (1930)
    F. Bloch, Z. Phys. 57, 545 (1929)
    A. D. Becke, Phys. Rev. A 38, 3098 (1988)
    C. Lee, W. Yang, and R. G. Parr, Phys. Rev. B 37, 785 (1988)
    B. Miehlich, A. Savin, H. Stoll, and H. Preuss, Chem. Phys. Lett. 157, 200 (1989)
    S. H. Vosko, L. Wilk, and M. Nusair, Can. J. Phys. 58, 1200 (1980)
small_rho_cutoff = 1e-07
init E= -777.150066905494
  HOMO = -0.219119519942399  LUMO = -0.189942400009885
cycle= 1 E= -774.582386934202  delta_E= 2.57  |g|= 1.06  |ddm|= 6.21
  HOMO = -0.0347401748200958  LUMO = -0.000797292969350251
cycle= 2 E= -769.988855142868  delta_E= 4.59  |g|=    3  |ddm|= 4.14
  HOMO = -0.120309766323044  LUMO = -0.0773644882750243
cycle= 3 E= -774.658642814852  delta_E= -4.67  |g|= 0.765  |ddm|=  3.9
  HOMO = -0.135397076524514  LUMO = -0.119270434408624
cycle= 4 E= -774.567946610843  delta_E= 0.0907  |g|= 0.805  |ddm|= 2.39
  HOMO = -0.158893538514071  LUMO = -0.136690361639085
cycle= 5 E= -774.792956017149  delta_E= -0.225  |g|= 0.542  |ddm|= 2.19
  HOMO = -0.144858965182982  LUMO = -0.127641335662919
cycle= 6 E= -774.723299628876  delta_E= 0.0697  |g|= 0.56  |ddm|= 2.05
  HOMO = -0.146066440838758  LUMO = -0.133604062173157
cycle= 7 E= -774.888430019247  delta_E= -0.165  |g|= 0.182  |ddm|= 1.07
  HOMO = -0.150871507881675  LUMO = -0.125192620447931
cycle= 8 E= -774.896529177576  delta_E= -0.0081  |g|= 0.134  |ddm|= 0.183
  HOMO = -0.156030656252743  LUMO = -0.124648647588844
cycle= 9 E= -774.895375167622  delta_E= 0.00115  |g|= 0.143  |ddm|= 0.127
  HOMO = -0.156627296039406  LUMO = -0.122458398670921
cycle= 10 E= -774.896883776569  delta_E= -0.00151  |g|= 0.126  |ddm|= 0.0662
  HOMO = -0.156390735946147  LUMO = -0.122291801672147
cycle= 11 E= -774.900201406584  delta_E= -0.00332  |g|= 0.0971  |ddm|= 0.0803
  HOMO = -0.156101298852704  LUMO = -0.121373459771059
cycle= 12 E= -774.903065360703  delta_E= -0.00286  |g|= 0.0585  |ddm|=  0.1
  HOMO = -0.157861674333962  LUMO = -0.123885252343788
cycle= 13 E= -774.903659198665  delta_E= -0.000594  |g|= 0.0389  |ddm|= 0.0426
  HOMO = -0.157872510053132  LUMO = -0.122978270550795
cycle= 14 E= -774.904233472968  delta_E= -0.000574  |g|= 0.0119  |ddm|= 0.0476
  HOMO = -0.157758366545981  LUMO = -0.122787418920193
cycle= 15 E= -774.904294572279  delta_E= -6.11e-05  |g|= 0.00375  |ddm|= 0.0184
  HOMO = -0.15787702840402  LUMO = -0.122966084118622
cycle= 16 E= -774.904298994019  delta_E= -4.42e-06  |g|= 0.00148  |ddm|= 0.00905
  HOMO = -0.157826071051414  LUMO = -0.122974174219517
cycle= 17 E= -774.904299923064  delta_E= -9.29e-07  |g|= 0.000561  |ddm|= 0.00254
  HOMO = -0.157823610459368  LUMO = -0.122980646844705
cycle= 18 E= -774.90429999737  delta_E= -7.43e-08  |g|= 0.000303  |ddm|= 0.000911
  HOMO = -0.157813967419424  LUMO = -0.122973349006569
cycle= 19 E= -774.904300011152  delta_E= -1.38e-08  |g|= 0.000216  |ddm|= 0.000625
  HOMO = -0.157817093853423  LUMO = -0.122979325170177
cycle= 20 E= -774.904300026563  delta_E= -1.54e-08  |g|= 6.69e-05  |ddm|= 0.000259
  HOMO = -0.157818251219088  LUMO = -0.122982043252488
cycle= 21 E= -774.904300028401  delta_E= -1.84e-09  |g|= 2.21e-05  |ddm|= 0.000143
  HOMO = -0.157816960764982  LUMO = -0.122981015365262
cycle= 22 E= -774.90430002852  delta_E= -1.19e-10  |g|= 3.84e-06  |ddm|= 2.45e-05
  HOMO = -0.157817465270787  LUMO = -0.12298164744625
Extra cycle  E= -774.904300028506  delta_E= 1.43e-11  |g|= 7.85e-06  |ddm|= 1.5e-05
converged SCF energy = -774.904300028506
AOs:  [0, 1, 2, 3, 4, 5, 6, 7, 8, 9, 10, 11, 12, 13, 14, 15, 16, 17, 18, 19, 20, 21, 22, 23, 24, 25, 26, 27, 28, 29, 30, 31, 32, 33, 34, 35, 36, 37, 38, 39, 40, 41, 42, 43, 44, 45, 46, 47, 48, 49, 50, 51, 52, 53, 54, 55, 56, 57, 58, 59, 60, 61, 62, 63]
64

 AO indices used for projection:  [0, 1, 3, 4, 5, 14, 16, 17, 19, 20, 21, 30, 32, 33, 35, 36, 37, 46, 48, 49, 51, 52, 53, 62]
 # of orbitals to keep:  16
Number of Active MOs:  16
Number of Environment MOs:  54
Number of Virtual MOs:  244
 # electrons:            α            β
         Env:  54.00000000  54.00000000
         Act:  16.00000000  16.00000000
         Vir:  -0.00000000  -0.00000000
Number of electrons in the active space:  32

 The density matrix is idempotent!

 The density matrix is idempotent!


******** <class 'pyscf.scf.hf.RHF'> ********
method = RHF
initial guess = minao
damping factor = 0
level_shift factor = 0
DIIS = <class 'pyscf.scf.diis.CDIIS'>
diis_start_cycle = 1
diis_space = 8
SCF conv_tol = 1e-09
SCF conv_tol_grad = 1e-05
SCF max_cycles = 200
direct_scf = True
direct_scf_tol = 1e-13
chkfile to save SCF result = subsys_scf.chk
max_memory 900000 MB (current use 10413 MB)
init E= 994.241188457866
  HOMO = -0.176884838822142  LUMO = -0.0013285375003771
cycle= 1 E= 994.210262831754  delta_E= -0.0309  |g|= 0.0646  |ddm|= 0.71
  HOMO = -0.179373599459278  LUMO = -0.000156986498975065
cycle= 2 E= 994.207581300518  delta_E= -0.00268  |g|= 0.0245  |ddm|= 0.181
  HOMO = -0.182301072542705  LUMO = 0.00435817400685933
cycle= 3 E= 994.206700938104  delta_E= -0.00088  |g|= 0.021  |ddm|= 0.0932
  HOMO = -0.181802786626638  LUMO = 0.00617481098469249
cycle= 4 E= 994.20634001833  delta_E= -0.000361  |g|= 0.00958  |ddm|= 0.0577
  HOMO = -0.183485849766114  LUMO = 0.00714135550140898
cycle= 5 E= 994.206119088287  delta_E= -0.000221  |g|= 0.00561  |ddm|= 0.0635
  HOMO = -0.183548399637174  LUMO = 0.00764895117123576
cycle= 6 E= 994.206062357381  delta_E= -5.67e-05  |g|= 0.00344  |ddm|= 0.0312
  HOMO = -0.183469475435746  LUMO = 0.00736626398963389
cycle= 7 E= 994.206039035371  delta_E= -2.33e-05  |g|= 0.00214  |ddm|= 0.0201
  HOMO = -0.183169749076682  LUMO = 0.00707839512276922
cycle= 8 E= 994.206023630273  delta_E= -1.54e-05  |g|= 0.00115  |ddm|= 0.0226
  HOMO = -0.183039706188278  LUMO = 0.00679395455393119
cycle= 9 E= 994.206019780901  delta_E= -3.85e-06  |g|= 0.00031  |ddm|= 0.0151
  HOMO = -0.18295128575029  LUMO = 0.00676759588775263
cycle= 10 E= 994.206019610725  delta_E= -1.7e-07  |g|= 0.000101  |ddm|= 0.00299
  HOMO = -0.182934563192233  LUMO = 0.00674323745463619
cycle= 11 E= 994.206019597603  delta_E= -1.31e-08  |g|= 3.55e-05  |ddm|= 0.000802
  HOMO = -0.18293393304178  LUMO = 0.00674212341101904
cycle= 12 E= 994.206019596466  delta_E= -1.14e-09  |g|= 8.43e-06  |ddm|= 0.00011
  HOMO = -0.18293297534261  LUMO = 0.00674185126551015
cycle= 13 E= 994.206019596344  delta_E= -1.22e-10  |g|= 2.56e-06  |ddm|= 5.54e-05
  HOMO = -0.182933291547621  LUMO = 0.00674156881392388
Extra cycle  E= 994.20601959624  delta_E= -1.04e-10  |g|= 1.25e-06  |ddm|= 7.53e-06
converged SCF energy = 994.20601959624
Difference in energy:  -722.9417184553238
E(MP2) = 993.619739580025  E_corr = -0.586280016215203
Total energy =  -774.3385000484577
time elapsed:  39.359333992004395
