

******** <class 'pyscf.dft.rks.RKS'> ********
method = RKS-RHF
initial guess = minao
damping factor = 0
level_shift factor = 0
DIIS = <class 'pyscf.scf.diis.CDIIS'>
diis_start_cycle = 1
diis_space = 8
SCF conv_tol = 1e-09
SCF conv_tol_grad = 1e-05
SCF max_cycles = 1000
direct_scf = True
direct_scf_tol = 1e-13
chkfile to save SCF result = scf.fchk
max_memory 900000 MB (current use 79 MB)
XC library pyscf.dft.libxc version 5.1.7
    S. Lehtola, C. Steigemann, M. J. Oliveira, and M. A. Marques, SoftwareX 7, 1 (2018)
XC functionals = b3lyp
    P. A. M. Dirac, Math. Proc. Cambridge Philos. Soc. 26, 376 (1930)
    F. Bloch, Z. Phys. 57, 545 (1929)
    A. D. Becke, Phys. Rev. A 38, 3098 (1988)
    C. Lee, W. Yang, and R. G. Parr, Phys. Rev. B 37, 785 (1988)
    B. Miehlich, A. Savin, H. Stoll, and H. Preuss, Chem. Phys. Lett. 157, 200 (1989)
    S. H. Vosko, L. Wilk, and M. Nusair, Can. J. Phys. 58, 1200 (1980)
small_rho_cutoff = 1e-07
init E= -777.150042260123
  HOMO = -0.219040941186037  LUMO = -0.190003952189369
cycle= 1 E= -774.581142747458  delta_E= 2.57  |g|= 1.06  |ddm|= 6.21
  HOMO = -0.0339679240257062  LUMO = -0.000264362811405525
cycle= 2 E= -769.979522893264  delta_E=  4.6  |g|=    3  |ddm|= 4.14
  HOMO = -0.119683211869758  LUMO = -0.077735710892451
cycle= 3 E= -774.65739507957  delta_E= -4.68  |g|= 0.764  |ddm|= 3.91
  HOMO = -0.134609901204573  LUMO = -0.119023662409876
cycle= 4 E= -774.561670255381  delta_E= 0.0957  |g|= 0.81  |ddm|= 2.41
  HOMO = -0.158136465210575  LUMO = -0.137325428492155
cycle= 5 E= -774.785905031702  delta_E= -0.224  |g|= 0.549  |ddm|= 2.24
  HOMO = -0.144253710967089  LUMO = -0.127781517979496
cycle= 6 E= -774.68743039115  delta_E= 0.0985  |g|= 0.595  |ddm|= 2.19
  HOMO = -0.143165153684105  LUMO = -0.136576044810519
cycle= 7 E= -774.887650018106  delta_E= -0.2  |g|= 0.175  |ddm|= 1.33
  HOMO = -0.149809461451219  LUMO = -0.127368037680695
cycle= 8 E= -774.900142317994  delta_E= -0.0125  |g|= 0.0743  |ddm|= 0.253
  HOMO = -0.155919208176319  LUMO = -0.126030411828525
cycle= 9 E= -774.89779622481  delta_E= 0.00235  |g|= 0.106  |ddm|= 0.149
  HOMO = -0.156005574664601  LUMO = -0.123543530378386
cycle= 10 E= -774.898853941412  delta_E= -0.00106  |g|= 0.088  |ddm|= 0.0682
  HOMO = -0.156137526471332  LUMO = -0.123296519487105
cycle= 11 E= -774.900654602278  delta_E= -0.0018  |g|= 0.0648  |ddm|= 0.062
  HOMO = -0.155888722858329  LUMO = -0.123096594329575
cycle= 12 E= -774.901922081829  delta_E= -0.00127  |g|= 0.0393  |ddm|= 0.0641
  HOMO = -0.156941144535849  LUMO = -0.124833421673671
cycle= 13 E= -774.902170093321  delta_E= -0.000248  |g|= 0.0273  |ddm|= 0.0301
  HOMO = -0.156712382423227  LUMO = -0.123804117585144
cycle= 14 E= -774.902424268615  delta_E= -0.000254  |g|= 0.0121  |ddm|= 0.0276
  HOMO = -0.156803272043477  LUMO = -0.123749141038298
cycle= 15 E= -774.902489278008  delta_E= -6.5e-05  |g|= 0.00283  |ddm|= 0.0195
  HOMO = -0.156912104090593  LUMO = -0.123871483223901
cycle= 16 E= -774.902491668853  delta_E= -2.39e-06  |g|= 0.00139  |ddm|= 0.00778
  HOMO = -0.156848155903389  LUMO = -0.123856206336155
cycle= 17 E= -774.902492493312  delta_E= -8.24e-07  |g|= 0.000385  |ddm|= 0.00221
  HOMO = -0.156842346873501  LUMO = -0.123859567869633
cycle= 18 E= -774.902492560761  delta_E= -6.74e-08  |g|= 0.000144  |ddm|= 0.000851
  HOMO = -0.15683961845017  LUMO = -0.123859302840182
cycle= 19 E= -774.902492562252  delta_E= -1.49e-09  |g|= 0.000108  |ddm|= 0.000285
  HOMO = -0.156842401311408  LUMO = -0.123862800775768
cycle= 20 E= -774.902492566635  delta_E= -4.38e-09  |g|= 3.73e-05  |ddm|= 0.000142
  HOMO = -0.156842354093054  LUMO = -0.123863330319906
cycle= 21 E= -774.902492567167  delta_E= -5.32e-10  |g|= 1.1e-05  |ddm|= 8.21e-05
  HOMO = -0.156841850005869  LUMO = -0.123862980058598
cycle= 22 E= -774.902492567201  delta_E= -3.37e-11  |g|= 3.5e-06  |ddm|= 1.2e-05
  HOMO = -0.156841547100269  LUMO = -0.123863123356546
Extra cycle  E= -774.90249256706  delta_E= 1.41e-10  |g|= 1.82e-05  |ddm|= 4.01e-05
converged SCF energy = -774.90249256706
AOs:  [0, 1, 2, 3, 4, 5, 6, 7, 8, 9, 10, 11, 12, 13, 14, 15, 16, 17, 18, 19, 20, 21, 22, 23, 24, 25, 26, 27, 28, 29, 30, 31, 32, 33, 34, 35, 36, 37, 38, 39, 40, 41, 42, 43, 44, 45, 46, 47, 48, 49, 50, 51, 52, 53, 54, 55, 56, 57, 58, 59, 60, 61, 62, 63]
64

 AO indices used for projection:  [0, 1, 3, 4, 5, 14, 16, 17, 19, 20, 21, 30, 32, 33, 35, 36, 37, 46, 48, 49, 51, 52, 53, 62]
 # of orbitals to keep:  16
Number of Active MOs:  16
Number of Environment MOs:  54
Number of Virtual MOs:  244
 # electrons:            α            β
         Env:  54.00000000  54.00000000
         Act:  16.00000000  16.00000000
         Vir:  -0.00000000  -0.00000000
Number of electrons in the active space:  32

 The density matrix is idempotent!

 The density matrix is idempotent!


******** <class 'pyscf.scf.hf.RHF'> ********
method = RHF
initial guess = minao
damping factor = 0
level_shift factor = 0
DIIS = <class 'pyscf.scf.diis.CDIIS'>
diis_start_cycle = 1
diis_space = 8
SCF conv_tol = 1e-09
SCF conv_tol_grad = 1e-05
SCF max_cycles = 200
direct_scf = True
direct_scf_tol = 1e-13
chkfile to save SCF result = subsys_scf.chk
max_memory 900000 MB (current use 10415 MB)
init E= 994.092133589306
  HOMO = -0.175261335041721  LUMO = -0.00242022183564825
cycle= 1 E= 994.061133014382  delta_E= -0.031  |g|= 0.0653  |ddm|= 0.712
  HOMO = -0.177541882545333  LUMO = -0.0013933777450683
cycle= 2 E= 994.058412415332  delta_E= -0.00272  |g|= 0.0248  |ddm|= 0.184
  HOMO = -0.180616912848303  LUMO = 0.00308497618406862
cycle= 3 E= 994.0575057868  delta_E= -0.000907  |g|= 0.0218  |ddm|= 0.0946
  HOMO = -0.180066705588772  LUMO = 0.00492832644766804
cycle= 4 E= 994.057114377333  delta_E= -0.000391  |g|= 0.0102  |ddm|= 0.0605
  HOMO = -0.18174562181359  LUMO = 0.00587397348136567
cycle= 5 E= 994.056863877342  delta_E= -0.00025  |g|= 0.00609  |ddm|= 0.0681
  HOMO = -0.181795016207211  LUMO = 0.00640090118796213
cycle= 6 E= 994.056793139228  delta_E= -7.07e-05  |g|= 0.00382  |ddm|= 0.0354
  HOMO = -0.181690175342227  LUMO = 0.00607415157295555
cycle= 7 E= 994.056762727261  delta_E= -3.04e-05  |g|= 0.00244  |ddm|= 0.0233
  HOMO = -0.181331886549557  LUMO = 0.00573038614276537
cycle= 8 E= 994.056741437209  delta_E= -2.13e-05  |g|= 0.00131  |ddm|= 0.0273
  HOMO = -0.181163329435714  LUMO = 0.00538621225955998
cycle= 9 E= 994.056735926542  delta_E= -5.51e-06  |g|= 0.000349  |ddm|= 0.0187
  HOMO = -0.181057026437165  LUMO = 0.0053472279491705
cycle= 10 E= 994.056735684529  delta_E= -2.42e-07  |g|= 0.000114  |ddm|= 0.00374
  HOMO = -0.181036194240993  LUMO = 0.00531906934810496
cycle= 11 E= 994.056735667138  delta_E= -1.74e-08  |g|= 3.97e-05  |ddm|= 0.000959
  HOMO = -0.181035419291107  LUMO = 0.00531723465899789
cycle= 12 E= 994.056735666059  delta_E= -1.08e-09  |g|= 9.2e-06  |ddm|= 0.000134
  HOMO = -0.181035026772497  LUMO = 0.00531770797633608
cycle= 13 E= 994.056735665606  delta_E= -4.53e-10  |g|= 2.59e-06  |ddm|= 3.85e-05
  HOMO = -0.181035245512124  LUMO = 0.00531735460136923
Extra cycle  E= 994.056735665955  delta_E= 3.48e-10  |g|= 1.27e-06  |ddm|= 7.74e-06
converged SCF energy = 994.056735665955
Difference in energy:  -723.332863930715
E(MP2) = 993.470787841264  E_corr = -0.585947824690062
Total energy =  -774.3357370660169
time elapsed:  40.27244424819946
