

******** <class 'pyscf.dft.rks.RKS'> ********
method = RKS-RHF
initial guess = minao
damping factor = 0
level_shift factor = 0
DIIS = <class 'pyscf.scf.diis.CDIIS'>
diis_start_cycle = 1
diis_space = 8
SCF conv_tol = 1e-09
SCF conv_tol_grad = 1e-05
SCF max_cycles = 1000
direct_scf = True
direct_scf_tol = 1e-13
chkfile to save SCF result = scf.fchk
max_memory 900000 MB (current use 79 MB)
XC library pyscf.dft.libxc version 5.1.7
    S. Lehtola, C. Steigemann, M. J. Oliveira, and M. A. Marques, SoftwareX 7, 1 (2018)
XC functionals = b3lyp
    P. A. M. Dirac, Math. Proc. Cambridge Philos. Soc. 26, 376 (1930)
    F. Bloch, Z. Phys. 57, 545 (1929)
    A. D. Becke, Phys. Rev. A 38, 3098 (1988)
    C. Lee, W. Yang, and R. G. Parr, Phys. Rev. B 37, 785 (1988)
    B. Miehlich, A. Savin, H. Stoll, and H. Preuss, Chem. Phys. Lett. 157, 200 (1989)
    S. H. Vosko, L. Wilk, and M. Nusair, Can. J. Phys. 58, 1200 (1980)
small_rho_cutoff = 1e-07
init E= -777.149998867545
  HOMO = -0.21901785261742  LUMO = -0.190006264895377
cycle= 1 E= -774.581091404761  delta_E= 2.57  |g|= 1.06  |ddm|= 6.21
  HOMO = -0.0340150942470474  LUMO = -0.000511455952802587
cycle= 2 E= -769.982792783348  delta_E=  4.6  |g|=    3  |ddm|= 4.14
  HOMO = -0.119547235045396  LUMO = -0.0777309920064687
cycle= 3 E= -774.657127494029  delta_E= -4.67  |g|= 0.765  |ddm|=  3.9
  HOMO = -0.1345391072896  LUMO = -0.119110732421744
cycle= 4 E= -774.561473406862  delta_E= 0.0957  |g|= 0.81  |ddm|= 2.41
  HOMO = -0.158111080454706  LUMO = -0.137346221788652
cycle= 5 E= -774.785252790437  delta_E= -0.224  |g|= 0.55  |ddm|= 2.24
  HOMO = -0.144180719398993  LUMO = -0.127724413573929
cycle= 6 E= -774.684503053802  delta_E= 0.101  |g|= 0.598  |ddm|=  2.2
  HOMO = -0.142840573233315  LUMO = -0.136907978714789
cycle= 7 E= -774.887712096049  delta_E= -0.203  |g|= 0.173  |ddm|= 1.36
  HOMO = -0.149550641002819  LUMO = -0.12736136697378
cycle= 8 E= -774.90050072515  delta_E= -0.0128  |g|= 0.0649  |ddm|= 0.269
  HOMO = -0.156036570743281  LUMO = -0.126093543827375
cycle= 9 E= -774.89862748281  delta_E= 0.00187  |g|= 0.095  |ddm|= 0.151
  HOMO = -0.155973771087359  LUMO = -0.123498564457688
cycle= 10 E= -774.899787304601  delta_E= -0.00116  |g|= 0.0732  |ddm|= 0.0699
  HOMO = -0.156136996533598  LUMO = -0.123232153757836
cycle= 11 E= -774.90118524907  delta_E= -0.0014  |g|= 0.0503  |ddm|= 0.0577
  HOMO = -0.156052358767986  LUMO = -0.123156872597899
cycle= 12 E= -774.902014850789  delta_E= -0.00083  |g|= 0.0277  |ddm|= 0.0549
  HOMO = -0.156842704305182  LUMO = -0.124438220928163
cycle= 13 E= -774.902149808856  delta_E= -0.000135  |g|= 0.0185  |ddm|= 0.0228
  HOMO = -0.156598779381549  LUMO = -0.123704523966405
cycle= 14 E= -774.902261969921  delta_E= -0.000112  |g|= 0.00855  |ddm|= 0.0185
  HOMO = -0.156644874586758  LUMO = -0.123635875089053
cycle= 15 E= -774.902293813354  delta_E= -3.18e-05  |g|= 0.00196  |ddm|= 0.0139
  HOMO = -0.15672725674202  LUMO = -0.123734028075299
cycle= 16 E= -774.902294960106  delta_E= -1.15e-06  |g|= 0.000921  |ddm|= 0.00506
  HOMO = -0.156687994662996  LUMO = -0.123726112321362
cycle= 17 E= -774.902295292941  delta_E= -3.33e-07  |g|= 0.000288  |ddm|= 0.00142
  HOMO = -0.156682079518892  LUMO = -0.123726729957576
cycle= 18 E= -774.902295327087  delta_E= -3.41e-08  |g|= 0.000113  |ddm|= 0.000568
  HOMO = -0.156678661491444  LUMO = -0.123725618363534
cycle= 19 E= -774.902295328387  delta_E= -1.3e-09  |g|= 8.95e-05  |ddm|= 0.000253
  HOMO = -0.15668101910794  LUMO = -0.123729087049056
cycle= 20 E= -774.902295331308  delta_E= -2.92e-09  |g|= 2.6e-05  |ddm|= 0.000122
  HOMO = -0.156680683797787  LUMO = -0.123729677644574
cycle= 21 E= -774.902295331526  delta_E= -2.17e-10  |g|= 8.69e-06  |ddm|= 5.08e-05
  HOMO = -0.156680405212353  LUMO = -0.123729605956901
Extra cycle  E= -774.902295331454  delta_E= 7.19e-11  |g|= 1.82e-05  |ddm|= 2.81e-05
converged SCF energy = -774.902295331454
AOs:  [0, 1, 2, 3, 4, 5, 6, 7, 8, 9, 10, 11, 12, 13, 14, 15, 16, 17, 18, 19, 20, 21, 22, 23, 24, 25, 26, 27, 28, 29, 30, 31, 32, 33, 34, 35, 36, 37, 38, 39, 40, 41, 42, 43, 44, 45, 46, 47, 48, 49, 50, 51, 52, 53, 54, 55, 56, 57, 58, 59, 60, 61, 62, 63]
64

 AO indices used for projection:  [0, 1, 3, 4, 5, 14, 16, 17, 19, 20, 21, 30, 32, 33, 35, 36, 37, 46, 48, 49, 51, 52, 53, 62]
 # of orbitals to keep:  16
Number of Active MOs:  16
Number of Environment MOs:  54
Number of Virtual MOs:  244
 # electrons:            α            β
         Env:  54.00000000  54.00000000
         Act:  16.00000000  16.00000000
         Vir:   0.00000000   0.00000000
Number of electrons in the active space:  32

 The density matrix is idempotent!

 The density matrix is idempotent!


******** <class 'pyscf.scf.hf.RHF'> ********
method = RHF
initial guess = minao
damping factor = 0
level_shift factor = 0
DIIS = <class 'pyscf.scf.diis.CDIIS'>
diis_start_cycle = 1
diis_space = 8
SCF conv_tol = 1e-09
SCF conv_tol_grad = 1e-05
SCF max_cycles = 200
direct_scf = True
direct_scf_tol = 1e-13
chkfile to save SCF result = subsys_scf.chk
max_memory 900000 MB (current use 10413 MB)
init E= 993.782285666861
  HOMO = -0.174785494015046  LUMO = -0.00233224570484641
cycle= 1 E= 993.751075731133  delta_E= -0.0312  |g|= 0.066  |ddm|= 0.709
  HOMO = -0.176839739839257  LUMO = -0.000972492451569377
cycle= 2 E= 993.748275069404  delta_E= -0.0028  |g|= 0.0253  |ddm|= 0.182
  HOMO = -0.18020940291218  LUMO = 0.00340341197040568
cycle= 3 E= 993.747321086797  delta_E= -0.000954  |g|= 0.0224  |ddm|= 0.0953
  HOMO = -0.179610656037784  LUMO = 0.00543908592130168
cycle= 4 E= 993.746897936179  delta_E= -0.000423  |g|= 0.0105  |ddm|= 0.0616
  HOMO = -0.181415427863911  LUMO = 0.00642488322165436
cycle= 5 E= 993.746627817098  delta_E= -0.00027  |g|= 0.00607  |ddm|= 0.0713
  HOMO = -0.181437533518168  LUMO = 0.00701803607316019
cycle= 6 E= 993.746555521147  delta_E= -7.23e-05  |g|= 0.00387  |ddm|= 0.036
  HOMO = -0.18135596514004  LUMO = 0.00669607459956213
cycle= 7 E= 993.746527509502  delta_E= -2.8e-05  |g|= 0.00256  |ddm|= 0.0209
  HOMO = -0.180992845677806  LUMO = 0.00632068036656833
cycle= 8 E= 993.746503934707  delta_E= -2.36e-05  |g|= 0.00142  |ddm|= 0.0283
  HOMO = -0.180793374046029  LUMO = 0.00593569092313735
cycle= 9 E= 993.746497141027  delta_E= -6.79e-06  |g|= 0.000365  |ddm|= 0.0209
  HOMO = -0.180677746873654  LUMO = 0.00587922892676163
cycle= 10 E= 993.746496825946  delta_E= -3.15e-07  |g|= 0.000122  |ddm|= 0.00442
  HOMO = -0.180653965898678  LUMO = 0.00584956865953326
cycle= 11 E= 993.746496806237  delta_E= -1.97e-08  |g|= 4.13e-05  |ddm|= 0.00107
  HOMO = -0.180652815647887  LUMO = 0.00584674660222767
cycle= 12 E= 993.746496804883  delta_E= -1.35e-09  |g|= 9.49e-06  |ddm|= 0.000152
  HOMO = -0.180652551896847  LUMO = 0.00584751321355426
cycle= 13 E= 993.746496804606  delta_E= -2.77e-10  |g|= 2.85e-06  |ddm|= 3.74e-05
  HOMO = -0.180652793085049  LUMO = 0.005847148333129
Extra cycle  E= 993.74649680463  delta_E= 2.4e-11  |g|= 1.36e-06  |ddm|= 7.7e-06
converged SCF energy = 993.74649680463
Difference in energy:  -723.6084865240748
E(MP2) = 993.160429483294  E_corr = -0.586067321336803
Total energy =  -774.3352200948648
time elapsed:  36.006391763687134
