

******** <class 'pyscf.dft.rks.RKS'> ********
method = RKS-RHF
initial guess = minao
damping factor = 0
level_shift factor = 0
DIIS = <class 'pyscf.scf.diis.CDIIS'>
diis_start_cycle = 1
diis_space = 8
SCF conv_tol = 1e-09
SCF conv_tol_grad = 1e-05
SCF max_cycles = 1000
direct_scf = True
direct_scf_tol = 1e-13
chkfile to save SCF result = scf.fchk
max_memory 900000 MB (current use 79 MB)
XC library pyscf.dft.libxc version 5.1.7
    S. Lehtola, C. Steigemann, M. J. Oliveira, and M. A. Marques, SoftwareX 7, 1 (2018)
XC functionals = b3lyp
    P. A. M. Dirac, Math. Proc. Cambridge Philos. Soc. 26, 376 (1930)
    F. Bloch, Z. Phys. 57, 545 (1929)
    A. D. Becke, Phys. Rev. A 38, 3098 (1988)
    C. Lee, W. Yang, and R. G. Parr, Phys. Rev. B 37, 785 (1988)
    B. Miehlich, A. Savin, H. Stoll, and H. Preuss, Chem. Phys. Lett. 157, 200 (1989)
    S. H. Vosko, L. Wilk, and M. Nusair, Can. J. Phys. 58, 1200 (1980)
small_rho_cutoff = 1e-07
init E= -777.149963264444
  HOMO = -0.219174023030141  LUMO = -0.189847280316973
cycle= 1 E= -774.584261318808  delta_E= 2.57  |g|= 1.06  |ddm|= 6.21
  HOMO = -0.036172816993059  LUMO = -0.00221585396189368
cycle= 2 E= -770.015624851277  delta_E= 4.57  |g|= 2.99  |ddm|= 4.12
  HOMO = -0.120858430047644  LUMO = -0.0767620536947291
cycle= 3 E= -774.6597256698  delta_E= -4.64  |g|= 0.765  |ddm|= 3.89
  HOMO = -0.136388475469911  LUMO = -0.119893694806159
cycle= 4 E= -774.577643677572  delta_E= 0.0821  |g|= 0.796  |ddm|= 2.37
  HOMO = -0.159943655283461  LUMO = -0.135794311581951
cycle= 5 E= -774.800448871019  delta_E= -0.223  |g|= 0.533  |ddm|= 2.14
  HOMO = -0.145639356815634  LUMO = -0.127123952303281
cycle= 6 E= -774.760636419004  delta_E= 0.0398  |g|= 0.515  |ddm|= 1.88
  HOMO = -0.14855322084997  LUMO = -0.131303411348496
cycle= 7 E= -774.891577464156  delta_E= -0.131  |g|= 0.174  |ddm|= 0.891
  HOMO = -0.15216654091708  LUMO = -0.123334401893819
cycle= 8 E= -774.897558997216  delta_E= -0.00598  |g|= 0.138  |ddm|= 0.173
  HOMO = -0.157238094276667  LUMO = -0.123344920214476
cycle= 9 E= -774.899862516414  delta_E= -0.0023  |g|= 0.117  |ddm|= 0.121
  HOMO = -0.157701851406039  LUMO = -0.121513377243392
cycle= 10 E= -774.902097873755  delta_E= -0.00224  |g|= 0.0888  |ddm|= 0.0713
  HOMO = -0.157842675208856  LUMO = -0.12143550251394
cycle= 11 E= -774.904780756945  delta_E= -0.00268  |g|= 0.0483  |ddm|= 0.0929
  HOMO = -0.158081390737453  LUMO = -0.121271228291622
cycle= 12 E= -774.905691828046  delta_E= -0.000911  |g|= 0.0164  |ddm|= 0.0761
  HOMO = -0.158750273535452  LUMO = -0.122149593020637
cycle= 13 E= -774.905732174628  delta_E= -4.03e-05  |g|= 0.00991  |ddm|= 0.0171
  HOMO = -0.158684565129915  LUMO = -0.122008922172341
cycle= 14 E= -774.905764395073  delta_E= -3.22e-05  |g|= 0.00403  |ddm|= 0.0111
  HOMO = -0.158614610745272  LUMO = -0.121878926254222
cycle= 15 E= -774.905770600607  delta_E= -6.21e-06  |g|= 0.00135  |ddm|= 0.00546
  HOMO = -0.158665775632374  LUMO = -0.121937887524748
cycle= 16 E= -774.905771333208  delta_E= -7.33e-07  |g|= 0.000275  |ddm|= 0.00285
  HOMO = -0.158652945982064  LUMO = -0.121936890525729
cycle= 17 E= -774.905771354581  delta_E= -2.14e-08  |g|= 0.000187  |ddm|= 0.000557
  HOMO = -0.15865387216796  LUMO = -0.121940692060188
cycle= 18 E= -774.90577136318  delta_E= -8.6e-09  |g|= 5.02e-05  |ddm|= 0.000226
  HOMO = -0.158651020332839  LUMO = -0.121939400925882
cycle= 19 E= -774.905771363811  delta_E= -6.31e-10  |g|= 3.72e-05  |ddm|= 0.000129
  HOMO = -0.158651199436354  LUMO = -0.12194068986142
cycle= 20 E= -774.905771364251  delta_E= -4.4e-10  |g|= 1.35e-05  |ddm|= 4.77e-05
  HOMO = -0.158651562471788  LUMO = -0.121941282131383
cycle= 21 E= -774.905771364312  delta_E= -6.14e-11  |g|= 7.81e-06  |ddm|= 2.87e-05
  HOMO = -0.158651318498851  LUMO = -0.121941260381435
Extra cycle  E= -774.905771364249  delta_E= 6.3e-11  |g|= 1.74e-05  |ddm|= 2.58e-05
converged SCF energy = -774.905771364249
AOs:  [0, 1, 2, 3, 4, 5, 6, 7, 8, 9, 10, 11, 12, 13, 14, 15, 16, 17, 18, 19, 20, 21, 22, 23, 24, 25, 26, 27, 28, 29, 30, 31, 32, 33, 34, 35, 36, 37, 38, 39, 40, 41, 42, 43, 44, 45, 46, 47, 48, 49, 50, 51, 52, 53, 54, 55, 56, 57, 58, 59, 60, 61, 62, 63]
64

 AO indices used for projection:  [0, 1, 3, 4, 5, 14, 16, 17, 19, 20, 21, 30, 32, 33, 35, 36, 37, 46, 48, 49, 51, 52, 53, 62]
 # of orbitals to keep:  16
Number of Active MOs:  16
Number of Environment MOs:  54
Number of Virtual MOs:  244
 # electrons:            α            β
         Env:  54.00000000  54.00000000
         Act:  16.00000000  16.00000000
         Vir:   0.00000000   0.00000000
Number of electrons in the active space:  32

 The density matrix is idempotent!

 The density matrix is idempotent!


******** <class 'pyscf.scf.hf.RHF'> ********
method = RHF
initial guess = minao
damping factor = 0
level_shift factor = 0
DIIS = <class 'pyscf.scf.diis.CDIIS'>
diis_start_cycle = 1
diis_space = 8
SCF conv_tol = 1e-09
SCF conv_tol_grad = 1e-05
SCF max_cycles = 200
direct_scf = True
direct_scf_tol = 1e-13
chkfile to save SCF result = subsys_scf.chk
max_memory 900000 MB (current use 10406 MB)
init E= 993.426139764315
  HOMO = -0.178087378314025  LUMO = -6.48330067419178e-05
cycle= 1 E= 993.395047361579  delta_E= -0.0311  |g|= 0.0646  |ddm|= 0.707
  HOMO = -0.180549185885994  LUMO = 0.00163028359453109
cycle= 2 E= 993.392321355409  delta_E= -0.00273  |g|= 0.0246  |ddm|= 0.176
  HOMO = -0.183650356442404  LUMO = 0.00607969240459404
cycle= 3 E= 993.391419482898  delta_E= -0.000902  |g|= 0.0208  |ddm|= 0.0925
  HOMO = -0.183143069159757  LUMO = 0.00807804989783093
cycle= 4 E= 993.391058518837  delta_E= -0.000361  |g|= 0.00933  |ddm|= 0.056
  HOMO = -0.184956993788731  LUMO = 0.00910417393986046
cycle= 5 E= 993.390848242485  delta_E= -0.00021  |g|= 0.00511  |ddm|= 0.0618
  HOMO = -0.185004948290614  LUMO = 0.0096516532737598
cycle= 6 E= 993.390802075563  delta_E= -4.62e-05  |g|= 0.00311  |ddm|= 0.028
  HOMO = -0.18496835633049  LUMO = 0.00940755652465623
cycle= 7 E= 993.390785667062  delta_E= -1.64e-05  |g|= 0.00196  |ddm|= 0.0157
  HOMO = -0.184717570304616  LUMO = 0.00915142430800195
cycle= 8 E= 993.39077340496  delta_E= -1.23e-05  |g|= 0.00109  |ddm|= 0.0192
  HOMO = -0.184598025766878  LUMO = 0.00888690906616139
cycle= 9 E= 993.390770033662  delta_E= -3.37e-06  |g|= 0.000292  |ddm|= 0.0137
  HOMO = -0.184517772611844  LUMO = 0.00885746282889073
cycle= 10 E= 993.390769870345  delta_E= -1.63e-07  |g|= 9.63e-05  |ddm|= 0.00292
  HOMO = -0.184501654262943  LUMO = 0.00883515254462327
cycle= 11 E= 993.390769858441  delta_E= -1.19e-08  |g|= 3.26e-05  |ddm|= 0.00077
  HOMO = -0.184500979499064  LUMO = 0.00883396303536644
cycle= 12 E= 993.390769857187  delta_E= -1.25e-09  |g|= 8.42e-06  |ddm|= 0.000105
  HOMO = -0.184499665849725  LUMO = 0.00883331359430259
cycle= 13 E= 993.390769857313  delta_E= 1.26e-10  |g|= 2.88e-06  |ddm|= 7.49e-05
  HOMO = -0.184500073034323  LUMO = 0.00883305877157183
Extra cycle  E= 993.390769857508  delta_E= 1.95e-10  |g|= 1.37e-06  |ddm|= 7.69e-06
converged SCF energy = 993.390769857508
Difference in energy:  -722.8339637215075
E(MP2) = 992.804104862459  E_corr = -0.586664995049155
Total energy =  -774.3405280809894
time elapsed:  39.01055932044983
