

******** <class 'pyscf.dft.rks.RKS'> ********
method = RKS-RHF
initial guess = minao
damping factor = 0
level_shift factor = 0
DIIS = <class 'pyscf.scf.diis.CDIIS'>
diis_start_cycle = 1
diis_space = 8
SCF conv_tol = 1e-09
SCF conv_tol_grad = 1e-05
SCF max_cycles = 1000
direct_scf = True
direct_scf_tol = 1e-13
chkfile to save SCF result = scf.fchk
max_memory 900000 MB (current use 79 MB)
XC library pyscf.dft.libxc version 5.1.7
    S. Lehtola, C. Steigemann, M. J. Oliveira, and M. A. Marques, SoftwareX 7, 1 (2018)
XC functionals = b3lyp
    P. A. M. Dirac, Math. Proc. Cambridge Philos. Soc. 26, 376 (1930)
    F. Bloch, Z. Phys. 57, 545 (1929)
    A. D. Becke, Phys. Rev. A 38, 3098 (1988)
    C. Lee, W. Yang, and R. G. Parr, Phys. Rev. B 37, 785 (1988)
    B. Miehlich, A. Savin, H. Stoll, and H. Preuss, Chem. Phys. Lett. 157, 200 (1989)
    S. H. Vosko, L. Wilk, and M. Nusair, Can. J. Phys. 58, 1200 (1980)
small_rho_cutoff = 1e-07
init E= -777.149948308533
  HOMO = -0.219317656026526  LUMO = -0.189708981883935
cycle= 1 E= -774.586939948118  delta_E= 2.56  |g|= 1.06  |ddm|= 6.21
  HOMO = -0.0379783969597241  LUMO = -0.00344780472710661
cycle= 2 E= -770.042803262627  delta_E= 4.54  |g|= 2.99  |ddm|= 4.11
  HOMO = -0.121952874440503  LUMO = -0.0759955127322014
cycle= 3 E= -774.661589708327  delta_E= -4.62  |g|= 0.766  |ddm|= 3.88
  HOMO = -0.137822325652542  LUMO = -0.120376596634985
cycle= 4 E= -774.591172917765  delta_E= 0.0704  |g|= 0.785  |ddm|= 2.34
  HOMO = -0.161238858422317  LUMO = -0.134674374608142
cycle= 5 E= -774.80920792098  delta_E= -0.218  |g|= 0.522  |ddm|= 2.07
  HOMO = -0.146868096854922  LUMO = -0.126443512275337
cycle= 6 E= -774.798375332406  delta_E= 0.0108  |g|= 0.458  |ddm|=  1.7
  HOMO = -0.151177740135272  LUMO = -0.129102831335199
cycle= 7 E= -774.895754003663  delta_E= -0.0974  |g|= 0.161  |ddm|= 0.737
  HOMO = -0.153918310671969  LUMO = -0.121924456422297
cycle= 8 E= -774.900726342325  delta_E= -0.00497  |g|= 0.126  |ddm|= 0.165
  HOMO = -0.158655822103669  LUMO = -0.122251137657516
cycle= 9 E= -774.904231877169  delta_E= -0.00351  |g|= 0.0887  |ddm|= 0.123
  HOMO = -0.158995220005184  LUMO = -0.120816007910161
cycle= 10 E= -774.906033525023  delta_E= -0.0018  |g|= 0.0565  |ddm|= 0.0685
  HOMO = -0.159204810157265  LUMO = -0.120728135745133
cycle= 11 E= -774.90724224074  delta_E= -0.00121  |g|= 0.0256  |ddm|= 0.068
  HOMO = -0.159448634911263  LUMO = -0.120726317343432
cycle= 12 E= -774.907506625031  delta_E= -0.000264  |g|= 0.00619  |ddm|= 0.0499
  HOMO = -0.159683870741694  LUMO = -0.121119607880081
cycle= 13 E= -774.907515148809  delta_E= -8.52e-06  |g|= 0.00358  |ddm|= 0.0123
  HOMO = -0.159640220892051  LUMO = -0.121103817095923
cycle= 14 E= -774.907518210774  delta_E= -3.06e-06  |g|= 0.00209  |ddm|= 0.00394
  HOMO = -0.159607767949685  LUMO = -0.121029412102847
cycle= 15 E= -774.907519769543  delta_E= -1.56e-06  |g|= 0.000702  |ddm|= 0.00266
  HOMO = -0.159632459006877  LUMO = -0.121051563287937
cycle= 16 E= -774.907519980531  delta_E= -2.11e-07  |g|= 0.000117  |ddm|= 0.00142
  HOMO = -0.159626656280853  LUMO = -0.121050328609977
cycle= 17 E= -774.907519983441  delta_E= -2.91e-09  |g|= 7.81e-05  |ddm|= 0.000218
  HOMO = -0.159626892155885  LUMO = -0.121052730931188
cycle= 18 E= -774.907519985046  delta_E= -1.6e-09  |g|= 2.67e-05  |ddm|= 0.000101
  HOMO = -0.159625662039169  LUMO = -0.121052423150296
cycle= 19 E= -774.907519985366  delta_E= -3.2e-10  |g|= 6.39e-06  |ddm|= 4.82e-05
  HOMO = -0.15962593434756  LUMO = -0.12105348186491
Extra cycle  E= -774.907519985255  delta_E= 1.1e-10  |g|= 1.8e-05  |ddm|= 4.01e-05
converged SCF energy = -774.907519985255
AOs:  [0, 1, 2, 3, 4, 5, 6, 7, 8, 9, 10, 11, 12, 13, 14, 15, 16, 17, 18, 19, 20, 21, 22, 23, 24, 25, 26, 27, 28, 29, 30, 31, 32, 33, 34, 35, 36, 37, 38, 39, 40, 41, 42, 43, 44, 45, 46, 47, 48, 49, 50, 51, 52, 53, 54, 55, 56, 57, 58, 59, 60, 61, 62, 63]
64

 AO indices used for projection:  [0, 1, 3, 4, 5, 14, 16, 17, 19, 20, 21, 30, 32, 33, 35, 36, 37, 46, 48, 49, 51, 52, 53, 62]
 # of orbitals to keep:  16
Number of Active MOs:  16
Number of Environment MOs:  54
Number of Virtual MOs:  244
 # electrons:            α            β
         Env:  54.00000000  54.00000000
         Act:  16.00000000  16.00000000
         Vir:   0.00000000   0.00000000
Number of electrons in the active space:  32

 The density matrix is idempotent!

 The density matrix is idempotent!


******** <class 'pyscf.scf.hf.RHF'> ********
method = RHF
initial guess = minao
damping factor = 0
level_shift factor = 0
DIIS = <class 'pyscf.scf.diis.CDIIS'>
diis_start_cycle = 1
diis_space = 8
SCF conv_tol = 1e-09
SCF conv_tol_grad = 1e-05
SCF max_cycles = 200
direct_scf = True
direct_scf_tol = 1e-13
chkfile to save SCF result = subsys_scf.chk
max_memory 900000 MB (current use 10600 MB)
init E= 993.249883177665
  HOMO = -0.17973713142974  LUMO = 0.00105988619774358
cycle= 1 E= 993.21884839783  delta_E= -0.031  |g|= 0.0639  |ddm|= 0.706
  HOMO = -0.18238011029746  LUMO = 0.00289486124884744
cycle= 2 E= 993.216155568512  delta_E= -0.00269  |g|= 0.0243  |ddm|= 0.173
  HOMO = -0.185356206871019  LUMO = 0.0073840764721842
cycle= 3 E= 993.215276126585  delta_E= -0.000879  |g|= 0.0201  |ddm|= 0.0913
  HOMO = -0.184894621733507  LUMO = 0.00935756158480949
cycle= 4 E= 993.214941355676  delta_E= -0.000335  |g|= 0.00882  |ddm|= 0.0536
  HOMO = -0.186704307678736  LUMO = 0.0103926013715533
cycle= 5 E= 993.214754384969  delta_E= -0.000187  |g|= 0.00472  |ddm|= 0.0577
  HOMO = -0.186762260544211  LUMO = 0.0109169972483552
cycle= 6 E= 993.214716932284  delta_E= -3.75e-05  |g|= 0.0028  |ddm|= 0.0248
  HOMO = -0.18674135726174  LUMO = 0.0107040414045417
cycle= 7 E= 993.214704159358  delta_E= -1.28e-05  |g|= 0.00173  |ddm|= 0.0137
  HOMO = -0.186531142683906  LUMO = 0.0104889959369213
cycle= 8 E= 993.214695099211  delta_E= -9.06e-06  |g|= 0.000969  |ddm|= 0.0161
  HOMO = -0.186437338837407  LUMO = 0.0102663880162503
cycle= 9 E= 993.214692650717  delta_E= -2.45e-06  |g|= 0.000264  |ddm|= 0.0113
  HOMO = -0.186368459237429  LUMO = 0.010245267175722
cycle= 10 E= 993.214692528054  delta_E= -1.23e-07  |g|= 8.66e-05  |ddm|= 0.00243
  HOMO = -0.186354834569665  LUMO = 0.010225292992253
cycle= 11 E= 993.214692518385  delta_E= -9.67e-09  |g|= 2.94e-05  |ddm|= 0.00068
  HOMO = -0.186354189919299  LUMO = 0.010224560198245
cycle= 12 E= 993.214692517673  delta_E= -7.12e-10  |g|= 8.19e-06  |ddm|= 9.45e-05
  HOMO = -0.186353146438906  LUMO = 0.0102243990014945
Extra cycle  E= 993.214692517752  delta_E= 7.98e-11  |g|= 3.74e-06  |ddm|= 2.38e-05
converged SCF energy = 993.214692517752
Difference in energy:  -722.4206004416834
E(MP2) = 992.627906369562  E_corr = -0.586786148190489
Total energy =  -774.3430565909022
time elapsed:  34.18916034698486
