

******** <class 'pyscf.dft.rks.RKS'> ********
method = RKS-RHF
initial guess = minao
damping factor = 0
level_shift factor = 0
DIIS = <class 'pyscf.scf.diis.CDIIS'>
diis_start_cycle = 1
diis_space = 8
SCF conv_tol = 1e-09
SCF conv_tol_grad = 1e-05
SCF max_cycles = 1000
direct_scf = True
direct_scf_tol = 1e-13
chkfile to save SCF result = scf.fchk
max_memory 900000 MB (current use 79 MB)
XC library pyscf.dft.libxc version 5.1.7
    S. Lehtola, C. Steigemann, M. J. Oliveira, and M. A. Marques, SoftwareX 7, 1 (2018)
XC functionals = b3lyp
    P. A. M. Dirac, Math. Proc. Cambridge Philos. Soc. 26, 376 (1930)
    F. Bloch, Z. Phys. 57, 545 (1929)
    A. D. Becke, Phys. Rev. A 38, 3098 (1988)
    C. Lee, W. Yang, and R. G. Parr, Phys. Rev. B 37, 785 (1988)
    B. Miehlich, A. Savin, H. Stoll, and H. Preuss, Chem. Phys. Lett. 157, 200 (1989)
    S. H. Vosko, L. Wilk, and M. Nusair, Can. J. Phys. 58, 1200 (1980)
small_rho_cutoff = 1e-07
init E= -777.1499351853
  HOMO = -0.219503177703841  LUMO = -0.189533243534154
cycle= 1 E= -774.590241836398  delta_E= 2.56  |g|= 1.06  |ddm|= 6.21
  HOMO = -0.0401998865533158  LUMO = -0.00492365768094243
cycle= 2 E= -770.077149411314  delta_E= 4.51  |g|= 2.98  |ddm|=  4.1
  HOMO = -0.123255851761784  LUMO = -0.0751027800249709
cycle= 3 E= -774.663542937294  delta_E= -4.59  |g|= 0.766  |ddm|= 3.87
  HOMO = -0.13945135113308  LUMO = -0.120816382241372
cycle= 4 E= -774.607660766696  delta_E= 0.0559  |g|= 0.771  |ddm|= 2.31
  HOMO = -0.162619484032378  LUMO = -0.133447847182079
cycle= 5 E= -774.81759547794  delta_E= -0.21  |g|= 0.511  |ddm|=    2
  HOMO = -0.148295190134234  LUMO = -0.12555902954672
cycle= 6 E= -774.827389399683  delta_E= -0.00979  |g|= 0.404  |ddm|= 1.53
  HOMO = -0.15358362193033  LUMO = -0.127217917994257
cycle= 7 E= -774.899709678939  delta_E= -0.0723  |g|= 0.148  |ddm|= 0.627
  HOMO = -0.155679240220142  LUMO = -0.120714311971436
cycle= 8 E= -774.90419435436  delta_E= -0.00448  |g|= 0.109  |ddm|= 0.157
  HOMO = -0.159939985318382  LUMO = -0.121246532530802
cycle= 9 E= -774.907368528637  delta_E= -0.00317  |g|= 0.0686  |ddm|= 0.118
  HOMO = -0.160198475712771  LUMO = -0.120070845797018
cycle= 10 E= -774.908636443628  delta_E= -0.00127  |g|= 0.037  |ddm|= 0.0622
  HOMO = -0.16031623671244  LUMO = -0.119968220315494
cycle= 11 E= -774.909152634432  delta_E= -0.000516  |g|= 0.0167  |ddm|= 0.0439
  HOMO = -0.160520446628902  LUMO = -0.119958602337224
cycle= 12 E= -774.909266861728  delta_E= -0.000114  |g|= 0.00404  |ddm|= 0.0361
  HOMO = -0.160632871828571  LUMO = -0.120197635970295
cycle= 13 E= -774.909273247368  delta_E= -6.39e-06  |g|= 0.00166  |ddm|= 0.00909
  HOMO = -0.160606846080884  LUMO = -0.120209523204053
cycle= 14 E= -774.909273788159  delta_E= -5.41e-07  |g|= 0.00111  |ddm|= 0.00226
  HOMO = -0.160581494710385  LUMO = -0.120156780443123
cycle= 15 E= -774.909274138234  delta_E= -3.5e-07  |g|= 0.000421  |ddm|= 0.00125
  HOMO = -0.160595444816201  LUMO = -0.120168298339023
cycle= 16 E= -774.90927421466  delta_E= -7.64e-08  |g|= 7.78e-05  |ddm|= 0.000782
  HOMO = -0.160592730868512  LUMO = -0.120167975451787
cycle= 17 E= -774.90927421598  delta_E= -1.32e-09  |g|= 4.08e-05  |ddm|= 0.000125
  HOMO = -0.1605926389105  LUMO = -0.120169330540619
cycle= 18 E= -774.909274216439  delta_E= -4.59e-10  |g|= 1.63e-05  |ddm|= 6.3e-05
  HOMO = -0.160591968537691  LUMO = -0.120169234326989
cycle= 19 E= -774.909274216548  delta_E= -1.09e-10  |g|= 5.67e-06  |ddm|= 2.66e-05
  HOMO = -0.160591809007161  LUMO = -0.120169691441347
Extra cycle  E= -774.909274216369  delta_E= 1.79e-10  |g|= 2.16e-05  |ddm|= 4.54e-05
converged SCF energy = -774.909274216369
AOs:  [0, 1, 2, 3, 4, 5, 6, 7, 8, 9, 10, 11, 12, 13, 14, 15, 16, 17, 18, 19, 20, 21, 22, 23, 24, 25, 26, 27, 28, 29, 30, 31, 32, 33, 34, 35, 36, 37, 38, 39, 40, 41, 42, 43, 44, 45, 46, 47, 48, 49, 50, 51, 52, 53, 54, 55, 56, 57, 58, 59, 60, 61, 62, 63]
64

 AO indices used for projection:  [0, 1, 3, 4, 5, 14, 16, 17, 19, 20, 21, 30, 32, 33, 35, 36, 37, 46, 48, 49, 51, 52, 53, 62]
 # of orbitals to keep:  16
Number of Active MOs:  16
Number of Environment MOs:  54
Number of Virtual MOs:  244
 # electrons:            α            β
         Env:  54.00000000  54.00000000
         Act:  16.00000000  16.00000000
         Vir:   0.00000000   0.00000000
Number of electrons in the active space:  32

 The density matrix is idempotent!

 The density matrix is idempotent!


******** <class 'pyscf.scf.hf.RHF'> ********
method = RHF
initial guess = minao
damping factor = 0
level_shift factor = 0
DIIS = <class 'pyscf.scf.diis.CDIIS'>
diis_start_cycle = 1
diis_space = 8
SCF conv_tol = 1e-09
SCF conv_tol_grad = 1e-05
SCF max_cycles = 200
direct_scf = True
direct_scf_tol = 1e-13
chkfile to save SCF result = subsys_scf.chk
max_memory 900000 MB (current use 10413 MB)
init E= 993.074900155904
  HOMO = -0.181383321797678  LUMO = 0.00217720803559095
cycle= 1 E= 993.043922362858  delta_E= -0.031  |g|= 0.0634  |ddm|= 0.705
  HOMO = -0.184195146537182  LUMO = 0.0041373390022059
cycle= 2 E= 993.041260504445  delta_E= -0.00266  |g|= 0.024  |ddm|= 0.171
  HOMO = -0.187051040476441  LUMO = 0.00866747836668585
cycle= 3 E= 993.040401595238  delta_E= -0.000859  |g|= 0.0193  |ddm|= 0.0901
  HOMO = -0.18663522593673  LUMO = 0.0106125485132086
cycle= 4 E= 993.040090459197  delta_E= -0.000311  |g|= 0.00836  |ddm|= 0.0513
  HOMO = -0.188435901250786  LUMO = 0.011650239365863
cycle= 5 E= 993.039923488528  delta_E= -0.000167  |g|= 0.00437  |ddm|= 0.0539
  HOMO = -0.188502142041775  LUMO = 0.0121517858673057
cycle= 6 E= 993.039892832673  delta_E= -3.07e-05  |g|= 0.00253  |ddm|= 0.0222
  HOMO = -0.18849357131636  LUMO = 0.0119660190876911
cycle= 7 E= 993.039882794506  delta_E= -1e-05  |g|= 0.00153  |ddm|= 0.012
  HOMO = -0.188316738261778  LUMO = 0.0117832907590067
cycle= 8 E= 993.039876010605  delta_E= -6.78e-06  |g|= 0.000859  |ddm|= 0.0136
  HOMO = -0.188242555703926  LUMO = 0.0115947123025392
cycle= 9 E= 993.039874205708  delta_E= -1.8e-06  |g|= 0.000239  |ddm|= 0.00938
  HOMO = -0.188182687200572  LUMO = 0.0115800090892456
cycle= 10 E= 993.039874112646  delta_E= -9.31e-08  |g|= 7.85e-05  |ddm|= 0.00203
  HOMO = -0.188171094611626  LUMO = 0.011561891753199
cycle= 11 E= 993.039874105039  delta_E= -7.61e-09  |g|= 2.66e-05  |ddm|= 0.000611
  HOMO = -0.18817042682949  LUMO = 0.0115614891930211
cycle= 12 E= 993.039874104762  delta_E= -2.77e-10  |g|= 7.86e-06  |ddm|= 8.55e-05
  HOMO = -0.188169403162641  LUMO = 0.0115612195705831
Extra cycle  E= 993.039874104573  delta_E= -1.88e-10  |g|= 3.58e-06  |ddm|= 2.27e-05
converged SCF energy = 993.039874104573
Difference in energy:  -721.994110362633
E(MP2) = 992.453050985135  E_corr = -0.586823119438231
Total energy =  -774.3455274478972
time elapsed:  35.49833345413208
