

******** <class 'pyscf.dft.rks.RKS'> ********
method = RKS-RHF
initial guess = minao
damping factor = 0
level_shift factor = 0
DIIS = <class 'pyscf.scf.diis.CDIIS'>
diis_start_cycle = 1
diis_space = 8
SCF conv_tol = 1e-09
SCF conv_tol_grad = 1e-06
SCF max_cycles = 1000
direct_scf = True
direct_scf_tol = 1e-13
chkfile to save SCF result = scf.fchk
max_memory 900000 MB (current use 79 MB)
XC library pyscf.dft.libxc version 5.1.7
    S. Lehtola, C. Steigemann, M. J. Oliveira, and M. A. Marques, SoftwareX 7, 1 (2018)
XC functionals = pbe
    J. P. Perdew, K. Burke, and M. Ernzerhof, Phys. Rev. Lett. 77, 3865 (1996)
    J. P. Perdew, K. Burke, and M. Ernzerhof, Phys. Rev. Lett. 78, 1396 (1997)
    J. P. Perdew, K. Burke, and M. Ernzerhof, Phys. Rev. Lett. 77, 3865 (1996)
    J. P. Perdew, K. Burke, and M. Ernzerhof, Phys. Rev. Lett. 78, 1396 (1997)
small_rho_cutoff = 1e-07
init E= -2592.68589161385
  HOMO = -0.135589903772641  LUMO = -0.0868627408995464
cycle= 1 E= -2573.86094609638  delta_E= 18.8  |g|= 5.66  |ddm|= 10.4
  HOMO = -0.237014473524249  LUMO = -0.228181875449534
cycle= 2 E= -2429.54073387064  delta_E=  144  |g|= 19.3  |ddm|=   96
  HOMO = -0.172155222180436  LUMO = -0.161702262178276
cycle= 3 E= -2561.20084737966  delta_E= -132  |g|= 9.67  |ddm|=   72
  HOMO = -0.179835387701029  LUMO = -0.153385170978532
cycle= 4 E= -2577.99076904097  delta_E= -16.8  |g|=  6.4  |ddm|= 28.3
  HOMO = -0.163466306075641  LUMO = -0.153553182576668
cycle= 5 E= -2581.56771167959  delta_E= -3.58  |g|= 5.42  |ddm|= 2.88
  HOMO = -0.173674305392766  LUMO = -0.159425717124993
cycle= 6 E= -2581.35725703462  delta_E= 0.21  |g|= 5.48  |ddm|= 1.05
  HOMO = -0.177939224083331  LUMO = -0.162383560591001
cycle= 7 E= -2581.22391346773  delta_E= 0.133  |g|= 5.53  |ddm|= 0.907
  HOMO = -0.174088591800936  LUMO = -0.16128878848384
cycle= 8 E= -2581.28456956137  delta_E= -0.0607  |g|= 5.52  |ddm|= 0.222
  HOMO = -0.188343748121112  LUMO = -0.164949624851981
cycle= 9 E= -2580.5010413287  delta_E= 0.784  |g|= 5.77  |ddm|= 0.599

WARN: HOMO 0.0213241047792765 == LUMO 0.0215309182919838

cycle= 10 E= -2543.2183263096  delta_E= 37.3  |g|= 13.6  |ddm|= 19.4
  HOMO = -0.0802366990624565  LUMO = -0.00445935374223385
cycle= 11 E= -2571.26238482621  delta_E=  -28  |g|= 6.19  |ddm|= 17.4
  HOMO = -0.203792668968303  LUMO = -0.173448379779479
cycle= 12 E= -2579.84965373933  delta_E= -8.59  |g|= 5.96  |ddm|= 9.81
  HOMO = -0.212032344507505  LUMO = -0.17753223296503
cycle= 13 E= -2580.27538164316  delta_E= -0.426  |g|= 5.83  |ddm|= 0.95
  HOMO = -0.177608754714467  LUMO = -0.158334685725777
cycle= 14 E= -2580.40134751599  delta_E= -0.126  |g|= 5.82  |ddm|= 1.39
  HOMO = -0.185695013460177  LUMO = -0.156326193026915
cycle= 15 E= -2579.61618316289  delta_E= 0.785  |g|= 6.04  |ddm|= 0.976
  HOMO = -0.169639849230465  LUMO = -0.153724437580641
cycle= 16 E= -2579.85245869853  delta_E= -0.236  |g|= 5.97  |ddm|= 0.924
  HOMO = -0.195808688360651  LUMO = -0.153711179753378
cycle= 17 E= -2580.01988212119  delta_E= -0.167  |g|= 5.93  |ddm|= 1.27
  HOMO = -0.188489915692195  LUMO = -0.161724222452659
cycle= 18 E= -2581.6731088335  delta_E= -1.65  |g|= 5.38  |ddm|= 1.52
  HOMO = -0.204329248316719  LUMO = -0.165989478707824
cycle= 19 E= -2580.23329234949  delta_E= 1.44  |g|= 5.86  |ddm|= 1.24
  HOMO = 0.0340471235487119  LUMO = 0.0390071081050922
cycle= 20 E= -2459.28578807531  delta_E=  121  |g|=   14  |ddm|= 33.4
  HOMO = -0.0789590321600206  LUMO = -0.0710420503644283
cycle= 21 E= -2574.34068263452  delta_E= -115  |g|= 5.09  |ddm|= 32.7
  HOMO = -0.167703811687032  LUMO = -0.159670172576268
cycle= 22 E= -2578.53385569439  delta_E= -4.19  |g|= 6.27  |ddm|= 7.64
  HOMO = -0.188009690332656  LUMO = -0.158587204347998
cycle= 23 E= -2579.42610150414  delta_E= -0.892  |g|= 6.11  |ddm|= 1.95
  HOMO = -0.205630690430321  LUMO = -0.164117914159883
cycle= 24 E= -2579.90845307687  delta_E= -0.482  |g|= 5.93  |ddm|= 1.21
  HOMO = -0.201782497808873  LUMO = -0.166103322790088
cycle= 25 E= -2578.89274861324  delta_E= 1.02  |g|= 6.24  |ddm|= 1.53
  HOMO = -0.19703811405098  LUMO = -0.168817890950453
cycle= 26 E= -2579.00551012496  delta_E= -0.113  |g|= 6.21  |ddm|= 0.937
  HOMO = -0.207747764119761  LUMO = -0.164650046851901
cycle= 27 E= -2581.13884804744  delta_E= -2.13  |g|= 5.52  |ddm|= 1.86
  HOMO = -0.194549377126349  LUMO = -0.16604766335513
cycle= 28 E= -2579.07928219556  delta_E= 2.06  |g|= 6.19  |ddm|= 2.14
  HOMO = -0.19244448423864  LUMO = -0.159121210757043
cycle= 29 E= -2579.80960138801  delta_E= -0.73  |g|= 5.99  |ddm|= 1.39
  HOMO = 0.00645189516219253  LUMO = 0.0122482470643304
cycle= 30 E= -2496.26945735305  delta_E= 83.5  |g|= 13.9  |ddm|= 26.5
  HOMO = -0.0857353985005009  LUMO = -0.0339140915040765
cycle= 31 E= -2573.36625652498  delta_E= -77.1  |g|= 5.33  |ddm|= 23.9
  HOMO = -0.166117137879048  LUMO = -0.145990425845188
cycle= 32 E= -2579.33236852653  delta_E= -5.97  |g|=  6.1  |ddm|= 8.35
  HOMO = -0.180884832266387  LUMO = -0.150587581414706
cycle= 33 E= -2579.97810570767  delta_E= -0.646  |g|= 5.93  |ddm|= 0.99
  HOMO = -0.163694628325542  LUMO = -0.142432108994931
cycle= 34 E= -2580.17973293772  delta_E= -0.202  |g|= 5.84  |ddm|=    1
  HOMO = -0.1811844233072  LUMO = -0.138954092764155
cycle= 35 E= -2580.37994843425  delta_E= -0.2  |g|= 5.82  |ddm|= 1.62
  HOMO = -0.168975748199223  LUMO = -0.151852048733212
cycle= 36 E= -2581.64247905399  delta_E= -1.26  |g|= 5.32  |ddm|= 2.02
  HOMO = -0.190790833948263  LUMO = -0.159146554296012
cycle= 37 E= -2580.37853750154  delta_E= 1.26  |g|= 5.79  |ddm|= 2.25
  HOMO = -0.18544087517326  LUMO = -0.152979386027622
cycle= 38 E= -2580.7035724168  delta_E= -0.325  |g|= 5.68  |ddm|=  1.2
  HOMO = -0.197386808174645  LUMO = -0.154645395689211
cycle= 39 E= -2579.88296890735  delta_E= 0.821  |g|= 5.97  |ddm|= 1.13
  HOMO = 0.0263615661709903  LUMO = 0.0361636242703235
cycle= 40 E= -2454.32836695912  delta_E=  126  |g|= 14.9  |ddm|=   42
  HOMO = -0.0813638728298956  LUMO = -0.072838512269384
cycle= 41 E= -2572.21642095496  delta_E= -118  |g|= 5.87  |ddm|=   41
  HOMO = -0.155718357365401  LUMO = -0.14554845392009
cycle= 42 E= -2578.30256565461  delta_E= -6.09  |g|= 6.11  |ddm|= 8.89
  HOMO = -0.192718763268222  LUMO = -0.148311596394349
cycle= 43 E= -2580.16543843496  delta_E= -1.86  |g|= 5.87  |ddm|= 2.46
  HOMO = -0.183432147541913  LUMO = -0.158503780859111
cycle= 44 E= -2580.27137504841  delta_E= -0.106  |g|= 5.84  |ddm|= 0.816
  HOMO = -0.156613856249827  LUMO = -0.153351137378581
cycle= 45 E= -2581.41348149839  delta_E= -1.14  |g|= 5.44  |ddm|= 3.03
  HOMO = -0.191968590214328  LUMO = -0.153169696745545
cycle= 46 E= -2580.66713607971  delta_E= 0.746  |g|= 5.72  |ddm|= 2.61
  HOMO = -0.191639115673274  LUMO = -0.151864446670825
cycle= 47 E= -2580.41867239389  delta_E= 0.248  |g|= 5.78  |ddm|= 0.889
  HOMO = -0.163999422957285  LUMO = -0.153757049258655
cycle= 48 E= -2581.6521516259  delta_E= -1.23  |g|= 5.29  |ddm|=  1.8
  HOMO = -0.191176585144721  LUMO = -0.150234273532161
cycle= 49 E= -2581.20344181917  delta_E= 0.449  |g|= 5.53  |ddm|= 1.78
  HOMO = 0.0302828176028985  LUMO = 0.0527272364091345
cycle= 50 E= -2447.36319689751  delta_E=  134  |g|=   15  |ddm|= 41.5
  HOMO = -0.106084701582045  LUMO = -0.0827616136580217
cycle= 51 E= -2572.84732494871  delta_E= -125  |g|= 5.76  |ddm|=   41
  HOMO = -0.14845719490304  LUMO = -0.136493154895381
cycle= 52 E= -2578.26834396425  delta_E= -5.42  |g|= 6.21  |ddm|= 8.77
  HOMO = -0.187362291455852  LUMO = -0.145213621444552
cycle= 53 E= -2579.88879929118  delta_E= -1.62  |g|= 5.97  |ddm|= 2.69
  HOMO = -0.190539175090331  LUMO = -0.145939058283303
cycle= 54 E= -2579.99406600395  delta_E= -0.105  |g|= 5.93  |ddm|= 1.48
  HOMO = -0.197328950420338  LUMO = -0.144743210601486
cycle= 55 E= -2579.9246333899  delta_E= 0.0694  |g|= 5.95  |ddm|= 1.07
  HOMO = -0.18487053160366  LUMO = -0.142555024880061
cycle= 56 E= -2580.19927965699  delta_E= -0.275  |g|= 5.87  |ddm|= 0.779
  HOMO = -0.175808741342455  LUMO = -0.147463490044999
cycle= 57 E= -2580.02498809775  delta_E= 0.174  |g|= 5.86  |ddm|= 1.97
  HOMO = -0.204327136391821  LUMO = -0.146658298943062
cycle= 58 E= -2579.95819239436  delta_E= 0.0668  |g|= 5.94  |ddm|= 1.52
  HOMO = -0.185855975210447  LUMO = -0.138390377639115
cycle= 59 E= -2580.38959562198  delta_E= -0.431  |g|= 5.81  |ddm|= 0.73
  HOMO = 0.000206377384714727  LUMO = 0.00929193311723
cycle= 60 E= -2482.4096229769  delta_E=   98  |g|= 14.6  |ddm|= 26.9
  HOMO = -0.0813573061717631  LUMO = -0.078594675774669
cycle= 61 E= -2571.87778456579  delta_E= -89.5  |g|= 6.53  |ddm|= 23.9
  HOMO = -0.150595976974807  LUMO = -0.145825806967448
cycle= 62 E= -2579.30510588694  delta_E= -7.43  |g|= 6.07  |ddm|= 9.93
  HOMO = -0.178953362205321  LUMO = -0.152578561179946
cycle= 63 E= -2581.13554256432  delta_E= -1.83  |g|= 5.57  |ddm|= 2.81
  HOMO = -0.176763726782271  LUMO = -0.156881524974452
cycle= 64 E= -2581.40442202533  delta_E= -0.269  |g|= 5.51  |ddm|= 0.84
  HOMO = -0.169328036191573  LUMO = -0.156254541675197
cycle= 65 E= -2581.30081779867  delta_E= 0.104  |g|= 5.52  |ddm|=  1.1
  HOMO = -0.173118831488312  LUMO = -0.158900772093343
cycle= 66 E= -2581.59054694761  delta_E= -0.29  |g|= 5.42  |ddm|= 1.64
  HOMO = -0.177303951822227  LUMO = -0.166292013840932
cycle= 67 E= -2581.79715567422  delta_E= -0.207  |g|= 5.35  |ddm|= 1.53
  HOMO = -0.171856643396179  LUMO = -0.162067663681509
cycle= 68 E= -2581.39928033913  delta_E= 0.398  |g|=  5.5  |ddm|= 0.775
  HOMO = -0.172299427118528  LUMO = -0.165084950092371
cycle= 69 E= -2581.01332480469  delta_E= 0.386  |g|= 5.63  |ddm|= 0.47
  HOMO = 0.0283627692128867  LUMO = 0.0299356824832259
cycle= 70 E= -2453.34012726043  delta_E=  128  |g|= 18.5  |ddm|= 43.3
  HOMO = -0.065082401719318  LUMO = -0.0338854885190323
cycle= 71 E= -2566.59633379825  delta_E= -113  |g|= 8.99  |ddm|= 41.4
  HOMO = -0.0540307293483208  LUMO = -0.0478882544967975
cycle= 72 E= -2581.38538064924  delta_E= -14.8  |g|= 5.46  |ddm|= 12.4
  HOMO = -0.186703944960616  LUMO = -0.173619056812517
cycle= 73 E= -2586.54730724325  delta_E= -5.16  |g|=  3.6  |ddm|= 4.72
  HOMO = -0.173073575608942  LUMO = -0.164518403553395
cycle= 74 E= -2585.24725482622  delta_E=  1.3  |g|= 4.31  |ddm|= 2.26
  HOMO = -0.174629206453498  LUMO = -0.158236521513793
cycle= 75 E= -2587.39004884013  delta_E= -2.14  |g|= 2.76  |ddm|= 2.31
  HOMO = -0.162662770784125  LUMO = -0.153431132119533
cycle= 76 E= -2582.21683310183  delta_E= 5.17  |g|= 5.41  |ddm|= 3.81
  HOMO = -0.174475159008635  LUMO = -0.17189471635454
cycle= 77 E= -2584.69524569347  delta_E= -2.48  |g|= 4.45  |ddm|= 2.46
  HOMO = -0.175008053931355  LUMO = -0.169288968017828
cycle= 78 E= -2584.91689411097  delta_E= -0.222  |g|= 4.38  |ddm|= 0.854
  HOMO = -0.175287443350541  LUMO = -0.169423260485549
cycle= 79 E= -2584.91037267024  delta_E= 0.00652  |g|= 4.39  |ddm|= 0.175
  HOMO = -0.150086847570079  LUMO = -0.0969722355105633
cycle= 80 E= -2588.56909873656  delta_E= -3.66  |g|= 0.989  |ddm|=  2.9
  HOMO = -0.105224777881476  LUMO = -0.0844144909699653
cycle= 81 E= -2588.1637492424  delta_E= 0.405  |g|= 1.49  |ddm|= 2.68
  HOMO = -0.135008192828233  LUMO = -0.0888277784525258
cycle= 82 E= -2588.74867173465  delta_E= -0.585  |g|= 0.503  |ddm|= 2.17
  HOMO = -0.140948193430145  LUMO = -0.0888889251468296
cycle= 83 E= -2588.81499363903  delta_E= -0.0663  |g|= 0.276  |ddm|= 0.764
  HOMO = -0.131918623323327  LUMO = -0.0872742665451873
cycle= 84 E= -2588.82899411694  delta_E= -0.014  |g|= 0.102  |ddm|= 0.321
  HOMO = -0.135617450390594  LUMO = -0.0866806681621608
cycle= 85 E= -2588.83084094201  delta_E= -0.00185  |g|= 0.0404  |ddm|= 0.128
  HOMO = -0.134960333415404  LUMO = -0.086993819700851
cycle= 86 E= -2588.83122641826  delta_E= -0.000385  |g|= 0.00951  |ddm|= 0.0469
  HOMO = -0.134826429859376  LUMO = -0.0869609020944699
cycle= 87 E= -2588.83124424245  delta_E= -1.78e-05  |g|= 0.00395  |ddm|= 0.0132
  HOMO = -0.134583078492444  LUMO = -0.0869583026415893
cycle= 88 E= -2588.8312449235  delta_E= -6.81e-07  |g|= 0.00422  |ddm|= 0.00718
  HOMO = -0.134779362118155  LUMO = -0.0869876830933487
cycle= 89 E= -2588.83124788236  delta_E= -2.96e-06  |g|= 0.00189  |ddm|= 0.00488
  HOMO = -0.134700255646587  LUMO = -0.0869667050464216
cycle= 90 E= -2588.8312484597  delta_E= -5.77e-07  |g|= 0.000606  |ddm|= 0.00196
  HOMO = -0.134722477212155  LUMO = -0.0869712639138984
cycle= 91 E= -2588.83124850776  delta_E= -4.81e-08  |g|= 0.000351  |ddm|= 0.000898
  HOMO = -0.134720818807626  LUMO = -0.0869720253070665
cycle= 92 E= -2588.83124854117  delta_E= -3.34e-08  |g|= 8.93e-05  |ddm|= 0.000477
  HOMO = -0.134722794906587  LUMO = -0.0869725638213877
cycle= 93 E= -2588.83124854178  delta_E= -6.17e-10  |g|= 8.48e-05  |ddm|= 0.000178
  HOMO = -0.134722772673622  LUMO = -0.086971847771176
cycle= 94 E= -2588.8312485434  delta_E= -1.61e-09  |g|= 2.61e-05  |ddm|= 9.34e-05
  HOMO = -0.134722458886807  LUMO = -0.086972103109292
cycle= 95 E= -2588.83124854347  delta_E= -7.73e-11  |g|= 1.53e-05  |ddm|= 3.11e-05
  HOMO = -0.134722214491767  LUMO = -0.086972025432367
cycle= 96 E= -2588.83124854352  delta_E= -4.91e-11  |g|= 7.95e-06  |ddm|= 2.07e-05
  HOMO = -0.134721977289721  LUMO = -0.0869720201646587
cycle= 97 E= -2588.83124854351  delta_E= 9.09e-12  |g|= 7.73e-06  |ddm|= 1.3e-05
  HOMO = -0.134722481893309  LUMO = -0.0869720771022097
cycle= 98 E= -2588.83124854352  delta_E= -1.18e-11  |g|= 7.37e-06  |ddm|= 1.19e-05
  HOMO = -0.134722177872497  LUMO = -0.0869720212474619
cycle= 99 E= -2588.83124854353  delta_E= -4.55e-12  |g|= 2.34e-06  |ddm|= 7.47e-06
  HOMO = -0.134722263100282  LUMO = -0.0869720388349954
cycle= 100 E= -2588.83124854353  delta_E= -3.64e-12  |g|= 1.77e-06  |ddm|= 3.43e-06
  HOMO = -0.134722236666636  LUMO = -0.08697204028745
cycle= 101 E= -2588.83124854353  delta_E= 6.37e-12  |g|= 6.25e-07  |ddm|= 2.54e-06
  HOMO = -0.134722265733916  LUMO = -0.0869720322488742
Extra cycle  E= -2588.83124854352  delta_E= 1.82e-12  |g|= 2.5e-06  |ddm|= 4.02e-06
converged SCF energy = -2588.83124854352
AOs:  [0, 1, 2, 3, 4, 5, 6, 7, 8, 9, 10, 11, 12, 13, 14, 15, 16, 17, 18, 19, 20, 21, 22, 23, 24, 25, 26, 27]
28
Number of Active MOs:  7
Number of Environment MOs:  111
Number of Virtual MOs:  427
 # electrons:            α            β
         Env: 111.00000000 111.00000000
         Act:   7.00000000   7.00000000
         Vir:  -0.00000000  -0.00000000
Number of electrons in the active space:  14

 The density matrix is idempotent!

 The density matrix is idempotent!


******** <class 'pyscf.scf.hf.RHF'> ********
method = RHF
initial guess = minao
damping factor = 0
level_shift factor = 0
DIIS = <class 'pyscf.scf.diis.CDIIS'>
diis_start_cycle = 1
diis_space = 8
SCF conv_tol = 1e-09
SCF conv_tol_grad = 1e-06
SCF max_cycles = 200
direct_scf = True
direct_scf_tol = 1e-13
chkfile to save SCF result = subsys_scf.chk
max_memory 900000 MB (current use 89897 MB)
init E= 3756.22171844741
  HOMO = -0.512625306465887  LUMO = -0.0460288768744433
cycle= 1 E= 3756.2069897128  delta_E= -0.0147  |g|= 0.0711  |ddm|= 0.306
  HOMO = -0.542357749680192  LUMO = -0.0440194805842664
cycle= 2 E= 3756.20602491821  delta_E= -0.000965  |g|= 0.0402  |ddm|= 0.0983
  HOMO = -0.536481851219132  LUMO = -0.0446937823556861
cycle= 3 E= 3756.20566020889  delta_E= -0.000365  |g|= 0.0128  |ddm|= 0.0304
  HOMO = -0.536239474999574  LUMO = -0.0446524877040435
cycle= 4 E= 3756.20561159897  delta_E= -4.86e-05  |g|= 0.00177  |ddm|= 0.0204
  HOMO = -0.536863169636972  LUMO = -0.0446225023751549
cycle= 5 E= 3756.20561009159  delta_E= -1.51e-06  |g|= 0.00049  |ddm|= 0.00428
  HOMO = -0.536800213027815  LUMO = -0.0446206590735986
cycle= 6 E= 3756.20561000023  delta_E= -9.14e-08  |g|= 7.17e-05  |ddm|= 0.000895
  HOMO = -0.536800064643157  LUMO = -0.0446190238120906
cycle= 7 E= 3756.20560999792  delta_E= -2.31e-09  |g|= 8.31e-06  |ddm|= 0.000126
  HOMO = -0.536802931601684  LUMO = -0.0446185841528625
cycle= 8 E= 3756.20560999788  delta_E= -4.05e-11  |g|= 9.98e-07  |ddm|= 1.62e-05
  HOMO = -0.536802423867674  LUMO = -0.0446186123895601
Extra cycle  E= 3756.20560999787  delta_E= -6.82e-12  |g|= 3.89e-07  |ddm|= 1.86e-06
converged SCF energy = 3756.20560999787
Difference in energy:  -285.860253130491
E(MP2) = 3755.91513028916  E_corr = -0.290479708715794
Total energy =  -2588.666181323697
time elapsed:  306.07213282585144
