

******** <class 'pyscf.dft.rks.RKS'> ********
method = RKS-RHF
initial guess = minao
damping factor = 0
level_shift factor = 0
DIIS = <class 'pyscf.scf.diis.CDIIS'>
diis_start_cycle = 1
diis_space = 8
SCF conv_tol = 1e-09
SCF conv_tol_grad = 1e-06
SCF max_cycles = 1000
direct_scf = True
direct_scf_tol = 1e-13
chkfile to save SCF result = scf.fchk
max_memory 900000 MB (current use 79 MB)
XC library pyscf.dft.libxc version 5.1.7
    S. Lehtola, C. Steigemann, M. J. Oliveira, and M. A. Marques, SoftwareX 7, 1 (2018)
XC functionals = pbe
    J. P. Perdew, K. Burke, and M. Ernzerhof, Phys. Rev. Lett. 77, 3865 (1996)
    J. P. Perdew, K. Burke, and M. Ernzerhof, Phys. Rev. Lett. 78, 1396 (1997)
    J. P. Perdew, K. Burke, and M. Ernzerhof, Phys. Rev. Lett. 77, 3865 (1996)
    J. P. Perdew, K. Burke, and M. Ernzerhof, Phys. Rev. Lett. 78, 1396 (1997)
small_rho_cutoff = 1e-07
init E= -2592.68589161385
  HOMO = -0.135589903772631  LUMO = -0.0868627408995591
cycle= 1 E= -2573.86094609638  delta_E= 18.8  |g|= 5.66  |ddm|= 10.4
  HOMO = -0.237014473524222  LUMO = -0.228181875449527
cycle= 2 E= -2429.54073387064  delta_E=  144  |g|= 19.3  |ddm|=   96
  HOMO = -0.172155222180421  LUMO = -0.161702262178197
cycle= 3 E= -2561.20084737966  delta_E= -132  |g|= 9.67  |ddm|=   72
  HOMO = -0.179835387701049  LUMO = -0.153385170978541
cycle= 4 E= -2577.99076904097  delta_E= -16.8  |g|=  6.4  |ddm|= 28.3
  HOMO = -0.163466306075653  LUMO = -0.153553182576664
cycle= 5 E= -2581.56771167959  delta_E= -3.58  |g|= 5.42  |ddm|= 2.88
  HOMO = -0.173674305392786  LUMO = -0.159425717125002
cycle= 6 E= -2581.35725703462  delta_E= 0.21  |g|= 5.48  |ddm|= 1.05
  HOMO = -0.177939224083349  LUMO = -0.162383560591009
cycle= 7 E= -2581.22391346773  delta_E= 0.133  |g|= 5.53  |ddm|= 0.907
  HOMO = -0.174088591800932  LUMO = -0.161288788483829
cycle= 8 E= -2581.28456956137  delta_E= -0.0607  |g|= 5.52  |ddm|= 0.222
  HOMO = -0.18834374812098  LUMO = -0.164949624851874
cycle= 9 E= -2580.50104132868  delta_E= 0.784  |g|= 5.77  |ddm|= 0.599

WARN: HOMO 0.0213241047798275 == LUMO 0.0215309182924487

cycle= 10 E= -2543.21832630966  delta_E= 37.3  |g|= 13.6  |ddm|= 19.4
  HOMO = -0.0802366990618093  LUMO = -0.00445935374238829
cycle= 11 E= -2571.26238482626  delta_E=  -28  |g|= 6.19  |ddm|= 17.4
  HOMO = -0.20379266896453  LUMO = -0.173448379778536
cycle= 12 E= -2579.84965373927  delta_E= -8.59  |g|= 5.96  |ddm|= 9.81
  HOMO = -0.212032344508309  LUMO = -0.17753223296441
cycle= 13 E= -2580.27538164315  delta_E= -0.426  |g|= 5.83  |ddm|= 0.95
  HOMO = -0.177608754713946  LUMO = -0.158334685726111
cycle= 14 E= -2580.40134751598  delta_E= -0.126  |g|= 5.82  |ddm|= 1.39
  HOMO = -0.185695013459433  LUMO = -0.156326193027027
cycle= 15 E= -2579.61618316284  delta_E= 0.785  |g|= 6.04  |ddm|= 0.976
  HOMO = -0.169639849229573  LUMO = -0.153724437580559
cycle= 16 E= -2579.85245869848  delta_E= -0.236  |g|= 5.97  |ddm|= 0.924
  HOMO = -0.195808688359801  LUMO = -0.153711179753378
cycle= 17 E= -2580.01988212115  delta_E= -0.167  |g|= 5.93  |ddm|= 1.27
  HOMO = -0.188489915693438  LUMO = -0.161724222452536
cycle= 18 E= -2581.67310883344  delta_E= -1.65  |g|= 5.38  |ddm|= 1.52
  HOMO = -0.204329248315522  LUMO = -0.16598947870808
cycle= 19 E= -2580.23329234944  delta_E= 1.44  |g|= 5.86  |ddm|= 1.24
  HOMO = 0.0340471235456868  LUMO = 0.0390071081064933
cycle= 20 E= -2459.28578807494  delta_E=  121  |g|=   14  |ddm|= 33.4
  HOMO = -0.0789590321545829  LUMO = -0.0710420503655784
cycle= 21 E= -2574.34068263444  delta_E= -115  |g|= 5.09  |ddm|= 32.7
  HOMO = -0.167703811681662  LUMO = -0.159670172576726
cycle= 22 E= -2578.53385569313  delta_E= -4.19  |g|= 6.27  |ddm|= 7.64
  HOMO = -0.188009690316931  LUMO = -0.158587204348478
cycle= 23 E= -2579.42610150424  delta_E= -0.892  |g|= 6.11  |ddm|= 1.95
  HOMO = -0.205630690419591  LUMO = -0.164117914160277
cycle= 24 E= -2579.90845307702  delta_E= -0.482  |g|= 5.93  |ddm|= 1.21
  HOMO = -0.201782497807041  LUMO = -0.16610332279118
cycle= 25 E= -2578.89274861337  delta_E= 1.02  |g|= 6.24  |ddm|= 1.53
  HOMO = -0.197038114037123  LUMO = -0.168817890952478
cycle= 26 E= -2579.00551012492  delta_E= -0.113  |g|= 6.21  |ddm|= 0.937
  HOMO = -0.207747764127466  LUMO = -0.164650046853138
cycle= 27 E= -2581.13884804775  delta_E= -2.13  |g|= 5.52  |ddm|= 1.86
  HOMO = -0.194549377154854  LUMO = -0.166047663358321
cycle= 28 E= -2579.07928219591  delta_E= 2.06  |g|= 6.19  |ddm|= 2.14
  HOMO = -0.192444484242424  LUMO = -0.159121210758461
cycle= 29 E= -2579.80960138825  delta_E= -0.73  |g|= 5.99  |ddm|= 1.39
  HOMO = 0.00645189524485448  LUMO = 0.0122482470615669
cycle= 30 E= -2496.26945735488  delta_E= 83.5  |g|= 13.9  |ddm|= 26.5
  HOMO = -0.0857353984953918  LUMO = -0.0339140914938619
cycle= 31 E= -2573.36625652392  delta_E= -77.1  |g|= 5.33  |ddm|= 23.9
  HOMO = -0.166117137884414  LUMO = -0.145990425844682
cycle= 32 E= -2579.33236852699  delta_E= -5.97  |g|=  6.1  |ddm|= 8.35
  HOMO = -0.180884832249861  LUMO = -0.150587581410847
cycle= 33 E= -2579.97810570763  delta_E= -0.646  |g|= 5.93  |ddm|= 0.99
  HOMO = -0.163694628321748  LUMO = -0.142432108987543
cycle= 34 E= -2580.17973293779  delta_E= -0.202  |g|= 5.84  |ddm|=    1
  HOMO = -0.181184423273323  LUMO = -0.138954092761817
cycle= 35 E= -2580.37994843407  delta_E= -0.2  |g|= 5.82  |ddm|= 1.62
  HOMO = -0.168975748232211  LUMO = -0.151852048734349
cycle= 36 E= -2581.64247905247  delta_E= -1.26  |g|= 5.32  |ddm|= 2.02
  HOMO = -0.190790833979002  LUMO = -0.159146554300344
cycle= 37 E= -2580.37853750165  delta_E= 1.26  |g|= 5.79  |ddm|= 2.25
  HOMO = -0.185440875169262  LUMO = -0.152979386015464
cycle= 38 E= -2580.70357241797  delta_E= -0.325  |g|= 5.68  |ddm|=  1.2
  HOMO = -0.197386808172716  LUMO = -0.154645395688625
cycle= 39 E= -2579.88296890723  delta_E= 0.821  |g|= 5.97  |ddm|= 1.13
  HOMO = 0.0263615660422968  LUMO = 0.0361636242814136
cycle= 40 E= -2454.32836694349  delta_E=  126  |g|= 14.9  |ddm|=   42
  HOMO = -0.0813638728605531  LUMO = -0.072838512299321
cycle= 41 E= -2572.21642095433  delta_E= -118  |g|= 5.87  |ddm|=   41
  HOMO = -0.155718357325987  LUMO = -0.145548453867087
cycle= 42 E= -2578.30256565443  delta_E= -6.09  |g|= 6.11  |ddm|= 8.89
  HOMO = -0.192718763278535  LUMO = -0.14831159638253
cycle= 43 E= -2580.16543843603  delta_E= -1.86  |g|= 5.87  |ddm|= 2.46
  HOMO = -0.183432147530509  LUMO = -0.158503780858559
cycle= 44 E= -2580.27137504938  delta_E= -0.106  |g|= 5.84  |ddm|= 0.816
  HOMO = -0.156613856186533  LUMO = -0.153351137358807
cycle= 45 E= -2581.41348150833  delta_E= -1.14  |g|= 5.44  |ddm|= 3.03
  HOMO = -0.191968590341115  LUMO = -0.153169696762413
cycle= 46 E= -2580.66713608276  delta_E= 0.746  |g|= 5.72  |ddm|= 2.61
  HOMO = -0.191639115707726  LUMO = -0.151864446667885
cycle= 47 E= -2580.41867239485  delta_E= 0.248  |g|= 5.78  |ddm|= 0.889
  HOMO = -0.163999422971536  LUMO = -0.153757049233306
cycle= 48 E= -2581.65215162622  delta_E= -1.23  |g|= 5.29  |ddm|=  1.8
  HOMO = -0.191176585202419  LUMO = -0.150234273531847
cycle= 49 E= -2581.20344181792  delta_E= 0.449  |g|= 5.53  |ddm|= 1.78
  HOMO = 0.0302828175697  LUMO = 0.0527272366778617
cycle= 50 E= -2447.3631968236  delta_E=  134  |g|=   15  |ddm|= 41.5
  HOMO = -0.106084701522785  LUMO = -0.082761613642462
cycle= 51 E= -2572.84732494792  delta_E= -125  |g|= 5.76  |ddm|=   41
  HOMO = -0.148457194951214  LUMO = -0.136493154888765
cycle= 52 E= -2578.26834396608  delta_E= -5.42  |g|= 6.21  |ddm|= 8.77
  HOMO = -0.187362291480772  LUMO = -0.145213621462335
cycle= 53 E= -2579.88879929358  delta_E= -1.62  |g|= 5.97  |ddm|= 2.69
  HOMO = -0.190539174892965  LUMO = -0.145939058233138
cycle= 54 E= -2579.99406600925  delta_E= -0.105  |g|= 5.93  |ddm|= 1.48
  HOMO = -0.197328950478113  LUMO = -0.144743210614659
cycle= 55 E= -2579.92463338987  delta_E= 0.0694  |g|= 5.95  |ddm|= 1.07
  HOMO = -0.184870531740344  LUMO = -0.142555024887659
cycle= 56 E= -2580.19927965757  delta_E= -0.275  |g|= 5.87  |ddm|= 0.779
  HOMO = -0.175808741472034  LUMO = -0.147463490030075
cycle= 57 E= -2580.02498810232  delta_E= 0.174  |g|= 5.86  |ddm|= 1.97
  HOMO = -0.204327136420115  LUMO = -0.146658298941527
cycle= 58 E= -2579.95819239593  delta_E= 0.0668  |g|= 5.94  |ddm|= 1.52
  HOMO = -0.185855975224279  LUMO = -0.138390377637435
cycle= 59 E= -2580.38959562355  delta_E= -0.431  |g|= 5.81  |ddm|= 0.73
  HOMO = 0.000206377792866069  LUMO = 0.00929193314640376
cycle= 60 E= -2482.40962311698  delta_E=   98  |g|= 14.6  |ddm|= 26.9
  HOMO = -0.0813573069266694  LUMO = -0.0785946759352019
cycle= 61 E= -2571.87778456088  delta_E= -89.5  |g|= 6.53  |ddm|= 23.9
  HOMO = -0.150595925300936  LUMO = -0.14582580050053
cycle= 62 E= -2579.30510432981  delta_E= -7.43  |g|= 6.07  |ddm|= 9.93
  HOMO = -0.178953344331545  LUMO = -0.152578561313841
cycle= 63 E= -2581.13554237917  delta_E= -1.83  |g|= 5.57  |ddm|= 2.81
  HOMO = -0.176763724428417  LUMO = -0.156881527176611
cycle= 64 E= -2581.40442209523  delta_E= -0.269  |g|= 5.51  |ddm|= 0.84
  HOMO = -0.169328035183547  LUMO = -0.156254541565986
cycle= 65 E= -2581.30081783571  delta_E= 0.104  |g|= 5.52  |ddm|=  1.1
  HOMO = -0.173118827975669  LUMO = -0.15890077018282
cycle= 66 E= -2581.59054697546  delta_E= -0.29  |g|= 5.42  |ddm|= 1.64
  HOMO = -0.177303956962876  LUMO = -0.166292010437717
cycle= 67 E= -2581.79715569305  delta_E= -0.207  |g|= 5.35  |ddm|= 1.53
  HOMO = -0.171856661654133  LUMO = -0.162067657774884
cycle= 68 E= -2581.39928022573  delta_E= 0.398  |g|=  5.5  |ddm|= 0.775
  HOMO = -0.172299470529552  LUMO = -0.165084937184688
cycle= 69 E= -2581.01332491891  delta_E= 0.386  |g|= 5.63  |ddm|= 0.47
  HOMO = 0.0283627328708062  LUMO = 0.0299356568896282
cycle= 70 E= -2453.34029796855  delta_E=  128  |g|= 18.5  |ddm|= 43.3
  HOMO = -0.0650831265365722  LUMO = -0.0338857740900098
cycle= 71 E= -2566.59636872111  delta_E= -113  |g|= 8.99  |ddm|= 41.4
  HOMO = -0.0540315805805783  LUMO = -0.0478890905288293
cycle= 72 E= -2581.38564800907  delta_E= -14.8  |g|= 5.46  |ddm|= 12.4
  HOMO = -0.186703516346637  LUMO = -0.173618188165655
cycle= 73 E= -2586.54743978521  delta_E= -5.16  |g|=  3.6  |ddm|= 4.72
  HOMO = -0.173072534302149  LUMO = -0.164516214180053
cycle= 74 E= -2585.24735443876  delta_E=  1.3  |g|= 4.31  |ddm|= 2.26
  HOMO = -0.17462829006232  LUMO = -0.15823410261677
cycle= 75 E= -2587.39014944421  delta_E= -2.14  |g|= 2.76  |ddm|= 2.31
  HOMO = -0.162661556970874  LUMO = -0.153428689234596
cycle= 76 E= -2582.21685265383  delta_E= 5.17  |g|= 5.41  |ddm|= 3.81
  HOMO = -0.174474334221886  LUMO = -0.171891624994354
cycle= 77 E= -2584.69527795998  delta_E= -2.48  |g|= 4.45  |ddm|= 2.46
  HOMO = -0.175007571182492  LUMO = -0.169287882351431
cycle= 78 E= -2584.91703194921  delta_E= -0.222  |g|= 4.38  |ddm|= 0.854
  HOMO = -0.175287001738687  LUMO = -0.169419663797034
cycle= 79 E= -2584.91049924292  delta_E= 0.00653  |g|= 4.39  |ddm|= 0.174
  HOMO = -0.150082263977086  LUMO = -0.0969725763983293
cycle= 80 E= -2588.56904772156  delta_E= -3.66  |g|= 0.989  |ddm|=  2.9
  HOMO = -0.105232740438141  LUMO = -0.0844153251800119
cycle= 81 E= -2588.16373522876  delta_E= 0.405  |g|= 1.49  |ddm|= 2.68
  HOMO = -0.135001541776686  LUMO = -0.0888237737179267
cycle= 82 E= -2588.74867810957  delta_E= -0.585  |g|= 0.503  |ddm|= 2.17
  HOMO = -0.140947552998174  LUMO = -0.0888880806755095
cycle= 83 E= -2588.81499232627  delta_E= -0.0663  |g|= 0.276  |ddm|= 0.764
  HOMO = -0.131918116626463  LUMO = -0.087274317131803
cycle= 84 E= -2588.82899293794  delta_E= -0.014  |g|= 0.102  |ddm|= 0.321
  HOMO = -0.135616905252716  LUMO = -0.086680382919703
cycle= 85 E= -2588.83084101397  delta_E= -0.00185  |g|= 0.0403  |ddm|= 0.128
  HOMO = -0.134960355250937  LUMO = -0.0869938305294942
cycle= 86 E= -2588.83122641816  delta_E= -0.000385  |g|= 0.00951  |ddm|= 0.0469
  HOMO = -0.134826335848377  LUMO = -0.0869608633433764
cycle= 87 E= -2588.831244243  delta_E= -1.78e-05  |g|= 0.00395  |ddm|= 0.0132
  HOMO = -0.134582998674697  LUMO = -0.0869583177328748
cycle= 88 E= -2588.8312449195  delta_E= -6.76e-07  |g|= 0.00422  |ddm|= 0.00718
  HOMO = -0.134779370215997  LUMO = -0.0869876857908271
cycle= 89 E= -2588.83124788245  delta_E= -2.96e-06  |g|= 0.00189  |ddm|= 0.00488
  HOMO = -0.134700276818708  LUMO = -0.086966714053611
cycle= 90 E= -2588.83124845982  delta_E= -5.77e-07  |g|= 0.000606  |ddm|= 0.00196
  HOMO = -0.134722491252449  LUMO = -0.0869712654338616
cycle= 91 E= -2588.83124850752  delta_E= -4.77e-08  |g|= 0.000352  |ddm|= 0.000898
  HOMO = -0.134720818383907  LUMO = -0.0869720258513544
cycle= 92 E= -2588.83124854118  delta_E= -3.37e-08  |g|= 8.9e-05  |ddm|= 0.000478
  HOMO = -0.134722794093303  LUMO = -0.086972556740865
cycle= 93 E= -2588.83124854179  delta_E= -6.08e-10  |g|= 8.46e-05  |ddm|= 0.000178
  HOMO = -0.134722772713816  LUMO = -0.086971851524646
cycle= 94 E= -2588.83124854339  delta_E= -1.6e-09  |g|= 2.6e-05  |ddm|= 9.3e-05
  HOMO = -0.134722457974112  LUMO = -0.0869721012632917
cycle= 95 E= -2588.83124854347  delta_E= -8.64e-11  |g|= 1.52e-05  |ddm|= 3.1e-05
  HOMO = -0.134722214938529  LUMO = -0.0869720260868796
cycle= 96 E= -2588.83124854351  delta_E= -3.91e-11  |g|= 7.94e-06  |ddm|= 2.07e-05
  HOMO = -0.134721977681257  LUMO = -0.0869720200594901
cycle= 97 E= -2588.83124854352  delta_E= -6.37e-12  |g|= 7.72e-06  |ddm|= 1.3e-05
  HOMO = -0.13472248167315  LUMO = -0.0869720766903085
cycle= 98 E= -2588.83124854353  delta_E= -9.09e-12  |g|= 7.37e-06  |ddm|= 1.18e-05
  HOMO = -0.134722178029934  LUMO = -0.086972021237561
cycle= 99 E= -2588.83124854353  delta_E= -6.37e-12  |g|= 2.33e-06  |ddm|= 7.47e-06
  HOMO = -0.134722263168957  LUMO = -0.0869720389317073
cycle= 100 E= -2588.83124854354  delta_E= -3.64e-12  |g|= 1.77e-06  |ddm|= 3.42e-06
  HOMO = -0.134722236675571  LUMO = -0.0869720403077163
cycle= 101 E= -2588.83124854353  delta_E= 1.09e-11  |g|= 6.24e-07  |ddm|= 2.53e-06
  HOMO = -0.134722265675128  LUMO = -0.0869720321830383
Extra cycle  E= -2588.83124854352  delta_E= 5.46e-12  |g|= 2.5e-06  |ddm|= 4.01e-06
converged SCF energy = -2588.83124854352
AOs:  [0, 1, 2, 3, 4, 5, 6, 7, 8, 9, 10, 11, 12, 13, 14, 15, 16, 17, 18, 19, 20, 21, 22, 23, 24, 25, 26, 27, 28, 29, 30, 31, 32, 33, 34, 35, 36, 37, 38, 39, 40, 41, 42, 43, 44, 45, 46, 47, 48, 49, 50, 51, 52, 53, 54, 55, 56, 57, 58]
59
Number of Active MOs:  19
Number of Environment MOs:  99
Number of Virtual MOs:  427
 # electrons:            α            β
         Env:  99.00000000  99.00000000
         Act:  19.00000000  19.00000000
         Vir:   0.00000000   0.00000000
Number of electrons in the active space:  38

 The density matrix is idempotent!

 The density matrix is idempotent!


******** <class 'pyscf.scf.hf.RHF'> ********
method = RHF
initial guess = minao
damping factor = 0
level_shift factor = 0
DIIS = <class 'pyscf.scf.diis.CDIIS'>
diis_start_cycle = 1
diis_space = 8
SCF conv_tol = 1e-09
SCF conv_tol_grad = 1e-06
SCF max_cycles = 200
direct_scf = True
direct_scf_tol = 1e-13
chkfile to save SCF result = subsys_scf.chk
max_memory 900000 MB (current use 89909 MB)
init E= 2462.57179134212
  HOMO = -0.374354808319895  LUMO = 0.0242984213345639
cycle= 1 E= 2462.52219133712  delta_E= -0.0496  |g|= 0.285  |ddm|= 0.91
  HOMO = -0.208303283525437  LUMO = 0.0340227830707448
cycle= 2 E= 2462.5188596183  delta_E= -0.00333  |g|= 0.244  |ddm|= 0.715
  HOMO = -0.283014733537024  LUMO = 0.0309085980013799
cycle= 3 E= 2462.507380906  delta_E= -0.0115  |g|= 0.0353  |ddm|= 0.356
  HOMO = -0.273322657398877  LUMO = 0.0310889784803328
cycle= 4 E= 2462.50693088468  delta_E= -0.00045  |g|= 0.00635  |ddm|= 0.103
  HOMO = -0.27265618317698  LUMO = 0.0311121827859437
cycle= 5 E= 2462.50689122386  delta_E= -3.97e-05  |g|= 0.00228  |ddm|= 0.0415
  HOMO = -0.272687525615337  LUMO = 0.0310898148840165
cycle= 6 E= 2462.50688613058  delta_E= -5.09e-06  |g|= 0.000701  |ddm|= 0.0194
  HOMO = -0.272872583999649  LUMO = 0.0311021297136969
cycle= 7 E= 2462.50688579056  delta_E= -3.4e-07  |g|= 0.000455  |ddm|= 0.00342
  HOMO = -0.272871925494609  LUMO = 0.0311054327360749
cycle= 8 E= 2462.50688568925  delta_E= -1.01e-07  |g|= 0.000188  |ddm|= 0.00137
  HOMO = -0.27292590932386  LUMO = 0.031107460910028
cycle= 9 E= 2462.50688561736  delta_E= -7.19e-08  |g|= 0.000117  |ddm|= 0.000803
  HOMO = -0.272994967421526  LUMO = 0.031109916397426
cycle= 10 E= 2462.50688557801  delta_E= -3.94e-08  |g|= 3.72e-05  |ddm|= 0.00097
  HOMO = -0.273002489537284  LUMO = 0.0311104448934432
cycle= 11 E= 2462.50688557571  delta_E= -2.3e-09  |g|= 1.5e-05  |ddm|= 0.000227
  HOMO = -0.273003479411714  LUMO = 0.0311102065257545
cycle= 12 E= 2462.50688557554  delta_E= -1.61e-10  |g|= 8.24e-06  |ddm|= 6.81e-05
  HOMO = -0.272999151904266  LUMO = 0.031110150843887
cycle= 13 E= 2462.50688557531  delta_E= -2.36e-10  |g|= 4.63e-06  |ddm|= 3.3e-05
  HOMO = -0.272999103994273  LUMO = 0.0311100498074174
cycle= 14 E= 2462.50688557516  delta_E= -1.46e-10  |g|= 1.91e-06  |ddm|= 2.12e-05
  HOMO = -0.272998612208095  LUMO = 0.031110038848366
cycle= 15 E= 2462.50688557518  delta_E= 1.96e-11  |g|= 1.24e-06  |ddm|= 6.44e-06
  HOMO = -0.272998524945732  LUMO = 0.0311100378660311
cycle= 16 E= 2462.50688557519  delta_E= 9.55e-12  |g|= 9.77e-07  |ddm|= 4.54e-06
  HOMO = -0.272998589970859  LUMO = 0.0311100416329772
Extra cycle  E= 2462.50688557537  delta_E= 1.83e-10  |g|= 8.56e-07  |ddm|= 1.6e-06
converged SCF energy = 2462.50688557537
Difference in energy:  -920.4225146407705
E(MP2) = 2461.92607631037  E_corr = -0.580809264999559
Total energy =  -2587.945272395315
time elapsed:  274.05300784111023
