

******** <class 'pyscf.dft.rks.RKS'> ********
method = RKS-RHF
initial guess = minao
damping factor = 0
level_shift factor = 0
DIIS = <class 'pyscf.scf.diis.CDIIS'>
diis_start_cycle = 1
diis_space = 8
SCF conv_tol = 1e-09
SCF conv_tol_grad = 1e-06
SCF max_cycles = 1000
direct_scf = True
direct_scf_tol = 1e-13
chkfile to save SCF result = scf.fchk
max_memory 900000 MB (current use 79 MB)
XC library pyscf.dft.libxc version 5.1.7
    S. Lehtola, C. Steigemann, M. J. Oliveira, and M. A. Marques, SoftwareX 7, 1 (2018)
XC functionals = pbe
    J. P. Perdew, K. Burke, and M. Ernzerhof, Phys. Rev. Lett. 77, 3865 (1996)
    J. P. Perdew, K. Burke, and M. Ernzerhof, Phys. Rev. Lett. 78, 1396 (1997)
    J. P. Perdew, K. Burke, and M. Ernzerhof, Phys. Rev. Lett. 77, 3865 (1996)
    J. P. Perdew, K. Burke, and M. Ernzerhof, Phys. Rev. Lett. 78, 1396 (1997)
small_rho_cutoff = 1e-07
init E= -2479.39981693459
  HOMO = -0.134878995983571  LUMO = -0.0691459258567084
cycle= 1 E= -2460.75331207072  delta_E= 18.6  |g|= 5.48  |ddm|= 10.3
  HOMO = -0.231775807630248  LUMO = -0.205622127636789
cycle= 2 E= -2322.76815184104  delta_E=  138  |g|= 18.9  |ddm|= 95.4
  HOMO = -0.164302643785792  LUMO = -0.160803233764514
cycle= 3 E= -2447.05311353123  delta_E= -124  |g|= 9.43  |ddm|= 71.8
  HOMO = -0.179545259260213  LUMO = -0.162341576348351
cycle= 4 E= -2465.18138164002  delta_E= -18.1  |g|=  6.2  |ddm|=   28
  HOMO = -0.153349547044162  LUMO = -0.152030215378846
cycle= 5 E= -2470.89975287947  delta_E= -5.72  |g|= 4.83  |ddm|= 3.77
  HOMO = -0.193731586590357  LUMO = -0.161792445858995
cycle= 6 E= -2468.23221922241  delta_E= 2.67  |g|= 5.42  |ddm|= 2.62
  HOMO = -0.190298991525016  LUMO = -0.163346481516357
cycle= 7 E= -2467.96738787892  delta_E= 0.265  |g|= 5.51  |ddm|= 0.278
  HOMO = -0.180561029135087  LUMO = -0.162247833294033
cycle= 8 E= -2467.97259778861  delta_E= -0.00521  |g|= 5.52  |ddm|= 0.67
  HOMO = -0.172477256813225  LUMO = -0.163127158598761
cycle= 9 E= -2467.58248322208  delta_E= 0.39  |g|= 5.64  |ddm|= 0.967
  HOMO = 0.0238375097061524  LUMO = 0.0259747927451901
cycle= 10 E= -2386.22387332843  delta_E= 81.4  |g|=   15  |ddm|= 21.1
  HOMO = -0.0833313472408976  LUMO = -0.0369288582932614
cycle= 11 E= -2458.86424610762  delta_E= -72.6  |g|=  5.9  |ddm|= 18.1
  HOMO = -0.209847563881841  LUMO = -0.171330174397712
cycle= 12 E= -2467.57772237125  delta_E= -8.71  |g|= 5.64  |ddm|= 9.24
  HOMO = -0.202937328933392  LUMO = -0.165662673916257
cycle= 13 E= -2466.33447704736  delta_E= 1.24  |g|= 5.99  |ddm|= 0.872
  HOMO = -0.193392700848321  LUMO = -0.156524516464247
cycle= 14 E= -2466.36081496384  delta_E= -0.0263  |g|= 5.98  |ddm|= 1.26
  HOMO = -0.181130008512086  LUMO = -0.138961096481299
cycle= 15 E= -2468.37626550615  delta_E= -2.02  |g|= 5.36  |ddm|=  1.9
  HOMO = -0.185647715831831  LUMO = -0.156598196550078
cycle= 16 E= -2467.26154045856  delta_E= 1.11  |g|= 5.74  |ddm|= 1.76
  HOMO = -0.210495142316806  LUMO = -0.171030231319939
cycle= 17 E= -2467.03293594735  delta_E= 0.229  |g|=  5.8  |ddm|= 0.858
  HOMO = -0.206188121629282  LUMO = -0.172510530263426
cycle= 18 E= -2466.97738569349  delta_E= 0.0556  |g|= 5.81  |ddm|= 0.492
  HOMO = -0.210010093000676  LUMO = -0.17236425917719
cycle= 19 E= -2466.44033284953  delta_E= 0.537  |g|= 5.96  |ddm|= 0.559
  HOMO = 0.0254894005159806  LUMO = 0.0331899899058182
cycle= 20 E= -2383.33628188175  delta_E= 83.1  |g|= 13.4  |ddm|= 25.4
  HOMO = -0.0655843950516487  LUMO = -0.0487936709872651
cycle= 21 E= -2459.7753783386  delta_E= -76.4  |g|=  5.4  |ddm|= 23.2
  HOMO = -0.158539279761971  LUMO = -0.151009788358856
cycle= 22 E= -2465.46464140488  delta_E= -5.69  |g|= 6.05  |ddm|= 8.22
  HOMO = -0.181749495006659  LUMO = -0.177610973171312
cycle= 23 E= -2468.99514902771  delta_E= -3.53  |g|= 5.12  |ddm|= 3.11
  HOMO = -0.160359245592479  LUMO = -0.138738827698887
cycle= 24 E= -2468.62700142553  delta_E= 0.368  |g|= 5.29  |ddm|= 2.13
  HOMO = -0.174078569591687  LUMO = -0.149768891226488
cycle= 25 E= -2468.66282705717  delta_E= -0.0358  |g|= 5.29  |ddm|= 1.47
  HOMO = -0.180001761100361  LUMO = -0.156085466464352
cycle= 26 E= -2468.56568612861  delta_E= 0.0971  |g|= 5.31  |ddm|= 0.788
  HOMO = -0.175249244037903  LUMO = -0.154381522671869
cycle= 27 E= -2468.74499439701  delta_E= -0.179  |g|= 5.25  |ddm|= 0.621
  HOMO = -0.150251511367433  LUMO = -0.148506839609023
cycle= 28 E= -2470.08844388137  delta_E= -1.34  |g|= 4.99  |ddm|= 1.47
  HOMO = -0.191520828022132  LUMO = -0.156161237528614
cycle= 29 E= -2468.48940353782  delta_E=  1.6  |g|= 5.33  |ddm|= 1.55
  HOMO = 0.0311862179759824  LUMO = 0.0437809219364954
cycle= 30 E= -2357.4088998356  delta_E=  111  |g|= 14.1  |ddm|= 30.5
  HOMO = -0.0860124348155098  LUMO = -0.0433541463322325
cycle= 31 E= -2459.5805942819  delta_E= -102  |g|= 5.81  |ddm|= 29.2
  HOMO = -0.164852780969167  LUMO = -0.152583870204898
cycle= 32 E= -2466.28242558234  delta_E= -6.7  |g|=    6  |ddm|= 9.09
  HOMO = -0.199646615306797  LUMO = -0.153811734854472
cycle= 33 E= -2466.91509661614  delta_E= -0.633  |g|= 5.84  |ddm|= 1.83
  HOMO = -0.199719822561668  LUMO = -0.155568686813839
cycle= 34 E= -2467.11122032664  delta_E= -0.196  |g|= 5.78  |ddm|= 0.53
  HOMO = -0.184549144615113  LUMO = -0.152387453290485
cycle= 35 E= -2467.01854822762  delta_E= 0.0927  |g|= 5.79  |ddm|= 0.972
  HOMO = -0.192747322263494  LUMO = -0.157596433317242
cycle= 36 E= -2467.3837607387  delta_E= -0.365  |g|= 5.69  |ddm|= 1.29
  HOMO = -0.196619009929958  LUMO = -0.152083606996158
cycle= 37 E= -2467.32760160845  delta_E= 0.0562  |g|= 5.72  |ddm|= 0.679
  HOMO = -0.202687267482526  LUMO = -0.152958358438342
cycle= 38 E= -2467.07417539753  delta_E= 0.253  |g|=  5.8  |ddm|= 0.619
  HOMO = -0.203449935506207  LUMO = -0.153686120418782
cycle= 39 E= -2467.03032556965  delta_E= 0.0438  |g|= 5.81  |ddm|= 0.0779
  HOMO = 0.0052900026775957  LUMO = 0.00691881110925828
cycle= 40 E= -2371.61759286204  delta_E= 95.4  |g|= 13.3  |ddm|= 26.7
  HOMO = -0.0850082203191094  LUMO = -0.0729844378871291
cycle= 41 E= -2460.79589061464  delta_E= -89.2  |g|= 5.28  |ddm|= 24.9
  HOMO = -0.184080122106317  LUMO = -0.140434730077234
cycle= 42 E= -2463.96473790261  delta_E= -3.17  |g|= 6.25  |ddm|= 8.14
  HOMO = -0.182197517485802  LUMO = -0.160756626769149
cycle= 43 E= -2466.98941433728  delta_E= -3.02  |g|= 5.79  |ddm|= 3.24
  HOMO = -0.171845847321238  LUMO = -0.162572118825231
cycle= 44 E= -2466.79575067008  delta_E= 0.194  |g|= 5.88  |ddm|= 1.54
  HOMO = -0.171035754579918  LUMO = -0.168214818806171
cycle= 45 E= -2467.09019178812  delta_E= -0.294  |g|=  5.8  |ddm|= 1.02
  HOMO = -0.173628537033219  LUMO = -0.157876726319918
cycle= 46 E= -2466.94727878258  delta_E= 0.143  |g|= 5.86  |ddm|= 1.24
  HOMO = -0.167222622870315  LUMO = -0.165227877633945
cycle= 47 E= -2466.96059549924  delta_E= -0.0133  |g|= 5.83  |ddm|= 1.25
  HOMO = -0.167066633904639  LUMO = -0.16507131604834
cycle= 48 E= -2467.16589608011  delta_E= -0.205  |g|= 5.77  |ddm|= 0.677
  HOMO = -0.176726051633941  LUMO = -0.165435514071727
cycle= 49 E= -2466.87132632038  delta_E= 0.295  |g|= 5.86  |ddm|= 0.712
  HOMO = 0.0374636052637233  LUMO = 0.0417611642991886
cycle= 50 E= -2322.45710140139  delta_E=  144  |g|= 13.8  |ddm|= 33.2
  HOMO = -0.114310761320536  LUMO = -0.0844675659298469
cycle= 51 E= -2458.37892921457  delta_E= -136  |g|= 6.89  |ddm|= 32.6
  HOMO = -0.180260310527663  LUMO = -0.14090684872456
cycle= 52 E= -2466.62633707357  delta_E= -8.25  |g|= 5.93  |ddm|= 10.6
  HOMO = -0.198371041249798  LUMO = -0.150910754636279
cycle= 53 E= -2467.05728654504  delta_E= -0.431  |g|=  5.8  |ddm|=  1.2
  HOMO = -0.183357394119445  LUMO = -0.154573147121376
cycle= 54 E= -2466.80544725369  delta_E= 0.252  |g|= 5.86  |ddm|= 0.947
  HOMO = -0.191837370492012  LUMO = -0.151996783120894
cycle= 55 E= -2466.68582798087  delta_E= 0.12  |g|= 5.92  |ddm|= 0.709
  HOMO = -0.192693022844852  LUMO = -0.152081047702449
cycle= 56 E= -2466.7326696092  delta_E= -0.0468  |g|=  5.9  |ddm|= 0.383
  HOMO = -0.190782801039498  LUMO = -0.151861898403909
cycle= 57 E= -2466.84386984636  delta_E= -0.111  |g|= 5.87  |ddm|= 0.637
  HOMO = -0.197496902214411  LUMO = -0.158824052060046
cycle= 58 E= -2466.70268795653  delta_E= 0.141  |g|= 5.91  |ddm|= 0.834
  HOMO = -0.157766080142021  LUMO = -0.136446122098834
cycle= 59 E= -2468.0750756363  delta_E= -1.37  |g|= 5.52  |ddm|= 1.76
  HOMO = -0.0111753008285666  LUMO = 0.000806828221144031
cycle= 60 E= -2385.57298026945  delta_E= 82.5  |g|= 11.9  |ddm|= 20.1
  HOMO = -0.0755620305989978  LUMO = -0.0570722203535074
cycle= 61 E= -2461.61415984469  delta_E=  -76  |g|= 4.99  |ddm|= 18.3
  HOMO = -0.146835597758908  LUMO = -0.137263728201763
cycle= 62 E= -2461.44387606479  delta_E= 0.17  |g|=  6.9  |ddm|= 8.75
  HOMO = -0.184743295946548  LUMO = -0.17765494505652
cycle= 63 E= -2466.5541115391  delta_E= -5.11  |g|= 5.95  |ddm|= 3.86
  HOMO = -0.18083598839907  LUMO = -0.172252187697265
cycle= 64 E= -2466.35775020111  delta_E= 0.196  |g|= 5.95  |ddm|= 2.04
  HOMO = -0.174648999252788  LUMO = -0.169248565352125
cycle= 65 E= -2466.54466302508  delta_E= -0.187  |g|= 5.95  |ddm|= 2.03
  HOMO = -0.173698392625401  LUMO = -0.170786942503618
cycle= 66 E= -2466.67362373959  delta_E= -0.129  |g|= 5.92  |ddm|= 0.481
  HOMO = -0.169977376948555  LUMO = -0.16586814815196
cycle= 67 E= -2466.39474657214  delta_E= 0.279  |g|= 5.95  |ddm|= 1.83
  HOMO = -0.180351785694057  LUMO = -0.160274891455117
cycle= 68 E= -2466.39910742985  delta_E= -0.00436  |g|= 6.01  |ddm|= 1.96
  HOMO = -0.178028230214222  LUMO = -0.161860742223499
cycle= 69 E= -2466.6058656391  delta_E= -0.207  |g|= 5.95  |ddm|= 0.301
  HOMO = 0.0118904087588217  LUMO = 0.0229691667740159
cycle= 70 E= -2336.32629230319  delta_E=  130  |g|= 14.1  |ddm|= 27.8
  HOMO = -0.12450177106573  LUMO = -0.0776402671172017
cycle= 71 E= -2457.94400027269  delta_E= -122  |g|= 7.14  |ddm|= 26.4
  HOMO = -0.161786922877121  LUMO = -0.160536201469263
cycle= 72 E= -2467.01010411772  delta_E= -9.07  |g|= 5.69  |ddm|= 10.5
  HOMO = -0.173670276156182  LUMO = -0.167363855320185
cycle= 73 E= -2468.63721338641  delta_E= -1.63  |g|= 5.32  |ddm|= 2.43
  HOMO = -0.176286932754057  LUMO = -0.168574215075686
cycle= 74 E= -2468.2872194736  delta_E= 0.35  |g|= 5.44  |ddm|= 1.34
  HOMO = -0.177767223672051  LUMO = -0.16993929002098
cycle= 75 E= -2468.3568273002  delta_E= -0.0696  |g|= 5.42  |ddm|= 0.423
  HOMO = -0.172624889269218  LUMO = -0.144454067547517
cycle= 76 E= -2466.07820737783  delta_E= 2.28  |g|= 5.72  |ddm|= 2.78
  HOMO = -0.166659885755465  LUMO = -0.15756303101715
cycle= 77 E= -2468.35903681484  delta_E= -2.28  |g|= 5.39  |ddm|=  2.9
  HOMO = -0.185618681816855  LUMO = -0.163777603899556
cycle= 78 E= -2468.63331158021  delta_E= -0.274  |g|= 5.31  |ddm|= 1.01
  HOMO = -0.154607562569638  LUMO = -0.135417864821988
cycle= 79 E= -2471.4687668985  delta_E= -2.84  |g|= 4.66  |ddm|= 2.77
  HOMO = 0.0169503980045317  LUMO = 0.0291454291872433
cycle= 80 E= -2376.48138471087  delta_E=   95  |g|=   14  |ddm|= 26.3
  HOMO = -0.0941337915278758  LUMO = -0.0762996953432611
cycle= 81 E= -2460.04107982924  delta_E= -83.6  |g|= 5.66  |ddm|= 24.7
  HOMO = -0.159918130656144  LUMO = -0.144484683999722
cycle= 82 E= -2464.97267694203  delta_E= -4.93  |g|= 6.13  |ddm|= 8.85
  HOMO = -0.173062538030107  LUMO = -0.160995957889119
cycle= 83 E= -2467.36424045087  delta_E= -2.39  |g|= 5.72  |ddm|= 2.53
  HOMO = -0.169687154945108  LUMO = -0.16837391682742
cycle= 84 E= -2467.31483447389  delta_E= 0.0494  |g|= 5.72  |ddm|=  1.3
  HOMO = -0.173916774351388  LUMO = -0.171522976164241
cycle= 85 E= -2466.81393480176  delta_E= 0.501  |g|= 5.82  |ddm|= 1.86
  HOMO = -0.176764243767022  LUMO = -0.165307153322452
cycle= 86 E= -2467.10297912062  delta_E= -0.289  |g|=  5.8  |ddm|= 1.89
  HOMO = -0.167405552047576  LUMO = -0.16401412006863
cycle= 87 E= -2467.08573858069  delta_E= 0.0172  |g|= 5.73  |ddm|= 1.88
  HOMO = -0.166974309121604  LUMO = -0.160823528087993
cycle= 88 E= -2466.85221287581  delta_E= 0.234  |g|= 5.89  |ddm|= 2.42
  HOMO = -0.167521208570503  LUMO = -0.16561768224116
cycle= 89 E= -2467.1976110864  delta_E= -0.345  |g|= 5.79  |ddm|= 1.24
  HOMO = 0.0406547028627377  LUMO = 0.0438959698111277
cycle= 90 E= -2326.88581900423  delta_E=  140  |g|= 14.8  |ddm|= 35.2
  HOMO = -0.100532523185087  LUMO = -0.0966029449516737
cycle= 91 E= -2457.04645714707  delta_E= -130  |g|= 7.49  |ddm|= 34.4
  HOMO = -0.157862623667416  LUMO = -0.149012609770085
cycle= 92 E= -2468.18597863309  delta_E= -11.1  |g|= 5.37  |ddm|= 11.2
  HOMO = -0.157743289438885  LUMO = -0.155814598284957
cycle= 93 E= -2469.06897058847  delta_E= -0.883  |g|= 5.17  |ddm|= 1.94
  HOMO = -0.160685104604837  LUMO = -0.155326237426288
cycle= 94 E= -2469.05730088545  delta_E= 0.0117  |g|= 5.17  |ddm|= 0.934
  HOMO = -0.152152101963697  LUMO = -0.14939265890156
cycle= 95 E= -2469.24517361996  delta_E= -0.188  |g|=  5.1  |ddm|= 0.542
  HOMO = -0.16324521472055  LUMO = -0.161075151894262
cycle= 96 E= -2469.30900690701  delta_E= -0.0638  |g|= 5.11  |ddm|=  0.8
  HOMO = -0.165881644051496  LUMO = -0.156712798874279
cycle= 97 E= -2472.1758522641  delta_E= -2.87  |g|= 4.23  |ddm|= 2.75
  HOMO = -0.182106498356233  LUMO = -0.160316567653565
cycle= 98 E= -2468.76866753331  delta_E= 3.41  |g|= 5.25  |ddm|= 2.95
  HOMO = -0.154189785902088  LUMO = -0.150261697157155
cycle= 99 E= -2471.97365372247  delta_E= -3.2  |g|= 4.38  |ddm|= 2.66
  HOMO = 0.0363077732976795  LUMO = 0.0390101626168642
cycle= 100 E= -2365.30606925728  delta_E=  107  |g|= 13.8  |ddm|= 28.4
  HOMO = -0.0917487566607597  LUMO = -0.0651637580805762
cycle= 101 E= -2460.56274920949  delta_E= -95.3  |g|=  5.4  |ddm|= 27.3
  HOMO = -0.165181700809702  LUMO = -0.14563172031564
cycle= 102 E= -2465.73922143395  delta_E= -5.18  |g|= 6.16  |ddm|= 8.66
  HOMO = -0.168653598167821  LUMO = -0.145765675547277
cycle= 103 E= -2466.38823728668  delta_E= -0.649  |g|= 5.98  |ddm|= 1.14
  HOMO = -0.168838415487639  LUMO = -0.147982042548494
cycle= 104 E= -2466.28440885941  delta_E= 0.104  |g|= 6.01  |ddm|= 0.757
  HOMO = -0.166946393733285  LUMO = -0.148211923133324
cycle= 105 E= -2466.20706503609  delta_E= 0.0773  |g|= 6.03  |ddm|= 0.274
  HOMO = -0.198770857556202  LUMO = -0.150403494103389
cycle= 106 E= -2466.45860923961  delta_E= -0.252  |g|= 5.97  |ddm|= 1.14
  HOMO = -0.18029810989043  LUMO = -0.149260774376193
cycle= 107 E= -2466.618501506  delta_E= -0.16  |g|= 5.92  |ddm|= 0.736
  HOMO = -0.174961989758298  LUMO = -0.144175235465865
cycle= 108 E= -2466.17250516644  delta_E= 0.446  |g|= 6.07  |ddm|= 1.21
  HOMO = -0.168570902510976  LUMO = -0.141072134454509
cycle= 109 E= -2466.46192154734  delta_E= -0.289  |g|= 5.99  |ddm|= 0.317
  HOMO = 0.0113205514175165  LUMO = 0.0262348422681655
cycle= 110 E= -2378.77277719133  delta_E= 87.7  |g|= 13.3  |ddm|= 26.5
  HOMO = -0.0970109591792062  LUMO = -0.0477657070617376
cycle= 111 E= -2460.04870291182  delta_E= -81.3  |g|= 5.63  |ddm|=   24
  HOMO = -0.175962684157279  LUMO = -0.15448453644596
cycle= 112 E= -2466.41571777626  delta_E= -6.37  |g|= 5.96  |ddm|= 8.62
  HOMO = -0.184822045223623  LUMO = -0.14814252502798
cycle= 113 E= -2467.33700801439  delta_E= -0.921  |g|= 5.72  |ddm|= 1.51
  HOMO = -0.175696654633455  LUMO = -0.145575816939606
cycle= 114 E= -2467.43409422129  delta_E= -0.0971  |g|= 5.69  |ddm|= 0.81
  HOMO = -0.178481340126658  LUMO = -0.147230115661155
cycle= 115 E= -2467.38424734814  delta_E= 0.0498  |g|=  5.7  |ddm|= 0.85
  HOMO = -0.190768089853821  LUMO = -0.161657065896093
cycle= 116 E= -2468.03111525177  delta_E= -0.647  |g|= 5.43  |ddm|= 1.56
  HOMO = -0.17459465023984  LUMO = -0.13326349022255
cycle= 117 E= -2467.39892319525  delta_E= 0.632  |g|= 5.72  |ddm|= 2.07
  HOMO = -0.159548307077419  LUMO = -0.140986694100246
cycle= 118 E= -2467.26320130095  delta_E= 0.136  |g|= 5.71  |ddm|= 1.69
  HOMO = -0.192797973162997  LUMO = -0.152005861949579
cycle= 119 E= -2467.10963614357  delta_E= 0.154  |g|= 5.79  |ddm|= 1.46
  HOMO = 0.0326607223429534  LUMO = 0.0425670187930152
cycle= 120 E= -2339.66808712023  delta_E=  127  |g|= 15.9  |ddm|= 32.5
  HOMO = -0.0953535178782524  LUMO = -0.0599402309503051
cycle= 121 E= -2455.13518408947  delta_E= -115  |g|=  7.8  |ddm|= 32.3
  HOMO = -0.158490478476871  LUMO = -0.124906085444098
cycle= 122 E= -2474.87584597132  delta_E= -19.7  |g|= 2.08  |ddm|= 12.1
  HOMO = -0.164404759413255  LUMO = -0.154722801982655
cycle= 123 E= -2472.91828396606  delta_E= 1.96  |g|= 3.82  |ddm|= 2.69
  HOMO = -0.16081592560593  LUMO = -0.152648914509048
cycle= 124 E= -2472.33863583167  delta_E= 0.58  |g|= 4.08  |ddm|= 0.989
  HOMO = -0.0749585515315184  LUMO = -0.0699791880298326
cycle= 125 E= -2465.84540609764  delta_E= 6.49  |g|= 5.53  |ddm|= 5.19
  HOMO = -0.202960371708678  LUMO = -0.197255838667173
cycle= 126 E= -2467.96733537972  delta_E= -2.12  |g|=  5.5  |ddm|= 5.86
  HOMO = -0.196023369515544  LUMO = -0.179215172493479
cycle= 127 E= -2468.23589199188  delta_E= -0.269  |g|= 5.44  |ddm|= 0.993
  HOMO = -0.195074217728935  LUMO = -0.180605233100307
cycle= 128 E= -2468.17005961441  delta_E= 0.0658  |g|= 5.46  |ddm|= 0.733
  HOMO = -0.21324347432093  LUMO = -0.177933021430416
cycle= 129 E= -2468.20844328913  delta_E= -0.0384  |g|= 5.45  |ddm|= 1.14
  HOMO = -0.180620960821339  LUMO = -0.177885865261979
cycle= 130 E= -2471.42633428967  delta_E= -3.22  |g|= 4.67  |ddm|=  2.6
  HOMO = -0.110177525146012  LUMO = -0.104517210950646
cycle= 131 E= -2470.07307738062  delta_E= 1.35  |g|=  4.1  |ddm|=  5.3
  HOMO = -0.15288168890032  LUMO = -0.135136933797191
cycle= 132 E= -2472.31062420646  delta_E= -2.24  |g|=  4.1  |ddm|= 5.63
  HOMO = -0.15579712531889  LUMO = -0.137873484271638
cycle= 133 E= -2473.43695077682  delta_E= -1.13  |g|= 3.36  |ddm|= 3.13
  HOMO = -0.0382231300692406  LUMO = -0.0339473721357142
cycle= 134 E= -2456.25725068585  delta_E= 17.2  |g|= 6.75  |ddm|= 9.03
  HOMO = -0.167759432968276  LUMO = -0.131401443523702
cycle= 135 E= -2475.24068572369  delta_E=  -19  |g|= 1.38  |ddm|= 8.92
  HOMO = -0.151979786523285  LUMO = -0.132303640219739
cycle= 136 E= -2470.86227628961  delta_E= 4.38  |g|= 4.94  |ddm|= 3.93
  HOMO = -0.159554855114654  LUMO = -0.142376580102779
cycle= 137 E= -2472.38315306508  delta_E= -1.52  |g|= 4.19  |ddm|= 1.18
  HOMO = -0.16496183613949  LUMO = -0.145313064106693
cycle= 138 E= -2472.98100326957  delta_E= -0.598  |g|= 3.91  |ddm|= 0.749
  HOMO = -0.155696558984042  LUMO = -0.12778738267464
cycle= 139 E= -2472.77935805431  delta_E= 0.202  |g|= 4.02  |ddm|= 0.847
  HOMO = -0.148370600917548  LUMO = -0.133226658880454
cycle= 140 E= -2472.41241387804  delta_E= 0.367  |g|= 4.21  |ddm|= 1.83
  HOMO = -0.157875535604943  LUMO = -0.139387493532191
cycle= 141 E= -2472.3372223478  delta_E= 0.0752  |g|= 4.27  |ddm|= 1.02
  HOMO = -0.153352515409242  LUMO = -0.138615918371308
cycle= 142 E= -2472.04940473899  delta_E= 0.288  |g|= 4.41  |ddm|= 0.784
  HOMO = -0.0418689719889323  LUMO = -0.0272529966967145
cycle= 143 E= -2460.51648230742  delta_E= 11.5  |g|= 5.92  |ddm|= 6.16
  HOMO = -0.198433134958979  LUMO = -0.178042468482546
cycle= 144 E= -2462.10965485035  delta_E= -1.59  |g|= 6.84  |ddm|=  8.6
  HOMO = -0.133991611504387  LUMO = -0.109841666794209
cycle= 145 E= -2474.60667023331  delta_E= -12.5  |g|= 2.28  |ddm|=  5.5
  HOMO = -0.159026492738773  LUMO = -0.147349125058188
cycle= 146 E= -2470.0054842435  delta_E=  4.6  |g|= 5.04  |ddm|= 4.94
  HOMO = -0.171814300498747  LUMO = -0.160666614350485
cycle= 147 E= -2472.20894442446  delta_E= -2.2  |g|= 4.26  |ddm|= 2.08
  HOMO = -0.165196530487263  LUMO = -0.154985876806581
cycle= 148 E= -2471.63166381964  delta_E= 0.577  |g|=  4.6  |ddm|= 1.11
  HOMO = -0.166085954459836  LUMO = -0.153335714459406
cycle= 149 E= -2471.74825376849  delta_E= -0.117  |g|= 4.54  |ddm|= 0.997
  HOMO = -0.161461431664021  LUMO = -0.153263058111654
cycle= 150 E= -2471.70986936279  delta_E= 0.0384  |g|= 4.55  |ddm|=  1.3
  HOMO = -0.168080824047325  LUMO = -0.158627362662868
cycle= 151 E= -2471.32330468213  delta_E= 0.387  |g|= 4.75  |ddm|= 1.24
  HOMO = -0.0685488296826338  LUMO = -0.061925276861863
cycle= 152 E= -2472.96473790713  delta_E= -1.64  |g|=  3.6  |ddm|= 4.33
  HOMO = -0.117075505000933  LUMO = -0.0835516328794465
cycle= 153 E= -2475.53664387066  delta_E= -2.57  |g|= 0.785  |ddm|= 2.91
  HOMO = -0.141342938871337  LUMO = -0.123461436719048
cycle= 154 E= -2473.38148220053  delta_E= 2.16  |g|= 2.63  |ddm|= 3.89
  HOMO = -0.137369018060548  LUMO = -0.0972959481349567
cycle= 155 E= -2475.68216230586  delta_E= -2.3  |g|= 0.407  |ddm|= 3.13
  HOMO = -0.129992471762459  LUMO = -0.0924223468465053
cycle= 156 E= -2475.68872048855  delta_E= -0.00656  |g|= 0.316  |ddm|= 0.839
  HOMO = -0.133262084850664  LUMO = -0.0955263349212107
cycle= 157 E= -2475.72050070263  delta_E= -0.0318  |g|= 0.113  |ddm|= 0.505
  HOMO = -0.133458486210764  LUMO = -0.0952334477116484
cycle= 158 E= -2475.72453455914  delta_E= -0.00403  |g|= 0.0495  |ddm|= 0.182
  HOMO = -0.132612680840611  LUMO = -0.0945325497847966
cycle= 159 E= -2475.72501215647  delta_E= -0.000478  |g|= 0.0183  |ddm|= 0.0547
  HOMO = -0.131663453991225  LUMO = -0.0937440405170688
cycle= 160 E= -2475.72500381999  delta_E= 8.34e-06  |g|= 0.0232  |ddm|= 0.0337
  HOMO = -0.132163275063436  LUMO = -0.0940098795071099
cycle= 161 E= -2475.72509120623  delta_E= -8.74e-05  |g|= 0.00575  |ddm|= 0.0199
  HOMO = -0.132295876735433  LUMO = -0.0941668234442306
cycle= 162 E= -2475.72509840618  delta_E= -7.2e-06  |g|= 0.00284  |ddm|= 0.00893
  HOMO = -0.132203685167255  LUMO = -0.0940982463821012
cycle= 163 E= -2475.7251001909  delta_E= -1.78e-06  |g|= 0.00155  |ddm|= 0.00412
  HOMO = -0.132249155869672  LUMO = -0.0941394847455714
cycle= 164 E= -2475.72510067921  delta_E= -4.88e-07  |g|= 0.000362  |ddm|= 0.00169
  HOMO = -0.132242418023038  LUMO = -0.0941360091554727
cycle= 165 E= -2475.72510068526  delta_E= -6.05e-09  |g|= 0.000312  |ddm|= 0.000656
  HOMO = -0.132242521029886  LUMO = -0.0941361806980778
cycle= 166 E= -2475.72510069871  delta_E= -1.34e-08  |g|= 0.000192  |ddm|= 0.000427
  HOMO = -0.132242725056461  LUMO = -0.0941354267990699
cycle= 167 E= -2475.72510070002  delta_E= -1.31e-09  |g|= 0.000182  |ddm|= 0.000393
  HOMO = -0.132237447902459  LUMO = -0.0941308631963384
cycle= 168 E= -2475.72510070631  delta_E= -6.29e-09  |g|= 0.000129  |ddm|= 0.000277
  HOMO = -0.132240486751205  LUMO = -0.0941338408348613
cycle= 169 E= -2475.72510070992  delta_E= -3.62e-09  |g|= 4.47e-05  |ddm|= 0.00014
  HOMO = -0.132241664345989  LUMO = -0.0941344890113131
cycle= 170 E= -2475.7251007101  delta_E= -1.81e-10  |g|= 2.94e-05  |ddm|= 5.37e-05
  HOMO = -0.132242086425806  LUMO = -0.094135070681472
cycle= 171 E= -2475.72510071005  delta_E= 4.91e-11  |g|= 3.07e-05  |ddm|= 4.67e-05
  HOMO = -0.1322409109572  LUMO = -0.0941339646102482
cycle= 172 E= -2475.72510071023  delta_E= -1.71e-10  |g|= 2e-05  |ddm|= 4.62e-05
  HOMO = -0.132241979217673  LUMO = -0.0941348501706948
cycle= 173 E= -2475.72510071022  delta_E= 6.37e-12  |g|= 2.01e-05  |ddm|= 3.13e-05
  HOMO = -0.132241299186125  LUMO = -0.0941342773420912
cycle= 174 E= -2475.7251007103  delta_E= -7.64e-11  |g|= 3.68e-06  |ddm|= 2.16e-05
  HOMO = -0.132241362140659  LUMO = -0.094134349596118
cycle= 175 E= -2475.7251007103  delta_E= -9.09e-13  |g|= 3.1e-06  |ddm|= 6e-06
  HOMO = -0.13224136322662  LUMO = -0.0941343415130257
cycle= 176 E= -2475.7251007103  delta_E= -5.46e-12  |g|= 2.24e-06  |ddm|= 5.05e-06
  HOMO = -0.132241316302344  LUMO = -0.0941343057878867
cycle= 177 E= -2475.72510071031  delta_E= -4.55e-12  |g|= 1.78e-06  |ddm|= 3.71e-06
  HOMO = -0.132241390584354  LUMO = -0.0941343804635669
cycle= 178 E= -2475.72510071033  delta_E= -2.09e-11  |g|= 1.64e-06  |ddm|= 3.12e-06
  HOMO = -0.132241392040722  LUMO = -0.0941343681378309
cycle= 179 E= -2475.7251007103  delta_E= 2.36e-11  |g|= 1.48e-06  |ddm|= 2.13e-06
  HOMO = -0.13224136879153  LUMO = -0.094134354760755
cycle= 180 E= -2475.7251007103  delta_E=    0  |g|= 4.14e-07  |ddm|= 1.4e-06
  HOMO = -0.132241299957629  LUMO = -0.0941342874416231
Extra cycle  E= -2475.72510071032  delta_E= -1.18e-11  |g|= 2.2e-06  |ddm|= 2.58e-06
converged SCF energy = -2475.72510071032
AOs:  [0, 1, 2, 3, 4, 5, 6, 7, 8, 9, 10, 11, 12, 13, 14, 15, 16, 17, 18, 19, 20, 21, 22, 23, 24, 25, 26, 27, 28, 29, 30]
31
Number of Active MOs:  12
Number of Environment MOs:  99
Number of Virtual MOs:  406
 # electrons:            α            β
         Env:  99.00000000  99.00000000
         Act:  12.00000000  12.00000000
         Vir:  -0.00000000  -0.00000000
Number of electrons in the active space:  24

 The density matrix is idempotent!

 The density matrix is idempotent!


******** <class 'pyscf.scf.hf.RHF'> ********
method = RHF
initial guess = minao
damping factor = 0
level_shift factor = 0
DIIS = <class 'pyscf.scf.diis.CDIIS'>
diis_start_cycle = 1
diis_space = 8
SCF conv_tol = 1e-09
SCF conv_tol_grad = 1e-06
SCF max_cycles = 200
direct_scf = True
direct_scf_tol = 1e-13
chkfile to save SCF result = subsys_scf.chk
max_memory 900000 MB (current use 73001 MB)
init E= 2244.18539005764
  HOMO = -0.370658390490916  LUMO = 0.0277001088313999
cycle= 1 E= 2244.15519134756  delta_E= -0.0302  |g|= 0.265  |ddm|= 0.832
  HOMO = -0.20623429075839  LUMO = 0.0354321577061016
cycle= 2 E= 2244.15306360312  delta_E= -0.00213  |g|= 0.228  |ddm|= 0.708
  HOMO = -0.274983410194829  LUMO = 0.0333113416977057
cycle= 3 E= 2244.14291001234  delta_E= -0.0102  |g|= 0.0242  |ddm|= 0.338
  HOMO = -0.266120106720421  LUMO = 0.0336885383795001
cycle= 4 E= 2244.14261327626  delta_E= -0.000297  |g|= 0.00504  |ddm|= 0.0994
  HOMO = -0.265366883871508  LUMO = 0.0336757081145862
cycle= 5 E= 2244.14258021633  delta_E= -3.31e-05  |g|= 0.000894  |ddm|= 0.0556
  HOMO = -0.265875872668167  LUMO = 0.0336839890768806
cycle= 6 E= 2244.14257948057  delta_E= -7.36e-07  |g|= 0.000293  |ddm|= 0.00562
  HOMO = -0.265868493996872  LUMO = 0.0336882087032126
cycle= 7 E= 2244.14257937018  delta_E= -1.1e-07  |g|= 0.000208  |ddm|= 0.00081
  HOMO = -0.265980198308743  LUMO = 0.0336950087015094
cycle= 8 E= 2244.14257922898  delta_E= -1.41e-07  |g|= 7.98e-05  |ddm|= 0.0018
  HOMO = -0.266023522417647  LUMO = 0.0336958379137311
cycle= 9 E= 2244.1425792128  delta_E= -1.62e-08  |g|= 2.38e-05  |ddm|= 0.000718
  HOMO = -0.266023003648724  LUMO = 0.0336954041796452
cycle= 10 E= 2244.14257921186  delta_E= -9.43e-10  |g|= 1.22e-05  |ddm|= 0.000118
  HOMO = -0.266018748174954  LUMO = 0.0336949564679296
cycle= 11 E= 2244.14257921139  delta_E= -4.68e-10  |g|= 4.03e-06  |ddm|= 8.05e-05
  HOMO = -0.266016569091009  LUMO = 0.033694937422445
cycle= 12 E= 2244.14257921163  delta_E= 2.34e-10  |g|= 1.13e-06  |ddm|= 2.25e-05
  HOMO = -0.266016595084907  LUMO = 0.0336949396046288
cycle= 13 E= 2244.14257921142  delta_E= -2.11e-10  |g|= 6.98e-07  |ddm|= 5.97e-06
  HOMO = -0.266016630797112  LUMO = 0.0336949420158276
Extra cycle  E= 2244.14257921157  delta_E= 1.52e-10  |g|= 5.9e-07  |ddm|= 1.9e-06
converged SCF energy = 2244.14257921157
Difference in energy:  -632.1788081811185
E(MP2) = 2243.86234039166  E_corr = -0.280238819903972
Total energy =  -2474.9978993170257
time elapsed:  385.0051748752594
