

******** <class 'pyscf.dft.rks.RKS'> ********
method = RKS-RHF
initial guess = minao
damping factor = 0
level_shift factor = 0
DIIS = <class 'pyscf.scf.diis.CDIIS'>
diis_start_cycle = 1
diis_space = 8
SCF conv_tol = 1e-09
SCF conv_tol_grad = 1e-06
SCF max_cycles = 1000
direct_scf = True
direct_scf_tol = 1e-13
chkfile to save SCF result = scf.fchk
max_memory 900000 MB (current use 79 MB)
XC library pyscf.dft.libxc version 5.1.7
    S. Lehtola, C. Steigemann, M. J. Oliveira, and M. A. Marques, SoftwareX 7, 1 (2018)
XC functionals = pbe
    J. P. Perdew, K. Burke, and M. Ernzerhof, Phys. Rev. Lett. 77, 3865 (1996)
    J. P. Perdew, K. Burke, and M. Ernzerhof, Phys. Rev. Lett. 78, 1396 (1997)
    J. P. Perdew, K. Burke, and M. Ernzerhof, Phys. Rev. Lett. 77, 3865 (1996)
    J. P. Perdew, K. Burke, and M. Ernzerhof, Phys. Rev. Lett. 78, 1396 (1997)
small_rho_cutoff = 1e-07
init E= -113.252967587077
  HOMO = -0.336707452967393  LUMO = -0.0775205831353597
cycle= 1 E= -113.037904491114  delta_E= 0.215  |g|= 0.577  |ddm|= 1.73
  HOMO = -0.306368423286395  LUMO = -0.0221646316866295
cycle= 2 E= -112.409229572371  delta_E= 0.629  |g|= 1.86  |ddm|= 1.21
  HOMO = -0.303886386744141  LUMO = -0.0502335248913831
cycle= 3 E= -113.097993919764  delta_E= -0.689  |g|= 0.0595  |ddm|= 0.973
  HOMO = -0.327783544399658  LUMO = -0.0685717785800125
cycle= 4 E= -113.098821872457  delta_E= -0.000828  |g|= 0.022  |ddm|= 0.118
  HOMO = -0.322479683862477  LUMO = -0.0639876634445165
cycle= 5 E= -113.098951912171  delta_E= -0.00013  |g|= 0.00321  |ddm|= 0.024
  HOMO = -0.321621814279258  LUMO = -0.0634431924126933
cycle= 6 E= -113.098954750407  delta_E= -2.84e-06  |g|= 0.000222  |ddm|= 0.0042
  HOMO = -0.321628823014105  LUMO = -0.0634512201228163
cycle= 7 E= -113.098954761112  delta_E= -1.07e-08  |g|= 2.82e-05  |ddm|= 0.000158
  HOMO = -0.321623200225464  LUMO = -0.0634446718707513
cycle= 8 E= -113.098954761295  delta_E= -1.84e-10  |g|= 2.62e-06  |ddm|= 3.18e-05
  HOMO = -0.321623178961734  LUMO = -0.0634447468602252
cycle= 9 E= -113.098954761296  delta_E= -1.17e-12  |g|= 2.86e-07  |ddm|= 1.23e-06
  HOMO = -0.321623188147551  LUMO = -0.0634447867746222
Extra cycle  E= -113.098954761296  delta_E= 2.84e-14  |g|= 8.58e-07  |ddm|= 5.79e-07
converged SCF energy = -113.098954761296
AOs:  [0, 1, 2, 3, 4, 5, 6, 7, 8, 9, 10, 11, 12, 13, 14, 15, 16, 17, 18, 19, 20, 21, 22, 23, 24, 25, 26, 27]
28

 AO indices used for projection:  [0, 1, 3, 4, 5, 14, 15, 17, 18, 19]
 # of orbitals to keep:  6
28
10
Number of Active MOs:  6
Number of Environment MOs:  1
Number of Virtual MOs:  21
 # electrons:            α            β
         Env:   1.00000000   1.00000000
         Act:   6.00000000   6.00000000
         Vir:  -0.00000000  -0.00000000
Number of electrons in the active space:  12

 The density matrix is idempotent!

 The density matrix is idempotent!


******** <class 'pyscf.scf.hf.RHF'> ********
method = RHF
initial guess = minao
damping factor = 0
level_shift factor = 0
DIIS = <class 'pyscf.scf.diis.CDIIS'>
diis_start_cycle = 1
diis_space = 8
SCF conv_tol = 1e-09
SCF conv_tol_grad = 1e-06
SCF max_cycles = 200
direct_scf = True
direct_scf_tol = 1e-13
chkfile to save SCF result = subsys_scf.chk
max_memory 900000 MB (current use 663 MB)
init E= -96.8223983349637
  HOMO = -0.634850079826649  LUMO = 0.161558321924346
cycle= 1 E= -96.8388412545996  delta_E= -0.0164  |g|= 0.0581  |ddm|= 0.245
  HOMO = -0.641711350952842  LUMO = 0.14633947606591
cycle= 2 E= -96.8393695204243  delta_E= -0.000528  |g|= 0.0137  |ddm|= 0.0653
  HOMO = -0.642723523717543  LUMO = 0.147257071291941
cycle= 3 E= -96.8394252611554  delta_E= -5.57e-05  |g|= 0.00903  |ddm|= 0.0148
  HOMO = -0.640445889487284  LUMO = 0.147519904961145
cycle= 4 E= -96.8394376528463  delta_E= -1.24e-05  |g|= 0.00111  |ddm|= 0.0105
  HOMO = -0.640736635844377  LUMO = 0.147378364513531
cycle= 5 E= -96.839437943826  delta_E= -2.91e-07  |g|= 0.000164  |ddm|= 0.0011
  HOMO = -0.640723562970822  LUMO = 0.147383615647397
cycle= 6 E= -96.8394379577575  delta_E= -1.39e-08  |g|= 1.99e-05  |ddm|= 0.000408
  HOMO = -0.64072559906919  LUMO = 0.147381387930076
cycle= 7 E= -96.8394379576807  delta_E= 7.68e-11  |g|= 1.93e-06  |ddm|= 5.63e-05
  HOMO = -0.640725614096298  LUMO = 0.147381551979463
cycle= 8 E= -96.8394379576674  delta_E= 1.33e-11  |g|= 1.63e-07  |ddm|= 7.4e-06
  HOMO = -0.64072557179888  LUMO = 0.147381569430673
Extra cycle  E= -96.8394379577737  delta_E= -1.06e-10  |g|= 7.91e-08  |ddm|= 2.9e-07
converged SCF energy = -96.8394379577737
Difference in energy:  -268.9341388966227
E(MP2) = -97.0355836881984  E_corr = -0.196145730424725
Total energy =  -112.86652702054671
time elapsed:  2.38366436958313
