

******** <class 'pyscf.dft.rks.RKS'> ********
method = RKS-RHF
initial guess = minao
damping factor = 0
level_shift factor = 0
DIIS = <class 'pyscf.scf.diis.CDIIS'>
diis_start_cycle = 1
diis_space = 8
SCF conv_tol = 1e-09
SCF conv_tol_grad = 1e-06
SCF max_cycles = 1000
direct_scf = True
direct_scf_tol = 1e-13
chkfile to save SCF result = scf.fchk
max_memory 900000 MB (current use 79 MB)
XC library pyscf.dft.libxc version 5.1.7
    S. Lehtola, C. Steigemann, M. J. Oliveira, and M. A. Marques, SoftwareX 7, 1 (2018)
XC functionals = pbe
    J. P. Perdew, K. Burke, and M. Ernzerhof, Phys. Rev. Lett. 77, 3865 (1996)
    J. P. Perdew, K. Burke, and M. Ernzerhof, Phys. Rev. Lett. 78, 1396 (1997)
    J. P. Perdew, K. Burke, and M. Ernzerhof, Phys. Rev. Lett. 77, 3865 (1996)
    J. P. Perdew, K. Burke, and M. Ernzerhof, Phys. Rev. Lett. 78, 1396 (1997)
small_rho_cutoff = 1e-07
init E= -2479.39981693459
  HOMO = -0.13487899598358  LUMO = -0.0691459258566983
cycle= 1 E= -2460.75331207072  delta_E= 18.6  |g|= 5.48  |ddm|= 10.3
  HOMO = -0.231775807630227  LUMO = -0.205622127636726
cycle= 2 E= -2322.76815184103  delta_E=  138  |g|= 18.9  |ddm|= 95.4
  HOMO = -0.164302643785794  LUMO = -0.160803233764494
cycle= 3 E= -2447.05311353122  delta_E= -124  |g|= 9.43  |ddm|= 71.8
  HOMO = -0.179545259260215  LUMO = -0.162341576348354
cycle= 4 E= -2465.18138164001  delta_E= -18.1  |g|=  6.2  |ddm|=   28
  HOMO = -0.153349547044163  LUMO = -0.15203021537883
cycle= 5 E= -2470.89975287947  delta_E= -5.72  |g|= 4.83  |ddm|= 3.77
  HOMO = -0.193731586590365  LUMO = -0.161792445858999
cycle= 6 E= -2468.23221922241  delta_E= 2.67  |g|= 5.42  |ddm|= 2.62
  HOMO = -0.190298991525028  LUMO = -0.163346481516365
cycle= 7 E= -2467.96738787892  delta_E= 0.265  |g|= 5.51  |ddm|= 0.278
  HOMO = -0.180561029135094  LUMO = -0.162247833294031
cycle= 8 E= -2467.97259778861  delta_E= -0.00521  |g|= 5.52  |ddm|= 0.67
  HOMO = -0.172477256813223  LUMO = -0.163127158598664
cycle= 9 E= -2467.58248322208  delta_E= 0.39  |g|= 5.64  |ddm|= 0.967
  HOMO = 0.0238375097062343  LUMO = 0.0259747927452246
cycle= 10 E= -2386.22387332852  delta_E= 81.4  |g|=   15  |ddm|= 21.1
  HOMO = -0.0833313472409533  LUMO = -0.0369288582925446
cycle= 11 E= -2458.86424610758  delta_E= -72.6  |g|=  5.9  |ddm|= 18.1
  HOMO = -0.209847563881959  LUMO = -0.171330174397961
cycle= 12 E= -2467.57772237127  delta_E= -8.71  |g|= 5.64  |ddm|= 9.24
  HOMO = -0.202937328933386  LUMO = -0.165662673916299
cycle= 13 E= -2466.33447704738  delta_E= 1.24  |g|= 5.99  |ddm|= 0.872
  HOMO = -0.193392700848397  LUMO = -0.156524516464533
cycle= 14 E= -2466.36081496387  delta_E= -0.0263  |g|= 5.98  |ddm|= 1.26
  HOMO = -0.181130008511295  LUMO = -0.138961096481286
cycle= 15 E= -2468.37626550618  delta_E= -2.02  |g|= 5.36  |ddm|=  1.9
  HOMO = -0.185647715832057  LUMO = -0.156598196550661
cycle= 16 E= -2467.26154045858  delta_E= 1.11  |g|= 5.74  |ddm|= 1.76
  HOMO = -0.210495142317208  LUMO = -0.171030231320717
cycle= 17 E= -2467.03293594738  delta_E= 0.229  |g|=  5.8  |ddm|= 0.858
  HOMO = -0.206188121629436  LUMO = -0.172510530264234
cycle= 18 E= -2466.9773856935  delta_E= 0.0556  |g|= 5.81  |ddm|= 0.492
  HOMO = -0.210010093000647  LUMO = -0.172364259177773
cycle= 19 E= -2466.44033284953  delta_E= 0.537  |g|= 5.96  |ddm|= 0.559
  HOMO = 0.0254894005151414  LUMO = 0.0331899899078367
cycle= 20 E= -2383.33628188175  delta_E= 83.1  |g|= 13.4  |ddm|= 25.4
  HOMO = -0.0655843950501257  LUMO = -0.0487936709880405
cycle= 21 E= -2459.7753783385  delta_E= -76.4  |g|=  5.4  |ddm|= 23.2
  HOMO = -0.15853927976104  LUMO = -0.151009788359846
cycle= 22 E= -2465.46464140476  delta_E= -5.69  |g|= 6.05  |ddm|= 8.22
  HOMO = -0.181749495006752  LUMO = -0.177610973172339
cycle= 23 E= -2468.99514902771  delta_E= -3.53  |g|= 5.12  |ddm|= 3.11
  HOMO = -0.16035924559211  LUMO = -0.138738827699728
cycle= 24 E= -2468.62700142559  delta_E= 0.368  |g|= 5.29  |ddm|= 2.13
  HOMO = -0.174078569590145  LUMO = -0.149768891226862
cycle= 25 E= -2468.66282705726  delta_E= -0.0358  |g|= 5.29  |ddm|= 1.47
  HOMO = -0.180001761100966  LUMO = -0.156085466465528
cycle= 26 E= -2468.56568612865  delta_E= 0.0971  |g|= 5.31  |ddm|= 0.788
  HOMO = -0.175249244037826  LUMO = -0.154381522672914
cycle= 27 E= -2468.74499439702  delta_E= -0.179  |g|= 5.25  |ddm|= 0.621
  HOMO = -0.150251511367193  LUMO = -0.148506839609921
cycle= 28 E= -2470.08844388261  delta_E= -1.34  |g|= 4.99  |ddm|= 1.47
  HOMO = -0.191520828038933  LUMO = -0.156161237530859
cycle= 29 E= -2468.48940353754  delta_E=  1.6  |g|= 5.33  |ddm|= 1.55
  HOMO = 0.0311862179700157  LUMO = 0.0437809219321888
cycle= 30 E= -2357.40889984463  delta_E=  111  |g|= 14.1  |ddm|= 30.5
  HOMO = -0.0860124348075754  LUMO = -0.0433541463423273
cycle= 31 E= -2459.5805942832  delta_E= -102  |g|= 5.81  |ddm|= 29.2
  HOMO = -0.164852780945116  LUMO = -0.152583870194474
cycle= 32 E= -2466.2824255813  delta_E= -6.7  |g|=    6  |ddm|= 9.09
  HOMO = -0.199646615307689  LUMO = -0.153811734849022
cycle= 33 E= -2466.91509661567  delta_E= -0.633  |g|= 5.84  |ddm|= 1.83
  HOMO = -0.199719822558984  LUMO = -0.155568686806432
cycle= 34 E= -2467.11122032577  delta_E= -0.196  |g|= 5.78  |ddm|= 0.53
  HOMO = -0.184549144633211  LUMO = -0.152387453286703
cycle= 35 E= -2467.0185482266  delta_E= 0.0927  |g|= 5.79  |ddm|= 0.972
  HOMO = -0.192747322283116  LUMO = -0.157596433314894
cycle= 36 E= -2467.38376073776  delta_E= -0.365  |g|= 5.69  |ddm|= 1.29
  HOMO = -0.196619009926617  LUMO = -0.152083606989202
cycle= 37 E= -2467.32760160747  delta_E= 0.0562  |g|= 5.72  |ddm|= 0.679
  HOMO = -0.20268726748209  LUMO = -0.152958358430808
cycle= 38 E= -2467.0741753967  delta_E= 0.253  |g|=  5.8  |ddm|= 0.619
  HOMO = -0.20344993550345  LUMO = -0.153686120413866
cycle= 39 E= -2467.03032556908  delta_E= 0.0438  |g|= 5.81  |ddm|= 0.0779
  HOMO = 0.00529000326469157  LUMO = 0.00691881118480941
cycle= 40 E= -2371.61759259977  delta_E= 95.4  |g|= 13.3  |ddm|= 26.7
  HOMO = -0.0850082202673598  LUMO = -0.0729844380426234
cycle= 41 E= -2460.79589058056  delta_E= -89.2  |g|= 5.28  |ddm|= 24.9
  HOMO = -0.184080122787617  LUMO = -0.1404347300593
cycle= 42 E= -2463.96473792437  delta_E= -3.17  |g|= 6.25  |ddm|= 8.14
  HOMO = -0.182197517389879  LUMO = -0.16075662665888
cycle= 43 E= -2466.98941434478  delta_E= -3.02  |g|= 5.79  |ddm|= 3.24
  HOMO = -0.171845847665142  LUMO = -0.162572118689834
cycle= 44 E= -2466.79575067534  delta_E= 0.194  |g|= 5.88  |ddm|= 1.54
  HOMO = -0.17103575472368  LUMO = -0.168214818721184
cycle= 45 E= -2467.09019179407  delta_E= -0.294  |g|=  5.8  |ddm|= 1.02
  HOMO = -0.173628536639688  LUMO = -0.157876726378773
cycle= 46 E= -2466.94727878971  delta_E= 0.143  |g|= 5.86  |ddm|= 1.24
  HOMO = -0.167222622936641  LUMO = -0.165227877631208
cycle= 47 E= -2466.96059550509  delta_E= -0.0133  |g|= 5.83  |ddm|= 1.25
  HOMO = -0.167066634634601  LUMO = -0.165071315978787
cycle= 48 E= -2467.1658960913  delta_E= -0.205  |g|= 5.77  |ddm|= 0.677
  HOMO = -0.176726045816729  LUMO = -0.165435514524491
cycle= 49 E= -2466.87132629923  delta_E= 0.295  |g|= 5.86  |ddm|= 0.712
  HOMO = 0.0374636133475474  LUMO = 0.0417611636912336
cycle= 50 E= -2322.45710015112  delta_E=  144  |g|= 13.8  |ddm|= 33.2
  HOMO = -0.114310763176665  LUMO = -0.0844675673001839
cycle= 51 E= -2458.37892896011  delta_E= -136  |g|= 6.89  |ddm|= 32.6
  HOMO = -0.180260311961528  LUMO = -0.140906849945431
cycle= 52 E= -2466.62633734977  delta_E= -8.25  |g|= 5.93  |ddm|= 10.6
  HOMO = -0.198371040297141  LUMO = -0.150910756720041
cycle= 53 E= -2467.05728678254  delta_E= -0.431  |g|=  5.8  |ddm|=  1.2
  HOMO = -0.183357394933433  LUMO = -0.154573152573415
cycle= 54 E= -2466.80544736195  delta_E= 0.252  |g|= 5.86  |ddm|= 0.947
  HOMO = -0.191837375972507  LUMO = -0.151996787845975
cycle= 55 E= -2466.68582804799  delta_E= 0.12  |g|= 5.92  |ddm|= 0.709
  HOMO = -0.192693025309271  LUMO = -0.152081052966139
cycle= 56 E= -2466.73266969771  delta_E= -0.0468  |g|=  5.9  |ddm|= 0.383
  HOMO = -0.190782804099801  LUMO = -0.151861902496875
cycle= 57 E= -2466.8438698946  delta_E= -0.111  |g|= 5.87  |ddm|= 0.637
  HOMO = -0.197496917128353  LUMO = -0.158824052594248
cycle= 58 E= -2466.70268802812  delta_E= 0.141  |g|= 5.91  |ddm|= 0.834
  HOMO = -0.157766071828641  LUMO = -0.136446124010606
cycle= 59 E= -2468.07507561309  delta_E= -1.37  |g|= 5.52  |ddm|= 1.76
  HOMO = -0.0111753174500315  LUMO = 0.000806885073544645
cycle= 60 E= -2385.57298092033  delta_E= 82.5  |g|= 11.9  |ddm|= 20.1
  HOMO = -0.0755620282045238  LUMO = -0.0570722227480267
cycle= 61 E= -2461.61416056735  delta_E=  -76  |g|= 4.99  |ddm|= 18.3
  HOMO = -0.146835597678106  LUMO = -0.137263726842974
cycle= 62 E= -2461.44387610901  delta_E= 0.17  |g|=  6.9  |ddm|= 8.75
  HOMO = -0.184743307999224  LUMO = -0.177654943627706
cycle= 63 E= -2466.55411184285  delta_E= -5.11  |g|= 5.95  |ddm|= 3.86
  HOMO = -0.180835989248914  LUMO = -0.172252191096309
cycle= 64 E= -2466.35775044089  delta_E= 0.196  |g|= 5.95  |ddm|= 2.04
  HOMO = -0.174649012041141  LUMO = -0.16924856368597
cycle= 65 E= -2466.54466325437  delta_E= -0.187  |g|= 5.95  |ddm|= 2.03
  HOMO = -0.173698408034467  LUMO = -0.170786941954703
cycle= 66 E= -2466.67362404782  delta_E= -0.129  |g|= 5.92  |ddm|= 0.481
  HOMO = -0.169977378908382  LUMO = -0.165868152388091
cycle= 67 E= -2466.39474694004  delta_E= 0.279  |g|= 5.95  |ddm|= 1.83
  HOMO = -0.180351787794741  LUMO = -0.160274893807959
cycle= 68 E= -2466.39910778228  delta_E= -0.00436  |g|= 6.01  |ddm|= 1.96
  HOMO = -0.178028228232314  LUMO = -0.161860742984786
cycle= 69 E= -2466.60586611157  delta_E= -0.207  |g|= 5.95  |ddm|= 0.301
  HOMO = 0.0118904257250675  LUMO = 0.0229691673262563
cycle= 70 E= -2336.3262933731  delta_E=  130  |g|= 14.1  |ddm|= 27.8
  HOMO = -0.124501720793238  LUMO = -0.0776402740261341
cycle= 71 E= -2457.9439975967  delta_E= -122  |g|= 7.14  |ddm|= 26.4
  HOMO = -0.161786939248943  LUMO = -0.160536222836424
cycle= 72 E= -2467.01011410487  delta_E= -9.07  |g|= 5.69  |ddm|= 10.5
  HOMO = -0.173670251004474  LUMO = -0.167363883846374
cycle= 73 E= -2468.63721797972  delta_E= -1.63  |g|= 5.32  |ddm|= 2.43
  HOMO = -0.176286924283553  LUMO = -0.168574225985363
cycle= 74 E= -2468.28722303051  delta_E= 0.35  |g|= 5.44  |ddm|= 1.34
  HOMO = -0.177767275916181  LUMO = -0.169939294516019
cycle= 75 E= -2468.3568311682  delta_E= -0.0696  |g|= 5.42  |ddm|= 0.423
  HOMO = -0.172624937195823  LUMO = -0.144454269428126
cycle= 76 E= -2466.07821245883  delta_E= 2.28  |g|= 5.72  |ddm|= 2.78
  HOMO = -0.166659963174167  LUMO = -0.157563033740888
cycle= 77 E= -2468.35904081661  delta_E= -2.28  |g|= 5.39  |ddm|=  2.9
  HOMO = -0.185618549653753  LUMO = -0.163777593443599
cycle= 78 E= -2468.63331684169  delta_E= -0.274  |g|= 5.31  |ddm|= 1.01
  HOMO = -0.154607522737143  LUMO = -0.135417788090282
cycle= 79 E= -2471.46877118188  delta_E= -2.84  |g|= 4.66  |ddm|= 2.77
  HOMO = 0.0169502244470681  LUMO = 0.0291455153071399
cycle= 80 E= -2376.48142433071  delta_E=   95  |g|=   14  |ddm|= 26.3
  HOMO = -0.0941336471062276  LUMO = -0.0762992278573636
cycle= 81 E= -2460.04106582681  delta_E= -83.6  |g|= 5.66  |ddm|= 24.7
  HOMO = -0.159918220091597  LUMO = -0.144484699961353
cycle= 82 E= -2464.97268145918  delta_E= -4.93  |g|= 6.13  |ddm|= 8.85
  HOMO = -0.173062959934588  LUMO = -0.160996001637975
cycle= 83 E= -2467.36425154061  delta_E= -2.39  |g|= 5.72  |ddm|= 2.53
  HOMO = -0.169687345788436  LUMO = -0.168374052857061
cycle= 84 E= -2467.31485573098  delta_E= 0.0494  |g|= 5.72  |ddm|=  1.3
  HOMO = -0.173919280579245  LUMO = -0.171524884589164
cycle= 85 E= -2466.81389568405  delta_E= 0.501  |g|= 5.82  |ddm|= 1.86
  HOMO = -0.176760516548608  LUMO = -0.165307867852152
cycle= 86 E= -2467.10297104956  delta_E= -0.289  |g|=  5.8  |ddm|= 1.89
  HOMO = -0.167406185750455  LUMO = -0.164014857718566
cycle= 87 E= -2467.08571849721  delta_E= 0.0173  |g|= 5.73  |ddm|= 1.88
  HOMO = -0.166974573102671  LUMO = -0.160823680591878
cycle= 88 E= -2466.85221169031  delta_E= 0.234  |g|= 5.89  |ddm|= 2.42
  HOMO = -0.167522135165516  LUMO = -0.165618090188965
cycle= 89 E= -2467.19761398413  delta_E= -0.345  |g|= 5.79  |ddm|= 1.24
  HOMO = 0.0406529718543813  LUMO = 0.0438970581802339
cycle= 90 E= -2326.88903241704  delta_E=  140  |g|= 14.8  |ddm|= 35.2
  HOMO = -0.100531177997998  LUMO = -0.0965969685415413
cycle= 91 E= -2457.04593301468  delta_E= -130  |g|= 7.49  |ddm|= 34.4
  HOMO = -0.157857982838871  LUMO = -0.149011608453269
cycle= 92 E= -2468.18670458097  delta_E= -11.1  |g|= 5.37  |ddm|= 11.2
  HOMO = -0.157712923811623  LUMO = -0.155812071488712
cycle= 93 E= -2469.07126706548  delta_E= -0.885  |g|= 5.17  |ddm|= 1.95
  HOMO = -0.160672899554017  LUMO = -0.155329668839786
cycle= 94 E= -2469.05772266131  delta_E= 0.0135  |g|= 5.17  |ddm|= 0.932
  HOMO = -0.152100335000219  LUMO = -0.149376386467882
cycle= 95 E= -2469.24615483828  delta_E= -0.188  |g|=  5.1  |ddm|= 0.543
  HOMO = -0.163199087139225  LUMO = -0.161069942613599
cycle= 96 E= -2469.3098975763  delta_E= -0.0637  |g|= 5.11  |ddm|= 0.802
  HOMO = -0.165853561129597  LUMO = -0.156698674355001
cycle= 97 E= -2472.17514981122  delta_E= -2.87  |g|= 4.23  |ddm|= 2.75
  HOMO = -0.18206666300899  LUMO = -0.160296345400267
cycle= 98 E= -2468.76738393006  delta_E= 3.41  |g|= 5.25  |ddm|= 2.95
  HOMO = -0.154192118086993  LUMO = -0.150217353330036
cycle= 99 E= -2471.97213542548  delta_E= -3.2  |g|= 4.38  |ddm|= 2.66
  HOMO = 0.0363701956506119  LUMO = 0.0389982546479087
cycle= 100 E= -2365.3025733566  delta_E=  107  |g|= 13.8  |ddm|= 28.4
  HOMO = -0.0917009747324556  LUMO = -0.0652632374987893
cycle= 101 E= -2460.5572633964  delta_E= -95.3  |g|=  5.4  |ddm|= 27.4
  HOMO = -0.164831044946459  LUMO = -0.145581589748575
cycle= 102 E= -2465.73909842205  delta_E= -5.18  |g|= 6.16  |ddm|= 8.66
  HOMO = -0.168586971776513  LUMO = -0.145712479232468
cycle= 103 E= -2466.39121262146  delta_E= -0.652  |g|= 5.98  |ddm|= 1.15
  HOMO = -0.168512266318873  LUMO = -0.147995192590738
cycle= 104 E= -2466.28812087416  delta_E= 0.103  |g|= 6.01  |ddm|= 0.756
  HOMO = -0.166719377756165  LUMO = -0.148226543575404
cycle= 105 E= -2466.21503162502  delta_E= 0.0731  |g|= 6.03  |ddm|= 0.264
  HOMO = -0.198673591627271  LUMO = -0.150419403585462
cycle= 106 E= -2466.4715982792  delta_E= -0.257  |g|= 5.97  |ddm|= 1.13
  HOMO = -0.18005722907088  LUMO = -0.149274504637557
cycle= 107 E= -2466.62507123149  delta_E= -0.153  |g|= 5.91  |ddm|= 0.733
  HOMO = -0.174760684570453  LUMO = -0.144161340044953
cycle= 108 E= -2466.17906418657  delta_E= 0.446  |g|= 6.07  |ddm|= 1.21
  HOMO = -0.168324147986324  LUMO = -0.141041781506002
cycle= 109 E= -2466.46712826361  delta_E= -0.288  |g|= 5.98  |ddm|= 0.316
  HOMO = 0.00887588031420816  LUMO = 0.027435993804208
cycle= 110 E= -2378.4316304373  delta_E=   88  |g|= 13.3  |ddm|= 26.7
  HOMO = -0.0965449278547548  LUMO = -0.0487266455330814
cycle= 111 E= -2460.06617389062  delta_E= -81.6  |g|= 5.63  |ddm|= 24.3
  HOMO = -0.175915385030272  LUMO = -0.154075559535634
cycle= 112 E= -2466.38017715166  delta_E= -6.31  |g|= 5.97  |ddm|= 8.63
  HOMO = -0.185402984908622  LUMO = -0.148236679550058
cycle= 113 E= -2467.30917569942  delta_E= -0.929  |g|= 5.73  |ddm|= 1.49
  HOMO = -0.175344264447233  LUMO = -0.145674495760032
cycle= 114 E= -2467.40384973863  delta_E= -0.0947  |g|=  5.7  |ddm|= 0.812
  HOMO = -0.177623960269625  LUMO = -0.147226739401046
cycle= 115 E= -2467.35407682182  delta_E= 0.0498  |g|= 5.71  |ddm|= 0.865
  HOMO = -0.191228599343712  LUMO = -0.16170495409082
cycle= 116 E= -2468.02200812826  delta_E= -0.668  |g|= 5.43  |ddm|=  1.6
  HOMO = -0.175748725560356  LUMO = -0.133289056586671
cycle= 117 E= -2467.36247524692  delta_E= 0.66  |g|= 5.73  |ddm|= 2.09
  HOMO = -0.16122421766426  LUMO = -0.141595962585631
cycle= 118 E= -2467.24226268491  delta_E= 0.12  |g|= 5.72  |ddm|= 1.62
  HOMO = -0.193189178091069  LUMO = -0.152527594244107
cycle= 119 E= -2467.08740036524  delta_E= 0.155  |g|=  5.8  |ddm|= 1.43
  HOMO = 0.0319934080299643  LUMO = 0.0429573647827737
cycle= 120 E= -2340.32912452376  delta_E=  127  |g|= 15.7  |ddm|= 32.7
  HOMO = -0.0962695095439086  LUMO = -0.0585312785313418
cycle= 121 E= -2455.6722790783  delta_E= -115  |g|= 7.58  |ddm|= 32.3
  HOMO = -0.156465275794427  LUMO = -0.13622923876326
cycle= 122 E= -2473.5008499985  delta_E= -17.8  |g|= 3.41  |ddm|= 11.7
  HOMO = -0.159555559743815  LUMO = -0.153089600483184
cycle= 123 E= -2472.98377244738  delta_E= 0.517  |g|= 3.84  |ddm|= 1.42
  HOMO = -0.157629076946682  LUMO = -0.150928595840947
cycle= 124 E= -2472.26951886368  delta_E= 0.714  |g|= 4.17  |ddm|= 1.39
  HOMO = -0.0509238131614772  LUMO = -0.0443684075765008
cycle= 125 E= -2465.02630391968  delta_E= 7.24  |g|=  5.2  |ddm|= 5.58
  HOMO = -0.203417286157287  LUMO = -0.195733735789899
cycle= 126 E= -2466.17230175409  delta_E= -1.15  |g|= 5.96  |ddm|= 6.37
  HOMO = -0.190287803730945  LUMO = -0.171929556704157
cycle= 127 E= -2466.89275952751  delta_E= -0.72  |g|= 5.83  |ddm|= 2.08
  HOMO = -0.188937957405787  LUMO = -0.180701979572408
cycle= 128 E= -2467.05176677742  delta_E= -0.159  |g|= 5.77  |ddm|= 0.448
  HOMO = -0.194865633720442  LUMO = -0.179573115146355
cycle= 129 E= -2467.1461780936  delta_E= -0.0944  |g|= 5.75  |ddm|=  0.4
  HOMO = -0.189906935849748  LUMO = -0.179596899295601
cycle= 130 E= -2468.02598962814  delta_E= -0.88  |g|= 5.49  |ddm|= 1.36
  HOMO = -0.185147652693109  LUMO = -0.170837580265968
cycle= 131 E= -2468.10283437213  delta_E= -0.0768  |g|= 5.48  |ddm|= 2.31
  HOMO = -0.160763570579578  LUMO = -0.153366082060628
cycle= 132 E= -2470.20163682217  delta_E= -2.1  |g|= 5.09  |ddm|= 3.64
  HOMO = -0.160098397300661  LUMO = -0.133051453623605
cycle= 133 E= -2470.9140181861  delta_E= -0.712  |g|= 4.56  |ddm|= 4.47
  HOMO = 0.0170211460375472  LUMO = 0.0208973139172617
cycle= 134 E= -2381.23179434225  delta_E= 89.7  |g|= 13.8  |ddm|= 24.3
  HOMO = -0.0835262550313293  LUMO = -0.0606746390634136
cycle= 135 E= -2460.19629277374  delta_E=  -79  |g|= 5.75  |ddm|= 23.2
  HOMO = -0.180639770169211  LUMO = -0.120568348809954
cycle= 136 E= -2464.55233599591  delta_E= -4.36  |g|= 6.17  |ddm|= 8.79
  HOMO = -0.184073289259264  LUMO = -0.166595252166179
cycle= 137 E= -2466.87692461534  delta_E= -2.32  |g|= 5.85  |ddm|= 2.88
  HOMO = -0.18155372514815  LUMO = -0.173607966315878
cycle= 138 E= -2466.85396719897  delta_E= 0.023  |g|= 5.87  |ddm|=  0.6
  HOMO = -0.180787301807218  LUMO = -0.17268847957922
cycle= 139 E= -2467.03235376169  delta_E= -0.178  |g|= 5.81  |ddm|= 0.516
  HOMO = -0.179407103752099  LUMO = -0.172088271298492
cycle= 140 E= -2467.02954679281  delta_E= 0.00281  |g|= 5.81  |ddm|= 0.339
  HOMO = -0.173655024370433  LUMO = -0.169306440388395
cycle= 141 E= -2466.17736623242  delta_E= 0.852  |g|= 6.02  |ddm|= 1.72
  HOMO = -0.167980639369612  LUMO = -0.160521408922642
cycle= 142 E= -2465.39631562905  delta_E= 0.781  |g|= 6.18  |ddm|= 3.29
  HOMO = -0.1819200933881  LUMO = -0.174307474862151
cycle= 143 E= -2466.83737535722  delta_E= -1.44  |g|= 5.88  |ddm|= 2.46
  HOMO = 0.0478112829690767  LUMO = 0.0503721687706233
cycle= 144 E= -2332.33132926324  delta_E=  135  |g|=   18  |ddm|= 34.8
  HOMO = -0.0209173357488042  LUMO = -0.0179454754476903
cycle= 145 E= -2430.80505427763  delta_E= -98.5  |g|= 14.6  |ddm|= 34.5
  HOMO = -0.0672431536171747  LUMO = -0.0402773254498403
cycle= 146 E= -2458.60600518248  delta_E= -27.8  |g|= 6.43  |ddm|=  9.3
  HOMO = -0.181564938486513  LUMO = -0.156986545114323
cycle= 147 E= -2467.93403170205  delta_E= -9.33  |g|= 5.44  |ddm|= 9.46
  HOMO = -0.199302435928695  LUMO = -0.160731231071666
cycle= 148 E= -2468.27944413386  delta_E= -0.345  |g|= 5.39  |ddm|= 1.61
  HOMO = -0.192174981084253  LUMO = -0.163166770190823
cycle= 149 E= -2468.44282180188  delta_E= -0.163  |g|= 5.35  |ddm|= 1.21
  HOMO = -0.171907568244999  LUMO = -0.162818456368628
cycle= 150 E= -2467.98070915709  delta_E= 0.462  |g|= 5.49  |ddm|= 1.74
  HOMO = -0.181339666562499  LUMO = -0.164407053072046
cycle= 151 E= -2468.13145991551  delta_E= -0.151  |g|= 5.47  |ddm|= 1.55
  HOMO = -0.172393714610047  LUMO = -0.163547796944782
cycle= 152 E= -2468.24805506709  delta_E= -0.117  |g|= 5.41  |ddm|= 0.562
  HOMO = -0.18097328822553  LUMO = -0.16373623741986
cycle= 153 E= -2468.19311419826  delta_E= 0.0549  |g|= 5.44  |ddm|= 0.435
  HOMO = -0.181584073304476  LUMO = -0.162397410376012
cycle= 154 E= -2468.07423767604  delta_E= 0.119  |g|= 5.48  |ddm|= 0.263
  HOMO = 0.0393327217905675  LUMO = 0.0494328113251767
cycle= 155 E= -2346.55764759331  delta_E=  122  |g|= 15.9  |ddm|= 34.3
  HOMO = -0.0984387698249726  LUMO = -0.042777000237192
cycle= 156 E= -2456.22287855922  delta_E= -110  |g|= 7.61  |ddm|=   34
  HOMO = -0.154702595356689  LUMO = -0.143050835252255
cycle= 157 E= -2472.66865425576  delta_E= -16.4  |g|= 3.95  |ddm|= 11.7
  HOMO = -0.161959211016795  LUMO = -0.155640749676593
cycle= 158 E= -2473.41193280895  delta_E= -0.743  |g|= 3.49  |ddm|= 2.17
  HOMO = -0.171459500662261  LUMO = -0.161123801203531
cycle= 159 E= -2469.25757904359  delta_E= 4.15  |g|=  5.2  |ddm|= 3.25
  HOMO = -0.160298963100516  LUMO = -0.131403576142406
cycle= 160 E= -2474.93711766316  delta_E= -5.68  |g|= 1.76  |ddm|= 3.53
  HOMO = -0.136154409123137  LUMO = -0.115683522443983
cycle= 161 E= -2466.21742759273  delta_E= 8.72  |g|= 5.97  |ddm|= 4.81
  HOMO = -0.160808788218153  LUMO = -0.152253409222042
cycle= 162 E= -2470.68570710015  delta_E= -4.47  |g|= 4.97  |ddm|=  3.1
  HOMO = -0.158468382309722  LUMO = -0.154775306057586
cycle= 163 E= -2470.97799003652  delta_E= -0.292  |g|= 4.83  |ddm|= 0.619
  HOMO = -0.148991106810549  LUMO = -0.132568295459017
cycle= 164 E= -2471.59248839662  delta_E= -0.614  |g|= 4.59  |ddm|= 0.78
  HOMO = -0.044159416533021  LUMO = -0.00057191466853999
cycle= 165 E= -2462.11205608865  delta_E= 9.48  |g|= 5.38  |ddm|= 5.69
  HOMO = -0.190361862113404  LUMO = -0.176888334129375
cycle= 166 E= -2467.27588674568  delta_E= -5.16  |g|= 5.69  |ddm|= 6.55
  HOMO = -0.191643837880673  LUMO = -0.177697215201439
cycle= 167 E= -2468.55491085223  delta_E= -1.28  |g|= 5.32  |ddm|= 1.35
  HOMO = -0.182987553131048  LUMO = -0.177870605875915
cycle= 168 E= -2471.04842795866  delta_E= -2.49  |g|= 4.67  |ddm|= 2.73
  HOMO = -0.192793639568378  LUMO = -0.183850036484165
cycle= 169 E= -2465.48666418504  delta_E= 5.56  |g|= 6.03  |ddm|= 5.37
  HOMO = -0.17907126235022  LUMO = -0.169280614979781
cycle= 170 E= -2468.29816001111  delta_E= -2.81  |g|= 5.37  |ddm|=  3.6
  HOMO = -0.178781333155034  LUMO = -0.174887008610634
cycle= 171 E= -2469.10922523757  delta_E= -0.811  |g|=  5.2  |ddm|= 2.41
  HOMO = -0.18160325928885  LUMO = -0.174177563923178
cycle= 172 E= -2468.58563723123  delta_E= 0.524  |g|= 5.28  |ddm|= 2.43
  HOMO = -0.204267649021653  LUMO = -0.169605322438254
cycle= 173 E= -2468.38328811524  delta_E= 0.202  |g|= 5.36  |ddm|=  1.5

WARN: HOMO 0.0472620466821439 == LUMO 0.0481389958991808

cycle= 174 E= -2341.44411492869  delta_E=  127  |g|= 14.7  |ddm|= 38.9
  HOMO = -0.07400517098265  LUMO = -0.0547774914902181
cycle= 175 E= -2458.28237759716  delta_E= -117  |g|=  6.3  |ddm|= 38.5
  HOMO = -0.146312028251578  LUMO = -0.143713835508684
cycle= 176 E= -2464.57998547055  delta_E= -6.3  |g|= 6.14  |ddm|= 9.66
  HOMO = -0.17166611464037  LUMO = -0.164537871433805
cycle= 177 E= -2467.18532121356  delta_E= -2.61  |g|= 5.74  |ddm|= 2.69
  HOMO = -0.166703492090795  LUMO = -0.16364496817841
cycle= 178 E= -2466.84472799198  delta_E= 0.341  |g|= 5.76  |ddm|= 1.56
  HOMO = -0.174596527725034  LUMO = -0.162407860722445
cycle= 179 E= -2467.40080512554  delta_E= -0.556  |g|= 5.66  |ddm|= 1.45
  HOMO = -0.183495858991644  LUMO = -0.165297861357315
cycle= 180 E= -2467.4352584933  delta_E= -0.0345  |g|= 5.61  |ddm|= 1.42
  HOMO = -0.168575871433  LUMO = -0.165759202560999
cycle= 181 E= -2466.89665943818  delta_E= 0.539  |g|=  5.7  |ddm|= 2.29
  HOMO = -0.180870488167442  LUMO = -0.163882997167982
cycle= 182 E= -2467.5982341007  delta_E= -0.702  |g|=  5.6  |ddm|= 2.21
  HOMO = -0.162924269544255  LUMO = -0.158335188259747
cycle= 183 E= -2467.95494573852  delta_E= -0.357  |g|= 5.48  |ddm|= 0.941
  HOMO = 0.0404550838758144  LUMO = 0.0474889694291831
cycle= 184 E= -2333.47970137897  delta_E=  134  |g|= 16.2  |ddm|= 56.7
  HOMO = -0.100797476520064  LUMO = -0.0347822208996533
cycle= 185 E= -2455.85772013625  delta_E= -122  |g|= 7.93  |ddm|= 56.3
  HOMO = -0.14354768845856  LUMO = -0.125006145060622
cycle= 186 E= -2474.64057570327  delta_E= -18.8  |g|= 2.19  |ddm|= 11.7
  HOMO = -0.10477683143836  LUMO = -0.0977361408662405
cycle= 187 E= -2472.67576826111  delta_E= 1.96  |g|= 3.01  |ddm|= 4.55
  HOMO = -0.166338148133943  LUMO = -0.136726695385481
cycle= 188 E= -2475.16265179074  delta_E= -2.49  |g|= 1.55  |ddm|= 4.27
  HOMO = -0.161114434338736  LUMO = -0.148140164053436
cycle= 189 E= -2473.155322223  delta_E= 2.01  |g|= 3.66  |ddm|= 2.49
  HOMO = -0.161923537743515  LUMO = -0.147178980067296
cycle= 190 E= -2472.77241419686  delta_E= 0.383  |g|= 3.87  |ddm|= 0.361
  HOMO = -0.162070155180846  LUMO = -0.146700070200134
cycle= 191 E= -2473.28368841887  delta_E= -0.511  |g|= 3.58  |ddm|= 0.685
  HOMO = -0.159350694983977  LUMO = -0.138923718417764
cycle= 192 E= -2474.24562395053  delta_E= -0.962  |g|= 2.86  |ddm|= 0.967
  HOMO = -0.15653866108634  LUMO = -0.123803786495112
cycle= 193 E= -2475.18202166994  delta_E= -0.936  |g|= 1.72  |ddm|= 0.935
  HOMO = -0.0452960993733583  LUMO = -0.0418674966936869
cycle= 194 E= -2468.16692295154  delta_E= 7.02  |g|= 5.38  |ddm|= 4.27
  HOMO = -0.179987938147602  LUMO = -0.145140785675387
cycle= 195 E= -2475.31188743533  delta_E= -7.14  |g|= 1.48  |ddm|= 4.17
  HOMO = -0.158083730956496  LUMO = -0.115989255617965
cycle= 196 E= -2475.60919396252  delta_E= -0.297  |g|= 0.804  |ddm|= 0.789
  HOMO = -0.139853358106381  LUMO = -0.101567495310281
cycle= 197 E= -2475.68257391297  delta_E= -0.0734  |g|= 0.379  |ddm|= 0.758
  HOMO = -0.131800140022554  LUMO = -0.0948941775580269
cycle= 198 E= -2475.71074060252  delta_E= -0.0282  |g|= 0.212  |ddm|= 0.671
  HOMO = -0.133520355404175  LUMO = -0.0944214928355495
cycle= 199 E= -2475.72152609007  delta_E= -0.0108  |g|= 0.119  |ddm|= 0.332
  HOMO = -0.131610469006591  LUMO = -0.0934825521862661
cycle= 200 E= -2475.72382704543  delta_E= -0.0023  |g|= 0.0663  |ddm|= 0.187
  HOMO = -0.132417434068928  LUMO = -0.0943571471453952
cycle= 201 E= -2475.72483656922  delta_E= -0.00101  |g|= 0.0285  |ddm|= 0.105
  HOMO = -0.132320699611888  LUMO = -0.0942209047950107
cycle= 202 E= -2475.72509352315  delta_E= -0.000257  |g|= 0.0057  |ddm|= 0.0393
  HOMO = -0.132270550815061  LUMO = -0.0941703830404265
cycle= 203 E= -2475.72509906585  delta_E= -5.54e-06  |g|= 0.00239  |ddm|= 0.00718
  HOMO = -0.132219634364543  LUMO = -0.0941116925623105
cycle= 204 E= -2475.72509950045  delta_E= -4.35e-07  |g|= 0.00212  |ddm|= 0.00462
  HOMO = -0.132196405900016  LUMO = -0.0940920124435602
cycle= 205 E= -2475.72510025203  delta_E= -7.52e-07  |g|= 0.00148  |ddm|= 0.00294
  HOMO = -0.132244091616283  LUMO = -0.09413656193579
cycle= 206 E= -2475.72510070383  delta_E= -4.52e-07  |g|= 0.000155  |ddm|= 0.00148
  HOMO = -0.132247242022418  LUMO = -0.0941388126734109
cycle= 207 E= -2475.7251006677  delta_E= 3.61e-08  |g|= 0.000385  |ddm|= 0.000568
  HOMO = -0.132240593764675  LUMO = -0.0941330666557855
cycle= 208 E= -2475.72510070869  delta_E= -4.1e-08  |g|= 7.81e-05  |ddm|= 0.000487
  HOMO = -0.132242011567586  LUMO = -0.0941354751203741
cycle= 209 E= -2475.72510070742  delta_E= 1.27e-09  |g|= 0.000102  |ddm|= 0.000171
  HOMO = -0.13224063421831  LUMO = -0.0941337834779626
cycle= 210 E= -2475.72510071015  delta_E= -2.73e-09  |g|= 2.77e-05  |ddm|= 0.000124
  HOMO = -0.132243029591585  LUMO = -0.0941357625055546
cycle= 211 E= -2475.72510070946  delta_E= 6.88e-10  |g|= 6.6e-05  |ddm|= 7.43e-05
  HOMO = -0.132241113109274  LUMO = -0.0941341223990925
cycle= 212 E= -2475.72510071026  delta_E= -8.04e-10  |g|= 1.2e-05  |ddm|= 6.11e-05
  HOMO = -0.1322413244775  LUMO = -0.0941343135676073
cycle= 213 E= -2475.7251007103  delta_E= -3.64e-11  |g|= 2.6e-06  |ddm|= 1.36e-05
  HOMO = -0.132241323188269  LUMO = -0.0941343146685422
cycle= 214 E= -2475.7251007103  delta_E= 9.09e-13  |g|= 2.07e-06  |ddm|= 4.62e-06
  HOMO = -0.132241531530099  LUMO = -0.0941344935826388
cycle= 215 E= -2475.7251007103  delta_E= 9.09e-13  |g|= 4.77e-06  |ddm|= 5.68e-06
  HOMO = -0.132241361500652  LUMO = -0.0941343460767645
cycle= 216 E= -2475.7251007103  delta_E= 9.09e-13  |g|= 8.86e-07  |ddm|= 4.66e-06
  HOMO = -0.132241450698261  LUMO = -0.094134421868953
Extra cycle  E= -2475.7251007103  delta_E= -5.46e-12  |g|= 4.48e-06  |ddm|= 6.3e-06
converged SCF energy = -2475.7251007103
AOs:  [0, 1, 2, 3, 4, 5, 6, 7, 8, 9, 10, 11, 12, 13, 14, 15, 16, 17, 18, 19, 20, 21, 22, 23, 24, 25, 26, 27, 28, 29, 30, 31, 32, 33, 34, 35, 36, 37, 38, 39, 40, 41, 42, 43, 44, 45, 46, 47, 48, 49, 50, 51, 52, 53, 54, 55, 56, 57, 58, 59, 60, 61, 62, 63, 64, 65, 66, 67, 68, 69, 70, 71, 72, 73, 74, 75, 76, 77, 78, 79, 80, 81, 82, 83, 84, 85, 86, 87, 88, 89, 90, 91, 92, 93, 94, 95, 96, 97, 98, 99, 100, 101, 102, 103, 104, 105, 106, 107, 108, 109, 110, 111, 112, 113, 114, 115, 116, 117, 118, 119, 120, 121, 122, 123, 124, 125, 126, 127, 128, 129, 130, 131, 132, 133, 134, 135, 136, 137, 138, 139, 140, 141, 142, 143, 144, 145, 146, 147, 148, 149, 150, 151, 152, 153, 154, 155, 156, 157, 158, 159, 160, 161, 162, 163, 164, 165, 166, 167, 168, 169, 170, 171, 172, 173, 174, 175, 176, 177, 178, 179, 180, 181, 182, 183, 184, 185, 186, 187, 188, 189, 190, 191, 192, 193, 194, 195, 196, 197, 198, 199, 200, 201, 202, 203, 204, 205, 206, 207, 208, 209, 210, 211, 212, 213, 214, 215, 216, 217, 218, 219, 220, 221, 222, 223, 224, 225, 226, 227, 228, 229, 230, 231, 232, 233, 234, 235, 236, 237, 238, 239, 240]
241

 AO indices used for projection:  [0, 1, 2, 3, 5, 6, 7, 8, 9, 10, 14, 15, 16, 17, 18, 31, 32, 34, 35, 36, 45, 46, 48, 49, 50, 59, 60, 62, 63, 64, 73, 74, 76, 77, 78, 87, 88, 90, 91, 92, 101, 102, 104, 105, 106, 115, 116, 118, 119, 120, 129, 130, 132, 133, 134, 143, 144, 146, 147, 148, 157, 158, 160, 161, 162, 171, 172, 174, 175, 176, 185, 186, 188, 189, 190, 199, 200, 202, 203, 204, 213, 214, 216, 217, 218, 227, 228, 230, 231, 232]
 # of orbitals to keep:  73
517
90
Number of Active MOs:  73
Number of Environment MOs:  38
Number of Virtual MOs:  406
 # electrons:            α            β
         Env:  38.00000000  38.00000000
         Act:  73.00000000  73.00000000
         Vir:  -0.00000000  -0.00000000
Number of electrons in the active space:  146

 The density matrix is idempotent!

 The density matrix is idempotent!


******** <class 'pyscf.scf.hf.RHF'> ********
method = RHF
initial guess = minao
damping factor = 0
level_shift factor = 0
DIIS = <class 'pyscf.scf.diis.CDIIS'>
diis_start_cycle = 1
diis_space = 8
SCF conv_tol = 1e-09
SCF conv_tol_grad = 1e-06
SCF max_cycles = 200
direct_scf = True
direct_scf_tol = 1e-13
chkfile to save SCF result = subsys_scf.chk
max_memory 900000 MB (current use 73006 MB)
init E= -181.34073557252
  HOMO = -0.196992669731505  LUMO = 0.0568174673412058
cycle= 1 E= -181.615583406149  delta_E= -0.275  |g|= 0.262  |ddm|= 2.33
  HOMO = -0.199811950648711  LUMO = 0.0553971225568025
cycle= 2 E= -181.660464039842  delta_E= -0.0449  |g|= 0.112  |ddm|= 0.471
  HOMO = -0.197852403978461  LUMO = 0.0549136735101039
cycle= 3 E= -181.669691138356  delta_E= -0.00923  |g|= 0.0592  |ddm|= 0.291
  HOMO = -0.19584160900184  LUMO = 0.0568069726262974
cycle= 4 E= -181.671272457041  delta_E= -0.00158  |g|= 0.0142  |ddm|= 0.107
  HOMO = -0.196089624863962  LUMO = 0.0559691206866235
cycle= 5 E= -181.671360193569  delta_E= -8.77e-05  |g|= 0.00465  |ddm|= 0.0279
  HOMO = -0.195763570219506  LUMO = 0.056034892243489
cycle= 6 E= -181.671369686469  delta_E= -9.49e-06  |g|= 0.0022  |ddm|= 0.00927
  HOMO = -0.195653938400447  LUMO = 0.0560604693071562
cycle= 7 E= -181.671372244275  delta_E= -2.56e-06  |g|= 0.0012  |ddm|= 0.00319
  HOMO = -0.195576510982353  LUMO = 0.056051759061643
cycle= 8 E= -181.671374137861  delta_E= -1.89e-06  |g|= 0.000736  |ddm|= 0.00359
  HOMO = -0.195541804555206  LUMO = 0.0560447398835778
cycle= 9 E= -181.671374962144  delta_E= -8.24e-07  |g|= 0.000529  |ddm|= 0.00193
  HOMO = -0.195534444182507  LUMO = 0.0560428534620698
cycle= 10 E= -181.671375576615  delta_E= -6.14e-07  |g|= 0.000332  |ddm|= 0.00207
  HOMO = -0.195542312191184  LUMO = 0.0560448385113467
cycle= 11 E= -181.671375907933  delta_E= -3.31e-07  |g|= 0.000118  |ddm|= 0.0023
  HOMO = -0.195548272306207  LUMO = 0.0560460662587671
cycle= 12 E= -181.671375931228  delta_E= -2.33e-08  |g|= 5.06e-05  |ddm|= 0.000554
  HOMO = -0.195551307816363  LUMO = 0.0560466780412968
cycle= 13 E= -181.671375935359  delta_E= -4.13e-09  |g|= 2.84e-05  |ddm|= 0.000196
  HOMO = -0.195551759316964  LUMO = 0.0560470930110433
cycle= 14 E= -181.671375935449  delta_E= -9e-11  |g|= 2.26e-05  |ddm|= 7.74e-05
  HOMO = -0.195552330738399  LUMO = 0.0560469999146061
cycle= 15 E= -181.6713759372  delta_E= -1.75e-09  |g|= 2e-05  |ddm|= 5.5e-05
  HOMO = -0.195552377340546  LUMO = 0.0560471010985876
cycle= 16 E= -181.671375936912  delta_E= 2.88e-10  |g|= 1.71e-05  |ddm|= 7.93e-05
  HOMO = -0.195552346475377  LUMO = 0.0560470692105984
cycle= 17 E= -181.671375938467  delta_E= -1.55e-09  |g|= 1.45e-05  |ddm|= 9.18e-05
  HOMO = -0.195552354046005  LUMO = 0.0560470187938631
cycle= 18 E= -181.671375940222  delta_E= -1.76e-09  |g|= 1.07e-05  |ddm|= 0.000119
  HOMO = -0.195552184537839  LUMO = 0.0560470299446274
cycle= 19 E= -181.671375939457  delta_E= 7.66e-10  |g|= 6.99e-06  |ddm|= 0.000101
  HOMO = -0.195552148012422  LUMO = 0.0560470290944867
cycle= 20 E= -181.671375939319  delta_E= 1.38e-10  |g|= 3.74e-06  |ddm|= 9.07e-05
  HOMO = -0.195552218494845  LUMO = 0.0560470273601819
cycle= 21 E= -181.671375940712  delta_E= -1.39e-09  |g|= 1.91e-06  |ddm|= 4.76e-05
  HOMO = -0.195552236527379  LUMO = 0.0560470274173964
cycle= 22 E= -181.671375940852  delta_E= -1.41e-10  |g|= 1.15e-06  |ddm|= 1.46e-05
  HOMO = -0.195552244601361  LUMO = 0.0560470350773015
cycle= 23 E= -181.671375940744  delta_E= 1.08e-10  |g|= 8.29e-07  |ddm|= 4.53e-06
  HOMO = -0.195552248066126  LUMO = 0.0560470295039401
Extra cycle  E= -181.671375940738  delta_E= 5.91e-12  |g|= 6.87e-07  |ddm|= 1.5e-06
converged SCF energy = -181.671375940738
Difference in energy:  -3315.060663094169
E(MP2) = -184.29133364698  E_corr = -2.61995770624185
Total energy =  -2473.0621774057336
time elapsed:  503.04795718193054
