

******** <class 'pyscf.scf.hf.RHF'> ********
method = RHF
initial guess = minao
damping factor = 0
level_shift factor = 0
DIIS = <class 'pyscf.scf.diis.CDIIS'>
diis_start_cycle = 1
diis_space = 8
SCF conv_tol = 1e-09
SCF conv_tol_grad = 1e-05
SCF max_cycles = 1000
direct_scf = True
direct_scf_tol = 1e-13
chkfile to save SCF result = scf.fchk
max_memory 900000 MB (current use 79 MB)
init E= -582.142773559818
  HOMO = -0.268584904310521  LUMO = 0.0150056656949233
cycle= 1 E= -580.04366771202  delta_E=  2.1  |g|= 0.974  |ddm|= 5.16
  HOMO = -0.319339611497519  LUMO = 0.104235947733062
cycle= 2 E= -580.211149334194  delta_E= -0.167  |g|= 0.679  |ddm|= 1.26
  HOMO = -0.397878748674172  LUMO = 0.137024958508958
cycle= 3 E= -580.296348625988  delta_E= -0.0852  |g|= 0.139  |ddm|= 0.632
  HOMO = -0.392418427606085  LUMO = 0.14897484310237
cycle= 4 E= -580.301818066817  delta_E= -0.00547  |g|= 0.0445  |ddm|= 0.143
  HOMO = -0.399427732282707  LUMO = 0.147895124759626
cycle= 5 E= -580.30228826008  delta_E= -0.00047  |g|= 0.0109  |ddm|= 0.0537
  HOMO = -0.400496424115741  LUMO = 0.147813427567468
cycle= 6 E= -580.302346369147  delta_E= -5.81e-05  |g|= 0.00433  |ddm|= 0.02
  HOMO = -0.400825367251346  LUMO = 0.148348231681499
cycle= 7 E= -580.302361536088  delta_E= -1.52e-05  |g|= 0.00166  |ddm|= 0.0134
  HOMO = -0.401298797630674  LUMO = 0.148262584008244
cycle= 8 E= -580.302363386773  delta_E= -1.85e-06  |g|= 0.00045  |ddm|= 0.00469
  HOMO = -0.401316930617466  LUMO = 0.148290397679658
cycle= 9 E= -580.302363523364  delta_E= -1.37e-07  |g|= 8.89e-05  |ddm|= 0.00117
  HOMO = -0.40130433271608  LUMO = 0.148291686712851
cycle= 10 E= -580.302363528289  delta_E= -4.93e-09  |g|= 3.09e-05  |ddm|= 0.000179
  HOMO = -0.401310975715825  LUMO = 0.148284867450911
cycle= 11 E= -580.302363528702  delta_E= -4.13e-10  |g|= 9.5e-06  |ddm|= 4.69e-05
  HOMO = -0.401308327919332  LUMO = 0.148286799652882
Extra cycle  E= -580.302363528754  delta_E= -5.16e-11  |g|= 5.12e-06  |ddm|= 1.61e-05
converged SCF energy = -580.302363528754
AOs:  [0, 1, 2, 3, 4, 5, 6, 7, 8, 9, 10, 11, 12, 13, 14, 15, 16, 17, 18, 19, 20, 21, 22, 23, 24, 25, 26, 27, 28, 29, 30, 31, 32, 33, 34, 35, 36, 37, 38, 39, 40, 41, 42, 43, 44, 45, 46, 47, 48, 49, 50, 51, 52, 53, 54, 55, 56, 57, 58, 59, 60, 61, 62, 63, 64, 65, 66, 67, 68, 69, 70, 71, 72, 73, 74, 75, 76, 77, 78, 79, 80, 81, 82, 83, 84, 85, 86, 87, 88, 89, 90, 91, 92, 93, 94, 95, 96, 97, 98, 99, 100, 101, 102, 103, 104, 105, 106, 107, 108, 109, 110, 111, 112, 113, 114, 115, 116, 117, 118, 119, 120, 121, 122, 123, 124, 125, 126, 127, 128, 129, 130, 131, 132, 133, 134, 135, 136, 137, 138, 139, 140, 141, 142, 143, 144, 145, 146, 147, 148, 149, 150, 151, 152, 153, 154, 155, 156, 157, 158, 159, 160, 161, 162, 163, 164, 165, 166, 167, 168, 169, 170, 171, 172, 173, 174, 175, 176, 177, 178, 179, 180, 181, 182, 183, 184, 185, 186, 187, 188, 189, 190, 191, 192, 193, 194, 195, 196, 197, 198, 199, 200, 201, 202, 203, 204, 205, 206, 207, 208, 209, 210, 211, 212, 213, 214, 215, 216, 217, 218, 219, 220, 221, 222, 223, 224, 225, 226, 227, 228, 229, 230, 231, 232, 233, 234, 235, 236, 237, 238, 239, 240, 241, 242, 243, 244, 245, 246, 247, 248, 249, 250, 251, 252]
253
Number of Active MOs:  49
Number of Environment MOs:  4
Number of Virtual MOs:  249
 # electrons:            α            β
         Env:   4.00000000   4.00000000
         Act:  49.00000000  49.00000000
         Vir:   0.00000000   0.00000000
Number of electrons in the active space:  98

 The density matrix is idempotent!

 The density matrix is idempotent!


******** <class 'pyscf.scf.hf.RHF'> ********
method = RHF
initial guess = minao
damping factor = 0
level_shift factor = 0
DIIS = <class 'pyscf.scf.diis.CDIIS'>
diis_start_cycle = 1
diis_space = 8
SCF conv_tol = 1e-09
SCF conv_tol_grad = 1e-05
SCF max_cycles = 200
direct_scf = True
direct_scf_tol = 1e-13
chkfile to save SCF result = subsys_scf.chk
max_memory 900000 MB (current use 8559 MB)
init E= -455.735886210941
  HOMO = -0.402806754085094  LUMO = 0.148285803787146
cycle= 1 E= -455.735888110567  delta_E= -1.9e-06  |g|= 3.14e-06  |ddm|= 8.62e-06
  HOMO = -0.402806191115514  LUMO = 0.14828615086565
cycle= 2 E= -455.735888110448  delta_E= 1.19e-10  |g|= 2e-06  |ddm|= 5.62e-06
  HOMO = -0.402806471420026  LUMO = 0.148285965514248
Extra cycle  E= -455.735888110588  delta_E= -1.4e-10  |g|= 1.32e-06  |ddm|= 3.67e-06
converged SCF energy = -455.735888110588
Difference in energy:  -2.140188826160738e-09
E(MP2) = -457.551025440627  E_corr = -1.8151373300386
Total energy =  -582.1175008587891
time elapsed:  45.02370810508728
