

******** <class 'pyscf.scf.hf.RHF'> ********
method = RHF
initial guess = minao
damping factor = 0
level_shift factor = 0
DIIS = <class 'pyscf.scf.diis.CDIIS'>
diis_start_cycle = 1
diis_space = 8
SCF conv_tol = 1e-09
SCF conv_tol_grad = 1e-05
SCF max_cycles = 1000
direct_scf = True
direct_scf_tol = 1e-13
chkfile to save SCF result = scf.fchk
max_memory 900000 MB (current use 79 MB)
init E= -582.490256908817
  HOMO = -0.272158915982063  LUMO = 0.00979030337292065
cycle= 1 E= -579.993714843928  delta_E=  2.5  |g|= 0.967  |ddm|= 5.17
  HOMO = -0.254038663840924  LUMO = 0.0514101882242106
cycle= 2 E= -580.177747224541  delta_E= -0.184  |g|= 0.608  |ddm|= 1.17
  HOMO = -0.394150202718282  LUMO = 0.110201905935204
cycle= 3 E= -580.247184095135  delta_E= -0.0694  |g|= 0.133  |ddm|= 0.525
  HOMO = -0.397438121641189  LUMO = 0.123708532944201
cycle= 4 E= -580.252042087869  delta_E= -0.00486  |g|= 0.0512  |ddm|= 0.14
  HOMO = -0.389901325674017  LUMO = 0.120753062618165
cycle= 5 E= -580.252583351991  delta_E= -0.000541  |g|= 0.00967  |ddm|= 0.051
  HOMO = -0.392957429165888  LUMO = 0.120604056840348
cycle= 6 E= -580.25262863362  delta_E= -4.53e-05  |g|= 0.00369  |ddm|= 0.0167
  HOMO = -0.392832496740437  LUMO = 0.121078186891661
cycle= 7 E= -580.252637976769  delta_E= -9.34e-06  |g|= 0.00154  |ddm|= 0.00899
  HOMO = -0.393154585169391  LUMO = 0.121078199882526
cycle= 8 E= -580.252639594691  delta_E= -1.62e-06  |g|= 0.000444  |ddm|= 0.00402
  HOMO = -0.393176899492496  LUMO = 0.12107516642056
cycle= 9 E= -580.252639726735  delta_E= -1.32e-07  |g|= 9.31e-05  |ddm|= 0.00114
  HOMO = -0.393167940972164  LUMO = 0.121084709659702
cycle= 10 E= -580.252639732088  delta_E= -5.35e-09  |g|= 3.37e-05  |ddm|= 0.000178
  HOMO = -0.393169803849148  LUMO = 0.121076582775593
cycle= 11 E= -580.25263973258  delta_E= -4.92e-10  |g|= 7.65e-06  |ddm|= 5.19e-05
  HOMO = -0.393169184583587  LUMO = 0.121078023041498
Extra cycle  E= -580.252639732611  delta_E= -3.09e-11  |g|= 3.64e-06  |ddm|= 1.2e-05
converged SCF energy = -580.252639732611
AOs:  [0, 1, 2, 3, 4, 5, 6, 7, 8, 9, 10, 11, 12, 13, 14, 15, 16, 17, 18, 19, 20, 21, 22, 23, 24, 25, 26, 27, 28, 29, 30, 31, 32, 33, 34, 35, 36, 37, 38, 39, 40, 41, 42, 43, 44, 45, 46, 47, 48, 49, 50, 51, 52, 53, 54, 55, 56, 57, 58, 59, 60, 61, 62, 63, 64, 65, 66, 67, 68, 69, 70, 71, 72, 73, 74, 75, 76, 77, 78, 79, 80, 81, 82, 83, 84, 85, 86, 87, 88, 89, 90, 91, 92, 93, 94, 95, 96, 97, 98, 99, 100, 101, 102, 103, 104, 105, 106, 107, 108]
109
Number of Active MOs:  25
Number of Environment MOs:  28
Number of Virtual MOs:  249
 # electrons:            α            β
         Env:  28.00000000  28.00000000
         Act:  25.00000000  25.00000000
         Vir:  -0.00000000  -0.00000000
Number of electrons in the active space:  50

 The density matrix is idempotent!

 The density matrix is idempotent!


******** <class 'pyscf.scf.hf.RHF'> ********
method = RHF
initial guess = minao
damping factor = 0
level_shift factor = 0
DIIS = <class 'pyscf.scf.diis.CDIIS'>
diis_start_cycle = 1
diis_space = 8
SCF conv_tol = 1e-09
SCF conv_tol_grad = 1e-05
SCF max_cycles = 200
direct_scf = True
direct_scf_tol = 1e-13
chkfile to save SCF result = subsys_scf.chk
max_memory 900000 MB (current use 8559 MB)
init E= 245.688630058968
  HOMO = -0.393885187380843  LUMO = 0.121077099726935
cycle= 1 E= 245.688626366083  delta_E= -3.69e-06  |g|= 2.13e-06  |ddm|= 5.56e-06
  HOMO = -0.393885134652693  LUMO = 0.121077375106492
cycle= 2 E= 245.688626366169  delta_E= 8.59e-11  |g|= 1.12e-06  |ddm|= 3.1e-06
  HOMO = -0.393885139495163  LUMO = 0.121077259866428
Extra cycle  E= 245.688626365981  delta_E= -1.88e-10  |g|= 7.01e-07  |ddm|= 1.95e-06
converged SCF energy = 245.688626365981
Difference in energy:  -2.917790766332473e-08
E(MP2) = 244.772660875147  E_corr = -0.915965490834221
Total energy =  -581.1686052233982
time elapsed:  44.13488817214966
