

******** <class 'pyscf.scf.hf.RHF'> ********
method = RHF
initial guess = minao
damping factor = 0
level_shift factor = 0
DIIS = <class 'pyscf.scf.diis.CDIIS'>
diis_start_cycle = 1
diis_space = 8
SCF conv_tol = 1e-09
SCF conv_tol_grad = 1e-05
SCF max_cycles = 1000
direct_scf = True
direct_scf_tol = 1e-13
chkfile to save SCF result = scf.fchk
max_memory 900000 MB (current use 79 MB)
init E= -582.248533013685
  HOMO = -0.269626800904489  LUMO = 0.0134591243155694
cycle= 1 E= -580.0494895447  delta_E=  2.2  |g|= 0.948  |ddm|= 5.16
  HOMO = -0.317142272960349  LUMO = 0.0758837943039409
cycle= 2 E= -580.222804586839  delta_E= -0.173  |g|= 0.616  |ddm|= 1.15
  HOMO = -0.412890705218609  LUMO = 0.121887867434331
cycle= 3 E= -580.293390629357  delta_E= -0.0706  |g|= 0.138  |ddm|= 0.543
  HOMO = -0.405731054341786  LUMO = 0.135966676120065
cycle= 4 E= -580.298567670626  delta_E= -0.00518  |g|= 0.0487  |ddm|= 0.141
  HOMO = -0.413090262780353  LUMO = 0.133440275426376
cycle= 5 E= -580.299084769282  delta_E= -0.000517  |g|= 0.0101  |ddm|= 0.0521
  HOMO = -0.414235625242973  LUMO = 0.133370331216162
cycle= 6 E= -580.299134837984  delta_E= -5.01e-05  |g|= 0.00393  |ddm|= 0.0178
  HOMO = -0.414353892822505  LUMO = 0.133906910692277
cycle= 7 E= -580.299146411547  delta_E= -1.16e-05  |g|= 0.00162  |ddm|= 0.0105
  HOMO = -0.414741897812206  LUMO = 0.133850480449024
cycle= 8 E= -580.299148192618  delta_E= -1.78e-06  |g|= 0.000442  |ddm|= 0.00437
  HOMO = -0.414763813828758  LUMO = 0.133868290596045
cycle= 9 E= -580.299148328643  delta_E= -1.36e-07  |g|= 8.71e-05  |ddm|= 0.00117
  HOMO = -0.414753396167381  LUMO = 0.133872520464298
cycle= 10 E= -580.299148333383  delta_E= -4.74e-09  |g|= 3.1e-05  |ddm|= 0.000171
  HOMO = -0.414759039885914  LUMO = 0.133865323588183
cycle= 11 E= -580.299148333789  delta_E= -4.05e-10  |g|= 8.45e-06  |ddm|= 4.56e-05
  HOMO = -0.414757077579615  LUMO = 0.133867120381739
Extra cycle  E= -580.299148333831  delta_E= -4.27e-11  |g|= 4.38e-06  |ddm|= 1.39e-05
converged SCF energy = -580.299148333831
AOs:  [0, 1, 2, 3, 4, 5, 6, 7, 8, 9, 10, 11, 12, 13, 14, 15, 16, 17, 18, 19, 20, 21, 22, 23, 24, 25, 26, 27, 28, 29, 30, 31, 32, 33, 34, 35, 36, 37, 38, 39, 40, 41, 42, 43, 44, 45, 46, 47, 48, 49, 50, 51, 52, 53, 54, 55, 56, 57, 58, 59, 60, 61, 62, 63, 64, 65, 66, 67, 68, 69, 70, 71, 72, 73, 74, 75, 76, 77, 78, 79, 80, 81, 82, 83, 84, 85, 86, 87, 88, 89, 90, 91, 92, 93, 94, 95, 96, 97, 98, 99, 100, 101, 102, 103, 104, 105, 106, 107, 108]
109
Number of Active MOs:  25
Number of Environment MOs:  28
Number of Virtual MOs:  249
 # electrons:            α            β
         Env:  28.00000000  28.00000000
         Act:  25.00000000  25.00000000
         Vir:   0.00000000   0.00000000
Number of electrons in the active space:  50

 The density matrix is idempotent!

 The density matrix is idempotent!


******** <class 'pyscf.scf.hf.RHF'> ********
method = RHF
initial guess = minao
damping factor = 0
level_shift factor = 0
DIIS = <class 'pyscf.scf.diis.CDIIS'>
diis_start_cycle = 1
diis_space = 8
SCF conv_tol = 1e-09
SCF conv_tol_grad = 1e-05
SCF max_cycles = 200
direct_scf = True
direct_scf_tol = 1e-13
chkfile to save SCF result = subsys_scf.chk
max_memory 900000 MB (current use 8560 MB)
init E= 243.491738978367
  HOMO = -0.428591950080493  LUMO = 0.133866091457062
cycle= 1 E= 243.491735274934  delta_E= -3.7e-06  |g|= 2.64e-06  |ddm|= 7.05e-06
  HOMO = -0.428591758956344  LUMO = 0.13386642006233
cycle= 2 E= 243.491735274993  delta_E= 5.9e-11  |g|= 1.54e-06  |ddm|= 4.36e-06
  HOMO = -0.428591859307624  LUMO = 0.133866282951783
Extra cycle  E= 243.491735274818  delta_E= -1.75e-10  |g|= 1.01e-06  |ddm|= 2.83e-06
converged SCF energy = 243.491735274818
Difference in energy:  2.2686001557303826e-07
E(MP2) = 242.578284795808  E_corr = -0.913450479009783
Total energy =  -581.2125988132027
time elapsed:  43.425501346588135
