

******** <class 'pyscf.scf.hf.RHF'> ********
method = RHF
initial guess = minao
damping factor = 0
level_shift factor = 0
DIIS = <class 'pyscf.scf.diis.CDIIS'>
diis_start_cycle = 1
diis_space = 8
SCF conv_tol = 1e-09
SCF conv_tol_grad = 1e-05
SCF max_cycles = 1000
direct_scf = True
direct_scf_tol = 1e-13
chkfile to save SCF result = scf.fchk
max_memory 900000 MB (current use 79 MB)
init E= -582.175507304619
  HOMO = -0.268845095163019  LUMO = 0.0145692562741084
cycle= 1 E= -580.055253246916  delta_E= 2.12  |g|= 0.955  |ddm|= 5.16
  HOMO = -0.342610278256018  LUMO = 0.0899366036926578
cycle= 2 E= -580.223869413858  delta_E= -0.169  |g|= 0.643  |ddm|= 1.18
  HOMO = -0.407146937607784  LUMO = 0.128496754246797
cycle= 3 E= -580.300409484494  delta_E= -0.0765  |g|= 0.139  |ddm|= 0.58
  HOMO = -0.400118970193396  LUMO = 0.14199444192706
cycle= 4 E= -580.305748838088  delta_E= -0.00534  |g|= 0.046  |ddm|= 0.142
  HOMO = -0.407696692059047  LUMO = 0.140100197434698
cycle= 5 E= -580.306232175601  delta_E= -0.000483  |g|= 0.0105  |ddm|= 0.0524
  HOMO = -0.408691347417333  LUMO = 0.140047009320542
cycle= 6 E= -580.306285528236  delta_E= -5.34e-05  |g|= 0.00409  |ddm|= 0.0186
  HOMO = -0.408890492357112  LUMO = 0.140600954845204
cycle= 7 E= -580.306298662008  delta_E= -1.31e-05  |g|= 0.00164  |ddm|= 0.0118
  HOMO = -0.409322473059525  LUMO = 0.14052040526813
cycle= 8 E= -580.306300465001  delta_E= -1.8e-06  |g|= 0.000445  |ddm|= 0.00449
  HOMO = -0.409340270143603  LUMO = 0.140546141515104
cycle= 9 E= -580.306300602697  delta_E= -1.38e-07  |g|= 8.66e-05  |ddm|= 0.00118
  HOMO = -0.409329510107235  LUMO = 0.140548272613202
cycle= 10 E= -580.306300607426  delta_E= -4.73e-09  |g|= 3.02e-05  |ddm|= 0.000173
  HOMO = -0.409335504080505  LUMO = 0.140541453997952
cycle= 11 E= -580.306300607821  delta_E= -3.95e-10  |g|= 8.99e-06  |ddm|= 4.52e-05
  HOMO = -0.409333130311535  LUMO = 0.140543400467888
Extra cycle  E= -580.306300607868  delta_E= -4.66e-11  |g|= 4.78e-06  |ddm|= 1.5e-05
converged SCF energy = -580.306300607868
AOs:  [0, 1, 2, 3, 4, 5, 6, 7, 8, 9, 10, 11, 12, 13, 14, 15, 16, 17, 18, 19, 20, 21, 22, 23, 24, 25, 26, 27, 28, 29, 30, 31, 32, 33, 34, 35, 36, 37, 38, 39, 40, 41, 42, 43, 44, 45, 46, 47, 48, 49, 50, 51, 52, 53, 54, 55, 56, 57, 58, 59, 60, 61, 62, 63, 64, 65, 66, 67, 68, 69, 70, 71, 72, 73, 74, 75, 76, 77, 78, 79, 80, 81, 82, 83, 84, 85, 86, 87, 88, 89, 90, 91, 92, 93, 94, 95, 96, 97, 98, 99, 100, 101, 102, 103, 104, 105, 106, 107, 108]
109
Number of Active MOs:  25
Number of Environment MOs:  28
Number of Virtual MOs:  249
 # electrons:            α            β
         Env:  28.00000000  28.00000000
         Act:  25.00000000  25.00000000
         Vir:  -0.00000000  -0.00000000
Number of electrons in the active space:  50

 The density matrix is idempotent!

 The density matrix is idempotent!


******** <class 'pyscf.scf.hf.RHF'> ********
method = RHF
initial guess = minao
damping factor = 0
level_shift factor = 0
DIIS = <class 'pyscf.scf.diis.CDIIS'>
diis_start_cycle = 1
diis_space = 8
SCF conv_tol = 1e-09
SCF conv_tol_grad = 1e-05
SCF max_cycles = 200
direct_scf = True
direct_scf_tol = 1e-13
chkfile to save SCF result = subsys_scf.chk
max_memory 900000 MB (current use 8560 MB)
init E= 241.422993716526
  HOMO = -0.426511801293068  LUMO = 0.140542355694961
cycle= 1 E= 241.422990007784  delta_E= -3.71e-06  |g|= 2.89e-06  |ddm|= 7.74e-06
  HOMO = -0.426511238204397  LUMO = 0.140542694290156
cycle= 2 E= 241.422990007643  delta_E= -1.4e-10  |g|= 1.75e-06  |ddm|= 4.89e-06
  HOMO = -0.42651153753811  LUMO = 0.140542556749292
Extra cycle  E= 241.422990007621  delta_E= -2.19e-11  |g|= 1.16e-06  |ddm|= 3.21e-06
converged SCF energy = 241.422990007621
Difference in energy:  -1.7763567257134126e-07
E(MP2) = 240.510937650069  E_corr = -0.912052357552149
Total energy =  -581.2183529651371
time elapsed:  33.22880530357361
