

******** <class 'pyscf.scf.hf.RHF'> ********
method = RHF
initial guess = minao
damping factor = 0
level_shift factor = 0
DIIS = <class 'pyscf.scf.diis.CDIIS'>
diis_start_cycle = 1
diis_space = 8
SCF conv_tol = 1e-09
SCF conv_tol_grad = 1e-05
SCF max_cycles = 1000
direct_scf = True
direct_scf_tol = 1e-13
chkfile to save SCF result = scf.fchk
max_memory 900000 MB (current use 79 MB)
init E= -582.148227897021
  HOMO = -0.268614363139051  LUMO = 0.0149296813395342
cycle= 1 E= -580.049062631812  delta_E=  2.1  |g|= 0.967  |ddm|= 5.16
  HOMO = -0.327267320724632  LUMO = 0.0997657009841731
cycle= 2 E= -580.21628306218  delta_E= -0.167  |g|= 0.667  |ddm|= 1.23
  HOMO = -0.401295210164273  LUMO = 0.13399454661419
cycle= 3 E= -580.298619247702  delta_E= -0.0823  |g|= 0.14  |ddm|= 0.615
  HOMO = -0.395227656401657  LUMO = 0.146540255939375
cycle= 4 E= -580.304056528744  delta_E= -0.00544  |g|= 0.0447  |ddm|= 0.142
  HOMO = -0.402420657899898  LUMO = 0.145197068956205
cycle= 5 E= -580.304526347019  delta_E= -0.00047  |g|= 0.0107  |ddm|= 0.0532
  HOMO = -0.403452503392055  LUMO = 0.145131554023487
cycle= 6 E= -580.304582641826  delta_E= -5.63e-05  |g|= 0.00424  |ddm|= 0.0195
  HOMO = -0.403731794894564  LUMO = 0.145678670145631
cycle= 7 E= -580.304597080475  delta_E= -1.44e-05  |g|= 0.00165  |ddm|= 0.0128
  HOMO = -0.404192838268176  LUMO = 0.145591396780893
cycle= 8 E= -580.304598906825  delta_E= -1.83e-06  |g|= 0.000448  |ddm|= 0.00461
  HOMO = -0.404210231958967  LUMO = 0.145619380946352
cycle= 9 E= -580.304599044338  delta_E= -1.38e-07  |g|= 8.79e-05  |ddm|= 0.00118
  HOMO = -0.40419848118294  LUMO = 0.145620777894596
cycle= 10 E= -580.304599049186  delta_E= -4.85e-09  |g|= 3.05e-05  |ddm|= 0.000176
  HOMO = -0.404204841274081  LUMO = 0.145613999543372
cycle= 11 E= -580.30459904959  delta_E= -4.04e-10  |g|= 9.35e-06  |ddm|= 4.62e-05
  HOMO = -0.404202270664591  LUMO = 0.145615961783926
Extra cycle  E= -580.304599049642  delta_E= -5.16e-11  |g|= 5.02e-06  |ddm|= 1.57e-05
converged SCF energy = -580.304599049642
AOs:  [0, 1, 2, 3, 4, 5, 6, 7, 8, 9, 10, 11, 12, 13, 14, 15, 16, 17, 18, 19, 20, 21, 22, 23, 24, 25, 26, 27, 28, 29, 30, 31, 32, 33, 34, 35, 36, 37, 38, 39, 40, 41, 42, 43, 44, 45, 46, 47, 48, 49, 50, 51, 52, 53, 54, 55, 56, 57, 58, 59, 60, 61, 62, 63, 64, 65, 66, 67, 68, 69, 70, 71, 72, 73, 74, 75, 76, 77, 78, 79, 80, 81, 82, 83, 84, 85, 86, 87, 88, 89, 90, 91, 92, 93, 94, 95, 96, 97, 98, 99, 100, 101, 102, 103, 104, 105, 106, 107, 108]
109
Number of Active MOs:  25
Number of Environment MOs:  28
Number of Virtual MOs:  249
 # electrons:            α            β
         Env:  28.00000000  28.00000000
         Act:  25.00000000  25.00000000
         Vir:   0.00000000   0.00000000
Number of electrons in the active space:  50

 The density matrix is idempotent!

 The density matrix is idempotent!


******** <class 'pyscf.scf.hf.RHF'> ********
method = RHF
initial guess = minao
damping factor = 0
level_shift factor = 0
DIIS = <class 'pyscf.scf.diis.CDIIS'>
diis_start_cycle = 1
diis_space = 8
SCF conv_tol = 1e-09
SCF conv_tol_grad = 1e-05
SCF max_cycles = 200
direct_scf = True
direct_scf_tol = 1e-13
chkfile to save SCF result = subsys_scf.chk
max_memory 900000 MB (current use 8559 MB)
init E= 238.602723751837
  HOMO = -0.420531212971282  LUMO = 0.145614942016806
cycle= 1 E= 238.602720038252  delta_E= -3.71e-06  |g|= 3.06e-06  |ddm|= 8.2e-06
  HOMO = -0.420530621372675  LUMO = 0.145615264346625
cycle= 2 E= 238.602720038419  delta_E= 1.67e-10  |g|= 1.89e-06  |ddm|= 5.25e-06
  HOMO = -0.42053094159901  LUMO = 0.145615132513985
Extra cycle  E= 238.602720038118  delta_E= -3.01e-10  |g|= 1.26e-06  |ddm|= 3.46e-06
converged SCF energy = 238.602720038118
Difference in energy:  1.9646933424155578e-07
E(MP2) = 237.69127953198  E_corr = -0.91144050613841
Total energy =  -581.2160395560935
time elapsed:  26.104817628860474
