

******** <class 'pyscf.scf.hf.RHF'> ********
method = RHF
initial guess = minao
damping factor = 0
level_shift factor = 0
DIIS = <class 'pyscf.scf.diis.CDIIS'>
diis_start_cycle = 1
diis_space = 8
SCF conv_tol = 1e-09
SCF conv_tol_grad = 1e-05
SCF max_cycles = 1000
direct_scf = True
direct_scf_tol = 1e-13
chkfile to save SCF result = scf.fchk
max_memory 900000 MB (current use 79 MB)
init E= -582.145551290852
  HOMO = -0.268599048269089  LUMO = 0.0149634667889063
cycle= 1 E= -580.046982475086  delta_E=  2.1  |g|= 0.97  |ddm|= 5.16
  HOMO = -0.324045531099141  LUMO = 0.101597106544496
cycle= 2 E= -580.214240399847  delta_E= -0.167  |g|= 0.672  |ddm|= 1.24
  HOMO = -0.399960801340687  LUMO = 0.13518925594889
cycle= 3 E= -580.297755521968  delta_E= -0.0835  |g|= 0.139  |ddm|= 0.622
  HOMO = -0.394127171749203  LUMO = 0.14750480716425
cycle= 4 E= -580.30320766867  delta_E= -0.00545  |g|= 0.0445  |ddm|= 0.142
  HOMO = -0.401245343165802  LUMO = 0.14626897366811
cycle= 5 E= -580.303677151323  delta_E= -0.000469  |g|= 0.0108  |ddm|= 0.0534
  HOMO = -0.402290945686331  LUMO = 0.146197521892924
cycle= 6 E= -580.303734152408  delta_E= -5.7e-05  |g|= 0.00428  |ddm|= 0.0197
  HOMO = -0.402589580095302  LUMO = 0.146740384994922
cycle= 7 E= -580.303748879228  delta_E= -1.47e-05  |g|= 0.00165  |ddm|= 0.013
  HOMO = -0.403055847655034  LUMO = 0.146653361700018
cycle= 8 E= -580.303750714299  delta_E= -1.84e-06  |g|= 0.000449  |ddm|= 0.00464
  HOMO = -0.403073489172466  LUMO = 0.146681352373203
cycle= 9 E= -580.303750851491  delta_E= -1.37e-07  |g|= 8.83e-05  |ddm|= 0.00117
  HOMO = -0.403061417997252  LUMO = 0.146682690534489
cycle= 10 E= -580.30375085637  delta_E= -4.88e-09  |g|= 3.06e-05  |ddm|= 0.000177
  HOMO = -0.40306788713973  LUMO = 0.146675896304452
cycle= 11 E= -580.303750856775  delta_E= -4.06e-10  |g|= 9.41e-06  |ddm|= 4.65e-05
  HOMO = -0.403065283727209  LUMO = 0.146677849132611
Extra cycle  E= -580.303750856829  delta_E= -5.37e-11  |g|= 5.07e-06  |ddm|= 1.59e-05
converged SCF energy = -580.303750856829
AOs:  [0, 1, 2, 3, 4, 5, 6, 7, 8, 9, 10, 11, 12, 13, 14, 15, 16, 17, 18, 19, 20, 21, 22, 23, 24, 25, 26, 27, 28, 29, 30, 31, 32, 33, 34, 35, 36, 37, 38, 39, 40, 41, 42, 43, 44, 45, 46, 47, 48, 49, 50, 51, 52, 53, 54, 55, 56, 57, 58, 59, 60, 61, 62, 63, 64, 65, 66, 67, 68, 69, 70, 71, 72, 73, 74, 75, 76, 77, 78, 79, 80, 81, 82, 83, 84, 85, 86, 87, 88, 89, 90, 91, 92, 93, 94, 95, 96, 97, 98, 99, 100, 101, 102, 103, 104, 105, 106, 107, 108]
109
Number of Active MOs:  25
Number of Environment MOs:  28
Number of Virtual MOs:  249
 # electrons:            α            β
         Env:  28.00000000  28.00000000
         Act:  25.00000000  25.00000000
         Vir:  -0.00000000  -0.00000000
Number of electrons in the active space:  50

 The density matrix is idempotent!

 The density matrix is idempotent!


******** <class 'pyscf.scf.hf.RHF'> ********
method = RHF
initial guess = minao
damping factor = 0
level_shift factor = 0
DIIS = <class 'pyscf.scf.diis.CDIIS'>
diis_start_cycle = 1
diis_space = 8
SCF conv_tol = 1e-09
SCF conv_tol_grad = 1e-05
SCF max_cycles = 200
direct_scf = True
direct_scf_tol = 1e-13
chkfile to save SCF result = subsys_scf.chk
max_memory 900000 MB (current use 8559 MB)
init E= 237.729563708583
  HOMO = -0.41920454486643  LUMO = 0.146676837905491
cycle= 1 E= 237.72955999438  delta_E= -3.71e-06  |g|= 3.08e-06  |ddm|= 8.28e-06
  HOMO = -0.41920395282728  LUMO = 0.146677154603506
cycle= 2 E= 237.729559994369  delta_E= -1.15e-11  |g|= 1.91e-06  |ddm|= 5.31e-06
  HOMO = -0.41920427423486  LUMO = 0.14667702425043
Extra cycle  E= 237.72955999451  delta_E= 1.41e-10  |g|= 1.28e-06  |ddm|= 3.51e-06
converged SCF energy = 237.72955999451
Difference in energy:  -3.9179723444249247e-07
E(MP2) = 236.818219182758  E_corr = -0.911340811752511
Total energy =  -581.215091667957
time elapsed:  44.72412729263306
