

******** <class 'pyscf.scf.hf.RHF'> ********
method = RHF
initial guess = minao
damping factor = 0
level_shift factor = 0
DIIS = <class 'pyscf.scf.diis.CDIIS'>
diis_start_cycle = 1
diis_space = 8
SCF conv_tol = 1e-09
SCF conv_tol_grad = 1e-05
SCF max_cycles = 1000
direct_scf = True
direct_scf_tol = 1e-13
chkfile to save SCF result = scf.fchk
max_memory 900000 MB (current use 79 MB)
init E= -582.142773559818
  HOMO = -0.268584904310527  LUMO = 0.01500566569492
cycle= 1 E= -580.043667712019  delta_E=  2.1  |g|= 0.974  |ddm|= 5.16
  HOMO = -0.319339611497502  LUMO = 0.10423594773309
cycle= 2 E= -580.211149334195  delta_E= -0.167  |g|= 0.679  |ddm|= 1.26
  HOMO = -0.397878748674164  LUMO = 0.137024958508966
cycle= 3 E= -580.296348625989  delta_E= -0.0852  |g|= 0.139  |ddm|= 0.632
  HOMO = -0.392418427606094  LUMO = 0.148974843102382
cycle= 4 E= -580.301818066816  delta_E= -0.00547  |g|= 0.0445  |ddm|= 0.143
  HOMO = -0.399427732282723  LUMO = 0.147895124759599
cycle= 5 E= -580.302288260079  delta_E= -0.00047  |g|= 0.0109  |ddm|= 0.0537
  HOMO = -0.400496424115731  LUMO = 0.147813427567444
cycle= 6 E= -580.302346369147  delta_E= -5.81e-05  |g|= 0.00433  |ddm|= 0.02
  HOMO = -0.400825367251356  LUMO = 0.148348231681482
cycle= 7 E= -580.302361536087  delta_E= -1.52e-05  |g|= 0.00166  |ddm|= 0.0134
  HOMO = -0.401298797630662  LUMO = 0.148262584008292
cycle= 8 E= -580.302363386772  delta_E= -1.85e-06  |g|= 0.00045  |ddm|= 0.00469
  HOMO = -0.401316930617469  LUMO = 0.148290397679641
cycle= 9 E= -580.302363523365  delta_E= -1.37e-07  |g|= 8.89e-05  |ddm|= 0.00117
  HOMO = -0.40130433271608  LUMO = 0.148291686712867
cycle= 10 E= -580.302363528287  delta_E= -4.92e-09  |g|= 3.09e-05  |ddm|= 0.000179
  HOMO = -0.401310975715827  LUMO = 0.148284867450877
cycle= 11 E= -580.302363528702  delta_E= -4.14e-10  |g|= 9.5e-06  |ddm|= 4.69e-05
  HOMO = -0.401308327919326  LUMO = 0.148286799652904
Extra cycle  E= -580.302363528754  delta_E= -5.23e-11  |g|= 5.12e-06  |ddm|= 1.61e-05
converged SCF energy = -580.302363528754
AOs:  [0, 1, 2, 3, 4, 5, 6, 7, 8, 9, 10, 11, 12, 13, 14, 15, 16, 17, 18, 19, 20, 21, 22, 23, 24, 25, 26, 27, 28, 29, 30, 31, 32, 33, 34, 35, 36, 37, 38, 39, 40, 41, 42, 43, 44, 45, 46, 47, 48, 49, 50, 51, 52, 53, 54, 55, 56, 57, 58, 59, 60, 61, 62, 63, 64, 65, 66, 67, 68, 69, 70, 71, 72, 73, 74, 75, 76, 77, 78, 79, 80, 81, 82, 83, 84, 85, 86, 87, 88, 89, 90, 91, 92, 93, 94, 95, 96, 97, 98, 99, 100, 101, 102, 103, 104, 105, 106, 107, 108]
109
Number of Active MOs:  25
Number of Environment MOs:  28
Number of Virtual MOs:  249
 # electrons:            α            β
         Env:  28.00000000  28.00000000
         Act:  25.00000000  25.00000000
         Vir:  -0.00000000  -0.00000000
Number of electrons in the active space:  50

 The density matrix is idempotent!

 The density matrix is idempotent!


******** <class 'pyscf.scf.hf.RHF'> ********
method = RHF
initial guess = minao
damping factor = 0
level_shift factor = 0
DIIS = <class 'pyscf.scf.diis.CDIIS'>
diis_start_cycle = 1
diis_space = 8
SCF conv_tol = 1e-09
SCF conv_tol_grad = 1e-05
SCF max_cycles = 200
direct_scf = True
direct_scf_tol = 1e-13
chkfile to save SCF result = subsys_scf.chk
max_memory 900000 MB (current use 8559 MB)
init E= 236.075708511426
  HOMO = -0.417167565186288  LUMO = 0.148285803640046
cycle= 1 E= 236.075704795792  delta_E= -3.72e-06  |g|= 3.12e-06  |ddm|= 8.4e-06
  HOMO = -0.417166975830207  LUMO = 0.148286110703161
cycle= 2 E= 236.075704795917  delta_E= 1.25e-10  |g|= 1.94e-06  |ddm|= 5.41e-06
  HOMO = -0.417167296031717  LUMO = 0.148285983290221
Extra cycle  E= 236.075704795899  delta_E= -1.84e-11  |g|= 1.3e-06  |ddm|= 3.58e-06
converged SCF energy = 236.075704795899
Difference in energy:  -4.408788981891121e-08
E(MP2) = 235.164495043245  E_corr = -0.911209752653345
Total energy =  -581.213573281337
time elapsed:  29.564164400100708
