

******** <class 'pyscf.scf.hf.RHF'> ********
method = RHF
initial guess = minao
damping factor = 0
level_shift factor = 0
DIIS = <class 'pyscf.scf.diis.CDIIS'>
diis_start_cycle = 1
diis_space = 8
SCF conv_tol = 1e-09
SCF conv_tol_grad = 1e-05
SCF max_cycles = 1000
direct_scf = True
direct_scf_tol = 1e-13
chkfile to save SCF result = scf.fchk
max_memory 900000 MB (current use 79 MB)
init E= -582.140682932982
  HOMO = -0.268568988534737  LUMO = 0.0150541456903207
cycle= 1 E= -580.039810273952  delta_E=  2.1  |g|= 0.979  |ddm|= 5.17
  HOMO = -0.313940856779881  LUMO = 0.107307426886707
cycle= 2 E= -580.207644456659  delta_E= -0.168  |g|= 0.686  |ddm|= 1.28
  HOMO = -0.395360296716366  LUMO = 0.139223071354618
cycle= 3 E= -580.294704019118  delta_E= -0.0871  |g|= 0.139  |ddm|= 0.642
  HOMO = -0.390329154143404  LUMO = 0.150751126596308
cycle= 4 E= -580.300191253914  delta_E= -0.00549  |g|= 0.0444  |ddm|= 0.143
  HOMO = -0.397220494537089  LUMO = 0.149844183720009
cycle= 5 E= -580.300663972017  delta_E= -0.000473  |g|= 0.011  |ddm|= 0.054
  HOMO = -0.398314759724385  LUMO = 0.149752267562067
cycle= 6 E= -580.300723418945  delta_E= -5.94e-05  |g|= 0.0044  |ddm|= 0.0204
  HOMO = -0.398677448674965  LUMO = 0.15027749540134
cycle= 7 E= -580.300739107613  delta_E= -1.57e-05  |g|= 0.00167  |ddm|= 0.0137
  HOMO = -0.399159388167273  LUMO = 0.150193850901279
cycle= 8 E= -580.3007409831  delta_E= -1.88e-06  |g|= 0.000452  |ddm|= 0.00475
  HOMO = -0.399177977859899  LUMO = 0.150221581872293
cycle= 9 E= -580.300741119322  delta_E= -1.36e-07  |g|= 8.98e-05  |ddm|= 0.00116
  HOMO = -0.39916481744236  LUMO = 0.150222800635308
cycle= 10 E= -580.300741124308  delta_E= -4.99e-09  |g|= 3.12e-05  |ddm|= 0.000181
  HOMO = -0.399171623379403  LUMO = 0.150215995655356
cycle= 11 E= -580.300741124727  delta_E= -4.19e-10  |g|= 9.59e-06  |ddm|= 4.74e-05
  HOMO = -0.399168923206768  LUMO = 0.150217902903073
Extra cycle  E= -580.300741124782  delta_E= -5.5e-11  |g|= 5.17e-06  |ddm|= 1.64e-05
converged SCF energy = -580.300741124782
AOs:  [0, 1, 2, 3, 4, 5, 6, 7, 8, 9, 10, 11, 12, 13, 14, 15, 16, 17, 18, 19, 20, 21, 22, 23, 24, 25, 26, 27, 28, 29, 30, 31, 32, 33, 34, 35, 36, 37, 38, 39, 40, 41, 42, 43, 44, 45, 46, 47, 48, 49, 50, 51, 52, 53, 54, 55, 56, 57, 58, 59, 60, 61, 62, 63, 64, 65, 66, 67, 68, 69, 70, 71, 72, 73, 74, 75, 76, 77, 78, 79, 80, 81, 82, 83, 84, 85, 86, 87, 88, 89, 90, 91, 92, 93, 94, 95, 96, 97, 98, 99, 100, 101, 102, 103, 104, 105, 106, 107, 108]
109
Number of Active MOs:  25
Number of Environment MOs:  28
Number of Virtual MOs:  249
 # electrons:            α            β
         Env:  28.00000000  28.00000000
         Act:  25.00000000  25.00000000
         Vir:   0.00000000   0.00000000
Number of electrons in the active space:  50

 The density matrix is idempotent!

 The density matrix is idempotent!


******** <class 'pyscf.scf.hf.RHF'> ********
method = RHF
initial guess = minao
damping factor = 0
level_shift factor = 0
DIIS = <class 'pyscf.scf.diis.CDIIS'>
diis_start_cycle = 1
diis_space = 8
SCF conv_tol = 1e-09
SCF conv_tol_grad = 1e-05
SCF max_cycles = 200
direct_scf = True
direct_scf_tol = 1e-13
chkfile to save SCF result = subsys_scf.chk
max_memory 900000 MB (current use 8560 MB)
init E= 233.105490973511
  HOMO = -0.414718941739191  LUMO = 0.150216926092189
cycle= 1 E= 233.105487256231  delta_E= -3.72e-06  |g|= 3.16e-06  |ddm|= 8.52e-06
  HOMO = -0.414718355958073  LUMO = 0.150217222141006
cycle= 2 E= 233.105487256196  delta_E= -3.48e-11  |g|= 1.97e-06  |ddm|= 5.5e-06
  HOMO = -0.414718674289895  LUMO = 0.150217098183706
Extra cycle  E= 233.105487256269  delta_E= 7.34e-11  |g|= 1.32e-06  |ddm|= 3.63e-06
converged SCF energy = 233.105487256269
Difference in energy:  -3.424302121857181e-09
E(MP2) = 232.194314928543  E_corr = -0.911172327726111
Total energy =  -581.2119134525032
time elapsed:  44.16828012466431
