

******** <class 'pyscf.scf.hf.RHF'> ********
method = RHF
initial guess = minao
damping factor = 0
level_shift factor = 0
DIIS = <class 'pyscf.scf.diis.CDIIS'>
diis_start_cycle = 1
diis_space = 8
SCF conv_tol = 1e-09
SCF conv_tol_grad = 1e-05
SCF max_cycles = 1000
direct_scf = True
direct_scf_tol = 1e-13
chkfile to save SCF result = scf.fchk
max_memory 900000 MB (current use 79 MB)
init E= -582.330909064377
  HOMO = -0.270536488870329  LUMO = 0.0121710644215286
cycle= 1 E= -580.033186202492  delta_E=  2.3  |g|= 0.951  |ddm|= 5.16
  HOMO = -0.290349271583553  LUMO = 0.0650619117539454
cycle= 2 E= -580.211101200697  delta_E= -0.178  |g|= 0.606  |ddm|= 1.15
  HOMO = -0.410997315098849  LUMO = 0.116937925813217
cycle= 3 E= -580.279551922019  delta_E= -0.0685  |g|= 0.136  |ddm|= 0.527
  HOMO = -0.408142428659374  LUMO = 0.130936409456725
cycle= 4 E= -580.284588509055  delta_E= -0.00504  |g|= 0.0503  |ddm|= 0.141
  HOMO = -0.409355980119256  LUMO = 0.128111281623776
cycle= 5 E= -580.285126105322  delta_E= -0.000538  |g|= 0.00986  |ddm|= 0.0518
  HOMO = -0.411870990710976  LUMO = 0.128012375841494
cycle= 6 E= -580.28517388765  delta_E= -4.78e-05  |g|= 0.00382  |ddm|= 0.0173
  HOMO = -0.411853966105534  LUMO = 0.128523451587058
cycle= 7 E= -580.285184404237  delta_E= -1.05e-05  |g|= 0.00159  |ddm|= 0.00978
  HOMO = -0.412202870080195  LUMO = 0.128491322101217
cycle= 8 E= -580.285186138545  delta_E= -1.73e-06  |g|= 0.000442  |ddm|= 0.00425
  HOMO = -0.41222099660447  LUMO = 0.12850068183546
cycle= 9 E= -580.285186272856  delta_E= -1.34e-07  |g|= 8.91e-05  |ddm|= 0.00116
  HOMO = -0.412213287994537  LUMO = 0.128507173274965
cycle= 10 E= -580.285186277763  delta_E= -4.91e-09  |g|= 3.22e-05  |ddm|= 0.000172
  HOMO = -0.412216110223569  LUMO = 0.128499557164716
cycle= 11 E= -580.285186278203  delta_E= -4.41e-10  |g|= 8.08e-06  |ddm|= 4.75e-05
  HOMO = -0.412215178652185  LUMO = 0.128501194529285
Extra cycle  E= -580.285186278237  delta_E= -3.32e-11  |g|= 4.07e-06  |ddm|= 1.31e-05
converged SCF energy = -580.285186278237
AOs:  [0, 1, 2, 3, 4, 5, 6, 7, 8, 9, 10, 11, 12, 13, 14, 15, 16, 17, 18, 19, 20, 21, 22, 23, 24, 25, 26, 27, 28, 29, 30, 31, 32, 33, 34, 35, 36, 37, 38, 39, 40, 41, 42, 43, 44, 45, 46, 47, 48, 49, 50, 51, 52, 53, 54, 55, 56, 57, 58, 59, 60, 61, 62, 63, 64, 65, 66, 67, 68, 69, 70, 71, 72, 73, 74, 75, 76, 77, 78, 79, 80, 81, 82, 83, 84, 85, 86, 87, 88, 89, 90, 91, 92, 93, 94, 95, 96, 97, 98, 99, 100, 101, 102, 103, 104, 105, 106, 107, 108]
109
Number of Active MOs:  25
Number of Environment MOs:  28
Number of Virtual MOs:  249
 # electrons:            α            β
         Env:  28.00000000  28.00000000
         Act:  25.00000000  25.00000000
         Vir:   0.00000000   0.00000000
Number of electrons in the active space:  50

 The density matrix is idempotent!

 The density matrix is idempotent!


******** <class 'pyscf.scf.hf.RHF'> ********
method = RHF
initial guess = minao
damping factor = 0
level_shift factor = 0
DIIS = <class 'pyscf.scf.diis.CDIIS'>
diis_start_cycle = 1
diis_space = 8
SCF conv_tol = 1e-09
SCF conv_tol_grad = 1e-05
SCF max_cycles = 200
direct_scf = True
direct_scf_tol = 1e-13
chkfile to save SCF result = subsys_scf.chk
max_memory 900000 MB (current use 8559 MB)
init E= 244.020077248004
  HOMO = -0.414735725326369  LUMO = 0.128500206753422
cycle= 1 E= 244.020076449406  delta_E= -7.99e-07  |g|= 2.21e-06  |ddm|= 6.35e-06
  HOMO = -0.414735668899056  LUMO = 0.128500557415924
cycle= 2 E= 244.02007644934  delta_E= -6.63e-11  |g|= 1.38e-06  |ddm|= 3.94e-06
  HOMO = -0.414735678259323  LUMO = 0.128500401719044
Extra cycle  E= 244.02007644955  delta_E= 2.1e-10  |g|= 8.91e-07  |ddm|= 2.53e-06
converged SCF energy = 244.02007644955
Difference in energy:  -2.5796409317990767e-07
E(MP2) = 243.06908948998  E_corr = -0.950986959570338
Total energy =  -581.2361732373957
time elapsed:  41.180564165115356
