

******** <class 'pyscf.scf.hf.RHF'> ********
method = RHF
initial guess = minao
damping factor = 0
level_shift factor = 0
DIIS = <class 'pyscf.scf.diis.CDIIS'>
diis_start_cycle = 1
diis_space = 8
SCF conv_tol = 1e-09
SCF conv_tol_grad = 1e-05
SCF max_cycles = 1000
direct_scf = True
direct_scf_tol = 1e-13
chkfile to save SCF result = scf.fchk
max_memory 900000 MB (current use 79 MB)
init E= -582.248533013686
  HOMO = -0.269626800904483  LUMO = 0.013459124315582
cycle= 1 E= -580.0494895447  delta_E=  2.2  |g|= 0.948  |ddm|= 5.16
  HOMO = -0.317142272960347  LUMO = 0.0758837943039191
cycle= 2 E= -580.222804586838  delta_E= -0.173  |g|= 0.616  |ddm|= 1.15
  HOMO = -0.412890705218614  LUMO = 0.121887867434334
cycle= 3 E= -580.293390629356  delta_E= -0.0706  |g|= 0.138  |ddm|= 0.543
  HOMO = -0.405731054341775  LUMO = 0.135966676120058
cycle= 4 E= -580.298567670626  delta_E= -0.00518  |g|= 0.0487  |ddm|= 0.141
  HOMO = -0.413090262780351  LUMO = 0.133440275426349
cycle= 5 E= -580.299084769281  delta_E= -0.000517  |g|= 0.0101  |ddm|= 0.0521
  HOMO = -0.414235625242975  LUMO = 0.133370331216166
cycle= 6 E= -580.299134837984  delta_E= -5.01e-05  |g|= 0.00393  |ddm|= 0.0178
  HOMO = -0.414353892822489  LUMO = 0.133906910692327
cycle= 7 E= -580.299146411547  delta_E= -1.16e-05  |g|= 0.00162  |ddm|= 0.0105
  HOMO = -0.414741897812207  LUMO = 0.133850480448994
cycle= 8 E= -580.29914819262  delta_E= -1.78e-06  |g|= 0.000442  |ddm|= 0.00437
  HOMO = -0.414763813828779  LUMO = 0.133868290596033
cycle= 9 E= -580.299148328644  delta_E= -1.36e-07  |g|= 8.71e-05  |ddm|= 0.00117
  HOMO = -0.414753396167374  LUMO = 0.133872520464319
cycle= 10 E= -580.299148333383  delta_E= -4.74e-09  |g|= 3.1e-05  |ddm|= 0.000171
  HOMO = -0.41475903988591  LUMO = 0.133865323588165
cycle= 11 E= -580.299148333789  delta_E= -4.07e-10  |g|= 8.45e-06  |ddm|= 4.56e-05
  HOMO = -0.414757077579617  LUMO = 0.133867120381757
Extra cycle  E= -580.29914833383  delta_E= -4.05e-11  |g|= 4.38e-06  |ddm|= 1.39e-05
converged SCF energy = -580.29914833383
AOs:  [0, 1, 2, 3, 4, 5, 6, 7, 8, 9, 10, 11, 12, 13, 14, 15, 16, 17, 18, 19, 20, 21, 22, 23, 24, 25, 26, 27, 28, 29, 30, 31, 32, 33, 34, 35, 36, 37, 38, 39, 40, 41, 42, 43, 44, 45, 46, 47, 48, 49, 50, 51, 52, 53, 54, 55, 56, 57, 58, 59, 60, 61, 62, 63, 64, 65, 66, 67, 68, 69, 70, 71, 72, 73, 74, 75, 76, 77, 78, 79, 80, 81, 82, 83, 84, 85, 86, 87, 88, 89, 90, 91, 92, 93, 94, 95, 96, 97, 98, 99, 100, 101, 102, 103, 104, 105, 106, 107, 108]
109
Number of Active MOs:  25
Number of Environment MOs:  28
Number of Virtual MOs:  249
 # electrons:            α            β
         Env:  28.00000000  28.00000000
         Act:  25.00000000  25.00000000
         Vir:  -0.00000000  -0.00000000
Number of electrons in the active space:  50

 The density matrix is idempotent!

 The density matrix is idempotent!


******** <class 'pyscf.scf.hf.RHF'> ********
method = RHF
initial guess = minao
damping factor = 0
level_shift factor = 0
DIIS = <class 'pyscf.scf.diis.CDIIS'>
diis_start_cycle = 1
diis_space = 8
SCF conv_tol = 1e-09
SCF conv_tol_grad = 1e-05
SCF max_cycles = 200
direct_scf = True
direct_scf_tol = 1e-13
chkfile to save SCF result = subsys_scf.chk
max_memory 900000 MB (current use 8559 MB)
init E= 242.919432810689
  HOMO = -0.424737828335617  LUMO = 0.13386609110375
cycle= 1 E= 242.919432010208  delta_E= -8e-07  |g|= 2.43e-06  |ddm|= 6.93e-06
  HOMO = -0.424737444621475  LUMO = 0.133866465868506
cycle= 2 E= 242.919432010197  delta_E= -1.16e-11  |g|= 1.54e-06  |ddm|= 4.41e-06
  HOMO = -0.424737627177821  LUMO = 0.133866303120982
Extra cycle  E= 242.919432010252  delta_E= 5.48e-11  |g|= 1.01e-06  |ddm|= 2.86e-06
converged SCF energy = 242.919432010252
Difference in energy:  2.0331793848527014e-08
E(MP2) = 241.969620549012  E_corr = -0.949811461239477
Total energy =  -581.2489597951014
time elapsed:  43.1528799533844
