

******** <class 'pyscf.scf.hf.RHF'> ********
method = RHF
initial guess = minao
damping factor = 0
level_shift factor = 0
DIIS = <class 'pyscf.scf.diis.CDIIS'>
diis_start_cycle = 1
diis_space = 8
SCF conv_tol = 1e-09
SCF conv_tol_grad = 1e-05
SCF max_cycles = 1000
direct_scf = True
direct_scf_tol = 1e-13
chkfile to save SCF result = scf.fchk
max_memory 900000 MB (current use 79 MB)
init E= -582.160911438586
  HOMO = -0.268706474504577  LUMO = 0.0147751778833109
cycle= 1 E= -580.053615776606  delta_E= 2.11  |g|= 0.96  |ddm|= 5.16
  HOMO = -0.33656814193389  LUMO = 0.0942336321536342
cycle= 2 E= -580.22132948634  delta_E= -0.168  |g|= 0.653  |ddm|=  1.2
  HOMO = -0.404814440168051  LUMO = 0.130747575240161
cycle= 3 E= -580.300269308303  delta_E= -0.0789  |g|= 0.139  |ddm|= 0.595
  HOMO = -0.398143753365236  LUMO = 0.143885800874216
cycle= 4 E= -580.305653956173  delta_E= -0.00538  |g|= 0.0453  |ddm|= 0.142
  HOMO = -0.40556324719034  LUMO = 0.142225178290256
cycle= 5 E= -580.306129322316  delta_E= -0.000475  |g|= 0.0106  |ddm|= 0.0527
  HOMO = -0.406567067834097  LUMO = 0.142170139234791
cycle= 6 E= -580.306183826581  delta_E= -5.45e-05  |g|= 0.00415  |ddm|= 0.0189
  HOMO = -0.406797201202422  LUMO = 0.1427238008409
cycle= 7 E= -580.306197492509  delta_E= -1.37e-05  |g|= 0.00164  |ddm|= 0.0122
  HOMO = -0.407242052032577  LUMO = 0.14263887677971
cycle= 8 E= -580.306199302305  delta_E= -1.81e-06  |g|= 0.000446  |ddm|= 0.00454
  HOMO = -0.407259305981052  LUMO = 0.142666050007236
cycle= 9 E= -580.306199440185  delta_E= -1.38e-07  |g|= 8.7e-05  |ddm|= 0.00118
  HOMO = -0.407248246250405  LUMO = 0.142667775112056
cycle= 10 E= -580.306199444958  delta_E= -4.77e-09  |g|= 3.02e-05  |ddm|= 0.000174
  HOMO = -0.407254358535913  LUMO = 0.142661002694109
cycle= 11 E= -580.306199445357  delta_E= -3.99e-10  |g|= 9.16e-06  |ddm|= 4.56e-05
  HOMO = -0.407251893915409  LUMO = 0.14266296883084
Extra cycle  E= -580.306199445405  delta_E= -4.73e-11  |g|= 4.89e-06  |ddm|= 1.53e-05
converged SCF energy = -580.306199445405
AOs:  [0, 1, 2, 3, 4, 5, 6, 7, 8, 9, 10, 11, 12, 13, 14, 15, 16, 17, 18, 19, 20, 21, 22, 23, 24, 25, 26, 27, 28, 29, 30, 31, 32, 33, 34, 35, 36, 37, 38, 39, 40, 41, 42, 43, 44, 45, 46, 47, 48, 49, 50, 51, 52, 53, 54, 55, 56, 57, 58, 59, 60, 61, 62, 63, 64, 65, 66, 67, 68, 69, 70, 71, 72, 73, 74, 75, 76, 77, 78, 79, 80, 81, 82, 83, 84, 85, 86, 87, 88, 89, 90, 91, 92, 93, 94, 95, 96, 97, 98, 99, 100, 101, 102, 103, 104, 105, 106, 107, 108]
109
Number of Active MOs:  25
Number of Environment MOs:  28
Number of Virtual MOs:  249
 # electrons:            α            β
         Env:  28.00000000  28.00000000
         Act:  25.00000000  25.00000000
         Vir:   0.00000000   0.00000000
Number of electrons in the active space:  50

 The density matrix is idempotent!

 The density matrix is idempotent!


******** <class 'pyscf.scf.hf.RHF'> ********
method = RHF
initial guess = minao
damping factor = 0
level_shift factor = 0
DIIS = <class 'pyscf.scf.diis.CDIIS'>
diis_start_cycle = 1
diis_space = 8
SCF conv_tol = 1e-09
SCF conv_tol_grad = 1e-05
SCF max_cycles = 200
direct_scf = True
direct_scf_tol = 1e-13
chkfile to save SCF result = subsys_scf.chk
max_memory 900000 MB (current use 8559 MB)
init E= 239.881804378372
  HOMO = -0.417810247522447  LUMO = 0.142661930473078
cycle= 1 E= 239.881803575112  delta_E= -8.03e-07  |g|= 2.77e-06  |ddm|= 7.84e-06
  HOMO = -0.417809617333173  LUMO = 0.142662311466365
cycle= 2 E= 239.881803574931  delta_E= -1.8e-10  |g|= 1.81e-06  |ddm|= 5.09e-06
  HOMO = -0.417809922980686  LUMO = 0.142662151594774
Extra cycle  E= 239.881803575016  delta_E= 8.46e-11  |g|= 1.21e-06  |ddm|= 3.35e-06
converged SCF energy = 239.881803575016
Difference in energy:  -2.354207708776812e-08
E(MP2) = 238.933677020663  E_corr = -0.948126554353403
Total energy =  -581.2543259997204
time elapsed:  43.01650857925415
