

******** <class 'pyscf.scf.hf.RHF'> ********
method = RHF
initial guess = minao
damping factor = 0
level_shift factor = 0
DIIS = <class 'pyscf.scf.diis.CDIIS'>
diis_start_cycle = 1
diis_space = 8
SCF conv_tol = 1e-09
SCF conv_tol_grad = 1e-05
SCF max_cycles = 1000
direct_scf = True
direct_scf_tol = 1e-13
chkfile to save SCF result = scf.fchk
max_memory 900000 MB (current use 79 MB)
init E= -582.148227897021
  HOMO = -0.268614363139054  LUMO = 0.0149296813395317
cycle= 1 E= -580.049062631812  delta_E=  2.1  |g|= 0.967  |ddm|= 5.16
  HOMO = -0.327267320724619  LUMO = 0.0997657009841923
cycle= 2 E= -580.216283062181  delta_E= -0.167  |g|= 0.667  |ddm|= 1.23
  HOMO = -0.401295210164266  LUMO = 0.133994546614192
cycle= 3 E= -580.298619247701  delta_E= -0.0823  |g|= 0.14  |ddm|= 0.615
  HOMO = -0.395227656401655  LUMO = 0.146540255939406
cycle= 4 E= -580.304056528745  delta_E= -0.00544  |g|= 0.0447  |ddm|= 0.142
  HOMO = -0.402420657899896  LUMO = 0.145197068956214
cycle= 5 E= -580.304526347018  delta_E= -0.00047  |g|= 0.0107  |ddm|= 0.0532
  HOMO = -0.403452503392058  LUMO = 0.145131554023483
cycle= 6 E= -580.304582641825  delta_E= -5.63e-05  |g|= 0.00424  |ddm|= 0.0195
  HOMO = -0.403731794894539  LUMO = 0.145678670145627
cycle= 7 E= -580.304597080476  delta_E= -1.44e-05  |g|= 0.00165  |ddm|= 0.0128
  HOMO = -0.404192838268191  LUMO = 0.145591396780876
cycle= 8 E= -580.304598906825  delta_E= -1.83e-06  |g|= 0.000448  |ddm|= 0.00461
  HOMO = -0.404210231958974  LUMO = 0.145619380946336
cycle= 9 E= -580.304599044337  delta_E= -1.38e-07  |g|= 8.79e-05  |ddm|= 0.00118
  HOMO = -0.404198481182919  LUMO = 0.145620777894624
cycle= 10 E= -580.304599049186  delta_E= -4.85e-09  |g|= 3.05e-05  |ddm|= 0.000176
  HOMO = -0.404204841274081  LUMO = 0.14561399954337
cycle= 11 E= -580.304599049591  delta_E= -4.04e-10  |g|= 9.35e-06  |ddm|= 4.62e-05
  HOMO = -0.404202270664594  LUMO = 0.145615961783921
Extra cycle  E= -580.30459904964  delta_E= -4.96e-11  |g|= 5.02e-06  |ddm|= 1.57e-05
converged SCF energy = -580.30459904964
AOs:  [0, 1, 2, 3, 4, 5, 6, 7, 8, 9, 10, 11, 12, 13, 14, 15, 16, 17, 18, 19, 20, 21, 22, 23, 24, 25, 26, 27, 28, 29, 30, 31, 32, 33, 34, 35, 36, 37, 38, 39, 40, 41, 42, 43, 44, 45, 46, 47, 48, 49, 50, 51, 52, 53, 54, 55, 56, 57, 58, 59, 60, 61, 62, 63, 64, 65, 66, 67, 68, 69, 70, 71, 72, 73, 74, 75, 76, 77, 78, 79, 80, 81, 82, 83, 84, 85, 86, 87, 88, 89, 90, 91, 92, 93, 94, 95, 96, 97, 98, 99, 100, 101, 102, 103, 104, 105, 106, 107, 108]
109
Number of Active MOs:  25
Number of Environment MOs:  28
Number of Virtual MOs:  249
 # electrons:            α            β
         Env:  28.00000000  28.00000000
         Act:  25.00000000  25.00000000
         Vir:  -0.00000000  -0.00000000
Number of electrons in the active space:  50

 The density matrix is idempotent!

 The density matrix is idempotent!


******** <class 'pyscf.scf.hf.RHF'> ********
method = RHF
initial guess = minao
damping factor = 0
level_shift factor = 0
DIIS = <class 'pyscf.scf.diis.CDIIS'>
diis_start_cycle = 1
diis_space = 8
SCF conv_tol = 1e-09
SCF conv_tol_grad = 1e-05
SCF max_cycles = 200
direct_scf = True
direct_scf_tol = 1e-13
chkfile to save SCF result = subsys_scf.chk
max_memory 900000 MB (current use 8559 MB)
init E= 238.039040451848
  HOMO = -0.414304805427382  LUMO = 0.14561494201724
cycle= 1 E= 238.039039647838  delta_E= -8.04e-07  |g|= 2.87e-06  |ddm|= 8.1e-06
  HOMO = -0.414304165593298  LUMO = 0.145615310405793
cycle= 2 E= 238.039039647601  delta_E= -2.37e-10  |g|= 1.89e-06  |ddm|= 5.3e-06
  HOMO = -0.414304478367205  LUMO = 0.145615155145843
Extra cycle  E= 238.039039647867  delta_E= 2.66e-10  |g|= 1.26e-06  |ddm|= 3.5e-06
converged SCF energy = 238.039039647867
Difference in energy:  -7.583402407362883e-08
E(MP2) = 237.091225351881  E_corr = -0.94781429598664
Total energy =  -581.2524133455059
time elapsed:  43.247875928878784
