

******** <class 'pyscf.scf.hf.RHF'> ********
method = RHF
initial guess = minao
damping factor = 0
level_shift factor = 0
DIIS = <class 'pyscf.scf.diis.CDIIS'>
diis_start_cycle = 1
diis_space = 8
SCF conv_tol = 1e-09
SCF conv_tol_grad = 1e-05
SCF max_cycles = 1000
direct_scf = True
direct_scf_tol = 1e-13
chkfile to save SCF result = scf.fchk
max_memory 900000 MB (current use 79 MB)
init E= -582.142773559818
  HOMO = -0.26858490431052  LUMO = 0.0150056656949241
cycle= 1 E= -580.04366771202  delta_E=  2.1  |g|= 0.974  |ddm|= 5.16
  HOMO = -0.319339611497505  LUMO = 0.104235947733071
cycle= 2 E= -580.211149334195  delta_E= -0.167  |g|= 0.679  |ddm|= 1.26
  HOMO = -0.39787874867417  LUMO = 0.137024958508969
cycle= 3 E= -580.29634862599  delta_E= -0.0852  |g|= 0.139  |ddm|= 0.632
  HOMO = -0.392418427606089  LUMO = 0.148974843102393
cycle= 4 E= -580.301818066816  delta_E= -0.00547  |g|= 0.0445  |ddm|= 0.143
  HOMO = -0.399427732282708  LUMO = 0.147895124759621
cycle= 5 E= -580.302288260079  delta_E= -0.00047  |g|= 0.0109  |ddm|= 0.0537
  HOMO = -0.400496424115739  LUMO = 0.147813427567452
cycle= 6 E= -580.302346369148  delta_E= -5.81e-05  |g|= 0.00433  |ddm|= 0.02
  HOMO = -0.400825367251364  LUMO = 0.148348231681459
cycle= 7 E= -580.302361536086  delta_E= -1.52e-05  |g|= 0.00166  |ddm|= 0.0134
  HOMO = -0.401298797630656  LUMO = 0.148262584008262
cycle= 8 E= -580.302363386772  delta_E= -1.85e-06  |g|= 0.00045  |ddm|= 0.00469
  HOMO = -0.401316930617473  LUMO = 0.148290397679671
cycle= 9 E= -580.302363523365  delta_E= -1.37e-07  |g|= 8.89e-05  |ddm|= 0.00117
  HOMO = -0.401304332716072  LUMO = 0.148291686712845
cycle= 10 E= -580.302363528287  delta_E= -4.92e-09  |g|= 3.09e-05  |ddm|= 0.000179
  HOMO = -0.401310975715838  LUMO = 0.14828486745086
cycle= 11 E= -580.302363528702  delta_E= -4.15e-10  |g|= 9.5e-06  |ddm|= 4.69e-05
  HOMO = -0.401308327919324  LUMO = 0.148286799652885
Extra cycle  E= -580.302363528754  delta_E= -5.16e-11  |g|= 5.12e-06  |ddm|= 1.61e-05
converged SCF energy = -580.302363528754
AOs:  [0, 1, 2, 3, 4, 5, 6, 7, 8, 9, 10, 11, 12, 13, 14, 15, 16, 17, 18, 19, 20, 21, 22, 23, 24, 25, 26, 27, 28, 29, 30, 31, 32, 33, 34, 35, 36, 37, 38, 39, 40, 41, 42, 43, 44, 45, 46, 47, 48, 49, 50, 51, 52, 53, 54, 55, 56, 57, 58, 59, 60, 61, 62, 63, 64, 65, 66, 67, 68, 69, 70, 71, 72, 73, 74, 75, 76, 77, 78, 79, 80, 81, 82, 83, 84, 85, 86, 87, 88, 89, 90, 91, 92, 93, 94, 95, 96, 97, 98, 99, 100, 101, 102, 103, 104, 105, 106, 107, 108]
109
Number of Active MOs:  25
Number of Environment MOs:  28
Number of Virtual MOs:  249
 # electrons:            α            β
         Env:  28.00000000  28.00000000
         Act:  25.00000000  25.00000000
         Vir:   0.00000000   0.00000000
Number of electrons in the active space:  50

 The density matrix is idempotent!

 The density matrix is idempotent!


******** <class 'pyscf.scf.hf.RHF'> ********
method = RHF
initial guess = minao
damping factor = 0
level_shift factor = 0
DIIS = <class 'pyscf.scf.diis.CDIIS'>
diis_start_cycle = 1
diis_space = 8
SCF conv_tol = 1e-09
SCF conv_tol_grad = 1e-05
SCF max_cycles = 200
direct_scf = True
direct_scf_tol = 1e-13
chkfile to save SCF result = subsys_scf.chk
max_memory 900000 MB (current use 8559 MB)
init E= 235.514328750495
  HOMO = -0.41101002443889  LUMO = 0.148285803908617
cycle= 1 E= 235.514327945442  delta_E= -8.05e-07  |g|= 2.94e-06  |ddm|= 8.31e-06
  HOMO = -0.411009385590773  LUMO = 0.148286156340996
cycle= 2 E= 235.514327945177  delta_E= -2.65e-10  |g|= 1.94e-06  |ddm|= 5.46e-06
  HOMO = -0.411009698207346  LUMO = 0.148286006035282
Extra cycle  E= 235.514327945336  delta_E= 1.59e-10  |g|= 1.3e-06  |ddm|= 3.61e-06
converged SCF energy = 235.514327945336
Difference in energy:  -2.4234071474893423e-07
E(MP2) = 234.566741949156  E_corr = -0.947585996179968
Total energy =  -581.2499495245477
time elapsed:  44.66861391067505
