

******** <class 'pyscf.scf.hf.RHF'> ********
method = RHF
initial guess = minao
damping factor = 0
level_shift factor = 0
DIIS = <class 'pyscf.scf.diis.CDIIS'>
diis_start_cycle = 1
diis_space = 8
SCF conv_tol = 1e-09
SCF conv_tol_grad = 1e-05
SCF max_cycles = 1000
direct_scf = True
direct_scf_tol = 1e-13
chkfile to save SCF result = scf.fchk
max_memory 900000 MB (current use 79 MB)
init E= -582.14197991573
  HOMO = -0.268580902143346  LUMO = 0.0150206013914278
cycle= 1 E= -580.042396900384  delta_E=  2.1  |g|= 0.976  |ddm|= 5.16
  HOMO = -0.317586700987848  LUMO = 0.105219281444491
cycle= 2 E= -580.209995674992  delta_E= -0.168  |g|= 0.681  |ddm|= 1.27
  HOMO = -0.397069332799153  LUMO = 0.137732046284597
cycle= 3 E= -580.295807032501  delta_E= -0.0858  |g|= 0.139  |ddm|= 0.635
  HOMO = -0.391755459691809  LUMO = 0.149539433436397
cycle= 4 E= -580.30128179185  delta_E= -0.00547  |g|= 0.0444  |ddm|= 0.143
  HOMO = -0.3987236660408  LUMO = 0.148517773521589
cycle= 5 E= -580.301752563914  delta_E= -0.000471  |g|= 0.0109  |ddm|= 0.0538
  HOMO = -0.399801231377528  LUMO = 0.148432250114084
cycle= 6 E= -580.301811102957  delta_E= -5.85e-05  |g|= 0.00435  |ddm|= 0.0201
  HOMO = -0.40014164782937  LUMO = 0.148963748921592
cycle= 7 E= -580.301826438244  delta_E= -1.53e-05  |g|= 0.00166  |ddm|= 0.0135
  HOMO = -0.400617640553516  LUMO = 0.148878838815252
cycle= 8 E= -580.301828295757  delta_E= -1.86e-06  |g|= 0.000451  |ddm|= 0.00471
  HOMO = -0.400635973467445  LUMO = 0.148906561757314
cycle= 9 E= -580.301828432136  delta_E= -1.36e-07  |g|= 8.92e-05  |ddm|= 0.00117
  HOMO = -0.400623174154123  LUMO = 0.148907837232908
cycle= 10 E= -580.301828437076  delta_E= -4.94e-09  |g|= 3.1e-05  |ddm|= 0.000179
  HOMO = -0.400629880547319  LUMO = 0.148901013088351
cycle= 11 E= -580.301828437494  delta_E= -4.17e-10  |g|= 9.53e-06  |ddm|= 4.7e-05
  HOMO = -0.40062721682727  LUMO = 0.148902936365944
Extra cycle  E= -580.301828437548  delta_E= -5.39e-11  |g|= 5.14e-06  |ddm|= 1.62e-05
converged SCF energy = -580.301828437548
AOs:  [0, 1, 2, 3, 4, 5, 6, 7, 8, 9, 10, 11, 12, 13, 14, 15, 16, 17, 18, 19, 20, 21, 22, 23, 24, 25, 26, 27, 28, 29, 30, 31, 32, 33, 34, 35, 36, 37, 38, 39, 40, 41, 42, 43, 44, 45, 46, 47, 48, 49, 50, 51, 52, 53, 54, 55, 56, 57, 58, 59, 60, 61, 62, 63, 64, 65, 66, 67, 68, 69, 70, 71, 72, 73, 74, 75, 76, 77, 78, 79, 80, 81, 82, 83, 84, 85, 86, 87, 88, 89, 90, 91, 92, 93, 94, 95, 96, 97, 98, 99, 100, 101, 102, 103, 104, 105, 106, 107, 108]
109
Number of Active MOs:  25
Number of Environment MOs:  28
Number of Virtual MOs:  249
 # electrons:            α            β
         Env:  28.00000000  28.00000000
         Act:  25.00000000  25.00000000
         Vir:   0.00000000   0.00000000
Number of electrons in the active space:  50

 The density matrix is idempotent!

 The density matrix is idempotent!


******** <class 'pyscf.scf.hf.RHF'> ********
method = RHF
initial guess = minao
damping factor = 0
level_shift factor = 0
DIIS = <class 'pyscf.scf.diis.CDIIS'>
diis_start_cycle = 1
diis_space = 8
SCF conv_tol = 1e-09
SCF conv_tol_grad = 1e-05
SCF max_cycles = 200
direct_scf = True
direct_scf_tol = 1e-13
chkfile to save SCF result = subsys_scf.chk
max_memory 900000 MB (current use 8559 MB)
init E= 234.731824124141
  HOMO = -0.410241331581724  LUMO = 0.148901946906801
cycle= 1 E= 234.73182331855  delta_E= -8.06e-07  |g|= 2.96e-06  |ddm|= 8.35e-06
  HOMO = -0.410240694663002  LUMO = 0.148902295148235
cycle= 2 E= 234.731823318522  delta_E= -2.8e-11  |g|= 1.95e-06  |ddm|= 5.49e-06
  HOMO = -0.410241005967171  LUMO = 0.148902146529983
Extra cycle  E= 234.731823318601  delta_E= 7.87e-11  |g|= 1.31e-06  |ddm|= 3.63e-06
converged SCF energy = 234.731823318601
Difference in energy:  -9.987547855416778e-10
E(MP2) = 233.784271593006  E_corr = -0.947551725594785
Total energy =  -581.2493801631407
time elapsed:  43.69780993461609
