

******** <class 'pyscf.scf.hf.RHF'> ********
method = RHF
initial guess = minao
damping factor = 0
level_shift factor = 0
DIIS = <class 'pyscf.scf.diis.CDIIS'>
diis_start_cycle = 1
diis_space = 8
SCF conv_tol = 1e-09
SCF conv_tol_grad = 1e-05
SCF max_cycles = 1000
direct_scf = True
direct_scf_tol = 1e-13
chkfile to save SCF result = scf.fchk
max_memory 900000 MB (current use 79 MB)
init E= -582.141395400382
  HOMO = -0.268577366607749  LUMO = 0.0150331769243275
cycle= 1 E= -580.041348556753  delta_E=  2.1  |g|= 0.977  |ddm|= 5.16
  HOMO = -0.316134655235338  LUMO = 0.106040642115308
cycle= 2 E= -580.209046626105  delta_E= -0.168  |g|= 0.683  |ddm|= 1.27
  HOMO = -0.396391022010272  LUMO = 0.138323329127092
cycle= 3 E= -580.295359745143  delta_E= -0.0863  |g|= 0.139  |ddm|= 0.638
  HOMO = -0.391196431485613  LUMO = 0.150014372925095
cycle= 4 E= -580.300838952365  delta_E= -0.00548  |g|= 0.0444  |ddm|= 0.143
  HOMO = -0.398131568821838  LUMO = 0.149039982185181
cycle= 5 E= -580.301310355597  delta_E= -0.000471  |g|= 0.011  |ddm|= 0.0539
  HOMO = -0.399216186943959  LUMO = 0.148951577589979
cycle= 6 E= -580.301369254953  delta_E= -5.89e-05  |g|= 0.00437  |ddm|= 0.0202
  HOMO = -0.399565858193689  LUMO = 0.149480407594027
cycle= 7 E= -580.301384730744  delta_E= -1.55e-05  |g|= 0.00166  |ddm|= 0.0136
  HOMO = -0.400044043110282  LUMO = 0.149396099628457
cycle= 8 E= -580.301386594619  delta_E= -1.86e-06  |g|= 0.000451  |ddm|= 0.00472
  HOMO = -0.400062522436931  LUMO = 0.14942377227295
cycle= 9 E= -580.30138673087  delta_E= -1.36e-07  |g|= 8.94e-05  |ddm|= 0.00116
  HOMO = -0.400049564584107  LUMO = 0.149425032746033
cycle= 10 E= -580.301386735826  delta_E= -4.96e-09  |g|= 3.11e-05  |ddm|= 0.00018
  HOMO = -0.40005631803774  LUMO = 0.149418209980468
cycle= 11 E= -580.301386736244  delta_E= -4.18e-10  |g|= 9.55e-06  |ddm|= 4.72e-05
  HOMO = -0.400053640674816  LUMO = 0.149420126143606
Extra cycle  E= -580.301386736299  delta_E= -5.55e-11  |g|= 5.15e-06  |ddm|= 1.63e-05
converged SCF energy = -580.301386736299
AOs:  [0, 1, 2, 3, 4, 5, 6, 7, 8, 9, 10, 11, 12, 13, 14, 15, 16, 17, 18, 19, 20, 21, 22, 23, 24, 25, 26, 27, 28, 29, 30, 31, 32, 33, 34, 35, 36, 37, 38, 39, 40, 41, 42, 43, 44, 45, 46, 47, 48, 49, 50, 51, 52, 53, 54, 55, 56, 57, 58, 59, 60, 61, 62, 63, 64, 65, 66, 67, 68, 69, 70, 71, 72, 73, 74, 75, 76, 77, 78, 79, 80, 81, 82, 83, 84, 85, 86, 87, 88, 89, 90, 91, 92, 93, 94, 95, 96, 97, 98, 99, 100, 101, 102, 103, 104, 105, 106, 107, 108]
109
Number of Active MOs:  25
Number of Environment MOs:  28
Number of Virtual MOs:  249
 # electrons:            α            β
         Env:  28.00000000  28.00000000
         Act:  25.00000000  25.00000000
         Vir:   0.00000000   0.00000000
Number of electrons in the active space:  50

 The density matrix is idempotent!

 The density matrix is idempotent!


******** <class 'pyscf.scf.hf.RHF'> ********
method = RHF
initial guess = minao
damping factor = 0
level_shift factor = 0
DIIS = <class 'pyscf.scf.diis.CDIIS'>
diis_start_cycle = 1
diis_space = 8
SCF conv_tol = 1e-09
SCF conv_tol_grad = 1e-05
SCF max_cycles = 200
direct_scf = True
direct_scf_tol = 1e-13
chkfile to save SCF result = subsys_scf.chk
max_memory 900000 MB (current use 8560 MB)
init E= 233.976976632911
  HOMO = -0.409596667797132  LUMO = 0.149419141993019
cycle= 1 E= 233.976975827495  delta_E= -8.05e-07  |g|= 2.97e-06  |ddm|= 8.38e-06
  HOMO = -0.409596031917639  LUMO = 0.149419487334701
cycle= 2 E= 233.976975827517  delta_E= 2.25e-11  |g|= 1.96e-06  |ddm|= 5.52e-06
  HOMO = -0.409596342665558  LUMO = 0.149419339569686
Extra cycle  E= 233.976975827555  delta_E= 3.83e-11  |g|= 1.31e-06  |ddm|= 3.64e-06
converged SCF energy = 233.976975827555
Difference in energy:  -3.028367189017445e-07
E(MP2) = 233.029439077556  E_corr = -0.947536749999083
Total energy =  -581.2489234858157
time elapsed:  43.95894169807434
