

******** <class 'pyscf.scf.hf.RHF'> ********
method = RHF
initial guess = minao
damping factor = 0
level_shift factor = 0
DIIS = <class 'pyscf.scf.diis.CDIIS'>
diis_start_cycle = 1
diis_space = 8
SCF conv_tol = 1e-09
SCF conv_tol_grad = 1e-05
SCF max_cycles = 1000
direct_scf = True
direct_scf_tol = 1e-13
chkfile to save SCF result = scf.fchk
max_memory 900000 MB (current use 79 MB)
init E= -582.140972423215
  HOMO = -0.268573636884335  LUMO = 0.0150440612059396
cycle= 1 E= -580.040496474727  delta_E=  2.1  |g|= 0.978  |ddm|= 5.16
  HOMO = -0.314934443354119  LUMO = 0.106728477009843
cycle= 2 E= -580.208272337792  delta_E= -0.168  |g|= 0.685  |ddm|= 1.28
  HOMO = -0.39582768675829  LUMO = 0.138814545232723
cycle= 3 E= -580.294996238814  delta_E= -0.0867  |g|= 0.139  |ddm|= 0.64
  HOMO = -0.39072614966227  LUMO = 0.150413730650551
cycle= 4 E= -580.300479540312  delta_E= -0.00548  |g|= 0.0444  |ddm|= 0.143
  HOMO = -0.397635999769456  LUMO = 0.14947705680603
cycle= 5 E= -580.300951600459  delta_E= -0.000472  |g|= 0.011  |ddm|= 0.0539
  HOMO = -0.398726071073111  LUMO = 0.149386589045879
cycle= 6 E= -580.301010799283  delta_E= -5.92e-05  |g|= 0.00439  |ddm|= 0.0203
  HOMO = -0.399083048161013  LUMO = 0.149913362301427
cycle= 7 E= -580.301026391571  delta_E= -1.56e-05  |g|= 0.00167  |ddm|= 0.0137
  HOMO = -0.399563193513532  LUMO = 0.149829472836179
cycle= 8 E= -580.301028261436  delta_E= -1.87e-06  |g|= 0.000452  |ddm|= 0.00474
  HOMO = -0.3995817572225  LUMO = 0.149857149137275
cycle= 9 E= -580.301028397641  delta_E= -1.36e-07  |g|= 8.96e-05  |ddm|= 0.00116
  HOMO = -0.399568681043252  LUMO = 0.149858390706205
cycle= 10 E= -580.301028402613  delta_E= -4.97e-09  |g|= 3.11e-05  |ddm|= 0.00018
  HOMO = -0.399575466682908  LUMO = 0.149851574862158
cycle= 11 E= -580.301028403032  delta_E= -4.19e-10  |g|= 9.57e-06  |ddm|= 4.73e-05
  HOMO = -0.399572777269263  LUMO = 0.149853485781768
Extra cycle  E= -580.301028403084  delta_E= -5.23e-11  |g|= 5.16e-06  |ddm|= 1.63e-05
converged SCF energy = -580.301028403084
AOs:  [0, 1, 2, 3, 4, 5, 6, 7, 8, 9, 10, 11, 12, 13, 14, 15, 16, 17, 18, 19, 20, 21, 22, 23, 24, 25, 26, 27, 28, 29, 30, 31, 32, 33, 34, 35, 36, 37, 38, 39, 40, 41, 42, 43, 44, 45, 46, 47, 48, 49, 50, 51, 52, 53, 54, 55, 56, 57, 58, 59, 60, 61, 62, 63, 64, 65, 66, 67, 68, 69, 70, 71, 72, 73, 74, 75, 76, 77, 78, 79, 80, 81, 82, 83, 84, 85, 86, 87, 88, 89, 90, 91, 92, 93, 94, 95, 96, 97, 98, 99, 100, 101, 102, 103, 104, 105, 106, 107, 108]
109
Number of Active MOs:  25
Number of Environment MOs:  28
Number of Virtual MOs:  249
 # electrons:            α            β
         Env:  28.00000000  28.00000000
         Act:  25.00000000  25.00000000
         Vir:  -0.00000000  -0.00000000
Number of electrons in the active space:  50

 The density matrix is idempotent!

 The density matrix is idempotent!


******** <class 'pyscf.scf.hf.RHF'> ********
method = RHF
initial guess = minao
damping factor = 0
level_shift factor = 0
DIIS = <class 'pyscf.scf.diis.CDIIS'>
diis_start_cycle = 1
diis_space = 8
SCF conv_tol = 1e-09
SCF conv_tol_grad = 1e-05
SCF max_cycles = 200
direct_scf = True
direct_scf_tol = 1e-13
chkfile to save SCF result = subsys_scf.chk
max_memory 900000 MB (current use 8559 MB)
init E= 233.248681346351
  HOMO = -0.409058488679953  LUMO = 0.149852505639981
cycle= 1 E= 233.248680540872  delta_E= -8.05e-07  |g|= 2.98e-06  |ddm|= 8.41e-06
  HOMO = -0.40905785362493  LUMO = 0.149852848245263
cycle= 2 E= 233.248680540727  delta_E= -1.45e-10  |g|= 1.96e-06  |ddm|= 5.54e-06
  HOMO = -0.40905816335423  LUMO = 0.149852701952913
Extra cycle  E= 233.248680540799  delta_E= 7.2e-11  |g|= 1.32e-06  |ddm|= 3.66e-06
converged SCF energy = 233.248680540799
Difference in energy:  1.1656895139822154e-07
E(MP2) = 232.301142575167  E_corr = -0.947537965632227
Total energy =  -581.2485663689023
time elapsed:  43.17479419708252
