

******** <class 'pyscf.scf.hf.RHF'> ********
method = RHF
initial guess = minao
damping factor = 0
level_shift factor = 0
DIIS = <class 'pyscf.scf.diis.CDIIS'>
diis_start_cycle = 1
diis_space = 8
SCF conv_tol = 1e-09
SCF conv_tol_grad = 1e-05
SCF max_cycles = 1000
direct_scf = True
direct_scf_tol = 1e-13
chkfile to save SCF result = scf.fchk
max_memory 900000 MB (current use 79 MB)
init E= -582.330909064378
  HOMO = -0.270536488870325  LUMO = 0.0121710644215501
cycle= 1 E= -580.033186202491  delta_E=  2.3  |g|= 0.951  |ddm|= 5.16
  HOMO = -0.290349271583549  LUMO = 0.0650619117539173
cycle= 2 E= -580.211101200698  delta_E= -0.178  |g|= 0.606  |ddm|= 1.15
  HOMO = -0.410997315098853  LUMO = 0.116937925813202
cycle= 3 E= -580.279551922019  delta_E= -0.0685  |g|= 0.136  |ddm|= 0.527
  HOMO = -0.40814242865937  LUMO = 0.130936409456708
cycle= 4 E= -580.284588509053  delta_E= -0.00504  |g|= 0.0503  |ddm|= 0.141
  HOMO = -0.409355980119257  LUMO = 0.128111281623766
cycle= 5 E= -580.285126105323  delta_E= -0.000538  |g|= 0.00986  |ddm|= 0.0518
  HOMO = -0.411870990710974  LUMO = 0.128012375841479
cycle= 6 E= -580.28517388765  delta_E= -4.78e-05  |g|= 0.00382  |ddm|= 0.0173
  HOMO = -0.411853966105524  LUMO = 0.128523451587075
cycle= 7 E= -580.285184404238  delta_E= -1.05e-05  |g|= 0.00159  |ddm|= 0.00978
  HOMO = -0.412202870080193  LUMO = 0.128491322101212
cycle= 8 E= -580.285186138545  delta_E= -1.73e-06  |g|= 0.000442  |ddm|= 0.00425
  HOMO = -0.412220996604483  LUMO = 0.128500681835422
cycle= 9 E= -580.285186272855  delta_E= -1.34e-07  |g|= 8.91e-05  |ddm|= 0.00116
  HOMO = -0.412213287994533  LUMO = 0.12850717327502
cycle= 10 E= -580.285186277762  delta_E= -4.91e-09  |g|= 3.22e-05  |ddm|= 0.000172
  HOMO = -0.412216110223572  LUMO = 0.128499557164718
cycle= 11 E= -580.285186278203  delta_E= -4.41e-10  |g|= 8.08e-06  |ddm|= 4.75e-05
  HOMO = -0.412215178652198  LUMO = 0.128501194529283
Extra cycle  E= -580.285186278237  delta_E= -3.41e-11  |g|= 4.07e-06  |ddm|= 1.31e-05
converged SCF energy = -580.285186278237
AOs:  [0, 1, 2, 3, 4, 5, 6, 7, 8, 9, 10, 11, 12, 13, 14, 15, 16, 17, 18, 19, 20, 21, 22, 23, 24, 25, 26, 27, 28, 29, 30, 31, 32, 33, 34, 35, 36, 37, 38, 39, 40, 41, 42, 43, 44, 45, 46, 47, 48, 49, 50, 51, 52, 53, 54, 55, 56, 57, 58, 59, 60, 61, 62, 63, 64, 65, 66, 67, 68, 69, 70, 71, 72, 73, 74, 75, 76, 77, 78, 79, 80, 81, 82, 83, 84, 85, 86, 87, 88, 89, 90, 91, 92, 93, 94, 95, 96, 97, 98, 99, 100, 101, 102, 103, 104, 105, 106, 107, 108, 109, 110, 111, 112, 113, 114, 115, 116, 117, 118, 119, 120, 121, 122, 123, 124, 125, 126, 127, 128, 129, 130, 131, 132, 133, 134, 135, 136, 137, 138, 139, 140, 141, 142, 143, 144, 145, 146, 147, 148, 149, 150, 151, 152, 153, 154, 155, 156, 157, 158, 159, 160, 161, 162, 163, 164, 165, 166, 167, 168, 169, 170, 171, 172, 173, 174, 175, 176, 177, 178, 179, 180, 181, 182, 183, 184, 185, 186, 187, 188, 189, 190, 191, 192, 193, 194, 195, 196, 197, 198, 199, 200, 201, 202, 203, 204]
205
Number of Active MOs:  41
Number of Environment MOs:  12
Number of Virtual MOs:  249
 # electrons:            α            β
         Env:  12.00000000  12.00000000
         Act:  41.00000000  41.00000000
         Vir:  -0.00000000  -0.00000000
Number of electrons in the active space:  82

 The density matrix is idempotent!

 The density matrix is idempotent!


******** <class 'pyscf.scf.hf.RHF'> ********
method = RHF
initial guess = minao
damping factor = 0
level_shift factor = 0
DIIS = <class 'pyscf.scf.diis.CDIIS'>
diis_start_cycle = 1
diis_space = 8
SCF conv_tol = 1e-09
SCF conv_tol_grad = 1e-05
SCF max_cycles = 200
direct_scf = True
direct_scf_tol = 1e-13
chkfile to save SCF result = subsys_scf.chk
max_memory 900000 MB (current use 8559 MB)
init E= -211.837608809329
  HOMO = -0.413925808332875  LUMO = 0.128500206743055
cycle= 1 E= -211.837612595592  delta_E= -3.79e-06  |g|= 2.54e-06  |ddm|= 6.75e-06
  HOMO = -0.413925715987078  LUMO = 0.128500549774973
cycle= 2 E= -211.837612595756  delta_E= -1.64e-10  |g|= 1.43e-06  |ddm|= 4.09e-06
  HOMO = -0.413925759940026  LUMO = 0.12850035900792
Extra cycle  E= -211.837612595536  delta_E= 2.19e-10  |g|= 9.08e-07  |ddm|= 2.58e-06
converged SCF energy = -211.837612595536
Difference in energy:  -9.980413892662909e-08
E(MP2) = -213.337165947322  E_corr = -1.49955335178597
Total energy =  -581.7847396298639
time elapsed:  44.84275770187378
