

******** <class 'pyscf.scf.hf.RHF'> ********
method = RHF
initial guess = minao
damping factor = 0
level_shift factor = 0
DIIS = <class 'pyscf.scf.diis.CDIIS'>
diis_start_cycle = 1
diis_space = 8
SCF conv_tol = 1e-09
SCF conv_tol_grad = 1e-05
SCF max_cycles = 1000
direct_scf = True
direct_scf_tol = 1e-13
chkfile to save SCF result = scf.fchk
max_memory 900000 MB (current use 79 MB)
init E= -582.248533013686
  HOMO = -0.269626800904482  LUMO = 0.0134591243155894
cycle= 1 E= -580.049489544701  delta_E=  2.2  |g|= 0.948  |ddm|= 5.16
  HOMO = -0.317142272960357  LUMO = 0.0758837943039338
cycle= 2 E= -580.222804586837  delta_E= -0.173  |g|= 0.616  |ddm|= 1.15
  HOMO = -0.412890705218608  LUMO = 0.121887867434335
cycle= 3 E= -580.293390629358  delta_E= -0.0706  |g|= 0.138  |ddm|= 0.543
  HOMO = -0.405731054341789  LUMO = 0.135966676120071
cycle= 4 E= -580.298567670627  delta_E= -0.00518  |g|= 0.0487  |ddm|= 0.141
  HOMO = -0.41309026278035  LUMO = 0.133440275426373
cycle= 5 E= -580.299084769282  delta_E= -0.000517  |g|= 0.0101  |ddm|= 0.0521
  HOMO = -0.414235625242974  LUMO = 0.133370331216167
cycle= 6 E= -580.299134837984  delta_E= -5.01e-05  |g|= 0.00393  |ddm|= 0.0178
  HOMO = -0.414353892822488  LUMO = 0.133906910692326
cycle= 7 E= -580.299146411547  delta_E= -1.16e-05  |g|= 0.00162  |ddm|= 0.0105
  HOMO = -0.414741897812206  LUMO = 0.133850480449006
cycle= 8 E= -580.299148192619  delta_E= -1.78e-06  |g|= 0.000442  |ddm|= 0.00437
  HOMO = -0.414763813828762  LUMO = 0.133868290596033
cycle= 9 E= -580.299148328643  delta_E= -1.36e-07  |g|= 8.71e-05  |ddm|= 0.00117
  HOMO = -0.414753396167382  LUMO = 0.133872520464316
cycle= 10 E= -580.299148333383  delta_E= -4.74e-09  |g|= 3.1e-05  |ddm|= 0.000171
  HOMO = -0.414759039885917  LUMO = 0.133865323588177
cycle= 11 E= -580.29914833379  delta_E= -4.07e-10  |g|= 8.45e-06  |ddm|= 4.56e-05
  HOMO = -0.414757077579604  LUMO = 0.133867120381776
Extra cycle  E= -580.299148333831  delta_E= -4.14e-11  |g|= 4.38e-06  |ddm|= 1.39e-05
converged SCF energy = -580.299148333831
AOs:  [0, 1, 2, 3, 4, 5, 6, 7, 8, 9, 10, 11, 12, 13, 14, 15, 16, 17, 18, 19, 20, 21, 22, 23, 24, 25, 26, 27, 28, 29, 30, 31, 32, 33, 34, 35, 36, 37, 38, 39, 40, 41, 42, 43, 44, 45, 46, 47, 48, 49, 50, 51, 52, 53, 54, 55, 56, 57, 58, 59, 60, 61, 62, 63, 64, 65, 66, 67, 68, 69, 70, 71, 72, 73, 74, 75, 76, 77, 78, 79, 80, 81, 82, 83, 84, 85, 86, 87, 88, 89, 90, 91, 92, 93, 94, 95, 96, 97, 98, 99, 100, 101, 102, 103, 104, 105, 106, 107, 108, 109, 110, 111, 112, 113, 114, 115, 116, 117, 118, 119, 120, 121, 122, 123, 124, 125, 126, 127, 128, 129, 130, 131, 132, 133, 134, 135, 136, 137, 138, 139, 140, 141, 142, 143, 144, 145, 146, 147, 148, 149, 150, 151, 152, 153, 154, 155, 156, 157, 158, 159, 160, 161, 162, 163, 164, 165, 166, 167, 168, 169, 170, 171, 172, 173, 174, 175, 176, 177, 178, 179, 180, 181, 182, 183, 184, 185, 186, 187, 188, 189, 190, 191, 192, 193, 194, 195, 196, 197, 198, 199, 200, 201, 202, 203, 204]
205
Number of Active MOs:  41
Number of Environment MOs:  12
Number of Virtual MOs:  249
 # electrons:            α            β
         Env:  12.00000000  12.00000000
         Act:  41.00000000  41.00000000
         Vir:   0.00000000   0.00000000
Number of electrons in the active space:  82

 The density matrix is idempotent!

 The density matrix is idempotent!


******** <class 'pyscf.scf.hf.RHF'> ********
method = RHF
initial guess = minao
damping factor = 0
level_shift factor = 0
DIIS = <class 'pyscf.scf.diis.CDIIS'>
diis_start_cycle = 1
diis_space = 8
SCF conv_tol = 1e-09
SCF conv_tol_grad = 1e-05
SCF max_cycles = 200
direct_scf = True
direct_scf_tol = 1e-13
chkfile to save SCF result = subsys_scf.chk
max_memory 900000 MB (current use 8559 MB)
init E= -212.134522223761
  HOMO = -0.420789953139162  LUMO = 0.133866091426672
cycle= 1 E= -212.134526012583  delta_E= -3.79e-06  |g|= 2.75e-06  |ddm|= 7.31e-06
  HOMO = -0.420789516625888  LUMO = 0.133866462972673
cycle= 2 E= -212.134526012661  delta_E= -7.73e-11  |g|= 1.6e-06  |ddm|= 4.55e-06
  HOMO = -0.420789747307147  LUMO = 0.133866263039604
Extra cycle  E= -212.134526012457  delta_E= 2.04e-10  |g|= 1.03e-06  |ddm|= 2.91e-06
converged SCF energy = -212.134526012457
Difference in energy:  -5.3005343261247616e-08
E(MP2) = -213.632874155045  E_corr = -1.49834814258763
Total energy =  -581.797496476334
time elapsed:  45.366124868392944
