

******** <class 'pyscf.scf.hf.RHF'> ********
method = RHF
initial guess = minao
damping factor = 0
level_shift factor = 0
DIIS = <class 'pyscf.scf.diis.CDIIS'>
diis_start_cycle = 1
diis_space = 8
SCF conv_tol = 1e-09
SCF conv_tol_grad = 1e-05
SCF max_cycles = 1000
direct_scf = True
direct_scf_tol = 1e-13
chkfile to save SCF result = scf.fchk
max_memory 900000 MB (current use 79 MB)
init E= -582.201706566771
  HOMO = -0.269121224762466  LUMO = 0.0141730489811916
cycle= 1 E= -580.05487001413  delta_E= 2.15  |g|= 0.951  |ddm|= 5.16
  HOMO = -0.335731510517271  LUMO = 0.0840102151027407
cycle= 2 E= -580.225219042358  delta_E= -0.17  |g|= 0.63  |ddm|= 1.16
  HOMO = -0.409947101750024  LUMO = 0.125621364862437
cycle= 3 E= -580.298850871828  delta_E= -0.0736  |g|= 0.139  |ddm|= 0.562
  HOMO = -0.402621643662945  LUMO = 0.139471097348117
cycle= 4 E= -580.304124183787  delta_E= -0.00527  |g|= 0.0471  |ddm|= 0.141
  HOMO = -0.410333851936904  LUMO = 0.137281425019202
cycle= 5 E= -580.304621300088  delta_E= -0.000497  |g|= 0.0103  |ddm|= 0.0522
  HOMO = -0.411337119293049  LUMO = 0.137224723256648
cycle= 6 E= -580.304673205762  delta_E= -5.19e-05  |g|= 0.00402  |ddm|= 0.0183
  HOMO = -0.411500018396062  LUMO = 0.137774238994033
cycle= 7 E= -580.304685651591  delta_E= -1.24e-05  |g|= 0.00163  |ddm|= 0.0112
  HOMO = -0.411913764436201  LUMO = 0.137702361124849
cycle= 8 E= -580.30468744741  delta_E= -1.8e-06  |g|= 0.000444  |ddm|= 0.00444
  HOMO = -0.411933014651764  LUMO = 0.137725250863062
cycle= 9 E= -580.304687584525  delta_E= -1.37e-07  |g|= 8.65e-05  |ddm|= 0.00118
  HOMO = -0.411922445369037  LUMO = 0.137728128061167
cycle= 10 E= -580.304687589229  delta_E= -4.7e-09  |g|= 3.04e-05  |ddm|= 0.000172
  HOMO = -0.411928334314383  LUMO = 0.137721186291707
cycle= 11 E= -580.304687589628  delta_E= -3.99e-10  |g|= 8.76e-06  |ddm|= 4.51e-05
  HOMO = -0.411926102026052  LUMO = 0.137723081653541
Extra cycle  E= -580.30468758967  delta_E= -4.23e-11  |g|= 4.62e-06  |ddm|= 1.45e-05
converged SCF energy = -580.30468758967
AOs:  [0, 1, 2, 3, 4, 5, 6, 7, 8, 9, 10, 11, 12, 13, 14, 15, 16, 17, 18, 19, 20, 21, 22, 23, 24, 25, 26, 27, 28, 29, 30, 31, 32, 33, 34, 35, 36, 37, 38, 39, 40, 41, 42, 43, 44, 45, 46, 47, 48, 49, 50, 51, 52, 53, 54, 55, 56, 57, 58, 59, 60, 61, 62, 63, 64, 65, 66, 67, 68, 69, 70, 71, 72, 73, 74, 75, 76, 77, 78, 79, 80, 81, 82, 83, 84, 85, 86, 87, 88, 89, 90, 91, 92, 93, 94, 95, 96, 97, 98, 99, 100, 101, 102, 103, 104, 105, 106, 107, 108, 109, 110, 111, 112, 113, 114, 115, 116, 117, 118, 119, 120, 121, 122, 123, 124, 125, 126, 127, 128, 129, 130, 131, 132, 133, 134, 135, 136, 137, 138, 139, 140, 141, 142, 143, 144, 145, 146, 147, 148, 149, 150, 151, 152, 153, 154, 155, 156, 157, 158, 159, 160, 161, 162, 163, 164, 165, 166, 167, 168, 169, 170, 171, 172, 173, 174, 175, 176, 177, 178, 179, 180, 181, 182, 183, 184, 185, 186, 187, 188, 189, 190, 191, 192, 193, 194, 195, 196, 197, 198, 199, 200, 201, 202, 203, 204]
205
Number of Active MOs:  41
Number of Environment MOs:  12
Number of Virtual MOs:  249
 # electrons:            α            β
         Env:  12.00000000  12.00000000
         Act:  41.00000000  41.00000000
         Vir:  -0.00000000  -0.00000000
Number of electrons in the active space:  82

 The density matrix is idempotent!

 The density matrix is idempotent!


******** <class 'pyscf.scf.hf.RHF'> ********
method = RHF
initial guess = minao
damping factor = 0
level_shift factor = 0
DIIS = <class 'pyscf.scf.diis.CDIIS'>
diis_start_cycle = 1
diis_space = 8
SCF conv_tol = 1e-09
SCF conv_tol_grad = 1e-05
SCF max_cycles = 200
direct_scf = True
direct_scf_tol = 1e-13
chkfile to save SCF result = subsys_scf.chk
max_memory 900000 MB (current use 8559 MB)
init E= -212.41971418937
  HOMO = -0.418296331060334  LUMO = 0.137722037427991
cycle= 1 E= -212.419717980025  delta_E= -3.79e-06  |g|= 2.9e-06  |ddm|= 7.71e-06
  HOMO = -0.41829577900797  LUMO = 0.137722421606137
cycle= 2 E= -212.419717979788  delta_E= 2.37e-10  |g|= 1.72e-06  |ddm|= 4.86e-06
  HOMO = -0.418296065907627  LUMO = 0.13772221992489
Extra cycle  E= -212.419717980094  delta_E= -3.06e-10  |g|= 1.11e-06  |ddm|= 3.13e-06
converged SCF energy = -212.419717980094
Difference in energy:  5.944731162799144e-07
E(MP2) = -213.917174254684  E_corr = -1.49745627458988
Total energy =  -581.8021438652074
time elapsed:  43.89416265487671
