

******** <class 'pyscf.scf.hf.RHF'> ********
method = RHF
initial guess = minao
damping factor = 0
level_shift factor = 0
DIIS = <class 'pyscf.scf.diis.CDIIS'>
diis_start_cycle = 1
diis_space = 8
SCF conv_tol = 1e-09
SCF conv_tol_grad = 1e-05
SCF max_cycles = 1000
direct_scf = True
direct_scf_tol = 1e-13
chkfile to save SCF result = scf.fchk
max_memory 900000 MB (current use 79 MB)
init E= -582.14197991573
  HOMO = -0.268580902143341  LUMO = 0.0150206013914186
cycle= 1 E= -580.042396900385  delta_E=  2.1  |g|= 0.976  |ddm|= 5.16
  HOMO = -0.317586700987865  LUMO = 0.105219281444482
cycle= 2 E= -580.209995674991  delta_E= -0.168  |g|= 0.681  |ddm|= 1.27
  HOMO = -0.397069332799153  LUMO = 0.137732046284596
cycle= 3 E= -580.295807032501  delta_E= -0.0858  |g|= 0.139  |ddm|= 0.635
  HOMO = -0.391755459691802  LUMO = 0.149539433436419
cycle= 4 E= -580.301281791851  delta_E= -0.00547  |g|= 0.0444  |ddm|= 0.143
  HOMO = -0.398723666040794  LUMO = 0.148517773521603
cycle= 5 E= -580.301752563914  delta_E= -0.000471  |g|= 0.0109  |ddm|= 0.0538
  HOMO = -0.399801231377515  LUMO = 0.148432250114071
cycle= 6 E= -580.301811102956  delta_E= -5.85e-05  |g|= 0.00435  |ddm|= 0.0201
  HOMO = -0.400141647829375  LUMO = 0.148963748921626
cycle= 7 E= -580.301826438244  delta_E= -1.53e-05  |g|= 0.00166  |ddm|= 0.0135
  HOMO = -0.400617640553528  LUMO = 0.148878838815264
cycle= 8 E= -580.301828295757  delta_E= -1.86e-06  |g|= 0.000451  |ddm|= 0.00471
  HOMO = -0.400635973467455  LUMO = 0.148906561757303
cycle= 9 E= -580.301828432137  delta_E= -1.36e-07  |g|= 8.92e-05  |ddm|= 0.00117
  HOMO = -0.400623174154108  LUMO = 0.14890783723297
cycle= 10 E= -580.301828437078  delta_E= -4.94e-09  |g|= 3.1e-05  |ddm|= 0.000179
  HOMO = -0.400629880547321  LUMO = 0.148901013088302
cycle= 11 E= -580.301828437491  delta_E= -4.14e-10  |g|= 9.53e-06  |ddm|= 4.7e-05
  HOMO = -0.400627216827282  LUMO = 0.148902936365937
Extra cycle  E= -580.301828437547  delta_E= -5.53e-11  |g|= 5.14e-06  |ddm|= 1.62e-05
converged SCF energy = -580.301828437547
AOs:  [0, 1, 2, 3, 4, 5, 6, 7, 8, 9, 10, 11, 12, 13, 14, 15, 16, 17, 18, 19, 20, 21, 22, 23, 24, 25, 26, 27, 28, 29, 30, 31, 32, 33, 34, 35, 36, 37, 38, 39, 40, 41, 42, 43, 44, 45, 46, 47, 48, 49, 50, 51, 52, 53, 54, 55, 56, 57, 58, 59, 60, 61, 62, 63, 64, 65, 66, 67, 68, 69, 70, 71, 72, 73, 74, 75, 76, 77, 78, 79, 80, 81, 82, 83, 84, 85, 86, 87, 88, 89, 90, 91, 92, 93, 94, 95, 96, 97, 98, 99, 100, 101, 102, 103, 104, 105, 106, 107, 108, 109, 110, 111, 112, 113, 114, 115, 116, 117, 118, 119, 120, 121, 122, 123, 124, 125, 126, 127, 128, 129, 130, 131, 132, 133, 134, 135, 136, 137, 138, 139, 140, 141, 142, 143, 144, 145, 146, 147, 148, 149, 150, 151, 152, 153, 154, 155, 156, 157, 158, 159, 160, 161, 162, 163, 164, 165, 166, 167, 168, 169, 170, 171, 172, 173, 174, 175, 176, 177, 178, 179, 180, 181, 182, 183, 184, 185, 186, 187, 188, 189, 190, 191, 192, 193, 194, 195, 196, 197, 198, 199, 200, 201, 202, 203, 204]
205
Number of Active MOs:  41
Number of Environment MOs:  12
Number of Virtual MOs:  249
 # electrons:            α            β
         Env:  12.00000000  12.00000000
         Act:  41.00000000  41.00000000
         Vir:  -0.00000000  -0.00000000
Number of electrons in the active space:  82

 The density matrix is idempotent!

 The density matrix is idempotent!


******** <class 'pyscf.scf.hf.RHF'> ********
method = RHF
initial guess = minao
damping factor = 0
level_shift factor = 0
DIIS = <class 'pyscf.scf.diis.CDIIS'>
diis_start_cycle = 1
diis_space = 8
SCF conv_tol = 1e-09
SCF conv_tol_grad = 1e-05
SCF max_cycles = 200
direct_scf = True
direct_scf_tol = 1e-13
chkfile to save SCF result = subsys_scf.chk
max_memory 900000 MB (current use 8559 MB)
init E= -214.514056150882
  HOMO = -0.405975499308679  LUMO = 0.148901946892513
cycle= 1 E= -214.51405994728  delta_E= -3.8e-06  |g|= 3.24e-06  |ddm|= 8.68e-06
  HOMO = -0.405974883268224  LUMO = 0.148902297505302
cycle= 2 E= -214.514059947187  delta_E= 9.31e-11  |g|= 1.99e-06  |ddm|= 5.61e-06
  HOMO = -0.405975201994347  LUMO = 0.148902115955921
Extra cycle  E= -214.514059947224  delta_E= -3.68e-11  |g|= 1.32e-06  |ddm|= 3.67e-06
converged SCF energy = -214.514059947224
Difference in energy:  3.8223772435230786e-07
E(MP2) = -216.010026632452  E_corr = -1.49596668522809
Total energy =  -581.7977951233838
time elapsed:  45.18414831161499
