

******** <class 'pyscf.dft.rks.RKS'> ********
method = RKS-RHF
initial guess = minao
damping factor = 0
level_shift factor = 0
DIIS = <class 'pyscf.scf.diis.CDIIS'>
diis_start_cycle = 1
diis_space = 8
SCF conv_tol = 1e-09
SCF conv_tol_grad = 1e-05
SCF max_cycles = 1000
direct_scf = True
direct_scf_tol = 1e-13
chkfile to save SCF result = scf.fchk
max_memory 900000 MB (current use 79 MB)
XC library pyscf.dft.libxc version 5.1.7
    S. Lehtola, C. Steigemann, M. J. Oliveira, and M. A. Marques, SoftwareX 7, 1 (2018)
XC functionals = pbe
    J. P. Perdew, K. Burke, and M. Ernzerhof, Phys. Rev. Lett. 77, 3865 (1996)
    J. P. Perdew, K. Burke, and M. Ernzerhof, Phys. Rev. Lett. 78, 1396 (1997)
    J. P. Perdew, K. Burke, and M. Ernzerhof, Phys. Rev. Lett. 77, 3865 (1996)
    J. P. Perdew, K. Burke, and M. Ernzerhof, Phys. Rev. Lett. 78, 1396 (1997)
small_rho_cutoff = 1e-07
init E= -776.059004044612
  HOMO = -0.2572363088261  LUMO = -0.184488658459528
cycle= 1 E= -774.142138992355  delta_E= 1.92  |g|= 1.16  |ddm|= 6.28
  HOMO = -0.0372769940343866  LUMO = 0.0133172269755829
cycle= 2 E= -771.160602969996  delta_E= 2.98  |g|= 2.86  |ddm|= 3.89
  HOMO = -0.121046209816969  LUMO = -0.0775949749695763
cycle= 3 E= -773.534625716743  delta_E= -2.37  |g|= 1.54  |ddm|= 3.44
  HOMO = -0.164850892610106  LUMO = -0.0886800776393407
cycle= 4 E= -774.444020237402  delta_E= -0.909  |g|= 0.34  |ddm|= 2.17
  HOMO = -0.174578167748647  LUMO = -0.1130962424026
cycle= 5 E= -774.427113845988  delta_E= 0.0169  |g|= 0.374  |ddm|= 0.918
  HOMO = -0.179791127626031  LUMO = -0.11002301022278
cycle= 6 E= -774.473742603414  delta_E= -0.0466  |g|= 0.149  |ddm|= 0.622
  HOMO = -0.178289191393672  LUMO = -0.107821046076318
cycle= 7 E= -774.479785343284  delta_E= -0.00604  |g|= 0.046  |ddm|= 0.194
  HOMO = -0.178157288175803  LUMO = -0.106639371432258
cycle= 8 E= -774.48011446137  delta_E= -0.000329  |g|= 0.0296  |ddm|= 0.0773
  HOMO = -0.178056247424538  LUMO = -0.106825373809633
cycle= 9 E= -774.48037728905  delta_E= -0.000263  |g|= 0.00903  |ddm|= 0.0386
  HOMO = -0.178252981615135  LUMO = -0.106951280070578
cycle= 10 E= -774.480388300467  delta_E= -1.1e-05  |g|= 0.00619  |ddm|= 0.015
  HOMO = -0.178292612727084  LUMO = -0.106907176855249
cycle= 11 E= -774.480396949754  delta_E= -8.65e-06  |g|= 0.00287  |ddm|= 0.00926
  HOMO = -0.178244966911508  LUMO = -0.106863290155467
cycle= 12 E= -774.48039921709  delta_E= -2.27e-06  |g|= 0.00055  |ddm|= 0.00337
  HOMO = -0.178241379107774  LUMO = -0.106869422253242
cycle= 13 E= -774.480399315732  delta_E= -9.86e-08  |g|= 0.000222  |ddm|= 0.000799
  HOMO = -0.178234944543624  LUMO = -0.10686741161143
cycle= 14 E= -774.480399330124  delta_E= -1.44e-08  |g|= 8.17e-05  |ddm|= 0.000307
  HOMO = -0.17823545282493  LUMO = -0.106870363417638
cycle= 15 E= -774.480399319792  delta_E= 1.03e-08  |g|= 0.000198  |ddm|= 0.000311
  HOMO = -0.178236905890603  LUMO = -0.106871346848966
cycle= 16 E= -774.480399331589  delta_E= -1.18e-08  |g|= 3.9e-05  |ddm|= 0.00024
  HOMO = -0.178236454940266  LUMO = -0.106870019215118
cycle= 17 E= -774.48039933185  delta_E= -2.61e-10  |g|= 1.93e-05  |ddm|= 4.81e-05
  HOMO = -0.178236430475568  LUMO = -0.106870033511171
cycle= 18 E= -774.48039933195  delta_E= -1e-10  |g|= 6.92e-06  |ddm|= 2.61e-05
  HOMO = -0.178236874583773  LUMO = -0.106869805029396
Extra cycle  E= -774.480399331812  delta_E= 1.38e-10  |g|= 2.13e-05  |ddm|= 3.7e-05
converged SCF energy = -774.480399331812
AOs:  [0, 1, 2, 3, 4, 5, 6, 7, 8, 9, 10, 11, 12, 13, 14, 15, 16, 17, 18, 19, 20, 21, 22, 23, 24, 25, 26, 27, 28, 29, 30, 31, 32, 33, 34, 35, 36, 37, 38, 39, 40, 41, 42, 43, 44, 45, 46, 47, 48, 49, 50, 51, 52, 53, 54, 55, 56, 57, 58, 59, 60, 61, 62, 63]
64
Number of Active MOs:  16
Number of Environment MOs:  54
Number of Virtual MOs:  244
 # electrons:            α            β
         Env:  54.00000000  54.00000000
         Act:  16.00000000  16.00000000
         Vir:  -0.00000000  -0.00000000
Number of electrons in the active space:  32

 The density matrix is idempotent!

 The density matrix is idempotent!


******** <class 'pyscf.dft.rks.RKS'> ********
method = RKS-RHF
initial guess = minao
damping factor = 0
level_shift factor = 0
DIIS = <class 'pyscf.scf.diis.CDIIS'>
diis_start_cycle = 1
diis_space = 8
SCF conv_tol = 1e-09
SCF conv_tol_grad = 1e-05
SCF max_cycles = 200
direct_scf = True
direct_scf_tol = 1e-13
chkfile to save SCF result = subsys_scf.chk
max_memory 900000 MB (current use 10671 MB)
XC library pyscf.dft.libxc version 5.1.7
    S. Lehtola, C. Steigemann, M. J. Oliveira, and M. A. Marques, SoftwareX 7, 1 (2018)
XC functionals = pbe
    J. P. Perdew, K. Burke, and M. Ernzerhof, Phys. Rev. Lett. 77, 3865 (1996)
    J. P. Perdew, K. Burke, and M. Ernzerhof, Phys. Rev. Lett. 78, 1396 (1997)
    J. P. Perdew, K. Burke, and M. Ernzerhof, Phys. Rev. Lett. 77, 3865 (1996)
    J. P. Perdew, K. Burke, and M. Ernzerhof, Phys. Rev. Lett. 78, 1396 (1997)
small_rho_cutoff = 1e-07
init E= 1002.75420660075
  HOMO = -0.196887109681872  LUMO = -0.10684931554604
cycle= 1 E= 1002.75420594049  delta_E= -6.6e-07  |g|= 0.000151  |ddm|= 0.00127
  HOMO = -0.196871624012434  LUMO = -0.106837504276897
cycle= 2 E= 1002.75420598245  delta_E= 4.2e-08  |g|= 0.000379  |ddm|= 0.000634
  HOMO = -0.196883735559108  LUMO = -0.106846483265061
cycle= 3 E= 1002.75420593172  delta_E= -5.07e-08  |g|= 2.02e-05  |ddm|= 0.000461
  HOMO = -0.196881499021862  LUMO = -0.106844504026351
cycle= 4 E= 1002.7542059314  delta_E= -3.24e-10  |g|= 1.01e-05  |ddm|= 3.2e-05
  HOMO = -0.196881785516143  LUMO = -0.106844891920946
cycle= 5 E= 1002.75420593164  delta_E= 2.47e-10  |g|= 6.79e-06  |ddm|= 1.55e-05
  HOMO = -0.196882069732792  LUMO = -0.106844971771763
Extra cycle  E= 1002.7542059317  delta_E= 5.78e-11  |g|= 1.74e-05  |ddm|= 2.71e-05
converged SCF energy = 1002.7542059317
Difference in energy:  0.008622312414415774
Total mean-field energy =  -774.4804130723301
time elapsed:  30.65795922279358
