

******** <class 'pyscf.dft.rks.RKS'> ********
method = RKS-RHF
initial guess = minao
damping factor = 0
level_shift factor = 0
DIIS = <class 'pyscf.scf.diis.CDIIS'>
diis_start_cycle = 1
diis_space = 8
SCF conv_tol = 1e-09
SCF conv_tol_grad = 1e-05
SCF max_cycles = 1000
direct_scf = True
direct_scf_tol = 1e-13
chkfile to save SCF result = scf.fchk
max_memory 900000 MB (current use 79 MB)
XC library pyscf.dft.libxc version 5.1.7
    S. Lehtola, C. Steigemann, M. J. Oliveira, and M. A. Marques, SoftwareX 7, 1 (2018)
XC functionals = pbe
    J. P. Perdew, K. Burke, and M. Ernzerhof, Phys. Rev. Lett. 77, 3865 (1996)
    J. P. Perdew, K. Burke, and M. Ernzerhof, Phys. Rev. Lett. 78, 1396 (1997)
    J. P. Perdew, K. Burke, and M. Ernzerhof, Phys. Rev. Lett. 77, 3865 (1996)
    J. P. Perdew, K. Burke, and M. Ernzerhof, Phys. Rev. Lett. 78, 1396 (1997)
small_rho_cutoff = 1e-07
init E= -776.047400433579
  HOMO = -0.234859336727104  LUMO = -0.206495768855034
cycle= 1 E= -774.01198829689  delta_E= 2.04  |g|= 1.19  |ddm|= 6.28
  HOMO = -0.0030913444535846  LUMO = 0.00126083246919024
cycle= 2 E= -764.199571478108  delta_E= 9.81  |g|= 4.02  |ddm|= 5.79
  HOMO = -0.0998187386549156  LUMO = -0.0659286016611918
cycle= 3 E= -773.741178552999  delta_E= -9.54  |g|= 1.33  |ddm|= 5.42
  HOMO = -0.10805908347154  LUMO = -0.0787419836123014
cycle= 4 E= -772.709312533144  delta_E= 1.03  |g|= 1.86  |ddm|= 3.37
  HOMO = -0.137488067933911  LUMO = -0.0974472249760272
cycle= 5 E= -774.103864543941  delta_E= -1.39  |g|= 0.733  |ddm|= 2.64
  HOMO = -0.16077931685622  LUMO = -0.127100580003057
cycle= 6 E= -774.274354066195  delta_E= -0.17  |g|= 0.555  |ddm|= 2.17
  HOMO = -0.150706402678584  LUMO = -0.1352600921948
cycle= 7 E= -774.383189337553  delta_E= -0.109  |g|= 0.224  |ddm|= 1.38
  HOMO = -0.147779023143681  LUMO = -0.131622838611489
cycle= 8 E= -774.398664507602  delta_E= -0.0155  |g|= 0.151  |ddm|= 0.66
  HOMO = -0.150404455324429  LUMO = -0.13547277156286
cycle= 9 E= -774.405098001927  delta_E= -0.00643  |g|= 0.0786  |ddm|= 0.344
  HOMO = -0.150138346894663  LUMO = -0.135072350007853
cycle= 10 E= -774.406946566502  delta_E= -0.00185  |g|= 0.0313  |ddm|= 0.123
  HOMO = -0.150037917312228  LUMO = -0.134988708500343
cycle= 11 E= -774.407027876944  delta_E= -8.13e-05  |g|= 0.0216  |ddm|= 0.0496
  HOMO = -0.149957960459493  LUMO = -0.134850432187894
cycle= 12 E= -774.407188163149  delta_E= -0.00016  |g|= 0.0102  |ddm|= 0.0224
  HOMO = -0.15001955670921  LUMO = -0.134897669174667
cycle= 13 E= -774.407220215207  delta_E= -3.21e-05  |g|= 0.00602  |ddm|= 0.009
  HOMO = -0.150029956869852  LUMO = -0.134879168583091
cycle= 14 E= -774.407237809138  delta_E= -1.76e-05  |g|= 0.0013  |ddm|= 0.0124
  HOMO = -0.150009215846816  LUMO = -0.134858265865559
cycle= 15 E= -774.40723805819  delta_E= -2.49e-07  |g|= 0.000824  |ddm|= 0.00217
  HOMO = -0.150012252835594  LUMO = -0.134863442956121
cycle= 16 E= -774.407238210618  delta_E= -1.52e-07  |g|= 0.000287  |ddm|= 0.00143
  HOMO = -0.150004569987199  LUMO = -0.134854369428104
cycle= 17 E= -774.407238235389  delta_E= -2.48e-08  |g|= 0.00022  |ddm|= 0.000628
  HOMO = -0.150010933163571  LUMO = -0.134860278930739
cycle= 18 E= -774.407238249837  delta_E= -1.44e-08  |g|= 6.46e-05  |ddm|= 0.000329
  HOMO = -0.150011605549931  LUMO = -0.134861072684578
cycle= 19 E= -774.407238250422  delta_E= -5.85e-10  |g|= 3.97e-05  |ddm|= 9.18e-05
  HOMO = -0.150011837606888  LUMO = -0.134861271775441
cycle= 20 E= -774.407238250044  delta_E= 3.78e-10  |g|= 4.82e-05  |ddm|= 8.39e-05
  HOMO = -0.150011384394773  LUMO = -0.134860931441366
cycle= 21 E= -774.407238250913  delta_E= -8.68e-10  |g|= 8.1e-06  |ddm|= 6.66e-05
  HOMO = -0.150010813789214  LUMO = -0.134860840715352
Extra cycle  E= -774.407238247782  delta_E= 3.13e-09  |g|= 7.92e-05  |ddm|= 0.000175
converged SCF energy = -774.407238247782
AOs:  [0, 1, 2, 3, 4, 5, 6, 7, 8, 9, 10, 11, 12, 13, 14, 15, 16, 17, 18, 19, 20, 21, 22, 23, 24, 25, 26, 27, 28, 29, 30, 31, 32, 33, 34, 35, 36, 37, 38, 39, 40, 41, 42, 43, 44, 45, 46, 47, 48, 49, 50, 51, 52, 53, 54, 55, 56, 57, 58, 59, 60, 61, 62, 63]
64
Number of Active MOs:  16
Number of Environment MOs:  54
Number of Virtual MOs:  244
 # electrons:            α            β
         Env:  54.00000000  54.00000000
         Act:  16.00000000  16.00000000
         Vir:   0.00000000   0.00000000
Number of electrons in the active space:  32

 The density matrix is idempotent!

 The density matrix is idempotent!


******** <class 'pyscf.dft.rks.RKS'> ********
method = RKS-RHF
initial guess = minao
damping factor = 0
level_shift factor = 0
DIIS = <class 'pyscf.scf.diis.CDIIS'>
diis_start_cycle = 1
diis_space = 8
SCF conv_tol = 1e-09
SCF conv_tol_grad = 1e-05
SCF max_cycles = 200
direct_scf = True
direct_scf_tol = 1e-13
chkfile to save SCF result = subsys_scf.chk
max_memory 900000 MB (current use 10411 MB)
XC library pyscf.dft.libxc version 5.1.7
    S. Lehtola, C. Steigemann, M. J. Oliveira, and M. A. Marques, SoftwareX 7, 1 (2018)
XC functionals = pbe
    J. P. Perdew, K. Burke, and M. Ernzerhof, Phys. Rev. Lett. 77, 3865 (1996)
    J. P. Perdew, K. Burke, and M. Ernzerhof, Phys. Rev. Lett. 78, 1396 (1997)
    J. P. Perdew, K. Burke, and M. Ernzerhof, Phys. Rev. Lett. 77, 3865 (1996)
    J. P. Perdew, K. Burke, and M. Ernzerhof, Phys. Rev. Lett. 78, 1396 (1997)
small_rho_cutoff = 1e-07
init E= 990.879402653188
  HOMO = -0.155864784369037  LUMO = -0.134842332748964
cycle= 1 E= 990.879402045498  delta_E= -6.08e-07  |g|= 0.000843  |ddm|= 0.00293
  HOMO = -0.155778830858484  LUMO = -0.134829132758266
cycle= 2 E= 990.879443248806  delta_E= 4.12e-05  |g|= 0.00856  |ddm|= 0.0213
  HOMO = -0.155842910498043  LUMO = -0.134830493695372
cycle= 3 E= 990.879401673046  delta_E= -4.16e-05  |g|= 0.000276  |ddm|= 0.0196
  HOMO = -0.15585553929218  LUMO = -0.134841251857969
cycle= 4 E= 990.879401644769  delta_E= -2.83e-08  |g|= 6.18e-05  |ddm|= 0.000439
  HOMO = -0.155852150751858  LUMO = -0.134838345131756
cycle= 5 E= 990.879401643399  delta_E= -1.37e-09  |g|= 3.92e-05  |ddm|= 0.000105
  HOMO = -0.155852608625877  LUMO = -0.134838640222031
cycle= 6 E= 990.879401642967  delta_E= -4.32e-10  |g|= 1.08e-05  |ddm|= 4.51e-05
  HOMO = -0.155852951793428  LUMO = -0.134839026417907
cycle= 7 E= 990.87940164317  delta_E= 2.02e-10  |g|= 9.07e-07  |ddm|= 2.41e-05
  HOMO = -0.155852763629987  LUMO = -0.134838873409929
Extra cycle  E= 990.879401643092  delta_E= -7.82e-11  |g|= 2.19e-06  |ddm|= 3.78e-06
converged SCF energy = 990.879401643092
Difference in energy:  -0.02556108464159138
Total mean-field energy =  -774.4071975136345
time elapsed:  39.573397159576416
