

******** <class 'pyscf.dft.rks.RKS'> ********
method = RKS-RHF
initial guess = minao
damping factor = 0
level_shift factor = 0
DIIS = <class 'pyscf.scf.diis.CDIIS'>
diis_start_cycle = 1
diis_space = 8
SCF conv_tol = 1e-09
SCF conv_tol_grad = 1e-05
SCF max_cycles = 1000
direct_scf = True
direct_scf_tol = 1e-13
chkfile to save SCF result = scf.fchk
max_memory 900000 MB (current use 79 MB)
XC library pyscf.dft.libxc version 5.1.7
    S. Lehtola, C. Steigemann, M. J. Oliveira, and M. A. Marques, SoftwareX 7, 1 (2018)
XC functionals = pbe
    J. P. Perdew, K. Burke, and M. Ernzerhof, Phys. Rev. Lett. 77, 3865 (1996)
    J. P. Perdew, K. Burke, and M. Ernzerhof, Phys. Rev. Lett. 78, 1396 (1997)
    J. P. Perdew, K. Burke, and M. Ernzerhof, Phys. Rev. Lett. 77, 3865 (1996)
    J. P. Perdew, K. Burke, and M. Ernzerhof, Phys. Rev. Lett. 78, 1396 (1997)
small_rho_cutoff = 1e-07
init E= -776.058247216754
  HOMO = -0.256940731398548  LUMO = -0.184885842631516
cycle= 1 E= -774.141177493202  delta_E= 1.92  |g|= 1.16  |ddm|= 6.28
  HOMO = -0.0379121519331347  LUMO = 0.0134048892479234
cycle= 2 E= -771.155583258362  delta_E= 2.99  |g|= 2.86  |ddm|=  3.9
  HOMO = -0.121173305441046  LUMO = -0.0770713222969325
cycle= 3 E= -773.541828800488  delta_E= -2.39  |g|= 1.54  |ddm|= 3.44
  HOMO = -0.16446449005484  LUMO = -0.0892563576184746
cycle= 4 E= -774.443380217558  delta_E= -0.902  |g|= 0.339  |ddm|= 2.17
  HOMO = -0.174643192945104  LUMO = -0.11316304281382
cycle= 5 E= -774.425128345949  delta_E= 0.0183  |g|= 0.377  |ddm|= 0.921
  HOMO = -0.179492297161683  LUMO = -0.110367624133348
cycle= 6 E= -774.472638348585  delta_E= -0.0475  |g|= 0.15  |ddm|= 0.631
  HOMO = -0.178018687086896  LUMO = -0.108239205907068
cycle= 7 E= -774.47879387686  delta_E= -0.00616  |g|= 0.0465  |ddm|= 0.197
  HOMO = -0.177861479138154  LUMO = -0.107058580522635
cycle= 8 E= -774.479137746092  delta_E= -0.000344  |g|= 0.0296  |ddm|= 0.0782
  HOMO = -0.177763248235137  LUMO = -0.107258880885922
cycle= 9 E= -774.479400795136  delta_E= -0.000263  |g|= 0.00912  |ddm|= 0.0388
  HOMO = -0.177957494945954  LUMO = -0.107382173162277
cycle= 10 E= -774.479411841502  delta_E= -1.1e-05  |g|= 0.00633  |ddm|= 0.0153
  HOMO = -0.17800014813228  LUMO = -0.107342588431922
cycle= 11 E= -774.479420930109  delta_E= -9.09e-06  |g|= 0.00292  |ddm|= 0.00949
  HOMO = -0.177951716387591  LUMO = -0.107297870733372
cycle= 12 E= -774.479423272919  delta_E= -2.34e-06  |g|= 0.000569  |ddm|= 0.00342
  HOMO = -0.17794806085295  LUMO = -0.107303096544984
cycle= 13 E= -774.479423376742  delta_E= -1.04e-07  |g|= 0.000232  |ddm|= 0.000815
  HOMO = -0.177941385118441  LUMO = -0.107300989701923
cycle= 14 E= -774.479423392653  delta_E= -1.59e-08  |g|= 8.38e-05  |ddm|= 0.000321
  HOMO = -0.177942154106487  LUMO = -0.107303981586419
cycle= 15 E= -774.479423381446  delta_E= 1.12e-08  |g|= 0.000205  |ddm|= 0.000323
  HOMO = -0.177943578854956  LUMO = -0.107305002137319
cycle= 16 E= -774.479423394178  delta_E= -1.27e-08  |g|= 4.1e-05  |ddm|= 0.00025
  HOMO = -0.177943022082932  LUMO = -0.107303652772216
cycle= 17 E= -774.479423394454  delta_E= -2.76e-10  |g|= 2.09e-05  |ddm|= 5.01e-05
  HOMO = -0.177942995178364  LUMO = -0.107303667123291
cycle= 18 E= -774.47942339457  delta_E= -1.16e-10  |g|= 7.64e-06  |ddm|= 2.83e-05
  HOMO = -0.177943480053898  LUMO = -0.107303431953515
Extra cycle  E= -774.479423394401  delta_E= 1.69e-10  |g|= 2.33e-05  |ddm|= 4.09e-05
converged SCF energy = -774.479423394401
AOs:  [0, 1, 2, 3, 4, 5, 6, 7, 8, 9, 10, 11, 12, 13, 14, 15, 16, 17, 18, 19, 20, 21, 22, 23, 24, 25, 26, 27, 28, 29, 30, 31, 32, 33, 34, 35, 36, 37, 38, 39, 40, 41, 42, 43, 44, 45, 46, 47, 48, 49, 50, 51, 52, 53, 54, 55, 56, 57, 58, 59, 60, 61, 62, 63]
64
Number of Active MOs:  16
Number of Environment MOs:  54
Number of Virtual MOs:  244
 # electrons:            α            β
         Env:  54.00000000  54.00000000
         Act:  16.00000000  16.00000000
         Vir:  -0.00000000  -0.00000000
Number of electrons in the active space:  32

 The density matrix is idempotent!

 The density matrix is idempotent!


******** <class 'pyscf.dft.rks.RKS'> ********
method = RKS-RHF
initial guess = minao
damping factor = 0
level_shift factor = 0
DIIS = <class 'pyscf.scf.diis.CDIIS'>
diis_start_cycle = 1
diis_space = 8
SCF conv_tol = 1e-09
SCF conv_tol_grad = 1e-05
SCF max_cycles = 200
direct_scf = True
direct_scf_tol = 1e-13
chkfile to save SCF result = subsys_scf.chk
max_memory 900000 MB (current use 10405 MB)
XC library pyscf.dft.libxc version 5.1.7
    S. Lehtola, C. Steigemann, M. J. Oliveira, and M. A. Marques, SoftwareX 7, 1 (2018)
XC functionals = pbe
    J. P. Perdew, K. Burke, and M. Ernzerhof, Phys. Rev. Lett. 77, 3865 (1996)
    J. P. Perdew, K. Burke, and M. Ernzerhof, Phys. Rev. Lett. 78, 1396 (1997)
    J. P. Perdew, K. Burke, and M. Ernzerhof, Phys. Rev. Lett. 77, 3865 (1996)
    J. P. Perdew, K. Burke, and M. Ernzerhof, Phys. Rev. Lett. 78, 1396 (1997)
small_rho_cutoff = 1e-07
init E= 1002.57413143027
  HOMO = -0.19623471262068  LUMO = -0.107286824174586
cycle= 1 E= 1002.57413080381  delta_E= -6.26e-07  |g|= 0.000141  |ddm|= 0.00114
  HOMO = -0.196218475468798  LUMO = -0.107274122145271
cycle= 2 E= 1002.57413084291  delta_E= 3.91e-08  |g|= 0.000363  |ddm|= 0.000599
  HOMO = -0.196230157187332  LUMO = -0.107283081670215
cycle= 3 E= 1002.5741307962  delta_E= -4.67e-08  |g|= 1.22e-05  |ddm|= 0.000432
  HOMO = -0.196228713414478  LUMO = -0.107282009667126
cycle= 4 E= 1002.57413079607  delta_E= -1.24e-10  |g|= 1.15e-05  |ddm|= 2.45e-05
  HOMO = -0.196229039634675  LUMO = -0.107282172149703
cycle= 5 E= 1002.57413079625  delta_E= 1.8e-10  |g|= 5.73e-06  |ddm|= 1.58e-05
  HOMO = -0.196229162855657  LUMO = -0.107282301944032
Extra cycle  E= 1002.57413079653  delta_E= 2.74e-10  |g|= 1.5e-05  |ddm|= 2.4e-05
converged SCF energy = 1002.57413079653
Difference in energy:  0.005432104931099957
Total mean-field energy =  -774.4794320510044
time elapsed:  30.606711626052856
