

******** <class 'pyscf.dft.rks.RKS'> ********
method = RKS-RHF
initial guess = minao
damping factor = 0
level_shift factor = 0
DIIS = <class 'pyscf.scf.diis.CDIIS'>
diis_start_cycle = 1
diis_space = 8
SCF conv_tol = 1e-09
SCF conv_tol_grad = 1e-05
SCF max_cycles = 1000
direct_scf = True
direct_scf_tol = 1e-13
chkfile to save SCF result = scf.fchk
max_memory 900000 MB (current use 79 MB)
XC library pyscf.dft.libxc version 5.1.7
    S. Lehtola, C. Steigemann, M. J. Oliveira, and M. A. Marques, SoftwareX 7, 1 (2018)
XC functionals = pbe
    J. P. Perdew, K. Burke, and M. Ernzerhof, Phys. Rev. Lett. 77, 3865 (1996)
    J. P. Perdew, K. Burke, and M. Ernzerhof, Phys. Rev. Lett. 78, 1396 (1997)
    J. P. Perdew, K. Burke, and M. Ernzerhof, Phys. Rev. Lett. 77, 3865 (1996)
    J. P. Perdew, K. Burke, and M. Ernzerhof, Phys. Rev. Lett. 78, 1396 (1997)
small_rho_cutoff = 1e-07
init E= -776.047643615427
  HOMO = -0.244635040289482  LUMO = -0.197791553439565
cycle= 1 E= -774.089447171223  delta_E= 1.96  |g|= 1.16  |ddm|= 6.27
  HOMO = -0.0447380836374039  LUMO = -0.00658110864689183
cycle= 2 E= -770.861552216188  delta_E= 3.23  |g|= 2.91  |ddm|= 4.06
  HOMO = -0.122663555373751  LUMO = -0.0606627989253306
cycle= 3 E= -773.604696822022  delta_E= -2.74  |g|= 1.47  |ddm|=  3.7
  HOMO = -0.151379647859516  LUMO = -0.108417529787864
cycle= 4 E= -774.386770540116  delta_E= -0.782  |g|= 0.378  |ddm|=  2.2
  HOMO = -0.172527029515033  LUMO = -0.114068879514569
cycle= 5 E= -774.31997800376  delta_E= 0.0668  |g|= 0.528  |ddm|= 1.31
  HOMO = -0.163340392572269  LUMO = -0.122159408500772
cycle= 6 E= -774.417042910725  delta_E= -0.0971  |g|= 0.229  |ddm|= 1.11
  HOMO = -0.165914578595602  LUMO = -0.123217712868628
cycle= 7 E= -774.433342215979  delta_E= -0.0163  |g|= 0.101  |ddm|= 0.469
  HOMO = -0.163354493227846  LUMO = -0.121157616967046
cycle= 8 E= -774.436710182078  delta_E= -0.00337  |g|= 0.0402  |ddm|= 0.197
  HOMO = -0.164009840458417  LUMO = -0.121989954955465
cycle= 9 E= -774.437179983231  delta_E= -0.00047  |g|= 0.0157  |ddm|= 0.0592
  HOMO = -0.16418666721247  LUMO = -0.122070951714606
cycle= 10 E= -774.437232666683  delta_E= -5.27e-05  |g|= 0.0084  |ddm|= 0.0256
  HOMO = -0.164311317939209  LUMO = -0.122195393194776
cycle= 11 E= -774.437248549027  delta_E= -1.59e-05  |g|= 0.00413  |ddm|= 0.0139
  HOMO = -0.164243280186001  LUMO = -0.122125105670907
cycle= 12 E= -774.43725292285  delta_E= -4.37e-06  |g|= 0.00125  |ddm|= 0.00485
  HOMO = -0.164209549958601  LUMO = -0.122092540706304
cycle= 13 E= -774.437253386815  delta_E= -4.64e-07  |g|= 0.000451  |ddm|= 0.00168
  HOMO = -0.164214159528173  LUMO = -0.122093929122514
cycle= 14 E= -774.437253403571  delta_E= -1.68e-08  |g|= 0.000411  |ddm|= 0.00129
  HOMO = -0.164207296004419  LUMO = -0.122089965323169
cycle= 15 E= -774.437253467019  delta_E= -6.34e-08  |g|= 9.85e-05  |ddm|= 0.000647
  HOMO = -0.164213830443279  LUMO = -0.122095462569658
cycle= 16 E= -774.437253465835  delta_E= 1.18e-09  |g|= 0.000123  |ddm|= 0.000198
  HOMO = -0.164210401809561  LUMO = -0.122092847689552
cycle= 17 E= -774.437253468693  delta_E= -2.86e-09  |g|= 4.96e-05  |ddm|= 0.000169
  HOMO = -0.16421118864799  LUMO = -0.122093368846561
cycle= 18 E= -774.437253469295  delta_E= -6.02e-10  |g|= 2.79e-05  |ddm|= 0.0001
  HOMO = -0.164211215958353  LUMO = -0.122093308859575
cycle= 19 E= -774.437253469541  delta_E= -2.46e-10  |g|= 1.15e-05  |ddm|= 4.04e-05
  HOMO = -0.164211227625071  LUMO = -0.122093393536106
cycle= 20 E= -774.437253469571  delta_E= -3e-11  |g|= 6.96e-06  |ddm|= 2.04e-05
  HOMO = -0.164210877132752  LUMO = -0.122092935254699
Extra cycle  E= -774.437253469401  delta_E= 1.71e-10  |g|= 2.41e-05  |ddm|= 3.92e-05
converged SCF energy = -774.437253469401
AOs:  [0, 1, 2, 3, 4, 5, 6, 7, 8, 9, 10, 11, 12, 13, 14, 15, 16, 17, 18, 19, 20, 21, 22, 23, 24, 25, 26, 27, 28, 29, 30, 31, 32, 33, 34, 35, 36, 37, 38, 39, 40, 41, 42, 43, 44, 45, 46, 47, 48, 49, 50, 51, 52, 53, 54, 55, 56, 57, 58, 59, 60, 61, 62, 63]
64
Number of Active MOs:  16
Number of Environment MOs:  54
Number of Virtual MOs:  244
 # electrons:            α            β
         Env:  54.00000000  54.00000000
         Act:  16.00000000  16.00000000
         Vir:  -0.00000000  -0.00000000
Number of electrons in the active space:  32

 The density matrix is idempotent!

 The density matrix is idempotent!


******** <class 'pyscf.dft.rks.RKS'> ********
method = RKS-RHF
initial guess = minao
damping factor = 0
level_shift factor = 0
DIIS = <class 'pyscf.scf.diis.CDIIS'>
diis_start_cycle = 1
diis_space = 8
SCF conv_tol = 1e-09
SCF conv_tol_grad = 1e-05
SCF max_cycles = 200
direct_scf = True
direct_scf_tol = 1e-13
chkfile to save SCF result = subsys_scf.chk
max_memory 900000 MB (current use 10411 MB)
XC library pyscf.dft.libxc version 5.1.7
    S. Lehtola, C. Steigemann, M. J. Oliveira, and M. A. Marques, SoftwareX 7, 1 (2018)
XC functionals = pbe
    J. P. Perdew, K. Burke, and M. Ernzerhof, Phys. Rev. Lett. 77, 3865 (1996)
    J. P. Perdew, K. Burke, and M. Ernzerhof, Phys. Rev. Lett. 78, 1396 (1997)
    J. P. Perdew, K. Burke, and M. Ernzerhof, Phys. Rev. Lett. 77, 3865 (1996)
    J. P. Perdew, K. Burke, and M. Ernzerhof, Phys. Rev. Lett. 78, 1396 (1997)
small_rho_cutoff = 1e-07
init E= 987.849993519469
  HOMO = -0.17303881276885  LUMO = -0.122067372432667
cycle= 1 E= 987.849992586667  delta_E= -9.33e-07  |g|= 0.000182  |ddm|= 0.00198
  HOMO = -0.173022461080125  LUMO = -0.122049663625932
cycle= 2 E= 987.849992711799  delta_E= 1.25e-07  |g|= 0.000553  |ddm|= 0.00118
  HOMO = -0.173031458581587  LUMO = -0.122060836927581
cycle= 3 E= 987.849992578525  delta_E= -1.33e-07  |g|= 0.000142  |ddm|= 0.00108
  HOMO = -0.173036695617151  LUMO = -0.122063300210046
cycle= 4 E= 987.849992572233  delta_E= -6.29e-09  |g|= 7.64e-05  |ddm|= 0.000336
  HOMO = -0.173032686117961  LUMO = -0.122060748351176
cycle= 5 E= 987.849992570229  delta_E= -2e-09  |g|= 2.06e-05  |ddm|= 0.000141
  HOMO = -0.173033442576787  LUMO = -0.122061134784667
cycle= 6 E= 987.849992569863  delta_E= -3.66e-10  |g|= 5.87e-06  |ddm|= 3.97e-05
  HOMO = -0.173033263570625  LUMO = -0.122061089741552
Extra cycle  E= 987.849992569774  delta_E= -8.81e-11  |g|= 1.15e-05  |ddm|= 2.08e-05
converged SCF energy = 987.849992569774
Difference in energy:  -0.0027046632723624953
Total mean-field energy =  -774.4372491592493
time elapsed:  36.5944128036499
