

******** <class 'pyscf.dft.rks.RKS'> ********
method = RKS-RHF
initial guess = minao
damping factor = 0
level_shift factor = 0
DIIS = <class 'pyscf.scf.diis.CDIIS'>
diis_start_cycle = 1
diis_space = 8
SCF conv_tol = 1e-09
SCF conv_tol_grad = 1e-05
SCF max_cycles = 1000
direct_scf = True
direct_scf_tol = 1e-13
chkfile to save SCF result = scf.fchk
max_memory 900000 MB (current use 79 MB)
XC library pyscf.dft.libxc version 5.1.7
    S. Lehtola, C. Steigemann, M. J. Oliveira, and M. A. Marques, SoftwareX 7, 1 (2018)
XC functionals = pbe
    J. P. Perdew, K. Burke, and M. Ernzerhof, Phys. Rev. Lett. 77, 3865 (1996)
    J. P. Perdew, K. Burke, and M. Ernzerhof, Phys. Rev. Lett. 78, 1396 (1997)
    J. P. Perdew, K. Burke, and M. Ernzerhof, Phys. Rev. Lett. 77, 3865 (1996)
    J. P. Perdew, K. Burke, and M. Ernzerhof, Phys. Rev. Lett. 78, 1396 (1997)
small_rho_cutoff = 1e-07
init E= -776.048929000545
  HOMO = -0.254785829005219  LUMO = -0.188219688044453
cycle= 1 E= -774.133952622839  delta_E= 1.91  |g|= 1.15  |ddm|= 6.26
  HOMO = -0.0416288497556347  LUMO = 0.015521244336969
cycle= 2 E= -771.128130007047  delta_E= 3.01  |g|= 2.86  |ddm|= 3.91
  HOMO = -0.121852413403148  LUMO = -0.0720376220911719
cycle= 3 E= -773.580425241469  delta_E= -2.45  |g|= 1.51  |ddm|= 3.48
  HOMO = -0.16143368609062  LUMO = -0.0939636284996815
cycle= 4 E= -774.435219025397  delta_E= -0.855  |g|= 0.338  |ddm|= 2.14
  HOMO = -0.174340620038931  LUMO = -0.113219262397259
cycle= 5 E= -774.403447348513  delta_E= 0.0318  |g|= 0.412  |ddm|= 0.994
  HOMO = -0.176783745266333  LUMO = -0.113277135530359
cycle= 6 E= -774.463834223938  delta_E= -0.0604  |g|= 0.162  |ddm|= 0.732
  HOMO = -0.175877184700303  LUMO = -0.111624365447335
cycle= 7 E= -774.471275156008  delta_E= -0.00744  |g|= 0.0539  |ddm|= 0.232
  HOMO = -0.175376285763273  LUMO = -0.110459833221028
cycle= 8 E= -774.471810314704  delta_E= -0.000535  |g|= 0.0318  |ddm|= 0.0906
  HOMO = -0.175368163015079  LUMO = -0.110777713392518
cycle= 9 E= -774.472113205851  delta_E= -0.000303  |g|= 0.0105  |ddm|= 0.0435
  HOMO = -0.17559368341667  LUMO = -0.110895530616663
cycle= 10 E= -774.4721285817  delta_E= -1.54e-05  |g|= 0.00738  |ddm|= 0.0177
  HOMO = -0.175643866068949  LUMO = -0.110890803140068
cycle= 11 E= -774.472141209274  delta_E= -1.26e-05  |g|= 0.0033  |ddm|= 0.0112
  HOMO = -0.175583038342323  LUMO = -0.110841426400374
cycle= 12 E= -774.472144180769  delta_E= -2.97e-06  |g|= 0.000742  |ddm|= 0.00385
  HOMO = -0.175573981267185  LUMO = -0.110834811221131
cycle= 13 E= -774.472144360003  delta_E= -1.79e-07  |g|= 0.000276  |ddm|= 0.00104
  HOMO = -0.175569250774721  LUMO = -0.110834425320281
cycle= 14 E= -774.472144383596  delta_E= -2.36e-08  |g|= 9.83e-05  |ddm|= 0.000417
  HOMO = -0.175572084879824  LUMO = -0.110837867055282
cycle= 15 E= -774.472144369251  delta_E= 1.43e-08  |g|= 0.000227  |ddm|= 0.000365
  HOMO = -0.175572801928939  LUMO = -0.110838823034878
cycle= 16 E= -774.472144385565  delta_E= -1.63e-08  |g|= 5.74e-05  |ddm|= 0.000298
  HOMO = -0.175571601149701  LUMO = -0.110837244923476
cycle= 17 E= -774.472144385906  delta_E= -3.41e-10  |g|= 3.54e-05  |ddm|= 7.16e-05
  HOMO = -0.175571664996093  LUMO = -0.11083737659592
cycle= 18 E= -774.472144386244  delta_E= -3.38e-10  |g|= 1.45e-05  |ddm|= 5.12e-05
  HOMO = -0.17557185817525  LUMO = -0.110837294194796
cycle= 19 E= -774.472144386305  delta_E= -6.18e-11  |g|= 5.51e-06  |ddm|= 2.15e-05
  HOMO = -0.175571766280627  LUMO = -0.110837261054748
Extra cycle  E= -774.472144386252  delta_E= 5.34e-11  |g|= 1.41e-05  |ddm|= 2.16e-05
converged SCF energy = -774.472144386252
AOs:  [0, 1, 2, 3, 4, 5, 6, 7, 8, 9, 10, 11, 12, 13, 14, 15, 16, 17, 18, 19, 20, 21, 22, 23, 24, 25, 26, 27, 28, 29, 30, 31, 32, 33, 34, 35, 36, 37, 38, 39, 40, 41, 42, 43, 44, 45, 46, 47, 48, 49, 50, 51, 52, 53, 54, 55, 56, 57, 58, 59, 60, 61, 62, 63]
64
Number of Active MOs:  16
Number of Environment MOs:  54
Number of Virtual MOs:  244
 # electrons:            α            β
         Env:  54.00000000  54.00000000
         Act:  16.00000000  16.00000000
         Vir:  -0.00000000  -0.00000000
Number of electrons in the active space:  32

 The density matrix is idempotent!

 The density matrix is idempotent!


******** <class 'pyscf.dft.rks.RKS'> ********
method = RKS-RHF
initial guess = minao
damping factor = 0
level_shift factor = 0
DIIS = <class 'pyscf.scf.diis.CDIIS'>
diis_start_cycle = 1
diis_space = 8
SCF conv_tol = 1e-09
SCF conv_tol_grad = 1e-05
SCF max_cycles = 200
direct_scf = True
direct_scf_tol = 1e-13
chkfile to save SCF result = subsys_scf.chk
max_memory 900000 MB (current use 10672 MB)
XC library pyscf.dft.libxc version 5.1.7
    S. Lehtola, C. Steigemann, M. J. Oliveira, and M. A. Marques, SoftwareX 7, 1 (2018)
XC functionals = pbe
    J. P. Perdew, K. Burke, and M. Ernzerhof, Phys. Rev. Lett. 77, 3865 (1996)
    J. P. Perdew, K. Burke, and M. Ernzerhof, Phys. Rev. Lett. 78, 1396 (1997)
    J. P. Perdew, K. Burke, and M. Ernzerhof, Phys. Rev. Lett. 77, 3865 (1996)
    J. P. Perdew, K. Burke, and M. Ernzerhof, Phys. Rev. Lett. 78, 1396 (1997)
small_rho_cutoff = 1e-07
init E= 984.827873061864
  HOMO = -0.190889081597721  LUMO = -0.110771294983928
cycle= 1 E= 984.827871932881  delta_E= -1.13e-06  |g|= 0.000414  |ddm|= 0.00243
  HOMO = -0.190844487889977  LUMO = -0.110733570524939
cycle= 2 E= 984.827872391231  delta_E= 4.58e-07  |g|= 0.00114  |ddm|= 0.00223
  HOMO = -0.190868536961826  LUMO = -0.110755109719933
cycle= 3 E= 984.827871853178  delta_E= -5.38e-07  |g|= 0.000138  |ddm|= 0.00158
  HOMO = -0.190870742215779  LUMO = -0.11075619157008
cycle= 4 E= 984.827871849905  delta_E= -3.27e-09  |g|= 7.82e-05  |ddm|= 0.00022
  HOMO = -0.190870242676484  LUMO = -0.110755847385344
cycle= 5 E= 984.827871848104  delta_E= -1.8e-09  |g|= 3.02e-05  |ddm|= 0.000147
  HOMO = -0.19087129980125  LUMO = -0.110756492157687
cycle= 6 E= 984.82787184779  delta_E= -3.13e-10  |g|= 1.02e-05  |ddm|= 5.8e-05
  HOMO = -0.190870799483319  LUMO = -0.110756213381108
cycle= 7 E= 984.827871847583  delta_E= -2.07e-10  |g|= 3.2e-06  |ddm|= 1.59e-05
  HOMO = -0.190870828586432  LUMO = -0.110756172068697
Extra cycle  E= 984.827871847606  delta_E= 2.3e-11  |g|= 6.15e-06  |ddm|= 9.64e-06
converged SCF energy = 984.827871847606
Difference in energy:  -0.05934965495453298
Total mean-field energy =  -774.4720498066358
time elapsed:  38.32223176956177
