

******** <class 'pyscf.dft.rks.RKS'> ********
method = RKS-RHF
initial guess = minao
damping factor = 0
level_shift factor = 0
DIIS = <class 'pyscf.scf.diis.CDIIS'>
diis_start_cycle = 1
diis_space = 8
SCF conv_tol = 1e-09
SCF conv_tol_grad = 1e-05
SCF max_cycles = 1000
direct_scf = True
direct_scf_tol = 1e-13
chkfile to save SCF result = scf.fchk
max_memory 900000 MB (current use 79 MB)
XC library pyscf.dft.libxc version 5.1.7
    S. Lehtola, C. Steigemann, M. J. Oliveira, and M. A. Marques, SoftwareX 7, 1 (2018)
XC functionals = pbe
    J. P. Perdew, K. Burke, and M. Ernzerhof, Phys. Rev. Lett. 77, 3865 (1996)
    J. P. Perdew, K. Burke, and M. Ernzerhof, Phys. Rev. Lett. 78, 1396 (1997)
    J. P. Perdew, K. Burke, and M. Ernzerhof, Phys. Rev. Lett. 77, 3865 (1996)
    J. P. Perdew, K. Burke, and M. Ernzerhof, Phys. Rev. Lett. 78, 1396 (1997)
small_rho_cutoff = 1e-07
init E= -776.049396943185
  HOMO = -0.256220443388805  LUMO = -0.186619540388174
cycle= 1 E= -774.141432348222  delta_E= 1.91  |g|= 1.15  |ddm|= 6.27
  HOMO = -0.0391219830872477  LUMO = 0.0179813771678916
cycle= 2 E= -771.163808022088  delta_E= 2.98  |g|= 2.86  |ddm|=  3.9
  HOMO = -0.12160030274721  LUMO = -0.0743002682136463
cycle= 3 E= -773.56983390034  delta_E= -2.41  |g|= 1.52  |ddm|= 3.44
  HOMO = -0.163097939905261  LUMO = -0.0916738789783481
cycle= 4 E= -774.44129910574  delta_E= -0.871  |g|= 0.342  |ddm|= 2.15
  HOMO = -0.174065935760325  LUMO = -0.11292140650808
cycle= 5 E= -774.413959095756  delta_E= 0.0273  |g|= 0.402  |ddm|= 0.982
  HOMO = -0.178491245504528  LUMO = -0.111922444512172
cycle= 6 E= -774.47184095795  delta_E= -0.0579  |g|= 0.155  |ddm|= 0.696
  HOMO = -0.177256339354617  LUMO = -0.109841199333132
cycle= 7 E= -774.478480834237  delta_E= -0.00664  |g|= 0.05  |ddm|= 0.212
  HOMO = -0.176917595522217  LUMO = -0.108770251065555
cycle= 8 E= -774.478876998276  delta_E= -0.000396  |g|= 0.0318  |ddm|= 0.084
  HOMO = -0.176873268523717  LUMO = -0.109035740026639
cycle= 9 E= -774.479183508019  delta_E= -0.000307  |g|= 0.01  |ddm|= 0.043
  HOMO = -0.177119515854607  LUMO = -0.109162430871752
cycle= 10 E= -774.479198393709  delta_E= -1.49e-05  |g|= 0.00677  |ddm|= 0.0165
  HOMO = -0.177150024257532  LUMO = -0.109128870784031
cycle= 11 E= -774.479208772798  delta_E= -1.04e-05  |g|= 0.00304  |ddm|= 0.01
  HOMO = -0.177092200853067  LUMO = -0.109085448271478
cycle= 12 E= -774.479211298652  delta_E= -2.53e-06  |g|= 0.000647  |ddm|= 0.00353
  HOMO = -0.177085661333689  LUMO = -0.109083544501985
cycle= 13 E= -774.479211444018  delta_E= -1.45e-07  |g|= 0.000218  |ddm|= 0.000932
  HOMO = -0.177081232618937  LUMO = -0.109083952291197
cycle= 14 E= -774.479211458247  delta_E= -1.42e-08  |g|= 8.56e-05  |ddm|= 0.000334
  HOMO = -0.177082980065526  LUMO = -0.109086481051636
cycle= 15 E= -774.479211449865  delta_E= 8.38e-09  |g|= 0.000182  |ddm|= 0.000285
  HOMO = -0.177083839661676  LUMO = -0.109087495319021
cycle= 16 E= -774.479211459722  delta_E= -9.86e-09  |g|= 4.77e-05  |ddm|= 0.000233
  HOMO = -0.177083107038268  LUMO = -0.109086212009655
cycle= 17 E= -774.479211460039  delta_E= -3.17e-10  |g|= 2.55e-05  |ddm|= 5.57e-05
  HOMO = -0.177083122854589  LUMO = -0.109086247420364
cycle= 18 E= -774.479211460214  delta_E= -1.75e-10  |g|= 1e-05  |ddm|= 3.53e-05
  HOMO = -0.177083278642148  LUMO = -0.109086170662658
cycle= 19 E= -774.479211460242  delta_E= -2.8e-11  |g|= 4.47e-06  |ddm|= 1.55e-05
  HOMO = -0.177083168884288  LUMO = -0.109086132539893
Extra cycle  E= -774.479211460211  delta_E= 3.09e-11  |g|= 1.13e-05  |ddm|= 1.74e-05
converged SCF energy = -774.479211460211
AOs:  [0, 1, 2, 3, 4, 5, 6, 7, 8, 9, 10, 11, 12, 13, 14, 15, 16, 17, 18, 19, 20, 21, 22, 23, 24, 25, 26, 27, 28, 29, 30, 31, 32, 33, 34, 35, 36, 37, 38, 39, 40, 41, 42, 43, 44, 45, 46, 47, 48, 49, 50, 51, 52, 53, 54, 55, 56, 57, 58, 59, 60, 61, 62, 63]
64
Number of Active MOs:  16
Number of Environment MOs:  54
Number of Virtual MOs:  244
 # electrons:            α            β
         Env:  54.00000000  54.00000000
         Act:  16.00000000  16.00000000
         Vir:  -0.00000000  -0.00000000
Number of electrons in the active space:  32

 The density matrix is idempotent!

 The density matrix is idempotent!


******** <class 'pyscf.dft.rks.RKS'> ********
method = RKS-RHF
initial guess = minao
damping factor = 0
level_shift factor = 0
DIIS = <class 'pyscf.scf.diis.CDIIS'>
diis_start_cycle = 1
diis_space = 8
SCF conv_tol = 1e-09
SCF conv_tol_grad = 1e-05
SCF max_cycles = 200
direct_scf = True
direct_scf_tol = 1e-13
chkfile to save SCF result = subsys_scf.chk
max_memory 900000 MB (current use 10480 MB)
XC library pyscf.dft.libxc version 5.1.7
    S. Lehtola, C. Steigemann, M. J. Oliveira, and M. A. Marques, SoftwareX 7, 1 (2018)
XC functionals = pbe
    J. P. Perdew, K. Burke, and M. Ernzerhof, Phys. Rev. Lett. 77, 3865 (1996)
    J. P. Perdew, K. Burke, and M. Ernzerhof, Phys. Rev. Lett. 78, 1396 (1997)
    J. P. Perdew, K. Burke, and M. Ernzerhof, Phys. Rev. Lett. 77, 3865 (1996)
    J. P. Perdew, K. Burke, and M. Ernzerhof, Phys. Rev. Lett. 78, 1396 (1997)
small_rho_cutoff = 1e-07
init E= 984.274075434296
  HOMO = -0.194162877360978  LUMO = -0.109066763048418
cycle= 1 E= 984.274074453357  delta_E= -9.81e-07  |g|= 0.000135  |ddm|= 0.00173
  HOMO = -0.194146543890587  LUMO = -0.109054903147036
cycle= 2 E= 984.274074473348  delta_E= 2e-08  |g|= 0.000254  |ddm|= 0.000556
  HOMO = -0.194153212107508  LUMO = -0.109059112858873
cycle= 3 E= 984.274074446655  delta_E= -2.67e-08  |g|= 6.38e-05  |ddm|= 0.000457
  HOMO = -0.194154695010272  LUMO = -0.109060458445074
cycle= 4 E= 984.274074445605  delta_E= -1.05e-09  |g|= 3.73e-05  |ddm|= 9.2e-05
  HOMO = -0.194153715215001  LUMO = -0.109059614027383
cycle= 5 E= 984.274074445122  delta_E= -4.83e-10  |g|= 9.5e-06  |ddm|= 4.54e-05
  HOMO = -0.194154141149622  LUMO = -0.109059813862715
Extra cycle  E= 984.274074445232  delta_E= 1.1e-10  |g|= 2.19e-05  |ddm|= 3.62e-05
converged SCF energy = 984.274074445232
Difference in energy:  -0.009584488447993636
Total mean-field energy =  -774.4791961863692
time elapsed:  34.59097957611084
