

******** <class 'pyscf.dft.rks.RKS'> ********
method = RKS-RHF
initial guess = minao
damping factor = 0
level_shift factor = 0
DIIS = <class 'pyscf.scf.diis.CDIIS'>
diis_start_cycle = 1
diis_space = 8
SCF conv_tol = 1e-09
SCF conv_tol_grad = 1e-05
SCF max_cycles = 1000
direct_scf = True
direct_scf_tol = 1e-13
chkfile to save SCF result = scf.fchk
max_memory 900000 MB (current use 79 MB)
XC library pyscf.dft.libxc version 5.1.7
    S. Lehtola, C. Steigemann, M. J. Oliveira, and M. A. Marques, SoftwareX 7, 1 (2018)
XC functionals = pbe
    J. P. Perdew, K. Burke, and M. Ernzerhof, Phys. Rev. Lett. 77, 3865 (1996)
    J. P. Perdew, K. Burke, and M. Ernzerhof, Phys. Rev. Lett. 78, 1396 (1997)
    J. P. Perdew, K. Burke, and M. Ernzerhof, Phys. Rev. Lett. 77, 3865 (1996)
    J. P. Perdew, K. Burke, and M. Ernzerhof, Phys. Rev. Lett. 78, 1396 (1997)
small_rho_cutoff = 1e-07
init E= -776.049844041326
  HOMO = -0.257208088434919  LUMO = -0.185398391638991
cycle= 1 E= -774.147380707406  delta_E=  1.9  |g|= 1.15  |ddm|= 6.27
  HOMO = -0.037072296185513  LUMO = 0.019623492030998
cycle= 2 E= -771.191262587938  delta_E= 2.96  |g|= 2.85  |ddm|= 3.88
  HOMO = -0.121505345426178  LUMO = -0.0759268946108566
cycle= 3 E= -773.559090945114  delta_E= -2.37  |g|= 1.52  |ddm|= 3.42
  HOMO = -0.164345072863178  LUMO = -0.0899837944522582
cycle= 4 E= -774.445852079946  delta_E= -0.887  |g|= 0.347  |ddm|= 2.16
  HOMO = -0.173691171879383  LUMO = -0.112650289761677
cycle= 5 E= -774.4222684325  delta_E= 0.0236  |g|= 0.396  |ddm|= 0.977
  HOMO = -0.179603046257426  LUMO = -0.110949824128545
cycle= 6 E= -774.478143026793  delta_E= -0.0559  |g|= 0.151  |ddm|= 0.671
  HOMO = -0.178203379075053  LUMO = -0.108540696623516
cycle= 7 E= -774.484325502993  delta_E= -0.00618  |g|= 0.0479  |ddm|=  0.2
  HOMO = -0.177952777278097  LUMO = -0.107525476153308
cycle= 8 E= -774.484652724131  delta_E= -0.000327  |g|= 0.0318  |ddm|= 0.0806
  HOMO = -0.177896534613873  LUMO = -0.107740218869046
cycle= 9 E= -774.484961597382  delta_E= -0.000309  |g|= 0.00983  |ddm|= 0.0428
  HOMO = -0.178159034629989  LUMO = -0.107875557112348
cycle= 10 E= -774.484977019294  delta_E= -1.54e-05  |g|= 0.00623  |ddm|= 0.0156
  HOMO = -0.178173053923328  LUMO = -0.107823665047589
cycle= 11 E= -774.484985595304  delta_E= -8.58e-06  |g|= 0.00283  |ddm|= 0.00907
  HOMO = -0.178119304286045  LUMO = -0.107784623078276
cycle= 12 E= -774.48498778057  delta_E= -2.19e-06  |g|= 0.000584  |ddm|= 0.00328
  HOMO = -0.178113846730306  LUMO = -0.107786066295822
cycle= 13 E= -774.484987904511  delta_E= -1.24e-07  |g|= 0.00018  |ddm|= 0.000866
  HOMO = -0.178109851542089  LUMO = -0.107786937309757
cycle= 14 E= -774.484987914047  delta_E= -9.54e-09  |g|= 7.05e-05  |ddm|= 0.000273
  HOMO = -0.178111007810316  LUMO = -0.107788962001905
cycle= 15 E= -774.484987908829  delta_E= 5.22e-09  |g|= 0.000147  |ddm|= 0.000227
  HOMO = -0.178111750697746  LUMO = -0.107789850672879
cycle= 16 E= -774.48498791505  delta_E= -6.22e-09  |g|= 3.71e-05  |ddm|= 0.000185
  HOMO = -0.178111339553284  LUMO = -0.107788737659697
cycle= 17 E= -774.484987915279  delta_E= -2.29e-10  |g|= 1.83e-05  |ddm|= 4.39e-05
  HOMO = -0.178111336403509  LUMO = -0.107788747095788
cycle= 18 E= -774.484987915368  delta_E= -8.87e-11  |g|= 6.85e-06  |ddm|= 2.46e-05
  HOMO = -0.178111593571372  LUMO = -0.107788526737297
Extra cycle  E= -774.484987915238  delta_E= 1.3e-10  |g|= 2.07e-05  |ddm|= 3.44e-05
converged SCF energy = -774.484987915238
AOs:  [0, 1, 2, 3, 4, 5, 6, 7, 8, 9, 10, 11, 12, 13, 14, 15, 16, 17, 18, 19, 20, 21, 22, 23, 24, 25, 26, 27, 28, 29, 30, 31, 32, 33, 34, 35, 36, 37, 38, 39, 40, 41, 42, 43, 44, 45, 46, 47, 48, 49, 50, 51, 52, 53, 54, 55, 56, 57, 58, 59, 60, 61, 62, 63]
64
Number of Active MOs:  16
Number of Environment MOs:  54
Number of Virtual MOs:  244
 # electrons:            α            β
         Env:  54.00000000  54.00000000
         Act:  16.00000000  16.00000000
         Vir:   0.00000000   0.00000000
Number of electrons in the active space:  32

 The density matrix is idempotent!

 The density matrix is idempotent!


******** <class 'pyscf.dft.rks.RKS'> ********
method = RKS-RHF
initial guess = minao
damping factor = 0
level_shift factor = 0
DIIS = <class 'pyscf.scf.diis.CDIIS'>
diis_start_cycle = 1
diis_space = 8
SCF conv_tol = 1e-09
SCF conv_tol_grad = 1e-05
SCF max_cycles = 200
direct_scf = True
direct_scf_tol = 1e-13
chkfile to save SCF result = subsys_scf.chk
max_memory 900000 MB (current use 10405 MB)
XC library pyscf.dft.libxc version 5.1.7
    S. Lehtola, C. Steigemann, M. J. Oliveira, and M. A. Marques, SoftwareX 7, 1 (2018)
XC functionals = pbe
    J. P. Perdew, K. Burke, and M. Ernzerhof, Phys. Rev. Lett. 77, 3865 (1996)
    J. P. Perdew, K. Burke, and M. Ernzerhof, Phys. Rev. Lett. 78, 1396 (1997)
    J. P. Perdew, K. Burke, and M. Ernzerhof, Phys. Rev. Lett. 77, 3865 (1996)
    J. P. Perdew, K. Burke, and M. Ernzerhof, Phys. Rev. Lett. 78, 1396 (1997)
small_rho_cutoff = 1e-07
init E= 983.875304414904
  HOMO = -0.196692227517369  LUMO = -0.107765245726822
cycle= 1 E= 983.875303713104  delta_E= -7.02e-07  |g|= 0.000174  |ddm|= 0.00133
  HOMO = -0.196681123611712  LUMO = -0.107755927629892
cycle= 2 E= 983.875303768231  delta_E= 5.51e-08  |g|= 0.000422  |ddm|= 0.000725
  HOMO = -0.19669188737259  LUMO = -0.107763894346926
cycle= 3 E= 983.875303701837  delta_E= -6.64e-08  |g|= 3.28e-05  |ddm|= 0.000535
  HOMO = -0.196689060495531  LUMO = -0.107761665202695
cycle= 4 E= 983.875303701839  delta_E= 1.59e-12  |g|= 2.49e-05  |ddm|= 5.53e-05
  HOMO = -0.196688462652709  LUMO = -0.107761287894786
cycle= 5 E= 983.875303701775  delta_E= -6.33e-11  |g|= 9.86e-06  |ddm|= 3.6e-05
  HOMO = -0.196689675671496  LUMO = -0.107762199001636
Extra cycle  E= 983.875303701731  delta_E= -4.46e-11  |g|= 2.68e-05  |ddm|= 4.99e-05
converged SCF energy = 983.875303701731
Difference in energy:  -0.001055472643020039
Total mean-field energy =  -774.4849862332367
time elapsed:  33.112213134765625
