

******** <class 'pyscf.dft.rks.RKS'> ********
method = RKS-RHF
initial guess = minao
damping factor = 0
level_shift factor = 0
DIIS = <class 'pyscf.scf.diis.CDIIS'>
diis_start_cycle = 1
diis_space = 8
SCF conv_tol = 1e-09
SCF conv_tol_grad = 1e-05
SCF max_cycles = 1000
direct_scf = True
direct_scf_tol = 1e-13
chkfile to save SCF result = scf.fchk
max_memory 900000 MB (current use 79 MB)
XC library pyscf.dft.libxc version 5.1.7
    S. Lehtola, C. Steigemann, M. J. Oliveira, and M. A. Marques, SoftwareX 7, 1 (2018)
XC functionals = pbe
    J. P. Perdew, K. Burke, and M. Ernzerhof, Phys. Rev. Lett. 77, 3865 (1996)
    J. P. Perdew, K. Burke, and M. Ernzerhof, Phys. Rev. Lett. 78, 1396 (1997)
    J. P. Perdew, K. Burke, and M. Ernzerhof, Phys. Rev. Lett. 77, 3865 (1996)
    J. P. Perdew, K. Burke, and M. Ernzerhof, Phys. Rev. Lett. 78, 1396 (1997)
small_rho_cutoff = 1e-07
init E= -776.056338143377
  HOMO = -0.256084132256614  LUMO = -0.186075898049002
cycle= 1 E= -774.138036810043  delta_E= 1.92  |g|= 1.16  |ddm|= 6.27
  HOMO = -0.0397099386239155  LUMO = 0.0136920487542567
cycle= 2 E= -771.140701316698  delta_E=    3  |g|= 2.86  |ddm|= 3.91
  HOMO = -0.121521123887402  LUMO = -0.0754558714221673
cycle= 3 E= -773.561154344422  delta_E= -2.42  |g|= 1.53  |ddm|= 3.46
  HOMO = -0.163350348925921  LUMO = -0.0910096692125946
cycle= 4 E= -774.441056682965  delta_E= -0.88  |g|= 0.335  |ddm|= 2.16
  HOMO = -0.174841345062247  LUMO = -0.113319156545743
cycle= 5 E= -774.418961203581  delta_E= 0.0221  |g|= 0.385  |ddm|= 0.932
  HOMO = -0.178550892790505  LUMO = -0.111402958773543
cycle= 6 E= -774.469061686081  delta_E= -0.0501  |g|= 0.154  |ddm|= 0.658
  HOMO = -0.177207223257209  LUMO = -0.10949155908987
cycle= 7 E= -774.47560534107  delta_E= -0.00654  |g|= 0.0484  |ddm|= 0.208
  HOMO = -0.176960710907516  LUMO = -0.108305745704086
cycle= 8 E= -774.476006254204  delta_E= -0.000401  |g|= 0.0297  |ddm|= 0.0814
  HOMO = -0.176878879225144  LUMO = -0.108544517625174
cycle= 9 E= -774.476269091364  delta_E= -0.000263  |g|= 0.00943  |ddm|= 0.0394
  HOMO = -0.177066148428933  LUMO = -0.108659942372503
cycle= 10 E= -774.476280496511  delta_E= -1.14e-05  |g|= 0.00671  |ddm|= 0.0161
  HOMO = -0.177117011489797  LUMO = -0.108635726791752
cycle= 11 E= -774.476290877764  delta_E= -1.04e-05  |g|= 0.00307  |ddm|= 0.0102
  HOMO = -0.177066684370457  LUMO = -0.108588353137251
cycle= 12 E= -774.476293465068  delta_E= -2.59e-06  |g|= 0.00063  |ddm|= 0.0036
  HOMO = -0.177062319547524  LUMO = -0.108590706805
cycle= 13 E= -774.476293587351  delta_E= -1.22e-07  |g|= 0.000264  |ddm|= 0.000874
  HOMO = -0.177055109294961  LUMO = -0.108588270980035
cycle= 14 E= -774.476293608484  delta_E= -2.11e-08  |g|= 9.05e-05  |ddm|= 0.000367
  HOMO = -0.177056681043987  LUMO = -0.108591444539248
cycle= 15 E= -774.476293594207  delta_E= 1.43e-08  |g|= 0.000228  |ddm|= 0.000361
  HOMO = -0.177057987767777  LUMO = -0.108592556857747
cycle= 16 E= -774.476293610235  delta_E= -1.6e-08  |g|= 4.73e-05  |ddm|= 0.000283
  HOMO = -0.177057133232103  LUMO = -0.10859112519922
cycle= 17 E= -774.476293610543  delta_E= -3.08e-10  |g|= 2.62e-05  |ddm|= 5.81e-05
  HOMO = -0.177057091261966  LUMO = -0.108591152903061
cycle= 18 E= -774.476293610725  delta_E= -1.82e-10  |g|= 1.03e-05  |ddm|= 3.66e-05
  HOMO = -0.177057325012806  LUMO = -0.108591105285717
cycle= 19 E= -774.476293610757  delta_E= -3.23e-11  |g|= 4.78e-06  |ddm|= 1.63e-05
  HOMO = -0.177057270780654  LUMO = -0.108591099980675
Extra cycle  E= -774.47629361072  delta_E= 3.73e-11  |g|= 1.23e-05  |ddm|= 1.9e-05
converged SCF energy = -774.47629361072
AOs:  [0, 1, 2, 3, 4, 5, 6, 7, 8, 9, 10, 11, 12, 13, 14, 15, 16, 17, 18, 19, 20, 21, 22, 23, 24, 25, 26, 27, 28, 29, 30, 31, 32, 33, 34, 35, 36, 37, 38, 39, 40, 41, 42, 43, 44, 45, 46, 47, 48, 49, 50, 51, 52, 53, 54, 55, 56, 57, 58, 59, 60, 61, 62, 63]
64
Number of Active MOs:  16
Number of Environment MOs:  54
Number of Virtual MOs:  244
 # electrons:            α            β
         Env:  54.00000000  54.00000000
         Act:  16.00000000  16.00000000
         Vir:  -0.00000000  -0.00000000
Number of electrons in the active space:  32

 The density matrix is idempotent!

 The density matrix is idempotent!


******** <class 'pyscf.dft.rks.RKS'> ********
method = RKS-RHF
initial guess = minao
damping factor = 0
level_shift factor = 0
DIIS = <class 'pyscf.scf.diis.CDIIS'>
diis_start_cycle = 1
diis_space = 8
SCF conv_tol = 1e-09
SCF conv_tol_grad = 1e-05
SCF max_cycles = 200
direct_scf = True
direct_scf_tol = 1e-13
chkfile to save SCF result = subsys_scf.chk
max_memory 900000 MB (current use 10405 MB)
XC library pyscf.dft.libxc version 5.1.7
    S. Lehtola, C. Steigemann, M. J. Oliveira, and M. A. Marques, SoftwareX 7, 1 (2018)
XC functionals = pbe
    J. P. Perdew, K. Burke, and M. Ernzerhof, Phys. Rev. Lett. 77, 3865 (1996)
    J. P. Perdew, K. Burke, and M. Ernzerhof, Phys. Rev. Lett. 78, 1396 (1997)
    J. P. Perdew, K. Burke, and M. Ernzerhof, Phys. Rev. Lett. 77, 3865 (1996)
    J. P. Perdew, K. Burke, and M. Ernzerhof, Phys. Rev. Lett. 78, 1396 (1997)
small_rho_cutoff = 1e-07
init E= 1002.04532062263
  HOMO = -0.194233848763518  LUMO = -0.108589184460282
cycle= 1 E= 1002.04532001989  delta_E= -6.03e-07  |g|= 0.000106  |ddm|= 0.0011
  HOMO = -0.194235803836975  LUMO = -0.108590115831481
cycle= 2 E= 1002.04532005204  delta_E= 3.21e-08  |g|= 0.000291  |ddm|= 0.00062
  HOMO = -0.194236047194649  LUMO = -0.108589828210695
cycle= 3 E= 1002.04532001467  delta_E= -3.74e-08  |g|= 3.07e-05  |ddm|= 0.00045
  HOMO = -0.19423469964387  LUMO = -0.108589057880487
cycle= 4 E= 1002.04532001447  delta_E= -2.04e-10  |g|= 1.93e-05  |ddm|= 4.91e-05
  HOMO = -0.194234248647016  LUMO = -0.108588763484731
cycle= 5 E= 1002.04532001454  delta_E= 7.41e-11  |g|= 4.11e-06  |ddm|= 2.3e-05
  HOMO = -0.194234799997683  LUMO = -0.108589032167485
Extra cycle  E= 1002.04532001407  delta_E= -4.67e-10  |g|= 7.65e-06  |ddm|= 1.31e-05
converged SCF energy = 1002.04532001407
Difference in energy:  0.0045932398004208605
Total mean-field energy =  -774.4763009305076
time elapsed:  31.920560121536255
