

******** <class 'pyscf.dft.rks.RKS'> ********
method = RKS-RHF
initial guess = minao
damping factor = 0
level_shift factor = 0
DIIS = <class 'pyscf.scf.diis.CDIIS'>
diis_start_cycle = 1
diis_space = 8
SCF conv_tol = 1e-09
SCF conv_tol_grad = 1e-05
SCF max_cycles = 1000
direct_scf = True
direct_scf_tol = 1e-13
chkfile to save SCF result = scf.fchk
max_memory 900000 MB (current use 79 MB)
XC library pyscf.dft.libxc version 5.1.7
    S. Lehtola, C. Steigemann, M. J. Oliveira, and M. A. Marques, SoftwareX 7, 1 (2018)
XC functionals = pbe
    J. P. Perdew, K. Burke, and M. Ernzerhof, Phys. Rev. Lett. 77, 3865 (1996)
    J. P. Perdew, K. Burke, and M. Ernzerhof, Phys. Rev. Lett. 78, 1396 (1997)
    J. P. Perdew, K. Burke, and M. Ernzerhof, Phys. Rev. Lett. 77, 3865 (1996)
    J. P. Perdew, K. Burke, and M. Ernzerhof, Phys. Rev. Lett. 78, 1396 (1997)
small_rho_cutoff = 1e-07
init E= -776.054027294549
  HOMO = -0.254574970074627  LUMO = -0.18802786380924
cycle= 1 E= -774.132102070678  delta_E= 1.92  |g|= 1.15  |ddm|= 6.27
  HOMO = -0.0423458645762928  LUMO = 0.013326081300566
cycle= 2 E= -771.115072395308  delta_E= 3.02  |g|= 2.87  |ddm|= 3.92
  HOMO = -0.122171751600398  LUMO = -0.0727062444961895
cycle= 3 E= -773.586318279941  delta_E= -2.47  |g|= 1.51  |ddm|= 3.48
  HOMO = -0.161493672902132  LUMO = -0.0939131044161466
cycle= 4 E= -774.435996831579  delta_E= -0.85  |g|= 0.331  |ddm|= 2.14
  HOMO = -0.174979351338528  LUMO = -0.113557302336902
cycle= 5 E= -774.407799497826  delta_E= 0.0282  |g|=  0.4  |ddm|= 0.957
  HOMO = -0.176720428752276  LUMO = -0.113153732849821
cycle= 6 E= -774.462414787061  delta_E= -0.0546  |g|= 0.161  |ddm|= 0.707
  HOMO = -0.17571890674437  LUMO = -0.111608374933878
cycle= 7 E= -774.469798905397  delta_E= -0.00738  |g|= 0.0527  |ddm|= 0.231
  HOMO = -0.175283935089974  LUMO = -0.110382242838518
cycle= 8 E= -774.470345593035  delta_E= -0.000547  |g|= 0.0299  |ddm|= 0.0887
  HOMO = -0.17524922657278  LUMO = -0.110674508158533
cycle= 9 E= -774.470607927649  delta_E= -0.000262  |g|= 0.0101  |ddm|= 0.0404
  HOMO = -0.17542674280434  LUMO = -0.11077845435581
cycle= 10 E= -774.470620876795  delta_E= -1.29e-05  |g|= 0.00725  |ddm|= 0.0174
  HOMO = -0.1754892113121  LUMO = -0.11078315822469
cycle= 11 E= -774.470633218161  delta_E= -1.23e-05  |g|= 0.00334  |ddm|= 0.0113
  HOMO = -0.175436801417141  LUMO = -0.110731416535436
cycle= 12 E= -774.470636250247  delta_E= -3.03e-06  |g|= 0.000741  |ddm|= 0.00391
  HOMO = -0.17542964116291  LUMO = -0.110728294658179
cycle= 13 E= -774.470636413347  delta_E= -1.63e-07  |g|= 0.000312  |ddm|= 0.001
  HOMO = -0.175422346675983  LUMO = -0.110725513637883
cycle= 14 E= -774.470636443979  delta_E= -3.06e-08  |g|= 9.99e-05  |ddm|= 0.000442
  HOMO = -0.17542526249147  LUMO = -0.110729041085291
cycle= 15 E= -774.470636423729  delta_E= 2.02e-08  |g|= 0.000263  |ddm|= 0.000426
  HOMO = -0.17542615761805  LUMO = -0.110730169293614
cycle= 16 E= -774.4706364461  delta_E= -2.24e-08  |g|= 5.65e-05  |ddm|= 0.000339
  HOMO = -0.175424916900684  LUMO = -0.110728596111221
cycle= 17 E= -774.470636446421  delta_E= -3.21e-10  |g|= 3.55e-05  |ddm|= 7.32e-05
  HOMO = -0.175424873128366  LUMO = -0.110728691805993
cycle= 18 E= -774.470636446754  delta_E= -3.34e-10  |g|= 1.53e-05  |ddm|= 5.27e-05
  HOMO = -0.175425122020727  LUMO = -0.110728629302461
cycle= 19 E= -774.470636446822  delta_E= -6.78e-11  |g|= 5.65e-06  |ddm|= 2.26e-05
  HOMO = -0.175425106111392  LUMO = -0.110728644376343
Extra cycle  E= -774.470636446763  delta_E= 5.91e-11  |g|= 1.48e-05  |ddm|= 2.3e-05
converged SCF energy = -774.470636446763
AOs:  [0, 1, 2, 3, 4, 5, 6, 7, 8, 9, 10, 11, 12, 13, 14, 15, 16, 17, 18, 19, 20, 21, 22, 23, 24, 25, 26, 27, 28, 29, 30, 31, 32, 33, 34, 35, 36, 37, 38, 39, 40, 41, 42, 43, 44, 45, 46, 47, 48, 49, 50, 51, 52, 53, 54, 55, 56, 57, 58, 59, 60, 61, 62, 63]
64
Number of Active MOs:  16
Number of Environment MOs:  54
Number of Virtual MOs:  244
 # electrons:            α            β
         Env:  54.00000000  54.00000000
         Act:  16.00000000  16.00000000
         Vir:  -0.00000000  -0.00000000
Number of electrons in the active space:  32

 The density matrix is idempotent!

 The density matrix is idempotent!


******** <class 'pyscf.dft.rks.RKS'> ********
method = RKS-RHF
initial guess = minao
damping factor = 0
level_shift factor = 0
DIIS = <class 'pyscf.scf.diis.CDIIS'>
diis_start_cycle = 1
diis_space = 8
SCF conv_tol = 1e-09
SCF conv_tol_grad = 1e-05
SCF max_cycles = 200
direct_scf = True
direct_scf_tol = 1e-13
chkfile to save SCF result = subsys_scf.chk
max_memory 900000 MB (current use 10404 MB)
XC library pyscf.dft.libxc version 5.1.7
    S. Lehtola, C. Steigemann, M. J. Oliveira, and M. A. Marques, SoftwareX 7, 1 (2018)
XC functionals = pbe
    J. P. Perdew, K. Burke, and M. Ernzerhof, Phys. Rev. Lett. 77, 3865 (1996)
    J. P. Perdew, K. Burke, and M. Ernzerhof, Phys. Rev. Lett. 78, 1396 (1997)
    J. P. Perdew, K. Burke, and M. Ernzerhof, Phys. Rev. Lett. 77, 3865 (1996)
    J. P. Perdew, K. Burke, and M. Ernzerhof, Phys. Rev. Lett. 78, 1396 (1997)
small_rho_cutoff = 1e-07
init E= 1001.1955660249
  HOMO = -0.190878376493176  LUMO = -0.110725479787396
cycle= 1 E= 1001.19556541202  delta_E= -6.13e-07  |g|= 0.000151  |ddm|= 0.0011
  HOMO = -0.190877838589224  LUMO = -0.110726019983598
cycle= 2 E= 1001.19556549497  delta_E= 8.29e-08  |g|= 0.000453  |ddm|= 0.000966
  HOMO = -0.190877548531322  LUMO = -0.110723868365039
cycle= 3 E= 1001.19556540123  delta_E= -9.37e-08  |g|= 4.75e-05  |ddm|= 0.000708
  HOMO = -0.190876795366566  LUMO = -0.110723385674401
cycle= 4 E= 1001.19556540076  delta_E= -4.71e-10  |g|= 1.94e-05  |ddm|= 6.49e-05
  HOMO = -0.190876724387426  LUMO = -0.110723431564031
cycle= 5 E= 1001.19556540055  delta_E= -2.13e-10  |g|= 6.16e-06  |ddm|= 2.25e-05
  HOMO = -0.190876357308283  LUMO = -0.110723070239251
Extra cycle  E= 1001.19556540084  delta_E= 2.96e-10  |g|= 1.51e-05  |ddm|= 3.08e-05
converged SCF energy = 1001.19556540084
Difference in energy:  0.005194440029558791
Total mean-field energy =  -774.4706447246233
time elapsed:  30.984997510910034
