

******** <class 'pyscf.dft.rks.RKS'> ********
method = RKS-RHF
initial guess = minao
damping factor = 0
level_shift factor = 0
DIIS = <class 'pyscf.scf.diis.CDIIS'>
diis_start_cycle = 1
diis_space = 8
SCF conv_tol = 1e-09
SCF conv_tol_grad = 1e-05
SCF max_cycles = 1000
direct_scf = True
direct_scf_tol = 1e-13
chkfile to save SCF result = scf.fchk
max_memory 900000 MB (current use 79 MB)
XC library pyscf.dft.libxc version 5.1.7
    S. Lehtola, C. Steigemann, M. J. Oliveira, and M. A. Marques, SoftwareX 7, 1 (2018)
XC functionals = pbe
    J. P. Perdew, K. Burke, and M. Ernzerhof, Phys. Rev. Lett. 77, 3865 (1996)
    J. P. Perdew, K. Burke, and M. Ernzerhof, Phys. Rev. Lett. 78, 1396 (1997)
    J. P. Perdew, K. Burke, and M. Ernzerhof, Phys. Rev. Lett. 77, 3865 (1996)
    J. P. Perdew, K. Burke, and M. Ernzerhof, Phys. Rev. Lett. 78, 1396 (1997)
small_rho_cutoff = 1e-07
init E= -776.051908310249
  HOMO = -0.252253964449285  LUMO = -0.190705159427392
cycle= 1 E= -774.122729015034  delta_E= 1.93  |g|= 1.16  |ddm|= 6.27
  HOMO = -0.0450786845828508  LUMO = 0.0104956641846373
cycle= 2 E= -771.074762599162  delta_E= 3.05  |g|= 2.88  |ddm|= 3.93
  HOMO = -0.123144805082394  LUMO = -0.0689224141523669
cycle= 3 E= -773.609102412006  delta_E= -2.53  |g|= 1.49  |ddm|= 3.51
  HOMO = -0.158811980707302  LUMO = -0.0978626345839358
cycle= 4 E= -774.426780591605  delta_E= -0.818  |g|= 0.333  |ddm|= 2.13
  HOMO = -0.174710602145399  LUMO = -0.113885259418985
cycle= 5 E= -774.389639743255  delta_E= 0.0371  |g|= 0.426  |ddm|= 1.01
  HOMO = -0.173683786176115  LUMO = -0.115646760985943
cycle= 6 E= -774.452062780045  delta_E= -0.0624  |g|= 0.175  |ddm|= 0.788
  HOMO = -0.173378182052777  LUMO = -0.114643349864142
cycle= 7 E= -774.461082521313  delta_E= -0.00902  |g|= 0.0612  |ddm|= 0.274
  HOMO = -0.172590370081813  LUMO = -0.113298606728485
cycle= 8 E= -774.461965166195  delta_E= -0.000883  |g|= 0.0307  |ddm|= 0.104
  HOMO = -0.172654516684227  LUMO = -0.113663920632863
cycle= 9 E= -774.462234126222  delta_E= -0.000269  |g|= 0.0113  |ddm|= 0.0425
  HOMO = -0.172821892880042  LUMO = -0.113755707358945
cycle= 10 E= -774.462251848576  delta_E= -1.77e-05  |g|= 0.00784  |ddm|= 0.0194
  HOMO = -0.172900742228987  LUMO = -0.113802847307697
cycle= 11 E= -774.462266411993  delta_E= -1.46e-05  |g|= 0.00367  |ddm|= 0.0126
  HOMO = -0.172845599313047  LUMO = -0.113745492984487
cycle= 12 E= -774.462270037166  delta_E= -3.63e-06  |g|= 0.000899  |ddm|= 0.00432
  HOMO = -0.172831795536417  LUMO = -0.113733191562047
cycle= 13 E= -774.462270277278  delta_E= -2.4e-07  |g|= 0.000358  |ddm|= 0.00121
  HOMO = -0.172826111300755  LUMO = -0.113730984533362
cycle= 14 E= -774.462270319193  delta_E= -4.19e-08  |g|= 0.000105  |ddm|= 0.000517
  HOMO = -0.172830428589302  LUMO = -0.113734585282722
cycle= 15 E= -774.462270291434  delta_E= 2.78e-08  |g|= 0.000296  |ddm|= 0.000495
  HOMO = -0.172830410833883  LUMO = -0.113735527171475
cycle= 16 E= -774.462270321505  delta_E= -3.01e-08  |g|= 6.4e-05  |ddm|= 0.000397
  HOMO = -0.172828884592119  LUMO = -0.113733889340043
cycle= 17 E= -774.462270321757  delta_E= -2.53e-10  |g|= 4.5e-05  |ddm|= 9.18e-05
  HOMO = -0.172828958035081  LUMO = -0.113734098091131
cycle= 18 E= -774.462270322309  delta_E= -5.51e-10  |g|= 2e-05  |ddm|= 7.17e-05
  HOMO = -0.172829151630174  LUMO = -0.113734024392102
cycle= 19 E= -774.462270322426  delta_E= -1.17e-10  |g|= 6.02e-06  |ddm|= 2.78e-05
  HOMO = -0.172829120593946  LUMO = -0.1137340324366
Extra cycle  E= -774.462270322353  delta_E= 7.32e-11  |g|= 1.66e-05  |ddm|= 2.64e-05
converged SCF energy = -774.462270322353
AOs:  [0, 1, 2, 3, 4, 5, 6, 7, 8, 9, 10, 11, 12, 13, 14, 15, 16, 17, 18, 19, 20, 21, 22, 23, 24, 25, 26, 27, 28, 29, 30, 31, 32, 33, 34, 35, 36, 37, 38, 39, 40, 41, 42, 43, 44, 45, 46, 47, 48, 49, 50, 51, 52, 53, 54, 55, 56, 57, 58, 59, 60, 61, 62, 63]
64
Number of Active MOs:  16
Number of Environment MOs:  54
Number of Virtual MOs:  244
 # electrons:            α            β
         Env:  54.00000000  54.00000000
         Act:  16.00000000  16.00000000
         Vir:   0.00000000   0.00000000
Number of electrons in the active space:  32

 The density matrix is idempotent!

 The density matrix is idempotent!


******** <class 'pyscf.dft.rks.RKS'> ********
method = RKS-RHF
initial guess = minao
damping factor = 0
level_shift factor = 0
DIIS = <class 'pyscf.scf.diis.CDIIS'>
diis_start_cycle = 1
diis_space = 8
SCF conv_tol = 1e-09
SCF conv_tol_grad = 1e-05
SCF max_cycles = 200
direct_scf = True
direct_scf_tol = 1e-13
chkfile to save SCF result = subsys_scf.chk
max_memory 900000 MB (current use 10515 MB)
XC library pyscf.dft.libxc version 5.1.7
    S. Lehtola, C. Steigemann, M. J. Oliveira, and M. A. Marques, SoftwareX 7, 1 (2018)
XC functionals = pbe
    J. P. Perdew, K. Burke, and M. Ernzerhof, Phys. Rev. Lett. 77, 3865 (1996)
    J. P. Perdew, K. Burke, and M. Ernzerhof, Phys. Rev. Lett. 78, 1396 (1997)
    J. P. Perdew, K. Burke, and M. Ernzerhof, Phys. Rev. Lett. 77, 3865 (1996)
    J. P. Perdew, K. Burke, and M. Ernzerhof, Phys. Rev. Lett. 78, 1396 (1997)
small_rho_cutoff = 1e-07
init E= 1000.07098592717
  HOMO = -0.186194259354819  LUMO = -0.113729413555219
cycle= 1 E= 1000.07098523286  delta_E= -6.94e-07  |g|= 0.000164  |ddm|= 0.00131
  HOMO = -0.186193326655481  LUMO = -0.113732035045851
cycle= 2 E= 1000.07098535449  delta_E= 1.22e-07  |g|= 0.000531  |ddm|= 0.00116
  HOMO = -0.18619445523649  LUMO = -0.113729453570622
cycle= 3 E= 1000.07098521951  delta_E= -1.35e-07  |g|= 5.86e-05  |ddm|= 0.000878
  HOMO = -0.18619352184607  LUMO = -0.113728759696159
cycle= 4 E= 1000.07098521897  delta_E= -5.39e-10  |g|= 2.23e-05  |ddm|= 7.95e-05
  HOMO = -0.186193806635009  LUMO = -0.113728990039609
cycle= 5 E= 1000.07098521867  delta_E= -3e-10  |g|= 9.41e-06  |ddm|= 2.92e-05
  HOMO = -0.186192849500028  LUMO = -0.113728297107529
Extra cycle  E= 1000.07098521887  delta_E= 2.01e-10  |g|= 2.42e-05  |ddm|= 4.76e-05
converged SCF energy = 1000.07098521887
Difference in energy:  0.017782747201356416
Total mean-field energy =  -774.4622986609404
time elapsed:  32.86137294769287
