

******** <class 'pyscf.dft.rks.RKS'> ********
method = RKS-RHF
initial guess = minao
damping factor = 0
level_shift factor = 0
DIIS = <class 'pyscf.scf.diis.CDIIS'>
diis_start_cycle = 1
diis_space = 8
SCF conv_tol = 1e-09
SCF conv_tol_grad = 1e-05
SCF max_cycles = 1000
direct_scf = True
direct_scf_tol = 1e-13
chkfile to save SCF result = scf.fchk
max_memory 900000 MB (current use 79 MB)
XC library pyscf.dft.libxc version 5.1.7
    S. Lehtola, C. Steigemann, M. J. Oliveira, and M. A. Marques, SoftwareX 7, 1 (2018)
XC functionals = pbe
    J. P. Perdew, K. Burke, and M. Ernzerhof, Phys. Rev. Lett. 77, 3865 (1996)
    J. P. Perdew, K. Burke, and M. Ernzerhof, Phys. Rev. Lett. 78, 1396 (1997)
    J. P. Perdew, K. Burke, and M. Ernzerhof, Phys. Rev. Lett. 77, 3865 (1996)
    J. P. Perdew, K. Burke, and M. Ernzerhof, Phys. Rev. Lett. 78, 1396 (1997)
small_rho_cutoff = 1e-07
init E= -776.050242153317
  HOMO = -0.248949751275924  LUMO = -0.194076809624185
cycle= 1 E= -774.109134354988  delta_E= 1.94  |g|= 1.16  |ddm|= 6.27
  HOMO = -0.0461443544806011  LUMO = 0.00372282143567994
cycle= 2 E= -771.010326314456  delta_E=  3.1  |g|= 2.89  |ddm|= 3.96
  HOMO = -0.123984450977843  LUMO = -0.0646853345714463
cycle= 3 E= -773.625732112826  delta_E= -2.62  |g|= 1.47  |ddm|= 3.57
  HOMO = -0.155254064491073  LUMO = -0.102758564917788
cycle= 4 E= -774.411351535806  delta_E= -0.786  |g|= 0.347  |ddm|= 2.14
  HOMO = -0.173876028764224  LUMO = -0.114126949794604
cycle= 5 E= -774.359967600166  delta_E= 0.0514  |g|= 0.471  |ddm|= 1.13
  HOMO = -0.169172451101052  LUMO = -0.118859643955356
cycle= 6 E= -774.437600919573  delta_E= -0.0776  |g|= 0.196  |ddm|= 0.925
  HOMO = -0.170016454253837  LUMO = -0.118633256049714
cycle= 7 E= -774.449362885069  delta_E= -0.0118  |g|= 0.076  |ddm|= 0.347
  HOMO = -0.168608793298891  LUMO = -0.117049679146281
cycle= 8 E= -774.450983814659  delta_E= -0.00162  |g|= 0.0333  |ddm|= 0.134
  HOMO = -0.168870639431644  LUMO = -0.117569423078465
cycle= 9 E= -774.451292331218  delta_E= -0.000309  |g|= 0.0131  |ddm|= 0.0474
  HOMO = -0.169031927093225  LUMO = -0.117646199619163
cycle= 10 E= -774.451320736034  delta_E= -2.84e-05  |g|= 0.00835  |ddm|= 0.0222
  HOMO = -0.169131936182939  LUMO = -0.117740659567934
cycle= 11 E= -774.451337375005  delta_E= -1.66e-05  |g|= 0.00391  |ddm|= 0.0137
  HOMO = -0.169072608158222  LUMO = -0.117677425070214
cycle= 12 E= -774.451341390746  delta_E= -4.02e-06  |g|= 0.00108  |ddm|= 0.00464
  HOMO = -0.169048041815916  LUMO = -0.11765278385993
cycle= 13 E= -774.451341738851  delta_E= -3.48e-07  |g|= 0.000386  |ddm|= 0.00146
  HOMO = -0.16904668404468  LUMO = -0.117653242892879
cycle= 14 E= -774.451341791644  delta_E= -5.28e-08  |g|= 8.13e-05  |ddm|= 0.000583
  HOMO = -0.169049718489392  LUMO = -0.117655168453345
cycle= 15 E= -774.451341777811  delta_E= 1.38e-08  |g|= 0.000206  |ddm|= 0.000363
  HOMO = -0.169049479338016  LUMO = -0.117655999783381
cycle= 16 E= -774.451341792539  delta_E= -1.47e-08  |g|= 6.92e-05  |ddm|= 0.000292
  HOMO = -0.169048107806448  LUMO = -0.117654669686816
cycle= 17 E= -774.451341793222  delta_E= -6.83e-10  |g|= 3.38e-05  |ddm|= 9.06e-05
  HOMO = -0.169048365594747  LUMO = -0.117654885684387
cycle= 18 E= -774.451341793522  delta_E= -3e-10  |g|= 1.73e-05  |ddm|= 6.2e-05
  HOMO = -0.169048438096941  LUMO = -0.11765484291057
cycle= 19 E= -774.45134179362  delta_E= -9.89e-11  |g|= 4.69e-06  |ddm|= 2.41e-05
  HOMO = -0.169048358370968  LUMO = -0.117654864280306
Extra cycle  E= -774.45134179355  delta_E= 7e-11  |g|= 1.48e-05  |ddm|= 2.51e-05
converged SCF energy = -774.45134179355
AOs:  [0, 1, 2, 3, 4, 5, 6, 7, 8, 9, 10, 11, 12, 13, 14, 15, 16, 17, 18, 19, 20, 21, 22, 23, 24, 25, 26, 27, 28, 29, 30, 31, 32, 33, 34, 35, 36, 37, 38, 39, 40, 41, 42, 43, 44, 45, 46, 47, 48, 49, 50, 51, 52, 53, 54, 55, 56, 57, 58, 59, 60, 61, 62, 63]
64
Number of Active MOs:  16
Number of Environment MOs:  54
Number of Virtual MOs:  244
 # electrons:            α            β
         Env:  54.00000000  54.00000000
         Act:  16.00000000  16.00000000
         Vir:  -0.00000000  -0.00000000
Number of electrons in the active space:  32

 The density matrix is idempotent!

 The density matrix is idempotent!


******** <class 'pyscf.dft.rks.RKS'> ********
method = RKS-RHF
initial guess = minao
damping factor = 0
level_shift factor = 0
DIIS = <class 'pyscf.scf.diis.CDIIS'>
diis_start_cycle = 1
diis_space = 8
SCF conv_tol = 1e-09
SCF conv_tol_grad = 1e-05
SCF max_cycles = 200
direct_scf = True
direct_scf_tol = 1e-13
chkfile to save SCF result = subsys_scf.chk
max_memory 900000 MB (current use 10405 MB)
XC library pyscf.dft.libxc version 5.1.7
    S. Lehtola, C. Steigemann, M. J. Oliveira, and M. A. Marques, SoftwareX 7, 1 (2018)
XC functionals = pbe
    J. P. Perdew, K. Burke, and M. Ernzerhof, Phys. Rev. Lett. 77, 3865 (1996)
    J. P. Perdew, K. Burke, and M. Ernzerhof, Phys. Rev. Lett. 78, 1396 (1997)
    J. P. Perdew, K. Burke, and M. Ernzerhof, Phys. Rev. Lett. 77, 3865 (1996)
    J. P. Perdew, K. Burke, and M. Ernzerhof, Phys. Rev. Lett. 78, 1396 (1997)
small_rho_cutoff = 1e-07
init E= 998.731262607702
  HOMO = -0.180245738008845  LUMO = -0.117661393393551
cycle= 1 E= 998.731261985452  delta_E= -6.22e-07  |g|= 0.000217  |ddm|= 0.0013
  HOMO = -0.180248801896489  LUMO = -0.11767167504359
cycle= 2 E= 998.731262298005  delta_E= 3.13e-07  |g|= 0.000822  |ddm|= 0.00186
  HOMO = -0.18025035926902  LUMO = -0.117666353088015
cycle= 3 E= 998.731261961224  delta_E= -3.37e-07  |g|= 8.96e-05  |ddm|= 0.00142
  HOMO = -0.18024720172444  LUMO = -0.117663949785651
cycle= 4 E= 998.731261959  delta_E= -2.22e-09  |g|= 3.34e-05  |ddm|= 0.000127
  HOMO = -0.180247786717661  LUMO = -0.11766427753495
cycle= 5 E= 998.731261958722  delta_E= -2.78e-10  |g|= 1.66e-05  |ddm|= 5.6e-05
  HOMO = -0.18024702820094  LUMO = -0.117663792884423
cycle= 6 E= 998.731261958693  delta_E= -2.89e-11  |g|= 4.77e-06  |ddm|= 2.69e-05
  HOMO = -0.180248009275076  LUMO = -0.117664509507732
Extra cycle  E= 998.731261958654  delta_E= -3.88e-11  |g|= 1.29e-05  |ddm|= 2.29e-05
converged SCF energy = 998.731261958654
Difference in energy:  0.03644604106623433
Total mean-field energy =  -774.4513998739652
time elapsed:  34.52376842498779
