

******** <class 'pyscf.dft.rks.RKS'> ********
method = RKS-RHF
initial guess = minao
damping factor = 0
level_shift factor = 0
DIIS = <class 'pyscf.scf.diis.CDIIS'>
diis_start_cycle = 1
diis_space = 8
SCF conv_tol = 1e-09
SCF conv_tol_grad = 1e-05
SCF max_cycles = 1000
direct_scf = True
direct_scf_tol = 1e-13
chkfile to save SCF result = scf.fchk
max_memory 900000 MB (current use 79 MB)
XC library pyscf.dft.libxc version 5.1.7
    S. Lehtola, C. Steigemann, M. J. Oliveira, and M. A. Marques, SoftwareX 7, 1 (2018)
XC functionals = pbe
    J. P. Perdew, K. Burke, and M. Ernzerhof, Phys. Rev. Lett. 77, 3865 (1996)
    J. P. Perdew, K. Burke, and M. Ernzerhof, Phys. Rev. Lett. 78, 1396 (1997)
    J. P. Perdew, K. Burke, and M. Ernzerhof, Phys. Rev. Lett. 77, 3865 (1996)
    J. P. Perdew, K. Burke, and M. Ernzerhof, Phys. Rev. Lett. 78, 1396 (1997)
small_rho_cutoff = 1e-07
init E= -776.049055203908
  HOMO = -0.244631709417094  LUMO = -0.198080660442281
cycle= 1 E= -774.089588808978  delta_E= 1.96  |g|= 1.16  |ddm|= 6.28
  HOMO = -0.0422744009926134  LUMO = -0.00731092159146813
cycle= 2 E= -770.882712541889  delta_E= 3.21  |g|= 2.91  |ddm|= 4.04
  HOMO = -0.123221589369559  LUMO = -0.0613797598726033
cycle= 3 E= -773.643417971342  delta_E= -2.76  |g|= 1.45  |ddm|= 3.67
  HOMO = -0.151346311251926  LUMO = -0.108937116985833
cycle= 4 E= -774.384857143878  delta_E= -0.741  |g|= 0.384  |ddm|= 2.19
  HOMO = -0.173444547438977  LUMO = -0.113867375702634
cycle= 5 E= -774.313914169577  delta_E= 0.0709  |g|= 0.543  |ddm|= 1.37
  HOMO = -0.163066052885354  LUMO = -0.122696915750533
cycle= 6 E= -774.420365833199  delta_E= -0.106  |g|= 0.217  |ddm|= 1.13
  HOMO = -0.165523487322319  LUMO = -0.123519106505329
cycle= 7 E= -774.434329870146  delta_E= -0.014  |g|= 0.101  |ddm|= 0.451
  HOMO = -0.163055821843551  LUMO = -0.121570560481736
cycle= 8 E= -774.437718309751  delta_E= -0.00339  |g|= 0.0397  |ddm|= 0.197
  HOMO = -0.163773895538086  LUMO = -0.12247406859376
cycle= 9 E= -774.438175588383  delta_E= -0.000457  |g|= 0.015  |ddm|= 0.0578
  HOMO = -0.163937574056729  LUMO = -0.122531760735428
cycle= 10 E= -774.438222892853  delta_E= -4.73e-05  |g|= 0.00841  |ddm|= 0.0256
  HOMO = -0.164037860960906  LUMO = -0.122640538454407
cycle= 11 E= -774.438239253019  delta_E= -1.64e-05  |g|= 0.004  |ddm|= 0.0137
  HOMO = -0.163977642626302  LUMO = -0.122575184770955
cycle= 12 E= -774.43824341871  delta_E= -4.17e-06  |g|= 0.00113  |ddm|= 0.00474
  HOMO = -0.163947342642015  LUMO = -0.122546242196725
cycle= 13 E= -774.438243797639  delta_E= -3.79e-07  |g|= 0.000425  |ddm|= 0.00155
  HOMO = -0.163951645448236  LUMO = -0.12254679031884
cycle= 14 E= -774.438243750196  delta_E= 4.74e-08  |g|= 0.000536  |ddm|= 0.00146
  HOMO = -0.16394414131243  LUMO = -0.122543396270325
cycle= 15 E= -774.438243865711  delta_E= -1.16e-07  |g|= 0.000106  |ddm|= 0.000921
  HOMO = -0.163950493572924  LUMO = -0.122548382872722
cycle= 16 E= -774.438243863679  delta_E= 2.03e-09  |g|= 0.000141  |ddm|= 0.000256
  HOMO = -0.163947315599907  LUMO = -0.122545988747204
cycle= 17 E= -774.438243868073  delta_E= -4.39e-09  |g|= 4.44e-05  |ddm|= 0.00019
  HOMO = -0.163947987795476  LUMO = -0.122546445755422
cycle= 18 E= -774.438243868553  delta_E= -4.8e-10  |g|= 2.48e-05  |ddm|= 8.84e-05
  HOMO = -0.163948049854975  LUMO = -0.122546431898422
cycle= 19 E= -774.438243868741  delta_E= -1.88e-10  |g|= 1.15e-05  |ddm|= 3.6e-05
  HOMO = -0.163948048270152  LUMO = -0.1225465108504
cycle= 20 E= -774.438243868771  delta_E= -3e-11  |g|= 6.47e-06  |ddm|= 1.97e-05
  HOMO = -0.163947661649697  LUMO = -0.122546045199929
Extra cycle  E= -774.43824386865  delta_E= 1.21e-10  |g|= 2.1e-05  |ddm|= 3.26e-05
converged SCF energy = -774.43824386865
AOs:  [0, 1, 2, 3, 4, 5, 6, 7, 8, 9, 10, 11, 12, 13, 14, 15, 16, 17, 18, 19, 20, 21, 22, 23, 24, 25, 26, 27, 28, 29, 30, 31, 32, 33, 34, 35, 36, 37, 38, 39, 40, 41, 42, 43, 44, 45, 46, 47, 48, 49, 50, 51, 52, 53, 54, 55, 56, 57, 58, 59, 60, 61, 62, 63]
64
Number of Active MOs:  16
Number of Environment MOs:  54
Number of Virtual MOs:  244
 # electrons:            α            β
         Env:  54.00000000  54.00000000
         Act:  16.00000000  16.00000000
         Vir:  -0.00000000  -0.00000000
Number of electrons in the active space:  32

 The density matrix is idempotent!

 The density matrix is idempotent!


******** <class 'pyscf.dft.rks.RKS'> ********
method = RKS-RHF
initial guess = minao
damping factor = 0
level_shift factor = 0
DIIS = <class 'pyscf.scf.diis.CDIIS'>
diis_start_cycle = 1
diis_space = 8
SCF conv_tol = 1e-09
SCF conv_tol_grad = 1e-05
SCF max_cycles = 200
direct_scf = True
direct_scf_tol = 1e-13
chkfile to save SCF result = subsys_scf.chk
max_memory 900000 MB (current use 10669 MB)
XC library pyscf.dft.libxc version 5.1.7
    S. Lehtola, C. Steigemann, M. J. Oliveira, and M. A. Marques, SoftwareX 7, 1 (2018)
XC functionals = pbe
    J. P. Perdew, K. Burke, and M. Ernzerhof, Phys. Rev. Lett. 77, 3865 (1996)
    J. P. Perdew, K. Burke, and M. Ernzerhof, Phys. Rev. Lett. 78, 1396 (1997)
    J. P. Perdew, K. Burke, and M. Ernzerhof, Phys. Rev. Lett. 77, 3865 (1996)
    J. P. Perdew, K. Burke, and M. Ernzerhof, Phys. Rev. Lett. 78, 1396 (1997)
small_rho_cutoff = 1e-07
init E= 997.244481147928
  HOMO = -0.173156553192622  LUMO = -0.122545828356854
cycle= 1 E= 997.244480471203  delta_E= -6.77e-07  |g|= 0.000143  |ddm|= 0.0014
  HOMO = -0.173160722513143  LUMO = -0.122553919783818
cycle= 2 E= 997.244480645186  delta_E= 1.74e-07  |g|= 0.000588  |ddm|= 0.00144
  HOMO = -0.173161946505874  LUMO = -0.122549555211756
cycle= 3 E= 997.244480460768  delta_E= -1.84e-07  |g|= 9.28e-05  |ddm|= 0.00113
  HOMO = -0.173157563751426  LUMO = -0.122546349756353
cycle= 4 E= 997.244480458713  delta_E= -2.05e-09  |g|= 4.28e-05  |ddm|= 0.000142
  HOMO = -0.173158216039336  LUMO = -0.122546587205165
cycle= 5 E= 997.244480458055  delta_E= -6.58e-10  |g|= 1.68e-05  |ddm|= 7.39e-05
  HOMO = -0.173157323180564  LUMO = -0.122545987793454
cycle= 6 E= 997.244480457981  delta_E= -7.42e-11  |g|= 6.84e-06  |ddm|= 2.85e-05
  HOMO = -0.173158713686138  LUMO = -0.122547028428767
Extra cycle  E= 997.244480458149  delta_E= 1.68e-10  |g|= 1.89e-05  |ddm|= 3.25e-05
converged SCF energy = 997.244480458149
Difference in energy:  0.046685549713834006
Total mean-field energy =  -774.438318266747
time elapsed:  46.12601900100708
