

******** <class 'pyscf.dft.rks.RKS'> ********
method = RKS-RHF
initial guess = minao
damping factor = 0
level_shift factor = 0
DIIS = <class 'pyscf.scf.diis.CDIIS'>
diis_start_cycle = 1
diis_space = 8
SCF conv_tol = 1e-09
SCF conv_tol_grad = 1e-05
SCF max_cycles = 1000
direct_scf = True
direct_scf_tol = 1e-13
chkfile to save SCF result = scf.fchk
max_memory 900000 MB (current use 79 MB)
XC library pyscf.dft.libxc version 5.1.7
    S. Lehtola, C. Steigemann, M. J. Oliveira, and M. A. Marques, SoftwareX 7, 1 (2018)
XC functionals = pbe
    J. P. Perdew, K. Burke, and M. Ernzerhof, Phys. Rev. Lett. 77, 3865 (1996)
    J. P. Perdew, K. Burke, and M. Ernzerhof, Phys. Rev. Lett. 78, 1396 (1997)
    J. P. Perdew, K. Burke, and M. Ernzerhof, Phys. Rev. Lett. 77, 3865 (1996)
    J. P. Perdew, K. Burke, and M. Ernzerhof, Phys. Rev. Lett. 78, 1396 (1997)
small_rho_cutoff = 1e-07
init E= -776.047638597656
  HOMO = -0.233466841506638  LUMO = -0.207874291113343
cycle= 1 E= -773.986319800004  delta_E= 2.06  |g|=  1.2  |ddm|= 6.28
  HOMO = -0.0108536164872406  LUMO = 0.00442826548117875
cycle= 2 E= -762.822939903513  delta_E= 11.2  |g|=  3.8  |ddm|= 6.26
  HOMO = -0.106870948461844  LUMO = -0.0643658270604298
cycle= 3 E= -773.656606832172  delta_E= -10.8  |g|=  1.4  |ddm|=  5.9
  HOMO = -0.110300575190067  LUMO = -0.0811902569159194
cycle= 4 E= -772.859001455718  delta_E= 0.798  |g|= 1.77  |ddm|= 3.35
  HOMO = -0.144285763875914  LUMO = -0.0914024200453718
cycle= 5 E= -774.052732239525  delta_E= -1.19  |g|= 0.798  |ddm|= 2.59
  HOMO = -0.152568114857495  LUMO = -0.129349043308008
cycle= 6 E= -774.278380044539  delta_E= -0.226  |g|= 0.511  |ddm|= 2.27
  HOMO = -0.149473058533984  LUMO = -0.136030429479551
cycle= 7 E= -774.242578116676  delta_E= 0.0358  |g|= 0.518  |ddm|=    2
  HOMO = -0.1439825166311  LUMO = -0.134818207979334
cycle= 8 E= -774.377251782023  delta_E= -0.135  |g|= 0.222  |ddm|=  1.6
  HOMO = -0.146130976663185  LUMO = -0.138635284932897
cycle= 9 E= -774.396813777253  delta_E= -0.0196  |g|= 0.103  |ddm|= 0.515
  HOMO = -0.144930832939504  LUMO = -0.137562671348057
cycle= 10 E= -774.39926631515  delta_E= -0.00245  |g|= 0.0476  |ddm|= 0.17
  HOMO = -0.146069428520711  LUMO = -0.138604346344534
cycle= 11 E= -774.399363844575  delta_E= -9.75e-05  |g|= 0.0388  |ddm|= 0.0823
  HOMO = -0.146109259014918  LUMO = -0.138746975483278
cycle= 12 E= -774.399990842913  delta_E= -0.000627  |g|= 0.00822  |ddm|= 0.0787
  HOMO = -0.146091230229588  LUMO = -0.138666760258144
cycle= 13 E= -774.39979139397  delta_E= 0.000199  |g|= 0.0206  |ddm|= 0.047
  HOMO = -0.146049817374874  LUMO = -0.138603523924731
cycle= 14 E= -774.399668671384  delta_E= 0.000123  |g|= 0.0253  |ddm|= 0.012
  HOMO = -0.146070495060937  LUMO = -0.138628886334451
cycle= 15 E= -774.399693667238  delta_E= -2.5e-05  |g|= 0.0243  |ddm|= 0.00332
  HOMO = -0.145998387787184  LUMO = -0.138624868005291
cycle= 16 E= -774.399980913086  delta_E= -0.000287  |g|= 0.00735  |ddm|= 0.0388
  HOMO = -0.146068295375217  LUMO = -0.138728288052939
cycle= 17 E= -774.40000609572  delta_E= -2.52e-05  |g|= 0.00293  |ddm|= 0.0218
  HOMO = -0.146009750656551  LUMO = -0.138664839391419
cycle= 18 E= -774.4000093737  delta_E= -3.28e-06  |g|= 0.00109  |ddm|= 0.00528
  HOMO = -0.146057437038028  LUMO = -0.138707631028103
cycle= 19 E= -774.400009566732  delta_E= -1.93e-07  |g|= 0.000671  |ddm|= 0.00287
  HOMO = -0.146043096098402  LUMO = -0.138694671570698
cycle= 20 E= -774.400009782318  delta_E= -2.16e-07  |g|= 0.000221  |ddm|= 0.00108
  HOMO = -0.146042553051883  LUMO = -0.138694757389999
cycle= 21 E= -774.400009805226  delta_E= -2.29e-08  |g|= 6.98e-05  |ddm|= 0.00057
  HOMO = -0.146043394513665  LUMO = -0.138695601077763
cycle= 22 E= -774.40000980611  delta_E= -8.84e-10  |g|= 5.12e-05  |ddm|= 0.000146
  HOMO = -0.146043382534166  LUMO = -0.13869555054774
cycle= 23 E= -774.40000980656  delta_E= -4.5e-10  |g|= 2.38e-05  |ddm|= 6.49e-05
  HOMO = -0.146043098763337  LUMO = -0.138695461438636
cycle= 24 E= -774.400009806118  delta_E= 4.42e-10  |g|= 3.8e-05  |ddm|= 0.000123
  HOMO = -0.146043291262917  LUMO = -0.13869553572225
cycle= 25 E= -774.400009806822  delta_E= -7.04e-10  |g|= 5.72e-06  |ddm|= 7.36e-05
  HOMO = -0.146043462813642  LUMO = -0.138695443300675
Extra cycle  E= -774.400009803849  delta_E= 2.97e-09  |g|= 7.55e-05  |ddm|= 0.000174
converged SCF energy = -774.400009803849
AOs:  [0, 1, 2, 3, 4, 5, 6, 7, 8, 9, 10, 11, 12, 13, 14, 15, 16, 17, 18, 19, 20, 21, 22, 23, 24, 25, 26, 27, 28, 29, 30, 31, 32, 33, 34, 35, 36, 37, 38, 39, 40, 41, 42, 43, 44, 45, 46, 47, 48, 49, 50, 51, 52, 53, 54, 55, 56, 57, 58, 59, 60, 61, 62, 63]
64
Number of Active MOs:  16
Number of Environment MOs:  54
Number of Virtual MOs:  244
 # electrons:            α            β
         Env:  54.00000000  54.00000000
         Act:  16.00000000  16.00000000
         Vir:   0.00000000   0.00000000
Number of electrons in the active space:  32

 The density matrix is idempotent!

 The density matrix is idempotent!


******** <class 'pyscf.dft.rks.RKS'> ********
method = RKS-RHF
initial guess = minao
damping factor = 0
level_shift factor = 0
DIIS = <class 'pyscf.scf.diis.CDIIS'>
diis_start_cycle = 1
diis_space = 8
SCF conv_tol = 1e-09
SCF conv_tol_grad = 1e-05
SCF max_cycles = 200
direct_scf = True
direct_scf_tol = 1e-13
chkfile to save SCF result = subsys_scf.chk
max_memory 900000 MB (current use 10656 MB)
XC library pyscf.dft.libxc version 5.1.7
    S. Lehtola, C. Steigemann, M. J. Oliveira, and M. A. Marques, SoftwareX 7, 1 (2018)
XC functionals = pbe
    J. P. Perdew, K. Burke, and M. Ernzerhof, Phys. Rev. Lett. 77, 3865 (1996)
    J. P. Perdew, K. Burke, and M. Ernzerhof, Phys. Rev. Lett. 78, 1396 (1997)
    J. P. Perdew, K. Burke, and M. Ernzerhof, Phys. Rev. Lett. 77, 3865 (1996)
    J. P. Perdew, K. Burke, and M. Ernzerhof, Phys. Rev. Lett. 78, 1396 (1997)
small_rho_cutoff = 1e-07
init E= 993.350434524172
  HOMO = -0.151692122409179  LUMO = -0.138705998393053
cycle= 1 E= 993.3504337204  delta_E= -8.04e-07  |g|= 0.000248  |ddm|= 0.00183
  HOMO = -0.151730442034604  LUMO = -0.138723069742211
cycle= 2 E= 993.350439640465  delta_E= 5.92e-06  |g|= 0.0032  |ddm|= 0.00825
  HOMO = -0.151708764924116  LUMO = -0.138721695669707
cycle= 3 E= 993.350433794833  delta_E= -5.85e-06  |g|= 0.000423  |ddm|= 0.00871
  HOMO = -0.151698074297587  LUMO = -0.138711541702376
cycle= 4 E= 993.350433695293  delta_E= -9.95e-08  |g|= 8.95e-05  |ddm|= 0.000803
  HOMO = -0.151698582717636  LUMO = -0.138711380694895
cycle= 5 E= 993.350433691836  delta_E= -3.46e-09  |g|= 4.6e-05  |ddm|= 0.000318
  HOMO = -0.151698279265649  LUMO = -0.138711288169511
cycle= 6 E= 993.350433690637  delta_E= -1.2e-09  |g|= 1.79e-05  |ddm|= 6.53e-05
  HOMO = -0.151698706612297  LUMO = -0.138711708112849
cycle= 7 E= 993.350433690392  delta_E= -2.45e-10  |g|= 4.05e-06  |ddm|= 3.39e-05
  HOMO = -0.151698390919986  LUMO = -0.138711766844476
Extra cycle  E= 993.350433692897  delta_E= 2.51e-09  |g|= 6.56e-05  |ddm|= 0.000173
converged SCF energy = 993.350433692897
Difference in energy:  0.008764741053381613
Total mean-field energy =  -774.4000237713409
time elapsed:  38.42200493812561
