

******** <class 'pyscf.dft.rks.RKS'> ********
method = RKS-RHF
initial guess = minao
damping factor = 0
level_shift factor = 0
DIIS = <class 'pyscf.scf.diis.CDIIS'>
diis_start_cycle = 1
diis_space = 8
SCF conv_tol = 1e-09
SCF conv_tol_grad = 1e-05
SCF max_cycles = 1000
direct_scf = True
direct_scf_tol = 1e-13
chkfile to save SCF result = scf.fchk
max_memory 900000 MB (current use 79 MB)
XC library pyscf.dft.libxc version 5.1.7
    S. Lehtola, C. Steigemann, M. J. Oliveira, and M. A. Marques, SoftwareX 7, 1 (2018)
XC functionals = pbe
    J. P. Perdew, K. Burke, and M. Ernzerhof, Phys. Rev. Lett. 77, 3865 (1996)
    J. P. Perdew, K. Burke, and M. Ernzerhof, Phys. Rev. Lett. 78, 1396 (1997)
    J. P. Perdew, K. Burke, and M. Ernzerhof, Phys. Rev. Lett. 77, 3865 (1996)
    J. P. Perdew, K. Burke, and M. Ernzerhof, Phys. Rev. Lett. 78, 1396 (1997)
small_rho_cutoff = 1e-07
init E= -776.047611650315
  HOMO = -0.233260414044908  LUMO = -0.208051896150231
cycle= 1 E= -773.982353288033  delta_E= 2.07  |g|=  1.2  |ddm|= 6.28
  HOMO = -0.0124500148130236  LUMO = 0.00322703354447598
cycle= 2 E= -762.772977394523  delta_E= 11.2  |g|=  3.8  |ddm|= 6.26
  HOMO = -0.105092647228593  LUMO = -0.0652865786317147
cycle= 3 E= -773.659415370043  delta_E= -10.9  |g|= 1.39  |ddm|=  5.9
  HOMO = -0.110009225969127  LUMO = -0.0800164766706377
cycle= 4 E= -772.849756408293  delta_E= 0.81  |g|= 1.77  |ddm|= 3.35
  HOMO = -0.144213133710438  LUMO = -0.0909164147830362
cycle= 5 E= -774.04957865223  delta_E= -1.2  |g|= 0.801  |ddm|=  2.6
  HOMO = -0.151757905301263  LUMO = -0.129932445151182
cycle= 6 E= -774.274775586476  delta_E= -0.225  |g|= 0.514  |ddm|= 2.29
  HOMO = -0.149421033444556  LUMO = -0.135483111468187
cycle= 7 E= -774.219072866337  delta_E= 0.0557  |g|= 0.543  |ddm|= 2.09
  HOMO = -0.143022412417776  LUMO = -0.135532738568475
cycle= 8 E= -774.374367663383  delta_E= -0.155  |g|= 0.226  |ddm|= 1.73
  HOMO = -0.145239188355269  LUMO = -0.139223996997161
cycle= 9 E= -774.395024243687  delta_E= -0.0207  |g|= 0.106  |ddm|= 0.508
  HOMO = -0.143904398311971  LUMO = -0.137983523104651
cycle= 10 E= -774.396537137311  delta_E= -0.00151  |g|= 0.0684  |ddm|= 0.19
  HOMO = -0.145146611325424  LUMO = -0.139074346219597
cycle= 11 E= -774.395524790724  delta_E= 0.00101  |g|= 0.0771  |ddm|= 0.104
  HOMO = -0.145127231355445  LUMO = -0.139239074097356
cycle= 12 E= -774.398059284223  delta_E= -0.00253  |g|= 0.0304  |ddm|= 0.119
  HOMO = -0.145312488612823  LUMO = -0.139097112199886
cycle= 13 E= -774.393339903826  delta_E= 0.00472  |g|= 0.0968  |ddm|= 0.177
  HOMO = -0.14550834764611  LUMO = -0.139200520244512
cycle= 14 E= -774.391850353634  delta_E= 0.00149  |g|= 0.109  |ddm|= 0.0326
  HOMO = -0.145653270320706  LUMO = -0.139288089601776
cycle= 15 E= -774.390859866032  delta_E= 0.00099  |g|= 0.116  |ddm|= 0.0206
  HOMO = -0.145434361193644  LUMO = -0.139385266225177
cycle= 16 E= -774.395932078747  delta_E= -0.00507  |g|= 0.0674  |ddm|= 0.123
  HOMO = -0.145366242566738  LUMO = -0.139452214388576
cycle= 17 E= -774.397527282413  delta_E= -0.0016  |g|= 0.0416  |ddm|= 0.0664
  HOMO = -0.145240445678016  LUMO = -0.139311013716458
cycle= 18 E= -774.397371855651  delta_E= 0.000155  |g|= 0.0443  |ddm|= 0.014
  HOMO = -0.145288251317585  LUMO = -0.139365217576296
cycle= 19 E= -774.397504126987  delta_E= -0.000132  |g|= 0.0415  |ddm|= 0.00728
  HOMO = -0.145291393418432  LUMO = -0.139389052556984
cycle= 20 E= -774.397774539886  delta_E= -0.00027  |g|= 0.0354  |ddm|= 0.0168
  HOMO = -0.145247106383776  LUMO = -0.139352236087328
cycle= 21 E= -774.397830663318  delta_E= -5.61e-05  |g|= 0.0336  |ddm|= 0.00576
  HOMO = -0.14542010550268  LUMO = -0.139543975258539
cycle= 22 E= -774.397978569751  delta_E= -0.000148  |g|= 0.0291  |ddm|= 0.0163
  HOMO = -0.145186053692999  LUMO = -0.139318635582277
cycle= 23 E= -774.398028478545  delta_E= -4.99e-05  |g|= 0.0273  |ddm|= 0.0147
  HOMO = -0.145218560860205  LUMO = -0.139396010776645
cycle= 24 E= -774.398335172232  delta_E= -0.000307  |g|= 0.0138  |ddm|= 0.0315
  HOMO = -0.14520769373468  LUMO = -0.139423839002888
cycle= 25 E= -774.398427334672  delta_E= -9.22e-05  |g|= 0.0047  |ddm|= 0.0406
  HOMO = -0.14523227040736  LUMO = -0.139433946449366
cycle= 26 E= -774.398434150012  delta_E= -6.82e-06  |g|= 0.0024  |ddm|= 0.0143
  HOMO = -0.14521963108232  LUMO = -0.139424974912457
cycle= 27 E= -774.398436611102  delta_E= -2.46e-06  |g|= 0.00121  |ddm|= 0.0039
  HOMO = -0.145209467255549  LUMO = -0.139415797779943
cycle= 28 E= -774.398436765529  delta_E= -1.54e-07  |g|= 0.0009  |ddm|= 0.00117
  HOMO = -0.145216012432875  LUMO = -0.139423100002969
cycle= 29 E= -774.398437048501  delta_E= -2.83e-07  |g|= 0.000499  |ddm|= 0.000905
  HOMO = -0.145217061650753  LUMO = -0.139425235655727
cycle= 30 E= -774.398437172159  delta_E= -1.24e-07  |g|= 0.0002  |ddm|= 0.00108
  HOMO = -0.145214031986206  LUMO = -0.139422684895554
cycle= 31 E= -774.39843716867  delta_E= 3.49e-09  |g|= 0.000187  |ddm|= 0.000526
  HOMO = -0.145218534584825  LUMO = -0.139427225083756
cycle= 32 E= -774.398437164708  delta_E= 3.96e-09  |g|= 0.000203  |ddm|= 0.000294
  HOMO = -0.145216167665344  LUMO = -0.139424610338074
cycle= 33 E= -774.398437179232  delta_E= -1.45e-08  |g|= 0.00011  |ddm|= 0.000238
  HOMO = -0.145215913381511  LUMO = -0.139424248662854
cycle= 34 E= -774.398437183253  delta_E= -4.02e-09  |g|= 4.36e-05  |ddm|= 0.000132
  HOMO = -0.145215983177036  LUMO = -0.139424232459991
cycle= 35 E= -774.398437184268  delta_E= -1.01e-09  |g|= 1.99e-06  |ddm|= 9.96e-05
  HOMO = -0.145216037947562  LUMO = -0.139424280897236
cycle= 36 E= -774.39843718426  delta_E= 7.73e-12  |g|= 4.3e-06  |ddm|= 9.13e-06
  HOMO = -0.145215615443339  LUMO = -0.139424246928246
Extra cycle  E= -774.398437174395  delta_E= 9.87e-09  |g|= 0.000136  |ddm|= 0.000319
converged SCF energy = -774.398437174395
AOs:  [0, 1, 2, 3, 4, 5, 6, 7, 8, 9, 10, 11, 12, 13, 14, 15, 16, 17, 18, 19, 20, 21, 22, 23, 24, 25, 26, 27, 28, 29, 30, 31, 32, 33, 34, 35, 36, 37, 38, 39, 40, 41, 42, 43, 44, 45, 46, 47, 48, 49, 50, 51, 52, 53, 54, 55, 56, 57, 58, 59, 60, 61, 62, 63]
64
Number of Active MOs:  16
Number of Environment MOs:  54
Number of Virtual MOs:  244
 # electrons:            α            β
         Env:  54.00000000  54.00000000
         Act:  16.00000000  16.00000000
         Vir:   0.00000000   0.00000000
Number of electrons in the active space:  32

 The density matrix is idempotent!

 The density matrix is idempotent!


******** <class 'pyscf.dft.rks.RKS'> ********
method = RKS-RHF
initial guess = minao
damping factor = 0
level_shift factor = 0
DIIS = <class 'pyscf.scf.diis.CDIIS'>
diis_start_cycle = 1
diis_space = 8
SCF conv_tol = 1e-09
SCF conv_tol_grad = 1e-05
SCF max_cycles = 200
direct_scf = True
direct_scf_tol = 1e-13
chkfile to save SCF result = subsys_scf.chk
max_memory 900000 MB (current use 10527 MB)
XC library pyscf.dft.libxc version 5.1.7
    S. Lehtola, C. Steigemann, M. J. Oliveira, and M. A. Marques, SoftwareX 7, 1 (2018)
XC functionals = pbe
    J. P. Perdew, K. Burke, and M. Ernzerhof, Phys. Rev. Lett. 77, 3865 (1996)
    J. P. Perdew, K. Burke, and M. Ernzerhof, Phys. Rev. Lett. 78, 1396 (1997)
    J. P. Perdew, K. Burke, and M. Ernzerhof, Phys. Rev. Lett. 77, 3865 (1996)
    J. P. Perdew, K. Burke, and M. Ernzerhof, Phys. Rev. Lett. 78, 1396 (1997)
small_rho_cutoff = 1e-07
init E= 993.199936981777
  HOMO = -0.150782221911615  LUMO = -0.139436420212414
cycle= 1 E= 993.199942982333  delta_E= 6e-06  |g|= 0.00338  |ddm|= 0.00951
  HOMO = -0.150549978382567  LUMO = -0.139411126055742
cycle= 2 E= 993.202366854025  delta_E= 0.00242  |g|= 0.0639  |ddm|= 0.167
  HOMO = -0.150766600222639  LUMO = -0.139439307852406
cycle= 3 E= 993.199936236277  delta_E= -0.00243  |g|= 0.000521  |ddm|= 0.157
  HOMO = -0.150753219478895  LUMO = -0.139428032958127
cycle= 4 E= 993.199936075378  delta_E= -1.61e-07  |g|= 0.000197  |ddm|= 0.0012
  HOMO = -0.150761970298695  LUMO = -0.139435941520011
cycle= 5 E= 993.199936061941  delta_E= -1.34e-08  |g|= 5.39e-05  |ddm|= 0.000286
  HOMO = -0.150762163286855  LUMO = -0.139436437319414
cycle= 6 E= 993.199936061737  delta_E= -2.04e-10  |g|= 3.2e-05  |ddm|= 9.15e-05
  HOMO = -0.150764136243931  LUMO = -0.139437898188408
cycle= 7 E= 993.199936061132  delta_E= -6.05e-10  |g|= 3.75e-06  |ddm|= 7.3e-05
  HOMO = -0.150764226094547  LUMO = -0.139437840710099
Extra cycle  E= 993.199936061555  delta_E= 4.23e-10  |g|= 2.41e-05  |ddm|= 6.03e-05
converged SCF energy = 993.199936061555
Difference in energy:  0.005174872283121203
Total mean-field energy =  -774.3984454210715
time elapsed:  51.43630647659302
