

******** <class 'pyscf.dft.rks.RKS'> ********
method = RKS-RHF
initial guess = minao
damping factor = 0
level_shift factor = 0
DIIS = <class 'pyscf.scf.diis.CDIIS'>
diis_start_cycle = 1
diis_space = 8
SCF conv_tol = 1e-09
SCF conv_tol_grad = 1e-05
SCF max_cycles = 1000
direct_scf = True
direct_scf_tol = 1e-13
chkfile to save SCF result = scf.fchk
max_memory 900000 MB (current use 79 MB)
XC library pyscf.dft.libxc version 5.1.7
    S. Lehtola, C. Steigemann, M. J. Oliveira, and M. A. Marques, SoftwareX 7, 1 (2018)
XC functionals = pbe
    J. P. Perdew, K. Burke, and M. Ernzerhof, Phys. Rev. Lett. 77, 3865 (1996)
    J. P. Perdew, K. Burke, and M. Ernzerhof, Phys. Rev. Lett. 78, 1396 (1997)
    J. P. Perdew, K. Burke, and M. Ernzerhof, Phys. Rev. Lett. 77, 3865 (1996)
    J. P. Perdew, K. Burke, and M. Ernzerhof, Phys. Rev. Lett. 78, 1396 (1997)
small_rho_cutoff = 1e-07
init E= -776.047562665766
  HOMO = -0.232971568994408  LUMO = -0.20829530804166
cycle= 1 E= -773.976637410588  delta_E= 2.07  |g|= 1.21  |ddm|= 6.28
  HOMO = -0.0147623709839575  LUMO = 0.00124042645025288
cycle= 2 E= -762.705349823201  delta_E= 11.3  |g|= 3.82  |ddm|= 6.26
  HOMO = -0.102349098098935  LUMO = -0.0666800997346638
cycle= 3 E= -773.66345781094  delta_E=  -11  |g|= 1.39  |ddm|=  5.9
  HOMO = -0.109464790489046  LUMO = -0.0783451362791384
cycle= 4 E= -772.833925829812  delta_E= 0.83  |g|= 1.78  |ddm|= 3.35
  HOMO = -0.143605463163978  LUMO = -0.0901684065121418
cycle= 5 E= -774.045439154054  delta_E= -1.21  |g|= 0.804  |ddm|= 2.61
  HOMO = -0.150517186927836  LUMO = -0.130860576360789
cycle= 6 E= -774.268249503695  delta_E= -0.223  |g|= 0.52  |ddm|= 2.31
  HOMO = -0.149576984359282  LUMO = -0.134317211940355
cycle= 7 E= -774.190694458731  delta_E= 0.0776  |g|= 0.569  |ddm|=  2.2
  HOMO = -0.140993468871785  LUMO = -0.137153117021091
cycle= 8 E= -774.370529685683  delta_E= -0.18  |g|= 0.225  |ddm|= 1.91
  HOMO = -0.143334123368212  LUMO = -0.140482105098974
cycle= 9 E= -774.372921601474  delta_E= -0.00239  |g|= 0.214  |ddm|= 0.96
  HOMO = -0.144116534034714  LUMO = -0.140931626956127
cycle= 10 E= -774.378316799187  delta_E= -0.0054  |g|= 0.169  |ddm|= 0.885
  HOMO = -0.142505442640252  LUMO = -0.139654874892562
cycle= 11 E= -774.34088350741  delta_E= 0.0374  |g|= 0.313  |ddm|= 1.14
  HOMO = -0.143121827858792  LUMO = -0.139710602805644
cycle= 12 E= -774.298909482198  delta_E= 0.042  |g|= 0.401  |ddm|= 0.292
  HOMO = -0.14456377753563  LUMO = -0.140808601168773
cycle= 13 E= -774.276628829024  delta_E= 0.0223  |g|= 0.439  |ddm|= 0.142
  HOMO = -0.143592454481606  LUMO = -0.140405940963223
cycle= 14 E= -774.310368838778  delta_E= -0.0337  |g|= 0.38  |ddm|= 0.211
  HOMO = -0.143126743248413  LUMO = -0.139763279521435
cycle= 15 E= -774.298519773001  delta_E= 0.0118  |g|= 0.401  |ddm|= 0.0822
  HOMO = -0.14418721325155  LUMO = -0.139459982939152
cycle= 16 E= -774.249415058503  delta_E= 0.0491  |g|= 0.473  |ddm|= 0.325
  HOMO = -0.141968998265103  LUMO = -0.138963793967413
cycle= 17 E= -774.329348629145  delta_E= -0.0799  |g|= 0.339  |ddm|= 0.538
  HOMO = -0.144415509613252  LUMO = -0.139380321740422
cycle= 18 E= -774.247975937444  delta_E= 0.0814  |g|= 0.477  |ddm|= 0.558
  HOMO = -0.150516601429437  LUMO = -0.137108065693294
cycle= 19 E= -774.308591363839  delta_E= -0.0606  |g|= 0.37  |ddm|= 2.07
  HOMO = -0.143469552401404  LUMO = -0.140494000378427
cycle= 20 E= -774.337284997522  delta_E= -0.0287  |g|= 0.359  |ddm|= 1.75
  HOMO = -0.145039508398304  LUMO = -0.140866465768495
cycle= 21 E= -774.258414376045  delta_E= 0.0789  |g|= 0.464  |ddm|= 0.637
  HOMO = -0.143160078724415  LUMO = -0.140162012557128
cycle= 22 E= -774.326600023577  delta_E= -0.0682  |g|= 0.352  |ddm|= 0.459
  HOMO = -0.147775181329939  LUMO = -0.143681558323367
cycle= 23 E= -774.262178341025  delta_E= 0.0644  |g|= 0.471  |ddm|= 0.451
  HOMO = -0.145909535337888  LUMO = -0.137362797945184
cycle= 24 E= -774.208960456691  delta_E= 0.0532  |g|= 0.526  |ddm|= 0.432
  HOMO = -0.146192981374244  LUMO = -0.140113663883603
cycle= 25 E= -774.231845945495  delta_E= -0.0229  |g|= 0.507  |ddm|= 0.246
  HOMO = -0.141176090774988  LUMO = -0.135877331144175
cycle= 26 E= -774.235734928671  delta_E= -0.00389  |g|= 0.492  |ddm|= 0.229
  HOMO = -0.143426118006716  LUMO = -0.139564984852448
cycle= 27 E= -774.285393492009  delta_E= -0.0497  |g|= 0.432  |ddm|= 0.346
  HOMO = -0.174248309244484  LUMO = -0.129405423150876
cycle= 28 E= -774.234650336605  delta_E= 0.0507  |g|= 0.59  |ddm|= 2.04
  HOMO = -0.150175781990856  LUMO = -0.126695641055584
cycle= 29 E= -774.261651036124  delta_E= -0.027  |g|= 0.547  |ddm|= 0.88
  HOMO = -0.147868017766107  LUMO = -0.135539105469799
cycle= 30 E= -774.311884834345  delta_E= -0.0502  |g|= 0.372  |ddm|= 0.555
  HOMO = -0.141698163323625  LUMO = -0.137422456225797
cycle= 31 E= -774.35383161203  delta_E= -0.0419  |g|= 0.285  |ddm|= 0.612
  HOMO = -0.148032717085206  LUMO = -0.140862058046423
cycle= 32 E= -774.210725971282  delta_E= 0.143  |g|= 0.535  |ddm|= 1.91
  HOMO = -0.145879392091605  LUMO = -0.138552930235549
cycle= 33 E= -774.215844109105  delta_E= -0.00512  |g|= 0.518  |ddm|= 0.0932
  HOMO = -0.145838334637128  LUMO = -0.138389764978745
cycle= 34 E= -774.214217893235  delta_E= 0.00163  |g|= 0.519  |ddm|= 0.0272
  HOMO = -0.146816306131214  LUMO = -0.140364874453838
cycle= 35 E= -774.220684319064  delta_E= -0.00647  |g|= 0.522  |ddm|= 0.0955
  HOMO = -0.14426524898927  LUMO = -0.140024495551936
cycle= 36 E= -774.27048170652  delta_E= -0.0498  |g|= 0.443  |ddm|= 0.377
  HOMO = -0.145250340296132  LUMO = -0.1391991529043
cycle= 37 E= -774.227255313057  delta_E= 0.0432  |g|= 0.506  |ddm|= 0.306
  HOMO = -0.14601679698308  LUMO = -0.139780738275142
cycle= 38 E= -774.227155254648  delta_E= 0.0001  |g|= 0.504  |ddm|= 0.0684
  HOMO = -0.146659691062123  LUMO = -0.14061298917687
cycle= 39 E= -774.222235715707  delta_E= 0.00492  |g|= 0.511  |ddm|= 0.0821
  HOMO = -0.142202984580736  LUMO = -0.124255713781254
cycle= 40 E= -773.911419580583  delta_E= 0.311  |g|= 1.06  |ddm|= 2.42
  HOMO = -0.177394226201751  LUMO = -0.116600992240754
cycle= 41 E= -774.252831367553  delta_E= -0.341  |g|= 0.569  |ddm|= 1.28
  HOMO = -0.161337017291512  LUMO = -0.128843729378973
cycle= 42 E= -774.285848191189  delta_E= -0.033  |g|= 0.429  |ddm|= 0.337
  HOMO = -0.144338726076325  LUMO = -0.13308742636653
cycle= 43 E= -774.202837781655  delta_E= 0.083  |g|= 0.533  |ddm|= 2.17
  HOMO = -0.145701981135418  LUMO = -0.140625092579979
cycle= 44 E= -774.251447799185  delta_E= -0.0486  |g|= 0.489  |ddm|= 0.413
  HOMO = -0.144589301114318  LUMO = -0.134580293850053
cycle= 45 E= -774.207914030666  delta_E= 0.0435  |g|= 0.524  |ddm|= 0.387
  HOMO = -0.144291868751743  LUMO = -0.1366451518837
cycle= 46 E= -774.220796166657  delta_E= -0.0129  |g|= 0.507  |ddm|= 0.119
  HOMO = -0.144899221061825  LUMO = -0.134677185498248
cycle= 47 E= -774.207723101706  delta_E= 0.0131  |g|= 0.523  |ddm|= 0.118
  HOMO = -0.144311214459263  LUMO = -0.134910562402649
cycle= 48 E= -774.210726414859  delta_E= -0.003  |g|= 0.521  |ddm|= 0.0659
  HOMO = -0.149413974841402  LUMO = -0.136077310046262
cycle= 49 E= -774.317221536753  delta_E= -0.106  |g|= 0.352  |ddm|= 2.14
  HOMO = -0.142553058473062  LUMO = -0.139069919755346
cycle= 50 E= -774.320387759752  delta_E= -0.00317  |g|= 0.366  |ddm|= 1.82
  HOMO = -0.145587540268636  LUMO = -0.140588220531419
cycle= 51 E= -774.245667424976  delta_E= 0.0747  |g|= 0.486  |ddm|= 0.486
  HOMO = -0.145033577072775  LUMO = -0.140141812379871
cycle= 52 E= -774.251291941708  delta_E= -0.00562  |g|= 0.483  |ddm|= 0.108
  HOMO = -0.144793401363036  LUMO = -0.137920945693834
cycle= 53 E= -774.220945318964  delta_E= 0.0303  |g|= 0.509  |ddm|= 0.242
  HOMO = -0.145006678216713  LUMO = -0.135474059326943
cycle= 54 E= -774.206984192403  delta_E= 0.014  |g|= 0.529  |ddm|= 0.158
  HOMO = -0.145164070552444  LUMO = -0.140427868689533
cycle= 55 E= -774.253582120134  delta_E= -0.0466  |g|= 0.473  |ddm|= 0.37
  HOMO = -0.146951039529688  LUMO = -0.144155544685252
cycle= 56 E= -774.351345188327  delta_E= -0.0978  |g|= 0.291  |ddm|= 0.668
  HOMO = -0.14187723337509  LUMO = -0.139343345139796
cycle= 57 E= -774.371198721906  delta_E= -0.0199  |g|= 0.236  |ddm|= 0.35
  HOMO = -0.151351348731969  LUMO = -0.13864349024472
cycle= 58 E= -774.31022416557  delta_E= 0.061  |g|= 0.366  |ddm|= 1.53
  HOMO = -0.141988986463668  LUMO = -0.137572280312133
cycle= 59 E= -774.26298442411  delta_E= 0.0472  |g|= 0.471  |ddm|= 2.01
  HOMO = -0.14403822759814  LUMO = -0.140627719399927
cycle= 60 E= -774.303772405648  delta_E= -0.0408  |g|= 0.401  |ddm|= 0.325
  HOMO = -0.144940044545515  LUMO = -0.142010414644789
cycle= 61 E= -774.347929138261  delta_E= -0.0442  |g|= 0.303  |ddm|= 0.301
  HOMO = -0.143237257473356  LUMO = -0.138645751405878
cycle= 62 E= -774.253325830349  delta_E= 0.0946  |g|= 0.472  |ddm|= 0.619
  HOMO = -0.144124913631177  LUMO = -0.136185832618256
cycle= 63 E= -774.210579969204  delta_E= 0.0427  |g|= 0.525  |ddm|= 0.34
  HOMO = -0.141888441971158  LUMO = -0.137703744071086
cycle= 64 E= -774.270693656687  delta_E= -0.0601  |g|= 0.447  |ddm|= 0.444
  HOMO = -0.145531108715781  LUMO = -0.13993401137745
cycle= 65 E= -774.231396981004  delta_E= 0.0393  |g|= 0.497  |ddm|= 0.27
  HOMO = -0.139443208323045  LUMO = -0.133905589899542
cycle= 66 E= -774.212036148526  delta_E= 0.0194  |g|= 0.541  |ddm|= 0.327
  HOMO = -0.160296832672336  LUMO = -0.124737112188054
cycle= 67 E= -774.267324868909  delta_E= -0.0553  |g|= 0.541  |ddm|= 2.14
  HOMO = -0.152049553981739  LUMO = -0.137674464053553
cycle= 68 E= -774.305606138598  delta_E= -0.0383  |g|= 0.421  |ddm|= 0.466
  HOMO = -0.141142442433746  LUMO = -0.138236687046171
cycle= 69 E= -774.373152256683  delta_E= -0.0675  |g|= 0.217  |ddm|= 1.55
  HOMO = -0.149548165648454  LUMO = -0.144007244064127
cycle= 70 E= -774.323966039229  delta_E= 0.0492  |g|= 0.356  |ddm|= 1.31
  HOMO = -0.143960860945793  LUMO = -0.138366071443889
cycle= 71 E= -774.234929929912  delta_E= 0.089  |g|= 0.49  |ddm|= 1.96
  HOMO = -0.142787085475005  LUMO = -0.137480112760086
cycle= 72 E= -774.235843718755  delta_E= -0.000914  |g|= 0.491  |ddm|= 0.0662
  HOMO = -0.143778391519457  LUMO = -0.136968133558254
cycle= 73 E= -774.217991270075  delta_E= 0.0179  |g|= 0.511  |ddm|= 0.145
  HOMO = -0.141316043982937  LUMO = -0.136611283903823
cycle= 74 E= -774.248891078676  delta_E= -0.0309  |g|= 0.476  |ddm|= 0.228
  HOMO = -0.142793589594847  LUMO = -0.137380577727708
cycle= 75 E= -774.236959480422  delta_E= 0.0119  |g|= 0.489  |ddm|=  0.1
  HOMO = -0.142861706962339  LUMO = -0.13751337035388
cycle= 76 E= -774.236916800616  delta_E= 4.27e-05  |g|= 0.489  |ddm|= 0.0349
  HOMO = -0.141190693603057  LUMO = -0.138291546633602
cycle= 77 E= -774.326302582092  delta_E= -0.0894  |g|= 0.353  |ddm|= 0.63
  HOMO = -0.140667773736736  LUMO = -0.136572198612591
cycle= 78 E= -774.282982379027  delta_E= 0.0433  |g|= 0.443  |ddm|= 0.457
  HOMO = -0.1807496250178  LUMO = -0.123490791757057
cycle= 79 E= -774.173110098083  delta_E= 0.11  |g|= 0.727  |ddm|=  2.1
  HOMO = -0.155267995908131  LUMO = -0.131166980800757
cycle= 80 E= -774.290751317264  delta_E= -0.118  |g|= 0.414  |ddm|= 0.628
  HOMO = -0.147253064346276  LUMO = -0.141528316385615
cycle= 81 E= -774.338258021981  delta_E= -0.0475  |g|= 0.303  |ddm|= 0.524
  HOMO = -0.144755054949952  LUMO = -0.136029495771542
cycle= 82 E= -774.199226258993  delta_E= 0.139  |g|= 0.555  |ddm|= 2.05
  HOMO = -0.144121154218556  LUMO = -0.136110526414173
cycle= 83 E= -774.214880173424  delta_E= -0.0157  |g|= 0.519  |ddm|= 0.185
  HOMO = -0.144014957999189  LUMO = -0.137846263530146
cycle= 84 E= -774.228797555845  delta_E= -0.0139  |g|= 0.501  |ddm|= 0.148
  HOMO = -0.145339677525055  LUMO = -0.136849020315411
cycle= 85 E= -774.212341904286  delta_E= 0.0165  |g|= 0.526  |ddm|= 0.154
  HOMO = -0.144855238735289  LUMO = -0.136924077570739
cycle= 86 E= -774.214183114632  delta_E= -0.00184  |g|= 0.515  |ddm|= 0.094
  HOMO = -0.143873076961853  LUMO = -0.137153026624284
cycle= 87 E= -774.229351288156  delta_E= -0.0152  |g|= 0.501  |ddm|= 0.178
  HOMO = -0.14181274614943  LUMO = -0.137575223392589
cycle= 88 E= -774.268564596475  delta_E= -0.0392  |g|= 0.451  |ddm|= 0.35
  HOMO = -0.143687543263496  LUMO = -0.13533239095187
cycle= 89 E= -774.20975074838  delta_E= 0.0588  |g|= 0.518  |ddm|= 0.431
  HOMO = -0.137877949101906  LUMO = -0.132794084711374
cycle= 90 E= -772.119860105606  delta_E= 2.09  |g|=    2  |ddm|= 3.43
  HOMO = -0.178485968574312  LUMO = -0.104228469679728
cycle= 91 E= -774.197162011494  delta_E= -2.08  |g|= 0.715  |ddm|= 2.57
  HOMO = -0.168966956911931  LUMO = -0.131232289206532
cycle= 92 E= -774.277114415724  delta_E= -0.08  |g|= 0.457  |ddm|= 0.543
  HOMO = -0.150290147866206  LUMO = -0.135444357862059
cycle= 93 E= -774.312753397754  delta_E= -0.0356  |g|= 0.36  |ddm|= 0.36
  HOMO = -0.146786296291182  LUMO = -0.141644844617815
cycle= 94 E= -774.24984453023  delta_E= 0.0629  |g|= 0.489  |ddm|= 2.05
  HOMO = -0.145746411788261  LUMO = -0.136861594447258
cycle= 95 E= -774.214883719927  delta_E= 0.035  |g|= 0.513  |ddm|= 0.337
  HOMO = -0.145161168043838  LUMO = -0.136473259593992
cycle= 96 E= -774.212115219476  delta_E= 0.00277  |g|= 0.516  |ddm|= 0.0656
  HOMO = -0.145039097691591  LUMO = -0.136591835178645
cycle= 97 E= -774.214165571874  delta_E= -0.00205  |g|= 0.512  |ddm|= 0.0249
  HOMO = -0.145532116218083  LUMO = -0.13714474803047
cycle= 98 E= -774.213888098656  delta_E= 0.000277  |g|= 0.513  |ddm|= 0.029
  HOMO = -0.143850512505026  LUMO = -0.136549819142878
cycle= 99 E= -774.220598432881  delta_E= -0.00671  |g|= 0.503  |ddm|= 0.0883
  HOMO = -0.143553396718709  LUMO = -0.139503700996827
cycle= 100 E= -774.282682826201  delta_E= -0.0621  |g|= 0.429  |ddm|= 0.434
  HOMO = -0.144241633335489  LUMO = -0.137868490347961
cycle= 101 E= -774.230610375713  delta_E= 0.0521  |g|= 0.497  |ddm|= 0.372
  HOMO = -0.164236189394573  LUMO = -0.0971840137315996
cycle= 102 E= -774.05650146328  delta_E= 0.174  |g|= 0.932  |ddm|= 2.28
  HOMO = -0.175537600494674  LUMO = -0.119918152139822
cycle= 103 E= -774.266611596707  delta_E= -0.21  |g|=  0.5  |ddm|= 0.763
  HOMO = -0.152409956333206  LUMO = -0.137623402126807
cycle= 104 E= -774.306325156984  delta_E= -0.0397  |g|= 0.388  |ddm|= 0.454
  HOMO = -0.149761521038475  LUMO = -0.119335424408072
cycle= 105 E= -774.165053228993  delta_E= 0.141  |g|=  0.6  |ddm|=  2.2
  HOMO = -0.13594444447678  LUMO = -0.1092729353704
cycle= 106 E= -774.140624224517  delta_E= 0.0244  |g|= 0.649  |ddm|= 0.183
  HOMO = -0.140989169257242  LUMO = -0.113622732591399
cycle= 107 E= -774.152176246704  delta_E= -0.0116  |g|= 0.624  |ddm|= 0.0907
  HOMO = -0.149429351172336  LUMO = -0.125378668181834
cycle= 108 E= -774.183778678012  delta_E= -0.0316  |g|= 0.582  |ddm|= 0.271
  HOMO = -0.147229059135943  LUMO = -0.119510626179407
cycle= 109 E= -774.167588447211  delta_E= 0.0162  |g|= 0.591  |ddm|= 0.267
  HOMO = -0.146161324870964  LUMO = -0.120707995574546
cycle= 110 E= -774.168522365562  delta_E= -0.000934  |g|= 0.587  |ddm|= 0.157
  HOMO = -0.161043910329497  LUMO = -0.131306472947305
cycle= 111 E= -774.297225953635  delta_E= -0.129  |g|= 0.408  |ddm|=  2.2
  HOMO = -0.158105365349538  LUMO = -0.13238062193449
cycle= 112 E= -774.300456499113  delta_E= -0.00323  |g|= 0.395  |ddm|= 0.0988
  HOMO = -0.158514181653968  LUMO = -0.133124201273815
cycle= 113 E= -774.300540139606  delta_E= -8.36e-05  |g|= 0.395  |ddm|= 0.0409
  HOMO = -0.146874313076901  LUMO = -0.137680990544069
cycle= 114 E= -774.326045869679  delta_E= -0.0255  |g|= 0.331  |ddm|= 0.311
  HOMO = -0.144347228875913  LUMO = -0.140596703324834
cycle= 115 E= -774.306712353884  delta_E= 0.0193  |g|= 0.389  |ddm|= 1.79
  HOMO = -0.144915580170404  LUMO = -0.140917520781331
cycle= 116 E= -774.272557596263  delta_E= 0.0342  |g|= 0.449  |ddm|= 0.24
  HOMO = -0.145328001023262  LUMO = -0.141650351925606
cycle= 117 E= -774.286509161175  delta_E= -0.014  |g|= 0.434  |ddm|= 0.111
  HOMO = -0.144193870048672  LUMO = -0.139337022141247
cycle= 118 E= -774.248310868009  delta_E= 0.0382  |g|= 0.48  |ddm|= 0.28
  HOMO = -0.1447214957955  LUMO = -0.140008911186658
cycle= 119 E= -774.250715062004  delta_E= -0.0024  |g|= 0.476  |ddm|= 0.042
  HOMO = -0.146109492186727  LUMO = -0.138480600505038
cycle= 120 E= -774.209821028394  delta_E= 0.0409  |g|= 0.528  |ddm|= 0.297
  HOMO = -0.147117930343788  LUMO = -0.137092947465952
cycle= 121 E= -774.204282573342  delta_E= 0.00554  |g|= 0.533  |ddm|= 0.148
  HOMO = -0.144343126272868  LUMO = -0.134533328295678
cycle= 122 E= -774.199599441998  delta_E= 0.00468  |g|= 0.547  |ddm|=  0.2
  HOMO = -0.164202315881834  LUMO = -0.127174173217423
cycle= 123 E= -774.256617484765  delta_E= -0.057  |g|= 0.547  |ddm|= 2.19
  HOMO = -0.142215216991171  LUMO = -0.138794110652199
cycle= 124 E= -774.378837741019  delta_E= -0.122  |g|= 0.173  |ddm|= 1.03
  HOMO = -0.146087412695614  LUMO = -0.140487987054979
cycle= 125 E= -774.23023359776  delta_E= 0.149  |g|= 0.502  |ddm|=  1.7
  HOMO = -0.146037182923241  LUMO = -0.142395097062735
cycle= 126 E= -774.284268876059  delta_E= -0.054  |g|= 0.434  |ddm|= 0.411
  HOMO = -0.145052894678976  LUMO = -0.14046912482313
cycle= 127 E= -774.2523291688  delta_E= 0.0319  |g|= 0.469  |ddm|= 0.238
  HOMO = -0.144945602695192  LUMO = -0.14039745946221
cycle= 128 E= -774.253476259635  delta_E= -0.00115  |g|= 0.468  |ddm|= 0.00886
  HOMO = -0.145189934475674  LUMO = -0.14066614079691
cycle= 129 E= -774.252729177385  delta_E= 0.000747  |g|= 0.47  |ddm|= 0.027
  HOMO = -0.144909320003781  LUMO = -0.140565115460203
cycle= 130 E= -774.256489046594  delta_E= -0.00376  |g|= 0.465  |ddm|= 0.0463
  HOMO = -0.145587265849545  LUMO = -0.140995952526679
cycle= 131 E= -774.251729909714  delta_E= 0.00476  |g|= 0.47  |ddm|= 0.0644
  HOMO = -0.145163119779523  LUMO = -0.140332573314477
cycle= 132 E= -774.246398796083  delta_E= 0.00533  |g|= 0.478  |ddm|= 0.0505
  HOMO = -0.164545795336201  LUMO = -0.0991722530857966
cycle= 133 E= -774.160191216241  delta_E= 0.0862  |g|= 0.758  |ddm|= 2.19
  HOMO = -0.167959159927389  LUMO = -0.126014446932428
cycle= 134 E= -774.274734829475  delta_E= -0.115  |g|= 0.488  |ddm|= 0.694
  HOMO = -0.160173527919832  LUMO = -0.132784093229401
cycle= 135 E= -774.290655286252  delta_E= -0.0159  |g|= 0.415  |ddm|= 0.424
  HOMO = -0.144381302669081  LUMO = -0.126947248217088
cycle= 136 E= -774.180541584158  delta_E= 0.11  |g|= 0.565  |ddm|=  2.2
  HOMO = -0.141747161755769  LUMO = -0.132053227803322
cycle= 137 E= -774.21118862764  delta_E= -0.0306  |g|= 0.522  |ddm|= 0.237
  HOMO = -0.14424874569955  LUMO = -0.132627583163365
cycle= 138 E= -774.202142140881  delta_E= 0.00905  |g|= 0.534  |ddm|= 0.164
  HOMO = -0.141399912112668  LUMO = -0.134899046848789
cycle= 139 E= -774.22762183357  delta_E= -0.0255  |g|= 0.499  |ddm|= 0.264
  HOMO = -0.142443596530749  LUMO = -0.135564802299087
cycle= 140 E= -774.227898350407  delta_E= -0.000277  |g|= 0.494  |ddm|= 0.0821
  HOMO = -0.142061707907801  LUMO = -0.135066945822714
cycle= 141 E= -774.225372918119  delta_E= 0.00253  |g|= 0.498  |ddm|= 0.0352
  HOMO = -0.14525659602757  LUMO = -0.139272610093745
cycle= 142 E= -774.339176162773  delta_E= -0.114  |g|= 0.299  |ddm|=    2
  HOMO = -0.144480594694766  LUMO = -0.13840435340652
cycle= 143 E= -774.227816478242  delta_E= 0.111  |g|= 0.501  |ddm|= 1.99
  HOMO = -0.143857380039544  LUMO = -0.137741495204979
cycle= 144 E= -774.229373897359  delta_E= -0.00156  |g|= 0.497  |ddm|= 0.0634
  HOMO = -0.144091214710896  LUMO = -0.137476597097471
cycle= 145 E= -774.223922288144  delta_E= 0.00545  |g|= 0.503  |ddm|= 0.0584
  HOMO = -0.143331851631205  LUMO = -0.140504332391734
cycle= 146 E= -774.377328753767  delta_E= -0.153  |g|=  0.2  |ddm|= 1.12
  HOMO = -0.145101563426954  LUMO = -0.137906951088417
cycle= 147 E= -774.218361559364  delta_E= 0.159  |g|= 0.515  |ddm|= 1.15
  HOMO = -0.14397193418616  LUMO = -0.13691694604543
cycle= 148 E= -774.219590004555  delta_E= -0.00123  |g|= 0.508  |ddm|= 0.09
  HOMO = -0.143771851734858  LUMO = -0.137945173329401
cycle= 149 E= -774.230731627482  delta_E= -0.0111  |g|= 0.496  |ddm|= 0.0971
  HOMO = -0.14408245718796  LUMO = -0.138774361816395
cycle= 150 E= -774.237832792717  delta_E= -0.0071  |g|= 0.486  |ddm|= 0.0665
  HOMO = -0.147763275178448  LUMO = -0.138402668107005
cycle= 151 E= -774.316644382929  delta_E= -0.0788  |g|= 0.354  |ddm|= 2.06
  HOMO = -0.143783704163767  LUMO = -0.138854750343949
cycle= 152 E= -774.24454294095  delta_E= 0.0721  |g|= 0.479  |ddm|= 2.04
  HOMO = -0.144130380622973  LUMO = -0.138684400913777
cycle= 153 E= -774.234582114392  delta_E= 0.00996  |g|= 0.491  |ddm|= 0.0843
  HOMO = -0.143552129493617  LUMO = -0.138255037730782
cycle= 154 E= -774.239379005456  delta_E= -0.0048  |g|= 0.489  |ddm|= 0.112
  HOMO = -0.144802665124114  LUMO = -0.141622425524932
cycle= 155 E= -774.391835280905  delta_E= -0.152  |g|= 0.106  |ddm|= 1.36
  HOMO = -0.141857772605374  LUMO = -0.137603126494953
cycle= 156 E= -774.258535787075  delta_E= 0.133  |g|= 0.465  |ddm|= 1.24
  HOMO = -0.143776012259007  LUMO = -0.138475922164779
cycle= 157 E= -774.23542356662  delta_E= 0.0231  |g|= 0.49  |ddm|= 0.183
  HOMO = -0.143599073486005  LUMO = -0.139946216661331
cycle= 158 E= -774.2813219857  delta_E= -0.0459  |g|= 0.43  |ddm|= 0.303
  HOMO = -0.142760171644466  LUMO = -0.138873778823743
cycle= 159 E= -774.269339879413  delta_E= 0.012  |g|= 0.449  |ddm|= 0.094
  HOMO = -0.145031591787865  LUMO = -0.140438102810943
cycle= 160 E= -774.344390240597  delta_E= -0.0751  |g|= 0.292  |ddm|= 1.79
  HOMO = -0.142878266460664  LUMO = -0.139024042428843
cycle= 161 E= -774.273023804333  delta_E= 0.0714  |g|= 0.442  |ddm|= 1.78
  HOMO = -0.142612206889521  LUMO = -0.13895463359246
cycle= 162 E= -774.283400392204  delta_E= -0.0104  |g|= 0.428  |ddm|= 0.0909
  HOMO = -0.143575414850011  LUMO = -0.138776586906984
cycle= 163 E= -774.246577984768  delta_E= 0.0368  |g|= 0.479  |ddm|= 0.253
  HOMO = -0.143383135999953  LUMO = -0.137026732166565
cycle= 164 E= -774.227990318475  delta_E= 0.0186  |g|= 0.508  |ddm|= 0.196
  HOMO = -0.145561716792017  LUMO = -0.137844162388804
cycle= 165 E= -774.215400322666  delta_E= 0.0126  |g|= 0.52  |ddm|= 0.153
  HOMO = -0.142773161518105  LUMO = -0.137539533724639
cycle= 166 E= -774.246020858831  delta_E= -0.0306  |g|= 0.485  |ddm|= 0.23
  HOMO = -0.145295347895598  LUMO = -0.139458490853394
cycle= 167 E= -774.234185338231  delta_E= 0.0118  |g|= 0.499  |ddm|= 0.143
  HOMO = -0.143638236600972  LUMO = -0.136202709876145
cycle= 168 E= -774.215993854892  delta_E= 0.0182  |g|= 0.515  |ddm|= 0.181
  HOMO = -0.165739592185711  LUMO = -0.128789662740012
cycle= 169 E= -774.262169511222  delta_E= -0.0462  |g|= 0.53  |ddm|= 2.18
  HOMO = -0.153610125211052  LUMO = -0.134637167150025
cycle= 170 E= -774.280812798448  delta_E= -0.0186  |g|= 0.484  |ddm|= 0.55
  HOMO = -0.148210870878487  LUMO = -0.135247347559321
cycle= 171 E= -774.313140103483  delta_E= -0.0323  |g|= 0.362  |ddm|= 0.44
  HOMO = -0.144547416282082  LUMO = -0.140874789701176
cycle= 172 E= -774.297600166044  delta_E= 0.0155  |g|= 0.408  |ddm|= 1.88
  HOMO = -0.145896240848254  LUMO = -0.140020492643886
cycle= 173 E= -774.232977339282  delta_E= 0.0646  |g|= 0.505  |ddm|= 0.457
  HOMO = -0.144871305588922  LUMO = -0.13928377414736
cycle= 174 E= -774.239212213055  delta_E= -0.00623  |g|= 0.493  |ddm|= 0.0635
  HOMO = -0.145843563940426  LUMO = -0.139926960605942
cycle= 175 E= -774.232507046482  delta_E= 0.00671  |g|= 0.502  |ddm|= 0.0522
  HOMO = -0.145822635258487  LUMO = -0.139838280744313
cycle= 176 E= -774.231285595012  delta_E= 0.00122  |g|= 0.504  |ddm|= 0.0205
  HOMO = -0.145826701520507  LUMO = -0.139473895535271
cycle= 177 E= -774.226967049156  delta_E= 0.00432  |g|= 0.507  |ddm|= 0.0386
  HOMO = -0.145994193365025  LUMO = -0.141475823046918
cycle= 178 E= -774.260415354871  delta_E= -0.0334  |g|= 0.469  |ddm|= 0.25
  HOMO = -0.145936444515405  LUMO = -0.142776740450932
cycle= 179 E= -774.313445457406  delta_E= -0.053  |g|= 0.395  |ddm|= 0.42
  HOMO = -0.181173898225809  LUMO = -0.119312239383581
cycle= 180 E= -774.18706035192  delta_E= 0.126  |g|= 0.691  |ddm|= 1.98
  HOMO = -0.150343722227141  LUMO = -0.134360448238241
cycle= 181 E= -774.311721760144  delta_E= -0.125  |g|= 0.371  |ddm|= 0.636
  HOMO = -0.14563569135993  LUMO = -0.142598117177322
cycle= 182 E= -774.349263239043  delta_E= -0.0375  |g|= 0.317  |ddm|=  1.7
  HOMO = -0.142473844482931  LUMO = -0.139561616746867
cycle= 183 E= -774.354736658321  delta_E= -0.00547  |g|= 0.288  |ddm|= 0.281
  HOMO = -0.14799983946638  LUMO = -0.141423591905228
cycle= 184 E= -774.217722536863  delta_E= 0.137  |g|= 0.523  |ddm|= 0.925
  HOMO = -0.145071217014911  LUMO = -0.141713764293035
cycle= 185 E= -774.301870652069  delta_E= -0.0841  |g|= 0.401  |ddm|= 0.576
  HOMO = -0.147304820413523  LUMO = -0.136559710636754
cycle= 186 E= -774.196958822768  delta_E= 0.105  |g|= 0.55  |ddm|= 0.743
  HOMO = -0.146883016790004  LUMO = -0.139878651317588
cycle= 187 E= -774.215851194201  delta_E= -0.0189  |g|= 0.518  |ddm|= 0.193
  HOMO = -0.146880856131216  LUMO = -0.140693627260996
cycle= 188 E= -774.223814030562  delta_E= -0.00796  |g|= 0.507  |ddm|= 0.0743
  HOMO = -0.144651195831925  LUMO = -0.140021722859086
cycle= 189 E= -774.247749782287  delta_E= -0.0239  |g|= 0.478  |ddm|= 0.237
  HOMO = -0.171787463420871  LUMO = -0.125287369617691
cycle= 190 E= -774.267065449586  delta_E= -0.0193  |g|= 0.545  |ddm|= 2.09
  HOMO = -0.150410323575761  LUMO = -0.142241091144693
cycle= 191 E= -774.312528432837  delta_E= -0.0455  |g|= 0.384  |ddm|= 0.631
  HOMO = -0.142520132798354  LUMO = -0.136542330193442
cycle= 192 E= -774.231743443728  delta_E= 0.0808  |g|= 0.497  |ddm|= 2.04
  HOMO = -0.141810954763259  LUMO = -0.136838943985755
cycle= 193 E= -774.334124509881  delta_E= -0.102  |g|= 0.344  |ddm|=  1.9
  HOMO = -0.144211707295009  LUMO = -0.140244354235878
cycle= 194 E= -774.366633915769  delta_E= -0.0325  |g|= 0.227  |ddm|= 0.412
  HOMO = -0.144817748733883  LUMO = -0.138744201330381
cycle= 195 E= -774.231030759768  delta_E= 0.136  |g|= 0.494  |ddm|= 1.81
  HOMO = -0.144822276712895  LUMO = -0.141428505703037
cycle= 196 E= -774.302489281531  delta_E= -0.0715  |g|= 0.397  |ddm|= 0.506
  HOMO = -0.144473345875224  LUMO = -0.137374625463269
cycle= 197 E= -774.218380469942  delta_E= 0.0841  |g|= 0.508  |ddm|= 0.584
  HOMO = -0.143895435733096  LUMO = -0.139165630542244
cycle= 198 E= -774.248790533666  delta_E= -0.0304  |g|= 0.473  |ddm|= 0.257
  HOMO = -0.144078226357153  LUMO = -0.138981370510708
cycle= 199 E= -774.244953335743  delta_E= 0.00384  |g|= 0.48  |ddm|= 0.0733
  HOMO = -0.143769627209866  LUMO = -0.137915482777802
cycle= 200 E= -774.233570865489  delta_E= 0.0114  |g|= 0.493  |ddm|= 0.0916
  HOMO = -0.144172663080086  LUMO = -0.138441110811432
cycle= 201 E= -774.235031155557  delta_E= -0.00146  |g|= 0.492  |ddm|= 0.0381
  HOMO = -0.141135896874647  LUMO = -0.138380280344508
cycle= 202 E= -774.363862422547  delta_E= -0.129  |g|= 0.26  |ddm|= 0.93
  HOMO = -0.177756321157695  LUMO = -0.125102916875883
cycle= 203 E= -774.181328287585  delta_E= 0.183  |g|= 0.692  |ddm|= 1.85
  HOMO = -0.148396011834536  LUMO = -0.137403119672421
cycle= 204 E= -774.318205168424  delta_E= -0.137  |g|= 0.348  |ddm|= 0.756
  HOMO = -0.143941719703377  LUMO = -0.140973702755037
cycle= 205 E= -774.351978294675  delta_E= -0.0338  |g|= 0.294  |ddm|= 1.62
  HOMO = -0.146133307199299  LUMO = -0.14007846764845
cycle= 206 E= -774.227341122942  delta_E= 0.125  |g|= 0.505  |ddm|= 0.885
  HOMO = -0.144773054285827  LUMO = -0.140106947662259
cycle= 207 E= -774.25590056119  delta_E= -0.0286  |g|= 0.475  |ddm|= 0.215
  HOMO = -0.14505679259225  LUMO = -0.138331462504864
cycle= 208 E= -774.225038768129  delta_E= 0.0309  |g|= 0.515  |ddm|= 0.254
  HOMO = -0.146867879575625  LUMO = -0.140196975388543
cycle= 209 E= -774.220620366841  delta_E= 0.00442  |g|= 0.522  |ddm|= 0.154
  HOMO = -0.145205955431987  LUMO = -0.141250863134187
cycle= 210 E= -774.279068015205  delta_E= -0.0584  |g|= 0.441  |ddm|= 0.401
  HOMO = -0.145034252704624  LUMO = -0.136956347355096
cycle= 211 E= -774.216493253674  delta_E= 0.0626  |g|= 0.522  |ddm|= 0.474
  HOMO = -0.143087813150077  LUMO = -0.135776547976041
cycle= 212 E= -774.21792214629  delta_E= -0.00143  |g|= 0.515  |ddm|= 0.237
  HOMO = -0.166544790384685  LUMO = -0.130816263111963
cycle= 213 E= -774.236542964476  delta_E= -0.0186  |g|= 0.554  |ddm|= 2.17
  HOMO = -0.150953166633722  LUMO = -0.121495637221244
cycle= 214 E= -774.252794345676  delta_E= -0.0163  |g|= 0.589  |ddm|= 0.811
  HOMO = -0.150398671651851  LUMO = -0.136551842584898
cycle= 215 E= -774.307929942441  delta_E= -0.0551  |g|= 0.378  |ddm|= 0.568
  HOMO = -0.144238578998569  LUMO = -0.141408705213864
cycle= 216 E= -774.382054536241  delta_E= -0.0741  |g|= 0.167  |ddm|= 1.45
  HOMO = -0.143599390701721  LUMO = -0.139229949213015
cycle= 217 E= -774.259682482646  delta_E= 0.122  |g|= 0.47  |ddm|= 0.968
  HOMO = -0.143646933577966  LUMO = -0.140541586900827
cycle= 218 E= -774.32048627422  delta_E= -0.0608  |g|= 0.36  |ddm|= 0.412
  HOMO = -0.141947625725351  LUMO = -0.138052025041711
cycle= 219 E= -774.273094415578  delta_E= 0.0474  |g|= 0.447  |ddm|= 0.318
  HOMO = -0.143275316492448  LUMO = -0.138397530379972
cycle= 220 E= -774.249254596089  delta_E= 0.0238  |g|= 0.474  |ddm|= 0.198
  HOMO = -0.143315600297696  LUMO = -0.138520709610146
cycle= 221 E= -774.251072372575  delta_E= -0.00182  |g|= 0.471  |ddm|= 0.0141
  HOMO = -0.142981101292428  LUMO = -0.138338428268091
cycle= 222 E= -774.256132982113  delta_E= -0.00506  |g|= 0.465  |ddm|= 0.0675
  HOMO = -0.14283778105908  LUMO = -0.138316202168182
cycle= 223 E= -774.258461459445  delta_E= -0.00233  |g|= 0.462  |ddm|= 0.0195
  HOMO = -0.152649438406827  LUMO = -0.132420667764002
cycle= 224 E= -774.264187513537  delta_E= -0.00573  |g|= 0.499  |ddm|= 2.07
  HOMO = -0.144050907059244  LUMO = -0.139482383090897
cycle= 225 E= -774.333108279865  delta_E= -0.0689  |g|= 0.386  |ddm|= 0.823
  HOMO = -0.14271478160987  LUMO = -0.138959274112706
cycle= 226 E= -774.295646113894  delta_E= 0.0375  |g|= 0.42  |ddm|=  1.7
  HOMO = -0.14602844388444  LUMO = -0.143140475456279
cycle= 227 E= -774.37618381701  delta_E= -0.0805  |g|= 0.215  |ddm|= 0.75
  HOMO = -0.141482487086901  LUMO = -0.138066965026638
cycle= 228 E= -774.307343915344  delta_E= 0.0688  |g|= 0.393  |ddm|= 0.688
  HOMO = -0.141956571083814  LUMO = -0.136386457118572
cycle= 229 E= -774.235010842955  delta_E= 0.0723  |g|= 0.499  |ddm|= 0.485
  HOMO = -0.143943074527458  LUMO = -0.138481118177933
cycle= 230 E= -774.241934086685  delta_E= -0.00692  |g|= 0.49  |ddm|= 0.156
  HOMO = -0.142979446741383  LUMO = -0.138066685554905
cycle= 231 E= -774.251418315776  delta_E= -0.00948  |g|= 0.476  |ddm|= 0.104
  HOMO = -0.142035479769291  LUMO = -0.139168117231933
cycle= 232 E= -774.353225463905  delta_E= -0.102  |g|= 0.29  |ddm|= 0.706
  HOMO = -0.143370989044525  LUMO = -0.138068415335233
cycle= 233 E= -774.328346684498  delta_E= 0.0249  |g|= 0.348  |ddm|= 1.45
  HOMO = -0.14454769744346  LUMO = -0.139049145278564
cycle= 234 E= -774.213152630044  delta_E= 0.115  |g|= 0.532  |ddm|= 1.98
  HOMO = -0.144515490432185  LUMO = -0.13835430483775
cycle= 235 E= -774.22665116775  delta_E= -0.0135  |g|=  0.5  |ddm|= 0.199
  HOMO = -0.146892794255286  LUMO = -0.141011737574019
cycle= 236 E= -774.224811880669  delta_E= 0.00184  |g|= 0.511  |ddm|= 0.192
  HOMO = -0.146363380290034  LUMO = -0.139689692336164
cycle= 237 E= -774.219535200563  delta_E= 0.00528  |g|= 0.515  |ddm|= 0.143
  HOMO = -0.145450765893915  LUMO = -0.138800094099113
cycle= 238 E= -774.222159321244  delta_E= -0.00262  |g|= 0.507  |ddm|= 0.0638
  HOMO = -0.145340010275783  LUMO = -0.139419034080911
cycle= 239 E= -774.229414193984  delta_E= -0.00725  |g|= 0.497  |ddm|= 0.0691
  HOMO = -0.144599154242797  LUMO = -0.138219058337559
cycle= 240 E= -774.215485711068  delta_E= 0.0139  |g|= 0.517  |ddm|= 0.133
  HOMO = -0.144908692148354  LUMO = -0.140463678225142
cycle= 241 E= -774.358289489031  delta_E= -0.143  |g|= 0.251  |ddm|= 1.87
  HOMO = -0.142224859233128  LUMO = -0.13921515268126
cycle= 242 E= -774.335489607303  delta_E= 0.0228  |g|= 0.327  |ddm|= 1.37
  HOMO = -0.143362851534562  LUMO = -0.137784912421606
cycle= 243 E= -774.235074879999  delta_E=  0.1  |g|= 0.492  |ddm|= 0.673
  HOMO = -0.143603348016808  LUMO = -0.137661540679682
cycle= 244 E= -774.228844690628  delta_E= 0.00623  |g|= 0.498  |ddm|= 0.0554
  HOMO = -0.143574154450458  LUMO = -0.137734200109245
cycle= 245 E= -774.230183999106  delta_E= -0.00134  |g|= 0.497  |ddm|= 0.0107
  HOMO = -0.1429144318751  LUMO = -0.137577922237499
cycle= 246 E= -774.23652885668  delta_E= -0.00634  |g|= 0.488  |ddm|= 0.075
  HOMO = -0.141911478169087  LUMO = -0.138545656078046
cycle= 247 E= -774.294875336992  delta_E= -0.0583  |g|= 0.412  |ddm|= 0.412
  HOMO = -0.145427387217474  LUMO = -0.139284720002544
cycle= 248 E= -774.228671783628  delta_E= 0.0662  |g|= 0.499  |ddm|= 0.502
  HOMO = -0.143888212396478  LUMO = -0.137904021994539
cycle= 249 E= -774.22986584638  delta_E= -0.00119  |g|= 0.501  |ddm|= 0.0896
  HOMO = -0.170013905896218  LUMO = -0.124307814733122
cycle= 250 E= -774.24005393111  delta_E= -0.0102  |g|= 0.596  |ddm|= 2.15
  HOMO = -0.163326052425095  LUMO = -0.12522876191869
cycle= 251 E= -774.250995145104  delta_E= -0.0109  |g|= 0.533  |ddm|= 0.678
  HOMO = -0.148692473097888  LUMO = -0.138525839358801
cycle= 252 E= -774.322363353041  delta_E= -0.0714  |g|= 0.339  |ddm|= 0.559
  HOMO = -0.148875863944258  LUMO = -0.125405778633515
cycle= 253 E= -774.176861573965  delta_E= 0.146  |g|= 0.578  |ddm|= 2.16
  HOMO = -0.148779727426658  LUMO = -0.128604893557281
cycle= 254 E= -774.18301292431  delta_E= -0.00615  |g|= 0.572  |ddm|= 0.128
  HOMO = -0.149601453631661  LUMO = -0.131829535774583
cycle= 255 E= -774.184000094009  delta_E= -0.000987  |g|= 0.585  |ddm|= 0.183
  HOMO = -0.145547912698855  LUMO = -0.131288311287736
cycle= 256 E= -774.195759062056  delta_E= -0.0118  |g|= 0.543  |ddm|= 0.185
  HOMO = -0.146728561477004  LUMO = -0.131342021849667
cycle= 257 E= -774.193251167394  delta_E= 0.00251  |g|= 0.547  |ddm|= 0.0902
  HOMO = -0.14504463143979  LUMO = -0.134092491708653
cycle= 258 E= -774.204435655373  delta_E= -0.0112  |g|= 0.526  |ddm|= 0.0965
  HOMO = -0.144271152724598  LUMO = -0.13946424863937
cycle= 259 E= -774.353109232176  delta_E= -0.149  |g|= 0.267  |ddm|= 2.01
  HOMO = -0.147575468299389  LUMO = -0.140209292722493
cycle= 260 E= -774.327897582775  delta_E= 0.0252  |g|= 0.328  |ddm|= 0.357
  HOMO = -0.146507587697892  LUMO = -0.140194719821371
cycle= 261 E= -774.335908654059  delta_E= -0.00801  |g|= 0.305  |ddm|= 0.0893
  HOMO = -0.144078635077364  LUMO = -0.141002046305125
cycle= 262 E= -774.354349957525  delta_E= -0.0184  |g|= 0.282  |ddm|= 1.47
  HOMO = -0.144324214664346  LUMO = -0.139705900597161
cycle= 263 E= -774.249549380771  delta_E= 0.105  |g|= 0.474  |ddm|= 0.729
  HOMO = -0.145047382588146  LUMO = -0.140207592474604
cycle= 264 E= -774.245524212925  delta_E= 0.00403  |g|= 0.48  |ddm|= 0.0568
  HOMO = -0.145414148232021  LUMO = -0.140871806030075
cycle= 265 E= -774.25078706813  delta_E= -0.00526  |g|= 0.477  |ddm|= 0.0494
  HOMO = -0.144982563292586  LUMO = -0.140660578127374
cycle= 266 E= -774.258679616168  delta_E= -0.00789  |g|= 0.465  |ddm|= 0.073
  HOMO = -0.145752954644421  LUMO = -0.138528521223721
cycle= 267 E= -774.216933621093  delta_E= 0.0417  |g|= 0.513  |ddm|= 0.315
  HOMO = -0.14514973405856  LUMO = -0.139367583183892
cycle= 268 E= -774.231993166419  delta_E= -0.0151  |g|= 0.497  |ddm|= 0.126
  HOMO = -0.142425745019517  LUMO = -0.139419986165671
cycle= 269 E= -774.319292675276  delta_E= -0.0873  |g|= 0.378  |ddm|= 0.67
  HOMO = -0.162340878312455  LUMO = -0.136149068799336
cycle= 270 E= -774.272733852631  delta_E= 0.0466  |g|= 0.491  |ddm|=  1.9
  HOMO = -0.151733994174527  LUMO = -0.124697792020932
cycle= 271 E= -774.241296759207  delta_E= 0.0314  |g|= 0.58  |ddm|= 0.791
  HOMO = -0.143955806429902  LUMO = -0.13890057926261
cycle= 272 E= -774.352782729659  delta_E= -0.111  |g|= 0.273  |ddm|= 0.755
  HOMO = -0.14644532267439  LUMO = -0.143572604571604
cycle= 273 E= -774.341723365399  delta_E= 0.0111  |g|= 0.339  |ddm|=  1.4
  HOMO = -0.144448590891771  LUMO = -0.137356633561107
cycle= 274 E= -774.220646578842  delta_E= 0.121  |g|= 0.508  |ddm|= 0.934
  HOMO = -0.144577902126575  LUMO = -0.137647264106536
cycle= 275 E= -774.220712684116  delta_E= -6.61e-05  |g|= 0.506  |ddm|= 0.05
  HOMO = -0.144126955867987  LUMO = -0.13796036841091
cycle= 276 E= -774.228581256307  delta_E= -0.00787  |g|= 0.498  |ddm|= 0.0638
  HOMO = -0.144376958794267  LUMO = -0.137979256985974
cycle= 277 E= -774.225644360128  delta_E= 0.00294  |g|= 0.502  |ddm|= 0.0465
  HOMO = -0.142165626948089  LUMO = -0.136669273793545
cycle= 278 E= -774.232325941635  delta_E= -0.00668  |g|= 0.492  |ddm|= 0.119
  HOMO = -0.142821681547967  LUMO = -0.136866925225445
cycle= 279 E= -774.23070175306  delta_E= 0.00162  |g|= 0.497  |ddm|= 0.0676
  HOMO = -0.143762449672002  LUMO = -0.138815549473549
cycle= 280 E= -774.245269359628  delta_E= -0.0146  |g|= 0.483  |ddm|= 0.151
  HOMO = -0.176576677459643  LUMO = -0.0940339836767216
cycle= 281 E= -774.115606104353  delta_E= 0.13  |g|= 0.871  |ddm|= 2.21
  HOMO = -0.168567842238851  LUMO = -0.115696093453203
cycle= 282 E= -773.995142305853  delta_E= 0.12  |g|= 0.963  |ddm|=  1.4
  HOMO = -0.169424914816415  LUMO = -0.124812607667876
cycle= 283 E= -774.275866488489  delta_E= -0.281  |g|= 0.464  |ddm|= 0.909
  HOMO = -0.145516709479153  LUMO = -0.139756949460465
cycle= 284 E= -774.344460471382  delta_E= -0.0686  |g|= 0.292  |ddm|= 0.631
  HOMO = -0.144510584164857  LUMO = -0.131985169340245
cycle= 285 E= -774.205130660263  delta_E= 0.139  |g|= 0.528  |ddm|= 2.07
  HOMO = -0.143661268857715  LUMO = -0.132675286332492
cycle= 286 E= -774.208720200948  delta_E= -0.00359  |g|= 0.519  |ddm|= 0.0535
  HOMO = -0.145552607484449  LUMO = -0.133160720679004
cycle= 287 E= -774.205615184218  delta_E= 0.00311  |g|= 0.532  |ddm|= 0.11
  HOMO = -0.14257156849611  LUMO = -0.135794188912265
cycle= 288 E= -774.232103820872  delta_E= -0.0265  |g|= 0.491  |ddm|= 0.249
  HOMO = -0.146905614950766  LUMO = -0.130159248407343
cycle= 289 E= -774.188120058962  delta_E= 0.044  |g|= 0.561  |ddm|= 0.373
  HOMO = -0.141911926794034  LUMO = -0.138676654786862
cycle= 290 E= -774.321767742608  delta_E= -0.134  |g|= 0.364  |ddm|= 0.94
  HOMO = -0.14323315849612  LUMO = -0.13573210097206
cycle= 291 E= -774.214979433255  delta_E= 0.107  |g|= 0.513  |ddm|= 0.747
  HOMO = -0.143929807488884  LUMO = -0.138313741598174
cycle= 292 E= -774.237305898557  delta_E= -0.0223  |g|= 0.491  |ddm|= 0.203
  HOMO = -0.177800902019578  LUMO = -0.112803887424183
cycle= 293 E= -774.201100538525  delta_E= 0.0362  |g|= 0.663  |ddm|= 2.16
  HOMO = -0.168178525345748  LUMO = -0.138655114047684
cycle= 294 E= -774.255778673424  delta_E= -0.0547  |g|= 0.532  |ddm|= 0.771
  HOMO = -0.148584031321379  LUMO = -0.132537960301791
cycle= 295 E= -774.307766025243  delta_E= -0.052  |g|= 0.398  |ddm|= 0.589
  HOMO = -0.145364078303501  LUMO = -0.141385250936241
cycle= 296 E= -774.367021378478  delta_E= -0.0593  |g|= 0.225  |ddm|= 0.745
  HOMO = -0.143199851532316  LUMO = -0.137292589114414
cycle= 297 E= -774.227438928119  delta_E= 0.14  |g|= 0.508  |ddm|=  1.8
  HOMO = -0.14450490712205  LUMO = -0.136488377409936
cycle= 298 E= -774.212878985424  delta_E= 0.0146  |g|= 0.513  |ddm|= 0.177
  HOMO = -0.145889578072134  LUMO = -0.133108060538258
cycle= 299 E= -774.199403130699  delta_E= 0.0135  |g|= 0.531  |ddm|= 0.166
  HOMO = -0.145258410263832  LUMO = -0.133189233552507
cycle= 300 E= -774.200308328011  delta_E= -0.000905  |g|= 0.528  |ddm|= 0.0487
  HOMO = -0.144573714082107  LUMO = -0.135283675809063
cycle= 301 E= -774.21135926671  delta_E= -0.0111  |g|= 0.518  |ddm|= 0.131
  HOMO = -0.143304190804724  LUMO = -0.140013692072143
cycle= 302 E= -774.310666796125  delta_E= -0.0993  |g|= 0.378  |ddm|= 0.751
  HOMO = -0.142528165229214  LUMO = -0.136779316598146
cycle= 303 E= -774.230723769072  delta_E= 0.0799  |g|= 0.499  |ddm|= 0.564
  HOMO = -0.144255103644331  LUMO = -0.137225484944627
cycle= 304 E= -774.221483564622  delta_E= 0.00924  |g|= 0.508  |ddm|= 0.131
  HOMO = -0.179137016760852  LUMO = -0.109108789627421
cycle= 305 E= -774.111640844672  delta_E= 0.11  |g|= 0.824  |ddm|= 2.23
  HOMO = -0.166110575843703  LUMO = -0.132529929190803
cycle= 306 E= -774.276518969156  delta_E= -0.165  |g|= 0.515  |ddm|= 0.914
  HOMO = -0.15470828816102  LUMO = -0.130011160080686
cycle= 307 E= -774.287710943204  delta_E= -0.0112  |g|= 0.423  |ddm|= 0.538
  HOMO = -0.146836245655305  LUMO = -0.139486428622917
cycle= 308 E= -774.331674037965  delta_E= -0.044  |g|= 0.314  |ddm|= 0.471
  HOMO = -0.147363901163159  LUMO = -0.132279756703422
cycle= 309 E= -774.192922266288  delta_E= 0.139  |g|= 0.563  |ddm|= 2.12
  HOMO = -0.147008844558999  LUMO = -0.132766147227796
cycle= 310 E= -774.195772037684  delta_E= -0.00285  |g|= 0.549  |ddm|= 0.11
  HOMO = -0.147070102605665  LUMO = -0.13379023541988
cycle= 311 E= -774.199126358672  delta_E= -0.00335  |g|= 0.542  |ddm|= 0.0756
  HOMO = -0.146931586068065  LUMO = -0.133752306647038
cycle= 312 E= -774.199545636721  delta_E= -0.000419  |g|= 0.541  |ddm|= 0.0165
  HOMO = -0.145057266696061  LUMO = -0.133459699386579
cycle= 313 E= -774.203906022852  delta_E= -0.00436  |g|= 0.53  |ddm|= 0.123
  HOMO = -0.144471792071848  LUMO = -0.139960317913872
cycle= 314 E= -774.355037593693  delta_E= -0.151  |g|= 0.26  |ddm|=    2
  HOMO = -0.144032706818467  LUMO = -0.139161675990418
cycle= 315 E= -774.345286375994  delta_E= 0.00975  |g|= 0.278  |ddm|= 0.179
  HOMO = -0.145773880267756  LUMO = -0.141654375352279
cycle= 316 E= -774.360696409009  delta_E= -0.0154  |g|= 0.244  |ddm|= 0.208
  HOMO = -0.144079873744107  LUMO = -0.139214702160449
cycle= 317 E= -774.346928080961  delta_E= 0.0138  |g|= 0.271  |ddm|= 0.216
  HOMO = -0.142235771045639  LUMO = -0.139183011292036
cycle= 318 E= -774.354807844096  delta_E= -0.00788  |g|= 0.273  |ddm|= 1.37
  HOMO = -0.143175097098128  LUMO = -0.138985096281275
cycle= 319 E= -774.267043506741  delta_E= 0.0878  |g|= 0.456  |ddm|= 0.603
  HOMO = -0.142912281922585  LUMO = -0.13820407902821
cycle= 320 E= -774.251884123985  delta_E= 0.0152  |g|= 0.475  |ddm|= 0.108
  HOMO = -0.142699642701744  LUMO = -0.138223665392552
cycle= 321 E= -774.258240680434  delta_E= -0.00636  |g|= 0.467  |ddm|= 0.0482
  HOMO = -0.143042041512771  LUMO = -0.138523753507939
cycle= 322 E= -774.256631691013  delta_E= 0.00161  |g|= 0.47  |ddm|= 0.0317
  HOMO = -0.143327337639163  LUMO = -0.138182531386618
cycle= 323 E= -774.243643142591  delta_E= 0.013  |g|= 0.486  |ddm|= 0.0929
  HOMO = -0.143988850796645  LUMO = -0.138991684077533
cycle= 324 E= -774.240439933237  delta_E= 0.0032  |g|= 0.49  |ddm|= 0.101
  HOMO = -0.146130842735542  LUMO = -0.140014424176791
cycle= 325 E= -774.220469343452  delta_E= 0.02  |g|= 0.523  |ddm|= 0.194
  HOMO = -0.173139813289527  LUMO = -0.1211361970172
cycle= 326 E= -774.213183708047  delta_E= 0.00729  |g|= 0.624  |ddm|= 2.18
  HOMO = -0.16772342588839  LUMO = -0.12270598890387
cycle= 327 E= -774.223110196393  delta_E= -0.00993  |g|= 0.68  |ddm|= 0.914
  HOMO = -0.152651876182317  LUMO = -0.136502097953689
cycle= 328 E= -774.312759401934  delta_E= -0.0896  |g|= 0.365  |ddm|= 0.554
  HOMO = -0.142541151626165  LUMO = -0.138437873968085
cycle= 329 E= -774.281154490769  delta_E= 0.0316  |g|= 0.439  |ddm|= 1.97
  HOMO = -0.14716433524917  LUMO = -0.12759366400188
cycle= 330 E= -774.182129679262  delta_E= 0.099  |g|= 0.567  |ddm|= 0.738
  HOMO = -0.148280743714342  LUMO = -0.127782875030508
cycle= 331 E= -774.185270498285  delta_E= -0.00314  |g|= 0.561  |ddm|= 0.0763
  HOMO = -0.147720852231995  LUMO = -0.127889728310352
cycle= 332 E= -774.184192024208  delta_E= 0.00108  |g|= 0.562  |ddm|= 0.037
  HOMO = -0.144277853253789  LUMO = -0.140609563141531
cycle= 333 E= -774.293963435672  delta_E= -0.11  |g|= 0.436  |ddm|= 0.828
  HOMO = -0.144215693551636  LUMO = -0.132006815165605
cycle= 334 E= -774.197636401458  delta_E= 0.0963  |g|= 0.541  |ddm|= 0.716
  HOMO = -0.142484149756259  LUMO = -0.136634370454155
cycle= 335 E= -774.237241403715  delta_E= -0.0396  |g|= 0.486  |ddm|= 0.334
  HOMO = -0.141803390864781  LUMO = -0.136082944791575
cycle= 336 E= -774.238562896848  delta_E= -0.00132  |g|= 0.485  |ddm|= 0.0458
  HOMO = -0.172313928955739  LUMO = -0.0938202541159118
cycle= 337 E= -774.091163859042  delta_E= 0.147  |g|= 0.932  |ddm|= 2.24
  HOMO = -0.17116015824828  LUMO = -0.115706620181635
cycle= 338 E= -774.20472146385  delta_E= -0.114  |g|= 0.635  |ddm|= 0.887
  HOMO = -0.161011478984005  LUMO = -0.13045189585429
cycle= 339 E= -774.297132279896  delta_E= -0.0924  |g|= 0.427  |ddm|= 0.629
  HOMO = -0.144665063802559  LUMO = -0.139631652753198
cycle= 340 E= -774.345263565529  delta_E= -0.0481  |g|= 0.299  |ddm|= 0.637
  HOMO = -0.144882901813977  LUMO = -0.121131651092155
cycle= 341 E= -774.162029120581  delta_E= 0.183  |g|= 0.601  |ddm|= 2.09
  HOMO = -0.144585282609065  LUMO = -0.122824381075004
cycle= 342 E= -774.170875495886  delta_E= -0.00885  |g|= 0.604  |ddm|= 0.14
  HOMO = -0.148980022727138  LUMO = -0.127403491993472
cycle= 343 E= -774.175907486654  delta_E= -0.00503  |g|= 0.573  |ddm|= 0.147
  HOMO = -0.14748278861155  LUMO = -0.127362723852903
cycle= 344 E= -774.176784434574  delta_E= -0.000877  |g|= 0.573  |ddm|= 0.0683
  HOMO = -0.145207140086231  LUMO = -0.127024951586411
cycle= 345 E= -774.185281505769  delta_E= -0.0085  |g|= 0.555  |ddm|= 0.184
  HOMO = -0.147139191522356  LUMO = -0.136990536533624
cycle= 346 E= -774.32294009275  delta_E= -0.138  |g|= 0.342  |ddm|= 2.16
  HOMO = -0.148263063331745  LUMO = -0.138481457921941
cycle= 347 E= -774.323938413615  delta_E= -0.000998  |g|= 0.343  |ddm|= 0.119
  HOMO = -0.147681700566969  LUMO = -0.138299479614117
cycle= 348 E= -774.326018029995  delta_E= -0.00208  |g|= 0.33  |ddm|= 0.0597
  HOMO = -0.147016545559597  LUMO = -0.13787143331437
cycle= 349 E= -774.326578444847  delta_E= -0.00056  |g|= 0.325  |ddm|= 0.0495
  HOMO = -0.145541881215796  LUMO = -0.13817406061989
cycle= 350 E= -774.22616719686  delta_E=  0.1  |g|= 0.503  |ddm|= 2.07
  HOMO = -0.143516651834522  LUMO = -0.138925307811776
cycle= 351 E= -774.262044824657  delta_E= -0.0359  |g|= 0.462  |ddm|= 0.302
  HOMO = -0.144591289240301  LUMO = -0.137072650169649
cycle= 352 E= -774.219502737267  delta_E= 0.0425  |g|= 0.508  |ddm|= 0.323
  HOMO = -0.144017209894972  LUMO = -0.137103561643862
cycle= 353 E= -774.224822872785  delta_E= -0.00532  |g|= 0.501  |ddm|= 0.0593
  HOMO = -0.144894265979603  LUMO = -0.136348213532387
cycle= 354 E= -774.212449945614  delta_E= 0.0124  |g|= 0.517  |ddm|= 0.111
  HOMO = -0.145117174928418  LUMO = -0.137652884982027
cycle= 355 E= -774.217271810523  delta_E= -0.00482  |g|= 0.513  |ddm|= 0.0739
  HOMO = -0.144814236739853  LUMO = -0.135811948750574
cycle= 356 E= -774.210262629202  delta_E= 0.00701  |g|= 0.521  |ddm|= 0.0988
  HOMO = -0.145788468735047  LUMO = -0.136599788112276
cycle= 357 E= -774.207584527302  delta_E= 0.00268  |g|= 0.526  |ddm|= 0.0686
  HOMO = -0.166124629503916  LUMO = -0.0927904820095656
cycle= 358 E= -774.05692734695  delta_E= 0.151  |g|= 0.992  |ddm|= 2.33
  HOMO = -0.172592636025544  LUMO = -0.125742722635253
cycle= 359 E= -774.25262661717  delta_E= -0.196  |g|= 0.501  |ddm|= 0.79
  HOMO = -0.15658233708021  LUMO = -0.125786932686553
cycle= 360 E= -774.287411605215  delta_E= -0.0348  |g|= 0.461  |ddm|= 0.539
  HOMO = -0.147703326247253  LUMO = -0.141162226470172
cycle= 361 E= -774.335077736534  delta_E= -0.0477  |g|= 0.322  |ddm|= 0.562
  HOMO = -0.147554881431536  LUMO = -0.125233828742109
cycle= 362 E= -774.186713380089  delta_E= 0.148  |g|= 0.56  |ddm|= 2.13
  HOMO = -0.146925462147481  LUMO = -0.125942504153969
cycle= 363 E= -774.18700850325  delta_E= -0.000295  |g|= 0.56  |ddm|= 0.0833
  HOMO = -0.14552915453106  LUMO = -0.127949996516764
cycle= 364 E= -774.194636735916  delta_E= -0.00763  |g|= 0.543  |ddm|= 0.104
  HOMO = -0.14598314937489  LUMO = -0.127183774986614
cycle= 365 E= -774.192916130416  delta_E= 0.00172  |g|= 0.547  |ddm|= 0.0988
  HOMO = -0.147785017642556  LUMO = -0.127949973952199
cycle= 366 E= -774.188610856137  delta_E= 0.00431  |g|= 0.554  |ddm|= 0.0954
  HOMO = -0.144338326233114  LUMO = -0.139248973318752
cycle= 367 E= -774.347634070301  delta_E= -0.159  |g|= 0.269  |ddm|= 2.06
  HOMO = -0.143609558998641  LUMO = -0.140447706995651
cycle= 368 E= -774.341229518973  delta_E= 0.0064  |g|= 0.31  |ddm|= 1.43
  HOMO = -0.143935643946712  LUMO = -0.138030943827433
cycle= 369 E= -774.230037813238  delta_E= 0.111  |g|= 0.495  |ddm|= 0.742
  HOMO = -0.143428933017301  LUMO = -0.139826966351705
cycle= 370 E= -774.274960450179  delta_E= -0.0449  |g|= 0.436  |ddm|= 0.337
  HOMO = -0.145196098224931  LUMO = -0.138259164803222
cycle= 371 E= -774.217600368816  delta_E= 0.0574  |g|= 0.513  |ddm|= 0.426
  HOMO = -0.143054609120371  LUMO = -0.136557460008021
cycle= 372 E= -774.218260037204  delta_E= -0.00066  |g|= 0.513  |ddm|= 0.13
  HOMO = -0.144056610679852  LUMO = -0.138448440470762
cycle= 373 E= -774.235361552675  delta_E= -0.0171  |g|= 0.491  |ddm|= 0.166
  HOMO = -0.142658210253512  LUMO = -0.136248887726273
cycle= 374 E= -774.225622382888  delta_E= 0.00974  |g|= 0.502  |ddm|= 0.14
  HOMO = -0.145249510285756  LUMO = -0.136867635504935
cycle= 375 E= -774.208685911661  delta_E= 0.0169  |g|= 0.521  |ddm|= 0.178
  HOMO = -0.154743477987857  LUMO = -0.129490598454157
cycle= 376 E= -774.285947216569  delta_E= -0.0773  |g|= 0.445  |ddm|= 2.17
  HOMO = -0.155681405500788  LUMO = -0.140551500776594
cycle= 377 E= -774.29161801235  delta_E= -0.00567  |g|= 0.435  |ddm|= 0.453
  HOMO = -0.143305955518852  LUMO = -0.138474786133618
cycle= 378 E= -774.355845203759  delta_E= -0.0642  |g|= 0.257  |ddm|= 0.616
  HOMO = -0.145628005052246  LUMO = -0.141997636314977
cycle= 379 E= -774.290895990609  delta_E= 0.0649  |g|= 0.436  |ddm|= 1.62
  HOMO = -0.144789772531941  LUMO = -0.138648810822617
cycle= 380 E= -774.228869453647  delta_E= 0.062  |g|= 0.497  |ddm|= 0.518
  HOMO = -0.145254375913592  LUMO = -0.139583855845229
cycle= 381 E= -774.235346720877  delta_E= -0.00648  |g|= 0.49  |ddm|= 0.0708
  HOMO = -0.144858922632461  LUMO = -0.139102785996406
cycle= 382 E= -774.233243239794  delta_E= 0.0021  |g|= 0.492  |ddm|= 0.048
  HOMO = -0.144686805934046  LUMO = -0.139105305510766
cycle= 383 E= -774.23583549756  delta_E= -0.00259  |g|= 0.487  |ddm|= 0.0262
  HOMO = -0.14428677180635  LUMO = -0.139809661927083
cycle= 384 E= -774.257882482234  delta_E= -0.022  |g|= 0.465  |ddm|= 0.167
  HOMO = -0.146386270725557  LUMO = -0.139738120205148
cycle= 385 E= -774.222756160532  delta_E= 0.0351  |g|= 0.508  |ddm|= 0.25
  HOMO = -0.145231366373049  LUMO = -0.138137077778794
cycle= 386 E= -774.219174713092  delta_E= 0.00358  |g|= 0.509  |ddm|= 0.058
  HOMO = -0.180316379035337  LUMO = -0.092008462863265
cycle= 387 E= -774.094710453928  delta_E= 0.124  |g|= 0.884  |ddm|= 2.26
  HOMO = -0.16694159454106  LUMO = -0.1193669819145
cycle= 388 E= -774.175780746471  delta_E= -0.0811  |g|= 0.695  |ddm|=  1.1
  HOMO = -0.16143404258118  LUMO = -0.122908500560856
cycle= 389 E= -774.279956070461  delta_E= -0.104  |g|= 0.456  |ddm|= 0.799
  HOMO = -0.146437356020521  LUMO = -0.140968406099598
cycle= 390 E= -774.342566598628  delta_E= -0.0626  |g|= 0.301  |ddm|= 0.673
  HOMO = -0.14817658790685  LUMO = -0.12748091872923
cycle= 391 E= -774.172911153398  delta_E= 0.17  |g|= 0.579  |ddm|=  2.1
  HOMO = -0.148333188888484  LUMO = -0.128936475542348
cycle= 392 E= -774.180205202563  delta_E= -0.00729  |g|= 0.564  |ddm|= 0.0797
  HOMO = -0.14642680238453  LUMO = -0.129337467479564
cycle= 393 E= -774.18910846274  delta_E= -0.0089  |g|= 0.553  |ddm|= 0.0926
  HOMO = -0.146851533663569  LUMO = -0.132227906466843
cycle= 394 E= -774.192158953849  delta_E= -0.00305  |g|= 0.547  |ddm|= 0.0856
  HOMO = -0.147327104803586  LUMO = -0.131601207866929
cycle= 395 E= -774.190174996482  delta_E= 0.00198  |g|= 0.545  |ddm|= 0.143
  HOMO = -0.143767673336381  LUMO = -0.137050224946263
cycle= 396 E= -774.334430044576  delta_E= -0.144  |g|= 0.316  |ddm|= 2.11
  HOMO = -0.140705031918671  LUMO = -0.137922844184759
cycle= 397 E= -774.389999657365  delta_E= -0.0556  |g|= 0.115  |ddm|= 1.09
  HOMO = -0.14604666187236  LUMO = -0.142851686440884
cycle= 398 E= -774.375266473801  delta_E= 0.0147  |g|= 0.197  |ddm|= 0.634
  HOMO = -0.14345868450422  LUMO = -0.140575417999035
cycle= 399 E= -774.38810480855  delta_E= -0.0128  |g|= 0.114  |ddm|= 0.245
  HOMO = -0.143562138355631  LUMO = -0.140807539002298
cycle= 400 E= -774.392410805219  delta_E= -0.00431  |g|= 0.0752  |ddm|= 0.125
  HOMO = -0.143745332509902  LUMO = -0.140870894889761
cycle= 401 E= -774.388397737952  delta_E= 0.00401  |g|= 0.111  |ddm|= 0.116
  HOMO = -0.144145786289616  LUMO = -0.1413626799761
cycle= 402 E= -774.391675808427  delta_E= -0.00328  |g|= 0.0842  |ddm|= 0.0881
  HOMO = -0.144350072445493  LUMO = -0.141081843673709
cycle= 403 E= -774.375723974928  delta_E= 0.016  |g|= 0.182  |ddm|= 0.299
  HOMO = -0.1440083181183  LUMO = -0.141030477497423
cycle= 404 E= -774.385401534572  delta_E= -0.00968  |g|= 0.131  |ddm|= 0.151
  HOMO = -0.144111379457276  LUMO = -0.141039971455363
cycle= 405 E= -774.38229308501  delta_E= 0.00311  |g|= 0.149  |ddm|= 0.0537
  HOMO = -0.144130863467423  LUMO = -0.140339592370941
cycle= 406 E= -774.362815485242  delta_E= 0.0195  |g|= 0.231  |ddm|= 0.275
  HOMO = -0.144277459589503  LUMO = -0.141365247274648
cycle= 407 E= -774.387929537321  delta_E= -0.0251  |g|= 0.119  |ddm|= 0.385
  HOMO = -0.14358916218582  LUMO = -0.140593777272282
cycle= 408 E= -774.385418609989  delta_E= 0.00251  |g|= 0.133  |ddm|= 0.0832
  HOMO = -0.143782089238905  LUMO = -0.140563694990574
cycle= 409 E= -774.375914402655  delta_E= 0.0095  |g|= 0.184  |ddm|= 0.151
  HOMO = -0.143966508983911  LUMO = -0.140799725184668
cycle= 410 E= -774.378327236634  delta_E= -0.00241  |g|= 0.17  |ddm|= 0.0634
  HOMO = -0.144391435411588  LUMO = -0.141483915078582
cycle= 411 E= -774.386211536136  delta_E= -0.00788  |g|= 0.13  |ddm|= 0.143
  HOMO = -0.143081508805915  LUMO = -0.140476216453899
cycle= 412 E= -774.393605447668  delta_E= -0.00739  |g|= 0.0728  |ddm|= 0.388
  HOMO = -0.142687754857097  LUMO = -0.140180771656229
cycle= 413 E= -774.389793293436  delta_E= 0.00381  |g|= 0.117  |ddm|= 0.192
  HOMO = -0.144079827403913  LUMO = -0.141155035519887
cycle= 414 E= -774.3881452143  delta_E= 0.00165  |g|= 0.114  |ddm|= 0.468
  HOMO = -0.143701531728716  LUMO = -0.141063793109709
cycle= 415 E= -774.394852732378  delta_E= -0.00671  |g|= 0.0348  |ddm|= 0.34
  HOMO = -0.143642109745735  LUMO = -0.140889505200256
cycle= 416 E= -774.393690925082  delta_E= 0.00116  |g|= 0.0556  |ddm|= 0.194
  HOMO = -0.143464795016766  LUMO = -0.140709435678071
cycle= 417 E= -774.393643646195  delta_E= 4.73e-05  |g|= 0.0555  |ddm|= 0.0219
  HOMO = -0.143695768911423  LUMO = -0.140992540425377
cycle= 418 E= -774.394776861166  delta_E= -0.00113  |g|= 0.0318  |ddm|= 0.061
  HOMO = -0.143606205226286  LUMO = -0.141002965794621
cycle= 419 E= -774.39360406125  delta_E= 0.00117  |g|= 0.0562  |ddm|= 0.204
  HOMO = -0.143533475036682  LUMO = -0.140893813630543
cycle= 420 E= -774.395182019037  delta_E= -0.00158  |g|= 0.0153  |ddm|= 0.0938
  HOMO = -0.143548619943548  LUMO = -0.140907115836413
cycle= 421 E= -774.395253628469  delta_E= -7.16e-05  |g|= 0.01  |ddm|= 0.0125
  HOMO = -0.143534635522615  LUMO = -0.140891943388043
cycle= 422 E= -774.395255542018  delta_E= -1.91e-06  |g|= 0.00982  |ddm|= 0.00138
  HOMO = -0.143547603831729  LUMO = -0.140902369351059
cycle= 423 E= -774.395276148137  delta_E= -2.06e-05  |g|= 0.00767  |ddm|= 0.00527
  HOMO = -0.143539912001381  LUMO = -0.140892475025168
cycle= 424 E= -774.39529045699  delta_E= -1.43e-05  |g|= 0.00567  |ddm|= 0.00493
  HOMO = -0.143540394473702  LUMO = -0.140885741584654
cycle= 425 E= -774.395307622664  delta_E= -1.72e-05  |g|= 0.000688  |ddm|= 0.0131
  HOMO = -0.143540663403501  LUMO = -0.140884042586676
cycle= 426 E= -774.395306972449  delta_E= 6.5e-07  |g|= 0.00124  |ddm|= 0.00319
  HOMO = -0.143547489463249  LUMO = -0.140891495347959
cycle= 427 E= -774.395307366167  delta_E= -3.94e-07  |g|= 0.000859  |ddm|= 0.000904
  HOMO = -0.143544520249468  LUMO = -0.140890351941197
cycle= 428 E= -774.395307708179  delta_E= -3.42e-07  |g|= 0.000335  |ddm|= 0.00284
  HOMO = -0.14354476572201  LUMO = -0.140890298059367
cycle= 429 E= -774.395307757923  delta_E= -4.97e-08  |g|= 0.000136  |ddm|= 0.000467
  HOMO = -0.143545270661538  LUMO = -0.140890643789293
cycle= 430 E= -774.395307767393  delta_E= -9.47e-09  |g|= 3.86e-05  |ddm|= 0.000239
  HOMO = -0.143545235830351  LUMO = -0.140890542978486
cycle= 431 E= -774.395307768166  delta_E= -7.73e-10  |g|= 2.83e-06  |ddm|= 9.21e-05
  HOMO = -0.143545310103751  LUMO = -0.140890745888536
Extra cycle  E= -774.395307763466  delta_E= 4.7e-09  |g|= 9.35e-05  |ddm|= 0.000223
converged SCF energy = -774.395307763466
AOs:  [0, 1, 2, 3, 4, 5, 6, 7, 8, 9, 10, 11, 12, 13, 14, 15, 16, 17, 18, 19, 20, 21, 22, 23, 24, 25, 26, 27, 28, 29, 30, 31, 32, 33, 34, 35, 36, 37, 38, 39, 40, 41, 42, 43, 44, 45, 46, 47, 48, 49, 50, 51, 52, 53, 54, 55, 56, 57, 58, 59, 60, 61, 62, 63]
64
Number of Active MOs:  16
Number of Environment MOs:  54
Number of Virtual MOs:  244
 # electrons:                        
         Env:  54.00000000  54.00000000
         Act:  16.00000000  16.00000000
         Vir:   0.00000000   0.00000000
Number of electrons in the active space:  32

 The density matrix is idempotent!

 The density matrix is idempotent!


******** <class 'pyscf.dft.rks.RKS'> ********
method = RKS-RHF
initial guess = minao
damping factor = 0
level_shift factor = 0
DIIS = <class 'pyscf.scf.diis.CDIIS'>
diis_start_cycle = 1
diis_space = 8
SCF conv_tol = 1e-09
SCF conv_tol_grad = 1e-05
SCF max_cycles = 200
direct_scf = True
direct_scf_tol = 1e-13
chkfile to save SCF result = subsys_scf.chk
max_memory 900000 MB (current use 10678 MB)
XC library pyscf.dft.libxc version 5.1.7
    S. Lehtola, C. Steigemann, M. J. Oliveira, and M. A. Marques, SoftwareX 7, 1 (2018)
XC functionals = pbe
    J. P. Perdew, K. Burke, and M. Ernzerhof, Phys. Rev. Lett. 77, 3865 (1996)
    J. P. Perdew, K. Burke, and M. Ernzerhof, Phys. Rev. Lett. 78, 1396 (1997)
    J. P. Perdew, K. Burke, and M. Ernzerhof, Phys. Rev. Lett. 77, 3865 (1996)
    J. P. Perdew, K. Burke, and M. Ernzerhof, Phys. Rev. Lett. 78, 1396 (1997)
small_rho_cutoff = 1e-07
init E= 992.902789333316
  HOMO = -0.148899607654253  LUMO = -0.14090458188532
cycle= 1 E= 992.902795354098  delta_E= 6.02e-06  |g|= 0.00341  |ddm|= 0.00983
  HOMO = -0.148679423676995  LUMO = -0.140848403447311
cycle= 2 E= 992.907681347199  delta_E= 0.00489  |g|= 0.09  |ddm|= 0.239
  HOMO = -0.148885823449753  LUMO = -0.140903506750208
cycle= 3 E= 992.902788371042  delta_E= -0.00489  |g|= 0.000419  |ddm|= 0.229
  HOMO = -0.148864406408225  LUMO = -0.14088771450966
cycle= 4 E= 992.902788310569  delta_E= -6.05e-08  |g|= 0.000324  |ddm|= 0.000857
  HOMO = -0.148877004783887  LUMO = -0.140899508137565
cycle= 5 E= 992.902788278146  delta_E= -3.24e-08  |g|= 0.000128  |ddm|= 0.000324
  HOMO = -0.148880971977007  LUMO = -0.140902671642234
cycle= 6 E= 992.902788271364  delta_E= -6.78e-09  |g|= 6.6e-05  |ddm|= 0.000155
  HOMO = -0.148882746853375  LUMO = -0.140903880737063
cycle= 7 E= 992.902788268767  delta_E= -2.6e-09  |g|= 3.63e-06  |ddm|= 0.000165
  HOMO = -0.14888278319682  LUMO = -0.140903860473602
cycle= 8 E= 992.902788268818  delta_E= 5.12e-11  |g|= 5.07e-06  |ddm|= 1.87e-05
  HOMO = -0.148882414231053  LUMO = -0.14090394258516
Extra cycle  E= 992.902788276988  delta_E= 8.17e-09  |g|= 0.000119  |ddm|= 0.000319
converged SCF energy = 992.902788276988
Difference in energy:  -0.0026245904616394
Total mean-field energy =  -774.3953035809179
time elapsed:  444.3633813858032
