

******** <class 'pyscf.dft.rks.RKS'> ********
method = RKS-RHF
initial guess = minao
damping factor = 0
level_shift factor = 0
DIIS = <class 'pyscf.scf.diis.CDIIS'>
diis_start_cycle = 1
diis_space = 8
SCF conv_tol = 1e-09
SCF conv_tol_grad = 1e-05
SCF max_cycles = 1000
direct_scf = True
direct_scf_tol = 1e-13
chkfile to save SCF result = scf.fchk
max_memory 900000 MB (current use 79 MB)
XC library pyscf.dft.libxc version 5.1.7
    S. Lehtola, C. Steigemann, M. J. Oliveira, and M. A. Marques, SoftwareX 7, 1 (2018)
XC functionals = pbe
    J. P. Perdew, K. Burke, and M. Ernzerhof, Phys. Rev. Lett. 77, 3865 (1996)
    J. P. Perdew, K. Burke, and M. Ernzerhof, Phys. Rev. Lett. 78, 1396 (1997)
    J. P. Perdew, K. Burke, and M. Ernzerhof, Phys. Rev. Lett. 77, 3865 (1996)
    J. P. Perdew, K. Burke, and M. Ernzerhof, Phys. Rev. Lett. 78, 1396 (1997)
small_rho_cutoff = 1e-07
init E= -776.04754061138
  HOMO = -0.23289272531964  LUMO = -0.208357746421109
cycle= 1 E= -773.975112149076  delta_E= 2.07  |g|= 1.21  |ddm|= 6.28
  HOMO = -0.0154017015678742  LUMO = 0.000677821274694129
cycle= 2 E= -762.687675337097  delta_E= 11.3  |g|= 3.82  |ddm|= 6.26
  HOMO = -0.101571774595911  LUMO = -0.0670553302511175
cycle= 3 E= -773.664262850925  delta_E=  -11  |g|= 1.39  |ddm|=  5.9
  HOMO = -0.109315730394011  LUMO = -0.0779925244715298
cycle= 4 E= -772.828716628551  delta_E= 0.836  |g|= 1.79  |ddm|= 3.36
  HOMO = -0.143301406657819  LUMO = -0.0899775910277348
cycle= 5 E= -774.044518531167  delta_E= -1.22  |g|= 0.805  |ddm|= 2.61
  HOMO = -0.150202137051511  LUMO = -0.131125835915705
cycle= 6 E= -774.266002481389  delta_E= -0.221  |g|= 0.522  |ddm|= 2.32
  HOMO = -0.149655082218027  LUMO = -0.133917645665877
cycle= 7 E= -774.184663198683  delta_E= 0.0813  |g|= 0.575  |ddm|= 2.23
  HOMO = -0.140103308267468  LUMO = -0.137911105229887
cycle= 8 E= -774.358216744033  delta_E= -0.174  |g|= 0.258  |ddm|= 2.03
  HOMO = -0.143048561904933  LUMO = -0.139614584136399
cycle= 9 E= -774.229414983924  delta_E= 0.129  |g|= 0.491  |ddm|= 1.88
  HOMO = -0.146139575215855  LUMO = -0.140143434928209
cycle= 10 E= -774.318619033711  delta_E= -0.0892  |g|= 0.333  |ddm|= 2.13
  HOMO = -0.142531493619372  LUMO = -0.14029607317163
cycle= 11 E= -774.347324949183  delta_E= -0.0287  |g|= 0.266  |ddm|= 0.433
  HOMO = -0.142594460690757  LUMO = -0.139470168529981
cycle= 12 E= -774.331616047652  delta_E= 0.0157  |g|= 0.303  |ddm|= 0.247
  HOMO = -0.145060262008945  LUMO = -0.141408624357053
cycle= 13 E= -774.328992043495  delta_E= 0.00262  |g|= 0.315  |ddm|= 0.143
  HOMO = -0.142835010635385  LUMO = -0.14139695065582
cycle= 14 E= -774.374988549863  delta_E= -0.046  |g|= 0.18  |ddm|= 0.675
  HOMO = -0.145612843385952  LUMO = -0.141614917634101
cycle= 15 E= -774.325317112788  delta_E= 0.0497  |g|= 0.33  |ddm|= 0.725
  HOMO = -0.14403302705245  LUMO = -0.137256835101029
cycle= 16 E= -774.316798840521  delta_E= 0.00852  |g|= 0.336  |ddm|= 0.179
  HOMO = -0.143390791410411  LUMO = -0.138009338786716
cycle= 17 E= -774.321985235627  delta_E= -0.00519  |g|= 0.33  |ddm|= 0.13
  HOMO = -0.14143465235135  LUMO = -0.137996913532085
cycle= 18 E= -774.214771773389  delta_E= 0.107  |g|= 0.512  |ddm|= 2.14
  HOMO = -0.143862431734234  LUMO = -0.138679582249709
cycle= 19 E= -774.324179410494  delta_E= -0.109  |g|= 0.321  |ddm|= 2.14
  HOMO = -0.142184290043691  LUMO = -0.139212655261243
cycle= 20 E= -774.334570492906  delta_E= -0.0104  |g|= 0.304  |ddm|= 0.198
  HOMO = -0.143631468808517  LUMO = -0.142116776751173
cycle= 21 E= -774.305344546249  delta_E= 0.0292  |g|= 0.382  |ddm|= 1.76
  HOMO = -0.139534499596645  LUMO = -0.13832256222985
cycle= 22 E= -774.340252602863  delta_E= -0.0349  |g|= 0.32  |ddm|= 0.356
  HOMO = -0.145228492660849  LUMO = -0.141977886857541
cycle= 23 E= -774.224003580622  delta_E= 0.116  |g|= 0.525  |ddm|= 0.903
  HOMO = -0.142646143867983  LUMO = -0.139788003712503
cycle= 24 E= -774.230788412512  delta_E= -0.00678  |g|= 0.492  |ddm|= 0.193
  HOMO = -0.145127807077908  LUMO = -0.140680719613922
cycle= 25 E= -774.210915220333  delta_E= 0.0199  |g|= 0.514  |ddm|= 0.173
  HOMO = -0.144816299556998  LUMO = -0.141459996260538
cycle= 26 E= -774.221867101284  delta_E= -0.011  |g|= 0.506  |ddm|= 0.118
  HOMO = -0.1446252266451  LUMO = -0.141273205927781
cycle= 27 E= -774.222350486117  delta_E= -0.000483  |g|= 0.504  |ddm|= 0.0176
  HOMO = -0.144765770075057  LUMO = -0.139387561640112
cycle= 28 E= -774.207833769066  delta_E= 0.0145  |g|= 0.523  |ddm|= 0.153
  HOMO = -0.179796852810679  LUMO = -0.1125803032065
cycle= 29 E= -774.173106234304  delta_E= 0.0347  |g|= 0.702  |ddm|= 2.21
  HOMO = -0.155871687794793  LUMO = -0.134084073206115
cycle= 30 E= -774.297342572808  delta_E= -0.124  |g|= 0.415  |ddm|= 0.601
  HOMO = -0.149799285709453  LUMO = -0.136701117099948
cycle= 31 E= -774.297210901881  delta_E= 0.000132  |g|= 0.436  |ddm|= 0.471
  HOMO = -0.143212399655883  LUMO = -0.141703632667128
cycle= 32 E= -774.370129026943  delta_E= -0.0729  |g|= 0.218  |ddm|= 1.67
  HOMO = -0.141600608085596  LUMO = -0.138128815695527
cycle= 33 E= -774.220007017502  delta_E= 0.15  |g|= 0.497  |ddm|= 1.15
  HOMO = -0.144338355069497  LUMO = -0.139976415457667
cycle= 34 E= -774.211008001536  delta_E= 0.009  |g|= 0.509  |ddm|= 0.125
  HOMO = -0.143435518370737  LUMO = -0.141646894520592
cycle= 35 E= -774.25901414464  delta_E= -0.048  |g|= 0.459  |ddm|= 0.425
  HOMO = -0.143871781012219  LUMO = -0.138663450767461
cycle= 36 E= -774.204892568737  delta_E= 0.0541  |g|= 0.52  |ddm|= 0.475
  HOMO = -0.143443145394637  LUMO = -0.139962550645967
cycle= 37 E= -774.218730492673  delta_E= -0.0138  |g|= 0.499  |ddm|= 0.15
  HOMO = -0.142249169478428  LUMO = -0.141115008419131
cycle= 38 E= -774.389748650453  delta_E= -0.171  |g|= 0.102  |ddm|= 1.65
  HOMO = -0.14283400444279  LUMO = -0.141735538783802
cycle= 39 E= -774.388762936793  delta_E= 0.000986  |g|= 0.0955  |ddm|= 0.113
  HOMO = -0.142450830248512  LUMO = -0.141035802483223
cycle= 40 E= -774.289628341593  delta_E= 0.0991  |g|= 0.411  |ddm|= 1.26
  HOMO = -0.143144176397376  LUMO = -0.140453286616898
cycle= 41 E= -774.231476371214  delta_E= 0.0582  |g|= 0.489  |ddm|= 0.438
  HOMO = -0.143367907991157  LUMO = -0.140396254145652
cycle= 42 E= -774.225782102674  delta_E= 0.00569  |g|= 0.494  |ddm|= 0.0533
  HOMO = -0.143458851357264  LUMO = -0.140490037111588
cycle= 43 E= -774.225878204072  delta_E= -9.61e-05  |g|= 0.493  |ddm|= 0.00704
  HOMO = -0.143581118792526  LUMO = -0.141141201844923
cycle= 44 E= -774.237020117237  delta_E= -0.0111  |g|= 0.483  |ddm|= 0.105
  HOMO = -0.14333237453459  LUMO = -0.140545437117048
cycle= 45 E= -774.229366727554  delta_E= 0.00765  |g|= 0.49  |ddm|= 0.0747
  HOMO = -0.143339511131251  LUMO = -0.140526474355048
cycle= 46 E= -774.229167970145  delta_E= 0.000199  |g|= 0.49  |ddm|= 0.00712
  HOMO = -0.143107827429689  LUMO = -0.140905403158158
cycle= 47 E= -774.244554662884  delta_E= -0.0154  |g|= 0.474  |ddm|= 0.16
  HOMO = -0.179118994861541  LUMO = -0.127341111887151
cycle= 48 E= -774.203702515968  delta_E= 0.0409  |g|= 0.632  |ddm|= 2.14
  HOMO = -0.163201071639544  LUMO = -0.10887554013701
cycle= 49 E= -774.220000718309  delta_E= -0.0163  |g|= 0.641  |ddm|= 0.894
  HOMO = -0.157561152020232  LUMO = -0.133217224767195
cycle= 50 E= -774.300783180105  delta_E= -0.0808  |g|= 0.397  |ddm|= 0.566
  HOMO = -0.14204053133668  LUMO = -0.137925750867055
cycle= 51 E= -774.223261576778  delta_E= 0.0775  |g|= 0.507  |ddm|= 2.16
  HOMO = -0.143200125555532  LUMO = -0.13534825748119
cycle= 52 E= -774.20409019062  delta_E= 0.0192  |g|= 0.523  |ddm|= 0.231
  HOMO = -0.142714011743925  LUMO = -0.137980463591945
cycle= 53 E= -774.220502572913  delta_E= -0.0164  |g|= 0.503  |ddm|= 0.166
  HOMO = -0.143975676608218  LUMO = -0.137581270533095
cycle= 54 E= -774.211145995838  delta_E= 0.00936  |g|= 0.513  |ddm|= 0.143
  HOMO = -0.142436442813976  LUMO = -0.137616613002839
cycle= 55 E= -774.219171749155  delta_E= -0.00803  |g|= 0.503  |ddm|= 0.112
  HOMO = -0.141440393306681  LUMO = -0.139741966272631
cycle= 56 E= -774.323672436413  delta_E= -0.105  |g|= 0.354  |ddm|= 0.778
  HOMO = -0.142738829651379  LUMO = -0.139837189649578
cycle= 57 E= -774.224120506105  delta_E= 0.0996  |g|= 0.521  |ddm|= 0.661
  HOMO = -0.143486402272455  LUMO = -0.140972212891158
cycle= 58 E= -774.246896409011  delta_E= -0.0228  |g|= 0.489  |ddm|= 0.183
  HOMO = -0.147796764253084  LUMO = -0.136778115765087
cycle= 59 E= -774.299679838226  delta_E= -0.0528  |g|= 0.398  |ddm|= 2.11
  HOMO = -0.145148451340042  LUMO = -0.13764988272919
cycle= 60 E= -774.201466633135  delta_E= 0.0982  |g|= 0.53  |ddm|=  2.2
  HOMO = -0.145013533197863  LUMO = -0.142932844035161
cycle= 61 E= -774.353638139814  delta_E= -0.152  |g|= 0.272  |ddm|= 2.04
  HOMO = -0.141085781108208  LUMO = -0.135999033153872
cycle= 62 E= -774.207588555432  delta_E= 0.146  |g|= 0.517  |ddm|= 2.03
  HOMO = -0.143590779087681  LUMO = -0.138312581538233
cycle= 63 E= -774.210481441223  delta_E= -0.00289  |g|= 0.513  |ddm|= 0.151
  HOMO = -0.142588815816786  LUMO = -0.14011940024713
cycle= 64 E= -774.23545628717  delta_E= -0.025  |g|= 0.492  |ddm|=  0.3
  HOMO = -0.139508525824256  LUMO = -0.137386477150208
cycle= 65 E= -774.34114458875  delta_E= -0.106  |g|= 0.318  |ddm|= 1.92
  HOMO = -0.14488856209581  LUMO = -0.13855185840829
cycle= 66 E= -774.207093564424  delta_E= 0.134  |g|= 0.519  |ddm|= 2.05
  HOMO = -0.144654966962533  LUMO = -0.139031457772236
cycle= 67 E= -774.211142981843  delta_E= -0.00405  |g|= 0.512  |ddm|=  0.1
  HOMO = -0.144030075154174  LUMO = -0.138542074286664
cycle= 68 E= -774.208459665804  delta_E= 0.00268  |g|= 0.513  |ddm|= 0.079
  HOMO = -0.143411382890193  LUMO = -0.138260895622333
cycle= 69 E= -774.212068381906  delta_E= -0.00361  |g|= 0.508  |ddm|= 0.0439

WARN: HOMO -0.146183248557712 == LUMO -0.145290872859421

cycle= 70 E= -774.207076220982  delta_E= 0.00499  |g|= 0.777  |ddm|= 2.04
  HOMO = -0.145347797251343  LUMO = -0.142539528541636
cycle= 71 E= -774.329026544079  delta_E= -0.122  |g|= 0.325  |ddm|= 1.38
  HOMO = -0.142741831496397  LUMO = -0.138913573083532
cycle= 72 E= -774.217282347288  delta_E= 0.112  |g|= 0.508  |ddm|= 2.07
  HOMO = -0.142709089812402  LUMO = -0.140281292833586
cycle= 73 E= -774.248581665781  delta_E= -0.0313  |g|= 0.468  |ddm|= 0.285
  HOMO = -0.136904025703853  LUMO = -0.133855709144992
cycle= 74 E= -774.306370734236  delta_E= -0.0578  |g|= 0.419  |ddm|= 1.98
  HOMO = -0.143002034649523  LUMO = -0.137926294649121
cycle= 75 E= -774.209641910885  delta_E= 0.0967  |g|= 0.514  |ddm|= 2.11
  HOMO = -0.143552306083623  LUMO = -0.138091882409145
cycle= 76 E= -774.209521883254  delta_E= 0.00012  |g|= 0.516  |ddm|= 0.0423
  HOMO = -0.142271847002349  LUMO = -0.138186022088024
cycle= 77 E= -774.218996286235  delta_E= -0.00947  |g|= 0.505  |ddm|= 0.106
  HOMO = -0.142996579919554  LUMO = -0.137527844661804
cycle= 78 E= -774.208110023992  delta_E= 0.0109  |g|= 0.515  |ddm|= 0.11
  HOMO = -0.144905344135412  LUMO = -0.137611766619985
cycle= 79 E= -774.200542095907  delta_E= 0.00757  |g|= 0.525  |ddm|= 0.103
  HOMO = -0.166045797670285  LUMO = -0.140328382341644
cycle= 80 E= -774.199311042604  delta_E= 0.00123  |g|= 0.656  |ddm|= 2.24
  HOMO = -0.141952368987186  LUMO = -0.140487969154434
cycle= 81 E= -774.391106644551  delta_E= -0.192  |g|= 0.085  |ddm|= 1.36
  HOMO = -0.143479761472464  LUMO = -0.142374793149969
cycle= 82 E= -774.37436782705  delta_E= 0.0167  |g|= 0.197  |ddm|= 0.58
  HOMO = -0.142539338987431  LUMO = -0.140891498846493
cycle= 83 E= -774.349342702568  delta_E= 0.025  |g|= 0.267  |ddm|= 1.17
  HOMO = -0.143396773659621  LUMO = -0.140648514865601
cycle= 84 E= -774.228298617186  delta_E= 0.121  |g|= 0.491  |ddm|= 1.96
  HOMO = -0.143585272907385  LUMO = -0.140999467230268
cycle= 85 E= -774.231912015954  delta_E= -0.00361  |g|= 0.488  |ddm|= 0.0389
  HOMO = -0.143579379802022  LUMO = -0.141326393053344
cycle= 86 E= -774.240640231525  delta_E= -0.00873  |g|= 0.479  |ddm|= 0.0786
  HOMO = -0.143665973265598  LUMO = -0.141444175110966
cycle= 87 E= -774.24137800927  delta_E= -0.000738  |g|= 0.479  |ddm|= 0.0118
  HOMO = -0.143346082888721  LUMO = -0.141435013195151
cycle= 88 E= -774.254500750914  delta_E= -0.0131  |g|= 0.463  |ddm|= 0.101
  HOMO = -0.143106372019893  LUMO = -0.140846552273982
cycle= 89 E= -774.24048436715  delta_E= 0.014  |g|= 0.479  |ddm|= 0.11
  HOMO = -0.144421858821578  LUMO = -0.139652358540039
cycle= 90 E= -774.201690210406  delta_E= 0.0388  |g|= 0.534  |ddm|= 0.305
  HOMO = -0.145311640736609  LUMO = -0.137356364937375
cycle= 91 E= -774.19580741047  delta_E= 0.00588  |g|= 0.532  |ddm|= 0.182
  HOMO = -0.150746658656799  LUMO = -0.103103997555925
cycle= 92 E= -773.994902806102  delta_E= 0.201  |g|= 0.972  |ddm|= 2.35
  HOMO = -0.165934113864803  LUMO = -0.124158725712995
cycle= 93 E= -774.277579715306  delta_E= -0.283  |g|= 0.479  |ddm|= 1.07
  HOMO = -0.156452844229048  LUMO = -0.13737966618723
cycle= 94 E= -774.295353928099  delta_E= -0.0178  |g|= 0.395  |ddm|= 0.351
  HOMO = -0.145208971525692  LUMO = -0.13251487889977
cycle= 95 E= -774.19456899999  delta_E= 0.101  |g|= 0.55  |ddm|= 2.21
  HOMO = -0.147069650311389  LUMO = -0.126992202802363
cycle= 96 E= -774.179466282657  delta_E= 0.0151  |g|= 0.571  |ddm|= 0.201
  HOMO = -0.147379374265652  LUMO = -0.130552328268368
cycle= 97 E= -774.189615033367  delta_E= -0.0101  |g|= 0.55  |ddm|= 0.155
  HOMO = -0.147410388135032  LUMO = -0.129266626683666
cycle= 98 E= -774.188183116786  delta_E= 0.00143  |g|= 0.553  |ddm|= 0.0729
  HOMO = -0.147468178941393  LUMO = -0.129192227781669
cycle= 99 E= -774.187950151916  delta_E= 0.000233  |g|= 0.553  |ddm|= 0.00991
  HOMO = -0.146142769936495  LUMO = -0.131434741465706
cycle= 100 E= -774.19533849747  delta_E= -0.00739  |g|= 0.54  |ddm|= 0.0532
  HOMO = -0.14532836045805  LUMO = -0.137117890901287
cycle= 101 E= -774.317943100023  delta_E= -0.123  |g|= 0.353  |ddm|= 2.19
  HOMO = -0.143362350499103  LUMO = -0.141313224984539
cycle= 102 E= -774.360974452319  delta_E= -0.043  |g|= 0.244  |ddm|= 0.658
  HOMO = -0.142733060597246  LUMO = -0.141460767254058
cycle= 103 E= -774.374265752106  delta_E= -0.0133  |g|= 0.195  |ddm|= 1.05
  HOMO = -0.140949018301026  LUMO = -0.13966618491917
cycle= 104 E= -774.377647503423  delta_E= -0.00338  |g|= 0.173  |ddm|= 0.825
  HOMO = -0.14326794528516  LUMO = -0.142261346190443
cycle= 105 E= -774.389428749258  delta_E= -0.0118  |g|= 0.0916  |ddm|= 0.617
  HOMO = -0.142752362332581  LUMO = -0.141708965893551
cycle= 106 E= -774.391857413175  delta_E= -0.00243  |g|= 0.0605  |ddm|= 0.0749
  HOMO = -0.142895863446904  LUMO = -0.141792897782945
cycle= 107 E= -774.357156744902  delta_E= 0.0347  |g|= 0.258  |ddm|= 0.477
  HOMO = -0.142761301587887  LUMO = -0.14170955131457
cycle= 108 E= -774.377765916219  delta_E= -0.0206  |g|= 0.173  |ddm|= 0.212
  HOMO = -0.142810798024037  LUMO = -0.141712407925777
cycle= 109 E= -774.356275873975  delta_E= 0.0215  |g|= 0.26  |ddm|= 0.221
  HOMO = -0.14315586930838  LUMO = -0.141170323796407
cycle= 110 E= -774.249233132861  delta_E= 0.107  |g|= 0.467  |ddm|= 0.752
  HOMO = -0.143367427781152  LUMO = -0.141692723602958
cycle= 111 E= -774.357120969301  delta_E= -0.108  |g|= 0.241  |ddm|= 1.82
  HOMO = -0.142718212687856  LUMO = -0.14162555626595
cycle= 112 E= -774.393743998441  delta_E= -0.0366  |g|= 0.00471  |ddm|= 0.712
  HOMO = -0.142629399701021  LUMO = -0.141535525562136
cycle= 113 E= -774.393407866295  delta_E= 0.000336  |g|= 0.0254  |ddm|= 0.0517
  HOMO = -0.142771549470266  LUMO = -0.141703133139108
cycle= 114 E= -774.393698560453  delta_E= -0.000291  |g|= 0.0102  |ddm|= 0.0839
  HOMO = -0.142683415270604  LUMO = -0.141609374534605
cycle= 115 E= -774.393743909318  delta_E= -4.53e-05  |g|= 0.00474  |ddm|= 0.0326
  HOMO = -0.142695548163527  LUMO = -0.141622935959751
cycle= 116 E= -774.393751188348  delta_E= -7.28e-06  |g|= 0.00193  |ddm|= 0.0135
  HOMO = -0.142706390575501  LUMO = -0.141634495415717
cycle= 117 E= -774.393739572431  delta_E= 1.16e-05  |g|= 0.00505  |ddm|= 0.00742
  HOMO = -0.142701439959396  LUMO = -0.141628768859823
cycle= 118 E= -774.393744644979  delta_E= -5.07e-06  |g|= 0.00396  |ddm|= 0.00249
  HOMO = -0.14270170609754  LUMO = -0.141626579935389
cycle= 119 E= -774.393753136682  delta_E= -8.49e-06  |g|= 0.000222  |ddm|= 0.0101
  HOMO = -0.142701419057829  LUMO = -0.141627197696833
cycle= 120 E= -774.393751685389  delta_E= 1.45e-06  |g|= 0.00164  |ddm|= 0.00447
  HOMO = -0.142702852529973  LUMO = -0.141627315808493
cycle= 121 E= -774.393753002383  delta_E= -1.32e-06  |g|= 0.000537  |ddm|= 0.00529
  HOMO = -0.14270228523474  LUMO = -0.141627127658715
cycle= 122 E= -774.393753161347  delta_E= -1.59e-07  |g|= 7.17e-06  |ddm|= 0.00132
  HOMO = -0.142702237920414  LUMO = -0.141627106794157
cycle= 123 E= -774.393753160948  delta_E= 3.99e-10  |g|= 2.78e-05  |ddm|= 5.77e-05
  HOMO = -0.142702214690924  LUMO = -0.141627061370148
cycle= 124 E= -774.393753161364  delta_E= -4.17e-10  |g|= 3.44e-06  |ddm|= 7.27e-05
  HOMO = -0.142702231460327  LUMO = -0.141627302270701
Extra cycle  E= -774.393753072314  delta_E= 8.9e-08  |g|= 0.000405  |ddm|= 0.000985
converged SCF energy = -774.393753072314
AOs:  [0, 1, 2, 3, 4, 5, 6, 7, 8, 9, 10, 11, 12, 13, 14, 15, 16, 17, 18, 19, 20, 21, 22, 23, 24, 25, 26, 27, 28, 29, 30, 31, 32, 33, 34, 35, 36, 37, 38, 39, 40, 41, 42, 43, 44, 45, 46, 47, 48, 49, 50, 51, 52, 53, 54, 55, 56, 57, 58, 59, 60, 61, 62, 63]
64
Number of Active MOs:  16
Number of Environment MOs:  54
Number of Virtual MOs:  244
 # electrons:            α            β
         Env:  54.00000000  54.00000000
         Act:  16.00000000  16.00000000
         Vir:  -0.00000000  -0.00000000
Number of electrons in the active space:  32

 The density matrix is idempotent!

 The density matrix is idempotent!


******** <class 'pyscf.dft.rks.RKS'> ********
method = RKS-RHF
initial guess = minao
damping factor = 0
level_shift factor = 0
DIIS = <class 'pyscf.scf.diis.CDIIS'>
diis_start_cycle = 1
diis_space = 8
SCF conv_tol = 1e-09
SCF conv_tol_grad = 1e-05
SCF max_cycles = 200
direct_scf = True
direct_scf_tol = 1e-13
chkfile to save SCF result = subsys_scf.chk
max_memory 900000 MB (current use 10411 MB)
XC library pyscf.dft.libxc version 5.1.7
    S. Lehtola, C. Steigemann, M. J. Oliveira, and M. A. Marques, SoftwareX 7, 1 (2018)
XC functionals = pbe
    J. P. Perdew, K. Burke, and M. Ernzerhof, Phys. Rev. Lett. 77, 3865 (1996)
    J. P. Perdew, K. Burke, and M. Ernzerhof, Phys. Rev. Lett. 78, 1396 (1997)
    J. P. Perdew, K. Burke, and M. Ernzerhof, Phys. Rev. Lett. 77, 3865 (1996)
    J. P. Perdew, K. Burke, and M. Ernzerhof, Phys. Rev. Lett. 78, 1396 (1997)
small_rho_cutoff = 1e-07
init E= 992.755492749577
  HOMO = -0.147993537396553  LUMO = -0.141634774270657
cycle= 1 E= 992.755602684271  delta_E= 0.00011  |g|= 0.0134  |ddm|= 0.0374
  HOMO = -0.148341161900738  LUMO = -0.140163244994508
cycle= 2 E= 992.836812508406  delta_E= 0.0812  |g|= 0.342  |ddm|=    1
  HOMO = -0.148044948385859  LUMO = -0.141618225483808
cycle= 3 E= 992.755603279578  delta_E= -0.0812  |g|= 0.0135  |ddm|=    1
  HOMO = -0.147933567934947  LUMO = -0.141525989737721
cycle= 4 E= 992.755606339071  delta_E= 3.06e-06  |g|= 0.0136  |ddm|= 0.00263
  HOMO = -0.14792196127486  LUMO = -0.141517897601158
cycle= 5 E= 992.755601794338  delta_E= -4.54e-06  |g|= 0.0133  |ddm|= 0.000748
  HOMO = -0.147829868121286  LUMO = -0.141504382211961
cycle= 6 E= 992.755501686067  delta_E= -0.0001  |g|= 0.00461  |ddm|= 0.0264
  HOMO = -0.147914150410803  LUMO = -0.141612303846579
cycle= 7 E= 992.755492124572  delta_E= -9.56e-06  |g|= 0.00107  |ddm|= 0.0124
  HOMO = -0.147930423775159  LUMO = -0.141621422182157
cycle= 8 E= 992.755491582747  delta_E= -5.42e-07  |g|= 0.000339  |ddm|= 0.0033
  HOMO = -0.147940404767949  LUMO = -0.141629376862495
cycle= 9 E= 992.755491689791  delta_E= 1.07e-07  |g|= 0.000486  |ddm|= 0.000666
  HOMO = -0.147940642407348  LUMO = -0.141631182464062
cycle= 10 E= 992.755491528387  delta_E= -1.61e-07  |g|= 2.08e-05  |ddm|= 0.00134
  HOMO = -0.147941300797556  LUMO = -0.141631612933982
cycle= 11 E= 992.755491528285  delta_E= -1.02e-10  |g|= 8.03e-06  |ddm|= 3.97e-05
  HOMO = -0.147941497154991  LUMO = -0.141631791256969
Extra cycle  E= 992.755491528297  delta_E= 1.15e-11  |g|= 1.71e-05  |ddm|= 3.21e-05
converged SCF energy = 992.755491528297
Difference in energy:  -0.00603076575485602
Total mean-field energy =  -774.3937434616855
time elapsed:  140.9261405467987
