

******** <class 'pyscf.dft.rks.RKS'> ********
method = RKS-RHF
initial guess = minao
damping factor = 0
level_shift factor = 0
DIIS = <class 'pyscf.scf.diis.CDIIS'>
diis_start_cycle = 1
diis_space = 8
SCF conv_tol = 1e-09
SCF conv_tol_grad = 1e-05
SCF max_cycles = 1000
direct_scf = True
direct_scf_tol = 1e-13
chkfile to save SCF result = scf.fchk
max_memory 900000 MB (current use 79 MB)
XC library pyscf.dft.libxc version 5.1.7
    S. Lehtola, C. Steigemann, M. J. Oliveira, and M. A. Marques, SoftwareX 7, 1 (2018)
XC functionals = pbe
    J. P. Perdew, K. Burke, and M. Ernzerhof, Phys. Rev. Lett. 77, 3865 (1996)
    J. P. Perdew, K. Burke, and M. Ernzerhof, Phys. Rev. Lett. 78, 1396 (1997)
    J. P. Perdew, K. Burke, and M. Ernzerhof, Phys. Rev. Lett. 77, 3865 (1996)
    J. P. Perdew, K. Burke, and M. Ernzerhof, Phys. Rev. Lett. 78, 1396 (1997)
small_rho_cutoff = 1e-07
init E= -776.047501372709
  HOMO = -0.232871429479406  LUMO = -0.20835922337748
cycle= 1 E= -773.975053047137  delta_E= 2.07  |g|= 1.21  |ddm|= 6.28
  HOMO = -0.0155365804854392  LUMO = 0.000623323101990048
cycle= 2 E= -762.686522248703  delta_E= 11.3  |g|= 3.82  |ddm|= 6.25
  HOMO = -0.101420595734451  LUMO = -0.0670426745359623
cycle= 3 E= -773.663406927442  delta_E=  -11  |g|= 1.39  |ddm|= 5.89
  HOMO = -0.109402118612402  LUMO = -0.0779535299335506
cycle= 4 E= -772.825432404717  delta_E= 0.838  |g|= 1.79  |ddm|= 3.36
  HOMO = -0.143189309226406  LUMO = -0.0900659531643212
cycle= 5 E= -774.045097665495  delta_E= -1.22  |g|= 0.804  |ddm|= 2.61
  HOMO = -0.150361812269601  LUMO = -0.1311321713325
cycle= 6 E= -774.265353596513  delta_E= -0.22  |g|= 0.523  |ddm|= 2.32
  HOMO = -0.149574144811005  LUMO = -0.133905954020686
cycle= 7 E= -774.185123323516  delta_E= 0.0802  |g|= 0.574  |ddm|= 2.23
  HOMO = -0.140128262330531  LUMO = -0.137826303190045
cycle= 8 E= -774.358320943672  delta_E= -0.173  |g|= 0.258  |ddm|= 2.03
  HOMO = -0.142967839474004  LUMO = -0.139568439875423
cycle= 9 E= -774.230513779442  delta_E= 0.128  |g|= 0.49  |ddm|= 1.88
  HOMO = -0.14600924174418  LUMO = -0.140074271835404
cycle= 10 E= -774.319034793239  delta_E= -0.0885  |g|= 0.332  |ddm|= 2.12
  HOMO = -0.142422114817357  LUMO = -0.140238064294779
cycle= 11 E= -774.350764887402  delta_E= -0.0317  |g|= 0.257  |ddm|= 0.463
  HOMO = -0.142749910511863  LUMO = -0.139242937006105
cycle= 12 E= -774.329828293251  delta_E= 0.0209  |g|= 0.307  |ddm|= 0.315
  HOMO = -0.145076465553115  LUMO = -0.141068322949289
cycle= 13 E= -774.328155007805  delta_E= 0.00167  |g|= 0.318  |ddm|= 0.132
  HOMO = -0.143460088081232  LUMO = -0.141174401191976
cycle= 14 E= -774.344055397856  delta_E= -0.0159  |g|= 0.275  |ddm|= 0.291
  HOMO = -0.144956528532283  LUMO = -0.141679597070285
cycle= 15 E= -774.331683959096  delta_E= 0.0124  |g|= 0.306  |ddm|= 0.202
  HOMO = -0.14377988078841  LUMO = -0.140249005252694
cycle= 16 E= -774.329285935032  delta_E= 0.0024  |g|= 0.307  |ddm|= 0.0546
  HOMO = -0.143945886291229  LUMO = -0.142316813681196
cycle= 17 E= -774.375583780505  delta_E= -0.0463  |g|= 0.181  |ddm|= 0.614
  HOMO = -0.150350322771189  LUMO = -0.128782852976676
cycle= 18 E= -774.168632838025  delta_E= 0.207  |g|= 0.627  |ddm|= 1.98
  HOMO = -0.139635888021522  LUMO = -0.138391145478661
cycle= 19 E= -774.390450899363  delta_E= -0.222  |g|= 0.0961  |ddm|= 1.78
  HOMO = -0.144359890655964  LUMO = -0.141543131962219
cycle= 20 E= -774.334751083589  delta_E= 0.0557  |g|= 0.294  |ddm|= 0.907
  HOMO = -0.143144167504151  LUMO = -0.141949775333263
cycle= 21 E= -774.389617900667  delta_E= -0.0549  |g|= 0.0947  |ddm|= 1.16
  HOMO = -0.142937418958587  LUMO = -0.141832598374018
cycle= 22 E= -774.392862838452  delta_E= -0.00324  |g|= 0.049  |ddm|= 0.176
  HOMO = -0.141929895599234  LUMO = -0.140385396860313
cycle= 23 E= -774.362038127254  delta_E= 0.0308  |g|= 0.23  |ddm|= 0.699
  HOMO = -0.14262507094068  LUMO = -0.141529384261482
cycle= 24 E= -774.393148073937  delta_E= -0.0311  |g|= 0.0322  |ddm|= 0.723
  HOMO = -0.142592305713642  LUMO = -0.141347630933087
cycle= 25 E= -774.386490868692  delta_E= 0.00666  |g|= 0.112  |ddm|= 0.365
  HOMO = -0.142457372223677  LUMO = -0.141305491885974
cycle= 26 E= -774.393058345784  delta_E= -0.00657  |g|= 0.0344  |ddm|= 0.206
  HOMO = -0.142572421846088  LUMO = -0.141394723663007
cycle= 27 E= -774.391852613694  delta_E= 0.00121  |g|= 0.0581  |ddm|= 0.0599
  HOMO = -0.1425569278614  LUMO = -0.141390308626808
cycle= 28 E= -774.39243467515  delta_E= -0.000582  |g|= 0.0481  |ddm|= 0.0255
  HOMO = -0.142530226000351  LUMO = -0.141386769887228
cycle= 29 E= -774.393464167953  delta_E= -0.00103  |g|= 0.0214  |ddm|= 0.0662
  HOMO = -0.142567178363362  LUMO = -0.141437425062643
cycle= 30 E= -774.393715093327  delta_E= -0.000251  |g|= 0.00205  |ddm|= 0.0512
  HOMO = -0.14255648527149  LUMO = -0.141431512585523
cycle= 31 E= -774.393681146677  delta_E= 3.39e-05  |g|= 0.00803  |ddm|= 0.0207
  HOMO = -0.142536726104299  LUMO = -0.141408120985121
cycle= 32 E= -774.393715753175  delta_E= -3.46e-05  |g|= 0.00101  |ddm|= 0.017
  HOMO = -0.142552803269277  LUMO = -0.141423732207488
cycle= 33 E= -774.393716197629  delta_E= -4.44e-07  |g|= 0.000528  |ddm|= 0.00359
  HOMO = -0.142546315809042  LUMO = -0.141416476578288
cycle= 34 E= -774.393714318726  delta_E= 1.88e-06  |g|= 0.00191  |ddm|= 0.00364
  HOMO = -0.142544395486362  LUMO = -0.141414933377524
cycle= 35 E= -774.393715568336  delta_E= -1.25e-06  |g|= 0.00117  |ddm|= 0.0018
  HOMO = -0.142543965742959  LUMO = -0.141414657738096
cycle= 36 E= -774.393715916932  delta_E= -3.49e-07  |g|= 0.00086  |ddm|= 0.000759
  HOMO = -0.142544661457837  LUMO = -0.141415594773028
cycle= 37 E= -774.393716220216  delta_E= -3.03e-07  |g|= 0.000431  |ddm|= 0.00104
  HOMO = -0.142544778549038  LUMO = -0.141415733604997
cycle= 38 E= -774.393716231821  delta_E= -1.16e-08  |g|= 0.000403  |ddm|= 7.57e-05
  HOMO = -0.142544130536644  LUMO = -0.141415299347178
cycle= 39 E= -774.393716321352  delta_E= -8.95e-08  |g|= 1.88e-05  |ddm|= 0.000938
  HOMO = -0.142544054249641  LUMO = -0.141415247452213
cycle= 40 E= -774.393716320896  delta_E= 4.56e-10  |g|= 3.4e-05  |ddm|= 0.000126
  HOMO = -0.142544115485275  LUMO = -0.141415286215976
cycle= 41 E= -774.393716321527  delta_E= -6.31e-10  |g|= 1.85e-06  |ddm|= 8.51e-05
  HOMO = -0.142543909375126  LUMO = -0.141415189547818
Extra cycle  E= -774.393716303239  delta_E= 1.83e-08  |g|= 0.000183  |ddm|= 0.000446
converged SCF energy = -774.393716303239
AOs:  [0, 1, 2, 3, 4, 5, 6, 7, 8, 9, 10, 11, 12, 13, 14, 15, 16, 17, 18, 19, 20, 21, 22, 23, 24, 25, 26, 27, 28, 29, 30, 31, 32, 33, 34, 35, 36, 37, 38, 39, 40, 41, 42, 43, 44, 45, 46, 47, 48, 49, 50, 51, 52, 53, 54, 55, 56, 57, 58, 59, 60, 61, 62, 63]
64
Number of Active MOs:  16
Number of Environment MOs:  54
Number of Virtual MOs:  244
 # electrons:            α            β
         Env:  54.00000000  54.00000000
         Act:  16.00000000  16.00000000
         Vir:  -0.00000000  -0.00000000
Number of electrons in the active space:  32

 The density matrix is idempotent!

 The density matrix is idempotent!


******** <class 'pyscf.dft.rks.RKS'> ********
method = RKS-RHF
initial guess = minao
damping factor = 0
level_shift factor = 0
DIIS = <class 'pyscf.scf.diis.CDIIS'>
diis_start_cycle = 1
diis_space = 8
SCF conv_tol = 1e-09
SCF conv_tol_grad = 1e-05
SCF max_cycles = 200
direct_scf = True
direct_scf_tol = 1e-13
chkfile to save SCF result = subsys_scf.chk
max_memory 900000 MB (current use 10405 MB)
XC library pyscf.dft.libxc version 5.1.7
    S. Lehtola, C. Steigemann, M. J. Oliveira, and M. A. Marques, SoftwareX 7, 1 (2018)
XC functionals = pbe
    J. P. Perdew, K. Burke, and M. Ernzerhof, Phys. Rev. Lett. 77, 3865 (1996)
    J. P. Perdew, K. Burke, and M. Ernzerhof, Phys. Rev. Lett. 78, 1396 (1997)
    J. P. Perdew, K. Burke, and M. Ernzerhof, Phys. Rev. Lett. 77, 3865 (1996)
    J. P. Perdew, K. Burke, and M. Ernzerhof, Phys. Rev. Lett. 78, 1396 (1997)
small_rho_cutoff = 1e-07
init E= 992.455413014447
  HOMO = -0.147535095554  LUMO = -0.141381324097822
cycle= 1 E= 992.455424418159  delta_E= 1.14e-05  |g|= 0.00453  |ddm|= 0.0125
  HOMO = -0.147271543644996  LUMO = -0.141173442115904
cycle= 2 E= 992.469828065399  delta_E= 0.0144  |g|= 0.153  |ddm|= 0.41
  HOMO = -0.147484257316369  LUMO = -0.141339524148026
cycle= 3 E= 992.455412224619  delta_E= -0.0144  |g|= 0.000764  |ddm|=  0.4
  HOMO = -0.147515433257342  LUMO = -0.141373344641911
cycle= 4 E= 992.455412233597  delta_E= 8.98e-09  |g|= 0.000824  |ddm|= 0.00361
  HOMO = -0.147489840155481  LUMO = -0.141356571513463
cycle= 5 E= 992.455412213705  delta_E= -1.99e-08  |g|= 0.00072  |ddm|= 0.000956
  HOMO = -0.147505406566701  LUMO = -0.141367918653981
cycle= 6 E= 992.455411889332  delta_E= -3.24e-07  |g|= 7.1e-05  |ddm|= 0.0018
  HOMO = -0.147507966409483  LUMO = -0.141369957535919
cycle= 7 E= 992.455411889099  delta_E= -2.32e-10  |g|= 5.64e-05  |ddm|= 6.33e-05
  HOMO = -0.147508244790006  LUMO = -0.141369968384603
cycle= 8 E= 992.455411886919  delta_E= -2.18e-09  |g|= 6.14e-06  |ddm|= 0.000164
  HOMO = -0.147508432696608  LUMO = -0.141370126193672
cycle= 9 E= 992.455411886906  delta_E= -1.32e-11  |g|= 3.05e-06  |ddm|= 8.39e-06
  HOMO = -0.147508244071937  LUMO = -0.141370126882324
Extra cycle  E= 992.455411889297  delta_E= 2.39e-09  |g|= 5.94e-05  |ddm|= 0.000162
converged SCF energy = 992.455411889297
Difference in energy:  -0.031127991434756266
Total mean-field energy =  -774.3936666976682
time elapsed:  61.313819885253906
