

******** <class 'pyscf.dft.rks.RKS'> ********
method = RKS-RHF
initial guess = minao
damping factor = 0
level_shift factor = 0
DIIS = <class 'pyscf.scf.diis.CDIIS'>
diis_start_cycle = 1
diis_space = 8
SCF conv_tol = 1e-09
SCF conv_tol_grad = 1e-05
SCF max_cycles = 1000
direct_scf = True
direct_scf_tol = 1e-13
chkfile to save SCF result = scf.fchk
max_memory 900000 MB (current use 79 MB)
XC library pyscf.dft.libxc version 5.1.7
    S. Lehtola, C. Steigemann, M. J. Oliveira, and M. A. Marques, SoftwareX 7, 1 (2018)
XC functionals = pbe
    J. P. Perdew, K. Burke, and M. Ernzerhof, Phys. Rev. Lett. 77, 3865 (1996)
    J. P. Perdew, K. Burke, and M. Ernzerhof, Phys. Rev. Lett. 78, 1396 (1997)
    J. P. Perdew, K. Burke, and M. Ernzerhof, Phys. Rev. Lett. 77, 3865 (1996)
    J. P. Perdew, K. Burke, and M. Ernzerhof, Phys. Rev. Lett. 78, 1396 (1997)
small_rho_cutoff = 1e-07
init E= -776.047484179879
  HOMO = -0.232929370862786  LUMO = -0.208297950186748
cycle= 1 E= -773.976526895175  delta_E= 2.07  |g|= 1.21  |ddm|= 6.28
  HOMO = -0.0150268965876329  LUMO = 0.00112022985992851
cycle= 2 E= -762.703424049109  delta_E= 11.3  |g|= 3.82  |ddm|= 6.25
  HOMO = -0.102048462251232  LUMO = -0.066652397401374
cycle= 3 E= -773.661736003762  delta_E=  -11  |g|= 1.39  |ddm|= 5.89
  HOMO = -0.109638305628059  LUMO = -0.0782504805193664
cycle= 4 E= -772.827496011564  delta_E= 0.834  |g|= 1.79  |ddm|= 3.36
  HOMO = -0.143409650187168  LUMO = -0.0903410710572137
cycle= 5 E= -774.046585153107  delta_E= -1.22  |g|= 0.802  |ddm|= 2.61
  HOMO = -0.150831808931454  LUMO = -0.130872997396051
cycle= 6 E= -774.266907455401  delta_E= -0.22  |g|= 0.523  |ddm|= 2.31
  HOMO = -0.149422669737109  LUMO = -0.134286853025778
cycle= 7 E= -774.191716507788  delta_E= 0.0752  |g|= 0.567  |ddm|=  2.2
  HOMO = -0.14100767496385  LUMO = -0.137017716059123
cycle= 8 E= -774.369308138919  delta_E= -0.178  |g|= 0.23  |ddm|= 1.91
  HOMO = -0.143239590145487  LUMO = -0.14035521896916
cycle= 9 E= -774.371588822663  delta_E= -0.00228  |g|= 0.219  |ddm|= 0.982
  HOMO = -0.14397405003214  LUMO = -0.140785449300116
cycle= 10 E= -774.38060379588  delta_E= -0.00901  |g|= 0.157  |ddm|= 0.861
  HOMO = -0.142429542868772  LUMO = -0.139504355458976
cycle= 11 E= -774.339934694103  delta_E= 0.0407  |g|= 0.315  |ddm|= 1.11
  HOMO = -0.143036153553028  LUMO = -0.139641982125001
cycle= 12 E= -774.304182403262  delta_E= 0.0358  |g|= 0.391  |ddm|= 0.252
  HOMO = -0.144416779365778  LUMO = -0.140661886300213
cycle= 13 E= -774.281183904505  delta_E= 0.023  |g|= 0.432  |ddm|= 0.147
  HOMO = -0.143567755378996  LUMO = -0.140403686146959
cycle= 14 E= -774.317584269653  delta_E= -0.0364  |g|= 0.365  |ddm|= 0.23
  HOMO = -0.143054255861686  LUMO = -0.139668035791026
cycle= 15 E= -774.300944170463  delta_E= 0.0166  |g|= 0.396  |ddm|= 0.116
  HOMO = -0.143950526867406  LUMO = -0.139249054085103
cycle= 16 E= -774.252522259234  delta_E= 0.0484  |g|= 0.469  |ddm|= 0.318
  HOMO = -0.141835026579225  LUMO = -0.138896773595148
cycle= 17 E= -774.342511190562  delta_E= -0.09  |g|= 0.306  |ddm|= 0.607
  HOMO = -0.14399957390892  LUMO = -0.139598206244437
cycle= 18 E= -774.264507751415  delta_E= 0.078  |g|= 0.455  |ddm|= 0.541
  HOMO = -0.149949504301397  LUMO = -0.137408996545967
cycle= 19 E= -774.310006095282  delta_E= -0.0455  |g|= 0.366  |ddm|= 2.02
  HOMO = -0.143667402528286  LUMO = -0.140985060857548
cycle= 20 E= -774.379342995257  delta_E= -0.0693  |g|= 0.198  |ddm|= 1.48
  HOMO = -0.144440633370626  LUMO = -0.14114303785477
cycle= 21 E= -774.302998929525  delta_E= 0.0763  |g|= 0.391  |ddm|= 0.683
  HOMO = -0.143036641986634  LUMO = -0.1404064332404
cycle= 22 E= -774.377083964702  delta_E= -0.0741  |g|= 0.186  |ddm|= 0.58
  HOMO = -0.145373268320815  LUMO = -0.1425248279654
cycle= 23 E= -774.349353177588  delta_E= 0.0277  |g|= 0.297  |ddm|= 0.275
  HOMO = -0.144294658983042  LUMO = -0.137849380986545
cycle= 24 E= -774.220201811476  delta_E= 0.129  |g|= 0.512  |ddm|= 0.878
  HOMO = -0.1437427735001  LUMO = -0.141044676475144
cycle= 25 E= -774.379778096214  delta_E= -0.16  |g|= 0.168  |ddm|=  1.1
  HOMO = -0.144242534570571  LUMO = -0.141534592166386
cycle= 26 E= -774.372490963623  delta_E= 0.00729  |g|= 0.205  |ddm|= 0.0911
  HOMO = -0.143316731065932  LUMO = -0.140683256823213
cycle= 27 E= -774.385228554098  delta_E= -0.0127  |g|= 0.137  |ddm|= 0.178
  HOMO = -0.14640383889924  LUMO = -0.140738975800089
cycle= 28 E= -774.335450796859  delta_E= 0.0498  |g|= 0.306  |ddm|= 1.21
  HOMO = -0.143375167357912  LUMO = -0.140627477467725
cycle= 29 E= -774.360594769134  delta_E= -0.0251  |g|= 0.253  |ddm|= 1.44
  HOMO = -0.143817238110049  LUMO = -0.139953180301462
cycle= 30 E= -774.281295391369  delta_E= 0.0793  |g|= 0.441  |ddm|= 0.557
  HOMO = -0.143083707745559  LUMO = -0.140440965450884
cycle= 31 E= -774.381357094338  delta_E= -0.1  |g|= 0.165  |ddm|= 0.77
  HOMO = -0.142976277891335  LUMO = -0.140269124552958
cycle= 32 E= -774.364196370535  delta_E= 0.0172  |g|= 0.24  |ddm|= 0.203
  HOMO = -0.144194389761835  LUMO = -0.141510102740077
cycle= 33 E= -774.392331634655  delta_E= -0.0281  |g|= 0.0844  |ddm|= 0.416
  HOMO = -0.143409555137212  LUMO = -0.139245471563697
cycle= 34 E= -774.266660963939  delta_E= 0.126  |g|= 0.448  |ddm|= 1.05
  HOMO = -0.142734558058653  LUMO = -0.140087735019153
cycle= 35 E= -774.390059008007  delta_E= -0.123  |g|= 0.0985  |ddm|= 0.984
  HOMO = -0.14346371270405  LUMO = -0.140823883040982
cycle= 36 E= -774.386979368046  delta_E= 0.00308  |g|= 0.125  |ddm|= 0.0846
  HOMO = -0.144187504124023  LUMO = -0.140643917194548
cycle= 37 E= -774.369753535562  delta_E= 0.0172  |g|= 0.207  |ddm|= 0.831
  HOMO = -0.143126160003232  LUMO = -0.13998746781082
cycle= 38 E= -774.321764184039  delta_E= 0.048  |g|= 0.356  |ddm|= 1.36
  HOMO = -0.143047259415931  LUMO = -0.140157171059593
cycle= 39 E= -774.347347743743  delta_E= -0.0256  |g|= 0.293  |ddm|= 0.185
  HOMO = -0.143162289954769  LUMO = -0.140066779536111
cycle= 40 E= -774.324926197919  delta_E= 0.0224  |g|= 0.35  |ddm|= 0.164
  HOMO = -0.143152906515377  LUMO = -0.140023890792938
cycle= 41 E= -774.322382280887  delta_E= 0.00254  |g|= 0.355  |ddm|= 0.0178
  HOMO = -0.143617298104388  LUMO = -0.14055767888871
cycle= 42 E= -774.329005936137  delta_E= -0.00662  |g|= 0.342  |ddm|= 0.05
  HOMO = -0.14351838908924  LUMO = -0.140060353090319
cycle= 43 E= -774.299479938847  delta_E= 0.0295  |g|=  0.4  |ddm|= 0.197
  HOMO = -0.142807615391034  LUMO = -0.138702141531703
cycle= 44 E= -774.269833853084  delta_E= 0.0296  |g|= 0.448  |ddm|= 0.196
  HOMO = -0.144411940768477  LUMO = -0.138775850317536
cycle= 45 E= -774.235853633739  delta_E= 0.034  |g|= 0.493  |ddm|= 0.252
  HOMO = -0.147303944057572  LUMO = -0.138981931088859
cycle= 46 E= -774.320563267639  delta_E= -0.0847  |g|= 0.339  |ddm|= 2.04
  HOMO = -0.144541203125781  LUMO = -0.140074077745539
cycle= 47 E= -774.252084068271  delta_E= 0.0685  |g|= 0.489  |ddm|= 1.98
  HOMO = -0.144399392912027  LUMO = -0.138178507187565
cycle= 48 E= -774.22658936375  delta_E= 0.0255  |g|= 0.504  |ddm|= 0.28
  HOMO = -0.142200649940518  LUMO = -0.136250021383733
cycle= 49 E= -774.22153040797  delta_E= 0.00506  |g|= 0.513  |ddm|= 0.264
  HOMO = -0.141625143376206  LUMO = -0.137184096595999
cycle= 50 E= -774.256414893356  delta_E= -0.0349  |g|= 0.466  |ddm|= 0.277
  HOMO = -0.143993032714009  LUMO = -0.137385415254767
cycle= 51 E= -774.222906387577  delta_E= 0.0335  |g|= 0.512  |ddm|= 0.24
  HOMO = -0.144015138173077  LUMO = -0.139120878761145
cycle= 52 E= -774.258749565923  delta_E= -0.0358  |g|= 0.464  |ddm|= 0.239
  HOMO = -0.143555078279463  LUMO = -0.138161725630511
cycle= 53 E= -774.248414009737  delta_E= 0.0103  |g|= 0.478  |ddm|= 0.129
  HOMO = -0.143584756873943  LUMO = -0.137727592481887
cycle= 54 E= -774.236882366748  delta_E= 0.0115  |g|= 0.49  |ddm|= 0.0841
  HOMO = -0.168915204414468  LUMO = -0.0953685935811978
cycle= 55 E= -774.122687996011  delta_E= 0.114  |g|= 0.815  |ddm|= 2.22
  HOMO = -0.178354430728568  LUMO = -0.129864707551059
cycle= 56 E= -774.248530836403  delta_E= -0.126  |g|= 0.545  |ddm|= 0.811
  HOMO = -0.156894473946534  LUMO = -0.129440861864376
cycle= 57 E= -774.296981913551  delta_E= -0.0485  |g|= 0.409  |ddm|= 0.431
  HOMO = -0.143370458050908  LUMO = -0.130683334733005
cycle= 58 E= -774.180969279811  delta_E= 0.116  |g|= 0.586  |ddm|=  2.2
  HOMO = -0.147318189080221  LUMO = -0.12888439536523
cycle= 59 E= -774.176693831058  delta_E= 0.00428  |g|= 0.571  |ddm|= 0.178
  HOMO = -0.146329179827595  LUMO = -0.12823835458127
cycle= 60 E= -774.17847938476  delta_E= -0.00179  |g|= 0.568  |ddm|= 0.0627
  HOMO = -0.146639765972143  LUMO = -0.127747404989487
cycle= 61 E= -774.178604959979  delta_E= -0.000126  |g|= 0.567  |ddm|= 0.0508
  HOMO = -0.146802442335314  LUMO = -0.132267979869413
cycle= 62 E= -774.200966453677  delta_E= -0.0224  |g|= 0.541  |ddm|= 0.188
  HOMO = -0.147323328316498  LUMO = -0.128834512679558
cycle= 63 E= -774.184219242365  delta_E= 0.0167  |g|= 0.557  |ddm|= 0.159
  HOMO = -0.146357028719086  LUMO = -0.140573713951706
cycle= 64 E= -774.346864695321  delta_E= -0.163  |g|= 0.284  |ddm|= 2.08
  HOMO = -0.141110755877394  LUMO = -0.138043219855205
cycle= 65 E= -774.387940588227  delta_E= -0.0411  |g|= 0.131  |ddm|= 0.655
  HOMO = -0.145623816833552  LUMO = -0.142885121387221
cycle= 66 E= -774.391933370891  delta_E= -0.00399  |g|= 0.0948  |ddm|= 0.382
  HOMO = -0.144218787986654  LUMO = -0.140638750060729
cycle= 67 E= -774.368602997956  delta_E= 0.0233  |g|= 0.209  |ddm|= 0.662
  HOMO = -0.143708102489744  LUMO = -0.140493834872466
cycle= 68 E= -774.380358864844  delta_E= -0.0118  |g|= 0.16  |ddm|= 0.16
  HOMO = -0.143065923232453  LUMO = -0.139898245180845
cycle= 69 E= -774.381466675509  delta_E= -0.00111  |g|= 0.156  |ddm|= 0.0397
  HOMO = -0.143403059193484  LUMO = -0.14035334202177
cycle= 70 E= -774.385550194326  delta_E= -0.00408  |g|= 0.131  |ddm|= 0.0857
  HOMO = -0.143647662883491  LUMO = -0.14044116131403
cycle= 71 E= -774.379772613139  delta_E= 0.00578  |g|= 0.164  |ddm|=  0.1
  HOMO = -0.143432602056606  LUMO = -0.140535039654471
cycle= 72 E= -774.390269772826  delta_E= -0.0105  |g|= 0.0948  |ddm|= 0.194
  HOMO = -0.143599434008708  LUMO = -0.14066722609743
cycle= 73 E= -774.38910226847  delta_E= 0.00117  |g|= 0.104  |ddm|= 0.0396
  HOMO = -0.143646169818118  LUMO = -0.140036704481385
cycle= 74 E= -774.368190830493  delta_E= 0.0209  |g|= 0.213  |ddm|= 0.326
  HOMO = -0.144284786371884  LUMO = -0.140807892021339
cycle= 75 E= -774.372358200751  delta_E= -0.00417  |g|= 0.196  |ddm|= 0.0675
  HOMO = -0.143534615079302  LUMO = -0.140684357629568
cycle= 76 E= -774.392815796405  delta_E= -0.0205  |g|= 0.0674  |ddm|= 0.374
  HOMO = -0.143401963308677  LUMO = -0.140114227663239
cycle= 77 E= -774.375596885834  delta_E= 0.0172  |g|= 0.182  |ddm|= 0.319
  HOMO = -0.144029795254952  LUMO = -0.141244589318918
cycle= 78 E= -774.393439984618  delta_E= -0.0178  |g|= 0.06  |ddm|= 0.358
  HOMO = -0.143582776874921  LUMO = -0.140864612216417
cycle= 79 E= -774.39483860041  delta_E= -0.0014  |g|= 0.0319  |ddm|= 0.0925
  HOMO = -0.143271990001465  LUMO = -0.140538895367494
cycle= 80 E= -774.394692720931  delta_E= 0.000146  |g|= 0.0352  |ddm|= 0.0464
  HOMO = -0.143389322791689  LUMO = -0.140691229531609
cycle= 81 E= -774.395161208361  delta_E= -0.000468  |g|= 0.00794  |ddm|= 0.081
  HOMO = -0.143419397918703  LUMO = -0.140656775829461
cycle= 82 E= -774.394658292802  delta_E= 0.000503  |g|= 0.0319  |ddm|= 0.0899
  HOMO = -0.143395349285583  LUMO = -0.14066513345862
cycle= 83 E= -774.395118664406  delta_E= -0.00046  |g|= 0.0114  |ddm|= 0.048
  HOMO = -0.14343731683823  LUMO = -0.140697573484672
cycle= 84 E= -774.395020860682  delta_E= 9.78e-05  |g|= 0.0176  |ddm|= 0.0153
  HOMO = -0.143443605129228  LUMO = -0.140708723990475
cycle= 85 E= -774.395093832931  delta_E= -7.3e-05  |g|= 0.0131  |ddm|= 0.0108
  HOMO = -0.143426628702398  LUMO = -0.140730589316313
cycle= 86 E= -774.395043754741  delta_E= 5.01e-05  |g|= 0.0162  |ddm|= 0.0691
  HOMO = -0.143389133804212  LUMO = -0.140678624623872
cycle= 87 E= -774.395183847847  delta_E= -0.00014  |g|= 0.00269  |ddm|= 0.0316
  HOMO = -0.1433798698825  LUMO = -0.14066935507327
cycle= 88 E= -774.395185629236  delta_E= -1.78e-06  |g|= 0.00198  |ddm|= 0.00222
  HOMO = -0.143389685087131  LUMO = -0.140678200753557
cycle= 89 E= -774.395186967084  delta_E= -1.34e-06  |g|= 0.00114  |ddm|= 0.00184
  HOMO = -0.143392676603988  LUMO = -0.140679468885582
cycle= 90 E= -774.395187660763  delta_E= -6.94e-07  |g|= 0.000176  |ddm|= 0.00285
  HOMO = -0.143391509501455  LUMO = -0.140678711934921
cycle= 91 E= -774.395187644871  delta_E= 1.59e-08  |g|= 0.000218  |ddm|= 0.000675
  HOMO = -0.143391203261437  LUMO = -0.140678263216885
cycle= 92 E= -774.395187662384  delta_E= -1.75e-08  |g|= 0.00012  |ddm|= 0.000231
  HOMO = -0.143391510283816  LUMO = -0.140678264160417
cycle= 93 E= -774.395187662248  delta_E= 1.37e-10  |g|= 0.000126  |ddm|= 0.000565
  HOMO = -0.143391747435077  LUMO = -0.140678641474844
cycle= 94 E= -774.395187670038  delta_E= -7.79e-09  |g|= 1.37e-05  |ddm|= 0.000255
  HOMO = -0.143391347470981  LUMO = -0.140678258098218
cycle= 95 E= -774.395187670104  delta_E= -6.55e-11  |g|= 8.73e-06  |ddm|= 2.48e-05
  HOMO = -0.143391613415642  LUMO = -0.140679105878702
Extra cycle  E= -774.395187568421  delta_E= 1.02e-07  |g|= 0.000434  |ddm|= 0.00104
converged SCF energy = -774.395187568421
AOs:  [0, 1, 2, 3, 4, 5, 6, 7, 8, 9, 10, 11, 12, 13, 14, 15, 16, 17, 18, 19, 20, 21, 22, 23, 24, 25, 26, 27, 28, 29, 30, 31, 32, 33, 34, 35, 36, 37, 38, 39, 40, 41, 42, 43, 44, 45, 46, 47, 48, 49, 50, 51, 52, 53, 54, 55, 56, 57, 58, 59, 60, 61, 62, 63]
64
Number of Active MOs:  16
Number of Environment MOs:  54
Number of Virtual MOs:  244
 # electrons:            α            β
         Env:  54.00000000  54.00000000
         Act:  16.00000000  16.00000000
         Vir:  -0.00000000  -0.00000000
Number of electrons in the active space:  32

 The density matrix is idempotent!

 The density matrix is idempotent!


******** <class 'pyscf.dft.rks.RKS'> ********
method = RKS-RHF
initial guess = minao
damping factor = 0
level_shift factor = 0
DIIS = <class 'pyscf.scf.diis.CDIIS'>
diis_start_cycle = 1
diis_space = 8
SCF conv_tol = 1e-09
SCF conv_tol_grad = 1e-05
SCF max_cycles = 200
direct_scf = True
direct_scf_tol = 1e-13
chkfile to save SCF result = subsys_scf.chk
max_memory 900000 MB (current use 10677 MB)
XC library pyscf.dft.libxc version 5.1.7
    S. Lehtola, C. Steigemann, M. J. Oliveira, and M. A. Marques, SoftwareX 7, 1 (2018)
XC functionals = pbe
    J. P. Perdew, K. Burke, and M. Ernzerhof, Phys. Rev. Lett. 77, 3865 (1996)
    J. P. Perdew, K. Burke, and M. Ernzerhof, Phys. Rev. Lett. 78, 1396 (1997)
    J. P. Perdew, K. Burke, and M. Ernzerhof, Phys. Rev. Lett. 77, 3865 (1996)
    J. P. Perdew, K. Burke, and M. Ernzerhof, Phys. Rev. Lett. 78, 1396 (1997)
small_rho_cutoff = 1e-07
init E= 992.27447856225
  HOMO = -0.148492395172336  LUMO = -0.140640348299236
cycle= 1 E= 992.274536547897  delta_E= 5.8e-05  |g|= 0.00983  |ddm|= 0.0268
  HOMO = -0.148288771185334  LUMO = -0.139949308237923
cycle= 2 E= 992.313721231662  delta_E= 0.0392  |g|= 0.248  |ddm|= 0.674
  HOMO = -0.148453507382341  LUMO = -0.140599379280416
cycle= 3 E= 992.274483807192  delta_E= -0.0392  |g|= 0.00319  |ddm|= 0.658
  HOMO = -0.148287012642591  LUMO = -0.140497744478873
cycle= 4 E= 992.274478661283  delta_E= -5.15e-06  |g|= 0.00186  |ddm|= 0.0102
  HOMO = -0.148391263485307  LUMO = -0.140591648141372
cycle= 5 E= 992.274478154515  delta_E= -5.07e-07  |g|= 0.00117  |ddm|= 0.00321
  HOMO = -0.148430876699214  LUMO = -0.140623000881345
cycle= 6 E= 992.274477431422  delta_E= -7.23e-07  |g|= 0.000405  |ddm|= 0.00208
  HOMO = -0.148439400141476  LUMO = -0.140629150633481
cycle= 7 E= 992.274477350989  delta_E= -8.04e-08  |g|= 0.00014  |ddm|= 0.000634
  HOMO = -0.148441646600159  LUMO = -0.140630512632309
cycle= 8 E= 992.274477340567  delta_E= -1.04e-08  |g|= 2.88e-05  |ddm|= 0.00028
  HOMO = -0.148442568623723  LUMO = -0.140631145484642
cycle= 9 E= 992.27447734039  delta_E= -1.77e-10  |g|= 1.68e-05  |ddm|= 0.000119
  HOMO = -0.148442583580428  LUMO = -0.140631260410055
cycle= 10 E= 992.274477339883  delta_E= -5.07e-10  |g|= 6.03e-06  |ddm|= 6.15e-05
  HOMO = -0.148443444753154  LUMO = -0.140631456447891
Extra cycle  E= 992.274477355167  delta_E= 1.53e-08  |g|= 0.000158  |ddm|= 0.000428
converged SCF energy = 992.274477355167
Difference in energy:  -0.03367570388821264
Total mean-field energy =  -774.3951339028159
time elapsed:  112.59973692893982
