

******** <class 'pyscf.dft.rks.RKS'> ********
method = RKS-RHF
initial guess = minao
damping factor = 0
level_shift factor = 0
DIIS = <class 'pyscf.scf.diis.CDIIS'>
diis_start_cycle = 1
diis_space = 8
SCF conv_tol = 1e-09
SCF conv_tol_grad = 1e-05
SCF max_cycles = 1000
direct_scf = True
direct_scf_tol = 1e-13
chkfile to save SCF result = scf.fchk
max_memory 900000 MB (current use 79 MB)
XC library pyscf.dft.libxc version 5.1.7
    S. Lehtola, C. Steigemann, M. J. Oliveira, and M. A. Marques, SoftwareX 7, 1 (2018)
XC functionals = pbe
    J. P. Perdew, K. Burke, and M. Ernzerhof, Phys. Rev. Lett. 77, 3865 (1996)
    J. P. Perdew, K. Burke, and M. Ernzerhof, Phys. Rev. Lett. 78, 1396 (1997)
    J. P. Perdew, K. Burke, and M. Ernzerhof, Phys. Rev. Lett. 77, 3865 (1996)
    J. P. Perdew, K. Burke, and M. Ernzerhof, Phys. Rev. Lett. 78, 1396 (1997)
small_rho_cutoff = 1e-07
init E= -776.047454529272
  HOMO = -0.233179057226642  LUMO = -0.208054794095998
cycle= 1 E= -773.982186486278  delta_E= 2.07  |g|=  1.2  |ddm|= 6.28
  HOMO = -0.0129431560477218  LUMO = 0.00287684627730116
cycle= 2 E= -762.772282739879  delta_E= 11.2  |g|= 3.81  |ddm|= 6.22
  HOMO = -0.104494846572787  LUMO = -0.0652161278273904
cycle= 3 E= -773.655873379206  delta_E= -10.9  |g|=  1.4  |ddm|= 5.87
  HOMO = -0.110362689817434  LUMO = -0.0797791416765573
cycle= 4 E= -772.837736848981  delta_E= 0.818  |g|= 1.78  |ddm|= 3.36
  HOMO = -0.144028396185389  LUMO = -0.0912387031385428
cycle= 5 E= -774.051820448396  delta_E= -1.21  |g|= 0.797  |ddm|=  2.6
  HOMO = -0.152362551578261  LUMO = -0.129954333350378
cycle= 6 E= -774.27188278287  delta_E= -0.22  |g|= 0.521  |ddm|= 2.29
  HOMO = -0.149156132635316  LUMO = -0.135382810042735
cycle= 7 E= -774.221902846794  delta_E= 0.05  |g|= 0.538  |ddm|= 2.09
  HOMO = -0.142986348946609  LUMO = -0.135322360468704
cycle= 8 E= -774.373341946462  delta_E= -0.151  |g|= 0.229  |ddm|= 1.72
  HOMO = -0.145208639665432  LUMO = -0.139164671122024
cycle= 9 E= -774.394605148008  delta_E= -0.0213  |g|= 0.108  |ddm|= 0.521
  HOMO = -0.143798643651481  LUMO = -0.137823948652242
cycle= 10 E= -774.396424166147  delta_E= -0.00182  |g|= 0.0665  |ddm|= 0.191
  HOMO = -0.145020707558621  LUMO = -0.138879912400063
cycle= 11 E= -774.395535788159  delta_E= 0.000888  |g|= 0.0733  |ddm|= 0.108
  HOMO = -0.144978155991547  LUMO = -0.139035639878431
cycle= 12 E= -774.397909748916  delta_E= -0.00237  |g|= 0.0256  |ddm|= 0.123
  HOMO = -0.145183388196326  LUMO = -0.138967965876228
cycle= 13 E= -774.394423448801  delta_E= 0.00349  |g|= 0.0832  |ddm|= 0.156
  HOMO = -0.145320915616183  LUMO = -0.139023693073845
cycle= 14 E= -774.39315338295  delta_E= 0.00127  |g|= 0.0955  |ddm|= 0.0318
  HOMO = -0.14543292207796  LUMO = -0.139107512928862
cycle= 15 E= -774.392640531965  delta_E= 0.000513  |g|= 0.0996  |ddm|= 0.0128
  HOMO = -0.145245680328875  LUMO = -0.139167696657912
cycle= 16 E= -774.396390774787  delta_E= -0.00375  |g|= 0.0566  |ddm|= 0.106
  HOMO = -0.145262257025103  LUMO = -0.139323404125445
cycle= 17 E= -774.397756660365  delta_E= -0.00137  |g|= 0.028  |ddm|= 0.073
  HOMO = -0.145114966804948  LUMO = -0.139157386410088
cycle= 18 E= -774.397640387119  delta_E= 0.000116  |g|= 0.031  |ddm|= 0.0152
  HOMO = -0.145122298840444  LUMO = -0.139174692710995
cycle= 19 E= -774.397771863401  delta_E= -0.000131  |g|= 0.0268  |ddm|= 0.0103
  HOMO = -0.145139514776339  LUMO = -0.139221665741885
cycle= 20 E= -774.39800446492  delta_E= -0.000233  |g|= 0.017  |ddm|= 0.0233
  HOMO = -0.145060121876401  LUMO = -0.139161098641691
cycle= 21 E= -774.3980759571  delta_E= -7.15e-05  |g|= 0.0126  |ddm|= 0.011
  HOMO = -0.145149906679787  LUMO = -0.139267005946191
cycle= 22 E= -774.398134675598  delta_E= -5.87e-05  |g|= 0.00718  |ddm|= 0.0161
  HOMO = -0.145068979973518  LUMO = -0.139196103926182
cycle= 23 E= -774.398154786734  delta_E= -2.01e-05  |g|= 0.00292  |ddm|= 0.00951
  HOMO = -0.145086266955162  LUMO = -0.139214086492296
cycle= 24 E= -774.398157135808  delta_E= -2.35e-06  |g|= 0.00207  |ddm|= 0.00229
  HOMO = -0.145071519457337  LUMO = -0.139204244512915
cycle= 25 E= -774.398159366539  delta_E= -2.23e-06  |g|= 0.000232  |ddm|= 0.00448
  HOMO = -0.145075254288434  LUMO = -0.139207267695462
cycle= 26 E= -774.398159305362  delta_E= 6.12e-08  |g|= 0.000382  |ddm|= 0.000696
  HOMO = -0.145076386760243  LUMO = -0.139209085168163
cycle= 27 E= -774.398159372146  delta_E= -6.68e-08  |g|= 0.000156  |ddm|= 0.000581
  HOMO = -0.14507553137292  LUMO = -0.139208562964668
cycle= 28 E= -774.398159382886  delta_E= -1.07e-08  |g|= 5.29e-05  |ddm|= 0.000249
  HOMO = -0.145074747352125  LUMO = -0.139207842978014
cycle= 29 E= -774.398159383765  delta_E= -8.79e-10  |g|= 2.91e-05  |ddm|= 8.96e-05
  HOMO = -0.145075456331478  LUMO = -0.13920859854717
cycle= 30 E= -774.398159383516  delta_E= 2.49e-10  |g|= 3.49e-05  |ddm|= 9.57e-05
  HOMO = -0.145074939524512  LUMO = -0.139208042893564
cycle= 31 E= -774.398159383993  delta_E= -4.76e-10  |g|= 1.01e-05  |ddm|= 5.37e-05
  HOMO = -0.145075190353606  LUMO = -0.139208298825945
cycle= 32 E= -774.398159383955  delta_E= 3.8e-11  |g|= 1.29e-05  |ddm|= 1.85e-05
  HOMO = -0.145075030778637  LUMO = -0.139208109101612
cycle= 33 E= -774.398159384024  delta_E= -6.98e-11  |g|= 4.6e-06  |ddm|= 3.36e-05
  HOMO = -0.145074893952071  LUMO = -0.139208348009688
Extra cycle  E= -774.39815937444  delta_E= 9.58e-09  |g|= 0.000133  |ddm|= 0.000315
converged SCF energy = -774.39815937444
AOs:  [0, 1, 2, 3, 4, 5, 6, 7, 8, 9, 10, 11, 12, 13, 14, 15, 16, 17, 18, 19, 20, 21, 22, 23, 24, 25, 26, 27, 28, 29, 30, 31, 32, 33, 34, 35, 36, 37, 38, 39, 40, 41, 42, 43, 44, 45, 46, 47, 48, 49, 50, 51, 52, 53, 54, 55, 56, 57, 58, 59, 60, 61, 62, 63]
64
Number of Active MOs:  16
Number of Environment MOs:  54
Number of Virtual MOs:  244
 # electrons:            α            β
         Env:  54.00000000  54.00000000
         Act:  16.00000000  16.00000000
         Vir:   0.00000000   0.00000000
Number of electrons in the active space:  32

 The density matrix is idempotent!

 The density matrix is idempotent!


******** <class 'pyscf.dft.rks.RKS'> ********
method = RKS-RHF
initial guess = minao
damping factor = 0
level_shift factor = 0
DIIS = <class 'pyscf.scf.diis.CDIIS'>
diis_start_cycle = 1
diis_space = 8
SCF conv_tol = 1e-09
SCF conv_tol_grad = 1e-05
SCF max_cycles = 200
direct_scf = True
direct_scf_tol = 1e-13
chkfile to save SCF result = subsys_scf.chk
max_memory 900000 MB (current use 10405 MB)
XC library pyscf.dft.libxc version 5.1.7
    S. Lehtola, C. Steigemann, M. J. Oliveira, and M. A. Marques, SoftwareX 7, 1 (2018)
XC functionals = pbe
    J. P. Perdew, K. Burke, and M. Ernzerhof, Phys. Rev. Lett. 77, 3865 (1996)
    J. P. Perdew, K. Burke, and M. Ernzerhof, Phys. Rev. Lett. 78, 1396 (1997)
    J. P. Perdew, K. Burke, and M. Ernzerhof, Phys. Rev. Lett. 77, 3865 (1996)
    J. P. Perdew, K. Burke, and M. Ernzerhof, Phys. Rev. Lett. 78, 1396 (1997)
small_rho_cutoff = 1e-07
init E= 991.917488218182
  HOMO = -0.150324575091552  LUMO = -0.139175924725738
cycle= 1 E= 991.917488808376  delta_E= 5.9e-07  |g|= 0.00173  |ddm|= 0.00508
  HOMO = -0.150146124205177  LUMO = -0.139136417118859
cycle= 2 E= 991.918100308309  delta_E= 0.000611  |g|= 0.0321  |ddm|= 0.084
  HOMO = -0.150280145981728  LUMO = -0.139144493758336
cycle= 3 E= 991.917487250173  delta_E= -0.000613  |g|= 0.000678  |ddm|= 0.0806
  HOMO = -0.15030623162303  LUMO = -0.139167548177554
cycle= 4 E= 991.917487049796  delta_E= -2e-07  |g|= 7.26e-05  |ddm|= 0.00112
  HOMO = -0.150304029980113  LUMO = -0.139166414618156
cycle= 5 E= 991.917487053392  delta_E= 3.6e-09  |g|= 9.51e-05  |ddm|= 0.00028
  HOMO = -0.150304788440176  LUMO = -0.139166923807498
cycle= 6 E= 991.917487048138  delta_E= -5.25e-09  |g|= 1.91e-05  |ddm|= 0.000174
  HOMO = -0.15030545501737  LUMO = -0.139167419066798
cycle= 7 E= 991.917487047997  delta_E= -1.41e-10  |g|= 2.71e-06  |ddm|= 4.26e-05
  HOMO = -0.150305501302124  LUMO = -0.139167271030985
Extra cycle  E= 991.917487049032  delta_E= 1.03e-09  |g|= 3.48e-05  |ddm|= 9.43e-05
converged SCF energy = 991.917487049032
Difference in energy:  -0.036218373985454945
Total mean-field energy =  -774.3981016568353
time elapsed:  50.32803702354431
