

******** <class 'pyscf.dft.rks.RKS'> ********
method = RKS-RHF
initial guess = minao
damping factor = 0
level_shift factor = 0
DIIS = <class 'pyscf.scf.diis.CDIIS'>
diis_start_cycle = 1
diis_space = 8
SCF conv_tol = 1e-09
SCF conv_tol_grad = 1e-05
SCF max_cycles = 1000
direct_scf = True
direct_scf_tol = 1e-13
chkfile to save SCF result = scf.fchk
max_memory 900000 MB (current use 79 MB)
XC library pyscf.dft.libxc version 5.1.7
    S. Lehtola, C. Steigemann, M. J. Oliveira, and M. A. Marques, SoftwareX 7, 1 (2018)
XC functionals = pbe
    J. P. Perdew, K. Burke, and M. Ernzerhof, Phys. Rev. Lett. 77, 3865 (1996)
    J. P. Perdew, K. Burke, and M. Ernzerhof, Phys. Rev. Lett. 78, 1396 (1997)
    J. P. Perdew, K. Burke, and M. Ernzerhof, Phys. Rev. Lett. 77, 3865 (1996)
    J. P. Perdew, K. Burke, and M. Ernzerhof, Phys. Rev. Lett. 78, 1396 (1997)
small_rho_cutoff = 1e-07
init E= -776.047441981991
  HOMO = -0.233367855130977  LUMO = -0.207875805684609
cycle= 1 E= -773.986153876363  delta_E= 2.06  |g|=  1.2  |ddm|= 6.28
  HOMO = -0.011443894346396  LUMO = 0.00386950847009244
cycle= 2 E= -762.825387355989  delta_E= 11.2  |g|=  3.8  |ddm|= 6.21
  HOMO = -0.106114929434262  LUMO = -0.0642684043059533
cycle= 3 E= -773.652080614511  delta_E= -10.8  |g|=  1.4  |ddm|= 5.85
  HOMO = -0.110751427548093  LUMO = -0.0808868852218369
cycle= 4 E= -772.844465173025  delta_E= 0.808  |g|= 1.77  |ddm|= 3.36
  HOMO = -0.144192313872028  LUMO = -0.0917956609873534
cycle= 5 E= -774.055550175937  delta_E= -1.21  |g|= 0.794  |ddm|=  2.6
  HOMO = -0.153317020455238  LUMO = -0.129372394365295
cycle= 6 E= -774.274625434716  delta_E= -0.219  |g|= 0.52  |ddm|= 2.27
  HOMO = -0.149168952066631  LUMO = -0.135878484846117
cycle= 7 E= -774.246661902079  delta_E= 0.028  |g|= 0.511  |ddm|=    2
  HOMO = -0.143915561240785  LUMO = -0.13457645884676
cycle= 8 E= -774.376405687875  delta_E= -0.13  |g|= 0.224  |ddm|= 1.59
  HOMO = -0.14612840256045  LUMO = -0.138598127735789
cycle= 9 E= -774.396208831012  delta_E= -0.0198  |g|= 0.107  |ddm|= 0.53
  HOMO = -0.14485970255671  LUMO = -0.137424550664766
cycle= 10 E= -774.398925653218  delta_E= -0.00272  |g|= 0.048  |ddm|= 0.174
  HOMO = -0.14593451431244  LUMO = -0.138398423786483
cycle= 11 E= -774.399197417876  delta_E= -0.000272  |g|= 0.0336  |ddm|= 0.0816
  HOMO = -0.145959249823845  LUMO = -0.138535520563069
cycle= 12 E= -774.399620603093  delta_E= -0.000423  |g|= 0.00932  |ddm|= 0.0801
  HOMO = -0.145998376430937  LUMO = -0.138528764431151
cycle= 13 E= -774.399613322275  delta_E= 7.28e-06  |g|= 0.00954  |ddm|= 0.0365
  HOMO = -0.145915391754218  LUMO = -0.138435877748667
cycle= 14 E= -774.399576133669  delta_E= 3.72e-05  |g|= 0.0123  |ddm|= 0.00902
  HOMO = -0.145902101721156  LUMO = -0.138425025748538
cycle= 15 E= -774.399584508076  delta_E= -8.37e-06  |g|= 0.0118  |ddm|= 0.00199
  HOMO = -0.145889242776632  LUMO = -0.138435193491214
cycle= 16 E= -774.399641313003  delta_E= -5.68e-05  |g|= 0.00551  |ddm|= 0.014
  HOMO = -0.145949458538843  LUMO = -0.138520853737674
cycle= 17 E= -774.399655815287  delta_E= -1.45e-05  |g|= 0.00226  |ddm|= 0.0165
  HOMO = -0.145919203042893  LUMO = -0.138485030952497
cycle= 18 E= -774.399657807845  delta_E= -1.99e-06  |g|= 0.000314  |ddm|= 0.00397
  HOMO = -0.145909393604533  LUMO = -0.138474863059648
cycle= 19 E= -774.399657828603  delta_E= -2.08e-08  |g|= 0.000195  |ddm|= 0.000476
  HOMO = -0.145907410215188  LUMO = -0.138472535074926
cycle= 20 E= -774.399657834085  delta_E= -5.48e-09  |g|= 0.000143  |ddm|= 0.000377
  HOMO = -0.145910590297676  LUMO = -0.138475693076811
cycle= 21 E= -774.399657837437  delta_E= -3.35e-09  |g|= 0.0001  |ddm|= 0.000236
  HOMO = -0.145911571636522  LUMO = -0.138476576794178
cycle= 22 E= -774.399657839892  delta_E= -2.46e-09  |g|= 4.07e-05  |ddm|= 0.000167
  HOMO = -0.14591000179663  LUMO = -0.138475116979628
cycle= 23 E= -774.399657840381  delta_E= -4.88e-10  |g|= 2.66e-05  |ddm|= 7.22e-05
  HOMO = -0.145910646132466  LUMO = -0.138475855809914
cycle= 24 E= -774.399657840347  delta_E= 3.41e-11  |g|= 2.87e-05  |ddm|= 8.03e-05
  HOMO = -0.145910730003647  LUMO = -0.138475798732973
cycle= 25 E= -774.399657840336  delta_E= 1.02e-11  |g|= 2.36e-05  |ddm|= 9.5e-05
  HOMO = -0.145910684231214  LUMO = -0.138475882504139
cycle= 26 E= -774.399657840497  delta_E= -1.61e-10  |g|= 1.6e-05  |ddm|= 8.63e-05
  HOMO = -0.14591059907903  LUMO = -0.138475774593654
cycle= 27 E= -774.399657840579  delta_E= -8.14e-11  |g|= 9.92e-06  |ddm|= 1.81e-05
  HOMO = -0.145911614948225  LUMO = -0.138475802778852
Extra cycle  E= -774.399657799751  delta_E= 4.08e-08  |g|= 0.000278  |ddm|= 0.000645
converged SCF energy = -774.399657799751
AOs:  [0, 1, 2, 3, 4, 5, 6, 7, 8, 9, 10, 11, 12, 13, 14, 15, 16, 17, 18, 19, 20, 21, 22, 23, 24, 25, 26, 27, 28, 29, 30, 31, 32, 33, 34, 35, 36, 37, 38, 39, 40, 41, 42, 43, 44, 45, 46, 47, 48, 49, 50, 51, 52, 53, 54, 55, 56, 57, 58, 59, 60, 61, 62, 63]
64
Number of Active MOs:  16
Number of Environment MOs:  54
Number of Virtual MOs:  244
 # electrons:            α            β
         Env:  54.00000000  54.00000000
         Act:  16.00000000  16.00000000
         Vir:   0.00000000   0.00000000
Number of electrons in the active space:  32

 The density matrix is idempotent!

 The density matrix is idempotent!


******** <class 'pyscf.dft.rks.RKS'> ********
method = RKS-RHF
initial guess = minao
damping factor = 0
level_shift factor = 0
DIIS = <class 'pyscf.scf.diis.CDIIS'>
diis_start_cycle = 1
diis_space = 8
SCF conv_tol = 1e-09
SCF conv_tol_grad = 1e-05
SCF max_cycles = 200
direct_scf = True
direct_scf_tol = 1e-13
chkfile to save SCF result = subsys_scf.chk
max_memory 900000 MB (current use 10404 MB)
XC library pyscf.dft.libxc version 5.1.7
    S. Lehtola, C. Steigemann, M. J. Oliveira, and M. A. Marques, SoftwareX 7, 1 (2018)
XC functionals = pbe
    J. P. Perdew, K. Burke, and M. Ernzerhof, Phys. Rev. Lett. 77, 3865 (1996)
    J. P. Perdew, K. Burke, and M. Ernzerhof, Phys. Rev. Lett. 78, 1396 (1997)
    J. P. Perdew, K. Burke, and M. Ernzerhof, Phys. Rev. Lett. 77, 3865 (1996)
    J. P. Perdew, K. Burke, and M. Ernzerhof, Phys. Rev. Lett. 78, 1396 (1997)
small_rho_cutoff = 1e-07
init E= 991.74136956603
  HOMO = -0.151211971598595  LUMO = -0.138444954866296
cycle= 1 E= 991.741383243145  delta_E= 1.37e-05  |g|= 0.00495  |ddm|= 0.0135
  HOMO = -0.151718008765595  LUMO = -0.138286685360193
cycle= 2 E= 991.744857021422  delta_E= 0.00347  |g|= 0.0759  |ddm|= 0.204
  HOMO = -0.151227470305103  LUMO = -0.138429967576664
cycle= 3 E= 991.74136844985  delta_E= -0.00349  |g|= 0.000408  |ddm|= 0.191
  HOMO = -0.15123479456808  LUMO = -0.138442535412731
cycle= 4 E= 991.741368502049  delta_E= 5.22e-08  |g|= 0.000508  |ddm|= 0.00218
  HOMO = -0.151221434173252  LUMO = -0.138432668949157
cycle= 5 E= 991.741368426905  delta_E= -7.51e-08  |g|= 0.000372  |ddm|= 0.000526
  HOMO = -0.151230322726201  LUMO = -0.138439353130124
cycle= 6 E= 991.74136835685  delta_E= -7.01e-08  |g|= 0.00015  |ddm|= 0.000549
  HOMO = -0.151233911933034  LUMO = -0.138441764264862
cycle= 7 E= 991.741368344172  delta_E= -1.27e-08  |g|= 3.1e-05  |ddm|= 0.000293
  HOMO = -0.151234313038493  LUMO = -0.138441949344227
cycle= 8 E= 991.741368343895  delta_E= -2.77e-10  |g|= 5.54e-06  |ddm|= 7.36e-05
  HOMO = -0.151234605566798  LUMO = -0.138441991189745
Extra cycle  E= 991.741368344668  delta_E= 7.73e-10  |g|= 4.33e-05  |ddm|= 0.00011
converged SCF energy = 991.741368344668
Difference in energy:  -0.036293144264342346
Total mean-field energy =  -774.3995999629927
time elapsed:  46.84099245071411
