

******** <class 'pyscf.dft.rks.RKS'> ********
method = RKS-RHF
initial guess = minao
damping factor = 0
level_shift factor = 0
DIIS = <class 'pyscf.scf.diis.CDIIS'>
diis_start_cycle = 1
diis_space = 8
SCF conv_tol = 1e-09
SCF conv_tol_grad = 1e-06
SCF max_cycles = 1000
direct_scf = True
direct_scf_tol = 1e-13
chkfile to save SCF result = scf.fchk
max_memory 900000 MB (current use 79 MB)
XC library pyscf.dft.libxc version 5.1.7
    S. Lehtola, C. Steigemann, M. J. Oliveira, and M. A. Marques, SoftwareX 7, 1 (2018)
XC functionals = pbe
    J. P. Perdew, K. Burke, and M. Ernzerhof, Phys. Rev. Lett. 77, 3865 (1996)
    J. P. Perdew, K. Burke, and M. Ernzerhof, Phys. Rev. Lett. 78, 1396 (1997)
    J. P. Perdew, K. Burke, and M. Ernzerhof, Phys. Rev. Lett. 77, 3865 (1996)
    J. P. Perdew, K. Burke, and M. Ernzerhof, Phys. Rev. Lett. 78, 1396 (1997)
small_rho_cutoff = 1e-07
init E= -2592.68589161385
  HOMO = -0.135589903772629  LUMO = -0.086862740899533
cycle= 1 E= -2573.86094609638  delta_E= 18.8  |g|= 5.66  |ddm|= 10.4
  HOMO = -0.237014473524223  LUMO = -0.228181875449593
cycle= 2 E= -2429.54073387064  delta_E=  144  |g|= 19.3  |ddm|=   96
  HOMO = -0.172155222180427  LUMO = -0.161702262178247
cycle= 3 E= -2561.20084737965  delta_E= -132  |g|= 9.67  |ddm|=   72
  HOMO = -0.179835387700991  LUMO = -0.153385170978525
cycle= 4 E= -2577.99076904098  delta_E= -16.8  |g|=  6.4  |ddm|= 28.3
  HOMO = -0.163466306075656  LUMO = -0.153553182576667
cycle= 5 E= -2581.56771167958  delta_E= -3.58  |g|= 5.42  |ddm|= 2.88
  HOMO = -0.173674305392759  LUMO = -0.159425717124988
cycle= 6 E= -2581.35725703463  delta_E= 0.21  |g|= 5.48  |ddm|= 1.05
  HOMO = -0.177939224083345  LUMO = -0.162383560590994
cycle= 7 E= -2581.22391346773  delta_E= 0.133  |g|= 5.53  |ddm|= 0.907
  HOMO = -0.174088591800918  LUMO = -0.161288788483816
cycle= 8 E= -2581.28456956137  delta_E= -0.0607  |g|= 5.52  |ddm|= 0.222
  HOMO = -0.188343748121128  LUMO = -0.164949624851986
cycle= 9 E= -2580.50104132867  delta_E= 0.784  |g|= 5.77  |ddm|= 0.599

WARN: HOMO 0.0213241047794976 == LUMO 0.0215309182922623

cycle= 10 E= -2543.21832630993  delta_E= 37.3  |g|= 13.6  |ddm|= 19.4
  HOMO = -0.0802366990615826  LUMO = -0.00445935374320922
cycle= 11 E= -2571.26238482633  delta_E=  -28  |g|= 6.19  |ddm|= 17.4
  HOMO = -0.203792668960291  LUMO = -0.173448379778777
cycle= 12 E= -2579.8496537392  delta_E= -8.59  |g|= 5.96  |ddm|= 9.81
  HOMO = -0.212032344509283  LUMO = -0.177532232964928
cycle= 13 E= -2580.27538164315  delta_E= -0.426  |g|= 5.83  |ddm|= 0.95
  HOMO = -0.177608754709494  LUMO = -0.158334685725619
cycle= 14 E= -2580.40134751586  delta_E= -0.126  |g|= 5.82  |ddm|= 1.39
  HOMO = -0.185695013461364  LUMO = -0.156326193026905
cycle= 15 E= -2579.6161831628  delta_E= 0.785  |g|= 6.04  |ddm|= 0.976
  HOMO = -0.169639849228283  LUMO = -0.15372443758021
cycle= 16 E= -2579.85245869846  delta_E= -0.236  |g|= 5.97  |ddm|= 0.924
  HOMO = -0.195808688361043  LUMO = -0.153711179753535
cycle= 17 E= -2580.01988212116  delta_E= -0.167  |g|= 5.93  |ddm|= 1.27
  HOMO = -0.188489915694929  LUMO = -0.161724222452598
cycle= 18 E= -2581.6731088334  delta_E= -1.65  |g|= 5.38  |ddm|= 1.52
  HOMO = -0.204329248309856  LUMO = -0.165989478707891
cycle= 19 E= -2580.23329234932  delta_E= 1.44  |g|= 5.86  |ddm|= 1.24
  HOMO = 0.0340471235271011  LUMO = 0.0390071081217667
cycle= 20 E= -2459.28578807301  delta_E=  121  |g|=   14  |ddm|= 33.4
  HOMO = -0.0789590321196417  LUMO = -0.0710420503565131
cycle= 21 E= -2574.34068263383  delta_E= -115  |g|= 5.09  |ddm|= 32.7
  HOMO = -0.167703811648329  LUMO = -0.159670172586318
cycle= 22 E= -2578.53385568608  delta_E= -4.19  |g|= 6.27  |ddm|= 7.64
  HOMO = -0.188009690230221  LUMO = -0.158587204356085
cycle= 23 E= -2579.42610150501  delta_E= -0.892  |g|= 6.11  |ddm|= 1.95
  HOMO = -0.20563069032956  LUMO = -0.164117914163569
cycle= 24 E= -2579.90845307753  delta_E= -0.482  |g|= 5.93  |ddm|= 1.21
  HOMO = -0.201782497798785  LUMO = -0.166103322796792
cycle= 25 E= -2578.89274861444  delta_E= 1.02  |g|= 6.24  |ddm|= 1.53
  HOMO = -0.197038113932052  LUMO = -0.168817890955853
cycle= 26 E= -2579.00551012423  delta_E= -0.113  |g|= 6.21  |ddm|= 0.937
  HOMO = -0.20774776416382  LUMO = -0.164650046864294
cycle= 27 E= -2581.13884804929  delta_E= -2.13  |g|= 5.52  |ddm|= 1.86
  HOMO = -0.194549377344644  LUMO = -0.166047663369122
cycle= 28 E= -2579.07928219902  delta_E= 2.06  |g|= 6.19  |ddm|= 2.14
  HOMO = -0.192444484285202  LUMO = -0.159121210766306
cycle= 29 E= -2579.80960138982  delta_E= -0.73  |g|= 5.99  |ddm|= 1.39
  HOMO = 0.00645189571328594  LUMO = 0.0122482469970447
cycle= 30 E= -2496.26945736096  delta_E= 83.5  |g|= 13.9  |ddm|= 26.5
  HOMO = -0.0857353984780941  LUMO = -0.0339140914424453
cycle= 31 E= -2573.36625651655  delta_E= -77.1  |g|= 5.33  |ddm|= 23.9
  HOMO = -0.166117137912277  LUMO = -0.145990425825868
cycle= 32 E= -2579.33236853101  delta_E= -5.97  |g|=  6.1  |ddm|= 8.35
  HOMO = -0.180884832127309  LUMO = -0.150587581370503
cycle= 33 E= -2579.97810570715  delta_E= -0.646  |g|= 5.93  |ddm|= 0.99
  HOMO = -0.16369462825609  LUMO = -0.142432108927068
cycle= 34 E= -2580.17973293756  delta_E= -0.202  |g|= 5.84  |ddm|=    1
  HOMO = -0.181184423035755  LUMO = -0.138954092741691
cycle= 35 E= -2580.37994843312  delta_E= -0.2  |g|= 5.82  |ddm|= 1.62
  HOMO = -0.168975748461794  LUMO = -0.15185204875682
cycle= 36 E= -2581.64247904196  delta_E= -1.26  |g|= 5.32  |ddm|= 2.02
  HOMO = -0.190790834165945  LUMO = -0.159146554330359
cycle= 37 E= -2580.37853750183  delta_E= 1.26  |g|= 5.79  |ddm|= 2.25
  HOMO = -0.185440875161273  LUMO = -0.152979385924298
cycle= 38 E= -2580.70357242661  delta_E= -0.325  |g|= 5.68  |ddm|=  1.2
  HOMO = -0.19738680812959  LUMO = -0.154645395678737
cycle= 39 E= -2579.88296890705  delta_E= 0.821  |g|= 5.97  |ddm|= 1.13
  HOMO = 0.0263615651074183  LUMO = 0.0361636244410524
cycle= 40 E= -2454.32836682833  delta_E=  126  |g|= 14.9  |ddm|=   42
  HOMO = -0.0813638730789684  LUMO = -0.0728385125608383
cycle= 41 E= -2572.2164209504  delta_E= -118  |g|= 5.87  |ddm|=   41
  HOMO = -0.155718357138969  LUMO = -0.145548453493072
cycle= 42 E= -2578.30256564474  delta_E= -6.09  |g|= 6.11  |ddm|= 8.89
  HOMO = -0.192718763499676  LUMO = -0.148311596343689
cycle= 43 E= -2580.16543844399  delta_E= -1.86  |g|= 5.87  |ddm|= 2.46
  HOMO = -0.183432147054463  LUMO = -0.158503780925211
cycle= 44 E= -2580.27137505426  delta_E= -0.106  |g|= 5.84  |ddm|= 0.816
  HOMO = -0.156613855700671  LUMO = -0.153351137258748
cycle= 45 E= -2581.41348158734  delta_E= -1.14  |g|= 5.44  |ddm|= 3.03
  HOMO = -0.191968591387388  LUMO = -0.153169696909711
cycle= 46 E= -2580.66713610796  delta_E= 0.746  |g|= 5.72  |ddm|= 2.61
  HOMO = -0.191639115996657  LUMO = -0.151864446688851
cycle= 47 E= -2580.4186724052  delta_E= 0.248  |g|= 5.78  |ddm|= 0.889
  HOMO = -0.16399942326344  LUMO = -0.153757049091913
cycle= 48 E= -2581.65215162685  delta_E= -1.23  |g|= 5.29  |ddm|=  1.8
  HOMO = -0.19117658556658  LUMO = -0.150234273532207
cycle= 49 E= -2581.20344180755  delta_E= 0.449  |g|= 5.53  |ddm|= 1.78
  HOMO = 0.030282817166382  LUMO = 0.0527272388417555
cycle= 50 E= -2447.36319639404  delta_E=  134  |g|=   15  |ddm|= 41.5
  HOMO = -0.106084701098032  LUMO = -0.0827616134685287
cycle= 51 E= -2572.84732494038  delta_E= -125  |g|= 5.76  |ddm|=   41
  HOMO = -0.148457195319365  LUMO = -0.13649315481465
cycle= 52 E= -2578.26834398066  delta_E= -5.42  |g|= 6.21  |ddm|= 8.77
  HOMO = -0.187362291502871  LUMO = -0.145213621612488
cycle= 53 E= -2579.88879930854  delta_E= -1.62  |g|= 5.97  |ddm|= 2.69
  HOMO = -0.19053917366906  LUMO = -0.145939057902938
cycle= 54 E= -2579.99406604944  delta_E= -0.105  |g|= 5.93  |ddm|= 1.48
  HOMO = -0.197328950908505  LUMO = -0.144743210734257
cycle= 55 E= -2579.92463339018  delta_E= 0.0694  |g|= 5.95  |ddm|= 1.07
  HOMO = -0.18487053237621  LUMO = -0.142555025049189
cycle= 56 E= -2580.1992796563  delta_E= -0.275  |g|= 5.87  |ddm|= 0.779
  HOMO = -0.175808742130737  LUMO = -0.14746348994664
cycle= 57 E= -2580.02498812081  delta_E= 0.174  |g|= 5.86  |ddm|= 1.97
  HOMO = -0.204327136543096  LUMO = -0.146658298914926
cycle= 58 E= -2579.95819240858  delta_E= 0.0668  |g|= 5.94  |ddm|= 1.52
  HOMO = -0.185855975281092  LUMO = -0.138390377618229
cycle= 59 E= -2580.38959563273  delta_E= -0.431  |g|= 5.81  |ddm|= 0.73
  HOMO = 0.000206379688675365  LUMO = 0.00929193355028834
cycle= 60 E= -2482.40962375224  delta_E=   98  |g|= 14.6  |ddm|= 26.9
  HOMO = -0.0813573106857955  LUMO = -0.0785946768034538
cycle= 61 E= -2571.87778454083  delta_E= -89.5  |g|= 6.53  |ddm|= 23.9
  HOMO = -0.150595673324576  LUMO = -0.14582576892059
cycle= 62 E= -2579.30509671545  delta_E= -7.43  |g|= 6.07  |ddm|= 9.93
  HOMO = -0.17895325682428  LUMO = -0.152578562041768
cycle= 63 E= -2581.1355414697  delta_E= -1.83  |g|= 5.57  |ddm|= 2.81
  HOMO = -0.176763712803285  LUMO = -0.156881538126576
cycle= 64 E= -2581.40442243332  delta_E= -0.269  |g|= 5.51  |ddm|= 0.84
  HOMO = -0.169328029681556  LUMO = -0.156254541225375
cycle= 65 E= -2581.30081801907  delta_E= 0.104  |g|= 5.52  |ddm|=  1.1
  HOMO = -0.173118811120193  LUMO = -0.158900761119207
cycle= 66 E= -2581.59054711982  delta_E= -0.29  |g|= 5.42  |ddm|= 1.64
  HOMO = -0.177303981403396  LUMO = -0.166291994231526
cycle= 67 E= -2581.79715579536  delta_E= -0.207  |g|= 5.35  |ddm|= 1.53
  HOMO = -0.171856750281093  LUMO = -0.162067629275413
cycle= 68 E= -2581.39927968259  delta_E= 0.398  |g|=  5.5  |ddm|= 0.775
  HOMO = -0.172299681493196  LUMO = -0.165084874730702
cycle= 69 E= -2581.01332547285  delta_E= 0.386  |g|= 5.63  |ddm|= 0.47
  HOMO = 0.0283625567197995  LUMO = 0.0299355323145943
cycle= 70 E= -2453.3411249076  delta_E=  128  |g|= 18.5  |ddm|= 43.3
  HOMO = -0.0650866365097298  LUMO = -0.0338871576989814
cycle= 71 E= -2566.59653793131  delta_E= -113  |g|= 8.99  |ddm|= 41.4
  HOMO = -0.0540357054103279  LUMO = -0.0478931413255487
cycle= 72 E= -2581.38694342244  delta_E= -14.8  |g|= 5.46  |ddm|= 12.4
  HOMO = -0.186701440534928  LUMO = -0.173613979096511
cycle= 73 E= -2586.54808202015  delta_E= -5.16  |g|=  3.6  |ddm|= 4.72
  HOMO = -0.173067488045721  LUMO = -0.164505607028397
cycle= 74 E= -2585.2478370709  delta_E=  1.3  |g|= 4.31  |ddm|= 2.26
  HOMO = -0.174623849878224  LUMO = -0.158222381851148
cycle= 75 E= -2587.39063679035  delta_E= -2.14  |g|= 2.76  |ddm|= 2.31
  HOMO = -0.162655679838798  LUMO = -0.153416860319181
cycle= 76 E= -2582.21694790556  delta_E= 5.17  |g|= 5.41  |ddm|= 3.81
  HOMO = -0.174470339356952  LUMO = -0.17187665333549
cycle= 77 E= -2584.69543385725  delta_E= -2.48  |g|= 4.45  |ddm|= 2.46
  HOMO = -0.175005232906069  LUMO = -0.169282659850946
cycle= 78 E= -2584.91769956361  delta_E= -0.222  |g|= 4.38  |ddm|= 0.855
  HOMO = -0.175284860254617  LUMO = -0.169402499877412
cycle= 79 E= -2584.91111134369  delta_E= 0.00659  |g|= 4.39  |ddm|= 0.173
  HOMO = -0.150060229709203  LUMO = -0.0969742775437554
cycle= 80 E= -2588.56879924634  delta_E= -3.66  |g|= 0.989  |ddm|=  2.9
  HOMO = -0.105271013298704  LUMO = -0.0844193306275605
cycle= 81 E= -2588.1636608748  delta_E= 0.405  |g|= 1.49  |ddm|= 2.68
  HOMO = -0.134969361825484  LUMO = -0.0888046337658401
cycle= 82 E= -2588.74870900058  delta_E= -0.585  |g|= 0.503  |ddm|= 2.17
  HOMO = -0.140944541985849  LUMO = -0.0888840803957852
cycle= 83 E= -2588.81498578429  delta_E= -0.0663  |g|= 0.276  |ddm|= 0.764
  HOMO = -0.131915666128892  LUMO = -0.0872745653400975
cycle= 84 E= -2588.82898718034  delta_E= -0.014  |g|= 0.102  |ddm|= 0.321
  HOMO = -0.13561426815675  LUMO = -0.0866790017727668
cycle= 85 E= -2588.83084136041  delta_E= -0.00185  |g|= 0.0403  |ddm|= 0.128
  HOMO = -0.134960458606287  LUMO = -0.0869938838320244
cycle= 86 E= -2588.83122641756  delta_E= -0.000385  |g|= 0.00951  |ddm|= 0.0469
  HOMO = -0.134825880382369  LUMO = -0.0869606765760454
cycle= 87 E= -2588.83124424558  delta_E= -1.78e-05  |g|= 0.00395  |ddm|= 0.0132
  HOMO = -0.134582620412468  LUMO = -0.0869583916700662
cycle= 88 E= -2588.83124490041  delta_E= -6.55e-07  |g|= 0.00423  |ddm|= 0.00719
  HOMO = -0.134779410530581  LUMO = -0.0869876988412072
cycle= 89 E= -2588.83124788286  delta_E= -2.98e-06  |g|= 0.00189  |ddm|= 0.00489
  HOMO = -0.134700380051896  LUMO = -0.0869667581861217
cycle= 90 E= -2588.83124846038  delta_E= -5.78e-07  |g|= 0.000604  |ddm|= 0.00195
  HOMO = -0.134722558338107  LUMO = -0.0869712725737856
cycle= 91 E= -2588.83124850642  delta_E= -4.6e-08  |g|= 0.000357  |ddm|= 0.000902
  HOMO = -0.13472081745932  LUMO = -0.0869720287940902
cycle= 92 E= -2588.83124854129  delta_E= -3.49e-08  |g|= 8.72e-05  |ddm|= 0.000483
  HOMO = -0.13472278927534  LUMO = -0.086972522109917
cycle= 93 E= -2588.83124854186  delta_E= -5.69e-10  |g|= 8.33e-05  |ddm|= 0.000173
  HOMO = -0.134722773500313  LUMO = -0.0869718703294826
cycle= 94 E= -2588.83124854338  delta_E= -1.53e-09  |g|= 2.58e-05  |ddm|= 9.13e-05
  HOMO = -0.134722454845964  LUMO = -0.0869720916503336
cycle= 95 E= -2588.83124854349  delta_E= -1.02e-10  |g|= 1.51e-05  |ddm|= 3.09e-05
  HOMO = -0.134722216474149  LUMO = -0.086972029576817
cycle= 96 E= -2588.83124854352  delta_E= -3.91e-11  |g|= 7.96e-06  |ddm|= 2.06e-05
  HOMO = -0.134721979585653  LUMO = -0.0869720195995474
cycle= 97 E= -2588.83124854353  delta_E= -1.82e-12  |g|= 7.66e-06  |ddm|= 1.3e-05
  HOMO = -0.134722481222639  LUMO = -0.0869720746617011
cycle= 98 E= -2588.83124854353  delta_E= -6.37e-12  |g|= 7.4e-06  |ddm|= 1.18e-05
  HOMO = -0.13472217855785  LUMO = -0.0869720210189976
cycle= 99 E= -2588.83124854354  delta_E= -2.73e-12  |g|= 2.31e-06  |ddm|= 7.48e-06
  HOMO = -0.134722263623321  LUMO = -0.0869720394985294
cycle= 100 E= -2588.83124854354  delta_E= -3.64e-12  |g|= 1.77e-06  |ddm|= 3.38e-06
  HOMO = -0.134722236724203  LUMO = -0.08697204042092
cycle= 101 E= -2588.83124854353  delta_E= 9.09e-12  |g|= 6.21e-07  |ddm|= 2.53e-06
  HOMO = -0.134722265341803  LUMO = -0.0869720318225198
Extra cycle  E= -2588.83124854352  delta_E= 5.46e-12  |g|= 2.48e-06  |ddm|= 3.97e-06
converged SCF energy = -2588.83124854352
AOs:  [0, 1, 2, 3, 4, 5, 6, 7, 8, 9, 10, 11, 12, 13, 14, 15, 16, 17, 18, 19, 20, 21, 22, 23, 24, 25, 26, 27, 28, 29, 30, 31, 32, 33, 34, 35, 36, 37, 38, 39, 40, 41, 42, 43, 44, 45, 46, 47, 48, 49, 50, 51, 52, 53, 54, 55, 56, 57, 58, 59, 60, 61, 62, 63, 64, 65, 66, 67, 68, 69, 70, 71, 72, 73, 74, 75, 76, 77, 78, 79, 80, 81, 82, 83, 84, 85, 86, 87, 88, 89, 90, 91, 92, 93, 94, 95, 96, 97, 98, 99, 100, 101, 102, 103, 104, 105, 106, 107, 108, 109, 110, 111, 112, 113, 114, 115, 116, 117, 118, 119, 120, 121, 122, 123, 124, 125, 126, 127, 128]
129
Number of Active MOs:  44
Number of Environment MOs:  74
Number of Virtual MOs:  427
 # electrons:            α            β
         Env:  74.00000000  74.00000000
         Act:  44.00000000  44.00000000
         Vir:   0.00000000   0.00000000
Number of electrons in the active space:  88

 The density matrix is idempotent!

 The density matrix is idempotent!


******** <class 'pyscf.scf.hf.RHF'> ********
method = RHF
initial guess = minao
damping factor = 0
level_shift factor = 0
DIIS = <class 'pyscf.scf.diis.CDIIS'>
diis_start_cycle = 1
diis_space = 8
SCF conv_tol = 1e-09
SCF conv_tol_grad = 1e-06
SCF max_cycles = 200
direct_scf = True
direct_scf_tol = 1e-13
chkfile to save SCF result = subsys_scf.chk
max_memory 900000 MB (current use 89897 MB)
init E= 1548.47530852655
  HOMO = -0.336576798941478  LUMO = 0.063431149276564
cycle= 1 E= 1548.23576197857  delta_E= -0.24  |g|= 0.315  |ddm|= 1.48
  HOMO = -0.273529610683379  LUMO = 0.0687454751824012
cycle= 2 E= 1548.19738523105  delta_E= -0.0384  |g|= 0.174  |ddm|= 0.548
  HOMO = -0.35254229097071  LUMO = 0.0671564880280699
cycle= 3 E= 1548.18858024947  delta_E= -0.0088  |g|= 0.101  |ddm|= 0.342
  HOMO = -0.339959137986889  LUMO = 0.0679851092819637
cycle= 4 E= 1548.1855189688  delta_E= -0.00306  |g|= 0.0217  |ddm|= 0.162
  HOMO = -0.343929153313649  LUMO = 0.0679006748232284
cycle= 5 E= 1548.18539533923  delta_E= -0.000124  |g|= 0.00372  |ddm|= 0.0292
  HOMO = -0.344254678036526  LUMO = 0.0678514606105817
cycle= 6 E= 1548.18539011283  delta_E= -5.23e-06  |g|= 0.00176  |ddm|= 0.00576
  HOMO = -0.344146575726909  LUMO = 0.0678504590818998
cycle= 7 E= 1548.18538832164  delta_E= -1.79e-06  |g|= 0.00104  |ddm|= 0.00377
  HOMO = -0.344342956221612  LUMO = 0.0678593891711047
cycle= 8 E= 1548.18538744811  delta_E= -8.74e-07  |g|= 0.000742  |ddm|= 0.00176
  HOMO = -0.344437825800212  LUMO = 0.0678614737861093
cycle= 9 E= 1548.18538641683  delta_E= -1.03e-06  |g|= 0.000443  |ddm|= 0.00282
  HOMO = -0.344535046445675  LUMO = 0.067858173862393
cycle= 10 E= 1548.18538590933  delta_E= -5.08e-07  |g|= 0.000136  |ddm|= 0.00273
  HOMO = -0.344548535078945  LUMO = 0.0678585615262357
cycle= 11 E= 1548.18538586805  delta_E= -4.13e-08  |g|= 2.92e-05  |ddm|= 0.000953
  HOMO = -0.344550951390297  LUMO = 0.0678588140607484
cycle= 12 E= 1548.18538586752  delta_E= -5.3e-10  |g|= 7.3e-06  |ddm|= 0.000118
  HOMO = -0.344551525621177  LUMO = 0.0678588864237515
cycle= 13 E= 1548.18538586728  delta_E= -2.36e-10  |g|= 4.31e-06  |ddm|= 1.41e-05
  HOMO = -0.344551308180358  LUMO = 0.067858949796841
cycle= 14 E= 1548.185385867  delta_E= -2.79e-10  |g|= 2.86e-06  |ddm|= 8.71e-06
  HOMO = -0.344551798052714  LUMO = 0.0678589524514604
cycle= 15 E= 1548.18538586675  delta_E= -2.48e-10  |g|= 2.39e-06  |ddm|= 4.64e-06
  HOMO = -0.344551581708438  LUMO = 0.0678589622674254
cycle= 16 E= 1548.18538586652  delta_E= -2.29e-10  |g|= 1.84e-06  |ddm|= 5.75e-06
  HOMO = -0.344551777389352  LUMO = 0.0678589682812867
cycle= 17 E= 1548.18538586658  delta_E= 5.46e-11  |g|= 1.31e-06  |ddm|= 9.59e-06
  HOMO = -0.34455164900085  LUMO = 0.0678589616597702
cycle= 18 E= 1548.18538586683  delta_E= 2.46e-10  |g|= 9.95e-07  |ddm|= 5.9e-06
  HOMO = -0.344551703393763  LUMO = 0.0678589622383907
Extra cycle  E= 1548.18538586695  delta_E= 1.28e-10  |g|= 9.08e-07  |ddm|= 1.67e-06
converged SCF energy = 1548.18538586695
Difference in energy:  -2029.5999637492066
E(MP2) = 1546.75193138669  E_corr = -1.43345448026294
Total energy =  -2587.030332314557
time elapsed:  318.48440074920654
