

******** <class 'pyscf.dft.rks.RKS'> ********
method = RKS-RHF
initial guess = minao
damping factor = 0
level_shift factor = 0
DIIS = <class 'pyscf.scf.diis.CDIIS'>
diis_start_cycle = 1
diis_space = 8
SCF conv_tol = 1e-09
SCF conv_tol_grad = 1e-06
SCF max_cycles = 1000
direct_scf = True
direct_scf_tol = 1e-13
chkfile to save SCF result = scf.fchk
max_memory 900000 MB (current use 79 MB)
XC library pyscf.dft.libxc version 5.1.7
    S. Lehtola, C. Steigemann, M. J. Oliveira, and M. A. Marques, SoftwareX 7, 1 (2018)
XC functionals = pbe
    J. P. Perdew, K. Burke, and M. Ernzerhof, Phys. Rev. Lett. 77, 3865 (1996)
    J. P. Perdew, K. Burke, and M. Ernzerhof, Phys. Rev. Lett. 78, 1396 (1997)
    J. P. Perdew, K. Burke, and M. Ernzerhof, Phys. Rev. Lett. 77, 3865 (1996)
    J. P. Perdew, K. Burke, and M. Ernzerhof, Phys. Rev. Lett. 78, 1396 (1997)
small_rho_cutoff = 1e-07
init E= -2479.39981693459
  HOMO = -0.134878995983591  LUMO = -0.0691459258567035
cycle= 1 E= -2460.75331207072  delta_E= 18.6  |g|= 5.48  |ddm|= 10.3
  HOMO = -0.231775807630261  LUMO = -0.205622127636799
cycle= 2 E= -2322.76815184102  delta_E=  138  |g|= 18.9  |ddm|= 95.4
  HOMO = -0.164302643785799  LUMO = -0.160803233764503
cycle= 3 E= -2447.05311353122  delta_E= -124  |g|= 9.43  |ddm|= 71.8
  HOMO = -0.179545259260249  LUMO = -0.162341576348357
cycle= 4 E= -2465.18138164002  delta_E= -18.1  |g|=  6.2  |ddm|=   28
  HOMO = -0.153349547044167  LUMO = -0.152030215378835
cycle= 5 E= -2470.89975287946  delta_E= -5.72  |g|= 4.83  |ddm|= 3.77
  HOMO = -0.193731586590408  LUMO = -0.161792445858995
cycle= 6 E= -2468.23221922241  delta_E= 2.67  |g|= 5.42  |ddm|= 2.62
  HOMO = -0.19029899152505  LUMO = -0.163346481516363
cycle= 7 E= -2467.96738787893  delta_E= 0.265  |g|= 5.51  |ddm|= 0.278
  HOMO = -0.180561029135168  LUMO = -0.162247833294038
cycle= 8 E= -2467.9725977886  delta_E= -0.00521  |g|= 5.52  |ddm|= 0.67
  HOMO = -0.172477256813462  LUMO = -0.163127158598754
cycle= 9 E= -2467.58248322208  delta_E= 0.39  |g|= 5.64  |ddm|= 0.967
  HOMO = 0.0238375097061382  LUMO = 0.0259747927448696
cycle= 10 E= -2386.22387332841  delta_E= 81.4  |g|=   15  |ddm|= 21.1
  HOMO = -0.0833313472412769  LUMO = -0.0369288582929793
cycle= 11 E= -2458.86424610758  delta_E= -72.6  |g|=  5.9  |ddm|= 18.1
  HOMO = -0.209847563882123  LUMO = -0.171330174397818
cycle= 12 E= -2467.57772237128  delta_E= -8.71  |g|= 5.64  |ddm|= 9.24
  HOMO = -0.202937328933746  LUMO = -0.165662673916485
cycle= 13 E= -2466.33447704739  delta_E= 1.24  |g|= 5.99  |ddm|= 0.872
  HOMO = -0.193392700849017  LUMO = -0.156524516464688
cycle= 14 E= -2466.36081496389  delta_E= -0.0263  |g|= 5.98  |ddm|= 1.26
  HOMO = -0.181130008511846  LUMO = -0.138961096481236
cycle= 15 E= -2468.37626550616  delta_E= -2.02  |g|= 5.36  |ddm|=  1.9
  HOMO = -0.185647715831979  LUMO = -0.156598196550209
cycle= 16 E= -2467.26154045859  delta_E= 1.11  |g|= 5.74  |ddm|= 1.76
  HOMO = -0.210495142316983  LUMO = -0.171030231319845
cycle= 17 E= -2467.03293594738  delta_E= 0.229  |g|=  5.8  |ddm|= 0.858
  HOMO = -0.206188121629369  LUMO = -0.172510530263389
cycle= 18 E= -2466.97738569351  delta_E= 0.0556  |g|= 5.81  |ddm|= 0.492
  HOMO = -0.210010093000584  LUMO = -0.172364259176968
cycle= 19 E= -2466.44033284953  delta_E= 0.537  |g|= 5.96  |ddm|= 0.559
  HOMO = 0.0254894005140067  LUMO = 0.0331899899026263
cycle= 20 E= -2383.33628188193  delta_E= 83.1  |g|= 13.4  |ddm|= 25.4
  HOMO = -0.0655843950520431  LUMO = -0.0487936709859808
cycle= 21 E= -2459.77537833859  delta_E= -76.4  |g|=  5.4  |ddm|= 23.2
  HOMO = -0.158539279762219  LUMO = -0.151009788359266
cycle= 22 E= -2465.4646414051  delta_E= -5.69  |g|= 6.05  |ddm|= 8.22
  HOMO = -0.181749495004433  LUMO = -0.177610973170754
cycle= 23 E= -2468.99514902777  delta_E= -3.53  |g|= 5.12  |ddm|= 3.11
  HOMO = -0.160359245593184  LUMO = -0.138738827698539
cycle= 24 E= -2468.62700142556  delta_E= 0.368  |g|= 5.29  |ddm|= 2.13
  HOMO = -0.174078569593352  LUMO = -0.149768891227205
cycle= 25 E= -2468.66282705715  delta_E= -0.0358  |g|= 5.29  |ddm|= 1.47
  HOMO = -0.180001761100587  LUMO = -0.156085466464339
cycle= 26 E= -2468.56568612861  delta_E= 0.0971  |g|= 5.31  |ddm|= 0.788
  HOMO = -0.175249244038861  LUMO = -0.154381522671668
cycle= 27 E= -2468.74499439699  delta_E= -0.179  |g|= 5.25  |ddm|= 0.621
  HOMO = -0.15025151136854  LUMO = -0.148506839609277
cycle= 28 E= -2470.08844388016  delta_E= -1.34  |g|= 4.99  |ddm|= 1.47
  HOMO = -0.191520828005938  LUMO = -0.156161237527435
cycle= 29 E= -2468.48940353816  delta_E=  1.6  |g|= 5.33  |ddm|= 1.55
  HOMO = 0.031186217984499  LUMO = 0.0437809219448309
cycle= 30 E= -2357.40889982704  delta_E=  111  |g|= 14.1  |ddm|= 30.5
  HOMO = -0.0860124348231773  LUMO = -0.0433541463231
cycle= 31 E= -2459.58059428054  delta_E= -102  |g|= 5.81  |ddm|= 29.2
  HOMO = -0.164852780984921  LUMO = -0.15258387021319
cycle= 32 E= -2466.28242558325  delta_E= -6.7  |g|=    6  |ddm|= 9.09
  HOMO = -0.199646615302139  LUMO = -0.153811734858677
cycle= 33 E= -2466.91509661658  delta_E= -0.633  |g|= 5.84  |ddm|= 1.83
  HOMO = -0.19971982256011  LUMO = -0.155568686819241
cycle= 34 E= -2467.11122032739  delta_E= -0.196  |g|= 5.78  |ddm|= 0.53
  HOMO = -0.184549144594174  LUMO = -0.152387453292927
cycle= 35 E= -2467.01854822854  delta_E= 0.0927  |g|= 5.79  |ddm|= 0.972
  HOMO = -0.192747322247201  LUMO = -0.157596433318982
cycle= 36 E= -2467.38376073961  delta_E= -0.365  |g|= 5.69  |ddm|= 1.29
  HOMO = -0.196619009933815  LUMO = -0.152083607003696
cycle= 37 E= -2467.3276016094  delta_E= 0.0562  |g|= 5.72  |ddm|= 0.679
  HOMO = -0.202687267484942  LUMO = -0.152958358446019
cycle= 38 E= -2467.07417539839  delta_E= 0.253  |g|=  5.8  |ddm|= 0.619
  HOMO = -0.203449935511137  LUMO = -0.153686120425092
cycle= 39 E= -2467.03032557025  delta_E= 0.0438  |g|= 5.81  |ddm|= 0.0779
  HOMO = 0.00529000220622323  LUMO = 0.0069188110769473
cycle= 40 E= -2371.61759307502  delta_E= 95.4  |g|= 13.3  |ddm|= 26.7
  HOMO = -0.0850082203857998  LUMO = -0.072984437756667
cycle= 41 E= -2460.79589064258  delta_E= -89.2  |g|= 5.28  |ddm|= 24.9
  HOMO = -0.18408012155296  LUMO = -0.140434730088167
cycle= 42 E= -2463.96473788479  delta_E= -3.17  |g|= 6.25  |ddm|= 8.14
  HOMO = -0.182197517572997  LUMO = -0.160756626859292
cycle= 43 E= -2466.98941433134  delta_E= -3.02  |g|= 5.79  |ddm|= 3.24
  HOMO = -0.171845847029619  LUMO = -0.16257211893906
cycle= 44 E= -2466.79575066579  delta_E= 0.194  |g|= 5.88  |ddm|= 1.54
  HOMO = -0.171035754459924  LUMO = -0.168214818875419
cycle= 45 E= -2467.09019178305  delta_E= -0.294  |g|=  5.8  |ddm|= 1.02
  HOMO = -0.173628537357605  LUMO = -0.157876726270357
cycle= 46 E= -2466.94727877652  delta_E= 0.143  |g|= 5.86  |ddm|= 1.24
  HOMO = -0.167222622813728  LUMO = -0.165227877634519
cycle= 47 E= -2466.96059549421  delta_E= -0.0133  |g|= 5.83  |ddm|= 1.25
  HOMO = -0.167066633301762  LUMO = -0.16507131610208
cycle= 48 E= -2467.16589607055  delta_E= -0.205  |g|= 5.77  |ddm|= 0.677
  HOMO = -0.176726056399846  LUMO = -0.165435513702396
cycle= 49 E= -2466.87132633748  delta_E= 0.295  |g|= 5.86  |ddm|= 0.712
  HOMO = 0.0374635986567088  LUMO = 0.041761164823518
cycle= 50 E= -2322.45710244109  delta_E=  144  |g|= 13.8  |ddm|= 33.2
  HOMO = -0.114310759780969  LUMO = -0.0844675647859077
cycle= 51 E= -2458.37892942194  delta_E= -136  |g|= 6.89  |ddm|= 32.6
  HOMO = -0.180260309328666  LUMO = -0.140906847729388
cycle= 52 E= -2466.6263368492  delta_E= -8.25  |g|= 5.93  |ddm|= 10.6
  HOMO = -0.198371042028665  LUMO = -0.150910752944334
cycle= 53 E= -2467.05728635291  delta_E= -0.431  |g|=  5.8  |ddm|=  1.2
  HOMO = -0.183357393409805  LUMO = -0.154573142659052
cycle= 54 E= -2466.8054471675  delta_E= 0.252  |g|= 5.86  |ddm|= 0.947
  HOMO = -0.191837365998198  LUMO = -0.151996779257746
cycle= 55 E= -2466.68582792847  delta_E= 0.12  |g|= 5.92  |ddm|= 0.709
  HOMO = -0.19269302079909  LUMO = -0.152081043395596
cycle= 56 E= -2466.73266953932  delta_E= -0.0468  |g|=  5.9  |ddm|= 0.383
  HOMO = -0.19078279853983  LUMO = -0.151861895071809
cycle= 57 E= -2466.84386980936  delta_E= -0.111  |g|= 5.87  |ddm|= 0.637
  HOMO = -0.197496890061456  LUMO = -0.158824051602658
cycle= 58 E= -2466.70268790029  delta_E= 0.141  |g|= 5.91  |ddm|= 0.834
  HOMO = -0.157766086916894  LUMO = -0.136446120532899
cycle= 59 E= -2468.07507565597  delta_E= -1.37  |g|= 5.52  |ddm|= 1.76
  HOMO = -0.0111752872342836  LUMO = 0.000806781387104577
cycle= 60 E= -2385.572979735  delta_E= 82.5  |g|= 11.9  |ddm|= 20.1
  HOMO = -0.0755620325194308  LUMO = -0.0570722184620001
cycle= 61 E= -2461.61415925258  delta_E=  -76  |g|= 4.99  |ddm|= 18.3
  HOMO = -0.146835597845146  LUMO = -0.13726372926946
cycle= 62 E= -2461.44387602829  delta_E= 0.17  |g|=  6.9  |ddm|= 8.75
  HOMO = -0.184743286341055  LUMO = -0.177654946125969
cycle= 63 E= -2466.5541112874  delta_E= -5.11  |g|= 5.95  |ddm|= 3.86
  HOMO = -0.180835987668767  LUMO = -0.172252184851904
cycle= 64 E= -2466.35775000302  delta_E= 0.196  |g|= 5.95  |ddm|= 2.04
  HOMO = -0.174648988886892  LUMO = -0.169248566666817
cycle= 65 E= -2466.54466283554  delta_E= -0.187  |g|= 5.95  |ddm|= 2.03
  HOMO = -0.173698380171021  LUMO = -0.170786942904433
cycle= 66 E= -2466.67362348533  delta_E= -0.129  |g|= 5.92  |ddm|= 0.481
  HOMO = -0.169977375313523  LUMO = -0.165868144733658
cycle= 67 E= -2466.39474627084  delta_E= 0.279  |g|= 5.95  |ddm|= 1.83
  HOMO = -0.180351783993708  LUMO = -0.160274889537828
cycle= 68 E= -2466.39910714118  delta_E= -0.00436  |g|= 6.01  |ddm|= 1.96
  HOMO = -0.178028231828313  LUMO = -0.161860741590399
cycle= 69 E= -2466.60586525071  delta_E= -0.207  |g|= 5.95  |ddm|= 0.301
  HOMO = 0.0118903948774629  LUMO = 0.0229691662298257
cycle= 70 E= -2336.32629142502  delta_E=  130  |g|= 14.1  |ddm|= 27.8
  HOMO = -0.124501812110559  LUMO = -0.077640261330543
cycle= 71 E= -2457.94400248965  delta_E= -122  |g|= 7.14  |ddm|= 26.4
  HOMO = -0.16178690936544  LUMO = -0.160536183780293
cycle= 72 E= -2467.01009583197  delta_E= -9.07  |g|= 5.69  |ddm|= 10.5
  HOMO = -0.173670296718279  LUMO = -0.167363831720315
cycle= 73 E= -2468.63720957589  delta_E= -1.63  |g|= 5.32  |ddm|= 2.43
  HOMO = -0.176286939709239  LUMO = -0.168574206093613
cycle= 74 E= -2468.28721652293  delta_E= 0.35  |g|= 5.44  |ddm|= 1.34
  HOMO = -0.177767180735854  LUMO = -0.16993928632981
cycle= 75 E= -2468.35682409442  delta_E= -0.0696  |g|= 5.42  |ddm|= 0.423
  HOMO = -0.172624849781986  LUMO = -0.144453901070716
cycle= 76 E= -2466.0782031825  delta_E= 2.28  |g|= 5.72  |ddm|= 2.78
  HOMO = -0.166659822088508  LUMO = -0.157563028776044
cycle= 77 E= -2468.35903350356  delta_E= -2.28  |g|= 5.39  |ddm|=  2.9
  HOMO = -0.185618791465242  LUMO = -0.163777612589727
cycle= 78 E= -2468.63330723526  delta_E= -0.274  |g|= 5.31  |ddm|= 1.01
  HOMO = -0.154607595355265  LUMO = -0.135417928374796
cycle= 79 E= -2471.46876332924  delta_E= -2.84  |g|= 4.66  |ddm|= 2.77
  HOMO = 0.0169505392149715  LUMO = 0.0291453571371826
cycle= 80 E= -2376.48135123762  delta_E=   95  |g|=   14  |ddm|= 26.3
  HOMO = -0.0941339106711063  LUMO = -0.076300079778038
cycle= 81 E= -2460.0410913651  delta_E= -83.6  |g|= 5.66  |ddm|= 24.7
  HOMO = -0.159918056931394  LUMO = -0.144484670292923
cycle= 82 E= -2464.97267318526  delta_E= -4.93  |g|= 6.13  |ddm|= 8.85
  HOMO = -0.173062190917258  LUMO = -0.16099592164364
cycle= 83 E= -2467.36423130034  delta_E= -2.39  |g|= 5.72  |ddm|= 2.53
  HOMO = -0.169686997208621  LUMO = -0.168373804614641
cycle= 84 E= -2467.31481694147  delta_E= 0.0494  |g|= 5.72  |ddm|=  1.3
  HOMO = -0.173914702668919  LUMO = -0.171521398522865
cycle= 85 E= -2466.81396719679  delta_E= 0.501  |g|= 5.82  |ddm|= 1.86
  HOMO = -0.176767328636078  LUMO = -0.165306562743273
cycle= 86 E= -2467.10298582512  delta_E= -0.289  |g|=  5.8  |ddm|= 1.89
  HOMO = -0.167405028253837  LUMO = -0.164013509460975
cycle= 87 E= -2467.08575520285  delta_E= 0.0172  |g|= 5.73  |ddm|= 1.88
  HOMO = -0.166974093799753  LUMO = -0.1608234018656
cycle= 88 E= -2466.85221389863  delta_E= 0.234  |g|= 5.89  |ddm|= 2.42
  HOMO = -0.167520444520545  LUMO = -0.165617345075857
cycle= 89 E= -2467.19760867228  delta_E= -0.345  |g|= 5.79  |ddm|= 1.24
  HOMO = 0.0406561369186877  LUMO = 0.0438950777189745
cycle= 90 E= -2326.88316161965  delta_E=  140  |g|= 14.8  |ddm|= 35.2
  HOMO = -0.100533634346682  LUMO = -0.0966078924710783
cycle= 91 E= -2457.04689143204  delta_E= -130  |g|= 7.49  |ddm|= 34.4
  HOMO = -0.157866459364208  LUMO = -0.149013441416749
cycle= 92 E= -2468.1853774705  delta_E= -11.1  |g|= 5.37  |ddm|= 11.2
  HOMO = -0.157768440496618  LUMO = -0.155816678907889
cycle= 93 E= -2469.06712303382  delta_E= -0.882  |g|= 5.17  |ddm|= 1.94
  HOMO = -0.160695488956149  LUMO = -0.155323362708059
cycle= 94 E= -2469.056940596  delta_E= 0.0102  |g|= 5.17  |ddm|= 0.936
  HOMO = -0.152195606341928  LUMO = -0.149406654511241
cycle= 95 E= -2469.24435239813  delta_E= -0.187  |g|=  5.1  |ddm|= 0.541
  HOMO = -0.163283037425057  LUMO = -0.161079319300882
cycle= 96 E= -2469.30830563188  delta_E= -0.064  |g|= 5.11  |ddm|= 0.799
  HOMO = -0.165903898648536  LUMO = -0.15672431906696
cycle= 97 E= -2472.17642541382  delta_E= -2.87  |g|= 4.23  |ddm|= 2.75
  HOMO = -0.182136723149598  LUMO = -0.160332519266344
cycle= 98 E= -2468.76969154624  delta_E= 3.41  |g|= 5.25  |ddm|= 2.95
  HOMO = -0.154187387624356  LUMO = -0.15029627580863
cycle= 99 E= -2471.97489956811  delta_E= -3.21  |g|= 4.38  |ddm|= 2.66
  HOMO = 0.0362586884474494  LUMO = 0.039021226354037
cycle= 100 E= -2365.30996035738  delta_E=  107  |g|= 13.8  |ddm|= 28.4
  HOMO = -0.0917875680639412  LUMO = -0.0650767990023706
cycle= 101 E= -2460.56703485439  delta_E= -95.3  |g|= 5.39  |ddm|= 27.3
  HOMO = -0.165465470911886  LUMO = -0.145672306368755
cycle= 102 E= -2465.73937977317  delta_E= -5.17  |g|= 6.16  |ddm|= 8.66
  HOMO = -0.16871740038581  LUMO = -0.145807407041643
cycle= 103 E= -2466.38597580579  delta_E= -0.647  |g|= 5.98  |ddm|= 1.14
  HOMO = -0.169102500754653  LUMO = -0.14797138444209
cycle= 104 E= -2466.2814828995  delta_E= 0.104  |g|= 6.01  |ddm|= 0.758
  HOMO = -0.167127053033903  LUMO = -0.148200492658654
cycle= 105 E= -2466.20067367257  delta_E= 0.0808  |g|= 6.03  |ddm|= 0.282
  HOMO = -0.198851724796672  LUMO = -0.150389487666536
cycle= 106 E= -2466.4481250512  delta_E= -0.247  |g|= 5.97  |ddm|= 1.14
  HOMO = -0.180499733968816  LUMO = -0.149248548841367
cycle= 107 E= -2466.61321195479  delta_E= -0.165  |g|= 5.92  |ddm|= 0.738
  HOMO = -0.175123566126326  LUMO = -0.144186426823771
cycle= 108 E= -2466.16731323056  delta_E= 0.446  |g|= 6.07  |ddm|= 1.21
  HOMO = -0.168772520104016  LUMO = -0.141097776254309
cycle= 109 E= -2466.45775505866  delta_E= -0.29  |g|= 5.99  |ddm|= 0.318
  HOMO = 0.0130087278501444  LUMO = 0.0252867210925797
cycle= 110 E= -2379.05423714376  delta_E= 87.4  |g|= 13.3  |ddm|= 26.3
  HOMO = -0.0976340522522244  LUMO = -0.0468751370989898
cycle= 111 E= -2460.03340280051  delta_E=  -81  |g|= 5.64  |ddm|= 23.8
  HOMO = -0.176023918783611  LUMO = -0.154762867398867
cycle= 112 E= -2466.44832648628  delta_E= -6.41  |g|= 5.95  |ddm|= 8.62
  HOMO = -0.184369477197464  LUMO = -0.148037406771589
cycle= 113 E= -2467.35940533465  delta_E= -0.911  |g|= 5.71  |ddm|= 1.52
  HOMO = -0.176073703827513  LUMO = -0.145477784408418
cycle= 114 E= -2467.45878904299  delta_E= -0.0994  |g|= 5.68  |ddm|= 0.808
  HOMO = -0.179208596257495  LUMO = -0.147190387242613
cycle= 115 E= -2467.40943161958  delta_E= 0.0494  |g|= 5.69  |ddm|= 0.841
  HOMO = -0.190408060297395  LUMO = -0.161582784213261
cycle= 116 E= -2468.03886654684  delta_E= -0.629  |g|= 5.42  |ddm|= 1.54
  HOMO = -0.173351856741783  LUMO = -0.133287630677411
cycle= 117 E= -2467.42758235114  delta_E= 0.611  |g|= 5.71  |ddm|= 2.05
  HOMO = -0.158433154731572  LUMO = -0.140554119326262
cycle= 118 E= -2467.28289481933  delta_E= 0.145  |g|=  5.7  |ddm|= 1.74
  HOMO = -0.192556564055075  LUMO = -0.151606684770464
cycle= 119 E= -2467.12695578742  delta_E= 0.156  |g|= 5.79  |ddm|= 1.49
  HOMO = 0.0329498510009981  LUMO = 0.0419700019735501
cycle= 120 E= -2339.16595002817  delta_E=  128  |g|= 16.1  |ddm|= 32.4
  HOMO = -0.0880338231037252  LUMO = -0.0610894495806164
cycle= 121 E= -2454.65240707695  delta_E= -115  |g|=    8  |ddm|= 32.4
  HOMO = -0.144352761035827  LUMO = -0.102315847070316
cycle= 122 E= -2475.39043410358  delta_E= -20.7  |g|= 1.12  |ddm|= 12.5
  HOMO = -0.16282265862169  LUMO = -0.149775675427922
cycle= 123 E= -2472.39209147058  delta_E=    3  |g|= 3.96  |ddm|= 3.68
  HOMO = -0.168797303736673  LUMO = -0.146255921170259
cycle= 124 E= -2474.50663518298  delta_E= -2.11  |g|= 2.45  |ddm|= 1.48
  HOMO = -0.132756123196932  LUMO = -0.100909411876088
cycle= 125 E= -2475.19327438266  delta_E= -0.687  |g|= 1.35  |ddm|= 2.01
  HOMO = -0.169937370950364  LUMO = -0.140734452186377
cycle= 126 E= -2475.03981994751  delta_E= 0.153  |g|= 1.94  |ddm|= 2.49
  HOMO = -0.169690083388622  LUMO = -0.139154042884709
cycle= 127 E= -2475.05111086421  delta_E= -0.0113  |g|= 1.97  |ddm|= 0.286
  HOMO = -0.171297161164525  LUMO = -0.144459787970787
cycle= 128 E= -2474.87142718547  delta_E= 0.18  |g|= 2.24  |ddm|= 0.439
  HOMO = -0.173530499332536  LUMO = -0.143428981649102
cycle= 129 E= -2475.10394628893  delta_E= -0.233  |g|= 1.88  |ddm|= 0.431
  HOMO = -0.0817066596940425  LUMO = -0.0760071655110703
cycle= 130 E= -2474.10696365363  delta_E= 0.997  |g|= 2.99  |ddm|=  2.8
  HOMO = -0.144312903005203  LUMO = -0.108710573123224
cycle= 131 E= -2475.65314887323  delta_E= -1.55  |g|= 0.527  |ddm|=  2.2
  HOMO = -0.137344232029202  LUMO = -0.101041310018854
cycle= 132 E= -2475.69406912909  delta_E= -0.0409  |g|= 0.365  |ddm|= 0.701
  HOMO = -0.135356130027899  LUMO = -0.0973118800495486
cycle= 133 E= -2475.71917749634  delta_E= -0.0251  |g|= 0.163  |ddm|= 0.378
  HOMO = -0.12949993229885  LUMO = -0.0908633872546859
cycle= 134 E= -2475.72167406688  delta_E= -0.0025  |g|= 0.13  |ddm|= 0.243
  HOMO = -0.132510294042381  LUMO = -0.0944954280959175
cycle= 135 E= -2475.72488928485  delta_E= -0.00322  |g|= 0.0274  |ddm|= 0.125
  HOMO = -0.132209360078515  LUMO = -0.0941231979636815
cycle= 136 E= -2475.72508972308  delta_E= -0.0002  |g|= 0.00587  |ddm|= 0.0362
  HOMO = -0.132244541004983  LUMO = -0.0941563587640039
cycle= 137 E= -2475.72509866009  delta_E= -8.94e-06  |g|= 0.00273  |ddm|= 0.00925
  HOMO = -0.132195074197898  LUMO = -0.0940844725949988
cycle= 138 E= -2475.72509950861  delta_E= -8.49e-07  |g|= 0.00206  |ddm|= 0.00452
  HOMO = -0.132398272833081  LUMO = -0.0942721595783038
cycle= 139 E= -2475.72509606635  delta_E= 3.44e-06  |g|= 0.00472  |ddm|= 0.00561
  HOMO = -0.132237079619346  LUMO = -0.0941307088273617
cycle= 140 E= -2475.72510069426  delta_E= -4.63e-06  |g|= 0.00025  |ddm|= 0.00443
  HOMO = -0.132237640742943  LUMO = -0.0941309399599298
cycle= 141 E= -2475.7251006874  delta_E= 6.86e-09  |g|= 0.000263  |ddm|= 0.000495
  HOMO = -0.132240087470047  LUMO = -0.0941329874578802
cycle= 142 E= -2475.72510069884  delta_E= -1.14e-08  |g|= 0.000206  |ddm|= 0.000475
  HOMO = -0.13223761166289  LUMO = -0.0941311946821218
cycle= 143 E= -2475.72510070585  delta_E= -7.02e-09  |g|= 0.00015  |ddm|= 0.000251
  HOMO = -0.132243896099559  LUMO = -0.0941365130700827
cycle= 144 E= -2475.72510070798  delta_E= -2.12e-09  |g|= 0.000101  |ddm|= 0.000194
  HOMO = -0.132242996710558  LUMO = -0.0941355212362889
cycle= 145 E= -2475.72510070787  delta_E= 1.05e-10  |g|= 0.000105  |ddm|= 0.000142
  HOMO = -0.132241685906124  LUMO = -0.0941347636651683
cycle= 146 E= -2475.72510071006  delta_E= -2.18e-09  |g|= 2.84e-05  |ddm|= 0.000112
  HOMO = -0.132241181473915  LUMO = -0.0941341192912789
cycle= 147 E= -2475.72510071021  delta_E= -1.56e-10  |g|= 1.8e-05  |ddm|= 4.34e-05
  HOMO = -0.132242113218789  LUMO = -0.0941350393946115
cycle= 148 E= -2475.72510071021  delta_E= 1.82e-12  |g|= 2.14e-05  |ddm|= 3.18e-05
  HOMO = -0.132240135563227  LUMO = -0.0941333147759474
cycle= 149 E= -2475.72510070984  delta_E= 3.72e-10  |g|= 4.7e-05  |ddm|= 5.65e-05
  HOMO = -0.132241253933581  LUMO = -0.0941342450246234
cycle= 150 E= -2475.72510071029  delta_E= -4.47e-10  |g|= 7.13e-06  |ddm|= 4.24e-05
  HOMO = -0.13224134801397  LUMO = -0.0941343279945235
cycle= 151 E= -2475.7251007103  delta_E= -1.27e-11  |g|= 5.59e-06  |ddm|= 1.26e-05
  HOMO = -0.13224126434273  LUMO = -0.0941342695000888
cycle= 152 E= -2475.7251007103  delta_E= 3.64e-12  |g|= 4.61e-06  |ddm|= 8.55e-06
  HOMO = -0.132241478812056  LUMO = -0.0941344430915545
cycle= 153 E= -2475.72510071031  delta_E= -1.27e-11  |g|= 4.73e-06  |ddm|= 7.06e-06
  HOMO = -0.132241377260013  LUMO = -0.0941343548072242
cycle= 154 E= -2475.72510071029  delta_E= 1.64e-11  |g|= 1.48e-06  |ddm|= 4.22e-06
  HOMO = -0.132241349039113  LUMO = -0.0941343420346259
cycle= 155 E= -2475.72510071031  delta_E= -1.46e-11  |g|= 1.59e-06  |ddm|= 2.93e-06
  HOMO = -0.13224133583533  LUMO = -0.0941343202900392
cycle= 156 E= -2475.72510071031  delta_E=    0  |g|= 1.28e-06  |ddm|= 2.46e-06
  HOMO = -0.132241388645541  LUMO = -0.0941343724100967
cycle= 157 E= -2475.72510071031  delta_E= -3.64e-12  |g|= 7.63e-07  |ddm|= 1.85e-06
  HOMO = -0.132241132520134  LUMO = -0.0941341420878439
Extra cycle  E= -2475.72510071031  delta_E= 3.64e-12  |g|= 6.46e-06  |ddm|= 6.42e-06
converged SCF energy = -2475.72510071031
AOs:  [0, 1, 2, 3, 4, 5, 6, 7, 8, 9, 10, 11, 12, 13, 14, 15, 16, 17, 18, 19, 20, 21, 22, 23, 24, 25, 26, 27, 28, 29, 30, 31, 32, 33, 34, 35, 36, 37, 38, 39, 40, 41, 42, 43, 44, 45, 46, 47, 48, 49, 50, 51, 52, 53, 54, 55, 56, 57, 58, 59, 60, 61, 62, 63, 64, 65, 66, 67, 68, 69, 70, 71, 72, 73, 74, 75, 76, 77, 78, 79, 80, 81, 82, 83, 84, 85, 86, 87, 88, 89, 90, 91, 92, 93, 94, 95, 96, 97, 98, 99, 100]
101
Number of Active MOs:  37
Number of Environment MOs:  74
Number of Virtual MOs:  406
 # electrons:            α            β
         Env:  74.00000000  74.00000000
         Act:  37.00000000  37.00000000
         Vir:  -0.00000000  -0.00000000
Number of electrons in the active space:  74

 The density matrix is idempotent!

 The density matrix is idempotent!


******** <class 'pyscf.scf.hf.RHF'> ********
method = RHF
initial guess = minao
damping factor = 0
level_shift factor = 0
DIIS = <class 'pyscf.scf.diis.CDIIS'>
diis_start_cycle = 1
diis_space = 8
SCF conv_tol = 1e-09
SCF conv_tol_grad = 1e-06
SCF max_cycles = 200
direct_scf = True
direct_scf_tol = 1e-13
chkfile to save SCF result = subsys_scf.chk
max_memory 900000 MB (current use 73002 MB)
init E= 1431.71976517248
  HOMO = -0.329815237026587  LUMO = 0.0646399439125457
cycle= 1 E= 1431.4939001158  delta_E= -0.226  |g|= 0.296  |ddm|= 1.42
  HOMO = -0.273708803346633  LUMO = 0.0678967322133432
cycle= 2 E= 1431.45533177089  delta_E= -0.0386  |g|= 0.149  |ddm|= 0.53
  HOMO = -0.351094027211647  LUMO = 0.0675729017403561
cycle= 3 E= 1431.44753781085  delta_E= -0.00779  |g|= 0.0925  |ddm|= 0.338
  HOMO = -0.335273921279997  LUMO = 0.0680231545675739
cycle= 4 E= 1431.44487355533  delta_E= -0.00266  |g|= 0.0217  |ddm|= 0.165
  HOMO = -0.340872328124614  LUMO = 0.0679557037752345
cycle= 5 E= 1431.44476559497  delta_E= -0.000108  |g|= 0.00347  |ddm|= 0.0306
  HOMO = -0.340813058738105  LUMO = 0.0678657262172095
cycle= 6 E= 1431.44475999228  delta_E= -5.6e-06  |g|= 0.00163  |ddm|= 0.00603
  HOMO = -0.340933012851723  LUMO = 0.0678730499030962
cycle= 7 E= 1431.44475760118  delta_E= -2.39e-06  |g|= 0.00102  |ddm|= 0.00389
  HOMO = -0.341122859552076  LUMO = 0.0678813059681975
cycle= 8 E= 1431.44475563005  delta_E= -1.97e-06  |g|= 0.000651  |ddm|= 0.00389
  HOMO = -0.341262687072932  LUMO = 0.0678735908455787
cycle= 9 E= 1431.44475442309  delta_E= -1.21e-06  |g|= 0.000218  |ddm|= 0.00425
  HOMO = -0.341297175435235  LUMO = 0.0678770435600154
cycle= 10 E= 1431.44475431486  delta_E= -1.08e-07  |g|= 5.8e-05  |ddm|= 0.00145
  HOMO = -0.341299521331332  LUMO = 0.0678775201665258
cycle= 11 E= 1431.44475431208  delta_E= -2.78e-09  |g|= 1.58e-05  |ddm|= 0.000221
  HOMO = -0.341301964383067  LUMO = 0.0678777194892589
cycle= 12 E= 1431.44475431206  delta_E= -1.23e-11  |g|= 7.61e-06  |ddm|= 4.88e-05
  HOMO = -0.341301969095039  LUMO = 0.0678777938714713
cycle= 13 E= 1431.44475431224  delta_E= 1.8e-10  |g|= 5.63e-06  |ddm|= 1.96e-05
  HOMO = -0.341302670562156  LUMO = 0.0678778073851277
cycle= 14 E= 1431.44475431194  delta_E= -3.08e-10  |g|= 5.02e-06  |ddm|= 1e-05
  HOMO = -0.341302337007836  LUMO = 0.0678778182203622
cycle= 15 E= 1431.44475431182  delta_E= -1.19e-10  |g|= 4.25e-06  |ddm|= 1.61e-05
  HOMO = -0.341302525282512  LUMO = 0.0678778236334577
cycle= 16 E= 1431.44475431124  delta_E= -5.76e-10  |g|= 2.57e-06  |ddm|= 4.27e-05
  HOMO = -0.341302360093956  LUMO = 0.0678778184040415
cycle= 17 E= 1431.44475431219  delta_E= 9.47e-10  |g|= 1.7e-06  |ddm|= 2.92e-05
  HOMO = -0.341302382726353  LUMO = 0.0678778125800986
cycle= 18 E= 1431.44475431213  delta_E= -5.57e-11  |g|= 1.28e-06  |ddm|= 1.13e-05
  HOMO = -0.341302326025478  LUMO = 0.0678778092577068
cycle= 19 E= 1431.44475431141  delta_E= -7.26e-10  |g|= 7.01e-07  |ddm|= 1.13e-05
  HOMO = -0.341302376518886  LUMO = 0.0678778111281917
Extra cycle  E= 1431.44475431171  delta_E= 3.04e-10  |g|= 5.79e-07  |ddm|= 1.44e-06
converged SCF energy = 1431.44475431171
Difference in energy:  -1741.0017046215319
E(MP2) = 1430.31756887736  E_corr = -1.12718543434677
Total energy =  -2474.077825650603
time elapsed:  355.3191304206848
