

******** <class 'pyscf.scf.hf.RHF'> ********
method = RHF
initial guess = minao
damping factor = 0
level_shift factor = 0
DIIS = <class 'pyscf.scf.diis.CDIIS'>
diis_start_cycle = 1
diis_space = 8
SCF conv_tol = 1e-09
SCF conv_tol_grad = 1e-05
SCF max_cycles = 1000
direct_scf = True
direct_scf_tol = 1e-13
chkfile to save SCF result = scf.fchk
max_memory 900000 MB (current use 79 MB)
init E= -582.330909064378
  HOMO = -0.270536488870323  LUMO = 0.0121710644215485
cycle= 1 E= -580.033186202491  delta_E=  2.3  |g|= 0.951  |ddm|= 5.16
  HOMO = -0.290349271583531  LUMO = 0.0650619117539365
cycle= 2 E= -580.211101200698  delta_E= -0.178  |g|= 0.606  |ddm|= 1.15
  HOMO = -0.410997315098854  LUMO = 0.116937925813202
cycle= 3 E= -580.27955192202  delta_E= -0.0685  |g|= 0.136  |ddm|= 0.527
  HOMO = -0.408142428659383  LUMO = 0.13093640945671
cycle= 4 E= -580.284588509054  delta_E= -0.00504  |g|= 0.0503  |ddm|= 0.141
  HOMO = -0.409355980119259  LUMO = 0.128111281623755
cycle= 5 E= -580.285126105321  delta_E= -0.000538  |g|= 0.00986  |ddm|= 0.0518
  HOMO = -0.411870990710967  LUMO = 0.128012375841498
cycle= 6 E= -580.28517388765  delta_E= -4.78e-05  |g|= 0.00382  |ddm|= 0.0173
  HOMO = -0.411853966105517  LUMO = 0.128523451587068
cycle= 7 E= -580.285184404237  delta_E= -1.05e-05  |g|= 0.00159  |ddm|= 0.00978
  HOMO = -0.412202870080183  LUMO = 0.128491322101215
cycle= 8 E= -580.285186138545  delta_E= -1.73e-06  |g|= 0.000442  |ddm|= 0.00425
  HOMO = -0.412220996604478  LUMO = 0.128500681835448
cycle= 9 E= -580.285186272856  delta_E= -1.34e-07  |g|= 8.91e-05  |ddm|= 0.00116
  HOMO = -0.412213287994529  LUMO = 0.12850717327498
cycle= 10 E= -580.285186277763  delta_E= -4.91e-09  |g|= 3.22e-05  |ddm|= 0.000172
  HOMO = -0.412216110223564  LUMO = 0.128499557164729
cycle= 11 E= -580.285186278203  delta_E= -4.4e-10  |g|= 8.08e-06  |ddm|= 4.75e-05
  HOMO = -0.4122151786522  LUMO = 0.128501194529281
Extra cycle  E= -580.285186278237  delta_E= -3.32e-11  |g|= 4.07e-06  |ddm|= 1.31e-05
converged SCF energy = -580.285186278237
AOs:  [0, 1, 2, 3, 4, 5, 6, 7, 8, 9, 10, 11, 12, 13, 14, 15, 16, 17, 18, 19, 20, 21, 22, 23, 24, 25, 26, 27, 28, 29, 30, 31, 32, 33, 34, 35, 36, 37, 38, 39, 40, 41, 42, 43, 44, 45, 46, 47, 48, 49, 50, 51, 52, 53, 54, 55, 56, 57, 58, 59, 60, 61, 62, 63, 64, 65, 66, 67, 68, 69, 70, 71, 72, 73, 74, 75, 76, 77, 78, 79, 80, 81, 82, 83, 84, 85, 86, 87, 88, 89, 90, 91, 92, 93, 94, 95, 96, 97, 98, 99, 100, 101, 102, 103, 104, 105, 106, 107, 108, 109, 110, 111, 112, 113, 114, 115, 116, 117, 118, 119, 120, 121, 122, 123, 124, 125, 126, 127, 128, 129, 130, 131, 132, 133, 134, 135, 136, 137, 138, 139, 140, 141, 142, 143, 144, 145, 146, 147, 148, 149, 150, 151, 152, 153, 154, 155, 156]
157
Number of Active MOs:  33
Number of Environment MOs:  20
Number of Virtual MOs:  249
 # electrons:            α            β
         Env:  20.00000000  20.00000000
         Act:  33.00000000  33.00000000
         Vir:   0.00000000   0.00000000
Number of electrons in the active space:  66

 The density matrix is idempotent!

 The density matrix is idempotent!


******** <class 'pyscf.scf.hf.RHF'> ********
method = RHF
initial guess = minao
damping factor = 0
level_shift factor = 0
DIIS = <class 'pyscf.scf.diis.CDIIS'>
diis_start_cycle = 1
diis_space = 8
SCF conv_tol = 1e-09
SCF conv_tol_grad = 1e-05
SCF max_cycles = 200
direct_scf = True
direct_scf_tol = 1e-13
chkfile to save SCF result = subsys_scf.chk
max_memory 900000 MB (current use 8559 MB)
init E= 21.0921425065758
  HOMO = -0.413999253904253  LUMO = 0.128500206769291
cycle= 1 E= 21.0921416931669  delta_E= -8.13e-07  |g|= 2.26e-06  |ddm|= 6.49e-06
  HOMO = -0.41399915238499  LUMO = 0.128500572140725
cycle= 2 E= 21.0921416931999  delta_E= 3.3e-11  |g|= 1.4e-06  |ddm|= 4.03e-06
  HOMO = -0.413999187918485  LUMO = 0.128500389052689
Extra cycle  E= 21.0921416930983  delta_E= -1.02e-10  |g|= 8.98e-07  |ddm|= 2.57e-06
converged SCF energy = 21.0921416930983
Difference in energy:  2.0702759911728208e-07
E(MP2) = 19.8487576853352  E_corr = -1.24338400776303
Total energy =  -581.5285702863295
time elapsed:  43.776336431503296
