

******** <class 'pyscf.scf.hf.RHF'> ********
method = RHF
initial guess = minao
damping factor = 0
level_shift factor = 0
DIIS = <class 'pyscf.scf.diis.CDIIS'>
diis_start_cycle = 1
diis_space = 8
SCF conv_tol = 1e-09
SCF conv_tol_grad = 1e-05
SCF max_cycles = 1000
direct_scf = True
direct_scf_tol = 1e-13
chkfile to save SCF result = scf.fchk
max_memory 900000 MB (current use 79 MB)
init E= -582.248533013685
  HOMO = -0.269626800904482  LUMO = 0.0134591243155906
cycle= 1 E= -580.049489544701  delta_E=  2.2  |g|= 0.948  |ddm|= 5.16
  HOMO = -0.317142272960338  LUMO = 0.0758837943039127
cycle= 2 E= -580.222804586838  delta_E= -0.173  |g|= 0.616  |ddm|= 1.15
  HOMO = -0.412890705218612  LUMO = 0.121887867434325
cycle= 3 E= -580.293390629358  delta_E= -0.0706  |g|= 0.138  |ddm|= 0.543
  HOMO = -0.405731054341777  LUMO = 0.135966676120078
cycle= 4 E= -580.298567670627  delta_E= -0.00518  |g|= 0.0487  |ddm|= 0.141
  HOMO = -0.413090262780358  LUMO = 0.133440275426365
cycle= 5 E= -580.299084769281  delta_E= -0.000517  |g|= 0.0101  |ddm|= 0.0521
  HOMO = -0.414235625242972  LUMO = 0.13337033121616
cycle= 6 E= -580.299134837985  delta_E= -5.01e-05  |g|= 0.00393  |ddm|= 0.0178
  HOMO = -0.41435389282251  LUMO = 0.133906910692284
cycle= 7 E= -580.299146411547  delta_E= -1.16e-05  |g|= 0.00162  |ddm|= 0.0105
  HOMO = -0.414741897812211  LUMO = 0.133850480449
cycle= 8 E= -580.299148192617  delta_E= -1.78e-06  |g|= 0.000442  |ddm|= 0.00437
  HOMO = -0.414763813828757  LUMO = 0.133868290596027
cycle= 9 E= -580.299148328644  delta_E= -1.36e-07  |g|= 8.71e-05  |ddm|= 0.00117
  HOMO = -0.414753396167387  LUMO = 0.133872520464287
cycle= 10 E= -580.299148333383  delta_E= -4.74e-09  |g|= 3.1e-05  |ddm|= 0.000171
  HOMO = -0.414759039885916  LUMO = 0.133865323588179
cycle= 11 E= -580.29914833379  delta_E= -4.07e-10  |g|= 8.45e-06  |ddm|= 4.56e-05
  HOMO = -0.414757077579601  LUMO = 0.133867120381762
Extra cycle  E= -580.29914833383  delta_E= -4.05e-11  |g|= 4.38e-06  |ddm|= 1.39e-05
converged SCF energy = -580.29914833383
AOs:  [0, 1, 2, 3, 4, 5, 6, 7, 8, 9, 10, 11, 12, 13, 14, 15, 16, 17, 18, 19, 20, 21, 22, 23, 24, 25, 26, 27, 28, 29, 30, 31, 32, 33, 34, 35, 36, 37, 38, 39, 40, 41, 42, 43, 44, 45, 46, 47, 48, 49, 50, 51, 52, 53, 54, 55, 56, 57, 58, 59, 60, 61, 62, 63, 64, 65, 66, 67, 68, 69, 70, 71, 72, 73, 74, 75, 76, 77, 78, 79, 80, 81, 82, 83, 84, 85, 86, 87, 88, 89, 90, 91, 92, 93, 94, 95, 96, 97, 98, 99, 100, 101, 102, 103, 104, 105, 106, 107, 108, 109, 110, 111, 112, 113, 114, 115, 116, 117, 118, 119, 120, 121, 122, 123, 124, 125, 126, 127, 128, 129, 130, 131, 132, 133, 134, 135, 136, 137, 138, 139, 140, 141, 142, 143, 144, 145, 146, 147, 148, 149, 150, 151, 152, 153, 154, 155, 156]
157
Number of Active MOs:  33
Number of Environment MOs:  20
Number of Virtual MOs:  249
 # electrons:            α            β
         Env:  20.00000000  20.00000000
         Act:  33.00000000  33.00000000
         Vir:   0.00000000   0.00000000
Number of electrons in the active space:  66

 The density matrix is idempotent!

 The density matrix is idempotent!


******** <class 'pyscf.scf.hf.RHF'> ********
method = RHF
initial guess = minao
damping factor = 0
level_shift factor = 0
DIIS = <class 'pyscf.scf.diis.CDIIS'>
diis_start_cycle = 1
diis_space = 8
SCF conv_tol = 1e-09
SCF conv_tol_grad = 1e-05
SCF max_cycles = 200
direct_scf = True
direct_scf_tol = 1e-13
chkfile to save SCF result = subsys_scf.chk
max_memory 900000 MB (current use 8560 MB)
init E= 20.5081874418223
  HOMO = -0.421150194745305  LUMO = 0.133866091500164
cycle= 1 E= 20.508186627563  delta_E= -8.14e-07  |g|= 2.48e-06  |ddm|= 7.06e-06
  HOMO = -0.421149734472732  LUMO = 0.133866485468336
cycle= 2 E= 20.5081866273696  delta_E= -1.93e-10  |g|= 1.57e-06  |ddm|= 4.48e-06
  HOMO = -0.421149959364454  LUMO = 0.133866293993103
Extra cycle  E= 20.5081866275721  delta_E= 2.02e-10  |g|= 1.02e-06  |ddm|= 2.89e-06
converged SCF energy = 20.5081866275721
Difference in energy:  -9.616581792215584e-08
E(MP2) = 19.2660019971337  E_corr = -1.24218463043841
Total energy =  -581.5413329641153
time elapsed:  42.76303148269653
