

******** <class 'pyscf.scf.hf.RHF'> ********
method = RHF
initial guess = minao
damping factor = 0
level_shift factor = 0
DIIS = <class 'pyscf.scf.diis.CDIIS'>
diis_start_cycle = 1
diis_space = 8
SCF conv_tol = 1e-09
SCF conv_tol_grad = 1e-05
SCF max_cycles = 1000
direct_scf = True
direct_scf_tol = 1e-13
chkfile to save SCF result = scf.fchk
max_memory 900000 MB (current use 79 MB)
init E= -582.175507304619
  HOMO = -0.268845095163022  LUMO = 0.0145692562741204
cycle= 1 E= -580.055253246914  delta_E= 2.12  |g|= 0.955  |ddm|= 5.16
  HOMO = -0.342610278256024  LUMO = 0.0899366036926677
cycle= 2 E= -580.223869413858  delta_E= -0.169  |g|= 0.643  |ddm|= 1.18
  HOMO = -0.407146937607788  LUMO = 0.128496754246799
cycle= 3 E= -580.300409484492  delta_E= -0.0765  |g|= 0.139  |ddm|= 0.58
  HOMO = -0.400118970193407  LUMO = 0.141994441927052
cycle= 4 E= -580.305748838088  delta_E= -0.00534  |g|= 0.046  |ddm|= 0.142
  HOMO = -0.40769669205905  LUMO = 0.140100197434702
cycle= 5 E= -580.306232175602  delta_E= -0.000483  |g|= 0.0105  |ddm|= 0.0524
  HOMO = -0.408691347417342  LUMO = 0.140047009320517
cycle= 6 E= -580.306285528236  delta_E= -5.34e-05  |g|= 0.00409  |ddm|= 0.0186
  HOMO = -0.408890492357113  LUMO = 0.140600954845191
cycle= 7 E= -580.306298662007  delta_E= -1.31e-05  |g|= 0.00164  |ddm|= 0.0118
  HOMO = -0.409322473059526  LUMO = 0.140520405268144
cycle= 8 E= -580.306300465002  delta_E= -1.8e-06  |g|= 0.000445  |ddm|= 0.00449
  HOMO = -0.409340270143591  LUMO = 0.140546141515114
cycle= 9 E= -580.306300602696  delta_E= -1.38e-07  |g|= 8.66e-05  |ddm|= 0.00118
  HOMO = -0.409329510107241  LUMO = 0.140548272613206
cycle= 10 E= -580.306300607426  delta_E= -4.73e-09  |g|= 3.02e-05  |ddm|= 0.000173
  HOMO = -0.409335504080506  LUMO = 0.140541453997952
cycle= 11 E= -580.306300607822  delta_E= -3.97e-10  |g|= 8.99e-06  |ddm|= 4.52e-05
  HOMO = -0.409333130311524  LUMO = 0.140543400467892
Extra cycle  E= -580.306300607868  delta_E= -4.59e-11  |g|= 4.78e-06  |ddm|= 1.5e-05
converged SCF energy = -580.306300607868
AOs:  [0, 1, 2, 3, 4, 5, 6, 7, 8, 9, 10, 11, 12, 13, 14, 15, 16, 17, 18, 19, 20, 21, 22, 23, 24, 25, 26, 27, 28, 29, 30, 31, 32, 33, 34, 35, 36, 37, 38, 39, 40, 41, 42, 43, 44, 45, 46, 47, 48, 49, 50, 51, 52, 53, 54, 55, 56, 57, 58, 59, 60, 61, 62, 63, 64, 65, 66, 67, 68, 69, 70, 71, 72, 73, 74, 75, 76, 77, 78, 79, 80, 81, 82, 83, 84, 85, 86, 87, 88, 89, 90, 91, 92, 93, 94, 95, 96, 97, 98, 99, 100, 101, 102, 103, 104, 105, 106, 107, 108, 109, 110, 111, 112, 113, 114, 115, 116, 117, 118, 119, 120, 121, 122, 123, 124, 125, 126, 127, 128, 129, 130, 131, 132, 133, 134, 135, 136, 137, 138, 139, 140, 141, 142, 143, 144, 145, 146, 147, 148, 149, 150, 151, 152, 153, 154, 155, 156]
157
Number of Active MOs:  33
Number of Environment MOs:  20
Number of Virtual MOs:  249
 # electrons:            α            β
         Env:  20.00000000  20.00000000
         Act:  33.00000000  33.00000000
         Vir:  -0.00000000  -0.00000000
Number of electrons in the active space:  66

 The density matrix is idempotent!

 The density matrix is idempotent!


******** <class 'pyscf.scf.hf.RHF'> ********
method = RHF
initial guess = minao
damping factor = 0
level_shift factor = 0
DIIS = <class 'pyscf.scf.diis.CDIIS'>
diis_start_cycle = 1
diis_space = 8
SCF conv_tol = 1e-09
SCF conv_tol_grad = 1e-05
SCF max_cycles = 200
direct_scf = True
direct_scf_tol = 1e-13
chkfile to save SCF result = subsys_scf.chk
max_memory 900000 MB (current use 8559 MB)
init E= 19.4003885982229
  HOMO = -0.415864232283869  LUMO = 0.140542355726943
cycle= 1 E= 19.400387782513  delta_E= -8.16e-07  |g|= 2.74e-06  |ddm|= 7.75e-06
  HOMO = -0.415863613663513  LUMO = 0.140542763870902
cycle= 2 E= 19.4003877825586  delta_E= 4.56e-11  |g|= 1.77e-06  |ddm|= 5.01e-06
  HOMO = -0.415863914081076  LUMO = 0.140542573649678
Extra cycle  E= 19.4003877824791  delta_E= -7.95e-11  |g|= 1.16e-06  |ddm|= 3.27e-06
converged SCF energy = 19.4003877824791
Difference in energy:  5.2291946985860706e-08
E(MP2) = 18.1596333337273  E_corr = -1.24075444875186
Total energy =  -581.5470550567035
time elapsed:  11.524118900299072
