

******** <class 'pyscf.scf.hf.RHF'> ********
method = RHF
initial guess = minao
damping factor = 0
level_shift factor = 0
DIIS = <class 'pyscf.scf.diis.CDIIS'>
diis_start_cycle = 1
diis_space = 8
SCF conv_tol = 1e-09
SCF conv_tol_grad = 1e-05
SCF max_cycles = 1000
direct_scf = True
direct_scf_tol = 1e-13
chkfile to save SCF result = scf.fchk
max_memory 900000 MB (current use 79 MB)
init E= -582.160911438586
  HOMO = -0.268706474504571  LUMO = 0.014775177883316
cycle= 1 E= -580.053615776606  delta_E= 2.11  |g|= 0.96  |ddm|= 5.16
  HOMO = -0.33656814193391  LUMO = 0.0942336321536235
cycle= 2 E= -580.22132948634  delta_E= -0.168  |g|= 0.653  |ddm|=  1.2
  HOMO = -0.404814440168064  LUMO = 0.130747575240155
cycle= 3 E= -580.300269308302  delta_E= -0.0789  |g|= 0.139  |ddm|= 0.595
  HOMO = -0.398143753365233  LUMO = 0.143885800874231
cycle= 4 E= -580.305653956173  delta_E= -0.00538  |g|= 0.0453  |ddm|= 0.142
  HOMO = -0.40556324719034  LUMO = 0.142225178290253
cycle= 5 E= -580.306129322318  delta_E= -0.000475  |g|= 0.0106  |ddm|= 0.0527
  HOMO = -0.406567067834101  LUMO = 0.142170139234777
cycle= 6 E= -580.306183826579  delta_E= -5.45e-05  |g|= 0.00415  |ddm|= 0.0189
  HOMO = -0.406797201202412  LUMO = 0.142723800840942
cycle= 7 E= -580.306197492508  delta_E= -1.37e-05  |g|= 0.00164  |ddm|= 0.0122
  HOMO = -0.40724205203258  LUMO = 0.142638876779702
cycle= 8 E= -580.306199302304  delta_E= -1.81e-06  |g|= 0.000446  |ddm|= 0.00454
  HOMO = -0.407259305981061  LUMO = 0.142666050007225
cycle= 9 E= -580.306199440185  delta_E= -1.38e-07  |g|= 8.7e-05  |ddm|= 0.00118
  HOMO = -0.407248246250402  LUMO = 0.14266777511207
cycle= 10 E= -580.306199444958  delta_E= -4.77e-09  |g|= 3.02e-05  |ddm|= 0.000174
  HOMO = -0.407254358535909  LUMO = 0.142661002694109
cycle= 11 E= -580.306199445355  delta_E= -3.96e-10  |g|= 9.16e-06  |ddm|= 4.56e-05
  HOMO = -0.407251893915415  LUMO = 0.142662968830874
Extra cycle  E= -580.306199445405  delta_E= -5e-11  |g|= 4.89e-06  |ddm|= 1.53e-05
converged SCF energy = -580.306199445405
AOs:  [0, 1, 2, 3, 4, 5, 6, 7, 8, 9, 10, 11, 12, 13, 14, 15, 16, 17, 18, 19, 20, 21, 22, 23, 24, 25, 26, 27, 28, 29, 30, 31, 32, 33, 34, 35, 36, 37, 38, 39, 40, 41, 42, 43, 44, 45, 46, 47, 48, 49, 50, 51, 52, 53, 54, 55, 56, 57, 58, 59, 60, 61, 62, 63, 64, 65, 66, 67, 68, 69, 70, 71, 72, 73, 74, 75, 76, 77, 78, 79, 80, 81, 82, 83, 84, 85, 86, 87, 88, 89, 90, 91, 92, 93, 94, 95, 96, 97, 98, 99, 100, 101, 102, 103, 104, 105, 106, 107, 108, 109, 110, 111, 112, 113, 114, 115, 116, 117, 118, 119, 120, 121, 122, 123, 124, 125, 126, 127, 128, 129, 130, 131, 132, 133, 134, 135, 136, 137, 138, 139, 140, 141, 142, 143, 144, 145, 146, 147, 148, 149, 150, 151, 152, 153, 154, 155, 156]
157
Number of Active MOs:  33
Number of Environment MOs:  20
Number of Virtual MOs:  249
 # electrons:            α            β
         Env:  20.00000000  20.00000000
         Act:  33.00000000  33.00000000
         Vir:  -0.00000000  -0.00000000
Number of electrons in the active space:  66

 The density matrix is idempotent!

 The density matrix is idempotent!


******** <class 'pyscf.scf.hf.RHF'> ********
method = RHF
initial guess = minao
damping factor = 0
level_shift factor = 0
DIIS = <class 'pyscf.scf.diis.CDIIS'>
diis_start_cycle = 1
diis_space = 8
SCF conv_tol = 1e-09
SCF conv_tol_grad = 1e-05
SCF max_cycles = 200
direct_scf = True
direct_scf_tol = 1e-13
chkfile to save SCF result = subsys_scf.chk
max_memory 900000 MB (current use 8560 MB)
init E= 18.8693205232505
  HOMO = -0.413557832857111  LUMO = 0.14266193065749
cycle= 1 E= 18.8693197069523  delta_E= -8.16e-07  |g|= 2.82e-06  |ddm|= 7.95e-06
  HOMO = -0.413557198013399  LUMO = 0.142662335425534
cycle= 2 E= 18.8693197070132  delta_E= 6.09e-11  |g|= 1.83e-06  |ddm|= 5.17e-06
  HOMO = -0.413557507019022  LUMO = 0.142662148183602
Extra cycle  E= 18.8693197071237  delta_E= 1.11e-10  |g|= 1.21e-06  |ddm|= 3.38e-06
converged SCF energy = 18.8693197071237
Difference in energy:  -4.032115748486831e-07
E(MP2) = 17.6288722741708  E_corr = -1.24044743295298
Total energy =  -581.546646877715
time elapsed:  43.97546339035034
