

******** <class 'pyscf.scf.hf.RHF'> ********
method = RHF
initial guess = minao
damping factor = 0
level_shift factor = 0
DIIS = <class 'pyscf.scf.diis.CDIIS'>
diis_start_cycle = 1
diis_space = 8
SCF conv_tol = 1e-09
SCF conv_tol_grad = 1e-05
SCF max_cycles = 1000
direct_scf = True
direct_scf_tol = 1e-13
chkfile to save SCF result = scf.fchk
max_memory 900000 MB (current use 79 MB)
init E= -582.148227897021
  HOMO = -0.268614363139051  LUMO = 0.0149296813395339
cycle= 1 E= -580.049062631812  delta_E=  2.1  |g|= 0.967  |ddm|= 5.16
  HOMO = -0.327267320724616  LUMO = 0.0997657009841768
cycle= 2 E= -580.216283062181  delta_E= -0.167  |g|= 0.667  |ddm|= 1.23
  HOMO = -0.401295210164268  LUMO = 0.133994546614197
cycle= 3 E= -580.2986192477  delta_E= -0.0823  |g|= 0.14  |ddm|= 0.615
  HOMO = -0.395227656401651  LUMO = 0.146540255939408
cycle= 4 E= -580.304056528745  delta_E= -0.00544  |g|= 0.0447  |ddm|= 0.142
  HOMO = -0.402420657899881  LUMO = 0.145197068956207
cycle= 5 E= -580.304526347018  delta_E= -0.00047  |g|= 0.0107  |ddm|= 0.0532
  HOMO = -0.403452503392061  LUMO = 0.145131554023479
cycle= 6 E= -580.304582641827  delta_E= -5.63e-05  |g|= 0.00424  |ddm|= 0.0195
  HOMO = -0.403731794894561  LUMO = 0.145678670145636
cycle= 7 E= -580.304597080475  delta_E= -1.44e-05  |g|= 0.00165  |ddm|= 0.0128
  HOMO = -0.404192838268165  LUMO = 0.145591396780929
cycle= 8 E= -580.304598906826  delta_E= -1.83e-06  |g|= 0.000448  |ddm|= 0.00461
  HOMO = -0.404210231958961  LUMO = 0.14561938094634
cycle= 9 E= -580.304599044337  delta_E= -1.38e-07  |g|= 8.79e-05  |ddm|= 0.00118
  HOMO = -0.40419848118294  LUMO = 0.145620777894618
cycle= 10 E= -580.304599049185  delta_E= -4.85e-09  |g|= 3.05e-05  |ddm|= 0.000176
  HOMO = -0.404204841274092  LUMO = 0.145613999543358
cycle= 11 E= -580.304599049589  delta_E= -4.04e-10  |g|= 9.35e-06  |ddm|= 4.62e-05
  HOMO = -0.404202270664598  LUMO = 0.145615961783923
Extra cycle  E= -580.30459904964  delta_E= -5.05e-11  |g|= 5.02e-06  |ddm|= 1.57e-05
converged SCF energy = -580.30459904964
AOs:  [0, 1, 2, 3, 4, 5, 6, 7, 8, 9, 10, 11, 12, 13, 14, 15, 16, 17, 18, 19, 20, 21, 22, 23, 24, 25, 26, 27, 28, 29, 30, 31, 32, 33, 34, 35, 36, 37, 38, 39, 40, 41, 42, 43, 44, 45, 46, 47, 48, 49, 50, 51, 52, 53, 54, 55, 56, 57, 58, 59, 60, 61, 62, 63, 64, 65, 66, 67, 68, 69, 70, 71, 72, 73, 74, 75, 76, 77, 78, 79, 80, 81, 82, 83, 84, 85, 86, 87, 88, 89, 90, 91, 92, 93, 94, 95, 96, 97, 98, 99, 100, 101, 102, 103, 104, 105, 106, 107, 108, 109, 110, 111, 112, 113, 114, 115, 116, 117, 118, 119, 120, 121, 122, 123, 124, 125, 126, 127, 128, 129, 130, 131, 132, 133, 134, 135, 136, 137, 138, 139, 140, 141, 142, 143, 144, 145, 146, 147, 148, 149, 150, 151, 152, 153, 154, 155, 156]
157
Number of Active MOs:  33
Number of Environment MOs:  20
Number of Virtual MOs:  249
 # electrons:            α            β
         Env:  20.00000000  20.00000000
         Act:  33.00000000  33.00000000
         Vir:  -0.00000000  -0.00000000
Number of electrons in the active space:  66

 The density matrix is idempotent!

 The density matrix is idempotent!


******** <class 'pyscf.scf.hf.RHF'> ********
method = RHF
initial guess = minao
damping factor = 0
level_shift factor = 0
DIIS = <class 'pyscf.scf.diis.CDIIS'>
diis_start_cycle = 1
diis_space = 8
SCF conv_tol = 1e-09
SCF conv_tol_grad = 1e-05
SCF max_cycles = 200
direct_scf = True
direct_scf_tol = 1e-13
chkfile to save SCF result = subsys_scf.chk
max_memory 900000 MB (current use 8559 MB)
init E= 17.8463927033356
  HOMO = -0.410184426080174  LUMO = 0.145614942032223
cycle= 1 E= 17.8463918863616  delta_E= -8.17e-07  |g|= 2.92e-06  |ddm|= 8.21e-06
  HOMO = -0.410183779892291  LUMO = 0.14561533462257
cycle= 2 E= 17.8463918861545  delta_E= -2.07e-10  |g|= 1.9e-06  |ddm|= 5.36e-06
  HOMO = -0.410184094994442  LUMO = 0.145615153346414
Extra cycle  E= 17.8463918862992  delta_E= 1.45e-10  |g|= 1.26e-06  |ddm|= 3.52e-06
converged SCF energy = 17.8463918862992
Difference in energy:  2.80293396599518e-07
E(MP2) = 16.6062775926535  E_corr = -1.24011429364576
Total energy =  -581.5447133437322
time elapsed:  44.24540829658508
