

******** <class 'pyscf.dft.rks.RKS'> ********
method = RKS-RHF
initial guess = minao
damping factor = 0
level_shift factor = 0
DIIS = <class 'pyscf.scf.diis.CDIIS'>
diis_start_cycle = 1
diis_space = 8
SCF conv_tol = 1e-09
SCF conv_tol_grad = 1e-06
SCF max_cycles = 1000
direct_scf = True
direct_scf_tol = 1e-13
chkfile to save SCF result = scf.fchk
max_memory 900000 MB (current use 79 MB)
XC library pyscf.dft.libxc version 5.1.7
    S. Lehtola, C. Steigemann, M. J. Oliveira, and M. A. Marques, SoftwareX 7, 1 (2018)
XC functionals = pbe
    J. P. Perdew, K. Burke, and M. Ernzerhof, Phys. Rev. Lett. 77, 3865 (1996)
    J. P. Perdew, K. Burke, and M. Ernzerhof, Phys. Rev. Lett. 78, 1396 (1997)
    J. P. Perdew, K. Burke, and M. Ernzerhof, Phys. Rev. Lett. 77, 3865 (1996)
    J. P. Perdew, K. Burke, and M. Ernzerhof, Phys. Rev. Lett. 78, 1396 (1997)
small_rho_cutoff = 1e-07
init E= -2592.68589161385
  HOMO = -0.135589903772635  LUMO = -0.086862740899538
cycle= 1 E= -2573.86094609638  delta_E= 18.8  |g|= 5.66  |ddm|= 10.4
  HOMO = -0.23701447352424  LUMO = -0.228181875449604
cycle= 2 E= -2429.54073387063  delta_E=  144  |g|= 19.3  |ddm|=   96
  HOMO = -0.172155222180446  LUMO = -0.161702262178233
cycle= 3 E= -2561.20084737967  delta_E= -132  |g|= 9.67  |ddm|=   72
  HOMO = -0.179835387701019  LUMO = -0.153385170978527
cycle= 4 E= -2577.99076904098  delta_E= -16.8  |g|=  6.4  |ddm|= 28.3
  HOMO = -0.163466306075674  LUMO = -0.153553182576667
cycle= 5 E= -2581.56771167959  delta_E= -3.58  |g|= 5.42  |ddm|= 2.88
  HOMO = -0.173674305392789  LUMO = -0.159425717124988
cycle= 6 E= -2581.35725703463  delta_E= 0.21  |g|= 5.48  |ddm|= 1.05
  HOMO = -0.177939224083363  LUMO = -0.162383560590998
cycle= 7 E= -2581.22391346774  delta_E= 0.133  |g|= 5.53  |ddm|= 0.907
  HOMO = -0.174088591800994  LUMO = -0.16128878848384
cycle= 8 E= -2581.28456956137  delta_E= -0.0607  |g|= 5.52  |ddm|= 0.222
  HOMO = -0.188343748121229  LUMO = -0.164949624852026
cycle= 9 E= -2580.50104132869  delta_E= 0.784  |g|= 5.77  |ddm|= 0.599

WARN: HOMO 0.0213241047794801 == LUMO 0.0215309182921156

cycle= 10 E= -2543.21832630997  delta_E= 37.3  |g|= 13.6  |ddm|= 19.4
  HOMO = -0.0802366990617603  LUMO = -0.00445935374312495
cycle= 11 E= -2571.26238482628  delta_E=  -28  |g|= 6.19  |ddm|= 17.4
  HOMO = -0.203792668955445  LUMO = -0.173448379779071
cycle= 12 E= -2579.84965373924  delta_E= -8.59  |g|= 5.96  |ddm|= 9.81
  HOMO = -0.212032344508656  LUMO = -0.177532232964846
cycle= 13 E= -2580.27538164313  delta_E= -0.426  |g|= 5.83  |ddm|= 0.95
  HOMO = -0.177608754706778  LUMO = -0.158334685725718
cycle= 14 E= -2580.40134751591  delta_E= -0.126  |g|= 5.82  |ddm|= 1.39
  HOMO = -0.185695013461816  LUMO = -0.156326193026964
cycle= 15 E= -2579.61618316284  delta_E= 0.785  |g|= 6.04  |ddm|= 0.976
  HOMO = -0.169639849229167  LUMO = -0.153724437580677
cycle= 16 E= -2579.8524586985  delta_E= -0.236  |g|= 5.97  |ddm|= 0.924
  HOMO = -0.195808688361429  LUMO = -0.153711179753742
cycle= 17 E= -2580.01988212117  delta_E= -0.167  |g|= 5.93  |ddm|= 1.27
  HOMO = -0.188489915693145  LUMO = -0.161724222452599
cycle= 18 E= -2581.67310883346  delta_E= -1.65  |g|= 5.38  |ddm|= 1.52
  HOMO = -0.204329248307351  LUMO = -0.16598947870793
cycle= 19 E= -2580.23329234936  delta_E= 1.44  |g|= 5.86  |ddm|= 1.24
  HOMO = 0.0340471235109774  LUMO = 0.0390071081302067
cycle= 20 E= -2459.2857880722  delta_E=  121  |g|=   14  |ddm|= 33.4
  HOMO = -0.0789590320981149  LUMO = -0.0710420503488462
cycle= 21 E= -2574.34068263341  delta_E= -115  |g|= 5.09  |ddm|= 32.7
  HOMO = -0.167703811626993  LUMO = -0.159670172590467
cycle= 22 E= -2578.53385568111  delta_E= -4.19  |g|= 6.27  |ddm|= 7.64
  HOMO = -0.188009690166809  LUMO = -0.158587204359017
cycle= 23 E= -2579.42610150546  delta_E= -0.892  |g|= 6.11  |ddm|= 1.95
  HOMO = -0.205630690281531  LUMO = -0.164117914164548
cycle= 24 E= -2579.90845307787  delta_E= -0.482  |g|= 5.93  |ddm|= 1.21
  HOMO = -0.201782497793841  LUMO = -0.166103322799499
cycle= 25 E= -2578.89274861492  delta_E= 1.02  |g|= 6.24  |ddm|= 1.53
  HOMO = -0.197038113874529  LUMO = -0.168817890958272
cycle= 26 E= -2579.00551012385  delta_E= -0.113  |g|= 6.21  |ddm|= 0.937
  HOMO = -0.207747764189634  LUMO = -0.164650046868906
cycle= 27 E= -2581.13884805016  delta_E= -2.13  |g|= 5.52  |ddm|= 1.86
  HOMO = -0.194549377467485  LUMO = -0.166047663378047
cycle= 28 E= -2579.0792822007  delta_E= 2.06  |g|= 6.19  |ddm|= 2.14
  HOMO = -0.192444484308195  LUMO = -0.159121210771309
cycle= 29 E= -2579.80960139066  delta_E= -0.73  |g|= 5.99  |ddm|= 1.39
  HOMO = 0.00645189601507079  LUMO = 0.012248246967075
cycle= 30 E= -2496.26945736542  delta_E= 83.5  |g|= 13.9  |ddm|= 26.5
  HOMO = -0.0857353984674761  LUMO = -0.0339140914078745
cycle= 31 E= -2573.36625651202  delta_E= -77.1  |g|= 5.33  |ddm|= 23.9
  HOMO = -0.166117137931329  LUMO = -0.145990425818143
cycle= 32 E= -2579.33236853319  delta_E= -5.97  |g|=  6.1  |ddm|= 8.35
  HOMO = -0.180884832053995  LUMO = -0.150587581348543
cycle= 33 E= -2579.97810570681  delta_E= -0.646  |g|= 5.93  |ddm|= 0.99
  HOMO = -0.163694628230245  LUMO = -0.142432108894209
cycle= 34 E= -2580.17973293749  delta_E= -0.202  |g|= 5.84  |ddm|=    1
  HOMO = -0.181184422892036  LUMO = -0.138954092727891
cycle= 35 E= -2580.37994843254  delta_E= -0.2  |g|= 5.82  |ddm|= 1.62
  HOMO = -0.16897574860823  LUMO = -0.151852048764808
cycle= 36 E= -2581.64247903545  delta_E= -1.26  |g|= 5.32  |ddm|= 2.02
  HOMO = -0.190790834291813  LUMO = -0.159146554350035
cycle= 37 E= -2580.37853750206  delta_E= 1.26  |g|= 5.79  |ddm|= 2.25
  HOMO = -0.18544087514576  LUMO = -0.152979385870446
cycle= 38 E= -2580.70357243149  delta_E= -0.325  |g|= 5.68  |ddm|=  1.2
  HOMO = -0.197386808111602  LUMO = -0.154645395673818
cycle= 39 E= -2579.88296890664  delta_E= 0.821  |g|= 5.97  |ddm|= 1.13
  HOMO = 0.0263615645140328  LUMO = 0.0361636245174086
cycle= 40 E= -2454.32836676381  delta_E=  126  |g|= 14.9  |ddm|=   42
  HOMO = -0.0813638732030383  LUMO = -0.0728385127099932
cycle= 41 E= -2572.21642094844  delta_E= -118  |g|= 5.87  |ddm|=   41
  HOMO = -0.155718357030251  LUMO = -0.145548453271335
cycle= 42 E= -2578.3025656401  delta_E= -6.09  |g|= 6.11  |ddm|= 8.89
  HOMO = -0.192718763605003  LUMO = -0.148311596318567
cycle= 43 E= -2580.16543844882  delta_E= -1.86  |g|= 5.87  |ddm|= 2.46
  HOMO = -0.18343214684065  LUMO = -0.158503780952669
cycle= 44 E= -2580.27137505738  delta_E= -0.106  |g|= 5.84  |ddm|= 0.816
  HOMO = -0.156613855452512  LUMO = -0.153351137198265
cycle= 45 E= -2581.41348162841  delta_E= -1.14  |g|= 5.44  |ddm|= 3.03
  HOMO = -0.191968591911366  LUMO = -0.153169696990044
cycle= 46 E= -2580.66713612143  delta_E= 0.746  |g|= 5.72  |ddm|= 2.61
  HOMO = -0.191639116153917  LUMO = -0.151864446697971
cycle= 47 E= -2580.41867241148  delta_E= 0.248  |g|= 5.78  |ddm|= 0.889
  HOMO = -0.163999423391379  LUMO = -0.153757049019245
cycle= 48 E= -2581.65215162831  delta_E= -1.23  |g|= 5.29  |ddm|=  1.8
  HOMO = -0.191176585791476  LUMO = -0.150234273542116
cycle= 49 E= -2581.20344180214  delta_E= 0.449  |g|= 5.53  |ddm|= 1.78
  HOMO = 0.0302828170284298  LUMO = 0.0527272399553743
cycle= 50 E= -2447.36319614168  delta_E=  134  |g|=   15  |ddm|= 41.5
  HOMO = -0.106084700887332  LUMO = -0.0827616133509709
cycle= 51 E= -2572.84732493693  delta_E= -125  |g|= 5.76  |ddm|=   41
  HOMO = -0.148457195500295  LUMO = -0.136493154814447
cycle= 52 E= -2578.26834399066  delta_E= -5.42  |g|= 6.21  |ddm|= 8.77
  HOMO = -0.187362291602291  LUMO = -0.145213621682297
cycle= 53 E= -2579.88879931687  delta_E= -1.62  |g|= 5.97  |ddm|= 2.69
  HOMO = -0.190539172980357  LUMO = -0.145939057717917
cycle= 54 E= -2579.99406606999  delta_E= -0.105  |g|= 5.93  |ddm|= 1.48
  HOMO = -0.197328951198381  LUMO = -0.144743210787416
cycle= 55 E= -2579.92463339109  delta_E= 0.0694  |g|= 5.95  |ddm|= 1.07
  HOMO = -0.184870532785751  LUMO = -0.142555025122713
cycle= 56 E= -2580.19927965482  delta_E= -0.275  |g|= 5.87  |ddm|= 0.779
  HOMO = -0.175808742654284  LUMO = -0.147463489887061
cycle= 57 E= -2580.02498813658  delta_E= 0.174  |g|= 5.86  |ddm|= 1.97
  HOMO = -0.204327136621469  LUMO = -0.146658298902248
cycle= 58 E= -2579.95819241526  delta_E= 0.0668  |g|= 5.94  |ddm|= 1.52
  HOMO = -0.185855975381762  LUMO = -0.138390377607666
cycle= 59 E= -2580.38959563928  delta_E= -0.431  |g|= 5.81  |ddm|= 0.73
  HOMO = 0.000206380880643195  LUMO = 0.00929193368537267
cycle= 60 E= -2482.40962413997  delta_E=   98  |g|= 14.6  |ddm|= 26.9
  HOMO = -0.0813573128005168  LUMO = -0.0785946772427744
cycle= 61 E= -2571.87778452264  delta_E= -89.5  |g|= 6.53  |ddm|= 23.9
  HOMO = -0.150595527593325  LUMO = -0.145825750633395
cycle= 62 E= -2579.3050923208  delta_E= -7.43  |g|= 6.07  |ddm|= 9.93
  HOMO = -0.178953206305574  LUMO = -0.152578562442953
cycle= 63 E= -2581.13554095122  delta_E= -1.83  |g|= 5.57  |ddm|= 2.81
  HOMO = -0.176763706049345  LUMO = -0.156881544423904
cycle= 64 E= -2581.40442263544  delta_E= -0.269  |g|= 5.51  |ddm|= 0.84
  HOMO = -0.169328026714314  LUMO = -0.156254540972137
cycle= 65 E= -2581.30081812967  delta_E= 0.104  |g|= 5.52  |ddm|=  1.1
  HOMO = -0.17311880114639  LUMO = -0.158900755832169
cycle= 66 E= -2581.59054720806  delta_E= -0.29  |g|= 5.42  |ddm|= 1.64
  HOMO = -0.177303995702454  LUMO = -0.16629198477044
cycle= 67 E= -2581.79715585956  delta_E= -0.207  |g|= 5.35  |ddm|= 1.53
  HOMO = -0.171856801683819  LUMO = -0.162067612733402
cycle= 68 E= -2581.3992793736  delta_E= 0.398  |g|=  5.5  |ddm|= 0.775
  HOMO = -0.172299803965739  LUMO = -0.165084838452187
cycle= 69 E= -2581.01332580298  delta_E= 0.386  |g|= 5.63  |ddm|= 0.47
  HOMO = 0.0283624537949859  LUMO = 0.029935459712363
cycle= 70 E= -2453.34160634446  delta_E=  128  |g|= 18.5  |ddm|= 43.3
  HOMO = -0.0650886788846735  LUMO = -0.0338879623095797
cycle= 71 E= -2566.59663640381  delta_E= -113  |g|= 8.99  |ddm|= 41.4
  HOMO = -0.0540381060031564  LUMO = -0.047895499301368
cycle= 72 E= -2581.38769724444  delta_E= -14.8  |g|= 5.46  |ddm|= 12.4
  HOMO = -0.186700232981611  LUMO = -0.173611530640149
cycle= 73 E= -2586.5484555993  delta_E= -5.16  |g|=  3.6  |ddm|= 4.72
  HOMO = -0.173064551615625  LUMO = -0.164499437402711
cycle= 74 E= -2585.24811797866  delta_E=  1.3  |g|= 4.31  |ddm|= 2.26
  HOMO = -0.174621266449717  LUMO = -0.15821556242878
cycle= 75 E= -2587.39092025078  delta_E= -2.14  |g|= 2.76  |ddm|= 2.31
  HOMO = -0.162652262736811  LUMO = -0.153409980664921
cycle= 76 E= -2582.2170037075  delta_E= 5.17  |g|= 5.41  |ddm|= 3.81
  HOMO = -0.174468015838729  LUMO = -0.171867944875438
cycle= 77 E= -2584.69552431463  delta_E= -2.48  |g|= 4.45  |ddm|= 2.46
  HOMO = -0.175003872918405  LUMO = -0.169279648749493
cycle= 78 E= -2584.91808786522  delta_E= -0.223  |g|= 4.38  |ddm|= 0.855
  HOMO = -0.175283612816991  LUMO = -0.169392717070168
cycle= 79 E= -2584.91146663938  delta_E= 0.00662  |g|= 4.39  |ddm|= 0.173
  HOMO = -0.150047535557177  LUMO = -0.0969753039185204
cycle= 80 E= -2588.56865371249  delta_E= -3.66  |g|= 0.99  |ddm|=  2.9
  HOMO = -0.105293054807227  LUMO = -0.0844216364482931
cycle= 81 E= -2588.16361281363  delta_E= 0.405  |g|= 1.49  |ddm|= 2.68
  HOMO = -0.134950673753112  LUMO = -0.0887937027681362
cycle= 82 E= -2588.74872698234  delta_E= -0.585  |g|= 0.503  |ddm|= 2.17
  HOMO = -0.140942857619405  LUMO = -0.088881820270939
cycle= 83 E= -2588.81498184612  delta_E= -0.0663  |g|= 0.276  |ddm|= 0.764
  HOMO = -0.131914244295264  LUMO = -0.0872747121643529
cycle= 84 E= -2588.82898379722  delta_E= -0.014  |g|= 0.102  |ddm|= 0.321
  HOMO = -0.135612736746262  LUMO = -0.086678198754635
cycle= 85 E= -2588.8308415604  delta_E= -0.00186  |g|= 0.0403  |ddm|= 0.128
  HOMO = -0.134960516772895  LUMO = -0.0869939154416625
cycle= 86 E= -2588.83122641711  delta_E= -0.000385  |g|= 0.00951  |ddm|= 0.0469
  HOMO = -0.134825615395524  LUMO = -0.0869605686544679
cycle= 87 E= -2588.83124424697  delta_E= -1.78e-05  |g|= 0.00395  |ddm|= 0.0132
  HOMO = -0.134582406767664  LUMO = -0.0869584353174645
cycle= 88 E= -2588.83124488954  delta_E= -6.43e-07  |g|= 0.00424  |ddm|= 0.00719
  HOMO = -0.134779434824314  LUMO = -0.0869877064227661
cycle= 89 E= -2588.83124788308  delta_E= -2.99e-06  |g|= 0.00189  |ddm|= 0.00489
  HOMO = -0.134700440659479  LUMO = -0.0869667842467937
cycle= 90 E= -2588.83124846073  delta_E= -5.78e-07  |g|= 0.000603  |ddm|= 0.00195
  HOMO = -0.134722596666404  LUMO = -0.0869712765552633
cycle= 91 E= -2588.8312485058  delta_E= -4.51e-08  |g|= 0.00036  |ddm|= 0.000903
  HOMO = -0.134720817745253  LUMO = -0.0869720307215017
cycle= 92 E= -2588.83124854135  delta_E= -3.56e-08  |g|= 8.62e-05  |ddm|= 0.000485
  HOMO = -0.134722785717523  LUMO = -0.0869725017287387
cycle= 93 E= -2588.83124854189  delta_E= -5.38e-10  |g|= 8.26e-05  |ddm|= 0.000171
  HOMO = -0.134722774533817  LUMO = -0.0869718817481272
cycle= 94 E= -2588.83124854339  delta_E= -1.5e-09  |g|= 2.57e-05  |ddm|= 9.04e-05
  HOMO = -0.134722454161929  LUMO = -0.0869720855779909
cycle= 95 E= -2588.83124854347  delta_E= -7.91e-11  |g|= 1.51e-05  |ddm|= 3.1e-05
  HOMO = -0.134722216798294  LUMO = -0.0869720317926153
cycle= 96 E= -2588.83124854352  delta_E= -4.37e-11  |g|= 7.99e-06  |ddm|= 2.06e-05
  HOMO = -0.134721980689513  LUMO = -0.0869720194093035
cycle= 97 E= -2588.83124854353  delta_E= -1.27e-11  |g|= 7.63e-06  |ddm|= 1.3e-05
  HOMO = -0.134722481417262  LUMO = -0.086972073476305
cycle= 98 E= -2588.83124854353  delta_E= 2.73e-12  |g|= 7.43e-06  |ddm|= 1.18e-05
  HOMO = -0.134722178643543  LUMO = -0.0869720207352713
cycle= 99 E= -2588.83124854353  delta_E= -7.28e-12  |g|= 2.3e-06  |ddm|= 7.51e-06
  HOMO = -0.134722263966672  LUMO = -0.0869720398865983
cycle= 100 E= -2588.83124854354  delta_E= -2.73e-12  |g|= 1.78e-06  |ddm|= 3.37e-06
  HOMO = -0.134722236759607  LUMO = -0.0869720405026935
cycle= 101 E= -2588.83124854354  delta_E=    0  |g|= 6.2e-07  |ddm|= 2.54e-06
  HOMO = -0.134722265088539  LUMO = -0.0869720315653449
Extra cycle  E= -2588.83124854353  delta_E= 5.46e-12  |g|= 2.47e-06  |ddm|= 3.96e-06
converged SCF energy = -2588.83124854353
AOs:  [0, 1, 2, 3, 4, 5, 6, 7, 8, 9, 10, 11, 12, 13, 14, 15, 16, 17, 18, 19, 20, 21, 22, 23, 24, 25, 26, 27, 28, 29, 30, 31, 32, 33, 34, 35, 36, 37, 38, 39, 40, 41, 42, 43, 44, 45, 46, 47, 48, 49, 50, 51, 52, 53, 54, 55, 56, 57, 58, 59, 60, 61, 62, 63, 64, 65, 66, 67, 68, 69, 70, 71, 72, 73, 74, 75, 76, 77, 78, 79, 80, 81, 82, 83, 84, 85, 86, 87, 88, 89, 90, 91, 92, 93, 94, 95, 96, 97, 98, 99, 100, 101, 102, 103, 104, 105, 106, 107, 108, 109, 110, 111, 112, 113, 114, 115, 116, 117, 118, 119, 120, 121, 122, 123, 124, 125, 126, 127, 128, 129, 130, 131, 132, 133, 134, 135, 136, 137, 138, 139, 140, 141, 142, 143, 144, 145, 146, 147, 148, 149, 150, 151, 152, 153, 154, 155, 156, 157, 158, 159, 160, 161, 162, 163, 164, 165, 166, 167, 168, 169, 170, 171, 172, 173, 174, 175, 176, 177, 178, 179, 180, 181, 182, 183, 184, 185, 186, 187, 188, 189, 190, 191, 192, 193, 194, 195, 196, 197, 198, 199, 200, 201, 202, 203, 204, 205, 206, 207, 208, 209, 210, 211, 212, 213, 214, 215, 216, 217, 218, 219, 220, 221, 222, 223, 224, 225, 226, 227, 228, 229, 230, 231, 232, 233, 234, 235, 236, 237, 238, 239, 240, 241, 242, 243, 244, 245, 246, 247, 248, 249, 250, 251, 252, 253, 254, 255, 256, 257, 258, 259, 260, 261, 262, 263, 264, 265, 266, 267, 268, 269, 270, 271, 272, 273, 274, 275, 276, 277, 278, 279, 280, 281, 282, 283, 284, 285, 286, 287, 288, 289, 290, 291, 292, 293, 294, 295, 296, 297, 298, 299, 300, 301, 302, 303, 304, 305, 306, 307, 308, 309, 310, 311, 312, 313, 314, 315, 316, 317, 318, 319, 320, 321, 322, 323, 324]
325

 AO indices used for projection:  [0, 1, 3, 4, 5, 14, 15, 17, 18, 19, 28, 29, 30, 31, 33, 34, 35, 36, 37, 38, 42, 43, 44, 45, 46, 59, 60, 62, 63, 64, 73, 74, 76, 77, 78, 87, 88, 90, 91, 92, 101, 102, 104, 105, 106, 115, 116, 118, 119, 120, 129, 130, 132, 133, 134, 143, 144, 146, 147, 148, 157, 158, 160, 161, 162, 171, 172, 174, 175, 176, 185, 186, 188, 189, 190, 199, 200, 202, 203, 204, 213, 214, 216, 217, 218, 227, 228, 230, 231, 232, 241, 242, 244, 245, 246, 255, 256, 258, 259, 260, 269, 270, 272, 273, 274, 283, 284, 286, 287, 288, 297, 298, 300, 301, 302, 311, 312, 314, 315, 316]
 # of orbitals to keep:  88
545
120
Number of Active MOs:  88
Number of Environment MOs:  30
Number of Virtual MOs:  427
 # electrons:            α            β
         Env:  30.00000000  30.00000000
         Act:  88.00000000  88.00000000
         Vir:   0.00000000   0.00000000
Number of electrons in the active space:  176

 The density matrix is idempotent!

 The density matrix is idempotent!


******** <class 'pyscf.scf.hf.RHF'> ********
method = RHF
initial guess = minao
damping factor = 0
level_shift factor = 0
DIIS = <class 'pyscf.scf.diis.CDIIS'>
diis_start_cycle = 1
diis_space = 8
SCF conv_tol = 1e-09
SCF conv_tol_grad = 1e-06
SCF max_cycles = 200
direct_scf = True
direct_scf_tol = 1e-13
chkfile to save SCF result = subsys_scf.chk
max_memory 900000 MB (current use 89899 MB)
init E= -699.150706230619
  HOMO = -0.192752979889585  LUMO = 0.0470628289822736
cycle= 1 E= -699.46669788555  delta_E= -0.316  |g|= 0.303  |ddm|= 2.68
  HOMO = -0.186611458200842  LUMO = 0.0527456453159388
cycle= 2 E= -699.515447205066  delta_E= -0.0487  |g|= 0.152  |ddm|= 0.581
  HOMO = -0.186188511834663  LUMO = 0.0497975588708025
cycle= 3 E= -699.525158866899  delta_E= -0.00971  |g|= 0.103  |ddm|= 0.325
  HOMO = -0.180742651372023  LUMO = 0.0536208302360559
cycle= 4 E= -699.52912535992  delta_E= -0.00397  |g|= 0.0177  |ddm|= 0.169
  HOMO = -0.180853778147883  LUMO = 0.0526075248855595
cycle= 5 E= -699.529282303654  delta_E= -0.000157  |g|= 0.00781  |ddm|= 0.0359
  HOMO = -0.180422328791511  LUMO = 0.0525598965501381
cycle= 6 E= -699.529307005413  delta_E= -2.47e-05  |g|= 0.00328  |ddm|= 0.0141
  HOMO = -0.180091196607693  LUMO = 0.0526359965838661
cycle= 7 E= -699.529313833973  delta_E= -6.83e-06  |g|= 0.00141  |ddm|= 0.00598
  HOMO = -0.179951916676275  LUMO = 0.052580400733629
cycle= 8 E= -699.529316703741  delta_E= -2.87e-06  |g|= 0.000719  |ddm|= 0.00531
  HOMO = -0.179910229239167  LUMO = 0.0525813439246952
cycle= 9 E= -699.529317290681  delta_E= -5.87e-07  |g|= 0.000519  |ddm|= 0.0016
  HOMO = -0.179905349378584  LUMO = 0.0525774798025447
cycle= 10 E= -699.529317658737  delta_E= -3.68e-07  |g|= 0.000395  |ddm|= 0.00127
  HOMO = -0.17991352073618  LUMO = 0.0525743808783193
cycle= 11 E= -699.529318061454  delta_E= -4.03e-07  |g|= 0.000199  |ddm|= 0.00221
  HOMO = -0.179915476720744  LUMO = 0.0525801059880191
cycle= 12 E= -699.529318147848  delta_E= -8.64e-08  |g|= 6.62e-05  |ddm|= 0.00122
  HOMO = -0.179918764760859  LUMO = 0.0525803552994319
cycle= 13 E= -699.529318152807  delta_E= -4.96e-09  |g|= 3.04e-05  |ddm|= 0.000312
  HOMO = -0.179919033464205  LUMO = 0.0525807559428009
cycle= 14 E= -699.529318153651  delta_E= -8.44e-10  |g|= 1.41e-05  |ddm|= 9.19e-05
  HOMO = -0.179919611032994  LUMO = 0.0525805833510693
cycle= 15 E= -699.52931815373  delta_E= -7.91e-11  |g|= 5.14e-06  |ddm|= 2.93e-05
  HOMO = -0.179919346973964  LUMO = 0.0525808311862551
cycle= 16 E= -699.529318154202  delta_E= -4.72e-10  |g|= 3.24e-06  |ddm|= 8.59e-06
  HOMO = -0.179919443800109  LUMO = 0.052580817090221
cycle= 17 E= -699.529318154345  delta_E= -1.43e-10  |g|= 2.73e-06  |ddm|= 6e-06
  HOMO = -0.179919513678367  LUMO = 0.0525808111308719
cycle= 18 E= -699.529318153751  delta_E= 5.94e-10  |g|= 2.28e-06  |ddm|= 8.61e-06
  HOMO = -0.179919534131259  LUMO = 0.0525808508104463
cycle= 19 E= -699.529318154726  delta_E= -9.75e-10  |g|= 1.82e-06  |ddm|= 1.06e-05
  HOMO = -0.179919578164032  LUMO = 0.0525808357192726
cycle= 20 E= -699.529318154428  delta_E= 2.98e-10  |g|= 1.32e-06  |ddm|= 1.3e-05
  HOMO = -0.179919563700801  LUMO = 0.0525808353303477
cycle= 21 E= -699.529318153513  delta_E= 9.15e-10  |g|= 9.97e-07  |ddm|= 1.04e-05
  HOMO = -0.179919542621491  LUMO = 0.0525808386131703
Extra cycle  E= -699.529318154563  delta_E= -1.05e-09  |g|= 8.75e-07  |ddm|= 1.75e-06
converged SCF energy = -699.529318154563
Difference in energy:  -3824.376101708183
E(MP2) = -702.878329812024  E_corr = -3.34901165746157
Total energy =  -2586.08573405526
time elapsed:  371.0320336818695
