

******** <class 'pyscf.dft.rks.RKS'> ********
method = RKS-RHF
initial guess = minao
damping factor = 0
level_shift factor = 0
DIIS = <class 'pyscf.scf.diis.CDIIS'>
diis_start_cycle = 1
diis_space = 8
SCF conv_tol = 1e-09
SCF conv_tol_grad = 1e-06
SCF max_cycles = 1000
direct_scf = True
direct_scf_tol = 1e-13
chkfile to save SCF result = scf.fchk
max_memory 900000 MB (current use 79 MB)
XC library pyscf.dft.libxc version 5.1.7
    S. Lehtola, C. Steigemann, M. J. Oliveira, and M. A. Marques, SoftwareX 7, 1 (2018)
XC functionals = pbe
    J. P. Perdew, K. Burke, and M. Ernzerhof, Phys. Rev. Lett. 77, 3865 (1996)
    J. P. Perdew, K. Burke, and M. Ernzerhof, Phys. Rev. Lett. 78, 1396 (1997)
    J. P. Perdew, K. Burke, and M. Ernzerhof, Phys. Rev. Lett. 77, 3865 (1996)
    J. P. Perdew, K. Burke, and M. Ernzerhof, Phys. Rev. Lett. 78, 1396 (1997)
small_rho_cutoff = 1e-07
init E= -2479.39981693459
  HOMO = -0.134878995983582  LUMO = -0.0691459258567038
cycle= 1 E= -2460.75331207072  delta_E= 18.6  |g|= 5.48  |ddm|= 10.3
  HOMO = -0.231775807630266  LUMO = -0.205622127636759
cycle= 2 E= -2322.76815184101  delta_E=  138  |g|= 18.9  |ddm|= 95.4
  HOMO = -0.16430264378582  LUMO = -0.16080323376451
cycle= 3 E= -2447.05311353121  delta_E= -124  |g|= 9.43  |ddm|= 71.8
  HOMO = -0.179545259260252  LUMO = -0.162341576348363
cycle= 4 E= -2465.18138164002  delta_E= -18.1  |g|=  6.2  |ddm|=   28
  HOMO = -0.153349547044175  LUMO = -0.152030215378852
cycle= 5 E= -2470.89975287947  delta_E= -5.72  |g|= 4.83  |ddm|= 3.77
  HOMO = -0.193731586590418  LUMO = -0.161792445859003
cycle= 6 E= -2468.23221922241  delta_E= 2.67  |g|= 5.42  |ddm|= 2.62
  HOMO = -0.190298991525057  LUMO = -0.163346481516367
cycle= 7 E= -2467.96738787892  delta_E= 0.265  |g|= 5.51  |ddm|= 0.278
  HOMO = -0.180561029135179  LUMO = -0.162247833294056
cycle= 8 E= -2467.9725977886  delta_E= -0.00521  |g|= 5.52  |ddm|= 0.67
  HOMO = -0.172477256813338  LUMO = -0.163127158598683
cycle= 9 E= -2467.58248322208  delta_E= 0.39  |g|= 5.64  |ddm|= 0.967
  HOMO = 0.0238375097063089  LUMO = 0.0259747927454122
cycle= 10 E= -2386.22387332854  delta_E= 81.4  |g|=   15  |ddm|= 21.1
  HOMO = -0.083331347240834  LUMO = -0.0369288582927643
cycle= 11 E= -2458.86424610759  delta_E= -72.6  |g|=  5.9  |ddm|= 18.1
  HOMO = -0.20984756388157  LUMO = -0.171330174397755
cycle= 12 E= -2467.57772237127  delta_E= -8.71  |g|= 5.64  |ddm|= 9.24
  HOMO = -0.202937328933195  LUMO = -0.165662673916124
cycle= 13 E= -2466.33447704737  delta_E= 1.24  |g|= 5.99  |ddm|= 0.872
  HOMO = -0.193392700847681  LUMO = -0.1565245164642
cycle= 14 E= -2466.36081496387  delta_E= -0.0263  |g|= 5.98  |ddm|= 1.26
  HOMO = -0.181130008511455  LUMO = -0.138961096481023
cycle= 15 E= -2468.37626550617  delta_E= -2.02  |g|= 5.36  |ddm|=  1.9
  HOMO = -0.185647715831394  LUMO = -0.156598196550271
cycle= 16 E= -2467.26154045858  delta_E= 1.11  |g|= 5.74  |ddm|= 1.76
  HOMO = -0.210495142315565  LUMO = -0.171030231320104
cycle= 17 E= -2467.03293594738  delta_E= 0.229  |g|=  5.8  |ddm|= 0.858
  HOMO = -0.206188121629903  LUMO = -0.172510530264162
cycle= 18 E= -2466.97738569353  delta_E= 0.0556  |g|= 5.81  |ddm|= 0.492
  HOMO = -0.210010093000445  LUMO = -0.172364259177958
cycle= 19 E= -2466.44033284956  delta_E= 0.537  |g|= 5.96  |ddm|= 0.559
  HOMO = 0.0254894005152983  LUMO = 0.0331899899270037
cycle= 20 E= -2383.33628188003  delta_E= 83.1  |g|= 13.4  |ddm|= 25.4
  HOMO = -0.06558439504356  LUMO = -0.0487936710121217
cycle= 21 E= -2459.77537833808  delta_E= -76.4  |g|=  5.4  |ddm|= 23.2
  HOMO = -0.158539279725525  LUMO = -0.151009788341868
cycle= 22 E= -2465.46464139909  delta_E= -5.69  |g|= 6.05  |ddm|= 8.22
  HOMO = -0.181749494953772  LUMO = -0.177610973168302
cycle= 23 E= -2468.99514902895  delta_E= -3.53  |g|= 5.12  |ddm|= 3.11
  HOMO = -0.160359245589311  LUMO = -0.138738827706129
cycle= 24 E= -2468.62700142784  delta_E= 0.368  |g|= 5.29  |ddm|= 2.13
  HOMO = -0.174078569585074  LUMO = -0.149768891238179
cycle= 25 E= -2468.6628270591  delta_E= -0.0358  |g|= 5.29  |ddm|= 1.47
  HOMO = -0.180001761132185  LUMO = -0.1560854664939
cycle= 26 E= -2468.56568612944  delta_E= 0.0971  |g|= 5.31  |ddm|= 0.788
  HOMO = -0.175249244051769  LUMO = -0.154381522700729
cycle= 27 E= -2468.7449943977  delta_E= -0.179  |g|= 5.25  |ddm|= 0.621
  HOMO = -0.150251511428973  LUMO = -0.148506839662555
cycle= 28 E= -2470.08844385611  delta_E= -1.34  |g|= 4.99  |ddm|= 1.47
  HOMO = -0.191520827697727  LUMO = -0.156161237556712
cycle= 29 E= -2468.48940354698  delta_E=  1.6  |g|= 5.33  |ddm|= 1.55
  HOMO = 0.031186218547119  LUMO = 0.0437809224129202
cycle= 30 E= -2357.40889964245  delta_E=  111  |g|= 14.1  |ddm|= 30.5
  HOMO = -0.0860124350469789  LUMO = -0.0433541462410626
cycle= 31 E= -2459.58059425121  delta_E= -102  |g|= 5.81  |ddm|= 29.2
  HOMO = -0.164852781294124  LUMO = -0.152583870444632
cycle= 32 E= -2466.28242560498  delta_E= -6.7  |g|=    6  |ddm|= 9.09
  HOMO = -0.199646615089085  LUMO = -0.153811734874213
cycle= 33 E= -2466.91509662278  delta_E= -0.633  |g|= 5.84  |ddm|= 1.83
  HOMO = -0.199719822423382  LUMO = -0.15556868686832
cycle= 34 E= -2467.1112203371  delta_E= -0.196  |g|= 5.78  |ddm|= 0.53
  HOMO = -0.184549143873657  LUMO = -0.152387453249178
cycle= 35 E= -2467.01854824325  delta_E= 0.0927  |g|= 5.79  |ddm|= 0.972
  HOMO = -0.192747321827688  LUMO = -0.157596433298466
cycle= 36 E= -2467.38376075341  delta_E= -0.365  |g|= 5.69  |ddm|= 1.29
  HOMO = -0.196619009880179  LUMO = -0.152083607140625
cycle= 37 E= -2467.32760162746  delta_E= 0.0562  |g|= 5.72  |ddm|= 0.679
  HOMO = -0.202687267615515  LUMO = -0.152958358572242
cycle= 38 E= -2467.07417541404  delta_E= 0.253  |g|=  5.8  |ddm|= 0.619
  HOMO = -0.203449935679634  LUMO = -0.153686120573159
cycle= 39 E= -2467.03032558234  delta_E= 0.0438  |g|= 5.81  |ddm|= 0.0779
  HOMO = 0.00528999894941222  LUMO = 0.00691881086881277
cycle= 40 E= -2371.61759486031  delta_E= 95.4  |g|= 13.3  |ddm|= 26.7
  HOMO = -0.0850082212530551  LUMO = -0.0729844366369135
cycle= 41 E= -2460.795890864  delta_E= -89.2  |g|= 5.28  |ddm|= 24.9
  HOMO = -0.184080116236844  LUMO = -0.140434730000675
cycle= 42 E= -2463.96473771252  delta_E= -3.17  |g|= 6.25  |ddm|= 8.14
  HOMO = -0.182197517919536  LUMO = -0.160756627342162
cycle= 43 E= -2466.9894142674  delta_E= -3.02  |g|= 5.79  |ddm|= 3.24
  HOMO = -0.171845844750797  LUMO = -0.16257211982774
cycle= 44 E= -2466.79575062145  delta_E= 0.194  |g|= 5.88  |ddm|= 1.54
  HOMO = -0.171035753668898  LUMO = -0.168214819329584
cycle= 45 E= -2467.09019172602  delta_E= -0.294  |g|=  5.8  |ddm|= 1.02
  HOMO = -0.173628539083233  LUMO = -0.157876725771532
cycle= 46 E= -2466.94727871768  delta_E= 0.143  |g|= 5.86  |ddm|= 1.24
  HOMO = -0.167222622216614  LUMO = -0.165227877632402
cycle= 47 E= -2466.96059544205  delta_E= -0.0133  |g|= 5.83  |ddm|= 1.25
  HOMO = -0.167066629454951  LUMO = -0.165071316262013
cycle= 48 E= -2467.16589597265  delta_E= -0.205  |g|= 5.77  |ddm|= 0.677
  HOMO = -0.176726085140718  LUMO = -0.165435511665527
cycle= 49 E= -2466.87132640868  delta_E= 0.295  |g|= 5.86  |ddm|= 0.712
  HOMO = 0.0374635600579754  LUMO = 0.0417611690157622
cycle= 50 E= -2322.45710979153  delta_E=  144  |g|= 13.8  |ddm|= 33.2
  HOMO = -0.11431074895512  LUMO = -0.0844675551802073
cycle= 51 E= -2458.37893058823  delta_E= -136  |g|= 6.89  |ddm|= 32.6
  HOMO = -0.180260301313908  LUMO = -0.140906842234613
cycle= 52 E= -2466.62633565718  delta_E= -8.25  |g|= 5.93  |ddm|= 10.6
  HOMO = -0.198371046106817  LUMO = -0.150910743923324
cycle= 53 E= -2467.05728535122  delta_E= -0.431  |g|=  5.8  |ddm|=  1.2
  HOMO = -0.1833573872099  LUMO = -0.154573116800843
cycle= 54 E= -2466.80544682862  delta_E= 0.252  |g|= 5.86  |ddm|= 0.947
  HOMO = -0.191837337847054  LUMO = -0.151996756541779
cycle= 55 E= -2466.68582778491  delta_E= 0.12  |g|= 5.92  |ddm|= 0.709
  HOMO = -0.192693006896533  LUMO = -0.152081018059042
cycle= 56 E= -2466.73266931089  delta_E= -0.0468  |g|=  5.9  |ddm|= 0.383
  HOMO = -0.190782784580189  LUMO = -0.151861877239287
cycle= 57 E= -2466.84386975201  delta_E= -0.111  |g|= 5.87  |ddm|= 0.637
  HOMO = -0.197496825413296  LUMO = -0.158824047931398
cycle= 58 E= -2466.70268773382  delta_E= 0.141  |g|= 5.91  |ddm|= 0.834
  HOMO = -0.157766125016732  LUMO = -0.136446111084227
cycle= 59 E= -2468.07507576465  delta_E= -1.37  |g|= 5.52  |ddm|= 1.76
  HOMO = -0.011175210217576  LUMO = 0.000806500435654225
cycle= 60 E= -2385.57297612075  delta_E= 82.5  |g|= 11.9  |ddm|= 20.1
  HOMO = -0.075562051544615  LUMO = -0.0570722102961202
cycle= 61 E= -2461.61415563163  delta_E=  -76  |g|= 4.99  |ddm|= 18.3
  HOMO = -0.146835599064598  LUMO = -0.137263733329068
cycle= 62 E= -2461.44387575968  delta_E= 0.17  |g|=  6.9  |ddm|= 8.75
  HOMO = -0.184743233131611  LUMO = -0.177654948630362
cycle= 63 E= -2466.55410969001  delta_E= -5.11  |g|= 5.95  |ddm|= 3.86
  HOMO = -0.180835980775131  LUMO = -0.172252165640525
cycle= 64 E= -2466.35774865616  delta_E= 0.196  |g|= 5.95  |ddm|= 2.04
  HOMO = -0.17464893272513  LUMO = -0.169248571159402
cycle= 65 E= -2466.54466154223  delta_E= -0.187  |g|= 5.95  |ddm|= 2.03
  HOMO = -0.17369831380743  LUMO = -0.17078694266373
cycle= 66 E= -2466.67362185605  delta_E= -0.129  |g|= 5.92  |ddm|= 0.481
  HOMO = -0.16997736426413  LUMO = -0.165868124630311
cycle= 67 E= -2466.39474442445  delta_E= 0.279  |g|= 5.95  |ddm|= 1.83
  HOMO = -0.180351773971381  LUMO = -0.160274878900822
cycle= 68 E= -2466.39910541078  delta_E= -0.00436  |g|= 6.01  |ddm|= 1.96
  HOMO = -0.178028240473598  LUMO = -0.161860736881545
cycle= 69 E= -2466.60586282025  delta_E= -0.207  |g|= 5.95  |ddm|= 0.301
  HOMO = 0.0118903114433521  LUMO = 0.0229691701608353
cycle= 70 E= -2336.32628494552  delta_E=  130  |g|= 14.1  |ddm|= 27.8
  HOMO = -0.124502046009019  LUMO = -0.0776402260472281
cycle= 71 E= -2457.94401705355  delta_E= -122  |g|= 7.14  |ddm|= 26.4
  HOMO = -0.161786827739156  LUMO = -0.160536076521011
cycle= 72 E= -2467.01004344171  delta_E= -9.07  |g|= 5.69  |ddm|= 10.5
  HOMO = -0.173670410113367  LUMO = -0.167363689209383
cycle= 73 E= -2468.6371847031  delta_E= -1.63  |g|= 5.32  |ddm|= 2.43
  HOMO = -0.17628697587023  LUMO = -0.168574152798462
cycle= 74 E= -2468.28719713321  delta_E= 0.35  |g|= 5.44  |ddm|= 1.34
  HOMO = -0.177766914239722  LUMO = -0.16993926489406
cycle= 75 E= -2468.35680321677  delta_E= -0.0696  |g|= 5.42  |ddm|= 0.423
  HOMO = -0.172624616688923  LUMO = -0.144452899713195
cycle= 76 E= -2466.07817664901  delta_E= 2.28  |g|= 5.72  |ddm|= 2.78
  HOMO = -0.166659437885046  LUMO = -0.157563014939386
cycle= 77 E= -2468.3590121646  delta_E= -2.28  |g|= 5.39  |ddm|=  2.9
  HOMO = -0.185619513000421  LUMO = -0.163777667097505
cycle= 78 E= -2468.63327953366  delta_E= -0.274  |g|= 5.31  |ddm|= 1.01
  HOMO = -0.15460779550285  LUMO = -0.135418339242679
cycle= 79 E= -2471.46873912033  delta_E= -2.84  |g|= 4.66  |ddm|= 2.77
  HOMO = 0.0169513453592585  LUMO = 0.0291448783607029
cycle= 80 E= -2376.48110621878  delta_E=   95  |g|=   14  |ddm|= 26.3
  HOMO = -0.0941346567042239  LUMO = -0.0763024178463286
cycle= 81 E= -2460.0411621741  delta_E= -83.6  |g|= 5.66  |ddm|= 24.7
  HOMO = -0.159917606304241  LUMO = -0.144484553879651
cycle= 82 E= -2464.97264746689  delta_E= -4.93  |g|= 6.13  |ddm|= 8.85
  HOMO = -0.173060048126275  LUMO = -0.160995690326209
cycle= 83 E= -2467.36417418042  delta_E= -2.39  |g|= 5.72  |ddm|= 2.53
  HOMO = -0.169686000021594  LUMO = -0.168373101410272
cycle= 84 E= -2467.31470805687  delta_E= 0.0495  |g|= 5.72  |ddm|=  1.3
  HOMO = -0.173901685740418  LUMO = -0.171511478572442
cycle= 85 E= -2466.81417276971  delta_E= 0.501  |g|= 5.82  |ddm|= 1.86
  HOMO = -0.176786857231856  LUMO = -0.165302847913252
cycle= 86 E= -2467.10302898782  delta_E= -0.289  |g|=  5.8  |ddm|= 1.89
  HOMO = -0.167401730912093  LUMO = -0.164009630725242
cycle= 87 E= -2467.08585984732  delta_E= 0.0172  |g|= 5.73  |ddm|= 1.88
  HOMO = -0.166972863504346  LUMO = -0.160822598652032
cycle= 88 E= -2466.85222141636  delta_E= 0.234  |g|= 5.89  |ddm|= 2.42
  HOMO = -0.167515713709081  LUMO = -0.16561522727732
cycle= 89 E= -2467.19759371805  delta_E= -0.345  |g|= 5.79  |ddm|= 1.24
  HOMO = 0.0406652046006024  LUMO = 0.043889860977315
cycle= 90 E= -2326.86643887443  delta_E=  140  |g|= 14.8  |ddm|= 35.3
  HOMO = -0.100540572246441  LUMO = -0.0966391119382207
cycle= 91 E= -2457.04965395516  delta_E= -130  |g|= 7.49  |ddm|= 34.4
  HOMO = -0.157890304896664  LUMO = -0.149018639069943
cycle= 92 E= -2468.18155479848  delta_E= -11.1  |g|= 5.37  |ddm|= 11.2
  HOMO = -0.157927994605734  LUMO = -0.15582951197918
cycle= 93 E= -2469.05640076514  delta_E= -0.875  |g|= 5.17  |ddm|= 1.94
  HOMO = -0.160766639378575  LUMO = -0.155304501651818
cycle= 94 E= -2469.05445049401  delta_E= 0.00195  |g|= 5.17  |ddm|= 0.947
  HOMO = -0.152481117952424  LUMO = -0.149503608002134
cycle= 95 E= -2469.238988722  delta_E= -0.185  |g|=  5.1  |ddm|= 0.535
  HOMO = -0.163515965640106  LUMO = -0.161103324102489
cycle= 96 E= -2469.30440399467  delta_E= -0.0654  |g|= 5.12  |ddm|= 0.791
  HOMO = -0.166027750392843  LUMO = -0.156794562864581
cycle= 97 E= -2472.17999871059  delta_E= -2.88  |g|= 4.23  |ddm|= 2.74
  HOMO = -0.182281308272512  LUMO = -0.16041972472015
cycle= 98 E= -2468.77536359396  delta_E=  3.4  |g|= 5.25  |ddm|= 2.94
  HOMO = -0.154163730572883  LUMO = -0.150479423981293
cycle= 99 E= -2471.98245125478  delta_E= -3.21  |g|= 4.37  |ddm|= 2.66
  HOMO = 0.0359842163026872  LUMO = 0.0391144665372202
cycle= 100 E= -2365.34475444306  delta_E=  107  |g|= 13.8  |ddm|= 28.3
  HOMO = -0.0920199905536042  LUMO = -0.0644548886678008
cycle= 101 E= -2460.58942499086  delta_E= -95.2  |g|= 5.38  |ddm|= 27.2
  HOMO = -0.167117586253597  LUMO = -0.145905949346755
cycle= 102 E= -2465.74123119183  delta_E= -5.15  |g|= 6.16  |ddm|= 8.64
  HOMO = -0.169257884251384  LUMO = -0.146027905087064
cycle= 103 E= -2466.37513385501  delta_E= -0.634  |g|= 5.98  |ddm|= 1.11
  HOMO = -0.17063872920391  LUMO = -0.147907197551246
cycle= 104 E= -2466.26549550628  delta_E= 0.11  |g|= 6.02  |ddm|= 0.762
  HOMO = -0.168134085964527  LUMO = -0.148140429390884
cycle= 105 E= -2466.16437630605  delta_E= 0.101  |g|= 6.05  |ddm|= 0.327
  HOMO = -0.199284656100656  LUMO = -0.150298452130793
cycle= 106 E= -2466.38776532445  delta_E= -0.223  |g|= 5.99  |ddm|= 1.15
  HOMO = -0.181784178389902  LUMO = -0.149160825811783
cycle= 107 E= -2466.58278117963  delta_E= -0.195  |g|= 5.93  |ddm|= 0.751
  HOMO = -0.176070043590397  LUMO = -0.144254967622387
cycle= 108 E= -2466.13898370795  delta_E= 0.444  |g|= 6.08  |ddm|= 1.21
  HOMO = -0.170004340559108  LUMO = -0.141269192451318
cycle= 109 E= -2466.43423100897  delta_E= -0.295  |g|= 5.99  |ddm|= 0.324
  HOMO = 0.0156795377369715  LUMO = 0.0203382791257788
cycle= 110 E= -2380.53045395714  delta_E= 85.9  |g|= 13.3  |ddm|= 25.4
  HOMO = -0.104320111459425  LUMO = -0.0402663510599966
cycle= 111 E= -2459.89313891798  delta_E= -79.4  |g|=  5.7  |ddm|= 22.8
  HOMO = -0.177305286695568  LUMO = -0.155621365309395
cycle= 112 E= -2466.62416998918  delta_E= -6.73  |g|= 5.91  |ddm|=  8.6
  HOMO = -0.184850817793758  LUMO = -0.147668571778933
cycle= 113 E= -2467.45784098622  delta_E= -0.834  |g|= 5.68  |ddm|= 1.65
  HOMO = -0.179939056152379  LUMO = -0.144880377389966
cycle= 114 E= -2467.58075066368  delta_E= -0.123  |g|= 5.65  |ddm|= 0.864
  HOMO = -0.183322315203301  LUMO = -0.146707336699077
cycle= 115 E= -2467.54496508221  delta_E= 0.0358  |g|= 5.65  |ddm|= 0.894
  HOMO = -0.187574758724592  LUMO = -0.161052995914501
cycle= 116 E= -2468.07470878828  delta_E= -0.53  |g|= 5.42  |ddm|= 1.44
  HOMO = -0.162973956959223  LUMO = -0.134211769187423
cycle= 117 E= -2467.58595659724  delta_E= 0.489  |g|= 5.66  |ddm|=    2
  HOMO = -0.158562026477054  LUMO = -0.140326580107162
cycle= 118 E= -2467.49185043356  delta_E= 0.0941  |g|= 5.64  |ddm|= 1.97
  HOMO = -0.191247160908838  LUMO = -0.150079661914109
cycle= 119 E= -2467.22721027669  delta_E= 0.265  |g|= 5.75  |ddm|= 1.55
  HOMO = 0.0286438342822909  LUMO = 0.0391193188810587
cycle= 120 E= -2337.05331882265  delta_E=  130  |g|= 17.1  |ddm|= 32.3
  HOMO = -0.061455958589586  LUMO = -0.0455186155651078
cycle= 121 E= -2447.74347355596  delta_E= -111  |g|= 9.75  |ddm|= 32.7
  HOMO = -0.0539129205779929  LUMO = -0.0103259634443326
cycle= 122 E= -2461.72546208128  delta_E=  -14  |g|= 5.01  |ddm|= 11.1
  HOMO = -0.179541724736457  LUMO = -0.167085233188946
cycle= 123 E= -2465.21245094825  delta_E= -3.49  |g|=  6.2  |ddm|= 7.54
  HOMO = -0.200962461317984  LUMO = -0.169210392480297
cycle= 124 E= -2466.87082459833  delta_E= -1.66  |g|= 5.85  |ddm|= 2.81
  HOMO = -0.206354132379725  LUMO = -0.175277820640767
cycle= 125 E= -2467.12082593545  delta_E= -0.25  |g|= 5.72  |ddm|= 1.47
  HOMO = -0.180119139661332  LUMO = -0.162821313443609
cycle= 126 E= -2467.02400098628  delta_E= 0.0968  |g|= 5.79  |ddm|=  1.5
  HOMO = -0.180473370500301  LUMO = -0.164192269936928
cycle= 127 E= -2466.75773481253  delta_E= 0.266  |g|= 5.86  |ddm|= 1.46
  HOMO = -0.203303385574754  LUMO = -0.165059400776197
cycle= 128 E= -2466.9526521511  delta_E= -0.195  |g|= 5.82  |ddm|= 0.774
  HOMO = -0.196562457141982  LUMO = -0.16096042871985
cycle= 129 E= -2467.21947662584  delta_E= -0.267  |g|= 5.74  |ddm|= 0.32
  HOMO = -0.201954697344011  LUMO = -0.164290898542874
cycle= 130 E= -2467.35801611422  delta_E= -0.139  |g|= 5.69  |ddm|= 0.44
  HOMO = 0.030349949742471  LUMO = 0.0411470210370937
cycle= 131 E= -2369.0824072626  delta_E= 98.3  |g|= 13.7  |ddm|= 30.9
  HOMO = -0.0803751637779714  LUMO = -0.0512304321322272
cycle= 132 E= -2459.61566758928  delta_E= -90.5  |g|= 5.77  |ddm|= 29.1
  HOMO = -0.157320007538048  LUMO = -0.150279872724043
cycle= 133 E= -2466.25412930682  delta_E= -6.64  |g|= 5.95  |ddm|= 8.82
  HOMO = -0.178635394215784  LUMO = -0.164425847024145
cycle= 134 E= -2467.46676258364  delta_E= -1.21  |g|= 5.64  |ddm|= 2.47
  HOMO = -0.188094596745963  LUMO = -0.157706887193553
cycle= 135 E= -2467.32455872733  delta_E= 0.142  |g|= 5.72  |ddm|= 1.36
  HOMO = -0.190071265660664  LUMO = -0.160035416377878
cycle= 136 E= -2467.33921094065  delta_E= -0.0147  |g|= 5.71  |ddm|= 0.315
  HOMO = -0.19077819711343  LUMO = -0.158189351422872
cycle= 137 E= -2467.3134384601  delta_E= 0.0258  |g|= 5.72  |ddm|= 0.228
  HOMO = -0.185772632228254  LUMO = -0.159646013828137
cycle= 138 E= -2467.55378741352  delta_E= -0.24  |g|= 5.62  |ddm|= 1.24
  HOMO = -0.192487333641952  LUMO = -0.161433472475006
cycle= 139 E= -2467.41330187461  delta_E= 0.14  |g|= 5.69  |ddm|= 1.28
  HOMO = -0.192291273621386  LUMO = -0.160189253078848
cycle= 140 E= -2466.87560323759  delta_E= 0.538  |g|= 5.85  |ddm|= 0.752
  HOMO = 0.0287447461333975  LUMO = 0.0330866101067815
cycle= 141 E= -2311.11874705438  delta_E=  156  |g|= 14.6  |ddm|= 35.1
  HOMO = -0.110936096964942  LUMO = -0.0406438481275127
cycle= 142 E= -2458.70467557605  delta_E= -148  |g|= 6.18  |ddm|= 34.3
  HOMO = -0.176891631764453  LUMO = -0.156835290045022
cycle= 143 E= -2467.63517491025  delta_E= -8.93  |g|= 5.59  |ddm|= 8.99
  HOMO = -0.180726507895201  LUMO = -0.156916232572155
cycle= 144 E= -2467.23306375509  delta_E= 0.402  |g|= 5.73  |ddm|=  1.8
  HOMO = -0.17558504696622  LUMO = -0.160645182191473
cycle= 145 E= -2466.81005894051  delta_E= 0.423  |g|= 5.85  |ddm|= 1.76
  HOMO = -0.204430125932431  LUMO = -0.165341288512109
cycle= 146 E= -2467.10783711238  delta_E= -0.298  |g|= 5.78  |ddm|= 1.47
  HOMO = -0.184960048792883  LUMO = -0.159178289793667
cycle= 147 E= -2466.25850379712  delta_E= 0.849  |g|= 6.03  |ddm|=  1.4
  HOMO = -0.195205213542829  LUMO = -0.16225044726209
cycle= 148 E= -2466.77666196822  delta_E= -0.518  |g|= 5.87  |ddm|= 1.09
  HOMO = -0.178690556470399  LUMO = -0.161707773343588
cycle= 149 E= -2468.09662033989  delta_E= -1.32  |g|= 5.42  |ddm|= 1.72
  HOMO = -0.189476580586407  LUMO = -0.154853345263782
cycle= 150 E= -2467.35909780853  delta_E= 0.738  |g|= 5.72  |ddm|= 1.72
  HOMO = 0.0235382145691666  LUMO = 0.0250383393827281
cycle= 151 E= -2376.08970817198  delta_E= 91.3  |g|= 13.8  |ddm|= 23.8
  HOMO = -0.0863918170017445  LUMO = -0.068075653860663
cycle= 152 E= -2459.90881412175  delta_E= -83.8  |g|= 5.55  |ddm|= 21.7
  HOMO = -0.18369539485262  LUMO = -0.152181166139687
cycle= 153 E= -2466.95607192194  delta_E= -7.05  |g|= 5.83  |ddm|= 8.39
  HOMO = -0.195168263220974  LUMO = -0.152218845518826
cycle= 154 E= -2466.9700563138  delta_E= -0.014  |g|= 5.84  |ddm|= 1.02
  HOMO = -0.188196636538145  LUMO = -0.154520273240402
cycle= 155 E= -2466.85551368176  delta_E= 0.115  |g|= 5.87  |ddm|= 0.472
  HOMO = -0.173382408640837  LUMO = -0.156120353141507
cycle= 156 E= -2467.00440306076  delta_E= -0.149  |g|=  5.8  |ddm|= 1.17
  HOMO = -0.191877875390971  LUMO = -0.150584120948915
cycle= 157 E= -2466.89674040436  delta_E= 0.108  |g|= 5.86  |ddm|= 1.27
  HOMO = -0.175592266054186  LUMO = -0.160901394623527
cycle= 158 E= -2467.0590323464  delta_E= -0.162  |g|= 5.76  |ddm|= 1.65
  HOMO = -0.193557645884532  LUMO = -0.151881235469749
cycle= 159 E= -2467.08523742805  delta_E= -0.0262  |g|=  5.8  |ddm|= 1.51
  HOMO = -0.196901182160048  LUMO = -0.156660166829418
cycle= 160 E= -2466.62050872405  delta_E= 0.465  |g|= 5.94  |ddm|= 0.658
  HOMO = 0.0483440856483955  LUMO = 0.0562221471489869
cycle= 161 E= -2324.81819163908  delta_E=  142  |g|= 15.8  |ddm|= 39.5
  HOMO = -0.0531707688748402  LUMO = -0.0502506345386006
cycle= 162 E= -2451.3619465702  delta_E= -127  |g|= 8.37  |ddm|= 38.3
  HOMO = -0.0974905058869117  LUMO = -0.0869715063740212
cycle= 163 E= -2468.11064712202  delta_E= -16.7  |g|= 5.43  |ddm|= 10.5
  HOMO = -0.171584146196185  LUMO = -0.156748599067232
cycle= 164 E= -2467.23182450582  delta_E= 0.879  |g|= 5.35  |ddm|= 6.22
  HOMO = -0.172563342038867  LUMO = -0.153028236261845
cycle= 165 E= -2474.70243702538  delta_E= -7.47  |g|= 2.31  |ddm|= 3.67
  HOMO = -0.18045165681728  LUMO = -0.165398478013814
cycle= 166 E= -2468.62569616834  delta_E= 6.08  |g|= 5.36  |ddm|= 3.56
  HOMO = -0.165940475446776  LUMO = -0.162574100468909
cycle= 167 E= -2472.08358607626  delta_E= -3.46  |g|= 4.28  |ddm|= 2.89
  HOMO = -0.167773336522613  LUMO = -0.16068095224954
cycle= 168 E= -2472.67762314303  delta_E= -0.594  |g|= 3.98  |ddm|=  1.5
  HOMO = -0.172592822209316  LUMO = -0.15094374895879
cycle= 169 E= -2474.31087867219  delta_E= -1.63  |g|= 2.71  |ddm|= 1.45
  HOMO = -0.168305075406087  LUMO = -0.156826979810796
cycle= 170 E= -2472.48802841631  delta_E= 1.82  |g|= 4.08  |ddm|= 2.13
  HOMO = -0.14513073752916  LUMO = -0.101165983859954
cycle= 171 E= -2475.50203061164  delta_E= -3.01  |g|= 0.985  |ddm|= 2.47
  HOMO = -0.0821316245486883  LUMO = -0.0583518603573615
cycle= 172 E= -2466.01760039337  delta_E= 9.48  |g|= 5.62  |ddm|= 5.03
  HOMO = -0.171114292557054  LUMO = -0.159991340751174
cycle= 173 E= -2472.21218282732  delta_E= -6.19  |g|= 3.89  |ddm|= 5.03
  HOMO = -0.176148185843923  LUMO = -0.157524623059592
cycle= 174 E= -2474.93970938658  delta_E= -2.73  |g|= 2.03  |ddm|= 2.36
  HOMO = -0.171993355597152  LUMO = -0.143142048381641
cycle= 175 E= -2475.15427919566  delta_E= -0.215  |g|= 1.81  |ddm|= 0.776
  HOMO = -0.17203450816608  LUMO = -0.144631342970056
cycle= 176 E= -2475.13396492567  delta_E= 0.0203  |g|= 1.84  |ddm|= 0.112
  HOMO = -0.170334097298271  LUMO = -0.145261420850826
cycle= 177 E= -2475.07501826188  delta_E= 0.0589  |g|= 1.93  |ddm|= 0.155
  HOMO = -0.169814514903573  LUMO = -0.144688894540858
cycle= 178 E= -2475.05530235462  delta_E= 0.0197  |g|= 1.96  |ddm|= 0.146
  HOMO = -0.147087171039345  LUMO = -0.10962443162598
cycle= 179 E= -2475.63086130504  delta_E= -0.576  |g|= 0.587  |ddm|=  1.3
  HOMO = -0.142721534849826  LUMO = -0.105850951929033
cycle= 180 E= -2475.45850534332  delta_E= 0.172  |g|= 1.04  |ddm|= 1.61
  HOMO = -0.103649715752069  LUMO = -0.079666788236457
cycle= 181 E= -2475.53575202097  delta_E= -0.0772  |g|= 1.03  |ddm|= 1.55
  HOMO = -0.132982685378857  LUMO = -0.0955034413977654
cycle= 182 E= -2475.72153176167  delta_E= -0.186  |g|= 0.123  |ddm|= 0.827
  HOMO = -0.132009006368982  LUMO = -0.0948369035104482
cycle= 183 E= -2475.72312908124  delta_E= -0.0016  |g|= 0.0827  |ddm|= 0.206
  HOMO = -0.131806136950162  LUMO = -0.0937962206994526
cycle= 184 E= -2475.72445733162  delta_E= -0.00133  |g|= 0.0458  |ddm|= 0.134
  HOMO = -0.131992544500964  LUMO = -0.093822997518257
cycle= 185 E= -2475.72503206435  delta_E= -0.000575  |g|= 0.016  |ddm|= 0.0662
  HOMO = -0.132209075977872  LUMO = -0.0940568720414808
cycle= 186 E= -2475.72508054006  delta_E= -4.85e-05  |g|= 0.00819  |ddm|= 0.0241
  HOMO = -0.132232485854672  LUMO = -0.0941081193647826
cycle= 187 E= -2475.72509934827  delta_E= -1.88e-05  |g|= 0.00239  |ddm|= 0.0112
  HOMO = -0.132312934580301  LUMO = -0.0941805940684453
cycle= 188 E= -2475.72509977548  delta_E= -4.27e-07  |g|= 0.00226  |ddm|= 0.00351
  HOMO = -0.13224086962499  LUMO = -0.0941350786385483
cycle= 189 E= -2475.72510033273  delta_E= -5.57e-07  |g|= 0.0012  |ddm|= 0.00253
  HOMO = -0.13224322174535  LUMO = -0.0941347293058085
cycle= 190 E= -2475.72510070411  delta_E= -3.71e-07  |g|= 0.000159  |ddm|= 0.00143
  HOMO = -0.132234516677514  LUMO = -0.0941298194903066
cycle= 191 E= -2475.72510069052  delta_E= 1.36e-08  |g|= 0.000285  |ddm|= 0.000437
  HOMO = -0.132241376822374  LUMO = -0.0941353789719016
cycle= 192 E= -2475.72510070933  delta_E= -1.88e-08  |g|= 5.84e-05  |ddm|= 0.000322
  HOMO = -0.132240128367077  LUMO = -0.0941335362434574
cycle= 193 E= -2475.72510070877  delta_E= 5.63e-10  |g|= 7.09e-05  |ddm|= 0.000135
  HOMO = -0.132241188049923  LUMO = -0.0941341975894533
cycle= 194 E= -2475.72510070996  delta_E= -1.19e-09  |g|= 3.19e-05  |ddm|= 0.000115
  HOMO = -0.132241559314928  LUMO = -0.0941344841515503
cycle= 195 E= -2475.72510071021  delta_E= -2.56e-10  |g|= 1.9e-05  |ddm|= 5.48e-05
  HOMO = -0.132241659071413  LUMO = -0.0941346040656739
cycle= 196 E= -2475.72510071024  delta_E= -3.37e-11  |g|= 1.47e-05  |ddm|= 3.52e-05
  HOMO = -0.132241590115304  LUMO = -0.0941344984042661
cycle= 197 E= -2475.7251007103  delta_E= -5.28e-11  |g|= 8.43e-06  |ddm|= 1.83e-05
  HOMO = -0.132240833002952  LUMO = -0.0941338819991284
cycle= 198 E= -2475.72510071022  delta_E= 8.09e-11  |g|= 2.06e-05  |ddm|= 2.1e-05
  HOMO = -0.132241333053661  LUMO = -0.0941343166319868
cycle= 199 E= -2475.7251007103  delta_E= -8e-11  |g|= 6.62e-06  |ddm|= 1.98e-05
  HOMO = -0.132241360165609  LUMO = -0.0941343461841971
cycle= 200 E= -2475.7251007103  delta_E= -9.09e-13  |g|= 8.63e-07  |ddm|= 8.6e-06
  HOMO = -0.132241361895867  LUMO = -0.0941343412422502
Extra cycle  E= -2475.72510071031  delta_E= -1.36e-11  |g|= 2.4e-06  |ddm|= 3.46e-06
converged SCF energy = -2475.72510071031
AOs:  [0, 1, 2, 3, 4, 5, 6, 7, 8, 9, 10, 11, 12, 13, 14, 15, 16, 17, 18, 19, 20, 21, 22, 23, 24, 25, 26, 27, 28, 29, 30, 31, 32, 33, 34, 35, 36, 37, 38, 39, 40, 41, 42, 43, 44, 45, 46, 47, 48, 49, 50, 51, 52, 53, 54, 55, 56, 57, 58, 59, 60, 61, 62, 63, 64, 65, 66, 67, 68, 69, 70, 71, 72, 73, 74, 75, 76, 77, 78, 79, 80, 81, 82, 83, 84, 85, 86, 87, 88, 89, 90, 91, 92, 93, 94, 95, 96, 97, 98, 99, 100, 101, 102, 103, 104, 105, 106, 107, 108, 109, 110, 111, 112, 113, 114, 115, 116, 117, 118, 119, 120, 121, 122, 123, 124, 125, 126, 127, 128, 129, 130, 131, 132, 133, 134, 135, 136, 137, 138, 139, 140, 141, 142, 143, 144, 145, 146, 147, 148, 149, 150, 151, 152, 153, 154, 155, 156, 157, 158, 159, 160, 161, 162, 163, 164, 165, 166, 167, 168, 169, 170, 171, 172, 173, 174, 175, 176, 177, 178, 179, 180, 181, 182, 183, 184, 185, 186, 187, 188, 189, 190, 191, 192, 193, 194, 195, 196, 197, 198, 199, 200, 201, 202, 203, 204, 205, 206, 207, 208, 209, 210, 211, 212, 213, 214, 215, 216, 217, 218, 219, 220, 221, 222, 223, 224, 225, 226, 227, 228, 229, 230, 231, 232, 233, 234, 235, 236, 237, 238, 239, 240, 241, 242, 243, 244, 245, 246, 247, 248, 249, 250, 251, 252, 253, 254, 255, 256, 257, 258, 259, 260, 261, 262, 263, 264, 265, 266, 267, 268, 269, 270, 271, 272, 273, 274, 275, 276, 277, 278, 279, 280, 281, 282, 283, 284, 285, 286, 287, 288, 289, 290, 291, 292, 293, 294, 295, 296]
297

 AO indices used for projection:  [0, 1, 2, 3, 5, 6, 7, 8, 9, 10, 14, 15, 16, 17, 18, 31, 32, 34, 35, 36, 45, 46, 48, 49, 50, 59, 60, 62, 63, 64, 73, 74, 76, 77, 78, 87, 88, 90, 91, 92, 101, 102, 104, 105, 106, 115, 116, 118, 119, 120, 129, 130, 132, 133, 134, 143, 144, 146, 147, 148, 157, 158, 160, 161, 162, 171, 172, 174, 175, 176, 185, 186, 188, 189, 190, 199, 200, 202, 203, 204, 213, 214, 216, 217, 218, 227, 228, 230, 231, 232, 241, 242, 244, 245, 246, 255, 256, 258, 259, 260, 269, 270, 272, 273, 274, 283, 284, 286, 287, 288]
 # of orbitals to keep:  81
517
110
Number of Active MOs:  81
Number of Environment MOs:  30
Number of Virtual MOs:  406
 # electrons:            α            β
         Env:  30.00000000  30.00000000
         Act:  81.00000000  81.00000000
         Vir:   0.00000000   0.00000000
Number of electrons in the active space:  162

 The density matrix is idempotent!

 The density matrix is idempotent!


******** <class 'pyscf.scf.hf.RHF'> ********
method = RHF
initial guess = minao
damping factor = 0
level_shift factor = 0
DIIS = <class 'pyscf.scf.diis.CDIIS'>
diis_start_cycle = 1
diis_space = 8
SCF conv_tol = 1e-09
SCF conv_tol_grad = 1e-06
SCF max_cycles = 200
direct_scf = True
direct_scf_tol = 1e-13
chkfile to save SCF result = subsys_scf.chk
max_memory 900000 MB (current use 73001 MB)
init E= -669.166618959398
  HOMO = -0.192578969581954  LUMO = 0.0478375432261935
cycle= 1 E= -669.466668029414  delta_E= -0.3  |g|= 0.283  |ddm|= 2.64
  HOMO = -0.189621037382667  LUMO = 0.0502876143057056
cycle= 2 E= -669.515925387513  delta_E= -0.0493  |g|= 0.127  |ddm|= 0.557
  HOMO = -0.186461745473457  LUMO = 0.0495973083962871
cycle= 3 E= -669.525622075694  delta_E= -0.0097  |g|= 0.083  |ddm|= 0.319
  HOMO = -0.182306499357169  LUMO = 0.0523190569293736
cycle= 4 E= -669.528483995633  delta_E= -0.00286  |g|= 0.0157  |ddm|= 0.148
  HOMO = -0.182570630894789  LUMO = 0.0510490480571818
cycle= 5 E= -669.528626003137  delta_E= -0.000142  |g|= 0.00651  |ddm|= 0.0356
  HOMO = -0.181915299663369  LUMO = 0.0511360049630826
cycle= 6 E= -669.528650997404  delta_E= -2.5e-05  |g|= 0.00321  |ddm|= 0.0152
  HOMO = -0.181658488530381  LUMO = 0.0511510116749495
cycle= 7 E= -669.528657857084  delta_E= -6.86e-06  |g|= 0.00158  |ddm|= 0.00617
  HOMO = -0.181522449504732  LUMO = 0.0510832395109246
cycle= 8 E= -669.528661195359  delta_E= -3.34e-06  |g|= 0.000824  |ddm|= 0.00577
  HOMO = -0.181481944792102  LUMO = 0.051087716950652
cycle= 9 E= -669.528661957492  delta_E= -7.62e-07  |g|= 0.000629  |ddm|= 0.0017
  HOMO = -0.181475515789928  LUMO = 0.0510857742493746
cycle= 10 E= -669.528662497607  delta_E= -5.4e-07  |g|= 0.000491  |ddm|= 0.00148
  HOMO = -0.181488033397333  LUMO = 0.0510814689195128
cycle= 11 E= -669.528663173709  delta_E= -6.76e-07  |g|= 0.000232  |ddm|= 0.00291
  HOMO = -0.181489095580065  LUMO = 0.0510898047684991
cycle= 12 E= -669.528663302214  delta_E= -1.29e-07  |g|= 6.64e-05  |ddm|= 0.00157
  HOMO = -0.181493334103157  LUMO = 0.0510892683411987
cycle= 13 E= -669.528663307895  delta_E= -5.68e-09  |g|= 2.71e-05  |ddm|= 0.000311
  HOMO = -0.181493396787204  LUMO = 0.0510895556696773
cycle= 14 E= -669.528663308357  delta_E= -4.62e-10  |g|= 1.43e-05  |ddm|= 7.61e-05
  HOMO = -0.18149375015803  LUMO = 0.0510895095422932
cycle= 15 E= -669.528663308556  delta_E= -1.98e-10  |g|= 7.66e-06  |ddm|= 3.81e-05
  HOMO = -0.181493568865325  LUMO = 0.0510898027173295
cycle= 16 E= -669.528663308699  delta_E= -1.44e-10  |g|= 6.46e-06  |ddm|= 2.76e-05
  HOMO = -0.181493822964141  LUMO = 0.0510895840374351
cycle= 17 E= -669.528663308089  delta_E= 6.1e-10  |g|= 5.18e-06  |ddm|= 3.17e-05
  HOMO = -0.181493765970304  LUMO = 0.051089693655666
cycle= 18 E= -669.528663309472  delta_E= -1.38e-09  |g|= 3.74e-06  |ddm|= 4.93e-05
  HOMO = -0.181493748331522  LUMO = 0.0510896974749709
cycle= 19 E= -669.528663309565  delta_E= -9.37e-11  |g|= 3.17e-06  |ddm|= 2.02e-05
  HOMO = -0.181493766568058  LUMO = 0.0510896638714439
cycle= 20 E= -669.528663308651  delta_E= 9.14e-10  |g|= 2.79e-06  |ddm|= 1.07e-05
  HOMO = -0.181493731058796  LUMO = 0.051089673205977
cycle= 21 E= -669.528663309909  delta_E= -1.26e-09  |g|= 2.36e-06  |ddm|= 1.43e-05
  HOMO = -0.181493713946365  LUMO = 0.0510896688431072
cycle= 22 E= -669.528663308685  delta_E= 1.22e-09  |g|= 1.67e-06  |ddm|= 2.17e-05
  HOMO = -0.18149371437476  LUMO = 0.0510896653377045
cycle= 23 E= -669.528663308388  delta_E= 2.96e-10  |g|= 9.4e-07  |ddm|= 2.12e-05
  HOMO = -0.181493720572679  LUMO = 0.0510896659676054
Extra cycle  E= -669.528663309545  delta_E= -1.16e-09  |g|= 7.72e-07  |ddm|= 1.77e-06
converged SCF energy = -669.528663309545
Difference in energy:  -3534.870041291439
E(MP2) = -672.566616809948  E_corr = -3.03795350040266
Total energy =  -2473.1298849523887
time elapsed:  477.7654459476471
