

******** <class 'pyscf.dft.rks.RKS'> ********
method = RKS-RHF
initial guess = minao
damping factor = 0
level_shift factor = 0
DIIS = <class 'pyscf.scf.diis.CDIIS'>
diis_start_cycle = 1
diis_space = 8
SCF conv_tol = 1e-09
SCF conv_tol_grad = 1e-06
SCF max_cycles = 1000
direct_scf = True
direct_scf_tol = 1e-13
chkfile to save SCF result = scf.fchk
max_memory 900000 MB (current use 79 MB)
XC library pyscf.dft.libxc version 5.1.7
    S. Lehtola, C. Steigemann, M. J. Oliveira, and M. A. Marques, SoftwareX 7, 1 (2018)
XC functionals = pbe
    J. P. Perdew, K. Burke, and M. Ernzerhof, Phys. Rev. Lett. 77, 3865 (1996)
    J. P. Perdew, K. Burke, and M. Ernzerhof, Phys. Rev. Lett. 78, 1396 (1997)
    J. P. Perdew, K. Burke, and M. Ernzerhof, Phys. Rev. Lett. 77, 3865 (1996)
    J. P. Perdew, K. Burke, and M. Ernzerhof, Phys. Rev. Lett. 78, 1396 (1997)
small_rho_cutoff = 1e-07
init E= -2592.68589161385
  HOMO = -0.135589903772633  LUMO = -0.0868627408995712
cycle= 1 E= -2573.86094609638  delta_E= 18.8  |g|= 5.66  |ddm|= 10.4
  HOMO = -0.237014473524238  LUMO = -0.228181875449684
cycle= 2 E= -2429.54073387063  delta_E=  144  |g|= 19.3  |ddm|=   96
  HOMO = -0.172155222180442  LUMO = -0.161702262178438
cycle= 3 E= -2561.20084737968  delta_E= -132  |g|= 9.67  |ddm|=   72
  HOMO = -0.179835387701022  LUMO = -0.153385170978514
cycle= 4 E= -2577.99076904097  delta_E= -16.8  |g|=  6.4  |ddm|= 28.3
  HOMO = -0.163466306075671  LUMO = -0.153553182576663
cycle= 5 E= -2581.56771167959  delta_E= -3.58  |g|= 5.42  |ddm|= 2.88
  HOMO = -0.173674305392796  LUMO = -0.159425717124989
cycle= 6 E= -2581.35725703462  delta_E= 0.21  |g|= 5.48  |ddm|= 1.05
  HOMO = -0.177939224083367  LUMO = -0.162383560590996
cycle= 7 E= -2581.22391346773  delta_E= 0.133  |g|= 5.53  |ddm|= 0.907
  HOMO = -0.174088591800975  LUMO = -0.161288788483831
cycle= 8 E= -2581.28456956136  delta_E= -0.0607  |g|= 5.52  |ddm|= 0.222
  HOMO = -0.188343748121231  LUMO = -0.164949624852049
cycle= 9 E= -2580.50104132869  delta_E= 0.784  |g|= 5.77  |ddm|= 0.599

WARN: HOMO 0.0213241047791379 == LUMO 0.0215309182918278

cycle= 10 E= -2543.21832631005  delta_E= 37.3  |g|= 13.6  |ddm|= 19.4
  HOMO = -0.0802366990614461  LUMO = -0.00445935374348436
cycle= 11 E= -2571.26238482635  delta_E=  -28  |g|= 6.19  |ddm|= 17.4
  HOMO = -0.203792668986536  LUMO = -0.173448379779117
cycle= 12 E= -2579.84965373923  delta_E= -8.59  |g|= 5.96  |ddm|= 9.81
  HOMO = -0.21203234450859  LUMO = -0.177532232964794
cycle= 13 E= -2580.27538164307  delta_E= -0.426  |g|= 5.83  |ddm|= 0.95
  HOMO = -0.17760875472788  LUMO = -0.15833468572517
cycle= 14 E= -2580.40134751585  delta_E= -0.126  |g|= 5.82  |ddm|= 1.39
  HOMO = -0.185695013456838  LUMO = -0.156326193026832
cycle= 15 E= -2579.6161831628  delta_E= 0.785  |g|= 6.04  |ddm|= 0.976
  HOMO = -0.169639849230829  LUMO = -0.153724437579689
cycle= 16 E= -2579.85245869845  delta_E= -0.236  |g|= 5.97  |ddm|= 0.924
  HOMO = -0.195808688359007  LUMO = -0.15371117975255
cycle= 17 E= -2580.01988212119  delta_E= -0.167  |g|= 5.93  |ddm|= 1.27
  HOMO = -0.188489915695901  LUMO = -0.161724222453785
cycle= 18 E= -2581.67310883347  delta_E= -1.65  |g|= 5.38  |ddm|= 1.52
  HOMO = -0.204329248334611  LUMO = -0.165989478708472
cycle= 19 E= -2580.23329234934  delta_E= 1.44  |g|= 5.86  |ddm|= 1.24
  HOMO = 0.034047123616457  LUMO = 0.0390071080565525
cycle= 20 E= -2459.28578808046  delta_E=  121  |g|=   14  |ddm|= 33.4
  HOMO = -0.0789590322769294  LUMO = -0.0710420503980981
cycle= 21 E= -2574.34068263664  delta_E= -115  |g|= 5.09  |ddm|= 32.7
  HOMO = -0.167703811800818  LUMO = -0.159670172550136
cycle= 22 E= -2578.53385571883  delta_E= -4.19  |g|= 6.27  |ddm|= 7.64
  HOMO = -0.188009690631127  LUMO = -0.158587204328962
cycle= 23 E= -2579.42610150188  delta_E= -0.892  |g|= 6.11  |ddm|= 1.95
  HOMO = -0.205630690717446  LUMO = -0.164117914155267
cycle= 24 E= -2579.90845307537  delta_E= -0.482  |g|= 5.93  |ddm|= 1.21
  HOMO = -0.201782497839825  LUMO = -0.166103322774827
cycle= 25 E= -2578.89274861036  delta_E= 1.02  |g|= 6.24  |ddm|= 1.53
  HOMO = -0.197038114363778  LUMO = -0.168817890933791
cycle= 26 E= -2579.0055101266  delta_E= -0.113  |g|= 6.21  |ddm|= 0.937
  HOMO = -0.207747764004379  LUMO = -0.164650046824477
cycle= 27 E= -2581.1388480426  delta_E= -2.13  |g|= 5.52  |ddm|= 1.86
  HOMO = -0.194549376520835  LUMO = -0.166047663314753
cycle= 28 E= -2579.07928218609  delta_E= 2.06  |g|= 6.19  |ddm|= 2.14
  HOMO = -0.192444484102727  LUMO = -0.159121210725996
cycle= 29 E= -2579.80960138335  delta_E= -0.73  |g|= 5.99  |ddm|= 1.39
  HOMO = 0.00645189361505274  LUMO = 0.012248247275659
cycle= 30 E= -2496.2694573317  delta_E= 83.5  |g|= 13.9  |ddm|= 26.5
  HOMO = -0.0857353985718938  LUMO = -0.0339140916526484
cycle= 31 E= -2573.36625654723  delta_E= -77.1  |g|= 5.33  |ddm|= 23.9
  HOMO = -0.166117137801654  LUMO = -0.145990425893886
cycle= 32 E= -2579.33236851507  delta_E= -5.97  |g|=  6.1  |ddm|= 8.35
  HOMO = -0.180884832666342  LUMO = -0.150587581538892
cycle= 33 E= -2579.97810570979  delta_E= -0.646  |g|= 5.93  |ddm|= 0.99
  HOMO = -0.163694628506475  LUMO = -0.142432109180778
cycle= 34 E= -2580.1797329388  delta_E= -0.202  |g|= 5.84  |ddm|=    1
  HOMO = -0.181184424082808  LUMO = -0.138954092834751
cycle= 35 E= -2580.3799484384  delta_E= -0.2  |g|= 5.82  |ddm|= 1.62
  HOMO = -0.168975747438952  LUMO = -0.151852048684642
cycle= 36 E= -2581.64247908883  delta_E= -1.26  |g|= 5.32  |ddm|= 2.02
  HOMO = -0.190790833316463  LUMO = -0.159146554197496
cycle= 37 E= -2580.37853750088  delta_E= 1.26  |g|= 5.79  |ddm|= 2.25
  HOMO = -0.185440875226499  LUMO = -0.152979386323639
cycle= 38 E= -2580.70357239055  delta_E= -0.325  |g|= 5.68  |ddm|=  1.2
  HOMO = -0.19738680829562  LUMO = -0.154645395721531
cycle= 39 E= -2579.88296890926  delta_E= 0.821  |g|= 5.97  |ddm|= 1.13
  HOMO = 0.0263615692542037  LUMO = 0.0361636237626489
cycle= 40 E= -2454.32836732301  delta_E=  126  |g|= 14.9  |ddm|=   42
  HOMO = -0.0813638721214187  LUMO = -0.0728385114220445
cycle= 41 E= -2572.21642096178  delta_E= -118  |g|= 5.87  |ddm|=   41
  HOMO = -0.155718357950304  LUMO = -0.14554845509447
cycle= 42 E= -2578.30256567749  delta_E= -6.09  |g|= 6.11  |ddm|= 8.89
  HOMO = -0.192718762589103  LUMO = -0.14831159650539
cycle= 43 E= -2580.16543840755  delta_E= -1.86  |g|= 5.87  |ddm|= 2.46
  HOMO = -0.183432148781122  LUMO = -0.158503780653147
cycle= 44 E= -2580.2713750313  delta_E= -0.106  |g|= 5.84  |ddm|= 0.816
  HOMO = -0.156613857693188  LUMO = -0.153351137711477
cycle= 45 E= -2581.41348126422  delta_E= -1.14  |g|= 5.44  |ddm|= 3.03
  HOMO = -0.191968587134389  LUMO = -0.153169696294331
cycle= 46 E= -2580.66713600449  delta_E= 0.746  |g|= 5.72  |ddm|= 2.61
  HOMO = -0.191639114842145  LUMO = -0.151864446607337
cycle= 47 E= -2580.41867236039  delta_E= 0.248  |g|= 5.78  |ddm|= 0.889
  HOMO = -0.163999422239651  LUMO = -0.153757049688248
cycle= 48 E= -2581.65215161719  delta_E= -1.23  |g|= 5.29  |ddm|=  1.8
  HOMO = -0.191176583898466  LUMO = -0.150234273458707
cycle= 49 E= -2581.20344184856  delta_E= 0.449  |g|= 5.53  |ddm|= 1.78
  HOMO = 0.0302828184593458  LUMO = 0.0527272299875325
cycle= 50 E= -2447.36319833383  delta_E=  134  |g|=   15  |ddm|= 41.5
  HOMO = -0.106084702813193  LUMO = -0.0827616140858272
cycle= 51 E= -2572.84732496975  delta_E= -125  |g|= 5.76  |ddm|=   41
  HOMO = -0.148457193770808  LUMO = -0.136493155016741
cycle= 52 E= -2578.26834391962  delta_E= -5.42  |g|= 6.21  |ddm|= 8.77
  HOMO = -0.187362290798664  LUMO = -0.145213621020545
cycle= 53 E= -2579.88879924446  delta_E= -1.62  |g|= 5.97  |ddm|= 2.69
  HOMO = -0.190539178844493  LUMO = -0.145939059315
cycle= 54 E= -2579.99406588913  delta_E= -0.105  |g|= 5.93  |ddm|= 1.48
  HOMO = -0.19732894909828  LUMO = -0.144743210255268
cycle= 55 E= -2579.9246333835  delta_E= 0.0694  |g|= 5.95  |ddm|= 1.07
  HOMO = -0.184870529030679  LUMO = -0.142555024429149
cycle= 56 E= -2580.19927965963  delta_E= -0.275  |g|= 5.87  |ddm|= 0.779
  HOMO = -0.175808738846607  LUMO = -0.147463490374951
cycle= 57 E= -2580.02498801823  delta_E= 0.174  |g|= 5.86  |ddm|= 1.97
  HOMO = -0.204327136100375  LUMO = -0.146658298983236
cycle= 58 E= -2579.95819235818  delta_E= 0.0668  |g|= 5.94  |ddm|= 1.52
  HOMO = -0.185855974890268  LUMO = -0.138390377683827
cycle= 59 E= -2580.38959558663  delta_E= -0.431  |g|= 5.81  |ddm|= 0.73
  HOMO = 0.000206370918517527  LUMO = 0.0092919319770598
cycle= 60 E= -2482.40962081041  delta_E=   98  |g|= 14.6  |ddm|= 26.9
  HOMO = -0.0813572942954863  LUMO = -0.0785946731176813
cycle= 61 E= -2571.87778463648  delta_E= -89.5  |g|= 6.53  |ddm|= 23.9
  HOMO = -0.150596782847222  LUMO = -0.145825907955223
cycle= 62 E= -2579.30513021529  delta_E= -7.43  |g|= 6.07  |ddm|= 9.93
  HOMO = -0.178953641215504  LUMO = -0.152578558882784
cycle= 63 E= -2581.13554544659  delta_E= -1.83  |g|= 5.57  |ddm|= 2.81
  HOMO = -0.176763763564519  LUMO = -0.156881490097564
cycle= 64 E= -2581.40442092773  delta_E= -0.269  |g|= 5.51  |ddm|= 0.84
  HOMO = -0.169328052619089  LUMO = -0.156254543097238
cycle= 65 E= -2581.30081720568  delta_E= 0.104  |g|= 5.52  |ddm|=  1.1
  HOMO = -0.173118885809158  LUMO = -0.158900801302845
cycle= 66 E= -2581.59054648325  delta_E= -0.29  |g|= 5.42  |ddm|= 1.64
  HOMO = -0.177303872431497  LUMO = -0.166292066316322
cycle= 67 E= -2581.79715535266  delta_E= -0.207  |g|= 5.35  |ddm|= 1.53
  HOMO = -0.171856358803534  LUMO = -0.162067755415548
cycle= 68 E= -2581.39928208198  delta_E= 0.398  |g|=  5.5  |ddm|= 0.775
  HOMO = -0.172298749724227  LUMO = -0.165085150963448
cycle= 69 E= -2581.01332301483  delta_E= 0.386  |g|= 5.63  |ddm|= 0.47
  HOMO = 0.0283633367848467  LUMO = 0.0299360835979252
cycle= 70 E= -2453.33746497193  delta_E=  128  |g|= 18.5  |ddm|= 43.3
  HOMO = -0.0650711067058635  LUMO = -0.0338810385275443
cycle= 71 E= -2566.5957894301  delta_E= -113  |g|= 8.99  |ddm|= 41.4
  HOMO = -0.0540174693462902  LUMO = -0.047875233147296
cycle= 72 E= -2581.38121471132  delta_E= -14.8  |g|= 5.46  |ddm|= 12.4
  HOMO = -0.186710630503577  LUMO = -0.173632595994745
cycle= 73 E= -2586.54524139758  delta_E= -5.16  |g|=  3.6  |ddm|= 4.72
  HOMO = -0.173089797076764  LUMO = -0.164552542561105
cycle= 74 E= -2585.24570170517  delta_E=  1.3  |g|= 4.31  |ddm|= 2.26
  HOMO = -0.174643487182369  LUMO = -0.158274214201778
cycle= 75 E= -2587.38848017278  delta_E= -2.14  |g|= 2.76  |ddm|= 2.31
  HOMO = -0.162681715851383  LUMO = -0.153469239386162
cycle= 76 E= -2582.21653258023  delta_E= 5.17  |g|= 5.41  |ddm|= 3.81
  HOMO = -0.17448802029241  LUMO = -0.171942933554054
cycle= 77 E= -2584.69473937322  delta_E= -2.48  |g|= 4.45  |ddm|= 2.46
  HOMO = -0.175015579420839  LUMO = -0.169306247746817
cycle= 78 E= -2584.9147441199  delta_E= -0.22  |g|= 4.39  |ddm|= 0.854
  HOMO = -0.175294304302108  LUMO = -0.169481557006168
cycle= 79 E= -2584.90838973191  delta_E= 0.00635  |g|= 4.39  |ddm|= 0.178
  HOMO = -0.150159807573682  LUMO = -0.0969673566594326
cycle= 80 E= -2588.56988222782  delta_E= -3.66  |g|= 0.988  |ddm|=  2.9
  HOMO = -0.105097950809011  LUMO = -0.0844011961980614
cycle= 81 E= -2588.16390993778  delta_E= 0.406  |g|= 1.49  |ddm|= 2.68
  HOMO = -0.135112307369432  LUMO = -0.0888924908056589
cycle= 82 E= -2588.74857239281  delta_E= -0.585  |g|= 0.504  |ddm|= 2.17
  HOMO = -0.140959000190522  LUMO = -0.0889029059726056
cycle= 83 E= -2588.81501247027  delta_E= -0.0664  |g|= 0.276  |ddm|= 0.763
  HOMO = -0.131926575796496  LUMO = -0.0872735081865152
cycle= 84 E= -2588.82901209992  delta_E= -0.014  |g|= 0.102  |ddm|= 0.32
  HOMO = -0.135625981912609  LUMO = -0.0866851220100641
cycle= 85 E= -2588.83083980048  delta_E= -0.00183  |g|= 0.0404  |ddm|= 0.128
  HOMO = -0.134959970016777  LUMO = -0.0869936580758257
cycle= 86 E= -2588.83122641874  delta_E= -0.000387  |g|= 0.00951  |ddm|= 0.0469
  HOMO = -0.134827895705251  LUMO = -0.0869615152162047
cycle= 87 E= -2588.83124423283  delta_E= -1.78e-05  |g|= 0.00396  |ddm|= 0.0132
  HOMO = -0.134584398870898  LUMO = -0.0869580747534876
cycle= 88 E= -2588.83124498875  delta_E= -7.56e-07  |g|= 0.00417  |ddm|= 0.00717
  HOMO = -0.134779244867413  LUMO = -0.0869876407578821
cycle= 89 E= -2588.83124788066  delta_E= -2.89e-06  |g|= 0.0019  |ddm|= 0.00486
  HOMO = -0.134699930897226  LUMO = -0.0869665690609438
cycle= 90 E= -2588.83124845796  delta_E= -5.77e-07  |g|= 0.000612  |ddm|= 0.00196
  HOMO = -0.134722249373145  LUMO = -0.0869712382149991
cycle= 91 E= -2588.83124851138  delta_E= -5.34e-08  |g|= 0.000333  |ddm|= 0.000886
  HOMO = -0.134720836859024  LUMO = -0.086972020130807
cycle= 92 E= -2588.8312485408  delta_E= -2.94e-08  |g|= 9.49e-05  |ddm|= 0.000462
  HOMO = -0.134722802004537  LUMO = -0.0869726708093084
cycle= 93 E= -2588.8312485416  delta_E= -8.02e-10  |g|= 8.87e-05  |ddm|= 0.000191
  HOMO = -0.13472277407534  LUMO = -0.086971794595178
cycle= 94 E= -2588.83124854338  delta_E= -1.78e-09  |g|= 2.71e-05  |ddm|= 9.93e-05
  HOMO = -0.134722480947391  LUMO = -0.0869721258331225
cycle= 95 E= -2588.83124854347  delta_E= -8.91e-11  |g|= 1.61e-05  |ddm|= 3.34e-05
  HOMO = -0.134722204354619  LUMO = -0.0869720186249305
cycle= 96 E= -2588.83124854351  delta_E= -4.27e-11  |g|= 8.18e-06  |ddm|= 2.22e-05
  HOMO = -0.134721971206629  LUMO = -0.0869720214273889
cycle= 97 E= -2588.83124854351  delta_E=    0  |g|= 7.91e-06  |ddm|= 1.33e-05
  HOMO = -0.134722490170332  LUMO = -0.0869720829269728
cycle= 98 E= -2588.83124854353  delta_E= -1.82e-11  |g|= 7.51e-06  |ddm|= 1.22e-05
  HOMO = -0.134722174260677  LUMO = -0.0869720205979662
cycle= 99 E= -2588.83124854353  delta_E= 3.64e-12  |g|= 2.47e-06  |ddm|= 7.65e-06
  HOMO = -0.134722263046425  LUMO = -0.0869720382514848
cycle= 100 E= -2588.83124854353  delta_E= 9.09e-13  |g|= 1.81e-06  |ddm|= 3.63e-06
  HOMO = -0.134722236498045  LUMO = -0.0869720400195234
cycle= 101 E= -2588.83124854352  delta_E= 3.64e-12  |g|= 6.54e-07  |ddm|= 2.63e-06
  HOMO = -0.134722267133671  LUMO = -0.0869720332447144
Extra cycle  E= -2588.83124854353  delta_E= -1e-11  |g|= 2.62e-06  |ddm|= 4.23e-06
converged SCF energy = -2588.83124854353
AOs:  [0, 1, 2, 3, 4, 5, 6, 7, 8, 9, 10, 11, 12, 13, 14, 15, 16, 17, 18, 19, 20, 21, 22, 23, 24, 25, 26, 27, 28, 29, 30, 31, 32, 33, 34, 35, 36, 37, 38, 39, 40, 41, 42, 43, 44, 45, 46, 47, 48, 49, 50, 51, 52, 53, 54, 55, 56, 57, 58]
59
Number of Active MOs:  25
Number of Environment MOs:  93
Number of Virtual MOs:  427
 # electrons:            α            β
         Env:  93.00000000  93.00000000
         Act:  25.00000000  25.00000000
         Vir:   0.00000000   0.00000000
Number of electrons in the active space:  50

 The density matrix is idempotent!

 The density matrix is idempotent!


******** <class 'pyscf.scf.hf.RHF'> ********
method = RHF
initial guess = minao
damping factor = 0
level_shift factor = 0
DIIS = <class 'pyscf.scf.diis.CDIIS'>
diis_start_cycle = 1
diis_space = 8
SCF conv_tol = 1e-09
SCF conv_tol_grad = 1e-06
SCF max_cycles = 200
direct_scf = True
direct_scf_tol = 1e-13
chkfile to save SCF result = subsys_scf.chk
max_memory 900000 MB (current use 89899 MB)
init E= 2315.34122307061
  HOMO = -0.378496277807182  LUMO = 0.065498898297841
cycle= 1 E= 2315.19625336661  delta_E= -0.145  |g|= 0.263  |ddm|= 1.09
  HOMO = -0.298495249551511  LUMO = 0.0716060319342554
cycle= 2 E= 2315.17200124132  delta_E= -0.0243  |g|= 0.187  |ddm|= 0.457
  HOMO = -0.379117596657181  LUMO = 0.0704242851148529
cycle= 3 E= 2315.16402736317  delta_E= -0.00797  |g|= 0.0891  |ddm|= 0.308
  HOMO = -0.367889341908942  LUMO = 0.0714022109099707
cycle= 4 E= 2315.16135130679  delta_E= -0.00268  |g|= 0.0083  |ddm|= 0.149
  HOMO = -0.370491796884566  LUMO = 0.0714396371825838
cycle= 5 E= 2315.16131664993  delta_E= -3.47e-05  |g|= 0.00218  |ddm|= 0.0167
  HOMO = -0.370419678937661  LUMO = 0.0714262351471935
cycle= 6 E= 2315.16131422095  delta_E= -2.43e-06  |g|= 0.00133  |ddm|= 0.00453
  HOMO = -0.370666064023946  LUMO = 0.0714426571977389
cycle= 7 E= 2315.16131338865  delta_E= -8.32e-07  |g|= 0.000682  |ddm|= 0.00195
  HOMO = -0.370747037024657  LUMO = 0.0714488880262781
cycle= 8 E= 2315.161312862  delta_E= -5.27e-07  |g|= 0.000445  |ddm|= 0.00176
  HOMO = -0.370875029869638  LUMO = 0.0714471993381688
cycle= 9 E= 2315.16131242466  delta_E= -4.37e-07  |g|= 0.000189  |ddm|= 0.00211
  HOMO = -0.37091217538694  LUMO = 0.0714473890483898
cycle= 10 E= 2315.16131233908  delta_E= -8.56e-08  |g|= 3.46e-05  |ddm|= 0.00127
  HOMO = -0.370912889405128  LUMO = 0.071447517773771
cycle= 11 E= 2315.16131233857  delta_E= -5.1e-10  |g|= 8.49e-06  |ddm|= 0.000181
  HOMO = -0.370913764331354  LUMO = 0.0714475005076509
cycle= 12 E= 2315.16131233814  delta_E= -4.27e-10  |g|= 4.88e-06  |ddm|= 2.15e-05
  HOMO = -0.370913029585086  LUMO = 0.071447502347799
cycle= 13 E= 2315.16131233809  delta_E= -4.82e-11  |g|= 4.08e-06  |ddm|= 9.29e-06
  HOMO = -0.370913355391577  LUMO = 0.0714474951380212
cycle= 14 E= 2315.16131233745  delta_E= -6.46e-10  |g|= 3.48e-06  |ddm|= 1.04e-05
  HOMO = -0.370912867635071  LUMO = 0.0714474939992045
cycle= 15 E= 2315.16131233764  delta_E= 1.98e-10  |g|= 1.84e-06  |ddm|= 2.4e-05
  HOMO = -0.370912992315497  LUMO = 0.071447492553078
cycle= 16 E= 2315.1613123377  delta_E= 5.64e-11  |g|= 6.23e-07  |ddm|= 2.1e-05
  HOMO = -0.37091310102581  LUMO = 0.0714474964685522
Extra cycle  E= 2315.16131233761  delta_E= -8.78e-11  |g|= 4.84e-07  |ddm|= 1.27e-06
converged SCF energy = 2315.16131233761
Difference in energy:  -1325.6631950619721
E(MP2) = 2314.46512782404  E_corr = -0.696184513573683
Total energy =  -2587.414856054252
time elapsed:  308.56226682662964
