

******** <class 'pyscf.dft.rks.RKS'> ********
method = RKS-RHF
initial guess = minao
damping factor = 0
level_shift factor = 0
DIIS = <class 'pyscf.scf.diis.CDIIS'>
diis_start_cycle = 1
diis_space = 8
SCF conv_tol = 1e-09
SCF conv_tol_grad = 1e-06
SCF max_cycles = 1000
direct_scf = True
direct_scf_tol = 1e-13
chkfile to save SCF result = scf.fchk
max_memory 900000 MB (current use 79 MB)
XC library pyscf.dft.libxc version 5.1.7
    S. Lehtola, C. Steigemann, M. J. Oliveira, and M. A. Marques, SoftwareX 7, 1 (2018)
XC functionals = pbe
    J. P. Perdew, K. Burke, and M. Ernzerhof, Phys. Rev. Lett. 77, 3865 (1996)
    J. P. Perdew, K. Burke, and M. Ernzerhof, Phys. Rev. Lett. 78, 1396 (1997)
    J. P. Perdew, K. Burke, and M. Ernzerhof, Phys. Rev. Lett. 77, 3865 (1996)
    J. P. Perdew, K. Burke, and M. Ernzerhof, Phys. Rev. Lett. 78, 1396 (1997)
small_rho_cutoff = 1e-07
init E= -2479.39981693459
  HOMO = -0.134878995983572  LUMO = -0.0691459258567165
cycle= 1 E= -2460.75331207071  delta_E= 18.6  |g|= 5.48  |ddm|= 10.3
  HOMO = -0.231775807630248  LUMO = -0.205622127636745
cycle= 2 E= -2322.76815184104  delta_E=  138  |g|= 18.9  |ddm|= 95.4
  HOMO = -0.164302643785793  LUMO = -0.160803233764496
cycle= 3 E= -2447.05311353123  delta_E= -124  |g|= 9.43  |ddm|= 71.8
  HOMO = -0.17954525926022  LUMO = -0.162341576348355
cycle= 4 E= -2465.18138164002  delta_E= -18.1  |g|=  6.2  |ddm|=   28
  HOMO = -0.153349547044157  LUMO = -0.152030215378813
cycle= 5 E= -2470.89975287947  delta_E= -5.72  |g|= 4.83  |ddm|= 3.77
  HOMO = -0.193731586590396  LUMO = -0.161792445858995
cycle= 6 E= -2468.23221922241  delta_E= 2.67  |g|= 5.42  |ddm|= 2.62
  HOMO = -0.190298991525045  LUMO = -0.163346481516362
cycle= 7 E= -2467.96738787893  delta_E= 0.265  |g|= 5.51  |ddm|= 0.278
  HOMO = -0.180561029135201  LUMO = -0.162247833294043
cycle= 8 E= -2467.9725977886  delta_E= -0.00521  |g|= 5.52  |ddm|= 0.67
  HOMO = -0.172477256813378  LUMO = -0.163127158598652
cycle= 9 E= -2467.58248322208  delta_E= 0.39  |g|= 5.64  |ddm|= 0.967
  HOMO = 0.0238375097062018  LUMO = 0.0259747927449133
cycle= 10 E= -2386.22387332842  delta_E= 81.4  |g|=   15  |ddm|= 21.1
  HOMO = -0.0833313472410536  LUMO = -0.0369288582930009
cycle= 11 E= -2458.86424610761  delta_E= -72.6  |g|=  5.9  |ddm|= 18.1
  HOMO = -0.209847563881726  LUMO = -0.171330174397427
cycle= 12 E= -2467.57772237128  delta_E= -8.71  |g|= 5.64  |ddm|= 9.24
  HOMO = -0.202937328933476  LUMO = -0.165662673916004
cycle= 13 E= -2466.33447704737  delta_E= 1.24  |g|= 5.99  |ddm|= 0.872
  HOMO = -0.193392700848205  LUMO = -0.156524516464184
cycle= 14 E= -2466.36081496385  delta_E= -0.0263  |g|= 5.98  |ddm|= 1.26
  HOMO = -0.18113000851223  LUMO = -0.138961096481288
cycle= 15 E= -2468.37626550615  delta_E= -2.02  |g|= 5.36  |ddm|=  1.9
  HOMO = -0.185647715831875  LUMO = -0.156598196550295
cycle= 16 E= -2467.26154045857  delta_E= 1.11  |g|= 5.74  |ddm|= 1.76
  HOMO = -0.21049514231694  LUMO = -0.171030231320286
cycle= 17 E= -2467.03293594736  delta_E= 0.229  |g|=  5.8  |ddm|= 0.858
  HOMO = -0.206188121629074  LUMO = -0.17251053026372
cycle= 18 E= -2466.97738569348  delta_E= 0.0556  |g|= 5.81  |ddm|= 0.492
  HOMO = -0.210010093000624  LUMO = -0.172364259177409
cycle= 19 E= -2466.44033284952  delta_E= 0.537  |g|= 5.96  |ddm|= 0.559
  HOMO = 0.0254894005147802  LUMO = 0.0331899899051786
cycle= 20 E= -2383.33628188171  delta_E= 83.1  |g|= 13.4  |ddm|= 25.4
  HOMO = -0.065584395051687  LUMO = -0.0487936709854597
cycle= 21 E= -2459.77537833858  delta_E= -76.4  |g|=  5.4  |ddm|= 23.2
  HOMO = -0.158539279763143  LUMO = -0.151009788360353
cycle= 22 E= -2465.46464140525  delta_E= -5.69  |g|= 6.05  |ddm|= 8.22
  HOMO = -0.181749495009143  LUMO = -0.177610973171628
cycle= 23 E= -2468.99514902765  delta_E= -3.53  |g|= 5.12  |ddm|= 3.11
  HOMO = -0.16035924559369  LUMO = -0.138738827698547
cycle= 24 E= -2468.62700142542  delta_E= 0.368  |g|= 5.29  |ddm|= 2.13
  HOMO = -0.174078569592552  LUMO = -0.149768891226257
cycle= 25 E= -2468.66282705707  delta_E= -0.0358  |g|= 5.29  |ddm|= 1.47
  HOMO = -0.180001761099411  LUMO = -0.15608546646289
cycle= 26 E= -2468.56568612856  delta_E= 0.0971  |g|= 5.31  |ddm|= 0.788
  HOMO = -0.175249244037506  LUMO = -0.154381522670197
cycle= 27 E= -2468.74499439695  delta_E= -0.179  |g|= 5.25  |ddm|= 0.621
  HOMO = -0.150251511365275  LUMO = -0.148506839606608
cycle= 28 E= -2470.08844388157  delta_E= -1.34  |g|= 4.99  |ddm|= 1.47
  HOMO = -0.191520828025069  LUMO = -0.156161237526364
cycle= 29 E= -2468.48940353763  delta_E=  1.6  |g|= 5.33  |ddm|= 1.55
  HOMO = 0.0311862179554496  LUMO = 0.0437809219213036
cycle= 30 E= -2357.40889983822  delta_E=  111  |g|= 14.1  |ddm|= 30.5
  HOMO = -0.0860124348095684  LUMO = -0.0433541463280759
cycle= 31 E= -2459.58059428235  delta_E= -102  |g|= 5.81  |ddm|= 29.2
  HOMO = -0.164852780968343  LUMO = -0.152583870202296
cycle= 32 E= -2466.28242558205  delta_E= -6.7  |g|=    6  |ddm|= 9.09
  HOMO = -0.199646615316976  LUMO = -0.153811734858725
cycle= 33 E= -2466.91509661621  delta_E= -0.633  |g|= 5.84  |ddm|= 1.83
  HOMO = -0.199719822569308  LUMO = -0.155568686817019
cycle= 34 E= -2467.11122032669  delta_E= -0.196  |g|= 5.78  |ddm|= 0.53
  HOMO = -0.184549144631032  LUMO = -0.152387453295372
cycle= 35 E= -2467.01854822764  delta_E= 0.0927  |g|= 5.79  |ddm|= 0.972
  HOMO = -0.192747322271324  LUMO = -0.157596433320392
cycle= 36 E= -2467.38376073863  delta_E= -0.365  |g|= 5.69  |ddm|= 1.29
  HOMO = -0.196619009934052  LUMO = -0.152083606995755
cycle= 37 E= -2467.32760160827  delta_E= 0.0562  |g|= 5.72  |ddm|= 0.679
  HOMO = -0.202687267478675  LUMO = -0.15295835843882
cycle= 38 E= -2467.07417539732  delta_E= 0.253  |g|=  5.8  |ddm|= 0.619
  HOMO = -0.203449935502155  LUMO = -0.153686120417592
cycle= 39 E= -2467.03032556947  delta_E= 0.0438  |g|= 5.81  |ddm|= 0.0779
  HOMO = 0.00529000256935857  LUMO = 0.00691881110647093
cycle= 40 E= -2371.61759289421  delta_E= 95.4  |g|= 13.3  |ddm|= 26.7
  HOMO = -0.0850082203202581  LUMO = -0.0729844378707863
cycle= 41 E= -2460.79589061949  delta_E= -89.2  |g|= 5.28  |ddm|= 24.9
  HOMO = -0.184080122054693  LUMO = -0.140434730086799
cycle= 42 E= -2463.96473790123  delta_E= -3.17  |g|= 6.25  |ddm|= 8.14
  HOMO = -0.1821975175149  LUMO = -0.160756626796525
cycle= 43 E= -2466.98941433711  delta_E= -3.02  |g|= 5.79  |ddm|= 3.24
  HOMO = -0.171845847267658  LUMO = -0.162572118845376
cycle= 44 E= -2466.79575066979  delta_E= 0.194  |g|= 5.88  |ddm|= 1.54
  HOMO = -0.17103575455145  LUMO = -0.168214818822224
cycle= 45 E= -2467.09019178816  delta_E= -0.294  |g|=  5.8  |ddm|= 1.02
  HOMO = -0.173628537131396  LUMO = -0.157876726315333
cycle= 46 E= -2466.94727878217  delta_E= 0.143  |g|= 5.86  |ddm|= 1.24
  HOMO = -0.167222622868398  LUMO = -0.16522787763194
cycle= 47 E= -2466.96059549889  delta_E= -0.0133  |g|= 5.83  |ddm|= 1.25
  HOMO = -0.167066633751862  LUMO = -0.165071316069892
cycle= 48 E= -2467.16589607962  delta_E= -0.205  |g|= 5.77  |ddm|= 0.677
  HOMO = -0.176726052907424  LUMO = -0.165435513960097
cycle= 49 E= -2466.87132632665  delta_E= 0.295  |g|= 5.86  |ddm|= 0.712
  HOMO = 0.0374636034109341  LUMO = 0.0417611643710084
cycle= 50 E= -2322.45710161541  delta_E=  144  |g|= 13.8  |ddm|= 33.2
  HOMO = -0.114310760993277  LUMO = -0.0844675657835624
cycle= 51 E= -2458.37892927464  delta_E= -136  |g|= 6.89  |ddm|= 32.6
  HOMO = -0.180260310259379  LUMO = -0.140906848426809
cycle= 52 E= -2466.62633700437  delta_E= -8.25  |g|= 5.93  |ddm|= 10.6
  HOMO = -0.198371041495557  LUMO = -0.150910754114384
cycle= 53 E= -2467.05728648462  delta_E= -0.431  |g|=  5.8  |ddm|=  1.2
  HOMO = -0.183357394048551  LUMO = -0.154573145869143
cycle= 54 E= -2466.80544722037  delta_E= 0.252  |g|= 5.86  |ddm|= 0.947
  HOMO = -0.191837369374732  LUMO = -0.151996782054381
cycle= 55 E= -2466.68582795742  delta_E= 0.12  |g|= 5.92  |ddm|= 0.709
  HOMO = -0.192693022390644  LUMO = -0.152081046514246
cycle= 56 E= -2466.73266957971  delta_E= -0.0468  |g|=  5.9  |ddm|= 0.383
  HOMO = -0.190782800303245  LUMO = -0.15186189738627
cycle= 57 E= -2466.8438698272  delta_E= -0.111  |g|= 5.87  |ddm|= 0.637
  HOMO = -0.197496898454671  LUMO = -0.158824051984272
cycle= 58 E= -2466.70268793217  delta_E= 0.141  |g|= 5.91  |ddm|= 0.834
  HOMO = -0.157766082104168  LUMO = -0.136446121680625
cycle= 59 E= -2468.07507564296  delta_E= -1.37  |g|= 5.52  |ddm|= 1.76
  HOMO = -0.011175296884623  LUMO = 0.000806815499294996
cycle= 60 E= -2385.57298015368  delta_E= 82.5  |g|= 11.9  |ddm|= 20.1
  HOMO = -0.0755620306526423  LUMO = -0.0570722196681344
cycle= 61 E= -2461.61415968954  delta_E=  -76  |g|= 4.99  |ddm|= 18.3
  HOMO = -0.146835597752685  LUMO = -0.137263728623725
cycle= 62 E= -2461.44387605842  delta_E= 0.17  |g|=  6.9  |ddm|= 8.75
  HOMO = -0.184743293126243  LUMO = -0.177654945566664
cycle= 63 E= -2466.55411147502  delta_E= -5.11  |g|= 5.95  |ddm|= 3.86
  HOMO = -0.180835988348299  LUMO = -0.172252187040233
cycle= 64 E= -2466.35775015629  delta_E= 0.196  |g|= 5.95  |ddm|= 2.04
  HOMO = -0.174648996117624  LUMO = -0.169248565901141
cycle= 65 E= -2466.54466298207  delta_E= -0.187  |g|= 5.95  |ddm|= 2.03
  HOMO = -0.173698388804729  LUMO = -0.170786942771842
cycle= 66 E= -2466.67362367684  delta_E= -0.129  |g|= 5.92  |ddm|= 0.481
  HOMO = -0.16997737658503  LUMO = -0.165868147227385
cycle= 67 E= -2466.39474649307  delta_E= 0.279  |g|= 5.95  |ddm|= 1.83
  HOMO = -0.180351785245804  LUMO = -0.16027489089297
cycle= 68 E= -2466.39910735137  delta_E= -0.00436  |g|= 6.01  |ddm|= 1.96
  HOMO = -0.178028230741858  LUMO = -0.161860742121336
cycle= 69 E= -2466.60586553935  delta_E= -0.207  |g|= 5.95  |ddm|= 0.301
  HOMO = 0.011890405085983  LUMO = 0.0229691659915006
cycle= 70 E= -2336.32629214867  delta_E=  130  |g|= 14.1  |ddm|= 27.8
  HOMO = -0.124501782763279  LUMO = -0.0776402655868287
cycle= 71 E= -2457.9440008082  delta_E= -122  |g|= 7.14  |ddm|= 26.4
  HOMO = -0.161786919226275  LUMO = -0.160536196628596
cycle= 72 E= -2467.01010198491  delta_E= -9.07  |g|= 5.69  |ddm|= 10.5
  HOMO = -0.173670282264986  LUMO = -0.167363848859573
cycle= 73 E= -2468.63721245487  delta_E= -1.63  |g|= 5.32  |ddm|= 2.43
  HOMO = -0.176286935068723  LUMO = -0.168574212578195
cycle= 74 E= -2468.28721876112  delta_E= 0.35  |g|= 5.44  |ddm|= 1.34
  HOMO = -0.177767212487534  LUMO = -0.169939288968491
cycle= 75 E= -2468.35682651494  delta_E= -0.0696  |g|= 5.42  |ddm|= 0.423
  HOMO = -0.172624878231755  LUMO = -0.144454022141569
cycle= 76 E= -2466.07820630711  delta_E= 2.28  |g|= 5.72  |ddm|= 2.78
  HOMO = -0.166659868395701  LUMO = -0.157563030420097
cycle= 77 E= -2468.35903599237  delta_E= -2.28  |g|= 5.39  |ddm|=  2.9
  HOMO = -0.185618708296519  LUMO = -0.163777606146938
cycle= 78 E= -2468.63331048315  delta_E= -0.274  |g|= 5.31  |ddm|= 1.01
  HOMO = -0.154607571325796  LUMO = -0.135417880583708
cycle= 79 E= -2471.46876607472  delta_E= -2.84  |g|= 4.66  |ddm|= 2.77
  HOMO = 0.0169504389105916  LUMO = 0.0291454118895693
cycle= 80 E= -2376.48137793476  delta_E=   95  |g|=   14  |ddm|= 26.3
  HOMO = -0.0941338225545647  LUMO = -0.0762997988383323
cycle= 81 E= -2460.04108289911  delta_E= -83.6  |g|= 5.66  |ddm|= 24.7
  HOMO = -0.159918110911922  LUMO = -0.144484682276887
cycle= 82 E= -2464.97267610936  delta_E= -4.93  |g|= 6.13  |ddm|= 8.85
  HOMO = -0.173062446423915  LUMO = -0.160995948756096
cycle= 83 E= -2467.36423807495  delta_E= -2.39  |g|= 5.72  |ddm|= 2.53
  HOMO = -0.169687114653131  LUMO = -0.16837388781073
cycle= 84 E= -2467.31482987775  delta_E= 0.0494  |g|= 5.72  |ddm|=  1.3
  HOMO = -0.17391623977183  LUMO = -0.171522569432531
cycle= 85 E= -2466.81394306091  delta_E= 0.501  |g|= 5.82  |ddm|= 1.86
  HOMO = -0.176765031434236  LUMO = -0.1653070013066
cycle= 86 E= -2467.10298079996  delta_E= -0.289  |g|=  5.8  |ddm|= 1.89
  HOMO = -0.167405417422068  LUMO = -0.164013965009828
cycle= 87 E= -2467.085742871  delta_E= 0.0172  |g|= 5.73  |ddm|= 1.88
  HOMO = -0.166974246912721  LUMO = -0.160823496151677
cycle= 88 E= -2466.85221308825  delta_E= 0.234  |g|= 5.89  |ddm|= 2.42
  HOMO = -0.167521007813422  LUMO = -0.165617595040311
cycle= 89 E= -2467.19761040938  delta_E= -0.345  |g|= 5.79  |ddm|= 1.24
  HOMO = 0.0406550704647524  LUMO = 0.0438957171356953
cycle= 90 E= -2326.88513509107  delta_E=  140  |g|= 14.8  |ddm|= 35.2
  HOMO = -0.100532811965304  LUMO = -0.0966042192046994
cycle= 91 E= -2457.04656766984  delta_E= -130  |g|= 7.49  |ddm|= 34.4
  HOMO = -0.15786363565504  LUMO = -0.149012835205741
cycle= 92 E= -2468.18582615961  delta_E= -11.1  |g|= 5.37  |ddm|= 11.2
  HOMO = -0.15774971356262  LUMO = -0.155815144962763
cycle= 93 E= -2469.0684953837  delta_E= -0.883  |g|= 5.17  |ddm|= 1.94
  HOMO = -0.160687750617135  LUMO = -0.155325523124529
cycle= 94 E= -2469.05720987692  delta_E= 0.0113  |g|= 5.17  |ddm|= 0.935
  HOMO = -0.152163222323813  LUMO = -0.149396241078687
cycle= 95 E= -2469.24496329274  delta_E= -0.188  |g|=  5.1  |ddm|= 0.542
  HOMO = -0.163254863648709  LUMO = -0.161076189395576
cycle= 96 E= -2469.30882538015  delta_E= -0.0639  |g|= 5.11  |ddm|=  0.8
  HOMO = -0.165887399287544  LUMO = -0.156715748379463
cycle= 97 E= -2472.1759981621  delta_E= -2.87  |g|= 4.23  |ddm|= 2.75
  HOMO = -0.182114374124164  LUMO = -0.16032069769917
cycle= 98 E= -2468.76893347176  delta_E= 3.41  |g|= 5.25  |ddm|= 2.95
  HOMO = -0.15418919830478  LUMO = -0.15027061887362
cycle= 99 E= -2471.97397426886  delta_E= -3.21  |g|= 4.38  |ddm|= 2.66
  HOMO = 0.0362950933112954  LUMO = 0.039012845910359
cycle= 100 E= -2365.30705441509  delta_E=  107  |g|= 13.8  |ddm|= 28.4
  HOMO = -0.0917587482588632  LUMO = -0.0651420204303973
cycle= 101 E= -2460.56386002961  delta_E= -95.3  |g|=  5.4  |ddm|= 27.3
  HOMO = -0.165254984848003  LUMO = -0.145642174347899
cycle= 102 E= -2465.73926376859  delta_E= -5.18  |g|= 6.16  |ddm|= 8.66
  HOMO = -0.168669305057782  LUMO = -0.145776539571866
cycle= 103 E= -2466.38764740152  delta_E= -0.648  |g|= 5.98  |ddm|= 1.14
  HOMO = -0.168906400806924  LUMO = -0.14797932785286
cycle= 104 E= -2466.28365369273  delta_E= 0.104  |g|= 6.01  |ddm|= 0.757
  HOMO = -0.16699352647498  LUMO = -0.148208947494004
cycle= 105 E= -2466.20542370613  delta_E= 0.0782  |g|= 6.03  |ddm|= 0.276
  HOMO = -0.198791703070926  LUMO = -0.150400011515617
cycle= 106 E= -2466.45591460078  delta_E= -0.25  |g|= 5.97  |ddm|= 1.14
  HOMO = -0.18034942744889  LUMO = -0.149257794161846
cycle= 107 E= -2466.61714154713  delta_E= -0.161  |g|= 5.92  |ddm|= 0.736
  HOMO = -0.175004064942233  LUMO = -0.144178092449981
cycle= 108 E= -2466.17116174664  delta_E= 0.446  |g|= 6.07  |ddm|= 1.21
  HOMO = -0.168622925664614  LUMO = -0.141078638495812
cycle= 109 E= -2466.46084935064  delta_E= -0.29  |g|= 5.99  |ddm|= 0.318
  HOMO = 0.0117793438702674  LUMO = 0.0259903541656585
cycle= 110 E= -2378.84447435688  delta_E= 87.6  |g|= 13.3  |ddm|= 26.4
  HOMO = -0.0971469042051054  LUMO = -0.0475460003640426
cycle= 111 E= -2460.04481509049  delta_E= -81.2  |g|= 5.64  |ddm|=   24
  HOMO = -0.175973111476526  LUMO = -0.154560956666707
cycle= 112 E= -2466.42375672573  delta_E= -6.38  |g|= 5.96  |ddm|= 8.62
  HOMO = -0.184701675215353  LUMO = -0.148118028479035
cycle= 113 E= -2467.34282220874  delta_E= -0.919  |g|= 5.72  |ddm|= 1.51
  HOMO = -0.175783655968556  LUMO = -0.145552311391648
cycle= 114 E= -2467.44045377785  delta_E= -0.0976  |g|= 5.69  |ddm|= 0.809
  HOMO = -0.178664895923598  LUMO = -0.147224024570439
cycle= 115 E= -2467.3906806387  delta_E= 0.0498  |g|=  5.7  |ddm|= 0.848
  HOMO = -0.190675021358007  LUMO = -0.161641269348474
cycle= 116 E= -2468.03308387805  delta_E= -0.642  |g|= 5.43  |ddm|= 1.56
  HOMO = -0.174305254998591  LUMO = -0.133265390336418
cycle= 117 E= -2467.40640273382  delta_E= 0.627  |g|= 5.72  |ddm|= 2.06
  HOMO = -0.159239745697576  LUMO = -0.140869104678402
cycle= 118 E= -2467.26800422503  delta_E= 0.138  |g|= 5.71  |ddm|=  1.7
  HOMO = -0.192729453686188  LUMO = -0.151901138002972
cycle= 119 E= -2467.11419724381  delta_E= 0.154  |g|= 5.79  |ddm|= 1.47
  HOMO = 0.032765648620622  LUMO = 0.0424378368557099
cycle= 120 E= -2339.53760666158  delta_E=  128  |g|=   16  |ddm|= 32.5
  HOMO = -0.0950899778339623  LUMO = -0.0602464452597278
cycle= 121 E= -2455.01589901533  delta_E= -115  |g|= 7.85  |ddm|= 32.4
  HOMO = -0.158539941697352  LUMO = -0.120108513717632
cycle= 122 E= -2475.07370107085  delta_E= -20.1  |g|= 1.77  |ddm|= 12.2
  HOMO = -0.166975195146322  LUMO = -0.153808342306014
cycle= 123 E= -2472.7883862475  delta_E= 2.29  |g|= 3.85  |ddm|= 3.01
  HOMO = -0.163201999848416  LUMO = -0.153257382023577
cycle= 124 E= -2472.72457446261  delta_E= 0.0638  |g|= 3.86  |ddm|= 0.628
  HOMO = -0.0887763674166287  LUMO = -0.0816137522472403
cycle= 125 E= -2470.93125435422  delta_E= 1.79  |g|= 4.32  |ddm|= 4.49
  HOMO = -0.176686783407439  LUMO = -0.173625334332254
cycle= 126 E= -2472.31289692254  delta_E= -1.38  |g|= 4.04  |ddm|= 4.86
  HOMO = -0.174934622920833  LUMO = -0.172748948052399
cycle= 127 E= -2472.27633436418  delta_E= 0.0366  |g|= 4.09  |ddm|= 0.365
  HOMO = -0.175109417210873  LUMO = -0.166312395986664
cycle= 128 E= -2472.67324753696  delta_E= -0.397  |g|= 3.94  |ddm|=  1.6
  HOMO = -0.177968628398914  LUMO = -0.166514459374597
cycle= 129 E= -2472.39365947046  delta_E= 0.28  |g|= 4.09  |ddm|= 0.32
  HOMO = -0.177040782409848  LUMO = -0.151858082097692
cycle= 130 E= -2475.03858527932  delta_E= -2.64  |g|= 1.95  |ddm|= 1.95
  HOMO = -0.111729813808709  LUMO = -0.0960868548746172
cycle= 131 E= -2473.74887234489  delta_E= 1.29  |g|= 3.05  |ddm|= 2.97
  HOMO = -0.154090919986184  LUMO = -0.117168921041968
cycle= 132 E= -2475.31117281081  delta_E= -1.56  |g|= 1.43  |ddm|= 2.54
  HOMO = -0.171046119914232  LUMO = -0.145973151543998
cycle= 133 E= -2475.07763101516  delta_E= 0.234  |g|= 1.89  |ddm|= 1.42
  HOMO = -0.0722665379844816  LUMO = -0.0423438383634108
cycle= 134 E= -2464.21414689557  delta_E= 10.9  |g|= 5.05  |ddm|= 4.96
  HOMO = -0.187731039639877  LUMO = -0.183766841332486
cycle= 135 E= -2472.47711777594  delta_E= -8.26  |g|= 4.05  |ddm|= 5.44
  HOMO = -0.189552110603949  LUMO = -0.18324340492324
cycle= 136 E= -2471.71647297673  delta_E= 0.761  |g|= 4.39  |ddm|=    2
  HOMO = -0.198084649844659  LUMO = -0.193577934264274
cycle= 137 E= -2472.08227912979  delta_E= -0.366  |g|= 4.22  |ddm|= 2.12
  HOMO = -0.195539046980274  LUMO = -0.190962959829507
cycle= 138 E= -2472.42006633105  delta_E= -0.338  |g|= 4.06  |ddm|=  0.9
  HOMO = -0.181258202905453  LUMO = -0.17632443373331
cycle= 139 E= -2472.33536068703  delta_E= 0.0847  |g|= 4.16  |ddm|= 0.933
  HOMO = -0.181561073736105  LUMO = -0.175402991069704
cycle= 140 E= -2472.28040334842  delta_E= 0.055  |g|= 4.17  |ddm|= 0.709
  HOMO = -0.156016841551232  LUMO = -0.153068219506982
cycle= 141 E= -2469.52808675729  delta_E= 2.75  |g|= 5.25  |ddm|= 3.15
  HOMO = -0.130218390846015  LUMO = -0.126656365518478
cycle= 142 E= -2465.99209584017  delta_E= 3.54  |g|=  5.8  |ddm|= 4.13
  HOMO = 0.022718160328898  LUMO = 0.0300501999964066
cycle= 143 E= -2411.13173437832  delta_E= 54.9  |g|= 17.6  |ddm|=   20
  HOMO = -0.0422653268524098  LUMO = -0.0381984125894948
cycle= 144 E= -2451.63000649066  delta_E= -40.5  |g|= 8.23  |ddm|= 18.5
  HOMO = -0.074180903868291  LUMO = -0.0725678912864708
cycle= 145 E= -2466.69391021685  delta_E= -15.1  |g|= 5.46  |ddm|= 9.87
  HOMO = -0.173672474386498  LUMO = -0.170152284357243
cycle= 146 E= -2468.75257613791  delta_E= -2.06  |g|= 5.26  |ddm|= 5.91
  HOMO = -0.183738335697703  LUMO = -0.176841815046996
cycle= 147 E= -2472.12182825303  delta_E= -3.37  |g|= 4.03  |ddm|= 2.83
  HOMO = -0.185559627480208  LUMO = -0.183577015879854
cycle= 148 E= -2469.16565816866  delta_E= 2.96  |g|= 5.21  |ddm|= 3.43
  HOMO = -0.185619932011332  LUMO = -0.180283085460322
cycle= 149 E= -2468.59196940683  delta_E= 0.574  |g|= 5.26  |ddm|= 2.16
  HOMO = -0.186164816740937  LUMO = -0.175955627398737
cycle= 150 E= -2469.10859055726  delta_E= -0.517  |g|= 5.18  |ddm|= 2.03
  HOMO = -0.184204896640782  LUMO = -0.169698740523671
cycle= 151 E= -2469.22803867106  delta_E= -0.119  |g|= 5.12  |ddm|= 1.95
  HOMO = -0.193582287466223  LUMO = -0.178990151862408
cycle= 152 E= -2469.00650555387  delta_E= 0.222  |g|=  5.2  |ddm|= 1.97
  HOMO = -0.115313273968771  LUMO = -0.0798629659376835
cycle= 153 E= -2474.98890964524  delta_E= -5.98  |g|= 1.68  |ddm|= 4.27
  HOMO = -0.0822930782956164  LUMO = -0.0517060229124598
cycle= 154 E= -2460.43982548131  delta_E= 14.5  |g|= 5.39  |ddm|= 6.85
  HOMO = -0.212180577399241  LUMO = -0.185681176066453
cycle= 155 E= -2467.02957142988  delta_E= -6.59  |g|= 5.76  |ddm|= 7.11
  HOMO = -0.19987698847233  LUMO = -0.180089978864526
cycle= 156 E= -2468.22271918547  delta_E= -1.19  |g|= 5.38  |ddm|= 1.47
  HOMO = -0.195834406763906  LUMO = -0.182012424707907
cycle= 157 E= -2468.67252339766  delta_E= -0.45  |g|= 5.25  |ddm|= 0.777
  HOMO = -0.194300432990467  LUMO = -0.180457330615054
cycle= 158 E= -2468.59715056855  delta_E= 0.0754  |g|= 5.27  |ddm|= 0.726
  HOMO = -0.195669979591015  LUMO = -0.180427541117495
cycle= 159 E= -2468.61016929704  delta_E= -0.013  |g|= 5.28  |ddm|= 0.298

WARN: HOMO -0.189240466020064 == LUMO -0.188379139589946

cycle= 160 E= -2468.54169920912  delta_E= 0.0685  |g|= 5.31  |ddm|= 1.72
  HOMO = -0.204535686724619  LUMO = -0.186722214633463
cycle= 161 E= -2468.38700944753  delta_E= 0.155  |g|= 5.33  |ddm|= 1.74
  HOMO = -0.107397801093278  LUMO = -0.0957146703881322
cycle= 162 E= -2459.75707874548  delta_E= 8.63  |g|= 7.32  |ddm|=  6.9
  HOMO = 0.0313438258727829  LUMO = 0.046199370784323
cycle= 163 E= -2357.24815475673  delta_E=  103  |g|= 14.7  |ddm|= 32.2
  HOMO = -0.0911578190601553  LUMO = -0.0648213732153883
cycle= 164 E= -2458.54016834838  delta_E= -101  |g|= 6.51  |ddm|= 30.4
  HOMO = -0.141535508301072  LUMO = -0.135517317362165
cycle= 165 E= -2466.85513108571  delta_E= -8.31  |g|= 5.73  |ddm|= 9.85
  HOMO = -0.177383198871678  LUMO = -0.14338234204207
cycle= 166 E= -2468.3020504695  delta_E= -1.45  |g|= 5.38  |ddm|= 2.23
  HOMO = -0.18341397804354  LUMO = -0.149834645933273
cycle= 167 E= -2468.34052082005  delta_E= -0.0385  |g|= 5.36  |ddm|= 1.07
  HOMO = -0.178959681396062  LUMO = -0.151755043854923
cycle= 168 E= -2468.49621807005  delta_E= -0.156  |g|= 5.31  |ddm|= 0.78
  HOMO = -0.180337643574776  LUMO = -0.154516726505199
cycle= 169 E= -2468.5033734583  delta_E= -0.00716  |g|= 5.32  |ddm|= 0.132
  HOMO = -0.180394945044611  LUMO = -0.163569067713803
cycle= 170 E= -2468.46894804637  delta_E= 0.0344  |g|= 5.31  |ddm|= 0.754
  HOMO = -0.172223535574987  LUMO = -0.162572329014132
cycle= 171 E= -2468.13704823886  delta_E= 0.332  |g|= 5.46  |ddm|= 1.31
  HOMO = -0.178832406883059  LUMO = -0.162264693717831
cycle= 172 E= -2468.23470664774  delta_E= -0.0977  |g|= 5.42  |ddm|= 0.247
  HOMO = 0.0473062734051348  LUMO = 0.0580107579216294
cycle= 173 E= -2306.73412007925  delta_E=  162  |g|= 14.3  |ddm|= 40.7
  HOMO = -0.114509022126822  LUMO = -0.0766780556705685
cycle= 174 E= -2458.53054566777  delta_E= -152  |g|= 6.46  |ddm|= 40.6
  HOMO = -0.175590812827441  LUMO = -0.154946542134765
cycle= 175 E= -2466.15805182169  delta_E= -7.63  |g|= 6.07  |ddm|= 10.3
  HOMO = -0.160663786783011  LUMO = -0.149827265019851
cycle= 176 E= -2465.8881120291  delta_E= 0.27  |g|= 6.07  |ddm|= 1.37
  HOMO = -0.172935015811115  LUMO = -0.15298909974959
cycle= 177 E= -2466.47548893071  delta_E= -0.587  |g|= 5.97  |ddm|= 1.78
  HOMO = -0.19206640736982  LUMO = -0.153911990373812
cycle= 178 E= -2466.38093952433  delta_E= 0.0945  |g|= 6.01  |ddm|= 0.617
  HOMO = -0.172564068319756  LUMO = -0.158969728876038
cycle= 179 E= -2466.48677779349  delta_E= -0.106  |g|= 5.95  |ddm|= 1.15
  HOMO = -0.193640001449169  LUMO = -0.149032084727118
cycle= 180 E= -2466.91467894312  delta_E= -0.428  |g|= 5.82  |ddm|= 1.35
  HOMO = -0.198626559740462  LUMO = -0.15567761478864
cycle= 181 E= -2466.42690277426  delta_E= 0.488  |g|= 5.99  |ddm|= 1.63
  HOMO = -0.164828123619449  LUMO = -0.1357096927309
cycle= 182 E= -2468.04786315531  delta_E= -1.62  |g|= 5.53  |ddm|= 1.83
  HOMO = -0.00552364298040196  LUMO = -0.0034040770478502
cycle= 183 E= -2381.47664841973  delta_E= 86.6  |g|= 12.6  |ddm|= 24.7
  HOMO = -0.0831085617064281  LUMO = -0.0681616884909236
cycle= 184 E= -2461.04012728104  delta_E= -79.6  |g|= 5.14  |ddm|= 22.4
  HOMO = -0.182057609736945  LUMO = -0.157071189509966
cycle= 185 E= -2466.48346576642  delta_E= -5.44  |g|= 5.93  |ddm|= 7.93
  HOMO = -0.158788840906225  LUMO = -0.150900569418683
cycle= 186 E= -2466.94967325915  delta_E= -0.466  |g|= 5.79  |ddm|= 1.58
  HOMO = -0.190108829929942  LUMO = -0.150489361877829
cycle= 187 E= -2467.22218160308  delta_E= -0.273  |g|= 5.73  |ddm|= 1.14
  HOMO = -0.190991563789994  LUMO = -0.153932476353602
cycle= 188 E= -2467.23557455726  delta_E= -0.0134  |g|= 5.73  |ddm|= 0.575
  HOMO = -0.194647514297969  LUMO = -0.154676139163769
cycle= 189 E= -2467.37093404055  delta_E= -0.135  |g|= 5.68  |ddm|= 0.674
  HOMO = -0.186283823628228  LUMO = -0.15092604262667
cycle= 190 E= -2467.26477569861  delta_E= 0.106  |g|= 5.72  |ddm|= 0.621
  HOMO = -0.190878090348958  LUMO = -0.147988849592673
cycle= 191 E= -2467.07946731919  delta_E= 0.185  |g|= 5.79  |ddm|= 0.642
  HOMO = -0.194443740146372  LUMO = -0.149356184232042
cycle= 192 E= -2466.57146217972  delta_E= 0.508  |g|= 5.94  |ddm|= 0.537
  HOMO = 0.0256140325636596  LUMO = 0.0270723514057597
cycle= 193 E= -2358.70022939764  delta_E=  108  |g|= 14.4  |ddm|= 36.3
  HOMO = -0.0769850999266491  LUMO = -0.0453946183937357
cycle= 194 E= -2459.06078514341  delta_E= -100  |g|= 6.04  |ddm|= 34.9
  HOMO = -0.155305943344542  LUMO = -0.148624207732618
cycle= 195 E= -2465.97755445398  delta_E= -6.92  |g|= 5.94  |ddm|= 9.26
  HOMO = -0.185729893784551  LUMO = -0.147298301282798
cycle= 196 E= -2467.63945350321  delta_E= -1.66  |g|= 5.63  |ddm|= 2.43
  HOMO = -0.180217554242955  LUMO = -0.157399267728545
cycle= 197 E= -2467.97628376449  delta_E= -0.337  |g|= 5.48  |ddm|= 0.977
  HOMO = -0.187836636108143  LUMO = -0.152945967814879
cycle= 198 E= -2467.67392775318  delta_E= 0.302  |g|= 5.59  |ddm|= 1.63
  HOMO = -0.183667792437576  LUMO = -0.151237607971343
cycle= 199 E= -2467.6368007762  delta_E= 0.0371  |g|= 5.61  |ddm|= 1.39
  HOMO = -0.192986429046387  LUMO = -0.152859489152437
cycle= 200 E= -2467.82586215221  delta_E= -0.189  |g|= 5.56  |ddm|= 0.831
  HOMO = -0.184037443463898  LUMO = -0.149947911236544
cycle= 201 E= -2467.81840822277  delta_E= 0.00745  |g|= 5.56  |ddm|= 0.78
  HOMO = -0.188789064126536  LUMO = -0.148201299950626
cycle= 202 E= -2467.67696878594  delta_E= 0.141  |g|= 5.62  |ddm|= 0.528
  HOMO = 0.0493830799162051  LUMO = 0.0585059870509896
cycle= 203 E= -2334.84325887214  delta_E=  133  |g|= 16.2  |ddm|= 39.2
  HOMO = -0.0429746418568889  LUMO = -0.038235269202857
cycle= 204 E= -2455.81566856299  delta_E= -121  |g|= 7.32  |ddm|= 38.9
  HOMO = -0.150955994353785  LUMO = -0.137334000318973
cycle= 205 E= -2473.22051411751  delta_E= -17.4  |g|= 3.29  |ddm|= 10.6
  HOMO = -0.111135242556095  LUMO = -0.0985861403527274
cycle= 206 E= -2472.41857337927  delta_E= 0.802  |g|= 3.03  |ddm|= 5.14
  HOMO = -0.153300044870401  LUMO = -0.132966406552402
cycle= 207 E= -2470.11786041055  delta_E=  2.3  |g|= 4.99  |ddm|= 5.53
  HOMO = -0.147950349327301  LUMO = -0.124738967958575
cycle= 208 E= -2469.76036765573  delta_E= 0.357  |g|= 5.02  |ddm|= 0.893
  HOMO = -0.147238349251682  LUMO = -0.124039598353108
cycle= 209 E= -2470.01527171392  delta_E= -0.255  |g|= 4.82  |ddm|= 1.51
  HOMO = -0.152677957522794  LUMO = -0.146778569740187
cycle= 210 E= -2472.51487116749  delta_E= -2.5  |g|=    4  |ddm|= 2.37
  HOMO = -0.164723658599167  LUMO = -0.161856665917562
cycle= 211 E= -2468.31619151407  delta_E=  4.2  |g|= 5.38  |ddm|= 3.01
  HOMO = -0.157025797275527  LUMO = -0.145981493324638
cycle= 212 E= -2472.41701925236  delta_E= -4.1  |g|= 4.13  |ddm|=  2.9
  HOMO = -0.0166394785724134  LUMO = 0.0115475083545822
cycle= 213 E= -2455.09869250844  delta_E= 17.3  |g|= 7.05  |ddm|=  8.8
  HOMO = -0.10661793729494  LUMO = -0.100637578164819
cycle= 214 E= -2470.26415447162  delta_E= -15.2  |g|= 4.41  |ddm|= 8.75
  HOMO = -0.114615709165813  LUMO = -0.107662959704757
cycle= 215 E= -2428.67704009153  delta_E= 41.6  |g|=   10  |ddm|= 27.6
  HOMO = -0.146496022227756  LUMO = -0.112607303116711
cycle= 216 E= -2471.70912769159  delta_E=  -43  |g|= 3.65  |ddm|= 26.6
  HOMO = -0.163237596166462  LUMO = -0.144051817753339
cycle= 217 E= -2474.13114835925  delta_E= -2.42  |g|= 2.87  |ddm|=  3.2
  HOMO = -0.159442908156456  LUMO = -0.153950494965152
cycle= 218 E= -2473.88225680403  delta_E= 0.249  |g|= 3.07  |ddm|= 1.87
  HOMO = -0.160060180379801  LUMO = -0.144859484288745
cycle= 219 E= -2474.96764281163  delta_E= -1.09  |g|= 1.74  |ddm|= 1.38
  HOMO = -0.164158846589264  LUMO = -0.154973862250422
cycle= 220 E= -2472.09324529483  delta_E= 2.87  |g|= 4.25  |ddm|= 3.11
  HOMO = -0.165286957052354  LUMO = -0.155363551524452
cycle= 221 E= -2473.00146261933  delta_E= -0.908  |g|= 3.75  |ddm|= 0.855
  HOMO = -0.0435647167122164  LUMO = -0.0390148219918437
cycle= 222 E= -2468.73335702998  delta_E= 4.27  |g|= 5.23  |ddm|= 4.71
  HOMO = -0.116338090194105  LUMO = -0.103796790439832
cycle= 223 E= -2474.77704533292  delta_E= -6.04  |g|= 1.64  |ddm|= 4.42
  HOMO = -0.143834489399576  LUMO = -0.101975802555359
cycle= 224 E= -2475.45894656425  delta_E= -0.682  |g|= 1.12  |ddm|= 2.75
  HOMO = -0.144219839214227  LUMO = -0.107911311347357
cycle= 225 E= -2475.59499280671  delta_E= -0.136  |g|= 0.63  |ddm|= 1.48
  HOMO = -0.14536604750404  LUMO = -0.107746323814223
cycle= 226 E= -2475.65091829081  delta_E= -0.0559  |g|= 0.537  |ddm|= 1.17
  HOMO = -0.144321626455914  LUMO = -0.103442295031203
cycle= 227 E= -2475.69793820766  delta_E= -0.047  |g|= 0.376  |ddm|= 0.487
  HOMO = -0.140870292210284  LUMO = -0.100337671773907
cycle= 228 E= -2475.7094984317  delta_E= -0.0116  |g|= 0.279  |ddm|= 0.223
  HOMO = -0.13452408991556  LUMO = -0.0955849049233763
cycle= 229 E= -2475.72094113758  delta_E= -0.0114  |g|= 0.139  |ddm|= 0.246
  HOMO = -0.126256872079178  LUMO = -0.089103421344141
cycle= 230 E= -2475.71231139807  delta_E= 0.00863  |g|= 0.264  |ddm|= 0.301
  HOMO = -0.131461408589109  LUMO = -0.093567103299817
cycle= 231 E= -2475.72486921692  delta_E= -0.0126  |g|= 0.0292  |ddm|= 0.205
  HOMO = -0.132124807779227  LUMO = -0.0942270842360875
cycle= 232 E= -2475.72506145983  delta_E= -0.000192  |g|= 0.0119  |ddm|= 0.0388
  HOMO = -0.132252563566552  LUMO = -0.094154482153032
cycle= 233 E= -2475.72509722473  delta_E= -3.58e-05  |g|= 0.00365  |ddm|= 0.0151
  HOMO = -0.13232045142751  LUMO = -0.0942096777296148
cycle= 234 E= -2475.72509054582  delta_E= 6.68e-06  |g|= 0.00558  |ddm|= 0.00965
  HOMO = -0.132191717966495  LUMO = -0.0940834460251406
cycle= 235 E= -2475.72509997536  delta_E= -9.43e-06  |g|= 0.00176  |ddm|= 0.008
  HOMO = -0.132225831751016  LUMO = -0.0941184349485727
cycle= 236 E= -2475.72510058418  delta_E= -6.09e-07  |g|= 0.000735  |ddm|= 0.00197
  HOMO = -0.132268147487004  LUMO = -0.0941565222731883
cycle= 237 E= -2475.72510051045  delta_E= 7.37e-08  |g|= 0.000987  |ddm|= 0.00144
  HOMO = -0.132239599957232  LUMO = -0.0941325454487463
cycle= 238 E= -2475.72510070783  delta_E= -1.97e-07  |g|= 9.76e-05  |ddm|= 0.00094
  HOMO = -0.132253298851974  LUMO = -0.0941443066799285
cycle= 239 E= -2475.72510067645  delta_E= 3.14e-08  |g|= 0.000409  |ddm|= 0.00045
  HOMO = -0.132239727949641  LUMO = -0.0941330159522768
cycle= 240 E= -2475.72510070873  delta_E= -3.23e-08  |g|= 7.91e-05  |ddm|= 0.000383
  HOMO = -0.132241591955729  LUMO = -0.0941349393624546
cycle= 241 E= -2475.72510070994  delta_E= -1.21e-09  |g|= 3.94e-05  |ddm|= 9.83e-05
  HOMO = -0.132241377795429  LUMO = -0.0941344071954692
cycle= 242 E= -2475.72510071006  delta_E= -1.22e-10  |g|= 2.72e-05  |ddm|= 6.08e-05
  HOMO = -0.132241457156149  LUMO = -0.094134469003009
cycle= 243 E= -2475.72510071028  delta_E= -2.15e-10  |g|= 9.52e-06  |ddm|= 3.48e-05
  HOMO = -0.132240831820137  LUMO = -0.0941338255296101
cycle= 244 E= -2475.72510071022  delta_E= 5.82e-11  |g|= 1.77e-05  |ddm|= 2.9e-05
  HOMO = -0.132241426821448  LUMO = -0.094134396870004
cycle= 245 E= -2475.72510071027  delta_E= -5.09e-11  |g|= 1.01e-05  |ddm|= 2.46e-05
  HOMO = -0.132241441848462  LUMO = -0.0941344049568281
cycle= 246 E= -2475.7251007103  delta_E= -3e-11  |g|= 2.95e-06  |ddm|= 1.37e-05
  HOMO = -0.132241290449738  LUMO = -0.0941342867136371
cycle= 247 E= -2475.72510071031  delta_E= -8.19e-12  |g|= 3.74e-06  |ddm|= 6.06e-06
  HOMO = -0.132241391697085  LUMO = -0.0941343710933157
cycle= 248 E= -2475.7251007103  delta_E= 6.37e-12  |g|= 1.02e-06  |ddm|= 4.58e-06
  HOMO = -0.132241292087461  LUMO = -0.0941342879718257
cycle= 249 E= -2475.7251007103  delta_E= 1.82e-12  |g|= 2.52e-06  |ddm|= 2.6e-06
  HOMO = -0.132241362749616  LUMO = -0.0941343503211773
cycle= 250 E= -2475.7251007103  delta_E= -4.55e-12  |g|= 6.13e-07  |ddm|= 2.1e-06
  HOMO = -0.132241411735656  LUMO = -0.0941343800198207
Extra cycle  E= -2475.72510071031  delta_E= -5.46e-12  |g|= 3.01e-06  |ddm|= 3.4e-06
converged SCF energy = -2475.72510071031
AOs:  [0, 1, 2, 3, 4, 5, 6, 7, 8, 9, 10, 11, 12, 13, 14, 15, 16, 17, 18, 19, 20, 21, 22, 23, 24, 25, 26, 27, 28, 29, 30]
31
Number of Active MOs:  19
Number of Environment MOs:  92
Number of Virtual MOs:  406
 # electrons:            α            β
         Env:  92.00000000  92.00000000
         Act:  19.00000000  19.00000000
         Vir:   0.00000000   0.00000000
Number of electrons in the active space:  38

 The density matrix is idempotent!

 The density matrix is idempotent!


******** <class 'pyscf.scf.hf.RHF'> ********
method = RHF
initial guess = minao
damping factor = 0
level_shift factor = 0
DIIS = <class 'pyscf.scf.diis.CDIIS'>
diis_start_cycle = 1
diis_space = 8
SCF conv_tol = 1e-09
SCF conv_tol_grad = 1e-06
SCF max_cycles = 200
direct_scf = True
direct_scf_tol = 1e-13
chkfile to save SCF result = subsys_scf.chk
max_memory 900000 MB (current use 73008 MB)
init E= 2102.64463262491
  HOMO = -0.25934791577868  LUMO = 0.0729282812195334
cycle= 1 E= 2102.49484561954  delta_E= -0.15  |g|= 0.246  |ddm|= 1.16
  HOMO = -0.236778481199975  LUMO = 0.0749691641411159
cycle= 2 E= 2102.46422043315  delta_E= -0.0306  |g|= 0.195  |ddm|= 0.527
  HOMO = -0.241882882472284  LUMO = 0.0739594967074169
cycle= 3 E= 2102.4547709346  delta_E= -0.00945  |g|= 0.089  |ddm|= 0.326
  HOMO = -0.239364203941327  LUMO = 0.0741804753273685
cycle= 4 E= 2102.45091337806  delta_E= -0.00386  |g|= 0.00902  |ddm|= 0.212
  HOMO = -0.238806686260626  LUMO = 0.0739425528264185
cycle= 5 E= 2102.45087691815  delta_E= -3.65e-05  |g|= 0.00216  |ddm|= 0.0187
  HOMO = -0.238724479665311  LUMO = 0.0739250986406854
cycle= 6 E= 2102.45087217612  delta_E= -4.74e-06  |g|= 0.00107  |ddm|= 0.00707
  HOMO = -0.238730870851967  LUMO = 0.0739238058319859
cycle= 7 E= 2102.45087056658  delta_E= -1.61e-06  |g|= 0.000735  |ddm|= 0.00337
  HOMO = -0.23873104953219  LUMO = 0.0739225027528566
cycle= 8 E= 2102.4508691322  delta_E= -1.43e-06  |g|= 0.000337  |ddm|= 0.00393
  HOMO = -0.238722961796998  LUMO = 0.0739255312539962
cycle= 9 E= 2102.45086878237  delta_E= -3.5e-07  |g|= 4.07e-05  |ddm|= 0.00285
  HOMO = -0.23872393806693  LUMO = 0.0739253104311827
cycle= 10 E= 2102.45086878018  delta_E= -2.19e-09  |g|= 2.1e-05  |ddm|= 0.000221
  HOMO = -0.238724553956629  LUMO = 0.0739253359568007
cycle= 11 E= 2102.45086877902  delta_E= -1.16e-09  |g|= 1.83e-05  |ddm|= 5.82e-05
  HOMO = -0.238724468209971  LUMO = 0.0739253604745714
cycle= 12 E= 2102.45086877899  delta_E= -3.18e-11  |g|= 1.56e-05  |ddm|= 5.76e-05
  HOMO = -0.238724486594131  LUMO = 0.0739253899500549
cycle= 13 E= 2102.45086877682  delta_E= -2.17e-09  |g|= 7.51e-06  |ddm|= 0.000202
  HOMO = -0.238724535579618  LUMO = 0.0739253534759825
cycle= 14 E= 2102.45086877727  delta_E= 4.5e-10  |g|= 4.05e-06  |ddm|= 8.13e-05
  HOMO = -0.23872448326037  LUMO = 0.0739253423066112
cycle= 15 E= 2102.45086877753  delta_E= 2.59e-10  |g|= 2.55e-06  |ddm|= 2.99e-05
  HOMO = -0.238724494302692  LUMO = 0.0739253331689508
cycle= 16 E= 2102.45086877726  delta_E= -2.66e-10  |g|= 1.15e-06  |ddm|= 1.61e-05
  HOMO = -0.238724494588774  LUMO = 0.0739253392672984
cycle= 17 E= 2102.45086877698  delta_E= -2.75e-10  |g|= 1.88e-07  |ddm|= 9.34e-06
  HOMO = -0.238724492632851  LUMO = 0.0739253390421933
Extra cycle  E= 2102.45086877682  delta_E= -1.67e-10  |g|= 1.31e-07  |ddm|= 1.06e-06
converged SCF energy = 2102.45086877682
Difference in energy:  -1191.4197743790662
E(MP2) = 2102.02265438266  E_corr = -0.428214394155014
Total energy =  -2474.2546684305003
time elapsed:  508.3942360877991
