

******** <class 'pyscf.dft.rks.RKS'> ********
method = RKS-RHF
initial guess = minao
damping factor = 0
level_shift factor = 0
DIIS = <class 'pyscf.scf.diis.CDIIS'>
diis_start_cycle = 1
diis_space = 8
SCF conv_tol = 1e-09
SCF conv_tol_grad = 1e-06
SCF max_cycles = 1000
direct_scf = True
direct_scf_tol = 1e-13
chkfile to save SCF result = scf.fchk
max_memory 900000 MB (current use 79 MB)
XC library pyscf.dft.libxc version 5.1.7
    S. Lehtola, C. Steigemann, M. J. Oliveira, and M. A. Marques, SoftwareX 7, 1 (2018)
XC functionals = pbe
    J. P. Perdew, K. Burke, and M. Ernzerhof, Phys. Rev. Lett. 77, 3865 (1996)
    J. P. Perdew, K. Burke, and M. Ernzerhof, Phys. Rev. Lett. 78, 1396 (1997)
    J. P. Perdew, K. Burke, and M. Ernzerhof, Phys. Rev. Lett. 77, 3865 (1996)
    J. P. Perdew, K. Burke, and M. Ernzerhof, Phys. Rev. Lett. 78, 1396 (1997)
small_rho_cutoff = 1e-07
init E= -2592.65545276963
  HOMO = -0.136160334560642  LUMO = -0.0840058796408058
cycle= 1 E= -2573.82073987897  delta_E= 18.8  |g|= 5.51  |ddm|= 10.5
  HOMO = -0.227057079639815  LUMO = -0.202332157438012
cycle= 2 E= -2435.85770313253  delta_E=  138  |g|= 18.9  |ddm|= 96.1
  HOMO = -0.161854813072368  LUMO = -0.158311937134502
cycle= 3 E= -2560.56519512964  delta_E= -125  |g|= 9.35  |ddm|= 72.5
  HOMO = -0.18019303607973  LUMO = -0.16402498966206
cycle= 4 E= -2578.44555240773  delta_E= -17.9  |g|= 6.17  |ddm|=   28
  HOMO = -0.152962922617299  LUMO = -0.147138737160645
cycle= 5 E= -2584.11634144394  delta_E= -5.67  |g|=  4.8  |ddm|= 3.73
  HOMO = -0.194636659367446  LUMO = -0.16300881067745
cycle= 6 E= -2581.36790464624  delta_E= 2.75  |g|= 5.41  |ddm|= 2.67
  HOMO = -0.191272998514001  LUMO = -0.164506003404097
cycle= 7 E= -2581.11142977847  delta_E= 0.256  |g|=  5.5  |ddm|= 0.274
  HOMO = -0.1822594535966  LUMO = -0.163189755619948
cycle= 8 E= -2581.20768005769  delta_E= -0.0963  |g|= 5.47  |ddm|= 0.619
  HOMO = -0.171107522014846  LUMO = -0.164222652090682
cycle= 9 E= -2580.80660620287  delta_E= 0.401  |g|=  5.6  |ddm|= 1.11
  HOMO = 0.0185088452343958  LUMO = 0.0199688424182217
cycle= 10 E= -2499.46748814651  delta_E= 81.3  |g|= 15.2  |ddm|= 16.4
  HOMO = -0.105839075410699  LUMO = -0.0498843824257967
cycle= 11 E= -2571.56119372981  delta_E= -72.1  |g|= 6.09  |ddm|= 12.6
  HOMO = -0.195406771571567  LUMO = -0.167097356085305
cycle= 12 E= -2581.14088502521  delta_E= -9.58  |g|= 5.48  |ddm|= 9.39
  HOMO = -0.199154469743834  LUMO = -0.157937712579364
cycle= 13 E= -2579.76964864056  delta_E= 1.37  |g|=  5.9  |ddm|= 0.922
  HOMO = -0.176461728730882  LUMO = -0.151977957712958
cycle= 14 E= -2579.58314062177  delta_E= 0.187  |g|= 5.95  |ddm|= 1.37
  HOMO = -0.18046735260663  LUMO = -0.133230170361169
cycle= 15 E= -2581.18819704295  delta_E= -1.61  |g|= 5.49  |ddm|= 1.49
  HOMO = -0.177682720430763  LUMO = -0.156148208187938
cycle= 16 E= -2580.59865623903  delta_E= 0.59  |g|= 5.67  |ddm|= 1.17
  HOMO = -0.186067510844525  LUMO = -0.160888604418458
cycle= 17 E= -2580.48189142581  delta_E= 0.117  |g|=  5.7  |ddm|= 0.449
  HOMO = -0.179912856488022  LUMO = -0.160585819467679
cycle= 18 E= -2580.61069539057  delta_E= -0.129  |g|= 5.63  |ddm|= 0.727
  HOMO = -0.200684864998572  LUMO = -0.167460433141069
cycle= 19 E= -2579.99742038676  delta_E= 0.613  |g|= 5.84  |ddm|= 1.11
  HOMO = 0.021613092109856  LUMO = 0.0302068533283648
cycle= 20 E= -2489.41464711658  delta_E= 90.6  |g|= 13.6  |ddm|= 29.4
  HOMO = -0.0918384346993409  LUMO = -0.0892745468618593
cycle= 21 E= -2573.46561287  delta_E= -84.1  |g|= 5.26  |ddm|= 27.4
  HOMO = -0.192283667713561  LUMO = -0.157486136241963
cycle= 22 E= -2579.91894616943  delta_E= -6.45  |g|= 5.87  |ddm|= 7.91
  HOMO = -0.174408618092895  LUMO = -0.17064128152086
cycle= 23 E= -2582.16665630915  delta_E= -2.25  |g|= 5.08  |ddm|= 2.07
  HOMO = -0.17616961690287  LUMO = -0.139382666482459
cycle= 24 E= -2581.12959221079  delta_E= 1.04  |g|= 5.51  |ddm|= 2.02
  HOMO = -0.189161857635964  LUMO = -0.151198474123639
cycle= 25 E= -2581.17642883428  delta_E= -0.0468  |g|=  5.5  |ddm|= 1.06
  HOMO = -0.189127841351746  LUMO = -0.153362213060017
cycle= 26 E= -2581.23874935551  delta_E= -0.0623  |g|= 5.47  |ddm|= 0.402
  HOMO = -0.176025147822041  LUMO = -0.152203806959159
cycle= 27 E= -2581.23512439804  delta_E= 0.00362  |g|= 5.44  |ddm|= 1.29
  HOMO = -0.178713065841048  LUMO = -0.144500070969982
cycle= 28 E= -2581.5065422006  delta_E= -0.271  |g|= 5.39  |ddm|= 1.42
  HOMO = -0.195473186167122  LUMO = -0.156379160412757
cycle= 29 E= -2580.70406116808  delta_E= 0.802  |g|= 5.65  |ddm|= 0.88

WARN: HOMO 0.0276821428748597 == LUMO 0.0278661742438352

cycle= 30 E= -2456.31928115837  delta_E=  124  |g|= 13.9  |ddm|= 29.6
  HOMO = -0.0904416310474558  LUMO = -0.0608472788053491
cycle= 31 E= -2572.74074895012  delta_E= -116  |g|= 5.58  |ddm|= 29.1
  HOMO = -0.179586256740201  LUMO = -0.171858901593486
cycle= 32 E= -2579.16853462937  delta_E= -6.43  |g|= 5.93  |ddm|=  8.5
  HOMO = -0.176880085310438  LUMO = -0.156145742396849
cycle= 33 E= -2579.49743421493  delta_E= -0.329  |g|= 5.99  |ddm|= 2.59
  HOMO = -0.195048003618553  LUMO = -0.159651003212835
cycle= 34 E= -2579.81380640022  delta_E= -0.316  |g|= 5.88  |ddm|= 1.56
  HOMO = -0.200066797323794  LUMO = -0.163490839263575
cycle= 35 E= -2579.36680375057  delta_E= 0.447  |g|= 6.03  |ddm|= 1.22
  HOMO = -0.186808868637297  LUMO = -0.160585706152339
cycle= 36 E= -2578.75109224171  delta_E= 0.616  |g|= 6.18  |ddm|= 1.22
  HOMO = -0.197104925434634  LUMO = -0.150416136596796
cycle= 37 E= -2580.59472153378  delta_E= -1.84  |g|= 5.63  |ddm|=  2.2
  HOMO = -0.198491559669355  LUMO = -0.15945815797249
cycle= 38 E= -2579.75638952815  delta_E= 0.838  |g|= 5.91  |ddm|= 1.79
  HOMO = -0.185991368954433  LUMO = -0.157239699603226
cycle= 39 E= -2580.1569691819  delta_E= -0.401  |g|=  5.8  |ddm|= 0.876
  HOMO = 0.00636207541714592  LUMO = 0.0163672180508619
cycle= 40 E= -2467.59775262694  delta_E=  113  |g|= 14.8  |ddm|= 49.3
  HOMO = -0.092835058786122  LUMO = -0.0752398520727284
cycle= 41 E= -2571.79557303414  delta_E= -104  |g|= 6.33  |ddm|= 47.8
  HOMO = -0.159147165501259  LUMO = -0.145303119223737
cycle= 42 E= -2579.89879039022  delta_E= -8.1  |g|= 5.89  |ddm|= 10.3
  HOMO = -0.182508571110928  LUMO = -0.151475653238817
cycle= 43 E= -2580.56825774134  delta_E= -0.669  |g|= 5.69  |ddm|= 1.06
  HOMO = -0.168805954485252  LUMO = -0.142059708098167
cycle= 44 E= -2580.65902133421  delta_E= -0.0908  |g|= 5.66  |ddm|= 0.947
  HOMO = -0.167030120051766  LUMO = -0.145938285976464
cycle= 45 E= -2580.6876418812  delta_E= -0.0286  |g|= 5.63  |ddm|= 1.46
  HOMO = -0.17323038794159  LUMO = -0.146588299372456
cycle= 46 E= -2581.12569064818  delta_E= -0.438  |g|= 5.46  |ddm|= 2.17
  HOMO = -0.188883496487431  LUMO = -0.152062148804006
cycle= 47 E= -2580.88650983292  delta_E= 0.239  |g|= 5.58  |ddm|= 1.79
  HOMO = -0.187862922401698  LUMO = -0.14947580002179
cycle= 48 E= -2580.61524064056  delta_E= 0.271  |g|= 5.68  |ddm|= 0.83
  HOMO = -0.174564617625634  LUMO = -0.154262652391808
cycle= 49 E= -2580.65597857748  delta_E= -0.0407  |g|= 5.67  |ddm|= 0.78
  HOMO = 0.0253455247708452  LUMO = 0.0290123365699311
cycle= 50 E= -2464.47423712346  delta_E=  116  |g|= 13.7  |ddm|= 24.9
  HOMO = -0.0973470064487277  LUMO = -0.0891410509622243
cycle= 51 E= -2571.12818913294  delta_E= -107  |g|= 5.69  |ddm|= 24.1
  HOMO = -0.137536101320252  LUMO = -0.122853517602205
cycle= 52 E= -2571.47568218365  delta_E= -0.347  |g|= 6.83  |ddm|= 9.82
  HOMO = -0.169200786588735  LUMO = -0.130809086325025
cycle= 53 E= -2579.70776917571  delta_E= -8.23  |g|= 5.98  |ddm|= 4.54
  HOMO = -0.167491330583301  LUMO = -0.163200531288474
cycle= 54 E= -2579.31724742487  delta_E= 0.391  |g|= 6.06  |ddm|= 1.91
  HOMO = -0.177553584904272  LUMO = -0.157340634202673
cycle= 55 E= -2573.96219735407  delta_E= 5.36  |g|= 6.54  |ddm|= 4.16
  HOMO = -0.203044212196812  LUMO = -0.15000183921151
cycle= 56 E= -2580.16872880981  delta_E= -6.21  |g|= 5.78  |ddm|= 3.78
  HOMO = -0.178958365568563  LUMO = -0.141881263730771
cycle= 57 E= -2579.74502451809  delta_E= 0.424  |g|= 5.94  |ddm|= 1.01
  HOMO = -0.170334132251476  LUMO = -0.141185036110789
cycle= 58 E= -2580.41463725121  delta_E= -0.67  |g|= 5.73  |ddm|= 0.859
  HOMO = -0.172680706972738  LUMO = -0.134348785539282
cycle= 59 E= -2580.45408863315  delta_E= -0.0395  |g|= 5.73  |ddm|= 1.16
  HOMO = 0.00520053237572874  LUMO = 0.0103150715958812
cycle= 60 E= -2486.89798927831  delta_E= 93.6  |g|= 13.1  |ddm|= 22.2
  HOMO = -0.109746643850928  LUMO = -0.08920860788559
cycle= 61 E= -2573.41816140992  delta_E= -86.5  |g|= 5.57  |ddm|= 19.7
  HOMO = -0.167965296829104  LUMO = -0.152149564147503
cycle= 62 E= -2576.66010481755  delta_E= -3.24  |g|= 6.46  |ddm|= 9.31
  HOMO = -0.191331679803718  LUMO = -0.15930116442355
cycle= 63 E= -2579.56692702861  delta_E= -2.91  |g|= 5.95  |ddm|= 3.18
  HOMO = -0.17563654317605  LUMO = -0.157067909031996
cycle= 64 E= -2579.98338988007  delta_E= -0.416  |g|= 5.87  |ddm|= 1.05
  HOMO = -0.180825603066069  LUMO = -0.159001352133698
cycle= 65 E= -2580.14302507261  delta_E= -0.16  |g|= 5.82  |ddm|= 0.468
  HOMO = -0.166454294993702  LUMO = -0.151188389544112
cycle= 66 E= -2580.14092113856  delta_E= 0.0021  |g|= 5.84  |ddm|= 1.13
  HOMO = -0.172142196318722  LUMO = -0.155078500302508
cycle= 67 E= -2580.05814626361  delta_E= 0.0828  |g|= 5.79  |ddm|= 2.02
  HOMO = -0.170357941068123  LUMO = -0.158524707183889
cycle= 68 E= -2579.96241382422  delta_E= 0.0957  |g|= 5.86  |ddm|= 1.33
  HOMO = -0.174135382814395  LUMO = -0.159048409428934
cycle= 69 E= -2579.79748922344  delta_E= 0.165  |g|= 5.91  |ddm|= 0.511
  HOMO = 0.0253714147635446  LUMO = 0.0375678302775143
cycle= 70 E= -2427.73212200678  delta_E=  152  |g|= 14.5  |ddm|= 31.7
  HOMO = -0.122791027340713  LUMO = -0.0896789616003616
cycle= 71 E= -2570.6745417381  delta_E= -143  |g|= 7.07  |ddm|= 31.4
  HOMO = -0.180595600994688  LUMO = -0.155885491961616
cycle= 72 E= -2580.11625421925  delta_E= -9.44  |g|=  5.8  |ddm|= 10.8
  HOMO = -0.192883799035755  LUMO = -0.157348773134331
cycle= 73 E= -2580.67085548317  delta_E= -0.555  |g|= 5.63  |ddm|= 1.23
  HOMO = -0.198431945851683  LUMO = -0.159442572308904
cycle= 74 E= -2580.48336353828  delta_E= 0.187  |g|= 5.71  |ddm|= 0.818
  HOMO = -0.191586503133092  LUMO = -0.157059384234318
cycle= 75 E= -2580.3224634835  delta_E= 0.161  |g|= 5.75  |ddm|= 0.548
  HOMO = -0.172285065976028  LUMO = -0.153458707210572
cycle= 76 E= -2580.61450436601  delta_E= -0.292  |g|= 5.61  |ddm|= 1.88
  HOMO = -0.202179270843776  LUMO = -0.155692756216043
cycle= 77 E= -2580.81624765331  delta_E= -0.202  |g|= 5.59  |ddm|= 1.97
  HOMO = -0.200383114357414  LUMO = -0.158946192740688
cycle= 78 E= -2580.6568459328  delta_E= 0.159  |g|= 5.65  |ddm|= 1.01
  HOMO = -0.142468477932461  LUMO = -0.140525883682773
cycle= 79 E= -2581.73776408387  delta_E= -1.08  |g|= 5.36  |ddm|= 1.55
  HOMO = 0.0108269065139171  LUMO = 0.0241566085496861
cycle= 80 E= -2494.05756646634  delta_E= 87.7  |g|= 13.2  |ddm|= 24.6
  HOMO = -0.102612234717857  LUMO = -0.0697152504936728
cycle= 81 E= -2572.96640571295  delta_E= -78.9  |g|= 5.54  |ddm|= 22.5
  HOMO = -0.158343381010243  LUMO = -0.129752882023863
cycle= 82 E= -2576.60688490836  delta_E= -3.64  |g|= 6.36  |ddm|=    9
  HOMO = -0.185952942244307  LUMO = -0.154396495067456
cycle= 83 E= -2580.74777461758  delta_E= -4.14  |g|= 5.59  |ddm|=  3.4
  HOMO = -0.164778339349612  LUMO = -0.162267767538065
cycle= 84 E= -2580.67925995225  delta_E= 0.0685  |g|= 5.56  |ddm|=  2.1
  HOMO = -0.176854915444083  LUMO = -0.158673999130402
cycle= 85 E= -2580.85006491583  delta_E= -0.171  |g|= 5.56  |ddm|=  1.9
  HOMO = -0.183592143732365  LUMO = -0.160503296311874
cycle= 86 E= -2580.94239499707  delta_E= -0.0923  |g|= 5.55  |ddm|= 0.504
  HOMO = -0.183109853907221  LUMO = -0.161270225979996
cycle= 87 E= -2580.94888711668  delta_E= -0.00649  |g|= 5.54  |ddm|= 0.0918
  HOMO = -0.182976905387434  LUMO = -0.160731645702718
cycle= 88 E= -2580.92372593742  delta_E= 0.0252  |g|= 5.54  |ddm|= 0.375
  HOMO = -0.183344231987318  LUMO = -0.160495821493906
cycle= 89 E= -2580.620798492  delta_E= 0.303  |g|= 5.65  |ddm|= 0.426
  HOMO = 0.0135953367968097  LUMO = 0.0181994583985005
cycle= 90 E= -2465.47531041433  delta_E=  115  |g|= 14.6  |ddm|= 34.6
  HOMO = -0.0923243498808919  LUMO = -0.0784186054032676
cycle= 91 E= -2572.58814169366  delta_E= -107  |g|= 5.92  |ddm|= 33.6
  HOMO = -0.15009597581892  LUMO = -0.143844184362943
cycle= 92 E= -2579.14962941756  delta_E= -6.56  |g|= 6.08  |ddm|= 9.15
  HOMO = -0.194070793004471  LUMO = -0.152356906349986
cycle= 93 E= -2580.14264867104  delta_E= -0.993  |g|= 5.82  |ddm|= 1.74
  HOMO = -0.18899142225441  LUMO = -0.152402461946371
cycle= 94 E= -2580.27563522963  delta_E= -0.133  |g|= 5.78  |ddm|= 0.422
  HOMO = -0.192287579961647  LUMO = -0.151936088393392
cycle= 95 E= -2580.28532247106  delta_E= -0.00969  |g|= 5.77  |ddm|= 0.405
  HOMO = -0.190823428496361  LUMO = -0.155834390365869
cycle= 96 E= -2580.5751521186  delta_E= -0.29  |g|= 5.68  |ddm|=    1
  HOMO = -0.190585323636564  LUMO = -0.151054816610948
cycle= 97 E= -2580.53315183412  delta_E= 0.042  |g|= 5.71  |ddm|= 1.57
  HOMO = -0.192646424739792  LUMO = -0.152280179778215
cycle= 98 E= -2580.24325306082  delta_E= 0.29  |g|= 5.77  |ddm|= 1.47
  HOMO = -0.193824031432097  LUMO = -0.151175404626292
cycle= 99 E= -2580.16825341921  delta_E= 0.075  |g|= 5.81  |ddm|= 1.09

WARN: HOMO 0.0410502234202798 == LUMO 0.0411327069315261

cycle= 100 E= -2419.61825116237  delta_E=  161  |g|= 14.4  |ddm|= 34.4
  HOMO = -0.140022642134835  LUMO = -0.0984699975669073
cycle= 101 E= -2572.30325855809  delta_E= -153  |g|= 5.79  |ddm|= 33.9
  HOMO = -0.146386380655718  LUMO = -0.141459914338994
cycle= 102 E= -2579.3693337427  delta_E= -7.07  |g|= 5.85  |ddm|= 8.71
  HOMO = -0.183870118017205  LUMO = -0.14053179884889
cycle= 103 E= -2579.9046837808  delta_E= -0.535  |g|= 5.88  |ddm|= 2.69
  HOMO = -0.195407843850608  LUMO = -0.146694347375489
cycle= 104 E= -2579.31122196101  delta_E= 0.593  |g|= 6.06  |ddm|= 1.27
  HOMO = -0.191468080767957  LUMO = -0.153686752406935
cycle= 105 E= -2579.00451792111  delta_E= 0.307  |g|= 6.14  |ddm|= 1.27
  HOMO = -0.196619602311652  LUMO = -0.149092878466469
cycle= 106 E= -2579.11542737575  delta_E= -0.111  |g|= 6.12  |ddm|= 1.47
  HOMO = -0.199627542354849  LUMO = -0.150082762256677
cycle= 107 E= -2579.12349528589  delta_E= -0.00807  |g|=  6.1  |ddm|= 1.24
  HOMO = -0.199675307567958  LUMO = -0.145759926563366
cycle= 108 E= -2580.06247690482  delta_E= -0.939  |g|= 5.82  |ddm|= 1.31
  HOMO = -0.164076704916311  LUMO = -0.133711134260435
cycle= 109 E= -2580.52141755819  delta_E= -0.459  |g|= 5.72  |ddm|= 1.35
  HOMO = -0.00863374692780274  LUMO = -0.00294464509308163
cycle= 110 E= -2500.35488424753  delta_E= 80.2  |g|= 14.4  |ddm|=   20
  HOMO = -0.0886013583017348  LUMO = -0.0393534912953247
cycle= 111 E= -2572.32316525594  delta_E=  -72  |g|=  5.8  |ddm|= 16.5
  HOMO = -0.177375252601453  LUMO = -0.157046451423419
cycle= 112 E= -2580.38861837182  delta_E= -8.07  |g|= 5.73  |ddm|= 8.98
  HOMO = -0.175140086895884  LUMO = -0.142181919380698
cycle= 113 E= -2581.04487749869  delta_E= -0.656  |g|= 5.51  |ddm|= 1.12
  HOMO = -0.179698621630266  LUMO = -0.15247446244616
cycle= 114 E= -2580.37251069747  delta_E= 0.672  |g|= 5.74  |ddm|= 1.44
  HOMO = -0.17429083770342  LUMO = -0.149081664287233
cycle= 115 E= -2580.55421010471  delta_E= -0.182  |g|= 5.68  |ddm|= 0.867
  HOMO = -0.190837403123164  LUMO = -0.151417223912262
cycle= 116 E= -2580.51969508024  delta_E= 0.0345  |g|= 5.69  |ddm|= 1.01
  HOMO = -0.18829084119512  LUMO = -0.166103333887503
cycle= 117 E= -2580.31751709955  delta_E= 0.202  |g|= 5.75  |ddm|= 0.823
  HOMO = -0.180344742176789  LUMO = -0.171070758302026
cycle= 118 E= -2580.48432999618  delta_E= -0.167  |g|= 5.67  |ddm|= 0.953
  HOMO = -0.196755016134735  LUMO = -0.164114691613392
cycle= 119 E= -2579.92127922591  delta_E= 0.563  |g|= 5.87  |ddm|= 1.45

WARN: HOMO 0.0216766806005501 == LUMO 0.0220453051366216

cycle= 120 E= -2454.00538835987  delta_E=  126  |g|= 16.7  |ddm|= 32.1
  HOMO = -0.0737984058165746  LUMO = -0.0520677762284559
cycle= 121 E= -2563.17232999141  delta_E= -109  |g|= 9.31  |ddm|= 31.1

WARN: HOMO -0.0378541288416307 == LUMO -0.0372662331929141

cycle= 122 E= -2574.64930797554  delta_E= -11.5  |g|= 5.09  |ddm|= 10.4

WARN: HOMO -0.156088703213828 == LUMO -0.155218282235338

cycle= 123 E= -2569.79760160505  delta_E= 4.85  |g|= 6.22  |ddm|= 7.34
  HOMO = -0.166003097301109  LUMO = -0.163009593690961
cycle= 124 E= -2580.5907403618  delta_E= -10.8  |g|= 5.67  |ddm|= 3.97
  HOMO = -0.199241536921932  LUMO = -0.166985520088377
cycle= 125 E= -2580.48064084268  delta_E= 0.11  |g|= 5.69  |ddm|= 1.15
  HOMO = -0.202290177534209  LUMO = -0.17339422813015
cycle= 126 E= -2580.57036381501  delta_E= -0.0897  |g|= 5.66  |ddm|= 0.667
  HOMO = -0.195272971443253  LUMO = -0.175663344558307
cycle= 127 E= -2580.64926915143  delta_E= -0.0789  |g|= 5.61  |ddm|= 1.24
  HOMO = -0.20033038393048  LUMO = -0.17254403949701
cycle= 128 E= -2580.90199999502  delta_E= -0.253  |g|= 5.54  |ddm|= 1.05
  HOMO = -0.204927068552075  LUMO = -0.173448346295233
cycle= 129 E= -2580.87724755008  delta_E= 0.0248  |g|= 5.58  |ddm|= 0.713
  HOMO = -0.18077385165625  LUMO = -0.169579425128342
cycle= 130 E= -2581.05728528603  delta_E= -0.18  |g|=  5.5  |ddm|= 1.27
  HOMO = 0.0456071939397137  LUMO = 0.0563013081267272
cycle= 131 E= -2472.67598016203  delta_E=  108  |g|= 13.7  |ddm|= 26.5
  HOMO = -0.100559198383874  LUMO = -0.0695727177879027
cycle= 132 E= -2573.0511901656  delta_E= -100  |g|= 5.66  |ddm|= 25.3
  HOMO = -0.163266862771111  LUMO = -0.146920365971724
cycle= 133 E= -2579.31490227587  delta_E= -6.26  |g|= 6.04  |ddm|=  9.2
  HOMO = -0.179006364162466  LUMO = -0.153808341501147
cycle= 134 E= -2579.74940199062  delta_E= -0.434  |g|= 5.91  |ddm|=  1.1
  HOMO = -0.185423581098419  LUMO = -0.154462202088735
cycle= 135 E= -2579.62584053271  delta_E= 0.124  |g|= 5.96  |ddm|= 0.591
  HOMO = -0.173994918876116  LUMO = -0.154241672544633
cycle= 136 E= -2579.68828000846  delta_E= -0.0624  |g|= 5.94  |ddm|= 0.867
  HOMO = -0.198824775901501  LUMO = -0.158097743562673
cycle= 137 E= -2580.19573081569  delta_E= -0.507  |g|= 5.75  |ddm|= 1.48
  HOMO = -0.191642826483769  LUMO = -0.154112216492487
cycle= 138 E= -2579.82937118396  delta_E= 0.366  |g|=  5.9  |ddm|= 1.15
  HOMO = -0.195718338606404  LUMO = -0.156102601810746
cycle= 139 E= -2579.55744619947  delta_E= 0.272  |g|= 5.98  |ddm|= 0.501
  HOMO = -0.19284735140679  LUMO = -0.153617880284519
cycle= 140 E= -2579.68652309577  delta_E= -0.129  |g|= 5.95  |ddm|= 0.194

WARN: HOMO 0.00283508887660239 == LUMO 0.00341413968404079

cycle= 141 E= -2487.98415951639  delta_E= 91.7  |g|=   13  |ddm|= 24.5
  HOMO = -0.0943154988718667  LUMO = -0.088101287379256
cycle= 142 E= -2574.07962756765  delta_E= -86.1  |g|= 5.27  |ddm|= 22.4
  HOMO = -0.159058532189588  LUMO = -0.121448235301597
cycle= 143 E= -2576.68860803452  delta_E= -2.61  |g|= 6.45  |ddm|= 8.66
  HOMO = -0.192723240403512  LUMO = -0.158233687776144
cycle= 144 E= -2579.89474173195  delta_E= -3.21  |g|= 5.88  |ddm|= 3.28
  HOMO = -0.176622376776071  LUMO = -0.16165430524549
cycle= 145 E= -2579.86801178694  delta_E= 0.0267  |g|= 5.89  |ddm|=  1.4
  HOMO = -0.182531150867073  LUMO = -0.165664008303448
cycle= 146 E= -2580.44891657814  delta_E= -0.581  |g|= 5.68  |ddm|= 2.22
  HOMO = -0.162285931212225  LUMO = -0.160442845827136
cycle= 147 E= -2580.1569220024  delta_E= 0.292  |g|= 5.83  |ddm|= 1.93
  HOMO = -0.177754410381043  LUMO = -0.164724427330837
cycle= 148 E= -2580.19466944039  delta_E= -0.0377  |g|=  5.8  |ddm|= 0.909
  HOMO = -0.183468184205462  LUMO = -0.16075577015716
cycle= 149 E= -2580.41808192705  delta_E= -0.223  |g|= 5.72  |ddm|= 0.699
  HOMO = -0.178107480983931  LUMO = -0.164938347573464
cycle= 150 E= -2579.8902010386  delta_E= 0.528  |g|=  5.9  |ddm|= 1.14
  HOMO = 0.0323152539834182  LUMO = 0.0348839959477934
cycle= 151 E= -2431.58180763936  delta_E=  148  |g|= 13.8  |ddm|= 27.3
  HOMO = -0.0958221852820673  LUMO = -0.0941014927297075
cycle= 152 E= -2571.22594362071  delta_E= -140  |g|= 6.65  |ddm|= 26.8
  HOMO = -0.17319670075864  LUMO = -0.150926576151445
cycle= 153 E= -2579.30814643109  delta_E= -8.08  |g|= 6.02  |ddm|= 10.5
  HOMO = -0.196248844434939  LUMO = -0.155666865051145
cycle= 154 E= -2579.58259400441  delta_E= -0.274  |g|= 5.98  |ddm|= 1.58
  HOMO = -0.175186857244764  LUMO = -0.157134726831238
cycle= 155 E= -2579.34521895685  delta_E= 0.237  |g|= 5.95  |ddm|= 2.24
  HOMO = -0.198267763098292  LUMO = -0.160270166272575
cycle= 156 E= -2579.83645681787  delta_E= -0.491  |g|=  5.9  |ddm|= 2.09
  HOMO = -0.191100625820209  LUMO = -0.150641719441435
cycle= 157 E= -2579.74413332442  delta_E= 0.0923  |g|= 5.93  |ddm|= 0.92
  HOMO = -0.188370624980923  LUMO = -0.148245784097343
cycle= 158 E= -2579.62419457588  delta_E= 0.12  |g|= 5.95  |ddm|= 1.75
  HOMO = -0.194147368475386  LUMO = -0.151771723684979
cycle= 159 E= -2579.91561724079  delta_E= -0.291  |g|= 5.88  |ddm|= 1.53
  HOMO = -0.155765639831524  LUMO = -0.132777774088666
cycle= 160 E= -2581.26104095365  delta_E= -1.35  |g|=  5.5  |ddm|= 1.68
  HOMO = -0.0201640726763376  LUMO = -0.0112668927788112
cycle= 161 E= -2497.65642491867  delta_E= 83.6  |g|= 12.2  |ddm|= 21.4
  HOMO = -0.0820251819207295  LUMO = -0.0544104598976433
cycle= 162 E= -2575.20086097115  delta_E= -77.5  |g|= 4.83  |ddm|= 19.4
  HOMO = -0.184038118466969  LUMO = -0.158939873696463
cycle= 163 E= -2579.68255179912  delta_E= -4.48  |g|= 5.93  |ddm|= 7.34
  HOMO = -0.205136986826998  LUMO = -0.157778036525311
cycle= 164 E= -2580.0056937187  delta_E= -0.323  |g|= 5.82  |ddm|= 1.02
  HOMO = -0.201474075973649  LUMO = -0.153798430742469
cycle= 165 E= -2580.10299609713  delta_E= -0.0973  |g|=  5.8  |ddm|= 0.517
  HOMO = -0.205587065413348  LUMO = -0.154381910309098
cycle= 166 E= -2580.10551134325  delta_E= -0.00252  |g|=  5.8  |ddm|= 0.195
  HOMO = -0.201847901197652  LUMO = -0.153609532028044
cycle= 167 E= -2579.9728452678  delta_E= 0.133  |g|= 5.85  |ddm|= 0.753
  HOMO = -0.206925423430568  LUMO = -0.154651719306059
cycle= 168 E= -2580.06257141327  delta_E= -0.0897  |g|= 5.81  |ddm|= 0.743
  HOMO = -0.180037603355141  LUMO = -0.140393431265319
cycle= 169 E= -2579.55451175926  delta_E= 0.508  |g|= 5.98  |ddm|= 1.21
  HOMO = -0.200581316769584  LUMO = -0.148731993911989
cycle= 170 E= -2579.57382910708  delta_E= -0.0193  |g|= 5.97  |ddm|= 0.784
  HOMO = 0.0106003980408904  LUMO = 0.0264770123618145
cycle= 171 E= -2474.47983019128  delta_E=  105  |g|= 13.7  |ddm|= 26.5
  HOMO = -0.0906322258628576  LUMO = -0.070981876960917
cycle= 172 E= -2573.49278296474  delta_E=  -99  |g|= 5.53  |ddm|= 24.8
  HOMO = -0.177146446362239  LUMO = -0.147824798335059
cycle= 173 E= -2579.48956531533  delta_E=   -6  |g|= 5.99  |ddm|= 8.67
  HOMO = -0.19120882806612  LUMO = -0.151020680028665
cycle= 174 E= -2579.73771944491  delta_E= -0.248  |g|= 5.92  |ddm|= 1.04
  HOMO = -0.203005847836809  LUMO = -0.150766032979613
cycle= 175 E= -2579.56894403014  delta_E= 0.169  |g|= 5.96  |ddm|= 1.03
  HOMO = -0.195870879238136  LUMO = -0.149343649444087
cycle= 176 E= -2579.5125447226  delta_E= 0.0564  |g|= 5.98  |ddm|= 0.663
  HOMO = -0.192968493926292  LUMO = -0.149357283366292
cycle= 177 E= -2579.26689412122  delta_E= 0.246  |g|= 6.05  |ddm|= 0.565
  HOMO = -0.195152511212523  LUMO = -0.151725097193485
cycle= 178 E= -2579.42330006655  delta_E= -0.156  |g|= 5.99  |ddm|= 0.58
  HOMO = -0.200389805978683  LUMO = -0.151588753625517
cycle= 179 E= -2579.76163836171  delta_E= -0.338  |g|=  5.9  |ddm|= 0.892
  HOMO = -0.198628899368578  LUMO = -0.150589088033105
cycle= 180 E= -2579.41931996864  delta_E= 0.342  |g|=    6  |ddm|= 0.966
  HOMO = 0.0518737058349997  LUMO = 0.060874793751475
cycle= 181 E= -2411.7596987591  delta_E=  168  |g|= 14.1  |ddm|= 41.9
  HOMO = -0.114489278067274  LUMO = -0.111513803549235
cycle= 182 E= -2573.10582238785  delta_E= -161  |g|= 5.69  |ddm|= 41.5
  HOMO = -0.178862178209405  LUMO = -0.153624393914707
cycle= 183 E= -2574.92785674038  delta_E= -1.82  |g|= 6.85  |ddm|=   10
  HOMO = -0.193553646170721  LUMO = -0.153783354746249
cycle= 184 E= -2577.81622961292  delta_E= -2.89  |g|= 6.44  |ddm|= 2.87
  HOMO = -0.177938862605578  LUMO = -0.162228341496592
cycle= 185 E= -2577.71487096927  delta_E= 0.101  |g|= 6.46  |ddm|= 1.18
  HOMO = -0.168744457937817  LUMO = -0.164947331459865
cycle= 186 E= -2578.86268066601  delta_E= -1.15  |g|= 6.16  |ddm|= 1.94
  HOMO = -0.180411772653081  LUMO = -0.163562376708362
cycle= 187 E= -2577.96029206736  delta_E= 0.902  |g|= 6.41  |ddm|= 1.89
  HOMO = -0.179338909180981  LUMO = -0.158263619047214
cycle= 188 E= -2578.04253421971  delta_E= -0.0822  |g|= 6.37  |ddm|= 1.67
  HOMO = -0.180168294503497  LUMO = -0.163003756595095
cycle= 189 E= -2577.87333093281  delta_E= 0.169  |g|= 6.42  |ddm|= 1.53
  HOMO = -0.14297192269845  LUMO = -0.134053166850094
cycle= 190 E= -2579.75786420605  delta_E= -1.88  |g|= 5.87  |ddm|= 2.93
  HOMO = -0.0149921543477361  LUMO = -0.00898246115203742
cycle= 191 E= -2454.19787655381  delta_E=  126  |g|= 17.3  |ddm|= 51.9
  HOMO = -0.0974561961478288  LUMO = -0.0908374335132075
cycle= 192 E= -2567.43699520408  delta_E= -113  |g|= 8.45  |ddm|= 51.4
  HOMO = -0.082672251085827  LUMO = -0.073524619054406
cycle= 193 E= -2585.35056434099  delta_E= -17.9  |g|= 3.94  |ddm|= 11.6
  HOMO = -0.163581263659099  LUMO = -0.149550300385411
cycle= 194 E= -2583.75725908805  delta_E= 1.59  |g|= 4.56  |ddm|= 4.94
  HOMO = -0.141554080661799  LUMO = -0.126741493499229
cycle= 195 E= -2585.59595182362  delta_E= -1.84  |g|= 3.59  |ddm|= 3.98
  HOMO = -0.156670765741462  LUMO = -0.128328245956658
cycle= 196 E= -2588.06468298888  delta_E= -2.47  |g|= 1.78  |ddm|= 3.61
  HOMO = -0.175162906146015  LUMO = -0.159966478089842
cycle= 197 E= -2585.00402431028  delta_E= 3.06  |g|= 4.28  |ddm|= 3.27
  HOMO = -0.174795751180427  LUMO = -0.168898229525182
cycle= 198 E= -2586.04583240143  delta_E= -1.04  |g|= 3.82  |ddm|= 1.26
  HOMO = -0.173566807183222  LUMO = -0.163038896406323
cycle= 199 E= -2587.03917444275  delta_E= -0.993  |g|= 3.13  |ddm|= 0.713
  HOMO = -0.169430642751974  LUMO = -0.158536489837125
cycle= 200 E= -2586.69826859991  delta_E= 0.341  |g|= 3.41  |ddm|= 1.06
  HOMO = -0.163465987463445  LUMO = -0.124539960833288
cycle= 201 E= -2588.54233344853  delta_E= -1.84  |g|= 1.27  |ddm|= 1.73
  HOMO = -0.0641015623697615  LUMO = -0.0551106648491984
cycle= 202 E= -2581.54618266257  delta_E=    7  |g|= 5.21  |ddm|= 4.18
  HOMO = -0.181104623886154  LUMO = -0.162539353009074
cycle= 203 E= -2587.98916739074  delta_E= -6.44  |g|=  2.1  |ddm|= 4.25
  HOMO = -0.170753653611052  LUMO = -0.131457969930852
cycle= 204 E= -2588.59285587565  delta_E= -0.604  |g|= 1.12  |ddm|= 1.01
  HOMO = -0.166482983768871  LUMO = -0.125929351101825
cycle= 205 E= -2588.62552467908  delta_E= -0.0327  |g|= 1.05  |ddm|= 0.477
  HOMO = -0.166086967104984  LUMO = -0.126550374941012
cycle= 206 E= -2588.65358925607  delta_E= -0.0281  |g|= 0.973  |ddm|= 0.412
  HOMO = -0.159540679938378  LUMO = -0.118756080340575
cycle= 207 E= -2588.69688676044  delta_E= -0.0433  |g|= 0.831  |ddm|= 0.369
  HOMO = -0.145882296016689  LUMO = -0.104170709583045
cycle= 208 E= -2588.77315625381  delta_E= -0.0763  |g|= 0.491  |ddm|= 0.609
  HOMO = -0.135746886424162  LUMO = -0.0968649294875857
cycle= 209 E= -2588.79995113793  delta_E= -0.0268  |g|= 0.295  |ddm|= 0.631
  HOMO = -0.131943428957815  LUMO = -0.0936633323973292
cycle= 210 E= -2588.81995943097  delta_E= -0.02  |g|= 0.15  |ddm|= 0.472
  HOMO = -0.129825530002626  LUMO = -0.0922121356818351
cycle= 211 E= -2588.82333603739  delta_E= -0.00338  |g|= 0.098  |ddm|= 0.195
  HOMO = -0.132850908568707  LUMO = -0.0948597881097144
cycle= 212 E= -2588.82533317979  delta_E= -0.002  |g|= 0.0188  |ddm|= 0.104
  HOMO = -0.132278390351235  LUMO = -0.0942130036100123
cycle= 213 E= -2588.82540094147  delta_E= -6.78e-05  |g|= 0.00805  |ddm|= 0.027
  HOMO = -0.132586561807477  LUMO = -0.094481432000709
cycle= 214 E= -2588.82539674573  delta_E= 4.2e-06  |g|= 0.00887  |ddm|= 0.0173
  HOMO = -0.13243977976385  LUMO = -0.0943157822133836
cycle= 215 E= -2588.8254145825  delta_E= -1.78e-05  |g|= 0.00399  |ddm|= 0.0133
  HOMO = -0.132536332586073  LUMO = -0.0944122502046598
cycle= 216 E= -2588.82541876326  delta_E= -4.18e-06  |g|= 0.00137  |ddm|= 0.00509
  HOMO = -0.132436207871868  LUMO = -0.0943190496568874
cycle= 217 E= -2588.82541781259  delta_E= 9.51e-07  |g|= 0.00228  |ddm|= 0.00353
  HOMO = -0.132473076070249  LUMO = -0.0943547889813134
cycle= 218 E= -2588.82541902275  delta_E= -1.21e-06  |g|= 0.000751  |ddm|= 0.0028
  HOMO = -0.132467903507176  LUMO = -0.0943542619467815
cycle= 219 E= -2588.82541903184  delta_E= -9.09e-09  |g|= 0.00083  |ddm|= 0.00122
  HOMO = -0.132481818834555  LUMO = -0.0943637135450999
cycle= 220 E= -2588.82541917172  delta_E= -1.4e-07  |g|= 0.000148  |ddm|= 0.000774
  HOMO = -0.132499042693965  LUMO = -0.0943789335598298
cycle= 221 E= -2588.82541912532  delta_E= 4.64e-08  |g|= 0.000515  |ddm|= 0.000568
  HOMO = -0.132483329151153  LUMO = -0.094365833197691
cycle= 222 E= -2588.82541917608  delta_E= -5.08e-08  |g|= 7.81e-05  |ddm|= 0.000469
  HOMO = -0.132485656983044  LUMO = -0.0943681611512348
cycle= 223 E= -2588.82541917717  delta_E= -1.08e-09  |g|= 4.81e-05  |ddm|= 0.000123
  HOMO = -0.132484437420818  LUMO = -0.0943667181186622
cycle= 224 E= -2588.82541917731  delta_E= -1.37e-10  |g|= 3.93e-05  |ddm|= 8.42e-05
  HOMO = -0.132485458571482  LUMO = -0.0943677216744926
cycle= 225 E= -2588.82541917759  delta_E= -2.84e-10  |g|= 2.53e-05  |ddm|= 6.53e-05
  HOMO = -0.132484214099967  LUMO = -0.0943665354019057
cycle= 226 E= -2588.82541917766  delta_E= -7.46e-11  |g|= 2.12e-05  |ddm|= 3.94e-05
  HOMO = -0.132484560127858  LUMO = -0.0943668472300945
cycle= 227 E= -2588.82541917766  delta_E= 8.19e-12  |g|= 1.78e-05  |ddm|= 3.5e-05
  HOMO = -0.132484761461647  LUMO = -0.0943670341655922
cycle= 228 E= -2588.82541917775  delta_E= -9.37e-11  |g|= 5.54e-06  |ddm|= 2.55e-05
  HOMO = -0.132484976909436  LUMO = -0.0943671722560335
cycle= 229 E= -2588.82541917774  delta_E= 1.18e-11  |g|= 1.12e-05  |ddm|= 1.43e-05
  HOMO = -0.132484865523692  LUMO = -0.0943671196394979
cycle= 230 E= -2588.82541917777  delta_E= -3.27e-11  |g|= 2.97e-06  |ddm|= 9.32e-06
  HOMO = -0.132484690007369  LUMO = -0.0943669768981162
cycle= 231 E= -2588.82541917776  delta_E= 5.46e-12  |g|= 3.33e-06  |ddm|= 5.29e-06
  HOMO = -0.13248480554755  LUMO = -0.0943670777335994
cycle= 232 E= -2588.82541917776  delta_E= 1.82e-12  |g|= 1.3e-06  |ddm|= 3.83e-06
  HOMO = -0.132484774123651  LUMO = -0.0943670426109146
cycle= 233 E= -2588.82541917777  delta_E= -8.19e-12  |g|= 7.66e-07  |ddm|= 1.85e-06
  HOMO = -0.132484925576644  LUMO = -0.0943671813114298
Extra cycle  E= -2588.82541917775  delta_E= 1.64e-11  |g|= 4.86e-06  |ddm|= 5.36e-06
converged SCF energy = -2588.82541917775
AOs:  [0, 1, 2, 3, 4, 5, 6, 7, 8, 9, 10, 11, 12, 13, 14, 15, 16, 17, 18, 19, 20, 21, 22, 23, 24, 25, 26, 27, 28, 29, 30, 31, 32, 33, 34, 35, 36, 37, 38, 39, 40, 41, 42, 43, 44, 45, 46, 47, 48, 49, 50, 51, 52, 53, 54, 55, 56, 57, 58]
59
Number of Active MOs:  26
Number of Environment MOs:  92
Number of Virtual MOs:  427
 # electrons:            α            β
         Env:  92.00000000  92.00000000
         Act:  26.00000000  26.00000000
         Vir:  -0.00000000  -0.00000000
Number of electrons in the active space:  52

 The density matrix is idempotent!

 The density matrix is idempotent!


******** <class 'pyscf.scf.hf.RHF'> ********
method = RHF
initial guess = minao
damping factor = 0
level_shift factor = 0
DIIS = <class 'pyscf.scf.diis.CDIIS'>
diis_start_cycle = 1
diis_space = 8
SCF conv_tol = 1e-09
SCF conv_tol_grad = 1e-06
SCF max_cycles = 200
direct_scf = True
direct_scf_tol = 1e-13
chkfile to save SCF result = subsys_scf.chk
max_memory 900000 MB (current use 89899 MB)
init E= 2212.91557242339
  HOMO = -0.259713311020668  LUMO = 0.0725763066151128
cycle= 1 E= 2212.75278862671  delta_E= -0.163  |g|= 0.256  |ddm|= 1.19
  HOMO = -0.234789052132749  LUMO = 0.076245683290968
cycle= 2 E= 2212.72135577874  delta_E= -0.0314  |g|= 0.202  |ddm|= 0.529
  HOMO = -0.240463460691597  LUMO = 0.0748119534242934
cycle= 3 E= 2212.71136498294  delta_E= -0.00999  |g|= 0.0892  |ddm|= 0.326
  HOMO = -0.237787629178509  LUMO = 0.0751585060492071
cycle= 4 E= 2212.7074351287  delta_E= -0.00393  |g|= 0.0112  |ddm|= 0.209
  HOMO = -0.237175000303131  LUMO = 0.0750322379782843
cycle= 5 E= 2212.70738975481  delta_E= -4.54e-05  |g|= 0.00508  |ddm|= 0.0226
  HOMO = -0.237123355861003  LUMO = 0.0749710182520312
cycle= 6 E= 2212.7073825405  delta_E= -7.21e-06  |g|= 0.00187  |ddm|= 0.00552
  HOMO = -0.237084985649942  LUMO = 0.0749688929119376
cycle= 7 E= 2212.70737973562  delta_E= -2.8e-06  |g|= 0.000939  |ddm|= 0.00476
  HOMO = -0.237088066082429  LUMO = 0.0749707963324735
cycle= 8 E= 2212.70737848709  delta_E= -1.25e-06  |g|= 0.000675  |ddm|= 0.00259
  HOMO = -0.237088244166896  LUMO = 0.0749688256631556
cycle= 9 E= 2212.70737728851  delta_E= -1.2e-06  |g|= 0.000318  |ddm|= 0.00354
  HOMO = -0.237081525185817  LUMO = 0.0749714095833354
cycle= 10 E= 2212.70737697946  delta_E= -3.09e-07  |g|= 5.65e-05  |ddm|= 0.00262
  HOMO = -0.237081906341765  LUMO = 0.0749715384932468
cycle= 11 E= 2212.70737697411  delta_E= -5.35e-09  |g|= 3.81e-05  |ddm|= 0.00027
  HOMO = -0.237082622129223  LUMO = 0.0749715470392856
cycle= 12 E= 2212.70737697194  delta_E= -2.18e-09  |g|= 3.16e-05  |ddm|= 0.000106
  HOMO = -0.237082341430525  LUMO = 0.0749716025238623
cycle= 13 E= 2212.70737696768  delta_E= -4.26e-09  |g|= 1.6e-05  |ddm|= 0.000263
  HOMO = -0.23708256778274  LUMO = 0.0749715439417174
cycle= 14 E= 2212.70737696529  delta_E= -2.39e-09  |g|= 6.93e-06  |ddm|= 0.000199
  HOMO = -0.237082423181195  LUMO = 0.0749715605969469
cycle= 15 E= 2212.70737696655  delta_E= 1.26e-09  |g|= 5.33e-06  |ddm|= 2.58e-05
  HOMO = -0.237082423443427  LUMO = 0.0749715369813864
cycle= 16 E= 2212.70737696594  delta_E= -6.02e-10  |g|= 4.53e-06  |ddm|= 1.24e-05
  HOMO = -0.237082421291487  LUMO = 0.0749715345480085
cycle= 17 E= 2212.70737696616  delta_E= 2.18e-10  |g|= 3.52e-06  |ddm|= 2.24e-05
  HOMO = -0.237082419501871  LUMO = 0.0749715267396793
cycle= 18 E= 2212.70737696618  delta_E= 1.46e-11  |g|= 2.36e-06  |ddm|= 2.33e-05
  HOMO = -0.237082420816049  LUMO = 0.074971536310957
cycle= 19 E= 2212.70737696712  delta_E= 9.4e-10  |g|= 1.47e-06  |ddm|= 2.31e-05
  HOMO = -0.237082430991622  LUMO = 0.0749715368468657
cycle= 20 E= 2212.70737696617  delta_E= -9.46e-10  |g|= 1.03e-06  |ddm|= 9.67e-06
  HOMO = -0.237082427432952  LUMO = 0.0749715372454121
cycle= 21 E= 2212.7073769667  delta_E= 5.28e-10  |g|= 4.78e-07  |ddm|= 8.89e-06
  HOMO = -0.237082429431165  LUMO = 0.0749715364248115
Extra cycle  E= 2212.70737696612  delta_E= -5.76e-10  |g|= 3.82e-07  |ddm|= 1.23e-06
converged SCF energy = 2212.70737696612
Difference in energy:  -1476.579424908012
E(MP2) = 2211.98644680327  E_corr = -0.720930162858417
Total energy =  -2587.193272218483
time elapsed:  542.2974367141724
