

******** <class 'pyscf.scf.hf.RHF'> ********
method = RHF
initial guess = minao
damping factor = 0
level_shift factor = 0
DIIS = <class 'pyscf.scf.diis.CDIIS'>
diis_start_cycle = 1
diis_space = 8
SCF conv_tol = 1e-09
SCF conv_tol_grad = 1e-05
SCF max_cycles = 1000
direct_scf = True
direct_scf_tol = 1e-13
chkfile to save SCF result = scf.fchk
max_memory 900000 MB (current use 79 MB)
init E= -582.490256908817
  HOMO = -0.272158915982065  LUMO = 0.00979030337293204
cycle= 1 E= -579.993714843929  delta_E=  2.5  |g|= 0.967  |ddm|= 5.17
  HOMO = -0.254038663840913  LUMO = 0.0514101882242151
cycle= 2 E= -580.177747224541  delta_E= -0.184  |g|= 0.608  |ddm|= 1.17
  HOMO = -0.394150202718268  LUMO = 0.110201905935203
cycle= 3 E= -580.247184095135  delta_E= -0.0694  |g|= 0.133  |ddm|= 0.525
  HOMO = -0.397438121641177  LUMO = 0.123708532944182
cycle= 4 E= -580.252042087867  delta_E= -0.00486  |g|= 0.0512  |ddm|= 0.14
  HOMO = -0.389901325674011  LUMO = 0.120753062618161
cycle= 5 E= -580.252583351991  delta_E= -0.000541  |g|= 0.00967  |ddm|= 0.051
  HOMO = -0.392957429165884  LUMO = 0.120604056840372
cycle= 6 E= -580.252628633619  delta_E= -4.53e-05  |g|= 0.00369  |ddm|= 0.0167
  HOMO = -0.392832496740455  LUMO = 0.121078186891631
cycle= 7 E= -580.252637976769  delta_E= -9.34e-06  |g|= 0.00154  |ddm|= 0.00899
  HOMO = -0.39315458516938  LUMO = 0.121078199882554
cycle= 8 E= -580.252639594692  delta_E= -1.62e-06  |g|= 0.000444  |ddm|= 0.00402
  HOMO = -0.393176899492503  LUMO = 0.12107516642054
cycle= 9 E= -580.252639726735  delta_E= -1.32e-07  |g|= 9.31e-05  |ddm|= 0.00114
  HOMO = -0.393167940972171  LUMO = 0.121084709659717
cycle= 10 E= -580.252639732088  delta_E= -5.35e-09  |g|= 3.37e-05  |ddm|= 0.000178
  HOMO = -0.393169803849154  LUMO = 0.121076582775584
cycle= 11 E= -580.252639732581  delta_E= -4.92e-10  |g|= 7.65e-06  |ddm|= 5.19e-05
  HOMO = -0.393169184583573  LUMO = 0.121078023041493
Extra cycle  E= -580.25263973261  delta_E= -2.91e-11  |g|= 3.64e-06  |ddm|= 1.2e-05
converged SCF energy = -580.25263973261
AOs:  [0, 1, 2, 3, 4, 5, 6, 7, 8, 9, 10, 11, 12, 13, 14, 15, 16, 17, 18, 19, 20, 21, 22, 23, 24, 25, 26, 27, 28, 29, 30, 31, 32, 33, 34, 35, 36, 37, 38, 39, 40, 41, 42, 43, 44, 45, 46, 47, 48, 49, 50, 51]
52

 AO indices used for projection:  [0, 1, 3, 4, 5, 14, 19, 24, 25, 27, 28, 29, 38, 39, 41, 42, 43]
 # of orbitals to keep:  13
Number of Active MOs:  13
Number of Environment MOs:  40
Number of Virtual MOs:  249
 # electrons:            α            β
         Env:  40.00000000  40.00000000
         Act:  13.00000000  13.00000000
         Vir:  -0.00000000  -0.00000000
Number of electrons in the active space:  26

 The density matrix is idempotent!

 The density matrix is idempotent!


******** <class 'pyscf.scf.hf.RHF'> ********
method = RHF
initial guess = minao
damping factor = 0
level_shift factor = 0
DIIS = <class 'pyscf.scf.diis.CDIIS'>
diis_start_cycle = 1
diis_space = 8
SCF conv_tol = 1e-09
SCF conv_tol_grad = 1e-05
SCF max_cycles = 200
direct_scf = True
direct_scf_tol = 1e-13
chkfile to save SCF result = subsys_scf.chk
max_memory 900000 MB (current use 8560 MB)
init E= 534.022021774891
  HOMO = -0.394454261631525  LUMO = 0.121077100461189
cycle= 1 E= 534.022021676438  delta_E= -9.85e-08  |g|= 1.67e-06  |ddm|= 4.92e-06
  HOMO = -0.394454265688125  LUMO = 0.121077308424384
cycle= 2 E= 534.0220216766  delta_E= 1.62e-10  |g|= 1.1e-06  |ddm|= 2.93e-06
  HOMO = -0.394454264948179  LUMO = 0.121077258033402
Extra cycle  E= 534.022021676653  delta_E= 5.31e-11  |g|= 6.9e-07  |ddm|= 1.9e-06
converged SCF energy = 534.022021676653
Difference in energy:  6.420566478482215e-10
E(MP2) = 533.502660390264  E_corr = -0.519361286388595
Total energy =  -580.7720010189995
time elapsed:  42.85574388504028
