

******** <class 'pyscf.scf.hf.RHF'> ********
method = RHF
initial guess = minao
damping factor = 0
level_shift factor = 0
DIIS = <class 'pyscf.scf.diis.CDIIS'>
diis_start_cycle = 1
diis_space = 8
SCF conv_tol = 1e-09
SCF conv_tol_grad = 1e-05
SCF max_cycles = 1000
direct_scf = True
direct_scf_tol = 1e-13
chkfile to save SCF result = scf.fchk
max_memory 900000 MB (current use 79 MB)
init E= -582.490256908817
  HOMO = -0.272158915982065  LUMO = 0.0097903033729295
cycle= 1 E= -579.993714843927  delta_E=  2.5  |g|= 0.967  |ddm|= 5.17
  HOMO = -0.254038663840928  LUMO = 0.0514101882241998
cycle= 2 E= -580.177747224541  delta_E= -0.184  |g|= 0.608  |ddm|= 1.17
  HOMO = -0.394150202718281  LUMO = 0.110201905935208
cycle= 3 E= -580.247184095135  delta_E= -0.0694  |g|= 0.133  |ddm|= 0.525
  HOMO = -0.397438121641191  LUMO = 0.1237085329442
cycle= 4 E= -580.252042087868  delta_E= -0.00486  |g|= 0.0512  |ddm|= 0.14
  HOMO = -0.389901325674022  LUMO = 0.12075306261817
cycle= 5 E= -580.252583351993  delta_E= -0.000541  |g|= 0.00967  |ddm|= 0.051
  HOMO = -0.392957429165882  LUMO = 0.120604056840334
cycle= 6 E= -580.25262863362  delta_E= -4.53e-05  |g|= 0.00369  |ddm|= 0.0167
  HOMO = -0.392832496740436  LUMO = 0.121078186891638
cycle= 7 E= -580.252637976769  delta_E= -9.34e-06  |g|= 0.00154  |ddm|= 0.00899
  HOMO = -0.393154585169372  LUMO = 0.121078199882544
cycle= 8 E= -580.25263959469  delta_E= -1.62e-06  |g|= 0.000444  |ddm|= 0.00402
  HOMO = -0.3931768994925  LUMO = 0.121075166420568
cycle= 9 E= -580.252639726736  delta_E= -1.32e-07  |g|= 9.31e-05  |ddm|= 0.00114
  HOMO = -0.393167940972186  LUMO = 0.121084709659706
cycle= 10 E= -580.252639732088  delta_E= -5.35e-09  |g|= 3.37e-05  |ddm|= 0.000178
  HOMO = -0.393169803849158  LUMO = 0.121076582775582
cycle= 11 E= -580.252639732579  delta_E= -4.91e-10  |g|= 7.65e-06  |ddm|= 5.19e-05
  HOMO = -0.393169184583559  LUMO = 0.121078023041508
Extra cycle  E= -580.252639732611  delta_E= -3.18e-11  |g|= 3.64e-06  |ddm|= 1.2e-05
converged SCF energy = -580.252639732611
AOs:  [0, 1, 2, 3, 4, 5, 6, 7, 8, 9, 10, 11, 12, 13, 14, 15, 16, 17, 18, 19, 20, 21, 22, 23, 24, 25, 26, 27, 28, 29, 30, 31, 32, 33, 34, 35, 36, 37, 38, 39, 40, 41, 42, 43, 44, 45, 46, 47, 48, 49, 50, 51]
52

 AO indices used for projection:  [0, 1, 3, 4, 5, 14, 19, 24, 25, 27, 28, 29, 38, 39, 41, 42, 43]
 # of orbitals to keep:  17
Number of Active MOs:  17
Number of Environment MOs:  36
Number of Virtual MOs:  249
 # electrons:            α            β
         Env:  36.00000000  36.00000000
         Act:  17.00000000  17.00000000
         Vir:  -0.00000000  -0.00000000
Number of electrons in the active space:  34

 The density matrix is idempotent!

 The density matrix is idempotent!


******** <class 'pyscf.scf.hf.RHF'> ********
method = RHF
initial guess = minao
damping factor = 0
level_shift factor = 0
DIIS = <class 'pyscf.scf.diis.CDIIS'>
diis_start_cycle = 1
diis_space = 8
SCF conv_tol = 1e-09
SCF conv_tol_grad = 1e-05
SCF max_cycles = 200
direct_scf = True
direct_scf_tol = 1e-13
chkfile to save SCF result = subsys_scf.chk
max_memory 900000 MB (current use 8560 MB)
init E= 480.354523572904
  HOMO = -0.394290066499369  LUMO = 0.121077100052998
cycle= 1 E= 480.354503466203  delta_E= -2.01e-05  |g|= 2.33e-06  |ddm|= 6.86e-06
  HOMO = -0.394290020539814  LUMO = 0.121077441273323
cycle= 2 E= 480.35450346614  delta_E= -6.26e-11  |g|= 1.12e-06  |ddm|= 3.27e-06
  HOMO = -0.394289994818241  LUMO = 0.121077330266339
Extra cycle  E= 480.354503466433  delta_E= 2.93e-10  |g|= 6.76e-07  |ddm|= 1.9e-06
converged SCF energy = 480.354503466433
Difference in energy:  2.7344479235580366e-07
E(MP2) = 479.743859880514  E_corr = -0.610643585918598
Total energy =  -580.8632833189656
time elapsed:  42.8093147277832
