

******** <class 'pyscf.scf.hf.RHF'> ********
method = RHF
initial guess = minao
damping factor = 0
level_shift factor = 0
DIIS = <class 'pyscf.scf.diis.CDIIS'>
diis_start_cycle = 1
diis_space = 8
SCF conv_tol = 1e-09
SCF conv_tol_grad = 1e-05
SCF max_cycles = 1000
direct_scf = True
direct_scf_tol = 1e-13
chkfile to save SCF result = scf.fchk
max_memory 900000 MB (current use 79 MB)
init E= -582.330909064378
  HOMO = -0.270536488870328  LUMO = 0.0121710644215434
cycle= 1 E= -580.033186202493  delta_E=  2.3  |g|= 0.951  |ddm|= 5.16
  HOMO = -0.290349271583566  LUMO = 0.065061911753926
cycle= 2 E= -580.211101200697  delta_E= -0.178  |g|= 0.606  |ddm|= 1.15
  HOMO = -0.410997315098861  LUMO = 0.116937925813197
cycle= 3 E= -580.279551922018  delta_E= -0.0685  |g|= 0.136  |ddm|= 0.527
  HOMO = -0.408142428659383  LUMO = 0.130936409456713
cycle= 4 E= -580.284588509055  delta_E= -0.00504  |g|= 0.0503  |ddm|= 0.141
  HOMO = -0.409355980119252  LUMO = 0.128111281623757
cycle= 5 E= -580.285126105321  delta_E= -0.000538  |g|= 0.00986  |ddm|= 0.0518
  HOMO = -0.411870990710972  LUMO = 0.128012375841478
cycle= 6 E= -580.285173887649  delta_E= -4.78e-05  |g|= 0.00382  |ddm|= 0.0173
  HOMO = -0.411853966105527  LUMO = 0.128523451587054
cycle= 7 E= -580.285184404237  delta_E= -1.05e-05  |g|= 0.00159  |ddm|= 0.00978
  HOMO = -0.412202870080197  LUMO = 0.128491322101209
cycle= 8 E= -580.285186138544  delta_E= -1.73e-06  |g|= 0.000442  |ddm|= 0.00425
  HOMO = -0.412220996604467  LUMO = 0.128500681835458
cycle= 9 E= -580.285186272855  delta_E= -1.34e-07  |g|= 8.91e-05  |ddm|= 0.00116
  HOMO = -0.412213287994533  LUMO = 0.128507173274993
cycle= 10 E= -580.285186277762  delta_E= -4.91e-09  |g|= 3.22e-05  |ddm|= 0.000172
  HOMO = -0.41221611022357  LUMO = 0.128499557164735
cycle= 11 E= -580.285186278202  delta_E= -4.39e-10  |g|= 8.08e-06  |ddm|= 4.75e-05
  HOMO = -0.41221517865219  LUMO = 0.128501194529267
Extra cycle  E= -580.285186278237  delta_E= -3.55e-11  |g|= 4.07e-06  |ddm|= 1.31e-05
converged SCF energy = -580.285186278237
AOs:  [0, 1, 2, 3, 4, 5, 6, 7, 8, 9, 10, 11, 12, 13, 14, 15, 16, 17, 18, 19, 20, 21, 22, 23, 24, 25, 26, 27, 28, 29, 30, 31, 32, 33, 34, 35, 36, 37, 38, 39, 40, 41, 42, 43, 44, 45, 46, 47, 48, 49, 50, 51]
52

 AO indices used for projection:  [0, 1, 3, 4, 5, 14, 19, 24, 25, 27, 28, 29, 38, 39, 41, 42, 43]
 # of orbitals to keep:  13
Number of Active MOs:  13
Number of Environment MOs:  40
Number of Virtual MOs:  249
 # electrons:            α            β
         Env:  40.00000000  40.00000000
         Act:  13.00000000  13.00000000
         Vir:   0.00000000   0.00000000
Number of electrons in the active space:  26

 The density matrix is idempotent!

 The density matrix is idempotent!


******** <class 'pyscf.scf.hf.RHF'> ********
method = RHF
initial guess = minao
damping factor = 0
level_shift factor = 0
DIIS = <class 'pyscf.scf.diis.CDIIS'>
diis_start_cycle = 1
diis_space = 8
SCF conv_tol = 1e-09
SCF conv_tol_grad = 1e-05
SCF max_cycles = 200
direct_scf = True
direct_scf_tol = 1e-13
chkfile to save SCF result = subsys_scf.chk
max_memory 900000 MB (current use 8559 MB)
init E= 531.866473021259
  HOMO = -0.416391027096926  LUMO = 0.128500206217284
cycle= 1 E= 531.866472923608  delta_E= -9.77e-08  |g|= 2.04e-06  |ddm|= 5.9e-06
  HOMO = -0.416391087569345  LUMO = 0.128500431660808
cycle= 2 E= 531.866472923817  delta_E= 2.1e-10  |g|= 1.36e-06  |ddm|= 3.71e-06
  HOMO = -0.41639106306378  LUMO = 0.128500368610398
Extra cycle  E= 531.866472923964  delta_E= 1.46e-10  |g|= 8.82e-07  |ddm|= 2.44e-06
converged SCF energy = 531.866472923964
Difference in energy:  -2.6681020699470536e-08
E(MP2) = 531.348430435832  E_corr = -0.518042488131286
Total energy =  -580.8032287663258
time elapsed:  42.77070116996765
