

******** <class 'pyscf.scf.hf.RHF'> ********
method = RHF
initial guess = minao
damping factor = 0
level_shift factor = 0
DIIS = <class 'pyscf.scf.diis.CDIIS'>
diis_start_cycle = 1
diis_space = 8
SCF conv_tol = 1e-09
SCF conv_tol_grad = 1e-05
SCF max_cycles = 1000
direct_scf = True
direct_scf_tol = 1e-13
chkfile to save SCF result = scf.fchk
max_memory 900000 MB (current use 79 MB)
init E= -582.330909064378
  HOMO = -0.270536488870325  LUMO = 0.0121710644215352
cycle= 1 E= -580.03318620249  delta_E=  2.3  |g|= 0.951  |ddm|= 5.16
  HOMO = -0.29034927158355  LUMO = 0.0650619117539386
cycle= 2 E= -580.211101200697  delta_E= -0.178  |g|= 0.606  |ddm|= 1.15
  HOMO = -0.410997315098857  LUMO = 0.116937925813219
cycle= 3 E= -580.27955192202  delta_E= -0.0685  |g|= 0.136  |ddm|= 0.527
  HOMO = -0.408142428659378  LUMO = 0.130936409456718
cycle= 4 E= -580.284588509054  delta_E= -0.00504  |g|= 0.0503  |ddm|= 0.141
  HOMO = -0.409355980119254  LUMO = 0.128111281623767
cycle= 5 E= -580.285126105322  delta_E= -0.000538  |g|= 0.00986  |ddm|= 0.0518
  HOMO = -0.411870990710957  LUMO = 0.128012375841499
cycle= 6 E= -580.285173887649  delta_E= -4.78e-05  |g|= 0.00382  |ddm|= 0.0173
  HOMO = -0.411853966105527  LUMO = 0.128523451587082
cycle= 7 E= -580.285184404238  delta_E= -1.05e-05  |g|= 0.00159  |ddm|= 0.00978
  HOMO = -0.41220287008018  LUMO = 0.128491322101215
cycle= 8 E= -580.285186138544  delta_E= -1.73e-06  |g|= 0.000442  |ddm|= 0.00425
  HOMO = -0.412220996604481  LUMO = 0.128500681835426
cycle= 9 E= -580.285186272855  delta_E= -1.34e-07  |g|= 8.91e-05  |ddm|= 0.00116
  HOMO = -0.412213287994543  LUMO = 0.128507173274993
cycle= 10 E= -580.285186277764  delta_E= -4.91e-09  |g|= 3.22e-05  |ddm|= 0.000172
  HOMO = -0.412216110223567  LUMO = 0.128499557164722
cycle= 11 E= -580.285186278202  delta_E= -4.39e-10  |g|= 8.08e-06  |ddm|= 4.75e-05
  HOMO = -0.412215178652198  LUMO = 0.128501194529258
Extra cycle  E= -580.285186278236  delta_E= -3.39e-11  |g|= 4.07e-06  |ddm|= 1.31e-05
converged SCF energy = -580.285186278236
AOs:  [0, 1, 2, 3, 4, 5, 6, 7, 8, 9, 10, 11, 12, 13, 14, 15, 16, 17, 18, 19, 20, 21, 22, 23, 24, 25, 26, 27, 28, 29, 30, 31, 32, 33, 34, 35, 36, 37, 38, 39, 40, 41, 42, 43, 44, 45, 46, 47, 48, 49, 50, 51]
52

 AO indices used for projection:  [0, 1, 3, 4, 5, 14, 19, 24, 25, 27, 28, 29, 38, 39, 41, 42, 43]
 # of orbitals to keep:  17
Number of Active MOs:  17
Number of Environment MOs:  36
Number of Virtual MOs:  249
 # electrons:            α            β
         Env:  36.00000000  36.00000000
         Act:  17.00000000  17.00000000
         Vir:   0.00000000   0.00000000
Number of electrons in the active space:  34

 The density matrix is idempotent!

 The density matrix is idempotent!


******** <class 'pyscf.scf.hf.RHF'> ********
method = RHF
initial guess = minao
damping factor = 0
level_shift factor = 0
DIIS = <class 'pyscf.scf.diis.CDIIS'>
diis_start_cycle = 1
diis_space = 8
SCF conv_tol = 1e-09
SCF conv_tol_grad = 1e-05
SCF max_cycles = 200
direct_scf = True
direct_scf_tol = 1e-13
chkfile to save SCF result = subsys_scf.chk
max_memory 900000 MB (current use 8560 MB)
init E= 476.077632948099
  HOMO = -0.416271141013004  LUMO = 0.12850020640748
cycle= 1 E= 476.077606841771  delta_E= -2.61e-05  |g|= 3.44e-06  |ddm|= 8.1e-06
  HOMO = -0.416271134252932  LUMO = 0.128500721550819
cycle= 2 E= 476.077606842063  delta_E= 2.93e-10  |g|= 1.49e-06  |ddm|= 4.42e-06
  HOMO = -0.416271068816747  LUMO = 0.128500564420082
Extra cycle  E= 476.077606841814  delta_E= -2.49e-10  |g|= 8.5e-07  |ddm|= 2.45e-06
converged SCF energy = 476.077606841814
Difference in energy:  7.290909934454248e-08
E(MP2) = 475.473311146859  E_corr = -0.604295694955284
Total energy =  -580.8894819733076
time elapsed:  43.62768244743347
