

******** <class 'pyscf.scf.hf.RHF'> ********
method = RHF
initial guess = minao
damping factor = 0
level_shift factor = 0
DIIS = <class 'pyscf.scf.diis.CDIIS'>
diis_start_cycle = 1
diis_space = 8
SCF conv_tol = 1e-09
SCF conv_tol_grad = 1e-05
SCF max_cycles = 1000
direct_scf = True
direct_scf_tol = 1e-13
chkfile to save SCF result = scf.fchk
max_memory 900000 MB (current use 79 MB)
init E= -582.248533013686
  HOMO = -0.269626800904487  LUMO = 0.0134591243155725
cycle= 1 E= -580.0494895447  delta_E=  2.2  |g|= 0.948  |ddm|= 5.16
  HOMO = -0.317142272960322  LUMO = 0.0758837943039331
cycle= 2 E= -580.222804586839  delta_E= -0.173  |g|= 0.616  |ddm|= 1.15
  HOMO = -0.412890705218606  LUMO = 0.12188786743433
cycle= 3 E= -580.293390629357  delta_E= -0.0706  |g|= 0.138  |ddm|= 0.543
  HOMO = -0.405731054341784  LUMO = 0.135966676120042
cycle= 4 E= -580.298567670626  delta_E= -0.00518  |g|= 0.0487  |ddm|= 0.141
  HOMO = -0.413090262780348  LUMO = 0.133440275426357
cycle= 5 E= -580.299084769282  delta_E= -0.000517  |g|= 0.0101  |ddm|= 0.0521
  HOMO = -0.414235625242972  LUMO = 0.133370331216176
cycle= 6 E= -580.299134837985  delta_E= -5.01e-05  |g|= 0.00393  |ddm|= 0.0178
  HOMO = -0.414353892822493  LUMO = 0.133906910692295
cycle= 7 E= -580.299146411547  delta_E= -1.16e-05  |g|= 0.00162  |ddm|= 0.0105
  HOMO = -0.414741897812213  LUMO = 0.133850480448997
cycle= 8 E= -580.29914819262  delta_E= -1.78e-06  |g|= 0.000442  |ddm|= 0.00437
  HOMO = -0.41476381382877  LUMO = 0.133868290596028
cycle= 9 E= -580.299148328645  delta_E= -1.36e-07  |g|= 8.71e-05  |ddm|= 0.00117
  HOMO = -0.414753396167384  LUMO = 0.133872520464313
cycle= 10 E= -580.299148333383  delta_E= -4.74e-09  |g|= 3.1e-05  |ddm|= 0.000171
  HOMO = -0.414759039885907  LUMO = 0.133865323588178
cycle= 11 E= -580.299148333789  delta_E= -4.07e-10  |g|= 8.45e-06  |ddm|= 4.56e-05
  HOMO = -0.414757077579603  LUMO = 0.13386712038177
Extra cycle  E= -580.29914833383  delta_E= -4.12e-11  |g|= 4.38e-06  |ddm|= 1.39e-05
converged SCF energy = -580.29914833383
AOs:  [0, 1, 2, 3, 4, 5, 6, 7, 8, 9, 10, 11, 12, 13, 14, 15, 16, 17, 18, 19, 20, 21, 22, 23, 24, 25, 26, 27, 28, 29, 30, 31, 32, 33, 34, 35, 36, 37, 38, 39, 40, 41, 42, 43, 44, 45, 46, 47, 48, 49, 50, 51]
52

 AO indices used for projection:  [0, 1, 3, 4, 5, 14, 19, 24, 25, 27, 28, 29, 38, 39, 41, 42, 43]
 # of orbitals to keep:  13
Number of Active MOs:  13
Number of Environment MOs:  40
Number of Virtual MOs:  249
 # electrons:            α            β
         Env:  40.00000000  40.00000000
         Act:  13.00000000  13.00000000
         Vir:  -0.00000000  -0.00000000
Number of electrons in the active space:  26

 The density matrix is idempotent!

 The density matrix is idempotent!


******** <class 'pyscf.scf.hf.RHF'> ********
method = RHF
initial guess = minao
damping factor = 0
level_shift factor = 0
DIIS = <class 'pyscf.scf.diis.CDIIS'>
diis_start_cycle = 1
diis_space = 8
SCF conv_tol = 1e-09
SCF conv_tol_grad = 1e-05
SCF max_cycles = 200
direct_scf = True
direct_scf_tol = 1e-13
chkfile to save SCF result = subsys_scf.chk
max_memory 900000 MB (current use 8560 MB)
init E= 529.802242834894
  HOMO = -0.431788024497561  LUMO = 0.133866091048683
cycle= 1 E= 529.802242737979  delta_E= -9.69e-08  |g|= 2.27e-06  |ddm|= 6.51e-06
  HOMO = -0.431788085723058  LUMO = 0.133866331413223
cycle= 2 E= 529.802242738053  delta_E= 7.41e-11  |g|= 1.53e-06  |ddm|= 4.18e-06
  HOMO = -0.431788067017753  LUMO = 0.133866260986435
Extra cycle  E= 529.802242737661  delta_E= -3.92e-10  |g|= 1e-06  |ddm|= 2.76e-06
converged SCF energy = 529.802242737661
Difference in energy:  6.534709882544121e-08
E(MP2) = 529.285304493644  E_corr = -0.516938244017076
Total energy =  -580.8160865779514
time elapsed:  41.750250816345215
