

******** <class 'pyscf.scf.hf.RHF'> ********
method = RHF
initial guess = minao
damping factor = 0
level_shift factor = 0
DIIS = <class 'pyscf.scf.diis.CDIIS'>
diis_start_cycle = 1
diis_space = 8
SCF conv_tol = 1e-09
SCF conv_tol_grad = 1e-05
SCF max_cycles = 1000
direct_scf = True
direct_scf_tol = 1e-13
chkfile to save SCF result = scf.fchk
max_memory 900000 MB (current use 79 MB)
init E= -582.248533013686
  HOMO = -0.269626800904484  LUMO = 0.0134591243155834
cycle= 1 E= -580.049489544698  delta_E=  2.2  |g|= 0.948  |ddm|= 5.16
  HOMO = -0.31714227296036  LUMO = 0.0758837943039347
cycle= 2 E= -580.222804586839  delta_E= -0.173  |g|= 0.616  |ddm|= 1.15
  HOMO = -0.41289070521861  LUMO = 0.121887867434311
cycle= 3 E= -580.293390629357  delta_E= -0.0706  |g|= 0.138  |ddm|= 0.543
  HOMO = -0.405731054341775  LUMO = 0.135966676120078
cycle= 4 E= -580.298567670625  delta_E= -0.00518  |g|= 0.0487  |ddm|= 0.141
  HOMO = -0.413090262780353  LUMO = 0.133440275426369
cycle= 5 E= -580.299084769283  delta_E= -0.000517  |g|= 0.0101  |ddm|= 0.0521
  HOMO = -0.414235625242965  LUMO = 0.133370331216183
cycle= 6 E= -580.299134837984  delta_E= -5.01e-05  |g|= 0.00393  |ddm|= 0.0178
  HOMO = -0.414353892822505  LUMO = 0.133906910692305
cycle= 7 E= -580.299146411546  delta_E= -1.16e-05  |g|= 0.00162  |ddm|= 0.0105
  HOMO = -0.414741897812203  LUMO = 0.133850480449023
cycle= 8 E= -580.299148192618  delta_E= -1.78e-06  |g|= 0.000442  |ddm|= 0.00437
  HOMO = -0.414763813828771  LUMO = 0.133868290596029
cycle= 9 E= -580.299148328644  delta_E= -1.36e-07  |g|= 8.71e-05  |ddm|= 0.00117
  HOMO = -0.41475339616738  LUMO = 0.133872520464295
cycle= 10 E= -580.299148333383  delta_E= -4.74e-09  |g|= 3.1e-05  |ddm|= 0.000171
  HOMO = -0.414759039885917  LUMO = 0.133865323588163
cycle= 11 E= -580.299148333789  delta_E= -4.07e-10  |g|= 8.45e-06  |ddm|= 4.56e-05
  HOMO = -0.414757077579615  LUMO = 0.133867120381749
Extra cycle  E= -580.299148333831  delta_E= -4.16e-11  |g|= 4.38e-06  |ddm|= 1.39e-05
converged SCF energy = -580.299148333831
AOs:  [0, 1, 2, 3, 4, 5, 6, 7, 8, 9, 10, 11, 12, 13, 14, 15, 16, 17, 18, 19, 20, 21, 22, 23, 24, 25, 26, 27, 28, 29, 30, 31, 32, 33, 34, 35, 36, 37, 38, 39, 40, 41, 42, 43, 44, 45, 46, 47, 48, 49, 50, 51]
52

 AO indices used for projection:  [0, 1, 3, 4, 5, 14, 19, 24, 25, 27, 28, 29, 38, 39, 41, 42, 43]
 # of orbitals to keep:  17
Number of Active MOs:  17
Number of Environment MOs:  36
Number of Virtual MOs:  249
 # electrons:            α            β
         Env:  36.00000000  36.00000000
         Act:  17.00000000  17.00000000
         Vir:  -0.00000000  -0.00000000
Number of electrons in the active space:  34

 The density matrix is idempotent!

 The density matrix is idempotent!


******** <class 'pyscf.scf.hf.RHF'> ********
method = RHF
initial guess = minao
damping factor = 0
level_shift factor = 0
DIIS = <class 'pyscf.scf.diis.CDIIS'>
diis_start_cycle = 1
diis_space = 8
SCF conv_tol = 1e-09
SCF conv_tol_grad = 1e-05
SCF max_cycles = 200
direct_scf = True
direct_scf_tol = 1e-13
chkfile to save SCF result = subsys_scf.chk
max_memory 900000 MB (current use 8560 MB)
init E= 470.52480846884
  HOMO = -0.431680752303681  LUMO = 0.133866091358343
cycle= 1 E= 470.524776162169  delta_E= -3.23e-05  |g|= 4.76e-06  |ddm|= 9.05e-06
  HOMO = -0.431680681623641  LUMO = 0.133866747870077
cycle= 2 E= 470.52477616252  delta_E= 3.5e-10  |g|= 1.86e-06  |ddm|= 5.36e-06
  HOMO = -0.431680621789706  LUMO = 0.133866555923233
Extra cycle  E= 470.524776162427  delta_E= -9.21e-11  |g|= 9.59e-07  |ddm|= 2.78e-06
converged SCF energy = 470.524776162427
Difference in energy:  3.482800616438908e-07
E(MP2) = 469.926586250457  E_corr = -0.598189911970843
Total energy =  -580.8973382463565
time elapsed:  42.37276816368103
