

******** <class 'pyscf.scf.hf.RHF'> ********
method = RHF
initial guess = minao
damping factor = 0
level_shift factor = 0
DIIS = <class 'pyscf.scf.diis.CDIIS'>
diis_start_cycle = 1
diis_space = 8
SCF conv_tol = 1e-09
SCF conv_tol_grad = 1e-05
SCF max_cycles = 1000
direct_scf = True
direct_scf_tol = 1e-13
chkfile to save SCF result = scf.fchk
max_memory 900000 MB (current use 79 MB)
init E= -582.201706566771
  HOMO = -0.269121224762466  LUMO = 0.0141730489811858
cycle= 1 E= -580.054870014132  delta_E= 2.15  |g|= 0.951  |ddm|= 5.16
  HOMO = -0.335731510517286  LUMO = 0.084010215102749
cycle= 2 E= -580.225219042358  delta_E= -0.17  |g|= 0.63  |ddm|= 1.16
  HOMO = -0.409947101750023  LUMO = 0.125621364862447
cycle= 3 E= -580.29885087183  delta_E= -0.0736  |g|= 0.139  |ddm|= 0.562
  HOMO = -0.40262164366293  LUMO = 0.139471097348109
cycle= 4 E= -580.304124183786  delta_E= -0.00527  |g|= 0.0471  |ddm|= 0.141
  HOMO = -0.410333851936894  LUMO = 0.137281425019204
cycle= 5 E= -580.304621300087  delta_E= -0.000497  |g|= 0.0103  |ddm|= 0.0522
  HOMO = -0.411337119293057  LUMO = 0.137224723256654
cycle= 6 E= -580.30467320576  delta_E= -5.19e-05  |g|= 0.00402  |ddm|= 0.0183
  HOMO = -0.411500018396046  LUMO = 0.137774238994008
cycle= 7 E= -580.304685651591  delta_E= -1.24e-05  |g|= 0.00163  |ddm|= 0.0112
  HOMO = -0.411913764436206  LUMO = 0.137702361124866
cycle= 8 E= -580.304687447411  delta_E= -1.8e-06  |g|= 0.000444  |ddm|= 0.00444
  HOMO = -0.411933014651771  LUMO = 0.13772525086308
cycle= 9 E= -580.304687584522  delta_E= -1.37e-07  |g|= 8.65e-05  |ddm|= 0.00118
  HOMO = -0.411922445369024  LUMO = 0.13772812806114
cycle= 10 E= -580.30468758923  delta_E= -4.71e-09  |g|= 3.04e-05  |ddm|= 0.000172
  HOMO = -0.4119283343144  LUMO = 0.137721186291693
cycle= 11 E= -580.304687589627  delta_E= -3.97e-10  |g|= 8.76e-06  |ddm|= 4.51e-05
  HOMO = -0.411926102026041  LUMO = 0.137723081653544
Extra cycle  E= -580.304687589672  delta_E= -4.46e-11  |g|= 4.62e-06  |ddm|= 1.45e-05
converged SCF energy = -580.304687589672
AOs:  [0, 1, 2, 3, 4, 5, 6, 7, 8, 9, 10, 11, 12, 13, 14, 15, 16, 17, 18, 19, 20, 21, 22, 23, 24, 25, 26, 27, 28, 29, 30, 31, 32, 33, 34, 35, 36, 37, 38, 39, 40, 41, 42, 43, 44, 45, 46, 47, 48, 49, 50, 51]
52

 AO indices used for projection:  [0, 1, 3, 4, 5, 14, 19, 24, 25, 27, 28, 29, 38, 39, 41, 42, 43]
 # of orbitals to keep:  17
Number of Active MOs:  17
Number of Environment MOs:  36
Number of Virtual MOs:  249
 # electrons:            α            β
         Env:  36.00000000  36.00000000
         Act:  17.00000000  17.00000000
         Vir:   0.00000000   0.00000000
Number of electrons in the active space:  34

 The density matrix is idempotent!

 The density matrix is idempotent!


******** <class 'pyscf.scf.hf.RHF'> ********
method = RHF
initial guess = minao
damping factor = 0
level_shift factor = 0
DIIS = <class 'pyscf.scf.diis.CDIIS'>
diis_start_cycle = 1
diis_space = 8
SCF conv_tol = 1e-09
SCF conv_tol_grad = 1e-05
SCF max_cycles = 200
direct_scf = True
direct_scf_tol = 1e-13
chkfile to save SCF result = subsys_scf.chk
max_memory 900000 MB (current use 8560 MB)
init E= 464.702588368661
  HOMO = -0.438185899007049  LUMO = 0.137722037251582
cycle= 1 E= 464.702554430023  delta_E= -3.39e-05  |g|= 5.09e-06  |ddm|= 9.45e-06
  HOMO = -0.43818509720217  LUMO = 0.137722710708874
cycle= 2 E= 464.70255442989  delta_E= -1.32e-10  |g|= 1.99e-06  |ddm|= 5.7e-06
  HOMO = -0.438185296577845  LUMO = 0.137722510955794
Extra cycle  E= 464.702554430726  delta_E= 8.36e-10  |g|= 1.04e-06  |ddm|= 2.99e-06
converged SCF energy = 464.702554430726
Difference in energy:  -2.852158308996877e-07
E(MP2) = 464.108178903174  E_corr = -0.594375527551986
Total energy =  -580.899063116769
time elapsed:  43.133795738220215
