

******** <class 'pyscf.scf.hf.RHF'> ********
method = RHF
initial guess = minao
damping factor = 0
level_shift factor = 0
DIIS = <class 'pyscf.scf.diis.CDIIS'>
diis_start_cycle = 1
diis_space = 8
SCF conv_tol = 1e-09
SCF conv_tol_grad = 1e-05
SCF max_cycles = 1000
direct_scf = True
direct_scf_tol = 1e-13
chkfile to save SCF result = scf.fchk
max_memory 900000 MB (current use 79 MB)
init E= -582.175507304619
  HOMO = -0.268845095163019  LUMO = 0.0145692562741254
cycle= 1 E= -580.055253246915  delta_E= 2.12  |g|= 0.955  |ddm|= 5.16
  HOMO = -0.342610278256015  LUMO = 0.089936603692691
cycle= 2 E= -580.223869413858  delta_E= -0.169  |g|= 0.643  |ddm|= 1.18
  HOMO = -0.407146937607783  LUMO = 0.128496754246807
cycle= 3 E= -580.300409484493  delta_E= -0.0765  |g|= 0.139  |ddm|= 0.58
  HOMO = -0.40011897019339  LUMO = 0.14199444192707
cycle= 4 E= -580.305748838088  delta_E= -0.00534  |g|= 0.046  |ddm|= 0.142
  HOMO = -0.40769669205905  LUMO = 0.140100197434707
cycle= 5 E= -580.306232175602  delta_E= -0.000483  |g|= 0.0105  |ddm|= 0.0524
  HOMO = -0.408691347417342  LUMO = 0.140047009320511
cycle= 6 E= -580.306285528236  delta_E= -5.34e-05  |g|= 0.00409  |ddm|= 0.0186
  HOMO = -0.408890492357112  LUMO = 0.140600954845187
cycle= 7 E= -580.306298662007  delta_E= -1.31e-05  |g|= 0.00164  |ddm|= 0.0118
  HOMO = -0.409322473059507  LUMO = 0.140520405268126
cycle= 8 E= -580.306300465001  delta_E= -1.8e-06  |g|= 0.000445  |ddm|= 0.00449
  HOMO = -0.409340270143626  LUMO = 0.140546141515089
cycle= 9 E= -580.306300602697  delta_E= -1.38e-07  |g|= 8.66e-05  |ddm|= 0.00118
  HOMO = -0.409329510107226  LUMO = 0.14054827261321
cycle= 10 E= -580.306300607427  delta_E= -4.73e-09  |g|= 3.02e-05  |ddm|= 0.000173
  HOMO = -0.409335504080501  LUMO = 0.140541453997954
cycle= 11 E= -580.306300607822  delta_E= -3.95e-10  |g|= 8.99e-06  |ddm|= 4.52e-05
  HOMO = -0.409333130311524  LUMO = 0.140543400467912
Extra cycle  E= -580.306300607868  delta_E= -4.59e-11  |g|= 4.78e-06  |ddm|= 1.5e-05
converged SCF energy = -580.306300607868
AOs:  [0, 1, 2, 3, 4, 5, 6, 7, 8, 9, 10, 11, 12, 13, 14, 15, 16, 17, 18, 19, 20, 21, 22, 23, 24, 25, 26, 27, 28, 29, 30, 31, 32, 33, 34, 35, 36, 37, 38, 39, 40, 41, 42, 43, 44, 45, 46, 47, 48, 49, 50, 51]
52

 AO indices used for projection:  [0, 1, 3, 4, 5, 14, 19, 24, 25, 27, 28, 29, 38, 39, 41, 42, 43]
 # of orbitals to keep:  17
Number of Active MOs:  17
Number of Environment MOs:  36
Number of Virtual MOs:  249
 # electrons:            α            β
         Env:  36.00000000  36.00000000
         Act:  17.00000000  17.00000000
         Vir:  -0.00000000  -0.00000000
Number of electrons in the active space:  34

 The density matrix is idempotent!

 The density matrix is idempotent!


******** <class 'pyscf.scf.hf.RHF'> ********
method = RHF
initial guess = minao
damping factor = 0
level_shift factor = 0
DIIS = <class 'pyscf.scf.diis.CDIIS'>
diis_start_cycle = 1
diis_space = 8
SCF conv_tol = 1e-09
SCF conv_tol_grad = 1e-05
SCF max_cycles = 200
direct_scf = True
direct_scf_tol = 1e-13
chkfile to save SCF result = subsys_scf.chk
max_memory 900000 MB (current use 8560 MB)
init E= 461.084574886779
  HOMO = -0.436353153426935  LUMO = 0.140542355321876
cycle= 1 E= 461.084542481071  delta_E= -3.24e-05  |g|= 4.73e-06  |ddm|= 9.56e-06
  HOMO = -0.436352119801595  LUMO = 0.14054297756737
cycle= 2 E= 461.084542480895  delta_E= -1.76e-10  |g|= 1.97e-06  |ddm|= 5.72e-06
  HOMO = -0.436352432039827  LUMO = 0.140542782595671
Extra cycle  E= 461.084542481067  delta_E= 1.72e-10  |g|= 1.09e-06  |ddm|= 3.14e-06
converged SCF energy = 461.084542481067
Difference in energy:  -8.646362857689382e-08
E(MP2) = 460.491211760702  E_corr = -0.593330720365206
Total energy =  -580.8996313280957
time elapsed:  42.167452812194824
