

******** <class 'pyscf.scf.hf.RHF'> ********
method = RHF
initial guess = minao
damping factor = 0
level_shift factor = 0
DIIS = <class 'pyscf.scf.diis.CDIIS'>
diis_start_cycle = 1
diis_space = 8
SCF conv_tol = 1e-09
SCF conv_tol_grad = 1e-05
SCF max_cycles = 1000
direct_scf = True
direct_scf_tol = 1e-13
chkfile to save SCF result = scf.fchk
max_memory 900000 MB (current use 79 MB)
init E= -582.152796084336
  HOMO = -0.268643530059693  LUMO = 0.0148760783598123
cycle= 1 E= -580.051354489277  delta_E=  2.1  |g|= 0.964  |ddm|= 5.16
  HOMO = -0.331351280639716  LUMO = 0.0973914941141006
cycle= 2 E= -580.218679494739  delta_E= -0.167  |g|= 0.661  |ddm|= 1.22
  HOMO = -0.4028912585381  LUMO = 0.132541250555643
cycle= 3 E= -580.299518379746  delta_E= -0.0808  |g|= 0.139  |ddm|= 0.606
  HOMO = -0.396546509309341  LUMO = 0.145359165852882
cycle= 4 E= -580.304934129527  delta_E= -0.00542  |g|= 0.0449  |ddm|= 0.142
  HOMO = -0.403837449510099  LUMO = 0.143878041202547
cycle= 5 E= -580.305405527988  delta_E= -0.000471  |g|= 0.0107  |ddm|= 0.053
  HOMO = -0.404854839483657  LUMO = 0.143818344756174
cycle= 6 E= -580.305460995428  delta_E= -5.55e-05  |g|= 0.0042  |ddm|= 0.0192
  HOMO = -0.405111454662741  LUMO = 0.1443693064125
cycle= 7 E= -580.305475085608  delta_E= -1.41e-05  |g|= 0.00165  |ddm|= 0.0126
  HOMO = -0.405565598473614  LUMO = 0.144282514235872
cycle= 8 E= -580.305476903265  delta_E= -1.82e-06  |g|= 0.000447  |ddm|= 0.00458
  HOMO = -0.405582812802906  LUMO = 0.144310302469482
cycle= 9 E= -580.305477041043  delta_E= -1.38e-07  |g|= 8.74e-05  |ddm|= 0.00118
  HOMO = -0.40557140850903  LUMO = 0.144311811700697
cycle= 10 E= -580.305477045855  delta_E= -4.81e-09  |g|= 3.03e-05  |ddm|= 0.000175
  HOMO = -0.405577647050128  LUMO = 0.144305044959955
cycle= 11 E= -580.305477046257  delta_E= -4.02e-10  |g|= 9.27e-06  |ddm|= 4.59e-05
  HOMO = -0.405575120651824  LUMO = 0.144307013266588
Extra cycle  E= -580.305477046305  delta_E= -4.84e-11  |g|= 4.97e-06  |ddm|= 1.55e-05
converged SCF energy = -580.305477046305
AOs:  [0, 1, 2, 3, 4, 5, 6, 7, 8, 9, 10, 11, 12, 13, 14, 15, 16, 17, 18, 19, 20, 21, 22, 23, 24, 25, 26, 27, 28, 29, 30, 31, 32, 33, 34, 35, 36, 37, 38, 39, 40, 41, 42, 43, 44, 45, 46, 47, 48, 49, 50, 51]
52

 AO indices used for projection:  [0, 1, 3, 4, 5, 14, 19, 24, 25, 27, 28, 29, 38, 39, 41, 42, 43]
 # of orbitals to keep:  13
Number of Active MOs:  13
Number of Environment MOs:  40
Number of Virtual MOs:  249
 # electrons:            α            β
         Env:  40.00000000  40.00000000
         Act:  13.00000000  13.00000000
         Vir:  -0.00000000  -0.00000000
Number of electrons in the active space:  26

 The density matrix is idempotent!

 The density matrix is idempotent!


******** <class 'pyscf.scf.hf.RHF'> ********
method = RHF
initial guess = minao
damping factor = 0
level_shift factor = 0
DIIS = <class 'pyscf.scf.diis.CDIIS'>
diis_start_cycle = 1
diis_space = 8
SCF conv_tol = 1e-09
SCF conv_tol_grad = 1e-05
SCF max_cycles = 200
direct_scf = True
direct_scf_tol = 1e-13
chkfile to save SCF result = subsys_scf.chk
max_memory 900000 MB (current use 8560 MB)
init E= 522.591721651639
  HOMO = -0.431973148053462  LUMO = 0.14430598523861
cycle= 1 E= 522.591721554829  delta_E= -9.68e-08  |g|= 2.7e-06  |ddm|= 7.56e-06
  HOMO = -0.431972646387229  LUMO = 0.144306229797986
cycle= 2 E= 522.591721554574  delta_E= -2.55e-10  |g|= 1.85e-06  |ddm|= 5e-06
  HOMO = -0.431972917952767  LUMO = 0.144306151074498
Extra cycle  E= 522.591721554747  delta_E= 1.73e-10  |g|= 1.23e-06  |ddm|= 3.36e-06
converged SCF energy = 522.591721554747
Difference in energy:  -1.4239389656722778e-07
E(MP2) = 522.076509008601  E_corr = -0.51521254614601
Total energy =  -580.8206895922244
time elapsed:  10.582841634750366
