

******** <class 'pyscf.scf.hf.RHF'> ********
method = RHF
initial guess = minao
damping factor = 0
level_shift factor = 0
DIIS = <class 'pyscf.scf.diis.CDIIS'>
diis_start_cycle = 1
diis_space = 8
SCF conv_tol = 1e-09
SCF conv_tol_grad = 1e-05
SCF max_cycles = 1000
direct_scf = True
direct_scf_tol = 1e-13
chkfile to save SCF result = scf.fchk
max_memory 900000 MB (current use 79 MB)
init E= -582.145551290852
  HOMO = -0.26859904826909  LUMO = 0.0149634667889045
cycle= 1 E= -580.046982475086  delta_E=  2.1  |g|= 0.97  |ddm|= 5.16
  HOMO = -0.324045531099175  LUMO = 0.101597106544486
cycle= 2 E= -580.214240399849  delta_E= -0.167  |g|= 0.672  |ddm|= 1.24
  HOMO = -0.399960801340689  LUMO = 0.135189255948887
cycle= 3 E= -580.297755521969  delta_E= -0.0835  |g|= 0.139  |ddm|= 0.622
  HOMO = -0.394127171749191  LUMO = 0.147504807164253
cycle= 4 E= -580.303207668669  delta_E= -0.00545  |g|= 0.0445  |ddm|= 0.142
  HOMO = -0.401245343165809  LUMO = 0.146268973668108
cycle= 5 E= -580.303677151325  delta_E= -0.000469  |g|= 0.0108  |ddm|= 0.0534
  HOMO = -0.40229094568632  LUMO = 0.146197521892941
cycle= 6 E= -580.303734152409  delta_E= -5.7e-05  |g|= 0.00428  |ddm|= 0.0197
  HOMO = -0.402589580095301  LUMO = 0.146740384994952
cycle= 7 E= -580.303748879228  delta_E= -1.47e-05  |g|= 0.00165  |ddm|= 0.013
  HOMO = -0.403055847655033  LUMO = 0.146653361700002
cycle= 8 E= -580.303750714299  delta_E= -1.84e-06  |g|= 0.000449  |ddm|= 0.00464
  HOMO = -0.403073489172466  LUMO = 0.146681352373235
cycle= 9 E= -580.303750851493  delta_E= -1.37e-07  |g|= 8.83e-05  |ddm|= 0.00117
  HOMO = -0.403061417997257  LUMO = 0.146682690534461
cycle= 10 E= -580.303750856368  delta_E= -4.88e-09  |g|= 3.06e-05  |ddm|= 0.000177
  HOMO = -0.403067887139737  LUMO = 0.146675896304455
cycle= 11 E= -580.303750856775  delta_E= -4.07e-10  |g|= 9.41e-06  |ddm|= 4.65e-05
  HOMO = -0.403065283727226  LUMO = 0.146677849132615
Extra cycle  E= -580.303750856828  delta_E= -5.34e-11  |g|= 5.07e-06  |ddm|= 1.59e-05
converged SCF energy = -580.303750856828
AOs:  [0, 1, 2, 3, 4, 5, 6, 7, 8, 9, 10, 11, 12, 13, 14, 15, 16, 17, 18, 19, 20, 21, 22, 23, 24, 25, 26, 27, 28, 29, 30, 31, 32, 33, 34, 35, 36, 37, 38, 39, 40, 41, 42, 43, 44, 45, 46, 47, 48, 49, 50, 51]
52

 AO indices used for projection:  [0, 1, 3, 4, 5, 14, 19, 24, 25, 27, 28, 29, 38, 39, 41, 42, 43]
 # of orbitals to keep:  13
Number of Active MOs:  13
Number of Environment MOs:  40
Number of Virtual MOs:  249
 # electrons:            α            β
         Env:  40.00000000  40.00000000
         Act:  13.00000000  13.00000000
         Vir:  -0.00000000  -0.00000000
Number of electrons in the active space:  26

 The density matrix is idempotent!

 The density matrix is idempotent!


******** <class 'pyscf.scf.hf.RHF'> ********
method = RHF
initial guess = minao
damping factor = 0
level_shift factor = 0
DIIS = <class 'pyscf.scf.diis.CDIIS'>
diis_start_cycle = 1
diis_space = 8
SCF conv_tol = 1e-09
SCF conv_tol_grad = 1e-05
SCF max_cycles = 200
direct_scf = True
direct_scf_tol = 1e-13
chkfile to save SCF result = subsys_scf.chk
max_memory 900000 MB (current use 8560 MB)
init E= 519.489499242718
  HOMO = -0.428888289735023  LUMO = 0.146676836635426
cycle= 1 E= 519.489499145971  delta_E= -9.67e-08  |g|= 2.78e-06  |ddm|= 7.78e-06
  HOMO = -0.428887781855136  LUMO = 0.146677072351741
cycle= 2 E= 519.48949914603  delta_E= 5.97e-11  |g|= 1.91e-06  |ddm|= 5.17e-06
  HOMO = -0.428888060625964  LUMO = 0.146676993827391
Extra cycle  E= 519.489499146126  delta_E= 9.61e-11  |g|= 1.27e-06  |ddm|= 3.46e-06
converged SCF energy = 519.489499146126
Difference in energy:  -7.93296658230247e-08
E(MP2) = 518.974482244423  E_corr = -0.515016901703825
Total energy =  -580.8187677584056
time elapsed:  42.055257081985474
