

******** <class 'pyscf.scf.hf.RHF'> ********
method = RHF
initial guess = minao
damping factor = 0
level_shift factor = 0
DIIS = <class 'pyscf.scf.diis.CDIIS'>
diis_start_cycle = 1
diis_space = 8
SCF conv_tol = 1e-09
SCF conv_tol_grad = 1e-05
SCF max_cycles = 1000
direct_scf = True
direct_scf_tol = 1e-13
chkfile to save SCF result = scf.fchk
max_memory 900000 MB (current use 79 MB)
init E= -582.145551290852
  HOMO = -0.26859904826909  LUMO = 0.0149634667889145
cycle= 1 E= -580.046982475088  delta_E=  2.1  |g|= 0.97  |ddm|= 5.16
  HOMO = -0.324045531099152  LUMO = 0.101597106544493
cycle= 2 E= -580.214240399849  delta_E= -0.167  |g|= 0.672  |ddm|= 1.24
  HOMO = -0.399960801340692  LUMO = 0.135189255948887
cycle= 3 E= -580.297755521969  delta_E= -0.0835  |g|= 0.139  |ddm|= 0.622
  HOMO = -0.394127171749197  LUMO = 0.147504807164244
cycle= 4 E= -580.303207668668  delta_E= -0.00545  |g|= 0.0445  |ddm|= 0.142
  HOMO = -0.401245343165813  LUMO = 0.146268973668089
cycle= 5 E= -580.303677151323  delta_E= -0.000469  |g|= 0.0108  |ddm|= 0.0534
  HOMO = -0.402290945686324  LUMO = 0.146197521892932
cycle= 6 E= -580.303734152408  delta_E= -5.7e-05  |g|= 0.00428  |ddm|= 0.0197
  HOMO = -0.402589580095306  LUMO = 0.146740384994917
cycle= 7 E= -580.303748879226  delta_E= -1.47e-05  |g|= 0.00165  |ddm|= 0.013
  HOMO = -0.403055847655041  LUMO = 0.146653361700004
cycle= 8 E= -580.303750714298  delta_E= -1.84e-06  |g|= 0.000449  |ddm|= 0.00464
  HOMO = -0.403073489172465  LUMO = 0.14668135237324
cycle= 9 E= -580.303750851492  delta_E= -1.37e-07  |g|= 8.83e-05  |ddm|= 0.00117
  HOMO = -0.403061417997245  LUMO = 0.146682690534495
cycle= 10 E= -580.303750856368  delta_E= -4.88e-09  |g|= 3.06e-05  |ddm|= 0.000177
  HOMO = -0.403067887139727  LUMO = 0.146675896304443
cycle= 11 E= -580.303750856775  delta_E= -4.08e-10  |g|= 9.41e-06  |ddm|= 4.65e-05
  HOMO = -0.40306528372721  LUMO = 0.146677849132608
Extra cycle  E= -580.303750856828  delta_E= -5.3e-11  |g|= 5.07e-06  |ddm|= 1.59e-05
converged SCF energy = -580.303750856828
AOs:  [0, 1, 2, 3, 4, 5, 6, 7, 8, 9, 10, 11, 12, 13, 14, 15, 16, 17, 18, 19, 20, 21, 22, 23, 24, 25, 26, 27, 28, 29, 30, 31, 32, 33, 34, 35, 36, 37, 38, 39, 40, 41, 42, 43, 44, 45, 46, 47, 48, 49, 50, 51]
52

 AO indices used for projection:  [0, 1, 3, 4, 5, 14, 19, 24, 25, 27, 28, 29, 38, 39, 41, 42, 43]
 # of orbitals to keep:  17
Number of Active MOs:  17
Number of Environment MOs:  36
Number of Virtual MOs:  249
 # electrons:            α            β
         Env:  36.00000000  36.00000000
         Act:  17.00000000  17.00000000
         Vir:  -0.00000000  -0.00000000
Number of electrons in the active space:  34

 The density matrix is idempotent!

 The density matrix is idempotent!


******** <class 'pyscf.scf.hf.RHF'> ********
method = RHF
initial guess = minao
damping factor = 0
level_shift factor = 0
DIIS = <class 'pyscf.scf.diis.CDIIS'>
diis_start_cycle = 1
diis_space = 8
SCF conv_tol = 1e-09
SCF conv_tol_grad = 1e-05
SCF max_cycles = 200
direct_scf = True
direct_scf_tol = 1e-13
chkfile to save SCF result = subsys_scf.chk
max_memory 900000 MB (current use 8559 MB)
init E= 464.024053679209
  HOMO = -0.428838020990856  LUMO = 0.146676837870949
cycle= 1 E= 464.024027697287  delta_E= -2.6e-05  |g|= 4.81e-06  |ddm|= 9.64e-06
  HOMO = -0.42883695842291  LUMO = 0.146677466724217
cycle= 2 E= 464.024027696824  delta_E= -4.63e-10  |g|= 2.13e-06  |ddm|= 6.12e-06
  HOMO = -0.428837282213238  LUMO = 0.146677266641175
Extra cycle  E= 464.024027697259  delta_E= 4.35e-10  |g|= 1.19e-06  |ddm|= 3.43e-06
converged SCF energy = 464.024027697259
Difference in energy:  5.080808273305592e-07
E(MP2) = 463.423768251421  E_corr = -0.600259445838286
Total energy =  -580.9040103034764
time elapsed:  11.169390201568604
