

******** <class 'pyscf.scf.hf.RHF'> ********
method = RHF
initial guess = minao
damping factor = 0
level_shift factor = 0
DIIS = <class 'pyscf.scf.diis.CDIIS'>
diis_start_cycle = 1
diis_space = 8
SCF conv_tol = 1e-09
SCF conv_tol_grad = 1e-05
SCF max_cycles = 1000
direct_scf = True
direct_scf_tol = 1e-13
chkfile to save SCF result = scf.fchk
max_memory 900000 MB (current use 79 MB)
init E= -582.143885830728
  HOMO = -0.268590328682974  LUMO = 0.0149873676813261
cycle= 1 E= -580.045186875009  delta_E=  2.1  |g|= 0.972  |ddm|= 5.16
  HOMO = -0.321457932724134  LUMO = 0.103050712125536
cycle= 2 E= -580.212546407157  delta_E= -0.167  |g|= 0.676  |ddm|= 1.25
  HOMO = -0.398834834314421  LUMO = 0.136185630856703
cycle= 3 E= -580.296995086437  delta_E= -0.0844  |g|= 0.139  |ddm|= 0.628
  HOMO = -0.39320161276315  LUMO = 0.148304396218667
cycle= 4 E= -580.302457420489  delta_E= -0.00546  |g|= 0.0445  |ddm|= 0.142
  HOMO = -0.400260263294166  LUMO = 0.147154339628955
cycle= 5 E= -580.302927138437  delta_E= -0.00047  |g|= 0.0109  |ddm|= 0.0535
  HOMO = -0.401318246951268  LUMO = 0.147077391219963
cycle= 6 E= -580.302984738893  delta_E= -5.76e-05  |g|= 0.00431  |ddm|= 0.0199
  HOMO = -0.401633324124235  LUMO = 0.147616049610573
cycle= 7 E= -580.302999705212  delta_E= -1.5e-05  |g|= 0.00166  |ddm|= 0.0132
  HOMO = -0.402103605876634  LUMO = 0.147529642636862
cycle= 8 E= -580.303001548448  delta_E= -1.84e-06  |g|= 0.000449  |ddm|= 0.00467
  HOMO = -0.402121502215567  LUMO = 0.147557558445341
cycle= 9 E= -580.303001685324  delta_E= -1.37e-07  |g|= 8.86e-05  |ddm|= 0.00117
  HOMO = -0.402109147725365  LUMO = 0.147558865320659
cycle= 10 E= -580.303001690225  delta_E= -4.9e-09  |g|= 3.08e-05  |ddm|= 0.000178
  HOMO = -0.402115711330859  LUMO = 0.147552056587328
cycle= 11 E= -580.303001690634  delta_E= -4.09e-10  |g|= 9.46e-06  |ddm|= 4.67e-05
  HOMO = -0.402113083010264  LUMO = 0.147553998962512
Extra cycle  E= -580.303001690687  delta_E= -5.23e-11  |g|= 5.1e-06  |ddm|= 1.6e-05
converged SCF energy = -580.303001690687
AOs:  [0, 1, 2, 3, 4, 5, 6, 7, 8, 9, 10, 11, 12, 13, 14, 15, 16, 17, 18, 19, 20, 21, 22, 23, 24, 25, 26, 27, 28, 29, 30, 31, 32, 33, 34, 35, 36, 37, 38, 39, 40, 41, 42, 43, 44, 45, 46, 47, 48, 49, 50, 51]
52

 AO indices used for projection:  [0, 1, 3, 4, 5, 14, 19, 24, 25, 27, 28, 29, 38, 39, 41, 42, 43]
 # of orbitals to keep:  13
Number of Active MOs:  13
Number of Environment MOs:  40
Number of Virtual MOs:  249
 # electrons:            α            β
         Env:  40.00000000  40.00000000
         Act:  13.00000000  13.00000000
         Vir:  -0.00000000  -0.00000000
Number of electrons in the active space:  26

 The density matrix is idempotent!

 The density matrix is idempotent!


******** <class 'pyscf.scf.hf.RHF'> ********
method = RHF
initial guess = minao
damping factor = 0
level_shift factor = 0
DIIS = <class 'pyscf.scf.diis.CDIIS'>
diis_start_cycle = 1
diis_space = 8
SCF conv_tol = 1e-09
SCF conv_tol_grad = 1e-05
SCF max_cycles = 200
direct_scf = True
direct_scf_tol = 1e-13
chkfile to save SCF result = subsys_scf.chk
max_memory 900000 MB (current use 8559 MB)
init E= 518.043791732338
  HOMO = -0.427725390719091  LUMO = 0.147552997079003
cycle= 1 E= 518.043791635597  delta_E= -9.67e-08  |g|= 2.81e-06  |ddm|= 7.85e-06
  HOMO = -0.427724882658453  LUMO = 0.147553227385252
cycle= 2 E= 518.04379163552  delta_E= -7.67e-11  |g|= 1.92e-06  |ddm|= 5.2e-06
  HOMO = -0.427725162725321  LUMO = 0.1475531497214
Extra cycle  E= 518.043791635593  delta_E= 7.29e-11  |g|= 1.29e-06  |ddm|= 3.49e-06
converged SCF energy = 518.043791635593
Difference in energy:  -6.898541982991447e-08
E(MP2) = 517.528836723194  E_corr = -0.514954912399204
Total energy =  -580.8179566029758
time elapsed:  42.8239381313324
