

******** <class 'pyscf.scf.hf.RHF'> ********
method = RHF
initial guess = minao
damping factor = 0
level_shift factor = 0
DIIS = <class 'pyscf.scf.diis.CDIIS'>
diis_start_cycle = 1
diis_space = 8
SCF conv_tol = 1e-09
SCF conv_tol_grad = 1e-05
SCF max_cycles = 1000
direct_scf = True
direct_scf_tol = 1e-13
chkfile to save SCF result = scf.fchk
max_memory 900000 MB (current use 79 MB)
init E= -582.143885830728
  HOMO = -0.268590328682972  LUMO = 0.0149873676813331
cycle= 1 E= -580.045186875008  delta_E=  2.1  |g|= 0.972  |ddm|= 5.16
  HOMO = -0.321457932724136  LUMO = 0.103050712125545
cycle= 2 E= -580.212546407157  delta_E= -0.167  |g|= 0.676  |ddm|= 1.25
  HOMO = -0.398834834314424  LUMO = 0.136185630856688
cycle= 3 E= -580.296995086436  delta_E= -0.0844  |g|= 0.139  |ddm|= 0.628
  HOMO = -0.393201612763159  LUMO = 0.148304396218658
cycle= 4 E= -580.302457420488  delta_E= -0.00546  |g|= 0.0445  |ddm|= 0.142
  HOMO = -0.400260263294156  LUMO = 0.147154339628956
cycle= 5 E= -580.302927138437  delta_E= -0.00047  |g|= 0.0109  |ddm|= 0.0535
  HOMO = -0.401318246951271  LUMO = 0.147077391219943
cycle= 6 E= -580.302984738893  delta_E= -5.76e-05  |g|= 0.00431  |ddm|= 0.0199
  HOMO = -0.401633324124251  LUMO = 0.147616049610559
cycle= 7 E= -580.302999705213  delta_E= -1.5e-05  |g|= 0.00166  |ddm|= 0.0132
  HOMO = -0.40210360587664  LUMO = 0.147529642636864
cycle= 8 E= -580.303001548448  delta_E= -1.84e-06  |g|= 0.000449  |ddm|= 0.00467
  HOMO = -0.402121502215589  LUMO = 0.147557558445299
cycle= 9 E= -580.303001685323  delta_E= -1.37e-07  |g|= 8.86e-05  |ddm|= 0.00117
  HOMO = -0.402109147725359  LUMO = 0.147558865320666
cycle= 10 E= -580.303001690224  delta_E= -4.9e-09  |g|= 3.08e-05  |ddm|= 0.000178
  HOMO = -0.40211571133085  LUMO = 0.147552056587346
cycle= 11 E= -580.303001690636  delta_E= -4.12e-10  |g|= 9.46e-06  |ddm|= 4.67e-05
  HOMO = -0.402113083010275  LUMO = 0.147553998962498
Extra cycle  E= -580.303001690687  delta_E= -5.18e-11  |g|= 5.1e-06  |ddm|= 1.6e-05
converged SCF energy = -580.303001690687
AOs:  [0, 1, 2, 3, 4, 5, 6, 7, 8, 9, 10, 11, 12, 13, 14, 15, 16, 17, 18, 19, 20, 21, 22, 23, 24, 25, 26, 27, 28, 29, 30, 31, 32, 33, 34, 35, 36, 37, 38, 39, 40, 41, 42, 43, 44, 45, 46, 47, 48, 49, 50, 51]
52

 AO indices used for projection:  [0, 1, 3, 4, 5, 14, 19, 24, 25, 27, 28, 29, 38, 39, 41, 42, 43]
 # of orbitals to keep:  17
Number of Active MOs:  17
Number of Environment MOs:  36
Number of Virtual MOs:  249
 # electrons:            α            β
         Env:  36.00000000  36.00000000
         Act:  17.00000000  17.00000000
         Vir:  -0.00000000  -0.00000000
Number of electrons in the active space:  34

 The density matrix is idempotent!

 The density matrix is idempotent!


******** <class 'pyscf.scf.hf.RHF'> ********
method = RHF
initial guess = minao
damping factor = 0
level_shift factor = 0
DIIS = <class 'pyscf.scf.diis.CDIIS'>
diis_start_cycle = 1
diis_space = 8
SCF conv_tol = 1e-09
SCF conv_tol_grad = 1e-05
SCF max_cycles = 200
direct_scf = True
direct_scf_tol = 1e-13
chkfile to save SCF result = subsys_scf.chk
max_memory 900000 MB (current use 8560 MB)
init E= 464.303985056263
  HOMO = -0.427678484404792  LUMO = 0.147552996626234
cycle= 1 E= 464.303962228201  delta_E= -2.28e-05  |g|= 4.47e-06  |ddm|= 9.47e-06
  HOMO = -0.427677469650353  LUMO = 0.147553590744095
cycle= 2 E= 464.303962228636  delta_E= 4.35e-10  |g|= 2.07e-06  |ddm|= 6.02e-06
  HOMO = -0.427677788986226  LUMO = 0.147553400883366
Extra cycle  E= 464.303962228292  delta_E= -3.44e-10  |g|= 1.21e-06  |ddm|= 3.48e-06
converged SCF energy = 464.303962228292
Difference in energy:  1.4667427421954927e-07
E(MP2) = 463.701821980899  E_corr = -0.602140247392847
Total energy =  -580.905141938314
time elapsed:  42.59042239189148
