

******** <class 'pyscf.scf.hf.RHF'> ********
method = RHF
initial guess = minao
damping factor = 0
level_shift factor = 0
DIIS = <class 'pyscf.scf.diis.CDIIS'>
diis_start_cycle = 1
diis_space = 8
SCF conv_tol = 1e-09
SCF conv_tol_grad = 1e-05
SCF max_cycles = 1000
direct_scf = True
direct_scf_tol = 1e-13
chkfile to save SCF result = scf.fchk
max_memory 900000 MB (current use 79 MB)
init E= -582.142773559818
  HOMO = -0.268584904310525  LUMO = 0.0150056656949235
cycle= 1 E= -580.043667712018  delta_E=  2.1  |g|= 0.974  |ddm|= 5.16
  HOMO = -0.319339611497519  LUMO = 0.104235947733062
cycle= 2 E= -580.211149334194  delta_E= -0.167  |g|= 0.679  |ddm|= 1.26
  HOMO = -0.397878748674165  LUMO = 0.137024958508978
cycle= 3 E= -580.29634862599  delta_E= -0.0852  |g|= 0.139  |ddm|= 0.632
  HOMO = -0.392418427606078  LUMO = 0.148974843102379
cycle= 4 E= -580.301818066817  delta_E= -0.00547  |g|= 0.0445  |ddm|= 0.143
  HOMO = -0.399427732282718  LUMO = 0.147895124759608
cycle= 5 E= -580.30228826008  delta_E= -0.00047  |g|= 0.0109  |ddm|= 0.0537
  HOMO = -0.400496424115735  LUMO = 0.14781342756747
cycle= 6 E= -580.302346369147  delta_E= -5.81e-05  |g|= 0.00433  |ddm|= 0.02
  HOMO = -0.400825367251348  LUMO = 0.14834823168148
cycle= 7 E= -580.302361536087  delta_E= -1.52e-05  |g|= 0.00166  |ddm|= 0.0134
  HOMO = -0.401298797630669  LUMO = 0.148262584008271
cycle= 8 E= -580.302363386772  delta_E= -1.85e-06  |g|= 0.00045  |ddm|= 0.00469
  HOMO = -0.401316930617471  LUMO = 0.148290397679643
cycle= 9 E= -580.302363523366  delta_E= -1.37e-07  |g|= 8.89e-05  |ddm|= 0.00117
  HOMO = -0.401304332716078  LUMO = 0.148291686712826
cycle= 10 E= -580.302363528287  delta_E= -4.92e-09  |g|= 3.09e-05  |ddm|= 0.000179
  HOMO = -0.401310975715823  LUMO = 0.1482848674509
cycle= 11 E= -580.302363528702  delta_E= -4.15e-10  |g|= 9.5e-06  |ddm|= 4.69e-05
  HOMO = -0.401308327919333  LUMO = 0.148286799652894
Extra cycle  E= -580.302363528754  delta_E= -5.16e-11  |g|= 5.12e-06  |ddm|= 1.61e-05
converged SCF energy = -580.302363528754
AOs:  [0, 1, 2, 3, 4, 5, 6, 7, 8, 9, 10, 11, 12, 13, 14, 15, 16, 17, 18, 19, 20, 21, 22, 23, 24, 25, 26, 27, 28, 29, 30, 31, 32, 33, 34, 35, 36, 37, 38, 39, 40, 41, 42, 43, 44, 45, 46, 47, 48, 49, 50, 51]
52

 AO indices used for projection:  [0, 1, 3, 4, 5, 14, 19, 24, 25, 27, 28, 29, 38, 39, 41, 42, 43]
 # of orbitals to keep:  13
Number of Active MOs:  13
Number of Environment MOs:  40
Number of Virtual MOs:  249
 # electrons:            α            β
         Env:  40.00000000  40.00000000
         Act:  13.00000000  13.00000000
         Vir:   0.00000000   0.00000000
Number of electrons in the active space:  26

 The density matrix is idempotent!

 The density matrix is idempotent!


******** <class 'pyscf.scf.hf.RHF'> ********
method = RHF
initial guess = minao
damping factor = 0
level_shift factor = 0
DIIS = <class 'pyscf.scf.diis.CDIIS'>
diis_start_cycle = 1
diis_space = 8
SCF conv_tol = 1e-09
SCF conv_tol_grad = 1e-05
SCF max_cycles = 200
direct_scf = True
direct_scf_tol = 1e-13
chkfile to save SCF result = subsys_scf.chk
max_memory 900000 MB (current use 8559 MB)
init E= 516.662445251233
  HOMO = -0.426747816582685  LUMO = 0.148285804459841
cycle= 1 E= 516.662445154733  delta_E= -9.65e-08  |g|= 2.82e-06  |ddm|= 7.91e-06
  HOMO = -0.426747309310079  LUMO = 0.148286032028513
cycle= 2 E= 516.662445154646  delta_E= -8.78e-11  |g|= 1.94e-06  |ddm|= 5.26e-06
  HOMO = -0.426747588481146  LUMO = 0.148285954232244
Extra cycle  E= 516.662445154636  delta_E= -9.44e-12  |g|= 1.3e-06  |ddm|= 3.51e-06
converged SCF energy = 516.662445154636
Difference in energy:  -1.766369177857996e-07
E(MP2) = 516.147533722076  E_corr = -0.514911432559947
Total energy =  -580.8172749610321
time elapsed:  42.6372287273407
