

******** <class 'pyscf.scf.hf.RHF'> ********
method = RHF
initial guess = minao
damping factor = 0
level_shift factor = 0
DIIS = <class 'pyscf.scf.diis.CDIIS'>
diis_start_cycle = 1
diis_space = 8
SCF conv_tol = 1e-09
SCF conv_tol_grad = 1e-05
SCF max_cycles = 1000
direct_scf = True
direct_scf_tol = 1e-13
chkfile to save SCF result = scf.fchk
max_memory 900000 MB (current use 79 MB)
init E= -582.142773559818
  HOMO = -0.268584904310521  LUMO = 0.0150056656949316
cycle= 1 E= -580.043667712019  delta_E=  2.1  |g|= 0.974  |ddm|= 5.16
  HOMO = -0.319339611497496  LUMO = 0.104235947733086
cycle= 2 E= -580.211149334196  delta_E= -0.167  |g|= 0.679  |ddm|= 1.26
  HOMO = -0.397878748674168  LUMO = 0.137024958508966
cycle= 3 E= -580.29634862599  delta_E= -0.0852  |g|= 0.139  |ddm|= 0.632
  HOMO = -0.392418427606085  LUMO = 0.148974843102367
cycle= 4 E= -580.301818066816  delta_E= -0.00547  |g|= 0.0445  |ddm|= 0.143
  HOMO = -0.399427732282716  LUMO = 0.14789512475962
cycle= 5 E= -580.30228826008  delta_E= -0.00047  |g|= 0.0109  |ddm|= 0.0537
  HOMO = -0.400496424115739  LUMO = 0.147813427567423
cycle= 6 E= -580.302346369148  delta_E= -5.81e-05  |g|= 0.00433  |ddm|= 0.02
  HOMO = -0.400825367251346  LUMO = 0.148348231681505
cycle= 7 E= -580.302361536087  delta_E= -1.52e-05  |g|= 0.00166  |ddm|= 0.0134
  HOMO = -0.401298797630668  LUMO = 0.148262584008269
cycle= 8 E= -580.302363386773  delta_E= -1.85e-06  |g|= 0.00045  |ddm|= 0.00469
  HOMO = -0.401316930617479  LUMO = 0.148290397679605
cycle= 9 E= -580.302363523365  delta_E= -1.37e-07  |g|= 8.89e-05  |ddm|= 0.00117
  HOMO = -0.401304332716072  LUMO = 0.14829168671283
cycle= 10 E= -580.302363528288  delta_E= -4.92e-09  |g|= 3.09e-05  |ddm|= 0.000179
  HOMO = -0.401310975715832  LUMO = 0.148284867450885
cycle= 11 E= -580.302363528703  delta_E= -4.15e-10  |g|= 9.5e-06  |ddm|= 4.69e-05
  HOMO = -0.401308327919339  LUMO = 0.148286799652899
Extra cycle  E= -580.302363528754  delta_E= -5.07e-11  |g|= 5.12e-06  |ddm|= 1.61e-05
converged SCF energy = -580.302363528754
AOs:  [0, 1, 2, 3, 4, 5, 6, 7, 8, 9, 10, 11, 12, 13, 14, 15, 16, 17, 18, 19, 20, 21, 22, 23, 24, 25, 26, 27, 28, 29, 30, 31, 32, 33, 34, 35, 36, 37, 38, 39, 40, 41, 42, 43, 44, 45, 46, 47, 48, 49, 50, 51]
52

 AO indices used for projection:  [0, 1, 3, 4, 5, 14, 19, 24, 25, 27, 28, 29, 38, 39, 41, 42, 43]
 # of orbitals to keep:  17
Number of Active MOs:  17
Number of Environment MOs:  36
Number of Virtual MOs:  249
 # electrons:            α            β
         Env:  36.00000000  36.00000000
         Act:  17.00000000  17.00000000
         Vir:  -0.00000000  -0.00000000
Number of electrons in the active space:  34

 The density matrix is idempotent!

 The density matrix is idempotent!


******** <class 'pyscf.scf.hf.RHF'> ********
method = RHF
initial guess = minao
damping factor = 0
level_shift factor = 0
DIIS = <class 'pyscf.scf.diis.CDIIS'>
diis_start_cycle = 1
diis_space = 8
SCF conv_tol = 1e-09
SCF conv_tol_grad = 1e-05
SCF max_cycles = 200
direct_scf = True
direct_scf_tol = 1e-13
chkfile to save SCF result = subsys_scf.chk
max_memory 900000 MB (current use 8560 MB)
init E= 464.225366838961
  HOMO = -0.426701896586268  LUMO = 0.148285804811037
cycle= 1 E= 464.22534668961  delta_E= -2.01e-05  |g|= 4.17e-06  |ddm|= 9.33e-06
  HOMO = -0.426700924740311  LUMO = 0.148286365966795
cycle= 2 E= 464.225346689608  delta_E= -1.71e-12  |g|= 2.03e-06  |ddm|= 5.95e-06
  HOMO = -0.426701241874827  LUMO = 0.148286184901299
Extra cycle  E= 464.225346689011  delta_E= -5.97e-10  |g|= 1.22e-06  |ddm|= 3.5e-06
converged SCF energy = 464.225346689011
Difference in energy:  -2.986990205045004e-07
E(MP2) = 463.621564702149  E_corr = -0.603781986862787
Total energy =  -580.9061455151407
time elapsed:  42.98022675514221
