

******** <class 'pyscf.scf.hf.RHF'> ********
method = RHF
initial guess = minao
damping factor = 0
level_shift factor = 0
DIIS = <class 'pyscf.scf.diis.CDIIS'>
diis_start_cycle = 1
diis_space = 8
SCF conv_tol = 1e-09
SCF conv_tol_grad = 1e-05
SCF max_cycles = 1000
direct_scf = True
direct_scf_tol = 1e-13
chkfile to save SCF result = scf.fchk
max_memory 900000 MB (current use 79 MB)
init E= -582.141395400382
  HOMO = -0.268577366607744  LUMO = 0.0150331769243356
cycle= 1 E= -580.041348556753  delta_E=  2.1  |g|= 0.977  |ddm|= 5.16
  HOMO = -0.316134655235318  LUMO = 0.106040642115325
cycle= 2 E= -580.209046626105  delta_E= -0.168  |g|= 0.683  |ddm|= 1.27
  HOMO = -0.396391022010257  LUMO = 0.138323329127113
cycle= 3 E= -580.295359745141  delta_E= -0.0863  |g|= 0.139  |ddm|= 0.638
  HOMO = -0.391196431485621  LUMO = 0.150014372925078
cycle= 4 E= -580.300838952363  delta_E= -0.00548  |g|= 0.0444  |ddm|= 0.143
  HOMO = -0.398131568821844  LUMO = 0.149039982185152
cycle= 5 E= -580.301310355599  delta_E= -0.000471  |g|= 0.011  |ddm|= 0.0539
  HOMO = -0.399216186943958  LUMO = 0.148951577589947
cycle= 6 E= -580.301369254955  delta_E= -5.89e-05  |g|= 0.00437  |ddm|= 0.0202
  HOMO = -0.399565858193698  LUMO = 0.149480407594052
cycle= 7 E= -580.301384730744  delta_E= -1.55e-05  |g|= 0.00166  |ddm|= 0.0136
  HOMO = -0.40004404311028  LUMO = 0.149396099628447
cycle= 8 E= -580.301386594619  delta_E= -1.86e-06  |g|= 0.000451  |ddm|= 0.00472
  HOMO = -0.400062522436941  LUMO = 0.149423772272953
cycle= 9 E= -580.301386730868  delta_E= -1.36e-07  |g|= 8.94e-05  |ddm|= 0.00116
  HOMO = -0.400049564584121  LUMO = 0.149425032746025
cycle= 10 E= -580.301386735827  delta_E= -4.96e-09  |g|= 3.11e-05  |ddm|= 0.00018
  HOMO = -0.400056318037735  LUMO = 0.149418209980468
cycle= 11 E= -580.301386736245  delta_E= -4.18e-10  |g|= 9.55e-06  |ddm|= 4.72e-05
  HOMO = -0.400053640674816  LUMO = 0.149420126143583
Extra cycle  E= -580.301386736297  delta_E= -5.14e-11  |g|= 5.15e-06  |ddm|= 1.63e-05
converged SCF energy = -580.301386736297
AOs:  [0, 1, 2, 3, 4, 5, 6, 7, 8, 9, 10, 11, 12, 13, 14, 15, 16, 17, 18, 19, 20, 21, 22, 23, 24, 25, 26, 27, 28, 29, 30, 31, 32, 33, 34, 35, 36, 37, 38, 39, 40, 41, 42, 43, 44, 45, 46, 47, 48, 49, 50, 51]
52

 AO indices used for projection:  [0, 1, 3, 4, 5, 14, 19, 24, 25, 27, 28, 29, 38, 39, 41, 42, 43]
 # of orbitals to keep:  13
Number of Active MOs:  13
Number of Environment MOs:  40
Number of Virtual MOs:  249
 # electrons:            α            β
         Env:  40.00000000  40.00000000
         Act:  13.00000000  13.00000000
         Vir:  -0.00000000  -0.00000000
Number of electrons in the active space:  26

 The density matrix is idempotent!

 The density matrix is idempotent!


******** <class 'pyscf.scf.hf.RHF'> ********
method = RHF
initial guess = minao
damping factor = 0
level_shift factor = 0
DIIS = <class 'pyscf.scf.diis.CDIIS'>
diis_start_cycle = 1
diis_space = 8
SCF conv_tol = 1e-09
SCF conv_tol_grad = 1e-05
SCF max_cycles = 200
direct_scf = True
direct_scf_tol = 1e-13
chkfile to save SCF result = subsys_scf.chk
max_memory 900000 MB (current use 8560 MB)
init E= 514.077427330067
  HOMO = -0.425236398758157  LUMO = 0.149419143105394
cycle= 1 E= 514.077427233411  delta_E= -9.67e-08  |g|= 2.85e-06  |ddm|= 8e-06
  HOMO = -0.425235893856249  LUMO = 0.149419363940245
cycle= 2 E= 514.077427233705  delta_E= 2.94e-10  |g|= 1.95e-06  |ddm|= 5.27e-06
  HOMO = -0.42523617270775  LUMO = 0.149419288087265
Extra cycle  E= 514.077427233602  delta_E= -1.02e-10  |g|= 1.31e-06  |ddm|= 3.54e-06
converged SCF energy = 514.077427233602
Difference in energy:  7.169632567638474e-08
E(MP2) = 513.562549317017  E_corr = -0.514877916585342
Total energy =  -580.8162646529962
time elapsed:  25.510114669799805
