

******** <class 'pyscf.scf.hf.RHF'> ********
method = RHF
initial guess = minao
damping factor = 0
level_shift factor = 0
DIIS = <class 'pyscf.scf.diis.CDIIS'>
diis_start_cycle = 1
diis_space = 8
SCF conv_tol = 1e-09
SCF conv_tol_grad = 1e-05
SCF max_cycles = 1000
direct_scf = True
direct_scf_tol = 1e-13
chkfile to save SCF result = scf.fchk
max_memory 900000 MB (current use 79 MB)
init E= -582.141395400382
  HOMO = -0.268577366607748  LUMO = 0.0150331769243368
cycle= 1 E= -580.041348556753  delta_E=  2.1  |g|= 0.977  |ddm|= 5.16
  HOMO = -0.316134655235312  LUMO = 0.106040642115322
cycle= 2 E= -580.209046626104  delta_E= -0.168  |g|= 0.683  |ddm|= 1.27
  HOMO = -0.396391022010271  LUMO = 0.138323329127083
cycle= 3 E= -580.295359745142  delta_E= -0.0863  |g|= 0.139  |ddm|= 0.638
  HOMO = -0.391196431485623  LUMO = 0.150014372925111
cycle= 4 E= -580.300838952364  delta_E= -0.00548  |g|= 0.0444  |ddm|= 0.143
  HOMO = -0.39813156882184  LUMO = 0.149039982185159
cycle= 5 E= -580.301310355598  delta_E= -0.000471  |g|= 0.011  |ddm|= 0.0539
  HOMO = -0.399216186943957  LUMO = 0.148951577589952
cycle= 6 E= -580.301369254954  delta_E= -5.89e-05  |g|= 0.00437  |ddm|= 0.0202
  HOMO = -0.399565858193692  LUMO = 0.14948040759407
cycle= 7 E= -580.301384730743  delta_E= -1.55e-05  |g|= 0.00166  |ddm|= 0.0136
  HOMO = -0.400044043110286  LUMO = 0.149396099628442
cycle= 8 E= -580.301386594619  delta_E= -1.86e-06  |g|= 0.000451  |ddm|= 0.00472
  HOMO = -0.400062522436932  LUMO = 0.149423772272958
cycle= 9 E= -580.301386730869  delta_E= -1.36e-07  |g|= 8.94e-05  |ddm|= 0.00116
  HOMO = -0.400049564584109  LUMO = 0.149425032746037
cycle= 10 E= -580.301386735827  delta_E= -4.96e-09  |g|= 3.11e-05  |ddm|= 0.00018
  HOMO = -0.400056318037727  LUMO = 0.14941820998047
cycle= 11 E= -580.301386736245  delta_E= -4.18e-10  |g|= 9.55e-06  |ddm|= 4.72e-05
  HOMO = -0.400053640674812  LUMO = 0.149420126143617
Extra cycle  E= -580.301386736297  delta_E= -5.18e-11  |g|= 5.15e-06  |ddm|= 1.63e-05
converged SCF energy = -580.301386736297
AOs:  [0, 1, 2, 3, 4, 5, 6, 7, 8, 9, 10, 11, 12, 13, 14, 15, 16, 17, 18, 19, 20, 21, 22, 23, 24, 25, 26, 27, 28, 29, 30, 31, 32, 33, 34, 35, 36, 37, 38, 39, 40, 41, 42, 43, 44, 45, 46, 47, 48, 49, 50, 51]
52

 AO indices used for projection:  [0, 1, 3, 4, 5, 14, 19, 24, 25, 27, 28, 29, 38, 39, 41, 42, 43]
 # of orbitals to keep:  17
Number of Active MOs:  17
Number of Environment MOs:  36
Number of Virtual MOs:  249
 # electrons:            α            β
         Env:  36.00000000  36.00000000
         Act:  17.00000000  17.00000000
         Vir:   0.00000000   0.00000000
Number of electrons in the active space:  34

 The density matrix is idempotent!

 The density matrix is idempotent!


******** <class 'pyscf.scf.hf.RHF'> ********
method = RHF
initial guess = minao
damping factor = 0
level_shift factor = 0
DIIS = <class 'pyscf.scf.diis.CDIIS'>
diis_start_cycle = 1
diis_space = 8
SCF conv_tol = 1e-09
SCF conv_tol_grad = 1e-05
SCF max_cycles = 200
direct_scf = True
direct_scf_tol = 1e-13
chkfile to save SCF result = subsys_scf.chk
max_memory 900000 MB (current use 8560 MB)
init E= 463.465374771252
  HOMO = -0.425184539969727  LUMO = 0.149419142254155
cycle= 1 E= 463.465358586907  delta_E= -1.62e-05  |g|= 3.76e-06  |ddm|= 9.14e-06
  HOMO = -0.425183634790532  LUMO = 0.149419650227274
cycle= 2 E= 463.465358586501  delta_E= -4.06e-10  |g|= 1.98e-06  |ddm|= 5.81e-06
  HOMO = -0.425183948668657  LUMO = 0.149419482445636
Extra cycle  E= 463.465358587382  delta_E= 8.81e-10  |g|= 1.25e-06  |ddm|= 3.54e-06
converged SCF energy = 463.465358587382
Difference in energy:  -5.542375663480925e-07
E(MP2) = 462.858855975189  E_corr = -0.606502612192407
Total energy =  -580.9078893476066
time elapsed:  42.273059129714966
