

******** <class 'pyscf.scf.hf.RHF'> ********
method = RHF
initial guess = minao
damping factor = 0
level_shift factor = 0
DIIS = <class 'pyscf.scf.diis.CDIIS'>
diis_start_cycle = 1
diis_space = 8
SCF conv_tol = 1e-09
SCF conv_tol_grad = 1e-05
SCF max_cycles = 1000
direct_scf = True
direct_scf_tol = 1e-13
chkfile to save SCF result = scf.fchk
max_memory 900000 MB (current use 79 MB)
init E= -582.140972423215
  HOMO = -0.268573636884336  LUMO = 0.0150440612059289
cycle= 1 E= -580.040496474725  delta_E=  2.1  |g|= 0.978  |ddm|= 5.16
  HOMO = -0.314934443354119  LUMO = 0.106728477009823
cycle= 2 E= -580.208272337792  delta_E= -0.168  |g|= 0.685  |ddm|= 1.28
  HOMO = -0.395827686758295  LUMO = 0.13881454523271
cycle= 3 E= -580.294996238816  delta_E= -0.0867  |g|= 0.139  |ddm|= 0.64
  HOMO = -0.390726149662263  LUMO = 0.150413730650568
cycle= 4 E= -580.300479540314  delta_E= -0.00548  |g|= 0.0444  |ddm|= 0.143
  HOMO = -0.397635999769456  LUMO = 0.149477056806012
cycle= 5 E= -580.300951600459  delta_E= -0.000472  |g|= 0.011  |ddm|= 0.0539
  HOMO = -0.398726071073114  LUMO = 0.149386589045887
cycle= 6 E= -580.301010799284  delta_E= -5.92e-05  |g|= 0.00439  |ddm|= 0.0203
  HOMO = -0.399083048161015  LUMO = 0.149913362301425
cycle= 7 E= -580.301026391572  delta_E= -1.56e-05  |g|= 0.00167  |ddm|= 0.0137
  HOMO = -0.399563193513546  LUMO = 0.149829472836168
cycle= 8 E= -580.301028261437  delta_E= -1.87e-06  |g|= 0.000452  |ddm|= 0.00474
  HOMO = -0.399581757222494  LUMO = 0.149857149137323
cycle= 9 E= -580.301028397641  delta_E= -1.36e-07  |g|= 8.96e-05  |ddm|= 0.00116
  HOMO = -0.399568681043258  LUMO = 0.149858390706164
cycle= 10 E= -580.301028402613  delta_E= -4.97e-09  |g|= 3.11e-05  |ddm|= 0.00018
  HOMO = -0.399575466682902  LUMO = 0.149851574862183
cycle= 11 E= -580.301028403033  delta_E= -4.21e-10  |g|= 9.57e-06  |ddm|= 4.73e-05
  HOMO = -0.399572777269269  LUMO = 0.149853485781781
Extra cycle  E= -580.301028403085  delta_E= -5.21e-11  |g|= 5.16e-06  |ddm|= 1.63e-05
converged SCF energy = -580.301028403085
AOs:  [0, 1, 2, 3, 4, 5, 6, 7, 8, 9, 10, 11, 12, 13, 14, 15, 16, 17, 18, 19, 20, 21, 22, 23, 24, 25, 26, 27, 28, 29, 30, 31, 32, 33, 34, 35, 36, 37, 38, 39, 40, 41, 42, 43, 44, 45, 46, 47, 48, 49, 50, 51]
52

 AO indices used for projection:  [0, 1, 3, 4, 5, 14, 19, 24, 25, 27, 28, 29, 38, 39, 41, 42, 43]
 # of orbitals to keep:  13
Number of Active MOs:  13
Number of Environment MOs:  40
Number of Virtual MOs:  249
 # electrons:            α            β
         Env:  40.00000000  40.00000000
         Act:  13.00000000  13.00000000
         Vir:   0.00000000   0.00000000
Number of electrons in the active space:  26

 The density matrix is idempotent!

 The density matrix is idempotent!


******** <class 'pyscf.scf.hf.RHF'> ********
method = RHF
initial guess = minao
damping factor = 0
level_shift factor = 0
DIIS = <class 'pyscf.scf.diis.CDIIS'>
diis_start_cycle = 1
diis_space = 8
SCF conv_tol = 1e-09
SCF conv_tol_grad = 1e-05
SCF max_cycles = 200
direct_scf = True
direct_scf_tol = 1e-13
chkfile to save SCF result = subsys_scf.chk
max_memory 900000 MB (current use 8559 MB)
init E= 512.866779444351
  HOMO = -0.424662640156123  LUMO = 0.149852505639229
cycle= 1 E= 512.866779347907  delta_E= -9.64e-08  |g|= 2.86e-06  |ddm|= 8e-06
  HOMO = -0.424662136284772  LUMO = 0.149852725232993
cycle= 2 E= 512.866779347867  delta_E= -4.01e-11  |g|= 1.96e-06  |ddm|= 5.33e-06
  HOMO = -0.42466241491713  LUMO = 0.149852649180351
Extra cycle  E= 512.866779347888  delta_E= 2.09e-11  |g|= 1.31e-06  |ddm|= 3.57e-06
converged SCF energy = 512.866779347888
Difference in energy:  1.341184997727396e-07
E(MP2) = 512.351895237235  E_corr = -0.514884110652862
Total energy =  -580.815912513952
time elapsed:  42.435973167419434
