

******** <class 'pyscf.scf.hf.RHF'> ********
method = RHF
initial guess = minao
damping factor = 0
level_shift factor = 0
DIIS = <class 'pyscf.scf.diis.CDIIS'>
diis_start_cycle = 1
diis_space = 8
SCF conv_tol = 1e-09
SCF conv_tol_grad = 1e-05
SCF max_cycles = 1000
direct_scf = True
direct_scf_tol = 1e-13
chkfile to save SCF result = scf.fchk
max_memory 900000 MB (current use 79 MB)
init E= -582.140682932982
  HOMO = -0.268568988534741  LUMO = 0.0150541456903122
cycle= 1 E= -580.039810273951  delta_E=  2.1  |g|= 0.979  |ddm|= 5.17
  HOMO = -0.313940856779869  LUMO = 0.107307426886716
cycle= 2 E= -580.207644456659  delta_E= -0.168  |g|= 0.686  |ddm|= 1.28
  HOMO = -0.395360296716365  LUMO = 0.139223071354633
cycle= 3 E= -580.294704019117  delta_E= -0.0871  |g|= 0.139  |ddm|= 0.642
  HOMO = -0.390329154143391  LUMO = 0.150751126596319
cycle= 4 E= -580.300191253914  delta_E= -0.00549  |g|= 0.0444  |ddm|= 0.143
  HOMO = -0.397220494537094  LUMO = 0.149844183720017
cycle= 5 E= -580.300663972019  delta_E= -0.000473  |g|= 0.011  |ddm|= 0.054
  HOMO = -0.398314759724376  LUMO = 0.149752267562073
cycle= 6 E= -580.300723418946  delta_E= -5.94e-05  |g|= 0.0044  |ddm|= 0.0204
  HOMO = -0.398677448674984  LUMO = 0.150277495401327
cycle= 7 E= -580.300739107614  delta_E= -1.57e-05  |g|= 0.00167  |ddm|= 0.0137
  HOMO = -0.39915938816727  LUMO = 0.15019385090124
cycle= 8 E= -580.3007409831  delta_E= -1.88e-06  |g|= 0.000452  |ddm|= 0.00475
  HOMO = -0.399177977859889  LUMO = 0.150221581872276
cycle= 9 E= -580.300741119322  delta_E= -1.36e-07  |g|= 8.98e-05  |ddm|= 0.00116
  HOMO = -0.399164817442367  LUMO = 0.150222800635323
cycle= 10 E= -580.300741124306  delta_E= -4.98e-09  |g|= 3.12e-05  |ddm|= 0.000181
  HOMO = -0.399171623379412  LUMO = 0.150215995655345
cycle= 11 E= -580.300741124726  delta_E= -4.2e-10  |g|= 9.59e-06  |ddm|= 4.74e-05
  HOMO = -0.399168923206777  LUMO = 0.150217902903045
Extra cycle  E= -580.300741124783  delta_E= -5.73e-11  |g|= 5.17e-06  |ddm|= 1.64e-05
converged SCF energy = -580.300741124783
AOs:  [0, 1, 2, 3, 4, 5, 6, 7, 8, 9, 10, 11, 12, 13, 14, 15, 16, 17, 18, 19, 20, 21, 22, 23, 24, 25, 26, 27, 28, 29, 30, 31, 32, 33, 34, 35, 36, 37, 38, 39, 40, 41, 42, 43, 44, 45, 46, 47, 48, 49, 50, 51]
52

 AO indices used for projection:  [0, 1, 3, 4, 5, 14, 19, 24, 25, 27, 28, 29, 38, 39, 41, 42, 43]
 # of orbitals to keep:  13
Number of Active MOs:  13
Number of Environment MOs:  40
Number of Virtual MOs:  249
 # electrons:            α            β
         Env:  40.00000000  40.00000000
         Act:  13.00000000  13.00000000
         Vir:   0.00000000   0.00000000
Number of electrons in the active space:  26

 The density matrix is idempotent!

 The density matrix is idempotent!


******** <class 'pyscf.scf.hf.RHF'> ********
method = RHF
initial guess = minao
damping factor = 0
level_shift factor = 0
DIIS = <class 'pyscf.scf.diis.CDIIS'>
diis_start_cycle = 1
diis_space = 8
SCF conv_tol = 1e-09
SCF conv_tol_grad = 1e-05
SCF max_cycles = 200
direct_scf = True
direct_scf_tol = 1e-13
chkfile to save SCF result = subsys_scf.chk
max_memory 900000 MB (current use 8559 MB)
init E= 511.706455487431
  HOMO = -0.424183865257198  LUMO = 0.150216926556985
cycle= 1 E= 511.706455390701  delta_E= -9.67e-08  |g|= 2.87e-06  |ddm|= 8.05e-06
  HOMO = -0.424183362454431  LUMO = 0.150217144916373
cycle= 2 E= 511.706455390811  delta_E= 1.1e-10  |g|= 1.97e-06  |ddm|= 5.33e-06
  HOMO = -0.424183640029118  LUMO = 0.15021706874927
Extra cycle  E= 511.706455390755  delta_E= -5.62e-11  |g|= 1.32e-06  |ddm|= 3.57e-06
converged SCF energy = 511.706455390755
Difference in energy:  -1.6536525663468637e-07
E(MP2) = 511.191555036287  E_corr = -0.51490035446835
Total energy =  -580.8156414789881
time elapsed:  42.821722984313965
