

******** <class 'pyscf.scf.hf.RHF'> ********
method = RHF
initial guess = minao
damping factor = 0
level_shift factor = 0
DIIS = <class 'pyscf.scf.diis.CDIIS'>
diis_start_cycle = 1
diis_space = 8
SCF conv_tol = 1e-09
SCF conv_tol_grad = 1e-05
SCF max_cycles = 1000
direct_scf = True
direct_scf_tol = 1e-13
chkfile to save SCF result = scf.fchk
max_memory 900000 MB (current use 79 MB)
init E= -582.140682932982
  HOMO = -0.268568988534738  LUMO = 0.0150541456903239
cycle= 1 E= -580.039810273952  delta_E=  2.1  |g|= 0.979  |ddm|= 5.17
  HOMO = -0.313940856779872  LUMO = 0.107307426886734
cycle= 2 E= -580.207644456657  delta_E= -0.168  |g|= 0.686  |ddm|= 1.28
  HOMO = -0.395360296716372  LUMO = 0.13922307135463
cycle= 3 E= -580.294704019118  delta_E= -0.0871  |g|= 0.139  |ddm|= 0.642
  HOMO = -0.390329154143391  LUMO = 0.150751126596297
cycle= 4 E= -580.300191253914  delta_E= -0.00549  |g|= 0.0444  |ddm|= 0.143
  HOMO = -0.397220494537093  LUMO = 0.149844183719997
cycle= 5 E= -580.300663972018  delta_E= -0.000473  |g|= 0.011  |ddm|= 0.054
  HOMO = -0.398314759724386  LUMO = 0.149752267562091
cycle= 6 E= -580.300723418947  delta_E= -5.94e-05  |g|= 0.0044  |ddm|= 0.0204
  HOMO = -0.398677448674968  LUMO = 0.15027749540132
cycle= 7 E= -580.300739107615  delta_E= -1.57e-05  |g|= 0.00167  |ddm|= 0.0137
  HOMO = -0.399159388167263  LUMO = 0.150193850901273
cycle= 8 E= -580.3007409831  delta_E= -1.88e-06  |g|= 0.000452  |ddm|= 0.00475
  HOMO = -0.399177977859893  LUMO = 0.150221581872278
cycle= 9 E= -580.300741119322  delta_E= -1.36e-07  |g|= 8.98e-05  |ddm|= 0.00116
  HOMO = -0.399164817442364  LUMO = 0.150222800635312
cycle= 10 E= -580.300741124308  delta_E= -4.99e-09  |g|= 3.12e-05  |ddm|= 0.000181
  HOMO = -0.399171623379399  LUMO = 0.150215995655377
cycle= 11 E= -580.300741124727  delta_E= -4.18e-10  |g|= 9.59e-06  |ddm|= 4.74e-05
  HOMO = -0.399168923206773  LUMO = 0.150217902903077
Extra cycle  E= -580.300741124782  delta_E= -5.53e-11  |g|= 5.17e-06  |ddm|= 1.64e-05
converged SCF energy = -580.300741124782
AOs:  [0, 1, 2, 3, 4, 5, 6, 7, 8, 9, 10, 11, 12, 13, 14, 15, 16, 17, 18, 19, 20, 21, 22, 23, 24, 25, 26, 27, 28, 29, 30, 31, 32, 33, 34, 35, 36, 37, 38, 39, 40, 41, 42, 43, 44, 45, 46, 47, 48, 49, 50, 51]
52

 AO indices used for projection:  [0, 1, 3, 4, 5, 14, 19, 24, 25, 27, 28, 29, 38, 39, 41, 42, 43]
 # of orbitals to keep:  17
Number of Active MOs:  17
Number of Environment MOs:  36
Number of Virtual MOs:  249
 # electrons:            α            β
         Env:  36.00000000  36.00000000
         Act:  17.00000000  17.00000000
         Vir:   0.00000000   0.00000000
Number of electrons in the active space:  34

 The density matrix is idempotent!

 The density matrix is idempotent!


******** <class 'pyscf.scf.hf.RHF'> ********
method = RHF
initial guess = minao
damping factor = 0
level_shift factor = 0
DIIS = <class 'pyscf.scf.diis.CDIIS'>
diis_start_cycle = 1
diis_space = 8
SCF conv_tol = 1e-09
SCF conv_tol_grad = 1e-05
SCF max_cycles = 200
direct_scf = True
direct_scf_tol = 1e-13
chkfile to save SCF result = subsys_scf.chk
max_memory 900000 MB (current use 8559 MB)
init E= 462.371827380315
  HOMO = -0.424115386642584  LUMO = 0.150216925963646
cycle= 1 E= 462.371813981441  delta_E= -1.34e-05  |g|= 3.52e-06  |ddm|= 8.99e-06
  HOMO = -0.424114527544361  LUMO = 0.150217394537424
cycle= 2 E= 462.37181398135  delta_E= -9.12e-11  |g|= 1.96e-06  |ddm|= 5.73e-06
  HOMO = -0.424114840729896  LUMO = 0.150217237616174
Extra cycle  E= 462.371813981357  delta_E= 7.16e-12  |g|= 1.26e-06  |ddm|= 3.57e-06
converged SCF energy = 462.371813981357
Difference in energy:  5.013749023419223e-07
E(MP2) = 461.763019225173  E_corr = -0.608794756184307
Total energy =  -580.9095358817651
time elapsed:  41.95000457763672
