

******** <class 'pyscf.scf.hf.RHF'> ********
method = RHF
initial guess = minao
damping factor = 0
level_shift factor = 0
DIIS = <class 'pyscf.scf.diis.CDIIS'>
diis_start_cycle = 1
diis_space = 8
SCF conv_tol = 1e-09
SCF conv_tol_grad = 1e-06
SCF max_cycles = 1000
direct_scf = True
direct_scf_tol = 1e-13
chkfile to save SCF result = scf.fchk
max_memory 900000 MB (current use 79 MB)
init E= -2589.23385200231
  HOMO = 0.0154298087924146  LUMO = 0.0487104883151855
cycle= 1 E= -2568.16164258083  delta_E= 21.1  |g|= 5.31  |ddm|= 9.41
  HOMO = -0.44960791013718  LUMO = -0.448593781707976
cycle= 2 E= -2486.55863175223  delta_E= 81.6  |g|= 15.9  |ddm|= 81.6
  HOMO = -0.324342454930445  LUMO = -0.244912021828401
cycle= 3 E= -2566.5948395865  delta_E=  -80  |g|= 7.02  |ddm|= 77.2
  HOMO = -0.196458652971367  LUMO = -0.149003813920412
cycle= 4 E= -2580.6661765256  delta_E= -14.1  |g|= 1.04  |ddm|= 8.26
  HOMO = -0.218539887345343  LUMO = -0.00280049734925863
cycle= 5 E= -2580.67355811628  delta_E= -0.00738  |g|= 1.19  |ddm|= 0.872
  HOMO = -0.224695068161323  LUMO = -0.00415989417162582
cycle= 6 E= -2580.67205596074  delta_E= 0.0015  |g|= 1.21  |ddm|= 0.24
  HOMO = -0.225371117921109  LUMO = -0.00450371897282051
cycle= 7 E= -2580.66670939731  delta_E= 0.00535  |g|= 1.22  |ddm|= 0.0877
  HOMO = -0.223868936188626  LUMO = -0.00332659286281763
cycle= 8 E= -2580.62732011601  delta_E= 0.0394  |g|=  1.3  |ddm|= 0.172
  HOMO = -0.220868334405281  LUMO = 0.00305565940290341
cycle= 9 E= -2580.81753186106  delta_E= -0.19  |g|= 0.845  |ddm|= 0.539
  HOMO = -0.209923973564002  LUMO = 0.0291283974125135
cycle= 10 E= -2580.96547942904  delta_E= -0.148  |g|= 0.208  |ddm|= 0.791
  HOMO = -0.214468002266421  LUMO = 0.0246082204523211
cycle= 11 E= -2580.97429796401  delta_E= -0.00882  |g|= 0.0714  |ddm|= 0.182
  HOMO = -0.211498067704667  LUMO = 0.0261179262329666
cycle= 12 E= -2580.9754007427  delta_E= -0.0011  |g|= 0.0151  |ddm|= 0.0918
  HOMO = -0.210974024311011  LUMO = 0.0264371619298456
cycle= 13 E= -2580.97549401763  delta_E= -9.33e-05  |g|= 0.00652  |ddm|= 0.0213
  HOMO = -0.210995971847144  LUMO = 0.0262602582989792
cycle= 14 E= -2580.97552720719  delta_E= -3.32e-05  |g|= 0.00438  |ddm|= 0.0109
  HOMO = -0.210706557301932  LUMO = 0.026354448377787
cycle= 15 E= -2580.97555556143  delta_E= -2.84e-05  |g|= 0.00293  |ddm|= 0.0121
  HOMO = -0.210654025303012  LUMO = 0.0263516762501315
cycle= 16 E= -2580.97557128076  delta_E= -1.57e-05  |g|= 0.00202  |ddm|= 0.00969
  HOMO = -0.210638742771881  LUMO = 0.0263430374668629
cycle= 17 E= -2580.97558001278  delta_E= -8.73e-06  |g|= 0.00106  |ddm|= 0.00902
  HOMO = -0.210649121215768  LUMO = 0.0263601821063275
cycle= 18 E= -2580.97558243764  delta_E= -2.42e-06  |g|= 0.000517  |ddm|= 0.00558
  HOMO = -0.210670245393948  LUMO = 0.0263561172739566
cycle= 19 E= -2580.97558280316  delta_E= -3.66e-07  |g|= 0.000351  |ddm|= 0.00169
  HOMO = -0.210687923225208  LUMO = 0.0263541671573419
cycle= 20 E= -2580.97558296921  delta_E= -1.66e-07  |g|= 0.000286  |ddm|= 0.000904
  HOMO = -0.210693307937017  LUMO = 0.0263538556514156
cycle= 21 E= -2580.97558307747  delta_E= -1.08e-07  |g|= 0.000261  |ddm|= 0.000566
  HOMO = -0.210696717481936  LUMO = 0.026355696047431
cycle= 22 E= -2580.97558321596  delta_E= -1.38e-07  |g|= 0.000231  |ddm|= 0.000779
  HOMO = -0.210703360323546  LUMO = 0.026350933357219
cycle= 23 E= -2580.97558347411  delta_E= -2.58e-07  |g|= 0.000166  |ddm|= 0.00181
  HOMO = -0.210699484714485  LUMO = 0.0263542497228133
cycle= 24 E= -2580.97558364179  delta_E= -1.68e-07  |g|= 8.72e-05  |ddm|= 0.002
  HOMO = -0.210696257362557  LUMO = 0.0263544461670706
cycle= 25 E= -2580.97558368553  delta_E= -4.37e-08  |g|= 4.24e-05  |ddm|= 0.00126
  HOMO = -0.210695920479885  LUMO = 0.0263538495464214
cycle= 26 E= -2580.9755836892  delta_E= -3.67e-09  |g|= 2.79e-05  |ddm|= 0.000315
  HOMO = -0.210695420566636  LUMO = 0.0263539267538588
cycle= 27 E= -2580.97558369027  delta_E= -1.06e-09  |g|= 2.08e-05  |ddm|= 0.000113
  HOMO = -0.210695291582232  LUMO = 0.0263539421894678
cycle= 28 E= -2580.97558369094  delta_E= -6.77e-10  |g|= 1.54e-05  |ddm|= 7.02e-05
  HOMO = -0.21069563073808  LUMO = 0.0263538098123083
cycle= 29 E= -2580.97558369142  delta_E= -4.78e-10  |g|= 1.02e-05  |ddm|= 6.61e-05
  HOMO = -0.210695838429324  LUMO = 0.0263536835544223
cycle= 30 E= -2580.97558369163  delta_E= -2.1e-10  |g|= 5.87e-06  |ddm|= 5.29e-05
  HOMO = -0.210695733986027  LUMO = 0.0263538045323605
cycle= 31 E= -2580.97558369169  delta_E= -6.28e-11  |g|= 3.44e-06  |ddm|= 2.85e-05
  HOMO = -0.210695725082872  LUMO = 0.0263537728428834
cycle= 32 E= -2580.97558369171  delta_E= -1.73e-11  |g|= 2.03e-06  |ddm|= 1.58e-05
  HOMO = -0.210695654177254  LUMO = 0.0263537835895962
cycle= 33 E= -2580.97558369173  delta_E= -1.55e-11  |g|= 1.61e-06  |ddm|= 5.73e-06
  HOMO = -0.210695607708661  LUMO = 0.0263537847649495
cycle= 34 E= -2580.97558369172  delta_E= 8.19e-12  |g|= 1.31e-06  |ddm|= 5.11e-06
  HOMO = -0.210695579255637  LUMO = 0.0263537850955368
cycle= 35 E= -2580.97558369173  delta_E= -9.09e-12  |g|= 1.13e-06  |ddm|= 3.78e-06
  HOMO = -0.210695570974143  LUMO = 0.0263537789621236
cycle= 36 E= -2580.97558369173  delta_E=    0  |g|= 9.24e-07  |ddm|= 5.88e-06
  HOMO = -0.210695579436419  LUMO = 0.0263537775432451
Extra cycle  E= -2580.97558369173  delta_E= 2.73e-12  |g|= 8.57e-07  |ddm|= 1.41e-06
converged SCF energy = -2580.97558369173
AOs:  [0, 1, 2, 3, 4, 5, 6, 7, 8, 9, 10, 11, 12, 13, 14, 15, 16, 17, 18, 19, 20, 21, 22, 23, 24, 25, 26, 27, 28, 29, 30, 31, 32, 33, 34, 35, 36, 37, 38, 39, 40, 41, 42, 43, 44, 45, 46, 47, 48, 49, 50, 51, 52, 53, 54, 55, 56, 57, 58, 59, 60, 61, 62, 63, 64, 65, 66, 67, 68, 69, 70, 71, 72, 73, 74, 75, 76, 77, 78, 79, 80, 81, 82, 83, 84, 85, 86, 87, 88, 89, 90, 91, 92, 93, 94, 95, 96, 97, 98, 99, 100, 101, 102, 103, 104, 105, 106, 107, 108, 109, 110, 111, 112, 113, 114, 115, 116, 117, 118, 119, 120, 121, 122, 123, 124, 125, 126, 127, 128, 129, 130, 131, 132, 133, 134, 135, 136, 137, 138, 139, 140, 141, 142, 143, 144, 145, 146, 147, 148, 149, 150, 151, 152, 153, 154, 155, 156, 157, 158, 159, 160, 161, 162, 163, 164, 165, 166, 167, 168, 169, 170, 171, 172, 173, 174, 175, 176, 177, 178, 179, 180, 181, 182, 183, 184, 185, 186, 187, 188, 189, 190, 191, 192, 193, 194, 195, 196, 197, 198, 199, 200, 201, 202, 203, 204, 205, 206, 207, 208, 209, 210, 211, 212, 213, 214, 215, 216, 217, 218, 219, 220, 221, 222, 223, 224, 225, 226, 227, 228, 229, 230, 231, 232, 233, 234, 235, 236, 237, 238, 239, 240, 241, 242, 243, 244, 245, 246, 247, 248, 249, 250, 251, 252, 253, 254, 255, 256, 257, 258, 259, 260, 261, 262, 263, 264, 265, 266, 267, 268, 269, 270, 271, 272, 273, 274, 275, 276, 277, 278, 279, 280, 281, 282, 283, 284, 285, 286, 287, 288, 289, 290, 291, 292, 293, 294, 295, 296, 297, 298, 299, 300, 301, 302, 303, 304, 305, 306, 307, 308, 309, 310, 311, 312, 313, 314, 315, 316, 317, 318, 319, 320, 321, 322, 323, 324, 325, 326, 327, 328, 329, 330, 331, 332, 333, 334, 335, 336, 337, 338, 339, 340, 341, 342, 343, 344, 345, 346, 347, 348, 349, 350, 351, 352, 353, 354, 355, 356, 357, 358, 359, 360, 361, 362, 363, 364, 365, 366, 367, 368, 369, 370, 371, 372, 373, 374, 375, 376, 377, 378, 379, 380, 381, 382, 383, 384, 385, 386, 387, 388, 389, 390, 391, 392, 393, 394, 395, 396, 397, 398, 399, 400, 401, 402, 403, 404, 405, 406, 407, 408, 409, 410, 411, 412, 413, 414, 415, 416, 417, 418, 419, 420, 421, 422, 423, 424, 425, 426, 427, 428, 429, 430, 431, 432, 433, 434, 435, 436, 437, 438, 439, 440, 441, 442, 443, 444, 445, 446, 447, 448, 449, 450, 451, 452, 453, 454, 455, 456, 457, 458, 459, 460, 461, 462, 463, 464, 465, 466, 467, 468, 469, 470, 471, 472, 473, 474, 475, 476, 477, 478, 479, 480, 481, 482, 483, 484, 485, 486, 487, 488, 489, 490, 491, 492, 493, 494, 495, 496, 497, 498, 499, 500, 501, 502, 503, 504, 505, 506, 507, 508, 509, 510, 511, 512, 513, 514, 515, 516, 517, 518, 519, 520, 521, 522, 523, 524, 525, 526, 527, 528, 529, 530, 531, 532, 533, 534, 535, 536, 537, 538, 539, 540, 541, 542, 543, 544]
545
Number of Active MOs:  118
Number of Environment MOs:  0
Number of Virtual MOs:  427
 # electrons:            α            β
         Env:   0.00000000   0.00000000
         Act: 118.00000000 118.00000000
         Vir:  -0.00000000  -0.00000000
Number of electrons in the active space:  236

 The density matrix is idempotent!

 The density matrix is idempotent!


******** <class 'pyscf.scf.hf.RHF'> ********
method = RHF
initial guess = minao
damping factor = 0
level_shift factor = 0
DIIS = <class 'pyscf.scf.diis.CDIIS'>
diis_start_cycle = 1
diis_space = 8
SCF conv_tol = 1e-09
SCF conv_tol_grad = 1e-06
SCF max_cycles = 200
direct_scf = True
direct_scf_tol = 1e-13
chkfile to save SCF result = subsys_scf.chk
max_memory 900000 MB (current use 89334 MB)
init E= -2580.97558369173
  HOMO = -0.210695585506093  LUMO = 0.0263537815130078
cycle= 1 E= -2580.97558369173  delta_E= -9.09e-13  |g|= 8.03e-07  |ddm|= 1.28e-06
  HOMO = -0.210695591039613  LUMO = 0.0263537768122637
Extra cycle  E= -2580.97558369175  delta_E= -1.91e-11  |g|= 7.55e-07  |ddm|= 1.19e-06
converged SCF energy = -2580.97558369175
Difference in energy:  2.853585101547651e-09
E(MP2) = -2585.71546849879  E_corr = -4.73988480703896
Total energy =  -2585.7154684987686
time elapsed:  156.99884033203125
