

******** <class 'pyscf.scf.hf.RHF'> ********
method = RHF
initial guess = minao
damping factor = 0
level_shift factor = 0
DIIS = <class 'pyscf.scf.diis.CDIIS'>
diis_start_cycle = 1
diis_space = 8
SCF conv_tol = 1e-09
SCF conv_tol_grad = 1e-06
SCF max_cycles = 1000
direct_scf = True
direct_scf_tol = 1e-13
chkfile to save SCF result = scf.fchk
max_memory 900000 MB (current use 79 MB)
init E= -2476.48983459372
  HOMO = 0.0162374234632344  LUMO = 0.0829499302276388
cycle= 1 E= -2455.44372732621  delta_E=   21  |g|= 5.18  |ddm|= 9.29
  HOMO = -0.45490267538458  LUMO = -0.452930833303826
cycle= 2 E= -2376.04526267261  delta_E= 79.4  |g|= 15.2  |ddm|= 75.1
  HOMO = -0.327159107346345  LUMO = -0.25036469461474
cycle= 3 E= -2454.61519738731  delta_E= -78.6  |g|= 6.71  |ddm|= 71.6
  HOMO = -0.179096501217263  LUMO = -0.129238367043393
cycle= 4 E= -2468.11480580828  delta_E= -13.5  |g|= 0.731  |ddm|= 7.55
  HOMO = -0.216948029884756  LUMO = 0.00343296926472427
cycle= 5 E= -2468.15876156291  delta_E= -0.044  |g|= 0.851  |ddm|= 0.939
  HOMO = -0.224354726883163  LUMO = 0.00196275667673876
cycle= 6 E= -2468.1639288823  delta_E= -0.00517  |g|= 0.867  |ddm|= 0.287
  HOMO = -0.225116889862942  LUMO = 0.00193361487176944
cycle= 7 E= -2468.16624826698  delta_E= -0.00232  |g|= 0.867  |ddm|= 0.119
  HOMO = -0.221234988827902  LUMO = 0.00587460052234339
cycle= 8 E= -2468.1627322232  delta_E= 0.00352  |g|= 0.888  |ddm|= 0.217
  HOMO = -0.221536494794654  LUMO = 0.00725041772912893
cycle= 9 E= -2468.15959326364  delta_E= 0.00314  |g|= 0.907  |ddm|= 0.189
  HOMO = -0.219383458961517  LUMO = 0.0181618040859511
cycle= 10 E= -2468.23630015669  delta_E= -0.0767  |g|= 0.672  |ddm|= 0.31
  HOMO = -0.211951638540997  LUMO = 0.0241342764903876
cycle= 11 E= -2468.32959856445  delta_E= -0.0933  |g|= 0.0629  |ddm|= 0.877
  HOMO = -0.211810050070388  LUMO = 0.0243942711593143
cycle= 12 E= -2468.33068665609  delta_E= -0.00109  |g|= 0.0143  |ddm|= 0.0798
  HOMO = -0.211623125374629  LUMO = 0.0248762464981192
cycle= 13 E= -2468.33077631089  delta_E= -8.97e-05  |g|= 0.00642  |ddm|= 0.0214
  HOMO = -0.211850762246474  LUMO = 0.0249655864157379
cycle= 14 E= -2468.33079846534  delta_E= -2.22e-05  |g|= 0.00184  |ddm|= 0.0134
  HOMO = -0.211961867942772  LUMO = 0.0250268071125035
cycle= 15 E= -2468.33080160912  delta_E= -3.14e-06  |g|= 0.00111  |ddm|= 0.00466
  HOMO = -0.212060225537749  LUMO = 0.0250279090274636
cycle= 16 E= -2468.33080251134  delta_E= -9.02e-07  |g|= 0.000325  |ddm|= 0.00328
  HOMO = -0.212070058278846  LUMO = 0.0250364713189519
cycle= 17 E= -2468.33080258598  delta_E= -7.46e-08  |g|= 0.00018  |ddm|= 0.000723
  HOMO = -0.212080232405846  LUMO = 0.0250365125776111
cycle= 18 E= -2468.33080261983  delta_E= -3.38e-08  |g|= 0.000137  |ddm|= 0.000412
  HOMO = -0.212082136685479  LUMO = 0.0250363090720735
cycle= 19 E= -2468.33080264418  delta_E= -2.43e-08  |g|= 0.000123  |ddm|= 0.000275
  HOMO = -0.212083509511667  LUMO = 0.0250366940768075
cycle= 20 E= -2468.33080267286  delta_E= -2.87e-08  |g|= 0.000111  |ddm|= 0.000347
  HOMO = -0.212085063705908  LUMO = 0.0250361435107458
cycle= 21 E= -2468.33080273686  delta_E= -6.4e-08  |g|= 8.31e-05  |ddm|= 0.000961
  HOMO = -0.212083662604505  LUMO = 0.0250368267171479
cycle= 22 E= -2468.33080277384  delta_E= -3.7e-08  |g|= 5.98e-05  |ddm|= 0.000837
  HOMO = -0.212083255303566  LUMO = 0.0250365265490763
cycle= 23 E= -2468.33080279017  delta_E= -1.63e-08  |g|= 4.49e-05  |ddm|= 0.000542
  HOMO = -0.212082455406449  LUMO = 0.0250365182621826
cycle= 24 E= -2468.33080279856  delta_E= -8.39e-09  |g|= 3.37e-05  |ddm|= 0.000362
  HOMO = -0.21208219774596  LUMO = 0.0250364690432347
cycle= 25 E= -2468.33080280353  delta_E= -4.97e-09  |g|= 2.42e-05  |ddm|= 0.000282
  HOMO = -0.212082291631604  LUMO = 0.0250364342558923
cycle= 26 E= -2468.33080280649  delta_E= -2.96e-09  |g|= 1.32e-05  |ddm|= 0.000269
  HOMO = -0.212082612298719  LUMO = 0.0250363060261301
cycle= 27 E= -2468.33080280717  delta_E= -6.82e-10  |g|= 6.01e-06  |ddm|= 0.00014
  HOMO = -0.212082593758181  LUMO = 0.0250363620416842
cycle= 28 E= -2468.33080280729  delta_E= -1.15e-10  |g|= 3.49e-06  |ddm|= 5.66e-05
  HOMO = -0.212082578292237  LUMO = 0.0250363925713588
cycle= 29 E= -2468.33080280731  delta_E= -2.55e-11  |g|= 2.46e-06  |ddm|= 1.75e-05
  HOMO = -0.212082566287225  LUMO = 0.0250363712714792
cycle= 30 E= -2468.33080280731  delta_E= -9.09e-13  |g|= 1.9e-06  |ddm|= 1.15e-05
  HOMO = -0.21208252902417  LUMO = 0.025036393153663
cycle= 31 E= -2468.33080280733  delta_E= -2.09e-11  |g|= 1.53e-06  |ddm|= 1.08e-05
  HOMO = -0.212082489968636  LUMO = 0.0250363942110065
cycle= 32 E= -2468.33080280734  delta_E= -9.09e-12  |g|= 1.05e-06  |ddm|= 1.42e-05
  HOMO = -0.212082495731265  LUMO = 0.0250363901731041
cycle= 33 E= -2468.33080280734  delta_E= 9.09e-13  |g|= 7.92e-07  |ddm|= 9.68e-06
  HOMO = -0.212082502710429  LUMO = 0.0250363918176499
Extra cycle  E= -2468.33080280734  delta_E= -9.09e-13  |g|= 7.19e-07  |ddm|= 1.71e-06
converged SCF energy = -2468.33080280734
AOs:  [0, 1, 2, 3, 4, 5, 6, 7, 8, 9, 10, 11, 12, 13, 14, 15, 16, 17, 18, 19, 20, 21, 22, 23, 24, 25, 26, 27, 28, 29, 30, 31, 32, 33, 34, 35, 36, 37, 38, 39, 40, 41, 42, 43, 44, 45, 46, 47, 48, 49, 50, 51, 52, 53, 54, 55, 56, 57, 58, 59, 60, 61, 62, 63, 64, 65, 66, 67, 68, 69, 70, 71, 72, 73, 74, 75, 76, 77, 78, 79, 80, 81, 82, 83, 84, 85, 86, 87, 88, 89, 90, 91, 92, 93, 94, 95, 96, 97, 98, 99, 100, 101, 102, 103, 104, 105, 106, 107, 108, 109, 110, 111, 112, 113, 114, 115, 116, 117, 118, 119, 120, 121, 122, 123, 124, 125, 126, 127, 128, 129, 130, 131, 132, 133, 134, 135, 136, 137, 138, 139, 140, 141, 142, 143, 144, 145, 146, 147, 148, 149, 150, 151, 152, 153, 154, 155, 156, 157, 158, 159, 160, 161, 162, 163, 164, 165, 166, 167, 168, 169, 170, 171, 172, 173, 174, 175, 176, 177, 178, 179, 180, 181, 182, 183, 184, 185, 186, 187, 188, 189, 190, 191, 192, 193, 194, 195, 196, 197, 198, 199, 200, 201, 202, 203, 204, 205, 206, 207, 208, 209, 210, 211, 212, 213, 214, 215, 216, 217, 218, 219, 220, 221, 222, 223, 224, 225, 226, 227, 228, 229, 230, 231, 232, 233, 234, 235, 236, 237, 238, 239, 240, 241, 242, 243, 244, 245, 246, 247, 248, 249, 250, 251, 252, 253, 254, 255, 256, 257, 258, 259, 260, 261, 262, 263, 264, 265, 266, 267, 268, 269, 270, 271, 272, 273, 274, 275, 276, 277, 278, 279, 280, 281, 282, 283, 284, 285, 286, 287, 288, 289, 290, 291, 292, 293, 294, 295, 296, 297, 298, 299, 300, 301, 302, 303, 304, 305, 306, 307, 308, 309, 310, 311, 312, 313, 314, 315, 316, 317, 318, 319, 320, 321, 322, 323, 324, 325, 326, 327, 328, 329, 330, 331, 332, 333, 334, 335, 336, 337, 338, 339, 340, 341, 342, 343, 344, 345, 346, 347, 348, 349, 350, 351, 352, 353, 354, 355, 356, 357, 358, 359, 360, 361, 362, 363, 364, 365, 366, 367, 368, 369, 370, 371, 372, 373, 374, 375, 376, 377, 378, 379, 380, 381, 382, 383, 384, 385, 386, 387, 388, 389, 390, 391, 392, 393, 394, 395, 396, 397, 398, 399, 400, 401, 402, 403, 404, 405, 406, 407, 408, 409, 410, 411, 412, 413, 414, 415, 416, 417, 418, 419, 420, 421, 422, 423, 424, 425, 426, 427, 428, 429, 430, 431, 432, 433, 434, 435, 436, 437, 438, 439, 440, 441, 442, 443, 444, 445, 446, 447, 448, 449, 450, 451, 452, 453, 454, 455, 456, 457, 458, 459, 460, 461, 462, 463, 464, 465, 466, 467, 468, 469, 470, 471, 472, 473, 474, 475, 476, 477, 478, 479, 480, 481, 482, 483, 484, 485, 486, 487, 488, 489, 490, 491, 492, 493, 494, 495, 496, 497, 498, 499, 500, 501, 502, 503, 504, 505, 506, 507, 508, 509, 510, 511, 512, 513, 514, 515, 516]
517
Number of Active MOs:  111
Number of Environment MOs:  0
Number of Virtual MOs:  406
 # electrons:            α            β
         Env:   0.00000000   0.00000000
         Act: 111.00000000 111.00000000
         Vir:   0.00000000   0.00000000
Number of electrons in the active space:  222

 The density matrix is idempotent!

 The density matrix is idempotent!


******** <class 'pyscf.scf.hf.RHF'> ********
method = RHF
initial guess = minao
damping factor = 0
level_shift factor = 0
DIIS = <class 'pyscf.scf.diis.CDIIS'>
diis_start_cycle = 1
diis_space = 8
SCF conv_tol = 1e-09
SCF conv_tol_grad = 1e-06
SCF max_cycles = 200
direct_scf = True
direct_scf_tol = 1e-13
chkfile to save SCF result = subsys_scf.chk
max_memory 900000 MB (current use 72433 MB)
init E= -2468.33080280734
  HOMO = -0.212082511415562  LUMO = 0.0250363910042341
cycle= 1 E= -2468.33080280736  delta_E= -2e-11  |g|= 6.66e-07  |ddm|= 1.5e-06
  HOMO = -0.212082514718134  LUMO = 0.025036390667521
Extra cycle  E= -2468.33080280735  delta_E= 1.46e-11  |g|= 6.24e-07  |ddm|= 1.35e-06
converged SCF energy = -2468.33080280735
Difference in energy:  -4.5657361624762415e-09
E(MP2) = -2472.75909646895  E_corr = -4.428293661597
Total energy =  -2472.7590964689334
time elapsed:  164.51420831680298
