

******** <class 'pyscf.dft.rks.RKS'> ********
method = RKS-RHF
initial guess = minao
damping factor = 0
level_shift factor = 0
DIIS = <class 'pyscf.scf.diis.CDIIS'>
diis_start_cycle = 1
diis_space = 8
SCF conv_tol = 1e-09
SCF conv_tol_grad = 1e-06
SCF max_cycles = 1000
direct_scf = True
direct_scf_tol = 1e-13
chkfile to save SCF result = scf.fchk
max_memory 900000 MB (current use 79 MB)
XC library pyscf.dft.libxc version 5.1.7
    S. Lehtola, C. Steigemann, M. J. Oliveira, and M. A. Marques, SoftwareX 7, 1 (2018)
XC functionals = pbe
    J. P. Perdew, K. Burke, and M. Ernzerhof, Phys. Rev. Lett. 77, 3865 (1996)
    J. P. Perdew, K. Burke, and M. Ernzerhof, Phys. Rev. Lett. 78, 1396 (1997)
    J. P. Perdew, K. Burke, and M. Ernzerhof, Phys. Rev. Lett. 77, 3865 (1996)
    J. P. Perdew, K. Burke, and M. Ernzerhof, Phys. Rev. Lett. 78, 1396 (1997)
small_rho_cutoff = 1e-07
init E= -2592.68589161385
  HOMO = -0.13558990377264  LUMO = -0.0868627408996018
cycle= 1 E= -2573.86094609637  delta_E= 18.8  |g|= 5.66  |ddm|= 10.4
  HOMO = -0.237014473524207  LUMO = -0.228181875449618
cycle= 2 E= -2429.54073387062  delta_E=  144  |g|= 19.3  |ddm|=   96
  HOMO = -0.172155222180419  LUMO = -0.161702262178354
cycle= 3 E= -2561.20084737965  delta_E= -132  |g|= 9.67  |ddm|=   72
  HOMO = -0.179835387701001  LUMO = -0.153385170978523
cycle= 4 E= -2577.99076904097  delta_E= -16.8  |g|=  6.4  |ddm|= 28.3
  HOMO = -0.163466306075657  LUMO = -0.153553182576672
cycle= 5 E= -2581.56771167958  delta_E= -3.58  |g|= 5.42  |ddm|= 2.88
  HOMO = -0.173674305392737  LUMO = -0.159425717124968
cycle= 6 E= -2581.35725703462  delta_E= 0.21  |g|= 5.48  |ddm|= 1.05
  HOMO = -0.177939224083358  LUMO = -0.162383560590996
cycle= 7 E= -2581.22391346774  delta_E= 0.133  |g|= 5.53  |ddm|= 0.907
  HOMO = -0.174088591800916  LUMO = -0.161288788483818
cycle= 8 E= -2581.28456956137  delta_E= -0.0607  |g|= 5.52  |ddm|= 0.222
  HOMO = -0.188343748121125  LUMO = -0.16494962485202
cycle= 9 E= -2580.50104132869  delta_E= 0.784  |g|= 5.77  |ddm|= 0.599

WARN: HOMO 0.0213241047793128 == LUMO 0.0215309182919104

cycle= 10 E= -2543.21832630987  delta_E= 37.3  |g|= 13.6  |ddm|= 19.4
  HOMO = -0.0802366990617845  LUMO = -0.0044593537432655
cycle= 11 E= -2571.2623848263  delta_E=  -28  |g|= 6.19  |ddm|= 17.4
  HOMO = -0.203792668977579  LUMO = -0.173448379778973
cycle= 12 E= -2579.84965373926  delta_E= -8.59  |g|= 5.96  |ddm|= 9.81
  HOMO = -0.21203234450839  LUMO = -0.177532232964766
cycle= 13 E= -2580.27538164309  delta_E= -0.426  |g|= 5.83  |ddm|= 0.95
  HOMO = -0.177608754722044  LUMO = -0.158334685725433
cycle= 14 E= -2580.40134751591  delta_E= -0.126  |g|= 5.82  |ddm|= 1.39
  HOMO = -0.185695013458096  LUMO = -0.156326193026798
cycle= 15 E= -2579.61618316283  delta_E= 0.785  |g|= 6.04  |ddm|= 0.976
  HOMO = -0.169639849230927  LUMO = -0.15372443758031
cycle= 16 E= -2579.85245869847  delta_E= -0.236  |g|= 5.97  |ddm|= 0.924
  HOMO = -0.195808688359381  LUMO = -0.153711179753093
cycle= 17 E= -2580.01988212119  delta_E= -0.167  |g|= 5.93  |ddm|= 1.27
  HOMO = -0.188489915694506  LUMO = -0.161724222453266
cycle= 18 E= -2581.67310883351  delta_E= -1.65  |g|= 5.38  |ddm|= 1.52
  HOMO = -0.2043292483269  LUMO = -0.16598947870858
cycle= 19 E= -2580.23329234939  delta_E= 1.44  |g|= 5.86  |ddm|= 1.24
  HOMO = 0.0340471235837936  LUMO = 0.0390071080789109
cycle= 20 E= -2459.28578807818  delta_E=  121  |g|=   14  |ddm|= 33.4
  HOMO = -0.0789590322251022  LUMO = -0.0710420503835216
cycle= 21 E= -2574.34068263566  delta_E= -115  |g|= 5.09  |ddm|= 32.7
  HOMO = -0.167703811750115  LUMO = -0.159670172561916
cycle= 22 E= -2578.53385570783  delta_E= -4.19  |g|= 6.27  |ddm|= 7.64
  HOMO = -0.188009690496405  LUMO = -0.158587204337807
cycle= 23 E= -2579.4261015029  delta_E= -0.892  |g|= 6.11  |ddm|= 1.95
  HOMO = -0.20563069058677  LUMO = -0.16411791415818
cycle= 24 E= -2579.90845307608  delta_E= -0.482  |g|= 5.93  |ddm|= 1.21
  HOMO = -0.201782497824578  LUMO = -0.16610332278183
cycle= 25 E= -2578.89274861177  delta_E= 1.02  |g|= 6.24  |ddm|= 1.53
  HOMO = -0.197038114222307  LUMO = -0.16881789094155
cycle= 26 E= -2579.00551012587  delta_E= -0.113  |g|= 6.21  |ddm|= 0.937
  HOMO = -0.207747764060229  LUMO = -0.164650046837065
cycle= 27 E= -2581.13884804491  delta_E= -2.13  |g|= 5.52  |ddm|= 1.86
  HOMO = -0.194549376796966  LUMO = -0.166047663334015
cycle= 28 E= -2579.07928219029  delta_E= 2.06  |g|= 6.19  |ddm|= 2.14
  HOMO = -0.192444484161913  LUMO = -0.159121210740038
cycle= 29 E= -2579.80960138543  delta_E= -0.73  |g|= 5.99  |ddm|= 1.39
  HOMO = 0.00645189433119822  LUMO = 0.0122482471882775
cycle= 30 E= -2496.2694573422  delta_E= 83.5  |g|= 13.9  |ddm|= 26.5
  HOMO = -0.0857353985402124  LUMO = -0.0339140915805392
cycle= 31 E= -2573.36625653689  delta_E= -77.1  |g|= 5.33  |ddm|= 23.9
  HOMO = -0.166117137841528  LUMO = -0.145990425873189
cycle= 32 E= -2579.33236852035  delta_E= -5.97  |g|=  6.1  |ddm|= 8.35
  HOMO = -0.180884832488182  LUMO = -0.150587581484084
cycle= 33 E= -2579.97810570893  delta_E= -0.646  |g|= 5.93  |ddm|= 0.99
  HOMO = -0.163694628424194  LUMO = -0.142432109097245
cycle= 34 E= -2580.17973293833  delta_E= -0.202  |g|= 5.84  |ddm|=    1
  HOMO = -0.181184423732562  LUMO = -0.138954092803223
cycle= 35 E= -2580.37994843666  delta_E= -0.2  |g|= 5.82  |ddm|= 1.62
  HOMO = -0.168975747778452  LUMO = -0.151852048705725
cycle= 36 E= -2581.64247907331  delta_E= -1.26  |g|= 5.32  |ddm|= 2.02
  HOMO = -0.190790833601764  LUMO = -0.159146554241192
cycle= 37 E= -2580.37853750122  delta_E= 1.26  |g|= 5.79  |ddm|= 2.25
  HOMO = -0.185440875202255  LUMO = -0.152979386191876
cycle= 38 E= -2580.70357240246  delta_E= -0.325  |g|= 5.68  |ddm|=  1.2
  HOMO = -0.197386808244396  LUMO = -0.154645395707321
cycle= 39 E= -2579.88296890843  delta_E= 0.821  |g|= 5.97  |ddm|= 1.13
  HOMO = 0.0263615678827564  LUMO = 0.0361636239781459
cycle= 40 E= -2454.32836715938  delta_E=  126  |g|= 14.9  |ddm|=   42
  HOMO = -0.0813638724443596  LUMO = -0.0728385118011559
cycle= 41 E= -2572.21642095824  delta_E= -118  |g|= 5.87  |ddm|=   41
  HOMO = -0.15571835766726  LUMO = -0.145548454565279
cycle= 42 E= -2578.30256566832  delta_E= -6.09  |g|= 6.11  |ddm|= 8.89
  HOMO = -0.192718762877411  LUMO = -0.14831159644854
cycle= 43 E= -2580.16543841973  delta_E= -1.86  |g|= 5.87  |ddm|= 2.46
  HOMO = -0.183432148274965  LUMO = -0.158503780732255
cycle= 44 E= -2580.27137503916  delta_E= -0.106  |g|= 5.84  |ddm|= 0.816
  HOMO = -0.156613857044035  LUMO = -0.153351137555559
cycle= 45 E= -2581.41348136921  delta_E= -1.14  |g|= 5.44  |ddm|= 3.03
  HOMO = -0.191968588510475  LUMO = -0.15316969649178
cycle= 46 E= -2580.667136038  delta_E= 0.746  |g|= 5.72  |ddm|= 2.61
  HOMO = -0.191639115215662  LUMO = -0.151864446629058
cycle= 47 E= -2580.41867237472  delta_E= 0.248  |g|= 5.78  |ddm|= 0.889
  HOMO = -0.163999422547187  LUMO = -0.153757049488153
cycle= 48 E= -2581.65215162084  delta_E= -1.23  |g|= 5.29  |ddm|=  1.8
  HOMO = -0.191176584459213  LUMO = -0.150234273486686
cycle= 49 E= -2581.20344183537  delta_E= 0.449  |g|= 5.53  |ddm|= 1.78
  HOMO = 0.0302828180603432  LUMO = 0.0527272328629044
cycle= 50 E= -2447.3631976778  delta_E=  134  |g|=   15  |ddm|= 41.5
  HOMO = -0.106084702259901  LUMO = -0.0827616138861006
cycle= 51 E= -2572.8473249607  delta_E= -125  |g|= 5.76  |ddm|=   41
  HOMO = -0.148457194270255  LUMO = -0.136493154969217
cycle= 52 E= -2578.26834394041  delta_E= -5.42  |g|= 6.21  |ddm|= 8.77
  HOMO = -0.187362291084243  LUMO = -0.14521362120902
cycle= 53 E= -2579.88879926569  delta_E= -1.62  |g|= 5.97  |ddm|= 2.69
  HOMO = -0.190539177121432  LUMO = -0.145939058844768
cycle= 54 E= -2579.99406594092  delta_E= -0.105  |g|= 5.93  |ddm|= 1.48
  HOMO = -0.197328949708403  LUMO = -0.144743210407598
cycle= 55 E= -2579.924633386  delta_E= 0.0694  |g|= 5.95  |ddm|= 1.07
  HOMO = -0.184870530189741  LUMO = -0.142555024617415
cycle= 56 E= -2580.19927965917  delta_E= -0.275  |g|= 5.87  |ddm|= 0.779
  HOMO = -0.17580873998473  LUMO = -0.147463490224713
cycle= 57 E= -2580.02498805461  delta_E= 0.174  |g|= 5.86  |ddm|= 1.97
  HOMO = -0.20432713624579  LUMO = -0.146658298963615
cycle= 58 E= -2579.95819237438  delta_E= 0.0668  |g|= 5.94  |ddm|= 1.52
  HOMO = -0.185855975036429  LUMO = -0.138390377662918
cycle= 59 E= -2580.3895956023  delta_E= -0.431  |g|= 5.81  |ddm|= 0.73
  HOMO = 0.000206373927816679  LUMO = 0.0092919324894938
cycle= 60 E= -2482.40962181806  delta_E=   98  |g|= 14.6  |ddm|= 26.9
  HOMO = -0.0813572998290652  LUMO = -0.0785946743542691
cycle= 61 E= -2571.87778460324  delta_E= -89.5  |g|= 6.53  |ddm|= 23.9
  HOMO = -0.150596407461431  LUMO = -0.145825860922268
cycle= 62 E= -2579.30511888692  delta_E= -7.43  |g|= 6.07  |ddm|= 9.93
  HOMO = -0.17895351124949  LUMO = -0.152578559944606
cycle= 63 E= -2581.13554410315  delta_E= -1.83  |g|= 5.57  |ddm|= 2.81
  HOMO = -0.176763746434574  LUMO = -0.156881506312643
cycle= 64 E= -2581.4044214379  delta_E= -0.269  |g|= 5.51  |ddm|= 0.84
  HOMO = -0.169328044954992  LUMO = -0.156254542424751
cycle= 65 E= -2581.30081748082  delta_E= 0.104  |g|= 5.52  |ddm|=  1.1
  HOMO = -0.173118860487377  LUMO = -0.158900787670943
cycle= 66 E= -2581.5905466979  delta_E= -0.29  |g|= 5.42  |ddm|= 1.64
  HOMO = -0.177303909405425  LUMO = -0.166292041863448
cycle= 67 E= -2581.79715550135  delta_E= -0.207  |g|= 5.35  |ddm|= 1.53
  HOMO = -0.171856491301819  LUMO = -0.162067712692623
cycle= 68 E= -2581.39928126925  delta_E= 0.398  |g|=  5.5  |ddm|= 0.775
  HOMO = -0.172299065101271  LUMO = -0.165085057421882
cycle= 69 E= -2581.0133238477  delta_E= 0.386  |g|= 5.63  |ddm|= 0.47
  HOMO = 0.0283630726288583  LUMO = 0.0299358968823404
cycle= 70 E= -2453.33870452479  delta_E=  128  |g|= 18.5  |ddm|= 43.3
  HOMO = -0.0650763666283143  LUMO = -0.033883110623006
cycle= 71 E= -2566.59604289443  delta_E= -113  |g|= 8.99  |ddm|= 41.4
  HOMO = -0.0540236416358001  LUMO = -0.0478812940697772
cycle= 72 E= -2581.38315415849  delta_E= -14.8  |g|= 5.46  |ddm|= 12.4
  HOMO = -0.186707516440656  LUMO = -0.173626292165487
cycle= 73 E= -2586.54620325427  delta_E= -5.16  |g|=  3.6  |ddm|= 4.72
  HOMO = -0.173082246376929  LUMO = -0.164536644204325
cycle= 74 E= -2585.24642493048  delta_E=  1.3  |g|= 4.31  |ddm|= 2.26
  HOMO = -0.174636838562502  LUMO = -0.158256666342871
cycle= 75 E= -2587.38921071117  delta_E= -2.14  |g|= 2.76  |ddm|= 2.31
  HOMO = -0.162672888588786  LUMO = -0.153451487793858
cycle= 76 E= -2582.21667151417  delta_E= 5.17  |g|= 5.41  |ddm|= 3.81
  HOMO = -0.174482030361461  LUMO = -0.171920474481698
cycle= 77 E= -2584.69497595306  delta_E= -2.48  |g|= 4.45  |ddm|= 2.46
  HOMO = -0.175012074992496  LUMO = -0.169298115469035
cycle= 78 E= -2584.91574556586  delta_E= -0.221  |g|= 4.39  |ddm|= 0.854
  HOMO = -0.175291114714417  LUMO = -0.169453904708428
cycle= 79 E= -2584.90931539875  delta_E= 0.00643  |g|= 4.39  |ddm|= 0.176
  HOMO = -0.150125483328869  LUMO = -0.0969695266658231
cycle= 80 E= -2588.56952015299  delta_E= -3.66  |g|= 0.988  |ddm|=  2.9
  HOMO = -0.105157637146695  LUMO = -0.0844074552237405
cycle= 81 E= -2588.16384861579  delta_E= 0.406  |g|= 1.49  |ddm|= 2.68
  HOMO = -0.135063723981735  LUMO = -0.0888618361508626
cycle= 82 E= -2588.74861864842  delta_E= -0.585  |g|= 0.504  |ddm|= 2.17
  HOMO = -0.140953774992227  LUMO = -0.0888962045777031
cycle= 83 E= -2588.81500408616  delta_E= -0.0664  |g|= 0.276  |ddm|= 0.763
  HOMO = -0.131922859625682  LUMO = -0.0872738542217241
cycle= 84 E= -2588.82900381844  delta_E= -0.014  |g|= 0.102  |ddm|= 0.32
  HOMO = -0.135622001587461  LUMO = -0.0866830464218099
cycle= 85 E= -2588.83084033674  delta_E= -0.00184  |g|= 0.0404  |ddm|= 0.128
  HOMO = -0.134960144573584  LUMO = -0.0869937316340844
cycle= 86 E= -2588.8312264188  delta_E= -0.000386  |g|= 0.00951  |ddm|= 0.0469
  HOMO = -0.134827213039925  LUMO = -0.0869612275907276
cycle= 87 E= -2588.83124423756  delta_E= -1.78e-05  |g|= 0.00396  |ddm|= 0.0132
  HOMO = -0.134583766279206  LUMO = -0.0869581791588229
cycle= 88 E= -2588.83124495773  delta_E= -7.2e-07  |g|= 0.00419  |ddm|= 0.00718
  HOMO = -0.134779297447291  LUMO = -0.0869876605547626
cycle= 89 E= -2588.83124788151  delta_E= -2.92e-06  |g|= 0.0019  |ddm|= 0.00487
  HOMO = -0.134700080964763  LUMO = -0.0869666313592259
cycle= 90 E= -2588.83124845875  delta_E= -5.77e-07  |g|= 0.00061  |ddm|= 0.00196
  HOMO = -0.134722357597356  LUMO = -0.0869712506445821
cycle= 91 E= -2588.83124850967  delta_E= -5.09e-08  |g|= 0.000341  |ddm|= 0.000891
  HOMO = -0.134720825654137  LUMO = -0.0869720217113395
cycle= 92 E= -2588.83124854097  delta_E= -3.13e-08  |g|= 9.23e-05  |ddm|= 0.000469
  HOMO = -0.134722799755262  LUMO = -0.0869726218252489
cycle= 93 E= -2588.83124854169  delta_E= -7.29e-10  |g|= 8.69e-05  |ddm|= 0.000185
  HOMO = -0.13472277327959  LUMO = -0.0869718181462298
cycle= 94 E= -2588.83124854338  delta_E= -1.69e-09  |g|= 2.66e-05  |ddm|= 9.65e-05
  HOMO = -0.134722469207789  LUMO = -0.0869721166197191
cycle= 95 E= -2588.83124854348  delta_E= -9.37e-11  |g|= 1.56e-05  |ddm|= 3.21e-05
  HOMO = -0.134722209581046  LUMO = -0.0869720210104162
cycle= 96 E= -2588.83124854352  delta_E= -4.27e-11  |g|= 8.03e-06  |ddm|= 2.14e-05
  HOMO = -0.134721974044662  LUMO = -0.0869720209831348
cycle= 97 E= -2588.83124854352  delta_E= -2.73e-12  |g|= 7.83e-06  |ddm|= 1.32e-05
  HOMO = -0.134722485316951  LUMO = -0.0869720803710367
cycle= 98 E= -2588.83124854352  delta_E= 9.09e-13  |g|= 7.41e-06  |ddm|= 1.2e-05
  HOMO = -0.134722176132982  LUMO = -0.0869720210235142
cycle= 99 E= -2588.83124854353  delta_E= -9.09e-12  |g|= 2.4e-06  |ddm|= 7.53e-06
  HOMO = -0.134722262862284  LUMO = -0.0869720383222227
cycle= 100 E= -2588.83124854354  delta_E= -9.09e-12  |g|= 1.79e-06  |ddm|= 3.53e-06
  HOMO = -0.134722236588901  LUMO = -0.086972040138088
cycle= 101 E= -2588.83124854353  delta_E= 4.55e-12  |g|= 6.39e-07  |ddm|= 2.58e-06
  HOMO = -0.134722266292087  LUMO = -0.0869720327677153
Extra cycle  E= -2588.83124854352  delta_E= 1.73e-11  |g|= 2.56e-06  |ddm|= 4.12e-06
converged SCF energy = -2588.83124854352
AOs:  [0, 1, 2, 3, 4, 5, 6, 7, 8, 9, 10, 11, 12, 13, 14, 15, 16, 17, 18, 19, 20, 21, 22, 23, 24, 25, 26, 27, 28, 29, 30, 31, 32, 33, 34, 35, 36, 37, 38, 39, 40, 41, 42, 43, 44, 45, 46, 47, 48, 49, 50, 51, 52, 53, 54, 55, 56, 57, 58, 59, 60, 61, 62, 63, 64, 65, 66, 67, 68, 69, 70, 71, 72, 73, 74, 75, 76, 77, 78, 79, 80, 81, 82, 83, 84, 85, 86, 87, 88, 89, 90, 91, 92, 93, 94, 95, 96, 97, 98, 99, 100, 101, 102, 103, 104, 105, 106, 107, 108, 109, 110, 111, 112, 113, 114, 115, 116, 117, 118, 119, 120, 121, 122, 123, 124, 125, 126, 127, 128, 129, 130, 131, 132, 133, 134, 135, 136, 137, 138, 139, 140, 141, 142, 143, 144, 145, 146, 147, 148, 149, 150, 151, 152, 153, 154, 155, 156, 157, 158, 159, 160, 161, 162, 163, 164, 165, 166, 167, 168, 169, 170, 171, 172, 173, 174, 175, 176, 177, 178, 179, 180, 181, 182, 183, 184, 185, 186, 187, 188, 189, 190, 191, 192, 193, 194, 195, 196, 197, 198, 199, 200, 201, 202, 203, 204, 205, 206, 207, 208, 209, 210, 211, 212, 213, 214, 215, 216, 217, 218, 219, 220, 221, 222, 223, 224, 225, 226, 227, 228, 229, 230, 231, 232, 233, 234, 235, 236, 237, 238, 239, 240, 241, 242, 243, 244, 245, 246, 247, 248, 249, 250, 251, 252, 253, 254, 255, 256, 257, 258, 259, 260, 261, 262, 263, 264, 265, 266, 267, 268, 269, 270, 271, 272, 273, 274, 275, 276, 277, 278, 279, 280, 281, 282, 283, 284, 285, 286, 287, 288, 289, 290, 291, 292, 293, 294, 295, 296, 297, 298, 299, 300, 301, 302, 303, 304, 305, 306, 307, 308, 309, 310, 311, 312, 313, 314, 315, 316, 317, 318, 319, 320, 321, 322, 323, 324]
325
Number of Active MOs:  88
Number of Environment MOs:  30
Number of Virtual MOs:  427
 # electrons:            α            β
         Env:  30.00000000  30.00000000
         Act:  88.00000000  88.00000000
         Vir:  -0.00000000  -0.00000000
Number of electrons in the active space:  176

 The density matrix is idempotent!

 The density matrix is idempotent!


******** <class 'pyscf.scf.hf.RHF'> ********
method = RHF
initial guess = minao
damping factor = 0
level_shift factor = 0
DIIS = <class 'pyscf.scf.diis.CDIIS'>
diis_start_cycle = 1
diis_space = 8
SCF conv_tol = 1e-09
SCF conv_tol_grad = 1e-06
SCF max_cycles = 200
direct_scf = True
direct_scf_tol = 1e-13
chkfile to save SCF result = subsys_scf.chk
max_memory 900000 MB (current use 89897 MB)
init E= -699.171796709401
  HOMO = -0.191066801005973  LUMO = 0.0474333492737759
cycle= 1 E= -699.488251616378  delta_E= -0.316  |g|= 0.307  |ddm|= 2.68
  HOMO = -0.184316554936969  LUMO = 0.0535549921529998
cycle= 2 E= -699.536998808621  delta_E= -0.0487  |g|= 0.157  |ddm|= 0.592
  HOMO = -0.184280506173689  LUMO = 0.0500396189115875
cycle= 3 E= -699.546996051593  delta_E= -0.01  |g|= 0.104  |ddm|= 0.33
  HOMO = -0.178481473855027  LUMO = 0.0539823329348859
cycle= 4 E= -699.55116325936  delta_E= -0.00417  |g|= 0.0183  |ddm|= 0.175
  HOMO = -0.17848916490304  LUMO = 0.053008895960007
cycle= 5 E= -699.551332468368  delta_E= -0.000169  |g|= 0.00839  |ddm|= 0.0373
  HOMO = -0.178058270337043  LUMO = 0.0529225604740698
cycle= 6 E= -699.551360926249  delta_E= -2.85e-05  |g|= 0.00348  |ddm|= 0.0151
  HOMO = -0.177688586474182  LUMO = 0.0530021232077185
cycle= 7 E= -699.55136889918  delta_E= -7.97e-06  |g|= 0.00147  |ddm|= 0.00663
  HOMO = -0.177534379496144  LUMO = 0.0529467399813239
cycle= 8 E= -699.551372022208  delta_E= -3.12e-06  |g|= 0.000738  |ddm|= 0.00566
  HOMO = -0.177496667522221  LUMO = 0.0529445554158817
cycle= 9 E= -699.551372619013  delta_E= -5.97e-07  |g|= 0.000533  |ddm|= 0.00161
  HOMO = -0.177490657847527  LUMO = 0.0529416410279852
cycle= 10 E= -699.551373001127  delta_E= -3.82e-07  |g|= 0.000408  |ddm|= 0.0013
  HOMO = -0.177498625703754  LUMO = 0.0529387291016078
cycle= 11 E= -699.551373435467  delta_E= -4.34e-07  |g|= 0.000207  |ddm|= 0.00232
  HOMO = -0.177501666417487  LUMO = 0.0529439234697908
cycle= 12 E= -699.551373529157  delta_E= -9.37e-08  |g|= 6.86e-05  |ddm|= 0.0013
  HOMO = -0.177504472893563  LUMO = 0.0529445059809532
cycle= 13 E= -699.551373535493  delta_E= -6.34e-09  |g|= 3.13e-05  |ddm|= 0.000335
  HOMO = -0.177504658713603  LUMO = 0.0529448856771215
cycle= 14 E= -699.55137353637  delta_E= -8.77e-10  |g|= 1.44e-05  |ddm|= 9.55e-05
  HOMO = -0.177505288449335  LUMO = 0.0529446482898127
cycle= 15 E= -699.551373535759  delta_E= 6.11e-10  |g|= 4.48e-06  |ddm|= 3.04e-05
  HOMO = -0.177505017768294  LUMO = 0.0529448894816866
cycle= 16 E= -699.551373536386  delta_E= -6.28e-10  |g|= 2.06e-06  |ddm|= 8.04e-06
  HOMO = -0.177505099782351  LUMO = 0.0529448863592817
cycle= 17 E= -699.551373536737  delta_E= -3.51e-10  |g|= 1.41e-06  |ddm|= 4.43e-06
  HOMO = -0.177505160882496  LUMO = 0.0529448708970324
cycle= 18 E= -699.551373535771  delta_E= 9.66e-10  |g|= 1.03e-06  |ddm|= 4.05e-06
  HOMO = -0.177505173847528  LUMO = 0.0529448985203852
cycle= 19 E= -699.551373536617  delta_E= -8.46e-10  |g|= 7.3e-07  |ddm|= 4e-06
  HOMO = -0.177505182804318  LUMO = 0.0529448885190475
Extra cycle  E= -699.551373535552  delta_E= 1.07e-09  |g|= 6.33e-07  |ddm|= 1.4e-06
converged SCF energy = -699.551373535552
Difference in energy:  -3839.0683823648033
E(MP2) = -702.901537977731  E_corr = -3.35016444217877
Total energy =  -2586.063473220012
time elapsed:  361.1195282936096
