

******** <class 'pyscf.scf.hf.RHF'> ********
method = RHF
initial guess = minao
damping factor = 0
level_shift factor = 0
DIIS = <class 'pyscf.scf.diis.CDIIS'>
diis_start_cycle = 1
diis_space = 8
SCF conv_tol = 1e-09
SCF conv_tol_grad = 1e-05
SCF max_cycles = 1000
direct_scf = True
direct_scf_tol = 1e-13
chkfile to save SCF result = scf.fchk
max_memory 900000 MB (current use 79 MB)
init E= -582.148227897021
  HOMO = -0.26861436313905  LUMO = 0.0149296813395433
cycle= 1 E= -580.049062631811  delta_E=  2.1  |g|= 0.967  |ddm|= 5.16
  HOMO = -0.327267320724619  LUMO = 0.0997657009841807
cycle= 2 E= -580.216283062181  delta_E= -0.167  |g|= 0.667  |ddm|= 1.23
  HOMO = -0.401295210164267  LUMO = 0.1339945466142
cycle= 3 E= -580.298619247701  delta_E= -0.0823  |g|= 0.14  |ddm|= 0.615
  HOMO = -0.39522765640165  LUMO = 0.146540255939391
cycle= 4 E= -580.304056528745  delta_E= -0.00544  |g|= 0.0447  |ddm|= 0.142
  HOMO = -0.402420657899893  LUMO = 0.145197068956215
cycle= 5 E= -580.304526347018  delta_E= -0.00047  |g|= 0.0107  |ddm|= 0.0532
  HOMO = -0.403452503392061  LUMO = 0.145131554023496
cycle= 6 E= -580.304582641826  delta_E= -5.63e-05  |g|= 0.00424  |ddm|= 0.0195
  HOMO = -0.403731794894546  LUMO = 0.145678670145644
cycle= 7 E= -580.304597080474  delta_E= -1.44e-05  |g|= 0.00165  |ddm|= 0.0128
  HOMO = -0.404192838268176  LUMO = 0.1455913967809
cycle= 8 E= -580.304598906826  delta_E= -1.83e-06  |g|= 0.000448  |ddm|= 0.00461
  HOMO = -0.404210231958967  LUMO = 0.14561938094634
cycle= 9 E= -580.304599044338  delta_E= -1.38e-07  |g|= 8.79e-05  |ddm|= 0.00118
  HOMO = -0.404198481182925  LUMO = 0.145620777894609
cycle= 10 E= -580.304599049186  delta_E= -4.85e-09  |g|= 3.05e-05  |ddm|= 0.000176
  HOMO = -0.404204841274069  LUMO = 0.145613999543385
cycle= 11 E= -580.304599049589  delta_E= -4.03e-10  |g|= 9.35e-06  |ddm|= 4.62e-05
  HOMO = -0.404202270664597  LUMO = 0.145615961783926
Extra cycle  E= -580.304599049642  delta_E= -5.23e-11  |g|= 5.02e-06  |ddm|= 1.57e-05
converged SCF energy = -580.304599049642
AOs:  []
0
