

******** <class 'pyscf.scf.hf.RHF'> ********
method = RHF
initial guess = minao
damping factor = 0
level_shift factor = 0
DIIS = <class 'pyscf.scf.diis.CDIIS'>
diis_start_cycle = 1
diis_space = 8
SCF conv_tol = 1e-09
SCF conv_tol_grad = 1e-05
SCF max_cycles = 1000
direct_scf = True
direct_scf_tol = 1e-13
chkfile to save SCF result = scf.fchk
max_memory 900000 MB (current use 79 MB)
init E= -582.142773559818
  HOMO = -0.268584904310523  LUMO = 0.0150056656949345
cycle= 1 E= -580.043667712019  delta_E=  2.1  |g|= 0.974  |ddm|= 5.16
  HOMO = -0.319339611497516  LUMO = 0.104235947733073
cycle= 2 E= -580.211149334196  delta_E= -0.167  |g|= 0.679  |ddm|= 1.26
  HOMO = -0.397878748674166  LUMO = 0.13702495850896
cycle= 3 E= -580.296348625989  delta_E= -0.0852  |g|= 0.139  |ddm|= 0.632
  HOMO = -0.392418427606093  LUMO = 0.148974843102384
cycle= 4 E= -580.301818066816  delta_E= -0.00547  |g|= 0.0445  |ddm|= 0.143
  HOMO = -0.399427732282716  LUMO = 0.147895124759627
cycle= 5 E= -580.302288260079  delta_E= -0.00047  |g|= 0.0109  |ddm|= 0.0537
  HOMO = -0.400496424115729  LUMO = 0.147813427567467
cycle= 6 E= -580.302346369148  delta_E= -5.81e-05  |g|= 0.00433  |ddm|= 0.02
  HOMO = -0.400825367251346  LUMO = 0.148348231681495
cycle= 7 E= -580.302361536087  delta_E= -1.52e-05  |g|= 0.00166  |ddm|= 0.0134
  HOMO = -0.401298797630664  LUMO = 0.148262584008266
cycle= 8 E= -580.302363386773  delta_E= -1.85e-06  |g|= 0.00045  |ddm|= 0.00469
  HOMO = -0.401316930617476  LUMO = 0.14829039767962
cycle= 9 E= -580.302363523366  delta_E= -1.37e-07  |g|= 8.89e-05  |ddm|= 0.00117
  HOMO = -0.401304332716086  LUMO = 0.148291686712825
cycle= 10 E= -580.30236352829  delta_E= -4.92e-09  |g|= 3.09e-05  |ddm|= 0.000179
  HOMO = -0.401310975715828  LUMO = 0.148284867450882
cycle= 11 E= -580.302363528703  delta_E= -4.13e-10  |g|= 9.5e-06  |ddm|= 4.69e-05
  HOMO = -0.401308327919331  LUMO = 0.148286799652869
Extra cycle  E= -580.302363528752  delta_E= -4.96e-11  |g|= 5.12e-06  |ddm|= 1.61e-05
converged SCF energy = -580.302363528752
AOs:  []
0
