

******** <class 'pyscf.dft.rks.RKS'> ********
method = RKS-RHF
initial guess = minao
damping factor = 0
level_shift factor = 0
DIIS = <class 'pyscf.scf.diis.CDIIS'>
diis_start_cycle = 1
diis_space = 8
SCF conv_tol = 1e-09
SCF conv_tol_grad = 1e-05
SCF max_cycles = 1000
direct_scf = True
direct_scf_tol = 1e-13
chkfile to save SCF result = scf.fchk
max_memory 900000 MB (current use 79 MB)
XC library pyscf.dft.libxc version 5.1.7
    S. Lehtola, C. Steigemann, M. J. Oliveira, and M. A. Marques, SoftwareX 7, 1 (2018)
XC functionals = b3lyp
    P. A. M. Dirac, Math. Proc. Cambridge Philos. Soc. 26, 376 (1930)
    F. Bloch, Z. Phys. 57, 545 (1929)
    A. D. Becke, Phys. Rev. A 38, 3098 (1988)
    C. Lee, W. Yang, and R. G. Parr, Phys. Rev. B 37, 785 (1988)
    B. Miehlich, A. Savin, H. Stoll, and H. Preuss, Chem. Phys. Lett. 157, 200 (1989)
    S. H. Vosko, L. Wilk, and M. Nusair, Can. J. Phys. 58, 1200 (1980)
small_rho_cutoff = 1e-07
init E= -777.14996535253
  HOMO = -0.22570881259584  LUMO = -0.183916218861037
cycle= 1 E= -774.658399233534  delta_E= 2.49  |g|= 1.03  |ddm|=  6.2
  HOMO = -0.0477552727301604  LUMO = -0.0141157584004095
cycle= 2 E= -771.817051612566  delta_E= 2.84  |g|= 2.72  |ddm|= 3.48
  HOMO = -0.129364409067394  LUMO = -0.0652738400311103
cycle= 3 E= -774.690357200969  delta_E= -2.87  |g|= 0.809  |ddm|= 3.26
  HOMO = -0.166620785383866  LUMO = -0.115474586714876
cycle= 4 E= -774.911492129313  delta_E= -0.221  |g|= 0.268  |ddm|= 1.43
  HOMO = -0.177871979278623  LUMO = -0.109706139536406
cycle= 5 E= -774.906745056926  delta_E= 0.00475  |g|= 0.29  |ddm|= 0.731
  HOMO = -0.171942793528799  LUMO = -0.110507996630006
cycle= 6 E= -774.931771005807  delta_E= -0.025  |g|= 0.0981  |ddm|= 0.545
  HOMO = -0.173547534006229  LUMO = -0.109547795984314
cycle= 7 E= -774.935132950498  delta_E= -0.00336  |g|= 0.0367  |ddm|= 0.17
  HOMO = -0.172800379764917  LUMO = -0.107464634864296
cycle= 8 E= -774.935528692944  delta_E= -0.000396  |g|= 0.0143  |ddm|= 0.0551
  HOMO = -0.173695933567591  LUMO = -0.10781143698528
cycle= 9 E= -774.935589574716  delta_E= -6.09e-05  |g|= 0.00487  |ddm|= 0.0229
  HOMO = -0.173864567359356  LUMO = -0.107847172098546
cycle= 10 E= -774.93559504105  delta_E= -5.47e-06  |g|= 0.00213  |ddm|= 0.00699
  HOMO = -0.173850504463324  LUMO = -0.107801723909117
cycle= 11 E= -774.935596352921  delta_E= -1.31e-06  |g|= 0.000493  |ddm|= 0.00289
  HOMO = -0.173838488555195  LUMO = -0.107777729811772
cycle= 12 E= -774.93559642126  delta_E= -6.83e-08  |g|= 0.000215  |ddm|= 0.000707
  HOMO = -0.173844067723142  LUMO = -0.107777068728704
cycle= 13 E= -774.935596434791  delta_E= -1.35e-08  |g|= 6.71e-05  |ddm|= 0.000303
  HOMO = -0.173845524437874  LUMO = -0.107776969334858
cycle= 14 E= -774.935596435746  delta_E= -9.55e-10  |g|= 3.67e-05  |ddm|= 0.000127
  HOMO = -0.173845827005774  LUMO = -0.10777765232791
cycle= 15 E= -774.935596435764  delta_E= -1.8e-11  |g|= 3.55e-05  |ddm|= 9.97e-05
  HOMO = -0.173845928543202  LUMO = -0.107776874650884
cycle= 16 E= -774.935596436168  delta_E= -4.04e-10  |g|= 1.24e-05  |ddm|= 6.46e-05
  HOMO = -0.173846056094868  LUMO = -0.107777052472631
cycle= 17 E= -774.935596436201  delta_E= -3.3e-11  |g|= 6.23e-06  |ddm|= 1.7e-05
  HOMO = -0.173845557883155  LUMO = -0.107776612094836
Extra cycle  E= -774.935596436134  delta_E= 6.71e-11  |g|= 1.56e-05  |ddm|= 2.63e-05
converged SCF energy = -774.935596436134
AOs:  [0, 1, 2, 3, 4, 5, 6, 7, 8, 9, 10, 11, 12, 13, 14, 15, 16, 17, 18, 19, 20, 21, 22, 23, 24, 25, 26, 27, 28, 29, 30, 31, 32, 33, 34, 35, 36, 37, 38, 39, 40, 41, 42, 43, 44, 45, 46, 47, 48, 49, 50, 51, 52, 53, 54, 55, 56, 57, 58, 59, 60, 61, 62, 63]
64
Number of Active MOs:  2
Number of Environment MOs:  68
Number of Virtual MOs:  244
 # electrons:            α            β
         Env:  68.00000000  68.00000000
         Act:   2.00000000   2.00000000
         Vir:  -0.00000000  -0.00000000
Number of electrons in the active space:  4

 The density matrix is idempotent!

 The density matrix is idempotent!


******** <class 'pyscf.scf.hf.RHF'> ********
method = RHF
initial guess = minao
damping factor = 0
level_shift factor = 0
DIIS = <class 'pyscf.scf.diis.CDIIS'>
diis_start_cycle = 1
diis_space = 8
SCF conv_tol = 1e-09
SCF conv_tol_grad = 1e-05
SCF max_cycles = 200
direct_scf = True
direct_scf_tol = 1e-13
chkfile to save SCF result = subsys_scf.chk
max_memory 900000 MB (current use 10407 MB)
init E= 1254.19295978596
  HOMO = -1.36305977736118  LUMO = -0.00924030364254147
cycle= 1 E= 1254.19233551299  delta_E= -0.000624  |g|= 0.00754  |ddm|= 0.0435
  HOMO = -1.36380634928302  LUMO = -0.00946570435203663
cycle= 2 E= 1254.19232111934  delta_E= -1.44e-05  |g|= 0.00117  |ddm|= 0.00598
  HOMO = -1.36393682106809  LUMO = -0.0095045070297873
cycle= 3 E= 1254.19232075321  delta_E= -3.66e-07  |g|= 2.54e-05  |ddm|= 0.00106
  HOMO = -1.36393429412965  LUMO = -0.00950353084061136
cycle= 4 E= 1254.19232075369  delta_E= 4.83e-10  |g|= 8.07e-07  |ddm|= 2.64e-05
  HOMO = -1.36393421059007  LUMO = -0.00950350053719859
Extra cycle  E= 1254.19232075376  delta_E= 6.48e-11  |g|= 1.26e-07  |ddm|= 1.16e-06
converged SCF energy = 1254.19232075376
Difference in energy:  -50.230778716338676
E(MP2) = 1254.17749294907  E_corr = -0.0148278046869878
Total energy =  -774.8703764667357
time elapsed:  31.930188417434692
