

******** <class 'pyscf.dft.rks.RKS'> ********
method = RKS-RHF
initial guess = minao
damping factor = 0
level_shift factor = 0
DIIS = <class 'pyscf.scf.diis.CDIIS'>
diis_start_cycle = 1
diis_space = 8
SCF conv_tol = 1e-09
SCF conv_tol_grad = 1e-05
SCF max_cycles = 1000
direct_scf = True
direct_scf_tol = 1e-13
chkfile to save SCF result = scf.fchk
max_memory 900000 MB (current use 79 MB)
XC library pyscf.dft.libxc version 5.1.7
    S. Lehtola, C. Steigemann, M. J. Oliveira, and M. A. Marques, SoftwareX 7, 1 (2018)
XC functionals = b3lyp
    P. A. M. Dirac, Math. Proc. Cambridge Philos. Soc. 26, 376 (1930)
    F. Bloch, Z. Phys. 57, 545 (1929)
    A. D. Becke, Phys. Rev. A 38, 3098 (1988)
    C. Lee, W. Yang, and R. G. Parr, Phys. Rev. B 37, 785 (1988)
    B. Miehlich, A. Savin, H. Stoll, and H. Preuss, Chem. Phys. Lett. 157, 200 (1989)
    S. H. Vosko, L. Wilk, and M. Nusair, Can. J. Phys. 58, 1200 (1980)
small_rho_cutoff = 1e-07
init E= -777.150215461179
  HOMO = -0.23100049509792  LUMO = -0.179208285347991
cycle= 1 E= -774.689739218726  delta_E= 2.46  |g|= 1.02  |ddm|=  6.2
  HOMO = -0.0546543057497028  LUMO = 0.000791994006532356
cycle= 2 E= -772.076359067217  delta_E= 2.61  |g|= 2.65  |ddm|= 3.32
  HOMO = -0.136049935863909  LUMO = -0.0630075634077567
cycle= 3 E= -774.679618946286  delta_E= -2.6  |g|= 0.859  |ddm|= 3.12
  HOMO = -0.172939081202444  LUMO = -0.105494665626377
cycle= 4 E= -774.940539346344  delta_E= -0.261  |g|= 0.196  |ddm|= 1.33
  HOMO = -0.183700771916328  LUMO = -0.103423385368063
cycle= 5 E= -774.934065083121  delta_E= 0.00647  |g|= 0.231  |ddm|= 0.526
  HOMO = -0.180787515048978  LUMO = -0.103384639854091
cycle= 6 E= -774.950513955143  delta_E= -0.0164  |g|= 0.07  |ddm|= 0.387
  HOMO = -0.181006507703114  LUMO = -0.101804365882537
cycle= 7 E= -774.9520297389  delta_E= -0.00152  |g|= 0.0242  |ddm|= 0.112
  HOMO = -0.180374450081802  LUMO = -0.100649109424614
cycle= 8 E= -774.95218011718  delta_E= -0.00015  |g|= 0.0107  |ddm|= 0.0398
  HOMO = -0.180852327592568  LUMO = -0.100822531995419
cycle= 9 E= -774.952216704307  delta_E= -3.66e-05  |g|= 0.00317  |ddm|= 0.0166
  HOMO = -0.180977344388999  LUMO = -0.100850023351399
cycle= 10 E= -774.952218817223  delta_E= -2.11e-06  |g|= 0.00169  |ddm|= 0.00501
  HOMO = -0.180998113377425  LUMO = -0.100824196500284
cycle= 11 E= -774.952219581348  delta_E= -7.64e-07  |g|= 0.000512  |ddm|= 0.00216
  HOMO = -0.180974610664714  LUMO = -0.100793126467255
cycle= 12 E= -774.952219638421  delta_E= -5.71e-08  |g|= 0.00017  |ddm|= 0.000628
  HOMO = -0.180987845611001  LUMO = -0.10080499236527
cycle= 13 E= -774.952219643183  delta_E= -4.76e-09  |g|= 0.000102  |ddm|= 0.000285
  HOMO = -0.180986591562228  LUMO = -0.100801689960604
cycle= 14 E= -774.95221964645  delta_E= -3.27e-09  |g|= 3.14e-05  |ddm|= 0.000164
  HOMO = -0.18098681194605  LUMO = -0.100801267462498
cycle= 15 E= -774.95221964666  delta_E= -2.1e-10  |g|= 9.36e-06  |ddm|= 3.96e-05
  HOMO = -0.180986895733136  LUMO = -0.100801123111942
Extra cycle  E= -774.952219646607  delta_E= 5.34e-11  |g|= 1.74e-05  |ddm|= 2.78e-05
converged SCF energy = -774.952219646607
AOs:  [0, 1, 2, 3, 4, 5, 6, 7, 8, 9, 10, 11, 12, 13, 14, 15, 16, 17, 18, 19, 20, 21, 22, 23, 24, 25, 26, 27, 28, 29, 30, 31, 32, 33, 34, 35, 36, 37, 38, 39, 40, 41, 42, 43, 44, 45, 46, 47, 48, 49, 50, 51, 52, 53, 54, 55, 56, 57, 58, 59, 60, 61, 62, 63]
64
Number of Active MOs:  20
Number of Environment MOs:  50
Number of Virtual MOs:  244
 # electrons:            α            β
         Env:  50.00000000  50.00000000
         Act:  20.00000000  20.00000000
         Vir:   0.00000000   0.00000000
Number of electrons in the active space:  40

 The density matrix is idempotent!

 The density matrix is idempotent!


******** <class 'pyscf.scf.hf.RHF'> ********
method = RHF
initial guess = minao
damping factor = 0
level_shift factor = 0
DIIS = <class 'pyscf.scf.diis.CDIIS'>
diis_start_cycle = 1
diis_space = 8
SCF conv_tol = 1e-09
SCF conv_tol_grad = 1e-05
SCF max_cycles = 200
direct_scf = True
direct_scf_tol = 1e-13
chkfile to save SCF result = subsys_scf.chk
max_memory 900000 MB (current use 10407 MB)
init E= 925.746524893511
  HOMO = -0.234511235278333  LUMO = 0.0251154630217499
cycle= 1 E= 925.71281236578  delta_E= -0.0337  |g|= 0.0683  |ddm|= 0.747
  HOMO = -0.244411434536884  LUMO = 0.0255390545557496
cycle= 2 E= 925.710142048047  delta_E= -0.00267  |g|= 0.0238  |ddm|= 0.156
  HOMO = -0.242207720124637  LUMO = 0.0321273518997095
cycle= 3 E= 925.709593842064  delta_E= -0.000548  |g|= 0.0106  |ddm|= 0.0601
  HOMO = -0.244644870202031  LUMO = 0.0330085884664397
cycle= 4 E= 925.709464873222  delta_E= -0.000129  |g|= 0.00393  |ddm|= 0.0334
  HOMO = -0.24488839094906  LUMO = 0.0337853481556176
cycle= 5 E= 925.709448185803  delta_E= -1.67e-05  |g|= 0.00187  |ddm|= 0.0107
  HOMO = -0.24524479714045  LUMO = 0.0339654465011478
cycle= 6 E= 925.709445235077  delta_E= -2.95e-06  |g|= 0.000388  |ddm|= 0.00587
  HOMO = -0.245261374020443  LUMO = 0.0339896545682748
cycle= 7 E= 925.709445114965  delta_E= -1.2e-07  |g|= 0.000197  |ddm|= 0.000993
  HOMO = -0.245279967506823  LUMO = 0.0339728108416055
cycle= 8 E= 925.709445079258  delta_E= -3.57e-08  |g|= 9.41e-05  |ddm|= 0.000567
  HOMO = -0.24527841970355  LUMO = 0.0339657563645304
cycle= 9 E= 925.709445066715  delta_E= -1.25e-08  |g|= 3.24e-05  |ddm|= 0.00046
  HOMO = -0.245274951428871  LUMO = 0.0339645363536435
cycle= 10 E= 925.70944506513  delta_E= -1.59e-09  |g|= 1.23e-05  |ddm|= 0.000184
  HOMO = -0.245275973988814  LUMO = 0.0339631022420364
cycle= 11 E= 925.709445064904  delta_E= -2.26e-10  |g|= 5.09e-06  |ddm|= 3.29e-05
  HOMO = -0.245275228441353  LUMO = 0.033963321112574
Extra cycle  E= 925.709445065301  delta_E= 3.97e-10  |g|= 2.4e-06  |ddm|= 1.17e-05
converged SCF energy = 925.709445065301
Difference in energy:  -853.7768183334659
E(MP2) = 924.990534465701  E_corr = -0.718910599599902
Total energy =  -774.3105514214335
time elapsed:  29.576619148254395
