

******** <class 'pyscf.dft.rks.RKS'> ********
method = RKS-RHF
initial guess = minao
damping factor = 0
level_shift factor = 0
DIIS = <class 'pyscf.scf.diis.CDIIS'>
diis_start_cycle = 1
diis_space = 8
SCF conv_tol = 1e-09
SCF conv_tol_grad = 1e-05
SCF max_cycles = 1000
direct_scf = True
direct_scf_tol = 1e-13
chkfile to save SCF result = scf.fchk
max_memory 900000 MB (current use 79 MB)
XC library pyscf.dft.libxc version 5.1.7
    S. Lehtola, C. Steigemann, M. J. Oliveira, and M. A. Marques, SoftwareX 7, 1 (2018)
XC functionals = b3lyp
    P. A. M. Dirac, Math. Proc. Cambridge Philos. Soc. 26, 376 (1930)
    F. Bloch, Z. Phys. 57, 545 (1929)
    A. D. Becke, Phys. Rev. A 38, 3098 (1988)
    C. Lee, W. Yang, and R. G. Parr, Phys. Rev. B 37, 785 (1988)
    B. Miehlich, A. Savin, H. Stoll, and H. Preuss, Chem. Phys. Lett. 157, 200 (1989)
    S. H. Vosko, L. Wilk, and M. Nusair, Can. J. Phys. 58, 1200 (1980)
small_rho_cutoff = 1e-07
init E= -777.150622911687
  HOMO = -0.235620154936089  LUMO = -0.175002491685829
cycle= 1 E= -774.711260888912  delta_E= 2.44  |g|= 1.02  |ddm|= 6.19
  HOMO = -0.0528633102096808  LUMO = 0.00334358104875965
cycle= 2 E= -772.172189629432  delta_E= 2.54  |g|= 2.62  |ddm|= 3.26
  HOMO = -0.140369850520303  LUMO = -0.0648941791514821
cycle= 3 E= -774.680459751532  delta_E= -2.51  |g|= 0.88  |ddm|= 3.05
  HOMO = -0.178505217367358  LUMO = -0.098476683790575
cycle= 4 E= -774.957864842916  delta_E= -0.277  |g|= 0.178  |ddm|= 1.32
  HOMO = -0.188921219073123  LUMO = -0.0988682505180639
cycle= 5 E= -774.953188510089  delta_E= 0.00468  |g|= 0.205  |ddm|= 0.455
  HOMO = -0.187034293994245  LUMO = -0.097602297971078
cycle= 6 E= -774.966246388873  delta_E= -0.0131  |g|= 0.0568  |ddm|= 0.318
  HOMO = -0.186494619516601  LUMO = -0.095702545243894
cycle= 7 E= -774.967167498486  delta_E= -0.000921  |g|= 0.0187  |ddm|= 0.0825
  HOMO = -0.186137755719667  LUMO = -0.0949582534205974
cycle= 8 E= -774.96724726737  delta_E= -7.98e-05  |g|= 0.00916  |ddm|= 0.0308
  HOMO = -0.186434223461776  LUMO = -0.0951365461892833
cycle= 9 E= -774.967273486238  delta_E= -2.62e-05  |g|= 0.00237  |ddm|= 0.0135
  HOMO = -0.186522975546528  LUMO = -0.0951539339011795
cycle= 10 E= -774.967274566176  delta_E= -1.08e-06  |g|= 0.00147  |ddm|= 0.00397
  HOMO = -0.186534376413726  LUMO = -0.0951325950324299
cycle= 11 E= -774.967275141782  delta_E= -5.76e-07  |g|= 0.000412  |ddm|= 0.00184
  HOMO = -0.186513350080952  LUMO = -0.0951008476531513
cycle= 12 E= -774.967275176622  delta_E= -3.48e-08  |g|= 0.000166  |ddm|= 0.000519
  HOMO = -0.186530124683021  LUMO = -0.0951153969956204
cycle= 13 E= -774.96727518015  delta_E= -3.53e-09  |g|= 0.000127  |ddm|= 0.000333
  HOMO = -0.186527449933133  LUMO = -0.095111960239244
cycle= 14 E= -774.967275184747  delta_E= -4.6e-09  |g|= 2.31e-05  |ddm|= 0.000171
  HOMO = -0.186527104911842  LUMO = -0.0951108760216003
cycle= 15 E= -774.96727518485  delta_E= -1.03e-10  |g|= 1.12e-05  |ddm|= 3.84e-05
  HOMO = -0.186527420577512  LUMO = -0.0951113648575466
cycle= 16 E= -774.967275184878  delta_E= -2.77e-11  |g|= 7.02e-06  |ddm|= 2.19e-05
  HOMO = -0.186527602065437  LUMO = -0.095111191665326
Extra cycle  E= -774.967275184814  delta_E= 6.39e-11  |g|= 1.55e-05  |ddm|= 2.81e-05
converged SCF energy = -774.967275184814
AOs:  [0, 1, 2, 3, 4, 5, 6, 7, 8, 9, 10, 11, 12, 13, 14, 15, 16, 17, 18, 19, 20, 21, 22, 23, 24, 25, 26, 27, 28, 29, 30, 31, 32, 33, 34, 35, 36, 37, 38, 39, 40, 41, 42, 43, 44, 45, 46, 47, 48, 49, 50, 51, 52, 53, 54, 55, 56, 57, 58, 59, 60, 61, 62, 63]
64
Number of Active MOs:  2
Number of Environment MOs:  68
Number of Virtual MOs:  244
 # electrons:            α            β
         Env:  68.00000000  68.00000000
         Act:   2.00000000   2.00000000
         Vir:   0.00000000   0.00000000
Number of electrons in the active space:  4

 The density matrix is idempotent!

 The density matrix is idempotent!


******** <class 'pyscf.scf.hf.RHF'> ********
method = RHF
initial guess = minao
damping factor = 0
level_shift factor = 0
DIIS = <class 'pyscf.scf.diis.CDIIS'>
diis_start_cycle = 1
diis_space = 8
SCF conv_tol = 1e-09
SCF conv_tol_grad = 1e-05
SCF max_cycles = 200
direct_scf = True
direct_scf_tol = 1e-13
chkfile to save SCF result = subsys_scf.chk
max_memory 900000 MB (current use 10677 MB)
init E= 1251.49704553262
  HOMO = -1.36729102129973  LUMO = 0.00126500567459784
cycle= 1 E= 1251.49642268543  delta_E= -0.000623  |g|= 0.00754  |ddm|= 0.0445
  HOMO = -1.36803577617241  LUMO = 0.00108053257480305
cycle= 2 E= 1251.49640831448  delta_E= -1.44e-05  |g|= 0.00117  |ddm|= 0.00606
  HOMO = -1.36816587089601  LUMO = 0.00104902061609361
cycle= 3 E= 1251.49640794996  delta_E= -3.65e-07  |g|= 2.55e-05  |ddm|= 0.00107
  HOMO = -1.36816331708195  LUMO = 0.0010498731987526
cycle= 4 E= 1251.4964079496  delta_E= -3.64e-10  |g|= 8.08e-07  |ddm|= 2.68e-05
  HOMO = -1.36816323181279  LUMO = 0.00104989913356665
Extra cycle  E= 1251.4964079494  delta_E= -1.96e-10  |g|= 1.28e-07  |ddm|= 1.22e-06
converged SCF energy = 1251.4964079494
Difference in energy:  -50.19231277490318
E(MP2) = 1251.48159252278  E_corr = -0.0148154266177076
Total energy =  -774.9021041366743
time elapsed:  33.26545524597168
