

******** <class 'pyscf.dft.rks.RKS'> ********
method = RKS-RHF
initial guess = minao
damping factor = 0
level_shift factor = 0
DIIS = <class 'pyscf.scf.diis.CDIIS'>
diis_start_cycle = 1
diis_space = 8
SCF conv_tol = 1e-09
SCF conv_tol_grad = 1e-05
SCF max_cycles = 1000
direct_scf = True
direct_scf_tol = 1e-13
chkfile to save SCF result = scf.fchk
max_memory 900000 MB (current use 79 MB)
XC library pyscf.dft.libxc version 5.1.7
    S. Lehtola, C. Steigemann, M. J. Oliveira, and M. A. Marques, SoftwareX 7, 1 (2018)
XC functionals = b3lyp
    P. A. M. Dirac, Math. Proc. Cambridge Philos. Soc. 26, 376 (1930)
    F. Bloch, Z. Phys. 57, 545 (1929)
    A. D. Becke, Phys. Rev. A 38, 3098 (1988)
    C. Lee, W. Yang, and R. G. Parr, Phys. Rev. B 37, 785 (1988)
    B. Miehlich, A. Savin, H. Stoll, and H. Preuss, Chem. Phys. Lett. 157, 200 (1989)
    S. H. Vosko, L. Wilk, and M. Nusair, Can. J. Phys. 58, 1200 (1980)
small_rho_cutoff = 1e-07
init E= -777.151171026702
  HOMO = -0.239107326178195  LUMO = -0.17163249080318
cycle= 1 E= -774.727078515622  delta_E= 2.42  |g|= 1.02  |ddm|= 6.19
  HOMO = -0.0483233353327089  LUMO = -0.00762879346620828
cycle= 2 E= -772.234547116037  delta_E= 2.49  |g|=  2.6  |ddm|= 3.23
  HOMO = -0.141540396359318  LUMO = -0.0681873269172922
cycle= 3 E= -774.686838949269  delta_E= -2.45  |g|= 0.889  |ddm|=    3
  HOMO = -0.182805531838914  LUMO = -0.0933486775619999
cycle= 4 E= -774.971884902759  delta_E= -0.285  |g|= 0.168  |ddm|= 1.31
  HOMO = -0.192572543988305  LUMO = -0.0954145858220497
cycle= 5 E= -774.968402724478  delta_E= 0.00348  |g|= 0.188  |ddm|= 0.415
  HOMO = -0.191420331471493  LUMO = -0.0931536414270402
cycle= 6 E= -774.979485736854  delta_E= -0.0111  |g|= 0.0498  |ddm|= 0.28
  HOMO = -0.190450155175628  LUMO = -0.0910756369809708
cycle= 7 E= -774.980168823981  delta_E= -0.000683  |g|= 0.0151  |ddm|= 0.0665
  HOMO = -0.190274547493929  LUMO = -0.0905920139101896
cycle= 8 E= -774.980214864196  delta_E= -4.6e-05  |g|= 0.00804  |ddm|= 0.0245
  HOMO = -0.190454050088865  LUMO = -0.0907711162966982
cycle= 9 E= -774.980234580687  delta_E= -1.97e-05  |g|= 0.00196  |ddm|= 0.0114
  HOMO = -0.19052744104212  LUMO = -0.0907809183115121
cycle= 10 E= -774.980235315513  delta_E= -7.35e-07  |g|= 0.00125  |ddm|= 0.00329
  HOMO = -0.190527660531837  LUMO = -0.090759998056938
cycle= 11 E= -774.980235728999  delta_E= -4.13e-07  |g|= 0.000332  |ddm|= 0.00155
  HOMO = -0.190508344545637  LUMO = -0.0907317814101792
cycle= 12 E= -774.980235750889  delta_E= -2.19e-08  |g|= 0.000159  |ddm|= 0.000461
  HOMO = -0.190525041471649  LUMO = -0.0907448334341519
cycle= 13 E= -774.9802357558  delta_E= -4.91e-09  |g|= 9.85e-05  |ddm|= 0.000288
  HOMO = -0.19052291362422  LUMO = -0.0907428083853151
cycle= 14 E= -774.980235758427  delta_E= -2.63e-09  |g|= 1.47e-05  |ddm|= 0.000125
  HOMO = -0.190522172526522  LUMO = -0.0907416512873843
cycle= 15 E= -774.980235758458  delta_E= -3.05e-11  |g|= 1.02e-05  |ddm|= 3.03e-05
  HOMO = -0.19052263467426  LUMO = -0.0907422390982921
cycle= 16 E= -774.980235758487  delta_E= -2.91e-11  |g|= 4.84e-06  |ddm|= 1.79e-05
  HOMO = -0.190522620863446  LUMO = -0.0907419809699451
Extra cycle  E= -774.980235758465  delta_E= 2.18e-11  |g|= 9.64e-06  |ddm|= 1.68e-05
converged SCF energy = -774.980235758465
AOs:  [0, 1, 2, 3, 4, 5, 6, 7, 8, 9, 10, 11, 12, 13, 14, 15, 16, 17, 18, 19, 20, 21, 22, 23, 24, 25, 26, 27, 28, 29, 30, 31, 32, 33, 34, 35, 36, 37, 38, 39, 40, 41, 42, 43, 44, 45, 46, 47, 48, 49, 50, 51, 52, 53, 54, 55, 56, 57, 58, 59, 60, 61, 62, 63]
64
Number of Active MOs:  2
Number of Environment MOs:  68
Number of Virtual MOs:  244
 # electrons:            α            β
         Env:  68.00000000  68.00000000
         Act:   2.00000000   2.00000000
         Vir:  -0.00000000  -0.00000000
Number of electrons in the active space:  4

 The density matrix is idempotent!

 The density matrix is idempotent!


******** <class 'pyscf.scf.hf.RHF'> ********
method = RHF
initial guess = minao
damping factor = 0
level_shift factor = 0
DIIS = <class 'pyscf.scf.diis.CDIIS'>
diis_start_cycle = 1
diis_space = 8
SCF conv_tol = 1e-09
SCF conv_tol_grad = 1e-05
SCF max_cycles = 200
direct_scf = True
direct_scf_tol = 1e-13
chkfile to save SCF result = subsys_scf.chk
max_memory 900000 MB (current use 10412 MB)
init E= 1250.46829757983
  HOMO = -1.36846525981388  LUMO = 0.0044532127292492
cycle= 1 E= 1250.46767453791  delta_E= -0.000623  |g|= 0.00754  |ddm|= 0.0453
  HOMO = -1.36920935391709  LUMO = 0.00428333841781322
cycle= 2 E= 1250.46766016242  delta_E= -1.44e-05  |g|= 0.00117  |ddm|= 0.00612
  HOMO = -1.36933932742077  LUMO = 0.00425440820799452
cycle= 3 E= 1250.46765979716  delta_E= -3.65e-07  |g|= 2.56e-05  |ddm|= 0.00108
  HOMO = -1.36933677028193  LUMO = 0.00425521141829911
cycle= 4 E= 1250.46765979676  delta_E= -3.99e-10  |g|= 8.07e-07  |ddm|= 2.71e-05
  HOMO = -1.3693366840778  LUMO = 0.00425523659791955
Extra cycle  E= 1250.46765979699  delta_E= 2.29e-10  |g|= 1.27e-07  |ddm|= 1.24e-06
converged SCF energy = 1250.46765979699
Difference in energy:  -50.19900085514006
E(MP2) = 1250.45284868488  E_corr = -0.0148111121081189
Total energy =  -774.9150497376904
time elapsed:  31.064186334609985
