

******** <class 'pyscf.dft.rks.RKS'> ********
method = RKS-RHF
initial guess = minao
damping factor = 0
level_shift factor = 0
DIIS = <class 'pyscf.scf.diis.CDIIS'>
diis_start_cycle = 1
diis_space = 8
SCF conv_tol = 1e-09
SCF conv_tol_grad = 1e-05
SCF max_cycles = 1000
direct_scf = True
direct_scf_tol = 1e-13
chkfile to save SCF result = scf.fchk
max_memory 900000 MB (current use 79 MB)
XC library pyscf.dft.libxc version 5.1.7
    S. Lehtola, C. Steigemann, M. J. Oliveira, and M. A. Marques, SoftwareX 7, 1 (2018)
XC functionals = b3lyp
    P. A. M. Dirac, Math. Proc. Cambridge Philos. Soc. 26, 376 (1930)
    F. Bloch, Z. Phys. 57, 545 (1929)
    A. D. Becke, Phys. Rev. A 38, 3098 (1988)
    C. Lee, W. Yang, and R. G. Parr, Phys. Rev. B 37, 785 (1988)
    B. Miehlich, A. Savin, H. Stoll, and H. Preuss, Chem. Phys. Lett. 157, 200 (1989)
    S. H. Vosko, L. Wilk, and M. Nusair, Can. J. Phys. 58, 1200 (1980)
small_rho_cutoff = 1e-07
init E= -777.152357930539
  HOMO = -0.242952345707842  LUMO = -0.167455016785144
cycle= 1 E= -774.747068187469  delta_E= 2.41  |g|= 1.01  |ddm|= 6.19
  HOMO = -0.0409739179276902  LUMO = -0.0192579275442276
cycle= 2 E= -772.310637382692  delta_E= 2.44  |g|= 2.59  |ddm|= 3.19
  HOMO = -0.141032688419473  LUMO = -0.0733166327085924
cycle= 3 E= -774.701559209986  delta_E= -2.39  |g|= 0.895  |ddm|= 2.94
  HOMO = -0.187876093482766  LUMO = -0.0874032650854207
cycle= 4 E= -774.990878580358  delta_E= -0.289  |g|= 0.159  |ddm|=  1.3
  HOMO = -0.196136450916244  LUMO = -0.0913236972910162
cycle= 5 E= -774.988515929676  delta_E= 0.00236  |g|= 0.173  |ddm|= 0.382
  HOMO = -0.196119044033384  LUMO = -0.0878263145149206
cycle= 6 E= -774.997820584388  delta_E= -0.0093  |g|= 0.0439  |ddm|= 0.245
  HOMO = -0.194838322036037  LUMO = -0.0855993783826045
cycle= 7 E= -774.998332465716  delta_E= -0.000512  |g|= 0.0119  |ddm|= 0.0535
  HOMO = -0.194769918515212  LUMO = -0.0853816255955597
cycle= 8 E= -774.998358136698  delta_E= -2.57e-05  |g|= 0.00671  |ddm|= 0.0188
  HOMO = -0.194838106442535  LUMO = -0.0855394623817904
cycle= 9 E= -774.99837123767  delta_E= -1.31e-05  |g|= 0.00172  |ddm|= 0.0091
  HOMO = -0.194902290813634  LUMO = -0.0855429585307358
cycle= 10 E= -774.998371866785  delta_E= -6.29e-07  |g|= 0.000949  |ddm|= 0.00265
  HOMO = -0.194891888064093  LUMO = -0.0855218836618468
cycle= 11 E= -774.998372100372  delta_E= -2.34e-07  |g|= 0.000272  |ddm|= 0.0012
  HOMO = -0.194875298810534  LUMO = -0.085499660052693
cycle= 12 E= -774.998372115515  delta_E= -1.51e-08  |g|= 0.000135  |ddm|= 0.000409
  HOMO = -0.194890810945684  LUMO = -0.085510728943173
cycle= 13 E= -774.998372119969  delta_E= -4.45e-09  |g|= 6.37e-05  |ddm|= 0.00022
  HOMO = -0.194888840660673  LUMO = -0.0855093262985633
cycle= 14 E= -774.998372121005  delta_E= -1.04e-09  |g|= 1.28e-05  |ddm|= 7.79e-05
  HOMO = -0.194888162724476  LUMO = -0.0855085430086081
cycle= 15 E= -774.998372121028  delta_E= -2.32e-11  |g|= 9.03e-06  |ddm|= 2.46e-05
  HOMO = -0.194888953427572  LUMO = -0.0855091131328309
Extra cycle  E= -774.998372120936  delta_E= 9.25e-11  |g|= 1.98e-05  |ddm|= 3.44e-05
converged SCF energy = -774.998372120936
AOs:  [0, 1, 2, 3, 4, 5, 6, 7, 8, 9, 10, 11, 12, 13, 14, 15, 16, 17, 18, 19, 20, 21, 22, 23, 24, 25, 26, 27, 28, 29, 30, 31, 32, 33, 34, 35, 36, 37, 38, 39, 40, 41, 42, 43, 44, 45, 46, 47, 48, 49, 50, 51, 52, 53, 54, 55, 56, 57, 58, 59, 60, 61, 62, 63]
64
Number of Active MOs:  20
Number of Environment MOs:  50
Number of Virtual MOs:  244
 # electrons:            α            β
         Env:  50.00000000  50.00000000
         Act:  20.00000000  20.00000000
         Vir:  -0.00000000  -0.00000000
Number of electrons in the active space:  40

 The density matrix is idempotent!

 The density matrix is idempotent!


******** <class 'pyscf.scf.hf.RHF'> ********
method = RHF
initial guess = minao
damping factor = 0
level_shift factor = 0
DIIS = <class 'pyscf.scf.diis.CDIIS'>
diis_start_cycle = 1
diis_space = 8
SCF conv_tol = 1e-09
SCF conv_tol_grad = 1e-05
SCF max_cycles = 200
direct_scf = True
direct_scf_tol = 1e-13
chkfile to save SCF result = subsys_scf.chk
max_memory 900000 MB (current use 10409 MB)
init E= 922.336668340122
  HOMO = -0.26679256232048  LUMO = 0.0456157087899931
cycle= 1 E= 922.304071664849  delta_E= -0.0326  |g|= 0.066  |ddm|= 0.788
  HOMO = -0.276964139810354  LUMO = 0.0454828075629935
cycle= 2 E= 922.301864465719  delta_E= -0.00221  |g|= 0.0213  |ddm|= 0.144
  HOMO = -0.273906717900422  LUMO = 0.0510306112429628
cycle= 3 E= 922.301511657038  delta_E= -0.000353  |g|= 0.00818  |ddm|= 0.0469
  HOMO = -0.276172670958583  LUMO = 0.0513914774404526
cycle= 4 E= 922.301453059936  delta_E= -5.86e-05  |g|= 0.00314  |ddm|= 0.0201
  HOMO = -0.276154049325348  LUMO = 0.0518374775488894
cycle= 5 E= 922.301446771552  delta_E= -6.29e-06  |g|= 0.00111  |ddm|= 0.00563
  HOMO = -0.276387956911201  LUMO = 0.0519763773611384
cycle= 6 E= 922.30144567308  delta_E= -1.1e-06  |g|= 0.000203  |ddm|= 0.00319
  HOMO = -0.276402530575969  LUMO = 0.0519873737730152
cycle= 7 E= 922.301445650413  delta_E= -2.27e-08  |g|= 6.27e-05  |ddm|= 0.000431
  HOMO = -0.27641172322682  LUMO = 0.0519823574313727
cycle= 8 E= 922.301445647344  delta_E= -3.07e-09  |g|= 3.18e-05  |ddm|= 0.000128
  HOMO = -0.27641139354712  LUMO = 0.0519810176391265
cycle= 9 E= 922.301445646716  delta_E= -6.28e-10  |g|= 9.96e-06  |ddm|= 8.58e-05
  HOMO = -0.276411068375988  LUMO = 0.0519806987593174
Extra cycle  E= 922.301445646541  delta_E= -1.75e-10  |g|= 5.61e-06  |ddm|= 2.15e-05
converged SCF energy = 922.301445646541
Difference in energy:  -844.9143545698156
E(MP2) = 921.589979666229  E_corr = -0.71146598031287
Total energy =  -774.363382499633
time elapsed:  30.191033601760864
