

******** <class 'pyscf.dft.rks.RKS'> ********
method = RKS-RHF
initial guess = minao
damping factor = 0
level_shift factor = 0
DIIS = <class 'pyscf.scf.diis.CDIIS'>
diis_start_cycle = 1
diis_space = 8
SCF conv_tol = 1e-09
SCF conv_tol_grad = 1e-05
SCF max_cycles = 1000
direct_scf = True
direct_scf_tol = 1e-13
chkfile to save SCF result = scf.fchk
max_memory 900000 MB (current use 79 MB)
XC library pyscf.dft.libxc version 5.1.7
    S. Lehtola, C. Steigemann, M. J. Oliveira, and M. A. Marques, SoftwareX 7, 1 (2018)
XC functionals = b3lyp
    P. A. M. Dirac, Math. Proc. Cambridge Philos. Soc. 26, 376 (1930)
    F. Bloch, Z. Phys. 57, 545 (1929)
    A. D. Becke, Phys. Rev. A 38, 3098 (1988)
    C. Lee, W. Yang, and R. G. Parr, Phys. Rev. B 37, 785 (1988)
    B. Miehlich, A. Savin, H. Stoll, and H. Preuss, Chem. Phys. Lett. 157, 200 (1989)
    S. H. Vosko, L. Wilk, and M. Nusair, Can. J. Phys. 58, 1200 (1980)
small_rho_cutoff = 1e-07
init E= -777.152758053311
  HOMO = -0.243732442452872  LUMO = -0.166488665348251
cycle= 1 E= -774.751965134575  delta_E=  2.4  |g|= 1.01  |ddm|= 6.19
  HOMO = -0.0391536738208983  LUMO = -0.0216668400081348
cycle= 2 E= -772.328310129055  delta_E= 2.42  |g|= 2.58  |ddm|= 3.18
  HOMO = -0.140736054012889  LUMO = -0.0745543016209177
cycle= 3 E= -774.705882504869  delta_E= -2.38  |g|= 0.895  |ddm|= 2.92
  HOMO = -0.188985272154983  LUMO = -0.0860827464642419
cycle= 4 E= -774.995690826978  delta_E= -0.29  |g|= 0.158  |ddm|=  1.3
  HOMO = -0.196772830154891  LUMO = -0.0904146903360937
cycle= 5 E= -774.99353411203  delta_E= 0.00216  |g|= 0.17  |ddm|= 0.376
  HOMO = -0.197075882003021  LUMO = -0.0866312866579361
cycle= 6 E= -775.002518195131  delta_E= -0.00898  |g|= 0.0429  |ddm|= 0.239
  HOMO = -0.195758444935445  LUMO = -0.0843773291917504
cycle= 7 E= -775.00300247102  delta_E= -0.000484  |g|= 0.0114  |ddm|= 0.0513
  HOMO = -0.195691242425235  LUMO = -0.0842103096740159
cycle= 8 E= -775.003025557404  delta_E= -2.31e-05  |g|= 0.00648  |ddm|= 0.0179
  HOMO = -0.19574125616849  LUMO = -0.0843604829801621
cycle= 9 E= -775.003037590209  delta_E= -1.2e-05  |g|= 0.0017  |ddm|= 0.0087
  HOMO = -0.195803802324834  LUMO = -0.0843636912994595
cycle= 10 E= -775.003038218291  delta_E= -6.28e-07  |g|= 0.000897  |ddm|= 0.00255
  HOMO = -0.195791892426223  LUMO = -0.0843425796075115
cycle= 11 E= -775.003038424986  delta_E= -2.07e-07  |g|= 0.000262  |ddm|= 0.00113
  HOMO = -0.195775739862108  LUMO = -0.0843216554628104
cycle= 12 E= -775.003038439146  delta_E= -1.42e-08  |g|= 0.00013  |ddm|= 0.000399
  HOMO = -0.195791029578995  LUMO = -0.08433235214421
cycle= 13 E= -775.003038443404  delta_E= -4.26e-09  |g|= 5.73e-05  |ddm|= 0.000208
  HOMO = -0.195788986951891  LUMO = -0.084330933175789
cycle= 14 E= -775.003038444237  delta_E= -8.32e-10  |g|= 1.23e-05  |ddm|= 7.02e-05
  HOMO = -0.195788396299216  LUMO = -0.0843302756608284
cycle= 15 E= -775.003038444257  delta_E= -2.05e-11  |g|= 8.4e-06  |ddm|= 2.28e-05
  HOMO = -0.195789112650959  LUMO = -0.0843307501653365
Extra cycle  E= -775.003038444178  delta_E= 7.89e-11  |g|= 1.82e-05  |ddm|= 3.12e-05
converged SCF energy = -775.003038444178
AOs:  [0, 1, 2, 3, 4, 5, 6, 7, 8, 9, 10, 11, 12, 13, 14, 15, 16, 17, 18, 19, 20, 21, 22, 23, 24, 25, 26, 27, 28, 29, 30, 31, 32, 33, 34, 35, 36, 37, 38, 39, 40, 41, 42, 43, 44, 45, 46, 47, 48, 49, 50, 51, 52, 53, 54, 55, 56, 57, 58, 59, 60, 61, 62, 63]
64
Number of Active MOs:  20
Number of Environment MOs:  50
Number of Virtual MOs:  244
 # electrons:            α            β
         Env:  50.00000000  50.00000000
         Act:  20.00000000  20.00000000
         Vir:   0.00000000   0.00000000
Number of electrons in the active space:  40

 The density matrix is idempotent!

 The density matrix is idempotent!


******** <class 'pyscf.scf.hf.RHF'> ********
method = RHF
initial guess = minao
damping factor = 0
level_shift factor = 0
DIIS = <class 'pyscf.scf.diis.CDIIS'>
diis_start_cycle = 1
diis_space = 8
SCF conv_tol = 1e-09
SCF conv_tol_grad = 1e-05
SCF max_cycles = 200
direct_scf = True
direct_scf_tol = 1e-13
chkfile to save SCF result = subsys_scf.chk
max_memory 900000 MB (current use 10601 MB)
init E= 922.03533705411
  HOMO = -0.269612810575969  LUMO = 0.0472783226900469
cycle= 1 E= 922.002787170039  delta_E= -0.0325  |g|= 0.0658  |ddm|=  0.8
  HOMO = -0.279764870085338  LUMO = 0.0470956831683013
cycle= 2 E= 922.000612955487  delta_E= -0.00217  |g|= 0.0211  |ddm|= 0.143
  HOMO = -0.276664338171379  LUMO = 0.0525127451861286
cycle= 3 E= 922.000273084597  delta_E= -0.00034  |g|= 0.00804  |ddm|= 0.046
  HOMO = -0.278887479017157  LUMO = 0.052846614333042
cycle= 4 E= 922.000218208537  delta_E= -5.49e-05  |g|= 0.00308  |ddm|= 0.0193
  HOMO = -0.278868319092745  LUMO = 0.0532637303875755
cycle= 5 E= 922.000212388612  delta_E= -5.82e-06  |g|= 0.00106  |ddm|= 0.00536
  HOMO = -0.279088147439799  LUMO = 0.0533982542187188
cycle= 6 E= 922.000211385037  delta_E= -1e-06  |g|= 0.000194  |ddm|= 0.00301
  HOMO = -0.279103228475978  LUMO = 0.0534079556362381
cycle= 7 E= 922.00021136481  delta_E= -2.02e-08  |g|= 5.94e-05  |ddm|= 0.000404
  HOMO = -0.279111482932115  LUMO = 0.0534036103983776
cycle= 8 E= 922.000211362295  delta_E= -2.52e-09  |g|= 3.03e-05  |ddm|= 0.000118
  HOMO = -0.279111320861839  LUMO = 0.0534022762120949
cycle= 9 E= 922.00021136137  delta_E= -9.25e-10  |g|= 9.84e-06  |ddm|= 7.85e-05
  HOMO = -0.27911094963397  LUMO = 0.0534019984324719
Extra cycle  E= 922.000211361224  delta_E= -1.46e-10  |g|= 5.48e-06  |ddm|= 2.04e-05
converged SCF energy = 922.000211361224
Difference in energy:  -844.139125270371
E(MP2) = 921.289548891156  E_corr = -0.71066247006771
Total energy =  -774.3684807181212
time elapsed:  31.899812936782837
