

******** <class 'pyscf.dft.rks.RKS'> ********
method = RKS-RHF
initial guess = minao
damping factor = 0
level_shift factor = 0
DIIS = <class 'pyscf.scf.diis.CDIIS'>
diis_start_cycle = 1
diis_space = 8
SCF conv_tol = 1e-09
SCF conv_tol_grad = 1e-05
SCF max_cycles = 1000
direct_scf = True
direct_scf_tol = 1e-13
chkfile to save SCF result = scf.fchk
max_memory 900000 MB (current use 79 MB)
XC library pyscf.dft.libxc version 5.1.7
    S. Lehtola, C. Steigemann, M. J. Oliveira, and M. A. Marques, SoftwareX 7, 1 (2018)
XC functionals = b3lyp
    P. A. M. Dirac, Math. Proc. Cambridge Philos. Soc. 26, 376 (1930)
    F. Bloch, Z. Phys. 57, 545 (1929)
    A. D. Becke, Phys. Rev. A 38, 3098 (1988)
    C. Lee, W. Yang, and R. G. Parr, Phys. Rev. B 37, 785 (1988)
    B. Miehlich, A. Savin, H. Stoll, and H. Preuss, Chem. Phys. Lett. 157, 200 (1989)
    S. H. Vosko, L. Wilk, and M. Nusair, Can. J. Phys. 58, 1200 (1980)
small_rho_cutoff = 1e-07
init E= -777.152904394393
  HOMO = -0.243958939291692  LUMO = -0.166169698233331
cycle= 1 E= -774.753601455826  delta_E=  2.4  |g|= 1.01  |ddm|= 6.19
  HOMO = -0.0385537714761687  LUMO = -0.0224387948780207
cycle= 2 E= -772.333919036709  delta_E= 2.42  |g|= 2.58  |ddm|= 3.18
  HOMO = -0.140615165757771  LUMO = -0.0749598052198623
cycle= 3 E= -774.707325750144  delta_E= -2.37  |g|= 0.896  |ddm|= 2.92
  HOMO = -0.189331432719845  LUMO = -0.0856506822594011
cycle= 4 E= -774.997313593575  delta_E= -0.29  |g|= 0.157  |ddm|=  1.3
  HOMO = -0.196953941257678  LUMO = -0.0901246794172189
cycle= 5 E= -774.995219018069  delta_E= 0.00209  |g|= 0.169  |ddm|= 0.374
  HOMO = -0.19736899965966  LUMO = -0.0862444359432237
cycle= 6 E= -775.004104569629  delta_E= -0.00889  |g|= 0.0426  |ddm|= 0.236
  HOMO = -0.196042531034736  LUMO = -0.083981235681142
cycle= 7 E= -775.004580908392  delta_E= -0.000476  |g|= 0.0113  |ddm|= 0.0506
  HOMO = -0.195973158080588  LUMO = -0.0838296815112341
cycle= 8 E= -775.004603246877  delta_E= -2.23e-05  |g|= 0.00641  |ddm|= 0.0177
  HOMO = -0.196017769588446  LUMO = -0.0839771169058512
cycle= 9 E= -775.00461497887  delta_E= -1.17e-05  |g|= 0.00169  |ddm|= 0.00859
  HOMO = -0.196079744538378  LUMO = -0.0839803446157232
cycle= 10 E= -775.004615607707  delta_E= -6.29e-07  |g|= 0.000881  |ddm|= 0.00253
  HOMO = -0.19606739046082  LUMO = -0.0839592348544504
cycle= 11 E= -775.004615806802  delta_E= -1.99e-07  |g|= 0.000259  |ddm|= 0.00111
  HOMO = -0.196051353477328  LUMO = -0.0839387232371296
cycle= 12 E= -775.004615820654  delta_E= -1.39e-08  |g|= 0.000128  |ddm|= 0.000396
  HOMO = -0.196066569645948  LUMO = -0.08394929991924
cycle= 13 E= -775.004615824864  delta_E= -4.21e-09  |g|= 5.52e-05  |ddm|= 0.000204
  HOMO = -0.19606450406526  LUMO = -0.0839478715055675
cycle= 14 E= -775.004615825629  delta_E= -7.65e-10  |g|= 1.21e-05  |ddm|= 6.77e-05
  HOMO = -0.196063947028352  LUMO = -0.0839472565007445
cycle= 15 E= -775.004615825653  delta_E= -2.41e-11  |g|= 8.18e-06  |ddm|= 2.21e-05
  HOMO = -0.196064639737923  LUMO = -0.083947702115418
Extra cycle  E= -775.00461582558  delta_E= 7.3e-11  |g|= 1.77e-05  |ddm|= 3.02e-05
converged SCF energy = -775.00461582558
AOs:  [0, 1, 2, 3, 4, 5, 6, 7, 8, 9, 10, 11, 12, 13, 14, 15, 16, 17, 18, 19, 20, 21, 22, 23, 24, 25, 26, 27, 28, 29, 30, 31, 32, 33, 34, 35, 36, 37, 38, 39, 40, 41, 42, 43, 44, 45, 46, 47, 48, 49, 50, 51, 52, 53, 54, 55, 56, 57, 58, 59, 60, 61, 62, 63]
64
Number of Active MOs:  2
Number of Environment MOs:  68
Number of Virtual MOs:  244
 # electrons:            α            β
         Env:  68.00000000  68.00000000
         Act:   2.00000000   2.00000000
         Vir:  -0.00000000  -0.00000000
Number of electrons in the active space:  4

 The density matrix is idempotent!

 The density matrix is idempotent!


******** <class 'pyscf.scf.hf.RHF'> ********
method = RHF
initial guess = minao
damping factor = 0
level_shift factor = 0
DIIS = <class 'pyscf.scf.diis.CDIIS'>
diis_start_cycle = 1
diis_space = 8
SCF conv_tol = 1e-09
SCF conv_tol_grad = 1e-05
SCF max_cycles = 200
direct_scf = True
direct_scf_tol = 1e-13
chkfile to save SCF result = subsys_scf.chk
max_memory 900000 MB (current use 10589 MB)
init E= 1248.70432032641
  HOMO = -1.36861419234781  LUMO = 0.0080112099055213
cycle= 1 E= 1248.70369408636  delta_E= -0.000626  |g|= 0.00756  |ddm|= 0.0482
  HOMO = -1.36935930755463  LUMO = 0.00786644771389047
cycle= 2 E= 1248.70367965871  delta_E= -1.44e-05  |g|= 0.00117  |ddm|= 0.0063
  HOMO = -1.36948927270892  LUMO = 0.00784191230285202
cycle= 3 E= 1248.7036792912  delta_E= -3.68e-07  |g|= 2.56e-05  |ddm|= 0.00111
  HOMO = -1.36948670772233  LUMO = 0.00784261483331139
cycle= 4 E= 1248.70367929125  delta_E= 4.32e-11  |g|= 8.18e-07  |ddm|= 2.84e-05
  HOMO = -1.36948661724473  LUMO = 0.00784263754559323
Extra cycle  E= 1248.70367929158  delta_E= 3.28e-10  |g|= 1.28e-07  |ddm|= 1.32e-06
converged SCF energy = 1248.70367929158
Difference in energy:  -50.31278107507936
E(MP2) = 1248.68888651026  E_corr = -0.0147927813156534
Total energy =  -774.939230153843
time elapsed:  26.08991527557373
