

******** <class 'pyscf.dft.rks.RKS'> ********
method = RKS-RHF
initial guess = minao
damping factor = 0
level_shift factor = 0
DIIS = <class 'pyscf.scf.diis.CDIIS'>
diis_start_cycle = 1
diis_space = 8
SCF conv_tol = 1e-09
SCF conv_tol_grad = 1e-05
SCF max_cycles = 1000
direct_scf = True
direct_scf_tol = 1e-13
chkfile to save SCF result = scf.fchk
max_memory 900000 MB (current use 79 MB)
XC library pyscf.dft.libxc version 5.1.7
    S. Lehtola, C. Steigemann, M. J. Oliveira, and M. A. Marques, SoftwareX 7, 1 (2018)
XC functionals = b3lyp
    P. A. M. Dirac, Math. Proc. Cambridge Philos. Soc. 26, 376 (1930)
    F. Bloch, Z. Phys. 57, 545 (1929)
    A. D. Becke, Phys. Rev. A 38, 3098 (1988)
    C. Lee, W. Yang, and R. G. Parr, Phys. Rev. B 37, 785 (1988)
    B. Miehlich, A. Savin, H. Stoll, and H. Preuss, Chem. Phys. Lett. 157, 200 (1989)
    S. H. Vosko, L. Wilk, and M. Nusair, Can. J. Phys. 58, 1200 (1980)
small_rho_cutoff = 1e-07
init E= -777.160551678557
  HOMO = -0.242748070468608  LUMO = -0.166873239171236
cycle= 1 E= -774.743572688718  delta_E= 2.42  |g|= 1.02  |ddm|=  6.2
  HOMO = -0.0410824883281077  LUMO = -0.0219595849675411
cycle= 2 E= -772.296636389753  delta_E= 2.45  |g|=  2.6  |ddm|=  3.2
  HOMO = -0.141122175416991  LUMO = -0.0740144587726496
cycle= 3 E= -774.70413839953  delta_E= -2.41  |g|= 0.892  |ddm|= 2.95
  HOMO = -0.188551641391073  LUMO = -0.0870428829264128
cycle= 4 E= -774.988372838144  delta_E= -0.284  |g|= 0.154  |ddm|= 1.29
  HOMO = -0.19689789250244  LUMO = -0.0903412651933759
cycle= 5 E= -774.986636017678  delta_E= 0.00174  |g|= 0.165  |ddm|= 0.358
  HOMO = -0.196385174204509  LUMO = -0.0868353335834896
cycle= 6 E= -774.994803813471  delta_E= -0.00817  |g|= 0.0405  |ddm|= 0.226
  HOMO = -0.195088978042346  LUMO = -0.0846989194899632
cycle= 7 E= -774.995233509822  delta_E= -0.00043  |g|= 0.0112  |ddm|= 0.0495
  HOMO = -0.195088314559661  LUMO = -0.0845978909031018
cycle= 8 E= -774.995257460896  delta_E= -2.4e-05  |g|= 0.00602  |ddm|= 0.0174
  HOMO = -0.195150866189729  LUMO = -0.0847550543403169
cycle= 9 E= -774.995267701397  delta_E= -1.02e-05  |g|= 0.00169  |ddm|= 0.00832
  HOMO = -0.195196516886994  LUMO = -0.084748584810092
cycle= 10 E= -774.995268324072  delta_E= -6.23e-07  |g|= 0.000915  |ddm|= 0.0026
  HOMO = -0.1951881298446  LUMO = -0.084732850858801
cycle= 11 E= -774.995268540872  delta_E= -2.17e-07  |g|= 0.000291  |ddm|= 0.00119
  HOMO = -0.195175556176913  LUMO = -0.0847107195582302
cycle= 12 E= -774.995268557925  delta_E= -1.71e-08  |g|= 0.000139  |ddm|= 0.000415
  HOMO = -0.195189521950839  LUMO = -0.0847217769921142
cycle= 13 E= -774.995268562378  delta_E= -4.45e-09  |g|= 7.06e-05  |ddm|= 0.00022
  HOMO = -0.195188015500192  LUMO = -0.0847206316608578
cycle= 14 E= -774.995268563637  delta_E= -1.26e-09  |g|= 1.39e-05  |ddm|= 8.4e-05
  HOMO = -0.19518709650559  LUMO = -0.08471958185108
cycle= 15 E= -774.995268563676  delta_E= -3.91e-11  |g|= 8.04e-06  |ddm|= 2.65e-05
  HOMO = -0.195187965897772  LUMO = -0.0847202736427188
Extra cycle  E= -774.995268563607  delta_E= 6.91e-11  |g|= 1.73e-05  |ddm|= 3.04e-05
converged SCF energy = -774.995268563607
AOs:  [0, 1, 2, 3, 4, 5, 6, 7, 8, 9, 10, 11, 12, 13, 14, 15, 16, 17, 18, 19, 20, 21, 22, 23, 24, 25, 26, 27, 28, 29, 30, 31, 32, 33, 34, 35, 36, 37, 38, 39, 40, 41, 42, 43, 44, 45, 46, 47, 48, 49, 50, 51, 52, 53, 54, 55, 56, 57, 58, 59, 60, 61, 62, 63]
64
Number of Active MOs:  2
Number of Environment MOs:  68
Number of Virtual MOs:  244
 # electrons:            α            β
         Env:  68.00000000  68.00000000
         Act:   2.00000000   2.00000000
         Vir:   0.00000000   0.00000000
Number of electrons in the active space:  4

 The density matrix is idempotent!

 The density matrix is idempotent!


******** <class 'pyscf.scf.hf.RHF'> ********
method = RHF
initial guess = minao
damping factor = 0
level_shift factor = 0
DIIS = <class 'pyscf.scf.diis.CDIIS'>
diis_start_cycle = 1
diis_space = 8
SCF conv_tol = 1e-09
SCF conv_tol_grad = 1e-05
SCF max_cycles = 200
direct_scf = True
direct_scf_tol = 1e-13
chkfile to save SCF result = subsys_scf.chk
max_memory 900000 MB (current use 10407 MB)
init E= 1268.99339003274
  HOMO = -1.36971810606649  LUMO = 0.0076857473953376
cycle= 1 E= 1268.99276579109  delta_E= -0.000624  |g|= 0.00754  |ddm|= 0.0457
  HOMO = -1.37047748105299  LUMO = 0.00753362666293829
cycle= 2 E= 1268.99275143611  delta_E= -1.44e-05  |g|= 0.00117  |ddm|= 0.0061
  HOMO = -1.37060981567754  LUMO = 0.00750776854291984
cycle= 3 E= 1268.99275107203  delta_E= -3.64e-07  |g|= 2.55e-05  |ddm|= 0.00107
  HOMO = -1.37060719676499  LUMO = 0.00750848491768626
cycle= 4 E= 1268.99275107171  delta_E= -3.22e-10  |g|= 8.21e-07  |ddm|= 2.85e-05
  HOMO = -1.37060710538046  LUMO = 0.00750850738336206
Extra cycle  E= 1268.99275107184  delta_E= 1.38e-10  |g|= 1.31e-07  |ddm|= 1.25e-06
converged SCF energy = 1268.99275107184
Difference in energy:  -50.24176136503525
E(MP2) = 1268.9779587552  E_corr = -0.014792316644924
Total energy =  -774.9299956042164
time elapsed:  26.629237174987793
