

******** <class 'pyscf.dft.rks.RKS'> ********
method = RKS-RHF
initial guess = minao
damping factor = 0
level_shift factor = 0
DIIS = <class 'pyscf.scf.diis.CDIIS'>
diis_start_cycle = 1
diis_space = 8
SCF conv_tol = 1e-09
SCF conv_tol_grad = 1e-05
SCF max_cycles = 1000
direct_scf = True
direct_scf_tol = 1e-13
chkfile to save SCF result = scf.fchk
max_memory 900000 MB (current use 79 MB)
XC library pyscf.dft.libxc version 5.1.7
    S. Lehtola, C. Steigemann, M. J. Oliveira, and M. A. Marques, SoftwareX 7, 1 (2018)
XC functionals = b3lyp
    P. A. M. Dirac, Math. Proc. Cambridge Philos. Soc. 26, 376 (1930)
    F. Bloch, Z. Phys. 57, 545 (1929)
    A. D. Becke, Phys. Rev. A 38, 3098 (1988)
    C. Lee, W. Yang, and R. G. Parr, Phys. Rev. B 37, 785 (1988)
    B. Miehlich, A. Savin, H. Stoll, and H. Preuss, Chem. Phys. Lett. 157, 200 (1989)
    S. H. Vosko, L. Wilk, and M. Nusair, Can. J. Phys. 58, 1200 (1980)
small_rho_cutoff = 1e-07
init E= -777.157747686347
  HOMO = -0.241200365863525  LUMO = -0.168930688015431
cycle= 1 E= -774.736812208366  delta_E= 2.42  |g|= 1.02  |ddm|= 6.19
  HOMO = -0.0445701561816111  LUMO = -0.0162644773019217
cycle= 2 E= -772.272131817349  delta_E= 2.46  |g|=  2.6  |ddm|= 3.22
  HOMO = -0.141889631508496  LUMO = -0.0712841147967486
cycle= 3 E= -774.699719478602  delta_E= -2.43  |g|= 0.888  |ddm|= 2.97
  HOMO = -0.186350349676762  LUMO = -0.0898822872106648
cycle= 4 E= -774.981673591725  delta_E= -0.282  |g|= 0.158  |ddm|= 1.29
  HOMO = -0.195272759392208  LUMO = -0.0925584899931214
cycle= 5 E= -774.979375983322  delta_E= 0.0023  |g|= 0.173  |ddm|= 0.376
  HOMO = -0.194380750335845  LUMO = -0.0895377946401809
cycle= 6 E= -774.988434137093  delta_E= -0.00906  |g|= 0.0435  |ddm|= 0.244
  HOMO = -0.193180432691262  LUMO = -0.0874478019142246
cycle= 7 E= -774.988940319612  delta_E= -0.000506  |g|= 0.0127  |ddm|= 0.0557
  HOMO = -0.193140480239832  LUMO = -0.0872050265504967
cycle= 8 E= -774.988972037846  delta_E= -3.17e-05  |g|= 0.00693  |ddm|= 0.0205
  HOMO = -0.193247586912357  LUMO = -0.0873790220391355
cycle= 9 E= -774.98898615512  delta_E= -1.41e-05  |g|= 0.00178  |ddm|= 0.00972
  HOMO = -0.193300942247887  LUMO = -0.0873784740529151
cycle= 10 E= -774.988986804514  delta_E= -6.49e-07  |g|= 0.00105  |ddm|= 0.00287
  HOMO = -0.193296636572148  LUMO = -0.0873610601541295
cycle= 11 E= -774.988987093423  delta_E= -2.89e-07  |g|= 0.00032  |ddm|= 0.00135
  HOMO = -0.193281975243444  LUMO = -0.0873362783750743
cycle= 12 E= -774.9889871137  delta_E= -2.03e-08  |g|= 0.000152  |ddm|= 0.000443
  HOMO = -0.193297138525137  LUMO = -0.0873483438200121
cycle= 13 E= -774.988987118489  delta_E= -4.79e-09  |g|= 8.71e-05  |ddm|= 0.000255
  HOMO = -0.193295329324212  LUMO = -0.0873468082655698
cycle= 14 E= -774.988987120464  delta_E= -1.97e-09  |g|= 1.5e-05  |ddm|= 0.000106
  HOMO = -0.193294416531903  LUMO = -0.0873456339563414
cycle= 15 E= -774.988987120508  delta_E= -4.41e-11  |g|= 8.6e-06  |ddm|= 2.93e-05
  HOMO = -0.193295365855499  LUMO = -0.0873464250309616
Extra cycle  E= -774.988987120418  delta_E= 9.05e-11  |g|= 1.88e-05  |ddm|= 3.45e-05
converged SCF energy = -774.988987120418
AOs:  [0, 1, 2, 3, 4, 5, 6, 7, 8, 9, 10, 11, 12, 13, 14, 15, 16, 17, 18, 19, 20, 21, 22, 23, 24, 25, 26, 27, 28, 29, 30, 31, 32, 33, 34, 35, 36, 37, 38, 39, 40, 41, 42, 43, 44, 45, 46, 47, 48, 49, 50, 51, 52, 53, 54, 55, 56, 57, 58, 59, 60, 61, 62, 63]
64
Number of Active MOs:  2
Number of Environment MOs:  68
Number of Virtual MOs:  244
 # electrons:            α            β
         Env:  68.00000000  68.00000000
         Act:   2.00000000   2.00000000
         Vir:   0.00000000   0.00000000
Number of electrons in the active space:  4

 The density matrix is idempotent!

 The density matrix is idempotent!


******** <class 'pyscf.scf.hf.RHF'> ********
method = RHF
initial guess = minao
damping factor = 0
level_shift factor = 0
DIIS = <class 'pyscf.scf.diis.CDIIS'>
diis_start_cycle = 1
diis_space = 8
SCF conv_tol = 1e-09
SCF conv_tol_grad = 1e-05
SCF max_cycles = 200
direct_scf = True
direct_scf_tol = 1e-13
chkfile to save SCF result = subsys_scf.chk
max_memory 900000 MB (current use 10407 MB)
init E= 1267.96297104967
  HOMO = -1.37026606136483  LUMO = 0.0058664591119073
cycle= 1 E= 1267.9623488199  delta_E= -0.000622  |g|= 0.00753  |ddm|= 0.0451
  HOMO = -1.37102096092092  LUMO = 0.00570812262106861
cycle= 2 E= 1267.96233449868  delta_E= -1.43e-05  |g|= 0.00117  |ddm|= 0.00607
  HOMO = -1.37115274311089  LUMO = 0.00568118619281846
cycle= 3 E= 1267.96233413542  delta_E= -3.63e-07  |g|= 2.54e-05  |ddm|= 0.00107
  HOMO = -1.37115015618097  LUMO = 0.00568193084678571
cycle= 4 E= 1267.96233413521  delta_E= -2.13e-10  |g|= 8.19e-07  |ddm|= 2.78e-05
  HOMO = -1.37115006250251  LUMO = 0.00568195434635726
Extra cycle  E= 1267.96233413487  delta_E= -3.43e-10  |g|= 1.31e-07  |ddm|= 1.24e-06
converged SCF energy = 1267.96233413487
Difference in energy:  -50.19200578529054
E(MP2) = 1267.94753102236  E_corr = -0.0148031125077817
Total energy =  -774.9238042473868
time elapsed:  25.643773078918457
