

******** <class 'pyscf.dft.rks.RKS'> ********
method = RKS-RHF
initial guess = minao
damping factor = 0
level_shift factor = 0
DIIS = <class 'pyscf.scf.diis.CDIIS'>
diis_start_cycle = 1
diis_space = 8
SCF conv_tol = 1e-09
SCF conv_tol_grad = 1e-05
SCF max_cycles = 1000
direct_scf = True
direct_scf_tol = 1e-13
chkfile to save SCF result = scf.fchk
max_memory 900000 MB (current use 79 MB)
XC library pyscf.dft.libxc version 5.1.7
    S. Lehtola, C. Steigemann, M. J. Oliveira, and M. A. Marques, SoftwareX 7, 1 (2018)
XC functionals = b3lyp
    P. A. M. Dirac, Math. Proc. Cambridge Philos. Soc. 26, 376 (1930)
    F. Bloch, Z. Phys. 57, 545 (1929)
    A. D. Becke, Phys. Rev. A 38, 3098 (1988)
    C. Lee, W. Yang, and R. G. Parr, Phys. Rev. B 37, 785 (1988)
    B. Miehlich, A. Savin, H. Stoll, and H. Preuss, Chem. Phys. Lett. 157, 200 (1989)
    S. H. Vosko, L. Wilk, and M. Nusair, Can. J. Phys. 58, 1200 (1980)
small_rho_cutoff = 1e-07
init E= -777.1532182048
  HOMO = -0.235427876130107  LUMO = -0.175307045549526
cycle= 1 E= -774.711086201101  delta_E= 2.44  |g|= 1.02  |ddm|=  6.2
  HOMO = -0.0528000447562754  LUMO = 0.00450525879797667
cycle= 2 E= -772.182459521711  delta_E= 2.53  |g|= 2.62  |ddm|= 3.25
  HOMO = -0.141198504945817  LUMO = -0.0646454200243299
cycle= 3 E= -774.691183136542  delta_E= -2.51  |g|= 0.868  |ddm|= 3.04
  HOMO = -0.178527613462968  LUMO = -0.0992404186007901
cycle= 4 E= -774.958469348979  delta_E= -0.267  |g|= 0.176  |ddm|= 1.31
  HOMO = -0.188943254078199  LUMO = -0.0994138212914676
cycle= 5 E= -774.953685882315  delta_E= 0.00478  |g|= 0.204  |ddm|= 0.454
  HOMO = -0.186655715594601  LUMO = -0.0980811272598154
cycle= 6 E= -774.966575971562  delta_E= -0.0129  |g|= 0.0571  |ddm|= 0.321
  HOMO = -0.186152126313311  LUMO = -0.0962317809712417
cycle= 7 E= -774.967524352489  delta_E= -0.000948  |g|= 0.0189  |ddm|= 0.0846
  HOMO = -0.185819867921011  LUMO = -0.0955060463814563
cycle= 8 E= -774.967608362232  delta_E= -8.4e-05  |g|= 0.00896  |ddm|= 0.0309
  HOMO = -0.186129401663254  LUMO = -0.0956883694780098
cycle= 9 E= -774.967633174169  delta_E= -2.48e-05  |g|= 0.00237  |ddm|= 0.0133
  HOMO = -0.186215563946905  LUMO = -0.0957022222478278
cycle= 10 E= -774.967634269017  delta_E= -1.09e-06  |g|= 0.00145  |ddm|= 0.00397
  HOMO = -0.186226170610715  LUMO = -0.0956814737429295
cycle= 11 E= -774.967634826426  delta_E= -5.57e-07  |g|= 0.000439  |ddm|= 0.00185
  HOMO = -0.186207060650478  LUMO = -0.0956509813607421
cycle= 12 E= -774.967634866568  delta_E= -4.01e-08  |g|= 0.000162  |ddm|= 0.000534
  HOMO = -0.186222835159674  LUMO = -0.095665321800156
cycle= 13 E= -774.967634869518  delta_E= -2.95e-09  |g|= 0.000129  |ddm|= 0.000329
  HOMO = -0.186220215250092  LUMO = -0.0956617080107256
cycle= 14 E= -774.967634874219  delta_E= -4.7e-09  |g|= 2.72e-05  |ddm|= 0.000175
  HOMO = -0.186219930445993  LUMO = -0.0956606528648507
cycle= 15 E= -774.967634874386  delta_E= -1.67e-10  |g|= 9.73e-06  |ddm|= 4.07e-05
  HOMO = -0.186220409801828  LUMO = -0.0956611411016722
Extra cycle  E= -774.967634874253  delta_E= 1.33e-10  |g|= 2.22e-05  |ddm|= 4.28e-05
converged SCF energy = -774.967634874253
AOs:  [0, 1, 2, 3, 4, 5, 6, 7, 8, 9, 10, 11, 12, 13, 14, 15, 16, 17, 18, 19, 20, 21, 22, 23, 24, 25, 26, 27, 28, 29, 30, 31, 32, 33, 34, 35, 36, 37, 38, 39, 40, 41, 42, 43, 44, 45, 46, 47, 48, 49, 50, 51, 52, 53, 54, 55, 56, 57, 58, 59, 60, 61, 62, 63]
64
Number of Active MOs:  20
Number of Environment MOs:  50
Number of Virtual MOs:  244
 # electrons:            α            β
         Env:  50.00000000  50.00000000
         Act:  20.00000000  20.00000000
         Vir:   0.00000000   0.00000000
Number of electrons in the active space:  40

 The density matrix is idempotent!

 The density matrix is idempotent!


******** <class 'pyscf.scf.hf.RHF'> ********
method = RHF
initial guess = minao
damping factor = 0
level_shift factor = 0
DIIS = <class 'pyscf.scf.diis.CDIIS'>
diis_start_cycle = 1
diis_space = 8
SCF conv_tol = 1e-09
SCF conv_tol_grad = 1e-05
SCF max_cycles = 200
direct_scf = True
direct_scf_tol = 1e-13
chkfile to save SCF result = subsys_scf.chk
max_memory 900000 MB (current use 10413 MB)
init E= 936.112130737312
  HOMO = -0.245698183731443  LUMO = 0.0318664032500513
cycle= 1 E= 936.078861922757  delta_E= -0.0333  |g|= 0.0674  |ddm|= 0.744
  HOMO = -0.255806909862029  LUMO = 0.0318684810302815
cycle= 2 E= 936.076351138629  delta_E= -0.00251  |g|= 0.0231  |ddm|= 0.152
  HOMO = -0.253145177097536  LUMO = 0.0381844291376967
cycle= 3 E= 936.075873952361  delta_E= -0.000477  |g|= 0.0097  |ddm|= 0.0564
  HOMO = -0.255638218245128  LUMO = 0.0388101601325015
cycle= 4 E= 936.075772829426  delta_E= -0.000101  |g|= 0.00379  |ddm|= 0.0294
  HOMO = -0.25569954783719  LUMO = 0.0394995951507298
cycle= 5 E= 936.075760486071  delta_E= -1.23e-05  |g|= 0.00159  |ddm|= 0.00888
  HOMO = -0.25604159284972  LUMO = 0.0396752507291526
cycle= 6 E= 936.075758204885  delta_E= -2.28e-06  |g|= 0.000299  |ddm|= 0.00532
  HOMO = -0.256059315824688  LUMO = 0.0396956740691429
cycle= 7 E= 936.075758144263  delta_E= -6.06e-08  |g|= 0.000117  |ddm|= 0.000761
  HOMO = -0.25607526651459  LUMO = 0.0396853409287033
cycle= 8 E= 936.07575813299  delta_E= -1.13e-08  |g|= 5.47e-05  |ddm|= 0.000297
  HOMO = -0.256074946221973  LUMO = 0.0396822687264486
cycle= 9 E= 936.07575812942  delta_E= -3.57e-09  |g|= 1.95e-05  |ddm|= 0.000203
  HOMO = -0.256073796646753  LUMO = 0.0396811635041275
cycle= 10 E= 936.075758128835  delta_E= -5.85e-10  |g|= 7.21e-06  |ddm|= 9.45e-05
  HOMO = -0.256074222680094  LUMO = 0.0396807448852276
Extra cycle  E= 936.075758128834  delta_E= -1.02e-12  |g|= 5.64e-06  |ddm|= 1.54e-05
converged SCF energy = 936.075758128834
Difference in energy:  -850.7437943610864
E(MP2) = 935.358809075636  E_corr = -0.716949053198129
Total energy =  -774.3288385299894
time elapsed:  34.26538300514221
