

******** <class 'pyscf.dft.rks.RKS'> ********
method = RKS-RHF
initial guess = minao
damping factor = 0
level_shift factor = 0
DIIS = <class 'pyscf.scf.diis.CDIIS'>
diis_start_cycle = 1
diis_space = 8
SCF conv_tol = 1e-09
SCF conv_tol_grad = 1e-05
SCF max_cycles = 1000
direct_scf = True
direct_scf_tol = 1e-13
chkfile to save SCF result = scf.fchk
max_memory 900000 MB (current use 79 MB)
XC library pyscf.dft.libxc version 5.1.7
    S. Lehtola, C. Steigemann, M. J. Oliveira, and M. A. Marques, SoftwareX 7, 1 (2018)
XC functionals = b3lyp
    P. A. M. Dirac, Math. Proc. Cambridge Philos. Soc. 26, 376 (1930)
    F. Bloch, Z. Phys. 57, 545 (1929)
    A. D. Becke, Phys. Rev. A 38, 3098 (1988)
    C. Lee, W. Yang, and R. G. Parr, Phys. Rev. B 37, 785 (1988)
    B. Miehlich, A. Savin, H. Stoll, and H. Preuss, Chem. Phys. Lett. 157, 200 (1989)
    S. H. Vosko, L. Wilk, and M. Nusair, Can. J. Phys. 58, 1200 (1980)
small_rho_cutoff = 1e-07
init E= -777.150898480149
  HOMO = -0.225855724988396  LUMO = -0.184073531071301
cycle= 1 E= -774.658117529367  delta_E= 2.49  |g|= 1.03  |ddm|=  6.2
  HOMO = -0.0445360122077019  LUMO = -0.0152571818470014
cycle= 2 E= -771.839947208288  delta_E= 2.82  |g|= 2.72  |ddm|=  3.5
  HOMO = -0.129966540465237  LUMO = -0.0662054429225508
cycle= 3 E= -774.701831450798  delta_E= -2.86  |g|= 0.794  |ddm|= 3.27
  HOMO = -0.166478246095922  LUMO = -0.115825324305431
cycle= 4 E= -774.911416543964  delta_E= -0.21  |g|= 0.272  |ddm|= 1.43
  HOMO = -0.178414991844451  LUMO = -0.110181238869316
cycle= 5 E= -774.905697552797  delta_E= 0.00572  |g|= 0.297  |ddm|= 0.763
  HOMO = -0.171679616448314  LUMO = -0.111051672361776
cycle= 6 E= -774.932846100631  delta_E= -0.0271  |g|= 0.0967  |ddm|= 0.565
  HOMO = -0.173187580376266  LUMO = -0.10995196851961
cycle= 7 E= -774.936128900963  delta_E= -0.00328  |g|= 0.0359  |ddm|= 0.166
  HOMO = -0.172609392660153  LUMO = -0.107942459252622
cycle= 8 E= -774.936508690666  delta_E= -0.00038  |g|= 0.0138  |ddm|= 0.0534
  HOMO = -0.173513192596482  LUMO = -0.108322196345493
cycle= 9 E= -774.936563591034  delta_E= -5.49e-05  |g|= 0.00466  |ddm|= 0.022
  HOMO = -0.173655186577943  LUMO = -0.108345102494315
cycle= 10 E= -774.936568668514  delta_E= -5.08e-06  |g|= 0.00203  |ddm|= 0.0067
  HOMO = -0.173641059772144  LUMO = -0.108299766729104
cycle= 11 E= -774.936569849935  delta_E= -1.18e-06  |g|= 0.000512  |ddm|= 0.00289
  HOMO = -0.173636798655759  LUMO = -0.108280235781035
cycle= 12 E= -774.936569925495  delta_E= -7.56e-08  |g|= 0.000215  |ddm|= 0.000725
  HOMO = -0.173639249712731  LUMO = -0.108275656855045
cycle= 13 E= -774.936569939792  delta_E= -1.43e-08  |g|= 5.89e-05  |ddm|= 0.000325
  HOMO = -0.173640730303056  LUMO = -0.108276651946511
cycle= 14 E= -774.936569940297  delta_E= -5.05e-10  |g|= 3.9e-05  |ddm|= 0.000111
  HOMO = -0.17364092631081  LUMO = -0.108277612737031
cycle= 15 E= -774.936569940235  delta_E= 6.18e-11  |g|= 3.97e-05  |ddm|= 0.00011
  HOMO = -0.173641423343476  LUMO = -0.108277108322505
cycle= 16 E= -774.936569940802  delta_E= -5.67e-10  |g|= 1.05e-05  |ddm|= 7.04e-05
  HOMO = -0.173641416003553  LUMO = -0.10827703964652
cycle= 17 E= -774.936569940822  delta_E= -1.98e-11  |g|= 6.28e-06  |ddm|= 1.52e-05
  HOMO = -0.173640908557509  LUMO = -0.10827657018686
Extra cycle  E= -774.93656994076  delta_E= 6.16e-11  |g|= 1.55e-05  |ddm|= 2.6e-05
converged SCF energy = -774.93656994076
AOs:  [0, 1, 2, 3, 4, 5, 6, 7, 8, 9, 10, 11, 12, 13, 14, 15, 16, 17, 18, 19, 20, 21, 22, 23, 24, 25, 26, 27, 28, 29, 30, 31, 32, 33, 34, 35, 36, 37, 38, 39, 40, 41, 42, 43, 44, 45, 46, 47, 48, 49, 50, 51, 52, 53, 54, 55, 56, 57, 58, 59, 60, 61, 62, 63]
64
Number of Active MOs:  20
Number of Environment MOs:  50
Number of Virtual MOs:  244
 # electrons:            α            β
         Env:  50.00000000  50.00000000
         Act:  20.00000000  20.00000000
         Vir:   0.00000000   0.00000000
Number of electrons in the active space:  40

 The density matrix is idempotent!

 The density matrix is idempotent!


******** <class 'pyscf.scf.hf.RHF'> ********
method = RHF
initial guess = minao
damping factor = 0
level_shift factor = 0
DIIS = <class 'pyscf.scf.diis.CDIIS'>
diis_start_cycle = 1
diis_space = 8
SCF conv_tol = 1e-09
SCF conv_tol_grad = 1e-05
SCF max_cycles = 200
direct_scf = True
direct_scf_tol = 1e-13
chkfile to save SCF result = subsys_scf.chk
max_memory 900000 MB (current use 10662 MB)
init E= 933.226511037973
  HOMO = -0.221220176557174  LUMO = 0.0149204891227174
cycle= 1 E= 933.192373308821  delta_E= -0.0341  |g|= 0.0695  |ddm|= 0.746
  HOMO = -0.230761277067253  LUMO = 0.0150075356538629
cycle= 2 E= 933.18951704462  delta_E= -0.00286  |g|= 0.025  |ddm|= 0.164
  HOMO = -0.228948932688571  LUMO = 0.0216630386732075
cycle= 3 E= 933.188879418831  delta_E= -0.000638  |g|= 0.0124  |ddm|= 0.0673
  HOMO = -0.231120063199117  LUMO = 0.0228250963725559
cycle= 4 E= 933.188699569808  delta_E= -0.00018  |g|= 0.00465  |ddm|= 0.0421
  HOMO = -0.231730576496433  LUMO = 0.0236667044300162
cycle= 5 E= 933.188670895343  delta_E= -2.87e-05  |g|= 0.00252  |ddm|= 0.0153
  HOMO = -0.232069437065881  LUMO = 0.0239318642717956
cycle= 6 E= 933.1886653074  delta_E= -5.59e-06  |g|= 0.000632  |ddm|= 0.0088
  HOMO = -0.232102662229472  LUMO = 0.0239473869739024
cycle= 7 E= 933.188664891636  delta_E= -4.16e-07  |g|= 0.000411  |ddm|= 0.00191
  HOMO = -0.232120208728563  LUMO = 0.0239173730229813
cycle= 8 E= 933.188664696169  delta_E= -1.95e-07  |g|= 0.000194  |ddm|= 0.00156
  HOMO = -0.232111466609572  LUMO = 0.023899848618685
cycle= 9 E= 933.188664630947  delta_E= -6.52e-08  |g|= 5.65e-05  |ddm|= 0.00127
  HOMO = -0.232103106879539  LUMO = 0.0238977912769331
cycle= 10 E= 933.188664626327  delta_E= -4.62e-09  |g|= 2.02e-05  |ddm|= 0.000371
  HOMO = -0.232105043148968  LUMO = 0.0238948354842569
cycle= 11 E= 933.188664625767  delta_E= -5.6e-10  |g|= 8.91e-06  |ddm|= 6.35e-05
  HOMO = -0.232103343386793  LUMO = 0.0238955496723848
Extra cycle  E= 933.188664626335  delta_E= 5.68e-10  |g|= 4.48e-06  |ddm|= 1.99e-05
converged SCF energy = 933.188664626335
Difference in energy:  -857.8124481565778
E(MP2) = 932.467028261775  E_corr = -0.72163636456047
Total energy =  -774.2911963004494
time elapsed:  34.222033739089966
