

******** <class 'pyscf.dft.rks.RKS'> ********
method = RKS-RHF
initial guess = minao
damping factor = 0
level_shift factor = 0
DIIS = <class 'pyscf.scf.diis.CDIIS'>
diis_start_cycle = 1
diis_space = 8
SCF conv_tol = 1e-09
SCF conv_tol_grad = 1e-05
SCF max_cycles = 1000
direct_scf = True
direct_scf_tol = 1e-13
chkfile to save SCF result = scf.fchk
max_memory 900000 MB (current use 79 MB)
XC library pyscf.dft.libxc version 5.1.7
    S. Lehtola, C. Steigemann, M. J. Oliveira, and M. A. Marques, SoftwareX 7, 1 (2018)
XC functionals = b3lyp
    P. A. M. Dirac, Math. Proc. Cambridge Philos. Soc. 26, 376 (1930)
    F. Bloch, Z. Phys. 57, 545 (1929)
    A. D. Becke, Phys. Rev. A 38, 3098 (1988)
    C. Lee, W. Yang, and R. G. Parr, Phys. Rev. B 37, 785 (1988)
    B. Miehlich, A. Savin, H. Stoll, and H. Preuss, Chem. Phys. Lett. 157, 200 (1989)
    S. H. Vosko, L. Wilk, and M. Nusair, Can. J. Phys. 58, 1200 (1980)
small_rho_cutoff = 1e-07
init E= -777.150337469995
  HOMO = -0.221160501659441  LUMO = -0.188182106972724
cycle= 1 E= -774.612602111459  delta_E= 2.54  |g|= 1.05  |ddm|= 6.21
  HOMO = -0.0455567957441217  LUMO = -0.0136935422393021
cycle= 2 E= -770.318213587674  delta_E= 4.29  |g|= 2.94  |ddm|= 4.02
  HOMO = -0.131926906845411  LUMO = -0.0703769600507876
cycle= 3 E= -774.673601276666  delta_E= -4.36  |g|= 0.769  |ddm|=  3.8
  HOMO = -0.148359624362195  LUMO = -0.120480355109611
cycle= 4 E= -774.706119144177  delta_E= -0.0325  |g|= 0.676  |ddm|= 2.12
  HOMO = -0.169058504218206  LUMO = -0.127138103393223
cycle= 5 E= -774.853750777946  delta_E= -0.148  |g|= 0.449  |ddm|= 1.62
  HOMO = -0.156105436529127  LUMO = -0.120493387579271
cycle= 6 E= -774.893666808092  delta_E= -0.0399  |g|= 0.233  |ddm|= 1.01
  HOMO = -0.162261907098264  LUMO = -0.119978110753491
cycle= 7 E= -774.914926566385  delta_E= -0.0213  |g|= 0.103  |ddm|= 0.37
  HOMO = -0.163204112937477  LUMO = -0.115866924466327
cycle= 8 E= -774.918030426659  delta_E= -0.0031  |g|= 0.0436  |ddm|= 0.122
  HOMO = -0.165295224063439  LUMO = -0.116721151422816
cycle= 9 E= -774.918607786224  delta_E= -0.000577  |g|= 0.0247  |ddm|= 0.0627
  HOMO = -0.165354360464678  LUMO = -0.116224493053839
cycle= 10 E= -774.918804650939  delta_E= -0.000197  |g|= 0.00713  |ddm|= 0.0315
  HOMO = -0.165244032798216  LUMO = -0.116139198630513
cycle= 11 E= -774.918819703005  delta_E= -1.51e-05  |g|= 0.00341  |ddm|= 0.00827
  HOMO = -0.165243156115335  LUMO = -0.116047989924201
cycle= 12 E= -774.918824620527  delta_E= -4.92e-06  |g|= 0.001  |ddm|= 0.00762
  HOMO = -0.165302501460693  LUMO = -0.116128042497807
cycle= 13 E= -774.918824971043  delta_E= -3.51e-07  |g|= 0.000236  |ddm|= 0.00147
  HOMO = -0.165303006289793  LUMO = -0.116144514749764
cycle= 14 E= -774.918824976186  delta_E= -5.14e-09  |g|= 0.000197  |ddm|= 0.000406
  HOMO = -0.165291261191554  LUMO = -0.116131951197204
cycle= 15 E= -774.918824986644  delta_E= -1.05e-08  |g|= 2.11e-05  |ddm|= 0.000239
  HOMO = -0.165290825788679  LUMO = -0.116132581766974
cycle= 16 E= -774.918824986765  delta_E= -1.22e-10  |g|= 1.48e-05  |ddm|= 4.34e-05
  HOMO = -0.165290836353082  LUMO = -0.116132906085159
cycle= 17 E= -774.918824986818  delta_E= -5.28e-11  |g|= 5.25e-06  |ddm|= 1.97e-05
  HOMO = -0.165291368831677  LUMO = -0.116133267616369
Extra cycle  E= -774.918824986707  delta_E= 1.11e-10  |g|= 1.77e-05  |ddm|= 3.55e-05
converged SCF energy = -774.918824986707
AOs:  [0, 1, 2, 3, 4, 5, 6, 7, 8, 9, 10, 11, 12, 13, 14, 15, 16, 17, 18, 19, 20, 21, 22, 23, 24, 25, 26, 27, 28, 29, 30, 31, 32, 33, 34, 35, 36, 37, 38, 39, 40, 41, 42, 43, 44, 45, 46, 47, 48, 49, 50, 51, 52, 53, 54, 55, 56, 57, 58, 59, 60, 61, 62, 63]
64
Number of Active MOs:  2
Number of Environment MOs:  68
Number of Virtual MOs:  244
 # electrons:            α            β
         Env:  68.00000000  68.00000000
         Act:   2.00000000   2.00000000
         Vir:   0.00000000   0.00000000
Number of electrons in the active space:  4

 The density matrix is idempotent!

 The density matrix is idempotent!


******** <class 'pyscf.scf.hf.RHF'> ********
method = RHF
initial guess = minao
damping factor = 0
level_shift factor = 0
DIIS = <class 'pyscf.scf.diis.CDIIS'>
diis_start_cycle = 1
diis_space = 8
SCF conv_tol = 1e-09
SCF conv_tol_grad = 1e-05
SCF max_cycles = 200
direct_scf = True
direct_scf_tol = 1e-13
chkfile to save SCF result = subsys_scf.chk
max_memory 900000 MB (current use 10667 MB)
init E= 1259.43930777183
  HOMO = -1.36000527231591  LUMO = -0.0166080520481339
cycle= 1 E= 1259.43868120394  delta_E= -0.000627  |g|= 0.00755  |ddm|= 0.0433
  HOMO = -1.36075484438458  LUMO = -0.0168609289503688
cycle= 2 E= 1259.43866677919  delta_E= -1.44e-05  |g|= 0.00117  |ddm|= 0.00596
  HOMO = -1.36088573070258  LUMO = -0.0169045588534009
cycle= 3 E= 1259.43866641309  delta_E= -3.66e-07  |g|= 2.52e-05  |ddm|= 0.00106
  HOMO = -1.36088320776334  LUMO = -0.0169034938706734
cycle= 4 E= 1259.43866641308  delta_E= -1.34e-11  |g|= 8.18e-07  |ddm|= 2.63e-05
  HOMO = -1.36088312208694  LUMO = -0.0169034594892546
Extra cycle  E= 1259.43866641313  delta_E= 5.43e-11  |g|= 1.31e-07  |ddm|= 1.14e-06
converged SCF energy = 1259.43866641313
Difference in energy:  -50.29175113601236
E(MP2) = 1259.4238268141  E_corr = -0.0148395990377669
Total energy =  -774.8535196460056
time elapsed:  31.36234402656555
