

******** <class 'pyscf.dft.rks.RKS'> ********
method = RKS-RHF
initial guess = minao
damping factor = 0
level_shift factor = 0
DIIS = <class 'pyscf.scf.diis.CDIIS'>
diis_start_cycle = 1
diis_space = 8
SCF conv_tol = 1e-09
SCF conv_tol_grad = 1e-05
SCF max_cycles = 1000
direct_scf = True
direct_scf_tol = 1e-13
chkfile to save SCF result = scf.fchk
max_memory 900000 MB (current use 79 MB)
XC library pyscf.dft.libxc version 5.1.7
    S. Lehtola, C. Steigemann, M. J. Oliveira, and M. A. Marques, SoftwareX 7, 1 (2018)
XC functionals = b3lyp
    P. A. M. Dirac, Math. Proc. Cambridge Philos. Soc. 26, 376 (1930)
    F. Bloch, Z. Phys. 57, 545 (1929)
    A. D. Becke, Phys. Rev. A 38, 3098 (1988)
    C. Lee, W. Yang, and R. G. Parr, Phys. Rev. B 37, 785 (1988)
    B. Miehlich, A. Savin, H. Stoll, and H. Preuss, Chem. Phys. Lett. 157, 200 (1989)
    S. H. Vosko, L. Wilk, and M. Nusair, Can. J. Phys. 58, 1200 (1980)
small_rho_cutoff = 1e-07
init E= -777.150152729018
  HOMO = -0.21961092547756  LUMO = -0.189527613546373
cycle= 1 E= -774.590395999586  delta_E= 2.56  |g|= 1.06  |ddm|= 6.21
  HOMO = -0.0398795207517085  LUMO = -0.00409396471708572
cycle= 2 E= -770.056873825173  delta_E= 4.53  |g|= 2.98  |ddm|= 4.11
  HOMO = -0.123949651863208  LUMO = -0.0751235715435297
cycle= 3 E= -774.664122330733  delta_E= -4.61  |g|= 0.766  |ddm|= 3.88
  HOMO = -0.139792997264036  LUMO = -0.12041280545386
cycle= 4 E= -774.607670462802  delta_E= 0.0565  |g|= 0.771  |ddm|= 2.31
  HOMO = -0.162650989126902  LUMO = -0.133459199967731
cycle= 5 E= -774.818464720349  delta_E= -0.211  |g|= 0.511  |ddm|=    2
  HOMO = -0.148519097937294  LUMO = -0.125748859838331
cycle= 6 E= -774.830966751795  delta_E= -0.0125  |g|= 0.397  |ddm|= 1.51
  HOMO = -0.153733779791529  LUMO = -0.126998123923696
cycle= 7 E= -774.900279560293  delta_E= -0.0693  |g|= 0.147  |ddm|= 0.608
  HOMO = -0.155932976365508  LUMO = -0.120860067689066
cycle= 8 E= -774.904667079022  delta_E= -0.00439  |g|= 0.109  |ddm|= 0.154
  HOMO = -0.160097099517879  LUMO = -0.121419182588972
cycle= 9 E= -774.907927194164  delta_E= -0.00326  |g|= 0.0671  |ddm|= 0.118
  HOMO = -0.160271346823277  LUMO = -0.120267688472172
cycle= 10 E= -774.909131305787  delta_E= -0.0012  |g|= 0.0363  |ddm|= 0.061
  HOMO = -0.160413553225728  LUMO = -0.120190917008371
cycle= 11 E= -774.909628959274  delta_E= -0.000498  |g|= 0.0163  |ddm|= 0.0431
  HOMO = -0.160633204616271  LUMO = -0.120172903288993
cycle= 12 E= -774.909736997453  delta_E= -0.000108  |g|= 0.00403  |ddm|= 0.0358
  HOMO = -0.160730208386167  LUMO = -0.120395897268527
cycle= 13 E= -774.909743647029  delta_E= -6.65e-06  |g|= 0.00155  |ddm|= 0.00917
  HOMO = -0.160703144259341  LUMO = -0.120403844772042
cycle= 14 E= -774.909744068824  delta_E= -4.22e-07  |g|= 0.00108  |ddm|= 0.00212
  HOMO = -0.160680813536592  LUMO = -0.12035543201588
cycle= 15 E= -774.909744405843  delta_E= -3.37e-07  |g|= 0.000425  |ddm|= 0.00121
  HOMO = -0.160694254905248  LUMO = -0.120365550137075
cycle= 16 E= -774.909744484377  delta_E= -7.85e-08  |g|= 7.35e-05  |ddm|= 0.000794
  HOMO = -0.160691931318021  LUMO = -0.120365421297672
cycle= 17 E= -774.909744485579  delta_E= -1.2e-09  |g|= 3.67e-05  |ddm|= 0.000116
  HOMO = -0.160691758774166  LUMO = -0.120366603115011
cycle= 18 E= -774.909744485931  delta_E= -3.51e-10  |g|= 1.64e-05  |ddm|= 5.7e-05
  HOMO = -0.160691098119112  LUMO = -0.120366476169983
cycle= 19 E= -774.909744486042  delta_E= -1.11e-10  |g|= 5.49e-06  |ddm|= 2.66e-05
  HOMO = -0.160690943343271  LUMO = -0.120366916399936
Extra cycle  E= -774.909744485873  delta_E= 1.68e-10  |g|= 2.07e-05  |ddm|= 4.37e-05
converged SCF energy = -774.909744485873
AOs:  [0, 1, 2, 3, 4, 5, 6, 7, 8, 9, 10, 11, 12, 13, 14, 15, 16, 17, 18, 19, 20, 21, 22, 23, 24, 25, 26, 27, 28, 29, 30, 31, 32, 33, 34, 35, 36, 37, 38, 39, 40, 41, 42, 43, 44, 45, 46, 47, 48, 49, 50, 51, 52, 53, 54, 55, 56, 57, 58, 59, 60, 61, 62, 63]
64
Number of Active MOs:  20
Number of Environment MOs:  50
Number of Virtual MOs:  244
 # electrons:            α            β
         Env:  50.00000000  50.00000000
         Act:  20.00000000  20.00000000
         Vir:  -0.00000000  -0.00000000
Number of electrons in the active space:  40

 The density matrix is idempotent!

 The density matrix is idempotent!


******** <class 'pyscf.scf.hf.RHF'> ********
method = RHF
initial guess = minao
damping factor = 0
level_shift factor = 0
DIIS = <class 'pyscf.scf.diis.CDIIS'>
diis_start_cycle = 1
diis_space = 8
SCF conv_tol = 1e-09
SCF conv_tol_grad = 1e-05
SCF max_cycles = 200
direct_scf = True
direct_scf_tol = 1e-13
chkfile to save SCF result = subsys_scf.chk
max_memory 900000 MB (current use 10406 MB)
init E= 931.010313653245
  HOMO = -0.198345513474049  LUMO = -0.000813496456025274
cycle= 1 E= 930.975377738827  delta_E= -0.0349  |g|= 0.0736  |ddm|= 0.758
  HOMO = -0.206564137048241  LUMO = -0.00136563098732178
cycle= 2 E= 930.972146536863  delta_E= -0.00323  |g|= 0.0277  |ddm|= 0.183
  HOMO = -0.205967842529385  LUMO = 0.00511368885166995
cycle= 3 E= 930.97130986656  delta_E= -0.000837  |g|= 0.0182  |ddm|= 0.0789
  HOMO = -0.207094641096632  LUMO = 0.00684694264962041
cycle= 4 E= 930.970967002792  delta_E= -0.000343  |g|= 0.00701  |ddm|= 0.0606
  HOMO = -0.208683297452896  LUMO = 0.00774151473241265
cycle= 5 E= 930.97086653526  delta_E= -0.0001  |g|= 0.00488  |ddm|= 0.0335
  HOMO = -0.208938091610037  LUMO = 0.00820607062920527
cycle= 6 E= 930.970836846103  delta_E= -2.97e-05  |g|= 0.00212  |ddm|= 0.022
  HOMO = -0.208977411659189  LUMO = 0.00815739131605719
cycle= 7 E= 930.970830054426  delta_E= -6.79e-06  |g|= 0.00161  |ddm|= 0.00879
  HOMO = -0.208893367493288  LUMO = 0.00800565202197523
cycle= 8 E= 930.970824361224  delta_E= -5.69e-06  |g|= 0.000638  |ddm|= 0.0126
  HOMO = -0.208814604742555  LUMO = 0.00791758949906777
cycle= 9 E= 930.970823290206  delta_E= -1.07e-06  |g|= 0.000147  |ddm|= 0.00726
  HOMO = -0.208778303060304  LUMO = 0.00791644592281256
cycle= 10 E= 930.970823259689  delta_E= -3.05e-08  |g|= 7e-05  |ddm|= 0.00104
  HOMO = -0.208782812724209  LUMO = 0.00790268898426348
cycle= 11 E= 930.970823255975  delta_E= -3.71e-09  |g|= 2.39e-05  |ddm|= 0.000373
  HOMO = -0.208779308634981  LUMO = 0.00790472450049526
cycle= 12 E= 930.970823255334  delta_E= -6.41e-10  |g|= 4.62e-06  |ddm|= 7.07e-05
  HOMO = -0.208779791434368  LUMO = 0.00790417918894251
Extra cycle  E= 930.970823255262  delta_E= -7.15e-11  |g|= 2.41e-06  |ddm|= 1.23e-05
converged SCF energy = 930.970823255262
Difference in energy:  -864.8200238811895
E(MP2) = 930.245940695524  E_corr = -0.724882559738494
Total energy =  -774.2564497673513
time elapsed:  48.55919861793518
