

******** <class 'pyscf.dft.rks.RKS'> ********
method = RKS-RHF
initial guess = minao
damping factor = 0
level_shift factor = 0
DIIS = <class 'pyscf.scf.diis.CDIIS'>
diis_start_cycle = 1
diis_space = 8
SCF conv_tol = 1e-09
SCF conv_tol_grad = 1e-05
SCF max_cycles = 1000
direct_scf = True
direct_scf_tol = 1e-13
chkfile to save SCF result = scf.fchk
max_memory 900000 MB (current use 79 MB)
XC library pyscf.dft.libxc version 5.1.7
    S. Lehtola, C. Steigemann, M. J. Oliveira, and M. A. Marques, SoftwareX 7, 1 (2018)
XC functionals = b3lyp
    P. A. M. Dirac, Math. Proc. Cambridge Philos. Soc. 26, 376 (1930)
    F. Bloch, Z. Phys. 57, 545 (1929)
    A. D. Becke, Phys. Rev. A 38, 3098 (1988)
    C. Lee, W. Yang, and R. G. Parr, Phys. Rev. B 37, 785 (1988)
    B. Miehlich, A. Savin, H. Stoll, and H. Preuss, Chem. Phys. Lett. 157, 200 (1989)
    S. H. Vosko, L. Wilk, and M. Nusair, Can. J. Phys. 58, 1200 (1980)
small_rho_cutoff = 1e-07
init E= -777.150122124015
  HOMO = -0.219406092909267  LUMO = -0.189702762181176
cycle= 1 E= -774.58709081705  delta_E= 2.56  |g|= 1.06  |ddm|= 6.21
  HOMO = -0.0377463862405773  LUMO = -0.00271204881205033
cycle= 2 E= -770.027843770183  delta_E= 4.56  |g|= 2.99  |ddm|= 4.12
  HOMO = -0.122500054786146  LUMO = -0.0760152941522579
cycle= 3 E= -774.66225267958  delta_E= -4.63  |g|= 0.765  |ddm|= 3.89
  HOMO = -0.13809184234088  LUMO = -0.120041713756468
cycle= 4 E= -774.591430356939  delta_E= 0.0708  |g|= 0.785  |ddm|= 2.35
  HOMO = -0.161280393084487  LUMO = -0.134660056577771
cycle= 5 E= -774.81026483552  delta_E= -0.219  |g|= 0.522  |ddm|= 2.07
  HOMO = -0.147087691046344  LUMO = -0.126598908910596
cycle= 6 E= -774.802691732356  delta_E= 0.00757  |g|= 0.451  |ddm|= 1.68
  HOMO = -0.151387526970785  LUMO = -0.128864960821308
cycle= 7 E= -774.896213161877  delta_E= -0.0935  |g|= 0.16  |ddm|= 0.716
  HOMO = -0.154218411406749  LUMO = -0.122050337342289
cycle= 8 E= -774.901122169892  delta_E= -0.00491  |g|= 0.126  |ddm|= 0.162
  HOMO = -0.158822683175442  LUMO = -0.12237400627482
cycle= 9 E= -774.904760778601  delta_E= -0.00364  |g|= 0.0871  |ddm|= 0.122
  HOMO = -0.159089714461502  LUMO = -0.120994205828047
cycle= 10 E= -774.906499231379  delta_E= -0.00174  |g|= 0.0553  |ddm|= 0.0676
  HOMO = -0.159336221801342  LUMO = -0.120943145282057
cycle= 11 E= -774.907670352138  delta_E= -0.00117  |g|= 0.0246  |ddm|= 0.0673
  HOMO = -0.159591989504568  LUMO = -0.120940364518211
cycle= 12 E= -774.90791412362  delta_E= -0.000244  |g|= 0.00597  |ddm|= 0.0492
  HOMO = -0.159795412943766  LUMO = -0.121298175737857
cycle= 13 E= -774.907922959209  delta_E= -8.84e-06  |g|= 0.00334  |ddm|= 0.0126
  HOMO = -0.159750504700372  LUMO = -0.121278234549035
cycle= 14 E= -774.907925405059  delta_E= -2.45e-06  |g|= 0.00207  |ddm|= 0.0036
  HOMO = -0.159724777468655  LUMO = -0.121212100125946
cycle= 15 E= -774.907926947008  delta_E= -1.54e-06  |g|= 0.0007  |ddm|= 0.00264
  HOMO = -0.159748633700809  LUMO = -0.121231669802403
cycle= 16 E= -774.907927159085  delta_E= -2.12e-07  |g|= 0.000115  |ddm|= 0.00145
  HOMO = -0.159743159886903  LUMO = -0.12123043371172
cycle= 17 E= -774.907927162154  delta_E= -3.07e-09  |g|= 7.23e-05  |ddm|= 0.000207
  HOMO = -0.159743213569141  LUMO = -0.121232606450932
cycle= 18 E= -774.907927163496  delta_E= -1.34e-09  |g|= 2.75e-05  |ddm|= 9.19e-05
  HOMO = -0.159742020018948  LUMO = -0.121232271390353
cycle= 19 E= -774.907927163827  delta_E= -3.3e-10  |g|= 6.32e-06  |ddm|= 4.76e-05
  HOMO = -0.159742146755962  LUMO = -0.121233226989571
Extra cycle  E= -774.907927163663  delta_E= 1.64e-10  |g|= 2.08e-05  |ddm|= 4.69e-05
converged SCF energy = -774.907927163663
AOs:  [0, 1, 2, 3, 4, 5, 6, 7, 8, 9, 10, 11, 12, 13, 14, 15, 16, 17, 18, 19, 20, 21, 22, 23, 24, 25, 26, 27, 28, 29, 30, 31, 32, 33, 34, 35, 36, 37, 38, 39, 40, 41, 42, 43, 44, 45, 46, 47, 48, 49, 50, 51, 52, 53, 54, 55, 56, 57, 58, 59, 60, 61, 62, 63]
64
Number of Active MOs:  20
Number of Environment MOs:  50
Number of Virtual MOs:  244
 # electrons:            α            β
         Env:  50.00000000  50.00000000
         Act:  20.00000000  20.00000000
         Vir:  -0.00000000  -0.00000000
Number of electrons in the active space:  40

 The density matrix is idempotent!

 The density matrix is idempotent!


******** <class 'pyscf.scf.hf.RHF'> ********
method = RHF
initial guess = minao
damping factor = 0
level_shift factor = 0
DIIS = <class 'pyscf.scf.diis.CDIIS'>
diis_start_cycle = 1
diis_space = 8
SCF conv_tol = 1e-09
SCF conv_tol_grad = 1e-05
SCF max_cycles = 200
direct_scf = True
direct_scf_tol = 1e-13
chkfile to save SCF result = subsys_scf.chk
max_memory 900000 MB (current use 10412 MB)
init E= 930.867271481341
  HOMO = -0.19670426204039  LUMO = -0.001913887758974
cycle= 1 E= 930.832267245921  delta_E= -0.035  |g|= 0.0741  |ddm|= 0.759
  HOMO = -0.204779153431371  LUMO = -0.00255224822087537
cycle= 2 E= 930.829003010498  delta_E= -0.00326  |g|= 0.0279  |ddm|= 0.185
  HOMO = -0.204296744297196  LUMO = 0.00389914902639143
cycle= 3 E= 930.828147572539  delta_E= -0.000855  |g|= 0.0187  |ddm|= 0.08
  HOMO = -0.205327138105119  LUMO = 0.00566980829953263
cycle= 4 E= 930.827785593372  delta_E= -0.000362  |g|= 0.0073  |ddm|= 0.0623
  HOMO = -0.206986657762307  LUMO = 0.00656791440658605
cycle= 5 E= 930.82767353888  delta_E= -0.000112  |g|= 0.00518  |ddm|= 0.0358
  HOMO = -0.207231464154578  LUMO = 0.00704498379530954
cycle= 6 E= 930.827638845681  delta_E= -3.47e-05  |g|= 0.00233  |ddm|= 0.0239
  HOMO = -0.207267627210435  LUMO = 0.00698439336398087
cycle= 7 E= 930.827630300634  delta_E= -8.55e-06  |g|= 0.00178  |ddm|= 0.01
  HOMO = -0.207159355059147  LUMO = 0.0068094363064018
cycle= 8 E= 930.827622882757  delta_E= -7.42e-06  |g|= 0.000695  |ddm|= 0.0149
  HOMO = -0.207070295715289  LUMO = 0.00670782028722066
cycle= 9 E= 930.827621558106  delta_E= -1.32e-06  |g|= 0.000163  |ddm|= 0.00828
  HOMO = -0.207028975173157  LUMO = 0.00670805427147737
cycle= 10 E= 930.827621522048  delta_E= -3.61e-08  |g|= 8.11e-05  |ddm|= 0.00112
  HOMO = -0.20703325864273  LUMO = 0.00669169593009328
cycle= 11 E= 930.82762151611  delta_E= -5.94e-09  |g|= 2.59e-05  |ddm|= 0.000464
  HOMO = -0.207029690741225  LUMO = 0.00669389077295491
cycle= 12 E= 930.827621516001  delta_E= -1.09e-10  |g|= 5e-06  |ddm|= 7.67e-05
  HOMO = -0.207030170364585  LUMO = 0.00669331748028771
Extra cycle  E= 930.82762151583  delta_E= -1.71e-10  |g|= 2.58e-06  |ddm|= 1.35e-05
converged SCF energy = 930.82762151583
Difference in energy:  -865.3185811628049
E(MP2) = 930.102675112377  E_corr = -0.724946403452424
Total energy =  -774.2539017879199
time elapsed:  36.763442516326904
