

******** <class 'pyscf.dft.rks.RKS'> ********
method = RKS-RHF
initial guess = minao
damping factor = 0
level_shift factor = 0
DIIS = <class 'pyscf.scf.diis.CDIIS'>
diis_start_cycle = 1
diis_space = 8
SCF conv_tol = 1e-09
SCF conv_tol_grad = 1e-05
SCF max_cycles = 1000
direct_scf = True
direct_scf_tol = 1e-13
chkfile to save SCF result = scf.fchk
max_memory 900000 MB (current use 79 MB)
XC library pyscf.dft.libxc version 5.1.7
    S. Lehtola, C. Steigemann, M. J. Oliveira, and M. A. Marques, SoftwareX 7, 1 (2018)
XC functionals = b3lyp
    P. A. M. Dirac, Math. Proc. Cambridge Philos. Soc. 26, 376 (1930)
    F. Bloch, Z. Phys. 57, 545 (1929)
    A. D. Becke, Phys. Rev. A 38, 3098 (1988)
    C. Lee, W. Yang, and R. G. Parr, Phys. Rev. B 37, 785 (1988)
    B. Miehlich, A. Savin, H. Stoll, and H. Preuss, Chem. Phys. Lett. 157, 200 (1989)
    S. H. Vosko, L. Wilk, and M. Nusair, Can. J. Phys. 58, 1200 (1980)
small_rho_cutoff = 1e-07
init E= -777.150093523338
  HOMO = -0.219241698746046  LUMO = -0.189841575488036
cycle= 1 E= -774.584392458855  delta_E= 2.57  |g|= 1.06  |ddm|= 6.21
  HOMO = -0.0360135333186487  LUMO = -0.00161121219741673
cycle= 2 E= -770.005087023708  delta_E= 4.58  |g|=    3  |ddm|= 4.13
  HOMO = -0.121266420576181  LUMO = -0.0767774110184351
cycle= 3 E= -774.660353336132  delta_E= -4.66  |g|= 0.765  |ddm|=  3.9
  HOMO = -0.136592388298048  LUMO = -0.119636602852636
cycle= 4 E= -774.578008881811  delta_E= 0.0823  |g|= 0.796  |ddm|= 2.37
  HOMO = -0.159990018411039  LUMO = -0.135764741153417
cycle= 5 E= -774.801591249654  delta_E= -0.224  |g|= 0.532  |ddm|= 2.14
  HOMO = -0.145831694562867  LUMO = -0.12724992587003
cycle= 6 E= -774.76556999495  delta_E= 0.036  |g|= 0.508  |ddm|= 1.86
  HOMO = -0.148814872719532  LUMO = -0.131036561194148
cycle= 7 E= -774.891905389808  delta_E= -0.126  |g|= 0.174  |ddm|= 0.866
  HOMO = -0.152498062352945  LUMO = -0.123422947987529
cycle= 8 E= -774.897755758115  delta_E= -0.00585  |g|= 0.139  |ddm|= 0.17
  HOMO = -0.15740617341622  LUMO = -0.123394155981405
cycle= 9 E= -774.900266711282  delta_E= -0.00251  |g|= 0.117  |ddm|= 0.119
  HOMO = -0.157807216865306  LUMO = -0.121657178843347
cycle= 10 E= -774.902507324354  delta_E= -0.00224  |g|= 0.0879  |ddm|= 0.071
  HOMO = -0.15801944727157  LUMO = -0.121641592507675
cycle= 11 E= -774.905196080093  delta_E= -0.00269  |g|= 0.0464  |ddm|= 0.0942
  HOMO = -0.158272770489629  LUMO = -0.121504064564442
cycle= 12 E= -774.906046821378  delta_E= -0.000851  |g|= 0.0151  |ddm|= 0.0755
  HOMO = -0.158872981913255  LUMO = -0.122303439511314
cycle= 13 E= -774.906077995279  delta_E= -3.12e-05  |g|= 0.00923  |ddm|= 0.0168
  HOMO = -0.158800635848141  LUMO = -0.122161207328878
cycle= 14 E= -774.906105048937  delta_E= -2.71e-05  |g|= 0.004  |ddm|= 0.0099
  HOMO = -0.158749818053524  LUMO = -0.122050186042101
cycle= 15 E= -774.906111204962  delta_E= -6.16e-06  |g|= 0.00133  |ddm|= 0.0054
  HOMO = -0.158798885051671  LUMO = -0.122102741005996
cycle= 16 E= -774.90611192435  delta_E= -7.19e-07  |g|= 0.000282  |ddm|= 0.00291
  HOMO = -0.158785487230374  LUMO = -0.122100432662827
cycle= 17 E= -774.906111949958  delta_E= -2.56e-08  |g|= 0.000177  |ddm|= 0.000563
  HOMO = -0.158786151234478  LUMO = -0.12210408529078
cycle= 18 E= -774.906111957644  delta_E= -7.69e-09  |g|= 4.82e-05  |ddm|= 0.000208
  HOMO = -0.158783567851937  LUMO = -0.122102885055412
cycle= 19 E= -774.906111958317  delta_E= -6.73e-10  |g|= 3.19e-05  |ddm|= 0.000119
  HOMO = -0.158783780447635  LUMO = -0.122104104217398
cycle= 20 E= -774.906111958616  delta_E= -2.99e-10  |g|= 1.37e-05  |ddm|= 4.26e-05
  HOMO = -0.158784085070573  LUMO = -0.122104572948774
cycle= 21 E= -774.906111958674  delta_E= -5.84e-11  |g|= 8.17e-06  |ddm|= 2.86e-05
  HOMO = -0.158783913854393  LUMO = -0.122104593017066
Extra cycle  E= -774.90611195861  delta_E= 6.46e-11  |g|= 1.82e-05  |ddm|= 2.63e-05
converged SCF energy = -774.90611195861
AOs:  [0, 1, 2, 3, 4, 5, 6, 7, 8, 9, 10, 11, 12, 13, 14, 15, 16, 17, 18, 19, 20, 21, 22, 23, 24, 25, 26, 27, 28, 29, 30, 31, 32, 33, 34, 35, 36, 37, 38, 39, 40, 41, 42, 43, 44, 45, 46, 47, 48, 49, 50, 51, 52, 53, 54, 55, 56, 57, 58, 59, 60, 61, 62, 63]
64
Number of Active MOs:  20
Number of Environment MOs:  50
Number of Virtual MOs:  244
 # electrons:            α            β
         Env:  50.00000000  50.00000000
         Act:  20.00000000  20.00000000
         Vir:   0.00000000   0.00000000
Number of electrons in the active space:  40

 The density matrix is idempotent!

 The density matrix is idempotent!


******** <class 'pyscf.scf.hf.RHF'> ********
method = RHF
initial guess = minao
damping factor = 0
level_shift factor = 0
DIIS = <class 'pyscf.scf.diis.CDIIS'>
diis_start_cycle = 1
diis_space = 8
SCF conv_tol = 1e-09
SCF conv_tol_grad = 1e-05
SCF max_cycles = 200
direct_scf = True
direct_scf_tol = 1e-13
chkfile to save SCF result = subsys_scf.chk
max_memory 900000 MB (current use 10407 MB)
init E= 930.725201780678
  HOMO = -0.195049938241031  LUMO = -0.0030174970456008
cycle= 1 E= 930.690126288803  delta_E= -0.0351  |g|= 0.0747  |ddm|= 0.76
  HOMO = -0.202972020698865  LUMO = -0.00374928929004121
cycle= 2 E= 930.686827334218  delta_E= -0.0033  |g|= 0.0282  |ddm|= 0.187
  HOMO = -0.202607990981386  LUMO = 0.00267353583393434
cycle= 3 E= 930.68595177178  delta_E= -0.000876  |g|= 0.0194  |ddm|= 0.081
  HOMO = -0.203541032715712  LUMO = 0.00447982884629612
cycle= 4 E= 930.685568924528  delta_E= -0.000383  |g|= 0.00763  |ddm|= 0.0642
  HOMO = -0.205269492399734  LUMO = 0.00538108838344137
cycle= 5 E= 930.685443497078  delta_E= -0.000125  |g|= 0.0055  |ddm|= 0.0384
  HOMO = -0.205502905231203  LUMO = 0.00586982038811388
cycle= 6 E= 930.685402688633  delta_E= -4.08e-05  |g|= 0.00258  |ddm|= 0.0261
  HOMO = -0.205534703614234  LUMO = 0.00579508477067897
cycle= 7 E= 930.685391868938  delta_E= -1.08e-05  |g|= 0.00197  |ddm|= 0.0114
  HOMO = -0.205396860134306  LUMO = 0.00559240249764565
cycle= 8 E= 930.685382134551  delta_E= -9.73e-06  |g|= 0.00076  |ddm|= 0.0177
  HOMO = -0.205295812370386  LUMO = 0.0054743181771283
cycle= 9 E= 930.68538047975  delta_E= -1.65e-06  |g|= 0.000182  |ddm|= 0.0095
  HOMO = -0.205248655514358  LUMO = 0.00547612796535702
cycle= 10 E= 930.685380436139  delta_E= -4.36e-08  |g|= 9.4e-05  |ddm|= 0.00121
  HOMO = -0.205252286762162  LUMO = 0.00545660893018917
cycle= 11 E= 930.685380428498  delta_E= -7.64e-09  |g|= 2.82e-05  |ddm|= 0.000583
  HOMO = -0.205248689384305  LUMO = 0.00545899155872975
cycle= 12 E= 930.685380427853  delta_E= -6.45e-10  |g|= 5.44e-06  |ddm|= 8.48e-05
  HOMO = -0.205249170095718  LUMO = 0.00545839596050887
Extra cycle  E= 930.685380427933  delta_E= 7.94e-11  |g|= 2.77e-06  |ddm|= 1.49e-05
converged SCF energy = 930.685380427933
Difference in energy:  -865.8164223491528
E(MP2) = 929.96042031263  E_corr = -0.724960115302679
Total energy =  -774.2513069349518
time elapsed:  40.616925954818726
