

******** <class 'pyscf.dft.rks.RKS'> ********
method = RKS-RHF
initial guess = minao
damping factor = 0
level_shift factor = 0
DIIS = <class 'pyscf.scf.diis.CDIIS'>
diis_start_cycle = 1
diis_space = 8
SCF conv_tol = 1e-09
SCF conv_tol_grad = 1e-05
SCF max_cycles = 1000
direct_scf = True
direct_scf_tol = 1e-13
chkfile to save SCF result = scf.fchk
max_memory 900000 MB (current use 79 MB)
XC library pyscf.dft.libxc version 5.1.7
    S. Lehtola, C. Steigemann, M. J. Oliveira, and M. A. Marques, SoftwareX 7, 1 (2018)
XC functionals = b3lyp
    P. A. M. Dirac, Math. Proc. Cambridge Philos. Soc. 26, 376 (1930)
    F. Bloch, Z. Phys. 57, 545 (1929)
    A. D. Becke, Phys. Rev. A 38, 3098 (1988)
    C. Lee, W. Yang, and R. G. Parr, Phys. Rev. B 37, 785 (1988)
    B. Miehlich, A. Savin, H. Stoll, and H. Preuss, Chem. Phys. Lett. 157, 200 (1989)
    S. H. Vosko, L. Wilk, and M. Nusair, Can. J. Phys. 58, 1200 (1980)
small_rho_cutoff = 1e-07
init E= -777.150066905495
  HOMO = -0.219119519942397  LUMO = -0.189942400009885
cycle= 1 E= -774.582386934203  delta_E= 2.57  |g|= 1.06  |ddm|= 6.21
  HOMO = -0.0347401748200769  LUMO = -0.000797292969350558
cycle= 2 E= -769.988855142869  delta_E= 4.59  |g|=    3  |ddm|= 4.14
  HOMO = -0.120309766323037  LUMO = -0.077364488275021
cycle= 3 E= -774.658642814852  delta_E= -4.67  |g|= 0.765  |ddm|=  3.9
  HOMO = -0.135397076524512  LUMO = -0.119270434408621
cycle= 4 E= -774.567946610843  delta_E= 0.0907  |g|= 0.805  |ddm|= 2.39
  HOMO = -0.158893538514068  LUMO = -0.136690361639083
cycle= 5 E= -774.792956017146  delta_E= -0.225  |g|= 0.542  |ddm|= 2.19
  HOMO = -0.144858965182975  LUMO = -0.127641335662917
cycle= 6 E= -774.723299628877  delta_E= 0.0697  |g|= 0.56  |ddm|= 2.05
  HOMO = -0.146066440838756  LUMO = -0.133604062173148
cycle= 7 E= -774.888430019247  delta_E= -0.165  |g|= 0.182  |ddm|= 1.07
  HOMO = -0.150871507881679  LUMO = -0.125192620447927
cycle= 8 E= -774.896529177575  delta_E= -0.0081  |g|= 0.134  |ddm|= 0.183
  HOMO = -0.156030656252746  LUMO = -0.124648647588851
cycle= 9 E= -774.895375167624  delta_E= 0.00115  |g|= 0.143  |ddm|= 0.127
  HOMO = -0.156627296039412  LUMO = -0.122458398670931
cycle= 10 E= -774.896883776569  delta_E= -0.00151  |g|= 0.126  |ddm|= 0.0662
  HOMO = -0.156390735946126  LUMO = -0.122291801672137
cycle= 11 E= -774.900201406582  delta_E= -0.00332  |g|= 0.0971  |ddm|= 0.0803
  HOMO = -0.156101298852694  LUMO = -0.121373459771053
cycle= 12 E= -774.903065360704  delta_E= -0.00286  |g|= 0.0585  |ddm|=  0.1
  HOMO = -0.157861674333968  LUMO = -0.123885252343787
cycle= 13 E= -774.903659198663  delta_E= -0.000594  |g|= 0.0389  |ddm|= 0.0426
  HOMO = -0.157872510053136  LUMO = -0.122978270550804
cycle= 14 E= -774.904233472971  delta_E= -0.000574  |g|= 0.0119  |ddm|= 0.0476
  HOMO = -0.157758366545972  LUMO = -0.122787418920192
cycle= 15 E= -774.904294572282  delta_E= -6.11e-05  |g|= 0.00375  |ddm|= 0.0184
  HOMO = -0.157877028404015  LUMO = -0.122966084118615
cycle= 16 E= -774.90429899402  delta_E= -4.42e-06  |g|= 0.00148  |ddm|= 0.00905
  HOMO = -0.157826071051415  LUMO = -0.122974174219518
cycle= 17 E= -774.904299923064  delta_E= -9.29e-07  |g|= 0.000561  |ddm|= 0.00254
  HOMO = -0.157823610459366  LUMO = -0.122980646844705
cycle= 18 E= -774.90429999737  delta_E= -7.43e-08  |g|= 0.000303  |ddm|= 0.000911
  HOMO = -0.157813967419421  LUMO = -0.122973349006567
cycle= 19 E= -774.904300011154  delta_E= -1.38e-08  |g|= 0.000216  |ddm|= 0.000625
  HOMO = -0.157817093853419  LUMO = -0.122979325170173
cycle= 20 E= -774.904300026564  delta_E= -1.54e-08  |g|= 6.69e-05  |ddm|= 0.000259
  HOMO = -0.157818251219089  LUMO = -0.122982043252489
cycle= 21 E= -774.9043000284  delta_E= -1.84e-09  |g|= 2.21e-05  |ddm|= 0.000143
  HOMO = -0.157816960764988  LUMO = -0.122981015365268
cycle= 22 E= -774.904300028522  delta_E= -1.22e-10  |g|= 3.84e-06  |ddm|= 2.45e-05
  HOMO = -0.157817465270782  LUMO = -0.122981647446241
Extra cycle  E= -774.904300028506  delta_E= 1.57e-11  |g|= 7.85e-06  |ddm|= 1.5e-05
converged SCF energy = -774.904300028506
AOs:  [0, 1, 2, 3, 4, 5, 6, 7, 8, 9, 10, 11, 12, 13, 14, 15, 16, 17, 18, 19, 20, 21, 22, 23, 24, 25, 26, 27, 28, 29, 30, 31, 32, 33, 34, 35, 36, 37, 38, 39, 40, 41, 42, 43, 44, 45, 46, 47, 48, 49, 50, 51, 52, 53, 54, 55, 56, 57, 58, 59, 60, 61, 62, 63]
64
Number of Active MOs:  20
Number of Environment MOs:  50
Number of Virtual MOs:  244
 # electrons:            α            β
         Env:  50.00000000  50.00000000
         Act:  20.00000000  20.00000000
         Vir:  -0.00000000  -0.00000000
Number of electrons in the active space:  40

 The density matrix is idempotent!

 The density matrix is idempotent!


******** <class 'pyscf.scf.hf.RHF'> ********
method = RHF
initial guess = minao
damping factor = 0
level_shift factor = 0
DIIS = <class 'pyscf.scf.diis.CDIIS'>
diis_start_cycle = 1
diis_space = 8
SCF conv_tol = 1e-09
SCF conv_tol_grad = 1e-05
SCF max_cycles = 200
direct_scf = True
direct_scf_tol = 1e-13
chkfile to save SCF result = subsys_scf.chk
max_memory 900000 MB (current use 10659 MB)
init E= 930.584090266369
  HOMO = -0.193386383594582  LUMO = -0.00412178875806406
cycle= 1 E= 930.548939687542  delta_E= -0.0352  |g|= 0.0752  |ddm|= 0.761
  HOMO = -0.201142080622721  LUMO = -0.00495488291074158
cycle= 2 E= 930.545603926616  delta_E= -0.00334  |g|= 0.0286  |ddm|= 0.19
  HOMO = -0.200905016114425  LUMO = 0.00143667946466786
cycle= 3 E= 930.544706765363  delta_E= -0.000897  |g|= 0.02  |ddm|= 0.0822
  HOMO = -0.201736978910102  LUMO = 0.00327913020424176
cycle= 4 E= 930.544300878861  delta_E= -0.000406  |g|= 0.008  |ddm|= 0.0662
  HOMO = -0.203533389749288  LUMO = 0.00418218745179041
cycle= 5 E= 930.544159891031  delta_E= -0.000141  |g|= 0.00586  |ddm|= 0.0413
  HOMO = -0.203753465481035  LUMO = 0.00468209008790172
cycle= 6 E= 930.544111537808  delta_E= -4.84e-05  |g|= 0.00285  |ddm|= 0.0286
  HOMO = -0.203779521957631  LUMO = 0.00459053052152959
cycle= 7 E= 930.54409774688  delta_E= -1.38e-05  |g|= 0.0022  |ddm|= 0.0131
  HOMO = -0.20360546042295  LUMO = 0.00435466012998275
cycle= 8 E= 930.544084864662  delta_E= -1.29e-05  |g|= 0.000835  |ddm|= 0.0211
  HOMO = -0.203490140653136  LUMO = 0.00421627529867202
cycle= 9 E= 930.544082771163  delta_E= -2.09e-06  |g|= 0.000206  |ddm|= 0.011
  HOMO = -0.20343610595038  LUMO = 0.0042198068049856
cycle= 10 E= 930.544082718046  delta_E= -5.31e-08  |g|= 0.000109  |ddm|= 0.00132
  HOMO = -0.203438432947727  LUMO = 0.00419640274978826
cycle= 11 E= 930.544082706702  delta_E= -1.13e-08  |g|= 3.08e-05  |ddm|= 0.000741
  HOMO = -0.203434854176342  LUMO = 0.00419901747755129
cycle= 12 E= 930.544082705975  delta_E= -7.27e-10  |g|= 5.94e-06  |ddm|= 9.63e-05
  HOMO = -0.203435342907584  LUMO = 0.00419841565172887
Extra cycle  E= 930.544082705915  delta_E= -6e-11  |g|= 2.99e-06  |ddm|= 1.64e-05
converged SCF energy = 930.544082705915
Difference in energy:  -866.3116093864633
E(MP2) = 929.819170639895  E_corr = -0.724912066019618
Total energy =  -774.2486578254519
time elapsed:  39.44044232368469
