

******** <class 'pyscf.dft.rks.RKS'> ********
method = RKS-RHF
initial guess = minao
damping factor = 0
level_shift factor = 0
DIIS = <class 'pyscf.scf.diis.CDIIS'>
diis_start_cycle = 1
diis_space = 8
SCF conv_tol = 1e-09
SCF conv_tol_grad = 1e-05
SCF max_cycles = 1000
direct_scf = True
direct_scf_tol = 1e-13
chkfile to save SCF result = scf.fchk
max_memory 900000 MB (current use 79 MB)
XC library pyscf.dft.libxc version 5.1.7
    S. Lehtola, C. Steigemann, M. J. Oliveira, and M. A. Marques, SoftwareX 7, 1 (2018)
XC functionals = b3lyp
    P. A. M. Dirac, Math. Proc. Cambridge Philos. Soc. 26, 376 (1930)
    F. Bloch, Z. Phys. 57, 545 (1929)
    A. D. Becke, Phys. Rev. A 38, 3098 (1988)
    C. Lee, W. Yang, and R. G. Parr, Phys. Rev. B 37, 785 (1988)
    B. Miehlich, A. Savin, H. Stoll, and H. Preuss, Chem. Phys. Lett. 157, 200 (1989)
    S. H. Vosko, L. Wilk, and M. Nusair, Can. J. Phys. 58, 1200 (1980)
small_rho_cutoff = 1e-07
init E= -777.150042260123
  HOMO = -0.219040941186037  LUMO = -0.190003952189384
cycle= 1 E= -774.581142747461  delta_E= 2.57  |g|= 1.06  |ddm|= 6.21
  HOMO = -0.0339679240257226  LUMO = -0.000264362811414559
cycle= 2 E= -769.979522893264  delta_E=  4.6  |g|=    3  |ddm|= 4.14
  HOMO = -0.119683211869758  LUMO = -0.0777357108924478
cycle= 3 E= -774.657395079568  delta_E= -4.68  |g|= 0.764  |ddm|= 3.91
  HOMO = -0.134609901204571  LUMO = -0.119023662409873
cycle= 4 E= -774.56167025538  delta_E= 0.0957  |g|= 0.81  |ddm|= 2.41
  HOMO = -0.158136465210575  LUMO = -0.137325428492153
cycle= 5 E= -774.785905031702  delta_E= -0.224  |g|= 0.549  |ddm|= 2.24
  HOMO = -0.144253710967087  LUMO = -0.127781517979494
cycle= 6 E= -774.68743039115  delta_E= 0.0985  |g|= 0.595  |ddm|= 2.19
  HOMO = -0.143165153684095  LUMO = -0.136576044810513
cycle= 7 E= -774.887650018108  delta_E= -0.2  |g|= 0.175  |ddm|= 1.33
  HOMO = -0.149809461451209  LUMO = -0.127368037680689
cycle= 8 E= -774.900142317992  delta_E= -0.0125  |g|= 0.0743  |ddm|= 0.253
  HOMO = -0.155919208176313  LUMO = -0.126030411828518
cycle= 9 E= -774.89779622481  delta_E= 0.00235  |g|= 0.106  |ddm|= 0.149
  HOMO = -0.15600557466459  LUMO = -0.123543530378378
cycle= 10 E= -774.898853941412  delta_E= -0.00106  |g|= 0.088  |ddm|= 0.0682
  HOMO = -0.156137526471325  LUMO = -0.123296519487101
cycle= 11 E= -774.900654602278  delta_E= -0.0018  |g|= 0.0648  |ddm|= 0.062
  HOMO = -0.155888722858325  LUMO = -0.123096594329576
cycle= 12 E= -774.901922081829  delta_E= -0.00127  |g|= 0.0393  |ddm|= 0.0641
  HOMO = -0.156941144535856  LUMO = -0.124833421673676
cycle= 13 E= -774.902170093322  delta_E= -0.000248  |g|= 0.0273  |ddm|= 0.0301
  HOMO = -0.156712382423233  LUMO = -0.123804117585146
cycle= 14 E= -774.902424268613  delta_E= -0.000254  |g|= 0.0121  |ddm|= 0.0276
  HOMO = -0.156803272043485  LUMO = -0.123749141038303
cycle= 15 E= -774.902489278007  delta_E= -6.5e-05  |g|= 0.00283  |ddm|= 0.0195
  HOMO = -0.156912104090587  LUMO = -0.123871483223893
cycle= 16 E= -774.902491668855  delta_E= -2.39e-06  |g|= 0.00139  |ddm|= 0.00778
  HOMO = -0.156848155903393  LUMO = -0.123856206336157
cycle= 17 E= -774.902492493312  delta_E= -8.24e-07  |g|= 0.000385  |ddm|= 0.00221
  HOMO = -0.156842346873505  LUMO = -0.123859567869641
cycle= 18 E= -774.902492560758  delta_E= -6.74e-08  |g|= 0.000144  |ddm|= 0.000851
  HOMO = -0.156839618450173  LUMO = -0.123859302840186
cycle= 19 E= -774.902492562254  delta_E= -1.5e-09  |g|= 0.000108  |ddm|= 0.000285
  HOMO = -0.156842401311405  LUMO = -0.123862800775765
cycle= 20 E= -774.902492566634  delta_E= -4.38e-09  |g|= 3.73e-05  |ddm|= 0.000142
  HOMO = -0.156842354093051  LUMO = -0.123863330319902
cycle= 21 E= -774.902492567166  delta_E= -5.33e-10  |g|= 1.1e-05  |ddm|= 8.21e-05
  HOMO = -0.156841850005866  LUMO = -0.123862980058594
cycle= 22 E= -774.902492567202  delta_E= -3.52e-11  |g|= 3.5e-06  |ddm|= 1.2e-05
  HOMO = -0.156841547100267  LUMO = -0.12386312335655
Extra cycle  E= -774.90249256706  delta_E= 1.41e-10  |g|= 1.82e-05  |ddm|= 4.01e-05
converged SCF energy = -774.90249256706
AOs:  [0, 1, 2, 3, 4, 5, 6, 7, 8, 9, 10, 11, 12, 13, 14, 15, 16, 17, 18, 19, 20, 21, 22, 23, 24, 25, 26, 27, 28, 29, 30, 31, 32, 33, 34, 35, 36, 37, 38, 39, 40, 41, 42, 43, 44, 45, 46, 47, 48, 49, 50, 51, 52, 53, 54, 55, 56, 57, 58, 59, 60, 61, 62, 63]
64
Number of Active MOs:  2
Number of Environment MOs:  68
Number of Virtual MOs:  244
 # electrons:            α            β
         Env:  68.00000000  68.00000000
         Act:   2.00000000   2.00000000
         Vir:   0.00000000   0.00000000
Number of electrons in the active space:  4

 The density matrix is idempotent!

 The density matrix is idempotent!


******** <class 'pyscf.scf.hf.RHF'> ********
method = RHF
initial guess = minao
damping factor = 0
level_shift factor = 0
DIIS = <class 'pyscf.scf.diis.CDIIS'>
diis_start_cycle = 1
diis_space = 8
SCF conv_tol = 1e-09
SCF conv_tol_grad = 1e-05
SCF max_cycles = 200
direct_scf = True
direct_scf_tol = 1e-13
chkfile to save SCF result = subsys_scf.chk
max_memory 900000 MB (current use 10406 MB)
init E= 1257.76222879529
  HOMO = -1.35725501930075  LUMO = -0.024059343648512
cycle= 1 E= 1257.76160181407  delta_E= -0.000627  |g|= 0.00755  |ddm|= 0.0433
  HOMO = -1.35800355356249  LUMO = -0.0243306679058671
cycle= 2 E= 1257.76158738317  delta_E= -1.44e-05  |g|= 0.00117  |ddm|= 0.00596
  HOMO = -1.35813435836037  LUMO = -0.0243776574498624
cycle= 3 E= 1257.76158701746  delta_E= -3.66e-07  |g|= 2.51e-05  |ddm|= 0.00106
  HOMO = -1.35813186177016  LUMO = -0.0243765488353306
cycle= 4 E= 1257.76158701729  delta_E= -1.63e-10  |g|= 8.15e-07  |ddm|= 2.62e-05
  HOMO = -1.35813177653901  LUMO = -0.0243765131417273
Extra cycle  E= 1257.76158701719  delta_E= -1.08e-10  |g|= 1.31e-07  |ddm|= 1.14e-06
converged SCF energy = 1257.76158701719
Difference in energy:  -50.30175078021502
E(MP2) = 1257.74672509983  E_corr = -0.0148619173586634
Total energy =  -774.8371936092451
time elapsed:  38.06507992744446
