

******** <class 'pyscf.dft.rks.RKS'> ********
method = RKS-RHF
initial guess = minao
damping factor = 0
level_shift factor = 0
DIIS = <class 'pyscf.scf.diis.CDIIS'>
diis_start_cycle = 1
diis_space = 8
SCF conv_tol = 1e-09
SCF conv_tol_grad = 1e-05
SCF max_cycles = 1000
direct_scf = True
direct_scf_tol = 1e-13
chkfile to save SCF result = scf.fchk
max_memory 900000 MB (current use 79 MB)
XC library pyscf.dft.libxc version 5.1.7
    S. Lehtola, C. Steigemann, M. J. Oliveira, and M. A. Marques, SoftwareX 7, 1 (2018)
XC functionals = b3lyp
    P. A. M. Dirac, Math. Proc. Cambridge Philos. Soc. 26, 376 (1930)
    F. Bloch, Z. Phys. 57, 545 (1929)
    A. D. Becke, Phys. Rev. A 38, 3098 (1988)
    C. Lee, W. Yang, and R. G. Parr, Phys. Rev. B 37, 785 (1988)
    B. Miehlich, A. Savin, H. Stoll, and H. Preuss, Chem. Phys. Lett. 157, 200 (1989)
    S. H. Vosko, L. Wilk, and M. Nusair, Can. J. Phys. 58, 1200 (1980)
small_rho_cutoff = 1e-07
init E= -777.150019027044
  HOMO = -0.219006619088689  LUMO = -0.190025389697032
cycle= 1 E= -774.580704634815  delta_E= 2.57  |g|= 1.06  |ddm|= 6.21
  HOMO = -0.033723571659715  LUMO = -0.00011699613568292
cycle= 2 E= -769.977482139854  delta_E=  4.6  |g|=    3  |ddm|= 4.14
  HOMO = -0.119422773015524  LUMO = -0.0778614364618842
cycle= 3 E= -774.656849180891  delta_E= -4.68  |g|= 0.765  |ddm|= 3.91
  HOMO = -0.134312233377676  LUMO = -0.118963083140848
cycle= 4 E= -774.559470111536  delta_E= 0.0974  |g|= 0.812  |ddm|= 2.41
  HOMO = -0.157855072541429  LUMO = -0.137561087916014
cycle= 5 E= -774.782854710102  delta_E= -0.223  |g|= 0.552  |ddm|= 2.25
  HOMO = -0.144031178451174  LUMO = -0.12777932178276
cycle= 6 E= -774.672263691605  delta_E= 0.111  |g|= 0.608  |ddm|= 2.25

WARN: HOMO -0.140025910098823 == LUMO -0.139808990993855

cycle= 7 E= -774.887944423039  delta_E= -0.216  |g|= 0.147  |ddm|= 1.99
  HOMO = -0.147480057172664  LUMO = -0.130426786477116
cycle= 8 E= -774.897520304323  delta_E= -0.00958  |g|= 0.089  |ddm|= 0.557
  HOMO = -0.153471202784746  LUMO = -0.12491132843996
cycle= 9 E= -774.897325714133  delta_E= 0.000195  |g|= 0.0846  |ddm|= 0.0782
  HOMO = -0.15392959767581  LUMO = -0.124963894361874
cycle= 10 E= -774.898537287256  delta_E= -0.00121  |g|= 0.0686  |ddm|= 0.0367
  HOMO = -0.154784478070956  LUMO = -0.125071561672927
cycle= 11 E= -774.900332690357  delta_E= -0.0018  |g|= 0.0287  |ddm|= 0.0919
  HOMO = -0.155299127783416  LUMO = -0.124585044257063
cycle= 12 E= -774.900560337108  delta_E= -0.000228  |g|= 0.0145  |ddm|= 0.0271
  HOMO = -0.155578482839497  LUMO = -0.124733559678639
cycle= 13 E= -774.900586744004  delta_E= -2.64e-05  |g|= 0.0115  |ddm|= 0.00684
  HOMO = -0.155742537461948  LUMO = -0.1247892827211
cycle= 14 E= -774.900625405973  delta_E= -3.87e-05  |g|= 0.00659  |ddm|= 0.00916
  HOMO = -0.155833728136637  LUMO = -0.124744014196034
cycle= 15 E= -774.900644342409  delta_E= -1.89e-05  |g|= 0.000961  |ddm|= 0.0113
  HOMO = -0.155832254290032  LUMO = -0.124759836341848
cycle= 16 E= -774.900644652752  delta_E= -3.1e-07  |g|= 0.000459  |ddm|= 0.00145
  HOMO = -0.15583346238645  LUMO = -0.124766412787058
cycle= 17 E= -774.900644707374  delta_E= -5.46e-08  |g|= 0.000182  |ddm|= 0.0009
  HOMO = -0.155835580797264  LUMO = -0.124772363970416
cycle= 18 E= -774.900644716385  delta_E= -9.01e-09  |g|= 8.89e-05  |ddm|= 0.000274
  HOMO = -0.155835049421553  LUMO = -0.124772191582153
cycle= 19 E= -774.900644718108  delta_E= -1.72e-09  |g|= 2.65e-05  |ddm|= 0.000111
  HOMO = -0.155832945381672  LUMO = -0.124771293993665
cycle= 20 E= -774.900644718317  delta_E= -2.09e-10  |g|= 1.33e-05  |ddm|= 5.45e-05
  HOMO = -0.155832953065619  LUMO = -0.124771780788312
cycle= 21 E= -774.900644718372  delta_E= -5.53e-11  |g|= 6.45e-06  |ddm|= 2.08e-05
  HOMO = -0.155833403490549  LUMO = -0.124771830323896
Extra cycle  E= -774.900644717983  delta_E= 3.89e-10  |g|= 3.09e-05  |ddm|= 6.77e-05
converged SCF energy = -774.900644717983
AOs:  [0, 1, 2, 3, 4, 5, 6, 7, 8, 9, 10, 11, 12, 13, 14, 15, 16, 17, 18, 19, 20, 21, 22, 23, 24, 25, 26, 27, 28, 29, 30, 31, 32, 33, 34, 35, 36, 37, 38, 39, 40, 41, 42, 43, 44, 45, 46, 47, 48, 49, 50, 51, 52, 53, 54, 55, 56, 57, 58, 59, 60, 61, 62, 63]
64
Number of Active MOs:  2
Number of Environment MOs:  68
Number of Virtual MOs:  244
 # electrons:            α            β
         Env:  68.00000000  68.00000000
         Act:   2.00000000   2.00000000
         Vir:  -0.00000000  -0.00000000
Number of electrons in the active space:  4

 The density matrix is idempotent!

 The density matrix is idempotent!


******** <class 'pyscf.scf.hf.RHF'> ********
method = RHF
initial guess = minao
damping factor = 0
level_shift factor = 0
DIIS = <class 'pyscf.scf.diis.CDIIS'>
diis_start_cycle = 1
diis_space = 8
SCF conv_tol = 1e-09
SCF conv_tol_grad = 1e-05
SCF max_cycles = 200
direct_scf = True
direct_scf_tol = 1e-13
chkfile to save SCF result = subsys_scf.chk
max_memory 900000 MB (current use 10645 MB)
init E= 1257.57513248858
  HOMO = -1.35688856642674  LUMO = -0.0249424422922598
cycle= 1 E= 1257.57450549044  delta_E= -0.000627  |g|= 0.00755  |ddm|= 0.0433
  HOMO = -1.35763713372276  LUMO = -0.025215721639276
cycle= 2 E= 1257.5744910595  delta_E= -1.44e-05  |g|= 0.00117  |ddm|= 0.00596
  HOMO = -1.35776795614739  LUMO = -0.0252630677879208
cycle= 3 E= 1257.57449069434  delta_E= -3.65e-07  |g|= 2.51e-05  |ddm|= 0.00106
  HOMO = -1.35776546218629  LUMO = -0.0252619549705413
cycle= 4 E= 1257.57449069406  delta_E= -2.82e-10  |g|= 8.15e-07  |ddm|= 2.62e-05
  HOMO = -1.3577653773852  LUMO = -0.0252619192098183
Extra cycle  E= 1257.57449069376  delta_E= -2.99e-10  |g|= 1.31e-07  |ddm|= 1.14e-06
converged SCF energy = 1257.57449069376
Difference in energy:  -50.3023349951209
E(MP2) = 1257.55962567154  E_corr = -0.0148650222232922
Total energy =  -774.835347934028
time elapsed:  36.3577926158905
