

******** <class 'pyscf.dft.rks.RKS'> ********
method = RKS-RHF
initial guess = minao
damping factor = 0
level_shift factor = 0
DIIS = <class 'pyscf.scf.diis.CDIIS'>
diis_start_cycle = 1
diis_space = 8
SCF conv_tol = 1e-09
SCF conv_tol_grad = 1e-05
SCF max_cycles = 1000
direct_scf = True
direct_scf_tol = 1e-13
chkfile to save SCF result = scf.fchk
max_memory 900000 MB (current use 79 MB)
XC library pyscf.dft.libxc version 5.1.7
    S. Lehtola, C. Steigemann, M. J. Oliveira, and M. A. Marques, SoftwareX 7, 1 (2018)
XC functionals = b3lyp
    P. A. M. Dirac, Math. Proc. Cambridge Philos. Soc. 26, 376 (1930)
    F. Bloch, Z. Phys. 57, 545 (1929)
    A. D. Becke, Phys. Rev. A 38, 3098 (1988)
    C. Lee, W. Yang, and R. G. Parr, Phys. Rev. B 37, 785 (1988)
    B. Miehlich, A. Savin, H. Stoll, and H. Preuss, Chem. Phys. Lett. 157, 200 (1989)
    S. H. Vosko, L. Wilk, and M. Nusair, Can. J. Phys. 58, 1200 (1980)
small_rho_cutoff = 1e-07
init E= -777.149998867546
  HOMO = -0.219017852617418  LUMO = -0.190006264895378
cycle= 1 E= -774.581091404758  delta_E= 2.57  |g|= 1.06  |ddm|= 6.21
  HOMO = -0.0340150942470625  LUMO = -0.000511455952802108
cycle= 2 E= -769.982792783348  delta_E=  4.6  |g|=    3  |ddm|= 4.14
  HOMO = -0.119547235045404  LUMO = -0.0777309920064626
cycle= 3 E= -774.657127494031  delta_E= -4.67  |g|= 0.765  |ddm|=  3.9
  HOMO = -0.134539107289603  LUMO = -0.119110732421743
cycle= 4 E= -774.561473406864  delta_E= 0.0957  |g|= 0.81  |ddm|= 2.41
  HOMO = -0.158111080454706  LUMO = -0.137346221788649
cycle= 5 E= -774.785252790437  delta_E= -0.224  |g|= 0.55  |ddm|= 2.24
  HOMO = -0.14418071939899  LUMO = -0.127724413573929
cycle= 6 E= -774.684503053804  delta_E= 0.101  |g|= 0.598  |ddm|=  2.2
  HOMO = -0.142840573233314  LUMO = -0.136907978714786
cycle= 7 E= -774.887712096049  delta_E= -0.203  |g|= 0.173  |ddm|= 1.36
  HOMO = -0.149550641002826  LUMO = -0.127361366973772
cycle= 8 E= -774.900500725151  delta_E= -0.0128  |g|= 0.0649  |ddm|= 0.269
  HOMO = -0.156036570743286  LUMO = -0.12609354382738
cycle= 9 E= -774.898627482808  delta_E= 0.00187  |g|= 0.095  |ddm|= 0.151
  HOMO = -0.155973771087366  LUMO = -0.123498564457694
cycle= 10 E= -774.899787304601  delta_E= -0.00116  |g|= 0.0732  |ddm|= 0.0699
  HOMO = -0.156136996533597  LUMO = -0.123232153757836
cycle= 11 E= -774.901185249069  delta_E= -0.0014  |g|= 0.0503  |ddm|= 0.0577
  HOMO = -0.156052358767976  LUMO = -0.123156872597887
cycle= 12 E= -774.902014850789  delta_E= -0.00083  |g|= 0.0277  |ddm|= 0.0549
  HOMO = -0.156842704305178  LUMO = -0.124438220928158
cycle= 13 E= -774.902149808857  delta_E= -0.000135  |g|= 0.0185  |ddm|= 0.0228
  HOMO = -0.15659877938155  LUMO = -0.123704523966411
cycle= 14 E= -774.902261969921  delta_E= -0.000112  |g|= 0.00855  |ddm|= 0.0185
  HOMO = -0.156644874586751  LUMO = -0.123635875089047
cycle= 15 E= -774.902293813355  delta_E= -3.18e-05  |g|= 0.00196  |ddm|= 0.0139
  HOMO = -0.156727256742031  LUMO = -0.123734028075308
cycle= 16 E= -774.902294960107  delta_E= -1.15e-06  |g|= 0.000921  |ddm|= 0.00506
  HOMO = -0.156687994662994  LUMO = -0.12372611232136
cycle= 17 E= -774.902295292942  delta_E= -3.33e-07  |g|= 0.000288  |ddm|= 0.00142
  HOMO = -0.156682079518888  LUMO = -0.123726729957571
cycle= 18 E= -774.902295327087  delta_E= -3.41e-08  |g|= 0.000113  |ddm|= 0.000568
  HOMO = -0.156678661491445  LUMO = -0.123725618363534
cycle= 19 E= -774.902295328387  delta_E= -1.3e-09  |g|= 8.95e-05  |ddm|= 0.000253
  HOMO = -0.156681019107941  LUMO = -0.123729087049056
cycle= 20 E= -774.902295331307  delta_E= -2.92e-09  |g|= 2.6e-05  |ddm|= 0.000122
  HOMO = -0.156680683797785  LUMO = -0.123729677644571
cycle= 21 E= -774.902295331528  delta_E= -2.21e-10  |g|= 8.69e-06  |ddm|= 5.08e-05
  HOMO = -0.15668040521235  LUMO = -0.123729605956897
Extra cycle  E= -774.902295331455  delta_E= 7.28e-11  |g|= 1.82e-05  |ddm|= 2.81e-05
converged SCF energy = -774.902295331455
AOs:  [0, 1, 2, 3, 4, 5, 6, 7, 8, 9, 10, 11, 12, 13, 14, 15, 16, 17, 18, 19, 20, 21, 22, 23, 24, 25, 26, 27, 28, 29, 30, 31, 32, 33, 34, 35, 36, 37, 38, 39, 40, 41, 42, 43, 44, 45, 46, 47, 48, 49, 50, 51, 52, 53, 54, 55, 56, 57, 58, 59, 60, 61, 62, 63]
64
Number of Active MOs:  20
Number of Environment MOs:  50
Number of Virtual MOs:  244
 # electrons:            α            β
         Env:  50.00000000  50.00000000
         Act:  20.00000000  20.00000000
         Vir:  -0.00000000  -0.00000000
Number of electrons in the active space:  40

 The density matrix is idempotent!

 The density matrix is idempotent!


******** <class 'pyscf.scf.hf.RHF'> ********
method = RHF
initial guess = minao
damping factor = 0
level_shift factor = 0
DIIS = <class 'pyscf.scf.diis.CDIIS'>
diis_start_cycle = 1
diis_space = 8
SCF conv_tol = 1e-09
SCF conv_tol_grad = 1e-05
SCF max_cycles = 200
direct_scf = True
direct_scf_tol = 1e-13
chkfile to save SCF result = subsys_scf.chk
max_memory 900000 MB (current use 10413 MB)
init E= 930.15672738234
  HOMO = -0.190557178514959  LUMO = -0.00494409183881227
cycle= 1 E= 930.121252013587  delta_E= -0.0355  |g|= 0.0766  |ddm|= 0.761
  HOMO = -0.197965064256587  LUMO = -0.00565168140688867
cycle= 2 E= 930.11777689994  delta_E= -0.00348  |g|= 0.0293  |ddm|= 0.192
  HOMO = -0.198089145422484  LUMO = 0.000778246234740379
cycle= 3 E= 930.116801544048  delta_E= -0.000975  |g|= 0.0214  |ddm|= 0.084
  HOMO = -0.198807910859566  LUMO = 0.00278137073104063
cycle= 4 E= 930.116333175345  delta_E= -0.000468  |g|= 0.00877  |ddm|= 0.0699
  HOMO = -0.200781801588754  LUMO = 0.00371971545139881
cycle= 5 E= 930.116156997276  delta_E= -0.000176  |g|= 0.00648  |ddm|= 0.0471
  HOMO = -0.200968099180445  LUMO = 0.00426387660422414
cycle= 6 E= 930.116094903881  delta_E= -6.21e-05  |g|= 0.00324  |ddm|= 0.033
  HOMO = -0.200988555949486  LUMO = 0.00412508451384974
cycle= 7 E= 930.116076563394  delta_E= -1.83e-05  |g|= 0.00253  |ddm|= 0.0152
  HOMO = -0.200735078271836  LUMO = 0.00383647605808117
cycle= 8 E= 930.1160577998  delta_E= -1.88e-05  |g|= 0.00099  |ddm|= 0.0264
  HOMO = -0.200605801771651  LUMO = 0.00363686947254459
cycle= 9 E= 930.116054691994  delta_E= -3.11e-06  |g|= 0.000282  |ddm|= 0.0137
  HOMO = -0.200534446093481  LUMO = 0.00364920165405196
cycle= 10 E= 930.116054605168  delta_E= -8.68e-08  |g|= 0.000147  |ddm|= 0.00158
  HOMO = -0.200527649105855  LUMO = 0.00361350502391792
cycle= 11 E= 930.116054578891  delta_E= -2.63e-08  |g|= 3.42e-05  |ddm|= 0.00129
  HOMO = -0.200524516520557  LUMO = 0.00361589934715413
cycle= 12 E= 930.116054577728  delta_E= -1.16e-09  |g|= 7.4e-06  |ddm|= 0.000124
  HOMO = -0.200524434525791  LUMO = 0.00361486702217625
cycle= 13 E= 930.116054577928  delta_E= 2e-10  |g|= 2.65e-06  |ddm|= 5.75e-05
  HOMO = -0.200524555769936  LUMO = 0.00361485955579043
Extra cycle  E= 930.116054577861  delta_E= -6.76e-11  |g|= 1.24e-06  |ddm|= 5.72e-06
converged SCF energy = 930.116054577861
Difference in energy:  -866.7600637938293
E(MP2) = 929.391378659765  E_corr = -0.724675918095248
Total energy =  -774.2457023234874
time elapsed:  38.83449959754944
