

******** <class 'pyscf.dft.rks.RKS'> ********
method = RKS-RHF
initial guess = minao
damping factor = 0
level_shift factor = 0
DIIS = <class 'pyscf.scf.diis.CDIIS'>
diis_start_cycle = 1
diis_space = 8
SCF conv_tol = 1e-09
SCF conv_tol_grad = 1e-05
SCF max_cycles = 1000
direct_scf = True
direct_scf_tol = 1e-13
chkfile to save SCF result = scf.fchk
max_memory 900000 MB (current use 79 MB)
XC library pyscf.dft.libxc version 5.1.7
    S. Lehtola, C. Steigemann, M. J. Oliveira, and M. A. Marques, SoftwareX 7, 1 (2018)
XC functionals = b3lyp
    P. A. M. Dirac, Math. Proc. Cambridge Philos. Soc. 26, 376 (1930)
    F. Bloch, Z. Phys. 57, 545 (1929)
    A. D. Becke, Phys. Rev. A 38, 3098 (1988)
    C. Lee, W. Yang, and R. G. Parr, Phys. Rev. B 37, 785 (1988)
    B. Miehlich, A. Savin, H. Stoll, and H. Preuss, Chem. Phys. Lett. 157, 200 (1989)
    S. H. Vosko, L. Wilk, and M. Nusair, Can. J. Phys. 58, 1200 (1980)
small_rho_cutoff = 1e-07
init E= -777.149980103528
  HOMO = -0.219073744604417  LUMO = -0.18994671326078
cycle= 1 E= -774.58229017733  delta_E= 2.57  |g|= 1.06  |ddm|= 6.21
  HOMO = -0.0348390489454867  LUMO = -0.00123769593095104
cycle= 2 E= -769.995573069642  delta_E= 4.59  |g|=    3  |ddm|= 4.13
  HOMO = -0.120038041082205  LUMO = -0.0773545779115215
cycle= 3 E= -774.658154225425  delta_E= -4.66  |g|= 0.765  |ddm|=  3.9
  HOMO = -0.13525827428256  LUMO = -0.119443858109509
cycle= 4 E= -774.567611630239  delta_E= 0.0905  |g|= 0.805  |ddm|= 2.39
  HOMO = -0.158851712201437  LUMO = -0.136722379007402
cycle= 5 E= -774.791914697609  delta_E= -0.224  |g|= 0.543  |ddm|=  2.2
  HOMO = -0.144718005930817  LUMO = -0.127544128889709
cycle= 6 E= -774.718603355507  delta_E= 0.0733  |g|= 0.565  |ddm|= 2.07
  HOMO = -0.145766677644249  LUMO = -0.133907770509531
cycle= 7 E= -774.888270912906  delta_E= -0.17  |g|= 0.181  |ddm|=  1.1
  HOMO = -0.150542162185673  LUMO = -0.125166879407529
cycle= 8 E= -774.896796953426  delta_E= -0.00853  |g|= 0.129  |ddm|= 0.189
  HOMO = -0.155927559441089  LUMO = -0.124712673059042
cycle= 9 E= -774.89565612257  delta_E= 0.00114  |g|= 0.139  |ddm|= 0.131
  HOMO = -0.156553335222607  LUMO = -0.122394299519025
cycle= 10 E= -774.897167552674  delta_E= -0.00151  |g|= 0.121  |ddm|= 0.0677
  HOMO = -0.156278908003906  LUMO = -0.122149205662677
cycle= 11 E= -774.900278123503  delta_E= -0.00311  |g|= 0.093  |ddm|= 0.0789
  HOMO = -0.156016582135735  LUMO = -0.121255510295143
cycle= 12 E= -774.902909263239  delta_E= -0.00263  |g|= 0.0558  |ddm|= 0.0972
  HOMO = -0.157747908046708  LUMO = -0.123719153425242
cycle= 13 E= -774.903450015757  delta_E= -0.000541  |g|= 0.037  |ddm|= 0.0411
  HOMO = -0.157761975589244  LUMO = -0.122867341828691
cycle= 14 E= -774.90396635207  delta_E= -0.000516  |g|= 0.0116  |ddm|= 0.045
  HOMO = -0.157601049700329  LUMO = -0.122632067137799
cycle= 15 E= -774.904024354999  delta_E= -5.8e-05  |g|= 0.00363  |ddm|= 0.0179
  HOMO = -0.157724686912631  LUMO = -0.12281530097999
cycle= 16 E= -774.904028633257  delta_E= -4.28e-06  |g|= 0.00133  |ddm|= 0.00845
  HOMO = -0.157677169886506  LUMO = -0.122825102116078
cycle= 17 E= -774.904029355773  delta_E= -7.23e-07  |g|= 0.00053  |ddm|= 0.00231
  HOMO = -0.157677735120335  LUMO = -0.122832842225321
cycle= 18 E= -774.904029414469  delta_E= -5.87e-08  |g|= 0.000307  |ddm|= 0.000842
  HOMO = -0.157667222532492  LUMO = -0.122825578476378
cycle= 19 E= -774.904029432169  delta_E= -1.77e-08  |g|= 0.000206  |ddm|= 0.000638
  HOMO = -0.157669698267118  LUMO = -0.122831302795024
cycle= 20 E= -774.904029446361  delta_E= -1.42e-08  |g|= 6.22e-05  |ddm|= 0.000254
  HOMO = -0.157670350506164  LUMO = -0.122833890371054
cycle= 21 E= -774.904029447854  delta_E= -1.49e-09  |g|= 2.33e-05  |ddm|= 0.000123
  HOMO = -0.157669430921991  LUMO = -0.122833210352492
cycle= 22 E= -774.904029447984  delta_E= -1.3e-10  |g|= 4.62e-06  |ddm|= 2.54e-05
  HOMO = -0.157669812302456  LUMO = -0.122833730758504
Extra cycle  E= -774.904029447961  delta_E= 2.32e-11  |g|= 1.04e-05  |ddm|= 1.8e-05
converged SCF energy = -774.904029447961
AOs:  [0, 1, 2, 3, 4, 5, 6, 7, 8, 9, 10, 11, 12, 13, 14, 15, 16, 17, 18, 19, 20, 21, 22, 23, 24, 25, 26, 27, 28, 29, 30, 31, 32, 33, 34, 35, 36, 37, 38, 39, 40, 41, 42, 43, 44, 45, 46, 47, 48, 49, 50, 51, 52, 53, 54, 55, 56, 57, 58, 59, 60, 61, 62, 63]
64
Number of Active MOs:  20
Number of Environment MOs:  50
Number of Virtual MOs:  244
 # electrons:            α            β
         Env:  50.00000000  50.00000000
         Act:  20.00000000  20.00000000
         Vir:   0.00000000   0.00000000
Number of electrons in the active space:  40

 The density matrix is idempotent!

 The density matrix is idempotent!


******** <class 'pyscf.scf.hf.RHF'> ********
method = RHF
initial guess = minao
damping factor = 0
level_shift factor = 0
DIIS = <class 'pyscf.scf.diis.CDIIS'>
diis_start_cycle = 1
diis_space = 8
SCF conv_tol = 1e-09
SCF conv_tol_grad = 1e-05
SCF max_cycles = 200
direct_scf = True
direct_scf_tol = 1e-13
chkfile to save SCF result = subsys_scf.chk
max_memory 900000 MB (current use 10681 MB)
init E= 929.983803831218
  HOMO = -0.192260565691303  LUMO = -0.00379524598863782
cycle= 1 E= 929.948402451712  delta_E= -0.0354  |g|= 0.0759  |ddm|= 0.76
  HOMO = -0.199857385789383  LUMO = -0.00436273715189022
cycle= 2 E= 929.944968895939  delta_E= -0.00343  |g|= 0.0289  |ddm|= 0.189
  HOMO = -0.199849089790236  LUMO = 0.00209776104582762
cycle= 3 E= 929.944019024863  delta_E= -0.00095  |g|= 0.0207  |ddm|= 0.0827
  HOMO = -0.200673230617673  LUMO = 0.00406940072350177
cycle= 4 E= 929.943579310804  delta_E= -0.00044  |g|= 0.00831  |ddm|= 0.0676
  HOMO = -0.202580225776726  LUMO = 0.00500565769204076
cycle= 5 E= 929.943424038132  delta_E= -0.000155  |g|= 0.00605  |ddm|= 0.0435
  HOMO = -0.202783865658607  LUMO = 0.00553875914124196
cycle= 6 E= 929.943372415583  delta_E= -5.16e-05  |g|= 0.00291  |ddm|= 0.0298
  HOMO = -0.202812104998757  LUMO = 0.0054241604181639
cycle= 7 E= 929.943358243521  delta_E= -1.42e-05  |g|= 0.00226  |ddm|= 0.0131
  HOMO = -0.202609780723801  LUMO = 0.00517947190867619
cycle= 8 E= 929.943344364805  delta_E= -1.39e-05  |g|= 0.000889  |ddm|= 0.0219
  HOMO = -0.202498298311116  LUMO = 0.0050116541255363
cycle= 9 E= 929.943341990525  delta_E= -2.37e-06  |g|= 0.000244  |ddm|= 0.0117
  HOMO = -0.202436619043598  LUMO = 0.00502266707973088
cycle= 10 E= 929.94334192517  delta_E= -6.54e-08  |g|= 0.000129  |ddm|= 0.00137
  HOMO = -0.202433827626012  LUMO = 0.00499273544146912
cycle= 11 E= 929.943341906795  delta_E= -1.84e-08  |g|= 3.09e-05  |ddm|= 0.00102
  HOMO = -0.202430569506791  LUMO = 0.00499484732927188
cycle= 12 E= 929.943341905818  delta_E= -9.77e-10  |g|= 6.77e-06  |ddm|= 0.000104
  HOMO = -0.202431033132644  LUMO = 0.00499419888618612
Extra cycle  E= 929.943341905482  delta_E= -3.35e-10  |g|= 3.39e-06  |ddm|= 1.51e-05
converged SCF energy = 929.943341905482
Difference in energy:  -866.2772370908483
E(MP2) = 929.21849443646  E_corr = -0.724847469022469
Total energy =  -774.2483774236031
time elapsed:  40.90844130516052
