

******** <class 'pyscf.dft.rks.RKS'> ********
method = RKS-RHF
initial guess = minao
damping factor = 0
level_shift factor = 0
DIIS = <class 'pyscf.scf.diis.CDIIS'>
diis_start_cycle = 1
diis_space = 8
SCF conv_tol = 1e-09
SCF conv_tol_grad = 1e-05
SCF max_cycles = 1000
direct_scf = True
direct_scf_tol = 1e-13
chkfile to save SCF result = scf.fchk
max_memory 900000 MB (current use 79 MB)
XC library pyscf.dft.libxc version 5.1.7
    S. Lehtola, C. Steigemann, M. J. Oliveira, and M. A. Marques, SoftwareX 7, 1 (2018)
XC functionals = b3lyp
    P. A. M. Dirac, Math. Proc. Cambridge Philos. Soc. 26, 376 (1930)
    F. Bloch, Z. Phys. 57, 545 (1929)
    A. D. Becke, Phys. Rev. A 38, 3098 (1988)
    C. Lee, W. Yang, and R. G. Parr, Phys. Rev. B 37, 785 (1988)
    B. Miehlich, A. Savin, H. Stoll, and H. Preuss, Chem. Phys. Lett. 157, 200 (1989)
    S. H. Vosko, L. Wilk, and M. Nusair, Can. J. Phys. 58, 1200 (1980)
small_rho_cutoff = 1e-07
init E= -777.149963264444
  HOMO = -0.219174023030146  LUMO = -0.18984728031697
cycle= 1 E= -774.584261318808  delta_E= 2.57  |g|= 1.06  |ddm|= 6.21
  HOMO = -0.0361728169930447  LUMO = -0.00221585396187469
cycle= 2 E= -770.015624851278  delta_E= 4.57  |g|= 2.99  |ddm|= 4.12
  HOMO = -0.120858430047644  LUMO = -0.07676205369472
cycle= 3 E= -774.659725669799  delta_E= -4.64  |g|= 0.765  |ddm|= 3.89
  HOMO = -0.136388475469921  LUMO = -0.119893694806154
cycle= 4 E= -774.577643677572  delta_E= 0.0821  |g|= 0.796  |ddm|= 2.37
  HOMO = -0.159943655283459  LUMO = -0.135794311581945
cycle= 5 E= -774.80044887102  delta_E= -0.223  |g|= 0.533  |ddm|= 2.14
  HOMO = -0.145639356815632  LUMO = -0.127123952303279
cycle= 6 E= -774.760636419007  delta_E= 0.0398  |g|= 0.515  |ddm|= 1.88
  HOMO = -0.148553220849969  LUMO = -0.131303411348499
cycle= 7 E= -774.891577464154  delta_E= -0.131  |g|= 0.174  |ddm|= 0.891
  HOMO = -0.152166540917084  LUMO = -0.123334401893823
cycle= 8 E= -774.897558997217  delta_E= -0.00598  |g|= 0.138  |ddm|= 0.173
  HOMO = -0.157238094276674  LUMO = -0.123344920214481
cycle= 9 E= -774.899862516414  delta_E= -0.0023  |g|= 0.117  |ddm|= 0.121
  HOMO = -0.157701851406044  LUMO = -0.121513377243395
cycle= 10 E= -774.902097873755  delta_E= -0.00224  |g|= 0.0888  |ddm|= 0.0713
  HOMO = -0.157842675208867  LUMO = -0.121435502513956
cycle= 11 E= -774.904780756943  delta_E= -0.00268  |g|= 0.0483  |ddm|= 0.0929
  HOMO = -0.158081390737464  LUMO = -0.121271228291638
cycle= 12 E= -774.905691828047  delta_E= -0.000911  |g|= 0.0164  |ddm|= 0.0761
  HOMO = -0.158750273535455  LUMO = -0.12214959302064
cycle= 13 E= -774.905732174629  delta_E= -4.03e-05  |g|= 0.00991  |ddm|= 0.0171
  HOMO = -0.158684565129922  LUMO = -0.122008922172349
cycle= 14 E= -774.905764395071  delta_E= -3.22e-05  |g|= 0.00403  |ddm|= 0.0111
  HOMO = -0.158614610745281  LUMO = -0.12187892625423
cycle= 15 E= -774.905770600607  delta_E= -6.21e-06  |g|= 0.00135  |ddm|= 0.00546
  HOMO = -0.158665775632388  LUMO = -0.121937887524762
cycle= 16 E= -774.905771333207  delta_E= -7.33e-07  |g|= 0.000275  |ddm|= 0.00285
  HOMO = -0.158652945982065  LUMO = -0.121936890525732
cycle= 17 E= -774.905771354582  delta_E= -2.14e-08  |g|= 0.000187  |ddm|= 0.000557
  HOMO = -0.158653872167965  LUMO = -0.121940692060192
cycle= 18 E= -774.905771363181  delta_E= -8.6e-09  |g|= 5.02e-05  |ddm|= 0.000226
  HOMO = -0.158651020332843  LUMO = -0.121939400925885
cycle= 19 E= -774.905771363809  delta_E= -6.29e-10  |g|= 3.72e-05  |ddm|= 0.000129
  HOMO = -0.158651199436354  LUMO = -0.121940689861419
cycle= 20 E= -774.905771364251  delta_E= -4.42e-10  |g|= 1.35e-05  |ddm|= 4.77e-05
  HOMO = -0.158651562471787  LUMO = -0.121941282131384
cycle= 21 E= -774.905771364314  delta_E= -6.28e-11  |g|= 7.81e-06  |ddm|= 2.87e-05
  HOMO = -0.15865131849885  LUMO = -0.121941260381424
Extra cycle  E= -774.905771364248  delta_E= 6.55e-11  |g|= 1.74e-05  |ddm|= 2.58e-05
converged SCF energy = -774.905771364248
AOs:  [0, 1, 2, 3, 4, 5, 6, 7, 8, 9, 10, 11, 12, 13, 14, 15, 16, 17, 18, 19, 20, 21, 22, 23, 24, 25, 26, 27, 28, 29, 30, 31, 32, 33, 34, 35, 36, 37, 38, 39, 40, 41, 42, 43, 44, 45, 46, 47, 48, 49, 50, 51, 52, 53, 54, 55, 56, 57, 58, 59, 60, 61, 62, 63]
64
Number of Active MOs:  20
Number of Environment MOs:  50
Number of Virtual MOs:  244
 # electrons:            α            β
         Env:  50.00000000  50.00000000
         Act:  20.00000000  20.00000000
         Vir:  -0.00000000  -0.00000000
Number of electrons in the active space:  40

 The density matrix is idempotent!

 The density matrix is idempotent!


******** <class 'pyscf.scf.hf.RHF'> ********
method = RHF
initial guess = minao
damping factor = 0
level_shift factor = 0
DIIS = <class 'pyscf.scf.diis.CDIIS'>
diis_start_cycle = 1
diis_space = 8
SCF conv_tol = 1e-09
SCF conv_tol_grad = 1e-05
SCF max_cycles = 200
direct_scf = True
direct_scf_tol = 1e-13
chkfile to save SCF result = subsys_scf.chk
max_memory 900000 MB (current use 10413 MB)
init E= 929.812097062278
  HOMO = -0.19395847358993  LUMO = -0.00264755308646436
cycle= 1 E= 929.776767789241  delta_E= -0.0353  |g|= 0.0753  |ddm|= 0.759
  HOMO = -0.201731495557665  LUMO = -0.00308897508205334
cycle= 2 E= 929.773373372486  delta_E= -0.00339  |g|= 0.0286  |ddm|= 0.187
  HOMO = -0.201596379935025  LUMO = 0.00340336579604453
cycle= 3 E= 929.772447027323  delta_E= -0.000926  |g|= 0.02  |ddm|= 0.0815
  HOMO = -0.202524899680948  LUMO = 0.00534075658435941
cycle= 4 E= 929.772033185092  delta_E= -0.000414  |g|= 0.00791  |ddm|= 0.0655
  HOMO = -0.204361385494014  LUMO = 0.00627387478313954
cycle= 5 E= 929.771895683603  delta_E= -0.000138  |g|= 0.00567  |ddm|= 0.0403
  HOMO = -0.204580393625649  LUMO = 0.00679442010226048
cycle= 6 E= 929.771852405017  delta_E= -4.33e-05  |g|= 0.00262  |ddm|= 0.0271
  HOMO = -0.20461426459785  LUMO = 0.00670032840083093
cycle= 7 E= 929.771841363811  delta_E= -1.1e-05  |g|= 0.00202  |ddm|= 0.0114
  HOMO = -0.204453788218701  LUMO = 0.0064914787670534
cycle= 8 E= 929.771830989725  delta_E= -1.04e-05  |g|= 0.000803  |ddm|= 0.0183
  HOMO = -0.204356251638434  LUMO = 0.00634937344511947
cycle= 9 E= 929.771829140575  delta_E= -1.85e-06  |g|= 0.000212  |ddm|= 0.0101
  HOMO = -0.204302511647973  LUMO = 0.00635835080991301
cycle= 10 E= 929.771829090084  delta_E= -5.05e-08  |g|= 0.000113  |ddm|= 0.00122
  HOMO = -0.204302560593211  LUMO = 0.0063331119394783
cycle= 11 E= 929.77182907674  delta_E= -1.33e-08  |g|= 2.8e-05  |ddm|= 0.000808
  HOMO = -0.204299241393944  LUMO = 0.00633500913201925
cycle= 12 E= 929.771829076518  delta_E= -2.23e-10  |g|= 6.16e-06  |ddm|= 8.95e-05
  HOMO = -0.204299695217773  LUMO = 0.00633434288326765
Extra cycle  E= 929.77182907624  delta_E= -2.78e-10  |g|= 3.11e-06  |ddm|= 1.35e-05
converged SCF energy = 929.77182907624
Difference in energy:  -865.7865671285838
E(MP2) = 929.046900850564  E_corr = -0.724928225675419
Total energy =  -774.2509820282459
time elapsed:  39.54403305053711
