

******** <class 'pyscf.dft.rks.RKS'> ********
method = RKS-RHF
initial guess = minao
damping factor = 0
level_shift factor = 0
DIIS = <class 'pyscf.scf.diis.CDIIS'>
diis_start_cycle = 1
diis_space = 8
SCF conv_tol = 1e-09
SCF conv_tol_grad = 1e-05
SCF max_cycles = 1000
direct_scf = True
direct_scf_tol = 1e-13
chkfile to save SCF result = scf.fchk
max_memory 900000 MB (current use 79 MB)
XC library pyscf.dft.libxc version 5.1.7
    S. Lehtola, C. Steigemann, M. J. Oliveira, and M. A. Marques, SoftwareX 7, 1 (2018)
XC functionals = b3lyp
    P. A. M. Dirac, Math. Proc. Cambridge Philos. Soc. 26, 376 (1930)
    F. Bloch, Z. Phys. 57, 545 (1929)
    A. D. Becke, Phys. Rev. A 38, 3098 (1988)
    C. Lee, W. Yang, and R. G. Parr, Phys. Rev. B 37, 785 (1988)
    B. Miehlich, A. Savin, H. Stoll, and H. Preuss, Chem. Phys. Lett. 157, 200 (1989)
    S. H. Vosko, L. Wilk, and M. Nusair, Can. J. Phys. 58, 1200 (1980)
small_rho_cutoff = 1e-07
init E= -777.149948308534
  HOMO = -0.219317656026528  LUMO = -0.189708981883932
cycle= 1 E= -774.586939948116  delta_E= 2.56  |g|= 1.06  |ddm|= 6.21
  HOMO = -0.0379783969597215  LUMO = -0.00344780472711269
cycle= 2 E= -770.042803262626  delta_E= 4.54  |g|= 2.99  |ddm|= 4.11
  HOMO = -0.121952874440515  LUMO = -0.0759955127321959
cycle= 3 E= -774.661589708328  delta_E= -4.62  |g|= 0.766  |ddm|= 3.88
  HOMO = -0.137822325652538  LUMO = -0.120376596634989
cycle= 4 E= -774.591172917766  delta_E= 0.0704  |g|= 0.785  |ddm|= 2.34
  HOMO = -0.16123885842232  LUMO = -0.134674374608136
cycle= 5 E= -774.809207920978  delta_E= -0.218  |g|= 0.522  |ddm|= 2.07
  HOMO = -0.14686809685492  LUMO = -0.126443512275338
cycle= 6 E= -774.798375332404  delta_E= 0.0108  |g|= 0.458  |ddm|=  1.7
  HOMO = -0.151177740135276  LUMO = -0.129102831335201
cycle= 7 E= -774.895754003661  delta_E= -0.0974  |g|= 0.161  |ddm|= 0.737
  HOMO = -0.153918310671973  LUMO = -0.121924456422298
cycle= 8 E= -774.900726342327  delta_E= -0.00497  |g|= 0.126  |ddm|= 0.165
  HOMO = -0.158655822103656  LUMO = -0.122251137657502
cycle= 9 E= -774.90423187717  delta_E= -0.00351  |g|= 0.0887  |ddm|= 0.123
  HOMO = -0.158995220005171  LUMO = -0.120816007910149
cycle= 10 E= -774.906033525023  delta_E= -0.0018  |g|= 0.0565  |ddm|= 0.0685
  HOMO = -0.159204810157258  LUMO = -0.120728135745127
cycle= 11 E= -774.907242240741  delta_E= -0.00121  |g|= 0.0256  |ddm|= 0.068
  HOMO = -0.159448634911271  LUMO = -0.120726317343438
cycle= 12 E= -774.907506625029  delta_E= -0.000264  |g|= 0.00619  |ddm|= 0.0499
  HOMO = -0.159683870741699  LUMO = -0.121119607880083
cycle= 13 E= -774.907515148807  delta_E= -8.52e-06  |g|= 0.00358  |ddm|= 0.0123
  HOMO = -0.159640220892043  LUMO = -0.121103817095913
cycle= 14 E= -774.907518210775  delta_E= -3.06e-06  |g|= 0.00209  |ddm|= 0.00394
  HOMO = -0.159607767949688  LUMO = -0.12102941210285
cycle= 15 E= -774.907519769542  delta_E= -1.56e-06  |g|= 0.000702  |ddm|= 0.00266
  HOMO = -0.159632459006875  LUMO = -0.121051563287936
cycle= 16 E= -774.907519980532  delta_E= -2.11e-07  |g|= 0.000117  |ddm|= 0.00142
  HOMO = -0.159626656280856  LUMO = -0.121050328609981
cycle= 17 E= -774.907519983444  delta_E= -2.91e-09  |g|= 7.81e-05  |ddm|= 0.000218
  HOMO = -0.159626892155886  LUMO = -0.121052730931192
cycle= 18 E= -774.907519985045  delta_E= -1.6e-09  |g|= 2.67e-05  |ddm|= 0.000101
  HOMO = -0.159625662039169  LUMO = -0.121052423150298
cycle= 19 E= -774.907519985364  delta_E= -3.19e-10  |g|= 6.39e-06  |ddm|= 4.82e-05
  HOMO = -0.15962593434756  LUMO = -0.121053481864906
Extra cycle  E= -774.907519985254  delta_E= 1.1e-10  |g|= 1.8e-05  |ddm|= 4.01e-05
converged SCF energy = -774.907519985254
AOs:  [0, 1, 2, 3, 4, 5, 6, 7, 8, 9, 10, 11, 12, 13, 14, 15, 16, 17, 18, 19, 20, 21, 22, 23, 24, 25, 26, 27, 28, 29, 30, 31, 32, 33, 34, 35, 36, 37, 38, 39, 40, 41, 42, 43, 44, 45, 46, 47, 48, 49, 50, 51, 52, 53, 54, 55, 56, 57, 58, 59, 60, 61, 62, 63]
64
Number of Active MOs:  20
Number of Environment MOs:  50
Number of Virtual MOs:  244
 # electrons:            α            β
         Env:  50.00000000  50.00000000
         Act:  20.00000000  20.00000000
         Vir:  -0.00000000  -0.00000000
Number of electrons in the active space:  40

 The density matrix is idempotent!

 The density matrix is idempotent!


******** <class 'pyscf.scf.hf.RHF'> ********
method = RHF
initial guess = minao
damping factor = 0
level_shift factor = 0
DIIS = <class 'pyscf.scf.diis.CDIIS'>
diis_start_cycle = 1
diis_space = 8
SCF conv_tol = 1e-09
SCF conv_tol_grad = 1e-05
SCF max_cycles = 200
direct_scf = True
direct_scf_tol = 1e-13
chkfile to save SCF result = subsys_scf.chk
max_memory 900000 MB (current use 10413 MB)
init E= 929.641608266177
  HOMO = -0.195650893823079  LUMO = -0.00150260585688104
cycle= 1 E= 929.606349413703  delta_E= -0.0353  |g|= 0.0748  |ddm|= 0.758
  HOMO = -0.203587416636576  LUMO = -0.0018298751468715
cycle= 2 E= 929.602992205632  delta_E= -0.00336  |g|= 0.0283  |ddm|= 0.185
  HOMO = -0.20333219876573  LUMO = 0.00469288504805284
cycle= 3 E= 929.602087844747  delta_E= -0.000904  |g|= 0.0193  |ddm|= 0.0803
  HOMO = -0.204362188819007  LUMO = 0.00659483070153619
cycle= 4 E= 929.601697480721  delta_E= -0.00039  |g|= 0.00754  |ddm|= 0.0635
  HOMO = -0.206126100979734  LUMO = 0.00752342991536709
cycle= 5 E= 929.601575191309  delta_E= -0.000122  |g|= 0.00532  |ddm|= 0.0375
  HOMO = -0.206358281606665  LUMO = 0.00803051174345657
cycle= 6 E= 929.60153862051  delta_E= -3.66e-05  |g|= 0.00237  |ddm|= 0.0247
  HOMO = -0.20639622598972  LUMO = 0.00795373514675409
cycle= 7 E= 929.601529955588  delta_E= -8.66e-06  |g|= 0.00181  |ddm|= 0.00996
  HOMO = -0.206269894174521  LUMO = 0.0077744370735579
cycle= 8 E= 929.60152212977  delta_E= -7.83e-06  |g|= 0.000729  |ddm|= 0.0153
  HOMO = -0.206183709181  LUMO = 0.00765334489803468
cycle= 9 E= 929.601520667991  delta_E= -1.46e-06  |g|= 0.000186  |ddm|= 0.00872
  HOMO = -0.20613668492333  LUMO = 0.00766001953828243
cycle= 10 E= 929.601520627315  delta_E= -4.07e-08  |g|= 9.91e-05  |ddm|= 0.00111
  HOMO = -0.206138668636084  LUMO = 0.00763871012947167
cycle= 11 E= 929.601520618168  delta_E= -9.15e-09  |g|= 2.56e-05  |ddm|= 0.000642
  HOMO = -0.206135338861057  LUMO = 0.00764044668696207
cycle= 12 E= 929.601520617668  delta_E= -5e-10  |g|= 5.59e-06  |ddm|= 7.95e-05
  HOMO = -0.206135790423526  LUMO = 0.00763979368744654
Extra cycle  E= 929.601520617802  delta_E= 1.34e-10  |g|= 2.85e-06  |ddm|= 1.21e-05
converged SCF energy = 929.601520617802
Difference in energy:  -865.290219821859
E(MP2) = 928.876583026109  E_corr = -0.724937591692892
Total energy =  -774.2535309943876
time elapsed:  36.57538390159607
