

******** <class 'pyscf.dft.rks.RKS'> ********
method = RKS-RHF
initial guess = minao
damping factor = 0
level_shift factor = 0
DIIS = <class 'pyscf.scf.diis.CDIIS'>
diis_start_cycle = 1
diis_space = 8
SCF conv_tol = 1e-09
SCF conv_tol_grad = 1e-05
SCF max_cycles = 1000
direct_scf = True
direct_scf_tol = 1e-13
chkfile to save SCF result = scf.fchk
max_memory 900000 MB (current use 79 MB)
XC library pyscf.dft.libxc version 5.1.7
    S. Lehtola, C. Steigemann, M. J. Oliveira, and M. A. Marques, SoftwareX 7, 1 (2018)
XC functionals = b3lyp
    P. A. M. Dirac, Math. Proc. Cambridge Philos. Soc. 26, 376 (1930)
    F. Bloch, Z. Phys. 57, 545 (1929)
    A. D. Becke, Phys. Rev. A 38, 3098 (1988)
    C. Lee, W. Yang, and R. G. Parr, Phys. Rev. B 37, 785 (1988)
    B. Miehlich, A. Savin, H. Stoll, and H. Preuss, Chem. Phys. Lett. 157, 200 (1989)
    S. H. Vosko, L. Wilk, and M. Nusair, Can. J. Phys. 58, 1200 (1980)
small_rho_cutoff = 1e-07
init E= -777.1499351853
  HOMO = -0.219503177703852  LUMO = -0.18953324353415
cycle= 1 E= -774.590241836398  delta_E= 2.56  |g|= 1.06  |ddm|= 6.21
  HOMO = -0.040199886553324  LUMO = -0.00492365768094402
cycle= 2 E= -770.077149411315  delta_E= 4.51  |g|= 2.98  |ddm|=  4.1
  HOMO = -0.123255851761778  LUMO = -0.0751027800249656
cycle= 3 E= -774.663542937294  delta_E= -4.59  |g|= 0.766  |ddm|= 3.87
  HOMO = -0.139451351133063  LUMO = -0.120816382241366
cycle= 4 E= -774.607660766697  delta_E= 0.0559  |g|= 0.771  |ddm|= 2.31
  HOMO = -0.162619484032366  LUMO = -0.133447847182076
cycle= 5 E= -774.81759547794  delta_E= -0.21  |g|= 0.511  |ddm|=    2
  HOMO = -0.148295190134234  LUMO = -0.125559029546714
cycle= 6 E= -774.827389399682  delta_E= -0.00979  |g|= 0.404  |ddm|= 1.53
  HOMO = -0.153583621930331  LUMO = -0.127217917994261
cycle= 7 E= -774.899709678939  delta_E= -0.0723  |g|= 0.148  |ddm|= 0.627
  HOMO = -0.155679240220153  LUMO = -0.120714311971446
cycle= 8 E= -774.904194354359  delta_E= -0.00448  |g|= 0.109  |ddm|= 0.157
  HOMO = -0.159939985318377  LUMO = -0.121246532530795
cycle= 9 E= -774.907368528638  delta_E= -0.00317  |g|= 0.0686  |ddm|= 0.118
  HOMO = -0.160198475712763  LUMO = -0.120070845797009
cycle= 10 E= -774.908636443628  delta_E= -0.00127  |g|= 0.037  |ddm|= 0.0622
  HOMO = -0.160316236712437  LUMO = -0.119968220315492
cycle= 11 E= -774.909152634431  delta_E= -0.000516  |g|= 0.0167  |ddm|= 0.0439
  HOMO = -0.160520446628904  LUMO = -0.119958602337223
cycle= 12 E= -774.909266861728  delta_E= -0.000114  |g|= 0.00404  |ddm|= 0.0361
  HOMO = -0.160632871828571  LUMO = -0.120197635970296
cycle= 13 E= -774.909273247368  delta_E= -6.39e-06  |g|= 0.00166  |ddm|= 0.00909
  HOMO = -0.16060684608087  LUMO = -0.120209523204041
cycle= 14 E= -774.909273788158  delta_E= -5.41e-07  |g|= 0.00111  |ddm|= 0.00226
  HOMO = -0.160581494710379  LUMO = -0.120156780443117
cycle= 15 E= -774.909274138233  delta_E= -3.5e-07  |g|= 0.000421  |ddm|= 0.00125
  HOMO = -0.160595444816191  LUMO = -0.120168298339015
cycle= 16 E= -774.90927421466  delta_E= -7.64e-08  |g|= 7.78e-05  |ddm|= 0.000782
  HOMO = -0.16059273086851  LUMO = -0.120167975451785
cycle= 17 E= -774.909274215981  delta_E= -1.32e-09  |g|= 4.08e-05  |ddm|= 0.000125
  HOMO = -0.160592638910498  LUMO = -0.120169330540615
cycle= 18 E= -774.909274216441  delta_E= -4.6e-10  |g|= 1.63e-05  |ddm|= 6.3e-05
  HOMO = -0.160591968537694  LUMO = -0.120169234326992
cycle= 19 E= -774.909274216549  delta_E= -1.08e-10  |g|= 5.67e-06  |ddm|= 2.66e-05
  HOMO = -0.160591809007159  LUMO = -0.12016969144134
Extra cycle  E= -774.90927421637  delta_E= 1.79e-10  |g|= 2.16e-05  |ddm|= 4.54e-05
converged SCF energy = -774.90927421637
AOs:  [0, 1, 2, 3, 4, 5, 6, 7, 8, 9, 10, 11, 12, 13, 14, 15, 16, 17, 18, 19, 20, 21, 22, 23, 24, 25, 26, 27, 28, 29, 30, 31, 32, 33, 34, 35, 36, 37, 38, 39, 40, 41, 42, 43, 44, 45, 46, 47, 48, 49, 50, 51, 52, 53, 54, 55, 56, 57, 58, 59, 60, 61, 62, 63]
64
Number of Active MOs:  2
Number of Environment MOs:  68
Number of Virtual MOs:  244
 # electrons:            α            β
         Env:  68.00000000  68.00000000
         Act:   2.00000000   2.00000000
         Vir:  -0.00000000  -0.00000000
Number of electrons in the active space:  4

 The density matrix is idempotent!

 The density matrix is idempotent!


******** <class 'pyscf.scf.hf.RHF'> ********
method = RHF
initial guess = minao
damping factor = 0
level_shift factor = 0
DIIS = <class 'pyscf.scf.diis.CDIIS'>
diis_start_cycle = 1
diis_space = 8
SCF conv_tol = 1e-09
SCF conv_tol_grad = 1e-05
SCF max_cycles = 200
direct_scf = True
direct_scf_tol = 1e-13
chkfile to save SCF result = subsys_scf.chk
max_memory 900000 MB (current use 10673 MB)
init E= 1256.68363447134
  HOMO = -1.3585676499561  LUMO = -0.0209310660165955
cycle= 1 E= 1256.68300836706  delta_E= -0.000626  |g|= 0.00755  |ddm|= 0.0433
  HOMO = -1.35931596229139  LUMO = -0.0211887983390371
cycle= 2 E= 1256.6829939475  delta_E= -1.44e-05  |g|= 0.00117  |ddm|= 0.00596
  HOMO = -1.35944678345717  LUMO = -0.021233407563482
cycle= 3 E= 1256.68299358274  delta_E= -3.65e-07  |g|= 2.52e-05  |ddm|= 0.00106
  HOMO = -1.35944428673792  LUMO = -0.0212323455507718
cycle= 4 E= 1256.68299358186  delta_E= -8.84e-10  |g|= 8.11e-07  |ddm|= 2.63e-05
  HOMO = -1.35944420259718  LUMO = -0.0212323115956091
Extra cycle  E= 1256.68299358148  delta_E= -3.82e-10  |g|= 1.29e-07  |ddm|= 1.14e-06
converged SCF energy = 1256.68299358148
Difference in energy:  -50.28368477581224
E(MP2) = 1256.66814170408  E_corr = -0.0148518773979784
Total energy =  -774.8439940085804
time elapsed:  34.26869297027588
