Resetting modules to system default. Reseting $MODULEPATH back to system default. All extra directories will be removed from $MODULEPATH.
Defaulting to user installation because normal site-packages is not writeable
Looking in indexes: https://pypi.org/simple, https://pypi.ngc.nvidia.com, https://pypi.ngc.nvidia.com
Requirement already satisfied: numpy in /home/robs84/.local/lib/python3.8/site-packages (1.22.2)
Requirement already satisfied: scipy in /apps/easybuild/software/tinkercliffs-rome/Anaconda3/2020.11/lib/python3.8/site-packages (1.5.2)
Requirement already satisfied: h5py in /apps/easybuild/software/tinkercliffs-rome/Anaconda3/2020.11/lib/python3.8/site-packages (2.10.0)
Requirement already satisfied: pyscf in /home/robs84/.local/lib/python3.8/site-packages (2.0.1)
Requirement already satisfied: six in /apps/easybuild/software/tinkercliffs-rome/Anaconda3/2020.11/lib/python3.8/site-packages (from h5py) (1.15.0)
WARNING: There was an error checking the latest version of pip.
Warning: <pyscf.gto.mole.Mole object at 0x2aaaaac745b0> must be initialized before calling SCF.
Initialize <pyscf.gto.mole.Mole object at 0x2aaaaac745b0> in <pyscf.scf.hf.RHF object at 0x2aaac0bb52e0>
Overwritten attributes  get_hcore  of <class 'pyscf.scf.hf.RHF'>
Warning: <pyscf.gto.mole.Mole object at 0x2aaaaac745b0> must be initialized before calling SCF.
Initialize <pyscf.gto.mole.Mole object at 0x2aaaaac745b0> in <pyscf.scf.hf.RHF object at 0x2aaac0bb52e0>
Overwritten attributes  get_hcore  of <class 'pyscf.scf.hf.RHF'>
Warning: <pyscf.gto.mole.Mole object at 0x2aaaaac745b0> must be initialized before calling SCF.
Initialize <pyscf.gto.mole.Mole object at 0x2aaaaac745b0> in <pyscf.scf.hf.RHF object at 0x2aaac0bb52e0>
Overwritten attributes  get_hcore  of <class 'pyscf.scf.hf.RHF'>
Warning: <pyscf.gto.mole.Mole object at 0x2aaaaac745b0> must be initialized before calling SCF.
Initialize <pyscf.gto.mole.Mole object at 0x2aaaaac745b0> in <pyscf.scf.hf.RHF object at 0x2aaac0bb52e0>
Overwritten attributes  get_hcore  of <class 'pyscf.scf.hf.RHF'>
Warning: <pyscf.gto.mole.Mole object at 0x2aaaaac745b0> must be initialized before calling SCF.
Initialize <pyscf.gto.mole.Mole object at 0x2aaaaac745b0> in <pyscf.scf.hf.RHF object at 0x2aaac0bb52e0>
Overwritten attributes  get_hcore  of <class 'pyscf.scf.hf.RHF'>
Warning: <pyscf.gto.mole.Mole object at 0x2aaaaac745b0> must be initialized before calling SCF.
Initialize <pyscf.gto.mole.Mole object at 0x2aaaaac745b0> in <pyscf.scf.hf.RHF object at 0x2aaac0bb52e0>
Overwritten attributes  get_hcore  of <class 'pyscf.scf.hf.RHF'>
Warning: <pyscf.gto.mole.Mole object at 0x2aaaaac1be20> must be initialized before calling SCF.
Initialize <pyscf.gto.mole.Mole object at 0x2aaaaac1be20> in <pyscf.scf.hf.RHF object at 0x2aaac0bb52e0>
Overwritten attributes  get_hcore  of <class 'pyscf.scf.hf.RHF'>
Warning: <pyscf.gto.mole.Mole object at 0x2aaac0bb52e0> must be initialized before calling SCF.
Initialize <pyscf.gto.mole.Mole object at 0x2aaac0bb52e0> in <pyscf.scf.hf.RHF object at 0x2aaac0bb5490>
Overwritten attributes  get_hcore  of <class 'pyscf.scf.hf.RHF'>
Warning: <pyscf.gto.mole.Mole object at 0x2aaac0bb52e0> must be initialized before calling SCF.
Initialize <pyscf.gto.mole.Mole object at 0x2aaac0bb52e0> in <pyscf.scf.hf.RHF object at 0x2aaac0bb5490>
Overwritten attributes  get_hcore  of <class 'pyscf.scf.hf.RHF'>
Warning: <pyscf.gto.mole.Mole object at 0x2aaac0c513d0> must be initialized before calling SCF.
Initialize <pyscf.gto.mole.Mole object at 0x2aaac0c513d0> in <pyscf.scf.hf.RHF object at 0x2aaac0c51400>
Overwritten attributes  get_hcore  of <class 'pyscf.scf.hf.RHF'>
Warning: <pyscf.gto.mole.Mole object at 0x2aaac0c523d0> must be initialized before calling SCF.
Initialize <pyscf.gto.mole.Mole object at 0x2aaac0c523d0> in <pyscf.scf.hf.RHF object at 0x2aaac0c52400>
Overwritten attributes  get_hcore  of <class 'pyscf.scf.hf.RHF'>
Warning: <pyscf.gto.mole.Mole object at 0x2aaac0c52370> must be initialized before calling SCF.
Initialize <pyscf.gto.mole.Mole object at 0x2aaac0c52370> in <pyscf.scf.hf.RHF object at 0x2aaac0c52220>
Overwritten attributes  get_hcore  of <class 'pyscf.scf.hf.RHF'>
Warning: <pyscf.gto.mole.Mole object at 0x2aaac09ae4c0> must be initialized before calling SCF.
Initialize <pyscf.gto.mole.Mole object at 0x2aaac09ae4c0> in <pyscf.scf.hf.RHF object at 0x2aaabe2bb160>
Overwritten attributes  get_hcore  of <class 'pyscf.scf.hf.RHF'>
Warning: <pyscf.gto.mole.Mole object at 0x2aaac09ae4c0> must be initialized before calling SCF.
Initialize <pyscf.gto.mole.Mole object at 0x2aaac09ae4c0> in <pyscf.scf.hf.RHF object at 0x2aaac0bc0ac0>
Overwritten attributes  get_hcore  of <class 'pyscf.scf.hf.RHF'>
Warning: <pyscf.gto.mole.Mole object at 0x2aaac0c520a0> must be initialized before calling SCF.
Initialize <pyscf.gto.mole.Mole object at 0x2aaac0c520a0> in <pyscf.scf.hf.RHF object at 0x2aaac0c52220>
Overwritten attributes  get_hcore  of <class 'pyscf.scf.hf.RHF'>
Warning: <pyscf.gto.mole.Mole object at 0x2aaac0c55370> must be initialized before calling SCF.
Initialize <pyscf.gto.mole.Mole object at 0x2aaac0c55370> in <pyscf.scf.hf.RHF object at 0x2aaac0c55220>
Overwritten attributes  get_hcore  of <class 'pyscf.scf.hf.RHF'>
Warning: <pyscf.gto.mole.Mole object at 0x2aaac09ae4c0> must be initialized before calling SCF.
Initialize <pyscf.gto.mole.Mole object at 0x2aaac09ae4c0> in <pyscf.scf.hf.RHF object at 0x2aaabe2bb160>
Overwritten attributes  get_hcore  of <class 'pyscf.scf.hf.RHF'>
Warning: <pyscf.gto.mole.Mole object at 0x2aaac0c54370> must be initialized before calling SCF.
Initialize <pyscf.gto.mole.Mole object at 0x2aaac0c54370> in <pyscf.scf.hf.RHF object at 0x2aaac0c54220>
Overwritten attributes  get_hcore  of <class 'pyscf.scf.hf.RHF'>
Warning: <pyscf.gto.mole.Mole object at 0x2aaac0c4a2e0> must be initialized before calling SCF.
Initialize <pyscf.gto.mole.Mole object at 0x2aaac0c4a2e0> in <pyscf.scf.hf.RHF object at 0x2aaac0c4a400>
Overwritten attributes  get_hcore  of <class 'pyscf.scf.hf.RHF'>
Warning: <pyscf.gto.mole.Mole object at 0x2aaac0c4e3d0> must be initialized before calling SCF.
Initialize <pyscf.gto.mole.Mole object at 0x2aaac0c4e3d0> in <pyscf.scf.hf.RHF object at 0x2aaac0c4e400>
Overwritten attributes  get_hcore  of <class 'pyscf.scf.hf.RHF'>
Warning: <pyscf.gto.mole.Mole object at 0x2aaac0bb52e0> must be initialized before calling SCF.
Initialize <pyscf.gto.mole.Mole object at 0x2aaac0bb52e0> in <pyscf.scf.hf.RHF object at 0x2aaac0bb5490>
Overwritten attributes  get_hcore  of <class 'pyscf.scf.hf.RHF'>
Warning: <pyscf.gto.mole.Mole object at 0x2aaac0bb52e0> must be initialized before calling SCF.
Initialize <pyscf.gto.mole.Mole object at 0x2aaac0bb52e0> in <pyscf.scf.hf.RHF object at 0x2aaac0bb5490>
Overwritten attributes  get_hcore  of <class 'pyscf.scf.hf.RHF'>
Warning: <pyscf.gto.mole.Mole object at 0x2aaaaac745b0> must be initialized before calling SCF.
Initialize <pyscf.gto.mole.Mole object at 0x2aaaaac745b0> in <pyscf.scf.hf.RHF object at 0x2aaac0bb52e0>
Overwritten attributes  get_hcore  of <class 'pyscf.scf.hf.RHF'>
Warning: <pyscf.gto.mole.Mole object at 0x2aaaaac745b0> must be initialized before calling SCF.
Initialize <pyscf.gto.mole.Mole object at 0x2aaaaac745b0> in <pyscf.scf.hf.RHF object at 0x2aaabe2bb160>
Overwritten attributes  get_hcore  of <class 'pyscf.scf.hf.RHF'>
Warning: <pyscf.gto.mole.Mole object at 0x2aaaaac745b0> must be initialized before calling SCF.
Initialize <pyscf.gto.mole.Mole object at 0x2aaaaac745b0> in <pyscf.scf.hf.RHF object at 0x2aaabe2bb160>
Overwritten attributes  get_hcore  of <class 'pyscf.scf.hf.RHF'>
Warning: <pyscf.gto.mole.Mole object at 0x2aaaaac745b0> must be initialized before calling SCF.
Initialize <pyscf.gto.mole.Mole object at 0x2aaaaac745b0> in <pyscf.scf.hf.RHF object at 0x2aaac0bb52e0>
Overwritten attributes  get_hcore  of <class 'pyscf.scf.hf.RHF'>
Warning: <pyscf.gto.mole.Mole object at 0x2aaaaac745b0> must be initialized before calling SCF.
Initialize <pyscf.gto.mole.Mole object at 0x2aaaaac745b0> in <pyscf.scf.hf.RHF object at 0x2aaac0bb52e0>
Overwritten attributes  get_hcore  of <class 'pyscf.scf.hf.RHF'>
Warning: <pyscf.gto.mole.Mole object at 0x2aaaaac745b0> must be initialized before calling SCF.
Initialize <pyscf.gto.mole.Mole object at 0x2aaaaac745b0> in <pyscf.scf.hf.RHF object at 0x2aaac0bb52e0>
Overwritten attributes  get_hcore  of <class 'pyscf.scf.hf.RHF'>
Warning: <pyscf.gto.mole.Mole object at 0x2aaaaac1be20> must be initialized before calling SCF.
Initialize <pyscf.gto.mole.Mole object at 0x2aaaaac1be20> in <pyscf.scf.hf.RHF object at 0x2aaac0bb52e0>
Overwritten attributes  get_hcore  of <class 'pyscf.scf.hf.RHF'>
