Resetting modules to system default. Reseting $MODULEPATH back to system default. All extra directories will be removed from $MODULEPATH.
Defaulting to user installation because normal site-packages is not writeable
Looking in indexes: https://pypi.org/simple, https://pypi.ngc.nvidia.com, https://pypi.ngc.nvidia.com
Requirement already satisfied: numpy in /home/robs84/.local/lib/python3.8/site-packages (1.22.2)
Requirement already satisfied: scipy in /apps/easybuild/software/tinkercliffs-rome/Anaconda3/2020.11/lib/python3.8/site-packages (1.5.2)
Requirement already satisfied: h5py in /apps/easybuild/software/tinkercliffs-rome/Anaconda3/2020.11/lib/python3.8/site-packages (2.10.0)
Requirement already satisfied: pyscf in /home/robs84/.local/lib/python3.8/site-packages (2.0.1)
Requirement already satisfied: six in /apps/easybuild/software/tinkercliffs-rome/Anaconda3/2020.11/lib/python3.8/site-packages (from h5py) (1.15.0)
WARNING: There was an error checking the latest version of pip.
Warning: <pyscf.gto.mole.Mole object at 0x2aaac0bcce80> must be initialized before calling SCF.
Initialize <pyscf.gto.mole.Mole object at 0x2aaac0bcce80> in <pyscf.scf.hf.RHF object at 0x2aaac0bccf70>
Overwritten attributes  get_hcore  of <class 'pyscf.scf.hf.RHF'>
Warning: <pyscf.gto.mole.Mole object at 0x2aaac0bcbe20> must be initialized before calling SCF.
Initialize <pyscf.gto.mole.Mole object at 0x2aaac0bcbe20> in <pyscf.scf.hf.RHF object at 0x2aaac0bcbf70>
Overwritten attributes  get_hcore  of <class 'pyscf.scf.hf.RHF'>
Warning: <pyscf.gto.mole.Mole object at 0x2aaac0bcbe80> must be initialized before calling SCF.
Initialize <pyscf.gto.mole.Mole object at 0x2aaac0bcbe80> in <pyscf.scf.hf.RHF object at 0x2aaac0bcbd30>
Overwritten attributes  get_hcore  of <class 'pyscf.scf.hf.RHF'>
Warning: <pyscf.gto.mole.Mole object at 0x2aaac0bcbe20> must be initialized before calling SCF.
Initialize <pyscf.gto.mole.Mole object at 0x2aaac0bcbe20> in <pyscf.scf.hf.RHF object at 0x2aaac0bcbf70>
Overwritten attributes  get_hcore  of <class 'pyscf.scf.hf.RHF'>
Warning: <pyscf.gto.mole.Mole object at 0x2aaac0bcbe20> must be initialized before calling SCF.
Initialize <pyscf.gto.mole.Mole object at 0x2aaac0bcbe20> in <pyscf.scf.hf.RHF object at 0x2aaac0bcbf70>
Overwritten attributes  get_hcore  of <class 'pyscf.scf.hf.RHF'>
Warning: <pyscf.gto.mole.Mole object at 0x2aaac0bcbe20> must be initialized before calling SCF.
Initialize <pyscf.gto.mole.Mole object at 0x2aaac0bcbe20> in <pyscf.scf.hf.RHF object at 0x2aaac0bcbd30>
Overwritten attributes  get_hcore  of <class 'pyscf.scf.hf.RHF'>
Warning: <pyscf.gto.mole.Mole object at 0x2aaac0bcbe80> must be initialized before calling SCF.
Initialize <pyscf.gto.mole.Mole object at 0x2aaac0bcbe80> in <pyscf.scf.hf.RHF object at 0x2aaac0bcbd30>
Overwritten attributes  get_hcore  of <class 'pyscf.scf.hf.RHF'>
Warning: <pyscf.gto.mole.Mole object at 0x2aaabbff0100> must be initialized before calling SCF.
Initialize <pyscf.gto.mole.Mole object at 0x2aaabbff0100> in <pyscf.scf.hf.RHF object at 0x2aaaaac739d0>
Overwritten attributes  get_hcore  of <class 'pyscf.scf.hf.RHF'>
Warning: <pyscf.gto.mole.Mole object at 0x2aaabbff0100> must be initialized before calling SCF.
Initialize <pyscf.gto.mole.Mole object at 0x2aaabbff0100> in <pyscf.scf.hf.RHF object at 0x2aaaaac739d0>
Overwritten attributes  get_hcore  of <class 'pyscf.scf.hf.RHF'>
Warning: <pyscf.gto.mole.Mole object at 0x2aaac09af5b0> must be initialized before calling SCF.
Initialize <pyscf.gto.mole.Mole object at 0x2aaac09af5b0> in <pyscf.scf.hf.RHF object at 0x2aaac09af6d0>
Overwritten attributes  get_hcore  of <class 'pyscf.scf.hf.RHF'>
Warning: <pyscf.gto.mole.Mole object at 0x2aaac09af5b0> must be initialized before calling SCF.
Initialize <pyscf.gto.mole.Mole object at 0x2aaac09af5b0> in <pyscf.scf.hf.RHF object at 0x2aaac09af6d0>
Overwritten attributes  get_hcore  of <class 'pyscf.scf.hf.RHF'>
Warning: <pyscf.gto.mole.Mole object at 0x2aaac0bcbf10> must be initialized before calling SCF.
Initialize <pyscf.gto.mole.Mole object at 0x2aaac0bcbf10> in <pyscf.scf.hf.RHF object at 0x2aaac0bcbe20>
Overwritten attributes  get_hcore  of <class 'pyscf.scf.hf.RHF'>
Warning: <pyscf.gto.mole.Mole object at 0x2aaabe2b2fa0> must be initialized before calling SCF.
Initialize <pyscf.gto.mole.Mole object at 0x2aaabe2b2fa0> in <pyscf.scf.hf.RHF object at 0x2aaac0ba25e0>
Overwritten attributes  get_hcore  of <class 'pyscf.scf.hf.RHF'>
Warning: <pyscf.gto.mole.Mole object at 0x2aaabe2b1fa0> must be initialized before calling SCF.
Initialize <pyscf.gto.mole.Mole object at 0x2aaabe2b1fa0> in <pyscf.scf.hf.RHF object at 0x2aaac0b9d5e0>
Overwritten attributes  get_hcore  of <class 'pyscf.scf.hf.RHF'>
Warning: <pyscf.gto.mole.Mole object at 0x2aaac0bcbf10> must be initialized before calling SCF.
Initialize <pyscf.gto.mole.Mole object at 0x2aaac0bcbf10> in <pyscf.scf.hf.RHF object at 0x2aaac0bcbe20>
Overwritten attributes  get_hcore  of <class 'pyscf.scf.hf.RHF'>
Warning: <pyscf.gto.mole.Mole object at 0x2aaac0bcbf10> must be initialized before calling SCF.
Initialize <pyscf.gto.mole.Mole object at 0x2aaac0bcbf10> in <pyscf.scf.hf.RHF object at 0x2aaac0bcbe20>
Overwritten attributes  get_hcore  of <class 'pyscf.scf.hf.RHF'>
Warning: <pyscf.gto.mole.Mole object at 0x2aaabe2b1fa0> must be initialized before calling SCF.
Initialize <pyscf.gto.mole.Mole object at 0x2aaabe2b1fa0> in <pyscf.scf.hf.RHF object at 0x2aaac0b9d5e0>
Overwritten attributes  get_hcore  of <class 'pyscf.scf.hf.RHF'>
Warning: <pyscf.gto.mole.Mole object at 0x2aaac0bcbf10> must be initialized before calling SCF.
Initialize <pyscf.gto.mole.Mole object at 0x2aaac0bcbf10> in <pyscf.scf.hf.RHF object at 0x2aaac0bcbe20>
Overwritten attributes  get_hcore  of <class 'pyscf.scf.hf.RHF'>
Warning: <pyscf.gto.mole.Mole object at 0x2aaac09af5b0> must be initialized before calling SCF.
Initialize <pyscf.gto.mole.Mole object at 0x2aaac09af5b0> in <pyscf.scf.hf.RHF object at 0x2aaac09af6d0>
Overwritten attributes  get_hcore  of <class 'pyscf.scf.hf.RHF'>
Warning: <pyscf.gto.mole.Mole object at 0x2aaac09af5b0> must be initialized before calling SCF.
Initialize <pyscf.gto.mole.Mole object at 0x2aaac09af5b0> in <pyscf.scf.hf.RHF object at 0x2aaac09af6d0>
Overwritten attributes  get_hcore  of <class 'pyscf.scf.hf.RHF'>
Warning: <pyscf.gto.mole.Mole object at 0x2aaabbff0100> must be initialized before calling SCF.
Initialize <pyscf.gto.mole.Mole object at 0x2aaabbff0100> in <pyscf.scf.hf.RHF object at 0x2aaaaac739d0>
Overwritten attributes  get_hcore  of <class 'pyscf.scf.hf.RHF'>
Warning: <pyscf.gto.mole.Mole object at 0x2aaabbff0100> must be initialized before calling SCF.
Initialize <pyscf.gto.mole.Mole object at 0x2aaabbff0100> in <pyscf.scf.hf.RHF object at 0x2aaaaac739d0>
Overwritten attributes  get_hcore  of <class 'pyscf.scf.hf.RHF'>
Warning: <pyscf.gto.mole.Mole object at 0x2aaac0bcbe80> must be initialized before calling SCF.
Initialize <pyscf.gto.mole.Mole object at 0x2aaac0bcbe80> in <pyscf.scf.hf.RHF object at 0x2aaac0bcbd30>
Overwritten attributes  get_hcore  of <class 'pyscf.scf.hf.RHF'>
Warning: <pyscf.gto.mole.Mole object at 0x2aaac0bcbe20> must be initialized before calling SCF.
Initialize <pyscf.gto.mole.Mole object at 0x2aaac0bcbe20> in <pyscf.scf.hf.RHF object at 0x2aaac0bcbfa0>
Overwritten attributes  get_hcore  of <class 'pyscf.scf.hf.RHF'>
Warning: <pyscf.gto.mole.Mole object at 0x2aaac0bcbe20> must be initialized before calling SCF.
Initialize <pyscf.gto.mole.Mole object at 0x2aaac0bcbe20> in <pyscf.scf.hf.RHF object at 0x2aaac0bcbfa0>
Overwritten attributes  get_hcore  of <class 'pyscf.scf.hf.RHF'>
Warning: <pyscf.gto.mole.Mole object at 0x2aaac0bcbe20> must be initialized before calling SCF.
Initialize <pyscf.gto.mole.Mole object at 0x2aaac0bcbe20> in <pyscf.scf.hf.RHF object at 0x2aaac0bcbd30>
Overwritten attributes  get_hcore  of <class 'pyscf.scf.hf.RHF'>
Warning: <pyscf.gto.mole.Mole object at 0x2aaac0bcbe80> must be initialized before calling SCF.
Initialize <pyscf.gto.mole.Mole object at 0x2aaac0bcbe80> in <pyscf.scf.hf.RHF object at 0x2aaac0bcbf70>
Overwritten attributes  get_hcore  of <class 'pyscf.scf.hf.RHF'>
Warning: <pyscf.gto.mole.Mole object at 0x2aaac0bcbe80> must be initialized before calling SCF.
Initialize <pyscf.gto.mole.Mole object at 0x2aaac0bcbe80> in <pyscf.scf.hf.RHF object at 0x2aaac0bcbf70>
Overwritten attributes  get_hcore  of <class 'pyscf.scf.hf.RHF'>
Warning: <pyscf.gto.mole.Mole object at 0x2aaac0bcbe20> must be initialized before calling SCF.
Initialize <pyscf.gto.mole.Mole object at 0x2aaac0bcbe20> in <pyscf.scf.hf.RHF object at 0x2aaac0bcbd30>
Overwritten attributes  get_hcore  of <class 'pyscf.scf.hf.RHF'>
