Resetting modules to system default. Reseting $MODULEPATH back to system default. All extra directories will be removed from $MODULEPATH.
Defaulting to user installation because normal site-packages is not writeable
Looking in indexes: https://pypi.org/simple, https://pypi.ngc.nvidia.com, https://pypi.ngc.nvidia.com
Requirement already satisfied: numpy in /home/robs84/.local/lib/python3.8/site-packages (1.22.2)
Requirement already satisfied: scipy in /apps/easybuild/software/tinkercliffs-rome/Anaconda3/2020.11/lib/python3.8/site-packages (1.5.2)
Requirement already satisfied: h5py in /apps/easybuild/software/tinkercliffs-rome/Anaconda3/2020.11/lib/python3.8/site-packages (2.10.0)
Requirement already satisfied: pyscf in /home/robs84/.local/lib/python3.8/site-packages (2.0.1)
Requirement already satisfied: six in /apps/easybuild/software/tinkercliffs-rome/Anaconda3/2020.11/lib/python3.8/site-packages (from h5py) (1.15.0)
WARNING: There was an error checking the latest version of pip.
Warning: <pyscf.gto.mole.Mole object at 0x2aaac0c4a160> must be initialized before calling SCF.
Initialize <pyscf.gto.mole.Mole object at 0x2aaac0c4a160> in <pyscf.scf.hf.RHF object at 0x2aaac0c4a2b0>
Overwritten attributes  get_hcore  of <class 'pyscf.scf.hf.RHF'>
Warning: <pyscf.gto.mole.Mole object at 0x2aaaaac725b0> must be initialized before calling SCF.
Initialize <pyscf.gto.mole.Mole object at 0x2aaaaac725b0> in <pyscf.scf.hf.RHF object at 0x2aaac0bb42e0>
Overwritten attributes  get_hcore  of <class 'pyscf.scf.hf.RHF'>
Warning: <pyscf.gto.mole.Mole object at 0x2aaaaac725b0> must be initialized before calling SCF.
Initialize <pyscf.gto.mole.Mole object at 0x2aaaaac725b0> in <pyscf.scf.hf.RHF object at 0x2aaac0bb42e0>
Overwritten attributes  get_hcore  of <class 'pyscf.scf.hf.RHF'>
Warning: <pyscf.gto.mole.Mole object at 0x2aaaaac19e20> must be initialized before calling SCF.
Initialize <pyscf.gto.mole.Mole object at 0x2aaaaac19e20> in <pyscf.scf.hf.RHF object at 0x2aaac0bb42e0>
Overwritten attributes  get_hcore  of <class 'pyscf.scf.hf.RHF'>
Warning: <pyscf.gto.mole.Mole object at 0x2aaaaac725b0> must be initialized before calling SCF.
Initialize <pyscf.gto.mole.Mole object at 0x2aaaaac725b0> in <pyscf.scf.hf.RHF object at 0x2aaac0bb42e0>
Overwritten attributes  get_hcore  of <class 'pyscf.scf.hf.RHF'>
Warning: <pyscf.gto.mole.Mole object at 0x2aaaaac1ae20> must be initialized before calling SCF.
Initialize <pyscf.gto.mole.Mole object at 0x2aaaaac1ae20> in <pyscf.scf.hf.RHF object at 0x2aaac0bb42e0>
Overwritten attributes  get_hcore  of <class 'pyscf.scf.hf.RHF'>
Warning: <pyscf.gto.mole.Mole object at 0x2aaaaac725b0> must be initialized before calling SCF.
Initialize <pyscf.gto.mole.Mole object at 0x2aaaaac725b0> in <pyscf.scf.hf.RHF object at 0x2aaac0bb42e0>
Overwritten attributes  get_hcore  of <class 'pyscf.scf.hf.RHF'>
Warning: <pyscf.gto.mole.Mole object at 0x2aaac0bb52e0> must be initialized before calling SCF.
Initialize <pyscf.gto.mole.Mole object at 0x2aaac0bb52e0> in <pyscf.scf.hf.RHF object at 0x2aaac0bb5490>
Overwritten attributes  get_hcore  of <class 'pyscf.scf.hf.RHF'>
Warning: <pyscf.gto.mole.Mole object at 0x2aaac0bb52e0> must be initialized before calling SCF.
Initialize <pyscf.gto.mole.Mole object at 0x2aaac0bb52e0> in <pyscf.scf.hf.RHF object at 0x2aaac0bb5490>
Overwritten attributes  get_hcore  of <class 'pyscf.scf.hf.RHF'>
Warning: <pyscf.gto.mole.Mole object at 0x2aaac0c432e0> must be initialized before calling SCF.
Initialize <pyscf.gto.mole.Mole object at 0x2aaac0c432e0> in <pyscf.scf.hf.RHF object at 0x2aaac0c43400>
Overwritten attributes  get_hcore  of <class 'pyscf.scf.hf.RHF'>
Warning: <pyscf.gto.mole.Mole object at 0x2aaac0c413d0> must be initialized before calling SCF.
Initialize <pyscf.gto.mole.Mole object at 0x2aaac0c413d0> in <pyscf.scf.hf.RHF object at 0x2aaac0c41400>
Overwritten attributes  get_hcore  of <class 'pyscf.scf.hf.RHF'>
Warning: <pyscf.gto.mole.Mole object at 0x2aaac0c52370> must be initialized before calling SCF.
Initialize <pyscf.gto.mole.Mole object at 0x2aaac0c52370> in <pyscf.scf.hf.RHF object at 0x2aaac0c52220>
Overwritten attributes  get_hcore  of <class 'pyscf.scf.hf.RHF'>
Warning: <pyscf.gto.mole.Mole object at 0x2aaac09ad4c0> must be initialized before calling SCF.
Initialize <pyscf.gto.mole.Mole object at 0x2aaac09ad4c0> in <pyscf.scf.hf.RHF object at 0x2aaac0bbfac0>
Overwritten attributes  get_hcore  of <class 'pyscf.scf.hf.RHF'>
Warning: <pyscf.gto.mole.Mole object at 0x2aaac09ad4c0> must be initialized before calling SCF.
Initialize <pyscf.gto.mole.Mole object at 0x2aaac09ad4c0> in <pyscf.scf.hf.RHF object at 0x2aaabed6f160>
Overwritten attributes  get_hcore  of <class 'pyscf.scf.hf.RHF'>
Warning: <pyscf.gto.mole.Mole object at 0x2aaac0c540a0> must be initialized before calling SCF.
Initialize <pyscf.gto.mole.Mole object at 0x2aaac0c540a0> in <pyscf.scf.hf.RHF object at 0x2aaac0c54220>
Overwritten attributes  get_hcore  of <class 'pyscf.scf.hf.RHF'>
Warning: <pyscf.gto.mole.Mole object at 0x2aaac0c540a0> must be initialized before calling SCF.
Initialize <pyscf.gto.mole.Mole object at 0x2aaac0c540a0> in <pyscf.scf.hf.RHF object at 0x2aaac0c54220>
Overwritten attributes  get_hcore  of <class 'pyscf.scf.hf.RHF'>
Warning: <pyscf.gto.mole.Mole object at 0x2aaac09ad4c0> must be initialized before calling SCF.
Initialize <pyscf.gto.mole.Mole object at 0x2aaac09ad4c0> in <pyscf.scf.hf.RHF object at 0x2aaabed6f160>
Overwritten attributes  get_hcore  of <class 'pyscf.scf.hf.RHF'>
Warning: <pyscf.gto.mole.Mole object at 0x2aaac0c540a0> must be initialized before calling SCF.
Initialize <pyscf.gto.mole.Mole object at 0x2aaac0c540a0> in <pyscf.scf.hf.RHF object at 0x2aaac0c54220>
Overwritten attributes  get_hcore  of <class 'pyscf.scf.hf.RHF'>
Warning: <pyscf.gto.mole.Mole object at 0x2aaac0c522e0> must be initialized before calling SCF.
Initialize <pyscf.gto.mole.Mole object at 0x2aaac0c522e0> in <pyscf.scf.hf.RHF object at 0x2aaac0c52400>
Overwritten attributes  get_hcore  of <class 'pyscf.scf.hf.RHF'>
Warning: <pyscf.gto.mole.Mole object at 0x2aaac0c422e0> must be initialized before calling SCF.
Initialize <pyscf.gto.mole.Mole object at 0x2aaac0c422e0> in <pyscf.scf.hf.RHF object at 0x2aaac0c42400>
Overwritten attributes  get_hcore  of <class 'pyscf.scf.hf.RHF'>
Warning: <pyscf.gto.mole.Mole object at 0x2aaac0bb62e0> must be initialized before calling SCF.
Initialize <pyscf.gto.mole.Mole object at 0x2aaac0bb62e0> in <pyscf.scf.hf.RHF object at 0x2aaac0bb6490>
Overwritten attributes  get_hcore  of <class 'pyscf.scf.hf.RHF'>
Warning: <pyscf.gto.mole.Mole object at 0x2aaac0bb52e0> must be initialized before calling SCF.
Initialize <pyscf.gto.mole.Mole object at 0x2aaac0bb52e0> in <pyscf.scf.hf.RHF object at 0x2aaac0bb5490>
Overwritten attributes  get_hcore  of <class 'pyscf.scf.hf.RHF'>
Warning: <pyscf.gto.mole.Mole object at 0x2aaaaac1be20> must be initialized before calling SCF.
Initialize <pyscf.gto.mole.Mole object at 0x2aaaaac1be20> in <pyscf.scf.hf.RHF object at 0x2aaac0bb62e0>
Overwritten attributes  get_hcore  of <class 'pyscf.scf.hf.RHF'>
Warning: <pyscf.gto.mole.Mole object at 0x2aaaaac735b0> must be initialized before calling SCF.
Initialize <pyscf.gto.mole.Mole object at 0x2aaaaac735b0> in <pyscf.scf.hf.RHF object at 0x2aaabe2bb160>
Overwritten attributes  get_hcore  of <class 'pyscf.scf.hf.RHF'>
Warning: <pyscf.gto.mole.Mole object at 0x2aaaaac735b0> must be initialized before calling SCF.
Initialize <pyscf.gto.mole.Mole object at 0x2aaaaac735b0> in <pyscf.scf.hf.RHF object at 0x2aaabe2bb160>
Overwritten attributes  get_hcore  of <class 'pyscf.scf.hf.RHF'>
Warning: <pyscf.gto.mole.Mole object at 0x2aaaaac735b0> must be initialized before calling SCF.
Initialize <pyscf.gto.mole.Mole object at 0x2aaaaac735b0> in <pyscf.scf.hf.RHF object at 0x2aaac0bb62e0>
Overwritten attributes  get_hcore  of <class 'pyscf.scf.hf.RHF'>
Warning: <pyscf.gto.mole.Mole object at 0x2aaaaac1be20> must be initialized before calling SCF.
Initialize <pyscf.gto.mole.Mole object at 0x2aaaaac1be20> in <pyscf.scf.hf.RHF object at 0x2aaac0bb62e0>
Overwritten attributes  get_hcore  of <class 'pyscf.scf.hf.RHF'>
Warning: <pyscf.gto.mole.Mole object at 0x2aaaaac1be20> must be initialized before calling SCF.
Initialize <pyscf.gto.mole.Mole object at 0x2aaaaac1be20> in <pyscf.scf.hf.RHF object at 0x2aaac0bb62e0>
Overwritten attributes  get_hcore  of <class 'pyscf.scf.hf.RHF'>
Warning: <pyscf.gto.mole.Mole object at 0x2aaaaac1be20> must be initialized before calling SCF.
Initialize <pyscf.gto.mole.Mole object at 0x2aaaaac1be20> in <pyscf.scf.hf.RHF object at 0x2aaac0bb62e0>
Overwritten attributes  get_hcore  of <class 'pyscf.scf.hf.RHF'>
