

******** <class 'pyscf.dft.rks.RKS'> ********
method = RKS-RHF
initial guess = minao
damping factor = 0
level_shift factor = 0
DIIS = <class 'pyscf.scf.diis.CDIIS'>
diis_start_cycle = 1
diis_space = 8
SCF conv_tol = 1e-09
SCF conv_tol_grad = 1e-06
SCF max_cycles = 1000
direct_scf = True
direct_scf_tol = 1e-13
chkfile to save SCF result = scf.fchk
max_memory 900000 MB (current use 79 MB)
XC library pyscf.dft.libxc version 5.1.7
    S. Lehtola, C. Steigemann, M. J. Oliveira, and M. A. Marques, SoftwareX 7, 1 (2018)
XC functionals = pbe
    J. P. Perdew, K. Burke, and M. Ernzerhof, Phys. Rev. Lett. 77, 3865 (1996)
    J. P. Perdew, K. Burke, and M. Ernzerhof, Phys. Rev. Lett. 78, 1396 (1997)
    J. P. Perdew, K. Burke, and M. Ernzerhof, Phys. Rev. Lett. 77, 3865 (1996)
    J. P. Perdew, K. Burke, and M. Ernzerhof, Phys. Rev. Lett. 78, 1396 (1997)
small_rho_cutoff = 1e-07
init E= -2592.68589161385
  HOMO = -0.135589903772639  LUMO = -0.0868627408995757
cycle= 1 E= -2573.86094609638  delta_E= 18.8  |g|= 5.66  |ddm|= 10.4
  HOMO = -0.237014473524258  LUMO = -0.2281818754496
cycle= 2 E= -2429.54073387062  delta_E=  144  |g|= 19.3  |ddm|=   96
  HOMO = -0.172155222180464  LUMO = -0.16170226217832
cycle= 3 E= -2561.20084737966  delta_E= -132  |g|= 9.67  |ddm|=   72
  HOMO = -0.179835387701022  LUMO = -0.153385170978533
cycle= 4 E= -2577.99076904097  delta_E= -16.8  |g|=  6.4  |ddm|= 28.3
  HOMO = -0.163466306075697  LUMO = -0.153553182576679
cycle= 5 E= -2581.56771167959  delta_E= -3.58  |g|= 5.42  |ddm|= 2.88
  HOMO = -0.173674305392777  LUMO = -0.159425717124991
cycle= 6 E= -2581.35725703462  delta_E= 0.21  |g|= 5.48  |ddm|= 1.05
  HOMO = -0.177939224083386  LUMO = -0.162383560591008
cycle= 7 E= -2581.22391346774  delta_E= 0.133  |g|= 5.53  |ddm|= 0.907
  HOMO = -0.174088591800966  LUMO = -0.161288788483838
cycle= 8 E= -2581.28456956137  delta_E= -0.0607  |g|= 5.52  |ddm|= 0.222
  HOMO = -0.188343748121182  LUMO = -0.164949624852018
cycle= 9 E= -2580.50104132868  delta_E= 0.784  |g|= 5.77  |ddm|= 0.599

WARN: HOMO 0.0213241047792734 == LUMO 0.0215309182918157

cycle= 10 E= -2543.21832630976  delta_E= 37.3  |g|= 13.6  |ddm|= 19.4
  HOMO = -0.0802366990621703  LUMO = -0.00445935374280374
cycle= 11 E= -2571.26238482629  delta_E=  -28  |g|= 6.19  |ddm|= 17.4
  HOMO = -0.203792668977702  LUMO = -0.173448379779048
cycle= 12 E= -2579.84965373924  delta_E= -8.59  |g|= 5.96  |ddm|= 9.81
  HOMO = -0.212032344508822  LUMO = -0.177532232964838
cycle= 13 E= -2580.27538164311  delta_E= -0.426  |g|= 5.83  |ddm|= 0.95
  HOMO = -0.177608754721628  LUMO = -0.158334685725477
cycle= 14 E= -2580.40134751591  delta_E= -0.126  |g|= 5.82  |ddm|= 1.39
  HOMO = -0.185695013458361  LUMO = -0.156326193026861
cycle= 15 E= -2579.61618316282  delta_E= 0.785  |g|= 6.04  |ddm|= 0.976
  HOMO = -0.169639849231111  LUMO = -0.153724437580724
cycle= 16 E= -2579.85245869843  delta_E= -0.236  |g|= 5.97  |ddm|= 0.924
  HOMO = -0.195808688359336  LUMO = -0.153711179753425
cycle= 17 E= -2580.01988212116  delta_E= -0.167  |g|= 5.93  |ddm|= 1.27
  HOMO = -0.188489915695558  LUMO = -0.161724222453116
cycle= 18 E= -2581.67310883347  delta_E= -1.65  |g|= 5.38  |ddm|= 1.52
  HOMO = -0.204329248325915  LUMO = -0.165989478708876
cycle= 19 E= -2580.23329234936  delta_E= 1.44  |g|= 5.86  |ddm|= 1.24
  HOMO = 0.0340471235798424  LUMO = 0.0390071080817596
cycle= 20 E= -2459.28578807778  delta_E=  121  |g|=   14  |ddm|= 33.4
  HOMO = -0.0789590322194212  LUMO = -0.0710420503836634
cycle= 21 E= -2574.34068263557  delta_E= -115  |g|= 5.09  |ddm|= 32.7
  HOMO = -0.167703811745209  LUMO = -0.159670172563439
cycle= 22 E= -2578.5338557069  delta_E= -4.19  |g|= 6.27  |ddm|= 7.64
  HOMO = -0.18800969048627  LUMO = -0.15858720433909
cycle= 23 E= -2579.42610150297  delta_E= -0.892  |g|= 6.11  |ddm|= 1.95
  HOMO = -0.205630690570397  LUMO = -0.164117914158311
cycle= 24 E= -2579.90845307612  delta_E= -0.482  |g|= 5.93  |ddm|= 1.21
  HOMO = -0.201782497822355  LUMO = -0.166103322782936
cycle= 25 E= -2578.89274861194  delta_E= 1.02  |g|= 6.24  |ddm|= 1.53
  HOMO = -0.197038114209512  LUMO = -0.168817890944155
cycle= 26 E= -2579.00551012593  delta_E= -0.113  |g|= 6.21  |ddm|= 0.937
  HOMO = -0.207747764065456  LUMO = -0.164650046838524
cycle= 27 E= -2581.13884804521  delta_E= -2.13  |g|= 5.52  |ddm|= 1.86
  HOMO = -0.194549376818275  LUMO = -0.166047663336463
cycle= 28 E= -2579.07928219065  delta_E= 2.06  |g|= 6.19  |ddm|= 2.14
  HOMO = -0.19244448416871  LUMO = -0.159121210742863
cycle= 29 E= -2579.80960138559  delta_E= -0.73  |g|= 5.99  |ddm|= 1.39
  HOMO = 0.00645189440393456  LUMO = 0.0122482471759546
cycle= 30 E= -2496.26945734257  delta_E= 83.5  |g|= 13.9  |ddm|= 26.5
  HOMO = -0.0857353985341373  LUMO = -0.0339140915793672
cycle= 31 E= -2573.36625653619  delta_E= -77.1  |g|= 5.33  |ddm|= 23.9
  HOMO = -0.166117137843223  LUMO = -0.145990425871851
cycle= 32 E= -2579.33236852072  delta_E= -5.97  |g|=  6.1  |ddm|= 8.35
  HOMO = -0.180884832470034  LUMO = -0.150587581478727
cycle= 33 E= -2579.97810570877  delta_E= -0.646  |g|= 5.93  |ddm|= 0.99
  HOMO = -0.16369462841196  LUMO = -0.142432109087989
cycle= 34 E= -2580.17973293816  delta_E= -0.202  |g|= 5.84  |ddm|=    1
  HOMO = -0.181184423695991  LUMO = -0.138954092799478
cycle= 35 E= -2580.37994843628  delta_E= -0.2  |g|= 5.82  |ddm|= 1.62
  HOMO = -0.168975747808513  LUMO = -0.151852048705528
cycle= 36 E= -2581.64247907183  delta_E= -1.26  |g|= 5.32  |ddm|= 2.02
  HOMO = -0.190790833628659  LUMO = -0.159146554244803
cycle= 37 E= -2580.37853750122  delta_E= 1.26  |g|= 5.79  |ddm|= 2.25
  HOMO = -0.185440875201135  LUMO = -0.152979386178431
cycle= 38 E= -2580.7035724035  delta_E= -0.325  |g|= 5.68  |ddm|=  1.2
  HOMO = -0.19738680823909  LUMO = -0.154645395704939
cycle= 39 E= -2579.88296890827  delta_E= 0.821  |g|= 5.97  |ddm|= 1.13
  HOMO = 0.0263615677568687  LUMO = 0.0361636240099096
cycle= 40 E= -2454.32836714156  delta_E=  126  |g|= 14.9  |ddm|=   42
  HOMO = -0.0813638724843436  LUMO = -0.0728385118440486
cycle= 41 E= -2572.21642095878  delta_E= -118  |g|= 5.87  |ddm|=   41
  HOMO = -0.155718357635668  LUMO = -0.145548454517676
cycle= 42 E= -2578.30256566908  delta_E= -6.09  |g|= 6.11  |ddm|= 8.89
  HOMO = -0.192718762912948  LUMO = -0.148311596445875
cycle= 43 E= -2580.16543842137  delta_E= -1.86  |g|= 5.87  |ddm|= 2.46
  HOMO = -0.183432148264929  LUMO = -0.158503780743045
cycle= 44 E= -2580.27137504025  delta_E= -0.106  |g|= 5.84  |ddm|= 0.816
  HOMO = -0.156613856977068  LUMO = -0.153351137535426
cycle= 45 E= -2581.41348137918  delta_E= -1.14  |g|= 5.44  |ddm|= 3.03
  HOMO = -0.191968588651497  LUMO = -0.15316969650986
cycle= 46 E= -2580.66713604102  delta_E= 0.746  |g|= 5.72  |ddm|= 2.61
  HOMO = -0.191639115239429  LUMO = -0.151864446630943
cycle= 47 E= -2580.41867237589  delta_E= 0.248  |g|= 5.78  |ddm|= 0.889
  HOMO = -0.163999422548459  LUMO = -0.153757049463152
cycle= 48 E= -2581.65215162205  delta_E= -1.23  |g|= 5.29  |ddm|=  1.8
  HOMO = -0.191176584528051  LUMO = -0.150234273499667
cycle= 49 E= -2581.20344183457  delta_E= 0.449  |g|= 5.53  |ddm|= 1.78
  HOMO = 0.0302828180499608  LUMO = 0.0527272331438647
cycle= 50 E= -2447.36319758865  delta_E=  134  |g|=   15  |ddm|= 41.5
  HOMO = -0.106084702208513  LUMO = -0.082761613903475
cycle= 51 E= -2572.84732495997  delta_E= -125  |g|= 5.76  |ddm|=   41
  HOMO = -0.148457194332402  LUMO = -0.136493154964356
cycle= 52 E= -2578.26834394146  delta_E= -5.42  |g|= 6.21  |ddm|= 8.77
  HOMO = -0.187362291183696  LUMO = -0.145213621228564
cycle= 53 E= -2579.88879926806  delta_E= -1.62  |g|= 5.97  |ddm|= 2.69
  HOMO = -0.190539176950579  LUMO = -0.145939058794886
cycle= 54 E= -2579.99406594518  delta_E= -0.105  |g|= 5.93  |ddm|= 1.48
  HOMO = -0.197328949737619  LUMO = -0.144743210426721
cycle= 55 E= -2579.92463338702  delta_E= 0.0694  |g|= 5.95  |ddm|= 1.07
  HOMO = -0.184870530407953  LUMO = -0.142555024631305
cycle= 56 E= -2580.19927966046  delta_E= -0.275  |g|= 5.87  |ddm|= 0.779
  HOMO = -0.175808740107944  LUMO = -0.147463490201418
cycle= 57 E= -2580.02498806019  delta_E= 0.174  |g|= 5.86  |ddm|= 1.97
  HOMO = -0.204327136238719  LUMO = -0.146658298971485
cycle= 58 E= -2579.95819237549  delta_E= 0.0668  |g|= 5.94  |ddm|= 1.52
  HOMO = -0.185855975042932  LUMO = -0.138390377666943
cycle= 59 E= -2580.38959560451  delta_E= -0.431  |g|= 5.81  |ddm|= 0.73
  HOMO = 0.000206374317775536  LUMO = 0.00929193258225547
cycle= 60 E= -2482.40962196201  delta_E=   98  |g|= 14.6  |ddm|= 26.9
  HOMO = -0.0813573005131028  LUMO = -0.07859467452032
cycle= 61 E= -2571.87778460267  delta_E= -89.5  |g|= 6.53  |ddm|= 23.9
  HOMO = -0.15059636156586  LUMO = -0.145825855191626
cycle= 62 E= -2579.30511750011  delta_E= -7.43  |g|= 6.07  |ddm|= 9.93
  HOMO = -0.178953495475891  LUMO = -0.152578560067048
cycle= 63 E= -2581.13554393918  delta_E= -1.83  |g|= 5.57  |ddm|= 2.81
  HOMO = -0.176763744471055  LUMO = -0.156881508272221
cycle= 64 E= -2581.40442149885  delta_E= -0.269  |g|= 5.51  |ddm|= 0.84
  HOMO = -0.169328044168991  LUMO = -0.156254542292734
cycle= 65 E= -2581.30081751204  delta_E= 0.104  |g|= 5.52  |ddm|=  1.1
  HOMO = -0.1731188574504  LUMO = -0.158900785962871
cycle= 66 E= -2581.59054672035  delta_E= -0.29  |g|= 5.42  |ddm|= 1.64
  HOMO = -0.177303914140902  LUMO = -0.166292038755087
cycle= 67 E= -2581.79715551322  delta_E= -0.207  |g|= 5.35  |ddm|= 1.53
  HOMO = -0.171856507727152  LUMO = -0.162067707345282
cycle= 68 E= -2581.3992811633  delta_E= 0.398  |g|=  5.5  |ddm|= 0.775
  HOMO = -0.172299104012633  LUMO = -0.165085045800705
cycle= 69 E= -2581.01332394592  delta_E= 0.386  |g|= 5.63  |ddm|= 0.47
  HOMO = 0.0283630401283396  LUMO = 0.0299358739696125
cycle= 70 E= -2453.33885785242  delta_E=  128  |g|= 18.5  |ddm|= 43.3
  HOMO = -0.0650770168460376  LUMO = -0.0338833668470185
cycle= 71 E= -2566.59607421554  delta_E= -113  |g|= 8.99  |ddm|= 41.4
  HOMO = -0.0540244050368535  LUMO = -0.0478820437178562
cycle= 72 E= -2581.38339399696  delta_E= -14.8  |g|= 5.46  |ddm|= 12.4
  HOMO = -0.186707131568229  LUMO = -0.173625512512931
cycle= 73 E= -2586.54632222448  delta_E= -5.16  |g|=  3.6  |ddm|= 4.72
  HOMO = -0.173081312253721  LUMO = -0.164534678588998
cycle= 74 E= -2585.24651424699  delta_E=  1.3  |g|= 4.31  |ddm|= 2.26
  HOMO = -0.174636016258853  LUMO = -0.158254495836561
cycle= 75 E= -2587.38930105045  delta_E= -2.14  |g|= 2.76  |ddm|= 2.31
  HOMO = -0.162671797287506  LUMO = -0.15344929280425
cycle= 76 E= -2582.21668875197  delta_E= 5.17  |g|= 5.41  |ddm|= 3.81
  HOMO = -0.174481289537836  LUMO = -0.171917698205194
cycle= 77 E= -2584.69500509803  delta_E= -2.48  |g|= 4.45  |ddm|= 2.46
  HOMO = -0.175011641365754  LUMO = -0.169297120116402
cycle= 78 E= -2584.91586935293  delta_E= -0.221  |g|= 4.39  |ddm|= 0.854
  HOMO = -0.175290719367197  LUMO = -0.169450545202034
cycle= 79 E= -2584.90942956964  delta_E= 0.00644  |g|= 4.39  |ddm|= 0.176
  HOMO = -0.15012128409517  LUMO = -0.0969698073297487
cycle= 80 E= -2588.56947503772  delta_E= -3.66  |g|= 0.988  |ddm|=  2.9
  HOMO = -0.1051649382068  LUMO = -0.0844082208965326
cycle= 81 E= -2588.1638393538  delta_E= 0.406  |g|= 1.49  |ddm|= 2.68
  HOMO = -0.135057729909824  LUMO = -0.0888581081638852
cycle= 82 E= -2588.74862436496  delta_E= -0.585  |g|= 0.504  |ddm|= 2.17
  HOMO = -0.140953153169342  LUMO = -0.0888953999034614
cycle= 83 E= -2588.81500300109  delta_E= -0.0664  |g|= 0.276  |ddm|= 0.763
  HOMO = -0.131922401612859  LUMO = -0.0872738979075168
cycle= 84 E= -2588.82900278295  delta_E= -0.014  |g|= 0.102  |ddm|= 0.32
  HOMO = -0.135621510508484  LUMO = -0.0866827900498518
cycle= 85 E= -2588.83084040244  delta_E= -0.00184  |g|= 0.0404  |ddm|= 0.128
  HOMO = -0.134960165514257  LUMO = -0.0869937409276902
cycle= 86 E= -2588.83122641877  delta_E= -0.000386  |g|= 0.00951  |ddm|= 0.0469
  HOMO = -0.13482712864743  LUMO = -0.0869611922870046
cycle= 87 E= -2588.83124423811  delta_E= -1.78e-05  |g|= 0.00395  |ddm|= 0.0132
  HOMO = -0.134583690218011  LUMO = -0.0869581922765746
cycle= 88 E= -2588.83124495396  delta_E= -7.16e-07  |g|= 0.0042  |ddm|= 0.00718
  HOMO = -0.134779304191473  LUMO = -0.0869876629944934
cycle= 89 E= -2588.83124788161  delta_E= -2.93e-06  |g|= 0.0019  |ddm|= 0.00487
  HOMO = -0.134700099644086  LUMO = -0.086966639182929
cycle= 90 E= -2588.83124845885  delta_E= -5.77e-07  |g|= 0.000609  |ddm|= 0.00196
  HOMO = -0.134722370715665  LUMO = -0.0869712521254642
cycle= 91 E= -2588.83124850946  delta_E= -5.06e-08  |g|= 0.000342  |ddm|= 0.000892
  HOMO = -0.134720824620091  LUMO = -0.0869720220122963
cycle= 92 E= -2588.83124854098  delta_E= -3.15e-08  |g|= 9.2e-05  |ddm|= 0.00047
  HOMO = -0.134722799372782  LUMO = -0.0869726156650881
cycle= 93 E= -2588.8312485417  delta_E= -7.19e-10  |g|= 8.67e-05  |ddm|= 0.000185
  HOMO = -0.134722773167834  LUMO = -0.0869718212002806
cycle= 94 E= -2588.83124854338  delta_E= -1.68e-09  |g|= 2.65e-05  |ddm|= 9.62e-05
  HOMO = -0.134722467901868  LUMO = -0.0869721153216098
cycle= 95 E= -2588.83124854347  delta_E= -9.09e-11  |g|= 1.56e-05  |ddm|= 3.2e-05
  HOMO = -0.134722210186488  LUMO = -0.086972021396722
cycle= 96 E= -2588.83124854352  delta_E= -5.73e-11  |g|= 8.01e-06  |ddm|= 2.13e-05
  HOMO = -0.134721974394083  LUMO = -0.0869720209072016
cycle= 97 E= -2588.83124854351  delta_E= 1.82e-11  |g|= 7.82e-06  |ddm|= 1.32e-05
  HOMO = -0.134722484823188  LUMO = -0.0869720800351088
cycle= 98 E= -2588.83124854353  delta_E= -2e-11  |g|= 7.4e-06  |ddm|= 1.2e-05
  HOMO = -0.134722176347965  LUMO = -0.0869720210665502
cycle= 99 E= -2588.83124854353  delta_E= -1.82e-12  |g|= 2.4e-06  |ddm|= 7.52e-06
  HOMO = -0.134722262861528  LUMO = -0.086972038353269
cycle= 100 E= -2588.83124854354  delta_E= -1.27e-11  |g|= 1.78e-06  |ddm|= 3.52e-06
  HOMO = -0.134722236598266  LUMO = -0.0869720401532422
cycle= 101 E= -2588.83124854353  delta_E= 1.09e-11  |g|= 6.37e-07  |ddm|= 2.57e-06
  HOMO = -0.13472226621647  LUMO = -0.0869720327114037
Extra cycle  E= -2588.83124854353  delta_E= 4.55e-12  |g|= 2.55e-06  |ddm|= 4.11e-06
converged SCF energy = -2588.83124854353
AOs:  [0, 1, 2, 3, 4, 5, 6, 7, 8, 9, 10, 11, 12, 13, 14, 15, 16, 17, 18, 19, 20, 21, 22, 23, 24, 25, 26, 27, 28, 29, 30, 31, 32, 33, 34, 35, 36, 37, 38, 39, 40, 41, 42, 43, 44, 45, 46, 47, 48, 49, 50, 51, 52, 53, 54, 55, 56, 57, 58, 59, 60, 61, 62, 63, 64, 65, 66, 67, 68, 69, 70, 71, 72, 73, 74, 75, 76, 77, 78, 79, 80, 81, 82, 83, 84, 85, 86, 87, 88, 89, 90, 91, 92, 93, 94, 95, 96, 97, 98, 99, 100, 101, 102, 103, 104, 105, 106, 107, 108, 109, 110, 111, 112, 113, 114, 115, 116, 117, 118, 119, 120, 121, 122, 123, 124, 125, 126, 127, 128, 129, 130, 131, 132, 133, 134, 135, 136, 137, 138, 139, 140, 141, 142, 143, 144, 145, 146, 147, 148, 149, 150, 151, 152, 153, 154, 155, 156, 157, 158, 159, 160, 161, 162, 163, 164, 165, 166, 167, 168, 169, 170, 171, 172, 173, 174, 175, 176, 177, 178, 179, 180, 181, 182, 183, 184, 185, 186, 187, 188, 189, 190, 191, 192, 193, 194, 195, 196, 197, 198, 199, 200, 201, 202, 203, 204, 205, 206, 207, 208, 209, 210, 211, 212, 213, 214, 215, 216, 217, 218, 219, 220, 221, 222, 223, 224, 225, 226, 227, 228, 229, 230, 231, 232, 233, 234, 235, 236, 237, 238, 239, 240, 241, 242, 243, 244, 245, 246, 247, 248, 249, 250, 251, 252, 253, 254, 255, 256, 257, 258, 259, 260, 261, 262, 263, 264, 265, 266, 267, 268]
269

 AO indices used for projection:  [0, 1, 3, 4, 5, 14, 15, 17, 18, 19, 28, 29, 30, 31, 33, 34, 35, 36, 37, 38, 42, 43, 44, 45, 46, 59, 60, 62, 63, 64, 73, 74, 76, 77, 78, 87, 88, 90, 91, 92, 101, 102, 104, 105, 106, 115, 116, 118, 119, 120, 129, 130, 132, 133, 134, 143, 144, 146, 147, 148, 157, 158, 160, 161, 162, 171, 172, 174, 175, 176, 185, 186, 188, 189, 190, 199, 200, 202, 203, 204, 213, 214, 216, 217, 218, 227, 228, 230, 231, 232, 241, 242, 244, 245, 246, 255, 256, 258, 259, 260]
 # of orbitals to keep:  80
545
100
Number of Active MOs:  80
Number of Environment MOs:  38
Number of Virtual MOs:  427
 # electrons:            α            β
         Env:  38.00000000  38.00000000
         Act:  80.00000000  80.00000000
         Vir:   0.00000000   0.00000000
Number of electrons in the active space:  160

 The density matrix is idempotent!

 The density matrix is idempotent!


******** <class 'pyscf.scf.hf.RHF'> ********
method = RHF
initial guess = minao
damping factor = 0
level_shift factor = 0
DIIS = <class 'pyscf.scf.diis.CDIIS'>
diis_start_cycle = 1
diis_space = 8
SCF conv_tol = 1e-09
SCF conv_tol_grad = 1e-06
SCF max_cycles = 200
direct_scf = True
direct_scf_tol = 1e-13
chkfile to save SCF result = subsys_scf.chk
max_memory 900000 MB (current use 89899 MB)
init E= -189.967055600491
  HOMO = -0.193945602017215  LUMO = 0.0551854208368524
cycle= 1 E= -190.268394574779  delta_E= -0.301  |g|= 0.299  |ddm|= 2.49
  HOMO = -0.186599481224504  LUMO = 0.0628594703408865
cycle= 2 E= -190.315378650421  delta_E= -0.047  |g|= 0.156  |ddm|= 0.543
  HOMO = -0.188997453621735  LUMO = 0.057829980213832
cycle= 3 E= -190.324969173687  delta_E= -0.00959  |g|=  0.1  |ddm|= 0.325
  HOMO = -0.184548594133051  LUMO = 0.0613380944576704
cycle= 4 E= -190.328882024739  delta_E= -0.00391  |g|= 0.0174  |ddm|= 0.169
  HOMO = -0.184253097248011  LUMO = 0.060941596269471
cycle= 5 E= -190.329007204648  delta_E= -0.000125  |g|= 0.00812  |ddm|= 0.0335
  HOMO = -0.18408613093742  LUMO = 0.0608003373472248
cycle= 6 E= -190.329026589363  delta_E= -1.94e-05  |g|= 0.00269  |ddm|= 0.0119
  HOMO = -0.183859725212692  LUMO = 0.0608577596393982
cycle= 7 E= -190.329030997613  delta_E= -4.41e-06  |g|= 0.00123  |ddm|= 0.00444
  HOMO = -0.183728381726798  LUMO = 0.060859529942885
cycle= 8 E= -190.329033130983  delta_E= -2.13e-06  |g|= 0.000704  |ddm|= 0.00408
  HOMO = -0.183699115895051  LUMO = 0.0608483841552347
cycle= 9 E= -190.32903376024  delta_E= -6.29e-07  |g|= 0.000505  |ddm|= 0.0017
  HOMO = -0.183692612536734  LUMO = 0.0608457355132983
cycle= 10 E= -190.329034130714  delta_E= -3.7e-07  |g|= 0.000368  |ddm|= 0.00131
  HOMO = -0.183697152150814  LUMO = 0.0608468413335098
cycle= 11 E= -190.329034460455  delta_E= -3.3e-07  |g|= 0.000177  |ddm|= 0.00192
  HOMO = -0.183704874225539  LUMO = 0.0608477638626269
cycle= 12 E= -190.329034523134  delta_E= -6.27e-08  |g|= 5.61e-05  |ddm|= 0.000981
  HOMO = -0.183708818906686  LUMO = 0.0608478895739483
cycle= 13 E= -190.329034528633  delta_E= -5.5e-09  |g|= 2.37e-05  |ddm|= 0.000252
  HOMO = -0.183708383480887  LUMO = 0.060848748597799
cycle= 14 E= -190.329034528327  delta_E= 3.06e-10  |g|= 1.37e-05  |ddm|= 6.74e-05
  HOMO = -0.183708869432312  LUMO = 0.0608486881586152
cycle= 15 E= -190.329034529067  delta_E= -7.4e-10  |g|= 8.47e-06  |ddm|= 4.24e-05
  HOMO = -0.183708826081986  LUMO = 0.0608487216076662
cycle= 16 E= -190.329034529716  delta_E= -6.48e-10  |g|= 6.77e-06  |ddm|= 2.77e-05
  HOMO = -0.183708869695737  LUMO = 0.0608486886036763
cycle= 17 E= -190.329034529173  delta_E= 5.43e-10  |g|= 4.75e-06  |ddm|= 3.36e-05
  HOMO = -0.18370883625943  LUMO = 0.0608486924622526
cycle= 18 E= -190.329034529197  delta_E= -2.36e-11  |g|= 3.5e-06  |ddm|= 2.98e-05
  HOMO = -0.183708854888715  LUMO = 0.0608486831825093
cycle= 19 E= -190.329034529384  delta_E= -1.87e-10  |g|= 3.08e-06  |ddm|= 1.11e-05
  HOMO = -0.18370887919104  LUMO = 0.0608486793382728
cycle= 20 E= -190.329034529302  delta_E= 8.23e-11  |g|= 2.66e-06  |ddm|= 1.07e-05
  HOMO = -0.183708877357637  LUMO = 0.0608487075649314
cycle= 21 E= -190.329034530109  delta_E= -8.08e-10  |g|= 1.93e-06  |ddm|= 1.9e-05
  HOMO = -0.18370890944377  LUMO = 0.0608486971772147
cycle= 22 E= -190.329034528485  delta_E= 1.62e-09  |g|= 1.04e-06  |ddm|= 2.38e-05
  HOMO = -0.183708903362342  LUMO = 0.0608486971097205
cycle= 23 E= -190.329034529696  delta_E= -1.21e-09  |g|= 5.94e-07  |ddm|= 1.05e-05
  HOMO = -0.183708884791076  LUMO = 0.0608486914726205
cycle= 24 E= -190.329034530003  delta_E= -3.06e-10  |g|= 3.71e-07  |ddm|= 4.72e-06
  HOMO = -0.183708881403352  LUMO = 0.060848690687921
Extra cycle  E= -190.329034528934  delta_E= 1.07e-09  |g|= 2.98e-07  |ddm|= 1.03e-06
converged SCF energy = -190.329034528934
Difference in energy:  -3624.243079761946
E(MP2) = -193.380993936652  E_corr = -3.05195940771784
Total energy =  -2586.107613809697
time elapsed:  365.3642408847809
