

******** <class 'pyscf.scf.hf.RHF'> ********
method = RHF
initial guess = minao
damping factor = 0
level_shift factor = 0
DIIS = <class 'pyscf.scf.diis.CDIIS'>
diis_start_cycle = 1
diis_space = 8
SCF conv_tol = 1e-09
SCF conv_tol_grad = 1e-05
SCF max_cycles = 1000
direct_scf = True
direct_scf_tol = 1e-13
chkfile to save SCF result = scf.fchk
max_memory 900000 MB (current use 79 MB)
init E= -582.470933211088
  HOMO = -0.272129732817751  LUMO = 0.00983639761707795
cycle= 1 E= -579.993943021589  delta_E= 2.48  |g|= 0.967  |ddm|= 5.17
  HOMO = -0.253992005476777  LUMO = 0.051485185251553
cycle= 2 E= -580.17806652005  delta_E= -0.184  |g|= 0.608  |ddm|= 1.18
  HOMO = -0.394131644152237  LUMO = 0.110183252953849
cycle= 3 E= -580.24751331515  delta_E= -0.0694  |g|= 0.133  |ddm|= 0.525
  HOMO = -0.397428878794619  LUMO = 0.123687424151898
cycle= 4 E= -580.252373709527  delta_E= -0.00486  |g|= 0.0512  |ddm|= 0.14
  HOMO = -0.389894060900152  LUMO = 0.12074826130783
cycle= 5 E= -580.252915458071  delta_E= -0.000542  |g|= 0.00967  |ddm|= 0.0511
  HOMO = -0.392949270741901  LUMO = 0.120599505519839
cycle= 6 E= -580.252960769339  delta_E= -4.53e-05  |g|= 0.00369  |ddm|= 0.0168
  HOMO = -0.392824123827098  LUMO = 0.121073453500708
cycle= 7 E= -580.252970115564  delta_E= -9.35e-06  |g|= 0.00154  |ddm|= 0.009
  HOMO = -0.393146998169902  LUMO = 0.121073776518539
cycle= 8 E= -580.252971733807  delta_E= -1.62e-06  |g|= 0.000445  |ddm|= 0.00402
  HOMO = -0.393169026532802  LUMO = 0.121070630238783
cycle= 9 E= -580.25297186607  delta_E= -1.32e-07  |g|= 9.34e-05  |ddm|= 0.00114
  HOMO = -0.393160199618738  LUMO = 0.121080128343808
cycle= 10 E= -580.252971871455  delta_E= -5.39e-09  |g|= 3.39e-05  |ddm|= 0.000178
  HOMO = -0.393162006626117  LUMO = 0.121072014986173
cycle= 11 E= -580.252971871957  delta_E= -5.02e-10  |g|= 7.79e-06  |ddm|= 5.22e-05
  HOMO = -0.393161408149609  LUMO = 0.121073436231219
Extra cycle  E= -580.252971871991  delta_E= -3.41e-11  |g|= 3.76e-06  |ddm|= 1.23e-05
converged SCF energy = -580.252971871991
AOs:  [0, 1, 2, 3, 4, 5, 6, 7, 8, 9, 10, 11, 12, 13, 14, 15, 16, 17, 18, 19, 20, 21, 22, 23, 24, 25, 26, 27, 28, 29, 30, 31, 32, 33, 34, 35, 36, 37, 38, 39, 40, 41, 42, 43, 44, 45, 46, 47, 48, 49, 50, 51]
52
Number of Active MOs:  13
Number of Environment MOs:  40
Number of Virtual MOs:  249
 # electrons:            α            β
         Env:  40.00000000  40.00000000
         Act:  13.00000000  13.00000000
         Vir:   0.00000000   0.00000000
Number of electrons in the active space:  26

 The density matrix is idempotent!

 The density matrix is idempotent!


******** <class 'pyscf.scf.hf.RHF'> ********
method = RHF
initial guess = minao
damping factor = 0
level_shift factor = 0
DIIS = <class 'pyscf.scf.diis.CDIIS'>
diis_start_cycle = 1
diis_space = 8
SCF conv_tol = 1e-09
SCF conv_tol_grad = 1e-05
SCF max_cycles = 200
direct_scf = True
direct_scf_tol = 1e-13
chkfile to save SCF result = subsys_scf.chk
max_memory 900000 MB (current use 8560 MB)
init E= 533.442049171699
  HOMO = -0.395400387235762  LUMO = 0.121072518914133
cycle= 1 E= 533.442048374652  delta_E= -7.97e-07  |g|= 1.82e-06  |ddm|= 5.15e-06
  HOMO = -0.395400411686303  LUMO = 0.12107270601609
cycle= 2 E= 533.442048374606  delta_E= -4.55e-11  |g|= 1.14e-06  |ddm|= 2.97e-06
  HOMO = -0.395400401203023  LUMO = 0.121072671216233
Extra cycle  E= 533.442048374665  delta_E= 5.83e-11  |g|= 7.02e-07  |ddm|= 1.89e-06
converged SCF energy = 533.442048374665
Difference in energy:  3.481373823888134e-08
E(MP2) = 532.928137413358  E_corr = -0.513910961307155
Total energy =  -580.7668828333539
time elapsed:  42.95002317428589
