

******** <class 'pyscf.scf.hf.RHF'> ********
method = RHF
initial guess = minao
damping factor = 0
level_shift factor = 0
DIIS = <class 'pyscf.scf.diis.CDIIS'>
diis_start_cycle = 1
diis_space = 8
SCF conv_tol = 1e-09
SCF conv_tol_grad = 1e-05
SCF max_cycles = 1000
direct_scf = True
direct_scf_tol = 1e-13
chkfile to save SCF result = scf.fchk
max_memory 900000 MB (current use 79 MB)
init E= -582.248533013686
  HOMO = -0.269626800904493  LUMO = 0.0134591243155797
cycle= 1 E= -580.049489544699  delta_E=  2.2  |g|= 0.948  |ddm|= 5.16
  HOMO = -0.317142272960325  LUMO = 0.0758837943039447
cycle= 2 E= -580.222804586838  delta_E= -0.173  |g|= 0.616  |ddm|= 1.15
  HOMO = -0.412890705218605  LUMO = 0.121887867434331
cycle= 3 E= -580.293390629357  delta_E= -0.0706  |g|= 0.138  |ddm|= 0.543
  HOMO = -0.405731054341783  LUMO = 0.135966676120057
cycle= 4 E= -580.298567670626  delta_E= -0.00518  |g|= 0.0487  |ddm|= 0.141
  HOMO = -0.413090262780356  LUMO = 0.133440275426362
cycle= 5 E= -580.299084769282  delta_E= -0.000517  |g|= 0.0101  |ddm|= 0.0521
  HOMO = -0.414235625242971  LUMO = 0.13337033121619
cycle= 6 E= -580.299134837983  delta_E= -5.01e-05  |g|= 0.00393  |ddm|= 0.0178
  HOMO = -0.414353892822512  LUMO = 0.133906910692251
cycle= 7 E= -580.299146411547  delta_E= -1.16e-05  |g|= 0.00162  |ddm|= 0.0105
  HOMO = -0.414741897812203  LUMO = 0.133850480449005
cycle= 8 E= -580.29914819262  delta_E= -1.78e-06  |g|= 0.000442  |ddm|= 0.00437
  HOMO = -0.414763813828767  LUMO = 0.133868290596031
cycle= 9 E= -580.299148328645  delta_E= -1.36e-07  |g|= 8.71e-05  |ddm|= 0.00117
  HOMO = -0.414753396167385  LUMO = 0.133872520464291
cycle= 10 E= -580.299148333381  delta_E= -4.74e-09  |g|= 3.1e-05  |ddm|= 0.000171
  HOMO = -0.414759039885913  LUMO = 0.133865323588153
cycle= 11 E= -580.29914833379  delta_E= -4.09e-10  |g|= 8.45e-06  |ddm|= 4.56e-05
  HOMO = -0.414757077579611  LUMO = 0.133867120381775
Extra cycle  E= -580.29914833383  delta_E= -3.96e-11  |g|= 4.38e-06  |ddm|= 1.39e-05
converged SCF energy = -580.29914833383
AOs:  [0, 1, 2, 3, 4, 5, 6, 7, 8, 9, 10, 11, 12, 13, 14, 15, 16, 17, 18, 19, 20, 21, 22, 23, 24, 25, 26, 27, 28, 29, 30, 31, 32, 33, 34, 35, 36, 37, 38, 39, 40, 41, 42, 43, 44, 45, 46, 47, 48, 49, 50, 51]
52
Number of Active MOs:  13
Number of Environment MOs:  40
Number of Virtual MOs:  249
 # electrons:            α            β
         Env:  40.00000000  40.00000000
         Act:  13.00000000  13.00000000
         Vir:  -0.00000000  -0.00000000
Number of electrons in the active space:  26

 The density matrix is idempotent!

 The density matrix is idempotent!


******** <class 'pyscf.scf.hf.RHF'> ********
method = RHF
initial guess = minao
damping factor = 0
level_shift factor = 0
DIIS = <class 'pyscf.scf.diis.CDIIS'>
diis_start_cycle = 1
diis_space = 8
SCF conv_tol = 1e-09
SCF conv_tol_grad = 1e-05
SCF max_cycles = 200
direct_scf = True
direct_scf_tol = 1e-13
chkfile to save SCF result = subsys_scf.chk
max_memory 900000 MB (current use 8559 MB)
init E= 529.17985687999
  HOMO = -0.433665754332615  LUMO = 0.133866090786895
cycle= 1 E= 529.179856071001  delta_E= -8.09e-07  |g|= 2.28e-06  |ddm|= 6.36e-06
  HOMO = -0.433665904558788  LUMO = 0.133866307296551
cycle= 2 E= 529.179856071014  delta_E= 1.32e-11  |g|= 1.48e-06  |ddm|= 3.94e-06
  HOMO = -0.433665843138688  LUMO = 0.133866253933434
Extra cycle  E= 529.179856070922  delta_E= -9.27e-11  |g|= 9.51e-07  |ddm|= 2.55e-06
converged SCF energy = 529.179856070922
Difference in energy:  2.3827435597922885e-07
E(MP2) = 528.668402273128  E_corr = -0.511453797793521
Total energy =  -580.8106021320032
time elapsed:  42.015467166900635
