

******** <class 'pyscf.scf.hf.RHF'> ********
method = RHF
initial guess = minao
damping factor = 0
level_shift factor = 0
DIIS = <class 'pyscf.scf.diis.CDIIS'>
diis_start_cycle = 1
diis_space = 8
SCF conv_tol = 1e-09
SCF conv_tol_grad = 1e-05
SCF max_cycles = 1000
direct_scf = True
direct_scf_tol = 1e-13
chkfile to save SCF result = scf.fchk
max_memory 900000 MB (current use 79 MB)
init E= -582.201706566771
  HOMO = -0.269121224762463  LUMO = 0.0141730489811842
cycle= 1 E= -580.05487001413  delta_E= 2.15  |g|= 0.951  |ddm|= 5.16
  HOMO = -0.335731510517256  LUMO = 0.0840102151027687
cycle= 2 E= -580.22521904236  delta_E= -0.17  |g|= 0.63  |ddm|= 1.16
  HOMO = -0.409947101750017  LUMO = 0.12562136486245
cycle= 3 E= -580.298850871831  delta_E= -0.0736  |g|= 0.139  |ddm|= 0.562
  HOMO = -0.402621643662936  LUMO = 0.139471097348109
cycle= 4 E= -580.304124183786  delta_E= -0.00527  |g|= 0.0471  |ddm|= 0.141
  HOMO = -0.4103338519369  LUMO = 0.137281425019184
cycle= 5 E= -580.304621300088  delta_E= -0.000497  |g|= 0.0103  |ddm|= 0.0522
  HOMO = -0.41133711929306  LUMO = 0.137224723256651
cycle= 6 E= -580.304673205761  delta_E= -5.19e-05  |g|= 0.00402  |ddm|= 0.0183
  HOMO = -0.411500018396048  LUMO = 0.137774238994023
cycle= 7 E= -580.304685651592  delta_E= -1.24e-05  |g|= 0.00163  |ddm|= 0.0112
  HOMO = -0.411913764436205  LUMO = 0.137702361124838
cycle= 8 E= -580.30468744741  delta_E= -1.8e-06  |g|= 0.000444  |ddm|= 0.00444
  HOMO = -0.41193301465176  LUMO = 0.137725250863111
cycle= 9 E= -580.304687584523  delta_E= -1.37e-07  |g|= 8.65e-05  |ddm|= 0.00118
  HOMO = -0.411922445369041  LUMO = 0.137728128061121
cycle= 10 E= -580.304687589228  delta_E= -4.7e-09  |g|= 3.04e-05  |ddm|= 0.000172
  HOMO = -0.411928334314401  LUMO = 0.137721186291697
cycle= 11 E= -580.304687589626  delta_E= -3.98e-10  |g|= 8.76e-06  |ddm|= 4.51e-05
  HOMO = -0.411926102026052  LUMO = 0.137723081653512
Extra cycle  E= -580.30468758967  delta_E= -4.34e-11  |g|= 4.62e-06  |ddm|= 1.45e-05
converged SCF energy = -580.30468758967
AOs:  [0, 1, 2, 3, 4, 5, 6, 7, 8, 9, 10, 11, 12, 13, 14, 15, 16, 17, 18, 19, 20, 21, 22, 23, 24, 25, 26, 27, 28, 29, 30, 31, 32, 33, 34, 35, 36, 37, 38, 39, 40, 41, 42, 43, 44, 45, 46, 47, 48, 49, 50, 51]
52
Number of Active MOs:  13
Number of Environment MOs:  40
Number of Virtual MOs:  249
 # electrons:            α            β
         Env:  40.00000000  40.00000000
         Act:  13.00000000  13.00000000
         Vir:  -0.00000000  -0.00000000
Number of electrons in the active space:  26

 The density matrix is idempotent!

 The density matrix is idempotent!


******** <class 'pyscf.scf.hf.RHF'> ********
method = RHF
initial guess = minao
damping factor = 0
level_shift factor = 0
DIIS = <class 'pyscf.scf.diis.CDIIS'>
diis_start_cycle = 1
diis_space = 8
SCF conv_tol = 1e-09
SCF conv_tol_grad = 1e-05
SCF max_cycles = 200
direct_scf = True
direct_scf_tol = 1e-13
chkfile to save SCF result = subsys_scf.chk
max_memory 900000 MB (current use 8559 MB)
init E= 527.233658806355
  HOMO = -0.445141907383312  LUMO = 0.137722036875351
cycle= 1 E= 527.233657993503  delta_E= -8.13e-07  |g|= 2.44e-06  |ddm|= 6.77e-06
  HOMO = -0.44514211013403  LUMO = 0.1377222610314
cycle= 2 E= 527.233657993544  delta_E= 4.08e-11  |g|= 1.6e-06  |ddm|= 4.23e-06
  HOMO = -0.445142025916601  LUMO = 0.137722203266592
Extra cycle  E= 527.233657993534  delta_E= -1.03e-11  |g|= 1.04e-06  |ddm|= 2.75e-06
converged SCF energy = 527.233657993534
Difference in energy:  2.6609681071931847e-08
E(MP2) = 526.723026462472  E_corr = -0.510631531062344
Total energy =  -580.8153191207745
time elapsed:  42.75483059883118
