

******** <class 'pyscf.scf.hf.RHF'> ********
method = RHF
initial guess = minao
damping factor = 0
level_shift factor = 0
DIIS = <class 'pyscf.scf.diis.CDIIS'>
diis_start_cycle = 1
diis_space = 8
SCF conv_tol = 1e-09
SCF conv_tol_grad = 1e-05
SCF max_cycles = 1000
direct_scf = True
direct_scf_tol = 1e-13
chkfile to save SCF result = scf.fchk
max_memory 900000 MB (current use 79 MB)
init E= -582.175507304618
  HOMO = -0.26884509516302  LUMO = 0.0145692562741225
cycle= 1 E= -580.055253246916  delta_E= 2.12  |g|= 0.955  |ddm|= 5.16
  HOMO = -0.342610278256029  LUMO = 0.0899366036926733
cycle= 2 E= -580.223869413858  delta_E= -0.169  |g|= 0.643  |ddm|= 1.18
  HOMO = -0.407146937607777  LUMO = 0.128496754246813
cycle= 3 E= -580.300409484493  delta_E= -0.0765  |g|= 0.139  |ddm|= 0.58
  HOMO = -0.4001189701934  LUMO = 0.141994441927056
cycle= 4 E= -580.305748838087  delta_E= -0.00534  |g|= 0.046  |ddm|= 0.142
  HOMO = -0.407696692059052  LUMO = 0.140100197434692
cycle= 5 E= -580.306232175602  delta_E= -0.000483  |g|= 0.0105  |ddm|= 0.0524
  HOMO = -0.408691347417326  LUMO = 0.140047009320546
cycle= 6 E= -580.306285528237  delta_E= -5.34e-05  |g|= 0.00409  |ddm|= 0.0186
  HOMO = -0.40889049235712  LUMO = 0.140600954845178
cycle= 7 E= -580.306298662009  delta_E= -1.31e-05  |g|= 0.00164  |ddm|= 0.0118
  HOMO = -0.409322473059533  LUMO = 0.1405204052681
cycle= 8 E= -580.306300465002  delta_E= -1.8e-06  |g|= 0.000445  |ddm|= 0.00449
  HOMO = -0.409340270143599  LUMO = 0.140546141515119
cycle= 9 E= -580.306300602698  delta_E= -1.38e-07  |g|= 8.66e-05  |ddm|= 0.00118
  HOMO = -0.409329510107225  LUMO = 0.140548272613222
cycle= 10 E= -580.306300607426  delta_E= -4.73e-09  |g|= 3.02e-05  |ddm|= 0.000173
  HOMO = -0.409335504080511  LUMO = 0.140541453997954
cycle= 11 E= -580.306300607821  delta_E= -3.94e-10  |g|= 8.99e-06  |ddm|= 4.52e-05
  HOMO = -0.409333130311523  LUMO = 0.140543400467885
Extra cycle  E= -580.306300607868  delta_E= -4.73e-11  |g|= 4.78e-06  |ddm|= 1.5e-05
converged SCF energy = -580.306300607868
AOs:  [0, 1, 2, 3, 4, 5, 6, 7, 8, 9, 10, 11, 12, 13, 14, 15, 16, 17, 18, 19, 20, 21, 22, 23, 24, 25, 26, 27, 28, 29, 30, 31, 32, 33, 34, 35, 36, 37, 38, 39, 40, 41, 42, 43, 44, 45, 46, 47, 48, 49, 50, 51]
52
Number of Active MOs:  13
Number of Environment MOs:  40
Number of Virtual MOs:  249
 # electrons:            α            β
         Env:  40.00000000  40.00000000
         Act:  13.00000000  13.00000000
         Vir:  -0.00000000  -0.00000000
Number of electrons in the active space:  26

 The density matrix is idempotent!

 The density matrix is idempotent!


******** <class 'pyscf.scf.hf.RHF'> ********
method = RHF
initial guess = minao
damping factor = 0
level_shift factor = 0
DIIS = <class 'pyscf.scf.diis.CDIIS'>
diis_start_cycle = 1
diis_space = 8
SCF conv_tol = 1e-09
SCF conv_tol_grad = 1e-05
SCF max_cycles = 200
direct_scf = True
direct_scf_tol = 1e-13
chkfile to save SCF result = subsys_scf.chk
max_memory 900000 MB (current use 8559 MB)
init E= 525.390451318307
  HOMO = -0.453311658419361  LUMO = 0.140542356288552
cycle= 1 E= 525.390450502908  delta_E= -8.15e-07  |g|= 2.56e-06  |ddm|= 7.06e-06
  HOMO = -0.453311891583805  LUMO = 0.140542580483135
cycle= 2 E= 525.390450502659  delta_E= -2.49e-10  |g|= 1.69e-06  |ddm|= 4.45e-06
  HOMO = -0.453311790609443  LUMO = 0.140542522177962
Extra cycle  E= 525.390450502741  delta_E= 8.2e-11  |g|= 1.1e-06  |ddm|= 2.9e-06
converged SCF energy = 525.390450502741
Difference in energy:  8.33246849651914e-08
E(MP2) = 524.880314992518  E_corr = -0.510135510223386
Total energy =  -580.8164361182244
time elapsed:  42.48398995399475
