

******** <class 'pyscf.scf.hf.RHF'> ********
method = RHF
initial guess = minao
damping factor = 0
level_shift factor = 0
DIIS = <class 'pyscf.scf.diis.CDIIS'>
diis_start_cycle = 1
diis_space = 8
SCF conv_tol = 1e-09
SCF conv_tol_grad = 1e-05
SCF max_cycles = 1000
direct_scf = True
direct_scf_tol = 1e-13
chkfile to save SCF result = scf.fchk
max_memory 900000 MB (current use 79 MB)
init E= -582.152796084336
  HOMO = -0.268643530059692  LUMO = 0.0148760783598191
cycle= 1 E= -580.051354489276  delta_E=  2.1  |g|= 0.964  |ddm|= 5.16
  HOMO = -0.331351280639741  LUMO = 0.0973914941140917
cycle= 2 E= -580.218679494738  delta_E= -0.167  |g|= 0.661  |ddm|= 1.22
  HOMO = -0.402891258538107  LUMO = 0.132541250555642
cycle= 3 E= -580.299518379746  delta_E= -0.0808  |g|= 0.139  |ddm|= 0.606
  HOMO = -0.396546509309331  LUMO = 0.145359165852851
cycle= 4 E= -580.304934129528  delta_E= -0.00542  |g|= 0.0449  |ddm|= 0.142
  HOMO = -0.403837449510093  LUMO = 0.143878041202565
cycle= 5 E= -580.305405527988  delta_E= -0.000471  |g|= 0.0107  |ddm|= 0.053
  HOMO = -0.404854839483661  LUMO = 0.143818344756163
cycle= 6 E= -580.305460995426  delta_E= -5.55e-05  |g|= 0.0042  |ddm|= 0.0192
  HOMO = -0.405111454662726  LUMO = 0.144369306412541
cycle= 7 E= -580.305475085608  delta_E= -1.41e-05  |g|= 0.00165  |ddm|= 0.0126
  HOMO = -0.405565598473616  LUMO = 0.144282514235883
cycle= 8 E= -580.305476903265  delta_E= -1.82e-06  |g|= 0.000447  |ddm|= 0.00458
  HOMO = -0.405582812802902  LUMO = 0.144310302469475
cycle= 9 E= -580.305477041042  delta_E= -1.38e-07  |g|= 8.74e-05  |ddm|= 0.00118
  HOMO = -0.405571408509055  LUMO = 0.144311811700682
cycle= 10 E= -580.305477045855  delta_E= -4.81e-09  |g|= 3.03e-05  |ddm|= 0.000175
  HOMO = -0.405577647050116  LUMO = 0.14430504495996
cycle= 11 E= -580.305477046256  delta_E= -4.01e-10  |g|= 9.27e-06  |ddm|= 4.59e-05
  HOMO = -0.405575120651845  LUMO = 0.144307013266592
Extra cycle  E= -580.305477046306  delta_E= -4.96e-11  |g|= 4.97e-06  |ddm|= 1.55e-05
converged SCF energy = -580.305477046306
AOs:  [0, 1, 2, 3, 4, 5, 6, 7, 8, 9, 10, 11, 12, 13, 14, 15, 16, 17, 18, 19, 20, 21, 22, 23, 24, 25, 26, 27, 28, 29, 30, 31, 32, 33, 34, 35, 36, 37, 38, 39, 40, 41, 42, 43, 44, 45, 46, 47, 48, 49, 50, 51]
52
Number of Active MOs:  13
Number of Environment MOs:  40
Number of Virtual MOs:  249
 # electrons:            α            β
         Env:  40.00000000  40.00000000
         Act:  13.00000000  13.00000000
         Vir:  -0.00000000  -0.00000000
Number of electrons in the active space:  26

 The density matrix is idempotent!

 The density matrix is idempotent!


******** <class 'pyscf.scf.hf.RHF'> ********
method = RHF
initial guess = minao
damping factor = 0
level_shift factor = 0
DIIS = <class 'pyscf.scf.diis.CDIIS'>
diis_start_cycle = 1
diis_space = 8
SCF conv_tol = 1e-09
SCF conv_tol_grad = 1e-05
SCF max_cycles = 200
direct_scf = True
direct_scf_tol = 1e-13
chkfile to save SCF result = subsys_scf.chk
max_memory 900000 MB (current use 8560 MB)
init E= 521.974704240934
  HOMO = -0.461332058763148  LUMO = 0.144305983853705
cycle= 1 E= 521.974703421796  delta_E= -8.19e-07  |g|= 2.7e-06  |ddm|= 7.42e-06
  HOMO = -0.461331596461713  LUMO = 0.144306203158442
cycle= 2 E= 521.974703421938  delta_E= 1.42e-10  |g|= 1.8e-06  |ddm|= 4.72e-06
  HOMO = -0.461331879899707  LUMO = 0.144306141349877
Extra cycle  E= 521.974703422071  delta_E= 1.33e-10  |g|= 1.18e-06  |ddm|= 3.09e-06
converged SCF energy = 521.974703422071
Difference in energy:  -1.4025370774106704e-07
E(MP2) = 521.465004536336  E_corr = -0.509698885735182
Total energy =  -580.8151759318174
time elapsed:  42.850672483444214
