

******** <class 'pyscf.scf.hf.RHF'> ********
method = RHF
initial guess = minao
damping factor = 0
level_shift factor = 0
DIIS = <class 'pyscf.scf.diis.CDIIS'>
diis_start_cycle = 1
diis_space = 8
SCF conv_tol = 1e-09
SCF conv_tol_grad = 1e-05
SCF max_cycles = 1000
direct_scf = True
direct_scf_tol = 1e-13
chkfile to save SCF result = scf.fchk
max_memory 900000 MB (current use 79 MB)
init E= -582.145551290852
  HOMO = -0.268599048269086  LUMO = 0.0149634667889126
cycle= 1 E= -580.046982475086  delta_E=  2.1  |g|= 0.97  |ddm|= 5.16
  HOMO = -0.324045531099146  LUMO = 0.101597106544501
cycle= 2 E= -580.214240399848  delta_E= -0.167  |g|= 0.672  |ddm|= 1.24
  HOMO = -0.399960801340686  LUMO = 0.135189255948885
cycle= 3 E= -580.297755521967  delta_E= -0.0835  |g|= 0.139  |ddm|= 0.622
  HOMO = -0.394127171749197  LUMO = 0.147504807164256
cycle= 4 E= -580.30320766867  delta_E= -0.00545  |g|= 0.0445  |ddm|= 0.142
  HOMO = -0.40124534316581  LUMO = 0.146268973668099
cycle= 5 E= -580.303677151323  delta_E= -0.000469  |g|= 0.0108  |ddm|= 0.0534
  HOMO = -0.402290945686327  LUMO = 0.146197521892917
cycle= 6 E= -580.30373415241  delta_E= -5.7e-05  |g|= 0.00428  |ddm|= 0.0197
  HOMO = -0.402589580095277  LUMO = 0.146740384994965
cycle= 7 E= -580.303748879228  delta_E= -1.47e-05  |g|= 0.00165  |ddm|= 0.013
  HOMO = -0.403055847655025  LUMO = 0.146653361700013
cycle= 8 E= -580.303750714299  delta_E= -1.84e-06  |g|= 0.000449  |ddm|= 0.00464
  HOMO = -0.403073489172477  LUMO = 0.146681352373188
cycle= 9 E= -580.303750851491  delta_E= -1.37e-07  |g|= 8.83e-05  |ddm|= 0.00117
  HOMO = -0.403061417997259  LUMO = 0.146682690534473
cycle= 10 E= -580.303750856368  delta_E= -4.88e-09  |g|= 3.06e-05  |ddm|= 0.000177
  HOMO = -0.40306788713973  LUMO = 0.146675896304436
cycle= 11 E= -580.303750856774  delta_E= -4.06e-10  |g|= 9.41e-06  |ddm|= 4.65e-05
  HOMO = -0.403065283727223  LUMO = 0.146677849132616
Extra cycle  E= -580.30375085683  delta_E= -5.57e-11  |g|= 5.07e-06  |ddm|= 1.59e-05
converged SCF energy = -580.30375085683
AOs:  [0, 1, 2, 3, 4, 5, 6, 7, 8, 9, 10, 11, 12, 13, 14, 15, 16, 17, 18, 19, 20, 21, 22, 23, 24, 25, 26, 27, 28, 29, 30, 31, 32, 33, 34, 35, 36, 37, 38, 39, 40, 41, 42, 43, 44, 45, 46, 47, 48, 49, 50, 51]
52
Number of Active MOs:  13
Number of Environment MOs:  40
Number of Virtual MOs:  249
 # electrons:            α            β
         Env:  40.00000000  40.00000000
         Act:  13.00000000  13.00000000
         Vir:  -0.00000000  -0.00000000
Number of electrons in the active space:  26

 The density matrix is idempotent!

 The density matrix is idempotent!


******** <class 'pyscf.scf.hf.RHF'> ********
method = RHF
initial guess = minao
damping factor = 0
level_shift factor = 0
DIIS = <class 'pyscf.scf.diis.CDIIS'>
diis_start_cycle = 1
diis_space = 8
SCF conv_tol = 1e-09
SCF conv_tol_grad = 1e-05
SCF max_cycles = 200
direct_scf = True
direct_scf_tol = 1e-13
chkfile to save SCF result = subsys_scf.chk
max_memory 900000 MB (current use 8560 MB)
init E= 518.87472158447
  HOMO = -0.458347012559103  LUMO = 0.146676837405153
cycle= 1 E= 518.874720762945  delta_E= -8.22e-07  |g|= 2.78e-06  |ddm|= 7.62e-06
  HOMO = -0.458346466788402  LUMO = 0.146677047647654
cycle= 2 E= 518.874720763008  delta_E= 6.26e-11  |g|= 1.85e-06  |ddm|= 4.85e-06
  HOMO = -0.458346799836388  LUMO = 0.146676984720765
Extra cycle  E= 518.874720763004  delta_E= -4.09e-12  |g|= 1.22e-06  |ddm|= 3.2e-06
converged SCF energy = 518.874720763004
Difference in energy:  -3.3386945688107516e-08
E(MP2) = 518.365221902691  E_corr = -0.50949886031284
Total energy =  -580.8132497170892
time elapsed:  43.263211727142334
