

******** <class 'pyscf.scf.hf.RHF'> ********
method = RHF
initial guess = minao
damping factor = 0
level_shift factor = 0
DIIS = <class 'pyscf.scf.diis.CDIIS'>
diis_start_cycle = 1
diis_space = 8
SCF conv_tol = 1e-09
SCF conv_tol_grad = 1e-05
SCF max_cycles = 1000
direct_scf = True
direct_scf_tol = 1e-13
chkfile to save SCF result = scf.fchk
max_memory 900000 MB (current use 79 MB)
init E= -582.142773559817
  HOMO = -0.268584904310521  LUMO = 0.0150056656949294
cycle= 1 E= -580.04366771202  delta_E=  2.1  |g|= 0.974  |ddm|= 5.16
  HOMO = -0.319339611497515  LUMO = 0.104235947733072
cycle= 2 E= -580.211149334195  delta_E= -0.167  |g|= 0.679  |ddm|= 1.26
  HOMO = -0.397878748674164  LUMO = 0.137024958508966
cycle= 3 E= -580.296348625991  delta_E= -0.0852  |g|= 0.139  |ddm|= 0.632
  HOMO = -0.392418427606088  LUMO = 0.148974843102354
cycle= 4 E= -580.301818066817  delta_E= -0.00547  |g|= 0.0445  |ddm|= 0.143
  HOMO = -0.399427732282719  LUMO = 0.147895124759623
cycle= 5 E= -580.30228826008  delta_E= -0.00047  |g|= 0.0109  |ddm|= 0.0537
  HOMO = -0.400496424115736  LUMO = 0.147813427567458
cycle= 6 E= -580.302346369148  delta_E= -5.81e-05  |g|= 0.00433  |ddm|= 0.02
  HOMO = -0.400825367251354  LUMO = 0.14834823168149
cycle= 7 E= -580.302361536087  delta_E= -1.52e-05  |g|= 0.00166  |ddm|= 0.0134
  HOMO = -0.401298797630675  LUMO = 0.148262584008258
cycle= 8 E= -580.302363386773  delta_E= -1.85e-06  |g|= 0.00045  |ddm|= 0.00469
  HOMO = -0.401316930617468  LUMO = 0.148290397679652
cycle= 9 E= -580.302363523365  delta_E= -1.37e-07  |g|= 8.89e-05  |ddm|= 0.00117
  HOMO = -0.401304332716071  LUMO = 0.148291686712852
cycle= 10 E= -580.302363528288  delta_E= -4.92e-09  |g|= 3.09e-05  |ddm|= 0.000179
  HOMO = -0.401310975715839  LUMO = 0.148284867450889
cycle= 11 E= -580.302363528702  delta_E= -4.14e-10  |g|= 9.5e-06  |ddm|= 4.69e-05
  HOMO = -0.401308327919336  LUMO = 0.148286799652899
Extra cycle  E= -580.302363528754  delta_E= -5.16e-11  |g|= 5.12e-06  |ddm|= 1.61e-05
converged SCF energy = -580.302363528754
AOs:  [0, 1, 2, 3, 4, 5, 6, 7, 8, 9, 10, 11, 12, 13, 14, 15, 16, 17, 18, 19, 20, 21, 22, 23, 24, 25, 26, 27, 28, 29, 30, 31, 32, 33, 34, 35, 36, 37, 38, 39, 40, 41, 42, 43, 44, 45, 46, 47, 48, 49, 50, 51]
52
Number of Active MOs:  13
Number of Environment MOs:  40
Number of Virtual MOs:  249
 # electrons:            α            β
         Env:  40.00000000  40.00000000
         Act:  13.00000000  13.00000000
         Vir:   0.00000000   0.00000000
Number of electrons in the active space:  26

 The density matrix is idempotent!

 The density matrix is idempotent!


******** <class 'pyscf.scf.hf.RHF'> ********
method = RHF
initial guess = minao
damping factor = 0
level_shift factor = 0
DIIS = <class 'pyscf.scf.diis.CDIIS'>
diis_start_cycle = 1
diis_space = 8
SCF conv_tol = 1e-09
SCF conv_tol_grad = 1e-05
SCF max_cycles = 200
direct_scf = True
direct_scf_tol = 1e-13
chkfile to save SCF result = subsys_scf.chk
max_memory 900000 MB (current use 8559 MB)
init E= 516.049582514251
  HOMO = -0.456100891354799  LUMO = 0.148285804910926
cycle= 1 E= 516.049581691364  delta_E= -8.23e-07  |g|= 2.82e-06  |ddm|= 7.74e-06
  HOMO = -0.456100344481487  LUMO = 0.148286007247891
cycle= 2 E= 516.049581691464  delta_E= 9.94e-11  |g|= 1.88e-06  |ddm|= 4.93e-06
  HOMO = -0.45610067820542  LUMO = 0.1482859452787
Extra cycle  E= 516.049581691351  delta_E= -1.12e-10  |g|= 1.24e-06  |ddm|= 3.24e-06
converged SCF energy = 516.049581691351
Difference in energy:  -9.003060995382839e-08
E(MP2) = 515.540190699324  E_corr = -0.50939099202745
Total energy =  -580.811754520638
time elapsed:  42.68282508850098
