

******** <class 'pyscf.scf.hf.RHF'> ********
method = RHF
initial guess = minao
damping factor = 0
level_shift factor = 0
DIIS = <class 'pyscf.scf.diis.CDIIS'>
diis_start_cycle = 1
diis_space = 8
SCF conv_tol = 1e-09
SCF conv_tol_grad = 1e-05
SCF max_cycles = 1000
direct_scf = True
direct_scf_tol = 1e-13
chkfile to save SCF result = scf.fchk
max_memory 900000 MB (current use 79 MB)
init E= -582.14197991573
  HOMO = -0.268580902143345  LUMO = 0.0150206013914202
cycle= 1 E= -580.042396900385  delta_E=  2.1  |g|= 0.976  |ddm|= 5.16
  HOMO = -0.317586700987859  LUMO = 0.105219281444466
cycle= 2 E= -580.209995674991  delta_E= -0.168  |g|= 0.681  |ddm|= 1.27
  HOMO = -0.397069332799154  LUMO = 0.137732046284587
cycle= 3 E= -580.295807032502  delta_E= -0.0858  |g|= 0.139  |ddm|= 0.635
  HOMO = -0.391755459691804  LUMO = 0.14953943343639
cycle= 4 E= -580.301281791851  delta_E= -0.00547  |g|= 0.0444  |ddm|= 0.143
  HOMO = -0.398723666040783  LUMO = 0.14851777352159
cycle= 5 E= -580.301752563914  delta_E= -0.000471  |g|= 0.0109  |ddm|= 0.0538
  HOMO = -0.399801231377519  LUMO = 0.148432250114085
cycle= 6 E= -580.301811102956  delta_E= -5.85e-05  |g|= 0.00435  |ddm|= 0.0201
  HOMO = -0.400141647829377  LUMO = 0.148963748921589
cycle= 7 E= -580.301826438243  delta_E= -1.53e-05  |g|= 0.00166  |ddm|= 0.0135
  HOMO = -0.400617640553521  LUMO = 0.148878838815253
cycle= 8 E= -580.301828295757  delta_E= -1.86e-06  |g|= 0.000451  |ddm|= 0.00471
  HOMO = -0.400635973467443  LUMO = 0.148906561757328
cycle= 9 E= -580.301828432135  delta_E= -1.36e-07  |g|= 8.92e-05  |ddm|= 0.00117
  HOMO = -0.400623174154091  LUMO = 0.148907837232929
cycle= 10 E= -580.301828437077  delta_E= -4.94e-09  |g|= 3.1e-05  |ddm|= 0.000179
  HOMO = -0.400629880547318  LUMO = 0.148901013088306
cycle= 11 E= -580.301828437493  delta_E= -4.16e-10  |g|= 9.53e-06  |ddm|= 4.7e-05
  HOMO = -0.400627216827279  LUMO = 0.148902936365931
Extra cycle  E= -580.301828437548  delta_E= -5.53e-11  |g|= 5.14e-06  |ddm|= 1.62e-05
converged SCF energy = -580.301828437548
AOs:  [0, 1, 2, 3, 4, 5, 6, 7, 8, 9, 10, 11, 12, 13, 14, 15, 16, 17, 18, 19, 20, 21, 22, 23, 24, 25, 26, 27, 28, 29, 30, 31, 32, 33, 34, 35, 36, 37, 38, 39, 40, 41, 42, 43, 44, 45, 46, 47, 48, 49, 50, 51]
52
Number of Active MOs:  13
Number of Environment MOs:  40
Number of Virtual MOs:  249
 # electrons:            α            β
         Env:  40.00000000  40.00000000
         Act:  13.00000000  13.00000000
         Vir:   0.00000000   0.00000000
Number of electrons in the active space:  26

 The density matrix is idempotent!

 The density matrix is idempotent!


******** <class 'pyscf.scf.hf.RHF'> ********
method = RHF
initial guess = minao
damping factor = 0
level_shift factor = 0
DIIS = <class 'pyscf.scf.diis.CDIIS'>
diis_start_cycle = 1
diis_space = 8
SCF conv_tol = 1e-09
SCF conv_tol_grad = 1e-05
SCF max_cycles = 200
direct_scf = True
direct_scf_tol = 1e-13
chkfile to save SCF result = subsys_scf.chk
max_memory 900000 MB (current use 8559 MB)
init E= 514.729525010223
  HOMO = -0.455237185448217  LUMO = 0.148901947035019
cycle= 1 E= 514.72952418682  delta_E= -8.23e-07  |g|= 2.84e-06  |ddm|= 7.77e-06
  HOMO = -0.45523664056843  LUMO = 0.148902145868451
cycle= 2 E= 514.729524186697  delta_E= -1.23e-10  |g|= 1.89e-06  |ddm|= 4.96e-06
  HOMO = -0.455236974635976  LUMO = 0.148902084193076
Extra cycle  E= 514.729524186699  delta_E= 2.39e-12  |g|= 1.24e-06  |ddm|= 3.27e-06
converged SCF energy = 514.729524186699
Difference in energy:  -1.0144495036001899e-07
E(MP2) = 514.220159482661  E_corr = -0.509364704038044
Total energy =  -580.8111931414246
time elapsed:  42.73899459838867
