

******** <class 'pyscf.scf.hf.RHF'> ********
method = RHF
initial guess = minao
damping factor = 0
level_shift factor = 0
DIIS = <class 'pyscf.scf.diis.CDIIS'>
diis_start_cycle = 1
diis_space = 8
SCF conv_tol = 1e-09
SCF conv_tol_grad = 1e-05
SCF max_cycles = 1000
direct_scf = True
direct_scf_tol = 1e-13
chkfile to save SCF result = scf.fchk
max_memory 900000 MB (current use 79 MB)
init E= -582.140972423215
  HOMO = -0.268573636884338  LUMO = 0.0150440612059235
cycle= 1 E= -580.040496474727  delta_E=  2.1  |g|= 0.978  |ddm|= 5.16
  HOMO = -0.314934443354117  LUMO = 0.106728477009809
cycle= 2 E= -580.208272337792  delta_E= -0.168  |g|= 0.685  |ddm|= 1.28
  HOMO = -0.395827686758295  LUMO = 0.138814545232689
cycle= 3 E= -580.294996238815  delta_E= -0.0867  |g|= 0.139  |ddm|= 0.64
  HOMO = -0.390726149662264  LUMO = 0.150413730650531
cycle= 4 E= -580.300479540312  delta_E= -0.00548  |g|= 0.0444  |ddm|= 0.143
  HOMO = -0.397635999769464  LUMO = 0.149477056806011
cycle= 5 E= -580.300951600459  delta_E= -0.000472  |g|= 0.011  |ddm|= 0.0539
  HOMO = -0.398726071073109  LUMO = 0.149386589045883
cycle= 6 E= -580.301010799283  delta_E= -5.92e-05  |g|= 0.00439  |ddm|= 0.0203
  HOMO = -0.399083048161018  LUMO = 0.149913362301456
cycle= 7 E= -580.301026391573  delta_E= -1.56e-05  |g|= 0.00167  |ddm|= 0.0137
  HOMO = -0.399563193513545  LUMO = 0.149829472836165
cycle= 8 E= -580.301028261436  delta_E= -1.87e-06  |g|= 0.000452  |ddm|= 0.00474
  HOMO = -0.399581757222499  LUMO = 0.1498571491373
cycle= 9 E= -580.30102839764  delta_E= -1.36e-07  |g|= 8.96e-05  |ddm|= 0.00116
  HOMO = -0.399568681043244  LUMO = 0.149858390706186
cycle= 10 E= -580.301028402613  delta_E= -4.97e-09  |g|= 3.11e-05  |ddm|= 0.00018
  HOMO = -0.39957546668291  LUMO = 0.149851574862177
cycle= 11 E= -580.301028403033  delta_E= -4.2e-10  |g|= 9.57e-06  |ddm|= 4.73e-05
  HOMO = -0.399572777269261  LUMO = 0.149853485781757
Extra cycle  E= -580.301028403084  delta_E= -5.16e-11  |g|= 5.16e-06  |ddm|= 1.63e-05
converged SCF energy = -580.301028403084
AOs:  [0, 1, 2, 3, 4, 5, 6, 7, 8, 9, 10, 11, 12, 13, 14, 15, 16, 17, 18, 19, 20, 21, 22, 23, 24, 25, 26, 27, 28, 29, 30, 31, 32, 33, 34, 35, 36, 37, 38, 39, 40, 41, 42, 43, 44, 45, 46, 47, 48, 49, 50, 51]
52
Number of Active MOs:  13
Number of Environment MOs:  40
Number of Virtual MOs:  249
 # electrons:            α            β
         Env:  40.00000000  40.00000000
         Act:  13.00000000  13.00000000
         Vir:  -0.00000000  -0.00000000
Number of electrons in the active space:  26

 The density matrix is idempotent!

 The density matrix is idempotent!


******** <class 'pyscf.scf.hf.RHF'> ********
method = RHF
initial guess = minao
damping factor = 0
level_shift factor = 0
DIIS = <class 'pyscf.scf.diis.CDIIS'>
diis_start_cycle = 1
diis_space = 8
SCF conv_tol = 1e-09
SCF conv_tol_grad = 1e-05
SCF max_cycles = 200
direct_scf = True
direct_scf_tol = 1e-13
chkfile to save SCF result = subsys_scf.chk
max_memory 900000 MB (current use 8559 MB)
init E= 512.256332231314
  HOMO = -0.453914429318211  LUMO = 0.149852506010316
cycle= 1 E= 512.256331407027  delta_E= -8.24e-07  |g|= 2.85e-06  |ddm|= 7.84e-06
  HOMO = -0.453913886527115  LUMO = 0.149852700579735
cycle= 2 E= 512.256331406884  delta_E= -1.43e-10  |g|= 1.9e-06  |ddm|= 5.01e-06
  HOMO = -0.453914218914648  LUMO = 0.149852639283255
Extra cycle  E= 512.256331407096  delta_E= 2.12e-10  |g|= 1.25e-06  |ddm|= 3.29e-06
converged SCF energy = 512.256331407096
Difference in energy:  -3.809536110566114e-08
E(MP2) = 511.746970375561  E_corr = -0.509361031534927
Total energy =  -580.8103894345585
time elapsed:  43.113940954208374
