

******** <class 'pyscf.dft.rks.RKS'> ********
method = RKS-RHF
initial guess = minao
damping factor = 0
level_shift factor = 0
DIIS = <class 'pyscf.scf.diis.CDIIS'>
diis_start_cycle = 1
diis_space = 8
SCF conv_tol = 1e-09
SCF conv_tol_grad = 1e-06
SCF max_cycles = 1000
direct_scf = True
direct_scf_tol = 1e-13
chkfile to save SCF result = scf.fchk
max_memory 900000 MB (current use 79 MB)
XC library pyscf.dft.libxc version 5.1.7
    S. Lehtola, C. Steigemann, M. J. Oliveira, and M. A. Marques, SoftwareX 7, 1 (2018)
XC functionals = pbe
    J. P. Perdew, K. Burke, and M. Ernzerhof, Phys. Rev. Lett. 77, 3865 (1996)
    J. P. Perdew, K. Burke, and M. Ernzerhof, Phys. Rev. Lett. 78, 1396 (1997)
    J. P. Perdew, K. Burke, and M. Ernzerhof, Phys. Rev. Lett. 77, 3865 (1996)
    J. P. Perdew, K. Burke, and M. Ernzerhof, Phys. Rev. Lett. 78, 1396 (1997)
small_rho_cutoff = 1e-07
init E= -2592.68589161385
  HOMO = -0.135589903772633  LUMO = -0.0868627408995718
cycle= 1 E= -2573.86094609639  delta_E= 18.8  |g|= 5.66  |ddm|= 10.4
  HOMO = -0.2370144735242  LUMO = -0.228181875449598
cycle= 2 E= -2429.54073387063  delta_E=  144  |g|= 19.3  |ddm|=   96
  HOMO = -0.172155222180427  LUMO = -0.161702262178313
cycle= 3 E= -2561.20084737968  delta_E= -132  |g|= 9.67  |ddm|=   72
  HOMO = -0.179835387701001  LUMO = -0.153385170978536
cycle= 4 E= -2577.99076904097  delta_E= -16.8  |g|=  6.4  |ddm|= 28.3
  HOMO = -0.163466306075647  LUMO = -0.15355318257666
cycle= 5 E= -2581.56771167959  delta_E= -3.58  |g|= 5.42  |ddm|= 2.88
  HOMO = -0.173674305392757  LUMO = -0.159425717124994
cycle= 6 E= -2581.35725703463  delta_E= 0.21  |g|= 5.48  |ddm|= 1.05
  HOMO = -0.17793922408336  LUMO = -0.162383560591004
cycle= 7 E= -2581.22391346773  delta_E= 0.133  |g|= 5.53  |ddm|= 0.907
  HOMO = -0.174088591800931  LUMO = -0.161288788483822
cycle= 8 E= -2581.28456956137  delta_E= -0.0607  |g|= 5.52  |ddm|= 0.222
  HOMO = -0.188343748121169  LUMO = -0.164949624851997
cycle= 9 E= -2580.50104132867  delta_E= 0.784  |g|= 5.77  |ddm|= 0.599

WARN: HOMO 0.0213241047793617 == LUMO 0.0215309182919065

cycle= 10 E= -2543.21832631  delta_E= 37.3  |g|= 13.6  |ddm|= 19.4
  HOMO = -0.0802366990617075  LUMO = -0.004459353743036
cycle= 11 E= -2571.26238482633  delta_E=  -28  |g|= 6.19  |ddm|= 17.4
  HOMO = -0.203792668992978  LUMO = -0.173448379778855
cycle= 12 E= -2579.84965373921  delta_E= -8.59  |g|= 5.96  |ddm|= 9.81
  HOMO = -0.212032344509  LUMO = -0.177532232964999
cycle= 13 E= -2580.27538164309  delta_E= -0.426  |g|= 5.83  |ddm|= 0.95
  HOMO = -0.1776087547296  LUMO = -0.158334685725139
cycle= 14 E= -2580.40134751582  delta_E= -0.126  |g|= 5.82  |ddm|= 1.39
  HOMO = -0.185695013458953  LUMO = -0.156326193026724
cycle= 15 E= -2579.61618316279  delta_E= 0.785  |g|= 6.04  |ddm|= 0.976
  HOMO = -0.169639849231863  LUMO = -0.153724437579976
cycle= 16 E= -2579.85245869843  delta_E= -0.236  |g|= 5.97  |ddm|= 0.924
  HOMO = -0.195808688360308  LUMO = -0.153711179752856
cycle= 17 E= -2580.01988212118  delta_E= -0.167  |g|= 5.93  |ddm|= 1.27
  HOMO = -0.188489915698342  LUMO = -0.161724222453395
cycle= 18 E= -2581.67310883339  delta_E= -1.65  |g|= 5.38  |ddm|= 1.52
  HOMO = -0.204329248333871  LUMO = -0.165989478708633
cycle= 19 E= -2580.23329234931  delta_E= 1.44  |g|= 5.86  |ddm|= 1.24
  HOMO = 0.0340471236143059  LUMO = 0.0390071080608415
cycle= 20 E= -2459.28578808003  delta_E=  121  |g|=   14  |ddm|= 33.4
  HOMO = -0.0789590322716685  LUMO = -0.0710420503998929
cycle= 21 E= -2574.34068263658  delta_E= -115  |g|= 5.09  |ddm|= 32.7
  HOMO = -0.167703811797426  LUMO = -0.159670172553294
cycle= 22 E= -2578.53385571859  delta_E= -4.19  |g|= 6.27  |ddm|= 7.64
  HOMO = -0.18800969063203  LUMO = -0.158587204331438
cycle= 23 E= -2579.42610150187  delta_E= -0.892  |g|= 6.11  |ddm|= 1.95
  HOMO = -0.205630690693554  LUMO = -0.164117914155397
cycle= 24 E= -2579.90845307535  delta_E= -0.482  |g|= 5.93  |ddm|= 1.21
  HOMO = -0.201782497837088  LUMO = -0.166103322775496
cycle= 25 E= -2578.89274861064  delta_E= 1.02  |g|= 6.24  |ddm|= 1.53
  HOMO = -0.197038114347842  LUMO = -0.168817890935687
cycle= 26 E= -2579.00551012673  delta_E= -0.113  |g|= 6.21  |ddm|= 0.937
  HOMO = -0.207747764007073  LUMO = -0.164650046826486
cycle= 27 E= -2581.13884804287  delta_E= -2.13  |g|= 5.52  |ddm|= 1.86
  HOMO = -0.194549376527119  LUMO = -0.166047663315309
cycle= 28 E= -2579.07928218631  delta_E= 2.06  |g|= 6.19  |ddm|= 2.14
  HOMO = -0.192444484110341  LUMO = -0.159121210728747
cycle= 29 E= -2579.80960138343  delta_E= -0.73  |g|= 5.99  |ddm|= 1.39
  HOMO = 0.00645189366719962  LUMO = 0.0122482472595281
cycle= 30 E= -2496.26945732988  delta_E= 83.5  |g|= 13.9  |ddm|= 26.5
  HOMO = -0.0857353985662259  LUMO = -0.0339140916578519
cycle= 31 E= -2573.36625654707  delta_E= -77.1  |g|= 5.33  |ddm|= 23.9
  HOMO = -0.166117137802719  LUMO = -0.145990425891617
cycle= 32 E= -2579.33236851535  delta_E= -5.97  |g|=  6.1  |ddm|= 8.35
  HOMO = -0.180884832655721  LUMO = -0.150587581533741
cycle= 33 E= -2579.97810570961  delta_E= -0.646  |g|= 5.93  |ddm|= 0.99
  HOMO = -0.163694628481804  LUMO = -0.142432109168897
cycle= 34 E= -2580.17973293851  delta_E= -0.202  |g|= 5.84  |ddm|=    1
  HOMO = -0.181184424055021  LUMO = -0.138954092832036
cycle= 35 E= -2580.37994843792  delta_E= -0.2  |g|= 5.82  |ddm|= 1.62
  HOMO = -0.16897574745828  LUMO = -0.151852048684546
cycle= 36 E= -2581.6424790878  delta_E= -1.26  |g|= 5.32  |ddm|= 2.02
  HOMO = -0.190790833331597  LUMO = -0.15914655419862
cycle= 37 E= -2580.37853750085  delta_E= 1.26  |g|= 5.79  |ddm|= 2.25
  HOMO = -0.185440875236562  LUMO = -0.152979386312582
cycle= 38 E= -2580.70357239135  delta_E= -0.325  |g|= 5.68  |ddm|=  1.2
  HOMO = -0.197386808292421  LUMO = -0.154645395717672
cycle= 39 E= -2579.88296890911  delta_E= 0.821  |g|= 5.97  |ddm|= 1.13
  HOMO = 0.0263615691768515  LUMO = 0.0361636238039181
cycle= 40 E= -2454.32836730592  delta_E=  126  |g|= 14.9  |ddm|=   42
  HOMO = -0.0813638721672628  LUMO = -0.0728385114682675
cycle= 41 E= -2572.21642096338  delta_E= -118  |g|= 5.87  |ddm|=   41
  HOMO = -0.155718357924216  LUMO = -0.145548455069902
cycle= 42 E= -2578.30256567971  delta_E= -6.09  |g|= 6.11  |ddm|= 8.89
  HOMO = -0.192718762646278  LUMO = -0.148311596510311
cycle= 43 E= -2580.1654384094  delta_E= -1.86  |g|= 5.87  |ddm|= 2.46
  HOMO = -0.183432148796902  LUMO = -0.158503780669193
cycle= 44 E= -2580.27137503236  delta_E= -0.106  |g|= 5.84  |ddm|= 0.816
  HOMO = -0.156613857629799  LUMO = -0.153351137692113
cycle= 45 E= -2581.41348127306  delta_E= -1.14  |g|= 5.44  |ddm|= 3.03
  HOMO = -0.191968587274466  LUMO = -0.153169696307515
cycle= 46 E= -2580.66713600672  delta_E= 0.746  |g|= 5.72  |ddm|= 2.61
  HOMO = -0.191639114847959  LUMO = -0.151864446608346
cycle= 47 E= -2580.41867236118  delta_E= 0.248  |g|= 5.78  |ddm|= 0.889
  HOMO = -0.16399942222142  LUMO = -0.153757049661641
cycle= 48 E= -2581.65215161891  delta_E= -1.23  |g|= 5.29  |ddm|=  1.8
  HOMO = -0.191176583963089  LUMO = -0.150234273478733
cycle= 49 E= -2581.20344184837  delta_E= 0.449  |g|= 5.53  |ddm|= 1.78
  HOMO = 0.0302828184525046  LUMO = 0.0527272302439479
cycle= 50 E= -2447.36319823998  delta_E=  134  |g|=   15  |ddm|= 41.5
  HOMO = -0.10608470277035  LUMO = -0.0827616141547698
cycle= 51 E= -2572.84732496903  delta_E= -125  |g|= 5.76  |ddm|=   41
  HOMO = -0.148457193851175  LUMO = -0.136493155003469
cycle= 52 E= -2578.26834391869  delta_E= -5.42  |g|= 6.21  |ddm|= 8.77
  HOMO = -0.187362290965128  LUMO = -0.145213621041591
cycle= 53 E= -2579.88879924655  delta_E= -1.62  |g|= 5.97  |ddm|= 2.69
  HOMO = -0.190539178717355  LUMO = -0.145939059270747
cycle= 54 E= -2579.99406589198  delta_E= -0.105  |g|= 5.93  |ddm|= 1.48
  HOMO = -0.197328949070833  LUMO = -0.144743210278011
cycle= 55 E= -2579.92463338544  delta_E= 0.0694  |g|= 5.95  |ddm|= 1.07
  HOMO = -0.184870529326366  LUMO = -0.142555024445132
cycle= 56 E= -2580.1992796621  delta_E= -0.275  |g|= 5.87  |ddm|= 0.779
  HOMO = -0.175808738888512  LUMO = -0.147463490348407
cycle= 57 E= -2580.02498802308  delta_E= 0.174  |g|= 5.86  |ddm|= 1.97
  HOMO = -0.204327136047123  LUMO = -0.146658298998738
cycle= 58 E= -2579.95819235902  delta_E= 0.0668  |g|= 5.94  |ddm|= 1.52
  HOMO = -0.185855974852199  LUMO = -0.138390377689966
cycle= 59 E= -2580.38959558894  delta_E= -0.431  |g|= 5.81  |ddm|= 0.73
  HOMO = 0.000206371240758652  LUMO = 0.00929193214692254
cycle= 60 E= -2482.40962092627  delta_E=   98  |g|= 14.6  |ddm|= 26.9
  HOMO = -0.0813572948196176  LUMO = -0.0785946732940669
cycle= 61 E= -2571.87778464278  delta_E= -89.5  |g|= 6.53  |ddm|= 23.9
  HOMO = -0.150596750423471  LUMO = -0.14582590393674
cycle= 62 E= -2579.30512923006  delta_E= -7.43  |g|= 6.07  |ddm|= 9.93
  HOMO = -0.178953630163949  LUMO = -0.152578558961905
cycle= 63 E= -2581.13554532942  delta_E= -1.83  |g|= 5.57  |ddm|= 2.81
  HOMO = -0.176763762352671  LUMO = -0.156881491471339
cycle= 64 E= -2581.40442096753  delta_E= -0.269  |g|= 5.51  |ddm|= 0.84
  HOMO = -0.16932805219189  LUMO = -0.156254542957172
cycle= 65 E= -2581.30081722444  delta_E= 0.104  |g|= 5.52  |ddm|=  1.1
  HOMO = -0.173118883812153  LUMO = -0.158900800077617
cycle= 66 E= -2581.59054649488  delta_E= -0.29  |g|= 5.42  |ddm|= 1.64
  HOMO = -0.177303875974537  LUMO = -0.166292064015794
cycle= 67 E= -2581.79715535382  delta_E= -0.207  |g|= 5.35  |ddm|= 1.53
  HOMO = -0.171856370691068  LUMO = -0.162067751496531
cycle= 68 E= -2581.39928199876  delta_E= 0.398  |g|=  5.5  |ddm|= 0.775
  HOMO = -0.172298777622543  LUMO = -0.165085142563668
cycle= 69 E= -2581.01332307736  delta_E= 0.386  |g|= 5.63  |ddm|= 0.47
  HOMO = 0.0283633137948313  LUMO = 0.0299360674153858
cycle= 70 E= -2453.33757474335  delta_E=  128  |g|= 18.5  |ddm|= 43.3
  HOMO = -0.0650715716260712  LUMO = -0.0338812218607412
cycle= 71 E= -2566.59581181667  delta_E= -113  |g|= 8.99  |ddm|= 41.4
  HOMO = -0.0540180153224428  LUMO = -0.0478757691543906
cycle= 72 E= -2581.38138629512  delta_E= -14.8  |g|= 5.46  |ddm|= 12.4
  HOMO = -0.18671035497192  LUMO = -0.173632037742914
cycle= 73 E= -2586.54532659407  delta_E= -5.16  |g|=  3.6  |ddm|= 4.72
  HOMO = -0.173089128569704  LUMO = -0.164551135027346
cycle= 74 E= -2585.24576550961  delta_E=  1.3  |g|= 4.31  |ddm|= 2.26
  HOMO = -0.174642898635722  LUMO = -0.158272660542122
cycle= 75 E= -2587.38854488663  delta_E= -2.14  |g|= 2.76  |ddm|= 2.31
  HOMO = -0.162680933177934  LUMO = -0.153467666229876
cycle= 76 E= -2582.21654467745  delta_E= 5.17  |g|= 5.41  |ddm|= 3.81
  HOMO = -0.174487489394522  LUMO = -0.171940945258526
cycle= 77 E= -2584.69476033869  delta_E= -2.48  |g|= 4.45  |ddm|= 2.46
  HOMO = -0.175015268546871  LUMO = -0.169305520656971
cycle= 78 E= -2584.91483277164  delta_E= -0.22  |g|= 4.39  |ddm|= 0.854
  HOMO = -0.17529402168889  LUMO = -0.169479075062102
cycle= 79 E= -2584.90847181175  delta_E= 0.00636  |g|= 4.39  |ddm|= 0.177
  HOMO = -0.150156751589016  LUMO = -0.0969675420260425
cycle= 80 E= -2588.569850339  delta_E= -3.66  |g|= 0.988  |ddm|=  2.9
  HOMO = -0.105103270347453  LUMO = -0.0844017542208581
cycle= 81 E= -2588.16390533666  delta_E= 0.406  |g|= 1.49  |ddm|= 2.68
  HOMO = -0.135108000321684  LUMO = -0.0888897428986805
cycle= 82 E= -2588.74857648048  delta_E= -0.585  |g|= 0.504  |ddm|= 2.17
  HOMO = -0.140958526329544  LUMO = -0.0889023013528244
cycle= 83 E= -2588.81501175085  delta_E= -0.0664  |g|= 0.276  |ddm|= 0.763
  HOMO = -0.131926245339722  LUMO = -0.0872735383670324
cycle= 84 E= -2588.82901137213  delta_E= -0.014  |g|= 0.102  |ddm|= 0.32
  HOMO = -0.135625629463786  LUMO = -0.0866849383125073
cycle= 85 E= -2588.83083984824  delta_E= -0.00183  |g|= 0.0404  |ddm|= 0.128
  HOMO = -0.134959985863695  LUMO = -0.0869936644600803
cycle= 86 E= -2588.83122641877  delta_E= -0.000387  |g|= 0.00951  |ddm|= 0.0469
  HOMO = -0.134827835274215  LUMO = -0.0869614896094623
cycle= 87 E= -2588.83124423323  delta_E= -1.78e-05  |g|= 0.00396  |ddm|= 0.0132
  HOMO = -0.134584341672322  LUMO = -0.0869580838825754
cycle= 88 E= -2588.83124498596  delta_E= -7.53e-07  |g|= 0.00417  |ddm|= 0.00717
  HOMO = -0.134779249407014  LUMO = -0.086987642524802
cycle= 89 E= -2588.83124788075  delta_E= -2.89e-06  |g|= 0.0019  |ddm|= 0.00486
  HOMO = -0.13469994409101  LUMO = -0.0869665744999611
cycle= 90 E= -2588.83124845803  delta_E= -5.77e-07  |g|= 0.000612  |ddm|= 0.00196
  HOMO = -0.134722259102106  LUMO = -0.0869712393460984
cycle= 91 E= -2588.83124851123  delta_E= -5.32e-08  |g|= 0.000334  |ddm|= 0.000886
  HOMO = -0.134720835657131  LUMO = -0.0869720202054024
cycle= 92 E= -2588.83124854081  delta_E= -2.96e-08  |g|= 9.47e-05  |ddm|= 0.000463
  HOMO = -0.13472280185169  LUMO = -0.0869726665392996
cycle= 93 E= -2588.83124854161  delta_E= -7.99e-10  |g|= 8.85e-05  |ddm|= 0.000191
  HOMO = -0.134722774030644  LUMO = -0.0869717965981257
cycle= 94 E= -2588.83124854338  delta_E= -1.77e-09  |g|= 2.71e-05  |ddm|= 9.91e-05
  HOMO = -0.134722479840069  LUMO = -0.0869721251056411
cycle= 95 E= -2588.83124854346  delta_E= -7.64e-11  |g|= 1.6e-05  |ddm|= 3.32e-05
  HOMO = -0.134722204830647  LUMO = -0.0869720187866385
cycle= 96 E= -2588.83124854351  delta_E= -5.64e-11  |g|= 8.17e-06  |ddm|= 2.21e-05
  HOMO = -0.134721971458445  LUMO = -0.0869720214009037
cycle= 97 E= -2588.83124854352  delta_E= -7.28e-12  |g|= 7.9e-06  |ddm|= 1.33e-05
  HOMO = -0.134722489688794  LUMO = -0.0869720827126934
cycle= 98 E= -2588.83124854353  delta_E= -6.37e-12  |g|= 7.5e-06  |ddm|= 1.22e-05
  HOMO = -0.134722174432918  LUMO = -0.08697202063896
cycle= 99 E= -2588.83124854353  delta_E=    0  |g|= 2.47e-06  |ddm|= 7.64e-06
  HOMO = -0.134722263019428  LUMO = -0.0869720382461647
cycle= 100 E= -2588.83124854354  delta_E= -1.36e-11  |g|= 1.81e-06  |ddm|= 3.62e-06
  HOMO = -0.134722236507181  LUMO = -0.0869720400296963
cycle= 101 E= -2588.83124854353  delta_E= 6.37e-12  |g|= 6.52e-07  |ddm|= 2.63e-06
  HOMO = -0.134722267041492  LUMO = -0.0869720332010976
Extra cycle  E= -2588.83124854353  delta_E= 5.46e-12  |g|= 2.62e-06  |ddm|= 4.22e-06
converged SCF energy = -2588.83124854353
AOs:  [0, 1, 2, 3, 4, 5, 6, 7, 8, 9, 10, 11, 12, 13, 14, 15, 16, 17, 18, 19, 20, 21, 22, 23, 24, 25, 26, 27, 28, 29, 30, 31, 32, 33, 34, 35, 36, 37, 38, 39, 40, 41, 42, 43, 44, 45, 46, 47, 48, 49, 50, 51, 52, 53, 54, 55, 56, 57, 58, 59, 60, 61, 62, 63, 64, 65, 66, 67, 68, 69, 70, 71, 72, 73, 74, 75, 76, 77, 78, 79, 80, 81, 82, 83, 84, 85, 86, 87, 88, 89, 90, 91, 92, 93, 94, 95, 96, 97, 98, 99, 100, 101, 102, 103, 104, 105, 106, 107, 108, 109, 110, 111, 112, 113, 114, 115, 116, 117, 118, 119, 120, 121, 122, 123, 124, 125, 126, 127, 128, 129, 130, 131, 132, 133, 134, 135, 136, 137, 138, 139, 140, 141, 142, 143, 144, 145, 146, 147, 148, 149, 150, 151, 152, 153, 154, 155, 156, 157, 158, 159, 160, 161, 162, 163, 164, 165, 166, 167, 168, 169, 170, 171, 172, 173, 174, 175, 176, 177, 178, 179, 180, 181, 182, 183, 184, 185, 186, 187, 188, 189, 190, 191, 192, 193, 194, 195, 196, 197, 198, 199, 200, 201, 202, 203, 204, 205, 206, 207, 208, 209, 210, 211, 212, 213, 214, 215, 216, 217, 218, 219, 220, 221, 222, 223, 224, 225, 226, 227, 228, 229, 230, 231, 232, 233, 234, 235, 236, 237, 238, 239, 240, 241, 242, 243, 244, 245, 246, 247, 248, 249, 250, 251, 252, 253, 254, 255, 256, 257, 258, 259, 260, 261, 262, 263, 264, 265, 266, 267, 268]
269
Number of Active MOs:  104
Number of Environment MOs:  14
Number of Virtual MOs:  427
 # electrons:            α            β
         Env:  14.00000000  14.00000000
         Act: 104.00000000 104.00000000
         Vir:   0.00000000   0.00000000
Number of electrons in the active space:  208

 The density matrix is idempotent!

 The density matrix is idempotent!


******** <class 'pyscf.scf.hf.RHF'> ********
method = RHF
initial guess = minao
damping factor = 0
level_shift factor = 0
DIIS = <class 'pyscf.scf.diis.CDIIS'>
diis_start_cycle = 1
diis_space = 8
SCF conv_tol = 1e-09
SCF conv_tol_grad = 1e-06
SCF max_cycles = 200
direct_scf = True
direct_scf_tol = 1e-13
chkfile to save SCF result = subsys_scf.chk
max_memory 900000 MB (current use 89897 MB)
init E= -1349.70060669907
  HOMO = -0.211931235522047  LUMO = 0.0308866258892861
cycle= 1 E= -1350.04575234918  delta_E= -0.345  |g|= 0.326  |ddm|= 2.88
  HOMO = -0.212224232881303  LUMO = 0.0309785976625845
cycle= 2 E= -1350.09717425145  delta_E= -0.0514  |g|= 0.172  |ddm|= 0.639
  HOMO = -0.211575236790864  LUMO = 0.0283407166741266
cycle= 3 E= -1350.1080150789  delta_E= -0.0108  |g|= 0.12  |ddm|= 0.371
  HOMO = -0.204860253821731  LUMO = 0.0336638473191252
cycle= 4 E= -1350.11303438121  delta_E= -0.00502  |g|= 0.0205  |ddm|= 0.189
  HOMO = -0.205973202751601  LUMO = 0.0316769810850938
cycle= 5 E= -1350.11329929881  delta_E= -0.000265  |g|= 0.00702  |ddm|= 0.0456
  HOMO = -0.205144146121379  LUMO = 0.0318362640972257
cycle= 6 E= -1350.11333208393  delta_E= -3.28e-05  |g|= 0.00355  |ddm|= 0.0158
  HOMO = -0.20492509616211  LUMO = 0.0318503997489129
cycle= 7 E= -1350.11333933917  delta_E= -7.26e-06  |g|= 0.0018  |ddm|= 0.00637
  HOMO = -0.204794954994433  LUMO = 0.0318062931348179
cycle= 8 E= -1350.11334265848  delta_E= -3.32e-06  |g|= 0.001  |ddm|= 0.00522
  HOMO = -0.20472417641513  LUMO = 0.0317985301596349
cycle= 9 E= -1350.113343727  delta_E= -1.07e-06  |g|= 0.000632  |ddm|= 0.00251
  HOMO = -0.204707361823397  LUMO = 0.0317952366390933
cycle= 10 E= -1350.11334425448  delta_E= -5.27e-07  |g|= 0.000467  |ddm|= 0.00153
  HOMO = -0.204712079196279  LUMO = 0.0317921088952208
cycle= 11 E= -1350.11334466704  delta_E= -4.13e-07  |g|= 0.00032  |ddm|= 0.00164
  HOMO = -0.204714324757608  LUMO = 0.0317970842735495
cycle= 12 E= -1350.11334493091  delta_E= -2.64e-07  |g|= 0.000129  |ddm|= 0.00204
  HOMO = -0.204724575333141  LUMO = 0.0317949578250878
cycle= 13 E= -1350.11334495654  delta_E= -2.56e-08  |g|= 6.63e-05  |ddm|= 0.000638
  HOMO = -0.204721341362416  LUMO = 0.0317978052946346
cycle= 14 E= -1350.11334496054  delta_E= -4e-09  |g|= 2.49e-05  |ddm|= 0.000248
  HOMO = -0.204722696709532  LUMO = 0.0317971271163677
cycle= 15 E= -1350.1133449611  delta_E= -5.61e-10  |g|= 1.48e-05  |ddm|= 7.99e-05
  HOMO = -0.204722449510147  LUMO = 0.0317974302209998
cycle= 16 E= -1350.11334496173  delta_E= -6.28e-10  |g|= 1.17e-05  |ddm|= 6.27e-05
  HOMO = -0.20472261525541  LUMO = 0.0317974164923101
cycle= 17 E= -1350.11334496235  delta_E= -6.23e-10  |g|= 8.23e-06  |ddm|= 9.53e-05
  HOMO = -0.204722678907557  LUMO = 0.0317973786240366
cycle= 18 E= -1350.11334496296  delta_E= -6.07e-10  |g|= 4.95e-06  |ddm|= 0.000101
  HOMO = -0.20472266636839  LUMO = 0.0317974389758085
cycle= 19 E= -1350.11334496324  delta_E= -2.87e-10  |g|= 2.38e-06  |ddm|= 7.05e-05
  HOMO = -0.204722757704584  LUMO = 0.0317974103068764
cycle= 20 E= -1350.11334496304  delta_E= 2e-10  |g|= 1.41e-06  |ddm|= 2.17e-05
  HOMO = -0.204722759642128  LUMO = 0.03179743444517
cycle= 21 E= -1350.11334496321  delta_E= -1.63e-10  |g|= 9.67e-07  |ddm|= 6.79e-06
  HOMO = -0.204722781017281  LUMO = 0.0317974197547364
Extra cycle  E= -1350.1133449628  delta_E= 4.05e-10  |g|= 8.24e-07  |ddm|= 1.51e-06
converged SCF energy = -1350.1133449628
Difference in energy:  -4966.881379802335
E(MP2) = -1354.58086988564  E_corr = -4.46752492284135
Total energy =  -2585.3835507929416
time elapsed:  407.7579438686371
