

******** <class 'pyscf.dft.rks.RKS'> ********
method = RKS-RHF
initial guess = minao
damping factor = 0
level_shift factor = 0
DIIS = <class 'pyscf.scf.diis.CDIIS'>
diis_start_cycle = 1
diis_space = 8
SCF conv_tol = 1e-09
SCF conv_tol_grad = 1e-06
SCF max_cycles = 1000
direct_scf = True
direct_scf_tol = 1e-13
chkfile to save SCF result = scf.fchk
max_memory 900000 MB (current use 79 MB)
XC library pyscf.dft.libxc version 5.1.7
    S. Lehtola, C. Steigemann, M. J. Oliveira, and M. A. Marques, SoftwareX 7, 1 (2018)
XC functionals = pbe
    J. P. Perdew, K. Burke, and M. Ernzerhof, Phys. Rev. Lett. 77, 3865 (1996)
    J. P. Perdew, K. Burke, and M. Ernzerhof, Phys. Rev. Lett. 78, 1396 (1997)
    J. P. Perdew, K. Burke, and M. Ernzerhof, Phys. Rev. Lett. 77, 3865 (1996)
    J. P. Perdew, K. Burke, and M. Ernzerhof, Phys. Rev. Lett. 78, 1396 (1997)
small_rho_cutoff = 1e-07
init E= -2479.39981693459
  HOMO = -0.134878995983572  LUMO = -0.0691459258567042
cycle= 1 E= -2460.75331207072  delta_E= 18.6  |g|= 5.48  |ddm|= 10.3
  HOMO = -0.231775807630255  LUMO = -0.205622127636706
cycle= 2 E= -2322.76815184103  delta_E=  138  |g|= 18.9  |ddm|= 95.4
  HOMO = -0.164302643785802  LUMO = -0.160803233764493
cycle= 3 E= -2447.05311353122  delta_E= -124  |g|= 9.43  |ddm|= 71.8
  HOMO = -0.179545259260242  LUMO = -0.162341576348346
cycle= 4 E= -2465.18138164001  delta_E= -18.1  |g|=  6.2  |ddm|=   28
  HOMO = -0.153349547044157  LUMO = -0.152030215378833
cycle= 5 E= -2470.89975287946  delta_E= -5.72  |g|= 4.83  |ddm|= 3.77
  HOMO = -0.193731586590417  LUMO = -0.16179244585899
cycle= 6 E= -2468.23221922241  delta_E= 2.67  |g|= 5.42  |ddm|= 2.62
  HOMO = -0.190298991525054  LUMO = -0.163346481516358
cycle= 7 E= -2467.96738787892  delta_E= 0.265  |g|= 5.51  |ddm|= 0.278
  HOMO = -0.180561029135244  LUMO = -0.162247833294038
cycle= 8 E= -2467.9725977886  delta_E= -0.00521  |g|= 5.52  |ddm|= 0.67
  HOMO = -0.172477256813555  LUMO = -0.163127158598759
cycle= 9 E= -2467.58248322207  delta_E= 0.39  |g|= 5.64  |ddm|= 0.967
  HOMO = 0.0238375097061081  LUMO = 0.0259747927449015
cycle= 10 E= -2386.22387332853  delta_E= 81.4  |g|=   15  |ddm|= 21.1
  HOMO = -0.083331347241079  LUMO = -0.0369288582926813
cycle= 11 E= -2458.86424610758  delta_E= -72.6  |g|=  5.9  |ddm|= 18.1
  HOMO = -0.209847563882201  LUMO = -0.171330174397957
cycle= 12 E= -2467.57772237129  delta_E= -8.71  |g|= 5.64  |ddm|= 9.24
  HOMO = -0.202937328933406  LUMO = -0.165662673916449
cycle= 13 E= -2466.33447704738  delta_E= 1.24  |g|= 5.99  |ddm|= 0.872
  HOMO = -0.19339270084872  LUMO = -0.156524516464626
cycle= 14 E= -2466.36081496389  delta_E= -0.0263  |g|= 5.98  |ddm|= 1.26
  HOMO = -0.181130008511986  LUMO = -0.138961096481047
cycle= 15 E= -2468.37626550613  delta_E= -2.02  |g|= 5.36  |ddm|=  1.9
  HOMO = -0.185647715831586  LUMO = -0.156598196549855
cycle= 16 E= -2467.26154045859  delta_E= 1.11  |g|= 5.74  |ddm|= 1.76
  HOMO = -0.210495142316611  LUMO = -0.171030231319584
cycle= 17 E= -2467.03293594739  delta_E= 0.229  |g|=  5.8  |ddm|= 0.858
  HOMO = -0.206188121629623  LUMO = -0.172510530263736
cycle= 18 E= -2466.97738569354  delta_E= 0.0556  |g|= 5.81  |ddm|= 0.492
  HOMO = -0.210010093000781  LUMO = -0.17236425917715
cycle= 19 E= -2466.44033284955  delta_E= 0.537  |g|= 5.96  |ddm|= 0.559
  HOMO = 0.0254894005188226  LUMO = 0.0331899898986858
cycle= 20 E= -2383.33628188327  delta_E= 83.1  |g|= 13.4  |ddm|= 25.4
  HOMO = -0.0655843950543357  LUMO = -0.0487936709810093
cycle= 21 E= -2459.77537833861  delta_E= -76.4  |g|=  5.4  |ddm|= 23.2
  HOMO = -0.158539279769213  LUMO = -0.15100978836116
cycle= 22 E= -2465.46464140615  delta_E= -5.69  |g|= 6.05  |ddm|= 8.22
  HOMO = -0.181749495001287  LUMO = -0.177610973170953
cycle= 23 E= -2468.99514902794  delta_E= -3.53  |g|= 5.12  |ddm|= 3.11
  HOMO = -0.160359245588767  LUMO = -0.138738827697293
cycle= 24 E= -2468.62700142581  delta_E= 0.368  |g|= 5.29  |ddm|= 2.13
  HOMO = -0.174078569594652  LUMO = -0.149768891229522
cycle= 25 E= -2468.66282705716  delta_E= -0.0358  |g|= 5.29  |ddm|= 1.47
  HOMO = -0.180001761095321  LUMO = -0.156085466464021
cycle= 26 E= -2468.56568612874  delta_E= 0.0971  |g|= 5.31  |ddm|= 0.788
  HOMO = -0.175249244037146  LUMO = -0.154381522671303
cycle= 27 E= -2468.74499439709  delta_E= -0.179  |g|= 5.25  |ddm|= 0.621
  HOMO = -0.150251511362158  LUMO = -0.148506839606124
cycle= 28 E= -2470.08844388541  delta_E= -1.34  |g|= 4.99  |ddm|= 1.47
  HOMO = -0.191520828072263  LUMO = -0.156161237530497
cycle= 29 E= -2468.4894035369  delta_E=  1.6  |g|= 5.33  |ddm|= 1.55
  HOMO = 0.0311862179212258  LUMO = 0.0437809218874139
cycle= 30 E= -2357.40889986577  delta_E=  111  |g|= 14.1  |ddm|= 30.5
  HOMO = -0.0860124347839897  LUMO = -0.0433541463555154
cycle= 31 E= -2459.58059428593  delta_E= -102  |g|= 5.81  |ddm|= 29.2
  HOMO = -0.164852780880393  LUMO = -0.152583870155207
cycle= 32 E= -2466.28242557836  delta_E= -6.7  |g|=    6  |ddm|= 9.09
  HOMO = -0.199646615310345  LUMO = -0.153811734835586
cycle= 33 E= -2466.91509661475  delta_E= -0.633  |g|= 5.84  |ddm|= 1.83
  HOMO = -0.199719822558931  LUMO = -0.155568686790628
cycle= 34 E= -2467.11122032468  delta_E= -0.196  |g|= 5.78  |ddm|= 0.53
  HOMO = -0.184549144715617  LUMO = -0.152387453284216
cycle= 35 E= -2467.01854822483  delta_E= 0.0927  |g|= 5.79  |ddm|= 0.972
  HOMO = -0.19274732233589  LUMO = -0.157596433310791
cycle= 36 E= -2467.38376073637  delta_E= -0.365  |g|= 5.69  |ddm|= 1.29
  HOMO = -0.196619009935504  LUMO = -0.152083606974504
cycle= 37 E= -2467.32760160565  delta_E= 0.0562  |g|= 5.72  |ddm|= 0.679
  HOMO = -0.202687267475571  LUMO = -0.152958358413786
cycle= 38 E= -2467.07417539557  delta_E= 0.253  |g|=  5.8  |ddm|= 0.619
  HOMO = -0.203449935495633  LUMO = -0.153686120397932
cycle= 39 E= -2467.03032556805  delta_E= 0.0438  |g|= 5.81  |ddm|= 0.0779
  HOMO = 0.00529000363421775  LUMO = 0.00691881122966069
cycle= 40 E= -2371.61759241979  delta_E= 95.4  |g|= 13.3  |ddm|= 26.7
  HOMO = -0.0850082202126667  LUMO = -0.0729844381474596
cycle= 41 E= -2460.79589055816  delta_E= -89.2  |g|= 5.28  |ddm|= 24.9
  HOMO = -0.184080123322087  LUMO = -0.140434730053109
cycle= 42 E= -2463.96473794021  delta_E= -3.17  |g|= 6.25  |ddm|= 8.14
  HOMO = -0.182197517356702  LUMO = -0.160756626589375
cycle= 43 E= -2466.98941435061  delta_E= -3.02  |g|= 5.79  |ddm|= 3.24
  HOMO = -0.171845847897528  LUMO = -0.162572118601833
cycle= 44 E= -2466.79575067973  delta_E= 0.194  |g|= 5.88  |ddm|= 1.54
  HOMO = -0.171035754808244  LUMO = -0.16821481867186
cycle= 45 E= -2467.09019179848  delta_E= -0.294  |g|=  5.8  |ddm|= 1.02
  HOMO = -0.173628536417277  LUMO = -0.157876726426319
cycle= 46 E= -2466.94727879468  delta_E= 0.143  |g|= 5.86  |ddm|= 1.24
  HOMO = -0.167222622976318  LUMO = -0.16522787763606
cycle= 47 E= -2466.96059550996  delta_E= -0.0133  |g|= 5.83  |ddm|= 1.25
  HOMO = -0.167066635070894  LUMO = -0.165071315947012
cycle= 48 E= -2467.16589609933  delta_E= -0.205  |g|= 5.77  |ddm|= 0.677
  HOMO = -0.176726042432895  LUMO = -0.165435514795991
cycle= 49 E= -2466.87132628804  delta_E= 0.295  |g|= 5.86  |ddm|= 0.712
  HOMO = 0.0374636181347447  LUMO = 0.0417611633959985
cycle= 50 E= -2322.45709942393  delta_E=  144  |g|= 13.8  |ddm|= 33.2
  HOMO = -0.114310764281591  LUMO = -0.0844675680990695
cycle= 51 E= -2458.37892881366  delta_E= -136  |g|= 6.89  |ddm|= 32.6
  HOMO = -0.180260312741598  LUMO = -0.140906850667107
cycle= 52 E= -2466.62633750936  delta_E= -8.25  |g|= 5.93  |ddm|= 10.6
  HOMO = -0.198371039729639  LUMO = -0.150910757937987
cycle= 53 E= -2467.05728692003  delta_E= -0.431  |g|=  5.8  |ddm|=  1.2
  HOMO = -0.183357395372382  LUMO = -0.154573155729844
cycle= 54 E= -2466.80544742384  delta_E= 0.252  |g|= 5.86  |ddm|= 0.947
  HOMO = -0.191837379053327  LUMO = -0.151996790589753
cycle= 55 E= -2466.6858280844  delta_E= 0.12  |g|= 5.92  |ddm|= 0.709
  HOMO = -0.19269302671668  LUMO = -0.152081056018248
cycle= 56 E= -2466.73266974721  delta_E= -0.0468  |g|=  5.9  |ddm|= 0.383
  HOMO = -0.190782805830701  LUMO = -0.151861904837985
cycle= 57 E= -2466.84386992127  delta_E= -0.111  |g|= 5.87  |ddm|= 0.637
  HOMO = -0.19749692569741  LUMO = -0.158824052914364
cycle= 58 E= -2466.70268806696  delta_E= 0.141  |g|= 5.91  |ddm|= 0.834
  HOMO = -0.157766067053954  LUMO = -0.136446125121543
cycle= 59 E= -2468.07507559795  delta_E= -1.37  |g|= 5.52  |ddm|= 1.76
  HOMO = -0.0111753271165038  LUMO = 0.000806918045939682
cycle= 60 E= -2385.57298129258  delta_E= 82.5  |g|= 11.9  |ddm|= 20.1
  HOMO = -0.0755620267130332  LUMO = -0.0570722241494029
cycle= 61 E= -2461.6141609889  delta_E=  -76  |g|= 4.99  |ddm|= 18.3
  HOMO = -0.146835597653006  LUMO = -0.137263726084364
cycle= 62 E= -2461.44387613512  delta_E= 0.17  |g|=  6.9  |ddm|= 8.75
  HOMO = -0.184743315177092  LUMO = -0.177654942760601
cycle= 63 E= -2466.55411202192  delta_E= -5.11  |g|= 5.95  |ddm|= 3.86
  HOMO = -0.180835989741017  LUMO = -0.172252193073842
cycle= 64 E= -2466.35775058268  delta_E= 0.196  |g|= 5.95  |ddm|= 2.04
  HOMO = -0.174649019468164  LUMO = -0.169248562714734
cycle= 65 E= -2466.54466339112  delta_E= -0.187  |g|= 5.95  |ddm|= 2.03
  HOMO = -0.173698416964523  LUMO = -0.170786941603849
cycle= 66 E= -2466.67362422823  delta_E= -0.129  |g|= 5.92  |ddm|= 0.481
  HOMO = -0.169977380019955  LUMO = -0.165868154825413
cycle= 67 E= -2466.39474715571  delta_E= 0.279  |g|= 5.95  |ddm|= 1.83
  HOMO = -0.180351788998609  LUMO = -0.160274895160177
cycle= 68 E= -2466.39910798952  delta_E= -0.00436  |g|= 6.01  |ddm|= 1.96
  HOMO = -0.17802822700293  LUMO = -0.161860743372114
cycle= 69 E= -2466.60586638941  delta_E= -0.207  |g|= 5.95  |ddm|= 0.301
  HOMO = 0.0118904352818173  LUMO = 0.0229691682521967
cycle= 70 E= -2336.32629397926  delta_E=  130  |g|= 14.1  |ddm|= 27.8
  HOMO = -0.124501691760973  LUMO = -0.0776402779524534
cycle= 71 E= -2457.94399602246  delta_E= -122  |g|= 7.14  |ddm|= 26.4
  HOMO = -0.161786948815537  LUMO = -0.160536235517077
cycle= 72 E= -2467.01012000218  delta_E= -9.07  |g|= 5.69  |ddm|= 10.5
  HOMO = -0.17367023650905  LUMO = -0.167363900685286
cycle= 73 E= -2468.63722068471  delta_E= -1.63  |g|= 5.32  |ddm|= 2.43
  HOMO = -0.176286919044103  LUMO = -0.168574232425843
cycle= 74 E= -2468.28722512206  delta_E= 0.35  |g|= 5.44  |ddm|= 1.34
  HOMO = -0.17776730652772  LUMO = -0.169939297175504
cycle= 75 E= -2468.35683344418  delta_E= -0.0696  |g|= 5.42  |ddm|= 0.423
  HOMO = -0.17262496532405  LUMO = -0.14445438774118
cycle= 76 E= -2466.0782154473  delta_E= 2.28  |g|= 5.72  |ddm|= 2.78
  HOMO = -0.166660009025844  LUMO = -0.157563035382817
cycle= 77 E= -2468.35904316906  delta_E= -2.28  |g|= 5.39  |ddm|=  2.9
  HOMO = -0.185618471809807  LUMO = -0.16377758735662
cycle= 78 E= -2468.63331994047  delta_E= -0.274  |g|= 5.31  |ddm|= 1.01
  HOMO = -0.154607499403364  LUMO = -0.135417742901315
cycle= 79 E= -2471.46877371245  delta_E= -2.84  |g|= 4.66  |ddm|= 2.77
  HOMO = 0.0169501216006336  LUMO = 0.0291455661972721
cycle= 80 E= -2376.48144778333  delta_E=   95  |g|=   14  |ddm|= 26.3
  HOMO = -0.0941335610708352  LUMO = -0.0762989522384154
cycle= 81 E= -2460.0410575832  delta_E= -83.6  |g|= 5.66  |ddm|= 24.7
  HOMO = -0.159918272792479  LUMO = -0.144484709022486
cycle= 82 E= -2464.97268406317  delta_E= -4.93  |g|= 6.13  |ddm|= 8.85
  HOMO = -0.173063208862005  LUMO = -0.160996027282134
cycle= 83 E= -2467.36425805039  delta_E= -2.39  |g|= 5.72  |ddm|= 2.53
  HOMO = -0.16968745810723  LUMO = -0.168374132880535
cycle= 84 E= -2467.31486822946  delta_E= 0.0494  |g|= 5.72  |ddm|=  1.3
  HOMO = -0.173920757665018  LUMO = -0.17152600931113
cycle= 85 E= -2466.81387262133  delta_E= 0.501  |g|= 5.82  |ddm|= 1.86
  HOMO = -0.176758319967402  LUMO = -0.165308288997462
cycle= 86 E= -2467.10296627762  delta_E= -0.289  |g|=  5.8  |ddm|= 1.89
  HOMO = -0.167406559244846  LUMO = -0.164015292317701
cycle= 87 E= -2467.08570663686  delta_E= 0.0173  |g|= 5.73  |ddm|= 1.88
  HOMO = -0.166974729441781  LUMO = -0.160823770291531
cycle= 88 E= -2466.85221097469  delta_E= 0.233  |g|= 5.89  |ddm|= 2.42
  HOMO = -0.167522681678848  LUMO = -0.165618330434805
cycle= 89 E= -2467.19761566216  delta_E= -0.345  |g|= 5.79  |ddm|= 1.24
  HOMO = 0.040651951293462  LUMO = 0.0438977027275281
cycle= 90 E= -2326.89092726665  delta_E=  140  |g|= 14.8  |ddm|= 35.2
  HOMO = -0.100530384286632  LUMO = -0.0965934478813833
cycle= 91 E= -2457.04562435752  delta_E= -130  |g|= 7.49  |ddm|= 34.4
  HOMO = -0.157855249468315  LUMO = -0.149011022558809
cycle= 92 E= -2468.18713238535  delta_E= -11.1  |g|= 5.37  |ddm|= 11.2
  HOMO = -0.15769504042939  LUMO = -0.155810577650561
cycle= 93 E= -2469.07265509955  delta_E= -0.886  |g|= 5.17  |ddm|= 1.95
  HOMO = -0.160665887659424  LUMO = -0.15533166965191
cycle= 94 E= -2469.05796402986  delta_E= 0.0147  |g|= 5.17  |ddm|= 0.931
  HOMO = -0.15207028339067  LUMO = -0.149367159077446
cycle= 95 E= -2469.24672711194  delta_E= -0.189  |g|=  5.1  |ddm|= 0.544
  HOMO = -0.163171665809539  LUMO = -0.161066771135965
cycle= 96 E= -2469.31044758434  delta_E= -0.0637  |g|= 5.11  |ddm|= 0.803
  HOMO = -0.165836350462783  LUMO = -0.156690231756134
cycle= 97 E= -2472.17472890777  delta_E= -2.86  |g|= 4.23  |ddm|= 2.75
  HOMO = -0.182041347027083  LUMO = -0.160283904421767
cycle= 98 E= -2468.76660415573  delta_E= 3.41  |g|= 5.25  |ddm|= 2.95
  HOMO = -0.154193185529824  LUMO = -0.150189788535773
cycle= 99 E= -2471.97123552642  delta_E= -3.2  |g|= 4.38  |ddm|= 2.66
  HOMO = 0.036408788257603  LUMO = 0.0389919934796787
cycle= 100 E= -2365.30129574481  delta_E=  107  |g|= 13.8  |ddm|= 28.4
  HOMO = -0.091672259091575  LUMO = -0.0653187626233744
cycle= 101 E= -2460.55386654169  delta_E= -95.3  |g|=  5.4  |ddm|= 27.4
  HOMO = -0.164620540345445  LUMO = -0.14555156529076
cycle= 102 E= -2465.7390662899  delta_E= -5.19  |g|= 6.16  |ddm|= 8.67
  HOMO = -0.168553617787168  LUMO = -0.145679659075869
cycle= 103 E= -2466.39309910806  delta_E= -0.654  |g|= 5.97  |ddm|= 1.16
  HOMO = -0.168316561395782  LUMO = -0.148003112470667
cycle= 104 E= -2466.29040526867  delta_E= 0.103  |g|= 6.01  |ddm|= 0.756
  HOMO = -0.166581010394487  LUMO = -0.148235594929053
cycle= 105 E= -2466.21985252104  delta_E= 0.0706  |g|= 6.03  |ddm|= 0.258
  HOMO = -0.198617040687411  LUMO = -0.150428049683745
cycle= 106 E= -2466.47941166326  delta_E= -0.26  |g|= 5.96  |ddm|= 1.13
  HOMO = -0.179917073353585  LUMO = -0.149281983045038
cycle= 107 E= -2466.62903446229  delta_E= -0.15  |g|= 5.91  |ddm|= 0.731
  HOMO = -0.174638526799059  LUMO = -0.144152920890162
cycle= 108 E= -2466.18307927204  delta_E= 0.446  |g|= 6.06  |ddm|=  1.2
  HOMO = -0.168176897798678  LUMO = -0.141024237981495
cycle= 109 E= -2466.47028645938  delta_E= -0.287  |g|= 5.98  |ddm|= 0.315
  HOMO = 0.0072637849529432  LUMO = 0.0281529241637131
cycle= 110 E= -2378.22778667505  delta_E= 88.2  |g|= 13.3  |ddm|= 26.8
  HOMO = -0.0963812386054964  LUMO = -0.0492369693935912
cycle= 111 E= -2460.0756099958  delta_E= -81.8  |g|= 5.62  |ddm|= 24.4
  HOMO = -0.175869854835426  LUMO = -0.153802669958329
cycle= 112 E= -2466.36102479982  delta_E= -6.29  |g|= 5.97  |ddm|= 8.64
  HOMO = -0.185732890526008  LUMO = -0.14827554090377
cycle= 113 E= -2467.29268077976  delta_E= -0.932  |g|= 5.73  |ddm|= 1.48
  HOMO = -0.175171023000286  LUMO = -0.145725051756295
cycle= 114 E= -2467.38596610866  delta_E= -0.0933  |g|=  5.7  |ddm|= 0.813
  HOMO = -0.17712994828808  LUMO = -0.147203747828854
cycle= 115 E= -2467.33654315706  delta_E= 0.0494  |g|= 5.71  |ddm|= 0.875
  HOMO = -0.191516430097738  LUMO = -0.16171507454214
cycle= 116 E= -2468.01681545667  delta_E= -0.68  |g|= 5.43  |ddm|= 1.61
  HOMO = -0.176285719588597  LUMO = -0.133327318052424
cycle= 117 E= -2467.34016862278  delta_E= 0.677  |g|= 5.74  |ddm|=  2.1
  HOMO = -0.162371065167745  LUMO = -0.141988928681882
cycle= 118 E= -2467.23075420527  delta_E= 0.109  |g|= 5.73  |ddm|= 1.58
  HOMO = -0.193491053167124  LUMO = -0.152858407561402
cycle= 119 E= -2467.07427622292  delta_E= 0.156  |g|=  5.8  |ddm|= 1.41
  HOMO = 0.0315651929534176  LUMO = 0.0430556931589788
cycle= 120 E= -2340.77203723025  delta_E=  126  |g|= 15.6  |ddm|= 32.7
  HOMO = -0.0967919320768522  LUMO = -0.0577907447990075
cycle= 121 E= -2455.97379642091  delta_E= -115  |g|= 7.46  |ddm|= 32.3
  HOMO = -0.155043365408433  LUMO = -0.13735512422068
cycle= 122 E= -2472.83673756734  delta_E= -16.9  |g|= 3.83  |ddm|= 11.4
  HOMO = -0.158450763464526  LUMO = -0.152382452690373
cycle= 123 E= -2472.65953711535  delta_E= 0.177  |g|=    4  |ddm|= 1.21
  HOMO = -0.155975931049833  LUMO = -0.150544209116598
cycle= 124 E= -2472.00549090688  delta_E= 0.654  |g|= 4.32  |ddm|= 1.25
  HOMO = -0.0678962148446148  LUMO = -0.0594397066341858
cycle= 125 E= -2469.70965497485  delta_E=  2.3  |g|= 4.49  |ddm|= 5.51
  HOMO = -0.186697208842019  LUMO = -0.174515895965238
cycle= 126 E= -2467.64069101735  delta_E= 2.07  |g|= 5.59  |ddm|= 6.35
  HOMO = -0.185023895400937  LUMO = -0.16573458159455
cycle= 127 E= -2467.8064219549  delta_E= -0.166  |g|= 5.56  |ddm|= 0.833
  HOMO = -0.177849694939049  LUMO = -0.168031705382183
cycle= 128 E= -2467.80169790299  delta_E= 0.00472  |g|= 5.55  |ddm|= 0.572
  HOMO = -0.193722741109526  LUMO = -0.165356232873897
cycle= 129 E= -2468.09397915403  delta_E= -0.292  |g|= 5.47  |ddm|= 0.843
  HOMO = -0.167212795030054  LUMO = -0.143617615809485
cycle= 130 E= -2473.13078395707  delta_E= -5.04  |g|= 3.74  |ddm|= 3.34
  HOMO = -0.161839914214806  LUMO = -0.145357503820506
cycle= 131 E= -2472.44778267259  delta_E= 0.683  |g|= 4.01  |ddm|= 2.45
  HOMO = -0.163350661225445  LUMO = -0.153041136755567
cycle= 132 E= -2472.86361000581  delta_E= -0.416  |g|= 3.83  |ddm|= 1.59
  HOMO = -0.16425475922865  LUMO = -0.152443296113269
cycle= 133 E= -2472.87396691079  delta_E= -0.0104  |g|= 3.82  |ddm|= 0.148
  HOMO = -0.0340662078350907  LUMO = -0.0274264959992459
cycle= 134 E= -2446.33421690188  delta_E= 26.5  |g|= 10.8  |ddm|= 14.4
  HOMO = -0.0653403034845439  LUMO = -0.0398536207276129
cycle= 135 E= -2462.00626215387  delta_E= -15.7  |g|= 4.93  |ddm|= 11.6
  HOMO = -0.188488778410422  LUMO = -0.125841113572771
cycle= 136 E= -2462.41943074498  delta_E= -0.413  |g|= 6.77  |ddm|= 8.89
  HOMO = -0.220117802893576  LUMO = -0.166079763179237
cycle= 137 E= -2465.06002425084  delta_E= -2.64  |g|= 6.34  |ddm|=  3.3
  HOMO = -0.197186538066423  LUMO = -0.172332396600826
cycle= 138 E= -2465.79905479808  delta_E= -0.739  |g|= 6.16  |ddm|= 0.772
  HOMO = -0.194124825684955  LUMO = -0.165915783351463
cycle= 139 E= -2465.60551013  delta_E= 0.194  |g|= 6.21  |ddm|= 1.04
  HOMO = -0.204318851096557  LUMO = -0.170292465702132
cycle= 140 E= -2465.66916739989  delta_E= -0.0637  |g|=  6.2  |ddm|= 0.719
  HOMO = -0.203062451555978  LUMO = -0.170195421059555
cycle= 141 E= -2465.67015278084  delta_E= -0.000985  |g|= 6.19  |ddm|= 0.467
  HOMO = -0.178522776597168  LUMO = -0.167196878978524
cycle= 142 E= -2464.89402150039  delta_E= 0.776  |g|= 6.34  |ddm|= 2.64
  HOMO = -0.205182291837023  LUMO = -0.172166170991819
cycle= 143 E= -2465.59706807784  delta_E= -0.703  |g|= 6.21  |ddm|= 2.28
  HOMO = 0.0370978540298475  LUMO = 0.0409616925883795
cycle= 144 E= -2331.2575919834  delta_E=  134  |g|= 15.8  |ddm|= 35.4
  HOMO = -0.112502700938579  LUMO = -0.0739111389636489
cycle= 145 E= -2455.09830631147  delta_E= -124  |g|= 8.63  |ddm|= 34.3
  HOMO = -0.134982583530537  LUMO = -0.0894369394343377
cycle= 146 E= -2475.52794487359  delta_E= -20.4  |g|= 0.881  |ddm|= 12.3
  HOMO = -0.156259438316172  LUMO = -0.122693529111311
cycle= 147 E= -2474.94488246421  delta_E= 0.583  |g|= 1.69  |ddm|= 2.66
  HOMO = -0.176447111034545  LUMO = -0.139037926333981
cycle= 148 E= -2475.32998912507  delta_E= -0.385  |g|=  1.5  |ddm|= 2.31
  HOMO = -0.176890668845786  LUMO = -0.13791455818328
cycle= 149 E= -2475.35721004227  delta_E= -0.0272  |g|= 1.46  |ddm|= 0.0909
  HOMO = -0.170920937913265  LUMO = -0.127174128705277
cycle= 150 E= -2475.33051238114  delta_E= 0.0267  |g|= 1.41  |ddm|= 0.539
  HOMO = -0.170481615645058  LUMO = -0.130711292224254
cycle= 151 E= -2475.4820380899  delta_E= -0.152  |g|= 1.17  |ddm|= 0.601
  HOMO = -0.158568821423707  LUMO = -0.115892564371833
cycle= 152 E= -2475.61040114783  delta_E= -0.128  |g|= 0.815  |ddm|= 0.447
  HOMO = -0.138719861496636  LUMO = -0.0998428760059592
cycle= 153 E= -2475.71420256965  delta_E= -0.104  |g|= 0.241  |ddm|= 0.456
  HOMO = -0.129162146037652  LUMO = -0.0919139960590823
cycle= 154 E= -2475.71499294317  delta_E= -0.00079  |g|= 0.207  |ddm|= 0.356
  HOMO = -0.133768149805941  LUMO = -0.0948954475512194
cycle= 155 E= -2475.7231809526  delta_E= -0.00819  |g|= 0.0889  |ddm|= 0.263
  HOMO = -0.132473252493628  LUMO = -0.0942501390704169
cycle= 156 E= -2475.72488490529  delta_E= -0.0017  |g|= 0.0281  |ddm|= 0.106
  HOMO = -0.130745675831144  LUMO = -0.0927989031411246
cycle= 157 E= -2475.72449813003  delta_E= 0.000387  |g|= 0.0511  |ddm|= 0.0724
  HOMO = -0.132481703602632  LUMO = -0.0943908498603692
cycle= 158 E= -2475.72508464948  delta_E= -0.000587  |g|= 0.00767  |ddm|= 0.0576
  HOMO = -0.132293481496121  LUMO = -0.0942022551896223
cycle= 159 E= -2475.72509756162  delta_E= -1.29e-05  |g|= 0.00331  |ddm|= 0.00975
  HOMO = -0.132165581747304  LUMO = -0.0940512722711778
cycle= 160 E= -2475.72509897955  delta_E= -1.42e-06  |g|= 0.00267  |ddm|= 0.00574
  HOMO = -0.132194103126493  LUMO = -0.0941012474304026
cycle= 161 E= -2475.7250998897  delta_E= -9.1e-07  |g|= 0.00201  |ddm|= 0.00313
  HOMO = -0.132390997843633  LUMO = -0.0942608337811691
cycle= 162 E= -2475.72509430632  delta_E= 5.58e-06  |g|= 0.00562  |ddm|= 0.00597
  HOMO = -0.132208978190933  LUMO = -0.094107811615965
cycle= 163 E= -2475.72510023304  delta_E= -5.93e-06  |g|= 0.00145  |ddm|= 0.00558
  HOMO = -0.132238642633264  LUMO = -0.0941302702493735
cycle= 164 E= -2475.72510070601  delta_E= -4.73e-07  |g|= 0.000129  |ddm|= 0.00137
  HOMO = -0.13224308571331  LUMO = -0.0941361789942711
cycle= 165 E= -2475.72510070207  delta_E= 3.94e-09  |g|= 0.000177  |ddm|= 0.000322
  HOMO = -0.132240980905127  LUMO = -0.0941341198444808
cycle= 166 E= -2475.7251007101  delta_E= -8.03e-09  |g|= 2.89e-05  |ddm|= 0.000206
  HOMO = -0.132244913512208  LUMO = -0.0941376437556031
cycle= 167 E= -2475.72510070715  delta_E= 2.95e-09  |g|= 0.000114  |ddm|= 0.000141
  HOMO = -0.13224137697546  LUMO = -0.0941344114193382
cycle= 168 E= -2475.7251007101  delta_E= -2.95e-09  |g|= 2.72e-05  |ddm|= 0.000131
  HOMO = -0.13224111943955  LUMO = -0.0941341221177053
cycle= 169 E= -2475.7251007103  delta_E= -2e-10  |g|= 8.02e-06  |ddm|= 3.63e-05
  HOMO = -0.132241294317268  LUMO = -0.0941343409441188
cycle= 170 E= -2475.7251007103  delta_E= 9.09e-13  |g|= 6.14e-06  |ddm|= 1.2e-05
  HOMO = -0.132241532990165  LUMO = -0.0941344882645368
cycle= 171 E= -2475.72510071031  delta_E= -1.18e-11  |g|= 7.66e-06  |ddm|= 9.47e-06
  HOMO = -0.132241294690667  LUMO = -0.0941343008764926
cycle= 172 E= -2475.72510071031  delta_E= -9.09e-13  |g|= 2.93e-06  |ddm|= 7.27e-06
  HOMO = -0.132241358747925  LUMO = -0.0941343242972425
cycle= 173 E= -2475.72510071029  delta_E= 1.64e-11  |g|= 3.68e-06  |ddm|= 6.17e-06
  HOMO = -0.132241378005191  LUMO = -0.0941343598399167
cycle= 174 E= -2475.72510071031  delta_E= -1.55e-11  |g|= 5.81e-07  |ddm|= 4.9e-06
  HOMO = -0.132241333994614  LUMO = -0.0941343184239738
Extra cycle  E= -2475.72510071031  delta_E= 9.09e-13  |g|= 2.05e-06  |ddm|= 3.38e-06
converged SCF energy = -2475.72510071031
AOs:  [0, 1, 2, 3, 4, 5, 6, 7, 8, 9, 10, 11, 12, 13, 14, 15, 16, 17, 18, 19, 20, 21, 22, 23, 24, 25, 26, 27, 28, 29, 30, 31, 32, 33, 34, 35, 36, 37, 38, 39, 40, 41, 42, 43, 44, 45, 46, 47, 48, 49, 50, 51, 52, 53, 54, 55, 56, 57, 58, 59, 60, 61, 62, 63, 64, 65, 66, 67, 68, 69, 70, 71, 72, 73, 74, 75, 76, 77, 78, 79, 80, 81, 82, 83, 84, 85, 86, 87, 88, 89, 90, 91, 92, 93, 94, 95, 96, 97, 98, 99, 100, 101, 102, 103, 104, 105, 106, 107, 108, 109, 110, 111, 112, 113, 114, 115, 116, 117, 118, 119, 120, 121, 122, 123, 124, 125, 126, 127, 128, 129, 130, 131, 132, 133, 134, 135, 136, 137, 138, 139, 140, 141, 142, 143, 144, 145, 146, 147, 148, 149, 150, 151, 152, 153, 154, 155, 156, 157, 158, 159, 160, 161, 162, 163, 164, 165, 166, 167, 168, 169, 170, 171, 172, 173, 174, 175, 176, 177, 178, 179, 180, 181, 182, 183, 184, 185, 186, 187, 188, 189, 190, 191, 192, 193, 194, 195, 196, 197, 198, 199, 200, 201, 202, 203, 204, 205, 206, 207, 208, 209, 210, 211, 212, 213, 214, 215, 216, 217, 218, 219, 220, 221, 222, 223, 224, 225, 226, 227, 228, 229, 230, 231, 232, 233, 234, 235, 236, 237, 238, 239, 240]
241
Number of Active MOs:  97
Number of Environment MOs:  14
Number of Virtual MOs:  406
 # electrons:            α            β
         Env:  14.00000000  14.00000000
         Act:  97.00000000  97.00000000
         Vir:  -0.00000000  -0.00000000
Number of electrons in the active space:  194

 The density matrix is idempotent!

 The density matrix is idempotent!


******** <class 'pyscf.scf.hf.RHF'> ********
method = RHF
initial guess = minao
damping factor = 0
level_shift factor = 0
DIIS = <class 'pyscf.scf.diis.CDIIS'>
diis_start_cycle = 1
diis_space = 8
SCF conv_tol = 1e-09
SCF conv_tol_grad = 1e-06
SCF max_cycles = 200
direct_scf = True
direct_scf_tol = 1e-13
chkfile to save SCF result = subsys_scf.chk
max_memory 900000 MB (current use 73001 MB)
init E= -1278.95109977609
  HOMO = -0.211871892563282  LUMO = 0.0315181315222264
cycle= 1 E= -1279.2809142707  delta_E= -0.33  |g|= 0.308  |ddm|= 2.84
  HOMO = -0.215274820879252  LUMO = 0.0284849439015172
cycle= 2 E= -1279.33358506793  delta_E= -0.0527  |g|= 0.143  |ddm|= 0.611
  HOMO = -0.21164337357381  LUMO = 0.028463712152394
cycle= 3 E= -1279.34391635334  delta_E= -0.0103  |g|= 0.104  |ddm|= 0.355
  HOMO = -0.206286365642734  LUMO = 0.0325677747724163
cycle= 4 E= -1279.34795044794  delta_E= -0.00403  |g|= 0.0205  |ddm|= 0.174
  HOMO = -0.207486581901047  LUMO = 0.0303900592359507
cycle= 5 E= -1279.34821735229  delta_E= -0.000267  |g|= 0.00719  |ddm|= 0.0471
  HOMO = -0.206573660959173  LUMO = 0.0305622013240065
cycle= 6 E= -1279.34825600808  delta_E= -3.87e-05  |g|= 0.00387  |ddm|= 0.0167
  HOMO = -0.206326701139397  LUMO = 0.0305618218947682
cycle= 7 E= -1279.34826577774  delta_E= -9.77e-06  |g|= 0.00203  |ddm|= 0.00794
  HOMO = -0.20616550154512  LUMO = 0.0305113499960203
cycle= 8 E= -1279.34827034331  delta_E= -4.57e-06  |g|= 0.00112  |ddm|= 0.0063
  HOMO = -0.206093040475136  LUMO = 0.0305058625135537
cycle= 9 E= -1279.34827170637  delta_E= -1.36e-06  |g|= 0.000744  |ddm|= 0.00266
  HOMO = -0.206080444914224  LUMO = 0.030500571744253
cycle= 10 E= -1279.34827250822  delta_E= -8.02e-07  |g|= 0.000567  |ddm|= 0.00183
  HOMO = -0.206086144230033  LUMO = 0.0305012968281773
cycle= 11 E= -1279.34827330382  delta_E= -7.96e-07  |g|= 0.000338  |ddm|= 0.00263
  HOMO = -0.206091536832098  LUMO = 0.0305046351742577
cycle= 12 E= -1279.34827362033  delta_E= -3.17e-07  |g|= 0.000125  |ddm|= 0.00232
  HOMO = -0.206100765711306  LUMO = 0.0305040512941855
cycle= 13 E= -1279.34827364491  delta_E= -2.46e-08  |g|= 5.63e-05  |ddm|= 0.000665
  HOMO = -0.206097719903446  LUMO = 0.030505929412003
cycle= 14 E= -1279.34827364706  delta_E= -2.15e-09  |g|= 2.07e-05  |ddm|= 0.000197
  HOMO = -0.206099043609078  LUMO = 0.0305052443630565
cycle= 15 E= -1279.34827364683  delta_E= 2.28e-10  |g|= 1.06e-05  |ddm|= 6.05e-05
  HOMO = -0.206098888830593  LUMO = 0.0305055608579506
cycle= 16 E= -1279.34827364726  delta_E= -4.31e-10  |g|= 8.38e-06  |ddm|= 4e-05
  HOMO = -0.206099147264538  LUMO = 0.0305055129992179
cycle= 17 E= -1279.34827364754  delta_E= -2.78e-10  |g|= 6.21e-06  |ddm|= 5.08e-05
  HOMO = -0.206099290391314  LUMO = 0.030505514463733
cycle= 18 E= -1279.3482736479  delta_E= -3.58e-10  |g|= 4.21e-06  |ddm|= 5.93e-05
  HOMO = -0.206099289167003  LUMO = 0.0305055641984101
cycle= 19 E= -1279.34827364837  delta_E= -4.66e-10  |g|= 2.09e-06  |ddm|= 5.82e-05
  HOMO = -0.206099322925778  LUMO = 0.0305055504761893
cycle= 20 E= -1279.34827364804  delta_E= 3.23e-10  |g|= 1.22e-06  |ddm|= 2.26e-05
  HOMO = -0.206099284637191  LUMO = 0.0305055647764152
cycle= 21 E= -1279.34827364803  delta_E= 1.36e-11  |g|= 9.08e-07  |ddm|= 7.12e-06
  HOMO = -0.206099298492913  LUMO = 0.0305055495320411
Extra cycle  E= -1279.34827364804  delta_E= -9.09e-12  |g|= 7.86e-07  |ddm|= 1.43e-06
converged SCF energy = -1279.34827364804
Difference in energy:  -4673.832103542573
E(MP2) = -1283.50538342788  E_corr = -4.15710977983928
Total energy =  -2472.433991173257
time elapsed:  445.3644366264343
