

******** <class 'pyscf.scf.hf.RHF'> ********
method = RHF
initial guess = minao
damping factor = 0
level_shift factor = 0
DIIS = <class 'pyscf.scf.diis.CDIIS'>
diis_start_cycle = 1
diis_space = 8
SCF conv_tol = 1e-09
SCF conv_tol_grad = 1e-05
SCF max_cycles = 1000
direct_scf = True
direct_scf_tol = 1e-13
chkfile to save SCF result = scf.fchk
max_memory 900000 MB (current use 79 MB)
init E= -774.921448418179
  HOMO = -0.170792675768986  LUMO = -0.0651944788182753
cycle= 1 E= -770.061410714277  delta_E= 4.86  |g|= 0.97  |ddm|= 5.89
  HOMO = -0.25566888289448  LUMO = -0.0163015663493541
cycle= 2 E= -770.288534032591  delta_E= -0.227  |g|= 0.643  |ddm|= 1.65
  HOMO = -0.260223344655723  LUMO = 0.0272471652373773
cycle= 3 E= -770.367044871964  delta_E= -0.0785  |g|= 0.207  |ddm|= 0.814
  HOMO = -0.261755020403503  LUMO = 0.041252836697445
cycle= 4 E= -770.379244774953  delta_E= -0.0122  |g|= 0.0308  |ddm|= 0.26
  HOMO = -0.268851934366798  LUMO = 0.0392375697808375
cycle= 5 E= -770.379841714132  delta_E= -0.000597  |g|= 0.0144  |ddm|= 0.0671
  HOMO = -0.269315706245575  LUMO = 0.0414251645032396
cycle= 6 E= -770.380029528394  delta_E= -0.000188  |g|= 0.00547  |ddm|= 0.0397
  HOMO = -0.269476417202227  LUMO = 0.042734873920049
cycle= 7 E= -770.38006751729  delta_E= -3.8e-05  |g|= 0.00255  |ddm|= 0.0206
  HOMO = -0.26963071195818  LUMO = 0.0428091189319875
cycle= 8 E= -770.380072786522  delta_E= -5.27e-06  |g|= 0.00109  |ddm|= 0.007
  HOMO = -0.269610817099408  LUMO = 0.0427340675089893
cycle= 9 E= -770.380074071209  delta_E= -1.28e-06  |g|= 0.000483  |ddm|= 0.00341
  HOMO = -0.269547742454262  LUMO = 0.0427206451743205
cycle= 10 E= -770.380074366553  delta_E= -2.95e-07  |g|= 0.000206  |ddm|= 0.0017
  HOMO = -0.269539851527046  LUMO = 0.0426911720201337
cycle= 11 E= -770.380074409276  delta_E= -4.27e-08  |g|= 6.44e-05  |ddm|= 0.000736
  HOMO = -0.269537728354808  LUMO = 0.042684391569216
cycle= 12 E= -770.380074412353  delta_E= -3.08e-09  |g|= 2.94e-05  |ddm|= 0.00018
  HOMO = -0.269536581948269  LUMO = 0.0426844314256779
cycle= 13 E= -770.380074412951  delta_E= -5.98e-10  |g|= 1.18e-05  |ddm|= 6.9e-05
  HOMO = -0.269537597301671  LUMO = 0.0426837739694844
cycle= 14 E= -770.38007441307  delta_E= -1.19e-10  |g|= 5.84e-06  |ddm|= 3.37e-05
  HOMO = -0.269537874211621  LUMO = 0.0426832201879872
Extra cycle  E= -770.380074413086  delta_E= -1.57e-11  |g|= 3.2e-06  |ddm|= 1.15e-05
converged SCF energy = -770.380074413086
AOs:  [0, 1, 2, 3, 4, 5, 6, 7, 8, 9, 10, 11, 12, 13, 14, 15, 16, 17, 18, 19, 20, 21, 22, 23, 24, 25, 26, 27, 28, 29, 30, 31, 32, 33, 34, 35, 36, 37, 38, 39, 40, 41, 42, 43, 44, 45, 46, 47, 48, 49, 50, 51, 52, 53, 54, 55, 56, 57, 58, 59, 60, 61, 62, 63, 64, 65, 66, 67, 68, 69, 70, 71, 72, 73, 74, 75, 76, 77, 78, 79, 80, 81, 82, 83, 84, 85, 86, 87, 88, 89, 90, 91, 92, 93, 94, 95, 96, 97, 98, 99, 100, 101, 102, 103, 104, 105, 106, 107, 108, 109, 110, 111, 112, 113, 114, 115, 116, 117, 118, 119, 120, 121, 122, 123, 124, 125, 126, 127, 128, 129, 130, 131, 132, 133, 134, 135, 136, 137, 138, 139, 140, 141, 142, 143, 144, 145, 146, 147, 148, 149, 150, 151, 152, 153, 154, 155, 156, 157, 158, 159, 160, 161, 162, 163, 164, 165, 166, 167, 168, 169, 170, 171, 172, 173, 174, 175, 176, 177, 178, 179, 180, 181, 182, 183, 184, 185, 186, 187, 188, 189, 190, 191, 192, 193, 194, 195, 196, 197, 198, 199, 200, 201, 202, 203, 204, 205, 206, 207, 208, 209, 210, 211, 212, 213, 214, 215, 216, 217, 218, 219, 220, 221, 222, 223, 224, 225, 226, 227, 228, 229, 230, 231, 232, 233, 234, 235, 236, 237, 238, 239, 240, 241, 242, 243, 244, 245, 246, 247, 248, 249, 250, 251, 252, 253, 254, 255, 256, 257, 258, 259, 260, 261, 262, 263, 264, 265, 266, 267, 268, 269, 270, 271, 272, 273, 274, 275, 276, 277, 278, 279, 280, 281, 282, 283, 284, 285, 286, 287, 288, 289, 290, 291, 292, 293, 294, 295, 296, 297, 298, 299, 300, 301, 302, 303, 304, 305, 306, 307, 308, 309, 310, 311, 312, 313]
314
Number of Active MOs:  70
Number of Environment MOs:  0
Number of Virtual MOs:  244
 # electrons:            α            β
         Env:   0.00000000   0.00000000
         Act:  70.00000000  70.00000000
         Vir:   0.00000000   0.00000000
Number of electrons in the active space:  140

 The density matrix is idempotent!

 The density matrix is idempotent!


******** <class 'pyscf.scf.hf.RHF'> ********
method = RHF
initial guess = minao
damping factor = 0
level_shift factor = 0
DIIS = <class 'pyscf.scf.diis.CDIIS'>
diis_start_cycle = 1
diis_space = 8
SCF conv_tol = 1e-09
SCF conv_tol_grad = 1e-05
SCF max_cycles = 200
direct_scf = True
direct_scf_tol = 1e-13
chkfile to save SCF result = subsys_scf.chk
max_memory 900000 MB (current use 10105 MB)
init E= -770.380074413091
  HOMO = -0.269538008517591  LUMO = 0.0426831467727883
cycle= 1 E= -770.380074413093  delta_E= -1.59e-12  |g|= 2.73e-06  |ddm|= 5.58e-06
  HOMO = -0.269538106243501  LUMO = 0.042682997084054
Extra cycle  E= -770.380074413095  delta_E= -2.73e-12  |g|= 1.79e-06  |ddm|= 5.06e-06
converged SCF energy = -770.380074413095
Difference in energy:  5.279132437863154e-09
E(MP2) = -772.901124171371  E_corr = -2.5210497582758
Total energy =  -772.90112417137
time elapsed:  23.452600717544556
