

******** <class 'pyscf.scf.hf.RHF'> ********
method = RHF
initial guess = minao
damping factor = 0
level_shift factor = 0
DIIS = <class 'pyscf.scf.diis.CDIIS'>
diis_start_cycle = 1
diis_space = 8
SCF conv_tol = 1e-09
SCF conv_tol_grad = 1e-05
SCF max_cycles = 1000
direct_scf = True
direct_scf_tol = 1e-13
chkfile to save SCF result = scf.fchk
max_memory 900000 MB (current use 79 MB)
init E= -774.894032057905
  HOMO = -0.142912841697742  LUMO = -0.0933574536439356
cycle= 1 E= -769.905755115377  delta_E= 4.99  |g|=    1  |ddm|= 5.91
  HOMO = -0.142968199894683  LUMO = -0.101419576195886
cycle= 2 E= -770.111232712503  delta_E= -0.205  |g|= 0.765  |ddm|= 2.02
  HOMO = -0.201554898041218  LUMO = -0.0308204961518678
cycle= 3 E= -770.246768119584  delta_E= -0.136  |g|= 0.222  |ddm|= 1.07
  HOMO = -0.209594910377249  LUMO = -0.0182103775917628
cycle= 4 E= -770.266689713272  delta_E= -0.0199  |g|= 0.0482  |ddm|= 0.369
  HOMO = -0.216115959579033  LUMO = -0.0135302039581406
cycle= 5 E= -770.269262590507  delta_E= -0.00257  |g|= 0.029  |ddm|= 0.121
  HOMO = -0.221653221135324  LUMO = -0.00944113665156305
cycle= 6 E= -770.2707486586  delta_E= -0.00149  |g|= 0.0173  |ddm|= 0.122
  HOMO = -0.224190337687983  LUMO = -0.00458000913546274
cycle= 7 E= -770.27124621286  delta_E= -0.000498  |g|= 0.00928  |ddm|= 0.0818
  HOMO = -0.225720300192359  LUMO = -0.00460952962477116
cycle= 8 E= -770.271388814472  delta_E= -0.000143  |g|= 0.00655  |ddm|= 0.0411
  HOMO = -0.226453840507404  LUMO = -0.00448530975558349
cycle= 9 E= -770.271475525076  delta_E= -8.67e-05  |g|= 0.0039  |ddm|= 0.0373
  HOMO = -0.226667131238236  LUMO = -0.00429115805039535
cycle= 10 E= -770.271524538175  delta_E= -4.9e-05  |g|= 0.00211  |ddm|= 0.0372
  HOMO = -0.226868262246226  LUMO = -0.00428737703899131
cycle= 11 E= -770.271535867928  delta_E= -1.13e-05  |g|= 0.000574  |ddm|= 0.0232
  HOMO = -0.226845289529145  LUMO = -0.00434776789018273
cycle= 12 E= -770.271536402691  delta_E= -5.35e-07  |g|= 0.000273  |ddm|= 0.00395
  HOMO = -0.226788664129204  LUMO = -0.00434610325841012
cycle= 13 E= -770.271536462794  delta_E= -6.01e-08  |g|= 0.000142  |ddm|= 0.000672
  HOMO = -0.226804655099852  LUMO = -0.00432894951201038
cycle= 14 E= -770.271536487371  delta_E= -2.46e-08  |g|= 5.51e-05  |ddm|= 0.00123
  HOMO = -0.226797688093371  LUMO = -0.0043363336991513
cycle= 15 E= -770.271536490646  delta_E= -3.27e-09  |g|= 2.48e-05  |ddm|= 0.000331
  HOMO = -0.226796027078749  LUMO = -0.00433343295955983
cycle= 16 E= -770.271536491255  delta_E= -6.09e-10  |g|= 1.18e-05  |ddm|= 0.000125
  HOMO = -0.226795259381827  LUMO = -0.00433378261639501
cycle= 17 E= -770.271536491413  delta_E= -1.58e-10  |g|= 6.72e-06  |ddm|= 3.31e-05
  HOMO = -0.226794926463725  LUMO = -0.00433418927281375
Extra cycle  E= -770.271536491445  delta_E= -3.21e-11  |g|= 4.55e-06  |ddm|= 1.37e-05
converged SCF energy = -770.271536491445
AOs:  [0, 1, 2, 3, 4, 5, 6, 7, 8, 9, 10, 11, 12, 13, 14, 15, 16, 17, 18, 19, 20, 21, 22, 23, 24, 25, 26, 27, 28, 29, 30, 31, 32, 33, 34, 35, 36, 37, 38, 39, 40, 41, 42, 43, 44, 45, 46, 47, 48, 49, 50, 51, 52, 53, 54, 55, 56, 57, 58, 59, 60, 61, 62, 63, 64, 65, 66, 67, 68, 69, 70, 71, 72, 73, 74, 75, 76, 77, 78, 79, 80, 81, 82, 83, 84, 85, 86, 87, 88, 89, 90, 91, 92, 93, 94, 95, 96, 97, 98, 99, 100, 101, 102, 103, 104, 105, 106, 107, 108, 109, 110, 111, 112, 113, 114, 115, 116, 117, 118, 119, 120, 121, 122, 123, 124, 125, 126, 127, 128, 129, 130, 131, 132, 133, 134, 135, 136, 137, 138, 139, 140, 141, 142, 143, 144, 145, 146, 147, 148, 149, 150, 151, 152, 153, 154, 155, 156, 157, 158, 159, 160, 161, 162, 163, 164, 165, 166, 167, 168, 169, 170, 171, 172, 173, 174, 175, 176, 177, 178, 179, 180, 181, 182, 183, 184, 185, 186, 187, 188, 189, 190, 191, 192, 193, 194, 195, 196, 197, 198, 199, 200, 201, 202, 203, 204, 205, 206, 207, 208, 209, 210, 211, 212, 213, 214, 215, 216, 217, 218, 219, 220, 221, 222, 223, 224, 225, 226, 227, 228, 229, 230, 231, 232, 233, 234, 235, 236, 237, 238, 239, 240, 241, 242, 243, 244, 245, 246, 247, 248, 249, 250, 251, 252, 253, 254, 255, 256, 257, 258, 259, 260, 261, 262, 263, 264, 265, 266, 267, 268, 269, 270, 271, 272, 273, 274, 275, 276, 277, 278, 279, 280, 281, 282, 283, 284, 285, 286, 287, 288, 289, 290, 291, 292, 293, 294, 295, 296, 297, 298, 299, 300, 301, 302, 303, 304, 305, 306, 307, 308, 309, 310, 311, 312, 313]
314
Number of Active MOs:  70
Number of Environment MOs:  0
Number of Virtual MOs:  244
 # electrons:            α            β
         Env:   0.00000000   0.00000000
         Act:  70.00000000  70.00000000
         Vir:  -0.00000000  -0.00000000
Number of electrons in the active space:  140

 The density matrix is idempotent!

 The density matrix is idempotent!


******** <class 'pyscf.scf.hf.RHF'> ********
method = RHF
initial guess = minao
damping factor = 0
level_shift factor = 0
DIIS = <class 'pyscf.scf.diis.CDIIS'>
diis_start_cycle = 1
diis_space = 8
SCF conv_tol = 1e-09
SCF conv_tol_grad = 1e-05
SCF max_cycles = 200
direct_scf = True
direct_scf_tol = 1e-13
chkfile to save SCF result = subsys_scf.chk
max_memory 900000 MB (current use 10103 MB)
init E= -770.271536491443
  HOMO = -0.226794639598057  LUMO = -0.00433415361587589
cycle= 1 E= -770.27153649146  delta_E= -1.64e-11  |g|= 3.61e-06  |ddm|= 8.8e-06
  HOMO = -0.226794517777616  LUMO = -0.00433425632164304
Extra cycle  E= -770.271536491464  delta_E= -4.32e-12  |g|= 2.69e-06  |ddm|= 7.13e-06
converged SCF energy = -770.271536491464
Difference in energy:  1.2127736681577516e-08
E(MP2) = -772.808696789161  E_corr = -2.53716029769665
Total energy =  -772.8086967891608
time elapsed:  19.06092619895935
