

******** <class 'pyscf.scf.hf.RHF'> ********
method = RHF
initial guess = minao
damping factor = 0
level_shift factor = 0
DIIS = <class 'pyscf.scf.diis.CDIIS'>
diis_start_cycle = 1
diis_space = 8
SCF conv_tol = 1e-09
SCF conv_tol_grad = 1e-05
SCF max_cycles = 1000
direct_scf = True
direct_scf_tol = 1e-13
chkfile to save SCF result = scf.fchk
max_memory 900000 MB (current use 79 MB)
init E= -774.919675183683
  HOMO = -0.170384415121931  LUMO = -0.0657264102950754
cycle= 1 E= -770.0596391527  delta_E= 4.86  |g|= 0.97  |ddm|= 5.89
  HOMO = -0.254426012871252  LUMO = -0.017486442668897
cycle= 2 E= -770.286971288395  delta_E= -0.227  |g|= 0.643  |ddm|= 1.65
  HOMO = -0.259419107486659  LUMO = 0.0263228562086829
cycle= 3 E= -770.365549620218  delta_E= -0.0786  |g|= 0.207  |ddm|= 0.813
  HOMO = -0.261130428570773  LUMO = 0.0403715604816588
cycle= 4 E= -770.377789988963  delta_E= -0.0122  |g|= 0.031  |ddm|= 0.26
  HOMO = -0.268247723764937  LUMO = 0.0383528334854023
cycle= 5 E= -770.378400012068  delta_E= -0.00061  |g|= 0.0146  |ddm|= 0.0678
  HOMO = -0.268760093729336  LUMO = 0.0405658225121366
cycle= 6 E= -770.378593633313  delta_E= -0.000194  |g|= 0.00553  |ddm|= 0.0403
  HOMO = -0.268930316028627  LUMO = 0.0419001605397952
cycle= 7 E= -770.378632963125  delta_E= -3.93e-05  |g|= 0.00259  |ddm|= 0.021
  HOMO = -0.269091484595304  LUMO = 0.0419761441442877
cycle= 8 E= -770.378638408584  delta_E= -5.45e-06  |g|= 0.00111  |ddm|= 0.00711
  HOMO = -0.269074344416952  LUMO = 0.0418994912019845
cycle= 9 E= -770.37863975606  delta_E= -1.35e-06  |g|= 0.000494  |ddm|= 0.0035
  HOMO = -0.269010499604194  LUMO = 0.041885443957025
cycle= 10 E= -770.378640068016  delta_E= -3.12e-07  |g|= 0.000211  |ddm|= 0.00175
  HOMO = -0.269002764153388  LUMO = 0.0418554832530758
cycle= 11 E= -770.378640113111  delta_E= -4.51e-08  |g|= 6.55e-05  |ddm|= 0.000764
  HOMO = -0.269000694322153  LUMO = 0.0418485322285183
cycle= 12 E= -770.378640116304  delta_E= -3.19e-09  |g|= 3e-05  |ddm|= 0.000185
  HOMO = -0.268999499873562  LUMO = 0.0418485881560215
cycle= 13 E= -770.378640116914  delta_E= -6.1e-10  |g|= 1.19e-05  |ddm|= 6.97e-05
  HOMO = -0.269000510151704  LUMO = 0.0418479570278243
cycle= 14 E= -770.378640117038  delta_E= -1.25e-10  |g|= 5.92e-06  |ddm|= 3.38e-05
  HOMO = -0.269000804145315  LUMO = 0.0418473886749365
Extra cycle  E= -770.378640117055  delta_E= -1.61e-11  |g|= 3.24e-06  |ddm|= 1.17e-05
converged SCF energy = -770.378640117055
AOs:  [0, 1, 2, 3, 4, 5, 6, 7, 8, 9, 10, 11, 12, 13, 14, 15, 16, 17, 18, 19, 20, 21, 22, 23, 24, 25, 26, 27, 28, 29, 30, 31, 32, 33, 34, 35, 36, 37, 38, 39, 40, 41, 42, 43, 44, 45, 46, 47, 48, 49, 50, 51, 52, 53, 54, 55, 56, 57, 58, 59, 60, 61, 62, 63, 64, 65, 66, 67, 68, 69, 70, 71, 72, 73, 74, 75, 76, 77, 78, 79, 80, 81, 82, 83, 84, 85, 86, 87, 88, 89, 90, 91, 92, 93, 94, 95, 96, 97, 98, 99, 100, 101, 102, 103, 104, 105, 106, 107, 108, 109, 110, 111, 112, 113, 114, 115, 116, 117, 118, 119, 120, 121, 122, 123, 124, 125, 126, 127, 128, 129, 130, 131, 132, 133, 134, 135, 136, 137, 138, 139, 140, 141, 142, 143, 144, 145, 146, 147, 148, 149, 150, 151, 152, 153, 154, 155, 156, 157, 158, 159, 160, 161, 162, 163, 164, 165, 166, 167, 168, 169, 170, 171, 172, 173, 174, 175, 176, 177, 178, 179, 180, 181, 182, 183, 184, 185, 186, 187, 188, 189, 190, 191, 192, 193, 194, 195, 196, 197, 198, 199, 200, 201, 202, 203, 204, 205, 206, 207, 208, 209, 210, 211, 212, 213, 214, 215, 216, 217, 218, 219, 220, 221, 222, 223, 224, 225, 226, 227, 228, 229, 230, 231, 232, 233, 234, 235, 236, 237, 238, 239, 240, 241, 242, 243, 244, 245, 246, 247, 248, 249, 250, 251, 252, 253, 254, 255, 256, 257, 258, 259, 260, 261, 262, 263, 264, 265, 266, 267, 268, 269, 270, 271, 272, 273, 274, 275, 276, 277, 278, 279, 280, 281, 282, 283, 284, 285, 286, 287, 288, 289, 290, 291, 292, 293, 294, 295, 296, 297, 298, 299, 300, 301, 302, 303, 304, 305, 306, 307, 308, 309, 310, 311, 312, 313]
314
Number of Active MOs:  70
Number of Environment MOs:  0
Number of Virtual MOs:  244
 # electrons:            α            β
         Env:   0.00000000   0.00000000
         Act:  70.00000000  70.00000000
         Vir:   0.00000000   0.00000000
Number of electrons in the active space:  140

 The density matrix is idempotent!

 The density matrix is idempotent!


******** <class 'pyscf.scf.hf.RHF'> ********
method = RHF
initial guess = minao
damping factor = 0
level_shift factor = 0
DIIS = <class 'pyscf.scf.diis.CDIIS'>
diis_start_cycle = 1
diis_space = 8
SCF conv_tol = 1e-09
SCF conv_tol_grad = 1e-05
SCF max_cycles = 200
direct_scf = True
direct_scf_tol = 1e-13
chkfile to save SCF result = subsys_scf.chk
max_memory 900000 MB (current use 10102 MB)
init E= -770.378640117055
  HOMO = -0.269000936484205  LUMO = 0.0418473176808862
cycle= 1 E= -770.378640117058  delta_E= -3.18e-12  |g|= 2.76e-06  |ddm|= 5.65e-06
  HOMO = -0.269001037391641  LUMO = 0.0418471655974218
Extra cycle  E= -770.378640117059  delta_E= -1.14e-12  |g|= 1.8e-06  |ddm|= 5.13e-06
converged SCF energy = -770.378640117059
Difference in energy:  2.853585101547651e-09
E(MP2) = -772.899996748715  E_corr = -2.52135663165655
Total energy =  -772.8999967487157
time elapsed:  22.014042854309082
