

******** <class 'pyscf.scf.hf.RHF'> ********
method = RHF
initial guess = minao
damping factor = 0
level_shift factor = 0
DIIS = <class 'pyscf.scf.diis.CDIIS'>
diis_start_cycle = 1
diis_space = 8
SCF conv_tol = 1e-09
SCF conv_tol_grad = 1e-05
SCF max_cycles = 1000
direct_scf = True
direct_scf_tol = 1e-13
chkfile to save SCF result = scf.fchk
max_memory 900000 MB (current use 79 MB)
init E= -774.894346262156
  HOMO = -0.148479467668073  LUMO = -0.0884398687888861
cycle= 1 E= -769.946051173747  delta_E= 4.95  |g|= 0.986  |ddm|=  5.9
  HOMO = -0.175797871888463  LUMO = -0.0760760630637438
cycle= 2 E= -770.178693574888  delta_E= -0.233  |g|= 0.686  |ddm|= 1.83
  HOMO = -0.216329432615751  LUMO = -0.0138972422468104
cycle= 3 E= -770.277518177849  delta_E= -0.0988  |g|= 0.208  |ddm|= 0.898
  HOMO = -0.226950375160449  LUMO = 0.000525721135303226
cycle= 4 E= -770.292982030982  delta_E= -0.0155  |g|= 0.04  |ddm|= 0.305
  HOMO = -0.232286328524592  LUMO = 4.15048427481923e-05
cycle= 5 E= -770.294658990133  delta_E= -0.00168  |g|= 0.0247  |ddm|= 0.107
  HOMO = -0.236176710199196  LUMO = 0.00419061915398963
cycle= 6 E= -770.29543332274  delta_E= -0.000774  |g|= 0.0113  |ddm|= 0.0814
  HOMO = -0.23767085498225  LUMO = 0.00732003008288563
cycle= 7 E= -770.295686608046  delta_E= -0.000253  |g|= 0.00675  |ddm|= 0.0604
  HOMO = -0.238478479120556  LUMO = 0.00751016522864697
cycle= 8 E= -770.295729142352  delta_E= -4.25e-05  |g|= 0.00356  |ddm|= 0.0205
  HOMO = -0.238793483838516  LUMO = 0.0072850509653687
cycle= 9 E= -770.295754838212  delta_E= -2.57e-05  |g|= 0.00224  |ddm|= 0.0199
  HOMO = -0.238793503289829  LUMO = 0.00730463359448842
cycle= 10 E= -770.295763052894  delta_E= -8.21e-06  |g|= 0.000888  |ddm|= 0.0134
  HOMO = -0.238828398856543  LUMO = 0.00724062527741192
cycle= 11 E= -770.295764453392  delta_E= -1.4e-06  |g|= 0.000229  |ddm|= 0.00678
  HOMO = -0.238820773703965  LUMO = 0.00721159836549286
cycle= 12 E= -770.295764512089  delta_E= -5.87e-08  |g|= 0.000111  |ddm|= 0.00097
  HOMO = -0.238804354842005  LUMO = 0.00721850268493384
cycle= 13 E= -770.29576452048  delta_E= -8.39e-09  |g|= 4.97e-05  |ddm|= 0.000292
  HOMO = -0.238804277973711  LUMO = 0.00722013600375143
cycle= 14 E= -770.295764522423  delta_E= -1.94e-09  |g|= 2.41e-05  |ddm|= 0.000173
  HOMO = -0.23880484352135  LUMO = 0.00721820680925508
cycle= 15 E= -770.295764522796  delta_E= -3.73e-10  |g|= 9.38e-06  |ddm|= 6.11e-05
  HOMO = -0.238803537046293  LUMO = 0.0072187680243622
Extra cycle  E= -770.295764522875  delta_E= -7.91e-11  |g|= 5.89e-06  |ddm|= 2.01e-05
converged SCF energy = -770.295764522875
AOs:  [0, 1, 2, 3, 4, 5, 6, 7, 8, 9, 10, 11, 12, 13, 14, 15, 16, 17, 18, 19, 20, 21, 22, 23, 24, 25, 26, 27, 28, 29, 30, 31, 32, 33, 34, 35, 36, 37, 38, 39, 40, 41, 42, 43, 44, 45, 46, 47, 48, 49, 50, 51, 52, 53, 54, 55, 56, 57, 58, 59, 60, 61, 62, 63, 64, 65, 66, 67, 68, 69, 70, 71, 72, 73, 74, 75, 76, 77, 78, 79, 80, 81, 82, 83, 84, 85, 86, 87, 88, 89, 90, 91, 92, 93, 94, 95, 96, 97, 98, 99, 100, 101, 102, 103, 104, 105, 106, 107, 108, 109, 110, 111, 112, 113, 114, 115, 116, 117, 118, 119, 120, 121, 122, 123, 124, 125, 126, 127, 128, 129, 130, 131, 132, 133, 134, 135, 136, 137, 138, 139, 140, 141, 142, 143, 144, 145, 146, 147, 148, 149, 150, 151, 152, 153, 154, 155, 156, 157, 158, 159, 160, 161, 162, 163, 164, 165, 166, 167, 168, 169, 170, 171, 172, 173, 174, 175, 176, 177, 178, 179, 180, 181, 182, 183, 184, 185, 186, 187, 188, 189, 190, 191, 192, 193, 194, 195, 196, 197, 198, 199, 200, 201, 202, 203, 204, 205, 206, 207, 208, 209, 210, 211, 212, 213, 214, 215, 216, 217, 218, 219, 220, 221, 222, 223, 224, 225, 226, 227, 228, 229, 230, 231, 232, 233, 234, 235, 236, 237, 238, 239, 240, 241, 242, 243, 244, 245, 246, 247, 248, 249, 250, 251, 252, 253, 254, 255, 256, 257, 258, 259, 260, 261, 262, 263, 264, 265, 266, 267, 268, 269, 270, 271, 272, 273, 274, 275, 276, 277, 278, 279, 280, 281, 282, 283, 284, 285, 286, 287, 288, 289, 290, 291, 292, 293, 294, 295, 296, 297, 298, 299, 300, 301, 302, 303, 304, 305, 306, 307, 308, 309, 310, 311, 312, 313]
314
Number of Active MOs:  70
Number of Environment MOs:  0
Number of Virtual MOs:  244
 # electrons:            α            β
         Env:   0.00000000   0.00000000
         Act:  70.00000000  70.00000000
         Vir:  -0.00000000  -0.00000000
Number of electrons in the active space:  140

 The density matrix is idempotent!

 The density matrix is idempotent!


******** <class 'pyscf.scf.hf.RHF'> ********
method = RHF
initial guess = minao
damping factor = 0
level_shift factor = 0
DIIS = <class 'pyscf.scf.diis.CDIIS'>
diis_start_cycle = 1
diis_space = 8
SCF conv_tol = 1e-09
SCF conv_tol_grad = 1e-05
SCF max_cycles = 200
direct_scf = True
direct_scf_tol = 1e-13
chkfile to save SCF result = subsys_scf.chk
max_memory 900000 MB (current use 10103 MB)
init E= -770.295764522873
  HOMO = -0.238803678935726  LUMO = 0.0072183789976077
cycle= 1 E= -770.295764522909  delta_E= -3.62e-11  |g|= 4.07e-06  |ddm|= 1.33e-05
  HOMO = -0.238803220475536  LUMO = 0.00721857524717685
Extra cycle  E= -770.295764522919  delta_E= -9.32e-12  |g|= 2.9e-06  |ddm|= 8.14e-06
converged SCF energy = -770.295764522919
Difference in energy:  2.7679775485012215e-08
E(MP2) = -772.829734336991  E_corr = -2.53396981407223
Total energy =  -772.8297343369914
time elapsed:  22.745049476623535
