

******** <class 'pyscf.scf.hf.RHF'> ********
method = RHF
initial guess = minao
damping factor = 0
level_shift factor = 0
DIIS = <class 'pyscf.scf.diis.CDIIS'>
diis_start_cycle = 1
diis_space = 8
SCF conv_tol = 1e-09
SCF conv_tol_grad = 1e-05
SCF max_cycles = 1000
direct_scf = True
direct_scf_tol = 1e-13
chkfile to save SCF result = scf.fchk
max_memory 900000 MB (current use 79 MB)
init E= -774.895061347165
  HOMO = -0.15495209443424  LUMO = -0.0827580148459346
cycle= 1 E= -769.98118717339  delta_E= 4.91  |g|= 0.977  |ddm|= 5.89
  HOMO = -0.203088019476773  LUMO = -0.0572431061045183
cycle= 2 E= -770.215678507471  delta_E= -0.234  |g|= 0.658  |ddm|= 1.73
  HOMO = -0.229291048047551  LUMO = -0.00206306743499139
cycle= 3 E= -770.302342463869  delta_E= -0.0867  |g|= 0.208  |ddm|= 0.84
  HOMO = -0.237866874743246  LUMO = 0.0128477290251845
cycle= 4 E= -770.316313654803  delta_E= -0.014  |g|= 0.0384  |ddm|= 0.284
  HOMO = -0.243940796715898  LUMO = 0.0110664449391221
cycle= 5 E= -770.31753463966  delta_E= -0.00122  |g|= 0.0217  |ddm|= 0.0921
  HOMO = -0.246639848708162  LUMO = 0.0144755984838389
cycle= 6 E= -770.318056495211  delta_E= -0.000522  |g|= 0.00895  |ddm|= 0.0656
  HOMO = -0.247550363662728  LUMO = 0.0168893916657871
cycle= 7 E= -770.318197622843  delta_E= -0.000141  |g|= 0.00502  |ddm|= 0.0428
  HOMO = -0.248064137104021  LUMO = 0.0170977197145737
cycle= 8 E= -770.318219791098  delta_E= -2.22e-05  |g|= 0.00241  |ddm|= 0.0147
  HOMO = -0.248236829454598  LUMO = 0.01692066938955
cycle= 9 E= -770.318229373004  delta_E= -9.58e-06  |g|= 0.00131  |ddm|= 0.0112
  HOMO = -0.248172869051903  LUMO = 0.0169019665340664
cycle= 10 E= -770.318232019915  delta_E= -2.65e-06  |g|= 0.000522  |ddm|= 0.00682
  HOMO = -0.248175005633778  LUMO = 0.016851122695182
cycle= 11 E= -770.318232403184  delta_E= -3.83e-07  |g|= 0.000129  |ddm|= 0.00305
  HOMO = -0.248173417332266  LUMO = 0.0168346644336933
cycle= 12 E= -770.318232419677  delta_E= -1.65e-08  |g|= 5.92e-05  |ddm|= 0.000513
  HOMO = -0.248165587863276  LUMO = 0.0168375621626886
cycle= 13 E= -770.318232421603  delta_E= -1.93e-09  |g|= 2.5e-05  |ddm|= 0.000124
  HOMO = -0.24816570049024  LUMO = 0.0168378256764615
cycle= 14 E= -770.318232421995  delta_E= -3.92e-10  |g|= 1.19e-05  |ddm|= 6.9e-05
  HOMO = -0.248166329681426  LUMO = 0.016836733997998
cycle= 15 E= -770.318232422063  delta_E= -6.75e-11  |g|= 4.08e-06  |ddm|= 3.08e-05
  HOMO = -0.248165922699266  LUMO = 0.0168368638578566
Extra cycle  E= -770.318232422076  delta_E= -1.32e-11  |g|= 2.7e-06  |ddm|= 8.69e-06
converged SCF energy = -770.318232422076
AOs:  [0, 1, 2, 3, 4, 5, 6, 7, 8, 9, 10, 11, 12, 13, 14, 15, 16, 17, 18, 19, 20, 21, 22, 23, 24, 25, 26, 27, 28, 29, 30, 31, 32, 33, 34, 35, 36, 37, 38, 39, 40, 41, 42, 43, 44, 45, 46, 47, 48, 49, 50, 51, 52, 53, 54, 55, 56, 57, 58, 59, 60, 61, 62, 63, 64, 65, 66, 67, 68, 69, 70, 71, 72, 73, 74, 75, 76, 77, 78, 79, 80, 81, 82, 83, 84, 85, 86, 87, 88, 89, 90, 91, 92, 93, 94, 95, 96, 97, 98, 99, 100, 101, 102, 103, 104, 105, 106, 107, 108, 109, 110, 111, 112, 113, 114, 115, 116, 117, 118, 119, 120, 121, 122, 123, 124, 125, 126, 127, 128, 129, 130, 131, 132, 133, 134, 135, 136, 137, 138, 139, 140, 141, 142, 143, 144, 145, 146, 147, 148, 149, 150, 151, 152, 153, 154, 155, 156, 157, 158, 159, 160, 161, 162, 163, 164, 165, 166, 167, 168, 169, 170, 171, 172, 173, 174, 175, 176, 177, 178, 179, 180, 181, 182, 183, 184, 185, 186, 187, 188, 189, 190, 191, 192, 193, 194, 195, 196, 197, 198, 199, 200, 201, 202, 203, 204, 205, 206, 207, 208, 209, 210, 211, 212, 213, 214, 215, 216, 217, 218, 219, 220, 221, 222, 223, 224, 225, 226, 227, 228, 229, 230, 231, 232, 233, 234, 235, 236, 237, 238, 239, 240, 241, 242, 243, 244, 245, 246, 247, 248, 249, 250, 251, 252, 253, 254, 255, 256, 257, 258, 259, 260, 261, 262, 263, 264, 265, 266, 267, 268, 269, 270, 271, 272, 273, 274, 275, 276, 277, 278, 279, 280, 281, 282, 283, 284, 285, 286, 287, 288, 289, 290, 291, 292, 293, 294, 295, 296, 297, 298, 299, 300, 301, 302, 303, 304, 305, 306, 307, 308, 309, 310, 311, 312, 313]
314
Number of Active MOs:  70
Number of Environment MOs:  0
Number of Virtual MOs:  244
 # electrons:            α            β
         Env:   0.00000000   0.00000000
         Act:  70.00000000  70.00000000
         Vir:  -0.00000000  -0.00000000
Number of electrons in the active space:  140

 The density matrix is idempotent!

 The density matrix is idempotent!


******** <class 'pyscf.scf.hf.RHF'> ********
method = RHF
initial guess = minao
damping factor = 0
level_shift factor = 0
DIIS = <class 'pyscf.scf.diis.CDIIS'>
diis_start_cycle = 1
diis_space = 8
SCF conv_tol = 1e-09
SCF conv_tol_grad = 1e-05
SCF max_cycles = 200
direct_scf = True
direct_scf_tol = 1e-13
chkfile to save SCF result = subsys_scf.chk
max_memory 900000 MB (current use 10103 MB)
init E= -770.318232422076
  HOMO = -0.248166003665683  LUMO = 0.0168366873905068
cycle= 1 E= -770.318232422081  delta_E= -5.23e-12  |g|= 1.67e-06  |ddm|= 6.2e-06
  HOMO = -0.248165877153344  LUMO = 0.0168367187789499
Extra cycle  E= -770.318232422085  delta_E= -4.09e-12  |g|= 1.3e-06  |ddm|= 3.22e-06
converged SCF energy = -770.318232422085
Difference in energy:  5.992528713250067e-09
E(MP2) = -772.848614375026  E_corr = -2.53038195294046
Total energy =  -772.8486143750259
time elapsed:  22.373224020004272
