

******** <class 'pyscf.scf.hf.RHF'> ********
method = RHF
initial guess = minao
damping factor = 0
level_shift factor = 0
DIIS = <class 'pyscf.scf.diis.CDIIS'>
diis_start_cycle = 1
diis_space = 8
SCF conv_tol = 1e-09
SCF conv_tol_grad = 1e-05
SCF max_cycles = 1000
direct_scf = True
direct_scf_tol = 1e-13
chkfile to save SCF result = scf.fchk
max_memory 900000 MB (current use 79 MB)
init E= -774.898841499435
  HOMO = -0.167988039779441  LUMO = -0.0702623369699775
cycle= 1 E= -770.045779347308  delta_E= 4.85  |g|= 0.97  |ddm|= 5.88
  HOMO = -0.242295061530378  LUMO = -0.0270035678729571
cycle= 2 E= -770.275291847762  delta_E= -0.23  |g|= 0.643  |ddm|= 1.65
  HOMO = -0.252522516823093  LUMO = 0.0181749273980448
cycle= 3 E= -770.354495182431  delta_E= -0.0792  |g|= 0.207  |ddm|= 0.808
  HOMO = -0.255350194396243  LUMO = 0.033202088007228
cycle= 4 E= -770.367021654227  delta_E= -0.0125  |g|= 0.0331  |ddm|= 0.262
  HOMO = -0.262741479173173  LUMO = 0.0309448806901941
cycle= 5 E= -770.367732788791  delta_E= -0.000711  |g|= 0.016  |ddm|= 0.0716
  HOMO = -0.263651719463899  LUMO = 0.0333306604949471
cycle= 6 E= -770.367971614219  delta_E= -0.000239  |g|= 0.00612  |ddm|= 0.0442
  HOMO = -0.263877099626283  LUMO = 0.0348354464929066
cycle= 7 E= -770.368022337702  delta_E= -5.07e-05  |g|= 0.00296  |ddm|= 0.0238
  HOMO = -0.264107663239074  LUMO = 0.0349314401534266
cycle= 8 E= -770.368029756867  delta_E= -7.42e-06  |g|= 0.00129  |ddm|= 0.00823
  HOMO = -0.264113299081904  LUMO = 0.0348338934700576
cycle= 9 E= -770.36803179773  delta_E= -2.04e-06  |g|= 0.000581  |ddm|= 0.00454
  HOMO = -0.264045984068518  LUMO = 0.0348110957165529
cycle= 10 E= -770.368032271105  delta_E= -4.73e-07  |g|= 0.000249  |ddm|= 0.00231
  HOMO = -0.264038381750499  LUMO = 0.034777947030342
cycle= 11 E= -770.368032334085  delta_E= -6.3e-08  |g|= 6.46e-05  |ddm|= 0.000971
  HOMO = -0.264036876300409  LUMO = 0.0347702648189032
cycle= 12 E= -770.368032337644  delta_E= -3.56e-09  |g|= 3.16e-05  |ddm|= 0.000194
  HOMO = -0.264035286561966  LUMO = 0.0347706110510169
cycle= 13 E= -770.368032338236  delta_E= -5.92e-10  |g|= 1.23e-05  |ddm|= 7.02e-05
  HOMO = -0.264036237112092  LUMO = 0.0347702106648042
cycle= 14 E= -770.368032338351  delta_E= -1.15e-10  |g|= 6.49e-06  |ddm|= 3.02e-05
  HOMO = -0.264036570621522  LUMO = 0.0347695716422833
Extra cycle  E= -770.368032338369  delta_E= -1.84e-11  |g|= 3.64e-06  |ddm|= 1.31e-05
converged SCF energy = -770.368032338369
AOs:  [0, 1, 2, 3, 4, 5, 6, 7, 8, 9, 10, 11, 12, 13, 14, 15, 16, 17, 18, 19, 20, 21, 22, 23, 24, 25, 26, 27, 28, 29, 30, 31, 32, 33, 34, 35, 36, 37, 38, 39, 40, 41, 42, 43, 44, 45, 46, 47, 48, 49, 50, 51, 52, 53, 54, 55, 56, 57, 58, 59, 60, 61, 62, 63, 64, 65, 66, 67, 68, 69, 70, 71, 72, 73, 74, 75, 76, 77, 78, 79, 80, 81, 82, 83, 84, 85, 86, 87, 88, 89, 90, 91, 92, 93, 94, 95, 96, 97, 98, 99, 100, 101, 102, 103, 104, 105, 106, 107, 108, 109, 110, 111, 112, 113, 114, 115, 116, 117, 118, 119, 120, 121, 122, 123, 124, 125, 126, 127, 128, 129, 130, 131, 132, 133, 134, 135, 136, 137, 138, 139, 140, 141, 142, 143, 144, 145, 146, 147, 148, 149, 150, 151, 152, 153, 154, 155, 156, 157, 158, 159, 160, 161, 162, 163, 164, 165, 166, 167, 168, 169, 170, 171, 172, 173, 174, 175, 176, 177, 178, 179, 180, 181, 182, 183, 184, 185, 186, 187, 188, 189, 190, 191, 192, 193, 194, 195, 196, 197, 198, 199, 200, 201, 202, 203, 204, 205, 206, 207, 208, 209, 210, 211, 212, 213, 214, 215, 216, 217, 218, 219, 220, 221, 222, 223, 224, 225, 226, 227, 228, 229, 230, 231, 232, 233, 234, 235, 236, 237, 238, 239, 240, 241, 242, 243, 244, 245, 246, 247, 248, 249, 250, 251, 252, 253, 254, 255, 256, 257, 258, 259, 260, 261, 262, 263, 264, 265, 266, 267, 268, 269, 270, 271, 272, 273, 274, 275, 276, 277, 278, 279, 280, 281, 282, 283, 284, 285, 286, 287, 288, 289, 290, 291, 292, 293, 294, 295, 296, 297, 298, 299, 300, 301, 302, 303, 304, 305, 306, 307, 308, 309, 310, 311, 312, 313]
314
Number of Active MOs:  70
Number of Environment MOs:  0
Number of Virtual MOs:  244
 # electrons:            α            β
         Env:   0.00000000   0.00000000
         Act:  70.00000000  70.00000000
         Vir:  -0.00000000  -0.00000000
Number of electrons in the active space:  140

 The density matrix is idempotent!

 The density matrix is idempotent!


******** <class 'pyscf.scf.hf.RHF'> ********
method = RHF
initial guess = minao
damping factor = 0
level_shift factor = 0
DIIS = <class 'pyscf.scf.diis.CDIIS'>
diis_start_cycle = 1
diis_space = 8
SCF conv_tol = 1e-09
SCF conv_tol_grad = 1e-05
SCF max_cycles = 200
direct_scf = True
direct_scf_tol = 1e-13
chkfile to save SCF result = subsys_scf.chk
max_memory 900000 MB (current use 10103 MB)
init E= -770.368032338367
  HOMO = -0.264036705848351  LUMO = 0.0347695234931587
cycle= 1 E= -770.368032338373  delta_E= -6.14e-12  |g|= 3.22e-06  |ddm|= 6.02e-06
  HOMO = -0.26403678965399  LUMO = 0.0347693659701219
Extra cycle  E= -770.368032338377  delta_E= -3.41e-12  |g|= 2.15e-06  |ddm|= 6.02e-06
converged SCF energy = -770.368032338377
Difference in energy:  6.13520796832745e-09
E(MP2) = -772.890674705129  E_corr = -2.52264236675233
Total energy =  -772.890674705131
time elapsed:  20.424193143844604
