

******** <class 'pyscf.scf.hf.RHF'> ********
method = RHF
initial guess = minao
damping factor = 0
level_shift factor = 0
DIIS = <class 'pyscf.scf.diis.CDIIS'>
diis_start_cycle = 1
diis_space = 8
SCF conv_tol = 1e-09
SCF conv_tol_grad = 1e-05
SCF max_cycles = 1000
direct_scf = True
direct_scf_tol = 1e-13
chkfile to save SCF result = scf.fchk
max_memory 900000 MB (current use 79 MB)
init E= -774.900112117096
  HOMO = -0.169809918115108  LUMO = -0.068157645168388
cycle= 1 E= -770.056904012053  delta_E= 4.84  |g|= 0.97  |ddm|= 5.88
  HOMO = -0.247224391058958  LUMO = -0.0225363834004495
cycle= 2 E= -770.285593920869  delta_E= -0.229  |g|= 0.642  |ddm|= 1.65
  HOMO = -0.255981763538157  LUMO = 0.0213718465876279
cycle= 3 E= -770.364351356882  delta_E= -0.0788  |g|= 0.207  |ddm|= 0.808
  HOMO = -0.257937476152534  LUMO = 0.0363331868341071
cycle= 4 E= -770.376699184536  delta_E= -0.0123  |g|= 0.0322  |ddm|= 0.259
  HOMO = -0.265375342763992  LUMO = 0.0340612094235846
cycle= 5 E= -770.377352293311  delta_E= -0.000653  |g|= 0.0153  |ddm|= 0.069
  HOMO = -0.266068705010479  LUMO = 0.0363080072190872
cycle= 6 E= -770.37756342857  delta_E= -0.000211  |g|= 0.00583  |ddm|= 0.0416
  HOMO = -0.266228609563327  LUMO = 0.0377095903053893
cycle= 7 E= -770.377607376021  delta_E= -4.39e-05  |g|= 0.00277  |ddm|= 0.022
  HOMO = -0.266434413224716  LUMO = 0.0377900806358187
cycle= 8 E= -770.377613817652  delta_E= -6.44e-06  |g|= 0.0012  |ddm|= 0.00768
  HOMO = -0.266422873451108  LUMO = 0.0377021684606803
cycle= 9 E= -770.377615480746  delta_E= -1.66e-06  |g|= 0.000521  |ddm|= 0.00405
  HOMO = -0.266359601686324  LUMO = 0.0376799900584273
cycle= 10 E= -770.377615854347  delta_E= -3.74e-07  |g|= 0.000226  |ddm|= 0.00199
  HOMO = -0.266351221723731  LUMO = 0.0376496550967815
cycle= 11 E= -770.37761590405  delta_E= -4.97e-08  |g|= 6.06e-05  |ddm|= 0.000833
  HOMO = -0.266349622580276  LUMO = 0.0376424871151471
cycle= 12 E= -770.37761590711  delta_E= -3.06e-09  |g|= 2.98e-05  |ddm|= 0.000175
  HOMO = -0.266348259419146  LUMO = 0.0376427803107272
cycle= 13 E= -770.377615907665  delta_E= -5.55e-10  |g|= 1.18e-05  |ddm|= 6.8e-05
  HOMO = -0.266349273558987  LUMO = 0.0376423014101074
cycle= 14 E= -770.377615907772  delta_E= -1.07e-10  |g|= 6.1e-06  |ddm|= 2.99e-05
  HOMO = -0.266349526036591  LUMO = 0.0376417101154568
Extra cycle  E= -770.377615907788  delta_E= -1.61e-11  |g|= 3.42e-06  |ddm|= 1.25e-05
converged SCF energy = -770.377615907788
AOs:  [0, 1, 2, 3, 4, 5, 6, 7, 8, 9, 10, 11, 12, 13, 14, 15, 16, 17, 18, 19, 20, 21, 22, 23, 24, 25, 26, 27, 28, 29, 30, 31, 32, 33, 34, 35, 36, 37, 38, 39, 40, 41, 42, 43, 44, 45, 46, 47, 48, 49, 50, 51, 52, 53, 54, 55, 56, 57, 58, 59, 60, 61, 62, 63, 64, 65, 66, 67, 68, 69, 70, 71, 72, 73, 74, 75, 76, 77, 78, 79, 80, 81, 82, 83, 84, 85, 86, 87, 88, 89, 90, 91, 92, 93, 94, 95, 96, 97, 98, 99, 100, 101, 102, 103, 104, 105, 106, 107, 108, 109, 110, 111, 112, 113, 114, 115, 116, 117, 118, 119, 120, 121, 122, 123, 124, 125, 126, 127, 128, 129, 130, 131, 132, 133, 134, 135, 136, 137, 138, 139, 140, 141, 142, 143, 144, 145, 146, 147, 148, 149, 150, 151, 152, 153, 154, 155, 156, 157, 158, 159, 160, 161, 162, 163, 164, 165, 166, 167, 168, 169, 170, 171, 172, 173, 174, 175, 176, 177, 178, 179, 180, 181, 182, 183, 184, 185, 186, 187, 188, 189, 190, 191, 192, 193, 194, 195, 196, 197, 198, 199, 200, 201, 202, 203, 204, 205, 206, 207, 208, 209, 210, 211, 212, 213, 214, 215, 216, 217, 218, 219, 220, 221, 222, 223, 224, 225, 226, 227, 228, 229, 230, 231, 232, 233, 234, 235, 236, 237, 238, 239, 240, 241, 242, 243, 244, 245, 246, 247, 248, 249, 250, 251, 252, 253, 254, 255, 256, 257, 258, 259, 260, 261, 262, 263, 264, 265, 266, 267, 268, 269, 270, 271, 272, 273, 274, 275, 276, 277, 278, 279, 280, 281, 282, 283, 284, 285, 286, 287, 288, 289, 290, 291, 292, 293, 294, 295, 296, 297, 298, 299, 300, 301, 302, 303, 304, 305, 306, 307, 308, 309, 310, 311, 312, 313]
314
Number of Active MOs:  70
Number of Environment MOs:  0
Number of Virtual MOs:  244
 # electrons:            α            β
         Env:   0.00000000   0.00000000
         Act:  70.00000000  70.00000000
         Vir:   0.00000000   0.00000000
Number of electrons in the active space:  140

 The density matrix is idempotent!

 The density matrix is idempotent!


******** <class 'pyscf.scf.hf.RHF'> ********
method = RHF
initial guess = minao
damping factor = 0
level_shift factor = 0
DIIS = <class 'pyscf.scf.diis.CDIIS'>
diis_start_cycle = 1
diis_space = 8
SCF conv_tol = 1e-09
SCF conv_tol_grad = 1e-05
SCF max_cycles = 200
direct_scf = True
direct_scf_tol = 1e-13
chkfile to save SCF result = subsys_scf.chk
max_memory 900000 MB (current use 10103 MB)
init E= -770.377615907788
  HOMO = -0.266349698502344  LUMO = 0.0376416495899876
cycle= 1 E= -770.377615907792  delta_E= -4.09e-12  |g|= 2.97e-06  |ddm|= 5.83e-06
  HOMO = -0.266349761620961  LUMO = 0.0376415019268353
Extra cycle  E= -770.377615907797  delta_E= -5e-12  |g|= 1.97e-06  |ddm|= 5.65e-06
converged SCF energy = -770.377615907797
Difference in energy:  4.423056907398859e-09
E(MP2) = -772.898787696635  E_corr = -2.52117178883867
Total energy =  -772.8987876966336
time elapsed:  19.39616370201111
