

******** <class 'pyscf.scf.hf.RHF'> ********
method = RHF
initial guess = minao
damping factor = 0
level_shift factor = 0
DIIS = <class 'pyscf.scf.diis.CDIIS'>
diis_start_cycle = 1
diis_space = 8
SCF conv_tol = 1e-09
SCF conv_tol_grad = 1e-05
SCF max_cycles = 1000
direct_scf = True
direct_scf_tol = 1e-13
chkfile to save SCF result = scf.fchk
max_memory 900000 MB (current use 79 MB)
init E= -774.901331023141
  HOMO = -0.17102600131819  LUMO = -0.0665507290491014
cycle= 1 E= -770.065676344255  delta_E= 4.84  |g|= 0.97  |ddm|= 5.88
  HOMO = -0.250757701933578  LUMO = -0.019208787007056
cycle= 2 E= -770.293787229792  delta_E= -0.228  |g|= 0.642  |ddm|= 1.65
  HOMO = -0.258522462424658  LUMO = 0.0238000900074387
cycle= 3 E= -770.372273952193  delta_E= -0.0785  |g|= 0.206  |ddm|= 0.808
  HOMO = -0.259840609477836  LUMO = 0.0386971862581565
cycle= 4 E= -770.384492958465  delta_E= -0.0122  |g|= 0.0316  |ddm|= 0.258
  HOMO = -0.267281261336276  LUMO = 0.0364167901247127
cycle= 5 E= -770.385105579391  delta_E= -0.000613  |g|= 0.0147  |ddm|= 0.0671
  HOMO = -0.267825366326678  LUMO = 0.0385599022337947
cycle= 6 E= -770.385298071137  delta_E= -0.000192  |g|= 0.00563  |ddm|= 0.0398
  HOMO = -0.267940963965171  LUMO = 0.0398895864337932
cycle= 7 E= -770.385337672576  delta_E= -3.96e-05  |g|= 0.00265  |ddm|= 0.0208
  HOMO = -0.26813091381056  LUMO = 0.0399592092272348
cycle= 8 E= -770.385343504059  delta_E= -5.83e-06  |g|= 0.00113  |ddm|= 0.00732
  HOMO = -0.268107390853521  LUMO = 0.0398783009426735
cycle= 9 E= -770.385344938122  delta_E= -1.43e-06  |g|= 0.000482  |ddm|= 0.00373
  HOMO = -0.268047675599382  LUMO = 0.0398565168858088
cycle= 10 E= -770.385345252222  delta_E= -3.14e-07  |g|= 0.000211  |ddm|= 0.00178
  HOMO = -0.268038758920327  LUMO = 0.0398282758466717
cycle= 11 E= -770.385345293993  delta_E= -4.18e-08  |g|= 5.82e-05  |ddm|= 0.000745
  HOMO = -0.268037039596027  LUMO = 0.039821445810012
cycle= 12 E= -770.38534529675  delta_E= -2.76e-09  |g|= 2.85e-05  |ddm|= 0.000163
  HOMO = -0.268035786657611  LUMO = 0.0398217071453436
cycle= 13 E= -770.385345297271  delta_E= -5.21e-10  |g|= 1.15e-05  |ddm|= 6.65e-05
  HOMO = -0.268036814853201  LUMO = 0.0398211861279657
cycle= 14 E= -770.385345297377  delta_E= -1.06e-10  |g|= 5.8e-06  |ddm|= 2.97e-05
  HOMO = -0.268037009453893  LUMO = 0.0398206244891555
Extra cycle  E= -770.38534529739  delta_E= -1.32e-11  |g|= 3.23e-06  |ddm|= 1.2e-05
converged SCF energy = -770.38534529739
AOs:  [0, 1, 2, 3, 4, 5, 6, 7, 8, 9, 10, 11, 12, 13, 14, 15, 16, 17, 18, 19, 20, 21, 22, 23, 24, 25, 26, 27, 28, 29, 30, 31, 32, 33, 34, 35, 36, 37, 38, 39, 40, 41, 42, 43, 44, 45, 46, 47, 48, 49, 50, 51, 52, 53, 54, 55, 56, 57, 58, 59, 60, 61, 62, 63, 64, 65, 66, 67, 68, 69, 70, 71, 72, 73, 74, 75, 76, 77, 78, 79, 80, 81, 82, 83, 84, 85, 86, 87, 88, 89, 90, 91, 92, 93, 94, 95, 96, 97, 98, 99, 100, 101, 102, 103, 104, 105, 106, 107, 108, 109, 110, 111, 112, 113, 114, 115, 116, 117, 118, 119, 120, 121, 122, 123, 124, 125, 126, 127, 128, 129, 130, 131, 132, 133, 134, 135, 136, 137, 138, 139, 140, 141, 142, 143, 144, 145, 146, 147, 148, 149, 150, 151, 152, 153, 154, 155, 156, 157, 158, 159, 160, 161, 162, 163, 164, 165, 166, 167, 168, 169, 170, 171, 172, 173, 174, 175, 176, 177, 178, 179, 180, 181, 182, 183, 184, 185, 186, 187, 188, 189, 190, 191, 192, 193, 194, 195, 196, 197, 198, 199, 200, 201, 202, 203, 204, 205, 206, 207, 208, 209, 210, 211, 212, 213, 214, 215, 216, 217, 218, 219, 220, 221, 222, 223, 224, 225, 226, 227, 228, 229, 230, 231, 232, 233, 234, 235, 236, 237, 238, 239, 240, 241, 242, 243, 244, 245, 246, 247, 248, 249, 250, 251, 252, 253, 254, 255, 256, 257, 258, 259, 260, 261, 262, 263, 264, 265, 266, 267, 268, 269, 270, 271, 272, 273, 274, 275, 276, 277, 278, 279, 280, 281, 282, 283, 284, 285, 286, 287, 288, 289, 290, 291, 292, 293, 294, 295, 296, 297, 298, 299, 300, 301, 302, 303, 304, 305, 306, 307, 308, 309, 310, 311, 312, 313]
314
Number of Active MOs:  70
Number of Environment MOs:  0
Number of Virtual MOs:  244
 # electrons:            α            β
         Env:   0.00000000   0.00000000
         Act:  70.00000000  70.00000000
         Vir:  -0.00000000  -0.00000000
Number of electrons in the active space:  140

 The density matrix is idempotent!

 The density matrix is idempotent!


******** <class 'pyscf.scf.hf.RHF'> ********
method = RHF
initial guess = minao
damping factor = 0
level_shift factor = 0
DIIS = <class 'pyscf.scf.diis.CDIIS'>
diis_start_cycle = 1
diis_space = 8
SCF conv_tol = 1e-09
SCF conv_tol_grad = 1e-05
SCF max_cycles = 200
direct_scf = True
direct_scf_tol = 1e-13
chkfile to save SCF result = subsys_scf.chk
max_memory 900000 MB (current use 10102 MB)
init E= -770.385345297388
  HOMO = -0.268037201702097  LUMO = 0.0398205570959565
cycle= 1 E= -770.385345297393  delta_E= -4.55e-12  |g|= 2.77e-06  |ddm|= 5.62e-06
  HOMO = -0.26803725035519  LUMO = 0.0398204156095735
Extra cycle  E= -770.385345297397  delta_E= -4.32e-12  |g|= 1.83e-06  |ddm|= 5.34e-06
converged SCF energy = -770.385345297397
Difference in energy:  3.138943611702416e-09
E(MP2) = -772.90530793504  E_corr = -2.51996263764299
Total energy =  -772.9053079350383
time elapsed:  18.90695095062256
