

******** <class 'pyscf.scf.hf.RHF'> ********
method = RHF
initial guess = minao
damping factor = 0
level_shift factor = 0
DIIS = <class 'pyscf.scf.diis.CDIIS'>
diis_start_cycle = 1
diis_space = 8
SCF conv_tol = 1e-09
SCF conv_tol_grad = 1e-05
SCF max_cycles = 1000
direct_scf = True
direct_scf_tol = 1e-13
chkfile to save SCF result = scf.fchk
max_memory 900000 MB (current use 79 MB)
init E= -774.915190696926
  HOMO = -0.169274865993657  LUMO = -0.0673303727439731
cycle= 1 E= -770.054057981797  delta_E= 4.86  |g|= 0.97  |ddm|= 5.89
  HOMO = -0.250630294925404  LUMO = -0.0209525536229082
cycle= 2 E= -770.282023800858  delta_E= -0.228  |g|= 0.643  |ddm|= 1.65
  HOMO = -0.257003111880059  LUMO = 0.0236131466018784
cycle= 3 E= -770.360816969825  delta_E= -0.0788  |g|= 0.207  |ddm|= 0.811
  HOMO = -0.259269204972579  LUMO = 0.0377715511956368
cycle= 4 E= -770.373177824261  delta_E= -0.0124  |g|= 0.0317  |ddm|= 0.262
  HOMO = -0.266417035887766  LUMO = 0.0357468096200246
cycle= 5 E= -770.373827725096  delta_E= -0.00065  |g|= 0.0151  |ddm|= 0.0697
  HOMO = -0.267081859553784  LUMO = 0.0380370606209602
cycle= 6 E= -770.374039450812  delta_E= -0.000212  |g|= 0.00574  |ddm|= 0.0423
  HOMO = -0.267283687718381  LUMO = 0.0394455742589983
cycle= 7 E= -770.374083062262  delta_E= -4.36e-05  |g|= 0.00271  |ddm|= 0.0224
  HOMO = -0.267466365916734  LUMO = 0.0395271929622319
cycle= 8 E= -770.374089081442  delta_E= -6.02e-06  |g|= 0.00118  |ddm|= 0.00746
  HOMO = -0.267458157219708  LUMO = 0.0394452945554153
cycle= 9 E= -770.374090635725  delta_E= -1.55e-06  |g|= 0.000529  |ddm|= 0.0038
  HOMO = -0.267392279891442  LUMO = 0.039429514040558
cycle= 10 E= -770.374091002369  delta_E= -3.67e-07  |g|= 0.000226  |ddm|= 0.00194
  HOMO = -0.267385196912585  LUMO = 0.0393978815894045
cycle= 11 E= -770.374091055055  delta_E= -5.27e-08  |g|= 6.81e-05  |ddm|= 0.000849
  HOMO = -0.26738322736096  LUMO = 0.0393905501035799
cycle= 12 E= -770.374091058547  delta_E= -3.49e-09  |g|= 3.16e-05  |ddm|= 0.000196
  HOMO = -0.267381889859438  LUMO = 0.039390654379907
cycle= 13 E= -770.374091059187  delta_E= -6.4e-10  |g|= 1.22e-05  |ddm|= 7.1e-05
  HOMO = -0.267382866869236  LUMO = 0.0393900987026242
cycle= 14 E= -770.374091059316  delta_E= -1.29e-10  |g|= 6.13e-06  |ddm|= 3.38e-05
  HOMO = -0.267383211120382  LUMO = 0.0393894901359852
Extra cycle  E= -770.374091059331  delta_E= -1.55e-11  |g|= 3.33e-06  |ddm|= 1.21e-05
converged SCF energy = -770.374091059331
AOs:  [0, 1, 2, 3, 4, 5, 6, 7, 8, 9, 10, 11, 12, 13, 14, 15, 16, 17, 18, 19, 20, 21, 22, 23, 24, 25, 26, 27, 28, 29, 30, 31, 32, 33, 34, 35, 36, 37, 38, 39, 40, 41, 42, 43, 44, 45, 46, 47, 48, 49, 50, 51, 52, 53, 54, 55, 56, 57, 58, 59, 60, 61, 62, 63, 64, 65, 66, 67, 68, 69, 70, 71, 72, 73, 74, 75, 76, 77, 78, 79, 80, 81, 82, 83, 84, 85, 86, 87, 88, 89, 90, 91, 92, 93, 94, 95, 96, 97, 98, 99, 100, 101, 102, 103, 104, 105, 106, 107, 108, 109, 110, 111, 112, 113, 114, 115, 116, 117, 118, 119, 120, 121, 122, 123, 124, 125, 126, 127, 128, 129, 130, 131, 132, 133, 134, 135, 136, 137, 138, 139, 140, 141, 142, 143, 144, 145, 146, 147, 148, 149, 150, 151, 152, 153, 154, 155, 156, 157, 158, 159, 160, 161, 162, 163, 164, 165, 166, 167, 168, 169, 170, 171, 172, 173, 174, 175, 176, 177, 178, 179, 180, 181, 182, 183, 184, 185, 186, 187, 188, 189, 190, 191, 192, 193, 194, 195, 196, 197, 198, 199, 200, 201, 202, 203, 204, 205, 206, 207, 208, 209, 210, 211, 212, 213, 214, 215, 216, 217, 218, 219, 220, 221, 222, 223, 224, 225, 226, 227, 228, 229, 230, 231, 232, 233, 234, 235, 236, 237, 238, 239, 240, 241, 242, 243, 244, 245, 246, 247, 248, 249, 250, 251, 252, 253, 254, 255, 256, 257, 258, 259, 260, 261, 262, 263, 264, 265, 266, 267, 268, 269, 270, 271, 272, 273, 274, 275, 276, 277, 278, 279, 280, 281, 282, 283, 284, 285, 286, 287, 288, 289, 290, 291, 292, 293, 294, 295, 296, 297, 298, 299, 300, 301, 302, 303, 304, 305, 306, 307, 308, 309, 310, 311, 312, 313]
314
Number of Active MOs:  70
Number of Environment MOs:  0
Number of Virtual MOs:  244
 # electrons:            α            β
         Env:   0.00000000   0.00000000
         Act:  70.00000000  70.00000000
         Vir:   0.00000000   0.00000000
Number of electrons in the active space:  140

 The density matrix is idempotent!

 The density matrix is idempotent!


******** <class 'pyscf.scf.hf.RHF'> ********
method = RHF
initial guess = minao
damping factor = 0
level_shift factor = 0
DIIS = <class 'pyscf.scf.diis.CDIIS'>
diis_start_cycle = 1
diis_space = 8
SCF conv_tol = 1e-09
SCF conv_tol_grad = 1e-05
SCF max_cycles = 200
direct_scf = True
direct_scf_tol = 1e-13
chkfile to save SCF result = subsys_scf.chk
max_memory 900000 MB (current use 10102 MB)
init E= -770.374091059329
  HOMO = -0.267383333855169  LUMO = 0.0393894264645188
cycle= 1 E= -770.374091059336  delta_E= -6.82e-12  |g|= 2.85e-06  |ddm|= 5.82e-06
  HOMO = -0.267383444196987  LUMO = 0.0393892681125179
Extra cycle  E= -770.374091059342  delta_E= -5.68e-12  |g|= 1.84e-06  |ddm|= 5.31e-06
converged SCF energy = -770.374091059342
Difference in energy:  6.70592498863698e-09
E(MP2) = -772.89631802144  E_corr = -2.52222696209875
Total energy =  -772.8963180214407
time elapsed:  24.180259704589844
