

******** <class 'pyscf.scf.hf.RHF'> ********
method = RHF
initial guess = minao
damping factor = 0
level_shift factor = 0
DIIS = <class 'pyscf.scf.diis.CDIIS'>
diis_start_cycle = 1
diis_space = 8
SCF conv_tol = 1e-09
SCF conv_tol_grad = 1e-05
SCF max_cycles = 1000
direct_scf = True
direct_scf_tol = 1e-13
chkfile to save SCF result = scf.fchk
max_memory 900000 MB (current use 79 MB)
init E= -774.909749724167
  HOMO = -0.167362566312439  LUMO = -0.0699566727300652
cycle= 1 E= -770.044003708391  delta_E= 4.87  |g|= 0.97  |ddm|= 5.89
  HOMO = -0.244075087882401  LUMO = -0.026611946533734
cycle= 2 E= -770.273086812958  delta_E= -0.229  |g|= 0.643  |ddm|= 1.65
  HOMO = -0.252876923354106  LUMO = 0.0192517210215459
cycle= 3 E= -770.352345235446  delta_E= -0.0793  |g|= 0.207  |ddm|= 0.809
  HOMO = -0.256109017130279  LUMO = 0.0335516174816016
cycle= 4 E= -770.364910329767  delta_E= -0.0126  |g|= 0.0329  |ddm|= 0.264
  HOMO = -0.263229394494402  LUMO = 0.031522353563462
cycle= 5 E= -770.365630641117  delta_E= -0.00072  |g|= 0.016  |ddm|= 0.0729
  HOMO = -0.264170274035033  LUMO = 0.0339449784024456
cycle= 6 E= -770.365875793511  delta_E= -0.000245  |g|= 0.00611  |ddm|= 0.0455
  HOMO = -0.264436230374402  LUMO = 0.0354821541655478
cycle= 7 E= -770.365927732518  delta_E= -5.19e-05  |g|= 0.00293  |ddm|= 0.0247
  HOMO = -0.264658134068479  LUMO = 0.035575792068014
cycle= 8 E= -770.365934918128  delta_E= -7.19e-06  |g|= 0.00129  |ddm|= 0.00816
  HOMO = -0.264667733668144  LUMO = 0.0354838147668292
cycle= 9 E= -770.365936906739  delta_E= -1.99e-06  |g|= 0.000596  |ddm|= 0.00438
  HOMO = -0.264599292839066  LUMO = 0.0354651449759358
cycle= 10 E= -770.365937390242  delta_E= -4.84e-07  |g|= 0.000252  |ddm|= 0.00231
  HOMO = -0.264593427272228  LUMO = 0.035430562652125
cycle= 11 E= -770.365937458881  delta_E= -6.86e-08  |g|= 7.22e-05  |ddm|= 0.00101
  HOMO = -0.264591546786038  LUMO = 0.0354225803440173
cycle= 12 E= -770.36593746291  delta_E= -4.03e-09  |g|= 3.44e-05  |ddm|= 0.000217
  HOMO = -0.264589903813661  LUMO = 0.0354227973154443
cycle= 13 E= -770.365937463596  delta_E= -6.85e-10  |g|= 1.27e-05  |ddm|= 7.33e-05
  HOMO = -0.264590749675054  LUMO = 0.0354223918691636
cycle= 14 E= -770.365937463729  delta_E= -1.33e-10  |g|= 6.47e-06  |ddm|= 3.35e-05
  HOMO = -0.264591181823047  LUMO = 0.0354217114383112
Extra cycle  E= -770.36593746375  delta_E= -2.09e-11  |g|= 3.47e-06  |ddm|= 1.28e-05
converged SCF energy = -770.36593746375
AOs:  [0, 1, 2, 3, 4, 5, 6, 7, 8, 9, 10, 11, 12, 13, 14, 15, 16, 17, 18, 19, 20, 21, 22, 23, 24, 25, 26, 27, 28, 29, 30, 31, 32, 33, 34, 35, 36, 37, 38, 39, 40, 41, 42, 43, 44, 45, 46, 47, 48, 49, 50, 51, 52, 53, 54, 55, 56, 57, 58, 59, 60, 61, 62, 63, 64, 65, 66, 67, 68, 69, 70, 71, 72, 73, 74, 75, 76, 77, 78, 79, 80, 81, 82, 83, 84, 85, 86, 87, 88, 89, 90, 91, 92, 93, 94, 95, 96, 97, 98, 99, 100, 101, 102, 103, 104, 105, 106, 107, 108, 109, 110, 111, 112, 113, 114, 115, 116, 117, 118, 119, 120, 121, 122, 123, 124, 125, 126, 127, 128, 129, 130, 131, 132, 133, 134, 135, 136, 137, 138, 139, 140, 141, 142, 143, 144, 145, 146, 147, 148, 149, 150, 151, 152, 153, 154, 155, 156, 157, 158, 159, 160, 161, 162, 163, 164, 165, 166, 167, 168, 169, 170, 171, 172, 173, 174, 175, 176, 177, 178, 179, 180, 181, 182, 183, 184, 185, 186, 187, 188, 189, 190, 191, 192, 193, 194, 195, 196, 197, 198, 199, 200, 201, 202, 203, 204, 205, 206, 207, 208, 209, 210, 211, 212, 213, 214, 215, 216, 217, 218, 219, 220, 221, 222, 223, 224, 225, 226, 227, 228, 229, 230, 231, 232, 233, 234, 235, 236, 237, 238, 239, 240, 241, 242, 243, 244, 245, 246, 247, 248, 249, 250, 251, 252, 253, 254, 255, 256, 257, 258, 259, 260, 261, 262, 263, 264, 265, 266, 267, 268, 269, 270, 271, 272, 273, 274, 275, 276, 277, 278, 279, 280, 281, 282, 283, 284, 285, 286, 287, 288, 289, 290, 291, 292, 293, 294, 295, 296, 297, 298, 299, 300, 301, 302, 303, 304, 305, 306, 307, 308, 309, 310, 311, 312, 313]
314
Number of Active MOs:  70
Number of Environment MOs:  0
Number of Virtual MOs:  244
 # electrons:            α            β
         Env:   0.00000000   0.00000000
         Act:  70.00000000  70.00000000
         Vir:   0.00000000   0.00000000
Number of electrons in the active space:  140

 The density matrix is idempotent!

 The density matrix is idempotent!


******** <class 'pyscf.scf.hf.RHF'> ********
method = RHF
initial guess = minao
damping factor = 0
level_shift factor = 0
DIIS = <class 'pyscf.scf.diis.CDIIS'>
diis_start_cycle = 1
diis_space = 8
SCF conv_tol = 1e-09
SCF conv_tol_grad = 1e-05
SCF max_cycles = 200
direct_scf = True
direct_scf_tol = 1e-13
chkfile to save SCF result = subsys_scf.chk
max_memory 900000 MB (current use 10103 MB)
init E= -770.365937463752
  HOMO = -0.264591272705438  LUMO = 0.0354216643273559
cycle= 1 E= -770.365937463757  delta_E= -4.55e-12  |g|= 2.99e-06  |ddm|= 6.02e-06
  HOMO = -0.264591398582988  LUMO = 0.0354214957215894
Extra cycle  E= -770.365937463758  delta_E= -1.36e-12  |g|= 1.91e-06  |ddm|= 5.61e-06
converged SCF energy = -770.365937463758
Difference in energy:  5.992528713250067e-09
E(MP2) = -772.889546892464  E_corr = -2.52360942870547
Total energy =  -772.8895468924649
time elapsed:  26.126178741455078
