

******** <class 'pyscf.scf.hf.RHF'> ********
method = RHF
initial guess = minao
damping factor = 0
level_shift factor = 0
DIIS = <class 'pyscf.scf.diis.CDIIS'>
diis_start_cycle = 1
diis_space = 8
SCF conv_tol = 1e-09
SCF conv_tol_grad = 1e-05
SCF max_cycles = 1000
direct_scf = True
direct_scf_tol = 1e-13
chkfile to save SCF result = scf.fchk
max_memory 900000 MB (current use 79 MB)
init E= -774.904749162894
  HOMO = -0.164449271925397  LUMO = -0.0735367192789982
cycle= 1 E= -770.028856532263  delta_E= 4.88  |g|= 0.971  |ddm|= 5.89
  HOMO = -0.234267580500411  LUMO = -0.0345079668962732
cycle= 2 E= -770.259571215056  delta_E= -0.231  |g|= 0.645  |ddm|= 1.66
  HOMO = -0.24688279238944  LUMO = 0.0133546059437758
cycle= 3 E= -770.339827304957  delta_E= -0.0803  |g|= 0.208  |ddm|= 0.811
  HOMO = -0.251530907292315  LUMO = 0.02778420440598
cycle= 4 E= -770.352691972516  delta_E= -0.0129  |g|= 0.0346  |ddm|= 0.269
  HOMO = -0.258471406680581  LUMO = 0.025761663079802
cycle= 5 E= -770.353521044782  delta_E= -0.000829  |g|= 0.0174  |ddm|= 0.0778
  HOMO = -0.259837946423586  LUMO = 0.0283841298021014
cycle= 6 E= -770.353821313073  delta_E= -0.0003  |g|= 0.00672  |ddm|= 0.0503
  HOMO = -0.260221909227762  LUMO = 0.0301161016500836
cycle= 7 E= -770.353888157211  delta_E= -6.68e-05  |g|= 0.00333  |ddm|= 0.0286
  HOMO = -0.260507009508204  LUMO = 0.030232409007529
cycle= 8 E= -770.353897556545  delta_E= -9.4e-06  |g|= 0.00149  |ddm|= 0.00939
  HOMO = -0.260548183155525  LUMO = 0.0301234780839998
cycle= 9 E= -770.353900423224  delta_E= -2.87e-06  |g|= 0.000716  |ddm|= 0.00544
  HOMO = -0.260478196099807  LUMO = 0.0301010498606129
cycle= 10 E= -770.353901149941  delta_E= -7.27e-07  |g|= 0.000298  |ddm|= 0.003
  HOMO = -0.260474193093685  LUMO = 0.0300621661347442
cycle= 11 E= -770.353901251941  delta_E= -1.02e-07  |g|= 7.93e-05  |ddm|= 0.00132
  HOMO = -0.260472342016602  LUMO = 0.0300529626314242
cycle= 12 E= -770.353901257047  delta_E= -5.11e-09  |g|= 3.88e-05  |ddm|= 0.000254
  HOMO = -0.26047000865379  LUMO = 0.0300534675711783
cycle= 13 E= -770.353901257818  delta_E= -7.71e-10  |g|= 1.38e-05  |ddm|= 7.82e-05
  HOMO = -0.260470555274878  LUMO = 0.0300533036789665
cycle= 14 E= -770.35390125796  delta_E= -1.43e-10  |g|= 6.98e-06  |ddm|= 3.4e-05
  HOMO = -0.260471096911013  LUMO = 0.0300525210085342
Extra cycle  E= -770.353901257978  delta_E= -1.75e-11  |g|= 3.69e-06  |ddm|= 1.37e-05
converged SCF energy = -770.353901257978
AOs:  [0, 1, 2, 3, 4, 5, 6, 7, 8, 9, 10, 11, 12, 13, 14, 15, 16, 17, 18, 19, 20, 21, 22, 23, 24, 25, 26, 27, 28, 29, 30, 31, 32, 33, 34, 35, 36, 37, 38, 39, 40, 41, 42, 43, 44, 45, 46, 47, 48, 49, 50, 51, 52, 53, 54, 55, 56, 57, 58, 59, 60, 61, 62, 63, 64, 65, 66, 67, 68, 69, 70, 71, 72, 73, 74, 75, 76, 77, 78, 79, 80, 81, 82, 83, 84, 85, 86, 87, 88, 89, 90, 91, 92, 93, 94, 95, 96, 97, 98, 99, 100, 101, 102, 103, 104, 105, 106, 107, 108, 109, 110, 111, 112, 113, 114, 115, 116, 117, 118, 119, 120, 121, 122, 123, 124, 125, 126, 127, 128, 129, 130, 131, 132, 133, 134, 135, 136, 137, 138, 139, 140, 141, 142, 143, 144, 145, 146, 147, 148, 149, 150, 151, 152, 153, 154, 155, 156, 157, 158, 159, 160, 161, 162, 163, 164, 165, 166, 167, 168, 169, 170, 171, 172, 173, 174, 175, 176, 177, 178, 179, 180, 181, 182, 183, 184, 185, 186, 187, 188, 189, 190, 191, 192, 193, 194, 195, 196, 197, 198, 199, 200, 201, 202, 203, 204, 205, 206, 207, 208, 209, 210, 211, 212, 213, 214, 215, 216, 217, 218, 219, 220, 221, 222, 223, 224, 225, 226, 227, 228, 229, 230, 231, 232, 233, 234, 235, 236, 237, 238, 239, 240, 241, 242, 243, 244, 245, 246, 247, 248, 249, 250, 251, 252, 253, 254, 255, 256, 257, 258, 259, 260, 261, 262, 263, 264, 265, 266, 267, 268, 269, 270, 271, 272, 273, 274, 275, 276, 277, 278, 279, 280, 281, 282, 283, 284, 285, 286, 287, 288, 289, 290, 291, 292, 293, 294, 295, 296, 297, 298, 299, 300, 301, 302, 303, 304, 305, 306, 307, 308, 309, 310, 311, 312, 313]
314
Number of Active MOs:  70
Number of Environment MOs:  0
Number of Virtual MOs:  244
 # electrons:            α            β
         Env:   0.00000000   0.00000000
         Act:  70.00000000  70.00000000
         Vir:   0.00000000   0.00000000
Number of electrons in the active space:  140

 The density matrix is idempotent!

 The density matrix is idempotent!


******** <class 'pyscf.scf.hf.RHF'> ********
method = RHF
initial guess = minao
damping factor = 0
level_shift factor = 0
DIIS = <class 'pyscf.scf.diis.CDIIS'>
diis_start_cycle = 1
diis_space = 8
SCF conv_tol = 1e-09
SCF conv_tol_grad = 1e-05
SCF max_cycles = 200
direct_scf = True
direct_scf_tol = 1e-13
chkfile to save SCF result = subsys_scf.chk
max_memory 900000 MB (current use 10109 MB)
init E= -770.353901257977
  HOMO = -0.260471106365947  LUMO = 0.03005250585628
cycle= 1 E= -770.353901257983  delta_E= -5.68e-12  |g|= 3.27e-06  |ddm|= 6.21e-06
  HOMO = -0.260471246268282  LUMO = 0.0300523276017006
Extra cycle  E= -770.353901257988  delta_E= -5.46e-12  |g|= 2.09e-06  |ddm|= 6.13e-06
converged SCF energy = -770.353901257988
Difference in energy:  5.8498494581726845e-09
E(MP2) = -772.879401047527  E_corr = -2.52549978953817
Total energy =  -772.8794010475252
time elapsed:  22.27656102180481
