

******** <class 'pyscf.scf.hf.RHF'> ********
method = RHF
initial guess = minao
damping factor = 0
level_shift factor = 0
DIIS = <class 'pyscf.scf.diis.CDIIS'>
diis_start_cycle = 1
diis_space = 8
SCF conv_tol = 1e-09
SCF conv_tol_grad = 1e-05
SCF max_cycles = 1000
direct_scf = True
direct_scf_tol = 1e-13
chkfile to save SCF result = scf.fchk
max_memory 900000 MB (current use 79 MB)
init E= -774.900787674813
  HOMO = -0.160305190011131  LUMO = -0.0779860076419789
cycle= 1 E= -770.008047787876  delta_E= 4.89  |g|= 0.973  |ddm|= 5.89
  HOMO = -0.220248905586636  LUMO = -0.0449542918142326
cycle= 2 E= -770.240786915356  delta_E= -0.233  |g|= 0.649  |ddm|= 1.69
  HOMO = -0.238827065221524  LUMO = 0.00592511407798566
cycle= 3 E= -770.323269790212  delta_E= -0.0825  |g|= 0.208  |ddm|= 0.82
  HOMO = -0.245342985997673  LUMO = 0.020419186001102
cycle= 4 E= -770.336568091153  delta_E= -0.0133  |g|= 0.0366  |ddm|= 0.276
  HOMO = -0.251853882096388  LUMO = 0.0184567794736006
cycle= 5 E= -770.337558586707  delta_E= -0.00099  |g|= 0.0194  |ddm|= 0.0846
  HOMO = -0.253819214710446  LUMO = 0.0213780911832362
cycle= 6 E= -770.337947445092  delta_E= -0.000389  |g|= 0.00766  |ddm|= 0.0572
  HOMO = -0.25441386127889  LUMO = 0.0233942093981635
cycle= 7 E= -770.338041404371  delta_E= -9.4e-05  |g|= 0.00399  |ddm|= 0.0347
  HOMO = -0.25479835619245  LUMO = 0.0235484989351661
cycle= 8 E= -770.338055106557  delta_E= -1.37e-05  |g|= 0.00184  |ddm|= 0.0115
  HOMO = -0.254893265095226  LUMO = 0.023412137821088
cycle= 9 E= -770.338059887817  delta_E= -4.78e-06  |g|= 0.000931  |ddm|= 0.00737
  HOMO = -0.254825672487252  LUMO = 0.0233868529360903
cycle= 10 E= -770.338061169298  delta_E= -1.28e-06  |g|= 0.000381  |ddm|= 0.0043
  HOMO = -0.25482471205813  LUMO = 0.0233422298756331
cycle= 11 E= -770.338061350779  delta_E= -1.81e-07  |g|= 9.48e-05  |ddm|= 0.00191
  HOMO = -0.254822830298375  LUMO = 0.0233304845473201
cycle= 12 E= -770.338061358721  delta_E= -7.94e-09  |g|= 4.68e-05  |ddm|= 0.000334
  HOMO = -0.254818785637718  LUMO = 0.0233317405116658
cycle= 13 E= -770.338061359763  delta_E= -1.04e-09  |g|= 1.67e-05  |ddm|= 9.25e-05
  HOMO = -0.254818870603593  LUMO = 0.0233319131731687
cycle= 14 E= -770.338061359946  delta_E= -1.83e-10  |g|= 8.19e-06  |ddm|= 4.12e-05
  HOMO = -0.254819496906452  LUMO = 0.0233309999327763
Extra cycle  E= -770.338061359975  delta_E= -2.82e-11  |g|= 4.38e-06  |ddm|= 1.61e-05
converged SCF energy = -770.338061359975
AOs:  [0, 1, 2, 3, 4, 5, 6, 7, 8, 9, 10, 11, 12, 13, 14, 15, 16, 17, 18, 19, 20, 21, 22, 23, 24, 25, 26, 27, 28, 29, 30, 31, 32, 33, 34, 35, 36, 37, 38, 39, 40, 41, 42, 43, 44, 45, 46, 47, 48, 49, 50, 51, 52, 53, 54, 55, 56, 57, 58, 59, 60, 61, 62, 63, 64, 65, 66, 67, 68, 69, 70, 71, 72, 73, 74, 75, 76, 77, 78, 79, 80, 81, 82, 83, 84, 85, 86, 87, 88, 89, 90, 91, 92, 93, 94, 95, 96, 97, 98, 99, 100, 101, 102, 103, 104, 105, 106, 107, 108, 109, 110, 111, 112, 113, 114, 115, 116, 117, 118, 119, 120, 121, 122, 123, 124, 125, 126, 127, 128, 129, 130, 131, 132, 133, 134, 135, 136, 137, 138, 139, 140, 141, 142, 143, 144, 145, 146, 147, 148, 149, 150, 151, 152, 153, 154, 155, 156, 157, 158, 159, 160, 161, 162, 163, 164, 165, 166, 167, 168, 169, 170, 171, 172, 173, 174, 175, 176, 177, 178, 179, 180, 181, 182, 183, 184, 185, 186, 187, 188, 189, 190, 191, 192, 193, 194, 195, 196, 197, 198, 199, 200, 201, 202, 203, 204, 205, 206, 207, 208, 209, 210, 211, 212, 213, 214, 215, 216, 217, 218, 219, 220, 221, 222, 223, 224, 225, 226, 227, 228, 229, 230, 231, 232, 233, 234, 235, 236, 237, 238, 239, 240, 241, 242, 243, 244, 245, 246, 247, 248, 249, 250, 251, 252, 253, 254, 255, 256, 257, 258, 259, 260, 261, 262, 263, 264, 265, 266, 267, 268, 269, 270, 271, 272, 273, 274, 275, 276, 277, 278, 279, 280, 281, 282, 283, 284, 285, 286, 287, 288, 289, 290, 291, 292, 293, 294, 295, 296, 297, 298, 299, 300, 301, 302, 303, 304, 305, 306, 307, 308, 309, 310, 311, 312, 313]
314
Number of Active MOs:  70
Number of Environment MOs:  0
Number of Virtual MOs:  244
 # electrons:            α            β
         Env:   0.00000000   0.00000000
         Act:  70.00000000  70.00000000
         Vir:   0.00000000   0.00000000
Number of electrons in the active space:  140

 The density matrix is idempotent!

 The density matrix is idempotent!


******** <class 'pyscf.scf.hf.RHF'> ********
method = RHF
initial guess = minao
damping factor = 0
level_shift factor = 0
DIIS = <class 'pyscf.scf.diis.CDIIS'>
diis_start_cycle = 1
diis_space = 8
SCF conv_tol = 1e-09
SCF conv_tol_grad = 1e-05
SCF max_cycles = 200
direct_scf = True
direct_scf_tol = 1e-13
chkfile to save SCF result = subsys_scf.chk
max_memory 900000 MB (current use 10103 MB)
init E= -770.338061359973
  HOMO = -0.254819323704662  LUMO = 0.0233310449189886
cycle= 1 E= -770.338061359982  delta_E= -9.09e-12  |g|= 4.03e-06  |ddm|= 7.14e-06
  HOMO = -0.254819453866385  LUMO = 0.0233308705510155
Extra cycle  E= -770.338061359981  delta_E= 1.14e-12  |g|= 2.64e-06  |ddm|= 7.51e-06
converged SCF energy = -770.338061359981
Difference in energy:  5.564490948017919e-09
E(MP2) = -772.865977435724  E_corr = -2.52791607574353
Total energy =  -772.8659774357269
time elapsed:  25.740501642227173
