

******** <class 'pyscf.scf.hf.RHF'> ********
method = RHF
initial guess = minao
damping factor = 0
level_shift factor = 0
DIIS = <class 'pyscf.scf.diis.CDIIS'>
diis_start_cycle = 1
diis_space = 8
SCF conv_tol = 1e-09
SCF conv_tol_grad = 1e-05
SCF max_cycles = 1000
direct_scf = True
direct_scf_tol = 1e-13
chkfile to save SCF result = scf.fchk
max_memory 900000 MB (current use 79 MB)
init E= -774.895973736884
  HOMO = -0.148704739265808  LUMO = -0.0886243407682781
cycle= 1 E= -769.945849032148  delta_E= 4.95  |g|= 0.987  |ddm|=  5.9
  HOMO = -0.173382602534363  LUMO = -0.0769828130932053
cycle= 2 E= -770.177176233805  delta_E= -0.231  |g|= 0.691  |ddm|= 1.84
  HOMO = -0.216064015728284  LUMO = -0.0150435747763539
cycle= 3 E= -770.27828532316  delta_E= -0.101  |g|= 0.208  |ddm|= 0.91
  HOMO = -0.226142828635426  LUMO = -0.000975251935216914
cycle= 4 E= -770.293833758556  delta_E= -0.0155  |g|= 0.0395  |ddm|= 0.31
  HOMO = -0.231584747963971  LUMO = -0.00130024243894635
cycle= 5 E= -770.295501949615  delta_E= -0.00167  |g|= 0.0244  |ddm|= 0.108
  HOMO = -0.235324391171821  LUMO = 0.00279728624352855
cycle= 6 E= -770.296255220836  delta_E= -0.000753  |g|= 0.0113  |ddm|= 0.0812
  HOMO = -0.23683193635576  LUMO = 0.00580572586672864
cycle= 7 E= -770.296500627589  delta_E= -0.000245  |g|= 0.00658  |ddm|= 0.0603
  HOMO = -0.237657805002222  LUMO = 0.00597340002490454
cycle= 8 E= -770.29654170512  delta_E= -4.11e-05  |g|= 0.00344  |ddm|= 0.0203
  HOMO = -0.237962309107481  LUMO = 0.00572807971569769
cycle= 9 E= -770.296565834076  delta_E= -2.41e-05  |g|= 0.00225  |ddm|= 0.019
  HOMO = -0.237975826382826  LUMO = 0.00575590333404803
cycle= 10 E= -770.296573957495  delta_E= -8.12e-06  |g|= 0.000883  |ddm|= 0.0132
  HOMO = -0.238018817932384  LUMO = 0.00568449507961536
cycle= 11 E= -770.296575381118  delta_E= -1.42e-06  |g|= 0.000229  |ddm|= 0.00683
  HOMO = -0.238006753374847  LUMO = 0.0056603926754669
cycle= 12 E= -770.296575441825  delta_E= -6.07e-08  |g|= 0.000111  |ddm|= 0.000981
  HOMO = -0.237990865111758  LUMO = 0.00566714462688584
cycle= 13 E= -770.296575450827  delta_E= -9e-09  |g|= 5.11e-05  |ddm|= 0.000314
  HOMO = -0.237990922429284  LUMO = 0.0056688838370907
cycle= 14 E= -770.296575452936  delta_E= -2.11e-09  |g|= 2.53e-05  |ddm|= 0.000185
  HOMO = -0.237991060819584  LUMO = 0.00566726555023453
cycle= 15 E= -770.296575453344  delta_E= -4.08e-10  |g|= 9.45e-06  |ddm|= 6.3e-05
  HOMO = -0.237989751983106  LUMO = 0.00566780876838696
Extra cycle  E= -770.296575453422  delta_E= -7.84e-11  |g|= 5.8e-06  |ddm|= 2.04e-05
converged SCF energy = -770.296575453422
AOs:  [0, 1, 2, 3, 4, 5, 6, 7, 8, 9, 10, 11, 12, 13, 14, 15, 16, 17, 18, 19, 20, 21, 22, 23, 24, 25, 26, 27, 28, 29, 30, 31, 32, 33, 34, 35, 36, 37, 38, 39, 40, 41, 42, 43, 44, 45, 46, 47, 48, 49, 50, 51, 52, 53, 54, 55, 56, 57, 58, 59, 60, 61, 62, 63, 64, 65, 66, 67, 68, 69, 70, 71, 72, 73, 74, 75, 76, 77, 78, 79, 80, 81, 82, 83, 84, 85, 86, 87, 88, 89, 90, 91, 92, 93, 94, 95, 96, 97, 98, 99, 100, 101, 102, 103, 104, 105, 106, 107, 108, 109, 110, 111, 112, 113, 114, 115, 116, 117, 118, 119, 120, 121, 122, 123, 124, 125, 126, 127, 128, 129, 130, 131, 132, 133, 134, 135, 136, 137, 138, 139, 140, 141, 142, 143, 144, 145, 146, 147, 148, 149, 150, 151, 152, 153, 154, 155, 156, 157, 158, 159, 160, 161, 162, 163, 164, 165, 166, 167, 168, 169, 170, 171, 172, 173, 174, 175, 176, 177, 178, 179, 180, 181, 182, 183, 184, 185, 186, 187, 188, 189, 190, 191, 192, 193, 194, 195, 196, 197, 198, 199, 200, 201, 202, 203, 204, 205, 206, 207, 208, 209, 210, 211, 212, 213, 214, 215, 216, 217, 218, 219, 220, 221, 222, 223, 224, 225, 226, 227, 228, 229, 230, 231, 232, 233, 234, 235, 236, 237, 238, 239, 240, 241, 242, 243, 244, 245, 246, 247, 248, 249, 250, 251, 252, 253, 254, 255, 256, 257, 258, 259, 260, 261, 262, 263, 264, 265, 266, 267, 268, 269, 270, 271, 272, 273, 274, 275, 276, 277, 278, 279, 280, 281, 282, 283, 284, 285, 286, 287, 288, 289, 290, 291, 292, 293, 294, 295, 296, 297, 298, 299, 300, 301, 302, 303, 304, 305, 306, 307, 308, 309, 310, 311, 312, 313]
314
Number of Active MOs:  70
Number of Environment MOs:  0
Number of Virtual MOs:  244
 # electrons:            α            β
         Env:   0.00000000   0.00000000
         Act:  70.00000000  70.00000000
         Vir:  -0.00000000  -0.00000000
Number of electrons in the active space:  140

 The density matrix is idempotent!

 The density matrix is idempotent!


******** <class 'pyscf.scf.hf.RHF'> ********
method = RHF
initial guess = minao
damping factor = 0
level_shift factor = 0
DIIS = <class 'pyscf.scf.diis.CDIIS'>
diis_start_cycle = 1
diis_space = 8
SCF conv_tol = 1e-09
SCF conv_tol_grad = 1e-05
SCF max_cycles = 200
direct_scf = True
direct_scf_tol = 1e-13
chkfile to save SCF result = subsys_scf.chk
max_memory 900000 MB (current use 10103 MB)
init E= -770.296575453427
  HOMO = -0.237989830856956  LUMO = 0.00566746961450315
cycle= 1 E= -770.296575453455  delta_E= -2.82e-11  |g|= 3.98e-06  |ddm|= 1.31e-05
  HOMO = -0.237989391884561  LUMO = 0.00566763640137393
Extra cycle  E= -770.296575453465  delta_E= -9.55e-12  |g|= 2.8e-06  |ddm|= 7.98e-06
converged SCF energy = -770.296575453465
Difference in energy:  2.7965133995166978e-08
E(MP2) = -772.830779928118  E_corr = -2.5342044746536
Total energy =  -772.8307799281203
time elapsed:  21.27209734916687
