

******** <class 'pyscf.scf.hf.RHF'> ********
method = RHF
initial guess = minao
damping factor = 0
level_shift factor = 0
DIIS = <class 'pyscf.scf.diis.CDIIS'>
diis_start_cycle = 1
diis_space = 8
SCF conv_tol = 1e-09
SCF conv_tol_grad = 1e-05
SCF max_cycles = 1000
direct_scf = True
direct_scf_tol = 1e-13
chkfile to save SCF result = scf.fchk
max_memory 900000 MB (current use 79 MB)
init E= -774.894770602215
  HOMO = -0.143183955167644  LUMO = -0.0933582490220838
cycle= 1 E= -769.906043136869  delta_E= 4.99  |g|=    1  |ddm|= 5.91
  HOMO = -0.141877205476617  LUMO = -0.101339150988051
cycle= 2 E= -770.107605943893  delta_E= -0.202  |g|= 0.775  |ddm|= 2.04
  HOMO = -0.202025924111831  LUMO = -0.0316133611707633
cycle= 3 E= -770.247431898651  delta_E= -0.14  |g|= 0.224  |ddm|= 1.09
  HOMO = -0.208888521262292  LUMO = -0.0190801802238932
cycle= 4 E= -770.267625962571  delta_E= -0.0202  |g|= 0.0491  |ddm|= 0.38
  HOMO = -0.215954936105148  LUMO = -0.0142106536504815
cycle= 5 E= -770.27015829723  delta_E= -0.00253  |g|= 0.029  |ddm|= 0.12
  HOMO = -0.220976661176011  LUMO = -0.0103787522908752
cycle= 6 E= -770.271608975526  delta_E= -0.00145  |g|= 0.0175  |ddm|= 0.121
  HOMO = -0.223647976869595  LUMO = -0.00572510275480969
cycle= 7 E= -770.272081596007  delta_E= -0.000473  |g|= 0.00915  |ddm|= 0.0791
  HOMO = -0.225075772018982  LUMO = -0.00566937447477706
cycle= 8 E= -770.272219007051  delta_E= -0.000137  |g|= 0.00655  |ddm|= 0.0407
  HOMO = -0.225846001472281  LUMO = -0.00563055262158009
cycle= 9 E= -770.272296639896  delta_E= -7.76e-05  |g|= 0.0039  |ddm|= 0.0341
  HOMO = -0.226032278909828  LUMO = -0.00543084639351843
cycle= 10 E= -770.272343967994  delta_E= -4.73e-05  |g|= 0.00218  |ddm|= 0.0361
  HOMO = -0.226275774242088  LUMO = -0.00543804352825954
cycle= 11 E= -770.272355192818  delta_E= -1.12e-05  |g|= 0.000552  |ddm|= 0.0232
  HOMO = -0.226233052010874  LUMO = -0.00548853507804727
cycle= 12 E= -770.272355685519  delta_E= -4.93e-07  |g|= 0.000287  |ddm|= 0.00336
  HOMO = -0.22619094922036  LUMO = -0.00548573327492703
cycle= 13 E= -770.272355761685  delta_E= -7.62e-08  |g|= 0.000142  |ddm|= 0.000855
  HOMO = -0.226204125478317  LUMO = -0.00546744054405724
cycle= 14 E= -770.272355786959  delta_E= -2.53e-08  |g|= 5.68e-05  |ddm|= 0.00121
  HOMO = -0.226197016228512  LUMO = -0.00547448568571251
cycle= 15 E= -770.272355790326  delta_E= -3.37e-09  |g|= 2.44e-05  |ddm|= 0.000332
  HOMO = -0.226195787947021  LUMO = -0.00547181436920937
cycle= 16 E= -770.272355790903  delta_E= -5.76e-10  |g|= 1.19e-05  |ddm|= 0.000131
  HOMO = -0.226194814336537  LUMO = -0.00547187654692689
cycle= 17 E= -770.272355791051  delta_E= -1.48e-10  |g|= 6.59e-06  |ddm|= 3.27e-05
  HOMO = -0.226194719348517  LUMO = -0.0054724112908399
Extra cycle  E= -770.272355791079  delta_E= -2.84e-11  |g|= 4.56e-06  |ddm|= 1.34e-05
converged SCF energy = -770.272355791079
AOs:  [0, 1, 2, 3, 4, 5, 6, 7, 8, 9, 10, 11, 12, 13, 14, 15, 16, 17, 18, 19, 20, 21, 22, 23, 24, 25, 26, 27, 28, 29, 30, 31, 32, 33, 34, 35, 36, 37, 38, 39, 40, 41, 42, 43, 44, 45, 46, 47, 48, 49, 50, 51, 52, 53, 54, 55, 56, 57, 58, 59, 60, 61, 62, 63, 64, 65, 66, 67, 68, 69, 70, 71, 72, 73, 74, 75, 76, 77, 78, 79, 80, 81, 82, 83, 84, 85, 86, 87, 88, 89, 90, 91, 92, 93, 94, 95, 96, 97, 98, 99, 100, 101, 102, 103, 104, 105, 106, 107, 108, 109, 110, 111, 112, 113, 114, 115, 116, 117, 118, 119, 120, 121, 122, 123, 124, 125, 126, 127, 128, 129, 130, 131, 132, 133, 134, 135, 136, 137, 138, 139, 140, 141, 142, 143, 144, 145, 146, 147, 148, 149, 150, 151, 152, 153, 154, 155, 156, 157, 158, 159, 160, 161, 162, 163, 164, 165, 166, 167, 168, 169, 170, 171, 172, 173, 174, 175, 176, 177, 178, 179, 180, 181, 182, 183, 184, 185, 186, 187, 188, 189, 190, 191, 192, 193, 194, 195, 196, 197, 198, 199, 200, 201, 202, 203, 204, 205, 206, 207, 208, 209, 210, 211, 212, 213, 214, 215, 216, 217, 218, 219, 220, 221, 222, 223, 224, 225, 226, 227, 228, 229, 230, 231, 232, 233, 234, 235, 236, 237, 238, 239, 240, 241, 242, 243, 244, 245, 246, 247, 248, 249, 250, 251, 252, 253, 254, 255, 256, 257, 258, 259, 260, 261, 262, 263, 264, 265, 266, 267, 268, 269, 270, 271, 272, 273, 274, 275, 276, 277, 278, 279, 280, 281, 282, 283, 284, 285, 286, 287, 288, 289, 290, 291, 292, 293, 294, 295, 296, 297, 298, 299, 300, 301, 302, 303, 304, 305, 306, 307, 308, 309, 310, 311, 312, 313]
314
Number of Active MOs:  70
Number of Environment MOs:  0
Number of Virtual MOs:  244
 # electrons:            α            β
         Env:   0.00000000   0.00000000
         Act:  70.00000000  70.00000000
         Vir:  -0.00000000  -0.00000000
Number of electrons in the active space:  140

 The density matrix is idempotent!

 The density matrix is idempotent!


******** <class 'pyscf.scf.hf.RHF'> ********
method = RHF
initial guess = minao
damping factor = 0
level_shift factor = 0
DIIS = <class 'pyscf.scf.diis.CDIIS'>
diis_start_cycle = 1
diis_space = 8
SCF conv_tol = 1e-09
SCF conv_tol_grad = 1e-05
SCF max_cycles = 200
direct_scf = True
direct_scf_tol = 1e-13
chkfile to save SCF result = subsys_scf.chk
max_memory 900000 MB (current use 10103 MB)
init E= -770.272355791082
  HOMO = -0.226194298874992  LUMO = -0.00547227972355797
cycle= 1 E= -770.272355791088  delta_E= -6.14e-12  |g|= 3.57e-06  |ddm|= 8.49e-06
  HOMO = -0.226194306552168  LUMO = -0.00547244774599342
Extra cycle  E= -770.272355791099  delta_E= -1.16e-11  |g|= 2.73e-06  |ddm|= 6.83e-06
converged SCF energy = -770.272355791099
Difference in energy:  1.22704159366549e-08
E(MP2) = -772.809457980991  E_corr = -2.53710218989184
Total energy =  -772.8094579809904
time elapsed:  26.24091148376465
