

******** <class 'pyscf.scf.hf.RHF'> ********
method = RHF
initial guess = minao
damping factor = 0
level_shift factor = 0
DIIS = <class 'pyscf.scf.diis.CDIIS'>
diis_start_cycle = 1
diis_space = 8
SCF conv_tol = 1e-09
SCF conv_tol_grad = 1e-05
SCF max_cycles = 1000
direct_scf = True
direct_scf_tol = 1e-13
chkfile to save SCF result = scf.fchk
max_memory 900000 MB (current use 79 MB)
init E= -774.894396896218
  HOMO = -0.141407763428553  LUMO = -0.0948539965283501
cycle= 1 E= -769.890208252596  delta_E=    5  |g|= 1.01  |ddm|= 5.91
  HOMO = -0.13018735470715  LUMO = -0.115223162180875
cycle= 2 E= -770.015403720375  delta_E= -0.125  |g|= 0.904  |ddm|= 2.19
  HOMO = -0.196402172969093  LUMO = -0.0440869323625952
cycle= 3 E= -770.224531804917  delta_E= -0.209  |g|= 0.262  |ddm|= 1.31
  HOMO = -0.197010700887657  LUMO = -0.0347299839223923
cycle= 4 E= -770.252386476465  delta_E= -0.0279  |g|= 0.0691  |ddm|= 0.473
  HOMO = -0.20433189568748  LUMO = -0.0242525469211341
cycle= 5 E= -770.256107552071  delta_E= -0.00372  |g|= 0.0357  |ddm|= 0.134
  HOMO = -0.210196998991135  LUMO = -0.0197306367561774
cycle= 6 E= -770.258291964203  delta_E= -0.00218  |g|= 0.0229  |ddm|= 0.142
  HOMO = -0.21358232584832  LUMO = -0.0138360846782204
cycle= 7 E= -770.259183060903  delta_E= -0.000891  |g|= 0.0131  |ddm|= 0.102
  HOMO = -0.216103486833909  LUMO = -0.0128572944965671
cycle= 8 E= -770.259541438136  delta_E= -0.000358  |g|= 0.00914  |ddm|= 0.0699
  HOMO = -0.217432093756967  LUMO = -0.0126639972877081
cycle= 9 E= -770.259736817902  delta_E= -0.000195  |g|= 0.00675  |ddm|= 0.0522
  HOMO = -0.218326604385596  LUMO = -0.0120615624930228
cycle= 10 E= -770.259907060626  delta_E= -0.00017  |g|= 0.00443  |ddm|= 0.0675
  HOMO = -0.219127292743563  LUMO = -0.0115575940947331
cycle= 11 E= -770.259983757323  delta_E= -7.67e-05  |g|= 0.00145  |ddm|= 0.068
  HOMO = -0.219200199830485  LUMO = -0.0117814776083055
cycle= 12 E= -770.25998828016  delta_E= -4.52e-06  |g|= 0.000625  |ddm|= 0.0158
  HOMO = -0.219001084442076  LUMO = -0.0118243093271611
cycle= 13 E= -770.259988508963  delta_E= -2.29e-07  |g|= 0.000356  |ddm|= 0.00218
  HOMO = -0.219069443264828  LUMO = -0.0117521948943105
cycle= 14 E= -770.25998876387  delta_E= -2.55e-07  |g|= 0.000114  |ddm|= 0.00419
  HOMO = -0.219059297243527  LUMO = -0.0117562791840954
cycle= 15 E= -770.259988777829  delta_E= -1.4e-08  |g|= 4.94e-05  |ddm|= 0.000375
  HOMO = -0.219052922026503  LUMO = -0.011754703290433
cycle= 16 E= -770.259988780278  delta_E= -2.45e-09  |g|= 2.51e-05  |ddm|= 0.000206
  HOMO = -0.219053862938058  LUMO = -0.0117512835685369
cycle= 17 E= -770.259988781032  delta_E= -7.53e-10  |g|= 1.24e-05  |ddm|= 0.00015
  HOMO = -0.219052302851252  LUMO = -0.0117522797611315
cycle= 18 E= -770.259988781212  delta_E= -1.81e-10  |g|= 5.18e-06  |ddm|= 4.37e-05
  HOMO = -0.219052236062103  LUMO = -0.0117528881884338
Extra cycle  E= -770.259988781236  delta_E= -2.32e-11  |g|= 3.34e-06  |ddm|= 1.12e-05
converged SCF energy = -770.259988781236
AOs:  [0, 1, 2, 3, 4, 5, 6, 7, 8, 9, 10, 11, 12, 13, 14, 15, 16, 17, 18, 19, 20, 21, 22, 23, 24, 25, 26, 27, 28, 29, 30, 31, 32, 33, 34, 35, 36, 37, 38, 39, 40, 41, 42, 43, 44, 45, 46, 47, 48, 49, 50, 51, 52, 53, 54, 55, 56, 57, 58, 59, 60, 61, 62, 63, 64, 65, 66, 67, 68, 69, 70, 71, 72, 73, 74, 75, 76, 77, 78, 79, 80, 81, 82, 83, 84, 85, 86, 87, 88, 89, 90, 91, 92, 93, 94, 95, 96, 97, 98, 99, 100, 101, 102, 103, 104, 105, 106, 107, 108, 109, 110, 111, 112, 113, 114, 115, 116, 117, 118, 119, 120, 121, 122, 123, 124, 125, 126, 127, 128, 129, 130, 131, 132, 133, 134, 135, 136, 137, 138, 139, 140, 141, 142, 143, 144, 145, 146, 147, 148, 149, 150, 151, 152, 153, 154, 155, 156, 157, 158, 159, 160, 161, 162, 163, 164, 165, 166, 167, 168, 169, 170, 171, 172, 173, 174, 175, 176, 177, 178, 179, 180, 181, 182, 183, 184, 185, 186, 187, 188, 189, 190, 191, 192, 193, 194, 195, 196, 197, 198, 199, 200, 201, 202, 203, 204, 205, 206, 207, 208, 209, 210, 211, 212, 213, 214, 215, 216, 217, 218, 219, 220, 221, 222, 223, 224, 225, 226, 227, 228, 229, 230, 231, 232, 233, 234, 235, 236, 237, 238, 239, 240, 241, 242, 243, 244, 245, 246, 247, 248, 249, 250, 251, 252, 253, 254, 255, 256, 257, 258, 259, 260, 261, 262, 263, 264, 265, 266, 267, 268, 269, 270, 271, 272, 273, 274, 275, 276, 277, 278, 279, 280, 281, 282, 283, 284, 285, 286, 287, 288, 289, 290, 291, 292, 293, 294, 295, 296, 297, 298, 299, 300, 301, 302, 303, 304, 305, 306, 307, 308, 309, 310, 311, 312, 313]
314
Number of Active MOs:  70
Number of Environment MOs:  0
Number of Virtual MOs:  244
 # electrons:            α            β
         Env:   0.00000000   0.00000000
         Act:  70.00000000  70.00000000
         Vir:  -0.00000000  -0.00000000
Number of electrons in the active space:  140

 The density matrix is idempotent!

 The density matrix is idempotent!


******** <class 'pyscf.scf.hf.RHF'> ********
method = RHF
initial guess = minao
damping factor = 0
level_shift factor = 0
DIIS = <class 'pyscf.scf.diis.CDIIS'>
diis_start_cycle = 1
diis_space = 8
SCF conv_tol = 1e-09
SCF conv_tol_grad = 1e-05
SCF max_cycles = 200
direct_scf = True
direct_scf_tol = 1e-13
chkfile to save SCF result = subsys_scf.chk
max_memory 900000 MB (current use 10104 MB)
init E= -770.259988781238
  HOMO = -0.219051991108238  LUMO = -0.0117527505727196
cycle= 1 E= -770.259988781248  delta_E= -9.55e-12  |g|= 2.65e-06  |ddm|= 8.31e-06
  HOMO = -0.219052084645105  LUMO = -0.0117529812565411
Extra cycle  E= -770.259988781259  delta_E= -1.11e-11  |g|= 1.92e-06  |ddm|= 6.34e-06
converged SCF energy = -770.259988781259
Difference in energy:  1.2413095191732282e-08
E(MP2) = -772.797159481324  E_corr = -2.53717070006448
Total energy =  -772.7971594813198
time elapsed:  20.53749918937683
