

******** <class 'pyscf.scf.hf.RHF'> ********
method = RHF
initial guess = minao
damping factor = 0
level_shift factor = 0
DIIS = <class 'pyscf.scf.diis.CDIIS'>
diis_start_cycle = 1
diis_space = 8
SCF conv_tol = 1e-09
SCF conv_tol_grad = 1e-05
SCF max_cycles = 1000
direct_scf = True
direct_scf_tol = 1e-13
chkfile to save SCF result = scf.fchk
max_memory 900000 MB (current use 79 MB)
init E= -774.894338425361
  HOMO = -0.141173924930757  LUMO = -0.0950466671585597
cycle= 1 E= -769.888009080422  delta_E= 5.01  |g|= 1.01  |ddm|= 5.91
  HOMO = -0.128984110492442  LUMO = -0.117777976197088
cycle= 2 E= -769.952360485037  delta_E= -0.0644  |g|= 0.995  |ddm|= 2.24
  HOMO = -0.196719494779634  LUMO = -0.0487557826005309
cycle= 3 E= -770.215899140992  delta_E= -0.264  |g|= 0.283  |ddm|= 1.43
  HOMO = -0.194809521763137  LUMO = -0.040790801372553
cycle= 4 E= -770.248263119839  delta_E= -0.0324  |g|= 0.0796  |ddm|= 0.513
  HOMO = -0.200660668562046  LUMO = -0.0278713690347278
cycle= 5 E= -770.252765867212  delta_E= -0.0045  |g|= 0.0383  |ddm|= 0.148
  HOMO = -0.207200533987584  LUMO = -0.0224817028848287
cycle= 6 E= -770.255218418762  delta_E= -0.00245  |g|= 0.025  |ddm|= 0.146
  HOMO = -0.210214410028216  LUMO = -0.0163801379144548
cycle= 7 E= -770.256304820526  delta_E= -0.00109  |g|= 0.0152  |ddm|= 0.108
  HOMO = -0.213320865681412  LUMO = -0.0148024837469726
cycle= 8 E= -770.256828224075  delta_E= -0.000523  |g|= 0.0103  |ddm|= 0.0856
  HOMO = -0.214974489288637  LUMO = -0.0145096515525192
cycle= 9 E= -770.257115541909  delta_E= -0.000287  |g|= 0.00806  |ddm|= 0.0628
  HOMO = -0.216224992209303  LUMO = -0.0136819812460455
cycle= 10 E= -770.257378598287  delta_E= -0.000263  |g|= 0.00568  |ddm|= 0.0808
  HOMO = -0.217597737427373  LUMO = -0.0127385040820777
cycle= 11 E= -770.257536299536  delta_E= -0.000158  |g|= 0.00202  |ddm|= 0.102
  HOMO = -0.217698523677908  LUMO = -0.0130872783294705
cycle= 12 E= -770.257545541029  delta_E= -9.24e-06  |g|= 0.000831  |ddm|= 0.0252
  HOMO = -0.217377704412265  LUMO = -0.0132109833552163
cycle= 13 E= -770.25754576273  delta_E= -2.22e-07  |g|= 0.000479  |ddm|= 0.00435
  HOMO = -0.217489668268234  LUMO = -0.0130960426527261
cycle= 14 E= -770.257546309201  delta_E= -5.46e-07  |g|= 0.000153  |ddm|= 0.00628
  HOMO = -0.217476032732897  LUMO = -0.0130936611613843
cycle= 15 E= -770.257546332579  delta_E= -2.34e-08  |g|= 7.21e-05  |ddm|= 0.000583
  HOMO = -0.217463832079742  LUMO = -0.0130965939768283
cycle= 16 E= -770.257546338042  delta_E= -5.46e-09  |g|= 3.36e-05  |ddm|= 0.000487
  HOMO = -0.217467207690826  LUMO = -0.0130886684900343
cycle= 17 E= -770.257546339535  delta_E= -1.49e-09  |g|= 1.58e-05  |ddm|= 0.000242
  HOMO = -0.217465206034625  LUMO = -0.0130892786213489
cycle= 18 E= -770.257546339803  delta_E= -2.68e-10  |g|= 6.94e-06  |ddm|= 5.38e-05
  HOMO = -0.2174650973679  LUMO = -0.0130908459496364
Extra cycle  E= -770.257546339845  delta_E= -4.25e-11  |g|= 4.59e-06  |ddm|= 1.56e-05
converged SCF energy = -770.257546339845
AOs:  [0, 1, 2, 3, 4, 5, 6, 7, 8, 9, 10, 11, 12, 13, 14, 15, 16, 17, 18, 19, 20, 21, 22, 23, 24, 25, 26, 27, 28, 29, 30, 31, 32, 33, 34, 35, 36, 37, 38, 39, 40, 41, 42, 43, 44, 45, 46, 47, 48, 49, 50, 51, 52, 53, 54, 55, 56, 57, 58, 59, 60, 61, 62, 63, 64, 65, 66, 67, 68, 69, 70, 71, 72, 73, 74, 75, 76, 77, 78, 79, 80, 81, 82, 83, 84, 85, 86, 87, 88, 89, 90, 91, 92, 93, 94, 95, 96, 97, 98, 99, 100, 101, 102, 103, 104, 105, 106, 107, 108, 109, 110, 111, 112, 113, 114, 115, 116, 117, 118, 119, 120, 121, 122, 123, 124, 125, 126, 127, 128, 129, 130, 131, 132, 133, 134, 135, 136, 137, 138, 139, 140, 141, 142, 143, 144, 145, 146, 147, 148, 149, 150, 151, 152, 153, 154, 155, 156, 157, 158, 159, 160, 161, 162, 163, 164, 165, 166, 167, 168, 169, 170, 171, 172, 173, 174, 175, 176, 177, 178, 179, 180, 181, 182, 183, 184, 185, 186, 187, 188, 189, 190, 191, 192, 193, 194, 195, 196, 197, 198, 199, 200, 201, 202, 203, 204, 205, 206, 207, 208, 209, 210, 211, 212, 213, 214, 215, 216, 217, 218, 219, 220, 221, 222, 223, 224, 225, 226, 227, 228, 229, 230, 231, 232, 233, 234, 235, 236, 237, 238, 239, 240, 241, 242, 243, 244, 245, 246, 247, 248, 249, 250, 251, 252, 253, 254, 255, 256, 257, 258, 259, 260, 261, 262, 263, 264, 265, 266, 267, 268, 269, 270, 271, 272, 273, 274, 275, 276, 277, 278, 279, 280, 281, 282, 283, 284, 285, 286, 287, 288, 289, 290, 291, 292, 293, 294, 295, 296, 297, 298, 299, 300, 301, 302, 303, 304, 305, 306, 307, 308, 309, 310, 311, 312, 313]
314
Number of Active MOs:  70
Number of Environment MOs:  0
Number of Virtual MOs:  244
 # electrons:            α            β
         Env:   0.00000000   0.00000000
         Act:  70.00000000  70.00000000
         Vir:  -0.00000000  -0.00000000
Number of electrons in the active space:  140

 The density matrix is idempotent!

 The density matrix is idempotent!


******** <class 'pyscf.scf.hf.RHF'> ********
method = RHF
initial guess = minao
damping factor = 0
level_shift factor = 0
DIIS = <class 'pyscf.scf.diis.CDIIS'>
diis_start_cycle = 1
diis_space = 8
SCF conv_tol = 1e-09
SCF conv_tol_grad = 1e-05
SCF max_cycles = 200
direct_scf = True
direct_scf_tol = 1e-13
chkfile to save SCF result = subsys_scf.chk
max_memory 900000 MB (current use 10103 MB)
init E= -770.257546339843
  HOMO = -0.217464563681355  LUMO = -0.0130906014468227
cycle= 1 E= -770.257546339864  delta_E= -2.11e-11  |g|= 3.64e-06  |ddm|= 1.16e-05
  HOMO = -0.217464780641041  LUMO = -0.0130909603159544
Extra cycle  E= -770.257546339883  delta_E= -1.96e-11  |g|= 2.73e-06  |ddm|= 9.17e-06
converged SCF energy = -770.257546339883
Difference in energy:  2.4398152618232414e-08
E(MP2) = -772.794409939392  E_corr = -2.53686359950876
Total energy =  -772.7944099393931
time elapsed:  20.14676594734192
