

******** <class 'pyscf.scf.hf.RHF'> ********
method = RHF
initial guess = minao
damping factor = 0
level_shift factor = 0
DIIS = <class 'pyscf.scf.diis.CDIIS'>
diis_start_cycle = 1
diis_space = 8
SCF conv_tol = 1e-09
SCF conv_tol_grad = 1e-05
SCF max_cycles = 1000
direct_scf = True
direct_scf_tol = 1e-13
chkfile to save SCF result = scf.fchk
max_memory 900000 MB (current use 79 MB)
init E= -774.894285149729
  HOMO = -0.140985747145083  LUMO = -0.0951992495683072
cycle= 1 E= -769.886238268989  delta_E= 5.01  |g|= 1.01  |ddm|= 5.91
  HOMO = -0.12858371834844  LUMO = -0.119891304486926
cycle= 2 E= -769.809315582413  delta_E= 0.0769  |g|= 1.18  |ddm|= 2.33
  HOMO = -0.199475002920293  LUMO = -0.0557645696439368
cycle= 3 E= -770.202784831908  delta_E= -0.393  |g|= 0.317  |ddm|= 1.64
  HOMO = -0.193156774401609  LUMO = -0.0495113223133987
cycle= 4 E= -770.242587233637  delta_E= -0.0398  |g|=  0.1  |ddm|= 0.564
  HOMO = -0.195512920134308  LUMO = -0.0335378056401977
cycle= 5 E= -770.248661044636  delta_E= -0.00607  |g|= 0.0423  |ddm|= 0.179
  HOMO = -0.20315248603191  LUMO = -0.0263609489668695
cycle= 6 E= -770.251531071582  delta_E= -0.00287  |g|= 0.0277  |ddm|= 0.152
  HOMO = -0.205493347128635  LUMO = -0.0201885145130745
cycle= 7 E= -770.252868738703  delta_E= -0.00134  |g|= 0.0181  |ddm|= 0.114
  HOMO = -0.20907066771799  LUMO = -0.0176848200908562
cycle= 8 E= -770.253705922067  delta_E= -0.000837  |g|= 0.0123  |ddm|= 0.109
  HOMO = -0.211248107009067  LUMO = -0.0171661610199123
cycle= 9 E= -770.254170064561  delta_E= -0.000464  |g|= 0.0103  |ddm|= 0.0765
  HOMO = -0.21318742388186  LUMO = -0.0158034504684902
cycle= 10 E= -770.254687802246  delta_E= -0.000518  |g|= 0.00819  |ddm|= 0.111
  HOMO = -0.2162408149762  LUMO = -0.0136406970361661
cycle= 11 E= -770.255101113979  delta_E= -0.000413  |g|= 0.00323  |ddm|= 0.173
  HOMO = -0.216043708080461  LUMO = -0.0145115671540484
cycle= 12 E= -770.255126838518  delta_E= -2.57e-05  |g|= 0.00131  |ddm|= 0.0421
  HOMO = -0.215657896963106  LUMO = -0.014655341992837
cycle= 13 E= -770.255127190524  delta_E= -3.52e-07  |g|= 0.000771  |ddm|= 0.0047
  HOMO = -0.215863005523369  LUMO = -0.0144647719373164
cycle= 14 E= -770.255128825926  delta_E= -1.64e-06  |g|= 0.000257  |ddm|= 0.0115
  HOMO = -0.215818000469193  LUMO = -0.014473208222596
cycle= 15 E= -770.255128876252  delta_E= -5.03e-08  |g|= 0.000114  |ddm|= 0.00107
  HOMO = -0.215791767669096  LUMO = -0.0144859597238013
cycle= 16 E= -770.255128889954  delta_E= -1.37e-08  |g|= 4.96e-05  |ddm|= 0.000893
  HOMO = -0.215806142748917  LUMO = -0.0144636800412012
cycle= 17 E= -770.255128893509  delta_E= -3.55e-09  |g|= 2.41e-05  |ddm|= 0.000422
  HOMO = -0.215802340858142  LUMO = -0.0144648131724942
cycle= 18 E= -770.255128893963  delta_E= -4.55e-10  |g|= 1.07e-05  |ddm|= 0.000129
  HOMO = -0.21580013736591  LUMO = -0.014467381655011
cycle= 19 E= -770.255128894157  delta_E= -1.93e-10  |g|= 5.28e-06  |ddm|= 5.32e-05
  HOMO = -0.215799812490807  LUMO = -0.0144679929827136
Extra cycle  E= -770.255128894187  delta_E= -3.05e-11  |g|= 3.76e-06  |ddm|= 1.34e-05
converged SCF energy = -770.255128894187
AOs:  [0, 1, 2, 3, 4, 5, 6, 7, 8, 9, 10, 11, 12, 13, 14, 15, 16, 17, 18, 19, 20, 21, 22, 23, 24, 25, 26, 27, 28, 29, 30, 31, 32, 33, 34, 35, 36, 37, 38, 39, 40, 41, 42, 43, 44, 45, 46, 47, 48, 49, 50, 51, 52, 53, 54, 55, 56, 57, 58, 59, 60, 61, 62, 63, 64, 65, 66, 67, 68, 69, 70, 71, 72, 73, 74, 75, 76, 77, 78, 79, 80, 81, 82, 83, 84, 85, 86, 87, 88, 89, 90, 91, 92, 93, 94, 95, 96, 97, 98, 99, 100, 101, 102, 103, 104, 105, 106, 107, 108, 109, 110, 111, 112, 113, 114, 115, 116, 117, 118, 119, 120, 121, 122, 123, 124, 125, 126, 127, 128, 129, 130, 131, 132, 133, 134, 135, 136, 137, 138, 139, 140, 141, 142, 143, 144, 145, 146, 147, 148, 149, 150, 151, 152, 153, 154, 155, 156, 157, 158, 159, 160, 161, 162, 163, 164, 165, 166, 167, 168, 169, 170, 171, 172, 173, 174, 175, 176, 177, 178, 179, 180, 181, 182, 183, 184, 185, 186, 187, 188, 189, 190, 191, 192, 193, 194, 195, 196, 197, 198, 199, 200, 201, 202, 203, 204, 205, 206, 207, 208, 209, 210, 211, 212, 213, 214, 215, 216, 217, 218, 219, 220, 221, 222, 223, 224, 225, 226, 227, 228, 229, 230, 231, 232, 233, 234, 235, 236, 237, 238, 239, 240, 241, 242, 243, 244, 245, 246, 247, 248, 249, 250, 251, 252, 253, 254, 255, 256, 257, 258, 259, 260, 261, 262, 263, 264, 265, 266, 267, 268, 269, 270, 271, 272, 273, 274, 275, 276, 277, 278, 279, 280, 281, 282, 283, 284, 285, 286, 287, 288, 289, 290, 291, 292, 293, 294, 295, 296, 297, 298, 299, 300, 301, 302, 303, 304, 305, 306, 307, 308, 309, 310, 311, 312, 313]
314
Number of Active MOs:  70
Number of Environment MOs:  0
Number of Virtual MOs:  244
 # electrons:            α            β
         Env:   0.00000000   0.00000000
         Act:  70.00000000  70.00000000
         Vir:  -0.00000000  -0.00000000
Number of electrons in the active space:  140

 The density matrix is idempotent!

 The density matrix is idempotent!


******** <class 'pyscf.scf.hf.RHF'> ********
method = RHF
initial guess = minao
damping factor = 0
level_shift factor = 0
DIIS = <class 'pyscf.scf.diis.CDIIS'>
diis_start_cycle = 1
diis_space = 8
SCF conv_tol = 1e-09
SCF conv_tol_grad = 1e-05
SCF max_cycles = 200
direct_scf = True
direct_scf_tol = 1e-13
chkfile to save SCF result = subsys_scf.chk
max_memory 900000 MB (current use 10103 MB)
init E= -770.255128894185
  HOMO = -0.215799678202804  LUMO = -0.0144680082389456
cycle= 1 E= -770.2551288942  delta_E= -1.52e-11  |g|= 3.04e-06  |ddm|= 1.03e-05
  HOMO = -0.21579953757908  LUMO = -0.014468179018183
Extra cycle  E= -770.255128894214  delta_E= -1.32e-11  |g|= 2.26e-06  |ddm|= 8.35e-06
converged SCF energy = -770.255128894214
Difference in energy:  1.5694718058512082e-08
E(MP2) = -772.791495096655  E_corr = -2.53636620244135
Total energy =  -772.7914950966536
time elapsed:  22.654927492141724
