

******** <class 'pyscf.scf.hf.RHF'> ********
method = RHF
initial guess = minao
damping factor = 0
level_shift factor = 0
DIIS = <class 'pyscf.scf.diis.CDIIS'>
diis_start_cycle = 1
diis_space = 8
SCF conv_tol = 1e-09
SCF conv_tol_grad = 1e-05
SCF max_cycles = 1000
direct_scf = True
direct_scf_tol = 1e-13
chkfile to save SCF result = scf.fchk
max_memory 900000 MB (current use 79 MB)
init E= -774.894236981153
  HOMO = -0.140844908941247  LUMO = -0.0953102580090529
cycle= 1 E= -769.88493256491  delta_E= 5.01  |g|= 1.01  |ddm|= 5.91
  HOMO = -0.129350183503531  LUMO = -0.121198551580213
cycle= 2 E= -769.553469137104  delta_E= 0.331  |g|= 1.46  |ddm|= 2.46
  HOMO = -0.205061921654211  LUMO = -0.0623756961901651
cycle= 3 E= -770.187555797513  delta_E= -0.634  |g|= 0.359  |ddm|= 1.91
  HOMO = -0.193689085401433  LUMO = -0.0577446611158337
cycle= 4 E= -770.235997165626  delta_E= -0.0484  |g|= 0.127  |ddm|= 0.602
  HOMO = -0.190480524823297  LUMO = -0.0401556615938118
cycle= 5 E= -770.244177920737  delta_E= -0.00818  |g|= 0.0475  |ddm|= 0.22
  HOMO = -0.198626306334517  LUMO = -0.0310344460871753
cycle= 6 E= -770.247519528117  delta_E= -0.00334  |g|= 0.0289  |ddm|= 0.163
  HOMO = -0.200219905168809  LUMO = -0.024711659937339
cycle= 7 E= -770.248908511574  delta_E= -0.00139  |g|= 0.0187  |ddm|= 0.111
  HOMO = -0.203231906030147  LUMO = -0.0219050776659592
cycle= 8 E= -770.249879898685  delta_E= -0.000971  |g|= 0.0132  |ddm|= 0.114
  HOMO = -0.205409897173207  LUMO = -0.0213077971128617
cycle= 9 E= -770.25043479796  delta_E= -0.000555  |g|= 0.0118  |ddm|= 0.0749
  HOMO = -0.207403805757346  LUMO = -0.0199010877053469
cycle= 10 E= -770.251195376555  delta_E= -0.000761  |g|= 0.0113  |ddm|= 0.114
  HOMO = -0.212293430292883  LUMO = -0.0162285487514329
cycle= 11 E= -770.252323938327  delta_E= -0.00113  |g|= 0.00885  |ddm|= 0.231
  HOMO = -0.213365028738401  LUMO = -0.0165080432640927
cycle= 12 E= -770.252650766738  delta_E= -0.000327  |g|= 0.00403  |ddm|= 0.126
  HOMO = -0.214971416857447  LUMO = -0.0151363590360988
cycle= 13 E= -770.252741288456  delta_E= -9.05e-05  |g|= 0.00304  |ddm|= 0.0941
  HOMO = -0.213146658050491  LUMO = -0.0165720185379739
cycle= 14 E= -770.252740931891  delta_E= 3.57e-07  |g|= 0.00126  |ddm|= 0.0158
  HOMO = -0.214298779781888  LUMO = -0.0157261667028628
cycle= 15 E= -770.252746338474  delta_E= -5.41e-06  |g|= 0.000555  |ddm|= 0.025
  HOMO = -0.214094837835979  LUMO = -0.0158545135230735
cycle= 16 E= -770.252746532729  delta_E= -1.94e-07  |g|= 0.000163  |ddm|= 0.00148
  HOMO = -0.214063316277377  LUMO = -0.0158671079454962
cycle= 17 E= -770.252746563467  delta_E= -3.07e-08  |g|= 6.1e-05  |ddm|= 0.000641
  HOMO = -0.214027115628136  LUMO = -0.0159041802660106
cycle= 18 E= -770.252746567307  delta_E= -3.84e-09  |g|= 2.18e-05  |ddm|= 0.000672
  HOMO = -0.214037405183809  LUMO = -0.0158936462411474
cycle= 19 E= -770.25274656819  delta_E= -8.83e-10  |g|= 8.33e-06  |ddm|= 0.000303
  HOMO = -0.214035683630199  LUMO = -0.0158954090145666
Extra cycle  E= -770.252746568226  delta_E= -3.59e-11  |g|= 5.15e-06  |ddm|= 2.22e-05
converged SCF energy = -770.252746568226
AOs:  [0, 1, 2, 3, 4, 5, 6, 7, 8, 9, 10, 11, 12, 13, 14, 15, 16, 17, 18, 19, 20, 21, 22, 23, 24, 25, 26, 27, 28, 29, 30, 31, 32, 33, 34, 35, 36, 37, 38, 39, 40, 41, 42, 43, 44, 45, 46, 47, 48, 49, 50, 51, 52, 53, 54, 55, 56, 57, 58, 59, 60, 61, 62, 63, 64, 65, 66, 67, 68, 69, 70, 71, 72, 73, 74, 75, 76, 77, 78, 79, 80, 81, 82, 83, 84, 85, 86, 87, 88, 89, 90, 91, 92, 93, 94, 95, 96, 97, 98, 99, 100, 101, 102, 103, 104, 105, 106, 107, 108, 109, 110, 111, 112, 113, 114, 115, 116, 117, 118, 119, 120, 121, 122, 123, 124, 125, 126, 127, 128, 129, 130, 131, 132, 133, 134, 135, 136, 137, 138, 139, 140, 141, 142, 143, 144, 145, 146, 147, 148, 149, 150, 151, 152, 153, 154, 155, 156, 157, 158, 159, 160, 161, 162, 163, 164, 165, 166, 167, 168, 169, 170, 171, 172, 173, 174, 175, 176, 177, 178, 179, 180, 181, 182, 183, 184, 185, 186, 187, 188, 189, 190, 191, 192, 193, 194, 195, 196, 197, 198, 199, 200, 201, 202, 203, 204, 205, 206, 207, 208, 209, 210, 211, 212, 213, 214, 215, 216, 217, 218, 219, 220, 221, 222, 223, 224, 225, 226, 227, 228, 229, 230, 231, 232, 233, 234, 235, 236, 237, 238, 239, 240, 241, 242, 243, 244, 245, 246, 247, 248, 249, 250, 251, 252, 253, 254, 255, 256, 257, 258, 259, 260, 261, 262, 263, 264, 265, 266, 267, 268, 269, 270, 271, 272, 273, 274, 275, 276, 277, 278, 279, 280, 281, 282, 283, 284, 285, 286, 287, 288, 289, 290, 291, 292, 293, 294, 295, 296, 297, 298, 299, 300, 301, 302, 303, 304, 305, 306, 307, 308, 309, 310, 311, 312, 313]
314
Number of Active MOs:  70
Number of Environment MOs:  0
Number of Virtual MOs:  244
 # electrons:            α            β
         Env:   0.00000000   0.00000000
         Act:  70.00000000  70.00000000
         Vir:   0.00000000   0.00000000
Number of electrons in the active space:  140

 The density matrix is idempotent!

 The density matrix is idempotent!


******** <class 'pyscf.scf.hf.RHF'> ********
method = RHF
initial guess = minao
damping factor = 0
level_shift factor = 0
DIIS = <class 'pyscf.scf.diis.CDIIS'>
diis_start_cycle = 1
diis_space = 8
SCF conv_tol = 1e-09
SCF conv_tol_grad = 1e-05
SCF max_cycles = 200
direct_scf = True
direct_scf_tol = 1e-13
chkfile to save SCF result = subsys_scf.chk
max_memory 900000 MB (current use 10102 MB)
init E= -770.252746568226
  HOMO = -0.214034944772457  LUMO = -0.015896042231669
cycle= 1 E= -770.252746568238  delta_E= -1.16e-11  |g|= 3.41e-06  |ddm|= 1.1e-05
  HOMO = -0.214035104031214  LUMO = -0.0158959149750913
Extra cycle  E= -770.252746568245  delta_E= -7.73e-12  |g|= 2.59e-06  |ddm|= 8.26e-06
converged SCF energy = -770.252746568245
Difference in energy:  1.1842378171422752e-08
E(MP2) = -772.788355085914  E_corr = -2.53560851766863
Total energy =  -772.7883550859133
time elapsed:  26.013718605041504
