

******** <class 'pyscf.scf.hf.RHF'> ********
method = RHF
initial guess = minao
damping factor = 0
level_shift factor = 0
DIIS = <class 'pyscf.scf.diis.CDIIS'>
diis_start_cycle = 1
diis_space = 8
SCF conv_tol = 1e-09
SCF conv_tol_grad = 1e-05
SCF max_cycles = 1000
direct_scf = True
direct_scf_tol = 1e-13
chkfile to save SCF result = scf.fchk
max_memory 900000 MB (current use 79 MB)
init E= -774.894193838302
  HOMO = -0.140752728663792  LUMO = -0.0953785336553161
cycle= 1 E= -769.884120670491  delta_E= 5.01  |g|= 1.01  |ddm|= 5.91
  HOMO = -0.131205933799118  LUMO = -0.121712820402954
cycle= 2 E= -769.328773916714  delta_E= 0.555  |g|= 1.63  |ddm|= 2.56
  HOMO = -0.209743157177153  LUMO = -0.0645584917236765
cycle= 3 E= -770.175723853125  delta_E= -0.847  |g|= 0.395  |ddm|=  2.1
  HOMO = -0.196304052508026  LUMO = -0.0617095588601876
cycle= 4 E= -770.231137414836  delta_E= -0.0554  |g|= 0.149  |ddm|= 0.612
  HOMO = -0.188512664164816  LUMO = -0.0443639717008269
cycle= 5 E= -770.240944146442  delta_E= -0.00981  |g|= 0.0551  |ddm|= 0.245
  HOMO = -0.195909246909838  LUMO = -0.0344718473012771
cycle= 6 E= -770.244673333941  delta_E= -0.00373  |g|= 0.0292  |ddm|= 0.174
  HOMO = -0.196648025614015  LUMO = -0.0278960853090871
cycle= 7 E= -770.245869756095  delta_E= -0.0012  |g|= 0.0166  |ddm|= 0.102
  HOMO = -0.198496214738352  LUMO = -0.025380359175238
cycle= 8 E= -770.246473773464  delta_E= -0.000604  |g|= 0.0096  |ddm|= 0.0914
  HOMO = -0.200159147584748  LUMO = -0.0251285254175839
cycle= 9 E= -770.246783333012  delta_E= -0.00031  |g|= 0.00843  |ddm|= 0.0539
  HOMO = -0.20076799280806  LUMO = -0.0247513823318415
cycle= 10 E= -770.247067123461  delta_E= -0.000284  |g|= 0.00869  |ddm|= 0.0492
  HOMO = -0.20047264375259  LUMO = -0.0249265106143262
cycle= 11 E= -770.246885899488  delta_E= 0.000181  |g|= 0.0087  |ddm|= 0.0317
  HOMO = -0.199905082246213  LUMO = -0.024264742613878
cycle= 12 E= -770.245461842515  delta_E= 0.00142  |g|= 0.0138  |ddm|= 0.282
  HOMO = -0.199712008850548  LUMO = -0.0248779414812762
cycle= 13 E= -770.246010059862  delta_E= -0.000548  |g|= 0.00945  |ddm|= 0.118
  HOMO = -0.20005237891684  LUMO = -0.0239384430629468
cycle= 14 E= -770.245676464342  delta_E= 0.000334  |g|= 0.0126  |ddm|= 0.07
  HOMO = -0.200641031005933  LUMO = -0.0234839574004853
cycle= 15 E= -770.245495886001  delta_E= 0.000181  |g|= 0.0156  |ddm|= 0.0376
  HOMO = -0.200564780298906  LUMO = -0.0235925455697396
cycle= 16 E= -770.245158422675  delta_E= 0.000337  |g|= 0.0171  |ddm|= 0.0875
  HOMO = -0.20040519628757  LUMO = -0.0236543435141498
cycle= 17 E= -770.24477351171  delta_E= 0.000385  |g|= 0.0184  |ddm|= 0.141
  HOMO = -0.198260359408027  LUMO = -0.0257901480179716
cycle= 18 E= -770.244756961983  delta_E= 1.65e-05  |g|= 0.00467  |ddm|= 0.102
  HOMO = -0.20005887944909  LUMO = -0.024449883902463
cycle= 19 E= -770.244681806826  delta_E= 7.52e-05  |g|= 0.0105  |ddm|= 0.0984
  HOMO = -0.198984318293512  LUMO = -0.0260025329759926
cycle= 20 E= -770.244723813359  delta_E= -4.2e-05  |g|= 0.00142  |ddm|= 0.0434
  HOMO = -0.198406105434253  LUMO = -0.0266476275523491
cycle= 21 E= -770.24472176218  delta_E= 2.05e-06  |g|= 0.00217  |ddm|= 0.015
  HOMO = -0.19868797595753  LUMO = -0.0263956943359916
cycle= 22 E= -770.244723048267  delta_E= -1.29e-06  |g|= 0.000543  |ddm|= 0.00945
  HOMO = -0.198829075427776  LUMO = -0.0262707142124066
cycle= 23 E= -770.244723135381  delta_E= -8.71e-08  |g|= 0.00025  |ddm|= 0.0019
  HOMO = -0.198849179430178  LUMO = -0.0262727503157955
cycle= 24 E= -770.244723159131  delta_E= -2.37e-08  |g|= 0.000209  |ddm|= 0.00219
  HOMO = -0.198815928243423  LUMO = -0.0263081806430005
cycle= 25 E= -770.244723168492  delta_E= -9.36e-09  |g|= 2.47e-05  |ddm|= 0.000631
  HOMO = -0.198808096683542  LUMO = -0.0263158989445265
cycle= 26 E= -770.244723162188  delta_E= 6.3e-09  |g|= 1.13e-05  |ddm|= 0.000956
  HOMO = -0.198808414888863  LUMO = -0.0263152447830197
cycle= 27 E= -770.244723161776  delta_E= 4.12e-10  |g|= 3.32e-06  |ddm|= 0.000262
  HOMO = -0.198808668509253  LUMO = -0.0263149244243055
Extra cycle  E= -770.244723161789  delta_E= -1.25e-11  |g|= 1.95e-06  |ddm|= 9.05e-06
converged SCF energy = -770.244723161789
AOs:  [0, 1, 2, 3, 4, 5, 6, 7, 8, 9, 10, 11, 12, 13, 14, 15, 16, 17, 18, 19, 20, 21, 22, 23, 24, 25, 26, 27, 28, 29, 30, 31, 32, 33, 34, 35, 36, 37, 38, 39, 40, 41, 42, 43, 44, 45, 46, 47, 48, 49, 50, 51, 52, 53, 54, 55, 56, 57, 58, 59, 60, 61, 62, 63, 64, 65, 66, 67, 68, 69, 70, 71, 72, 73, 74, 75, 76, 77, 78, 79, 80, 81, 82, 83, 84, 85, 86, 87, 88, 89, 90, 91, 92, 93, 94, 95, 96, 97, 98, 99, 100, 101, 102, 103, 104, 105, 106, 107, 108, 109, 110, 111, 112, 113, 114, 115, 116, 117, 118, 119, 120, 121, 122, 123, 124, 125, 126, 127, 128, 129, 130, 131, 132, 133, 134, 135, 136, 137, 138, 139, 140, 141, 142, 143, 144, 145, 146, 147, 148, 149, 150, 151, 152, 153, 154, 155, 156, 157, 158, 159, 160, 161, 162, 163, 164, 165, 166, 167, 168, 169, 170, 171, 172, 173, 174, 175, 176, 177, 178, 179, 180, 181, 182, 183, 184, 185, 186, 187, 188, 189, 190, 191, 192, 193, 194, 195, 196, 197, 198, 199, 200, 201, 202, 203, 204, 205, 206, 207, 208, 209, 210, 211, 212, 213, 214, 215, 216, 217, 218, 219, 220, 221, 222, 223, 224, 225, 226, 227, 228, 229, 230, 231, 232, 233, 234, 235, 236, 237, 238, 239, 240, 241, 242, 243, 244, 245, 246, 247, 248, 249, 250, 251, 252, 253, 254, 255, 256, 257, 258, 259, 260, 261, 262, 263, 264, 265, 266, 267, 268, 269, 270, 271, 272, 273, 274, 275, 276, 277, 278, 279, 280, 281, 282, 283, 284, 285, 286, 287, 288, 289, 290, 291, 292, 293, 294, 295, 296, 297, 298, 299, 300, 301, 302, 303, 304, 305, 306, 307, 308, 309, 310, 311, 312, 313]
314
Number of Active MOs:  70
Number of Environment MOs:  0
Number of Virtual MOs:  244
 # electrons:            α            β
         Env:   0.00000000   0.00000000
         Act:  70.00000000  70.00000000
         Vir:   0.00000000   0.00000000
Number of electrons in the active space:  140

 The density matrix is idempotent!

 The density matrix is idempotent!


******** <class 'pyscf.scf.hf.RHF'> ********
method = RHF
initial guess = minao
damping factor = 0
level_shift factor = 0
DIIS = <class 'pyscf.scf.diis.CDIIS'>
diis_start_cycle = 1
diis_space = 8
SCF conv_tol = 1e-09
SCF conv_tol_grad = 1e-05
SCF max_cycles = 200
direct_scf = True
direct_scf_tol = 1e-13
chkfile to save SCF result = subsys_scf.chk
max_memory 900000 MB (current use 10103 MB)
init E= -770.24472316179
  HOMO = -0.198808812890001  LUMO = -0.0263148765190695
cycle= 1 E= -770.244723161797  delta_E= -7.05e-12  |g|= 1.62e-06  |ddm|= 6.83e-06
  HOMO = -0.198808940441506  LUMO = -0.0263147916600632
Extra cycle  E= -770.244723161801  delta_E= -4.09e-12  |g|= 1.42e-06  |ddm|= 6.69e-06
converged SCF energy = -770.244723161801
Difference in energy:  8.9887930698751e-09
E(MP2) = -772.756707396582  E_corr = -2.51198423478117
Total energy =  -772.7567073965841
time elapsed:  28.434486389160156
