

******** <class 'pyscf.scf.hf.RHF'> ********
method = RHF
initial guess = minao
damping factor = 0
level_shift factor = 0
DIIS = <class 'pyscf.scf.diis.CDIIS'>
diis_start_cycle = 1
diis_space = 8
SCF conv_tol = 1e-09
SCF conv_tol_grad = 1e-05
SCF max_cycles = 1000
direct_scf = True
direct_scf_tol = 1e-13
chkfile to save SCF result = scf.fchk
max_memory 900000 MB (current use 79 MB)
init E= -774.894154729913
  HOMO = -0.140709691834601  LUMO = -0.0954033392475309
cycle= 1 E= -769.883820677274  delta_E= 5.01  |g|= 1.01  |ddm|= 5.91
  HOMO = -0.133080300073359  LUMO = -0.121849280278414
cycle= 2 E= -769.25003754834  delta_E= 0.634  |g|= 1.68  |ddm|= 2.59
  HOMO = -0.211316690848628  LUMO = -0.0647145598573697
cycle= 3 E= -770.17109102241  delta_E= -0.921  |g|= 0.41  |ddm|= 2.16
  HOMO = -0.197676206239438  LUMO = -0.0627415598323605
cycle= 4 E= -770.229233010198  delta_E= -0.0581  |g|= 0.158  |ddm|= 0.612
  HOMO = -0.188220119693167  LUMO = -0.045712164851782
cycle= 5 E= -770.239681897302  delta_E= -0.0104  |g|= 0.0595  |ddm|= 0.253
  HOMO = -0.195101305964518  LUMO = -0.0357159759306823
cycle= 6 E= -770.243590331355  delta_E= -0.00391  |g|= 0.0296  |ddm|= 0.178
  HOMO = -0.195398817236913  LUMO = -0.0290295837335793
cycle= 7 E= -770.244660288404  delta_E= -0.00107  |g|= 0.0152  |ddm|= 0.0974
  HOMO = -0.196650262929399  LUMO = -0.0266898518285102
cycle= 8 E= -770.244971195924  delta_E= -0.000311  |g|= 0.00555  |ddm|= 0.0721
  HOMO = -0.197987079780233  LUMO = -0.0267250555166158
cycle= 9 E= -770.245012942427  delta_E= -4.17e-05  |g|= 0.00223  |ddm|= 0.0241
  HOMO = -0.198080732862956  LUMO = -0.0266758009120451
cycle= 10 E= -770.245021164673  delta_E= -8.22e-06  |g|= 0.00124  |ddm|= 0.00904
  HOMO = -0.198125831989718  LUMO = -0.0266160108302385
cycle= 11 E= -770.24502627894  delta_E= -5.11e-06  |g|= 0.000959  |ddm|= 0.00734
  HOMO = -0.198217972779418  LUMO = -0.0266465106507425
cycle= 12 E= -770.245029780656  delta_E= -3.5e-06  |g|= 0.000969  |ddm|= 0.00509
  HOMO = -0.198215548497234  LUMO = -0.0266449134540927
cycle= 13 E= -770.245028834433  delta_E= 9.46e-07  |g|= 0.000957  |ddm|= 0.00136
  HOMO = -0.198203085704188  LUMO = -0.0266603112324053
cycle= 14 E= -770.245016469476  delta_E= 1.24e-05  |g|= 0.000729  |ddm|= 0.0213
  HOMO = -0.198198307170815  LUMO = -0.0266000988395171
cycle= 15 E= -770.245006063767  delta_E= 1.04e-05  |g|= 0.000424  |ddm|= 0.0341
  HOMO = -0.198243979883624  LUMO = -0.0266225702821125
cycle= 16 E= -770.245005325805  delta_E= 7.38e-07  |g|= 0.000168  |ddm|= 0.00841
  HOMO = -0.198237851649521  LUMO = -0.0266744178109009
cycle= 17 E= -770.245005190322  delta_E= 1.35e-07  |g|= 7.72e-05  |ddm|= 0.00491
  HOMO = -0.198238908133126  LUMO = -0.0266833917623988
cycle= 18 E= -770.245005190544  delta_E= -2.22e-10  |g|= 3.1e-05  |ddm|= 0.000746
  HOMO = -0.198241216783887  LUMO = -0.0266783813471046
cycle= 19 E= -770.245005191436  delta_E= -8.92e-10  |g|= 1.22e-05  |ddm|= 0.000149
  HOMO = -0.198244133311008  LUMO = -0.0266779043115213
cycle= 20 E= -770.24500519161  delta_E= -1.73e-10  |g|= 5.54e-06  |ddm|= 5.09e-05
  HOMO = -0.198244067865598  LUMO = -0.0266769784892092
Extra cycle  E= -770.245005191638  delta_E= -2.86e-11  |g|= 3.81e-06  |ddm|= 1.16e-05
converged SCF energy = -770.245005191638
AOs:  [0, 1, 2, 3, 4, 5, 6, 7, 8, 9, 10, 11, 12, 13, 14, 15, 16, 17, 18, 19, 20, 21, 22, 23, 24, 25, 26, 27, 28, 29, 30, 31, 32, 33, 34, 35, 36, 37, 38, 39, 40, 41, 42, 43, 44, 45, 46, 47, 48, 49, 50, 51, 52, 53, 54, 55, 56, 57, 58, 59, 60, 61, 62, 63, 64, 65, 66, 67, 68, 69, 70, 71, 72, 73, 74, 75, 76, 77, 78, 79, 80, 81, 82, 83, 84, 85, 86, 87, 88, 89, 90, 91, 92, 93, 94, 95, 96, 97, 98, 99, 100, 101, 102, 103, 104, 105, 106, 107, 108, 109, 110, 111, 112, 113, 114, 115, 116, 117, 118, 119, 120, 121, 122, 123, 124, 125, 126, 127, 128, 129, 130, 131, 132, 133, 134, 135, 136, 137, 138, 139, 140, 141, 142, 143, 144, 145, 146, 147, 148, 149, 150, 151, 152, 153, 154, 155, 156, 157, 158, 159, 160, 161, 162, 163, 164, 165, 166, 167, 168, 169, 170, 171, 172, 173, 174, 175, 176, 177, 178, 179, 180, 181, 182, 183, 184, 185, 186, 187, 188, 189, 190, 191, 192, 193, 194, 195, 196, 197, 198, 199, 200, 201, 202, 203, 204, 205, 206, 207, 208, 209, 210, 211, 212, 213, 214, 215, 216, 217, 218, 219, 220, 221, 222, 223, 224, 225, 226, 227, 228, 229, 230, 231, 232, 233, 234, 235, 236, 237, 238, 239, 240, 241, 242, 243, 244, 245, 246, 247, 248, 249, 250, 251, 252, 253, 254, 255, 256, 257, 258, 259, 260, 261, 262, 263, 264, 265, 266, 267, 268, 269, 270, 271, 272, 273, 274, 275, 276, 277, 278, 279, 280, 281, 282, 283, 284, 285, 286, 287, 288, 289, 290, 291, 292, 293, 294, 295, 296, 297, 298, 299, 300, 301, 302, 303, 304, 305, 306, 307, 308, 309, 310, 311, 312, 313]
314
Number of Active MOs:  70
Number of Environment MOs:  0
Number of Virtual MOs:  244
 # electrons:            α            β
         Env:   0.00000000   0.00000000
         Act:  70.00000000  70.00000000
         Vir:  -0.00000000  -0.00000000
Number of electrons in the active space:  140

 The density matrix is idempotent!

 The density matrix is idempotent!


******** <class 'pyscf.scf.hf.RHF'> ********
method = RHF
initial guess = minao
damping factor = 0
level_shift factor = 0
DIIS = <class 'pyscf.scf.diis.CDIIS'>
diis_start_cycle = 1
diis_space = 8
SCF conv_tol = 1e-09
SCF conv_tol_grad = 1e-05
SCF max_cycles = 200
direct_scf = True
direct_scf_tol = 1e-13
chkfile to save SCF result = subsys_scf.chk
max_memory 900000 MB (current use 10103 MB)
init E= -770.245005191638
  HOMO = -0.198244529087765  LUMO = -0.0266769423956359
cycle= 1 E= -770.245005191651  delta_E= -1.21e-11  |g|= 2.3e-06  |ddm|= 8.71e-06
  HOMO = -0.198244635292432  LUMO = -0.0266766852418447
Extra cycle  E= -770.245005191658  delta_E= -7.73e-12  |g|= 1.84e-06  |ddm|= 5.09e-06
converged SCF energy = -770.245005191658
Difference in energy:  1.0843623385881074e-08
E(MP2) = -772.755394475257  E_corr = -2.51038928359843
Total energy =  -772.7553944752542
time elapsed:  28.38396668434143
