

******** <class 'pyscf.scf.hf.RHF'> ********
method = RHF
initial guess = minao
damping factor = 0
level_shift factor = 0
DIIS = <class 'pyscf.scf.diis.CDIIS'>
diis_start_cycle = 1
diis_space = 8
SCF conv_tol = 1e-09
SCF conv_tol_grad = 1e-05
SCF max_cycles = 1000
direct_scf = True
direct_scf_tol = 1e-13
chkfile to save SCF result = scf.fchk
max_memory 900000 MB (current use 79 MB)
init E= -774.894122326672
  HOMO = -0.140717598180925  LUMO = -0.0953840970393363
cycle= 1 E= -769.884043016137  delta_E= 5.01  |g|= 1.01  |ddm|= 5.91
  HOMO = -0.131720339375218  LUMO = -0.121809179627054
cycle= 2 E= -769.317173536931  delta_E= 0.567  |g|= 1.64  |ddm|= 2.56
  HOMO = -0.209891495412729  LUMO = -0.0645322472346242
cycle= 3 E= -770.174893740784  delta_E= -0.858  |g|= 0.397  |ddm|= 2.11
  HOMO = -0.196499136057695  LUMO = -0.061943216810931
cycle= 4 E= -770.230627553203  delta_E= -0.0557  |g|= 0.151  |ddm|= 0.611
  HOMO = -0.188321482608209  LUMO = -0.0446494307580608
cycle= 5 E= -770.240505164105  delta_E= -0.00988  |g|= 0.0558  |ddm|= 0.245
  HOMO = -0.195619603791112  LUMO = -0.0347805854745246
cycle= 6 E= -770.244226517914  delta_E= -0.00372  |g|= 0.0293  |ddm|= 0.173
  HOMO = -0.196262469866705  LUMO = -0.0281773072964126
cycle= 7 E= -770.245373249322  delta_E= -0.00115  |g|= 0.0161  |ddm|= 0.0997
  HOMO = -0.197938137577832  LUMO = -0.0257034185504782
cycle= 8 E= -770.245881409654  delta_E= -0.000508  |g|= 0.00849  |ddm|= 0.085
  HOMO = -0.199505903797621  LUMO = -0.0255145876075362
cycle= 9 E= -770.246113601585  delta_E= -0.000232  |g|= 0.00711  |ddm|= 0.0473
  HOMO = -0.199962328590025  LUMO = -0.0252197078828007
cycle= 10 E= -770.246314812202  delta_E= -0.000201  |g|= 0.00732  |ddm|= 0.0406
  HOMO = -0.199742088385452  LUMO = -0.0253540682653007
cycle= 11 E= -770.246183541908  delta_E= 0.000131  |g|= 0.00727  |ddm|= 0.0268
  HOMO = -0.199133329992492  LUMO = -0.0249929866671695
cycle= 12 E= -770.24522337128  delta_E= 0.00096  |g|= 0.00986  |ddm|= 0.234
  HOMO = -0.199071762399989  LUMO = -0.0253078257253781
cycle= 13 E= -770.24542639415  delta_E= -0.000203  |g|= 0.00707  |ddm|= 0.0572
  HOMO = -0.199400546363489  LUMO = -0.0244863380520239
cycle= 14 E= -770.245050637242  delta_E= 0.000376  |g|= 0.00992  |ddm|= 0.119
  HOMO = -0.200075211921893  LUMO = -0.0245062295213533
cycle= 15 E= -770.244784666636  delta_E= 0.000266  |g|= 0.0115  |ddm|= 0.14
  HOMO = -0.199009833794839  LUMO = -0.0257656676147685
cycle= 16 E= -770.244799828914  delta_E= -1.52e-05  |g|= 0.00382  |ddm|= 0.0371
  HOMO = -0.199425174486358  LUMO = -0.0257336203280381
cycle= 17 E= -770.244762368148  delta_E= 3.75e-05  |g|= 0.00482  |ddm|= 0.0771
  HOMO = -0.199022755878869  LUMO = -0.0261684265026086
cycle= 18 E= -770.244768158551  delta_E= -5.79e-06  |g|= 0.00242  |ddm|= 0.0193
  HOMO = -0.19856024394823  LUMO = -0.0266377304364785
cycle= 19 E= -770.244770198898  delta_E= -2.04e-06  |g|= 0.000449  |ddm|= 0.00652
  HOMO = -0.198460058770111  LUMO = -0.0266619747212479
cycle= 20 E= -770.244770105195  delta_E= 9.37e-08  |g|= 0.000545  |ddm|= 0.00577
  HOMO = -0.198585059223765  LUMO = -0.0264904398642759
cycle= 21 E= -770.244770172172  delta_E= -6.7e-08  |g|= 0.000362  |ddm|= 0.00232
  HOMO = -0.198544666702555  LUMO = -0.0265376839466945
cycle= 22 E= -770.244770212093  delta_E= -3.99e-08  |g|= 7.02e-05  |ddm|= 0.00125
  HOMO = -0.198532397615806  LUMO = -0.026548337533668
cycle= 23 E= -770.244770214024  delta_E= -1.93e-09  |g|= 1.06e-05  |ddm|= 0.0002
  HOMO = -0.198531125715532  LUMO = -0.026547582706574
cycle= 24 E= -770.244770213999  delta_E= 2.5e-11  |g|= 4.84e-06  |ddm|= 6.2e-05
  HOMO = -0.198531399866959  LUMO = -0.0265481547766224
Extra cycle  E= -770.244770214028  delta_E= -2.86e-11  |g|= 3.93e-06  |ddm|= 1.61e-05
converged SCF energy = -770.244770214028
AOs:  [0, 1, 2, 3, 4, 5, 6, 7, 8, 9, 10, 11, 12, 13, 14, 15, 16, 17, 18, 19, 20, 21, 22, 23, 24, 25, 26, 27, 28, 29, 30, 31, 32, 33, 34, 35, 36, 37, 38, 39, 40, 41, 42, 43, 44, 45, 46, 47, 48, 49, 50, 51, 52, 53, 54, 55, 56, 57, 58, 59, 60, 61, 62, 63, 64, 65, 66, 67, 68, 69, 70, 71, 72, 73, 74, 75, 76, 77, 78, 79, 80, 81, 82, 83, 84, 85, 86, 87, 88, 89, 90, 91, 92, 93, 94, 95, 96, 97, 98, 99, 100, 101, 102, 103, 104, 105, 106, 107, 108, 109, 110, 111, 112, 113, 114, 115, 116, 117, 118, 119, 120, 121, 122, 123, 124, 125, 126, 127, 128, 129, 130, 131, 132, 133, 134, 135, 136, 137, 138, 139, 140, 141, 142, 143, 144, 145, 146, 147, 148, 149, 150, 151, 152, 153, 154, 155, 156, 157, 158, 159, 160, 161, 162, 163, 164, 165, 166, 167, 168, 169, 170, 171, 172, 173, 174, 175, 176, 177, 178, 179, 180, 181, 182, 183, 184, 185, 186, 187, 188, 189, 190, 191, 192, 193, 194, 195, 196, 197, 198, 199, 200, 201, 202, 203, 204, 205, 206, 207, 208, 209, 210, 211, 212, 213, 214, 215, 216, 217, 218, 219, 220, 221, 222, 223, 224, 225, 226, 227, 228, 229, 230, 231, 232, 233, 234, 235, 236, 237, 238, 239, 240, 241, 242, 243, 244, 245, 246, 247, 248, 249, 250, 251, 252, 253, 254, 255, 256, 257, 258, 259, 260, 261, 262, 263, 264, 265, 266, 267, 268, 269, 270, 271, 272, 273, 274, 275, 276, 277, 278, 279, 280, 281, 282, 283, 284, 285, 286, 287, 288, 289, 290, 291, 292, 293, 294, 295, 296, 297, 298, 299, 300, 301, 302, 303, 304, 305, 306, 307, 308, 309, 310, 311, 312, 313]
314
Number of Active MOs:  70
Number of Environment MOs:  0
Number of Virtual MOs:  244
 # electrons:            α            β
         Env:   0.00000000   0.00000000
         Act:  70.00000000  70.00000000
         Vir:   0.00000000   0.00000000
Number of electrons in the active space:  140

 The density matrix is idempotent!

 The density matrix is idempotent!


******** <class 'pyscf.scf.hf.RHF'> ********
method = RHF
initial guess = minao
damping factor = 0
level_shift factor = 0
DIIS = <class 'pyscf.scf.diis.CDIIS'>
diis_start_cycle = 1
diis_space = 8
SCF conv_tol = 1e-09
SCF conv_tol_grad = 1e-05
SCF max_cycles = 200
direct_scf = True
direct_scf_tol = 1e-13
chkfile to save SCF result = subsys_scf.chk
max_memory 900000 MB (current use 10103 MB)
init E= -770.244770214031
  HOMO = -0.198531323175198  LUMO = -0.0265477897704889
cycle= 1 E= -770.244770214062  delta_E= -3.12e-11  |g|= 3.46e-06  |ddm|= 1.54e-05
  HOMO = -0.198531317187804  LUMO = -0.0265480470975206
Extra cycle  E= -770.244770214093  delta_E= -3.12e-11  |g|= 3.42e-06  |ddm|= 1.58e-05
converged SCF energy = -770.244770214093
Difference in energy:  4.052090844197664e-08
E(MP2) = -772.756036117937  E_corr = -2.51126590384357
Total energy =  -772.7560361179361
time elapsed:  21.95326018333435
