

******** <class 'pyscf.scf.hf.RHF'> ********
method = RHF
initial guess = minao
damping factor = 0
level_shift factor = 0
DIIS = <class 'pyscf.scf.diis.CDIIS'>
diis_start_cycle = 1
diis_space = 8
SCF conv_tol = 1e-09
SCF conv_tol_grad = 1e-05
SCF max_cycles = 1000
direct_scf = True
direct_scf_tol = 1e-13
chkfile to save SCF result = scf.fchk
max_memory 900000 MB (current use 79 MB)
init E= -774.894093817486
  HOMO = -0.140775198939732  LUMO = -0.095320980138219
cycle= 1 E= -769.884781573998  delta_E= 5.01  |g|= 1.01  |ddm|= 5.91
  HOMO = -0.129867894272696  LUMO = -0.121415321516363
cycle= 2 E= -769.532125997637  delta_E= 0.353  |g|= 1.48  |ddm|= 2.47
  HOMO = -0.205359158508014  LUMO = -0.062565465585771
cycle= 3 E= -770.186047670333  delta_E= -0.654  |g|= 0.362  |ddm|= 1.93
  HOMO = -0.1939406777041  LUMO = -0.0583659048688801
cycle= 4 E= -770.235003720197  delta_E= -0.049  |g|= 0.13  |ddm|=  0.6
  HOMO = -0.189907835716697  LUMO = -0.0407926639059644
cycle= 5 E= -770.243332092546  delta_E= -0.00833  |g|= 0.0482  |ddm|= 0.221
  HOMO = -0.198028664781669  LUMO = -0.0315863742184333
cycle= 6 E= -770.246682717493  delta_E= -0.00335  |g|= 0.029  |ddm|= 0.162
  HOMO = -0.199536714549051  LUMO = -0.0251938514793952
cycle= 7 E= -770.248043299924  delta_E= -0.00136  |g|= 0.0183  |ddm|= 0.108
  HOMO = -0.202382415352865  LUMO = -0.0223465333997396
cycle= 8 E= -770.248973787591  delta_E= -0.00093  |g|= 0.0128  |ddm|= 0.111
  HOMO = -0.204493407534152  LUMO = -0.0217377480198026
cycle= 9 E= -770.249507424842  delta_E= -0.000534  |g|= 0.0116  |ddm|= 0.0725
  HOMO = -0.206220866116062  LUMO = -0.020484468774593
cycle= 10 E= -770.250201741078  delta_E= -0.000694  |g|= 0.0114  |ddm|= 0.102
  HOMO = -0.210150488649916  LUMO = -0.0174545893148316
cycle= 11 E= -770.251309486596  delta_E= -0.00111  |g|= 0.0101  |ddm|= 0.196
  HOMO = -0.21286207525364  LUMO = -0.0162719787533817
cycle= 12 E= -770.251930465862  delta_E= -0.000621  |g|= 0.00561  |ddm|= 0.169
  HOMO = -0.216140093955657  LUMO = -0.0136201994992647
cycle= 13 E= -770.252158390272  delta_E= -0.000228  |g|= 0.00477  |ddm|= 0.172
  HOMO = -0.211864057419109  LUMO = -0.0170919771885054
cycle= 14 E= -770.252134790774  delta_E= 2.36e-05  |g|= 0.00314  |ddm|= 0.0614
  HOMO = -0.214897976139901  LUMO = -0.0147788719305882
cycle= 15 E= -770.252167877002  delta_E= -3.31e-05  |g|= 0.00153  |ddm|= 0.0634
  HOMO = -0.214467036000091  LUMO = -0.0151325717166226
cycle= 16 E= -770.252168978734  delta_E= -1.1e-06  |g|= 0.000449  |ddm|= 0.00299
  HOMO = -0.21436792020878  LUMO = -0.0151763363554877
cycle= 17 E= -770.252169109133  delta_E= -1.3e-07  |g|= 0.000235  |ddm|= 0.0011
  HOMO = -0.214256845787276  LUMO = -0.0152953749332661
cycle= 18 E= -770.252169194888  delta_E= -8.58e-08  |g|= 6.86e-05  |ddm|= 0.00216
  HOMO = -0.21422613484335  LUMO = -0.0153221378565261
cycle= 19 E= -770.252169200104  delta_E= -5.22e-09  |g|= 1.85e-05  |ddm|= 0.000402
  HOMO = -0.214220724152139  LUMO = -0.0153260906346984
cycle= 20 E= -770.252169200388  delta_E= -2.84e-10  |g|= 8.53e-06  |ddm|= 8.22e-05
  HOMO = -0.214220179556021  LUMO = -0.0153272059911929
Extra cycle  E= -770.252169200425  delta_E= -3.73e-11  |g|= 4.99e-06  |ddm|= 2.02e-05
converged SCF energy = -770.252169200425
AOs:  [0, 1, 2, 3, 4, 5, 6, 7, 8, 9, 10, 11, 12, 13, 14, 15, 16, 17, 18, 19, 20, 21, 22, 23, 24, 25, 26, 27, 28, 29, 30, 31, 32, 33, 34, 35, 36, 37, 38, 39, 40, 41, 42, 43, 44, 45, 46, 47, 48, 49, 50, 51, 52, 53, 54, 55, 56, 57, 58, 59, 60, 61, 62, 63, 64, 65, 66, 67, 68, 69, 70, 71, 72, 73, 74, 75, 76, 77, 78, 79, 80, 81, 82, 83, 84, 85, 86, 87, 88, 89, 90, 91, 92, 93, 94, 95, 96, 97, 98, 99, 100, 101, 102, 103, 104, 105, 106, 107, 108, 109, 110, 111, 112, 113, 114, 115, 116, 117, 118, 119, 120, 121, 122, 123, 124, 125, 126, 127, 128, 129, 130, 131, 132, 133, 134, 135, 136, 137, 138, 139, 140, 141, 142, 143, 144, 145, 146, 147, 148, 149, 150, 151, 152, 153, 154, 155, 156, 157, 158, 159, 160, 161, 162, 163, 164, 165, 166, 167, 168, 169, 170, 171, 172, 173, 174, 175, 176, 177, 178, 179, 180, 181, 182, 183, 184, 185, 186, 187, 188, 189, 190, 191, 192, 193, 194, 195, 196, 197, 198, 199, 200, 201, 202, 203, 204, 205, 206, 207, 208, 209, 210, 211, 212, 213, 214, 215, 216, 217, 218, 219, 220, 221, 222, 223, 224, 225, 226, 227, 228, 229, 230, 231, 232, 233, 234, 235, 236, 237, 238, 239, 240, 241, 242, 243, 244, 245, 246, 247, 248, 249, 250, 251, 252, 253, 254, 255, 256, 257, 258, 259, 260, 261, 262, 263, 264, 265, 266, 267, 268, 269, 270, 271, 272, 273, 274, 275, 276, 277, 278, 279, 280, 281, 282, 283, 284, 285, 286, 287, 288, 289, 290, 291, 292, 293, 294, 295, 296, 297, 298, 299, 300, 301, 302, 303, 304, 305, 306, 307, 308, 309, 310, 311, 312, 313]
314
Number of Active MOs:  70
Number of Environment MOs:  0
Number of Virtual MOs:  244
 # electrons:            α            β
         Env:   0.00000000   0.00000000
         Act:  70.00000000  70.00000000
         Vir:   0.00000000   0.00000000
Number of electrons in the active space:  140

 The density matrix is idempotent!

 The density matrix is idempotent!


******** <class 'pyscf.scf.hf.RHF'> ********
method = RHF
initial guess = minao
damping factor = 0
level_shift factor = 0
DIIS = <class 'pyscf.scf.diis.CDIIS'>
diis_start_cycle = 1
diis_space = 8
SCF conv_tol = 1e-09
SCF conv_tol_grad = 1e-05
SCF max_cycles = 200
direct_scf = True
direct_scf_tol = 1e-13
chkfile to save SCF result = subsys_scf.chk
max_memory 900000 MB (current use 10104 MB)
init E= -770.252169200428
  HOMO = -0.214219423174015  LUMO = -0.0153278248141244
cycle= 1 E= -770.252169200442  delta_E= -1.41e-11  |g|= 4.19e-06  |ddm|= 1.23e-05
  HOMO = -0.214219605636952  LUMO = -0.0153277384962313
Extra cycle  E= -770.252169200452  delta_E= -9.78e-12  |g|= 2.61e-06  |ddm|= 9.52e-06
converged SCF energy = -770.252169200452
Difference in energy:  1.6693472844053758e-08
E(MP2) = -772.787908316994  E_corr = -2.53573911654222
Total energy =  -772.7879083169938
time elapsed:  19.042821168899536
