

******** <class 'pyscf.scf.hf.RHF'> ********
method = RHF
initial guess = minao
damping factor = 0
level_shift factor = 0
DIIS = <class 'pyscf.scf.diis.CDIIS'>
diis_start_cycle = 1
diis_space = 8
SCF conv_tol = 1e-09
SCF conv_tol_grad = 1e-05
SCF max_cycles = 1000
direct_scf = True
direct_scf_tol = 1e-13
chkfile to save SCF result = scf.fchk
max_memory 900000 MB (current use 79 MB)
init E= -774.894070054006
  HOMO = -0.140882544010011  LUMO = -0.0952143362040383
cycle= 1 E= -769.886022204119  delta_E= 5.01  |g|= 1.01  |ddm|= 5.91
  HOMO = -0.129051914930274  LUMO = -0.120236145912102
cycle= 2 E= -769.794956886351  delta_E= 0.0911  |g|=  1.2  |ddm|= 2.33
  HOMO = -0.199521693887951  LUMO = -0.056114100485004
cycle= 3 E= -770.201073278664  delta_E= -0.406  |g|= 0.32  |ddm|= 1.65
  HOMO = -0.193330056579075  LUMO = -0.0503688937627699
cycle= 4 E= -770.241368865478  delta_E= -0.0403  |g|= 0.103  |ddm|= 0.563
  HOMO = -0.194665527103911  LUMO = -0.0342563534904718
cycle= 5 E= -770.247625498483  delta_E= -0.00626  |g|= 0.0428  |ddm|= 0.181
  HOMO = -0.202546344469319  LUMO = -0.0268276418186094
cycle= 6 E= -770.250548876226  delta_E= -0.00292  |g|= 0.0281  |ddm|= 0.152
  HOMO = -0.204834876738047  LUMO = -0.0205606005233378
cycle= 7 E= -770.251936734362  delta_E= -0.00139  |g|= 0.0184  |ddm|= 0.114
  HOMO = -0.208471934072019  LUMO = -0.0177816363777523
cycle= 8 E= -770.25284237162  delta_E= -0.000906  |g|= 0.0128  |ddm|= 0.113
  HOMO = -0.210763054935936  LUMO = -0.0171342912620007
cycle= 9 E= -770.253351066689  delta_E= -0.000509  |g|= 0.0108  |ddm|= 0.0796
  HOMO = -0.212886666825392  LUMO = -0.0155686105830686
cycle= 10 E= -770.253944420301  delta_E= -0.000593  |g|= 0.00888  |ddm|= 0.118
  HOMO = -0.216540676694723  LUMO = -0.0128412281534861
cycle= 11 E= -770.254463863889  delta_E= -0.000519  |g|= 0.0038  |ddm|= 0.194
  HOMO = -0.216233634922882  LUMO = -0.0138972885013041
cycle= 12 E= -770.25450034125  delta_E= -3.65e-05  |g|= 0.00156  |ddm|= 0.049
  HOMO = -0.215909805877408  LUMO = -0.0139962281724637
cycle= 13 E= -770.254501450789  delta_E= -1.11e-06  |g|= 0.00091  |ddm|= 0.00356
  HOMO = -0.216132310267959  LUMO = -0.0137944536202362
cycle= 14 E= -770.254503673976  delta_E= -2.22e-06  |g|= 0.000298  |ddm|= 0.0136
  HOMO = -0.216080980774793  LUMO = -0.0138122388042845
cycle= 15 E= -770.254503732734  delta_E= -5.88e-08  |g|= 0.000123  |ddm|= 0.0012
  HOMO = -0.216052097658888  LUMO = -0.0138280765779327
cycle= 16 E= -770.254503748136  delta_E= -1.54e-08  |g|= 5.59e-05  |ddm|= 0.000984
  HOMO = -0.216068249057721  LUMO = -0.0138036954957519
cycle= 17 E= -770.254503752024  delta_E= -3.89e-09  |g|= 2.59e-05  |ddm|= 0.000462
  HOMO = -0.216063279958981  LUMO = -0.0138058890677998
cycle= 18 E= -770.254503752567  delta_E= -5.43e-10  |g|= 1.15e-05  |ddm|= 0.000127
  HOMO = -0.216060874403571  LUMO = -0.0138082167181523
cycle= 19 E= -770.254503752777  delta_E= -2.1e-10  |g|= 5.64e-06  |ddm|= 4.89e-05
  HOMO = -0.216060539206753  LUMO = -0.0138090076057362
Extra cycle  E= -770.254503752821  delta_E= -4.41e-11  |g|= 4.13e-06  |ddm|= 1.49e-05
converged SCF energy = -770.254503752821
AOs:  [0, 1, 2, 3, 4, 5, 6, 7, 8, 9, 10, 11, 12, 13, 14, 15, 16, 17, 18, 19, 20, 21, 22, 23, 24, 25, 26, 27, 28, 29, 30, 31, 32, 33, 34, 35, 36, 37, 38, 39, 40, 41, 42, 43, 44, 45, 46, 47, 48, 49, 50, 51, 52, 53, 54, 55, 56, 57, 58, 59, 60, 61, 62, 63, 64, 65, 66, 67, 68, 69, 70, 71, 72, 73, 74, 75, 76, 77, 78, 79, 80, 81, 82, 83, 84, 85, 86, 87, 88, 89, 90, 91, 92, 93, 94, 95, 96, 97, 98, 99, 100, 101, 102, 103, 104, 105, 106, 107, 108, 109, 110, 111, 112, 113, 114, 115, 116, 117, 118, 119, 120, 121, 122, 123, 124, 125, 126, 127, 128, 129, 130, 131, 132, 133, 134, 135, 136, 137, 138, 139, 140, 141, 142, 143, 144, 145, 146, 147, 148, 149, 150, 151, 152, 153, 154, 155, 156, 157, 158, 159, 160, 161, 162, 163, 164, 165, 166, 167, 168, 169, 170, 171, 172, 173, 174, 175, 176, 177, 178, 179, 180, 181, 182, 183, 184, 185, 186, 187, 188, 189, 190, 191, 192, 193, 194, 195, 196, 197, 198, 199, 200, 201, 202, 203, 204, 205, 206, 207, 208, 209, 210, 211, 212, 213, 214, 215, 216, 217, 218, 219, 220, 221, 222, 223, 224, 225, 226, 227, 228, 229, 230, 231, 232, 233, 234, 235, 236, 237, 238, 239, 240, 241, 242, 243, 244, 245, 246, 247, 248, 249, 250, 251, 252, 253, 254, 255, 256, 257, 258, 259, 260, 261, 262, 263, 264, 265, 266, 267, 268, 269, 270, 271, 272, 273, 274, 275, 276, 277, 278, 279, 280, 281, 282, 283, 284, 285, 286, 287, 288, 289, 290, 291, 292, 293, 294, 295, 296, 297, 298, 299, 300, 301, 302, 303, 304, 305, 306, 307, 308, 309, 310, 311, 312, 313]
314
Number of Active MOs:  70
Number of Environment MOs:  0
Number of Virtual MOs:  244
 # electrons:            α            β
         Env:   0.00000000   0.00000000
         Act:  70.00000000  70.00000000
         Vir:   0.00000000   0.00000000
Number of electrons in the active space:  140

 The density matrix is idempotent!

 The density matrix is idempotent!


******** <class 'pyscf.scf.hf.RHF'> ********
method = RHF
initial guess = minao
damping factor = 0
level_shift factor = 0
DIIS = <class 'pyscf.scf.diis.CDIIS'>
diis_start_cycle = 1
diis_space = 8
SCF conv_tol = 1e-09
SCF conv_tol_grad = 1e-05
SCF max_cycles = 200
direct_scf = True
direct_scf_tol = 1e-13
chkfile to save SCF result = subsys_scf.chk
max_memory 900000 MB (current use 10104 MB)
init E= -770.254503752823
  HOMO = -0.216060099611554  LUMO = -0.0138090511313048
cycle= 1 E= -770.254503752845  delta_E= -2.25e-11  |g|= 3.1e-06  |ddm|= 1.15e-05
  HOMO = -0.216060045918898  LUMO = -0.0138092822104313
Extra cycle  E= -770.254503752857  delta_E= -1.21e-11  |g|= 2.43e-06  |ddm|= 9.18e-06
converged SCF energy = -770.254503752857
Difference in energy:  2.0973850496375235e-08
E(MP2) = -772.791033538213  E_corr = -2.5365297853562
Total energy =  -772.7910335382105
time elapsed:  26.021907091140747
