

******** <class 'pyscf.scf.hf.RHF'> ********
method = RHF
initial guess = minao
damping factor = 0
level_shift factor = 0
DIIS = <class 'pyscf.scf.diis.CDIIS'>
diis_start_cycle = 1
diis_space = 8
SCF conv_tol = 1e-09
SCF conv_tol_grad = 1e-05
SCF max_cycles = 1000
direct_scf = True
direct_scf_tol = 1e-13
chkfile to save SCF result = scf.fchk
max_memory 900000 MB (current use 79 MB)
init E= -774.894050976645
  HOMO = -0.141038820470995  LUMO = -0.0950649634753491
cycle= 1 E= -769.887739455299  delta_E= 5.01  |g|= 1.01  |ddm|= 5.91
  HOMO = -0.129444763800305  LUMO = -0.118193488028668
cycle= 2 E= -769.949521518085  delta_E= -0.0618  |g|= 0.997  |ddm|= 2.24
  HOMO = -0.19631044782807  LUMO = -0.0487413751291625
cycle= 3 E= -770.214673722255  delta_E= -0.265  |g|= 0.285  |ddm|= 1.43
  HOMO = -0.195089212826755  LUMO = -0.0412094502281054
cycle= 4 E= -770.247194048301  delta_E= -0.0325  |g|= 0.0804  |ddm|= 0.507
  HOMO = -0.200004092297416  LUMO = -0.0281923622755458
cycle= 5 E= -770.251786612364  delta_E= -0.00459  |g|= 0.0386  |ddm|= 0.148
  HOMO = -0.20694751067835  LUMO = -0.0225801215749905
cycle= 6 E= -770.254300140618  delta_E= -0.00251  |g|= 0.0255  |ddm|= 0.145
  HOMO = -0.209863064514414  LUMO = -0.016337474227984
cycle= 7 E= -770.255463498364  delta_E= -0.00116  |g|= 0.0158  |ddm|= 0.111
  HOMO = -0.213158746578807  LUMO = -0.0144543102764207
cycle= 8 E= -770.256046330196  delta_E= -0.000583  |g|= 0.0107  |ddm|= 0.0904
  HOMO = -0.214957128680755  LUMO = -0.0140581070447223
cycle= 9 E= -770.25637631728  delta_E= -0.00033  |g|= 0.00853  |ddm|= 0.0682
  HOMO = -0.216336199242024  LUMO = -0.0130911042125727
cycle= 10 E= -770.256675460263  delta_E= -0.000299  |g|= 0.00607  |ddm|= 0.0858
  HOMO = -0.217962821446477  LUMO = -0.0119133571946105
cycle= 11 E= -770.256868063378  delta_E= -0.000193  |g|= 0.0022  |ddm|= 0.115
  HOMO = -0.21803932367203  LUMO = -0.0123224390961224
cycle= 12 E= -770.256878857569  delta_E= -1.08e-05  |g|= 0.000896  |ddm|= 0.0277
  HOMO = -0.217687187439317  LUMO = -0.0124823856260589
cycle= 13 E= -770.256879052026  delta_E= -1.94e-07  |g|= 0.000504  |ddm|= 0.00516
  HOMO = -0.217819916019599  LUMO = -0.0123510604480861
cycle= 14 E= -770.256879687727  delta_E= -6.36e-07  |g|= 0.000154  |ddm|= 0.00694
  HOMO = -0.217801448573219  LUMO = -0.0123525829921855
cycle= 15 E= -770.256879710025  delta_E= -2.23e-08  |g|= 7.48e-05  |ddm|= 0.000563
  HOMO = -0.217788344471054  LUMO = -0.0123574351162767
cycle= 16 E= -770.256879715913  delta_E= -5.89e-09  |g|= 3.59e-05  |ddm|= 0.000543
  HOMO = -0.217792489406262  LUMO = -0.0123477755889085
cycle= 17 E= -770.256879717668  delta_E= -1.75e-09  |g|= 1.61e-05  |ddm|= 0.000261
  HOMO = -0.217790367211357  LUMO = -0.0123482662371235
cycle= 18 E= -770.256879717949  delta_E= -2.82e-10  |g|= 7.42e-06  |ddm|= 5.81e-05
  HOMO = -0.217790126318093  LUMO = -0.0123499495867487
Extra cycle  E= -770.256879717993  delta_E= -4.41e-11  |g|= 5.04e-06  |ddm|= 1.63e-05
converged SCF energy = -770.256879717993
AOs:  [0, 1, 2, 3, 4, 5, 6, 7, 8, 9, 10, 11, 12, 13, 14, 15, 16, 17, 18, 19, 20, 21, 22, 23, 24, 25, 26, 27, 28, 29, 30, 31, 32, 33, 34, 35, 36, 37, 38, 39, 40, 41, 42, 43, 44, 45, 46, 47, 48, 49, 50, 51, 52, 53, 54, 55, 56, 57, 58, 59, 60, 61, 62, 63, 64, 65, 66, 67, 68, 69, 70, 71, 72, 73, 74, 75, 76, 77, 78, 79, 80, 81, 82, 83, 84, 85, 86, 87, 88, 89, 90, 91, 92, 93, 94, 95, 96, 97, 98, 99, 100, 101, 102, 103, 104, 105, 106, 107, 108, 109, 110, 111, 112, 113, 114, 115, 116, 117, 118, 119, 120, 121, 122, 123, 124, 125, 126, 127, 128, 129, 130, 131, 132, 133, 134, 135, 136, 137, 138, 139, 140, 141, 142, 143, 144, 145, 146, 147, 148, 149, 150, 151, 152, 153, 154, 155, 156, 157, 158, 159, 160, 161, 162, 163, 164, 165, 166, 167, 168, 169, 170, 171, 172, 173, 174, 175, 176, 177, 178, 179, 180, 181, 182, 183, 184, 185, 186, 187, 188, 189, 190, 191, 192, 193, 194, 195, 196, 197, 198, 199, 200, 201, 202, 203, 204, 205, 206, 207, 208, 209, 210, 211, 212, 213, 214, 215, 216, 217, 218, 219, 220, 221, 222, 223, 224, 225, 226, 227, 228, 229, 230, 231, 232, 233, 234, 235, 236, 237, 238, 239, 240, 241, 242, 243, 244, 245, 246, 247, 248, 249, 250, 251, 252, 253, 254, 255, 256, 257, 258, 259, 260, 261, 262, 263, 264, 265, 266, 267, 268, 269, 270, 271, 272, 273, 274, 275, 276, 277, 278, 279, 280, 281, 282, 283, 284, 285, 286, 287, 288, 289, 290, 291, 292, 293, 294, 295, 296, 297, 298, 299, 300, 301, 302, 303, 304, 305, 306, 307, 308, 309, 310, 311, 312, 313]
314
Number of Active MOs:  70
Number of Environment MOs:  0
Number of Virtual MOs:  244
 # electrons:            α            β
         Env:   0.00000000   0.00000000
         Act:  70.00000000  70.00000000
         Vir:  -0.00000000  -0.00000000
Number of electrons in the active space:  140

 The density matrix is idempotent!

 The density matrix is idempotent!


******** <class 'pyscf.scf.hf.RHF'> ********
method = RHF
initial guess = minao
damping factor = 0
level_shift factor = 0
DIIS = <class 'pyscf.scf.diis.CDIIS'>
diis_start_cycle = 1
diis_space = 8
SCF conv_tol = 1e-09
SCF conv_tol_grad = 1e-05
SCF max_cycles = 200
direct_scf = True
direct_scf_tol = 1e-13
chkfile to save SCF result = subsys_scf.chk
max_memory 900000 MB (current use 10104 MB)
init E= -770.256879717994
  HOMO = -0.217789508291496  LUMO = -0.0123497088816752
cycle= 1 E= -770.25687971802  delta_E= -2.55e-11  |g|= 3.95e-06  |ddm|= 1.22e-05
  HOMO = -0.21778976277573  LUMO = -0.0123500611543157
Extra cycle  E= -770.256879718032  delta_E= -1.18e-11  |g|= 3.04e-06  |ddm|= 9.67e-06
converged SCF energy = -770.256879718032
Difference in energy:  2.3684756342845504e-08
E(MP2) = -772.793916293249  E_corr = -2.53703657521799
Total energy =  -772.793916293249
time elapsed:  24.021849632263184
