

******** <class 'pyscf.scf.hf.RHF'> ********
method = RHF
initial guess = minao
damping factor = 0
level_shift factor = 0
DIIS = <class 'pyscf.scf.diis.CDIIS'>
diis_start_cycle = 1
diis_space = 8
SCF conv_tol = 1e-09
SCF conv_tol_grad = 1e-05
SCF max_cycles = 1000
direct_scf = True
direct_scf_tol = 1e-13
chkfile to save SCF result = scf.fchk
max_memory 900000 MB (current use 79 MB)
init E= -774.894036530417
  HOMO = -0.141242812564948  LUMO = -0.0948740281339557
cycle= 1 E= -769.889898910871  delta_E=    5  |g|= 1.01  |ddm|= 5.91
  HOMO = -0.130695768054304  LUMO = -0.115645754246303
cycle= 2 E= -770.01747944497  delta_E= -0.128  |g|= 0.898  |ddm|= 2.18
  HOMO = -0.195790501896926  LUMO = -0.0437478185340188
cycle= 3 E= -770.223730512442  delta_E= -0.206  |g|= 0.261  |ddm|=  1.3
  HOMO = -0.197417737061254  LUMO = -0.0346711765158797
cycle= 4 E= -770.251437837755  delta_E= -0.0277  |g|= 0.0684  |ddm|= 0.464
  HOMO = -0.203921576321064  LUMO = -0.0242150905398278
cycle= 5 E= -770.255187896114  delta_E= -0.00375  |g|= 0.0358  |ddm|= 0.133
  HOMO = -0.210251079249105  LUMO = -0.019524332786511
cycle= 6 E= -770.257429955259  delta_E= -0.00224  |g|= 0.0232  |ddm|= 0.142
  HOMO = -0.213532814149817  LUMO = -0.0134220584482051
cycle= 7 E= -770.258384545451  delta_E= -0.000955  |g|= 0.0136  |ddm|= 0.105
  HOMO = -0.216239455316944  LUMO = -0.0122791360422859
cycle= 8 E= -770.258775748458  delta_E= -0.000391  |g|= 0.0094  |ddm|= 0.0729
  HOMO = -0.217644443706826  LUMO = -0.0119969659905304
cycle= 9 E= -770.259001449363  delta_E= -0.000226  |g|= 0.00708  |ddm|= 0.0574
  HOMO = -0.218638716577011  LUMO = -0.0113144428723954
cycle= 10 E= -770.259188996158  delta_E= -0.000188  |g|= 0.00461  |ddm|= 0.0703
  HOMO = -0.219502901317244  LUMO = -0.0107040745175401
cycle= 11 E= -770.259280138072  delta_E= -9.11e-05  |g|= 0.00161  |ddm|= 0.0748
  HOMO = -0.21961870593889  LUMO = -0.0109316815821982
cycle= 12 E= -770.259285554581  delta_E= -5.42e-06  |g|= 0.000661  |ddm|= 0.0187
  HOMO = -0.219373966612165  LUMO = -0.0110159448426103
cycle= 13 E= -770.259285754823  delta_E= -2e-07  |g|= 0.000366  |ddm|= 0.00329
  HOMO = -0.21945355711518  LUMO = -0.0109333486135052
cycle= 14 E= -770.259286037066  delta_E= -2.82e-07  |g|= 0.000111  |ddm|= 0.00451
  HOMO = -0.219441630205331  LUMO = -0.0109396379344292
cycle= 15 E= -770.259286050701  delta_E= -1.36e-08  |g|= 5.07e-05  |ddm|= 0.000376
  HOMO = -0.219435339267842  LUMO = -0.0109381592187327
cycle= 16 E= -770.259286053275  delta_E= -2.57e-09  |g|= 2.7e-05  |ddm|= 0.000212
  HOMO = -0.219436280140739  LUMO = -0.0109344347314607
cycle= 17 E= -770.259286054143  delta_E= -8.68e-10  |g|= 1.29e-05  |ddm|= 0.000163
  HOMO = -0.219434507696651  LUMO = -0.0109352778563064
cycle= 18 E= -770.259286054348  delta_E= -2.04e-10  |g|= 5.44e-06  |ddm|= 4.7e-05
  HOMO = -0.219434449370194  LUMO = -0.0109359797332648
Extra cycle  E= -770.259286054374  delta_E= -2.61e-11  |g|= 3.53e-06  |ddm|= 1.16e-05
converged SCF energy = -770.259286054374
AOs:  [0, 1, 2, 3, 4, 5, 6, 7, 8, 9, 10, 11, 12, 13, 14, 15, 16, 17, 18, 19, 20, 21, 22, 23, 24, 25, 26, 27, 28, 29, 30, 31, 32, 33, 34, 35, 36, 37, 38, 39, 40, 41, 42, 43, 44, 45, 46, 47, 48, 49, 50, 51, 52, 53, 54, 55, 56, 57, 58, 59, 60, 61, 62, 63, 64, 65, 66, 67, 68, 69, 70, 71, 72, 73, 74, 75, 76, 77, 78, 79, 80, 81, 82, 83, 84, 85, 86, 87, 88, 89, 90, 91, 92, 93, 94, 95, 96, 97, 98, 99, 100, 101, 102, 103, 104, 105, 106, 107, 108, 109, 110, 111, 112, 113, 114, 115, 116, 117, 118, 119, 120, 121, 122, 123, 124, 125, 126, 127, 128, 129, 130, 131, 132, 133, 134, 135, 136, 137, 138, 139, 140, 141, 142, 143, 144, 145, 146, 147, 148, 149, 150, 151, 152, 153, 154, 155, 156, 157, 158, 159, 160, 161, 162, 163, 164, 165, 166, 167, 168, 169, 170, 171, 172, 173, 174, 175, 176, 177, 178, 179, 180, 181, 182, 183, 184, 185, 186, 187, 188, 189, 190, 191, 192, 193, 194, 195, 196, 197, 198, 199, 200, 201, 202, 203, 204, 205, 206, 207, 208, 209, 210, 211, 212, 213, 214, 215, 216, 217, 218, 219, 220, 221, 222, 223, 224, 225, 226, 227, 228, 229, 230, 231, 232, 233, 234, 235, 236, 237, 238, 239, 240, 241, 242, 243, 244, 245, 246, 247, 248, 249, 250, 251, 252, 253, 254, 255, 256, 257, 258, 259, 260, 261, 262, 263, 264, 265, 266, 267, 268, 269, 270, 271, 272, 273, 274, 275, 276, 277, 278, 279, 280, 281, 282, 283, 284, 285, 286, 287, 288, 289, 290, 291, 292, 293, 294, 295, 296, 297, 298, 299, 300, 301, 302, 303, 304, 305, 306, 307, 308, 309, 310, 311, 312, 313]
314
Number of Active MOs:  70
Number of Environment MOs:  0
Number of Virtual MOs:  244
 # electrons:            α            β
         Env:   0.00000000   0.00000000
         Act:  70.00000000  70.00000000
         Vir:   0.00000000   0.00000000
Number of electrons in the active space:  140

 The density matrix is idempotent!

 The density matrix is idempotent!


******** <class 'pyscf.scf.hf.RHF'> ********
method = RHF
initial guess = minao
damping factor = 0
level_shift factor = 0
DIIS = <class 'pyscf.scf.diis.CDIIS'>
diis_start_cycle = 1
diis_space = 8
SCF conv_tol = 1e-09
SCF conv_tol_grad = 1e-05
SCF max_cycles = 200
direct_scf = True
direct_scf_tol = 1e-13
chkfile to save SCF result = subsys_scf.chk
max_memory 900000 MB (current use 10103 MB)
init E= -770.259286054374
  HOMO = -0.219434141220884  LUMO = -0.010935794200536
cycle= 1 E= -770.259286054389  delta_E= -1.5e-11  |g|= 2.78e-06  |ddm|= 8.6e-06
  HOMO = -0.219434275700107  LUMO = -0.0109360527914787
Extra cycle  E= -770.259286054393  delta_E= -3.18e-12  |g|= 2.04e-06  |ddm|= 6.59e-06
converged SCF energy = -770.259286054393
Difference in energy:  1.1128981896035839e-08
E(MP2) = -772.796625405434  E_corr = -2.53733935104135
Total energy =  -772.796625405433
time elapsed:  22.634029865264893
