

******** <class 'pyscf.dft.rks.RKS'> ********
method = RKS-RHF
initial guess = minao
damping factor = 0
level_shift factor = 0
DIIS = <class 'pyscf.scf.diis.CDIIS'>
diis_start_cycle = 1
diis_space = 8
SCF conv_tol = 1e-09
SCF conv_tol_grad = 1e-05
SCF max_cycles = 1000
direct_scf = True
direct_scf_tol = 1e-13
chkfile to save SCF result = scf.fchk
max_memory 900000 MB (current use 79 MB)
XC library pyscf.dft.libxc version 5.1.7
    S. Lehtola, C. Steigemann, M. J. Oliveira, and M. A. Marques, SoftwareX 7, 1 (2018)
XC functionals = pbe
    J. P. Perdew, K. Burke, and M. Ernzerhof, Phys. Rev. Lett. 77, 3865 (1996)
    J. P. Perdew, K. Burke, and M. Ernzerhof, Phys. Rev. Lett. 78, 1396 (1997)
    J. P. Perdew, K. Burke, and M. Ernzerhof, Phys. Rev. Lett. 77, 3865 (1996)
    J. P. Perdew, K. Burke, and M. Ernzerhof, Phys. Rev. Lett. 78, 1396 (1997)
small_rho_cutoff = 1e-07
init E= -776.059004044612
  HOMO = -0.257236308826096  LUMO = -0.184488658459525
cycle= 1 E= -774.142138992354  delta_E= 1.92  |g|= 1.16  |ddm|= 6.28
  HOMO = -0.0372769940343802  LUMO = 0.0133172269755899
cycle= 2 E= -771.160602969995  delta_E= 2.98  |g|= 2.86  |ddm|= 3.89
  HOMO = -0.121046209816962  LUMO = -0.0775949749695681
cycle= 3 E= -773.534625716743  delta_E= -2.37  |g|= 1.54  |ddm|= 3.44
  HOMO = -0.164850892610101  LUMO = -0.0886800776393376
cycle= 4 E= -774.444020237398  delta_E= -0.909  |g|= 0.34  |ddm|= 2.17
  HOMO = -0.174578167748644  LUMO = -0.113096242402594
cycle= 5 E= -774.427113845987  delta_E= 0.0169  |g|= 0.374  |ddm|= 0.918
  HOMO = -0.179791127626032  LUMO = -0.110023010222778
cycle= 6 E= -774.473742603412  delta_E= -0.0466  |g|= 0.149  |ddm|= 0.622
  HOMO = -0.178289191393672  LUMO = -0.107821046076315
cycle= 7 E= -774.479785343284  delta_E= -0.00604  |g|= 0.046  |ddm|= 0.194
  HOMO = -0.178157288175803  LUMO = -0.106639371432257
cycle= 8 E= -774.480114461372  delta_E= -0.000329  |g|= 0.0296  |ddm|= 0.0773
  HOMO = -0.17805624742454  LUMO = -0.106825373809636
cycle= 9 E= -774.480377289052  delta_E= -0.000263  |g|= 0.00903  |ddm|= 0.0386
  HOMO = -0.178252981615142  LUMO = -0.106951280070586
cycle= 10 E= -774.480388300469  delta_E= -1.1e-05  |g|= 0.00619  |ddm|= 0.015
  HOMO = -0.178292612727086  LUMO = -0.10690717685525
cycle= 11 E= -774.480396949756  delta_E= -8.65e-06  |g|= 0.00287  |ddm|= 0.00926
  HOMO = -0.178244966911508  LUMO = -0.106863290155469
cycle= 12 E= -774.480399217089  delta_E= -2.27e-06  |g|= 0.00055  |ddm|= 0.00337
  HOMO = -0.178241379107773  LUMO = -0.106869422253243
cycle= 13 E= -774.48039931573  delta_E= -9.86e-08  |g|= 0.000222  |ddm|= 0.000799
  HOMO = -0.178234944543623  LUMO = -0.106867411611428
cycle= 14 E= -774.480399330123  delta_E= -1.44e-08  |g|= 8.17e-05  |ddm|= 0.000307
  HOMO = -0.178235452824931  LUMO = -0.106870363417639
cycle= 15 E= -774.480399319793  delta_E= 1.03e-08  |g|= 0.000198  |ddm|= 0.000311
  HOMO = -0.178236905890604  LUMO = -0.106871346848965
cycle= 16 E= -774.480399331588  delta_E= -1.18e-08  |g|= 3.9e-05  |ddm|= 0.00024
  HOMO = -0.178236454940269  LUMO = -0.106870019215116
cycle= 17 E= -774.48039933185  delta_E= -2.62e-10  |g|= 1.93e-05  |ddm|= 4.81e-05
  HOMO = -0.178236430475574  LUMO = -0.106870033511173
cycle= 18 E= -774.480399331949  delta_E= -9.91e-11  |g|= 6.92e-06  |ddm|= 2.61e-05
  HOMO = -0.178236874583776  LUMO = -0.106869805029395
Extra cycle  E= -774.480399331812  delta_E= 1.38e-10  |g|= 2.13e-05  |ddm|= 3.7e-05
converged SCF energy = -774.480399331812
AOs:  [0, 1, 2, 3, 4, 5, 6, 7, 8, 9, 10, 11, 12, 13, 14, 15, 16, 17, 18, 19, 20, 21, 22, 23, 24, 25, 26, 27, 28, 29, 30, 31, 32, 33, 34, 35, 36, 37, 38, 39, 40, 41, 42, 43, 44, 45, 46, 47, 48, 49, 50, 51, 52, 53, 54, 55, 56, 57, 58, 59, 60, 61, 62, 63]
64
Number of Active MOs:  20
Number of Environment MOs:  50
Number of Virtual MOs:  244
 # electrons:            α            β
         Env:  50.00000000  50.00000000
         Act:  20.00000000  20.00000000
         Vir:   0.00000000   0.00000000
Number of electrons in the active space:  40

 The density matrix is idempotent!

 The density matrix is idempotent!


******** <class 'pyscf.scf.hf.RHF'> ********
method = RHF
initial guess = minao
damping factor = 0
level_shift factor = 0
DIIS = <class 'pyscf.scf.diis.CDIIS'>
diis_start_cycle = 1
diis_space = 8
SCF conv_tol = 1e-09
SCF conv_tol_grad = 1e-05
SCF max_cycles = 200
direct_scf = True
direct_scf_tol = 1e-13
chkfile to save SCF result = subsys_scf.chk
max_memory 900000 MB (current use 10576 MB)
init E= 940.294923061206
  HOMO = -0.261248730449294  LUMO = 0.0476799262224147
cycle= 1 E= 940.245425839813  delta_E= -0.0495  |g|= 0.084  |ddm|= 0.903
  HOMO = -0.270567544310126  LUMO = 0.0472366957101224
cycle= 2 E= 940.241762206377  delta_E= -0.00366  |g|= 0.0269  |ddm|= 0.173
  HOMO = -0.269075255455079  LUMO = 0.0499888438452311
cycle= 3 E= 940.241148344826  delta_E= -0.000614  |g|= 0.00951  |ddm|= 0.0635
  HOMO = -0.270697271724356  LUMO = 0.0502202371354483
cycle= 4 E= 940.241062113251  delta_E= -8.62e-05  |g|= 0.00284  |ddm|= 0.0241
  HOMO = -0.271385254307113  LUMO = 0.0503918161649575
cycle= 5 E= 940.241052704426  delta_E= -9.41e-06  |g|= 0.00122  |ddm|= 0.00877
  HOMO = -0.271326490346057  LUMO = 0.0504409692293746
cycle= 6 E= 940.241052021821  delta_E= -6.83e-07  |g|= 0.000225  |ddm|= 0.00228
  HOMO = -0.271378939694461  LUMO = 0.0504313864611002
cycle= 7 E= 940.241051994755  delta_E= -2.71e-08  |g|= 7.31e-05  |ddm|= 0.000426
  HOMO = -0.271379032635647  LUMO = 0.0504293215332653
cycle= 8 E= 940.241051991236  delta_E= -3.52e-09  |g|= 3.27e-05  |ddm|= 0.000147
  HOMO = -0.271378699971774  LUMO = 0.050426602350356
cycle= 9 E= 940.241051990636  delta_E= -6e-10  |g|= 1.07e-05  |ddm|= 8.07e-05
  HOMO = -0.271378228355388  LUMO = 0.050425235782372
cycle= 10 E= 940.241051990368  delta_E= -2.69e-10  |g|= 2.42e-06  |ddm|= 4.41e-05
  HOMO = -0.271378094715235  LUMO = 0.0504251385807764
Extra cycle  E= 940.241051990541  delta_E= 1.74e-10  |g|= 1.3e-06  |ddm|= 4.9e-06
converged SCF energy = 940.241051990541
Difference in energy:  -810.4175344922733
E(MP2) = 939.52942264289  E_corr = -0.711629347651536
Total energy =  -773.9005472138415
time elapsed:  30.67579197883606
