

******** <class 'pyscf.dft.rks.RKS'> ********
method = RKS-RHF
initial guess = minao
damping factor = 0
level_shift factor = 0
DIIS = <class 'pyscf.scf.diis.CDIIS'>
diis_start_cycle = 1
diis_space = 8
SCF conv_tol = 1e-09
SCF conv_tol_grad = 1e-05
SCF max_cycles = 1000
direct_scf = True
direct_scf_tol = 1e-13
chkfile to save SCF result = scf.fchk
max_memory 900000 MB (current use 79 MB)
XC library pyscf.dft.libxc version 5.1.7
    S. Lehtola, C. Steigemann, M. J. Oliveira, and M. A. Marques, SoftwareX 7, 1 (2018)
XC functionals = pbe
    J. P. Perdew, K. Burke, and M. Ernzerhof, Phys. Rev. Lett. 77, 3865 (1996)
    J. P. Perdew, K. Burke, and M. Ernzerhof, Phys. Rev. Lett. 78, 1396 (1997)
    J. P. Perdew, K. Burke, and M. Ernzerhof, Phys. Rev. Lett. 77, 3865 (1996)
    J. P. Perdew, K. Burke, and M. Ernzerhof, Phys. Rev. Lett. 78, 1396 (1997)
small_rho_cutoff = 1e-07
init E= -776.047400433579
  HOMO = -0.234859336727099  LUMO = -0.206495768855026
cycle= 1 E= -774.011988296887  delta_E= 2.04  |g|= 1.19  |ddm|= 6.28
  HOMO = -0.00309134445357554  LUMO = 0.00126083246918707
cycle= 2 E= -764.199571478111  delta_E= 9.81  |g|= 4.02  |ddm|= 5.79
  HOMO = -0.0998187386548826  LUMO = -0.0659286016612158
cycle= 3 E= -773.741178553001  delta_E= -9.54  |g|= 1.33  |ddm|= 5.42
  HOMO = -0.108059083471509  LUMO = -0.0787419836123329
cycle= 4 E= -772.709312533143  delta_E= 1.03  |g|= 1.86  |ddm|= 3.37
  HOMO = -0.137488067933882  LUMO = -0.0974472249760258
cycle= 5 E= -774.103864543941  delta_E= -1.39  |g|= 0.733  |ddm|= 2.64
  HOMO = -0.160779316856216  LUMO = -0.127100580003058
cycle= 6 E= -774.274354066197  delta_E= -0.17  |g|= 0.555  |ddm|= 2.17
  HOMO = -0.150706402678582  LUMO = -0.135260092194796
cycle= 7 E= -774.383189337549  delta_E= -0.109  |g|= 0.224  |ddm|= 1.38
  HOMO = -0.147779023143676  LUMO = -0.131622838611485
cycle= 8 E= -774.398664507607  delta_E= -0.0155  |g|= 0.151  |ddm|= 0.66
  HOMO = -0.150404455324433  LUMO = -0.135472771562862
cycle= 9 E= -774.405098001928  delta_E= -0.00643  |g|= 0.0786  |ddm|= 0.344
  HOMO = -0.150138346894665  LUMO = -0.135072350007854
cycle= 10 E= -774.406946566501  delta_E= -0.00185  |g|= 0.0313  |ddm|= 0.123
  HOMO = -0.150037917312226  LUMO = -0.134988708500339
cycle= 11 E= -774.407027876943  delta_E= -8.13e-05  |g|= 0.0216  |ddm|= 0.0496
  HOMO = -0.149957960459493  LUMO = -0.134850432187894
cycle= 12 E= -774.407188163151  delta_E= -0.00016  |g|= 0.0102  |ddm|= 0.0224
  HOMO = -0.150019556709206  LUMO = -0.134897669174663
cycle= 13 E= -774.407220215207  delta_E= -3.21e-05  |g|= 0.00602  |ddm|= 0.009
  HOMO = -0.150029956869848  LUMO = -0.134879168583087
cycle= 14 E= -774.407237809138  delta_E= -1.76e-05  |g|= 0.0013  |ddm|= 0.0124
  HOMO = -0.150009215846813  LUMO = -0.134858265865556
cycle= 15 E= -774.407238058191  delta_E= -2.49e-07  |g|= 0.000824  |ddm|= 0.00217
  HOMO = -0.150012252835596  LUMO = -0.134863442956122
cycle= 16 E= -774.407238210618  delta_E= -1.52e-07  |g|= 0.000287  |ddm|= 0.00143
  HOMO = -0.150004569987193  LUMO = -0.1348543694281
cycle= 17 E= -774.407238235387  delta_E= -2.48e-08  |g|= 0.00022  |ddm|= 0.000628
  HOMO = -0.150010933163571  LUMO = -0.134860278930739
cycle= 18 E= -774.407238249836  delta_E= -1.44e-08  |g|= 6.46e-05  |ddm|= 0.000329
  HOMO = -0.150011605549932  LUMO = -0.134861072684578
cycle= 19 E= -774.407238250423  delta_E= -5.88e-10  |g|= 3.97e-05  |ddm|= 9.18e-05
  HOMO = -0.150011837606889  LUMO = -0.134861271775441
cycle= 20 E= -774.407238250044  delta_E= 3.79e-10  |g|= 4.82e-05  |ddm|= 8.39e-05
  HOMO = -0.150011384394775  LUMO = -0.134860931441367
cycle= 21 E= -774.407238250911  delta_E= -8.67e-10  |g|= 8.1e-06  |ddm|= 6.66e-05
  HOMO = -0.150010813789218  LUMO = -0.134860840715359
Extra cycle  E= -774.407238247781  delta_E= 3.13e-09  |g|= 7.92e-05  |ddm|= 0.000175
converged SCF energy = -774.407238247781
AOs:  [0, 1, 2, 3, 4, 5, 6, 7, 8, 9, 10, 11, 12, 13, 14, 15, 16, 17, 18, 19, 20, 21, 22, 23, 24, 25, 26, 27, 28, 29, 30, 31, 32, 33, 34, 35, 36, 37, 38, 39, 40, 41, 42, 43, 44, 45, 46, 47, 48, 49, 50, 51, 52, 53, 54, 55, 56, 57, 58, 59, 60, 61, 62, 63]
64
Number of Active MOs:  2
Number of Environment MOs:  68
Number of Virtual MOs:  244
 # electrons:            α            β
         Env:  68.00000000  68.00000000
         Act:   2.00000000   2.00000000
         Vir:   0.00000000   0.00000000
Number of electrons in the active space:  4

 The density matrix is idempotent!

 The density matrix is idempotent!


******** <class 'pyscf.scf.hf.RHF'> ********
method = RHF
initial guess = minao
damping factor = 0
level_shift factor = 0
DIIS = <class 'pyscf.scf.diis.CDIIS'>
diis_start_cycle = 1
diis_space = 8
SCF conv_tol = 1e-09
SCF conv_tol_grad = 1e-05
SCF max_cycles = 200
direct_scf = True
direct_scf_tol = 1e-13
chkfile to save SCF result = subsys_scf.chk
max_memory 900000 MB (current use 10677 MB)
init E= 1255.97847906698
  HOMO = -1.32144048504017  LUMO = -0.0411616464824097
cycle= 1 E= 1255.97714865426  delta_E= -0.00133  |g|= 0.0111  |ddm|= 0.0606
  HOMO = -1.32241715207954  LUMO = -0.0414319692438419
cycle= 2 E= 1255.97711764931  delta_E= -3.1e-05  |g|= 0.00172  |ddm|= 0.00861
  HOMO = -1.32259716273894  LUMO = -0.0414803458041842
cycle= 3 E= 1255.97711685521  delta_E= -7.94e-07  |g|= 3.89e-05  |ddm|= 0.00156
  HOMO = -1.3225955562408  LUMO = -0.0414795653945827
cycle= 4 E= 1255.97711685442  delta_E= -7.95e-10  |g|= 1.56e-06  |ddm|= 3.35e-05
  HOMO = -1.322595387811  LUMO = -0.0414795191889941
Extra cycle  E= 1255.97711685464  delta_E= 2.26e-10  |g|= 2.65e-07  |ddm|= 2.05e-06
converged SCF energy = 1255.97711685464
Difference in energy:  -47.5252250521587
E(MP2) = 1255.96197863841  E_corr = -0.0151382162268395
Total energy =  -774.3466402605176
time elapsed:  30.989852905273438
