

******** <class 'pyscf.dft.rks.RKS'> ********
method = RKS-RHF
initial guess = minao
damping factor = 0
level_shift factor = 0
DIIS = <class 'pyscf.scf.diis.CDIIS'>
diis_start_cycle = 1
diis_space = 8
SCF conv_tol = 1e-09
SCF conv_tol_grad = 1e-05
SCF max_cycles = 1000
direct_scf = True
direct_scf_tol = 1e-13
chkfile to save SCF result = scf.fchk
max_memory 900000 MB (current use 79 MB)
XC library pyscf.dft.libxc version 5.1.7
    S. Lehtola, C. Steigemann, M. J. Oliveira, and M. A. Marques, SoftwareX 7, 1 (2018)
XC functionals = pbe
    J. P. Perdew, K. Burke, and M. Ernzerhof, Phys. Rev. Lett. 77, 3865 (1996)
    J. P. Perdew, K. Burke, and M. Ernzerhof, Phys. Rev. Lett. 78, 1396 (1997)
    J. P. Perdew, K. Burke, and M. Ernzerhof, Phys. Rev. Lett. 77, 3865 (1996)
    J. P. Perdew, K. Burke, and M. Ernzerhof, Phys. Rev. Lett. 78, 1396 (1997)
small_rho_cutoff = 1e-07
init E= -776.058247216754
  HOMO = -0.256940731398549  LUMO = -0.184885842631518
cycle= 1 E= -774.141177493203  delta_E= 1.92  |g|= 1.16  |ddm|= 6.28
  HOMO = -0.0379121519331272  LUMO = 0.0134048892479305
cycle= 2 E= -771.155583258363  delta_E= 2.99  |g|= 2.86  |ddm|=  3.9
  HOMO = -0.121173305441044  LUMO = -0.0770713222969274
cycle= 3 E= -773.541828800491  delta_E= -2.39  |g|= 1.54  |ddm|= 3.44
  HOMO = -0.164464490054842  LUMO = -0.0892563576184744
cycle= 4 E= -774.443380217557  delta_E= -0.902  |g|= 0.339  |ddm|= 2.17
  HOMO = -0.174643192945106  LUMO = -0.113163042813824
cycle= 5 E= -774.425128345951  delta_E= 0.0183  |g|= 0.377  |ddm|= 0.921
  HOMO = -0.179492297161682  LUMO = -0.110367624133349
cycle= 6 E= -774.472638348586  delta_E= -0.0475  |g|= 0.15  |ddm|= 0.631
  HOMO = -0.178018687086896  LUMO = -0.108239205907066
cycle= 7 E= -774.478793876863  delta_E= -0.00616  |g|= 0.0465  |ddm|= 0.197
  HOMO = -0.177861479138151  LUMO = -0.107058580522633
cycle= 8 E= -774.479137746091  delta_E= -0.000344  |g|= 0.0296  |ddm|= 0.0782
  HOMO = -0.177763248235133  LUMO = -0.107258880885921
cycle= 9 E= -774.479400795138  delta_E= -0.000263  |g|= 0.00912  |ddm|= 0.0388
  HOMO = -0.177957494945961  LUMO = -0.107382173162283
cycle= 10 E= -774.479411841504  delta_E= -1.1e-05  |g|= 0.00633  |ddm|= 0.0153
  HOMO = -0.178000148132284  LUMO = -0.107342588431926
cycle= 11 E= -774.47942093011  delta_E= -9.09e-06  |g|= 0.00292  |ddm|= 0.00949
  HOMO = -0.177951716387588  LUMO = -0.107297870733376
cycle= 12 E= -774.479423272918  delta_E= -2.34e-06  |g|= 0.000569  |ddm|= 0.00342
  HOMO = -0.177948060852949  LUMO = -0.107303096544982
cycle= 13 E= -774.479423376741  delta_E= -1.04e-07  |g|= 0.000232  |ddm|= 0.000815
  HOMO = -0.17794138511843  LUMO = -0.107300989701912
cycle= 14 E= -774.479423392653  delta_E= -1.59e-08  |g|= 8.38e-05  |ddm|= 0.000321
  HOMO = -0.17794215410648  LUMO = -0.107303981586408
cycle= 15 E= -774.479423381444  delta_E= 1.12e-08  |g|= 0.000205  |ddm|= 0.000323
  HOMO = -0.177943578854954  LUMO = -0.107305002137315
cycle= 16 E= -774.47942339418  delta_E= -1.27e-08  |g|= 4.1e-05  |ddm|= 0.00025
  HOMO = -0.177943022082927  LUMO = -0.10730365277221
cycle= 17 E= -774.479423394453  delta_E= -2.73e-10  |g|= 2.09e-05  |ddm|= 5.01e-05
  HOMO = -0.177942995178359  LUMO = -0.107303667123285
cycle= 18 E= -774.479423394571  delta_E= -1.18e-10  |g|= 7.64e-06  |ddm|= 2.83e-05
  HOMO = -0.177943480053893  LUMO = -0.10730343195351
Extra cycle  E= -774.479423394401  delta_E= 1.7e-10  |g|= 2.33e-05  |ddm|= 4.09e-05
converged SCF energy = -774.479423394401
AOs:  [0, 1, 2, 3, 4, 5, 6, 7, 8, 9, 10, 11, 12, 13, 14, 15, 16, 17, 18, 19, 20, 21, 22, 23, 24, 25, 26, 27, 28, 29, 30, 31, 32, 33, 34, 35, 36, 37, 38, 39, 40, 41, 42, 43, 44, 45, 46, 47, 48, 49, 50, 51, 52, 53, 54, 55, 56, 57, 58, 59, 60, 61, 62, 63]
64
Number of Active MOs:  2
Number of Environment MOs:  68
Number of Virtual MOs:  244
 # electrons:            α            β
         Env:  68.00000000  68.00000000
         Act:   2.00000000   2.00000000
         Vir:  -0.00000000  -0.00000000
Number of electrons in the active space:  4

 The density matrix is idempotent!

 The density matrix is idempotent!


******** <class 'pyscf.scf.hf.RHF'> ********
method = RHF
initial guess = minao
damping factor = 0
level_shift factor = 0
DIIS = <class 'pyscf.scf.diis.CDIIS'>
diis_start_cycle = 1
diis_space = 8
SCF conv_tol = 1e-09
SCF conv_tol_grad = 1e-05
SCF max_cycles = 200
direct_scf = True
direct_scf_tol = 1e-13
chkfile to save SCF result = subsys_scf.chk
max_memory 900000 MB (current use 10405 MB)
init E= 1269.80123642665
  HOMO = -1.33052396108757  LUMO = -0.0233373816669732
cycle= 1 E= 1269.79989924516  delta_E= -0.00134  |g|= 0.0111  |ddm|= 0.0626
  HOMO = -1.33152588135332  LUMO = -0.0235015062621873
cycle= 2 E= 1269.79986808251  delta_E= -3.12e-05  |g|= 0.00172  |ddm|= 0.00876
  HOMO = -1.33170948397556  LUMO = -0.0235306092235956
cycle= 3 E= 1269.79986728205  delta_E= -8e-07  |g|= 3.95e-05  |ddm|= 0.00158
  HOMO = -1.33170767513072  LUMO = -0.0235301078343872
cycle= 4 E= 1269.79986728183  delta_E= -2.21e-10  |g|= 1.57e-06  |ddm|= 3.62e-05
  HOMO = -1.33170749552643  LUMO = -0.023530079187738
Extra cycle  E= 1269.79986728185  delta_E= 2.05e-11  |g|= 2.63e-07  |ddm|= 2.26e-06
converged SCF energy = 1269.79986728185
Difference in energy:  -47.64380856322765
E(MP2) = 1269.78480017324  E_corr = -0.0150671086029052
Total energy =  -774.4185653248184
time elapsed:  32.300907373428345
