

******** <class 'pyscf.dft.rks.RKS'> ********
method = RKS-RHF
initial guess = minao
damping factor = 0
level_shift factor = 0
DIIS = <class 'pyscf.scf.diis.CDIIS'>
diis_start_cycle = 1
diis_space = 8
SCF conv_tol = 1e-09
SCF conv_tol_grad = 1e-05
SCF max_cycles = 1000
direct_scf = True
direct_scf_tol = 1e-13
chkfile to save SCF result = scf.fchk
max_memory 900000 MB (current use 79 MB)
XC library pyscf.dft.libxc version 5.1.7
    S. Lehtola, C. Steigemann, M. J. Oliveira, and M. A. Marques, SoftwareX 7, 1 (2018)
XC functionals = pbe
    J. P. Perdew, K. Burke, and M. Ernzerhof, Phys. Rev. Lett. 77, 3865 (1996)
    J. P. Perdew, K. Burke, and M. Ernzerhof, Phys. Rev. Lett. 78, 1396 (1997)
    J. P. Perdew, K. Burke, and M. Ernzerhof, Phys. Rev. Lett. 77, 3865 (1996)
    J. P. Perdew, K. Burke, and M. Ernzerhof, Phys. Rev. Lett. 78, 1396 (1997)
small_rho_cutoff = 1e-07
init E= -776.047445234222
  HOMO = -0.239507128772362  LUMO = -0.202321434332456
cycle= 1 E= -774.059752115512  delta_E= 1.99  |g|= 1.17  |ddm|= 6.28
  HOMO = -0.0369793941788501  LUMO = -0.0159425376334594
cycle= 2 E= -770.223452231443  delta_E= 3.84  |g|= 3.02  |ddm|=  4.3
  HOMO = -0.120657818360499  LUMO = -0.0575712119954054
cycle= 3 E= -773.655103494197  delta_E= -3.43  |g|= 1.39  |ddm|=  3.9
  HOMO = -0.14330330053323  LUMO = -0.119401552264973
cycle= 4 E= -774.326952266566  delta_E= -0.672  |g|= 0.482  |ddm|= 2.39
  HOMO = -0.17325430731868  LUMO = -0.118457497455449
cycle= 5 E= -774.273319617746  delta_E= 0.0536  |g|= 0.621  |ddm|= 1.61
  HOMO = -0.15524566005657  LUMO = -0.125757642215747
cycle= 6 E= -774.391804834103  delta_E= -0.118  |g|= 0.263  |ddm|= 1.38
  HOMO = -0.159987006349195  LUMO = -0.128998313847234
cycle= 7 E= -774.413951927527  delta_E= -0.0221  |g|= 0.146  |ddm|= 0.668
  HOMO = -0.155812512591911  LUMO = -0.126241651552333
cycle= 8 E= -774.421426465867  delta_E= -0.00747  |g|= 0.0548  |ddm|= 0.298
  HOMO = -0.157544150242168  LUMO = -0.128034350662333
cycle= 9 E= -774.422371368332  delta_E= -0.000945  |g|= 0.0211  |ddm|= 0.0909
  HOMO = -0.157810081778247  LUMO = -0.128206317055392
cycle= 10 E= -774.422482352382  delta_E= -0.000111  |g|= 0.00943  |ddm|= 0.0325
  HOMO = -0.157740929350267  LUMO = -0.128148891217545
cycle= 11 E= -774.422500959405  delta_E= -1.86e-05  |g|= 0.00426  |ddm|= 0.0146
  HOMO = -0.157672672756721  LUMO = -0.128067504427643
cycle= 12 E= -774.422506784056  delta_E= -5.82e-06  |g|= 0.00149  |ddm|= 0.00517
  HOMO = -0.157653473749043  LUMO = -0.128041270794514
cycle= 13 E= -774.422507520618  delta_E= -7.37e-07  |g|= 0.000747  |ddm|= 0.00313
  HOMO = -0.157652015929129  LUMO = -0.128041246596893
cycle= 14 E= -774.422507654309  delta_E= -1.34e-07  |g|= 0.000289  |ddm|= 0.000943
  HOMO = -0.157663224413983  LUMO = -0.128052180069419
cycle= 15 E= -774.422507671933  delta_E= -1.76e-08  |g|= 0.000139  |ddm|= 0.000435
  HOMO = -0.157656070434174  LUMO = -0.128046109919594
cycle= 16 E= -774.422507672061  delta_E= -1.28e-10  |g|= 0.000144  |ddm|= 0.000275
  HOMO = -0.157658406282621  LUMO = -0.128047343046818
cycle= 17 E= -774.422507676232  delta_E= -4.17e-09  |g|= 5.23e-05  |ddm|= 0.000218
  HOMO = -0.157657490696506  LUMO = -0.128046970601046
cycle= 18 E= -774.422507677387  delta_E= -1.16e-09  |g|= 1.56e-05  |ddm|= 0.00011
  HOMO = -0.157658170651272  LUMO = -0.128047543236156
cycle= 19 E= -774.422507677432  delta_E= -4.52e-11  |g|= 1.13e-05  |ddm|= 2.58e-05
  HOMO = -0.15765823536829  LUMO = -0.128047634283251
cycle= 20 E= -774.422507677455  delta_E= -2.23e-11  |g|= 6.67e-06  |ddm|= 1.74e-05
  HOMO = -0.157657955313365  LUMO = -0.128047012542328
Extra cycle  E= -774.422507676746  delta_E= 7.08e-10  |g|= 4.06e-05  |ddm|= 8.02e-05
converged SCF energy = -774.422507676746
AOs:  [0, 1, 2, 3, 4, 5, 6, 7, 8, 9, 10, 11, 12, 13, 14, 15, 16, 17, 18, 19, 20, 21, 22, 23, 24, 25, 26, 27, 28, 29, 30, 31, 32, 33, 34, 35, 36, 37, 38, 39, 40, 41, 42, 43, 44, 45, 46, 47, 48, 49, 50, 51, 52, 53, 54, 55, 56, 57, 58, 59, 60, 61, 62, 63]
64
Number of Active MOs:  20
Number of Environment MOs:  50
Number of Virtual MOs:  244
 # electrons:            α            β
         Env:  50.00000000  50.00000000
         Act:  20.00000000  20.00000000
         Vir:   0.00000000   0.00000000
Number of electrons in the active space:  40

 The density matrix is idempotent!

 The density matrix is idempotent!


******** <class 'pyscf.scf.hf.RHF'> ********
method = RHF
initial guess = minao
damping factor = 0
level_shift factor = 0
DIIS = <class 'pyscf.scf.diis.CDIIS'>
diis_start_cycle = 1
diis_space = 8
SCF conv_tol = 1e-09
SCF conv_tol_grad = 1e-05
SCF max_cycles = 200
direct_scf = True
direct_scf_tol = 1e-13
chkfile to save SCF result = subsys_scf.chk
max_memory 900000 MB (current use 10482 MB)
init E= 927.578467524413
  HOMO = -0.208704155632037  LUMO = 0.0186280869950102
cycle= 1 E= 927.526246222986  delta_E= -0.0522  |g|= 0.089  |ddm|= 0.836
  HOMO = -0.217314532238107  LUMO = 0.0210834829096161
cycle= 2 E= 927.52147688034  delta_E= -0.00477  |g|= 0.0325  |ddm|= 0.198
  HOMO = -0.218426602013932  LUMO = 0.0267356528461197
cycle= 3 E= 927.520369432785  delta_E= -0.00111  |g|= 0.0171  |ddm|= 0.0891
  HOMO = -0.219338232888223  LUMO = 0.0289545793886445
cycle= 4 E= 927.520061126318  delta_E= -0.000308  |g|= 0.00648  |ddm|= 0.0505
  HOMO = -0.221361583561635  LUMO = 0.0294393163083816
cycle= 5 E= 927.520001096806  delta_E= -6e-05  |g|= 0.00324  |ddm|= 0.0242
  HOMO = -0.221362491520692  LUMO = 0.0299893873282492
cycle= 6 E= 927.51999214333  delta_E= -8.95e-06  |g|= 0.000708  |ddm|= 0.0104
  HOMO = -0.221427582133385  LUMO = 0.029983233497012
cycle= 7 E= 927.519991723155  delta_E= -4.2e-07  |g|= 0.000348  |ddm|= 0.00184
  HOMO = -0.221443869272419  LUMO = 0.0299595709421656
cycle= 8 E= 927.519991540005  delta_E= -1.83e-07  |g|= 0.000195  |ddm|= 0.00144
  HOMO = -0.221431855986453  LUMO = 0.0299464469486184
cycle= 9 E= 927.519991472555  delta_E= -6.75e-08  |g|= 6.79e-05  |ddm|= 0.0012
  HOMO = -0.221427338870969  LUMO = 0.0299378730330391
cycle= 10 E= 927.519991465131  delta_E= -7.42e-09  |g|= 2.35e-05  |ddm|= 0.000479
  HOMO = -0.221424701530334  LUMO = 0.0299385428948489
cycle= 11 E= 927.519991464663  delta_E= -4.67e-10  |g|= 1.1e-05  |ddm|= 6.96e-05
  HOMO = -0.221423963234849  LUMO = 0.0299376103988361
cycle= 12 E= 927.519991464638  delta_E= -2.48e-11  |g|= 2.43e-06  |ddm|= 5.83e-05
  HOMO = -0.221423957224697  LUMO = 0.0299375017562655
Extra cycle  E= 927.519991464339  delta_E= -2.99e-10  |g|= 1.22e-06  |ddm|= 4.66e-06
converged SCF energy = 927.519991464339
Difference in energy:  -829.1716616024771
E(MP2) = 926.799309062059  E_corr = -0.720682402280603
Total energy =  -773.8218220345295
time elapsed:  32.280198097229004
