

******** <class 'pyscf.dft.rks.RKS'> ********
method = RKS-RHF
initial guess = minao
damping factor = 0
level_shift factor = 0
DIIS = <class 'pyscf.scf.diis.CDIIS'>
diis_start_cycle = 1
diis_space = 8
SCF conv_tol = 1e-09
SCF conv_tol_grad = 1e-05
SCF max_cycles = 1000
direct_scf = True
direct_scf_tol = 1e-13
chkfile to save SCF result = scf.fchk
max_memory 900000 MB (current use 79 MB)
XC library pyscf.dft.libxc version 5.1.7
    S. Lehtola, C. Steigemann, M. J. Oliveira, and M. A. Marques, SoftwareX 7, 1 (2018)
XC functionals = pbe
    J. P. Perdew, K. Burke, and M. Ernzerhof, Phys. Rev. Lett. 77, 3865 (1996)
    J. P. Perdew, K. Burke, and M. Ernzerhof, Phys. Rev. Lett. 78, 1396 (1997)
    J. P. Perdew, K. Burke, and M. Ernzerhof, Phys. Rev. Lett. 77, 3865 (1996)
    J. P. Perdew, K. Burke, and M. Ernzerhof, Phys. Rev. Lett. 78, 1396 (1997)
small_rho_cutoff = 1e-07
init E= -776.047643615427
  HOMO = -0.244635040289486  LUMO = -0.197791553439567
cycle= 1 E= -774.089447171223  delta_E= 1.96  |g|= 1.16  |ddm|= 6.27
  HOMO = -0.0447380836374045  LUMO = -0.00658110864689373
cycle= 2 E= -770.861552216189  delta_E= 3.23  |g|= 2.91  |ddm|= 4.06
  HOMO = -0.122663555373748  LUMO = -0.0606627989253257
cycle= 3 E= -773.604696822019  delta_E= -2.74  |g|= 1.47  |ddm|=  3.7
  HOMO = -0.151379647859511  LUMO = -0.108417529787862
cycle= 4 E= -774.386770540116  delta_E= -0.782  |g|= 0.378  |ddm|=  2.2
  HOMO = -0.172527029515035  LUMO = -0.114068879514571
cycle= 5 E= -774.319978003759  delta_E= 0.0668  |g|= 0.528  |ddm|= 1.31
  HOMO = -0.163340392572269  LUMO = -0.122159408500772
cycle= 6 E= -774.417042910724  delta_E= -0.0971  |g|= 0.229  |ddm|= 1.11
  HOMO = -0.165914578595602  LUMO = -0.123217712868629
cycle= 7 E= -774.43334221598  delta_E= -0.0163  |g|= 0.101  |ddm|= 0.469
  HOMO = -0.163354493227849  LUMO = -0.121157616967051
cycle= 8 E= -774.436710182078  delta_E= -0.00337  |g|= 0.0402  |ddm|= 0.197
  HOMO = -0.16400984045842  LUMO = -0.121989954955468
cycle= 9 E= -774.437179983232  delta_E= -0.00047  |g|= 0.0157  |ddm|= 0.0592
  HOMO = -0.16418666721247  LUMO = -0.122070951714609
cycle= 10 E= -774.437232666683  delta_E= -5.27e-05  |g|= 0.0084  |ddm|= 0.0256
  HOMO = -0.164311317939211  LUMO = -0.12219539319478
cycle= 11 E= -774.437248549026  delta_E= -1.59e-05  |g|= 0.00413  |ddm|= 0.0139
  HOMO = -0.164243280186005  LUMO = -0.12212510567091
cycle= 12 E= -774.437252922852  delta_E= -4.37e-06  |g|= 0.00125  |ddm|= 0.00485
  HOMO = -0.164209549958606  LUMO = -0.122092540706308
cycle= 13 E= -774.437253386817  delta_E= -4.64e-07  |g|= 0.000451  |ddm|= 0.00168
  HOMO = -0.164214159528177  LUMO = -0.122093929122516
cycle= 14 E= -774.43725340357  delta_E= -1.68e-08  |g|= 0.000411  |ddm|= 0.00129
  HOMO = -0.164207296004413  LUMO = -0.122089965323163
cycle= 15 E= -774.437253467019  delta_E= -6.34e-08  |g|= 9.85e-05  |ddm|= 0.000647
  HOMO = -0.164213830443275  LUMO = -0.122095462569653
cycle= 16 E= -774.437253465838  delta_E= 1.18e-09  |g|= 0.000123  |ddm|= 0.000198
  HOMO = -0.164210401809561  LUMO = -0.122092847689552
cycle= 17 E= -774.437253468693  delta_E= -2.85e-09  |g|= 4.96e-05  |ddm|= 0.000169
  HOMO = -0.164211188647987  LUMO = -0.122093368846558
cycle= 18 E= -774.437253469295  delta_E= -6.01e-10  |g|= 2.79e-05  |ddm|= 0.0001
  HOMO = -0.164211215958354  LUMO = -0.122093308859576
cycle= 19 E= -774.437253469541  delta_E= -2.46e-10  |g|= 1.15e-05  |ddm|= 4.04e-05
  HOMO = -0.164211227625075  LUMO = -0.12209339353611
cycle= 20 E= -774.437253469574  delta_E= -3.3e-11  |g|= 6.96e-06  |ddm|= 2.04e-05
  HOMO = -0.16421087713275  LUMO = -0.122092935254697
Extra cycle  E= -774.437253469401  delta_E= 1.73e-10  |g|= 2.41e-05  |ddm|= 3.92e-05
converged SCF energy = -774.437253469401
AOs:  [0, 1, 2, 3, 4, 5, 6, 7, 8, 9, 10, 11, 12, 13, 14, 15, 16, 17, 18, 19, 20, 21, 22, 23, 24, 25, 26, 27, 28, 29, 30, 31, 32, 33, 34, 35, 36, 37, 38, 39, 40, 41, 42, 43, 44, 45, 46, 47, 48, 49, 50, 51, 52, 53, 54, 55, 56, 57, 58, 59, 60, 61, 62, 63]
64
Number of Active MOs:  20
Number of Environment MOs:  50
Number of Virtual MOs:  244
 # electrons:            α            β
         Env:  50.00000000  50.00000000
         Act:  20.00000000  20.00000000
         Vir:  -0.00000000  -0.00000000
Number of electrons in the active space:  40

 The density matrix is idempotent!

 The density matrix is idempotent!


******** <class 'pyscf.scf.hf.RHF'> ********
method = RHF
initial guess = minao
damping factor = 0
level_shift factor = 0
DIIS = <class 'pyscf.scf.diis.CDIIS'>
diis_start_cycle = 1
diis_space = 8
SCF conv_tol = 1e-09
SCF conv_tol_grad = 1e-05
SCF max_cycles = 200
direct_scf = True
direct_scf_tol = 1e-13
chkfile to save SCF result = subsys_scf.chk
max_memory 900000 MB (current use 10411 MB)
init E= 926.198996875955
  HOMO = -0.222690029402261  LUMO = 0.0267049237603107
cycle= 1 E= 926.147503175712  delta_E= -0.0515  |g|= 0.0872  |ddm|= 0.834
  HOMO = -0.2318514083553  LUMO = 0.0288958600122466
cycle= 2 E= 926.143041104427  delta_E= -0.00446  |g|= 0.0308  |ddm|= 0.188
  HOMO = -0.232212970324916  LUMO = 0.0342713488755602
cycle= 3 E= 926.14208721235  delta_E= -0.000954  |g|= 0.0143  |ddm|= 0.081
  HOMO = -0.23344893450868  LUMO = 0.0358989588167805
cycle= 4 E= 926.141871269402  delta_E= -0.000216  |g|= 0.00519  |ddm|= 0.041
  HOMO = -0.235045581486849  LUMO = 0.0362830288184307
cycle= 5 E= 926.141836966722  delta_E= -3.43e-05  |g|= 0.00249  |ddm|= 0.0177
  HOMO = -0.234987461263826  LUMO = 0.0366558268426068
cycle= 6 E= 926.141832585428  delta_E= -4.38e-06  |g|= 0.000464  |ddm|= 0.00669
  HOMO = -0.235050390113161  LUMO = 0.0366495658373635
cycle= 7 E= 926.141832440532  delta_E= -1.45e-07  |g|= 0.000189  |ddm|= 0.00106
  HOMO = -0.235064769033894  LUMO = 0.0366386010927747
cycle= 8 E= 926.141832401612  delta_E= -3.89e-08  |g|= 9.7e-05  |ddm|= 0.000583
  HOMO = -0.235060828906102  LUMO = 0.0366332816365032
cycle= 9 E= 926.141832388308  delta_E= -1.33e-08  |g|= 4.12e-05  |ddm|= 0.00043
  HOMO = -0.235060576027516  LUMO = 0.0366288854576599
cycle= 10 E= 926.141832386246  delta_E= -2.06e-09  |g|= 1.66e-05  |ddm|= 0.0002
  HOMO = -0.235058697899454  LUMO = 0.0366287608533578
cycle= 11 E= 926.141832386184  delta_E= -6.23e-11  |g|= 6.68e-06  |ddm|= 5.97e-05
  HOMO = -0.235058357964583  LUMO = 0.036628515258161
Extra cycle  E= 926.141832386111  delta_E= -7.3e-11  |g|= 3.09e-06  |ddm|= 1.63e-05
converged SCF energy = 926.141832386111
Difference in energy:  -824.0813786493178
E(MP2) = 925.423750359334  E_corr = -0.718082026776761
Total energy =  -773.842079327114
time elapsed:  32.01463770866394
