

******** <class 'pyscf.dft.rks.RKS'> ********
method = RKS-RHF
initial guess = minao
damping factor = 0
level_shift factor = 0
DIIS = <class 'pyscf.scf.diis.CDIIS'>
diis_start_cycle = 1
diis_space = 8
SCF conv_tol = 1e-09
SCF conv_tol_grad = 1e-05
SCF max_cycles = 1000
direct_scf = True
direct_scf_tol = 1e-13
chkfile to save SCF result = scf.fchk
max_memory 900000 MB (current use 79 MB)
XC library pyscf.dft.libxc version 5.1.7
    S. Lehtola, C. Steigemann, M. J. Oliveira, and M. A. Marques, SoftwareX 7, 1 (2018)
XC functionals = pbe
    J. P. Perdew, K. Burke, and M. Ernzerhof, Phys. Rev. Lett. 77, 3865 (1996)
    J. P. Perdew, K. Burke, and M. Ernzerhof, Phys. Rev. Lett. 78, 1396 (1997)
    J. P. Perdew, K. Burke, and M. Ernzerhof, Phys. Rev. Lett. 77, 3865 (1996)
    J. P. Perdew, K. Burke, and M. Ernzerhof, Phys. Rev. Lett. 78, 1396 (1997)
small_rho_cutoff = 1e-07
init E= -776.04796984111
  HOMO = -0.249099576203451  LUMO = -0.193784060807113
cycle= 1 E= -774.109048745146  delta_E= 1.94  |g|= 1.16  |ddm|= 6.27
  HOMO = -0.0468465324755295  LUMO = 0.00392104267187495
cycle= 2 E= -770.998586222501  delta_E= 3.11  |g|= 2.89  |ddm|= 3.98
  HOMO = -0.123094126394267  LUMO = -0.0643907329970677
cycle= 3 E= -773.594570144687  delta_E= -2.6  |g|= 1.49  |ddm|= 3.59
  HOMO = -0.155382004620315  LUMO = -0.102127321177863
cycle= 4 E= -774.410689429155  delta_E= -0.816  |g|= 0.349  |ddm|= 2.15
  HOMO = -0.173426880912106  LUMO = -0.113906294678061
cycle= 5 E= -774.361493176776  delta_E= 0.0492  |g|= 0.465  |ddm|= 1.12
  HOMO = -0.169468545987234  LUMO = -0.118396955033584
cycle= 6 E= -774.436693568403  delta_E= -0.0752  |g|= 0.199  |ddm|= 0.912
  HOMO = -0.170392484777088  LUMO = -0.118255651340253
cycle= 7 E= -774.448754616654  delta_E= -0.0121  |g|= 0.077  |ddm|= 0.349
  HOMO = -0.168925661607151  LUMO = -0.116625125714491
cycle= 8 E= -774.450404063998  delta_E= -0.00165  |g|= 0.0342  |ddm|= 0.136
  HOMO = -0.169172690638876  LUMO = -0.117119934343836
cycle= 9 E= -774.450734294686  delta_E= -0.00033  |g|= 0.0134  |ddm|= 0.049
  HOMO = -0.169353940837167  LUMO = -0.117218472623273
cycle= 10 E= -774.450764574172  delta_E= -3.03e-05  |g|= 0.00855  |ddm|= 0.0223
  HOMO = -0.169465175467239  LUMO = -0.117315453567804
cycle= 11 E= -774.45078185708  delta_E= -1.73e-05  |g|= 0.00398  |ddm|= 0.0139
  HOMO = -0.169397481918208  LUMO = -0.117248738616546
cycle= 12 E= -774.450786034011  delta_E= -4.18e-06  |g|= 0.00109  |ddm|= 0.0047
  HOMO = -0.169371681349714  LUMO = -0.117222634995326
cycle= 13 E= -774.450786389313  delta_E= -3.55e-07  |g|= 0.000405  |ddm|= 0.00149
  HOMO = -0.169370414924526  LUMO = -0.117222907204355
cycle= 14 E= -774.450786446782  delta_E= -5.75e-08  |g|= 9.06e-05  |ddm|= 0.000603
  HOMO = -0.169374790350508  LUMO = -0.117226286756551
cycle= 15 E= -774.450786425545  delta_E= 2.12e-08  |g|= 0.00025  |ddm|= 0.000445
  HOMO = -0.169374233483962  LUMO = -0.117226841823081
cycle= 16 E= -774.450786448128  delta_E= -2.26e-08  |g|= 7.22e-05  |ddm|= 0.000353
  HOMO = -0.169372450100997  LUMO = -0.117225150485265
cycle= 17 E= -774.4507864487  delta_E= -5.72e-10  |g|= 4.25e-05  |ddm|= 0.000101
  HOMO = -0.169372754720247  LUMO = -0.117225386193834
cycle= 18 E= -774.450786449202  delta_E= -5.01e-10  |g|= 1.96e-05  |ddm|= 7.4e-05
  HOMO = -0.169372847360083  LUMO = -0.117225329783634
cycle= 19 E= -774.450786449323  delta_E= -1.22e-10  |g|= 5.83e-06  |ddm|= 2.76e-05
  HOMO = -0.169372736864534  LUMO = -0.11722533031143
Extra cycle  E= -774.450786449228  delta_E= 9.6e-11  |g|= 1.76e-05  |ddm|= 2.9e-05
converged SCF energy = -774.450786449228
AOs:  [0, 1, 2, 3, 4, 5, 6, 7, 8, 9, 10, 11, 12, 13, 14, 15, 16, 17, 18, 19, 20, 21, 22, 23, 24, 25, 26, 27, 28, 29, 30, 31, 32, 33, 34, 35, 36, 37, 38, 39, 40, 41, 42, 43, 44, 45, 46, 47, 48, 49, 50, 51, 52, 53, 54, 55, 56, 57, 58, 59, 60, 61, 62, 63]
64
Number of Active MOs:  20
Number of Environment MOs:  50
Number of Virtual MOs:  244
 # electrons:            α            β
         Env:  50.00000000  50.00000000
         Act:  20.00000000  20.00000000
         Vir:  -0.00000000  -0.00000000
Number of electrons in the active space:  40

 The density matrix is idempotent!

 The density matrix is idempotent!


******** <class 'pyscf.scf.hf.RHF'> ********
method = RHF
initial guess = minao
damping factor = 0
level_shift factor = 0
DIIS = <class 'pyscf.scf.diis.CDIIS'>
diis_start_cycle = 1
diis_space = 8
SCF conv_tol = 1e-09
SCF conv_tol_grad = 1e-05
SCF max_cycles = 200
direct_scf = True
direct_scf_tol = 1e-13
chkfile to save SCF result = subsys_scf.chk
max_memory 900000 MB (current use 10678 MB)
init E= 925.016315751218
  HOMO = -0.234452829586567  LUMO = 0.0331800905226226
cycle= 1 E= 924.96545760244  delta_E= -0.0509  |g|= 0.086  |ddm|= 0.838
  HOMO = -0.243923143287602  LUMO = 0.0348929860226302
cycle= 2 E= 924.961260998964  delta_E= -0.0042  |g|= 0.0294  |ddm|= 0.181
  HOMO = -0.243676753484686  LUMO = 0.0397663364214788
cycle= 3 E= 924.960430506046  delta_E= -0.00083  |g|= 0.0124  |ddm|= 0.0743
  HOMO = -0.245107893623967  LUMO = 0.0409054060250401
cycle= 4 E= 924.960270902382  delta_E= -0.00016  |g|= 0.00425  |ddm|= 0.0343
  HOMO = -0.246374471425917  LUMO = 0.0412316193947426
cycle= 5 E= 924.960249049975  delta_E= -2.19e-05  |g|= 0.00198  |ddm|= 0.0138
  HOMO = -0.246291616116995  LUMO = 0.0414742949232249
cycle= 6 E= 924.960246664049  delta_E= -2.39e-06  |g|= 0.000352  |ddm|= 0.00466
  HOMO = -0.24635434771843  LUMO = 0.0414649575700901
cycle= 7 E= 924.960246592033  delta_E= -7.2e-08  |g|= 0.000127  |ddm|= 0.000749
  HOMO = -0.246362771217177  LUMO = 0.0414596967536438
cycle= 8 E= 924.960246578155  delta_E= -1.39e-08  |g|= 6.09e-05  |ddm|= 0.000324
  HOMO = -0.246361752672711  LUMO = 0.0414560082335114
cycle= 9 E= 924.960246573623  delta_E= -4.53e-09  |g|= 2.52e-05  |ddm|= 0.000214
  HOMO = -0.246361768275341  LUMO = 0.0414535261669417
cycle= 10 E= 924.960246573025  delta_E= -5.98e-10  |g|= 1.01e-05  |ddm|= 0.000104
  HOMO = -0.246360862603714  LUMO = 0.0414532760225015
cycle= 11 E= 924.960246572963  delta_E= -6.18e-11  |g|= 4.05e-06  |ddm|= 3.25e-05
  HOMO = -0.246360668878536  LUMO = 0.0414531359155763
Extra cycle  E= 924.960246572601  delta_E= -3.62e-10  |g|= 1.82e-06  |ddm|= 9.49e-06
converged SCF energy = 924.960246572601
Difference in energy:  -819.9420981685631
E(MP2) = 924.244501121224  E_corr = -0.715745451377339
Total energy =  -773.8598720893372
time elapsed:  33.62508821487427
