

******** <class 'pyscf.dft.rks.RKS'> ********
method = RKS-RHF
initial guess = minao
damping factor = 0
level_shift factor = 0
DIIS = <class 'pyscf.scf.diis.CDIIS'>
diis_start_cycle = 1
diis_space = 8
SCF conv_tol = 1e-09
SCF conv_tol_grad = 1e-05
SCF max_cycles = 1000
direct_scf = True
direct_scf_tol = 1e-13
chkfile to save SCF result = scf.fchk
max_memory 900000 MB (current use 79 MB)
XC library pyscf.dft.libxc version 5.1.7
    S. Lehtola, C. Steigemann, M. J. Oliveira, and M. A. Marques, SoftwareX 7, 1 (2018)
XC functionals = pbe
    J. P. Perdew, K. Burke, and M. Ernzerhof, Phys. Rev. Lett. 77, 3865 (1996)
    J. P. Perdew, K. Burke, and M. Ernzerhof, Phys. Rev. Lett. 78, 1396 (1997)
    J. P. Perdew, K. Burke, and M. Ernzerhof, Phys. Rev. Lett. 77, 3865 (1996)
    J. P. Perdew, K. Burke, and M. Ernzerhof, Phys. Rev. Lett. 78, 1396 (1997)
small_rho_cutoff = 1e-07
init E= -776.048416877931
  HOMO = -0.252478482340562  LUMO = -0.190584447605072
cycle= 1 E= -774.12332648138  delta_E= 1.93  |g|= 1.16  |ddm|= 6.27
  HOMO = -0.0446954004128255  LUMO = 0.0110945973988846
cycle= 2 E= -771.075309796292  delta_E= 3.05  |g|= 2.87  |ddm|= 3.94
  HOMO = -0.122415936616657  LUMO = -0.0686220960169924
cycle= 3 E= -773.589294589978  delta_E= -2.51  |g|=  1.5  |ddm|= 3.53
  HOMO = -0.158895806063677  LUMO = -0.0974219773726057
cycle= 4 E= -774.425606173191  delta_E= -0.836  |g|= 0.338  |ddm|= 2.14
  HOMO = -0.174271480238565  LUMO = -0.113567613142709
cycle= 5 E= -774.387380787764  delta_E= 0.0382  |g|= 0.429  |ddm|= 1.03
  HOMO = -0.173888371807151  LUMO = -0.11540428002218
cycle= 6 E= -774.452286930124  delta_E= -0.0649  |g|= 0.176  |ddm|= 0.795
  HOMO = -0.173658288782811  LUMO = -0.114379979152396
cycle= 7 E= -774.461347775826  delta_E= -0.00906  |g|= 0.0619  |ddm|= 0.274
  HOMO = -0.172821066423175  LUMO = -0.113040232334814
cycle= 8 E= -774.462217331848  delta_E= -0.00087  |g|= 0.0322  |ddm|= 0.105
  HOMO = -0.172898079729423  LUMO = -0.113419946627311
cycle= 9 E= -774.462520700894  delta_E= -0.000303  |g|= 0.0116  |ddm|= 0.045
  HOMO = -0.173098311861673  LUMO = -0.113529296597733
cycle= 10 E= -774.462539973638  delta_E= -1.93e-05  |g|= 0.00805  |ddm|= 0.0196
  HOMO = -0.173176319342795  LUMO = -0.113570485172506
cycle= 11 E= -774.462555223521  delta_E= -1.52e-05  |g|= 0.00365  |ddm|= 0.0126
  HOMO = -0.173112544639145  LUMO = -0.113512758214089
cycle= 12 E= -774.462558814014  delta_E= -3.59e-06  |g|= 0.000893  |ddm|= 0.00428
  HOMO = -0.173097648249614  LUMO = -0.11349838469675
cycle= 13 E= -774.462559057902  delta_E= -2.44e-07  |g|= 0.000349  |ddm|= 0.00123
  HOMO = -0.173093367027134  LUMO = -0.113497322063905
cycle= 14 E= -774.462559097481  delta_E= -3.96e-08  |g|= 0.000106  |ddm|= 0.000516
  HOMO = -0.173097844503099  LUMO = -0.113501585251687
cycle= 15 E= -774.462559072683  delta_E= 2.48e-08  |g|= 0.000282  |ddm|= 0.00047
  HOMO = -0.173097872266062  LUMO = -0.113502347864427
cycle= 16 E= -774.462559099802  delta_E= -2.71e-08  |g|= 6.59e-05  |ddm|= 0.00038
  HOMO = -0.173096137210143  LUMO = -0.113500474384958
cycle= 17 E= -774.462559100027  delta_E= -2.24e-10  |g|= 4.77e-05  |ddm|= 9.36e-05
  HOMO = -0.173096326874916  LUMO = -0.113500741521235
cycle= 18 E= -774.462559100657  delta_E= -6.31e-10  |g|= 1.99e-05  |ddm|= 7.36e-05
  HOMO = -0.173096515226692  LUMO = -0.113500662003472
cycle= 19 E= -774.462559100776  delta_E= -1.18e-10  |g|= 6.39e-06  |ddm|= 2.82e-05
  HOMO = -0.173096431112759  LUMO = -0.113500633867288
Extra cycle  E= -774.462559100699  delta_E= 7.66e-11  |g|= 1.71e-05  |ddm|= 2.63e-05
converged SCF energy = -774.462559100699
AOs:  [0, 1, 2, 3, 4, 5, 6, 7, 8, 9, 10, 11, 12, 13, 14, 15, 16, 17, 18, 19, 20, 21, 22, 23, 24, 25, 26, 27, 28, 29, 30, 31, 32, 33, 34, 35, 36, 37, 38, 39, 40, 41, 42, 43, 44, 45, 46, 47, 48, 49, 50, 51, 52, 53, 54, 55, 56, 57, 58, 59, 60, 61, 62, 63]
64
Number of Active MOs:  20
Number of Environment MOs:  50
Number of Virtual MOs:  244
 # electrons:            α            β
         Env:  50.00000000  50.00000000
         Act:  20.00000000  20.00000000
         Vir:  -0.00000000  -0.00000000
Number of electrons in the active space:  40

 The density matrix is idempotent!

 The density matrix is idempotent!


******** <class 'pyscf.scf.hf.RHF'> ********
method = RHF
initial guess = minao
damping factor = 0
level_shift factor = 0
DIIS = <class 'pyscf.scf.diis.CDIIS'>
diis_start_cycle = 1
diis_space = 8
SCF conv_tol = 1e-09
SCF conv_tol_grad = 1e-05
SCF max_cycles = 200
direct_scf = True
direct_scf_tol = 1e-13
chkfile to save SCF result = subsys_scf.chk
max_memory 900000 MB (current use 10405 MB)
init E= 924.0435621796
  HOMO = -0.243896462488863  LUMO = 0.0380025636693917
cycle= 1 E= 923.993202924419  delta_E= -0.0504  |g|= 0.0851  |ddm|= 0.848
  HOMO = -0.25352900595869  LUMO = 0.0392149269579467
cycle= 2 E= 923.989215945007  delta_E= -0.00399  |g|= 0.0284  |ddm|= 0.177
  HOMO = -0.252823046291932  LUMO = 0.0435286694330452
cycle= 3 E= 923.988477224587  delta_E= -0.000739  |g|= 0.0112  |ddm|= 0.0692
  HOMO = -0.254358979378018  LUMO = 0.0443240697929422
cycle= 4 E= 923.98835218499  delta_E= -0.000125  |g|= 0.00362  |ddm|= 0.0297
  HOMO = -0.255385053691862  LUMO = 0.0446061144177372
cycle= 5 E= 923.988336787135  delta_E= -1.54e-05  |g|= 0.00162  |ddm|= 0.0113
  HOMO = -0.25530411631175  LUMO = 0.0447642890383224
cycle= 6 E= 923.988335337203  delta_E= -1.45e-06  |g|= 0.000287  |ddm|= 0.00351
  HOMO = -0.255366010924865  LUMO = 0.0447532396265881
cycle= 7 E= 923.988335292302  delta_E= -4.49e-08  |g|= 9.76e-05  |ddm|= 0.000585
  HOMO = -0.255368976843207  LUMO = 0.0447507182952172
cycle= 8 E= 923.98833528506  delta_E= -7.24e-09  |g|= 4.65e-05  |ddm|= 0.000221
  HOMO = -0.255369268401555  LUMO = 0.0447473963209747
cycle= 9 E= 923.988335282991  delta_E= -2.07e-09  |g|= 1.67e-05  |ddm|= 0.000141
  HOMO = -0.255368928497252  LUMO = 0.0447456231896096
cycle= 10 E= 923.988335282575  delta_E= -4.16e-10  |g|= 5.79e-06  |ddm|= 7.3e-05
  HOMO = -0.255368484336733  LUMO = 0.0447456018735381
Extra cycle  E= 923.988335282569  delta_E= -5.46e-12  |g|= 4.33e-06  |ddm|= 1.19e-05
converged SCF energy = 923.988335282569
Difference in energy:  -816.6898920931858
E(MP2) = 923.274596954611  E_corr = -0.713738327958025
Total energy =  -773.8748203333231
time elapsed:  31.615347862243652
