

******** <class 'pyscf.dft.rks.RKS'> ********
method = RKS-RHF
initial guess = minao
damping factor = 0
level_shift factor = 0
DIIS = <class 'pyscf.scf.diis.CDIIS'>
diis_start_cycle = 1
diis_space = 8
SCF conv_tol = 1e-09
SCF conv_tol_grad = 1e-05
SCF max_cycles = 1000
direct_scf = True
direct_scf_tol = 1e-13
chkfile to save SCF result = scf.fchk
max_memory 900000 MB (current use 79 MB)
XC library pyscf.dft.libxc version 5.1.7
    S. Lehtola, C. Steigemann, M. J. Oliveira, and M. A. Marques, SoftwareX 7, 1 (2018)
XC functionals = pbe
    J. P. Perdew, K. Burke, and M. Ernzerhof, Phys. Rev. Lett. 77, 3865 (1996)
    J. P. Perdew, K. Burke, and M. Ernzerhof, Phys. Rev. Lett. 78, 1396 (1997)
    J. P. Perdew, K. Burke, and M. Ernzerhof, Phys. Rev. Lett. 77, 3865 (1996)
    J. P. Perdew, K. Burke, and M. Ernzerhof, Phys. Rev. Lett. 78, 1396 (1997)
small_rho_cutoff = 1e-07
init E= -776.048929000545
  HOMO = -0.254785829005219  LUMO = -0.18821968804445
cycle= 1 E= -774.133952622838  delta_E= 1.91  |g|= 1.15  |ddm|= 6.26
  HOMO = -0.0416288497556406  LUMO = 0.0155212443369642
cycle= 2 E= -771.128130007044  delta_E= 3.01  |g|= 2.86  |ddm|= 3.91
  HOMO = -0.121852413403152  LUMO = -0.0720376220911769
cycle= 3 E= -773.580425241469  delta_E= -2.45  |g|= 1.51  |ddm|= 3.48
  HOMO = -0.161433686090624  LUMO = -0.0939636284996856
cycle= 4 E= -774.435219025396  delta_E= -0.855  |g|= 0.338  |ddm|= 2.14
  HOMO = -0.174340620038937  LUMO = -0.113219262397268
cycle= 5 E= -774.403447348511  delta_E= 0.0318  |g|= 0.412  |ddm|= 0.994
  HOMO = -0.176783745266339  LUMO = -0.113277135530365
cycle= 6 E= -774.463834223938  delta_E= -0.0604  |g|= 0.162  |ddm|= 0.732
  HOMO = -0.175877184700308  LUMO = -0.111624365447339
cycle= 7 E= -774.471275156007  delta_E= -0.00744  |g|= 0.0539  |ddm|= 0.232
  HOMO = -0.175376285763279  LUMO = -0.11045983322103
cycle= 8 E= -774.471810314705  delta_E= -0.000535  |g|= 0.0318  |ddm|= 0.0906
  HOMO = -0.175368163015081  LUMO = -0.110777713392516
cycle= 9 E= -774.47211320585  delta_E= -0.000303  |g|= 0.0105  |ddm|= 0.0435
  HOMO = -0.17559368341667  LUMO = -0.110895530616664
cycle= 10 E= -774.4721285817  delta_E= -1.54e-05  |g|= 0.00738  |ddm|= 0.0177
  HOMO = -0.17564386606895  LUMO = -0.110890803140071
cycle= 11 E= -774.472141209274  delta_E= -1.26e-05  |g|= 0.0033  |ddm|= 0.0112
  HOMO = -0.175583038342324  LUMO = -0.110841426400377
cycle= 12 E= -774.47214418077  delta_E= -2.97e-06  |g|= 0.000742  |ddm|= 0.00385
  HOMO = -0.175573981267186  LUMO = -0.110834811221134
cycle= 13 E= -774.472144360004  delta_E= -1.79e-07  |g|= 0.000276  |ddm|= 0.00104
  HOMO = -0.175569250774726  LUMO = -0.110834425320285
cycle= 14 E= -774.472144383598  delta_E= -2.36e-08  |g|= 9.83e-05  |ddm|= 0.000417
  HOMO = -0.175572084879823  LUMO = -0.110837867055283
cycle= 15 E= -774.472144369252  delta_E= 1.43e-08  |g|= 0.000227  |ddm|= 0.000365
  HOMO = -0.175572801928933  LUMO = -0.110838823034875
cycle= 16 E= -774.472144385566  delta_E= -1.63e-08  |g|= 5.74e-05  |ddm|= 0.000298
  HOMO = -0.175571601149695  LUMO = -0.11083724492347
cycle= 17 E= -774.472144385905  delta_E= -3.39e-10  |g|= 3.54e-05  |ddm|= 7.16e-05
  HOMO = -0.175571664996089  LUMO = -0.110837376595915
cycle= 18 E= -774.472144386242  delta_E= -3.37e-10  |g|= 1.45e-05  |ddm|= 5.12e-05
  HOMO = -0.175571858175247  LUMO = -0.110837294194793
cycle= 19 E= -774.472144386302  delta_E= -6e-11  |g|= 5.51e-06  |ddm|= 2.15e-05
  HOMO = -0.175571766280629  LUMO = -0.110837261054744
Extra cycle  E= -774.472144386253  delta_E= 4.91e-11  |g|= 1.41e-05  |ddm|= 2.16e-05
converged SCF energy = -774.472144386253
AOs:  [0, 1, 2, 3, 4, 5, 6, 7, 8, 9, 10, 11, 12, 13, 14, 15, 16, 17, 18, 19, 20, 21, 22, 23, 24, 25, 26, 27, 28, 29, 30, 31, 32, 33, 34, 35, 36, 37, 38, 39, 40, 41, 42, 43, 44, 45, 46, 47, 48, 49, 50, 51, 52, 53, 54, 55, 56, 57, 58, 59, 60, 61, 62, 63]
64
Number of Active MOs:  2
Number of Environment MOs:  68
Number of Virtual MOs:  244
 # electrons:            α            β
         Env:  68.00000000  68.00000000
         Act:   2.00000000   2.00000000
         Vir:   0.00000000   0.00000000
Number of electrons in the active space:  4

 The density matrix is idempotent!

 The density matrix is idempotent!


******** <class 'pyscf.scf.hf.RHF'> ********
method = RHF
initial guess = minao
damping factor = 0
level_shift factor = 0
DIIS = <class 'pyscf.scf.diis.CDIIS'>
diis_start_cycle = 1
diis_space = 8
SCF conv_tol = 1e-09
SCF conv_tol_grad = 1e-05
SCF max_cycles = 200
direct_scf = True
direct_scf_tol = 1e-13
chkfile to save SCF result = subsys_scf.chk
max_memory 900000 MB (current use 10410 MB)
init E= 1249.83175179662
  HOMO = -1.32898831194473  LUMO = -0.0259780073758864
cycle= 1 E= 1249.83042429231  delta_E= -0.00133  |g|= 0.0111  |ddm|= 0.0634
  HOMO = -1.32996179676931  LUMO = -0.0261477539784554
cycle= 2 E= 1249.83039332627  delta_E= -3.1e-05  |g|= 0.00172  |ddm|= 0.00885
  HOMO = -1.3301409703978  LUMO = -0.0261779114159755
cycle= 3 E= 1249.83039253098  delta_E= -7.95e-07  |g|= 3.94e-05  |ddm|= 0.0016
  HOMO = -1.33013930038703  LUMO = -0.0261773858066026
cycle= 4 E= 1249.83039253044  delta_E= -5.37e-10  |g|= 1.56e-06  |ddm|= 3.49e-05
  HOMO = -1.33013912765218  LUMO = -0.0261773555431884
Extra cycle  E= 1249.83039253065  delta_E= 2.09e-10  |g|= 2.63e-07  |ddm|= 2.18e-06
converged SCF energy = 1249.83039253065
Difference in energy:  -47.486070944206475
E(MP2) = 1249.81529458802  E_corr = -0.0150979426242371
Total energy =  -774.4115685213778
time elapsed:  29.034069538116455
