

******** <class 'pyscf.dft.rks.RKS'> ********
method = RKS-RHF
initial guess = minao
damping factor = 0
level_shift factor = 0
DIIS = <class 'pyscf.scf.diis.CDIIS'>
diis_start_cycle = 1
diis_space = 8
SCF conv_tol = 1e-09
SCF conv_tol_grad = 1e-05
SCF max_cycles = 1000
direct_scf = True
direct_scf_tol = 1e-13
chkfile to save SCF result = scf.fchk
max_memory 900000 MB (current use 79 MB)
XC library pyscf.dft.libxc version 5.1.7
    S. Lehtola, C. Steigemann, M. J. Oliveira, and M. A. Marques, SoftwareX 7, 1 (2018)
XC functionals = pbe
    J. P. Perdew, K. Burke, and M. Ernzerhof, Phys. Rev. Lett. 77, 3865 (1996)
    J. P. Perdew, K. Burke, and M. Ernzerhof, Phys. Rev. Lett. 78, 1396 (1997)
    J. P. Perdew, K. Burke, and M. Ernzerhof, Phys. Rev. Lett. 77, 3865 (1996)
    J. P. Perdew, K. Burke, and M. Ernzerhof, Phys. Rev. Lett. 78, 1396 (1997)
small_rho_cutoff = 1e-07
init E= -776.049396943185
  HOMO = -0.256220443388805  LUMO = -0.186619540388173
cycle= 1 E= -774.14143234822  delta_E= 1.91  |g|= 1.15  |ddm|= 6.27
  HOMO = -0.0391219830872369  LUMO = 0.0179813771679093
cycle= 2 E= -771.163808022089  delta_E= 2.98  |g|= 2.86  |ddm|=  3.9
  HOMO = -0.121600302747202  LUMO = -0.0743002682136359
cycle= 3 E= -773.569833900338  delta_E= -2.41  |g|= 1.52  |ddm|= 3.44
  HOMO = -0.163097939905256  LUMO = -0.0916738789783422
cycle= 4 E= -774.441299105738  delta_E= -0.871  |g|= 0.342  |ddm|= 2.15
  HOMO = -0.174065935760327  LUMO = -0.112921406508082
cycle= 5 E= -774.413959095756  delta_E= 0.0273  |g|= 0.402  |ddm|= 0.982
  HOMO = -0.178491245504532  LUMO = -0.111922444512174
cycle= 6 E= -774.47184095795  delta_E= -0.0579  |g|= 0.155  |ddm|= 0.696
  HOMO = -0.177256339354622  LUMO = -0.109841199333135
cycle= 7 E= -774.478480834236  delta_E= -0.00664  |g|= 0.05  |ddm|= 0.212
  HOMO = -0.176917595522221  LUMO = -0.108770251065558
cycle= 8 E= -774.478876998278  delta_E= -0.000396  |g|= 0.0318  |ddm|= 0.084
  HOMO = -0.176873268523719  LUMO = -0.109035740026641
cycle= 9 E= -774.47918350802  delta_E= -0.000307  |g|= 0.01  |ddm|= 0.043
  HOMO = -0.177119515854611  LUMO = -0.109162430871757
cycle= 10 E= -774.479198393706  delta_E= -1.49e-05  |g|= 0.00677  |ddm|= 0.0165
  HOMO = -0.177150024257533  LUMO = -0.109128870784033
cycle= 11 E= -774.479208772798  delta_E= -1.04e-05  |g|= 0.00304  |ddm|= 0.01
  HOMO = -0.177092200853067  LUMO = -0.109085448271479
cycle= 12 E= -774.47921129865  delta_E= -2.53e-06  |g|= 0.000647  |ddm|= 0.00353
  HOMO = -0.177085661333686  LUMO = -0.109083544501978
cycle= 13 E= -774.479211444019  delta_E= -1.45e-07  |g|= 0.000218  |ddm|= 0.000932
  HOMO = -0.177081232618937  LUMO = -0.109083952291195
cycle= 14 E= -774.479211458247  delta_E= -1.42e-08  |g|= 8.56e-05  |ddm|= 0.000334
  HOMO = -0.177082980065525  LUMO = -0.109086481051632
cycle= 15 E= -774.479211449864  delta_E= 8.38e-09  |g|= 0.000182  |ddm|= 0.000285
  HOMO = -0.177083839661672  LUMO = -0.109087495319015
cycle= 16 E= -774.479211459723  delta_E= -9.86e-09  |g|= 4.77e-05  |ddm|= 0.000233
  HOMO = -0.177083107038266  LUMO = -0.109086212009649
cycle= 17 E= -774.47921146004  delta_E= -3.17e-10  |g|= 2.55e-05  |ddm|= 5.57e-05
  HOMO = -0.177083122854586  LUMO = -0.109086247420358
cycle= 18 E= -774.479211460213  delta_E= -1.73e-10  |g|= 1e-05  |ddm|= 3.53e-05
  HOMO = -0.17708327864215  LUMO = -0.109086170662656
cycle= 19 E= -774.479211460243  delta_E= -2.98e-11  |g|= 4.47e-06  |ddm|= 1.55e-05
  HOMO = -0.17708316888429  LUMO = -0.109086132539892
Extra cycle  E= -774.479211460212  delta_E= 3.02e-11  |g|= 1.13e-05  |ddm|= 1.74e-05
converged SCF energy = -774.479211460212
AOs:  [0, 1, 2, 3, 4, 5, 6, 7, 8, 9, 10, 11, 12, 13, 14, 15, 16, 17, 18, 19, 20, 21, 22, 23, 24, 25, 26, 27, 28, 29, 30, 31, 32, 33, 34, 35, 36, 37, 38, 39, 40, 41, 42, 43, 44, 45, 46, 47, 48, 49, 50, 51, 52, 53, 54, 55, 56, 57, 58, 59, 60, 61, 62, 63]
64
Number of Active MOs:  2
Number of Environment MOs:  68
Number of Virtual MOs:  244
 # electrons:            α            β
         Env:  68.00000000  68.00000000
         Act:   2.00000000   2.00000000
         Vir:   0.00000000   0.00000000
Number of electrons in the active space:  4

 The density matrix is idempotent!

 The density matrix is idempotent!


******** <class 'pyscf.scf.hf.RHF'> ********
method = RHF
initial guess = minao
damping factor = 0
level_shift factor = 0
DIIS = <class 'pyscf.scf.diis.CDIIS'>
diis_start_cycle = 1
diis_space = 8
SCF conv_tol = 1e-09
SCF conv_tol_grad = 1e-05
SCF max_cycles = 200
direct_scf = True
direct_scf_tol = 1e-13
chkfile to save SCF result = subsys_scf.chk
max_memory 900000 MB (current use 10405 MB)
init E= 1249.27014912031
  HOMO = -1.32933958232257  LUMO = -0.0250308910770449
cycle= 1 E= 1249.26881986572  delta_E= -0.00133  |g|= 0.0111  |ddm|= 0.0642
  HOMO = -1.33031405785395  LUMO = -0.0251949455546802
cycle= 2 E= 1249.26878886835  delta_E= -3.1e-05  |g|= 0.00172  |ddm|= 0.00891
  HOMO = -1.33049332028427  LUMO = -0.0252240770045211
cycle= 3 E= 1249.26878807202  delta_E= -7.96e-07  |g|= 3.95e-05  |ddm|= 0.00161
  HOMO = -1.33049164363213  LUMO = -0.0252235676166971
cycle= 4 E= 1249.26878807152  delta_E= -5.03e-10  |g|= 1.57e-06  |ddm|= 3.53e-05
  HOMO = -1.33049147117124  LUMO = -0.0252235382053298
Extra cycle  E= 1249.26878807137  delta_E= -1.43e-10  |g|= 2.63e-07  |ddm|= 2.22e-06
converged SCF energy = 1249.26878807137
Difference in energy:  -47.53313941015586
E(MP2) = 1249.25369752117  E_corr = -0.0150905502029172
Total energy =  -774.4185531946033
time elapsed:  29.690452098846436
