

******** <class 'pyscf.dft.rks.RKS'> ********
method = RKS-RHF
initial guess = minao
damping factor = 0
level_shift factor = 0
DIIS = <class 'pyscf.scf.diis.CDIIS'>
diis_start_cycle = 1
diis_space = 8
SCF conv_tol = 1e-09
SCF conv_tol_grad = 1e-05
SCF max_cycles = 1000
direct_scf = True
direct_scf_tol = 1e-13
chkfile to save SCF result = scf.fchk
max_memory 900000 MB (current use 79 MB)
XC library pyscf.dft.libxc version 5.1.7
    S. Lehtola, C. Steigemann, M. J. Oliveira, and M. A. Marques, SoftwareX 7, 1 (2018)
XC functionals = pbe
    J. P. Perdew, K. Burke, and M. Ernzerhof, Phys. Rev. Lett. 77, 3865 (1996)
    J. P. Perdew, K. Burke, and M. Ernzerhof, Phys. Rev. Lett. 78, 1396 (1997)
    J. P. Perdew, K. Burke, and M. Ernzerhof, Phys. Rev. Lett. 77, 3865 (1996)
    J. P. Perdew, K. Burke, and M. Ernzerhof, Phys. Rev. Lett. 78, 1396 (1997)
small_rho_cutoff = 1e-07
init E= -776.049844041326
  HOMO = -0.257208088434923  LUMO = -0.185398391638991
cycle= 1 E= -774.147380707409  delta_E=  1.9  |g|= 1.15  |ddm|= 6.27
  HOMO = -0.0370722961855155  LUMO = 0.0196234920309861
cycle= 2 E= -771.191262587937  delta_E= 2.96  |g|= 2.85  |ddm|= 3.88
  HOMO = -0.121505345426178  LUMO = -0.0759268946108594
cycle= 3 E= -773.559090945115  delta_E= -2.37  |g|= 1.52  |ddm|= 3.42
  HOMO = -0.164345072863181  LUMO = -0.0899837944522619
cycle= 4 E= -774.445852079946  delta_E= -0.887  |g|= 0.347  |ddm|= 2.16
  HOMO = -0.173691171879382  LUMO = -0.112650289761676
cycle= 5 E= -774.422268432504  delta_E= 0.0236  |g|= 0.396  |ddm|= 0.977
  HOMO = -0.179603046257421  LUMO = -0.110949824128538
cycle= 6 E= -774.478143026794  delta_E= -0.0559  |g|= 0.151  |ddm|= 0.671
  HOMO = -0.178203379075051  LUMO = -0.108540696623513
cycle= 7 E= -774.484325502993  delta_E= -0.00618  |g|= 0.0479  |ddm|=  0.2
  HOMO = -0.177952777278098  LUMO = -0.107525476153307
cycle= 8 E= -774.484652724128  delta_E= -0.000327  |g|= 0.0318  |ddm|= 0.0806
  HOMO = -0.177896534613868  LUMO = -0.107740218869039
cycle= 9 E= -774.484961597382  delta_E= -0.000309  |g|= 0.00983  |ddm|= 0.0428
  HOMO = -0.178159034629989  LUMO = -0.107875557112348
cycle= 10 E= -774.484977019293  delta_E= -1.54e-05  |g|= 0.00623  |ddm|= 0.0156
  HOMO = -0.178173053923332  LUMO = -0.107823665047591
cycle= 11 E= -774.484985595305  delta_E= -8.58e-06  |g|= 0.00283  |ddm|= 0.00907
  HOMO = -0.178119304286048  LUMO = -0.107784623078279
cycle= 12 E= -774.484987780573  delta_E= -2.19e-06  |g|= 0.000584  |ddm|= 0.00328
  HOMO = -0.178113846730302  LUMO = -0.107786066295817
cycle= 13 E= -774.484987904513  delta_E= -1.24e-07  |g|= 0.00018  |ddm|= 0.000866
  HOMO = -0.178109851542086  LUMO = -0.107786937309756
cycle= 14 E= -774.484987914046  delta_E= -9.53e-09  |g|= 7.05e-05  |ddm|= 0.000273
  HOMO = -0.178111007810313  LUMO = -0.107788962001905
cycle= 15 E= -774.484987908828  delta_E= 5.22e-09  |g|= 0.000147  |ddm|= 0.000227
  HOMO = -0.17811175069774  LUMO = -0.107789850672875
cycle= 16 E= -774.484987915051  delta_E= -6.22e-09  |g|= 3.71e-05  |ddm|= 0.000185
  HOMO = -0.178111339553286  LUMO = -0.107788737659697
cycle= 17 E= -774.48498791528  delta_E= -2.29e-10  |g|= 1.83e-05  |ddm|= 4.39e-05
  HOMO = -0.178111336403509  LUMO = -0.107788747095786
cycle= 18 E= -774.484987915367  delta_E= -8.71e-11  |g|= 6.85e-06  |ddm|= 2.46e-05
  HOMO = -0.178111593571366  LUMO = -0.107788526737297
Extra cycle  E= -774.484987915239  delta_E= 1.28e-10  |g|= 2.07e-05  |ddm|= 3.44e-05
converged SCF energy = -774.484987915239
AOs:  [0, 1, 2, 3, 4, 5, 6, 7, 8, 9, 10, 11, 12, 13, 14, 15, 16, 17, 18, 19, 20, 21, 22, 23, 24, 25, 26, 27, 28, 29, 30, 31, 32, 33, 34, 35, 36, 37, 38, 39, 40, 41, 42, 43, 44, 45, 46, 47, 48, 49, 50, 51, 52, 53, 54, 55, 56, 57, 58, 59, 60, 61, 62, 63]
64
Number of Active MOs:  2
Number of Environment MOs:  68
Number of Virtual MOs:  244
 # electrons:            α            β
         Env:  68.00000000  68.00000000
         Act:   2.00000000   2.00000000
         Vir:   0.00000000   0.00000000
Number of electrons in the active space:  4

 The density matrix is idempotent!

 The density matrix is idempotent!


******** <class 'pyscf.scf.hf.RHF'> ********
method = RHF
initial guess = minao
damping factor = 0
level_shift factor = 0
DIIS = <class 'pyscf.scf.diis.CDIIS'>
diis_start_cycle = 1
diis_space = 8
SCF conv_tol = 1e-09
SCF conv_tol_grad = 1e-05
SCF max_cycles = 200
direct_scf = True
direct_scf_tol = 1e-13
chkfile to save SCF result = subsys_scf.chk
max_memory 900000 MB (current use 10405 MB)
init E= 1248.86627026933
  HOMO = -1.32948580850304  LUMO = -0.0243103856497722
cycle= 1 E= 1248.86493839405  delta_E= -0.00133  |g|= 0.0111  |ddm|= 0.065
  HOMO = -1.3304621054409  LUMO = -0.0244705732632
cycle= 2 E= 1248.86490734942  delta_E= -3.1e-05  |g|= 0.00172  |ddm|= 0.00897
  HOMO = -1.33064155402935  LUMO = -0.0244990010162865
cycle= 3 E= 1248.86490655173  delta_E= -7.98e-07  |g|= 3.95e-05  |ddm|= 0.00161
  HOMO = -1.33063986524626  LUMO = -0.0244985029545728
cycle= 4 E= 1248.86490655177  delta_E= 4.3e-11  |g|= 1.57e-06  |ddm|= 3.59e-05
  HOMO = -1.3306396912956  LUMO = -0.0244984745904184
Extra cycle  E= 1248.86490655148  delta_E= -2.94e-10  |g|= 2.64e-07  |ddm|= 2.19e-06
converged SCF energy = 1248.86490655148
Difference in energy:  -47.597833118107445
E(MP2) = 1248.84982490278  E_corr = -0.0150816486965544
Total energy =  -774.4242176522239
time elapsed:  30.83664321899414
