

******** <class 'pyscf.dft.rks.RKS'> ********
method = RKS-RHF
initial guess = minao
damping factor = 0
level_shift factor = 0
DIIS = <class 'pyscf.scf.diis.CDIIS'>
diis_start_cycle = 1
diis_space = 8
SCF conv_tol = 1e-09
SCF conv_tol_grad = 1e-05
SCF max_cycles = 1000
direct_scf = True
direct_scf_tol = 1e-13
chkfile to save SCF result = scf.fchk
max_memory 900000 MB (current use 79 MB)
XC library pyscf.dft.libxc version 5.1.7
    S. Lehtola, C. Steigemann, M. J. Oliveira, and M. A. Marques, SoftwareX 7, 1 (2018)
XC functionals = pbe
    J. P. Perdew, K. Burke, and M. Ernzerhof, Phys. Rev. Lett. 77, 3865 (1996)
    J. P. Perdew, K. Burke, and M. Ernzerhof, Phys. Rev. Lett. 78, 1396 (1997)
    J. P. Perdew, K. Burke, and M. Ernzerhof, Phys. Rev. Lett. 77, 3865 (1996)
    J. P. Perdew, K. Burke, and M. Ernzerhof, Phys. Rev. Lett. 78, 1396 (1997)
small_rho_cutoff = 1e-07
init E= -776.056338143377
  HOMO = -0.256084132256618  LUMO = -0.186075898049
cycle= 1 E= -774.138036810044  delta_E= 1.92  |g|= 1.16  |ddm|= 6.27
  HOMO = -0.0397099386239053  LUMO = 0.0136920487542654
cycle= 2 E= -771.140701316699  delta_E=    3  |g|= 2.86  |ddm|= 3.91
  HOMO = -0.121521123887397  LUMO = -0.0754558714221659
cycle= 3 E= -773.561154344424  delta_E= -2.42  |g|= 1.53  |ddm|= 3.46
  HOMO = -0.163350348925918  LUMO = -0.0910096692125915
cycle= 4 E= -774.441056682965  delta_E= -0.88  |g|= 0.335  |ddm|= 2.16
  HOMO = -0.174841345062252  LUMO = -0.113319156545747
cycle= 5 E= -774.41896120358  delta_E= 0.0221  |g|= 0.385  |ddm|= 0.932
  HOMO = -0.178550892790509  LUMO = -0.111402958773548
cycle= 6 E= -774.469061686084  delta_E= -0.0501  |g|= 0.154  |ddm|= 0.658
  HOMO = -0.177207223257209  LUMO = -0.109491559089874
cycle= 7 E= -774.475605341068  delta_E= -0.00654  |g|= 0.0484  |ddm|= 0.208
  HOMO = -0.17696071090751  LUMO = -0.108305745704084
cycle= 8 E= -774.476006254205  delta_E= -0.000401  |g|= 0.0297  |ddm|= 0.0814
  HOMO = -0.176878879225143  LUMO = -0.108544517625175
cycle= 9 E= -774.476269091361  delta_E= -0.000263  |g|= 0.00943  |ddm|= 0.0394
  HOMO = -0.177066148428935  LUMO = -0.108659942372506
cycle= 10 E= -774.47628049651  delta_E= -1.14e-05  |g|= 0.00671  |ddm|= 0.0161
  HOMO = -0.177117011489802  LUMO = -0.108635726791757
cycle= 11 E= -774.476290877763  delta_E= -1.04e-05  |g|= 0.00307  |ddm|= 0.0102
  HOMO = -0.177066684370458  LUMO = -0.108588353137253
cycle= 12 E= -774.476293465073  delta_E= -2.59e-06  |g|= 0.00063  |ddm|= 0.0036
  HOMO = -0.177062319547518  LUMO = -0.108590706804996
cycle= 13 E= -774.47629358735  delta_E= -1.22e-07  |g|= 0.000264  |ddm|= 0.000874
  HOMO = -0.177055109294958  LUMO = -0.108588270980029
cycle= 14 E= -774.476293608485  delta_E= -2.11e-08  |g|= 9.05e-05  |ddm|= 0.000367
  HOMO = -0.177056681043984  LUMO = -0.108591444539247
cycle= 15 E= -774.476293594206  delta_E= 1.43e-08  |g|= 0.000228  |ddm|= 0.000361
  HOMO = -0.177057987767779  LUMO = -0.108592556857749
cycle= 16 E= -774.476293610236  delta_E= -1.6e-08  |g|= 4.73e-05  |ddm|= 0.000283
  HOMO = -0.177057133232103  LUMO = -0.108591125199223
cycle= 17 E= -774.476293610544  delta_E= -3.07e-10  |g|= 2.62e-05  |ddm|= 5.81e-05
  HOMO = -0.177057091261966  LUMO = -0.108591152903059
cycle= 18 E= -774.476293610727  delta_E= -1.83e-10  |g|= 1.03e-05  |ddm|= 3.66e-05
  HOMO = -0.177057325012806  LUMO = -0.108591105285714
cycle= 19 E= -774.476293610758  delta_E= -3.14e-11  |g|= 4.78e-06  |ddm|= 1.63e-05
  HOMO = -0.177057270780657  LUMO = -0.108591099980675
Extra cycle  E= -774.47629361072  delta_E= 3.77e-11  |g|= 1.23e-05  |ddm|= 1.9e-05
converged SCF energy = -774.47629361072
AOs:  [0, 1, 2, 3, 4, 5, 6, 7, 8, 9, 10, 11, 12, 13, 14, 15, 16, 17, 18, 19, 20, 21, 22, 23, 24, 25, 26, 27, 28, 29, 30, 31, 32, 33, 34, 35, 36, 37, 38, 39, 40, 41, 42, 43, 44, 45, 46, 47, 48, 49, 50, 51, 52, 53, 54, 55, 56, 57, 58, 59, 60, 61, 62, 63]
64
Number of Active MOs:  20
Number of Environment MOs:  50
Number of Virtual MOs:  244
 # electrons:            α            β
         Env:  50.00000000  50.00000000
         Act:  20.00000000  20.00000000
         Vir:  -0.00000000  -0.00000000
Number of electrons in the active space:  40

 The density matrix is idempotent!

 The density matrix is idempotent!


******** <class 'pyscf.scf.hf.RHF'> ********
method = RHF
initial guess = minao
damping factor = 0
level_shift factor = 0
DIIS = <class 'pyscf.scf.diis.CDIIS'>
diis_start_cycle = 1
diis_space = 8
SCF conv_tol = 1e-09
SCF conv_tol_grad = 1e-05
SCF max_cycles = 200
direct_scf = True
direct_scf_tol = 1e-13
chkfile to save SCF result = subsys_scf.chk
max_memory 900000 MB (current use 10405 MB)
init E= 939.642273629513
  HOMO = -0.256938616209835  LUMO = 0.0453850126643736
cycle= 1 E= 939.592576918424  delta_E= -0.0497  |g|= 0.0843  |ddm|= 0.875
  HOMO = -0.266370948568437  LUMO = 0.0453497962204084
cycle= 2 E= 939.588828503854  delta_E= -0.00375  |g|= 0.0273  |ddm|= 0.174
  HOMO = -0.265038076137253  LUMO = 0.0485525113857839
cycle= 3 E= 939.588181075714  delta_E= -0.000647  |g|= 0.00987  |ddm|= 0.0653
  HOMO = -0.266672904682532  LUMO = 0.0489084132723862
cycle= 4 E= 939.588085346058  delta_E= -9.57e-05  |g|= 0.00303  |ddm|= 0.0259
  HOMO = -0.267433340713083  LUMO = 0.0491163953773591
cycle= 5 E= 939.588074502216  delta_E= -1.08e-05  |g|= 0.00131  |ddm|= 0.00978
  HOMO = -0.267369564424597  LUMO = 0.0491879116823253
cycle= 6 E= 939.588073677993  delta_E= -8.24e-07  |g|= 0.00024  |ddm|= 0.00262
  HOMO = -0.267424850113527  LUMO = 0.0491784375687224
cycle= 7 E= 939.588073647747  delta_E= -3.02e-08  |g|= 7.6e-05  |ddm|= 0.000479
  HOMO = -0.267426221884312  LUMO = 0.0491766020469056
cycle= 8 E= 939.588073643903  delta_E= -3.84e-09  |g|= 3.4e-05  |ddm|= 0.000155
  HOMO = -0.267426140589462  LUMO = 0.0491740096712494
cycle= 9 E= 939.588073642842  delta_E= -1.06e-09  |g|= 1.14e-05  |ddm|= 8.48e-05
  HOMO = -0.267425819068189  LUMO = 0.0491726540272622
cycle= 10 E= 939.588073642873  delta_E= 3.02e-11  |g|= 3e-06  |ddm|= 4.64e-05
  HOMO = -0.267425598745707  LUMO = 0.0491725596657662
Extra cycle  E= 939.588073642871  delta_E= -1.71e-12  |g|= 1.85e-06  |ddm|= 6.03e-06
converged SCF energy = 939.588073642871
Difference in energy:  -812.1294777861674
E(MP2) = 938.875847912517  E_corr = -0.712225730354483
Total energy =  -773.8943097224452
time elapsed:  35.72089433670044
