

******** <class 'pyscf.dft.rks.RKS'> ********
method = RKS-RHF
initial guess = minao
damping factor = 0
level_shift factor = 0
DIIS = <class 'pyscf.scf.diis.CDIIS'>
diis_start_cycle = 1
diis_space = 8
SCF conv_tol = 1e-09
SCF conv_tol_grad = 1e-05
SCF max_cycles = 1000
direct_scf = True
direct_scf_tol = 1e-13
chkfile to save SCF result = scf.fchk
max_memory 900000 MB (current use 79 MB)
XC library pyscf.dft.libxc version 5.1.7
    S. Lehtola, C. Steigemann, M. J. Oliveira, and M. A. Marques, SoftwareX 7, 1 (2018)
XC functionals = pbe
    J. P. Perdew, K. Burke, and M. Ernzerhof, Phys. Rev. Lett. 77, 3865 (1996)
    J. P. Perdew, K. Burke, and M. Ernzerhof, Phys. Rev. Lett. 78, 1396 (1997)
    J. P. Perdew, K. Burke, and M. Ernzerhof, Phys. Rev. Lett. 77, 3865 (1996)
    J. P. Perdew, K. Burke, and M. Ernzerhof, Phys. Rev. Lett. 78, 1396 (1997)
small_rho_cutoff = 1e-07
init E= -776.051908310249
  HOMO = -0.252253964449283  LUMO = -0.190705159427395
cycle= 1 E= -774.122729015033  delta_E= 1.93  |g|= 1.16  |ddm|= 6.27
  HOMO = -0.0450786845828618  LUMO = 0.0104956641846229
cycle= 2 E= -771.07476259916  delta_E= 3.05  |g|= 2.88  |ddm|= 3.93
  HOMO = -0.123144805082401  LUMO = -0.0689224141523765
cycle= 3 E= -773.609102412006  delta_E= -2.53  |g|= 1.49  |ddm|= 3.51
  HOMO = -0.158811980707309  LUMO = -0.0978626345839412
cycle= 4 E= -774.426780591605  delta_E= -0.818  |g|= 0.333  |ddm|= 2.13
  HOMO = -0.174710602145402  LUMO = -0.113885259418988
cycle= 5 E= -774.389639743255  delta_E= 0.0371  |g|= 0.426  |ddm|= 1.01
  HOMO = -0.173683786176118  LUMO = -0.115646760985946
cycle= 6 E= -774.452062780046  delta_E= -0.0624  |g|= 0.175  |ddm|= 0.788
  HOMO = -0.173378182052776  LUMO = -0.11464334986414
cycle= 7 E= -774.461082521311  delta_E= -0.00902  |g|= 0.0612  |ddm|= 0.274
  HOMO = -0.172590370081814  LUMO = -0.113298606728487
cycle= 8 E= -774.461965166192  delta_E= -0.000883  |g|= 0.0307  |ddm|= 0.104
  HOMO = -0.172654516684225  LUMO = -0.113663920632863
cycle= 9 E= -774.462234126222  delta_E= -0.000269  |g|= 0.0113  |ddm|= 0.0425
  HOMO = -0.172821892880044  LUMO = -0.113755707358946
cycle= 10 E= -774.462251848573  delta_E= -1.77e-05  |g|= 0.00784  |ddm|= 0.0194
  HOMO = -0.172900742228994  LUMO = -0.113802847307702
cycle= 11 E= -774.462266411995  delta_E= -1.46e-05  |g|= 0.00367  |ddm|= 0.0126
  HOMO = -0.172845599313047  LUMO = -0.113745492984486
cycle= 12 E= -774.462270037166  delta_E= -3.63e-06  |g|= 0.000899  |ddm|= 0.00432
  HOMO = -0.172831795536417  LUMO = -0.113733191562047
cycle= 13 E= -774.462270277277  delta_E= -2.4e-07  |g|= 0.000358  |ddm|= 0.00121
  HOMO = -0.172826111300759  LUMO = -0.113730984533366
cycle= 14 E= -774.462270319194  delta_E= -4.19e-08  |g|= 0.000105  |ddm|= 0.000517
  HOMO = -0.172830428589304  LUMO = -0.113734585282724
cycle= 15 E= -774.462270291434  delta_E= 2.78e-08  |g|= 0.000296  |ddm|= 0.000495
  HOMO = -0.172830410833883  LUMO = -0.113735527171475
cycle= 16 E= -774.462270321505  delta_E= -3.01e-08  |g|= 6.4e-05  |ddm|= 0.000397
  HOMO = -0.172828884592118  LUMO = -0.113733889340044
cycle= 17 E= -774.462270321759  delta_E= -2.54e-10  |g|= 4.5e-05  |ddm|= 9.18e-05
  HOMO = -0.172828958035079  LUMO = -0.113734098091129
cycle= 18 E= -774.462270322309  delta_E= -5.49e-10  |g|= 2e-05  |ddm|= 7.17e-05
  HOMO = -0.172829151630174  LUMO = -0.113734024392101
cycle= 19 E= -774.462270322425  delta_E= -1.17e-10  |g|= 6.02e-06  |ddm|= 2.78e-05
  HOMO = -0.172829120593953  LUMO = -0.113734032436606
Extra cycle  E= -774.46227032235  delta_E= 7.5e-11  |g|= 1.66e-05  |ddm|= 2.64e-05
converged SCF energy = -774.46227032235
AOs:  [0, 1, 2, 3, 4, 5, 6, 7, 8, 9, 10, 11, 12, 13, 14, 15, 16, 17, 18, 19, 20, 21, 22, 23, 24, 25, 26, 27, 28, 29, 30, 31, 32, 33, 34, 35, 36, 37, 38, 39, 40, 41, 42, 43, 44, 45, 46, 47, 48, 49, 50, 51, 52, 53, 54, 55, 56, 57, 58, 59, 60, 61, 62, 63]
64
Number of Active MOs:  20
Number of Environment MOs:  50
Number of Virtual MOs:  244
 # electrons:            α            β
         Env:  50.00000000  50.00000000
         Act:  20.00000000  20.00000000
         Vir:   0.00000000   0.00000000
Number of electrons in the active space:  40

 The density matrix is idempotent!

 The density matrix is idempotent!


******** <class 'pyscf.scf.hf.RHF'> ********
method = RHF
initial guess = minao
damping factor = 0
level_shift factor = 0
DIIS = <class 'pyscf.scf.diis.CDIIS'>
diis_start_cycle = 1
diis_space = 8
SCF conv_tol = 1e-09
SCF conv_tol_grad = 1e-05
SCF max_cycles = 200
direct_scf = True
direct_scf_tol = 1e-13
chkfile to save SCF result = subsys_scf.chk
max_memory 900000 MB (current use 10413 MB)
init E= 937.805884339837
  HOMO = -0.24397021652043  LUMO = 0.0382730928366121
cycle= 1 E= 937.755591424373  delta_E= -0.0503  |g|= 0.0852  |ddm|= 0.838
  HOMO = -0.253529531964765  LUMO = 0.0391688865398831
cycle= 2 E= 937.751590056561  delta_E= -0.004  |g|= 0.0285  |ddm|= 0.179
  HOMO = -0.252702762453441  LUMO = 0.0435085099137642
cycle= 3 E= 937.750838251573  delta_E= -0.000752  |g|= 0.0112  |ddm|= 0.0712
  HOMO = -0.25428784213619  LUMO = 0.0442906908538232
cycle= 4 E= 937.750708007286  delta_E= -0.00013  |g|= 0.00372  |ddm|= 0.0312
  HOMO = -0.255309079202265  LUMO = 0.0445896263369792
cycle= 5 E= 937.750691498791  delta_E= -1.65e-05  |g|= 0.00169  |ddm|= 0.0126
  HOMO = -0.255234591286506  LUMO = 0.0447526091612461
cycle= 6 E= 937.750689931121  delta_E= -1.57e-06  |g|= 0.000297  |ddm|= 0.00382
  HOMO = -0.255295579978287  LUMO = 0.0447437583121796
cycle= 7 E= 937.750689882478  delta_E= -4.86e-08  |g|= 9.67e-05  |ddm|= 0.000672
  HOMO = -0.255302049422515  LUMO = 0.0447410401226422
cycle= 8 E= 937.750689875291  delta_E= -7.19e-09  |g|= 4.38e-05  |ddm|= 0.00022
  HOMO = -0.255301996701444  LUMO = 0.0447383966516985
cycle= 9 E= 937.750689873525  delta_E= -1.77e-09  |g|= 1.62e-05  |ddm|= 0.000126
  HOMO = -0.255302119161636  LUMO = 0.044736723239347
cycle= 10 E= 937.75068987322  delta_E= -3.05e-10  |g|= 6.13e-06  |ddm|= 6.51e-05
  HOMO = -0.255301379755151  LUMO = 0.0447367376038722
Extra cycle  E= 937.750689873313  delta_E= 9.29e-11  |g|= 4.58e-06  |ddm|= 1.31e-05
converged SCF energy = 937.750689873313
Difference in energy:  -816.8068956883274
E(MP2) = 937.03624074492  E_corr = -0.714449128392759
Total energy =  -773.8750558984677
time elapsed:  31.4877712726593
