

******** <class 'pyscf.dft.rks.RKS'> ********
method = RKS-RHF
initial guess = minao
damping factor = 0
level_shift factor = 0
DIIS = <class 'pyscf.scf.diis.CDIIS'>
diis_start_cycle = 1
diis_space = 8
SCF conv_tol = 1e-09
SCF conv_tol_grad = 1e-05
SCF max_cycles = 1000
direct_scf = True
direct_scf_tol = 1e-13
chkfile to save SCF result = scf.fchk
max_memory 900000 MB (current use 79 MB)
XC library pyscf.dft.libxc version 5.1.7
    S. Lehtola, C. Steigemann, M. J. Oliveira, and M. A. Marques, SoftwareX 7, 1 (2018)
XC functionals = pbe
    J. P. Perdew, K. Burke, and M. Ernzerhof, Phys. Rev. Lett. 77, 3865 (1996)
    J. P. Perdew, K. Burke, and M. Ernzerhof, Phys. Rev. Lett. 78, 1396 (1997)
    J. P. Perdew, K. Burke, and M. Ernzerhof, Phys. Rev. Lett. 77, 3865 (1996)
    J. P. Perdew, K. Burke, and M. Ernzerhof, Phys. Rev. Lett. 78, 1396 (1997)
small_rho_cutoff = 1e-07
init E= -776.050242153317
  HOMO = -0.248949751275926  LUMO = -0.194076809624188
cycle= 1 E= -774.109134354988  delta_E= 1.94  |g|= 1.16  |ddm|= 6.27
  HOMO = -0.0461443544805894  LUMO = 0.00372282143568881
cycle= 2 E= -771.010326314455  delta_E=  3.1  |g|= 2.89  |ddm|= 3.96
  HOMO = -0.123984450977837  LUMO = -0.0646853345714398
cycle= 3 E= -773.625732112827  delta_E= -2.62  |g|= 1.47  |ddm|= 3.57
  HOMO = -0.155254064491068  LUMO = -0.102758564917783
cycle= 4 E= -774.411351535808  delta_E= -0.786  |g|= 0.347  |ddm|= 2.14
  HOMO = -0.173876028764222  LUMO = -0.1141269497946
cycle= 5 E= -774.359967600167  delta_E= 0.0514  |g|= 0.471  |ddm|= 1.13
  HOMO = -0.169172451101053  LUMO = -0.118859643955353
cycle= 6 E= -774.437600919576  delta_E= -0.0776  |g|= 0.196  |ddm|= 0.925
  HOMO = -0.170016454253837  LUMO = -0.118633256049712
cycle= 7 E= -774.449362885071  delta_E= -0.0118  |g|= 0.076  |ddm|= 0.347
  HOMO = -0.168608793298892  LUMO = -0.117049679146283
cycle= 8 E= -774.450983814657  delta_E= -0.00162  |g|= 0.0333  |ddm|= 0.134
  HOMO = -0.168870639431651  LUMO = -0.117569423078468
cycle= 9 E= -774.451292331217  delta_E= -0.000309  |g|= 0.0131  |ddm|= 0.0474
  HOMO = -0.169031927093229  LUMO = -0.117646199619167
cycle= 10 E= -774.451320736037  delta_E= -2.84e-05  |g|= 0.00835  |ddm|= 0.0222
  HOMO = -0.169131936182931  LUMO = -0.117740659567924
cycle= 11 E= -774.451337375007  delta_E= -1.66e-05  |g|= 0.00391  |ddm|= 0.0137
  HOMO = -0.169072608158215  LUMO = -0.117677425070204
cycle= 12 E= -774.451341390745  delta_E= -4.02e-06  |g|= 0.00108  |ddm|= 0.00464
  HOMO = -0.169048041815911  LUMO = -0.117652783859925
cycle= 13 E= -774.451341738851  delta_E= -3.48e-07  |g|= 0.000386  |ddm|= 0.00146
  HOMO = -0.169046684044679  LUMO = -0.117653242892877
cycle= 14 E= -774.451341791646  delta_E= -5.28e-08  |g|= 8.13e-05  |ddm|= 0.000583
  HOMO = -0.169049718489393  LUMO = -0.117655168453348
cycle= 15 E= -774.451341777808  delta_E= 1.38e-08  |g|= 0.000206  |ddm|= 0.000363
  HOMO = -0.169049479338021  LUMO = -0.117655999783387
cycle= 16 E= -774.451341792536  delta_E= -1.47e-08  |g|= 6.92e-05  |ddm|= 0.000292
  HOMO = -0.169048107806453  LUMO = -0.117654669686822
cycle= 17 E= -774.451341793221  delta_E= -6.85e-10  |g|= 3.38e-05  |ddm|= 9.06e-05
  HOMO = -0.16904836559475  LUMO = -0.11765488568439
cycle= 18 E= -774.451341793521  delta_E= -3e-10  |g|= 1.73e-05  |ddm|= 6.2e-05
  HOMO = -0.169048438096945  LUMO = -0.117654842910574
cycle= 19 E= -774.451341793618  delta_E= -9.73e-11  |g|= 4.69e-06  |ddm|= 2.41e-05
  HOMO = -0.169048358370966  LUMO = -0.117654864280303
Extra cycle  E= -774.451341793549  delta_E= 6.93e-11  |g|= 1.48e-05  |ddm|= 2.51e-05
converged SCF energy = -774.451341793549
AOs:  [0, 1, 2, 3, 4, 5, 6, 7, 8, 9, 10, 11, 12, 13, 14, 15, 16, 17, 18, 19, 20, 21, 22, 23, 24, 25, 26, 27, 28, 29, 30, 31, 32, 33, 34, 35, 36, 37, 38, 39, 40, 41, 42, 43, 44, 45, 46, 47, 48, 49, 50, 51, 52, 53, 54, 55, 56, 57, 58, 59, 60, 61, 62, 63]
64
Number of Active MOs:  20
Number of Environment MOs:  50
Number of Virtual MOs:  244
 # electrons:            α            β
         Env:  50.00000000  50.00000000
         Act:  20.00000000  20.00000000
         Vir:   0.00000000   0.00000000
Number of electrons in the active space:  40

 The density matrix is idempotent!

 The density matrix is idempotent!


******** <class 'pyscf.scf.hf.RHF'> ********
method = RHF
initial guess = minao
damping factor = 0
level_shift factor = 0
DIIS = <class 'pyscf.scf.diis.CDIIS'>
diis_start_cycle = 1
diis_space = 8
SCF conv_tol = 1e-09
SCF conv_tol_grad = 1e-05
SCF max_cycles = 200
direct_scf = True
direct_scf_tol = 1e-13
chkfile to save SCF result = subsys_scf.chk
max_memory 900000 MB (current use 10660 MB)
init E= 936.551371968854
  HOMO = -0.234337522811097  LUMO = 0.0327897625442971
cycle= 1 E= 936.500639788599  delta_E= -0.0507  |g|= 0.0859  |ddm|= 0.83
  HOMO = -0.243827250403695  LUMO = 0.0341663104182101
cycle= 2 E= 936.496451241197  delta_E= -0.00419  |g|= 0.0295  |ddm|= 0.183
  HOMO = -0.243402652534333  LUMO = 0.0391313606408399
cycle= 3 E= 936.495617036157  delta_E= -0.000834  |g|= 0.0123  |ddm|= 0.0761
  HOMO = -0.244888258638013  LUMO = 0.0402724728013601
cycle= 4 E= 936.495453904753  delta_E= -0.000163  |g|= 0.00433  |ddm|= 0.0356
  HOMO = -0.246131225941902  LUMO = 0.0406263332548916
cycle= 5 E= 936.495431141493  delta_E= -2.28e-05  |g|= 0.00203  |ddm|= 0.0149
  HOMO = -0.246063387520028  LUMO = 0.040878688016652
cycle= 6 E= 936.495428613338  delta_E= -2.53e-06  |g|= 0.000356  |ddm|= 0.00502
  HOMO = -0.246126857229205  LUMO = 0.0408711418869314
cycle= 7 E= 936.495428536934  delta_E= -7.64e-08  |g|= 0.000127  |ddm|= 0.000854
  HOMO = -0.246137702671102  LUMO = 0.0408660450603114
cycle= 8 E= 936.495428522758  delta_E= -1.42e-08  |g|= 5.93e-05  |ddm|= 0.000326
  HOMO = -0.246136747365595  LUMO = 0.0408629387844942
cycle= 9 E= 936.49542851896  delta_E= -3.8e-09  |g|= 2.41e-05  |ddm|= 0.000203
  HOMO = -0.246137082471281  LUMO = 0.040860498323078
cycle= 10 E= 936.495428518285  delta_E= -6.76e-10  |g|= 9.82e-06  |ddm|= 9.97e-05
  HOMO = -0.246135632217284  LUMO = 0.0408607177876901
Extra cycle  E= 936.495428518234  delta_E= -5.06e-11  |g|= 7.55e-06  |ddm|= 2.3e-05
converged SCF energy = 936.495428518234
Difference in energy:  -820.1562013910271
E(MP2) = 935.77923077573  E_corr = -0.716197742504323
Total energy =  -773.8605385298686
time elapsed:  33.24365949630737
