

******** <class 'pyscf.dft.rks.RKS'> ********
method = RKS-RHF
initial guess = minao
damping factor = 0
level_shift factor = 0
DIIS = <class 'pyscf.scf.diis.CDIIS'>
diis_start_cycle = 1
diis_space = 8
SCF conv_tol = 1e-09
SCF conv_tol_grad = 1e-05
SCF max_cycles = 1000
direct_scf = True
direct_scf_tol = 1e-13
chkfile to save SCF result = scf.fchk
max_memory 900000 MB (current use 79 MB)
XC library pyscf.dft.libxc version 5.1.7
    S. Lehtola, C. Steigemann, M. J. Oliveira, and M. A. Marques, SoftwareX 7, 1 (2018)
XC functionals = pbe
    J. P. Perdew, K. Burke, and M. Ernzerhof, Phys. Rev. Lett. 77, 3865 (1996)
    J. P. Perdew, K. Burke, and M. Ernzerhof, Phys. Rev. Lett. 78, 1396 (1997)
    J. P. Perdew, K. Burke, and M. Ernzerhof, Phys. Rev. Lett. 77, 3865 (1996)
    J. P. Perdew, K. Burke, and M. Ernzerhof, Phys. Rev. Lett. 78, 1396 (1997)
small_rho_cutoff = 1e-07
init E= -776.049055203908
  HOMO = -0.244631709417094  LUMO = -0.198080660442283
cycle= 1 E= -774.089588808979  delta_E= 1.96  |g|= 1.16  |ddm|= 6.28
  HOMO = -0.0422744009926052  LUMO = -0.00731092159146124
cycle= 2 E= -770.882712541887  delta_E= 3.21  |g|= 2.91  |ddm|= 4.04
  HOMO = -0.123221589369551  LUMO = -0.0613797598725938
cycle= 3 E= -773.643417971345  delta_E= -2.76  |g|= 1.45  |ddm|= 3.67
  HOMO = -0.151346311251918  LUMO = -0.108937116985826
cycle= 4 E= -774.384857143873  delta_E= -0.741  |g|= 0.384  |ddm|= 2.19
  HOMO = -0.173444547438967  LUMO = -0.113867375702625
cycle= 5 E= -774.313914169579  delta_E= 0.0709  |g|= 0.543  |ddm|= 1.37
  HOMO = -0.163066052885347  LUMO = -0.122696915750525
cycle= 6 E= -774.420365833198  delta_E= -0.106  |g|= 0.217  |ddm|= 1.13
  HOMO = -0.165523487322318  LUMO = -0.123519106505327
cycle= 7 E= -774.434329870145  delta_E= -0.014  |g|= 0.101  |ddm|= 0.451
  HOMO = -0.163055821843555  LUMO = -0.12157056048174
cycle= 8 E= -774.43771830975  delta_E= -0.00339  |g|= 0.0397  |ddm|= 0.197
  HOMO = -0.163773895538089  LUMO = -0.122474068593763
cycle= 9 E= -774.438175588379  delta_E= -0.000457  |g|= 0.015  |ddm|= 0.0578
  HOMO = -0.163937574056731  LUMO = -0.122531760735431
cycle= 10 E= -774.438222892852  delta_E= -4.73e-05  |g|= 0.00841  |ddm|= 0.0256
  HOMO = -0.164037860960906  LUMO = -0.122640538454407
cycle= 11 E= -774.438239253017  delta_E= -1.64e-05  |g|= 0.004  |ddm|= 0.0137
  HOMO = -0.163977642626296  LUMO = -0.122575184770949
cycle= 12 E= -774.43824341871  delta_E= -4.17e-06  |g|= 0.00113  |ddm|= 0.00474
  HOMO = -0.16394734264201  LUMO = -0.122546242196719
cycle= 13 E= -774.438243797638  delta_E= -3.79e-07  |g|= 0.000425  |ddm|= 0.00155
  HOMO = -0.163951645448227  LUMO = -0.12254679031883
cycle= 14 E= -774.438243750194  delta_E= 4.74e-08  |g|= 0.000536  |ddm|= 0.00146
  HOMO = -0.163944141312425  LUMO = -0.122543396270318
cycle= 15 E= -774.438243865711  delta_E= -1.16e-07  |g|= 0.000106  |ddm|= 0.000921
  HOMO = -0.163950493572924  LUMO = -0.122548382872721
cycle= 16 E= -774.438243863679  delta_E= 2.03e-09  |g|= 0.000141  |ddm|= 0.000256
  HOMO = -0.163947315599908  LUMO = -0.122545988747204
cycle= 17 E= -774.438243868072  delta_E= -4.39e-09  |g|= 4.44e-05  |ddm|= 0.00019
  HOMO = -0.163947987795475  LUMO = -0.12254644575542
cycle= 18 E= -774.438243868552  delta_E= -4.8e-10  |g|= 2.48e-05  |ddm|= 8.84e-05
  HOMO = -0.163948049854972  LUMO = -0.12254643189842
cycle= 19 E= -774.43824386874  delta_E= -1.88e-10  |g|= 1.15e-05  |ddm|= 3.6e-05
  HOMO = -0.163948048270152  LUMO = -0.1225465108504
cycle= 20 E= -774.438243868772  delta_E= -3.18e-11  |g|= 6.47e-06  |ddm|= 1.97e-05
  HOMO = -0.163947661649699  LUMO = -0.122546045199933
Extra cycle  E= -774.438243868649  delta_E= 1.22e-10  |g|= 2.1e-05  |ddm|= 3.26e-05
converged SCF energy = -774.438243868649
AOs:  [0, 1, 2, 3, 4, 5, 6, 7, 8, 9, 10, 11, 12, 13, 14, 15, 16, 17, 18, 19, 20, 21, 22, 23, 24, 25, 26, 27, 28, 29, 30, 31, 32, 33, 34, 35, 36, 37, 38, 39, 40, 41, 42, 43, 44, 45, 46, 47, 48, 49, 50, 51, 52, 53, 54, 55, 56, 57, 58, 59, 60, 61, 62, 63]
64
Number of Active MOs:  20
Number of Environment MOs:  50
Number of Virtual MOs:  244
 # electrons:            α            β
         Env:  50.00000000  50.00000000
         Act:  20.00000000  20.00000000
         Vir:  -0.00000000  -0.00000000
Number of electrons in the active space:  40

 The density matrix is idempotent!

 The density matrix is idempotent!


******** <class 'pyscf.scf.hf.RHF'> ********
method = RHF
initial guess = minao
damping factor = 0
level_shift factor = 0
DIIS = <class 'pyscf.scf.diis.CDIIS'>
diis_start_cycle = 1
diis_space = 8
SCF conv_tol = 1e-09
SCF conv_tol_grad = 1e-05
SCF max_cycles = 200
direct_scf = True
direct_scf_tol = 1e-13
chkfile to save SCF result = subsys_scf.chk
max_memory 900000 MB (current use 10414 MB)
init E= 935.155644213911
  HOMO = -0.222678610956546  LUMO = 0.0260032606226431
cycle= 1 E= 935.10436597759  delta_E= -0.0513  |g|= 0.087  |ddm|= 0.829
  HOMO = -0.23192380699906  LUMO = 0.0277651980169733
cycle= 2 E= 935.099949935613  delta_E= -0.00442  |g|= 0.0307  |ddm|= 0.19
  HOMO = -0.232024469278703  LUMO = 0.0332238922068228
cycle= 3 E= 935.099009974545  delta_E= -0.00094  |g|= 0.0141  |ddm|= 0.0824
  HOMO = -0.233317785468954  LUMO = 0.0348215232253981
cycle= 4 E= 935.098795935648  delta_E= -0.000214  |g|= 0.0052  |ddm|= 0.0419
  HOMO = -0.234859238226517  LUMO = 0.0352372688533744
cycle= 5 E= 935.098761678066  delta_E= -3.43e-05  |g|= 0.0025  |ddm|= 0.0184
  HOMO = -0.234819609276236  LUMO = 0.0356153511904938
cycle= 6 E= 935.09875722639  delta_E= -4.45e-06  |g|= 0.000464  |ddm|= 0.007
  HOMO = -0.234885022595522  LUMO = 0.035610018045761
cycle= 7 E= 935.098757074884  delta_E= -1.52e-07  |g|= 0.000193  |ddm|= 0.00118
  HOMO = -0.234900934833953  LUMO = 0.0355994288520576
cycle= 8 E= 935.09875703446  delta_E= -4.04e-08  |g|= 9.69e-05  |ddm|= 0.000599
  HOMO = -0.234897001246053  LUMO = 0.0355947426889131
cycle= 9 E= 935.098757021115  delta_E= -1.33e-08  |g|= 4.1e-05  |ddm|= 0.000425
  HOMO = -0.234897091149323  LUMO = 0.0355902981722983
cycle= 10 E= 935.098757019208  delta_E= -1.91e-09  |g|= 1.69e-05  |ddm|= 0.000197
  HOMO = -0.234895017762252  LUMO = 0.0355903326489955
cycle= 11 E= 935.098757019004  delta_E= -2.04e-10  |g|= 6.97e-06  |ddm|= 5.99e-05
  HOMO = -0.234894635967202  LUMO = 0.0355900732073071
Extra cycle  E= 935.098757018884  delta_E= -1.19e-10  |g|= 3.27e-06  |ddm|= 1.69e-05
converged SCF energy = 935.098757018884
Difference in energy:  -824.2736387072603
E(MP2) = 934.380428105244  E_corr = -0.718328913640438
Total energy =  -773.8430102275779
time elapsed:  32.628275632858276
