

******** <class 'pyscf.dft.rks.RKS'> ********
method = RKS-RHF
initial guess = minao
damping factor = 0
level_shift factor = 0
DIIS = <class 'pyscf.scf.diis.CDIIS'>
diis_start_cycle = 1
diis_space = 8
SCF conv_tol = 1e-09
SCF conv_tol_grad = 1e-05
SCF max_cycles = 1000
direct_scf = True
direct_scf_tol = 1e-13
chkfile to save SCF result = scf.fchk
max_memory 900000 MB (current use 79 MB)
XC library pyscf.dft.libxc version 5.1.7
    S. Lehtola, C. Steigemann, M. J. Oliveira, and M. A. Marques, SoftwareX 7, 1 (2018)
XC functionals = pbe
    J. P. Perdew, K. Burke, and M. Ernzerhof, Phys. Rev. Lett. 77, 3865 (1996)
    J. P. Perdew, K. Burke, and M. Ernzerhof, Phys. Rev. Lett. 78, 1396 (1997)
    J. P. Perdew, K. Burke, and M. Ernzerhof, Phys. Rev. Lett. 77, 3865 (1996)
    J. P. Perdew, K. Burke, and M. Ernzerhof, Phys. Rev. Lett. 78, 1396 (1997)
small_rho_cutoff = 1e-07
init E= -776.048275831492
  HOMO = -0.239643881425874  LUMO = -0.202481399345003
cycle= 1 E= -774.059571486095  delta_E= 1.99  |g|= 1.17  |ddm|= 6.28
  HOMO = -0.0344425718998421  LUMO = -0.0164087406438028
cycle= 2 E= -770.111107858317  delta_E= 3.95  |g|= 3.04  |ddm|= 4.35
  HOMO = -0.119476843102423  LUMO = -0.0580788083022472
cycle= 3 E= -773.686361374419  delta_E= -3.58  |g|= 1.36  |ddm|= 3.94
  HOMO = -0.139925093217868  LUMO = -0.119231608172593
cycle= 4 E= -774.312295009999  delta_E= -0.626  |g|= 0.513  |ddm|= 2.43
  HOMO = -0.174840189326176  LUMO = -0.119170307859271
cycle= 5 E= -774.265581396592  delta_E= 0.0467  |g|= 0.64  |ddm|= 1.68
  HOMO = -0.154858185449864  LUMO = -0.126083971597265
cycle= 6 E= -774.400371476657  delta_E= -0.135  |g|= 0.23  |ddm|= 1.36
  HOMO = -0.159613606167686  LUMO = -0.129164258276349
cycle= 7 E= -774.414595883943  delta_E= -0.0142  |g|= 0.151  |ddm|= 0.612
  HOMO = -0.155920774643552  LUMO = -0.126788080009292
cycle= 8 E= -774.42274412953  delta_E= -0.00815  |g|= 0.0477  |ddm|= 0.284
  HOMO = -0.157527792098232  LUMO = -0.128477393443203
cycle= 9 E= -774.423404501674  delta_E= -0.00066  |g|= 0.0205  |ddm|= 0.0804
  HOMO = -0.157709199353372  LUMO = -0.128561093318796
cycle= 10 E= -774.423509711211  delta_E= -0.000105  |g|= 0.0093  |ddm|= 0.0322
  HOMO = -0.157630368467925  LUMO = -0.128501529229187
cycle= 11 E= -774.423527568564  delta_E= -1.79e-05  |g|= 0.00432  |ddm|= 0.0149
  HOMO = -0.157570597555316  LUMO = -0.128425548334692
cycle= 12 E= -774.423533789711  delta_E= -6.22e-06  |g|= 0.00146  |ddm|= 0.00543
  HOMO = -0.157551550975309  LUMO = -0.128400194561322
cycle= 13 E= -774.423534543209  delta_E= -7.53e-07  |g|= 0.000582  |ddm|= 0.00292
  HOMO = -0.157554301615632  LUMO = -0.128404775758397
cycle= 14 E= -774.423534617245  delta_E= -7.4e-08  |g|= 0.000265  |ddm|= 0.000719
  HOMO = -0.157561234868754  LUMO = -0.128412104005948
cycle= 15 E= -774.423534636385  delta_E= -1.91e-08  |g|= 0.00012  |ddm|= 0.000471
  HOMO = -0.157555371361826  LUMO = -0.128407002405879
cycle= 16 E= -774.423534635566  delta_E= 8.18e-10  |g|= 0.000141  |ddm|= 0.000262
  HOMO = -0.157556628068871  LUMO = -0.128407488273638
cycle= 17 E= -774.423534640591  delta_E= -5.02e-09  |g|= 2.03e-05  |ddm|= 0.000173
  HOMO = -0.157556995707595  LUMO = -0.128408076735959
cycle= 18 E= -774.423534640684  delta_E= -9.35e-11  |g|= 1.33e-05  |ddm|= 4.54e-05
  HOMO = -0.157557329826847  LUMO = -0.128408302714538
cycle= 19 E= -774.423534640732  delta_E= -4.84e-11  |g|= 6.1e-06  |ddm|= 2e-05
  HOMO = -0.157557273512029  LUMO = -0.128408131512099
Extra cycle  E= -774.423534640543  delta_E= 1.9e-10  |g|= 2.24e-05  |ddm|= 4.24e-05
converged SCF energy = -774.423534640543
AOs:  [0, 1, 2, 3, 4, 5, 6, 7, 8, 9, 10, 11, 12, 13, 14, 15, 16, 17, 18, 19, 20, 21, 22, 23, 24, 25, 26, 27, 28, 29, 30, 31, 32, 33, 34, 35, 36, 37, 38, 39, 40, 41, 42, 43, 44, 45, 46, 47, 48, 49, 50, 51, 52, 53, 54, 55, 56, 57, 58, 59, 60, 61, 62, 63]
64
Number of Active MOs:  20
Number of Environment MOs:  50
Number of Virtual MOs:  244
 # electrons:            α            β
         Env:  50.00000000  50.00000000
         Act:  20.00000000  20.00000000
         Vir:  -0.00000000  -0.00000000
Number of electrons in the active space:  40

 The density matrix is idempotent!

 The density matrix is idempotent!


******** <class 'pyscf.scf.hf.RHF'> ********
method = RHF
initial guess = minao
damping factor = 0
level_shift factor = 0
DIIS = <class 'pyscf.scf.diis.CDIIS'>
diis_start_cycle = 1
diis_space = 8
SCF conv_tol = 1e-09
SCF conv_tol_grad = 1e-05
SCF max_cycles = 200
direct_scf = True
direct_scf_tol = 1e-13
chkfile to save SCF result = subsys_scf.chk
max_memory 900000 MB (current use 10677 MB)
init E= 933.688302565658
  HOMO = -0.209079666068319  LUMO = 0.0179715188724473
cycle= 1 E= 933.636406716605  delta_E= -0.0519  |g|= 0.0885  |ddm|= 0.834
  HOMO = -0.217825410931355  LUMO = 0.0199049071148408
cycle= 2 E= 933.631732749388  delta_E= -0.00467  |g|= 0.0322  |ddm|=  0.2
  HOMO = -0.218586211208544  LUMO = 0.0256055372845652
cycle= 3 E= 933.630664680785  delta_E= -0.00107  |g|= 0.0167  |ddm|= 0.0899
  HOMO = -0.219555855345412  LUMO = 0.0277170468234539
cycle= 4 E= 933.63037030795  delta_E= -0.000294  |g|= 0.00637  |ddm|= 0.0507
  HOMO = -0.221478056195509  LUMO = 0.028225050985284
cycle= 5 E= 933.630313227575  delta_E= -5.71e-05  |g|= 0.00319  |ddm|= 0.0243
  HOMO = -0.22149692049429  LUMO = 0.0287627762916314
cycle= 6 E= 933.630304511776  delta_E= -8.72e-06  |g|= 0.000703  |ddm|= 0.0105
  HOMO = -0.221564337572478  LUMO = 0.0287581494216652
cycle= 7 E= 933.63030407469  delta_E= -4.37e-07  |g|= 0.000362  |ddm|= 0.00195
  HOMO = -0.221582303365803  LUMO = 0.0287346570849261
cycle= 8 E= 933.630303884402  delta_E= -1.9e-07  |g|= 0.000195  |ddm|= 0.00147
  HOMO = -0.221569106226882  LUMO = 0.0287236914106394
cycle= 9 E= 933.630303816906  delta_E= -6.75e-08  |g|= 7.26e-05  |ddm|= 0.00118
  HOMO = -0.221566239063966  LUMO = 0.0287144099965575
cycle= 10 E= 933.630303808759  delta_E= -8.15e-09  |g|= 2.85e-05  |ddm|= 0.000479
  HOMO = -0.221562620238222  LUMO = 0.0287154324602268
cycle= 11 E= 933.630303808356  delta_E= -4.03e-10  |g|= 1.17e-05  |ddm|= 8.38e-05
  HOMO = -0.221561611270676  LUMO = 0.0287146559525484
cycle= 12 E= 933.630303808211  delta_E= -1.45e-10  |g|= 2.62e-06  |ddm|= 6.27e-05
  HOMO = -0.221561651493311  LUMO = 0.0287144865145331
Extra cycle  E= 933.63030380815  delta_E= -6.08e-11  |g|= 1.27e-06  |ddm|= 5.92e-06
converged SCF energy = 933.63030380815
Difference in energy:  -829.2647856627622
E(MP2) = 932.90952345484  E_corr = -0.720780353309677
Total energy =  -773.8227985468433
time elapsed:  31.467756509780884
