

******** <class 'pyscf.dft.rks.RKS'> ********
method = RKS-RHF
initial guess = minao
damping factor = 0
level_shift factor = 0
DIIS = <class 'pyscf.scf.diis.CDIIS'>
diis_start_cycle = 1
diis_space = 8
SCF conv_tol = 1e-09
SCF conv_tol_grad = 1e-05
SCF max_cycles = 1000
direct_scf = True
direct_scf_tol = 1e-13
chkfile to save SCF result = scf.fchk
max_memory 900000 MB (current use 79 MB)
XC library pyscf.dft.libxc version 5.1.7
    S. Lehtola, C. Steigemann, M. J. Oliveira, and M. A. Marques, SoftwareX 7, 1 (2018)
XC functionals = pbe
    J. P. Perdew, K. Burke, and M. Ernzerhof, Phys. Rev. Lett. 77, 3865 (1996)
    J. P. Perdew, K. Burke, and M. Ernzerhof, Phys. Rev. Lett. 78, 1396 (1997)
    J. P. Perdew, K. Burke, and M. Ernzerhof, Phys. Rev. Lett. 77, 3865 (1996)
    J. P. Perdew, K. Burke, and M. Ernzerhof, Phys. Rev. Lett. 78, 1396 (1997)
small_rho_cutoff = 1e-07
init E= -776.047798795053
  HOMO = -0.235019146860397  LUMO = -0.206521259284497
cycle= 1 E= -774.011944646364  delta_E= 2.04  |g|= 1.19  |ddm|= 6.28
  HOMO = -0.00157367964471102  LUMO = 0.0018369293054735
cycle= 2 E= -764.212108471776  delta_E=  9.8  |g|= 4.19  |ddm|=    6
  HOMO = -0.097421058555075  LUMO = -0.0703797650692083
cycle= 3 E= -773.844776543232  delta_E= -9.63  |g|= 1.24  |ddm|= 5.59
  HOMO = -0.101053119809376  LUMO = -0.0866402730477802
cycle= 4 E= -772.611021351051  delta_E= 1.23  |g|= 1.92  |ddm|=  3.4
  HOMO = -0.134651415219806  LUMO = -0.0983833717581232
cycle= 5 E= -774.106582582119  delta_E= -1.5  |g|= 0.726  |ddm|= 2.67
  HOMO = -0.158086897003261  LUMO = -0.129767448620008
cycle= 6 E= -774.295203245031  delta_E= -0.189  |g|= 0.522  |ddm|= 2.13
  HOMO = -0.150775777646266  LUMO = -0.135450500533448
cycle= 7 E= -774.379282864708  delta_E= -0.0841  |g|= 0.239  |ddm|= 1.34
  HOMO = -0.147416280814805  LUMO = -0.131836139058222
cycle= 8 E= -774.402480046738  delta_E= -0.0232  |g|= 0.124  |ddm|= 0.634
  HOMO = -0.150690982659974  LUMO = -0.135948736369344
cycle= 9 E= -774.40576418032  delta_E= -0.00328  |g|= 0.0773  |ddm|= 0.292
  HOMO = -0.150420509664774  LUMO = -0.135559959461051
cycle= 10 E= -774.407561349281  delta_E= -0.0018  |g|= 0.0346  |ddm|= 0.123
  HOMO = -0.150098847697128  LUMO = -0.135256560621984
cycle= 11 E= -774.407547228702  delta_E= 1.41e-05  |g|= 0.0271  |ddm|= 0.0573
  HOMO = -0.149992148451166  LUMO = -0.135079664892338
cycle= 12 E= -774.407838038441  delta_E= -0.000291  |g|= 0.0123  |ddm|= 0.0319
  HOMO = -0.150069807682036  LUMO = -0.135129881889341
cycle= 13 E= -774.407888813785  delta_E= -5.08e-05  |g|= 0.00654  |ddm|= 0.0115
  HOMO = -0.1501112141488  LUMO = -0.135147784617197
cycle= 14 E= -774.407909646255  delta_E= -2.08e-05  |g|= 0.00176  |ddm|= 0.0117
  HOMO = -0.150083088562858  LUMO = -0.135108636405238
cycle= 15 E= -774.407910630709  delta_E= -9.84e-07  |g|= 0.000847  |ddm|= 0.00417
  HOMO = -0.150079200740584  LUMO = -0.135107281771527
cycle= 16 E= -774.407910909551  delta_E= -2.79e-07  |g|= 0.000206  |ddm|= 0.00142
  HOMO = -0.150086072309238  LUMO = -0.135114626724322
cycle= 17 E= -774.407910904614  delta_E= 4.94e-09  |g|= 0.000199  |ddm|= 0.00049
  HOMO = -0.150082525939444  LUMO = -0.135110851111924
cycle= 18 E= -774.407910915606  delta_E= -1.1e-08  |g|= 0.000107  |ddm|= 0.000268
  HOMO = -0.150085476106988  LUMO = -0.135113216001758
cycle= 19 E= -774.40791091931  delta_E= -3.7e-09  |g|= 7.7e-05  |ddm|= 0.000277
  HOMO = -0.150085975816403  LUMO = -0.135113542412901
cycle= 20 E= -774.407910918119  delta_E= 1.19e-09  |g|= 7.75e-05  |ddm|= 0.000156
  HOMO = -0.150085045722612  LUMO = -0.13511288406725
cycle= 21 E= -774.407910921137  delta_E= -3.02e-09  |g|= 1.54e-05  |ddm|= 0.000134
  HOMO = -0.150084852860119  LUMO = -0.135112756869858
cycle= 22 E= -774.407910921241  delta_E= -1.03e-10  |g|= 3.69e-06  |ddm|= 2.31e-05
  HOMO = -0.150084420264154  LUMO = -0.135112686052895
Extra cycle  E= -774.407910919608  delta_E= 1.63e-09  |g|= 5.66e-05  |ddm|= 0.000127
converged SCF energy = -774.407910919608
AOs:  [0, 1, 2, 3, 4, 5, 6, 7, 8, 9, 10, 11, 12, 13, 14, 15, 16, 17, 18, 19, 20, 21, 22, 23, 24, 25, 26, 27, 28, 29, 30, 31, 32, 33, 34, 35, 36, 37, 38, 39, 40, 41, 42, 43, 44, 45, 46, 47, 48, 49, 50, 51, 52, 53, 54, 55, 56, 57, 58, 59, 60, 61, 62, 63]
64
Number of Active MOs:  20
Number of Environment MOs:  50
Number of Virtual MOs:  244
 # electrons:            α            β
         Env:  50.00000000  50.00000000
         Act:  20.00000000  20.00000000
         Vir:   0.00000000   0.00000000
Number of electrons in the active space:  40

 The density matrix is idempotent!

 The density matrix is idempotent!


******** <class 'pyscf.scf.hf.RHF'> ********
method = RHF
initial guess = minao
damping factor = 0
level_shift factor = 0
DIIS = <class 'pyscf.scf.diis.CDIIS'>
diis_start_cycle = 1
diis_space = 8
SCF conv_tol = 1e-09
SCF conv_tol_grad = 1e-05
SCF max_cycles = 200
direct_scf = True
direct_scf_tol = 1e-13
chkfile to save SCF result = subsys_scf.chk
max_memory 900000 MB (current use 10411 MB)
init E= 932.218512327563
  HOMO = -0.193721357073257  LUMO = 0.00892893487414602
cycle= 1 E= 932.165950633991  delta_E= -0.0526  |g|= 0.091  |ddm|= 0.844
  HOMO = -0.201567946134905  LUMO = 0.0106446456610154
cycle= 2 E= 932.161001684506  delta_E= -0.00495  |g|= 0.0343  |ddm|= 0.213
  HOMO = -0.203143483923155  LUMO = 0.0162629404489802
cycle= 3 E= 932.159786367425  delta_E= -0.00122  |g|= 0.0206  |ddm|= 0.0981
  HOMO = -0.203628896582859  LUMO = 0.0188439654074696
cycle= 4 E= 932.159360229192  delta_E= -0.000426  |g|= 0.00789  |ddm|= 0.0634
  HOMO = -0.205982569706411  LUMO = 0.0195116581547435
cycle= 5 E= 932.159252975183  delta_E= -0.000107  |g|= 0.00438  |ddm|= 0.0349
  HOMO = -0.206082408881868  LUMO = 0.0202343077104277
cycle= 6 E= 932.15923220132  delta_E= -2.08e-05  |g|= 0.00134  |ddm|= 0.0177
  HOMO = -0.206151648201744  LUMO = 0.0202171207021053
cycle= 7 E= 932.159230163551  delta_E= -2.04e-06  |g|= 0.000852  |ddm|= 0.00432
  HOMO = -0.206146742295457  LUMO = 0.020154591263715
cycle= 8 E= 932.159228684617  delta_E= -1.48e-06  |g|= 0.000455  |ddm|= 0.00503
  HOMO = -0.206105320157129  LUMO = 0.0201125901621767
cycle= 9 E= 932.159228209539  delta_E= -4.75e-07  |g|= 0.000118  |ddm|= 0.0041
  HOMO = -0.206085638701102  LUMO = 0.0201012353018877
cycle= 10 E= 932.159228182793  delta_E= -2.67e-08  |g|= 4.27e-05  |ddm|= 0.000952
  HOMO = -0.206084160610164  LUMO = 0.0200962309791531
cycle= 11 E= 932.159228180824  delta_E= -1.97e-09  |g|= 1.68e-05  |ddm|= 0.000309
  HOMO = -0.20608221815182  LUMO = 0.0200974175343271
cycle= 12 E= 932.159228180529  delta_E= -2.95e-10  |g|= 4.06e-06  |ddm|= 4.33e-05
  HOMO = -0.206082736899511  LUMO = 0.0200969255397036
Extra cycle  E= 932.159228180604  delta_E= 7.55e-11  |g|= 2.44e-06  |ddm|= 1.04e-05
converged SCF energy = 932.159228180604
Difference in energy:  -835.1645691722385
E(MP2) = 931.435958551671  E_corr = -0.723269628933364
Total energy =  -773.8002622059295
time elapsed:  33.98772478103638
