

******** <class 'pyscf.dft.rks.RKS'> ********
method = RKS-RHF
initial guess = minao
damping factor = 0
level_shift factor = 0
DIIS = <class 'pyscf.scf.diis.CDIIS'>
diis_start_cycle = 1
diis_space = 8
SCF conv_tol = 1e-09
SCF conv_tol_grad = 1e-05
SCF max_cycles = 1000
direct_scf = True
direct_scf_tol = 1e-13
chkfile to save SCF result = scf.fchk
max_memory 900000 MB (current use 79 MB)
XC library pyscf.dft.libxc version 5.1.7
    S. Lehtola, C. Steigemann, M. J. Oliveira, and M. A. Marques, SoftwareX 7, 1 (2018)
XC functionals = pbe
    J. P. Perdew, K. Burke, and M. Ernzerhof, Phys. Rev. Lett. 77, 3865 (1996)
    J. P. Perdew, K. Burke, and M. Ernzerhof, Phys. Rev. Lett. 78, 1396 (1997)
    J. P. Perdew, K. Burke, and M. Ernzerhof, Phys. Rev. Lett. 77, 3865 (1996)
    J. P. Perdew, K. Burke, and M. Ernzerhof, Phys. Rev. Lett. 78, 1396 (1997)
small_rho_cutoff = 1e-07
init E= -776.047638597656
  HOMO = -0.233466841506638  LUMO = -0.207874291113346
cycle= 1 E= -773.986319800005  delta_E= 2.06  |g|=  1.2  |ddm|= 6.28
  HOMO = -0.0108536164872482  LUMO = 0.00442826548114019
cycle= 2 E= -762.822939903512  delta_E= 11.2  |g|=  3.8  |ddm|= 6.26
  HOMO = -0.106870948461841  LUMO = -0.0643658270604286
cycle= 3 E= -773.656606832172  delta_E= -10.8  |g|=  1.4  |ddm|=  5.9
  HOMO = -0.110300575190066  LUMO = -0.0811902569159142
cycle= 4 E= -772.859001455719  delta_E= 0.798  |g|= 1.77  |ddm|= 3.35
  HOMO = -0.144285763875913  LUMO = -0.0914024200453689
cycle= 5 E= -774.052732239523  delta_E= -1.19  |g|= 0.798  |ddm|= 2.59
  HOMO = -0.152568114857492  LUMO = -0.129349043308006
cycle= 6 E= -774.278380044541  delta_E= -0.226  |g|= 0.511  |ddm|= 2.27
  HOMO = -0.149473058533984  LUMO = -0.136030429479552
cycle= 7 E= -774.242578116677  delta_E= 0.0358  |g|= 0.518  |ddm|=    2
  HOMO = -0.1439825166311  LUMO = -0.134818207979334
cycle= 8 E= -774.377251782023  delta_E= -0.135  |g|= 0.222  |ddm|=  1.6
  HOMO = -0.146130976663181  LUMO = -0.138635284932889
cycle= 9 E= -774.396813777253  delta_E= -0.0196  |g|= 0.103  |ddm|= 0.515
  HOMO = -0.144930832939498  LUMO = -0.137562671348046
cycle= 10 E= -774.399266315149  delta_E= -0.00245  |g|= 0.0476  |ddm|= 0.17
  HOMO = -0.146069428520712  LUMO = -0.138604346344528
cycle= 11 E= -774.399363844576  delta_E= -9.75e-05  |g|= 0.0388  |ddm|= 0.0823
  HOMO = -0.146109259014918  LUMO = -0.138746975483279
cycle= 12 E= -774.399990842913  delta_E= -0.000627  |g|= 0.00822  |ddm|= 0.0787
  HOMO = -0.146091230229592  LUMO = -0.138666760258147
cycle= 13 E= -774.39979139397  delta_E= 0.000199  |g|= 0.0206  |ddm|= 0.047
  HOMO = -0.146049817374875  LUMO = -0.138603523924732
cycle= 14 E= -774.399668671384  delta_E= 0.000123  |g|= 0.0253  |ddm|= 0.012
  HOMO = -0.14607049506094  LUMO = -0.138628886334453
cycle= 15 E= -774.399693667239  delta_E= -2.5e-05  |g|= 0.0243  |ddm|= 0.00332
  HOMO = -0.145998387787189  LUMO = -0.138624868005293
cycle= 16 E= -774.399980913087  delta_E= -0.000287  |g|= 0.00735  |ddm|= 0.0388
  HOMO = -0.146068295375212  LUMO = -0.138728288052934
cycle= 17 E= -774.40000609572  delta_E= -2.52e-05  |g|= 0.00293  |ddm|= 0.0218
  HOMO = -0.146009750656547  LUMO = -0.138664839391418
cycle= 18 E= -774.400009373701  delta_E= -3.28e-06  |g|= 0.00109  |ddm|= 0.00528
  HOMO = -0.146057437038028  LUMO = -0.138707631028105
cycle= 19 E= -774.400009566727  delta_E= -1.93e-07  |g|= 0.000671  |ddm|= 0.00287
  HOMO = -0.146043096098406  LUMO = -0.138694671570704
cycle= 20 E= -774.40000978232  delta_E= -2.16e-07  |g|= 0.000221  |ddm|= 0.00108
  HOMO = -0.146042553051884  LUMO = -0.138694757390002
cycle= 21 E= -774.400009805229  delta_E= -2.29e-08  |g|= 6.98e-05  |ddm|= 0.00057
  HOMO = -0.146043394513664  LUMO = -0.138695601077763
cycle= 22 E= -774.40000980611  delta_E= -8.82e-10  |g|= 5.12e-05  |ddm|= 0.000146
  HOMO = -0.146043382534167  LUMO = -0.138695550547739
cycle= 23 E= -774.40000980656  delta_E= -4.49e-10  |g|= 2.38e-05  |ddm|= 6.49e-05
  HOMO = -0.14604309876333  LUMO = -0.13869546143863
cycle= 24 E= -774.40000980612  delta_E= 4.39e-10  |g|= 3.8e-05  |ddm|= 0.000123
  HOMO = -0.146043291262907  LUMO = -0.138695535722241
cycle= 25 E= -774.40000980682  delta_E= -7e-10  |g|= 5.72e-06  |ddm|= 7.36e-05
  HOMO = -0.146043462813656  LUMO = -0.138695443300682
Extra cycle  E= -774.400009803847  delta_E= 2.97e-09  |g|= 7.55e-05  |ddm|= 0.000174
converged SCF energy = -774.400009803847
AOs:  [0, 1, 2, 3, 4, 5, 6, 7, 8, 9, 10, 11, 12, 13, 14, 15, 16, 17, 18, 19, 20, 21, 22, 23, 24, 25, 26, 27, 28, 29, 30, 31, 32, 33, 34, 35, 36, 37, 38, 39, 40, 41, 42, 43, 44, 45, 46, 47, 48, 49, 50, 51, 52, 53, 54, 55, 56, 57, 58, 59, 60, 61, 62, 63]
64
Number of Active MOs:  20
Number of Environment MOs:  50
Number of Virtual MOs:  244
 # electrons:            α            β
         Env:  50.00000000  50.00000000
         Act:  20.00000000  20.00000000
         Vir:   0.00000000   0.00000000
Number of electrons in the active space:  40

 The density matrix is idempotent!

 The density matrix is idempotent!


******** <class 'pyscf.scf.hf.RHF'> ********
method = RHF
initial guess = minao
damping factor = 0
level_shift factor = 0
DIIS = <class 'pyscf.scf.diis.CDIIS'>
diis_start_cycle = 1
diis_space = 8
SCF conv_tol = 1e-09
SCF conv_tol_grad = 1e-05
SCF max_cycles = 200
direct_scf = True
direct_scf_tol = 1e-13
chkfile to save SCF result = subsys_scf.chk
max_memory 900000 MB (current use 10414 MB)
init E= 931.504305021132
  HOMO = -0.185462434741471  LUMO = 0.00418446389860329
cycle= 1 E= 931.451392393044  delta_E= -0.0529  |g|= 0.093  |ddm|= 0.85
  HOMO = -0.19264547612411  LUMO = 0.00555222300027088
cycle= 2 E= 931.446301647767  delta_E= -0.00509  |g|= 0.0358  |ddm|= 0.222
  HOMO = -0.194695094257764  LUMO = 0.0110169377684721
cycle= 3 E= 931.445002573136  delta_E= -0.0013  |g|= 0.0234  |ddm|= 0.103
  HOMO = -0.194882302565535  LUMO = 0.0137580164775556
cycle= 4 E= 931.444478304382  delta_E= -0.000524  |g|= 0.00895  |ddm|= 0.0718
  HOMO = -0.197433678263345  LUMO = 0.0145258694018532
cycle= 5 E= 931.444322555894  delta_E= -0.000156  |g|= 0.0054  |ddm|= 0.0437
  HOMO = -0.197567945943254  LUMO = 0.0153434914541127
cycle= 6 E= 931.444285796434  delta_E= -3.68e-05  |g|= 0.00202  |ddm|= 0.0246
  HOMO = -0.197633801557038  LUMO = 0.0153026444481658
cycle= 7 E= 931.444280457429  delta_E= -5.34e-06  |g|= 0.00141  |ddm|= 0.00722
  HOMO = -0.197578335896887  LUMO = 0.0151864486658408
cycle= 8 E= 931.44427550653  delta_E= -4.95e-06  |g|= 0.000735  |ddm|= 0.0105
  HOMO = -0.197504651025608  LUMO = 0.0150953140228035
cycle= 9 E= 931.444274083499  delta_E= -1.42e-06  |g|= 0.000179  |ddm|= 0.00819
  HOMO = -0.197467010903006  LUMO = 0.0150934021534354
cycle= 10 E= 931.444274038131  delta_E= -4.54e-08  |g|= 0.000114  |ddm|= 0.000995
  HOMO = -0.197464940830854  LUMO = 0.0150750682171804
cycle= 11 E= 931.444274023838  delta_E= -1.43e-08  |g|= 2.86e-05  |ddm|= 0.000885
  HOMO = -0.197461240901741  LUMO = 0.0150764048987957
cycle= 12 E= 931.444274023355  delta_E= -4.82e-10  |g|= 5.84e-06  |ddm|= 8.56e-05
  HOMO = -0.197461577795577  LUMO = 0.0150758740506533
Extra cycle  E= 931.444274023497  delta_E= 1.42e-10  |g|= 2.93e-06  |ddm|= 1.63e-05
converged SCF energy = 931.444274023497
Difference in energy:  -838.4016493878951
E(MP2) = 930.720098422478  E_corr = -0.724175601019519
Total energy =  -773.7881084508931
time elapsed:  39.28490161895752
