

******** <class 'pyscf.dft.rks.RKS'> ********
method = RKS-RHF
initial guess = minao
damping factor = 0
level_shift factor = 0
DIIS = <class 'pyscf.scf.diis.CDIIS'>
diis_start_cycle = 1
diis_space = 8
SCF conv_tol = 1e-09
SCF conv_tol_grad = 1e-05
SCF max_cycles = 1000
direct_scf = True
direct_scf_tol = 1e-13
chkfile to save SCF result = scf.fchk
max_memory 900000 MB (current use 79 MB)
XC library pyscf.dft.libxc version 5.1.7
    S. Lehtola, C. Steigemann, M. J. Oliveira, and M. A. Marques, SoftwareX 7, 1 (2018)
XC functionals = pbe
    J. P. Perdew, K. Burke, and M. Ernzerhof, Phys. Rev. Lett. 77, 3865 (1996)
    J. P. Perdew, K. Burke, and M. Ernzerhof, Phys. Rev. Lett. 78, 1396 (1997)
    J. P. Perdew, K. Burke, and M. Ernzerhof, Phys. Rev. Lett. 77, 3865 (1996)
    J. P. Perdew, K. Burke, and M. Ernzerhof, Phys. Rev. Lett. 78, 1396 (1997)
small_rho_cutoff = 1e-07
init E= -776.047611650315
  HOMO = -0.233260414044902  LUMO = -0.208051896150229
cycle= 1 E= -773.982353288035  delta_E= 2.07  |g|=  1.2  |ddm|= 6.28
  HOMO = -0.0124500148130335  LUMO = 0.00322703354448387
cycle= 2 E= -762.772977394525  delta_E= 11.2  |g|=  3.8  |ddm|= 6.26
  HOMO = -0.105092647228585  LUMO = -0.0652865786317231
cycle= 3 E= -773.659415370043  delta_E= -10.9  |g|= 1.39  |ddm|=  5.9
  HOMO = -0.110009225969108  LUMO = -0.0800164766706327
cycle= 4 E= -772.849756408292  delta_E= 0.81  |g|= 1.77  |ddm|= 3.35
  HOMO = -0.144213133710429  LUMO = -0.0909164147830223
cycle= 5 E= -774.049578652232  delta_E= -1.2  |g|= 0.801  |ddm|=  2.6
  HOMO = -0.151757905301246  LUMO = -0.129932445151183
cycle= 6 E= -774.274775586475  delta_E= -0.225  |g|= 0.514  |ddm|= 2.29
  HOMO = -0.149421033444558  LUMO = -0.13548311146818
cycle= 7 E= -774.219072866336  delta_E= 0.0557  |g|= 0.543  |ddm|= 2.09
  HOMO = -0.14302241241777  LUMO = -0.135532738568471
cycle= 8 E= -774.374367663384  delta_E= -0.155  |g|= 0.226  |ddm|= 1.73
  HOMO = -0.145239188355271  LUMO = -0.139223996997162
cycle= 9 E= -774.395024243689  delta_E= -0.0207  |g|= 0.106  |ddm|= 0.508
  HOMO = -0.143904398311974  LUMO = -0.137983523104655
cycle= 10 E= -774.396537137313  delta_E= -0.00151  |g|= 0.0684  |ddm|= 0.19
  HOMO = -0.145146611325423  LUMO = -0.139074346219597
cycle= 11 E= -774.395524790722  delta_E= 0.00101  |g|= 0.0771  |ddm|= 0.104
  HOMO = -0.145127231355445  LUMO = -0.139239074097357
cycle= 12 E= -774.398059284223  delta_E= -0.00253  |g|= 0.0304  |ddm|= 0.119
  HOMO = -0.145312488612819  LUMO = -0.139097112199888
cycle= 13 E= -774.393339903826  delta_E= 0.00472  |g|= 0.0968  |ddm|= 0.177
  HOMO = -0.145508347646096  LUMO = -0.139200520244506
cycle= 14 E= -774.391850353634  delta_E= 0.00149  |g|= 0.109  |ddm|= 0.0326
  HOMO = -0.145653270320684  LUMO = -0.139288089601769
cycle= 15 E= -774.39085986603  delta_E= 0.00099  |g|= 0.116  |ddm|= 0.0206
  HOMO = -0.145434361193612  LUMO = -0.139385266225161
cycle= 16 E= -774.395932078751  delta_E= -0.00507  |g|= 0.0674  |ddm|= 0.123
  HOMO = -0.14536624256677  LUMO = -0.139452214388611
cycle= 17 E= -774.397527282414  delta_E= -0.0016  |g|= 0.0416  |ddm|= 0.0664
  HOMO = -0.145240445678051  LUMO = -0.139311013716496
cycle= 18 E= -774.397371855651  delta_E= 0.000155  |g|= 0.0443  |ddm|= 0.014
  HOMO = -0.145288251317587  LUMO = -0.139365217576302
cycle= 19 E= -774.397504126987  delta_E= -0.000132  |g|= 0.0415  |ddm|= 0.00728
  HOMO = -0.145291393418409  LUMO = -0.139389052556972
cycle= 20 E= -774.397774539885  delta_E= -0.00027  |g|= 0.0354  |ddm|= 0.0168
  HOMO = -0.145247106383747  LUMO = -0.139352236087314
cycle= 21 E= -774.397830663317  delta_E= -5.61e-05  |g|= 0.0336  |ddm|= 0.00576
  HOMO = -0.145420105502681  LUMO = -0.139543975258579
cycle= 22 E= -774.397978569753  delta_E= -0.000148  |g|= 0.0291  |ddm|= 0.0163
  HOMO = -0.145186053693004  LUMO = -0.139318635582338
cycle= 23 E= -774.398028478544  delta_E= -4.99e-05  |g|= 0.0273  |ddm|= 0.0147
  HOMO = -0.145218560860305  LUMO = -0.139396010776766
cycle= 24 E= -774.398335172232  delta_E= -0.000307  |g|= 0.0138  |ddm|= 0.0315
  HOMO = -0.145207693734642  LUMO = -0.13942383900285
cycle= 25 E= -774.398427334669  delta_E= -9.22e-05  |g|= 0.0047  |ddm|= 0.0406
  HOMO = -0.145232270407302  LUMO = -0.139433946449316
cycle= 26 E= -774.398434150013  delta_E= -6.82e-06  |g|= 0.0024  |ddm|= 0.0143
  HOMO = -0.145219631082314  LUMO = -0.139424974912452
cycle= 27 E= -774.3984366111  delta_E= -2.46e-06  |g|= 0.00121  |ddm|= 0.0039
  HOMO = -0.14520946725559  LUMO = -0.139415797779983
cycle= 28 E= -774.398436765527  delta_E= -1.54e-07  |g|= 0.0009  |ddm|= 0.00117
  HOMO = -0.145216012432872  LUMO = -0.139423100002966
cycle= 29 E= -774.3984370485  delta_E= -2.83e-07  |g|= 0.000499  |ddm|= 0.000905
  HOMO = -0.145217061650754  LUMO = -0.139425235655729
cycle= 30 E= -774.39843717216  delta_E= -1.24e-07  |g|= 0.0002  |ddm|= 0.00108
  HOMO = -0.145214031986202  LUMO = -0.139422684895548
cycle= 31 E= -774.398437168668  delta_E= 3.49e-09  |g|= 0.000187  |ddm|= 0.000526
  HOMO = -0.145218534584818  LUMO = -0.139427225083748
cycle= 32 E= -774.398437164708  delta_E= 3.96e-09  |g|= 0.000203  |ddm|= 0.000294
  HOMO = -0.14521616766534  LUMO = -0.13942461033807
cycle= 33 E= -774.398437179231  delta_E= -1.45e-08  |g|= 0.00011  |ddm|= 0.000238
  HOMO = -0.145215913381509  LUMO = -0.139424248662853
cycle= 34 E= -774.398437183251  delta_E= -4.02e-09  |g|= 4.36e-05  |ddm|= 0.000132
  HOMO = -0.145215983177041  LUMO = -0.139424232459995
cycle= 35 E= -774.398437184266  delta_E= -1.01e-09  |g|= 1.99e-06  |ddm|= 9.96e-05
  HOMO = -0.14521603794756  LUMO = -0.139424280897237
cycle= 36 E= -774.398437184261  delta_E= 5.46e-12  |g|= 4.3e-06  |ddm|= 9.13e-06
  HOMO = -0.14521561544334  LUMO = -0.139424246928235
Extra cycle  E= -774.398437174395  delta_E= 9.87e-09  |g|= 0.000136  |ddm|= 0.000319
converged SCF energy = -774.398437174395
AOs:  [0, 1, 2, 3, 4, 5, 6, 7, 8, 9, 10, 11, 12, 13, 14, 15, 16, 17, 18, 19, 20, 21, 22, 23, 24, 25, 26, 27, 28, 29, 30, 31, 32, 33, 34, 35, 36, 37, 38, 39, 40, 41, 42, 43, 44, 45, 46, 47, 48, 49, 50, 51, 52, 53, 54, 55, 56, 57, 58, 59, 60, 61, 62, 63]
64
Number of Active MOs:  2
Number of Environment MOs:  68
Number of Virtual MOs:  244
 # electrons:            α            β
         Env:  68.00000000  68.00000000
         Act:   2.00000000   2.00000000
         Vir:   0.00000000   0.00000000
Number of electrons in the active space:  4

 The density matrix is idempotent!

 The density matrix is idempotent!


******** <class 'pyscf.scf.hf.RHF'> ********
method = RHF
initial guess = minao
damping factor = 0
level_shift factor = 0
DIIS = <class 'pyscf.scf.diis.CDIIS'>
diis_start_cycle = 1
diis_space = 8
SCF conv_tol = 1e-09
SCF conv_tol_grad = 1e-05
SCF max_cycles = 200
direct_scf = True
direct_scf_tol = 1e-13
chkfile to save SCF result = subsys_scf.chk
max_memory 900000 MB (current use 10516 MB)
init E= 1258.47655263684
  HOMO = -1.32018723191672  LUMO = -0.0439529582476799
cycle= 1 E= 1258.47522051243  delta_E= -0.00133  |g|= 0.0111  |ddm|= 0.0605
  HOMO = -1.3211657932285  LUMO = -0.0442505506521723
cycle= 2 E= 1258.47518948327  delta_E= -3.1e-05  |g|= 0.00172  |ddm|= 0.00861
  HOMO = -1.32134603787366  LUMO = -0.0443038304661432
cycle= 3 E= 1258.47518868827  delta_E= -7.95e-07  |g|= 3.88e-05  |ddm|= 0.00156
  HOMO = -1.32134441803127  LUMO = -0.0443029714163028
cycle= 4 E= 1258.47518868799  delta_E= -2.85e-10  |g|= 1.56e-06  |ddm|= 3.35e-05
  HOMO = -1.32134424837504  LUMO = -0.0443029199028946
Extra cycle  E= 1258.47518868818  delta_E= 1.92e-10  |g|= 2.66e-07  |ddm|= 2.01e-06
converged SCF energy = 1258.47518868818
Difference in energy:  -47.56391560527007
E(MP2) = 1258.46003907535  E_corr = -0.0151496128314207
Total energy =  -774.337788926467
time elapsed:  51.107866048812866
