

******** <class 'pyscf.dft.rks.RKS'> ********
method = RKS-RHF
initial guess = minao
damping factor = 0
level_shift factor = 0
DIIS = <class 'pyscf.scf.diis.CDIIS'>
diis_start_cycle = 1
diis_space = 8
SCF conv_tol = 1e-09
SCF conv_tol_grad = 1e-05
SCF max_cycles = 1000
direct_scf = True
direct_scf_tol = 1e-13
chkfile to save SCF result = scf.fchk
max_memory 900000 MB (current use 79 MB)
XC library pyscf.dft.libxc version 5.1.7
    S. Lehtola, C. Steigemann, M. J. Oliveira, and M. A. Marques, SoftwareX 7, 1 (2018)
XC functionals = pbe
    J. P. Perdew, K. Burke, and M. Ernzerhof, Phys. Rev. Lett. 77, 3865 (1996)
    J. P. Perdew, K. Burke, and M. Ernzerhof, Phys. Rev. Lett. 78, 1396 (1997)
    J. P. Perdew, K. Burke, and M. Ernzerhof, Phys. Rev. Lett. 77, 3865 (1996)
    J. P. Perdew, K. Burke, and M. Ernzerhof, Phys. Rev. Lett. 78, 1396 (1997)
small_rho_cutoff = 1e-07
init E= -776.047540611381
  HOMO = -0.23289272531964  LUMO = -0.208357746421111
cycle= 1 E= -773.975112149075  delta_E= 2.07  |g|= 1.21  |ddm|= 6.28
  HOMO = -0.0154017015678727  LUMO = 0.00067782127468275
cycle= 2 E= -762.687675337098  delta_E= 11.3  |g|= 3.82  |ddm|= 6.26
  HOMO = -0.101571774595901  LUMO = -0.0670553302511008
cycle= 3 E= -773.664262850925  delta_E=  -11  |g|= 1.39  |ddm|=  5.9
  HOMO = -0.109315730394012  LUMO = -0.0779925244715247
cycle= 4 E= -772.828716628552  delta_E= 0.836  |g|= 1.79  |ddm|= 3.36
  HOMO = -0.143301406657822  LUMO = -0.0899775910277311
cycle= 5 E= -774.044518531168  delta_E= -1.22  |g|= 0.805  |ddm|= 2.61
  HOMO = -0.150202137051513  LUMO = -0.131125835915695
cycle= 6 E= -774.26600248139  delta_E= -0.221  |g|= 0.522  |ddm|= 2.32
  HOMO = -0.149655082218018  LUMO = -0.133917645665878
cycle= 7 E= -774.184663198683  delta_E= 0.0813  |g|= 0.575  |ddm|= 2.23
  HOMO = -0.140103308267472  LUMO = -0.137911105229883
cycle= 8 E= -774.358216744034  delta_E= -0.174  |g|= 0.258  |ddm|= 2.03
  HOMO = -0.143048561904939  LUMO = -0.139614584136388
cycle= 9 E= -774.229414983923  delta_E= 0.129  |g|= 0.491  |ddm|= 1.88
  HOMO = -0.146139575215858  LUMO = -0.140143434928201
cycle= 10 E= -774.318619033709  delta_E= -0.0892  |g|= 0.333  |ddm|= 2.13
  HOMO = -0.142531493619367  LUMO = -0.140296073171622
cycle= 11 E= -774.347324949183  delta_E= -0.0287  |g|= 0.266  |ddm|= 0.433
  HOMO = -0.142594460690746  LUMO = -0.139470168529976
cycle= 12 E= -774.331616047652  delta_E= 0.0157  |g|= 0.303  |ddm|= 0.247
  HOMO = -0.145060262008942  LUMO = -0.14140862435706
cycle= 13 E= -774.328992043495  delta_E= 0.00262  |g|= 0.315  |ddm|= 0.143
  HOMO = -0.142835010635368  LUMO = -0.14139695065582
cycle= 14 E= -774.374988549866  delta_E= -0.046  |g|= 0.18  |ddm|= 0.675
  HOMO = -0.145612843385918  LUMO = -0.141614917634091
cycle= 15 E= -774.325317112788  delta_E= 0.0497  |g|= 0.33  |ddm|= 0.725
  HOMO = -0.144033027052446  LUMO = -0.1372568351011
cycle= 16 E= -774.316798840518  delta_E= 0.00852  |g|= 0.336  |ddm|= 0.179
  HOMO = -0.143390791410432  LUMO = -0.13800933878686
cycle= 17 E= -774.32198523563  delta_E= -0.00519  |g|= 0.33  |ddm|= 0.13
  HOMO = -0.141434652351385  LUMO = -0.137996913532326
cycle= 18 E= -774.214771773388  delta_E= 0.107  |g|= 0.512  |ddm|= 2.14
  HOMO = -0.143862431734233  LUMO = -0.138679582249823
cycle= 19 E= -774.324179410494  delta_E= -0.109  |g|= 0.321  |ddm|= 2.14
  HOMO = -0.142184290043686  LUMO = -0.1392126552612
cycle= 20 E= -774.334570492904  delta_E= -0.0104  |g|= 0.304  |ddm|= 0.198
  HOMO = -0.143631468808552  LUMO = -0.14211677675135
cycle= 21 E= -774.305344546272  delta_E= 0.0292  |g|= 0.382  |ddm|= 1.76
  HOMO = -0.139534499596839  LUMO = -0.138322562230063
cycle= 22 E= -774.340252602864  delta_E= -0.0349  |g|= 0.32  |ddm|= 0.356
  HOMO = -0.145228492660377  LUMO = -0.141977886856903
cycle= 23 E= -774.224003580623  delta_E= 0.116  |g|= 0.525  |ddm|= 0.903
  HOMO = -0.142646143867652  LUMO = -0.139788003712079
cycle= 24 E= -774.230788412511  delta_E= -0.00678  |g|= 0.492  |ddm|= 0.193
  HOMO = -0.145127807077743  LUMO = -0.140680719613618
cycle= 25 E= -774.210915220333  delta_E= 0.0199  |g|= 0.514  |ddm|= 0.173
  HOMO = -0.144816299556602  LUMO = -0.141459996260086
cycle= 26 E= -774.221867101283  delta_E= -0.011  |g|= 0.506  |ddm|= 0.118
  HOMO = -0.144625226644783  LUMO = -0.141273205927427
cycle= 27 E= -774.222350486116  delta_E= -0.000483  |g|= 0.504  |ddm|= 0.0176
  HOMO = -0.144765770074374  LUMO = -0.139387561639422
cycle= 28 E= -774.207833769064  delta_E= 0.0145  |g|= 0.523  |ddm|= 0.153
  HOMO = -0.179796852796112  LUMO = -0.112580303214868
cycle= 29 E= -774.173106234393  delta_E= 0.0347  |g|= 0.702  |ddm|= 2.21
  HOMO = -0.155871687795724  LUMO = -0.13408407320868
cycle= 30 E= -774.297342572799  delta_E= -0.124  |g|= 0.415  |ddm|= 0.601
  HOMO = -0.149799285715599  LUMO = -0.136701117091946
cycle= 31 E= -774.297210901854  delta_E= 0.000132  |g|= 0.436  |ddm|= 0.471
  HOMO = -0.143212399656414  LUMO = -0.141703632669597
cycle= 32 E= -774.370129027613  delta_E= -0.0729  |g|= 0.218  |ddm|= 1.67
  HOMO = -0.141600608078122  LUMO = -0.138128815665019
cycle= 33 E= -774.22000701717  delta_E= 0.15  |g|= 0.497  |ddm|= 1.15
  HOMO = -0.144338355048134  LUMO = -0.139976415459489
cycle= 34 E= -774.211008001644  delta_E= 0.009  |g|= 0.509  |ddm|= 0.125
  HOMO = -0.143435518351453  LUMO = -0.141646894512345
cycle= 35 E= -774.259014145216  delta_E= -0.048  |g|= 0.459  |ddm|= 0.425
  HOMO = -0.143871780986485  LUMO = -0.138663450772392
cycle= 36 E= -774.204892568778  delta_E= 0.0541  |g|= 0.52  |ddm|= 0.475
  HOMO = -0.143443145339041  LUMO = -0.139962550643348
cycle= 37 E= -774.218730493132  delta_E= -0.0138  |g|= 0.499  |ddm|= 0.15
  HOMO = -0.142249169473697  LUMO = -0.141115008406825
cycle= 38 E= -774.389748649869  delta_E= -0.171  |g|= 0.102  |ddm|= 1.65
  HOMO = -0.142834004373875  LUMO = -0.141735538770336
cycle= 39 E= -774.388762941522  delta_E= 0.000986  |g|= 0.0955  |ddm|= 0.113
  HOMO = -0.142450830251917  LUMO = -0.14103580261859
cycle= 40 E= -774.289628359676  delta_E= 0.0991  |g|= 0.411  |ddm|= 1.26
  HOMO = -0.143144176123733  LUMO = -0.140453287322822
cycle= 41 E= -774.231476390734  delta_E= 0.0582  |g|= 0.489  |ddm|= 0.438
  HOMO = -0.143367907639675  LUMO = -0.140396254842501
cycle= 42 E= -774.225782118688  delta_E= 0.00569  |g|= 0.494  |ddm|= 0.0533
  HOMO = -0.143458851259806  LUMO = -0.140490038306932
cycle= 43 E= -774.225878224014  delta_E= -9.61e-05  |g|= 0.493  |ddm|= 0.00704
  HOMO = -0.143581117695177  LUMO = -0.141141200834457
cycle= 44 E= -774.237020118619  delta_E= -0.0111  |g|= 0.483  |ddm|= 0.105
  HOMO = -0.143332374309144  LUMO = -0.140545437889892
cycle= 45 E= -774.229366744798  delta_E= 0.00765  |g|= 0.49  |ddm|= 0.0747
  HOMO = -0.143339510909072  LUMO = -0.140526475644572
cycle= 46 E= -774.229167999242  delta_E= 0.000199  |g|= 0.49  |ddm|= 0.00712
  HOMO = -0.143107826301705  LUMO = -0.140905406140158
cycle= 47 E= -774.244554823285  delta_E= -0.0154  |g|= 0.474  |ddm|= 0.16
  HOMO = -0.17911894369369  LUMO = -0.127341140273423
cycle= 48 E= -774.203702889557  delta_E= 0.0409  |g|= 0.632  |ddm|= 2.14
  HOMO = -0.163200994062336  LUMO = -0.10887562871497
cycle= 49 E= -774.220001086674  delta_E= -0.0163  |g|= 0.641  |ddm|= 0.894
  HOMO = -0.157561106763141  LUMO = -0.133217249333026
cycle= 50 E= -774.300783250747  delta_E= -0.0808  |g|= 0.397  |ddm|= 0.566
  HOMO = -0.142040569628231  LUMO = -0.137925675832059
cycle= 51 E= -774.223260388854  delta_E= 0.0775  |g|= 0.507  |ddm|= 2.16
  HOMO = -0.143200091906874  LUMO = -0.135348299635631
cycle= 52 E= -774.204090397695  delta_E= 0.0192  |g|= 0.523  |ddm|= 0.231
  HOMO = -0.142713962244068  LUMO = -0.137980552794983
cycle= 53 E= -774.22050366414  delta_E= -0.0164  |g|= 0.503  |ddm|= 0.166
  HOMO = -0.143975811285445  LUMO = -0.137581109156134
cycle= 54 E= -774.211144944097  delta_E= 0.00936  |g|= 0.513  |ddm|= 0.143
  HOMO = -0.142436435674468  LUMO = -0.137616563062118
cycle= 55 E= -774.219171402435  delta_E= -0.00803  |g|= 0.503  |ddm|= 0.112
  HOMO = -0.141440381778312  LUMO = -0.139741893488425
cycle= 56 E= -774.323663486924  delta_E= -0.104  |g|= 0.354  |ddm|= 0.778
  HOMO = -0.142738503623784  LUMO = -0.13983712867758
cycle= 57 E= -774.224127546146  delta_E= 0.0995  |g|= 0.521  |ddm|= 0.661
  HOMO = -0.143486248863031  LUMO = -0.140971947020347
cycle= 58 E= -774.246894329885  delta_E= -0.0228  |g|= 0.489  |ddm|= 0.183
  HOMO = -0.147796487589562  LUMO = -0.13677786370912
cycle= 59 E= -774.29968028507  delta_E= -0.0528  |g|= 0.398  |ddm|= 2.11
  HOMO = -0.145148124615404  LUMO = -0.137650319733699
cycle= 60 E= -774.201466507454  delta_E= 0.0982  |g|= 0.53  |ddm|=  2.2
  HOMO = -0.145014236637773  LUMO = -0.142931982020571
cycle= 61 E= -774.353593525986  delta_E= -0.152  |g|= 0.272  |ddm|= 2.04
  HOMO = -0.141086721618851  LUMO = -0.135994225613469
cycle= 62 E= -774.207565900853  delta_E= 0.146  |g|= 0.517  |ddm|= 2.03
  HOMO = -0.14359491609548  LUMO = -0.13830975810343
cycle= 63 E= -774.210453355904  delta_E= -0.00289  |g|= 0.513  |ddm|= 0.151
  HOMO = -0.142589756886526  LUMO = -0.140118435136451
cycle= 64 E= -774.23541398491  delta_E= -0.025  |g|= 0.492  |ddm|=  0.3
  HOMO = -0.139507009450429  LUMO = -0.137384062591073
cycle= 65 E= -774.341122658939  delta_E= -0.106  |g|= 0.318  |ddm|= 1.92
  HOMO = -0.144889776515316  LUMO = -0.138551854939691
cycle= 66 E= -774.207090043432  delta_E= 0.134  |g|= 0.519  |ddm|= 2.05
  HOMO = -0.144654159695091  LUMO = -0.139033068101836
cycle= 67 E= -774.211159283014  delta_E= -0.00407  |g|= 0.512  |ddm|=  0.1
  HOMO = -0.144030181322938  LUMO = -0.138543461155483
cycle= 68 E= -774.208460070056  delta_E= 0.0027  |g|= 0.513  |ddm|= 0.0791
  HOMO = -0.143407114387611  LUMO = -0.138260820761209
cycle= 69 E= -774.212091682928  delta_E= -0.00363  |g|= 0.508  |ddm|= 0.0442

WARN: HOMO -0.146198234193017 == LUMO -0.145288986628645

cycle= 70 E= -774.204206634644  delta_E= 0.00789  |g|= 0.783  |ddm|= 2.05
  HOMO = -0.145370677701086  LUMO = -0.142531504886157
cycle= 71 E= -774.328608587535  delta_E= -0.124  |g|= 0.326  |ddm|= 1.38
  HOMO = -0.142732568534415  LUMO = -0.138916980973126
cycle= 72 E= -774.217468305229  delta_E= 0.111  |g|= 0.508  |ddm|= 2.07
  HOMO = -0.142725251291486  LUMO = -0.140268066306215
cycle= 73 E= -774.247554602579  delta_E= -0.0301  |g|= 0.469  |ddm|= 0.277
  HOMO = -0.136943077846603  LUMO = -0.133748458134595
cycle= 74 E= -774.304603522894  delta_E= -0.057  |g|= 0.422  |ddm|=    2
  HOMO = -0.142956951384802  LUMO = -0.137910722404064
cycle= 75 E= -774.209871071732  delta_E= 0.0947  |g|= 0.514  |ddm|= 2.11
  HOMO = -0.143499264490709  LUMO = -0.13808536396795
cycle= 76 E= -774.209819601703  delta_E= 5.15e-05  |g|= 0.515  |ddm|= 0.0424
  HOMO = -0.142213669725195  LUMO = -0.138152270971271
cycle= 77 E= -774.219396572739  delta_E= -0.00958  |g|= 0.504  |ddm|= 0.107
  HOMO = -0.142967736221819  LUMO = -0.137536664470749
cycle= 78 E= -774.208292235114  delta_E= 0.0111  |g|= 0.515  |ddm|= 0.111
  HOMO = -0.14487633554228  LUMO = -0.137601952645096
cycle= 79 E= -774.200559372403  delta_E= 0.00773  |g|= 0.525  |ddm|= 0.104
  HOMO = -0.165506966636145  LUMO = -0.140457127262045
cycle= 80 E= -774.2038929592  delta_E= -0.00333  |g|= 0.647  |ddm|= 2.24
  HOMO = -0.142113964773038  LUMO = -0.140589631218474
cycle= 81 E= -774.388240444222  delta_E= -0.184  |g|= 0.111  |ddm|= 1.29
  HOMO = -0.143569913974171  LUMO = -0.142455188930733
cycle= 82 E= -774.37631092242  delta_E= 0.0119  |g|= 0.188  |ddm|= 0.645

WARN: HOMO -0.142337772727196 == LUMO -0.141366153918215

cycle= 83 E= -774.391129394711  delta_E= -0.0148  |g|= 0.0793  |ddm|= 0.275
  HOMO = -0.142447684425444  LUMO = -0.141241620177515
cycle= 84 E= -774.326394288337  delta_E= 0.0647  |g|= 0.341  |ddm|= 0.709
  HOMO = -0.142783645712353  LUMO = -0.141697354179135
cycle= 85 E= -774.356310537879  delta_E= -0.0299  |g|= 0.262  |ddm|= 0.231
  HOMO = -0.142390831166791  LUMO = -0.141340058199093
cycle= 86 E= -774.367329382558  delta_E= -0.011  |g|= 0.219  |ddm|= 0.111
  HOMO = -0.142529141272137  LUMO = -0.141503007084443
cycle= 87 E= -774.391573633366  delta_E= -0.0242  |g|= 0.0643  |ddm|= 0.374
  HOMO = -0.142633403069515  LUMO = -0.141560330355678
cycle= 88 E= -774.36028842144  delta_E= 0.0313  |g|= 0.246  |ddm|= 0.44
  HOMO = -0.142590558290447  LUMO = -0.141559409141174
cycle= 89 E= -774.386816427645  delta_E= -0.0265  |g|= 0.113  |ddm|= 0.322
  HOMO = -0.143244081969533  LUMO = -0.141237595025244
cycle= 90 E= -774.345902653289  delta_E= 0.0409  |g|= 0.271  |ddm|=  1.1
  HOMO = -0.142680271137794  LUMO = -0.141551947782352
cycle= 91 E= -774.391764667002  delta_E= -0.0459  |g|= 0.0596  |ddm|= 0.716
  HOMO = -0.142735497283027  LUMO = -0.141637437280847
cycle= 92 E= -774.393216766288  delta_E= -0.00145  |g|= 0.0312  |ddm|= 0.073
  HOMO = -0.142716693983985  LUMO = -0.14162112975548
cycle= 93 E= -774.393268465558  delta_E= -5.17e-05  |g|= 0.0297  |ddm|= 0.00457
  HOMO = -0.142681996151995  LUMO = -0.14156983998736
cycle= 94 E= -774.392416031304  delta_E= 0.000852  |g|= 0.0492  |ddm|= 0.0492
  HOMO = -0.142737487671028  LUMO = -0.141598341614439
cycle= 95 E= -774.390623745342  delta_E= 0.00179  |g|= 0.0747  |ddm|= 0.0662
  HOMO = -0.142720304066768  LUMO = -0.141620961505606
cycle= 96 E= -774.393087634892  delta_E= -0.00246  |g|= 0.0347  |ddm|= 0.103
  HOMO = -0.142710890287246  LUMO = -0.141636568396008
cycle= 97 E= -774.393752479675  delta_E= -0.000665  |g|= 0.00154  |ddm|= 0.0859
  HOMO = -0.142676122270245  LUMO = -0.141622951295121
cycle= 98 E= -774.3924042977  delta_E= 0.00135  |g|= 0.05  |ddm|= 0.119
  HOMO = -0.142707340958433  LUMO = -0.141622685806533
cycle= 99 E= -774.393622195598  delta_E= -0.00122  |g|= 0.0155  |ddm|= 0.157
  HOMO = -0.142709571074388  LUMO = -0.141627687379516
cycle= 100 E= -774.393686765953  delta_E= -6.46e-05  |g|= 0.011  |ddm|= 0.0109
  HOMO = -0.142704728267226  LUMO = -0.141624877331778
cycle= 101 E= -774.393720953047  delta_E= -3.42e-05  |g|= 0.00768  |ddm|= 0.00817
  HOMO = -0.142705310444796  LUMO = -0.141627098658834
cycle= 102 E= -774.393738855875  delta_E= -1.79e-05  |g|= 0.00513  |ddm|= 0.00623
  HOMO = -0.1427039862622  LUMO = -0.141627567623248
cycle= 103 E= -774.393750468241  delta_E= -1.16e-05  |g|= 0.00222  |ddm|= 0.00705
  HOMO = -0.142702105744632  LUMO = -0.141626894613986
cycle= 104 E= -774.393753150443  delta_E= -2.68e-06  |g|= 0.000143  |ddm|= 0.00505
  HOMO = -0.142702293555269  LUMO = -0.141627022524028
cycle= 105 E= -774.393753138291  delta_E= 1.22e-08  |g|= 0.000206  |ddm|= 0.000162
  HOMO = -0.142702388829348  LUMO = -0.141627136897285
cycle= 106 E= -774.393753144693  delta_E= -6.4e-09  |g|= 0.000175  |ddm|= 7.72e-05
  HOMO = -0.142702218440095  LUMO = -0.141627055371638
cycle= 107 E= -774.393753161344  delta_E= -1.67e-08  |g|= 7.69e-06  |ddm|= 0.000411
  HOMO = -0.142702265868724  LUMO = -0.141627097532015
cycle= 108 E= -774.393753160997  delta_E= 3.47e-10  |g|= 2.61e-05  |ddm|= 5.02e-05
  HOMO = -0.142702264449399  LUMO = -0.141627106659204
cycle= 109 E= -774.39375316134  delta_E= -3.43e-10  |g|= 7.07e-06  |ddm|= 4.61e-05
  HOMO = -0.142701429078766  LUMO = -0.141627115061372
Extra cycle  E= -774.39375194778  delta_E= 1.21e-06  |g|= 0.00149  |ddm|= 0.00363
converged SCF energy = -774.39375194778
AOs:  [0, 1, 2, 3, 4, 5, 6, 7, 8, 9, 10, 11, 12, 13, 14, 15, 16, 17, 18, 19, 20, 21, 22, 23, 24, 25, 26, 27, 28, 29, 30, 31, 32, 33, 34, 35, 36, 37, 38, 39, 40, 41, 42, 43, 44, 45, 46, 47, 48, 49, 50, 51, 52, 53, 54, 55, 56, 57, 58, 59, 60, 61, 62, 63]
64
Number of Active MOs:  2
Number of Environment MOs:  68
Number of Virtual MOs:  244
 # electrons:            α            β
         Env:  68.00000000  68.00000000
         Act:   2.00000000   2.00000000
         Vir:  -0.00000000  -0.00000000
Number of electrons in the active space:  4

 The density matrix is idempotent!

 The density matrix is idempotent!


******** <class 'pyscf.scf.hf.RHF'> ********
method = RHF
initial guess = minao
damping factor = 0
level_shift factor = 0
DIIS = <class 'pyscf.scf.diis.CDIIS'>
diis_start_cycle = 1
diis_space = 8
SCF conv_tol = 1e-09
SCF conv_tol_grad = 1e-05
SCF max_cycles = 200
direct_scf = True
direct_scf_tol = 1e-13
chkfile to save SCF result = subsys_scf.chk
max_memory 900000 MB (current use 10410 MB)
init E= 1257.92357392035
  HOMO = -1.3200583228861  LUMO = -0.0455952023014881
cycle= 1 E= 1257.92224193403  delta_E= -0.00133  |g|= 0.0111  |ddm|= 0.0605
  HOMO = -1.32103255448265  LUMO = -0.0459038625172235
cycle= 2 E= 1257.9222109105  delta_E= -3.1e-05  |g|= 0.00172  |ddm|= 0.0086
  HOMO = -1.32121210126734  LUMO = -0.0459591920869565
cycle= 3 E= 1257.92221011591  delta_E= -7.95e-07  |g|= 3.88e-05  |ddm|= 0.00156
  HOMO = -1.3212105023674  LUMO = -0.045958312475743
cycle= 4 E= 1257.9222101156  delta_E= -3.16e-10  |g|= 1.56e-06  |ddm|= 3.34e-05
  HOMO = -1.32121033354193  LUMO = -0.0459582584882491
Extra cycle  E= 1257.92221011556  delta_E= -3.98e-11  |g|= 2.65e-07  |ddm|= 2.06e-06
converged SCF energy = 1257.92221011556
Difference in energy:  -47.5640064702683
E(MP2) = 1257.90705240105  E_corr = -0.015157714507745
Total energy =  -774.3331116567256
time elapsed:  115.45412731170654
