

******** <class 'pyscf.dft.rks.RKS'> ********
method = RKS-RHF
initial guess = minao
damping factor = 0
level_shift factor = 0
DIIS = <class 'pyscf.scf.diis.CDIIS'>
diis_start_cycle = 1
diis_space = 8
SCF conv_tol = 1e-09
SCF conv_tol_grad = 1e-05
SCF max_cycles = 1000
direct_scf = True
direct_scf_tol = 1e-13
chkfile to save SCF result = scf.fchk
max_memory 900000 MB (current use 79 MB)
XC library pyscf.dft.libxc version 5.1.7
    S. Lehtola, C. Steigemann, M. J. Oliveira, and M. A. Marques, SoftwareX 7, 1 (2018)
XC functionals = pbe
    J. P. Perdew, K. Burke, and M. Ernzerhof, Phys. Rev. Lett. 77, 3865 (1996)
    J. P. Perdew, K. Burke, and M. Ernzerhof, Phys. Rev. Lett. 78, 1396 (1997)
    J. P. Perdew, K. Burke, and M. Ernzerhof, Phys. Rev. Lett. 77, 3865 (1996)
    J. P. Perdew, K. Burke, and M. Ernzerhof, Phys. Rev. Lett. 78, 1396 (1997)
small_rho_cutoff = 1e-07
init E= -776.04750137271
  HOMO = -0.232871429479403  LUMO = -0.208359223377477
cycle= 1 E= -773.975053047136  delta_E= 2.07  |g|= 1.21  |ddm|= 6.28
  HOMO = -0.0155365804854547  LUMO = 0.000623323102022797
cycle= 2 E= -762.686522248699  delta_E= 11.3  |g|= 3.82  |ddm|= 6.25
  HOMO = -0.101420595734388  LUMO = -0.0670426745359641
cycle= 3 E= -773.663406927441  delta_E=  -11  |g|= 1.39  |ddm|= 5.89
  HOMO = -0.109402118612417  LUMO = -0.0779535299335399
cycle= 4 E= -772.825432404716  delta_E= 0.838  |g|= 1.79  |ddm|= 3.36
  HOMO = -0.143189309226405  LUMO = -0.0900659531643426
cycle= 5 E= -774.045097665499  delta_E= -1.22  |g|= 0.804  |ddm|= 2.61
  HOMO = -0.150361812269616  LUMO = -0.131132171332508
cycle= 6 E= -774.265353596514  delta_E= -0.22  |g|= 0.523  |ddm|= 2.32
  HOMO = -0.149574144810994  LUMO = -0.133905954020676
cycle= 7 E= -774.185123323515  delta_E= 0.0802  |g|= 0.574  |ddm|= 2.23
  HOMO = -0.140128262330528  LUMO = -0.137826303190046
cycle= 8 E= -774.358320943669  delta_E= -0.173  |g|= 0.258  |ddm|= 2.03
  HOMO = -0.142967839474002  LUMO = -0.139568439875442
cycle= 9 E= -774.230513779443  delta_E= 0.128  |g|= 0.49  |ddm|= 1.88
  HOMO = -0.146009241744175  LUMO = -0.140074271835409
cycle= 10 E= -774.31903479324  delta_E= -0.0885  |g|= 0.332  |ddm|= 2.12
  HOMO = -0.142422114817357  LUMO = -0.140238064294786
cycle= 11 E= -774.350764887402  delta_E= -0.0317  |g|= 0.257  |ddm|= 0.463
  HOMO = -0.142749910511878  LUMO = -0.13924293700611
cycle= 12 E= -774.329828293254  delta_E= 0.0209  |g|= 0.307  |ddm|= 0.315
  HOMO = -0.145076465553136  LUMO = -0.141068322949278
cycle= 13 E= -774.328155007802  delta_E= 0.00167  |g|= 0.318  |ddm|= 0.132
  HOMO = -0.143460088081243  LUMO = -0.141174401191973
cycle= 14 E= -774.344055397856  delta_E= -0.0159  |g|= 0.275  |ddm|= 0.291
  HOMO = -0.144956528532286  LUMO = -0.141679597070277
cycle= 15 E= -774.331683959095  delta_E= 0.0124  |g|= 0.306  |ddm|= 0.202
  HOMO = -0.143779880788431  LUMO = -0.140249005252673
cycle= 16 E= -774.329285935031  delta_E= 0.0024  |g|= 0.307  |ddm|= 0.0546
  HOMO = -0.143945886291221  LUMO = -0.142316813681183
cycle= 17 E= -774.375583780505  delta_E= -0.0463  |g|= 0.181  |ddm|= 0.614
  HOMO = -0.15035032277168  LUMO = -0.128782852976125
cycle= 18 E= -774.16863283802  delta_E= 0.207  |g|= 0.627  |ddm|= 1.98
  HOMO = -0.139635888021451  LUMO = -0.138391145478671
cycle= 19 E= -774.390450899365  delta_E= -0.222  |g|= 0.0961  |ddm|= 1.78
  HOMO = -0.144359890655936  LUMO = -0.141543131962355
cycle= 20 E= -774.334751083592  delta_E= 0.0557  |g|= 0.294  |ddm|= 0.907
  HOMO = -0.143144167503917  LUMO = -0.141949775333081
cycle= 21 E= -774.389617900669  delta_E= -0.0549  |g|= 0.0947  |ddm|= 1.16
  HOMO = -0.142937418958634  LUMO = -0.141832598374048
cycle= 22 E= -774.392862838451  delta_E= -0.00324  |g|= 0.049  |ddm|= 0.176
  HOMO = -0.141929895599354  LUMO = -0.140385396860629
cycle= 23 E= -774.362038127264  delta_E= 0.0308  |g|= 0.23  |ddm|= 0.699
  HOMO = -0.142625070940623  LUMO = -0.141529384261423
cycle= 24 E= -774.393148073936  delta_E= -0.0311  |g|= 0.0322  |ddm|= 0.723
  HOMO = -0.142592305713755  LUMO = -0.141347630933176
cycle= 25 E= -774.386490868688  delta_E= 0.00666  |g|= 0.112  |ddm|= 0.365
  HOMO = -0.142457372223789  LUMO = -0.141305491886056
cycle= 26 E= -774.393058345784  delta_E= -0.00657  |g|= 0.0344  |ddm|= 0.206
  HOMO = -0.142572421846079  LUMO = -0.141394723662986
cycle= 27 E= -774.391852613692  delta_E= 0.00121  |g|= 0.0581  |ddm|= 0.0599
  HOMO = -0.142556927861381  LUMO = -0.141390308626762
cycle= 28 E= -774.39243467515  delta_E= -0.000582  |g|= 0.0481  |ddm|= 0.0255
  HOMO = -0.142530226000348  LUMO = -0.14138676988719
cycle= 29 E= -774.393464167953  delta_E= -0.00103  |g|= 0.0214  |ddm|= 0.0662
  HOMO = -0.14256717836342  LUMO = -0.141437425062678
cycle= 30 E= -774.393715093329  delta_E= -0.000251  |g|= 0.00205  |ddm|= 0.0512
  HOMO = -0.142556485271539  LUMO = -0.141431512585571
cycle= 31 E= -774.393681146676  delta_E= 3.39e-05  |g|= 0.00803  |ddm|= 0.0207
  HOMO = -0.142536726104274  LUMO = -0.141408120985091
cycle= 32 E= -774.393715753174  delta_E= -3.46e-05  |g|= 0.00101  |ddm|= 0.017
  HOMO = -0.142552803269302  LUMO = -0.141423732207515
cycle= 33 E= -774.39371619763  delta_E= -4.44e-07  |g|= 0.000528  |ddm|= 0.00359
  HOMO = -0.142546315809059  LUMO = -0.141416476578298
cycle= 34 E= -774.393714318726  delta_E= 1.88e-06  |g|= 0.00191  |ddm|= 0.00364
  HOMO = -0.142544395486364  LUMO = -0.141414933377522
cycle= 35 E= -774.393715568337  delta_E= -1.25e-06  |g|= 0.00117  |ddm|= 0.0018
  HOMO = -0.142543965742965  LUMO = -0.1414146577381
cycle= 36 E= -774.393715916932  delta_E= -3.49e-07  |g|= 0.00086  |ddm|= 0.000759
  HOMO = -0.14254466145785  LUMO = -0.141415594773037
cycle= 37 E= -774.393716220218  delta_E= -3.03e-07  |g|= 0.000431  |ddm|= 0.00104
  HOMO = -0.142544778549034  LUMO = -0.14141573360499
cycle= 38 E= -774.393716231821  delta_E= -1.16e-08  |g|= 0.000403  |ddm|= 7.57e-05
  HOMO = -0.142544130536631  LUMO = -0.141415299347166
cycle= 39 E= -774.393716321347  delta_E= -8.95e-08  |g|= 1.88e-05  |ddm|= 0.000938
  HOMO = -0.142544054249635  LUMO = -0.141415247452209
cycle= 40 E= -774.393716320893  delta_E= 4.54e-10  |g|= 3.4e-05  |ddm|= 0.000126
  HOMO = -0.142544115485273  LUMO = -0.141415286215975
cycle= 41 E= -774.393716321528  delta_E= -6.36e-10  |g|= 1.85e-06  |ddm|= 8.51e-05
  HOMO = -0.142543909375237  LUMO = -0.141415189547819
Extra cycle  E= -774.393716303237  delta_E= 1.83e-08  |g|= 0.000183  |ddm|= 0.000446
converged SCF energy = -774.393716303237
AOs:  [0, 1, 2, 3, 4, 5, 6, 7, 8, 9, 10, 11, 12, 13, 14, 15, 16, 17, 18, 19, 20, 21, 22, 23, 24, 25, 26, 27, 28, 29, 30, 31, 32, 33, 34, 35, 36, 37, 38, 39, 40, 41, 42, 43, 44, 45, 46, 47, 48, 49, 50, 51, 52, 53, 54, 55, 56, 57, 58, 59, 60, 61, 62, 63]
64
Number of Active MOs:  2
Number of Environment MOs:  68
Number of Virtual MOs:  244
 # electrons:            α            β
         Env:  68.00000000  68.00000000
         Act:   2.00000000   2.00000000
         Vir:   0.00000000   0.00000000
Number of electrons in the active space:  4

 The density matrix is idempotent!

 The density matrix is idempotent!


******** <class 'pyscf.scf.hf.RHF'> ********
method = RHF
initial guess = minao
damping factor = 0
level_shift factor = 0
DIIS = <class 'pyscf.scf.diis.CDIIS'>
diis_start_cycle = 1
diis_space = 8
SCF conv_tol = 1e-09
SCF conv_tol_grad = 1e-05
SCF max_cycles = 200
direct_scf = True
direct_scf_tol = 1e-13
chkfile to save SCF result = subsys_scf.chk
max_memory 900000 MB (current use 10670 MB)
init E= 1257.56113947688
  HOMO = -1.31940620719167  LUMO = -0.0463825098220791
cycle= 1 E= 1257.55980758484  delta_E= -0.00133  |g|= 0.0111  |ddm|= 0.0605
  HOMO = -1.32038355420912  LUMO = -0.0466816491024497
cycle= 2 E= 1257.55977656214  delta_E= -3.1e-05  |g|= 0.00172  |ddm|= 0.00861
  HOMO = -1.32056374082145  LUMO = -0.0467353324247459
cycle= 3 E= 1257.55977576774  delta_E= -7.94e-07  |g|= 3.88e-05  |ddm|= 0.00156
  HOMO = -1.32056214972979  LUMO = -0.0467344903640709
cycle= 4 E= 1257.5597757671  delta_E= -6.39e-10  |g|= 1.56e-06  |ddm|= 3.35e-05
  HOMO = -1.32056198185342  LUMO = -0.0467344385926223
Extra cycle  E= 1257.55977576734  delta_E= 2.42e-10  |g|= 2.65e-07  |ddm|= 2.04e-06
converged SCF energy = 1257.55977576734
Difference in energy:  -47.5585081869177
E(MP2) = 1257.5446182208  E_corr = -0.0151575465455856
Total energy =  -774.3330846062851
time elapsed:  52.02097034454346
