

******** <class 'pyscf.dft.rks.RKS'> ********
method = RKS-RHF
initial guess = minao
damping factor = 0
level_shift factor = 0
DIIS = <class 'pyscf.scf.diis.CDIIS'>
diis_start_cycle = 1
diis_space = 8
SCF conv_tol = 1e-09
SCF conv_tol_grad = 1e-05
SCF max_cycles = 1000
direct_scf = True
direct_scf_tol = 1e-13
chkfile to save SCF result = scf.fchk
max_memory 900000 MB (current use 79 MB)
XC library pyscf.dft.libxc version 5.1.7
    S. Lehtola, C. Steigemann, M. J. Oliveira, and M. A. Marques, SoftwareX 7, 1 (2018)
XC functionals = pbe
    J. P. Perdew, K. Burke, and M. Ernzerhof, Phys. Rev. Lett. 77, 3865 (1996)
    J. P. Perdew, K. Burke, and M. Ernzerhof, Phys. Rev. Lett. 78, 1396 (1997)
    J. P. Perdew, K. Burke, and M. Ernzerhof, Phys. Rev. Lett. 77, 3865 (1996)
    J. P. Perdew, K. Burke, and M. Ernzerhof, Phys. Rev. Lett. 78, 1396 (1997)
small_rho_cutoff = 1e-07
init E= -776.04748417988
  HOMO = -0.232929370862794  LUMO = -0.208297950186747
cycle= 1 E= -773.976526895175  delta_E= 2.07  |g|= 1.21  |ddm|= 6.28
  HOMO = -0.0150268965876408  LUMO = 0.00112022985986756
cycle= 2 E= -762.70342404911  delta_E= 11.3  |g|= 3.82  |ddm|= 6.25
  HOMO = -0.102048462251238  LUMO = -0.0666523974013769
cycle= 3 E= -773.661736003761  delta_E=  -11  |g|= 1.39  |ddm|= 5.89
  HOMO = -0.109638305628059  LUMO = -0.0782504805193783
cycle= 4 E= -772.827496011564  delta_E= 0.834  |g|= 1.79  |ddm|= 3.36
  HOMO = -0.143409650187174  LUMO = -0.0903410710572089
cycle= 5 E= -774.046585153108  delta_E= -1.22  |g|= 0.802  |ddm|= 2.61
  HOMO = -0.150831808931448  LUMO = -0.130872997396052
cycle= 6 E= -774.266907455399  delta_E= -0.22  |g|= 0.523  |ddm|= 2.31
  HOMO = -0.149422669737112  LUMO = -0.134286853025777
cycle= 7 E= -774.19171650779  delta_E= 0.0752  |g|= 0.567  |ddm|=  2.2
  HOMO = -0.141007674963848  LUMO = -0.137017716059124
cycle= 8 E= -774.369308138921  delta_E= -0.178  |g|= 0.23  |ddm|= 1.91
  HOMO = -0.143239590145488  LUMO = -0.14035521896916
cycle= 9 E= -774.371588822664  delta_E= -0.00228  |g|= 0.219  |ddm|= 0.982
  HOMO = -0.143974050032148  LUMO = -0.140785449300122
cycle= 10 E= -774.380603795879  delta_E= -0.00901  |g|= 0.157  |ddm|= 0.861
  HOMO = -0.142429542868775  LUMO = -0.139504355458976
cycle= 11 E= -774.339934694101  delta_E= 0.0407  |g|= 0.315  |ddm|= 1.11
  HOMO = -0.143036153553026  LUMO = -0.13964198212499
cycle= 12 E= -774.304182403262  delta_E= 0.0358  |g|= 0.391  |ddm|= 0.252
  HOMO = -0.144416779365781  LUMO = -0.140661886300199
cycle= 13 E= -774.281183904503  delta_E= 0.023  |g|= 0.432  |ddm|= 0.147
  HOMO = -0.143567755378993  LUMO = -0.140403686146947
cycle= 14 E= -774.317584269656  delta_E= -0.0364  |g|= 0.365  |ddm|= 0.23
  HOMO = -0.14305425586168  LUMO = -0.139668035791009
cycle= 15 E= -774.30094417046  delta_E= 0.0166  |g|= 0.396  |ddm|= 0.116
  HOMO = -0.143950526867401  LUMO = -0.139249054085081
cycle= 16 E= -774.25252225923  delta_E= 0.0484  |g|= 0.469  |ddm|= 0.318
  HOMO = -0.141835026579216  LUMO = -0.138896773595138
cycle= 17 E= -774.342511190562  delta_E= -0.09  |g|= 0.306  |ddm|= 0.607
  HOMO = -0.143999573908961  LUMO = -0.139598206244421
cycle= 18 E= -774.264507751413  delta_E= 0.078  |g|= 0.455  |ddm|= 0.541
  HOMO = -0.149949504301343  LUMO = -0.137408996545837
cycle= 19 E= -774.310006095282  delta_E= -0.0455  |g|= 0.366  |ddm|= 2.02
  HOMO = -0.14366740252829  LUMO = -0.140985060857557
cycle= 20 E= -774.379342995255  delta_E= -0.0693  |g|= 0.198  |ddm|= 1.48
  HOMO = -0.144440633370596  LUMO = -0.141143037854711
cycle= 21 E= -774.302998929522  delta_E= 0.0763  |g|= 0.391  |ddm|= 0.683
  HOMO = -0.143036641986667  LUMO = -0.140406433240438
cycle= 22 E= -774.377083964698  delta_E= -0.0741  |g|= 0.186  |ddm|= 0.58
  HOMO = -0.145373268320869  LUMO = -0.142524827965446
cycle= 23 E= -774.349353177584  delta_E= 0.0277  |g|= 0.297  |ddm|= 0.275
  HOMO = -0.144294658983392  LUMO = -0.137849380986367
cycle= 24 E= -774.220201811471  delta_E= 0.129  |g|= 0.512  |ddm|= 0.878
  HOMO = -0.14374277350006  LUMO = -0.141044676475086
cycle= 25 E= -774.37977809621  delta_E= -0.16  |g|= 0.168  |ddm|=  1.1
  HOMO = -0.144242534570504  LUMO = -0.141534592166286
cycle= 26 E= -774.372490963616  delta_E= 0.00729  |g|= 0.205  |ddm|= 0.0911
  HOMO = -0.143316731065858  LUMO = -0.140683256823132
cycle= 27 E= -774.385228554095  delta_E= -0.0127  |g|= 0.137  |ddm|= 0.178
  HOMO = -0.146403838899919  LUMO = -0.140738975800075
cycle= 28 E= -774.335450796854  delta_E= 0.0498  |g|= 0.306  |ddm|= 1.21
  HOMO = -0.143375167357884  LUMO = -0.140627477467626
cycle= 29 E= -774.360594769121  delta_E= -0.0251  |g|= 0.253  |ddm|= 1.44
  HOMO = -0.143817238110542  LUMO = -0.139953180302034
cycle= 30 E= -774.281295391371  delta_E= 0.0793  |g|= 0.441  |ddm|= 0.557
  HOMO = -0.143083707745814  LUMO = -0.140440965451281
cycle= 31 E= -774.381357094366  delta_E= -0.1  |g|= 0.165  |ddm|= 0.77
  HOMO = -0.142976277892024  LUMO = -0.140269124553859
cycle= 32 E= -774.364196370571  delta_E= 0.0172  |g|= 0.24  |ddm|= 0.203
  HOMO = -0.144194389763553  LUMO = -0.141510102741717
cycle= 33 E= -774.392331634663  delta_E= -0.0281  |g|= 0.0844  |ddm|= 0.416
  HOMO = -0.143409555135852  LUMO = -0.139245471566766
cycle= 34 E= -774.266660964085  delta_E= 0.126  |g|= 0.448  |ddm|= 1.05
  HOMO = -0.142734558056929  LUMO = -0.140087735017487
cycle= 35 E= -774.390059007994  delta_E= -0.123  |g|= 0.0985  |ddm|= 0.984
  HOMO = -0.143463712702971  LUMO = -0.14082388303995
cycle= 36 E= -774.386979368105  delta_E= 0.00308  |g|= 0.125  |ddm|= 0.0846
  HOMO = -0.144187504122672  LUMO = -0.140643917193812
cycle= 37 E= -774.369753535579  delta_E= 0.0172  |g|= 0.207  |ddm|= 0.831
  HOMO = -0.143126160003828  LUMO = -0.139987467809909
cycle= 38 E= -774.321764183921  delta_E= 0.048  |g|= 0.356  |ddm|= 1.36
  HOMO = -0.143047259415549  LUMO = -0.140157171058331
cycle= 39 E= -774.347347743645  delta_E= -0.0256  |g|= 0.293  |ddm|= 0.185
  HOMO = -0.143162289955763  LUMO = -0.140066779535725
cycle= 40 E= -774.324926197808  delta_E= 0.0224  |g|= 0.35  |ddm|= 0.164
  HOMO = -0.143152906515491  LUMO = -0.140023890791956
cycle= 41 E= -774.322382280802  delta_E= 0.00254  |g|= 0.355  |ddm|= 0.0178
  HOMO = -0.143617298107491  LUMO = -0.140557678888033
cycle= 42 E= -774.329005935818  delta_E= -0.00662  |g|= 0.342  |ddm|= 0.05
  HOMO = -0.143518389095808  LUMO = -0.140060353083763
cycle= 43 E= -774.299479938093  delta_E= 0.0295  |g|=  0.4  |ddm|= 0.197
  HOMO = -0.142807615374687  LUMO = -0.138702141550649
cycle= 44 E= -774.269833854316  delta_E= 0.0296  |g|= 0.448  |ddm|= 0.196
  HOMO = -0.144411940770773  LUMO = -0.138775850284336
cycle= 45 E= -774.235853633217  delta_E= 0.034  |g|= 0.493  |ddm|= 0.252
  HOMO = -0.147303944069143  LUMO = -0.138981931084135
cycle= 46 E= -774.320563267578  delta_E= -0.0847  |g|= 0.339  |ddm|= 2.04
  HOMO = -0.144541203134686  LUMO = -0.140074077783879
cycle= 47 E= -774.252084069178  delta_E= 0.0685  |g|= 0.489  |ddm|= 1.98
  HOMO = -0.144399392903613  LUMO = -0.138178507126659
cycle= 48 E= -774.226589363072  delta_E= 0.0255  |g|= 0.504  |ddm|= 0.28
  HOMO = -0.142200649996931  LUMO = -0.136250021419136
cycle= 49 E= -774.221530407904  delta_E= 0.00506  |g|= 0.513  |ddm|= 0.264
  HOMO = -0.14162514335123  LUMO = -0.137184096551788
cycle= 50 E= -774.256414892698  delta_E= -0.0349  |g|= 0.466  |ddm|= 0.277
  HOMO = -0.143993032675897  LUMO = -0.137385415285089
cycle= 51 E= -774.222906388483  delta_E= 0.0335  |g|= 0.512  |ddm|= 0.24
  HOMO = -0.144015138205211  LUMO = -0.139120878712767
cycle= 52 E= -774.258749563684  delta_E= -0.0358  |g|= 0.464  |ddm|= 0.239
  HOMO = -0.143555078175944  LUMO = -0.138161725763051
cycle= 53 E= -774.248414014478  delta_E= 0.0103  |g|= 0.478  |ddm|= 0.129
  HOMO = -0.143584756925725  LUMO = -0.137727592498462
cycle= 54 E= -774.236882366144  delta_E= 0.0115  |g|= 0.49  |ddm|= 0.0841
  HOMO = -0.168915223306676  LUMO = -0.0953685655586232
cycle= 55 E= -774.122688146747  delta_E= 0.114  |g|= 0.815  |ddm|= 2.22
  HOMO = -0.17835441393915  LUMO = -0.129864711326515
cycle= 56 E= -774.248530927538  delta_E= -0.126  |g|= 0.545  |ddm|= 0.811
  HOMO = -0.156894457515694  LUMO = -0.12944086777178
cycle= 57 E= -774.296981933918  delta_E= -0.0485  |g|= 0.409  |ddm|= 0.431
  HOMO = -0.14337044915832  LUMO = -0.130683323510796
cycle= 58 E= -774.180969253342  delta_E= 0.116  |g|= 0.586  |ddm|=  2.2
  HOMO = -0.147318179919934  LUMO = -0.128884368129237
cycle= 59 E= -774.176693782466  delta_E= 0.00428  |g|= 0.571  |ddm|= 0.178
  HOMO = -0.146329174694373  LUMO = -0.128238330214781
cycle= 60 E= -774.178479336474  delta_E= -0.00179  |g|= 0.568  |ddm|= 0.0627
  HOMO = -0.146639763495246  LUMO = -0.127747391513239
cycle= 61 E= -774.17860494413  delta_E= -0.000126  |g|= 0.567  |ddm|= 0.0508
  HOMO = -0.146802441470107  LUMO = -0.132267983174099
cycle= 62 E= -774.200966466232  delta_E= -0.0224  |g|= 0.541  |ddm|= 0.188
  HOMO = -0.14732332786526  LUMO = -0.128834515214348
cycle= 63 E= -774.184219253191  delta_E= 0.0167  |g|= 0.557  |ddm|= 0.159
  HOMO = -0.146357025767658  LUMO = -0.140573711004115
cycle= 64 E= -774.346864698889  delta_E= -0.163  |g|= 0.284  |ddm|= 2.08
  HOMO = -0.141110765064114  LUMO = -0.138043217496729
cycle= 65 E= -774.387940210829  delta_E= -0.0411  |g|= 0.131  |ddm|= 0.655
  HOMO = -0.145623806832543  LUMO = -0.142885104639763
cycle= 66 E= -774.391933647849  delta_E= -0.00399  |g|= 0.0948  |ddm|= 0.382
  HOMO = -0.144218839054901  LUMO = -0.140638697969696
cycle= 67 E= -774.368600336202  delta_E= 0.0233  |g|= 0.209  |ddm|= 0.662
  HOMO = -0.143708140622078  LUMO = -0.140493811190346
cycle= 68 E= -774.380356924573  delta_E= -0.0118  |g|= 0.16  |ddm|= 0.16
  HOMO = -0.143065904103989  LUMO = -0.139898197820337
cycle= 69 E= -774.381465736345  delta_E= -0.00111  |g|= 0.156  |ddm|= 0.0397
  HOMO = -0.143403050007792  LUMO = -0.140353326733791
cycle= 70 E= -774.385549975136  delta_E= -0.00408  |g|= 0.131  |ddm|= 0.0858
  HOMO = -0.143647649105812  LUMO = -0.140441168069243
cycle= 71 E= -774.379773229033  delta_E= 0.00578  |g|= 0.164  |ddm|=  0.1
  HOMO = -0.143432541275334  LUMO = -0.140535069058769
cycle= 72 E= -774.390272590977  delta_E= -0.0105  |g|= 0.0947  |ddm|= 0.194
  HOMO = -0.14359938052049  LUMO = -0.14066722914383
cycle= 73 E= -774.389104250345  delta_E= 0.00117  |g|= 0.104  |ddm|= 0.0396
  HOMO = -0.143646087928485  LUMO = -0.140036847832684
cycle= 74 E= -774.368196749  delta_E= 0.0209  |g|= 0.213  |ddm|= 0.326
  HOMO = -0.144284453744694  LUMO = -0.140807847503094
cycle= 75 E= -774.372366392917  delta_E= -0.00417  |g|= 0.196  |ddm|= 0.0675
  HOMO = -0.143535177683904  LUMO = -0.140684788748405
cycle= 76 E= -774.392812279416  delta_E= -0.0204  |g|= 0.0674  |ddm|= 0.374
  HOMO = -0.143401265018963  LUMO = -0.140113581479552
cycle= 77 E= -774.375598648323  delta_E= 0.0172  |g|= 0.182  |ddm|= 0.319
  HOMO = -0.144029307471015  LUMO = -0.14124418545621
cycle= 78 E= -774.393441417188  delta_E= -0.0178  |g|= 0.06  |ddm|= 0.358
  HOMO = -0.143582508919388  LUMO = -0.140864292200888
cycle= 79 E= -774.394837683324  delta_E= -0.0014  |g|= 0.0319  |ddm|= 0.0924
  HOMO = -0.143271987060267  LUMO = -0.140538763625852
cycle= 80 E= -774.394690541093  delta_E= 0.000147  |g|= 0.0353  |ddm|= 0.0464
  HOMO = -0.143389232842448  LUMO = -0.140691208005689
cycle= 81 E= -774.395160913723  delta_E= -0.00047  |g|= 0.00797  |ddm|= 0.0813
  HOMO = -0.143419441268501  LUMO = -0.140656812231156
cycle= 82 E= -774.394658398958  delta_E= 0.000503  |g|= 0.0319  |ddm|= 0.09
  HOMO = -0.143395352760164  LUMO = -0.140665130819352
cycle= 83 E= -774.395118649569  delta_E= -0.00046  |g|= 0.0114  |ddm|= 0.048
  HOMO = -0.143437183313406  LUMO = -0.140697488249252
cycle= 84 E= -774.395021474896  delta_E= 9.72e-05  |g|= 0.0175  |ddm|= 0.0152
  HOMO = -0.143443488670396  LUMO = -0.140708615742273
cycle= 85 E= -774.395093937389  delta_E= -7.25e-05  |g|= 0.0131  |ddm|= 0.0108
  HOMO = -0.14342676266249  LUMO = -0.140730789253599
cycle= 86 E= -774.395042572072  delta_E= 5.14e-05  |g|= 0.0163  |ddm|= 0.0693
  HOMO = -0.143389080883423  LUMO = -0.140678591900593
cycle= 87 E= -774.39518380075  delta_E= -0.000141  |g|= 0.0027  |ddm|= 0.0317
  HOMO = -0.143379894477657  LUMO = -0.140669390200455
cycle= 88 E= -774.395185611663  delta_E= -1.81e-06  |g|= 0.00199  |ddm|= 0.00224
  HOMO = -0.14338968605674  LUMO = -0.140678208400495
cycle= 89 E= -774.395186960258  delta_E= -1.35e-06  |g|= 0.00114  |ddm|= 0.00185
  HOMO = -0.143392676482926  LUMO = -0.14067947099883
cycle= 90 E= -774.39518766096  delta_E= -7.01e-07  |g|= 0.000174  |ddm|= 0.00286
  HOMO = -0.1433915084749  LUMO = -0.140678710275396
cycle= 91 E= -774.395187644934  delta_E= 1.6e-08  |g|= 0.000218  |ddm|= 0.00067
  HOMO = -0.143391204249524  LUMO = -0.140678263904796
cycle= 92 E= -774.395187662419  delta_E= -1.75e-08  |g|= 0.000119  |ddm|= 0.000231
  HOMO = -0.143391517632844  LUMO = -0.140678273260121
cycle= 93 E= -774.39518766242  delta_E= -1.59e-12  |g|= 0.000125  |ddm|= 0.000561
  HOMO = -0.14339174296669  LUMO = -0.140678637798511
cycle= 94 E= -774.395187670047  delta_E= -7.63e-09  |g|= 1.33e-05  |ddm|= 0.000253
  HOMO = -0.143391349095085  LUMO = -0.140678260034893
cycle= 95 E= -774.395187670106  delta_E= -5.93e-11  |g|= 8.51e-06  |ddm|= 2.43e-05
  HOMO = -0.143391637730469  LUMO = -0.14067909814294
Extra cycle  E= -774.395187579135  delta_E= 9.1e-08  |g|= 0.00041  |ddm|= 0.000982
converged SCF energy = -774.395187579135
AOs:  [0, 1, 2, 3, 4, 5, 6, 7, 8, 9, 10, 11, 12, 13, 14, 15, 16, 17, 18, 19, 20, 21, 22, 23, 24, 25, 26, 27, 28, 29, 30, 31, 32, 33, 34, 35, 36, 37, 38, 39, 40, 41, 42, 43, 44, 45, 46, 47, 48, 49, 50, 51, 52, 53, 54, 55, 56, 57, 58, 59, 60, 61, 62, 63]
64
Number of Active MOs:  2
Number of Environment MOs:  68
Number of Virtual MOs:  244
 # electrons:            α            β
         Env:  68.00000000  68.00000000
         Act:   2.00000000   2.00000000
         Vir:   0.00000000   0.00000000
Number of electrons in the active space:  4

 The density matrix is idempotent!

 The density matrix is idempotent!


******** <class 'pyscf.scf.hf.RHF'> ********
method = RHF
initial guess = minao
damping factor = 0
level_shift factor = 0
DIIS = <class 'pyscf.scf.diis.CDIIS'>
diis_start_cycle = 1
diis_space = 8
SCF conv_tol = 1e-09
SCF conv_tol_grad = 1e-05
SCF max_cycles = 200
direct_scf = True
direct_scf_tol = 1e-13
chkfile to save SCF result = subsys_scf.chk
max_memory 900000 MB (current use 10410 MB)
init E= 1257.38054195297
  HOMO = -1.31973351032036  LUMO = -0.0457490197963026
cycle= 1 E= 1257.37921022807  delta_E= -0.00133  |g|= 0.0111  |ddm|= 0.0605
  HOMO = -1.3207101250936  LUMO = -0.0460451646260912
cycle= 2 E= 1257.37917920713  delta_E= -3.1e-05  |g|= 0.00172  |ddm|= 0.00861
  HOMO = -1.32089017586728  LUMO = -0.0460982935603263
cycle= 3 E= 1257.37917841224  delta_E= -7.95e-07  |g|= 3.88e-05  |ddm|= 0.00156
  HOMO = -1.32088858425084  LUMO = -0.0460974576684952
cycle= 4 E= 1257.3791784118  delta_E= -4.5e-10  |g|= 1.56e-06  |ddm|= 3.35e-05
  HOMO = -1.32088841638766  LUMO = -0.0460974067943315
Extra cycle  E= 1257.3791784118  delta_E= 8.41e-12  |g|= 2.64e-07  |ddm|= 2.05e-06
converged SCF energy = 1257.3791784118
Difference in energy:  -47.55512870498694
E(MP2) = 1257.36402334968  E_corr = -0.0151550621258938
Total energy =  -774.3345587833062
time elapsed:  112.98202872276306
