

******** <class 'pyscf.dft.rks.RKS'> ********
method = RKS-RHF
initial guess = minao
damping factor = 0
level_shift factor = 0
DIIS = <class 'pyscf.scf.diis.CDIIS'>
diis_start_cycle = 1
diis_space = 8
SCF conv_tol = 1e-09
SCF conv_tol_grad = 1e-05
SCF max_cycles = 1000
direct_scf = True
direct_scf_tol = 1e-13
chkfile to save SCF result = scf.fchk
max_memory 900000 MB (current use 79 MB)
XC library pyscf.dft.libxc version 5.1.7
    S. Lehtola, C. Steigemann, M. J. Oliveira, and M. A. Marques, SoftwareX 7, 1 (2018)
XC functionals = pbe
    J. P. Perdew, K. Burke, and M. Ernzerhof, Phys. Rev. Lett. 77, 3865 (1996)
    J. P. Perdew, K. Burke, and M. Ernzerhof, Phys. Rev. Lett. 78, 1396 (1997)
    J. P. Perdew, K. Burke, and M. Ernzerhof, Phys. Rev. Lett. 77, 3865 (1996)
    J. P. Perdew, K. Burke, and M. Ernzerhof, Phys. Rev. Lett. 78, 1396 (1997)
small_rho_cutoff = 1e-07
init E= -776.04746857852
  HOMO = -0.23303232339166  LUMO = -0.208196068594775
cycle= 1 E= -773.978936730464  delta_E= 2.07  |g|=  1.2  |ddm|= 6.28
  HOMO = -0.0141520031288271  LUMO = 0.00190490882147435
cycle= 2 E= -762.731964082989  delta_E= 11.2  |g|= 3.81  |ddm|= 6.24
  HOMO = -0.103098517975941  LUMO = -0.0660306163182839
cycle= 3 E= -773.659201123637  delta_E= -10.9  |g|= 1.39  |ddm|= 5.88
  HOMO = -0.109972488373799  LUMO = -0.0788573238738691
cycle= 4 E= -772.831772133807  delta_E= 0.827  |g|= 1.78  |ddm|= 3.36
  HOMO = -0.143730170881744  LUMO = -0.0907424809973113
cycle= 5 E= -774.048833626697  delta_E= -1.22  |g|=  0.8  |ddm|= 2.61
  HOMO = -0.15151606813364  LUMO = -0.130468396533919
cycle= 6 E= -774.269221674178  delta_E= -0.22  |g|= 0.522  |ddm|=  2.3
  HOMO = -0.149261018377356  LUMO = -0.134817183220451
cycle= 7 E= -774.203627922644  delta_E= 0.0656  |g|= 0.556  |ddm|= 2.15
  HOMO = -0.141998034128588  LUMO = -0.136149178968484
cycle= 8 E= -774.371417569808  delta_E= -0.168  |g|= 0.229  |ddm|= 1.82
  HOMO = -0.144220524769805  LUMO = -0.139794006432428
cycle= 9 E= -774.393233725689  delta_E= -0.0218  |g|= 0.106  |ddm|= 0.592
  HOMO = -0.143138890406176  LUMO = -0.138694314524436
cycle= 10 E= -774.39356389303  delta_E= -0.00033  |g|= 0.0836  |ddm|= 0.262
  HOMO = -0.14400308444908  LUMO = -0.139562205415849
cycle= 11 E= -774.395019132863  delta_E= -0.00146  |g|= 0.0593  |ddm|= 0.0758
  HOMO = -0.144003218096683  LUMO = -0.139722270849783
cycle= 12 E= -774.396482973605  delta_E= -0.00146  |g|= 0.0203  |ddm|= 0.162
  HOMO = -0.144457477123944  LUMO = -0.139954345375507
cycle= 13 E= -774.394007258862  delta_E= 0.00248  |g|= 0.0699  |ddm|= 0.201
  HOMO = -0.144416246517741  LUMO = -0.139896478874947
cycle= 14 E= -774.393681975559  delta_E= 0.000325  |g|= 0.0735  |ddm|= 0.0108
  HOMO = -0.144425856873514  LUMO = -0.139896690118602
cycle= 15 E= -774.393495117374  delta_E= 0.000187  |g|= 0.0757  |ddm|= 0.00597
  HOMO = -0.144358296713746  LUMO = -0.139929547756963
cycle= 16 E= -774.395342093004  delta_E= -0.00185  |g|= 0.049  |ddm|= 0.0656
  HOMO = -0.14426924569058  LUMO = -0.139958960974305
cycle= 17 E= -774.396585304502  delta_E= -0.00124  |g|= 0.013  |ddm|= 0.0901
  HOMO = -0.144245362062914  LUMO = -0.139920855527959
cycle= 18 E= -774.39653047554  delta_E= 5.48e-05  |g|= 0.0161  |ddm|= 0.012
  HOMO = -0.144287610789279  LUMO = -0.139961574908095
cycle= 19 E= -774.39655409382  delta_E= -2.36e-05  |g|= 0.0146  |ddm|= 0.00447
  HOMO = -0.144270021710426  LUMO = -0.139948703919534
cycle= 20 E= -774.396576705873  delta_E= -2.26e-05  |g|= 0.013  |ddm|= 0.00417
  HOMO = -0.144247904087603  LUMO = -0.13993514954267
cycle= 21 E= -774.396621540864  delta_E= -4.48e-05  |g|= 0.00939  |ddm|= 0.00858
  HOMO = -0.144258820002844  LUMO = -0.139953710996462
cycle= 22 E= -774.39664822855  delta_E= -2.67e-05  |g|= 0.00621  |ddm|= 0.00784
  HOMO = -0.144229787065151  LUMO = -0.139935837781177
cycle= 23 E= -774.396668530167  delta_E= -2.03e-05  |g|= 0.000935  |ddm|= 0.0123
  HOMO = -0.144241911971858  LUMO = -0.139946263191505
cycle= 24 E= -774.396668052584  delta_E= 4.78e-07  |g|= 0.00136  |ddm|= 0.00108
  HOMO = -0.144236705125471  LUMO = -0.139944715355143
cycle= 25 E= -774.396668938212  delta_E= -8.86e-07  |g|= 0.000383  |ddm|= 0.0039
  HOMO = -0.144235456392409  LUMO = -0.139942656203139
cycle= 26 E= -774.396669005589  delta_E= -6.74e-08  |g|= 7.63e-05  |ddm|= 0.00084
  HOMO = -0.144235296231598  LUMO = -0.139942471802488
cycle= 27 E= -774.396669005504  delta_E= 8.53e-11  |g|= 6.95e-05  |ddm|= 0.000148
  HOMO = -0.144234663881902  LUMO = -0.139941814722677
cycle= 28 E= -774.396669003874  delta_E= 1.63e-09  |g|= 8.2e-05  |ddm|= 0.000123
  HOMO = -0.144235173404786  LUMO = -0.139942476923472
cycle= 29 E= -774.396669007159  delta_E= -3.29e-09  |g|= 2.49e-05  |ddm|= 0.000191
  HOMO = -0.144235473966165  LUMO = -0.139942752572976
cycle= 30 E= -774.396669007263  delta_E= -1.04e-10  |g|= 1.52e-05  |ddm|= 4.1e-05
  HOMO = -0.144235167108588  LUMO = -0.139942492550075
cycle= 31 E= -774.396669007043  delta_E= 2.2e-10  |g|= 2.43e-05  |ddm|= 6.47e-05
  HOMO = -0.144235313108492  LUMO = -0.139942582874226
cycle= 32 E= -774.396669007308  delta_E= -2.65e-10  |g|= 6.79e-06  |ddm|= 6.59e-05
  HOMO = -0.144234524077998  LUMO = -0.139942586537422
Extra cycle  E= -774.396668933892  delta_E= 7.34e-08  |g|= 0.00037  |ddm|= 0.000879
converged SCF energy = -774.396668933892
AOs:  [0, 1, 2, 3, 4, 5, 6, 7, 8, 9, 10, 11, 12, 13, 14, 15, 16, 17, 18, 19, 20, 21, 22, 23, 24, 25, 26, 27, 28, 29, 30, 31, 32, 33, 34, 35, 36, 37, 38, 39, 40, 41, 42, 43, 44, 45, 46, 47, 48, 49, 50, 51, 52, 53, 54, 55, 56, 57, 58, 59, 60, 61, 62, 63]
64
Number of Active MOs:  20
Number of Environment MOs:  50
Number of Virtual MOs:  244
 # electrons:            α            β
         Env:  50.00000000  50.00000000
         Act:  20.00000000  20.00000000
         Vir:   0.00000000   0.00000000
Number of electrons in the active space:  40

 The density matrix is idempotent!

 The density matrix is idempotent!


******** <class 'pyscf.scf.hf.RHF'> ********
method = RHF
initial guess = minao
damping factor = 0
level_shift factor = 0
DIIS = <class 'pyscf.scf.diis.CDIIS'>
diis_start_cycle = 1
diis_space = 8
SCF conv_tol = 1e-09
SCF conv_tol_grad = 1e-05
SCF max_cycles = 200
direct_scf = True
direct_scf_tol = 1e-13
chkfile to save SCF result = subsys_scf.chk
max_memory 900000 MB (current use 10411 MB)
init E= 930.318326015317
  HOMO = -0.180870120673345  LUMO = 0.00248301440168528
cycle= 1 E= 930.264850455554  delta_E= -0.0535  |g|= 0.0952  |ddm|= 0.851
  HOMO = -0.18745173075346  LUMO = 0.00401240249396673
cycle= 2 E= 930.259538833056  delta_E= -0.00531  |g|= 0.0373  |ddm|= 0.225
  HOMO = -0.190120254445998  LUMO = 0.00939274801147162
cycle= 3 E= 930.258120164444  delta_E= -0.00142  |g|= 0.0258  |ddm|= 0.105
  HOMO = -0.190134455692353  LUMO = 0.0123688074847616
cycle= 4 E= 930.257486750561  delta_E= -0.000633  |g|= 0.00998  |ddm|= 0.0773
  HOMO = -0.192919458749595  LUMO = 0.0132027631778982
cycle= 5 E= 930.257278955362  delta_E= -0.000208  |g|= 0.00623  |ddm|= 0.0514
  HOMO = -0.19304129573593  LUMO = 0.0141248382939562
cycle= 6 E= 930.25722592837  delta_E= -5.3e-05  |g|= 0.00255  |ddm|= 0.0302
  HOMO = -0.193107566158717  LUMO = 0.0140521247087105
cycle= 7 E= 930.257217529448  delta_E= -8.4e-06  |g|= 0.00181  |ddm|= 0.00902
  HOMO = -0.192994049574946  LUMO = 0.0138895994126606
cycle= 8 E= 930.257208362727  delta_E= -9.17e-06  |g|= 0.001  |ddm|= 0.015
  HOMO = -0.192907994187915  LUMO = 0.0137347855624069
cycle= 9 E= 930.25720567777  delta_E= -2.68e-06  |g|= 0.000291  |ddm|= 0.0116
  HOMO = -0.192852152631537  LUMO = 0.013739582843208
cycle= 10 E= 930.257205575614  delta_E= -1.02e-07  |g|= 0.000173  |ddm|= 0.00139
  HOMO = -0.192838350596064  LUMO = 0.013706604732203
cycle= 11 E= 930.257205530987  delta_E= -4.46e-08  |g|= 3.37e-05  |ddm|= 0.00167
  HOMO = -0.192834110828597  LUMO = 0.0137069002028102
cycle= 12 E= 930.257205529977  delta_E= -1.01e-09  |g|= 7.78e-06  |ddm|= 0.000116
  HOMO = -0.192833781494358  LUMO = 0.0137056254495704
cycle= 13 E= 930.257205530168  delta_E= 1.91e-10  |g|= 3.05e-06  |ddm|= 7.61e-05
  HOMO = -0.192834103053309  LUMO = 0.0137056140584413
Extra cycle  E= 930.257205530083  delta_E= -8.5e-11  |g|= 1.41e-06  |ddm|= 7.69e-06
converged SCF energy = 930.257205530083
Difference in energy:  -839.8251968407641
E(MP2) = 929.532959068304  E_corr = -0.724246461778585
Total energy =  -773.782569876331
time elapsed:  45.90752696990967
