

******** <class 'pyscf.dft.rks.RKS'> ********
method = RKS-RHF
initial guess = minao
damping factor = 0
level_shift factor = 0
DIIS = <class 'pyscf.scf.diis.CDIIS'>
diis_start_cycle = 1
diis_space = 8
SCF conv_tol = 1e-09
SCF conv_tol_grad = 1e-05
SCF max_cycles = 1000
direct_scf = True
direct_scf_tol = 1e-13
chkfile to save SCF result = scf.fchk
max_memory 900000 MB (current use 79 MB)
XC library pyscf.dft.libxc version 5.1.7
    S. Lehtola, C. Steigemann, M. J. Oliveira, and M. A. Marques, SoftwareX 7, 1 (2018)
XC functionals = pbe
    J. P. Perdew, K. Burke, and M. Ernzerhof, Phys. Rev. Lett. 77, 3865 (1996)
    J. P. Perdew, K. Burke, and M. Ernzerhof, Phys. Rev. Lett. 78, 1396 (1997)
    J. P. Perdew, K. Burke, and M. Ernzerhof, Phys. Rev. Lett. 77, 3865 (1996)
    J. P. Perdew, K. Burke, and M. Ernzerhof, Phys. Rev. Lett. 78, 1396 (1997)
small_rho_cutoff = 1e-07
init E= -776.047454529273
  HOMO = -0.233179057226641  LUMO = -0.208054794096008
cycle= 1 E= -773.982186486278  delta_E= 2.07  |g|=  1.2  |ddm|= 6.28
  HOMO = -0.0129431560477186  LUMO = 0.00287684627728736
cycle= 2 E= -762.77228273988  delta_E= 11.2  |g|= 3.81  |ddm|= 6.22
  HOMO = -0.104494846572771  LUMO = -0.0652161278273836
cycle= 3 E= -773.655873379206  delta_E= -10.9  |g|=  1.4  |ddm|= 5.87
  HOMO = -0.110362689817434  LUMO = -0.0797791416765619
cycle= 4 E= -772.837736848982  delta_E= 0.818  |g|= 1.78  |ddm|= 3.36
  HOMO = -0.144028396185394  LUMO = -0.0912387031385438
cycle= 5 E= -774.051820448398  delta_E= -1.21  |g|= 0.797  |ddm|=  2.6
  HOMO = -0.152362551578257  LUMO = -0.129954333350379
cycle= 6 E= -774.271882782869  delta_E= -0.22  |g|= 0.521  |ddm|= 2.29
  HOMO = -0.149156132635306  LUMO = -0.135382810042726
cycle= 7 E= -774.221902846793  delta_E= 0.05  |g|= 0.538  |ddm|= 2.09
  HOMO = -0.142986348946602  LUMO = -0.135322360468698
cycle= 8 E= -774.373341946463  delta_E= -0.151  |g|= 0.229  |ddm|= 1.72
  HOMO = -0.145208639665438  LUMO = -0.139164671122029
cycle= 9 E= -774.394605148009  delta_E= -0.0213  |g|= 0.108  |ddm|= 0.521
  HOMO = -0.143798643651483  LUMO = -0.137823948652243
cycle= 10 E= -774.396424166146  delta_E= -0.00182  |g|= 0.0665  |ddm|= 0.191
  HOMO = -0.14502070755862  LUMO = -0.138879912400061
cycle= 11 E= -774.395535788161  delta_E= 0.000888  |g|= 0.0733  |ddm|= 0.108
  HOMO = -0.14497815599155  LUMO = -0.139035639878433
cycle= 12 E= -774.397909748919  delta_E= -0.00237  |g|= 0.0256  |ddm|= 0.123
  HOMO = -0.145183388196338  LUMO = -0.138967965876237
cycle= 13 E= -774.394423448801  delta_E= 0.00349  |g|= 0.0832  |ddm|= 0.156
  HOMO = -0.145320915616194  LUMO = -0.139023693073855
cycle= 14 E= -774.393153382949  delta_E= 0.00127  |g|= 0.0955  |ddm|= 0.0318
  HOMO = -0.145432922077965  LUMO = -0.139107512928871
cycle= 15 E= -774.392640531967  delta_E= 0.000513  |g|= 0.0996  |ddm|= 0.0128
  HOMO = -0.145245680328887  LUMO = -0.139167696657933
cycle= 16 E= -774.396390774785  delta_E= -0.00375  |g|= 0.0566  |ddm|= 0.106
  HOMO = -0.145262257025115  LUMO = -0.139323404125449
cycle= 17 E= -774.397756660366  delta_E= -0.00137  |g|= 0.028  |ddm|= 0.073
  HOMO = -0.145114966804961  LUMO = -0.139157386410098
cycle= 18 E= -774.397640387121  delta_E= 0.000116  |g|= 0.031  |ddm|= 0.0152
  HOMO = -0.145122298840445  LUMO = -0.139174692710994
cycle= 19 E= -774.3977718634  delta_E= -0.000131  |g|= 0.0268  |ddm|= 0.0103
  HOMO = -0.145139514776305  LUMO = -0.139221665741854
cycle= 20 E= -774.398004464918  delta_E= -0.000233  |g|= 0.017  |ddm|= 0.0233
  HOMO = -0.145060121876388  LUMO = -0.139161098641689
cycle= 21 E= -774.398075957101  delta_E= -7.15e-05  |g|= 0.0126  |ddm|= 0.011
  HOMO = -0.145149906679815  LUMO = -0.139267005946221
cycle= 22 E= -774.398134675598  delta_E= -5.87e-05  |g|= 0.00718  |ddm|= 0.0161
  HOMO = -0.145068979973528  LUMO = -0.139196103926195
cycle= 23 E= -774.398154786736  delta_E= -2.01e-05  |g|= 0.00292  |ddm|= 0.00951
  HOMO = -0.14508626695517  LUMO = -0.139214086492303
cycle= 24 E= -774.398157135809  delta_E= -2.35e-06  |g|= 0.00207  |ddm|= 0.00229
  HOMO = -0.145071519457343  LUMO = -0.139204244512924
cycle= 25 E= -774.39815936654  delta_E= -2.23e-06  |g|= 0.000232  |ddm|= 0.00448
  HOMO = -0.145075254288438  LUMO = -0.139207267695466
cycle= 26 E= -774.398159305362  delta_E= 6.12e-08  |g|= 0.000382  |ddm|= 0.000696
  HOMO = -0.145076386760243  LUMO = -0.139209085168165
cycle= 27 E= -774.398159372148  delta_E= -6.68e-08  |g|= 0.000156  |ddm|= 0.000581
  HOMO = -0.14507553137292  LUMO = -0.13920856296467
cycle= 28 E= -774.398159382889  delta_E= -1.07e-08  |g|= 5.29e-05  |ddm|= 0.000249
  HOMO = -0.145074747352126  LUMO = -0.139207842978016
cycle= 29 E= -774.398159383765  delta_E= -8.76e-10  |g|= 2.91e-05  |ddm|= 8.96e-05
  HOMO = -0.145075456331481  LUMO = -0.139208598547174
cycle= 30 E= -774.398159383515  delta_E= 2.49e-10  |g|= 3.49e-05  |ddm|= 9.57e-05
  HOMO = -0.145074939524512  LUMO = -0.139208042893567
cycle= 31 E= -774.398159383992  delta_E= -4.77e-10  |g|= 1.01e-05  |ddm|= 5.37e-05
  HOMO = -0.145075190353605  LUMO = -0.139208298825945
cycle= 32 E= -774.398159383954  delta_E= 3.8e-11  |g|= 1.29e-05  |ddm|= 1.85e-05
  HOMO = -0.14507503077864  LUMO = -0.139208109101614
cycle= 33 E= -774.398159384026  delta_E= -7.14e-11  |g|= 4.6e-06  |ddm|= 3.36e-05
  HOMO = -0.145074893952041  LUMO = -0.139208348009681
Extra cycle  E= -774.398159374438  delta_E= 9.59e-09  |g|= 0.000133  |ddm|= 0.000315
converged SCF energy = -774.398159374438
AOs:  [0, 1, 2, 3, 4, 5, 6, 7, 8, 9, 10, 11, 12, 13, 14, 15, 16, 17, 18, 19, 20, 21, 22, 23, 24, 25, 26, 27, 28, 29, 30, 31, 32, 33, 34, 35, 36, 37, 38, 39, 40, 41, 42, 43, 44, 45, 46, 47, 48, 49, 50, 51, 52, 53, 54, 55, 56, 57, 58, 59, 60, 61, 62, 63]
64
Number of Active MOs:  20
Number of Environment MOs:  50
Number of Virtual MOs:  244
 # electrons:            α            β
         Env:  50.00000000  50.00000000
         Act:  20.00000000  20.00000000
         Vir:   0.00000000   0.00000000
Number of electrons in the active space:  40

 The density matrix is idempotent!

 The density matrix is idempotent!


******** <class 'pyscf.scf.hf.RHF'> ********
method = RHF
initial guess = minao
damping factor = 0
level_shift factor = 0
DIIS = <class 'pyscf.scf.diis.CDIIS'>
diis_start_cycle = 1
diis_space = 8
SCF conv_tol = 1e-09
SCF conv_tol_grad = 1e-05
SCF max_cycles = 200
direct_scf = True
direct_scf_tol = 1e-13
chkfile to save SCF result = subsys_scf.chk
max_memory 900000 MB (current use 10410 MB)
init E= 930.145441369265
  HOMO = -0.182588258384466  LUMO = 0.00345491688128826
cycle= 1 E= 930.092041918335  delta_E= -0.0534  |g|= 0.0946  |ddm|= 0.849
  HOMO = -0.189364465971186  LUMO = 0.00511849727717283
cycle= 2 E= 930.086764215661  delta_E= -0.00528  |g|= 0.0368  |ddm|= 0.223
  HOMO = -0.191920057906437  LUMO = 0.0105363889597525
cycle= 3 E= 930.085367025182  delta_E= -0.0014  |g|= 0.0251  |ddm|= 0.104
  HOMO = -0.192000235366792  LUMO = 0.0134906987176458
cycle= 4 E= 930.084764145668  delta_E= -0.000603  |g|= 0.00965  |ddm|= 0.0751
  HOMO = -0.194753138426935  LUMO = 0.0143022541173836
cycle= 5 E= 930.084574053799  delta_E= -0.00019  |g|= 0.00591  |ddm|= 0.0486
  HOMO = -0.19487118930076  LUMO = 0.0152028963599712
cycle= 6 E= 930.084528141051  delta_E= -4.59e-05  |g|= 0.00231  |ddm|= 0.0278
  HOMO = -0.194939241228283  LUMO = 0.0151404321221397
cycle= 7 E= 930.084521433963  delta_E= -6.71e-06  |g|= 0.00161  |ddm|= 0.008
  HOMO = -0.194850336823589  LUMO = 0.015000994387406
cycle= 8 E= 930.084514488106  delta_E= -6.95e-06  |g|= 0.000895  |ddm|= 0.0127
  HOMO = -0.194776155579615  LUMO = 0.0148684808937051
cycle= 9 E= 930.084512423262  delta_E= -2.06e-06  |g|= 0.000257  |ddm|= 0.00993
  HOMO = -0.194727242387873  LUMO = 0.0148734597082914
cycle= 10 E= 930.084512344981  delta_E= -7.83e-08  |g|= 0.000159  |ddm|= 0.00118
  HOMO = -0.19471649812857  LUMO = 0.0148446807109955
cycle= 11 E= 930.084512309983  delta_E= -3.5e-08  |g|= 3.08e-05  |ddm|= 0.00144
  HOMO = -0.194712444488481  LUMO = 0.0148449693747112
cycle= 12 E= 930.084512309343  delta_E= -6.4e-10  |g|= 7.25e-06  |ddm|= 0.000107
  HOMO = -0.194712749059679  LUMO = 0.0148443084916583
Extra cycle  E= 930.084512308907  delta_E= -4.37e-10  |g|= 3.54e-06  |ddm|= 1.75e-05
converged SCF energy = 930.084512308907
Difference in energy:  -839.1571905857427
E(MP2) = 929.360309694821  E_corr = -0.724202614085852
Total energy =  -773.7850810040208
time elapsed:  47.63863134384155
