Resetting modules to system default. Reseting $MODULEPATH back to system default. All extra directories will be removed from $MODULEPATH.
Defaulting to user installation because normal site-packages is not writeable
Looking in indexes: https://pypi.org/simple, https://pypi.ngc.nvidia.com, https://pypi.ngc.nvidia.com
Requirement already satisfied: numpy in /home/robs84/.local/lib/python3.8/site-packages (1.22.2)
Requirement already satisfied: scipy in /apps/easybuild/software/tinkercliffs-rome/Anaconda3/2020.11/lib/python3.8/site-packages (1.5.2)
Requirement already satisfied: h5py in /apps/easybuild/software/tinkercliffs-rome/Anaconda3/2020.11/lib/python3.8/site-packages (2.10.0)
Requirement already satisfied: pyscf in /home/robs84/.local/lib/python3.8/site-packages (2.0.1)
Requirement already satisfied: six in /apps/easybuild/software/tinkercliffs-rome/Anaconda3/2020.11/lib/python3.8/site-packages (from h5py) (1.15.0)
WARNING: There was an error checking the latest version of pip.
Warning: <pyscf.gto.mole.Mole object at 0x2aaac0c54610> must be initialized before calling SCF.
Initialize <pyscf.gto.mole.Mole object at 0x2aaac0c54610> in <pyscf.scf.hf.RHF object at 0x2aaac0c54460>
Overwritten attributes  get_hcore  of <class 'pyscf.scf.hf.RHF'>
Warning: <pyscf.gto.mole.Mole object at 0x2aaac0c3b610> must be initialized before calling SCF.
Initialize <pyscf.gto.mole.Mole object at 0x2aaac0c3b610> in <pyscf.scf.hf.RHF object at 0x2aaac0c3b460>
Overwritten attributes  get_hcore  of <class 'pyscf.scf.hf.RHF'>
Warning: <pyscf.gto.mole.Mole object at 0x2aaabbfe2eb0> must be initialized before calling SCF.
Initialize <pyscf.gto.mole.Mole object at 0x2aaabbfe2eb0> in <pyscf.scf.hf.RHF object at 0x2aaac09ae340>
Overwritten attributes  get_hcore  of <class 'pyscf.scf.hf.RHF'>
Warning: <pyscf.gto.mole.Mole object at 0x2aaaaac745b0> must be initialized before calling SCF.
Initialize <pyscf.gto.mole.Mole object at 0x2aaaaac745b0> in <pyscf.scf.hf.RHF object at 0x2aaac0bc07c0>
Overwritten attributes  get_hcore  of <class 'pyscf.scf.hf.RHF'>
Warning: <pyscf.gto.mole.Mole object at 0x2aaabbfe2eb0> must be initialized before calling SCF.
Initialize <pyscf.gto.mole.Mole object at 0x2aaabbfe2eb0> in <pyscf.scf.hf.RHF object at 0x2aaac09ae340>
Overwritten attributes  get_hcore  of <class 'pyscf.scf.hf.RHF'>
Warning: <pyscf.gto.mole.Mole object at 0x2aaabbfe2eb0> must be initialized before calling SCF.
Initialize <pyscf.gto.mole.Mole object at 0x2aaabbfe2eb0> in <pyscf.scf.hf.RHF object at 0x2aaac09ae340>
Overwritten attributes  get_hcore  of <class 'pyscf.scf.hf.RHF'>
Warning: <pyscf.gto.mole.Mole object at 0x2aaac09ae580> must be initialized before calling SCF.
Initialize <pyscf.gto.mole.Mole object at 0x2aaac09ae580> in <pyscf.scf.hf.RHF object at 0x2aaac09ae340>
Overwritten attributes  get_hcore  of <class 'pyscf.scf.hf.RHF'>
Warning: <pyscf.gto.mole.Mole object at 0x2aaaaac745b0> must be initialized before calling SCF.
Initialize <pyscf.gto.mole.Mole object at 0x2aaaaac745b0> in <pyscf.scf.hf.RHF object at 0x2aaac0bc17c0>
Overwritten attributes  get_hcore  of <class 'pyscf.scf.hf.RHF'>
Warning: <pyscf.gto.mole.Mole object at 0x2aaac0bc0e50> must be initialized before calling SCF.
Initialize <pyscf.gto.mole.Mole object at 0x2aaac0bc0e50> in <pyscf.scf.hf.RHF object at 0x2aaac0bc0ac0>
Overwritten attributes  get_hcore  of <class 'pyscf.scf.hf.RHF'>
Warning: <pyscf.gto.mole.Mole object at 0x2aaaaac74940> must be initialized before calling SCF.
Initialize <pyscf.gto.mole.Mole object at 0x2aaaaac74940> in <pyscf.scf.hf.RHF object at 0x2aaaaac1be20>
Overwritten attributes  get_hcore  of <class 'pyscf.scf.hf.RHF'>
Warning: <pyscf.gto.mole.Mole object at 0x2aaac09ae580> must be initialized before calling SCF.
Initialize <pyscf.gto.mole.Mole object at 0x2aaac09ae580> in <pyscf.scf.hf.RHF object at 0x2aaaaac745b0>
Overwritten attributes  get_hcore  of <class 'pyscf.scf.hf.RHF'>
Warning: <pyscf.gto.mole.Mole object at 0x2aaac0c5a550> must be initialized before calling SCF.
Initialize <pyscf.gto.mole.Mole object at 0x2aaac0c5a550> in <pyscf.scf.hf.RHF object at 0x2aaac0c5a400>
Overwritten attributes  get_hcore  of <class 'pyscf.scf.hf.RHF'>
Warning: <pyscf.gto.mole.Mole object at 0x2aaabbfef6a0> must be initialized before calling SCF.
Initialize <pyscf.gto.mole.Mole object at 0x2aaabbfef6a0> in <pyscf.scf.hf.RHF object at 0x2aaac0bcbc70>
Overwritten attributes  get_hcore  of <class 'pyscf.scf.hf.RHF'>
Warning: <pyscf.gto.mole.Mole object at 0x2aaac0bb52e0> must be initialized before calling SCF.
Initialize <pyscf.gto.mole.Mole object at 0x2aaac0bb52e0> in <pyscf.scf.hf.RHF object at 0x2aaaaac74940>
Overwritten attributes  get_hcore  of <class 'pyscf.scf.hf.RHF'>
Warning: <pyscf.gto.mole.Mole object at 0x2aaac0bcbfa0> must be initialized before calling SCF.
Initialize <pyscf.gto.mole.Mole object at 0x2aaac0bcbfa0> in <pyscf.scf.hf.RHF object at 0x2aaac0bcbeb0>
Overwritten attributes  get_hcore  of <class 'pyscf.scf.hf.RHF'>
Warning: <pyscf.gto.mole.Mole object at 0x2aaac0c5e610> must be initialized before calling SCF.
Initialize <pyscf.gto.mole.Mole object at 0x2aaac0c5e610> in <pyscf.scf.hf.RHF object at 0x2aaac0c5e460>
Overwritten attributes  get_hcore  of <class 'pyscf.scf.hf.RHF'>
Warning: <pyscf.gto.mole.Mole object at 0x2aaac0c58610> must be initialized before calling SCF.
Initialize <pyscf.gto.mole.Mole object at 0x2aaac0c58610> in <pyscf.scf.hf.RHF object at 0x2aaac0c582e0>
Overwritten attributes  get_hcore  of <class 'pyscf.scf.hf.RHF'>
Warning: <pyscf.gto.mole.Mole object at 0x2aaabbfe2eb0> must be initialized before calling SCF.
Initialize <pyscf.gto.mole.Mole object at 0x2aaabbfe2eb0> in <pyscf.scf.hf.RHF object at 0x2aaac09ae340>
Overwritten attributes  get_hcore  of <class 'pyscf.scf.hf.RHF'>
Warning: <pyscf.gto.mole.Mole object at 0x2aaac0c59610> must be initialized before calling SCF.
Initialize <pyscf.gto.mole.Mole object at 0x2aaac0c59610> in <pyscf.scf.hf.RHF object at 0x2aaac0c593a0>
Overwritten attributes  get_hcore  of <class 'pyscf.scf.hf.RHF'>
Warning: <pyscf.gto.mole.Mole object at 0x2aaac0c54610> must be initialized before calling SCF.
Initialize <pyscf.gto.mole.Mole object at 0x2aaac0c54610> in <pyscf.scf.hf.RHF object at 0x2aaac0c54460>
Overwritten attributes  get_hcore  of <class 'pyscf.scf.hf.RHF'>
Warning: <pyscf.gto.mole.Mole object at 0x2aaac09ae580> must be initialized before calling SCF.
Initialize <pyscf.gto.mole.Mole object at 0x2aaac09ae580> in <pyscf.scf.hf.RHF object at 0x2aaac09ae340>
Overwritten attributes  get_hcore  of <class 'pyscf.scf.hf.RHF'>
Warning: <pyscf.gto.mole.Mole object at 0x2aaac09ae580> must be initialized before calling SCF.
Initialize <pyscf.gto.mole.Mole object at 0x2aaac09ae580> in <pyscf.scf.hf.RHF object at 0x2aaac09ae340>
Overwritten attributes  get_hcore  of <class 'pyscf.scf.hf.RHF'>
Warning: <pyscf.gto.mole.Mole object at 0x2aaaaac745b0> must be initialized before calling SCF.
Initialize <pyscf.gto.mole.Mole object at 0x2aaaaac745b0> in <pyscf.scf.hf.RHF object at 0x2aaac0bc17c0>
Overwritten attributes  get_hcore  of <class 'pyscf.scf.hf.RHF'>
Warning: <pyscf.gto.mole.Mole object at 0x2aaabbfe2eb0> must be initialized before calling SCF.
Initialize <pyscf.gto.mole.Mole object at 0x2aaabbfe2eb0> in <pyscf.scf.hf.RHF object at 0x2aaac09ae340>
Overwritten attributes  get_hcore  of <class 'pyscf.scf.hf.RHF'>
Warning: <pyscf.gto.mole.Mole object at 0x2aaabbfe2eb0> must be initialized before calling SCF.
Initialize <pyscf.gto.mole.Mole object at 0x2aaabbfe2eb0> in <pyscf.scf.hf.RHF object at 0x2aaac09ae340>
Overwritten attributes  get_hcore  of <class 'pyscf.scf.hf.RHF'>
Warning: <pyscf.gto.mole.Mole object at 0x2aaaaac745b0> must be initialized before calling SCF.
Initialize <pyscf.gto.mole.Mole object at 0x2aaaaac745b0> in <pyscf.scf.hf.RHF object at 0x2aaac0bc07c0>
Overwritten attributes  get_hcore  of <class 'pyscf.scf.hf.RHF'>
Warning: <pyscf.gto.mole.Mole object at 0x2aaac0c57610> must be initialized before calling SCF.
Initialize <pyscf.gto.mole.Mole object at 0x2aaac0c57610> in <pyscf.scf.hf.RHF object at 0x2aaac0c57460>
Overwritten attributes  get_hcore  of <class 'pyscf.scf.hf.RHF'>
Warning: <pyscf.gto.mole.Mole object at 0x2aaac0c57610> must be initialized before calling SCF.
Initialize <pyscf.gto.mole.Mole object at 0x2aaac0c57610> in <pyscf.scf.hf.RHF object at 0x2aaac0c57460>
Overwritten attributes  get_hcore  of <class 'pyscf.scf.hf.RHF'>
