Resetting modules to system default. Reseting $MODULEPATH back to system default. All extra directories will be removed from $MODULEPATH.
Defaulting to user installation because normal site-packages is not writeable
Looking in indexes: https://pypi.org/simple, https://pypi.ngc.nvidia.com, https://pypi.ngc.nvidia.com
Requirement already satisfied: numpy in /home/robs84/.local/lib/python3.8/site-packages (1.22.2)
Requirement already satisfied: scipy in /apps/easybuild/software/tinkercliffs-rome/Anaconda3/2020.11/lib/python3.8/site-packages (1.5.2)
Requirement already satisfied: h5py in /apps/easybuild/software/tinkercliffs-rome/Anaconda3/2020.11/lib/python3.8/site-packages (2.10.0)
Requirement already satisfied: pyscf in /home/robs84/.local/lib/python3.8/site-packages (2.0.1)
Requirement already satisfied: six in /apps/easybuild/software/tinkercliffs-rome/Anaconda3/2020.11/lib/python3.8/site-packages (from h5py) (1.15.0)
WARNING: There was an error checking the latest version of pip.
Warning: <pyscf.gto.mole.Mole object at 0x2aaac09ac4c0> must be initialized before calling SCF.
Initialize <pyscf.gto.mole.Mole object at 0x2aaac09ac4c0> in <pyscf.scf.hf.RHF object at 0x2aaabed6e160>
Overwritten attributes  get_hcore  of <class 'pyscf.scf.hf.RHF'>
Warning: <pyscf.gto.mole.Mole object at 0x2aaac0c49610> must be initialized before calling SCF.
Initialize <pyscf.gto.mole.Mole object at 0x2aaac0c49610> in <pyscf.scf.hf.RHF object at 0x2aaac0c49460>
Overwritten attributes  get_hcore  of <class 'pyscf.scf.hf.RHF'>
Warning: <pyscf.gto.mole.Mole object at 0x2aaaaac725b0> must be initialized before calling SCF.
Initialize <pyscf.gto.mole.Mole object at 0x2aaaaac725b0> in <pyscf.scf.hf.RHF object at 0x2aaac0bbe7c0>
Overwritten attributes  get_hcore  of <class 'pyscf.scf.hf.RHF'>
Warning: <pyscf.gto.mole.Mole object at 0x2aaaaac725b0> must be initialized before calling SCF.
Initialize <pyscf.gto.mole.Mole object at 0x2aaaaac725b0> in <pyscf.scf.hf.RHF object at 0x2aaac0bbe7c0>
Overwritten attributes  get_hcore  of <class 'pyscf.scf.hf.RHF'>
Warning: <pyscf.gto.mole.Mole object at 0x2aaaaac725b0> must be initialized before calling SCF.
Initialize <pyscf.gto.mole.Mole object at 0x2aaaaac725b0> in <pyscf.scf.hf.RHF object at 0x2aaac0bbe7c0>
Overwritten attributes  get_hcore  of <class 'pyscf.scf.hf.RHF'>
Warning: <pyscf.gto.mole.Mole object at 0x2aaaaac725b0> must be initialized before calling SCF.
Initialize <pyscf.gto.mole.Mole object at 0x2aaaaac725b0> in <pyscf.scf.hf.RHF object at 0x2aaac0bbe7c0>
Overwritten attributes  get_hcore  of <class 'pyscf.scf.hf.RHF'>
Warning: <pyscf.gto.mole.Mole object at 0x2aaac09ad580> must be initialized before calling SCF.
Initialize <pyscf.gto.mole.Mole object at 0x2aaac09ad580> in <pyscf.scf.hf.RHF object at 0x2aaac09ad340>
Overwritten attributes  get_hcore  of <class 'pyscf.scf.hf.RHF'>
Warning: <pyscf.gto.mole.Mole object at 0x2aaaaac725b0> must be initialized before calling SCF.
Initialize <pyscf.gto.mole.Mole object at 0x2aaaaac725b0> in <pyscf.scf.hf.RHF object at 0x2aaac0bbe7c0>
Overwritten attributes  get_hcore  of <class 'pyscf.scf.hf.RHF'>
Warning: <pyscf.gto.mole.Mole object at 0x2aaac0bbee50> must be initialized before calling SCF.
Initialize <pyscf.gto.mole.Mole object at 0x2aaac0bbee50> in <pyscf.scf.hf.RHF object at 0x2aaac0bbec70>
Overwritten attributes  get_hcore  of <class 'pyscf.scf.hf.RHF'>
Warning: <pyscf.gto.mole.Mole object at 0x2aaaaac72940> must be initialized before calling SCF.
Initialize <pyscf.gto.mole.Mole object at 0x2aaaaac72940> in <pyscf.scf.hf.RHF object at 0x2aaaaac1ae20>
Overwritten attributes  get_hcore  of <class 'pyscf.scf.hf.RHF'>
Warning: <pyscf.gto.mole.Mole object at 0x2aaac09ad580> must be initialized before calling SCF.
Initialize <pyscf.gto.mole.Mole object at 0x2aaac09ad580> in <pyscf.scf.hf.RHF object at 0x2aaaaac725b0>
Overwritten attributes  get_hcore  of <class 'pyscf.scf.hf.RHF'>
Warning: <pyscf.gto.mole.Mole object at 0x2aaac0c58550> must be initialized before calling SCF.
Initialize <pyscf.gto.mole.Mole object at 0x2aaac0c58550> in <pyscf.scf.hf.RHF object at 0x2aaac0c58400>
Overwritten attributes  get_hcore  of <class 'pyscf.scf.hf.RHF'>
Warning: <pyscf.gto.mole.Mole object at 0x2aaac09ad340> must be initialized before calling SCF.
Initialize <pyscf.gto.mole.Mole object at 0x2aaac09ad340> in <pyscf.scf.hf.RHF object at 0x2aaaaac1ae20>
Overwritten attributes  get_hcore  of <class 'pyscf.scf.hf.RHF'>
Warning: <pyscf.gto.mole.Mole object at 0x2aaac0c5c610> must be initialized before calling SCF.
Initialize <pyscf.gto.mole.Mole object at 0x2aaac0c5c610> in <pyscf.scf.hf.RHF object at 0x2aaac0c5c340>
Overwritten attributes  get_hcore  of <class 'pyscf.scf.hf.RHF'>
Warning: <pyscf.gto.mole.Mole object at 0x2aaac0bcafa0> must be initialized before calling SCF.
Initialize <pyscf.gto.mole.Mole object at 0x2aaac0bcafa0> in <pyscf.scf.hf.RHF object at 0x2aaac0bcaeb0>
Overwritten attributes  get_hcore  of <class 'pyscf.scf.hf.RHF'>
Warning: <pyscf.gto.mole.Mole object at 0x2aaac0c5b610> must be initialized before calling SCF.
Initialize <pyscf.gto.mole.Mole object at 0x2aaac0c5b610> in <pyscf.scf.hf.RHF object at 0x2aaac0c5b460>
Overwritten attributes  get_hcore  of <class 'pyscf.scf.hf.RHF'>
Warning: <pyscf.gto.mole.Mole object at 0x2aaac0c58610> must be initialized before calling SCF.
Initialize <pyscf.gto.mole.Mole object at 0x2aaac0c58610> in <pyscf.scf.hf.RHF object at 0x2aaac0c583a0>
Overwritten attributes  get_hcore  of <class 'pyscf.scf.hf.RHF'>
Warning: <pyscf.gto.mole.Mole object at 0x2aaabbfe1eb0> must be initialized before calling SCF.
Initialize <pyscf.gto.mole.Mole object at 0x2aaabbfe1eb0> in <pyscf.scf.hf.RHF object at 0x2aaac09ad340>
Overwritten attributes  get_hcore  of <class 'pyscf.scf.hf.RHF'>
Warning: <pyscf.gto.mole.Mole object at 0x2aaac0c57640> must be initialized before calling SCF.
Initialize <pyscf.gto.mole.Mole object at 0x2aaac0c57640> in <pyscf.scf.hf.RHF object at 0x2aaac0c57490>
Overwritten attributes  get_hcore  of <class 'pyscf.scf.hf.RHF'>
Warning: <pyscf.gto.mole.Mole object at 0x2aaac0c37610> must be initialized before calling SCF.
Initialize <pyscf.gto.mole.Mole object at 0x2aaac0c37610> in <pyscf.scf.hf.RHF object at 0x2aaac0c37460>
Overwritten attributes  get_hcore  of <class 'pyscf.scf.hf.RHF'>
Warning: <pyscf.gto.mole.Mole object at 0x2aaac09ad580> must be initialized before calling SCF.
Initialize <pyscf.gto.mole.Mole object at 0x2aaac09ad580> in <pyscf.scf.hf.RHF object at 0x2aaac09ad340>
Overwritten attributes  get_hcore  of <class 'pyscf.scf.hf.RHF'>
Warning: <pyscf.gto.mole.Mole object at 0x2aaac09ae580> must be initialized before calling SCF.
Initialize <pyscf.gto.mole.Mole object at 0x2aaac09ae580> in <pyscf.scf.hf.RHF object at 0x2aaac09ae340>
Overwritten attributes  get_hcore  of <class 'pyscf.scf.hf.RHF'>
Warning: <pyscf.gto.mole.Mole object at 0x2aaabbfe2eb0> must be initialized before calling SCF.
Initialize <pyscf.gto.mole.Mole object at 0x2aaabbfe2eb0> in <pyscf.scf.hf.RHF object at 0x2aaac09ae340>
Overwritten attributes  get_hcore  of <class 'pyscf.scf.hf.RHF'>
Warning: <pyscf.gto.mole.Mole object at 0x2aaaaac735b0> must be initialized before calling SCF.
Initialize <pyscf.gto.mole.Mole object at 0x2aaaaac735b0> in <pyscf.scf.hf.RHF object at 0x2aaac0bbf7c0>
Overwritten attributes  get_hcore  of <class 'pyscf.scf.hf.RHF'>
Warning: <pyscf.gto.mole.Mole object at 0x2aaaaac735b0> must be initialized before calling SCF.
Initialize <pyscf.gto.mole.Mole object at 0x2aaaaac735b0> in <pyscf.scf.hf.RHF object at 0x2aaac0bbf7c0>
Overwritten attributes  get_hcore  of <class 'pyscf.scf.hf.RHF'>
Warning: <pyscf.gto.mole.Mole object at 0x2aaaaac735b0> must be initialized before calling SCF.
Initialize <pyscf.gto.mole.Mole object at 0x2aaaaac735b0> in <pyscf.scf.hf.RHF object at 0x2aaac0bbf7c0>
Overwritten attributes  get_hcore  of <class 'pyscf.scf.hf.RHF'>
Warning: <pyscf.gto.mole.Mole object at 0x2aaac0c52610> must be initialized before calling SCF.
Initialize <pyscf.gto.mole.Mole object at 0x2aaac0c52610> in <pyscf.scf.hf.RHF object at 0x2aaac0c52460>
Overwritten attributes  get_hcore  of <class 'pyscf.scf.hf.RHF'>
Warning: <pyscf.gto.mole.Mole object at 0x2aaac0c35610> must be initialized before calling SCF.
Initialize <pyscf.gto.mole.Mole object at 0x2aaac0c35610> in <pyscf.scf.hf.RHF object at 0x2aaac0c35460>
Overwritten attributes  get_hcore  of <class 'pyscf.scf.hf.RHF'>
