

******** <class 'pyscf.dft.rks.RKS'> ********
method = RKS-RHF
initial guess = minao
damping factor = 0
level_shift factor = 0
DIIS = <class 'pyscf.scf.diis.CDIIS'>
diis_start_cycle = 1
diis_space = 8
SCF conv_tol = 1e-09
SCF conv_tol_grad = 1e-06
SCF max_cycles = 1000
direct_scf = True
direct_scf_tol = 1e-13
chkfile to save SCF result = scf.fchk
max_memory 900000 MB (current use 79 MB)
XC library pyscf.dft.libxc version 5.1.7
    S. Lehtola, C. Steigemann, M. J. Oliveira, and M. A. Marques, SoftwareX 7, 1 (2018)
XC functionals = pbe
    J. P. Perdew, K. Burke, and M. Ernzerhof, Phys. Rev. Lett. 77, 3865 (1996)
    J. P. Perdew, K. Burke, and M. Ernzerhof, Phys. Rev. Lett. 78, 1396 (1997)
    J. P. Perdew, K. Burke, and M. Ernzerhof, Phys. Rev. Lett. 77, 3865 (1996)
    J. P. Perdew, K. Burke, and M. Ernzerhof, Phys. Rev. Lett. 78, 1396 (1997)
small_rho_cutoff = 1e-07
init E= -2592.68589161385
  HOMO = -0.135589903772631  LUMO = -0.0868627408995745
cycle= 1 E= -2573.86094609638  delta_E= 18.8  |g|= 5.66  |ddm|= 10.4
  HOMO = -0.237014473524306  LUMO = -0.228181875449718
cycle= 2 E= -2429.54073387062  delta_E=  144  |g|= 19.3  |ddm|=   96
  HOMO = -0.172155222180476  LUMO = -0.161702262178552
cycle= 3 E= -2561.20084737965  delta_E= -132  |g|= 9.67  |ddm|=   72
  HOMO = -0.179835387700974  LUMO = -0.153385170978532
cycle= 4 E= -2577.99076904097  delta_E= -16.8  |g|=  6.4  |ddm|= 28.3
  HOMO = -0.163466306075676  LUMO = -0.153553182576688
cycle= 5 E= -2581.56771167959  delta_E= -3.58  |g|= 5.42  |ddm|= 2.88
  HOMO = -0.173674305392711  LUMO = -0.159425717124961
cycle= 6 E= -2581.35725703463  delta_E= 0.21  |g|= 5.48  |ddm|= 1.05
  HOMO = -0.177939224083407  LUMO = -0.162383560591024
cycle= 7 E= -2581.22391346773  delta_E= 0.133  |g|= 5.53  |ddm|= 0.907
  HOMO = -0.174088591800998  LUMO = -0.161288788483856
cycle= 8 E= -2581.28456956137  delta_E= -0.0607  |g|= 5.52  |ddm|= 0.222
  HOMO = -0.188343748121237  LUMO = -0.164949624852024
cycle= 9 E= -2580.50104132869  delta_E= 0.784  |g|= 5.77  |ddm|= 0.599

WARN: HOMO 0.0213241047793958 == LUMO 0.0215309182920942

cycle= 10 E= -2543.21832631  delta_E= 37.3  |g|= 13.6  |ddm|= 19.4
  HOMO = -0.0802366990613514  LUMO = -0.00445935374364474
cycle= 11 E= -2571.26238482636  delta_E=  -28  |g|= 6.19  |ddm|= 17.4
  HOMO = -0.203792668983174  LUMO = -0.173448379778633
cycle= 12 E= -2579.84965373924  delta_E= -8.59  |g|= 5.96  |ddm|= 9.81
  HOMO = -0.212032344508859  LUMO = -0.177532232964625
cycle= 13 E= -2580.27538164308  delta_E= -0.426  |g|= 5.83  |ddm|= 0.95
  HOMO = -0.177608754723502  LUMO = -0.158334685725222
cycle= 14 E= -2580.40134751585  delta_E= -0.126  |g|= 5.82  |ddm|= 1.39
  HOMO = -0.185695013460573  LUMO = -0.156326193026933
cycle= 15 E= -2579.61618316279  delta_E= 0.785  |g|= 6.04  |ddm|= 0.976
  HOMO = -0.169639849231269  LUMO = -0.153724437580181
cycle= 16 E= -2579.85245869844  delta_E= -0.236  |g|= 5.97  |ddm|= 0.924
  HOMO = -0.19580868836077  LUMO = -0.153711179753004
cycle= 17 E= -2580.01988212118  delta_E= -0.167  |g|= 5.93  |ddm|= 1.27
  HOMO = -0.188489915697141  LUMO = -0.16172422245328
cycle= 18 E= -2581.67310883343  delta_E= -1.65  |g|= 5.38  |ddm|= 1.52
  HOMO = -0.20432924832709  LUMO = -0.165989478708694
cycle= 19 E= -2580.23329234931  delta_E= 1.44  |g|= 5.86  |ddm|= 1.24
  HOMO = 0.0340471235856818  LUMO = 0.0390071080796392
cycle= 20 E= -2459.28578807833  delta_E=  121  |g|=   14  |ddm|= 33.4
  HOMO = -0.0789590322261697  LUMO = -0.0710420503847378
cycle= 21 E= -2574.34068263574  delta_E= -115  |g|= 5.09  |ddm|= 32.7
  HOMO = -0.167703811753332  LUMO = -0.15967017256452
cycle= 22 E= -2578.53385570898  delta_E= -4.19  |g|= 6.27  |ddm|= 7.64
  HOMO = -0.188009690514924  LUMO = -0.158587204339712
cycle= 23 E= -2579.42610150288  delta_E= -0.892  |g|= 6.11  |ddm|= 1.95
  HOMO = -0.205630690581464  LUMO = -0.164117914158301
cycle= 24 E= -2579.908453076  delta_E= -0.482  |g|= 5.93  |ddm|= 1.21
  HOMO = -0.201782497826682  LUMO = -0.166103322782333
cycle= 25 E= -2578.89274861194  delta_E= 1.02  |g|= 6.24  |ddm|= 1.53
  HOMO = -0.197038114220211  LUMO = -0.168817890941743
cycle= 26 E= -2579.00551012602  delta_E= -0.113  |g|= 6.21  |ddm|= 0.937
  HOMO = -0.207747764058274  LUMO = -0.164650046838826
cycle= 27 E= -2581.13884804485  delta_E= -2.13  |g|= 5.52  |ddm|= 1.86
  HOMO = -0.194549376771349  LUMO = -0.166047663331715
cycle= 28 E= -2579.07928219011  delta_E= 2.06  |g|= 6.19  |ddm|= 2.14
  HOMO = -0.19244448416263  LUMO = -0.15912121074074
cycle= 29 E= -2579.80960138528  delta_E= -0.73  |g|= 5.99  |ddm|= 1.39
  HOMO = 0.00645189427866638  LUMO = 0.0122482471793154
cycle= 30 E= -2496.26945733867  delta_E= 83.5  |g|= 13.9  |ddm|= 26.5
  HOMO = -0.0857353985422796  LUMO = -0.0339140915932219
cycle= 31 E= -2573.36625653796  delta_E= -77.1  |g|= 5.33  |ddm|= 23.9
  HOMO = -0.166117137837646  LUMO = -0.145990425872642
cycle= 32 E= -2579.33236852015  delta_E= -5.97  |g|=  6.1  |ddm|= 8.35
  HOMO = -0.180884832496314  LUMO = -0.15058758148499
cycle= 33 E= -2579.97810570885  delta_E= -0.646  |g|= 5.93  |ddm|= 0.99
  HOMO = -0.163694628408304  LUMO = -0.142432109094935
cycle= 34 E= -2580.17973293816  delta_E= -0.202  |g|= 5.84  |ddm|=    1
  HOMO = -0.181184423747204  LUMO = -0.138954092805232
cycle= 35 E= -2580.37994843646  delta_E= -0.2  |g|= 5.82  |ddm|= 1.62
  HOMO = -0.168975747752177  LUMO = -0.151852048705331
cycle= 36 E= -2581.6424790744  delta_E= -1.26  |g|= 5.32  |ddm|= 2.02
  HOMO = -0.190790833582172  LUMO = -0.159146554238304
cycle= 37 E= -2580.37853750115  delta_E= 1.26  |g|= 5.79  |ddm|= 2.25
  HOMO = -0.185440875210639  LUMO = -0.152979386196883
cycle= 38 E= -2580.70357240186  delta_E= -0.325  |g|= 5.68  |ddm|=  1.2
  HOMO = -0.197386808242874  LUMO = -0.1546453957051
cycle= 39 E= -2579.88296890853  delta_E= 0.821  |g|= 5.97  |ddm|= 1.13
  HOMO = 0.0263615679696847  LUMO = 0.0361636239955688
cycle= 40 E= -2454.32836716238  delta_E=  126  |g|= 14.9  |ddm|=   42
  HOMO = -0.0813638724434561  LUMO = -0.0728385117998263
cycle= 41 E= -2572.21642095979  delta_E= -118  |g|= 5.87  |ddm|=   41
  HOMO = -0.155718357687101  LUMO = -0.145548454599696
cycle= 42 E= -2578.3025656697  delta_E= -6.09  |g|= 6.11  |ddm|= 8.89
  HOMO = -0.192718762906709  LUMO = -0.148311596462804
cycle= 43 E= -2580.1654384198  delta_E= -1.86  |g|= 5.87  |ddm|= 2.46
  HOMO = -0.183432148291432  LUMO = -0.158503780745427
cycle= 44 E= -2580.27137503888  delta_E= -0.106  |g|= 5.84  |ddm|= 0.816
  HOMO = -0.156613857041775  LUMO = -0.153351137560234
cycle= 45 E= -2581.41348136853  delta_E= -1.14  |g|= 5.44  |ddm|= 3.03
  HOMO = -0.191968588527021  LUMO = -0.153169696488588
cycle= 46 E= -2580.66713603727  delta_E= 0.746  |g|= 5.72  |ddm|= 2.61
  HOMO = -0.191639115186065  LUMO = -0.151864446632451
cycle= 47 E= -2580.41867237406  delta_E= 0.248  |g|= 5.78  |ddm|= 0.889
  HOMO = -0.163999422538171  LUMO = -0.153757049490472
cycle= 48 E= -2581.65215162119  delta_E= -1.23  |g|= 5.29  |ddm|=  1.8
  HOMO = -0.191176584449018  LUMO = -0.150234273496417
cycle= 49 E= -2581.203441836  delta_E= 0.449  |g|= 5.53  |ddm|= 1.78
  HOMO = 0.0302828180416843  LUMO = 0.0527272328586347
cycle= 50 E= -2447.36319767749  delta_E=  134  |g|=   15  |ddm|= 41.5
  HOMO = -0.106084702267857  LUMO = -0.0827616139485675
cycle= 51 E= -2572.84732496058  delta_E= -125  |g|= 5.76  |ddm|=   41
  HOMO = -0.148457194288616  LUMO = -0.136493154948213
cycle= 52 E= -2578.26834393768  delta_E= -5.42  |g|= 6.21  |ddm|= 8.77
  HOMO = -0.187362291137876  LUMO = -0.145213621213299
cycle= 53 E= -2579.88879926532  delta_E= -1.62  |g|= 5.97  |ddm|= 2.69
  HOMO = -0.190539177182103  LUMO = -0.145939058852244
cycle= 54 E= -2579.99406593968  delta_E= -0.105  |g|= 5.93  |ddm|= 1.48
  HOMO = -0.197328949625485  LUMO = -0.144743210415926
cycle= 55 E= -2579.92463338657  delta_E= 0.0694  |g|= 5.95  |ddm|= 1.07
  HOMO = -0.184870530252896  LUMO = -0.142555024622486
cycle= 56 E= -2580.19927966095  delta_E= -0.275  |g|= 5.87  |ddm|= 0.779
  HOMO = -0.175808739834984  LUMO = -0.147463490224511
cycle= 57 E= -2580.02498805175  delta_E= 0.174  |g|= 5.86  |ddm|= 1.97
  HOMO = -0.204327136193769  LUMO = -0.146658298973449
cycle= 58 E= -2579.95819237381  delta_E= 0.0668  |g|= 5.94  |ddm|= 1.52
  HOMO = -0.185855974959297  LUMO = -0.138390377664196
cycle= 59 E= -2580.38959560166  delta_E= -0.431  |g|= 5.81  |ddm|= 0.73
  HOMO = 0.000206373817025943  LUMO = 0.00929193263269782
cycle= 60 E= -2482.40962178555  delta_E=   98  |g|= 14.6  |ddm|= 26.9
  HOMO = -0.0813572996955746  LUMO = -0.0785946743954214
cycle= 61 E= -2571.87778461367  delta_E= -89.5  |g|= 6.53  |ddm|= 23.9
  HOMO = -0.15059642116306  LUMO = -0.145825862674855
cycle= 62 E= -2579.30511929149  delta_E= -7.43  |g|= 6.07  |ddm|= 9.93
  HOMO = -0.178953516041503  LUMO = -0.152578559902974
cycle= 63 E= -2581.13554414766  delta_E= -1.83  |g|= 5.57  |ddm|= 2.81
  HOMO = -0.176763747247459  LUMO = -0.156881505723721
cycle= 64 E= -2581.40442141315  delta_E= -0.269  |g|= 5.51  |ddm|= 0.84
  HOMO = -0.169328045272018  LUMO = -0.156254542427939
cycle= 65 E= -2581.30081746544  delta_E= 0.104  |g|= 5.52  |ddm|=  1.1
  HOMO = -0.173118861649765  LUMO = -0.158900788163764
cycle= 66 E= -2581.59054668354  delta_E= -0.29  |g|= 5.42  |ddm|= 1.64
  HOMO = -0.177303908177988  LUMO = -0.166292042692848
cycle= 67 E= -2581.79715548673  delta_E= -0.207  |g|= 5.35  |ddm|= 1.53
  HOMO = -0.171856486672868  LUMO = -0.162067714141329
cycle= 68 E= -2581.39928128844  delta_E= 0.398  |g|=  5.5  |ddm|= 0.775
  HOMO = -0.172299053754285  LUMO = -0.165085060727346
cycle= 69 E= -2581.01332380621  delta_E= 0.386  |g|= 5.63  |ddm|= 0.47
  HOMO = 0.0283630827761537  LUMO = 0.0299359039883798
cycle= 70 E= -2453.33865909216  delta_E=  128  |g|= 18.5  |ddm|= 43.3
  HOMO = -0.0650761740150938  LUMO = -0.0338830351158718
cycle= 71 E= -2566.59603360003  delta_E= -113  |g|= 8.99  |ddm|= 41.4
  HOMO = -0.0540234160635633  LUMO = -0.047881072300503
cycle= 72 E= -2581.38308329503  delta_E= -14.8  |g|= 5.46  |ddm|= 12.4
  HOMO = -0.186707630324575  LUMO = -0.173626521856049
cycle= 73 E= -2586.5461682233  delta_E= -5.16  |g|=  3.6  |ddm|= 4.72
  HOMO = -0.173082521726693  LUMO = -0.164537224037864
cycle= 74 E= -2585.24639834186  delta_E=  1.3  |g|= 4.31  |ddm|= 2.26
  HOMO = -0.174637081157555  LUMO = -0.158257306266318
cycle= 75 E= -2587.38918408897  delta_E= -2.14  |g|= 2.76  |ddm|= 2.31
  HOMO = -0.162673210072582  LUMO = -0.153452135013693
cycle= 76 E= -2582.2166663211  delta_E= 5.17  |g|= 5.41  |ddm|= 3.81
  HOMO = -0.174482248511863  LUMO = -0.171921294616517
cycle= 77 E= -2584.69496730258  delta_E= -2.48  |g|= 4.45  |ddm|= 2.46
  HOMO = -0.175012202376982  LUMO = -0.169298408976729
cycle= 78 E= -2584.91570900648  delta_E= -0.221  |g|= 4.39  |ddm|= 0.854
  HOMO = -0.175291230777703  LUMO = -0.169454898838876
cycle= 79 E= -2584.90928166322  delta_E= 0.00643  |g|= 4.39  |ddm|= 0.176
  HOMO = -0.150126732061055  LUMO = -0.09696944486028
cycle= 80 E= -2588.56953342374  delta_E= -3.66  |g|= 0.988  |ddm|=  2.9
  HOMO = -0.105155470445298  LUMO = -0.0844072276662279
cycle= 81 E= -2588.16385115414  delta_E= 0.406  |g|= 1.49  |ddm|= 2.68
  HOMO = -0.135065494431748  LUMO = -0.0888629399298627
cycle= 82 E= -2588.74861695425  delta_E= -0.585  |g|= 0.504  |ddm|= 2.17
  HOMO = -0.140953961990011  LUMO = -0.0888964452890606
cycle= 83 E= -2588.81500439945  delta_E= -0.0664  |g|= 0.276  |ddm|= 0.763
  HOMO = -0.131922994336288  LUMO = -0.0872738414055475
cycle= 84 E= -2588.8290041224  delta_E= -0.014  |g|= 0.102  |ddm|= 0.32
  HOMO = -0.135622147005442  LUMO = -0.0866831222678405
cycle= 85 E= -2588.83084031726  delta_E= -0.00184  |g|= 0.0404  |ddm|= 0.128
  HOMO = -0.134960138403205  LUMO = -0.0869937288984131
cycle= 86 E= -2588.83122641879  delta_E= -0.000386  |g|= 0.00951  |ddm|= 0.0469
  HOMO = -0.134827237958467  LUMO = -0.0869612380273046
cycle= 87 E= -2588.8312442374  delta_E= -1.78e-05  |g|= 0.00396  |ddm|= 0.0132
  HOMO = -0.134583788857547  LUMO = -0.0869581752997001
cycle= 88 E= -2588.83124495885  delta_E= -7.21e-07  |g|= 0.00419  |ddm|= 0.00718
  HOMO = -0.134779295483841  LUMO = -0.0869876598410226
cycle= 89 E= -2588.83124788148  delta_E= -2.92e-06  |g|= 0.0019  |ddm|= 0.00487
  HOMO = -0.134700075437006  LUMO = -0.0869666290496891
cycle= 90 E= -2588.83124845872  delta_E= -5.77e-07  |g|= 0.00061  |ddm|= 0.00196
  HOMO = -0.134722353710351  LUMO = -0.0869712502041719
cycle= 91 E= -2588.83124850975  delta_E= -5.1e-08  |g|= 0.000341  |ddm|= 0.000891
  HOMO = -0.134720825974815  LUMO = -0.0869720216263829
cycle= 92 E= -2588.83124854096  delta_E= -3.12e-08  |g|= 9.24e-05  |ddm|= 0.000469
  HOMO = -0.134722799862923  LUMO = -0.0869726236420989
cycle= 93 E= -2588.83124854169  delta_E= -7.32e-10  |g|= 8.7e-05  |ddm|= 0.000186
  HOMO = -0.134722773313269  LUMO = -0.0869718172496398
cycle= 94 E= -2588.83124854338  delta_E= -1.69e-09  |g|= 2.66e-05  |ddm|= 9.66e-05
  HOMO = -0.134722469600987  LUMO = -0.0869721169965265
cycle= 95 E= -2588.83124854348  delta_E= -9.46e-11  |g|= 1.57e-05  |ddm|= 3.21e-05
  HOMO = -0.134722209399485  LUMO = -0.0869720209002693
cycle= 96 E= -2588.83124854351  delta_E= -3.73e-11  |g|= 8.03e-06  |ddm|= 2.14e-05
  HOMO = -0.134721973941599  LUMO = -0.0869720210048181
cycle= 97 E= -2588.83124854351  delta_E= 1.82e-12  |g|= 7.83e-06  |ddm|= 1.32e-05
  HOMO = -0.13472248546802  LUMO = -0.0869720804695166
cycle= 98 E= -2588.83124854352  delta_E= -6.37e-12  |g|= 7.41e-06  |ddm|= 1.2e-05
  HOMO = -0.134722176068507  LUMO = -0.0869720210102236
cycle= 99 E= -2588.83124854353  delta_E= -8.19e-12  |g|= 2.41e-06  |ddm|= 7.54e-06
  HOMO = -0.134722262863551  LUMO = -0.0869720383140856
cycle= 100 E= -2588.83124854354  delta_E= -1e-11  |g|= 1.79e-06  |ddm|= 3.53e-06
  HOMO = -0.134722236586033  LUMO = -0.0869720401336388
cycle= 101 E= -2588.83124854353  delta_E= 6.37e-12  |g|= 6.39e-07  |ddm|= 2.58e-06
  HOMO = -0.134722266315511  LUMO = -0.0869720327844682
Extra cycle  E= -2588.83124854353  delta_E=    0  |g|= 2.56e-06  |ddm|= 4.12e-06
converged SCF energy = -2588.83124854353
AOs:  [0, 1, 2, 3, 4, 5, 6, 7, 8, 9, 10, 11, 12, 13, 14, 15, 16, 17, 18, 19, 20, 21, 22, 23, 24, 25, 26, 27, 28, 29, 30, 31, 32, 33, 34, 35, 36, 37, 38, 39, 40, 41, 42, 43, 44, 45, 46, 47, 48, 49, 50, 51, 52, 53, 54, 55, 56, 57, 58, 59, 60, 61, 62, 63, 64, 65, 66, 67, 68, 69, 70, 71, 72, 73, 74, 75, 76, 77, 78, 79, 80, 81, 82, 83, 84, 85, 86, 87, 88, 89, 90, 91, 92, 93, 94, 95, 96, 97, 98, 99, 100, 101, 102, 103, 104, 105, 106, 107, 108, 109, 110, 111, 112, 113, 114, 115, 116, 117, 118, 119, 120, 121, 122, 123, 124, 125, 126, 127, 128]
129
Number of Active MOs:  44
Number of Environment MOs:  74
Number of Virtual MOs:  427
 # electrons:            α            β
         Env:  74.00000000  74.00000000
         Act:  44.00000000  44.00000000
         Vir:   0.00000000   0.00000000
Number of electrons in the active space:  88

 The density matrix is idempotent!

 The density matrix is idempotent!


******** <class 'pyscf.scf.hf.RHF'> ********
method = RHF
initial guess = minao
damping factor = 0
level_shift factor = 0
DIIS = <class 'pyscf.scf.diis.CDIIS'>
diis_start_cycle = 1
diis_space = 8
SCF conv_tol = 1e-09
SCF conv_tol_grad = 1e-06
SCF max_cycles = 200
direct_scf = True
direct_scf_tol = 1e-13
chkfile to save SCF result = subsys_scf.chk
max_memory 900000 MB (current use 89900 MB)
init E= 1543.69903281685
  HOMO = -0.323227461096661  LUMO = 0.0772780095839318
cycle= 1 E= 1543.44504400193  delta_E= -0.254  |g|= 0.342  |ddm|= 1.69
  HOMO = -0.260164015412288  LUMO = 0.0867237944074622
cycle= 2 E= 1543.39916226529  delta_E= -0.0459  |g|= 0.208  |ddm|= 0.669
  HOMO = -0.337091799116578  LUMO = 0.0842656857815089
cycle= 3 E= 1543.38617179261  delta_E= -0.013  |g|= 0.102  |ddm|= 0.406
  HOMO = -0.331872970362248  LUMO = 0.0855585725558143
cycle= 4 E= 1543.38208938957  delta_E= -0.00408  |g|= 0.0248  |ddm|= 0.189
  HOMO = -0.333767858351308  LUMO = 0.0855017704137061
cycle= 5 E= 1543.3819508347  delta_E= -0.000139  |g|= 0.00571  |ddm|= 0.0325
  HOMO = -0.333732569916528  LUMO = 0.0854252290523941
cycle= 6 E= 1543.38193975475  delta_E= -1.11e-05  |g|= 0.00228  |ddm|= 0.00785
  HOMO = -0.333574262669076  LUMO = 0.085440559510841
cycle= 7 E= 1543.38193677143  delta_E= -2.98e-06  |g|= 0.00114  |ddm|= 0.00471
  HOMO = -0.333634694838011  LUMO = 0.085457011077448
cycle= 8 E= 1543.38193561523  delta_E= -1.16e-06  |g|= 0.000812  |ddm|= 0.00226
  HOMO = -0.333555943337276  LUMO = 0.0854575137744891
cycle= 9 E= 1543.38193479793  delta_E= -8.17e-07  |g|= 0.00054  |ddm|= 0.00204
  HOMO = -0.333509279120724  LUMO = 0.0854539943048445
cycle= 10 E= 1543.38193411005  delta_E= -6.88e-07  |g|= 0.00027  |ddm|= 0.00254
  HOMO = -0.333464511768015  LUMO = 0.0854538152217677
cycle= 11 E= 1543.38193390878  delta_E= -2.01e-07  |g|= 6.53e-05  |ddm|= 0.00202
  HOMO = -0.333468478072228  LUMO = 0.0854538480239011
cycle= 12 E= 1543.38193390334  delta_E= -5.44e-09  |g|= 1.8e-05  |ddm|= 0.000254
  HOMO = -0.333467275805439  LUMO = 0.0854539833477303
cycle= 13 E= 1543.3819339046  delta_E= 1.26e-09  |g|= 9.91e-06  |ddm|= 4.96e-05
  HOMO = -0.333466864519167  LUMO = 0.0854541057220096
cycle= 14 E= 1543.38193390511  delta_E= 5.12e-10  |g|= 5.77e-06  |ddm|= 2.01e-05
  HOMO = -0.333467384073466  LUMO = 0.0854540975342781
cycle= 15 E= 1543.38193390499  delta_E= -1.16e-10  |g|= 4.91e-06  |ddm|= 9.86e-06
  HOMO = -0.333467058766945  LUMO = 0.0854541171738014
cycle= 16 E= 1543.3819339042  delta_E= -7.89e-10  |g|= 4.26e-06  |ddm|= 9.68e-06
  HOMO = -0.333467153763207  LUMO = 0.0854541285448763
cycle= 17 E= 1543.38193390458  delta_E= 3.72e-10  |g|= 3.21e-06  |ddm|= 2.24e-05
  HOMO = -0.333467128868796  LUMO = 0.0854541170727497
cycle= 18 E= 1543.3819339037  delta_E= -8.75e-10  |g|= 2.32e-06  |ddm|= 2.33e-05
  HOMO = -0.333467212660212  LUMO = 0.0854541191006254
cycle= 19 E= 1543.38193390414  delta_E= 4.39e-10  |g|= 1.84e-06  |ddm|= 1.57e-05
  HOMO = -0.333467143266509  LUMO = 0.0854541123167299
cycle= 20 E= 1543.38193390471  delta_E= 5.71e-10  |g|= 1.47e-06  |ddm|= 1.04e-05
  HOMO = -0.333467238616778  LUMO = 0.0854541150461892
cycle= 21 E= 1543.38193390481  delta_E= 1.03e-10  |g|= 9.33e-07  |ddm|= 1.28e-05
  HOMO = -0.333467174269825  LUMO = 0.0854541156247858
Extra cycle  E= 1543.38193390459  delta_E= -2.26e-10  |g|= 7.9e-07  |ddm|= 2.1e-06
converged SCF energy = 1543.38193390459
Difference in energy:  -2094.287201908547
E(MP2) = 1541.78341167105  E_corr = -1.59852223353513
Total energy =  -2587.092314478507
time elapsed:  327.8453481197357
