

******** <class 'pyscf.dft.rks.RKS'> ********
method = RKS-RHF
initial guess = minao
damping factor = 0
level_shift factor = 0
DIIS = <class 'pyscf.scf.diis.CDIIS'>
diis_start_cycle = 1
diis_space = 8
SCF conv_tol = 1e-09
SCF conv_tol_grad = 1e-06
SCF max_cycles = 1000
direct_scf = True
direct_scf_tol = 1e-13
chkfile to save SCF result = scf.fchk
max_memory 900000 MB (current use 79 MB)
XC library pyscf.dft.libxc version 5.1.7
    S. Lehtola, C. Steigemann, M. J. Oliveira, and M. A. Marques, SoftwareX 7, 1 (2018)
XC functionals = pbe
    J. P. Perdew, K. Burke, and M. Ernzerhof, Phys. Rev. Lett. 77, 3865 (1996)
    J. P. Perdew, K. Burke, and M. Ernzerhof, Phys. Rev. Lett. 78, 1396 (1997)
    J. P. Perdew, K. Burke, and M. Ernzerhof, Phys. Rev. Lett. 77, 3865 (1996)
    J. P. Perdew, K. Burke, and M. Ernzerhof, Phys. Rev. Lett. 78, 1396 (1997)
small_rho_cutoff = 1e-07
init E= -2479.39981693459
  HOMO = -0.134878995983564  LUMO = -0.0691459258567059
cycle= 1 E= -2460.75331207071  delta_E= 18.6  |g|= 5.48  |ddm|= 10.3
  HOMO = -0.231775807630219  LUMO = -0.205622127636716
cycle= 2 E= -2322.76815184103  delta_E=  138  |g|= 18.9  |ddm|= 95.4
  HOMO = -0.16430264378578  LUMO = -0.160803233764483
cycle= 3 E= -2447.05311353122  delta_E= -124  |g|= 9.43  |ddm|= 71.8
  HOMO = -0.179545259260223  LUMO = -0.162341576348344
cycle= 4 E= -2465.18138164001  delta_E= -18.1  |g|=  6.2  |ddm|=   28
  HOMO = -0.153349547044159  LUMO = -0.152030215378806
cycle= 5 E= -2470.89975287947  delta_E= -5.72  |g|= 4.83  |ddm|= 3.77
  HOMO = -0.193731586590405  LUMO = -0.161792445858993
cycle= 6 E= -2468.23221922241  delta_E= 2.67  |g|= 5.42  |ddm|= 2.62
  HOMO = -0.190298991525045  LUMO = -0.163346481516356
cycle= 7 E= -2467.96738787892  delta_E= 0.265  |g|= 5.51  |ddm|= 0.278
  HOMO = -0.180561029135266  LUMO = -0.162247833294042
cycle= 8 E= -2467.97259778861  delta_E= -0.00521  |g|= 5.52  |ddm|= 0.67
  HOMO = -0.172477256813532  LUMO = -0.163127158598749
cycle= 9 E= -2467.5824832221  delta_E= 0.39  |g|= 5.64  |ddm|= 0.967
  HOMO = 0.0238375097062551  LUMO = 0.0259747927451359
cycle= 10 E= -2386.2238733287  delta_E= 81.4  |g|=   15  |ddm|= 21.1
  HOMO = -0.0833313472411391  LUMO = -0.0369288582920955
cycle= 11 E= -2458.86424610757  delta_E= -72.6  |g|=  5.9  |ddm|= 18.1
  HOMO = -0.209847563882285  LUMO = -0.171330174398389
cycle= 12 E= -2467.5777223713  delta_E= -8.71  |g|= 5.64  |ddm|= 9.24
  HOMO = -0.202937328933003  LUMO = -0.165662673916302
cycle= 13 E= -2466.33447704737  delta_E= 1.24  |g|= 5.99  |ddm|= 0.872
  HOMO = -0.193392700848442  LUMO = -0.156524516464683
cycle= 14 E= -2466.36081496388  delta_E= -0.0263  |g|= 5.98  |ddm|= 1.26
  HOMO = -0.181130008511781  LUMO = -0.138961096481
cycle= 15 E= -2468.37626550614  delta_E= -2.02  |g|= 5.36  |ddm|=  1.9
  HOMO = -0.185647715831611  LUMO = -0.15659819655025
cycle= 16 E= -2467.26154045858  delta_E= 1.11  |g|= 5.74  |ddm|= 1.76
  HOMO = -0.210495142316506  LUMO = -0.171030231319747
cycle= 17 E= -2467.03293594738  delta_E= 0.229  |g|=  5.8  |ddm|= 0.858
  HOMO = -0.206188121630244  LUMO = -0.1725105302642
cycle= 18 E= -2466.97738569357  delta_E= 0.0556  |g|= 5.81  |ddm|= 0.492
  HOMO = -0.210010093001558  LUMO = -0.172364259177485
cycle= 19 E= -2466.44033284959  delta_E= 0.537  |g|= 5.96  |ddm|= 0.559
  HOMO = 0.0254894005191289  LUMO = 0.0331899898959147
cycle= 20 E= -2383.33628188465  delta_E= 83.1  |g|= 13.4  |ddm|= 25.4
  HOMO = -0.0655843950552664  LUMO = -0.0487936709764746
cycle= 21 E= -2459.77537833854  delta_E= -76.4  |g|=  5.4  |ddm|= 23.2
  HOMO = -0.158539279773314  LUMO = -0.151009788361206
cycle= 22 E= -2465.46464140674  delta_E= -5.69  |g|= 6.05  |ddm|= 8.22
  HOMO = -0.18174949499697  LUMO = -0.177610973171595
cycle= 23 E= -2468.99514902812  delta_E= -3.53  |g|= 5.12  |ddm|= 3.11
  HOMO = -0.160359245584533  LUMO = -0.13873882769616
cycle= 24 E= -2468.62700142609  delta_E= 0.368  |g|= 5.29  |ddm|= 2.13
  HOMO = -0.174078569596169  LUMO = -0.149768891232202
cycle= 25 E= -2468.66282705723  delta_E= -0.0358  |g|= 5.29  |ddm|= 1.47
  HOMO = -0.180001761092853  LUMO = -0.156085466465335
cycle= 26 E= -2468.56568612885  delta_E= 0.0971  |g|= 5.31  |ddm|= 0.788
  HOMO = -0.175249244037027  LUMO = -0.15438152267277
cycle= 27 E= -2468.7449943972  delta_E= -0.179  |g|= 5.25  |ddm|= 0.621
  HOMO = -0.150251511360052  LUMO = -0.148506839606346
cycle= 28 E= -2470.08844388883  delta_E= -1.34  |g|= 4.99  |ddm|= 1.47
  HOMO = -0.19152082811649  LUMO = -0.156161237535182
cycle= 29 E= -2468.48940353618  delta_E=  1.6  |g|= 5.33  |ddm|= 1.55
  HOMO = 0.0311862178943378  LUMO = 0.0437809218609142
cycle= 30 E= -2357.40889989053  delta_E=  111  |g|= 14.1  |ddm|= 30.5
  HOMO = -0.0860124347603773  LUMO = -0.0433541463798359
cycle= 31 E= -2459.58059428925  delta_E= -102  |g|= 5.81  |ddm|= 29.2
  HOMO = -0.16485278080395  LUMO = -0.15258387011677
cycle= 32 E= -2466.28242557518  delta_E= -6.7  |g|=    6  |ddm|= 9.09
  HOMO = -0.199646615308742  LUMO = -0.153811734816748
cycle= 33 E= -2466.91509661345  delta_E= -0.633  |g|= 5.84  |ddm|= 1.83
  HOMO = -0.199719822552447  LUMO = -0.155568686768744
cycle= 34 E= -2467.11122032281  delta_E= -0.196  |g|= 5.78  |ddm|= 0.53
  HOMO = -0.184549144789416  LUMO = -0.152387453275579
cycle= 35 E= -2467.01854822231  delta_E= 0.0927  |g|= 5.79  |ddm|= 0.972
  HOMO = -0.192747322394156  LUMO = -0.157596433302395
cycle= 36 E= -2467.38376073411  delta_E= -0.365  |g|= 5.69  |ddm|= 1.29
  HOMO = -0.196619009934247  LUMO = -0.152083606955756
cycle= 37 E= -2467.32760160319  delta_E= 0.0562  |g|= 5.72  |ddm|= 0.679
  HOMO = -0.202687267474758  LUMO = -0.152958358392066
cycle= 38 E= -2467.07417539379  delta_E= 0.253  |g|=  5.8  |ddm|= 0.619
  HOMO = -0.203449935491103  LUMO = -0.153686120381961
cycle= 39 E= -2467.03032556672  delta_E= 0.0438  |g|= 5.81  |ddm|= 0.0779
  HOMO = 0.00529000478122746  LUMO = 0.00691881137359794
cycle= 40 E= -2371.61759190537  delta_E= 95.4  |g|= 13.3  |ddm|= 26.7
  HOMO = -0.0850082200975361  LUMO = -0.0729844384477024
cycle= 41 E= -2460.79589049153  delta_E= -89.2  |g|= 5.28  |ddm|= 24.9
  HOMO = -0.184080124693688  LUMO = -0.140434730016647
cycle= 42 E= -2463.96473798269  delta_E= -3.17  |g|= 6.25  |ddm|= 8.14
  HOMO = -0.182197517175363  LUMO = -0.160756626369588
cycle= 43 E= -2466.98941436503  delta_E= -3.02  |g|= 5.79  |ddm|= 3.24
  HOMO = -0.171845848581745  LUMO = -0.162572118338895
cycle= 44 E= -2466.79575069013  delta_E= 0.194  |g|= 5.88  |ddm|= 1.54
  HOMO = -0.171035755088882  LUMO = -0.168214818508815
cycle= 45 E= -2467.09019180972  delta_E= -0.294  |g|=  5.8  |ddm|= 1.02
  HOMO = -0.173628535647051  LUMO = -0.157876726546421
cycle= 46 E= -2466.94727880833  delta_E= 0.143  |g|= 5.86  |ddm|= 1.24
  HOMO = -0.167222623096268  LUMO = -0.165227877637216
cycle= 47 E= -2466.9605955216  delta_E= -0.0133  |g|= 5.83  |ddm|= 1.25
  HOMO = -0.167066636499186  LUMO = -0.165071315814831
cycle= 48 E= -2467.16589612074  delta_E= -0.205  |g|= 5.77  |ddm|= 0.677
  HOMO = -0.176726031082986  LUMO = -0.165435515693666
cycle= 49 E= -2466.87132624645  delta_E= 0.295  |g|= 5.86  |ddm|= 0.712
  HOMO = 0.0374636340203552  LUMO = 0.041761162287971
cycle= 50 E= -2322.45709701624  delta_E=  144  |g|= 13.8  |ddm|= 33.2
  HOMO = -0.114310767868331  LUMO = -0.0844675706775438
cycle= 51 E= -2458.37892831547  delta_E= -136  |g|= 6.89  |ddm|= 32.6
  HOMO = -0.180260315476893  LUMO = -0.140906853077659
cycle= 52 E= -2466.62633805258  delta_E= -8.25  |g|= 5.93  |ddm|= 10.6
  HOMO = -0.198371037837354  LUMO = -0.150910762048512
cycle= 53 E= -2467.05728738765  delta_E= -0.431  |g|=  5.8  |ddm|=  1.2
  HOMO = -0.18335739688258  LUMO = -0.154573166396017
cycle= 54 E= -2466.80544764003  delta_E= 0.252  |g|= 5.86  |ddm|= 0.947
  HOMO = -0.191837389618341  LUMO = -0.151996799823013
cycle= 55 E= -2466.68582821875  delta_E= 0.12  |g|= 5.92  |ddm|= 0.709
  HOMO = -0.192693031454662  LUMO = -0.152081066302235
cycle= 56 E= -2466.73266992458  delta_E= -0.0468  |g|=  5.9  |ddm|= 0.383
  HOMO = -0.190782811804448  LUMO = -0.151861912873154
cycle= 57 E= -2466.84387001956  delta_E= -0.111  |g|= 5.87  |ddm|= 0.637
  HOMO = -0.197496955026031  LUMO = -0.158824053940418
cycle= 58 E= -2466.70268820997  delta_E= 0.141  |g|= 5.91  |ddm|= 0.834
  HOMO = -0.15776605077659  LUMO = -0.136446128846359
cycle= 59 E= -2468.07507555087  delta_E= -1.37  |g|= 5.52  |ddm|= 1.76
  HOMO = -0.0111753597306469  LUMO = 0.000807029100963954
cycle= 60 E= -2385.57298254209  delta_E= 82.5  |g|= 11.9  |ddm|= 20.1
  HOMO = -0.0755620223183255  LUMO = -0.0570722289068427
cycle= 61 E= -2461.61416239754  delta_E=  -76  |g|= 4.99  |ddm|= 18.3
  HOMO = -0.146835597547058  LUMO = -0.137263723392344
cycle= 62 E= -2461.44387621934  delta_E= 0.17  |g|=  6.9  |ddm|= 8.75
  HOMO = -0.184743338870564  LUMO = -0.177654939841248
cycle= 63 E= -2466.55411261481  delta_E= -5.11  |g|= 5.95  |ddm|= 3.86
  HOMO = -0.180835991317467  LUMO = -0.172252199654505
cycle= 64 E= -2466.35775104725  delta_E= 0.196  |g|= 5.95  |ddm|= 2.04
  HOMO = -0.174649044620309  LUMO = -0.169248559351921
cycle= 65 E= -2466.5446638361  delta_E= -0.187  |g|= 5.95  |ddm|= 2.03
  HOMO = -0.173698447279281  LUMO = -0.170786940429933
cycle= 66 E= -2466.67362482772  delta_E= -0.129  |g|= 5.92  |ddm|= 0.481
  HOMO = -0.169977383790544  LUMO = -0.165868163084996
cycle= 67 E= -2466.39474787397  delta_E= 0.279  |g|= 5.95  |ddm|= 1.83
  HOMO = -0.180351793095649  LUMO = -0.160274899777186
cycle= 68 E= -2466.39910867945  delta_E= -0.00436  |g|= 6.01  |ddm|= 1.96
  HOMO = -0.178028223040693  LUMO = -0.161860744787973
cycle= 69 E= -2466.60586731095  delta_E= -0.207  |g|= 5.95  |ddm|= 0.301
  HOMO = 0.0118904681128504  LUMO = 0.0229691701739828
cycle= 70 E= -2336.32629600609  delta_E=  130  |g|= 14.1  |ddm|= 27.8
  HOMO = -0.124501593419783  LUMO = -0.0776402913850206
cycle= 71 E= -2457.9439908226  delta_E= -122  |g|= 7.14  |ddm|= 26.4
  HOMO = -0.161786980836975  LUMO = -0.160536277483048
cycle= 72 E= -2467.01013951582  delta_E= -9.07  |g|= 5.69  |ddm|= 10.5
  HOMO = -0.173670187128146  LUMO = -0.167363956654837
cycle= 73 E= -2468.63722962083  delta_E= -1.63  |g|= 5.32  |ddm|= 2.43
  HOMO = -0.176286902040236  LUMO = -0.168574253850263
cycle= 74 E= -2468.28723203452  delta_E= 0.35  |g|= 5.44  |ddm|= 1.34
  HOMO = -0.177767408404695  LUMO = -0.169939306020958
cycle= 75 E= -2468.35684096841  delta_E= -0.0696  |g|= 5.42  |ddm|= 0.423
  HOMO = -0.172625059357556  LUMO = -0.144454783027708
cycle= 76 E= -2466.07822535434  delta_E= 2.28  |g|= 5.72  |ddm|= 2.78
  HOMO = -0.166660160789106  LUMO = -0.157563040720842
cycle= 77 E= -2468.35905095821  delta_E= -2.28  |g|= 5.39  |ddm|=  2.9
  HOMO = -0.185618214885666  LUMO = -0.163777566966619
cycle= 78 E= -2468.63333019387  delta_E= -0.274  |g|= 5.31  |ddm|= 1.01
  HOMO = -0.154607421566644  LUMO = -0.1354175935277
cycle= 79 E= -2471.46878202222  delta_E= -2.84  |g|= 4.66  |ddm|= 2.77
  HOMO = 0.0169497800815783  LUMO = 0.0291457339790171
cycle= 80 E= -2376.48152419499  delta_E=   95  |g|=   14  |ddm|= 26.3
  HOMO = -0.0941332784970214  LUMO = -0.0762980372614995
cycle= 81 E= -2460.04103019737  delta_E= -83.6  |g|= 5.66  |ddm|= 24.7
  HOMO = -0.159918447833635  LUMO = -0.144484738956863
cycle= 82 E= -2464.9726927707  delta_E= -4.93  |g|= 6.13  |ddm|= 8.85
  HOMO = -0.173064033566174  LUMO = -0.16099611250244
cycle= 83 E= -2467.36427969432  delta_E= -2.39  |g|= 5.72  |ddm|= 2.53
  HOMO = -0.169687830439612  LUMO = -0.16837439821793
cycle= 84 E= -2467.31490971056  delta_E= 0.0494  |g|= 5.72  |ddm|=  1.3
  HOMO = -0.173925651662186  LUMO = -0.171529735406083
cycle= 85 E= -2466.81379632163  delta_E= 0.501  |g|= 5.82  |ddm|= 1.86
  HOMO = -0.176751044084128  LUMO = -0.165309684560317
cycle= 86 E= -2467.10295054633  delta_E= -0.289  |g|=  5.8  |ddm|= 1.89
  HOMO = -0.167407797095261  LUMO = -0.164016731782712
cycle= 87 E= -2467.0856674233  delta_E= 0.0173  |g|= 5.73  |ddm|= 1.88
  HOMO = -0.166975250080155  LUMO = -0.160824067642246
cycle= 88 E= -2466.85220868158  delta_E= 0.233  |g|= 5.89  |ddm|= 2.42
  HOMO = -0.167524494463993  LUMO = -0.165619125946449
cycle= 89 E= -2467.19762112829  delta_E= -0.345  |g|= 5.79  |ddm|= 1.24
  HOMO = 0.0406485728133495  LUMO = 0.0438998417007552
cycle= 90 E= -2326.89720532312  delta_E=  140  |g|= 14.8  |ddm|= 35.2
  HOMO = -0.100527752871342  LUMO = -0.0965818007433197
cycle= 91 E= -2457.04460323659  delta_E= -130  |g|= 7.49  |ddm|= 34.4
  HOMO = -0.15784620996235  LUMO = -0.149009105582945
cycle= 92 E= -2468.18854925591  delta_E= -11.1  |g|= 5.37  |ddm|= 11.2
  HOMO = -0.157635876989458  LUMO = -0.155805605339469
cycle= 93 E= -2469.07744899885  delta_E= -0.889  |g|= 5.17  |ddm|= 1.95
  HOMO = -0.16064366232493  LUMO = -0.155338163930471
cycle= 94 E= -2469.05872277684  delta_E= 0.0187  |g|= 5.17  |ddm|= 0.926
  HOMO = -0.151973481103874  LUMO = -0.149338730930188
cycle= 95 E= -2469.24859003725  delta_E= -0.19  |g|=  5.1  |ddm|= 0.546
  HOMO = -0.163079549436893  LUMO = -0.161055707732834
cycle= 96 E= -2469.31242653808  delta_E= -0.0638  |g|= 5.11  |ddm|= 0.807
  HOMO = -0.165775447503627  LUMO = -0.156661536455358
cycle= 97 E= -2472.17328019603  delta_E= -2.86  |g|= 4.23  |ddm|= 2.75
  HOMO = -0.18194667836078  LUMO = -0.160239626967912
cycle= 98 E= -2468.76390200749  delta_E= 3.41  |g|= 5.26  |ddm|= 2.96
  HOMO = -0.154194993291385  LUMO = -0.150090019491269
cycle= 99 E= -2471.96824105516  delta_E= -3.2  |g|= 4.38  |ddm|= 2.66
  HOMO = 0.0365474801074432  LUMO = 0.0389752788820117
cycle= 100 E= -2365.30275106983  delta_E=  107  |g|= 13.8  |ddm|= 28.5
  HOMO = -0.0915726786382643  LUMO = -0.0654841572004876
cycle= 101 E= -2460.54171026585  delta_E= -95.2  |g|= 5.41  |ddm|= 27.4
  HOMO = -0.16390423596719  LUMO = -0.145450463292432
cycle= 102 E= -2465.73922635675  delta_E= -5.2  |g|= 6.16  |ddm|= 8.68
  HOMO = -0.168478830640801  LUMO = -0.145562820153277
cycle= 103 E= -2466.40011613093  delta_E= -0.661  |g|= 5.97  |ddm|= 1.17
  HOMO = -0.167651087867231  LUMO = -0.148030508652074
cycle= 104 E= -2466.29853044802  delta_E= 0.102  |g|= 6.01  |ddm|= 0.754
  HOMO = -0.166097535158793  LUMO = -0.14826802161306
cycle= 105 E= -2466.23647530227  delta_E= 0.0621  |g|= 6.02  |ddm|= 0.239
  HOMO = -0.198437068176437  LUMO = -0.150450745299004
cycle= 106 E= -2466.50605225845  delta_E= -0.27  |g|= 5.96  |ddm|= 1.13
  HOMO = -0.179465637900004  LUMO = -0.149302740163527
cycle= 107 E= -2466.64263468051  delta_E= -0.137  |g|= 5.91  |ddm|= 0.725
  HOMO = -0.174210911758553  LUMO = -0.144123643142277
cycle= 108 E= -2466.1971747809  delta_E= 0.445  |g|= 6.06  |ddm|=  1.2
  HOMO = -0.167676652173094  LUMO = -0.140968146418207
cycle= 109 E= -2466.48122189294  delta_E= -0.284  |g|= 5.98  |ddm|= 0.313
  HOMO = 0.00724885523498146  LUMO = 0.0290069045344778
cycle= 110 E= -2377.52338877758  delta_E=   89  |g|= 13.4  |ddm|= 27.2
  HOMO = -0.0962107373297317  LUMO = -0.0506720750411405
cycle= 111 E= -2460.10016017418  delta_E= -82.6  |g|= 5.61  |ddm|= 24.9
  HOMO = -0.175394229987413  LUMO = -0.152775013469033
cycle= 112 E= -2466.30480407575  delta_E= -6.2  |g|= 5.99  |ddm|= 8.66
  HOMO = -0.18665157472598  LUMO = -0.14833214771945
cycle= 113 E= -2467.23848016487  delta_E= -0.934  |g|= 5.75  |ddm|= 1.45
  HOMO = -0.174691225128674  LUMO = -0.145874193362024
cycle= 114 E= -2467.32680870781  delta_E= -0.0883  |g|= 5.72  |ddm|= 0.806
  HOMO = -0.175588155058036  LUMO = -0.147061350708642
cycle= 115 E= -2467.27986074757  delta_E= 0.0469  |g|= 5.73  |ddm|= 0.907
  HOMO = -0.19258952343553  LUMO = -0.161678540257003
cycle= 116 E= -2468.00003690755  delta_E= -0.72  |g|= 5.43  |ddm|= 1.67
  HOMO = -0.177511414065331  LUMO = -0.13354761187511
cycle= 117 E= -2467.26226508657  delta_E= 0.738  |g|= 5.76  |ddm|= 2.14
  HOMO = -0.167029837750204  LUMO = -0.143406305247186
cycle= 118 E= -2467.19382611364  delta_E= 0.0684  |g|= 5.74  |ddm|= 1.45
  HOMO = -0.194970520495757  LUMO = -0.154126297750595
cycle= 119 E= -2467.03686599477  delta_E= 0.157  |g|= 5.81  |ddm|= 1.32
  HOMO = 0.031041897903383  LUMO = 0.0422691347901314
cycle= 120 E= -2342.76820080369  delta_E=  124  |g|= 15.2  |ddm|= 32.9
  HOMO = -0.0981334785148933  LUMO = -0.0557449423862332
cycle= 121 E= -2456.93499040031  delta_E= -114  |g|= 7.05  |ddm|= 32.1
  HOMO = -0.149899388719788  LUMO = -0.147421742042156
cycle= 122 E= -2471.17220056932  delta_E= -14.2  |g|= 4.71  |ddm|= 10.7
  HOMO = -0.163599512904044  LUMO = -0.153219100227516
cycle= 123 E= -2469.01819556583  delta_E= 2.15  |g|= 5.18  |ddm|=  2.7
  HOMO = -0.173653470269079  LUMO = -0.15376241195595
cycle= 124 E= -2468.59939052602  delta_E= 0.419  |g|= 5.31  |ddm|= 1.11
  HOMO = -0.154204110745149  LUMO = -0.116470123747502
cycle= 125 E= -2474.86076440364  delta_E= -6.26  |g|= 1.81  |ddm|= 4.26
  HOMO = -0.144776099229598  LUMO = -0.132014999204575
cycle= 126 E= -2467.78397470614  delta_E= 7.08  |g|= 5.83  |ddm|= 5.13
  HOMO = -0.160747637158983  LUMO = -0.14801002780822
cycle= 127 E= -2470.27032749472  delta_E= -2.49  |g|=  5.1  |ddm|= 2.38
  HOMO = -0.155374619790554  LUMO = -0.140535176229558
cycle= 128 E= -2470.55612895414  delta_E= -0.286  |g|=    5  |ddm|= 1.24
  HOMO = -0.151889884187695  LUMO = -0.125905611114424
cycle= 129 E= -2471.11224323914  delta_E= -0.556  |g|= 4.79  |ddm|= 0.485
  HOMO = -0.0259317667709723  LUMO = -0.00792463053390399
cycle= 130 E= -2461.03228346  delta_E= 10.1  |g|= 5.62  |ddm|= 6.05
  HOMO = -0.185129211717706  LUMO = -0.178989159926179
cycle= 131 E= -2468.52583796828  delta_E= -7.49  |g|= 5.33  |ddm|= 6.54
  HOMO = -0.175041493921396  LUMO = -0.17182768696345
cycle= 132 E= -2470.82874895469  delta_E= -2.3  |g|= 4.89  |ddm|= 2.57
  HOMO = -0.18008660673343  LUMO = -0.178235864403599
cycle= 133 E= -2470.80270234231  delta_E= 0.026  |g|= 4.89  |ddm|= 0.926
  HOMO = -0.187587951628096  LUMO = -0.176793509918052
cycle= 134 E= -2467.07544348042  delta_E= 3.73  |g|= 5.63  |ddm|= 4.09
  HOMO = -0.194008260531437  LUMO = -0.168701172741482
cycle= 135 E= -2468.0953321622  delta_E= -1.02  |g|= 5.42  |ddm|=  3.1
  HOMO = -0.1785791881863  LUMO = -0.174748640296199
cycle= 136 E= -2467.85798604947  delta_E= 0.237  |g|= 5.44  |ddm|= 2.43
  HOMO = -0.177696031088827  LUMO = -0.16925564899277
cycle= 137 E= -2468.10996655856  delta_E= -0.252  |g|= 5.35  |ddm|= 3.31
  HOMO = -0.186126615232361  LUMO = -0.179781230424334
cycle= 138 E= -2469.10642454887  delta_E= -0.996  |g|=  5.1  |ddm|= 2.26
  HOMO = 0.0566830119937269  LUMO = 0.0582116055927902
cycle= 139 E= -2341.51055460492  delta_E=  128  |g|= 15.1  |ddm|= 42.1
  HOMO = -0.100590014037632  LUMO = -0.0285078927445065
cycle= 140 E= -2458.08904965329  delta_E= -117  |g|= 6.71  |ddm|= 41.7
  HOMO = -0.172292496401589  LUMO = -0.148184984724542
cycle= 141 E= -2467.98782366545  delta_E= -9.9  |g|=  5.5  |ddm|=   10
  HOMO = -0.182446863635849  LUMO = -0.157142884831355
cycle= 142 E= -2468.08407835831  delta_E= -0.0963  |g|= 5.49  |ddm|= 1.01
  HOMO = -0.177814012509087  LUMO = -0.15551412817091
cycle= 143 E= -2468.25505639026  delta_E= -0.171  |g|= 5.39  |ddm|= 1.45
  HOMO = -0.180955379861492  LUMO = -0.155461171834608
cycle= 144 E= -2468.37551076501  delta_E= -0.12  |g|= 5.37  |ddm|= 1.14
  HOMO = -0.163665946615823  LUMO = -0.156919614811509
cycle= 145 E= -2467.56391416958  delta_E= 0.812  |g|= 5.55  |ddm|= 2.18
  HOMO = -0.182702892082364  LUMO = -0.159396271176955
cycle= 146 E= -2468.164848738  delta_E= -0.601  |g|= 5.44  |ddm|= 2.27
  HOMO = -0.1925292245663  LUMO = -0.163846710336675
cycle= 147 E= -2468.09283744395  delta_E= 0.072  |g|= 5.46  |ddm|= 0.445
  HOMO = -0.177632204762644  LUMO = -0.157062901533806
cycle= 148 E= -2468.47184483076  delta_E= -0.379  |g|= 5.35  |ddm|= 0.57
  HOMO = 0.0242374776117682  LUMO = 0.0303223586336988
cycle= 149 E= -2374.33380401853  delta_E= 94.1  |g|= 13.3  |ddm|= 26.6
  HOMO = -0.0891755932796625  LUMO = -0.0707576993694986
cycle= 150 E= -2458.52606193235  delta_E= -84.2  |g|= 6.12  |ddm|= 24.9
  HOMO = -0.134311015206616  LUMO = -0.104750083226269
cycle= 151 E= -2460.59973792407  delta_E= -2.07  |g|= 6.79  |ddm|= 9.62
  HOMO = -0.158919790227289  LUMO = -0.143921845882859
cycle= 152 E= -2465.83542052186  delta_E= -5.24  |g|= 5.87  |ddm|= 3.14
  HOMO = -0.150434897004954  LUMO = -0.136805099877929
cycle= 153 E= -2466.07102830108  delta_E= -0.236  |g|= 5.87  |ddm|= 1.78
  HOMO = -0.160342526901935  LUMO = -0.149307236073613
cycle= 154 E= -2466.96903057669  delta_E= -0.898  |g|= 5.78  |ddm|= 2.08
  HOMO = -0.152339088417948  LUMO = -0.148219545478516
cycle= 155 E= -2466.36538807444  delta_E= 0.604  |g|= 5.83  |ddm|= 2.03
  HOMO = -0.156340020201496  LUMO = -0.154152406167435
cycle= 156 E= -2466.43688455823  delta_E= -0.0715  |g|=  5.8  |ddm|= 0.494
  HOMO = -0.159297039583855  LUMO = -0.149439572778109
cycle= 157 E= -2466.26785764304  delta_E= 0.169  |g|= 6.01  |ddm|= 2.52
  HOMO = -0.149246514339968  LUMO = -0.142031316812161
cycle= 158 E= -2466.70916580793  delta_E= -0.441  |g|= 5.74  |ddm|= 2.58
  HOMO = 0.022633724077397  LUMO = 0.0284609235829636
cycle= 159 E= -2311.2894937831  delta_E=  155  |g|= 14.6  |ddm|= 73.6
  HOMO = -0.101553187565552  LUMO = -0.0509316122155691
cycle= 160 E= -2458.01602608332  delta_E= -147  |g|= 7.07  |ddm|= 72.7
  HOMO = -0.173429999996522  LUMO = -0.153223686936743
cycle= 161 E= -2467.23084444605  delta_E= -9.21  |g|= 5.73  |ddm|= 10.6
  HOMO = -0.197387871408933  LUMO = -0.152782810787349
cycle= 162 E= -2467.84145685852  delta_E= -0.611  |g|= 5.56  |ddm|= 1.24
  HOMO = -0.194199009015166  LUMO = -0.152937056405677
cycle= 163 E= -2467.84184900293  delta_E= -0.000392  |g|= 5.56  |ddm|= 0.515
  HOMO = -0.194933749812796  LUMO = -0.153110742440759
cycle= 164 E= -2467.84284456011  delta_E= -0.000996  |g|= 5.56  |ddm|= 0.196
  HOMO = -0.197247640762768  LUMO = -0.154261034830016
cycle= 165 E= -2467.94215681808  delta_E= -0.0993  |g|= 5.52  |ddm|= 0.213
  HOMO = -0.189497890595542  LUMO = -0.149580380328906
cycle= 166 E= -2467.58016081187  delta_E= 0.362  |g|= 5.65  |ddm|= 0.854
  HOMO = -0.156660292567023  LUMO = -0.151392558177379
cycle= 167 E= -2467.35207525827  delta_E= 0.228  |g|= 5.72  |ddm|= 0.889
  HOMO = -0.140259501298768  LUMO = -0.121771883173584
cycle= 168 E= -2470.8144200435  delta_E= -3.46  |g|= 4.92  |ddm|= 3.14
  HOMO = 0.0247625668640361  LUMO = 0.0369371603082962
cycle= 169 E= -2370.33218291799  delta_E=  100  |g|= 13.5  |ddm|= 29.1
  HOMO = -0.0860965934205728  LUMO = -0.0561521721086004
cycle= 170 E= -2460.30878471695  delta_E=  -90  |g|= 5.53  |ddm|= 27.6
  HOMO = -0.150629490641537  LUMO = -0.146397545188802
cycle= 171 E= -2465.43629104723  delta_E= -5.13  |g|= 6.11  |ddm|= 8.57
  HOMO = -0.175566633894031  LUMO = -0.146838906951317
cycle= 172 E= -2466.85920166009  delta_E= -1.42  |g|= 5.86  |ddm|= 2.29
  HOMO = -0.190464541989826  LUMO = -0.152832161936788
cycle= 173 E= -2466.72397205956  delta_E= 0.135  |g|= 5.89  |ddm|= 0.752
  HOMO = -0.176660435956188  LUMO = -0.155061739654734
cycle= 174 E= -2466.74908856379  delta_E= -0.0251  |g|= 5.87  |ddm|= 1.36
  HOMO = -0.186272083545165  LUMO = -0.151585291969914
cycle= 175 E= -2466.75887955614  delta_E= -0.00979  |g|= 5.88  |ddm|= 1.18
  HOMO = -0.162123352650801  LUMO = -0.151780100803783
cycle= 176 E= -2466.63543355345  delta_E= 0.123  |g|= 5.81  |ddm|= 1.81
  HOMO = -0.17711380657077  LUMO = -0.142140786552643
cycle= 177 E= -2466.80305691318  delta_E= -0.168  |g|= 5.88  |ddm|= 2.24
  HOMO = -0.195981426365188  LUMO = -0.148854280723248
cycle= 178 E= -2466.91646042631  delta_E= -0.113  |g|= 5.84  |ddm|= 0.715
  HOMO = 0.0341403050682675  LUMO = 0.0431031864840719
cycle= 179 E= -2315.02841985848  delta_E=  152  |g|= 13.6  |ddm|= 37.4
  HOMO = -0.109074981766697  LUMO = -0.0748089173853104
cycle= 180 E= -2459.23196473508  delta_E= -144  |g|= 6.21  |ddm|= 36.9
  HOMO = -0.160497928163557  LUMO = -0.148759434151485
cycle= 181 E= -2465.38626510299  delta_E= -6.15  |g|= 6.23  |ddm|= 9.94
  HOMO = -0.19450570493854  LUMO = -0.146688904765104
cycle= 182 E= -2466.0995388354  delta_E= -0.713  |g|= 6.08  |ddm|= 1.47
  HOMO = -0.195370253698654  LUMO = -0.148134869687983
cycle= 183 E= -2466.22578756021  delta_E= -0.126  |g|= 6.04  |ddm|= 0.387
  HOMO = -0.186782860998062  LUMO = -0.14708752996919
cycle= 184 E= -2466.07009907149  delta_E= 0.156  |g|= 6.09  |ddm|= 0.414
  HOMO = -0.155819694001541  LUMO = -0.145691066204371
cycle= 185 E= -2465.10572593912  delta_E= 0.964  |g|= 6.25  |ddm|= 1.99
  HOMO = -0.186010480530895  LUMO = -0.148254520360239
cycle= 186 E= -2466.45699148097  delta_E= -1.35  |g|= 5.97  |ddm|= 2.03
  HOMO = -0.190807909025047  LUMO = -0.145799659700712
cycle= 187 E= -2465.69799023013  delta_E= 0.759  |g|= 6.19  |ddm|= 1.19
  HOMO = -0.158479873124155  LUMO = -0.134569033129935
cycle= 188 E= -2467.38694273892  delta_E= -1.69  |g|= 5.72  |ddm|= 1.76
  HOMO = -0.0106777337980844  LUMO = 0.00489180542429449
cycle= 189 E= -2384.50361019806  delta_E= 82.9  |g|= 12.5  |ddm|= 20.2
  HOMO = -0.0756931148447548  LUMO = -0.0426037900388654
cycle= 190 E= -2461.28560840052  delta_E= -76.8  |g|= 5.08  |ddm|= 17.8
  HOMO = -0.160584875710321  LUMO = -0.156681491583931
cycle= 191 E= -2466.16129595342  delta_E= -4.88  |g|= 6.04  |ddm|= 7.87
  HOMO = -0.163881733549629  LUMO = -0.153199326349607
cycle= 192 E= -2466.98708879963  delta_E= -0.826  |g|=  5.8  |ddm|=  1.9
  HOMO = -0.189822045118849  LUMO = -0.151388998448362
cycle= 193 E= -2467.10030842435  delta_E= -0.113  |g|= 5.77  |ddm|= 1.63
  HOMO = -0.167882352948668  LUMO = -0.154342447601712
cycle= 194 E= -2466.75159025658  delta_E= 0.349  |g|= 5.84  |ddm|= 1.56
  HOMO = -0.195537027115542  LUMO = -0.155091510025404
cycle= 195 E= -2467.38853183154  delta_E= -0.637  |g|= 5.68  |ddm|= 1.32
  HOMO = -0.180739315960545  LUMO = -0.150942398999484
cycle= 196 E= -2467.2347061133  delta_E= 0.154  |g|= 5.74  |ddm|= 0.465
  HOMO = -0.179566612196153  LUMO = -0.15384461591834
cycle= 197 E= -2467.31324378766  delta_E= -0.0785  |g|=  5.7  |ddm|= 0.249
  HOMO = -0.18172567268154  LUMO = -0.151784058483619
cycle= 198 E= -2466.63096419173  delta_E= 0.682  |g|= 5.92  |ddm|= 0.845
  HOMO = 0.0294505854978906  LUMO = 0.051314767737646
cycle= 199 E= -2342.65474902829  delta_E=  124  |g|= 15.9  |ddm|= 38.7
  HOMO = -0.101546877709406  LUMO = -0.031886338927824
cycle= 200 E= -2457.01441218545  delta_E= -114  |g|= 6.98  |ddm|= 37.7
  HOMO = -0.152604249682064  LUMO = -0.150343663165796
cycle= 201 E= -2471.04123762274  delta_E=  -14  |g|= 4.79  |ddm|= 10.5
  HOMO = -0.168029476812406  LUMO = -0.148101570232095
cycle= 202 E= -2468.90012921028  delta_E= 2.14  |g|= 5.22  |ddm|= 2.62
  HOMO = -0.169958102076732  LUMO = -0.149363695933549
cycle= 203 E= -2468.77818968337  delta_E= 0.122  |g|= 5.27  |ddm|= 0.98
  HOMO = -0.155728662014701  LUMO = -0.153638089455768
cycle= 204 E= -2471.62983775467  delta_E= -2.85  |g|= 4.46  |ddm|= 2.71
  HOMO = -0.164045538346881  LUMO = -0.155498891808329
cycle= 205 E= -2471.8822581283  delta_E= -0.252  |g|= 4.31  |ddm|= 2.21
  HOMO = -0.141958574229846  LUMO = -0.135622720939377
cycle= 206 E= -2468.1237109361  delta_E= 3.76  |g|=  5.6  |ddm|= 3.53
  HOMO = -0.160821421223387  LUMO = -0.155882707069714
cycle= 207 E= -2468.42300284368  delta_E= -0.299  |g|=  5.4  |ddm|= 3.47
  HOMO = -0.159569076766786  LUMO = -0.150994975143892
cycle= 208 E= -2468.83927986919  delta_E= -0.416  |g|= 5.26  |ddm|= 0.839
  HOMO = 0.0398235742996582  LUMO = 0.0478473157474912
cycle= 209 E= -2383.62623621615  delta_E= 85.2  |g|=   19  |ddm|= 31.8
  HOMO = -0.0567521309519539  LUMO = -0.0473400574576862
cycle= 210 E= -2455.05486039298  delta_E= -71.4  |g|= 8.28  |ddm|= 31.7
  HOMO = -0.0914738735993135  LUMO = -0.0741230384811588
cycle= 211 E= -2473.13552154984  delta_E= -18.1  |g|= 3.61  |ddm|= 11.5
  HOMO = -0.170485769430727  LUMO = -0.150924352814111
cycle= 212 E= -2471.95549531022  delta_E= 1.18  |g|= 4.05  |ddm|= 4.31
  HOMO = -0.172812162861548  LUMO = -0.141837219656265
cycle= 213 E= -2475.06655951154  delta_E= -3.11  |g|= 1.92  |ddm|= 2.73
  HOMO = -0.159532581007021  LUMO = -0.149193488766018
cycle= 214 E= -2473.20103580397  delta_E= 1.87  |g|= 3.53  |ddm|= 2.48
  HOMO = -0.162376015548707  LUMO = -0.151143638629526
cycle= 215 E= -2472.49211852887  delta_E= 0.709  |g|= 3.87  |ddm|= 0.712
  HOMO = -0.162633144255329  LUMO = -0.152536285025727
cycle= 216 E= -2472.53595329252  delta_E= -0.0438  |g|= 3.86  |ddm|= 0.0918
  HOMO = -0.152888942841422  LUMO = -0.140856378709066
cycle= 217 E= -2474.80334994546  delta_E= -2.27  |g|=  2.1  |ddm|= 1.57
  HOMO = -0.170871369457582  LUMO = -0.158414923575305
cycle= 218 E= -2473.79851404243  delta_E=    1  |g|= 3.24  |ddm|= 1.89
  HOMO = -0.162966185551548  LUMO = -0.130254484598847
cycle= 219 E= -2475.37247874344  delta_E= -1.57  |g|= 1.36  |ddm|= 1.54

WARN: HOMO -0.0686584707207643 == LUMO -0.0676650172819027

cycle= 220 E= -2471.28353889716  delta_E= 4.09  |g|=  4.5  |ddm|= 3.66
  HOMO = -0.170274856650505  LUMO = -0.153350714928886
cycle= 221 E= -2475.05747850492  delta_E= -3.77  |g|= 1.88  |ddm|= 3.69
  HOMO = -0.166603832996867  LUMO = -0.127841841349021
cycle= 222 E= -2475.34734550665  delta_E= -0.29  |g|= 1.45  |ddm|= 0.894
  HOMO = -0.171371950183483  LUMO = -0.136507641168728
cycle= 223 E= -2475.42597195644  delta_E= -0.0786  |g|= 1.27  |ddm|= 0.546
  HOMO = -0.167151119954015  LUMO = -0.129225146447166
cycle= 224 E= -2475.47207663639  delta_E= -0.0461  |g|= 1.18  |ddm|= 0.515
  HOMO = -0.16288805036363  LUMO = -0.123061072693382
cycle= 225 E= -2475.50806943718  delta_E= -0.036  |g|= 1.06  |ddm|= 0.609
  HOMO = -0.158060156594968  LUMO = -0.118295077927119
cycle= 226 E= -2475.54315651614  delta_E= -0.0351  |g|= 0.908  |ddm|= 0.866
  HOMO = -0.138555189615079  LUMO = -0.0992387835141947
cycle= 227 E= -2475.69772369819  delta_E= -0.155  |g|= 0.321  |ddm|= 0.934
  HOMO = -0.131995398446878  LUMO = -0.092233199600386
cycle= 228 E= -2475.68396125893  delta_E= 0.0138  |g|= 0.386  |ddm|= 0.73
  HOMO = -0.128510635922542  LUMO = -0.0911571699496508
cycle= 229 E= -2475.72144253355  delta_E= -0.0375  |g|= 0.138  |ddm|= 0.464
  HOMO = -0.132224282221732  LUMO = -0.0944439184261164
cycle= 230 E= -2475.72474487025  delta_E= -0.0033  |g|= 0.0355  |ddm|= 0.133
  HOMO = -0.133225213641605  LUMO = -0.0951064247984968
cycle= 231 E= -2475.7247134032  delta_E= 3.15e-05  |g|= 0.0397  |ddm|= 0.0695
  HOMO = -0.132072231695939  LUMO = -0.093960345590849
cycle= 232 E= -2475.72506497399  delta_E= -0.000352  |g|= 0.0116  |ddm|= 0.0495
  HOMO = -0.132367244136228  LUMO = -0.0942704121078993
cycle= 233 E= -2475.72509420793  delta_E= -2.92e-05  |g|= 0.00506  |ddm|= 0.0161
  HOMO = -0.132105490251721  LUMO = -0.0940163460340628
cycle= 234 E= -2475.7250944315  delta_E= -2.24e-07  |g|= 0.00518  |ddm|= 0.00879
  HOMO = -0.132234551871634  LUMO = -0.0941242116094272
cycle= 235 E= -2475.72510056958  delta_E= -6.14e-06  |g|= 0.000684  |ddm|= 0.00539
  HOMO = -0.132228884298145  LUMO = -0.0941234100543573
cycle= 236 E= -2475.72510054106  delta_E= 2.85e-08  |g|= 0.000839  |ddm|= 0.00127
  HOMO = -0.132239966160255  LUMO = -0.0941317030820187
cycle= 237 E= -2475.7251007062  delta_E= -1.65e-07  |g|= 0.000133  |ddm|= 0.000856
  HOMO = -0.132239505743345  LUMO = -0.0941327872182188
cycle= 238 E= -2475.72510070442  delta_E= 1.78e-09  |g|= 0.000148  |ddm|= 0.000224
  HOMO = -0.132253314329582  LUMO = -0.094144298854618
cycle= 239 E= -2475.7251006672  delta_E= 3.72e-08  |g|= 0.000481  |ddm|= 0.00048
  HOMO = -0.132241826985907  LUMO = -0.094134927190147
cycle= 240 E= -2475.7251007098  delta_E= -4.26e-08  |g|= 4.44e-05  |ddm|= 0.000372
  HOMO = -0.132241107899381  LUMO = -0.0941342432857129
cycle= 241 E= -2475.72510071026  delta_E= -4.57e-10  |g|= 1.2e-05  |ddm|= 5.92e-05
  HOMO = -0.132241719332863  LUMO = -0.094134807306237
cycle= 242 E= -2475.72510071022  delta_E= 4e-11  |g|= 1.83e-05  |ddm|= 3.02e-05
  HOMO = -0.132241164079781  LUMO = -0.0941342078477266
cycle= 243 E= -2475.72510071031  delta_E= -9e-11  |g|= 5.65e-06  |ddm|= 2.23e-05
  HOMO = -0.132241476013891  LUMO = -0.0941344376553142
cycle= 244 E= -2475.72510071027  delta_E= 4.18e-11  |g|= 9.12e-06  |ddm|= 1.57e-05
  HOMO = -0.132241376447137  LUMO = -0.0941343545362505
cycle= 245 E= -2475.7251007103  delta_E= -3.55e-11  |g|= 2.03e-06  |ddm|= 1.3e-05
  HOMO = -0.132241457472312  LUMO = -0.0941344179135069
cycle= 246 E= -2475.7251007103  delta_E= 2.73e-12  |g|= 4.38e-06  |ddm|= 5.87e-06
  HOMO = -0.132241359266662  LUMO = -0.0941343384832969
cycle= 247 E= -2475.72510071029  delta_E= 7.28e-12  |g|= 6.26e-07  |ddm|= 4.93e-06
  HOMO = -0.132241413765863  LUMO = -0.0941343935480858
Extra cycle  E= -2475.72510071031  delta_E= -1.91e-11  |g|= 2.36e-06  |ddm|= 3.23e-06
converged SCF energy = -2475.72510071031
AOs:  [0, 1, 2, 3, 4, 5, 6, 7, 8, 9, 10, 11, 12, 13, 14, 15, 16, 17, 18, 19, 20, 21, 22, 23, 24, 25, 26, 27, 28, 29, 30, 31, 32, 33, 34, 35, 36, 37, 38, 39, 40, 41, 42, 43, 44, 45, 46, 47, 48, 49, 50, 51, 52, 53, 54, 55, 56, 57, 58, 59, 60, 61, 62, 63, 64, 65, 66, 67, 68, 69, 70, 71, 72, 73, 74, 75, 76, 77, 78, 79, 80, 81, 82, 83, 84, 85, 86, 87, 88, 89, 90, 91, 92, 93, 94, 95, 96, 97, 98, 99, 100]
101
Number of Active MOs:  37
Number of Environment MOs:  74
Number of Virtual MOs:  406
 # electrons:            α            β
         Env:  74.00000000  74.00000000
         Act:  37.00000000  37.00000000
         Vir:   0.00000000   0.00000000
Number of electrons in the active space:  74

 The density matrix is idempotent!

 The density matrix is idempotent!


******** <class 'pyscf.scf.hf.RHF'> ********
method = RHF
initial guess = minao
damping factor = 0
level_shift factor = 0
DIIS = <class 'pyscf.scf.diis.CDIIS'>
diis_start_cycle = 1
diis_space = 8
SCF conv_tol = 1e-09
SCF conv_tol_grad = 1e-06
SCF max_cycles = 200
direct_scf = True
direct_scf_tol = 1e-13
chkfile to save SCF result = subsys_scf.chk
max_memory 900000 MB (current use 73000 MB)
init E= 1427.22644519843
  HOMO = -0.315839362553538  LUMO = 0.0777479857672631
cycle= 1 E= 1426.98560102053  delta_E= -0.241  |g|= 0.321  |ddm|= 1.63
  HOMO = -0.260438280014491  LUMO = 0.0850199126672604
cycle= 2 E= 1426.93871720236  delta_E= -0.0469  |g|= 0.18  |ddm|= 0.648
  HOMO = -0.336446820774743  LUMO = 0.0838583752028308
cycle= 3 E= 1426.92735359039  delta_E= -0.0114  |g|= 0.0957  |ddm|= 0.405
  HOMO = -0.329014478587404  LUMO = 0.0848910017719574
cycle= 4 E= 1426.92356341865  delta_E= -0.00379  |g|= 0.0213  |ddm|= 0.193
  HOMO = -0.332281811617058  LUMO = 0.0847843517361112
cycle= 5 E= 1426.92347005065  delta_E= -9.34e-05  |g|= 0.006  |ddm|= 0.0329
  HOMO = -0.331673743922645  LUMO = 0.0846640756063573
cycle= 6 E= 1426.92345786875  delta_E= -1.22e-05  |g|= 0.00235  |ddm|= 0.00936
  HOMO = -0.331670780911425  LUMO = 0.0846910992612866
cycle= 7 E= 1426.92345392292  delta_E= -3.95e-06  |g|= 0.00113  |ddm|= 0.005
  HOMO = -0.331753039882886  LUMO = 0.0847072214005126
cycle= 8 E= 1426.92345192704  delta_E= -2e-06  |g|= 0.000762  |ddm|= 0.00357
  HOMO = -0.331790345344527  LUMO = 0.0846970709206129
cycle= 9 E= 1426.92345040382  delta_E= -1.52e-06  |g|= 0.00038  |ddm|= 0.00391
  HOMO = -0.33183849440554  LUMO = 0.084701938222762
cycle= 10 E= 1426.92344998092  delta_E= -4.23e-07  |g|= 0.000139  |ddm|= 0.00275
  HOMO = -0.331850571308485  LUMO = 0.0847022021989232
cycle= 11 E= 1426.9234499599  delta_E= -2.1e-08  |g|= 4.26e-05  |ddm|= 0.000569
  HOMO = -0.33185742515739  LUMO = 0.0847021197965637
cycle= 12 E= 1426.92344995721  delta_E= -2.69e-09  |g|= 1.99e-05  |ddm|= 0.000144
  HOMO = -0.331857584100336  LUMO = 0.0847021928587312
cycle= 13 E= 1426.92344995736  delta_E= 1.42e-10  |g|= 1.53e-05  |ddm|= 5.85e-05
  HOMO = -0.331858675087924  LUMO = 0.0847022017210616
cycle= 14 E= 1426.92344995638  delta_E= -9.78e-10  |g|= 1.4e-05  |ddm|= 3.01e-05
  HOMO = -0.331858153605354  LUMO = 0.0847022144264329
cycle= 15 E= 1426.92344995633  delta_E= -4.91e-11  |g|= 1.21e-05  |ddm|= 5.07e-05
  HOMO = -0.331858516859565  LUMO = 0.0847022643892067
cycle= 16 E= 1426.92344995524  delta_E= -1.08e-09  |g|= 7.53e-06  |ddm|= 0.000137
  HOMO = -0.331858393556369  LUMO = 0.0847022425022316
cycle= 17 E= 1426.92344995564  delta_E= 3.95e-10  |g|= 4.55e-06  |ddm|= 0.000115
  HOMO = -0.331858351351006  LUMO = 0.0847022427970246
cycle= 18 E= 1426.9234499545  delta_E= -1.14e-09  |g|= 3.13e-06  |ddm|= 4.34e-05
  HOMO = -0.331858221501169  LUMO = 0.0847022318875893
cycle= 19 E= 1426.92344995436  delta_E= -1.36e-10  |g|= 2.02e-06  |ddm|= 2.41e-05
  HOMO = -0.331858380846454  LUMO = 0.0847022251108062
cycle= 20 E= 1426.92344995609  delta_E= 1.73e-09  |g|= 1.04e-06  |ddm|= 1.57e-05
  HOMO = -0.331858334813474  LUMO = 0.0847022320260659
cycle= 21 E= 1426.92344995458  delta_E= -1.51e-09  |g|= 3.49e-07  |ddm|= 8.31e-06
  HOMO = -0.331858337799937  LUMO = 0.0847022358940996
cycle= 22 E= 1426.92344995537  delta_E= 7.94e-10  |g|= 1.88e-07  |ddm|= 2.12e-06
  HOMO = -0.331858346874565  LUMO = 0.0847022360278044
Extra cycle  E= 1426.92344995455  delta_E= -8.26e-10  |g|= 1.65e-07  |ddm|= 1.21e-06
converged SCF energy = 1426.92344995455
Difference in energy:  -1806.262234204358
E(MP2) = 1425.63345394979  E_corr = -1.28999600475322
Total energy =  -2474.136637034414
time elapsed:  506.2044277191162
