

******** <class 'pyscf.scf.hf.RHF'> ********
method = RHF
initial guess = minao
damping factor = 0
level_shift factor = 0
DIIS = <class 'pyscf.scf.diis.CDIIS'>
diis_start_cycle = 1
diis_space = 8
SCF conv_tol = 1e-09
SCF conv_tol_grad = 1e-05
SCF max_cycles = 1000
direct_scf = True
direct_scf_tol = 1e-13
chkfile to save SCF result = scf.fchk
max_memory 900000 MB (current use 79 MB)
init E= -582.160911438586
  HOMO = -0.268706474504577  LUMO = 0.0147751778833153
cycle= 1 E= -580.053615776605  delta_E= 2.11  |g|= 0.96  |ddm|= 5.16
  HOMO = -0.336568141933896  LUMO = 0.0942336321536283
cycle= 2 E= -580.22132948634  delta_E= -0.168  |g|= 0.653  |ddm|=  1.2
  HOMO = -0.404814440168054  LUMO = 0.13074757524015
cycle= 3 E= -580.300269308303  delta_E= -0.0789  |g|= 0.139  |ddm|= 0.595
  HOMO = -0.398143753365229  LUMO = 0.143885800874227
cycle= 4 E= -580.305653956172  delta_E= -0.00538  |g|= 0.0453  |ddm|= 0.142
  HOMO = -0.405563247190342  LUMO = 0.142225178290277
cycle= 5 E= -580.306129322316  delta_E= -0.000475  |g|= 0.0106  |ddm|= 0.0527
  HOMO = -0.40656706783411  LUMO = 0.142170139234789
cycle= 6 E= -580.30618382658  delta_E= -5.45e-05  |g|= 0.00415  |ddm|= 0.0189
  HOMO = -0.406797201202415  LUMO = 0.142723800840916
cycle= 7 E= -580.306197492508  delta_E= -1.37e-05  |g|= 0.00164  |ddm|= 0.0122
  HOMO = -0.40724205203258  LUMO = 0.1426388767797
cycle= 8 E= -580.306199302304  delta_E= -1.81e-06  |g|= 0.000446  |ddm|= 0.00454
  HOMO = -0.407259305981057  LUMO = 0.142666050007264
cycle= 9 E= -580.306199440187  delta_E= -1.38e-07  |g|= 8.7e-05  |ddm|= 0.00118
  HOMO = -0.407248246250399  LUMO = 0.14266777511207
cycle= 10 E= -580.306199444958  delta_E= -4.77e-09  |g|= 3.02e-05  |ddm|= 0.000174
  HOMO = -0.407254358535921  LUMO = 0.142661002694095
cycle= 11 E= -580.306199445356  delta_E= -3.98e-10  |g|= 9.16e-06  |ddm|= 4.56e-05
  HOMO = -0.407251893915402  LUMO = 0.142662968830865
Extra cycle  E= -580.306199445406  delta_E= -4.96e-11  |g|= 4.89e-06  |ddm|= 1.53e-05
converged SCF energy = -580.306199445406
AOs:  [0, 1, 2, 3, 4, 5, 6, 7, 8, 9, 10, 11, 12, 13, 14, 15, 16, 17, 18, 19, 20, 21, 22, 23, 24, 25, 26, 27, 28, 29, 30, 31, 32, 33, 34, 35, 36, 37, 38, 39, 40, 41, 42, 43, 44, 45, 46, 47, 48, 49, 50, 51, 52, 53, 54, 55, 56, 57, 58, 59, 60, 61, 62, 63, 64, 65, 66, 67, 68, 69, 70, 71, 72, 73, 74, 75, 76, 77, 78, 79, 80, 81, 82, 83, 84, 85, 86, 87, 88, 89, 90, 91, 92, 93, 94, 95, 96, 97, 98, 99, 100, 101, 102, 103, 104, 105, 106, 107, 108, 109, 110, 111, 112, 113, 114, 115, 116, 117, 118, 119, 120, 121, 122, 123, 124, 125, 126, 127, 128, 129, 130, 131, 132, 133, 134, 135, 136, 137, 138, 139, 140, 141, 142, 143, 144, 145, 146, 147, 148, 149, 150, 151, 152, 153, 154, 155, 156, 157, 158, 159, 160, 161, 162, 163, 164, 165, 166, 167, 168, 169, 170, 171, 172, 173, 174, 175, 176, 177, 178, 179, 180, 181, 182, 183, 184, 185, 186, 187, 188, 189, 190, 191, 192, 193, 194, 195, 196, 197, 198, 199, 200, 201, 202, 203, 204, 205, 206, 207, 208, 209, 210, 211, 212, 213, 214, 215, 216, 217, 218, 219, 220, 221, 222, 223, 224, 225, 226, 227, 228, 229, 230, 231, 232, 233, 234, 235, 236, 237, 238, 239, 240, 241, 242, 243, 244, 245, 246, 247, 248, 249, 250, 251, 252]
253
Number of Active MOs:  49
Number of Environment MOs:  4
Number of Virtual MOs:  249
 # electrons:            α            β
         Env:   4.00000000   4.00000000
         Act:  49.00000000  49.00000000
         Vir:  -0.00000000  -0.00000000
Number of electrons in the active space:  98

 The density matrix is idempotent!

 The density matrix is idempotent!


******** <class 'pyscf.scf.hf.RHF'> ********
method = RHF
initial guess = minao
damping factor = 0
level_shift factor = 0
DIIS = <class 'pyscf.scf.diis.CDIIS'>
diis_start_cycle = 1
diis_space = 8
SCF conv_tol = 1e-09
SCF conv_tol_grad = 1e-05
SCF max_cycles = 200
direct_scf = True
direct_scf_tol = 1e-13
chkfile to save SCF result = subsys_scf.chk
max_memory 900000 MB (current use 8560 MB)
init E= -455.664672382154
  HOMO = -0.408302241500993  LUMO = 0.142661930574148
cycle= 1 E= -455.664672796513  delta_E= -4.14e-07  |g|= 2.89e-06  |ddm|= 8.09e-06
  HOMO = -0.408301705740285  LUMO = 0.142662306589614
cycle= 2 E= -455.664672796438  delta_E= 7.5e-11  |g|= 1.88e-06  |ddm|= 5.27e-06
  HOMO = -0.40830197116653  LUMO = 0.142662106855232
Extra cycle  E= -455.664672796478  delta_E= -4e-11  |g|= 1.23e-06  |ddm|= 3.43e-06
converged SCF energy = -455.664672796478
Difference in energy:  1.3126491467119194e-07
E(MP2) = -457.497325252955  E_corr = -1.83265245647637
Total energy =  -582.1388519020912
time elapsed:  45.11014652252197
