

******** <class 'pyscf.scf.hf.RHF'> ********
method = RHF
initial guess = minao
damping factor = 0
level_shift factor = 0
DIIS = <class 'pyscf.scf.diis.CDIIS'>
diis_start_cycle = 1
diis_space = 8
SCF conv_tol = 1e-09
SCF conv_tol_grad = 1e-05
SCF max_cycles = 1000
direct_scf = True
direct_scf_tol = 1e-13
chkfile to save SCF result = scf.fchk
max_memory 900000 MB (current use 79 MB)
init E= -582.148227897021
  HOMO = -0.268614363139052  LUMO = 0.0149296813395387
cycle= 1 E= -580.049062631811  delta_E=  2.1  |g|= 0.967  |ddm|= 5.16
  HOMO = -0.327267320724639  LUMO = 0.0997657009841723
cycle= 2 E= -580.21628306218  delta_E= -0.167  |g|= 0.667  |ddm|= 1.23
  HOMO = -0.401295210164277  LUMO = 0.133994546614183
cycle= 3 E= -580.298619247701  delta_E= -0.0823  |g|= 0.14  |ddm|= 0.615
  HOMO = -0.395227656401661  LUMO = 0.146540255939415
cycle= 4 E= -580.304056528745  delta_E= -0.00544  |g|= 0.0447  |ddm|= 0.142
  HOMO = -0.402420657899886  LUMO = 0.145197068956203
cycle= 5 E= -580.304526347019  delta_E= -0.00047  |g|= 0.0107  |ddm|= 0.0532
  HOMO = -0.403452503392061  LUMO = 0.145131554023472
cycle= 6 E= -580.304582641825  delta_E= -5.63e-05  |g|= 0.00424  |ddm|= 0.0195
  HOMO = -0.403731794894564  LUMO = 0.145678670145638
cycle= 7 E= -580.304597080475  delta_E= -1.44e-05  |g|= 0.00165  |ddm|= 0.0128
  HOMO = -0.404192838268183  LUMO = 0.145591396780884
cycle= 8 E= -580.304598906826  delta_E= -1.83e-06  |g|= 0.000448  |ddm|= 0.00461
  HOMO = -0.404210231958979  LUMO = 0.145619380946303
cycle= 9 E= -580.304599044337  delta_E= -1.38e-07  |g|= 8.79e-05  |ddm|= 0.00118
  HOMO = -0.404198481182927  LUMO = 0.145620777894592
cycle= 10 E= -580.304599049186  delta_E= -4.85e-09  |g|= 3.05e-05  |ddm|= 0.000176
  HOMO = -0.404204841274077  LUMO = 0.145613999543388
cycle= 11 E= -580.304599049591  delta_E= -4.04e-10  |g|= 9.35e-06  |ddm|= 4.62e-05
  HOMO = -0.404202270664595  LUMO = 0.14561596178392
Extra cycle  E= -580.30459904964  delta_E= -4.96e-11  |g|= 5.02e-06  |ddm|= 1.57e-05
converged SCF energy = -580.30459904964
AOs:  [0, 1, 2, 3, 4, 5, 6, 7, 8, 9, 10, 11, 12, 13, 14, 15, 16, 17, 18, 19, 20, 21, 22, 23, 24, 25, 26, 27, 28, 29, 30, 31, 32, 33, 34, 35, 36, 37, 38, 39, 40, 41, 42, 43, 44, 45, 46, 47, 48, 49, 50, 51, 52, 53, 54, 55, 56, 57, 58, 59, 60, 61, 62, 63, 64, 65, 66, 67, 68, 69, 70, 71, 72, 73, 74, 75, 76, 77, 78, 79, 80, 81, 82, 83, 84, 85, 86, 87, 88, 89, 90, 91, 92, 93, 94, 95, 96, 97, 98, 99, 100, 101, 102, 103, 104, 105, 106, 107, 108, 109, 110, 111, 112, 113, 114, 115, 116, 117, 118, 119, 120, 121, 122, 123, 124, 125, 126, 127, 128, 129, 130, 131, 132, 133, 134, 135, 136, 137, 138, 139, 140, 141, 142, 143, 144, 145, 146, 147, 148, 149, 150, 151, 152, 153, 154, 155, 156, 157, 158, 159, 160, 161, 162, 163, 164, 165, 166, 167, 168, 169, 170, 171, 172, 173, 174, 175, 176, 177, 178, 179, 180, 181, 182, 183, 184, 185, 186, 187, 188, 189, 190, 191, 192, 193, 194, 195, 196, 197, 198, 199, 200, 201, 202, 203, 204, 205, 206, 207, 208, 209, 210, 211, 212, 213, 214, 215, 216, 217, 218, 219, 220, 221, 222, 223, 224, 225, 226, 227, 228, 229, 230, 231, 232, 233, 234, 235, 236, 237, 238, 239, 240, 241, 242, 243, 244, 245, 246, 247, 248, 249, 250, 251, 252]
253
Number of Active MOs:  49
Number of Environment MOs:  4
Number of Virtual MOs:  249
 # electrons:            α            β
         Env:   4.00000000   4.00000000
         Act:  49.00000000  49.00000000
         Vir:  -0.00000000  -0.00000000
Number of electrons in the active space:  98

 The density matrix is idempotent!

 The density matrix is idempotent!


******** <class 'pyscf.scf.hf.RHF'> ********
method = RHF
initial guess = minao
damping factor = 0
level_shift factor = 0
DIIS = <class 'pyscf.scf.diis.CDIIS'>
diis_start_cycle = 1
diis_space = 8
SCF conv_tol = 1e-09
SCF conv_tol_grad = 1e-05
SCF max_cycles = 200
direct_scf = True
direct_scf_tol = 1e-13
chkfile to save SCF result = subsys_scf.chk
max_memory 900000 MB (current use 8560 MB)
init E= -455.813910414788
  HOMO = -0.405169733436491  LUMO = 0.14561494200592
cycle= 1 E= -455.813910829222  delta_E= -4.14e-07  |g|= 2.98e-06  |ddm|= 8.35e-06
  HOMO = -0.405169182614064  LUMO = 0.145615306211687
cycle= 2 E= -455.813910829229  delta_E= -6.59e-12  |g|= 1.95e-06  |ddm|= 5.47e-06
  HOMO = -0.405169455698782  LUMO = 0.145615113174975
Extra cycle  E= -455.81391082919  delta_E= 3.84e-11  |g|= 1.28e-06  |ddm|= 3.57e-06
converged SCF energy = -455.81391082919
Difference in energy:  2.517575455840415e-07
E(MP2) = -457.646234608953  E_corr = -1.83232377976257
Total energy =  -582.1369228298039
time elapsed:  45.68676161766052
