

******** <class 'pyscf.scf.hf.RHF'> ********
method = RHF
initial guess = minao
damping factor = 0
level_shift factor = 0
DIIS = <class 'pyscf.scf.diis.CDIIS'>
diis_start_cycle = 1
diis_space = 8
SCF conv_tol = 1e-09
SCF conv_tol_grad = 1e-05
SCF max_cycles = 1000
direct_scf = True
direct_scf_tol = 1e-13
chkfile to save SCF result = scf.fchk
max_memory 900000 MB (current use 79 MB)
init E= -582.145551290852
  HOMO = -0.268599048269087  LUMO = 0.0149634667889125
cycle= 1 E= -580.046982475087  delta_E=  2.1  |g|= 0.97  |ddm|= 5.16
  HOMO = -0.324045531099157  LUMO = 0.1015971065445
cycle= 2 E= -580.214240399848  delta_E= -0.167  |g|= 0.672  |ddm|= 1.24
  HOMO = -0.399960801340685  LUMO = 0.135189255948893
cycle= 3 E= -580.29775552197  delta_E= -0.0835  |g|= 0.139  |ddm|= 0.622
  HOMO = -0.394127171749198  LUMO = 0.147504807164256
cycle= 4 E= -580.303207668669  delta_E= -0.00545  |g|= 0.0445  |ddm|= 0.142
  HOMO = -0.401245343165799  LUMO = 0.146268973668104
cycle= 5 E= -580.303677151323  delta_E= -0.000469  |g|= 0.0108  |ddm|= 0.0534
  HOMO = -0.40229094568633  LUMO = 0.146197521892912
cycle= 6 E= -580.30373415241  delta_E= -5.7e-05  |g|= 0.00428  |ddm|= 0.0197
  HOMO = -0.402589580095293  LUMO = 0.146740384994964
cycle= 7 E= -580.303748879228  delta_E= -1.47e-05  |g|= 0.00165  |ddm|= 0.013
  HOMO = -0.403055847655026  LUMO = 0.146653361700011
cycle= 8 E= -580.303750714299  delta_E= -1.84e-06  |g|= 0.000449  |ddm|= 0.00464
  HOMO = -0.403073489172468  LUMO = 0.146681352373193
cycle= 9 E= -580.303750851492  delta_E= -1.37e-07  |g|= 8.83e-05  |ddm|= 0.00117
  HOMO = -0.403061417997268  LUMO = 0.146682690534461
cycle= 10 E= -580.303750856368  delta_E= -4.88e-09  |g|= 3.06e-05  |ddm|= 0.000177
  HOMO = -0.403067887139735  LUMO = 0.14667589630447
cycle= 11 E= -580.303750856776  delta_E= -4.08e-10  |g|= 9.41e-06  |ddm|= 4.65e-05
  HOMO = -0.403065283727213  LUMO = 0.1466778491326
Extra cycle  E= -580.303750856829  delta_E= -5.32e-11  |g|= 5.07e-06  |ddm|= 1.59e-05
converged SCF energy = -580.303750856829
AOs:  [0, 1, 2, 3, 4, 5, 6, 7, 8, 9, 10, 11, 12, 13, 14, 15, 16, 17, 18, 19, 20, 21, 22, 23, 24, 25, 26, 27, 28, 29, 30, 31, 32, 33, 34, 35, 36, 37, 38, 39, 40, 41, 42, 43, 44, 45, 46, 47, 48, 49, 50, 51, 52, 53, 54, 55, 56, 57, 58, 59, 60, 61, 62, 63, 64, 65, 66, 67, 68, 69, 70, 71, 72, 73, 74, 75, 76, 77, 78, 79, 80, 81, 82, 83, 84, 85, 86, 87, 88, 89, 90, 91, 92, 93, 94, 95, 96, 97, 98, 99, 100, 101, 102, 103, 104, 105, 106, 107, 108, 109, 110, 111, 112, 113, 114, 115, 116, 117, 118, 119, 120, 121, 122, 123, 124, 125, 126, 127, 128, 129, 130, 131, 132, 133, 134, 135, 136, 137, 138, 139, 140, 141, 142, 143, 144, 145, 146, 147, 148, 149, 150, 151, 152, 153, 154, 155, 156, 157, 158, 159, 160, 161, 162, 163, 164, 165, 166, 167, 168, 169, 170, 171, 172, 173, 174, 175, 176, 177, 178, 179, 180, 181, 182, 183, 184, 185, 186, 187, 188, 189, 190, 191, 192, 193, 194, 195, 196, 197, 198, 199, 200, 201, 202, 203, 204, 205, 206, 207, 208, 209, 210, 211, 212, 213, 214, 215, 216, 217, 218, 219, 220, 221, 222, 223, 224, 225, 226, 227, 228, 229, 230, 231, 232, 233, 234, 235, 236, 237, 238, 239, 240, 241, 242, 243, 244, 245, 246, 247, 248, 249, 250, 251, 252]
253
Number of Active MOs:  49
Number of Environment MOs:  4
Number of Virtual MOs:  249
 # electrons:            α            β
         Env:   4.00000000   4.00000000
         Act:  49.00000000  49.00000000
         Vir:  -0.00000000  -0.00000000
Number of electrons in the active space:  98

 The density matrix is idempotent!

 The density matrix is idempotent!


******** <class 'pyscf.scf.hf.RHF'> ********
method = RHF
initial guess = minao
damping factor = 0
level_shift factor = 0
DIIS = <class 'pyscf.scf.diis.CDIIS'>
diis_start_cycle = 1
diis_space = 8
SCF conv_tol = 1e-09
SCF conv_tol_grad = 1e-05
SCF max_cycles = 200
direct_scf = True
direct_scf_tol = 1e-13
chkfile to save SCF result = subsys_scf.chk
max_memory 900000 MB (current use 8559 MB)
init E= -455.887472743837
  HOMO = -0.404004384012695  LUMO = 0.146676838061578
cycle= 1 E= -455.88747315826  delta_E= -4.14e-07  |g|= 3.01e-06  |ddm|= 8.43e-06
  HOMO = -0.404003830057586  LUMO = 0.146677196384712
cycle= 2 E= -455.887473158298  delta_E= -3.8e-11  |g|= 1.97e-06  |ddm|= 5.53e-06
  HOMO = -0.404004104469489  LUMO = 0.146677006227701
Extra cycle  E= -455.887473158219  delta_E= 7.91e-11  |g|= 1.3e-06  |ddm|= 3.62e-06
converged SCF energy = -455.887473158219
Difference in energy:  -3.253087015764322e-08
E(MP2) = -457.719691734823  E_corr = -1.8322185766047
Total energy =  -582.1359694333817
time elapsed:  45.387073278427124
