

******** <class 'pyscf.scf.hf.RHF'> ********
method = RHF
initial guess = minao
damping factor = 0
level_shift factor = 0
DIIS = <class 'pyscf.scf.diis.CDIIS'>
diis_start_cycle = 1
diis_space = 8
SCF conv_tol = 1e-09
SCF conv_tol_grad = 1e-05
SCF max_cycles = 1000
direct_scf = True
direct_scf_tol = 1e-13
chkfile to save SCF result = scf.fchk
max_memory 900000 MB (current use 79 MB)
init E= -582.140682932982
  HOMO = -0.268568988534739  LUMO = 0.0150541456903227
cycle= 1 E= -580.039810273952  delta_E=  2.1  |g|= 0.979  |ddm|= 5.17
  HOMO = -0.313940856779867  LUMO = 0.107307426886748
cycle= 2 E= -580.207644456657  delta_E= -0.168  |g|= 0.686  |ddm|= 1.28
  HOMO = -0.395360296716368  LUMO = 0.139223071354629
cycle= 3 E= -580.294704019116  delta_E= -0.0871  |g|= 0.139  |ddm|= 0.642
  HOMO = -0.3903291541434  LUMO = 0.15075112659629
cycle= 4 E= -580.300191253913  delta_E= -0.00549  |g|= 0.0444  |ddm|= 0.143
  HOMO = -0.397220494537094  LUMO = 0.149844183720008
cycle= 5 E= -580.300663972018  delta_E= -0.000473  |g|= 0.011  |ddm|= 0.054
  HOMO = -0.39831475972438  LUMO = 0.149752267562096
cycle= 6 E= -580.300723418947  delta_E= -5.94e-05  |g|= 0.0044  |ddm|= 0.0204
  HOMO = -0.398677448674962  LUMO = 0.150277495401323
cycle= 7 E= -580.300739107615  delta_E= -1.57e-05  |g|= 0.00167  |ddm|= 0.0137
  HOMO = -0.399159388167292  LUMO = 0.150193850901222
cycle= 8 E= -580.3007409831  delta_E= -1.88e-06  |g|= 0.000452  |ddm|= 0.00475
  HOMO = -0.399177977859887  LUMO = 0.15022158187232
cycle= 9 E= -580.300741119323  delta_E= -1.36e-07  |g|= 8.98e-05  |ddm|= 0.00116
  HOMO = -0.399164817442358  LUMO = 0.150222800635317
cycle= 10 E= -580.300741124307  delta_E= -4.98e-09  |g|= 3.12e-05  |ddm|= 0.000181
  HOMO = -0.399171623379403  LUMO = 0.150215995655343
cycle= 11 E= -580.300741124727  delta_E= -4.2e-10  |g|= 9.59e-06  |ddm|= 4.74e-05
  HOMO = -0.399168923206775  LUMO = 0.150217902903059
Extra cycle  E= -580.300741124783  delta_E= -5.57e-11  |g|= 5.17e-06  |ddm|= 1.64e-05
converged SCF energy = -580.300741124783
AOs:  [0, 1, 2, 3, 4, 5, 6, 7, 8, 9, 10, 11, 12, 13, 14, 15, 16, 17, 18, 19, 20, 21, 22, 23, 24, 25, 26, 27, 28, 29, 30, 31, 32, 33, 34, 35, 36, 37, 38, 39, 40, 41, 42, 43, 44, 45, 46, 47, 48, 49, 50, 51, 52, 53, 54, 55, 56, 57, 58, 59, 60, 61, 62, 63, 64, 65, 66, 67, 68, 69, 70, 71, 72, 73, 74, 75, 76, 77, 78, 79, 80, 81, 82, 83, 84, 85, 86, 87, 88, 89, 90, 91, 92, 93, 94, 95, 96, 97, 98, 99, 100, 101, 102, 103, 104, 105, 106, 107, 108, 109, 110, 111, 112, 113, 114, 115, 116, 117, 118, 119, 120, 121, 122, 123, 124, 125, 126, 127, 128, 129, 130, 131, 132, 133, 134, 135, 136, 137, 138, 139, 140, 141, 142, 143, 144, 145, 146, 147, 148, 149, 150, 151, 152, 153, 154, 155, 156, 157, 158, 159, 160, 161, 162, 163, 164, 165, 166, 167, 168, 169, 170, 171, 172, 173, 174, 175, 176, 177, 178, 179, 180, 181, 182, 183, 184, 185, 186, 187, 188, 189, 190, 191, 192, 193, 194, 195, 196, 197, 198, 199, 200, 201, 202, 203, 204, 205, 206, 207, 208, 209, 210, 211, 212, 213, 214, 215, 216, 217, 218, 219, 220, 221, 222, 223, 224, 225, 226, 227, 228, 229, 230, 231, 232, 233, 234, 235, 236, 237, 238, 239, 240, 241, 242, 243, 244, 245, 246, 247, 248, 249, 250, 251, 252]
253
Number of Active MOs:  49
Number of Environment MOs:  4
Number of Virtual MOs:  249
 # electrons:            α            β
         Env:   4.00000000   4.00000000
         Act:  49.00000000  49.00000000
         Vir:   0.00000000   0.00000000
Number of electrons in the active space:  98

 The density matrix is idempotent!

 The density matrix is idempotent!


******** <class 'pyscf.scf.hf.RHF'> ********
method = RHF
initial guess = minao
damping factor = 0
level_shift factor = 0
DIIS = <class 'pyscf.scf.diis.CDIIS'>
diis_start_cycle = 1
diis_space = 8
SCF conv_tol = 1e-09
SCF conv_tol_grad = 1e-05
SCF max_cycles = 200
direct_scf = True
direct_scf_tol = 1e-13
chkfile to save SCF result = subsys_scf.chk
max_memory 900000 MB (current use 8559 MB)
init E= -456.311582111817
  HOMO = -0.400023991645696  LUMO = 0.150216926126184
cycle= 1 E= -456.311582526622  delta_E= -4.15e-07  |g|= 3.09e-06  |ddm|= 8.66e-06
  HOMO = -0.400023433947137  LUMO = 0.150217262482101
cycle= 2 E= -456.311582526482  delta_E= 1.4e-10  |g|= 2.03e-06  |ddm|= 5.71e-06
  HOMO = -0.40002370787379  LUMO = 0.150217082822421
Extra cycle  E= -456.311582526313  delta_E= 1.69e-10  |g|= 1.34e-06  |ddm|= 3.74e-06
converged SCF energy = -456.311582526313
Difference in energy:  -7.262374083438771e-08
E(MP2) = -458.143612770804  E_corr = -1.83203024449083
Total energy =  -582.1327713691583
time elapsed:  44.433722496032715
