

******** <class 'pyscf.dft.rks.RKS'> ********
method = RKS-RHF
initial guess = minao
damping factor = 0
level_shift factor = 0
DIIS = <class 'pyscf.scf.diis.CDIIS'>
diis_start_cycle = 1
diis_space = 8
SCF conv_tol = 1e-09
SCF conv_tol_grad = 1e-05
SCF max_cycles = 1000
direct_scf = True
direct_scf_tol = 1e-13
chkfile to save SCF result = scf.fchk
max_memory 900000 MB (current use 79 MB)
XC library pyscf.dft.libxc version 5.1.7
    S. Lehtola, C. Steigemann, M. J. Oliveira, and M. A. Marques, SoftwareX 7, 1 (2018)
XC functionals = pbe
    J. P. Perdew, K. Burke, and M. Ernzerhof, Phys. Rev. Lett. 77, 3865 (1996)
    J. P. Perdew, K. Burke, and M. Ernzerhof, Phys. Rev. Lett. 78, 1396 (1997)
    J. P. Perdew, K. Burke, and M. Ernzerhof, Phys. Rev. Lett. 77, 3865 (1996)
    J. P. Perdew, K. Burke, and M. Ernzerhof, Phys. Rev. Lett. 78, 1396 (1997)
small_rho_cutoff = 1e-07
init E= -776.059004044612
  HOMO = -0.257236308826102  LUMO = -0.18448865845953
cycle= 1 E= -774.142138992354  delta_E= 1.92  |g|= 1.16  |ddm|= 6.28
  HOMO = -0.0372769940343969  LUMO = 0.0133172269755717
cycle= 2 E= -771.160602969994  delta_E= 2.98  |g|= 2.86  |ddm|= 3.89
  HOMO = -0.121046209816973  LUMO = -0.0775949749695795
cycle= 3 E= -773.534625716743  delta_E= -2.37  |g|= 1.54  |ddm|= 3.44
  HOMO = -0.164850892610108  LUMO = -0.088680077639346
cycle= 4 E= -774.444020237401  delta_E= -0.909  |g|= 0.34  |ddm|= 2.17
  HOMO = -0.174578167748649  LUMO = -0.113096242402597
cycle= 5 E= -774.427113845989  delta_E= 0.0169  |g|= 0.374  |ddm|= 0.918
  HOMO = -0.179791127626032  LUMO = -0.110023010222781
cycle= 6 E= -774.473742603415  delta_E= -0.0466  |g|= 0.149  |ddm|= 0.622
  HOMO = -0.17828919139367  LUMO = -0.107821046076316
cycle= 7 E= -774.479785343284  delta_E= -0.00604  |g|= 0.046  |ddm|= 0.194
  HOMO = -0.178157288175801  LUMO = -0.106639371432257
cycle= 8 E= -774.48011446137  delta_E= -0.000329  |g|= 0.0296  |ddm|= 0.0773
  HOMO = -0.178056247424535  LUMO = -0.106825373809632
cycle= 9 E= -774.480377289049  delta_E= -0.000263  |g|= 0.00903  |ddm|= 0.0386
  HOMO = -0.178252981615136  LUMO = -0.106951280070579
cycle= 10 E= -774.480388300468  delta_E= -1.1e-05  |g|= 0.00619  |ddm|= 0.015
  HOMO = -0.178292612727084  LUMO = -0.106907176855247
cycle= 11 E= -774.480396949754  delta_E= -8.65e-06  |g|= 0.00287  |ddm|= 0.00926
  HOMO = -0.178244966911505  LUMO = -0.106863290155464
cycle= 12 E= -774.48039921709  delta_E= -2.27e-06  |g|= 0.00055  |ddm|= 0.00337
  HOMO = -0.178241379107778  LUMO = -0.106869422253246
cycle= 13 E= -774.480399315734  delta_E= -9.86e-08  |g|= 0.000222  |ddm|= 0.000799
  HOMO = -0.178234944543627  LUMO = -0.106867411611434
cycle= 14 E= -774.480399330125  delta_E= -1.44e-08  |g|= 8.17e-05  |ddm|= 0.000307
  HOMO = -0.178235452824928  LUMO = -0.10687036341764
cycle= 15 E= -774.480399319794  delta_E= 1.03e-08  |g|= 0.000198  |ddm|= 0.000311
  HOMO = -0.178236905890603  LUMO = -0.106871346848968
cycle= 16 E= -774.480399331589  delta_E= -1.18e-08  |g|= 3.9e-05  |ddm|= 0.00024
  HOMO = -0.178236454940266  LUMO = -0.106870019215116
cycle= 17 E= -774.48039933185  delta_E= -2.61e-10  |g|= 1.93e-05  |ddm|= 4.81e-05
  HOMO = -0.17823643047557  LUMO = -0.106870033511172
cycle= 18 E= -774.48039933195  delta_E= -1e-10  |g|= 6.92e-06  |ddm|= 2.61e-05
  HOMO = -0.178236874583774  LUMO = -0.1068698050294
Extra cycle  E= -774.480399331813  delta_E= 1.36e-10  |g|= 2.13e-05  |ddm|= 3.7e-05
converged SCF energy = -774.480399331813
AOs:  [0, 1, 2, 3, 4, 5, 6, 7, 8, 9, 10, 11, 12, 13, 14, 15, 16, 17, 18, 19, 20, 21, 22, 23, 24, 25, 26, 27, 28, 29, 30, 31, 32, 33, 34, 35, 36, 37, 38, 39, 40, 41, 42, 43, 44, 45, 46, 47, 48, 49, 50, 51, 52, 53, 54, 55, 56, 57, 58, 59, 60, 61, 62, 63]
64

 AO indices used for projection:  [0, 1, 3, 4, 5, 14, 16, 17, 19, 20, 21, 30, 32, 33, 35, 36, 37, 46, 48, 49, 51, 52, 53, 62]
 # of orbitals to keep:  16
Number of Active MOs:  16
Number of Environment MOs:  54
Number of Virtual MOs:  244
 # electrons:            α            β
         Env:  54.00000000  54.00000000
         Act:  16.00000000  16.00000000
         Vir:  -0.00000000  -0.00000000
Number of electrons in the active space:  32

 The density matrix is idempotent!

 The density matrix is idempotent!


******** <class 'pyscf.scf.hf.RHF'> ********
method = RHF
initial guess = minao
damping factor = 0
level_shift factor = 0
DIIS = <class 'pyscf.scf.diis.CDIIS'>
diis_start_cycle = 1
diis_space = 8
SCF conv_tol = 1e-09
SCF conv_tol_grad = 1e-05
SCF max_cycles = 200
direct_scf = True
direct_scf_tol = 1e-13
chkfile to save SCF result = subsys_scf.chk
max_memory 900000 MB (current use 10670 MB)
init E= 1004.4624819102
  HOMO = -0.238847185782357  LUMO = 0.0495225333525286
cycle= 1 E= 1004.41616114859  delta_E= -0.0463  |g|= 0.074  |ddm|= 0.842
  HOMO = -0.242315425104083  LUMO = 0.0489031775943258
cycle= 2 E= 1004.41290704362  delta_E= -0.00325  |g|= 0.0244  |ddm|= 0.151
  HOMO = -0.244797374968266  LUMO = 0.0501762856096269
cycle= 3 E= 1004.4122814358  delta_E= -0.000626  |g|= 0.0119  |ddm|= 0.0692
  HOMO = -0.244098570492819  LUMO = 0.0504515843609502
cycle= 4 E= 1004.41219588319  delta_E= -8.56e-05  |g|= 0.00363  |ddm|= 0.0206
  HOMO = -0.24510856718665  LUMO = 0.0506071807499555
cycle= 5 E= 1004.41217845578  delta_E= -1.74e-05  |g|= 0.000856  |ddm|= 0.0124
  HOMO = -0.245128735032023  LUMO = 0.0506497400929201
cycle= 6 E= 1004.41217779159  delta_E= -6.64e-07  |g|= 0.000253  |ddm|= 0.0024
  HOMO = -0.245159658138774  LUMO = 0.0506456049564337
cycle= 7 E= 1004.41217776344  delta_E= -2.82e-08  |g|= 6.18e-05  |ddm|= 0.000454
  HOMO = -0.245167691787701  LUMO = 0.0506410553274362
cycle= 8 E= 1004.41217776052  delta_E= -2.91e-09  |g|= 2.49e-05  |ddm|= 0.000147
  HOMO = -0.245169658213024  LUMO = 0.0506384488304038
cycle= 9 E= 1004.41217776014  delta_E= -3.8e-10  |g|= 1.05e-05  |ddm|= 7.36e-05
  HOMO = -0.245169661700436  LUMO = 0.0506375702254112
cycle= 10 E= 1004.41217776001  delta_E= -1.36e-10  |g|= 4.15e-06  |ddm|= 2.53e-05
  HOMO = -0.245169570147029  LUMO = 0.0506373552035753
Extra cycle  E= 1004.41217775976  delta_E= -2.5e-10  |g|= 3.06e-06  |ddm|= 8.49e-06
converged SCF energy = 1004.41217775976
Difference in energy:  -656.9467477215946
E(MP2) = 1003.83828304453  E_corr = -0.573894715228497
Total energy =  -774.0073836428705
time elapsed:  30.603737354278564
