

******** <class 'pyscf.dft.rks.RKS'> ********
method = RKS-RHF
initial guess = minao
damping factor = 0
level_shift factor = 0
DIIS = <class 'pyscf.scf.diis.CDIIS'>
diis_start_cycle = 1
diis_space = 8
SCF conv_tol = 1e-09
SCF conv_tol_grad = 1e-05
SCF max_cycles = 1000
direct_scf = True
direct_scf_tol = 1e-13
chkfile to save SCF result = scf.fchk
max_memory 900000 MB (current use 79 MB)
XC library pyscf.dft.libxc version 5.1.7
    S. Lehtola, C. Steigemann, M. J. Oliveira, and M. A. Marques, SoftwareX 7, 1 (2018)
XC functionals = pbe
    J. P. Perdew, K. Burke, and M. Ernzerhof, Phys. Rev. Lett. 77, 3865 (1996)
    J. P. Perdew, K. Burke, and M. Ernzerhof, Phys. Rev. Lett. 78, 1396 (1997)
    J. P. Perdew, K. Burke, and M. Ernzerhof, Phys. Rev. Lett. 77, 3865 (1996)
    J. P. Perdew, K. Burke, and M. Ernzerhof, Phys. Rev. Lett. 78, 1396 (1997)
small_rho_cutoff = 1e-07
init E= -776.047400433579
  HOMO = -0.234859336727104  LUMO = -0.206495768855031
cycle= 1 E= -774.011988296889  delta_E= 2.04  |g|= 1.19  |ddm|= 6.28
  HOMO = -0.00309134445358415  LUMO = 0.00126083246917818
cycle= 2 E= -764.199571478111  delta_E= 9.81  |g|= 4.02  |ddm|= 5.79
  HOMO = -0.0998187386549077  LUMO = -0.0659286016612111
cycle= 3 E= -773.741178552997  delta_E= -9.54  |g|= 1.33  |ddm|= 5.42
  HOMO = -0.108059083471539  LUMO = -0.0787419836123046
cycle= 4 E= -772.709312533144  delta_E= 1.03  |g|= 1.86  |ddm|= 3.37
  HOMO = -0.137488067933896  LUMO = -0.0974472249760305
cycle= 5 E= -774.10386454394  delta_E= -1.39  |g|= 0.733  |ddm|= 2.64
  HOMO = -0.160779316856235  LUMO = -0.12710058000305
cycle= 6 E= -774.274354066194  delta_E= -0.17  |g|= 0.555  |ddm|= 2.17
  HOMO = -0.150706402678589  LUMO = -0.135260092194805
cycle= 7 E= -774.383189337552  delta_E= -0.109  |g|= 0.224  |ddm|= 1.38
  HOMO = -0.147779023143675  LUMO = -0.13162283861148
cycle= 8 E= -774.398664507604  delta_E= -0.0155  |g|= 0.151  |ddm|= 0.66
  HOMO = -0.150404455324425  LUMO = -0.135472771562856
cycle= 9 E= -774.405098001929  delta_E= -0.00643  |g|= 0.0786  |ddm|= 0.344
  HOMO = -0.150138346894654  LUMO = -0.135072350007845
cycle= 10 E= -774.406946566499  delta_E= -0.00185  |g|= 0.0313  |ddm|= 0.123
  HOMO = -0.150037917312225  LUMO = -0.13498870850034
cycle= 11 E= -774.407027876944  delta_E= -8.13e-05  |g|= 0.0216  |ddm|= 0.0496
  HOMO = -0.149957960459495  LUMO = -0.134850432187898
cycle= 12 E= -774.40718816315  delta_E= -0.00016  |g|= 0.0102  |ddm|= 0.0224
  HOMO = -0.150019556709207  LUMO = -0.134897669174665
cycle= 13 E= -774.407220215209  delta_E= -3.21e-05  |g|= 0.00602  |ddm|= 0.009
  HOMO = -0.150029956869852  LUMO = -0.134879168583091
cycle= 14 E= -774.407237809138  delta_E= -1.76e-05  |g|= 0.0013  |ddm|= 0.0124
  HOMO = -0.150009215846815  LUMO = -0.13485826586556
cycle= 15 E= -774.407238058192  delta_E= -2.49e-07  |g|= 0.000824  |ddm|= 0.00217
  HOMO = -0.150012252835598  LUMO = -0.134863442956125
cycle= 16 E= -774.407238210617  delta_E= -1.52e-07  |g|= 0.000287  |ddm|= 0.00143
  HOMO = -0.150004569987198  LUMO = -0.134854369428103
cycle= 17 E= -774.407238235388  delta_E= -2.48e-08  |g|= 0.00022  |ddm|= 0.000628
  HOMO = -0.15001093316357  LUMO = -0.134860278930738
cycle= 18 E= -774.407238249835  delta_E= -1.44e-08  |g|= 6.46e-05  |ddm|= 0.000329
  HOMO = -0.150011605549931  LUMO = -0.134861072684577
cycle= 19 E= -774.407238250423  delta_E= -5.88e-10  |g|= 3.97e-05  |ddm|= 9.18e-05
  HOMO = -0.15001183760689  LUMO = -0.134861271775442
cycle= 20 E= -774.407238250043  delta_E= 3.8e-10  |g|= 4.82e-05  |ddm|= 8.39e-05
  HOMO = -0.150011384394776  LUMO = -0.134860931441368
cycle= 21 E= -774.407238250914  delta_E= -8.71e-10  |g|= 8.1e-06  |ddm|= 6.66e-05
  HOMO = -0.150010813789226  LUMO = -0.134860840715356
Extra cycle  E= -774.407238247781  delta_E= 3.13e-09  |g|= 7.92e-05  |ddm|= 0.000175
converged SCF energy = -774.407238247781
AOs:  [0, 1, 2, 3, 4, 5, 6, 7, 8, 9, 10, 11, 12, 13, 14, 15, 16, 17, 18, 19, 20, 21, 22, 23, 24, 25, 26, 27, 28, 29, 30, 31, 32, 33, 34, 35, 36, 37, 38, 39, 40, 41, 42, 43, 44, 45, 46, 47, 48, 49, 50, 51, 52, 53, 54, 55, 56, 57, 58, 59, 60, 61, 62, 63]
64

 AO indices used for projection:  [0, 1, 3, 4, 5, 14, 16, 17, 19, 20, 21, 30, 32, 33, 35, 36, 37, 46, 48, 49, 51, 52, 53, 62]
 # of orbitals to keep:  16
Number of Active MOs:  16
Number of Environment MOs:  54
Number of Virtual MOs:  244
 # electrons:            α            β
         Env:  54.00000000  54.00000000
         Act:  16.00000000  16.00000000
         Vir:   0.00000000   0.00000000
Number of electrons in the active space:  32

 The density matrix is idempotent!

 The density matrix is idempotent!


******** <class 'pyscf.scf.hf.RHF'> ********
method = RHF
initial guess = minao
damping factor = 0
level_shift factor = 0
DIIS = <class 'pyscf.scf.diis.CDIIS'>
diis_start_cycle = 1
diis_space = 8
SCF conv_tol = 1e-09
SCF conv_tol_grad = 1e-05
SCF max_cycles = 200
direct_scf = True
direct_scf_tol = 1e-13
chkfile to save SCF result = subsys_scf.chk
max_memory 900000 MB (current use 10404 MB)
init E= 992.621037557453
  HOMO = -0.174113944656551  LUMO = 0.0126044640722485
cycle= 1 E= 992.572727922704  delta_E= -0.0483  |g|= 0.0812  |ddm|= 0.795
  HOMO = -0.175705018682705  LUMO = 0.0171732253365982
cycle= 2 E= 992.568466373335  delta_E= -0.00426  |g|= 0.0329  |ddm|=  0.2
  HOMO = -0.181890160383666  LUMO = 0.0202114888927658
cycle= 3 E= 992.567247234848  delta_E= -0.00122  |g|= 0.0244  |ddm|= 0.107
  HOMO = -0.180827205293795  LUMO = 0.0234241697350761
cycle= 4 E= 992.566751049297  delta_E= -0.000496  |g|= 0.00904  |ddm|= 0.0599
  HOMO = -0.183088741256015  LUMO = 0.0249191662983269
cycle= 5 E= 992.566561268088  delta_E= -0.00019  |g|= 0.00298  |ddm|= 0.0569
  HOMO = -0.183339126787312  LUMO = 0.0254161510536676
cycle= 6 E= 992.566546607699  delta_E= -1.47e-05  |g|= 0.00156  |ddm|= 0.0143
  HOMO = -0.183349944928412  LUMO = 0.0253779976127069
cycle= 7 E= 992.56654373379  delta_E= -2.87e-06  |g|= 0.000824  |ddm|= 0.00577
  HOMO = -0.183325051986025  LUMO = 0.0252689832566794
cycle= 8 E= 992.566542070924  delta_E= -1.66e-06  |g|= 0.000557  |ddm|= 0.00539
  HOMO = -0.183291907645669  LUMO = 0.0251863054749898
cycle= 9 E= 992.566541426499  delta_E= -6.44e-07  |g|= 0.000169  |ddm|= 0.00488
  HOMO = -0.183258813472186  LUMO = 0.0251795100597153
cycle= 10 E= 992.566541381851  delta_E= -4.46e-08  |g|= 8.16e-05  |ddm|= 0.00105
  HOMO = -0.183250385020395  LUMO = 0.0251617311166997
cycle= 11 E= 992.566541372424  delta_E= -9.43e-09  |g|= 2.29e-05  |ddm|= 0.000717
  HOMO = -0.183249159043783  LUMO = 0.025160934658519
cycle= 12 E= 992.566541371979  delta_E= -4.45e-10  |g|= 8e-06  |ddm|= 7.07e-05
  HOMO = -0.18324791278932  LUMO = 0.0251607520760761
Extra cycle  E= 992.566541372063  delta_E= 8.41e-11  |g|= 3.85e-06  |ddm|= 2.25e-05
converged SCF energy = 992.566541372063
Difference in energy:  -679.901972363811
E(MP2) = 991.980332017297  E_corr = -0.586209354765731
Total energy =  -773.9099557500447
time elapsed:  41.64060616493225
