

******** <class 'pyscf.dft.rks.RKS'> ********
method = RKS-RHF
initial guess = minao
damping factor = 0
level_shift factor = 0
DIIS = <class 'pyscf.scf.diis.CDIIS'>
diis_start_cycle = 1
diis_space = 8
SCF conv_tol = 1e-09
SCF conv_tol_grad = 1e-05
SCF max_cycles = 1000
direct_scf = True
direct_scf_tol = 1e-13
chkfile to save SCF result = scf.fchk
max_memory 900000 MB (current use 79 MB)
XC library pyscf.dft.libxc version 5.1.7
    S. Lehtola, C. Steigemann, M. J. Oliveira, and M. A. Marques, SoftwareX 7, 1 (2018)
XC functionals = pbe
    J. P. Perdew, K. Burke, and M. Ernzerhof, Phys. Rev. Lett. 77, 3865 (1996)
    J. P. Perdew, K. Burke, and M. Ernzerhof, Phys. Rev. Lett. 78, 1396 (1997)
    J. P. Perdew, K. Burke, and M. Ernzerhof, Phys. Rev. Lett. 77, 3865 (1996)
    J. P. Perdew, K. Burke, and M. Ernzerhof, Phys. Rev. Lett. 78, 1396 (1997)
small_rho_cutoff = 1e-07
init E= -776.058247216755
  HOMO = -0.25694073139855  LUMO = -0.184885842631514
cycle= 1 E= -774.141177493198  delta_E= 1.92  |g|= 1.16  |ddm|= 6.28
  HOMO = -0.037912151933161  LUMO = 0.0134048892478926
cycle= 2 E= -771.155583258359  delta_E= 2.99  |g|= 2.86  |ddm|=  3.9
  HOMO = -0.121173305441055  LUMO = -0.0770713222969411
cycle= 3 E= -773.541828800491  delta_E= -2.39  |g|= 1.54  |ddm|= 3.44
  HOMO = -0.164464490054849  LUMO = -0.0892563576184842
cycle= 4 E= -774.443380217557  delta_E= -0.902  |g|= 0.339  |ddm|= 2.17
  HOMO = -0.174643192945116  LUMO = -0.113163042813829
cycle= 5 E= -774.425128345951  delta_E= 0.0183  |g|= 0.377  |ddm|= 0.921
  HOMO = -0.179492297161692  LUMO = -0.110367624133357
cycle= 6 E= -774.472638348586  delta_E= -0.0475  |g|= 0.15  |ddm|= 0.631
  HOMO = -0.178018687086902  LUMO = -0.108239205907072
cycle= 7 E= -774.478793876862  delta_E= -0.00616  |g|= 0.0465  |ddm|= 0.197
  HOMO = -0.177861479138152  LUMO = -0.107058580522634
cycle= 8 E= -774.479137746093  delta_E= -0.000344  |g|= 0.0296  |ddm|= 0.0782
  HOMO = -0.177763248235131  LUMO = -0.107258880885919
cycle= 9 E= -774.47940079514  delta_E= -0.000263  |g|= 0.00912  |ddm|= 0.0388
  HOMO = -0.177957494945956  LUMO = -0.107382173162282
cycle= 10 E= -774.479411841503  delta_E= -1.1e-05  |g|= 0.00633  |ddm|= 0.0153
  HOMO = -0.178000148132282  LUMO = -0.107342588431924
cycle= 11 E= -774.479420930111  delta_E= -9.09e-06  |g|= 0.00292  |ddm|= 0.00949
  HOMO = -0.177951716387587  LUMO = -0.107297870733372
cycle= 12 E= -774.479423272917  delta_E= -2.34e-06  |g|= 0.000569  |ddm|= 0.00342
  HOMO = -0.177948060852945  LUMO = -0.10730309654498
cycle= 13 E= -774.479423376743  delta_E= -1.04e-07  |g|= 0.000232  |ddm|= 0.000815
  HOMO = -0.177941385118434  LUMO = -0.107300989701915
cycle= 14 E= -774.47942339265  delta_E= -1.59e-08  |g|= 8.38e-05  |ddm|= 0.000321
  HOMO = -0.177942154106483  LUMO = -0.107303981586415
cycle= 15 E= -774.479423381448  delta_E= 1.12e-08  |g|= 0.000205  |ddm|= 0.000323
  HOMO = -0.177943578854958  LUMO = -0.10730500213732
cycle= 16 E= -774.479423394177  delta_E= -1.27e-08  |g|= 4.1e-05  |ddm|= 0.00025
  HOMO = -0.177943022082938  LUMO = -0.107303652772218
cycle= 17 E= -774.479423394453  delta_E= -2.76e-10  |g|= 2.09e-05  |ddm|= 5.01e-05
  HOMO = -0.177942995178369  LUMO = -0.107303667123294
cycle= 18 E= -774.479423394571  delta_E= -1.18e-10  |g|= 7.64e-06  |ddm|= 2.83e-05
  HOMO = -0.177943480053896  LUMO = -0.10730343195351
Extra cycle  E= -774.479423394403  delta_E= 1.68e-10  |g|= 2.33e-05  |ddm|= 4.09e-05
converged SCF energy = -774.479423394403
AOs:  [0, 1, 2, 3, 4, 5, 6, 7, 8, 9, 10, 11, 12, 13, 14, 15, 16, 17, 18, 19, 20, 21, 22, 23, 24, 25, 26, 27, 28, 29, 30, 31, 32, 33, 34, 35, 36, 37, 38, 39, 40, 41, 42, 43, 44, 45, 46, 47, 48, 49, 50, 51, 52, 53, 54, 55, 56, 57, 58, 59, 60, 61, 62, 63]
64

 AO indices used for projection:  [0, 1, 3, 4, 5, 14, 16, 17, 19, 20, 21, 30, 32, 33, 35, 36, 37, 46, 48, 49, 51, 52, 53, 62]
 # of orbitals to keep:  16
Number of Active MOs:  16
Number of Environment MOs:  54
Number of Virtual MOs:  244
 # electrons:            α            β
         Env:  54.00000000  54.00000000
         Act:  16.00000000  16.00000000
         Vir:   0.00000000   0.00000000
Number of electrons in the active space:  32

 The density matrix is idempotent!

 The density matrix is idempotent!


******** <class 'pyscf.scf.hf.RHF'> ********
method = RHF
initial guess = minao
damping factor = 0
level_shift factor = 0
DIIS = <class 'pyscf.scf.diis.CDIIS'>
diis_start_cycle = 1
diis_space = 8
SCF conv_tol = 1e-09
SCF conv_tol_grad = 1e-05
SCF max_cycles = 200
direct_scf = True
direct_scf_tol = 1e-13
chkfile to save SCF result = subsys_scf.chk
max_memory 900000 MB (current use 10411 MB)
init E= 1004.28263510872
  HOMO = -0.237794695265072  LUMO = 0.049010472370504
cycle= 1 E= 1004.23630340829  delta_E= -0.0463  |g|= 0.0741  |ddm|= 0.834
  HOMO = -0.241305226694479  LUMO = 0.0485511226568802
cycle= 2 E= 1004.23303456613  delta_E= -0.00327  |g|= 0.0244  |ddm|= 0.152
  HOMO = -0.243828002645382  LUMO = 0.0499051052488411
cycle= 3 E= 1004.23240072471  delta_E= -0.000634  |g|= 0.0119  |ddm|= 0.0699
  HOMO = -0.243133479157444  LUMO = 0.0502124139250007
cycle= 4 E= 1004.23231323297  delta_E= -8.75e-05  |g|= 0.00368  |ddm|= 0.021
  HOMO = -0.244162709058543  LUMO = 0.0503802886424892
cycle= 5 E= 1004.23229519839  delta_E= -1.8e-05  |g|= 0.000863  |ddm|= 0.0128
  HOMO = -0.244184541009723  LUMO = 0.0504267945470337
cycle= 6 E= 1004.23229451667  delta_E= -6.82e-07  |g|= 0.000256  |ddm|= 0.00247
  HOMO = -0.244216030199612  LUMO = 0.0504229314559227
cycle= 7 E= 1004.23229448737  delta_E= -2.93e-08  |g|= 6.33e-05  |ddm|= 0.000473
  HOMO = -0.244224345797763  LUMO = 0.0504183293523366
cycle= 8 E= 1004.23229448485  delta_E= -2.52e-09  |g|= 2.53e-05  |ddm|= 0.000151
  HOMO = -0.24422635775177  LUMO = 0.0504157741340893
cycle= 9 E= 1004.23229448381  delta_E= -1.04e-09  |g|= 1.1e-05  |ddm|= 7.49e-05
  HOMO = -0.244226380415679  LUMO = 0.0504149098024511
cycle= 10 E= 1004.23229448384  delta_E= 3.87e-11  |g|= 4.26e-06  |ddm|= 2.57e-05
  HOMO = -0.244226289788607  LUMO = 0.0504146809144448
Extra cycle  E= 1004.23229448367  delta_E= -1.78e-10  |g|= 3.15e-06  |ddm|= 8.89e-06
converged SCF energy = 1004.23229448367
Difference in energy:  -657.2182818407574
E(MP2) = 1003.65814583494  E_corr = -0.574148648730075
Total energy =  -774.006228922162
time elapsed:  29.095975399017334
