

******** <class 'pyscf.dft.rks.RKS'> ********
method = RKS-RHF
initial guess = minao
damping factor = 0
level_shift factor = 0
DIIS = <class 'pyscf.scf.diis.CDIIS'>
diis_start_cycle = 1
diis_space = 8
SCF conv_tol = 1e-09
SCF conv_tol_grad = 1e-05
SCF max_cycles = 1000
direct_scf = True
direct_scf_tol = 1e-13
chkfile to save SCF result = scf.fchk
max_memory 900000 MB (current use 79 MB)
XC library pyscf.dft.libxc version 5.1.7
    S. Lehtola, C. Steigemann, M. J. Oliveira, and M. A. Marques, SoftwareX 7, 1 (2018)
XC functionals = pbe
    J. P. Perdew, K. Burke, and M. Ernzerhof, Phys. Rev. Lett. 77, 3865 (1996)
    J. P. Perdew, K. Burke, and M. Ernzerhof, Phys. Rev. Lett. 78, 1396 (1997)
    J. P. Perdew, K. Burke, and M. Ernzerhof, Phys. Rev. Lett. 77, 3865 (1996)
    J. P. Perdew, K. Burke, and M. Ernzerhof, Phys. Rev. Lett. 78, 1396 (1997)
small_rho_cutoff = 1e-07
init E= -776.047643615427
  HOMO = -0.244635040289483  LUMO = -0.197791553439567
cycle= 1 E= -774.089447171224  delta_E= 1.96  |g|= 1.16  |ddm|= 6.27
  HOMO = -0.0447380836373964  LUMO = -0.00658110864689242
cycle= 2 E= -770.861552216189  delta_E= 3.23  |g|= 2.91  |ddm|= 4.06
  HOMO = -0.122663555373745  LUMO = -0.0606627989253254
cycle= 3 E= -773.604696822019  delta_E= -2.74  |g|= 1.47  |ddm|=  3.7
  HOMO = -0.151379647859513  LUMO = -0.108417529787863
cycle= 4 E= -774.386770540117  delta_E= -0.782  |g|= 0.378  |ddm|=  2.2
  HOMO = -0.172527029515035  LUMO = -0.114068879514573
cycle= 5 E= -774.31997800376  delta_E= 0.0668  |g|= 0.528  |ddm|= 1.31
  HOMO = -0.163340392572268  LUMO = -0.122159408500772
cycle= 6 E= -774.417042910723  delta_E= -0.0971  |g|= 0.229  |ddm|= 1.11
  HOMO = -0.165914578595601  LUMO = -0.123217712868629
cycle= 7 E= -774.433342215981  delta_E= -0.0163  |g|= 0.101  |ddm|= 0.469
  HOMO = -0.163354493227844  LUMO = -0.121157616967047
cycle= 8 E= -774.436710182078  delta_E= -0.00337  |g|= 0.0402  |ddm|= 0.197
  HOMO = -0.164009840458419  LUMO = -0.121989954955468
cycle= 9 E= -774.437179983233  delta_E= -0.00047  |g|= 0.0157  |ddm|= 0.0592
  HOMO = -0.164186667212475  LUMO = -0.122070951714612
cycle= 10 E= -774.437232666682  delta_E= -5.27e-05  |g|= 0.0084  |ddm|= 0.0256
  HOMO = -0.164311317939215  LUMO = -0.122195393194785
cycle= 11 E= -774.437248549029  delta_E= -1.59e-05  |g|= 0.00413  |ddm|= 0.0139
  HOMO = -0.164243280186008  LUMO = -0.122125105670913
cycle= 12 E= -774.437252922852  delta_E= -4.37e-06  |g|= 0.00125  |ddm|= 0.00485
  HOMO = -0.164209549958607  LUMO = -0.122092540706309
cycle= 13 E= -774.437253386816  delta_E= -4.64e-07  |g|= 0.000451  |ddm|= 0.00168
  HOMO = -0.164214159528181  LUMO = -0.122093929122521
cycle= 14 E= -774.437253403569  delta_E= -1.68e-08  |g|= 0.000411  |ddm|= 0.00129
  HOMO = -0.164207296004422  LUMO = -0.122089965323171
cycle= 15 E= -774.437253467016  delta_E= -6.34e-08  |g|= 9.85e-05  |ddm|= 0.000647
  HOMO = -0.164213830443282  LUMO = -0.122095462569662
cycle= 16 E= -774.437253465835  delta_E= 1.18e-09  |g|= 0.000123  |ddm|= 0.000198
  HOMO = -0.164210401809561  LUMO = -0.122092847689553
cycle= 17 E= -774.437253468694  delta_E= -2.86e-09  |g|= 4.96e-05  |ddm|= 0.000169
  HOMO = -0.164211188647987  LUMO = -0.122093368846559
cycle= 18 E= -774.437253469295  delta_E= -6.01e-10  |g|= 2.79e-05  |ddm|= 0.0001
  HOMO = -0.164211215958352  LUMO = -0.122093308859576
cycle= 19 E= -774.43725346954  delta_E= -2.44e-10  |g|= 1.15e-05  |ddm|= 4.04e-05
  HOMO = -0.164211227625072  LUMO = -0.122093393536109
cycle= 20 E= -774.437253469572  delta_E= -3.23e-11  |g|= 6.96e-06  |ddm|= 2.04e-05
  HOMO = -0.164210877132748  LUMO = -0.122092935254696
Extra cycle  E= -774.4372534694  delta_E= 1.72e-10  |g|= 2.41e-05  |ddm|= 3.92e-05
converged SCF energy = -774.4372534694
AOs:  [0, 1, 2, 3, 4, 5, 6, 7, 8, 9, 10, 11, 12, 13, 14, 15, 16, 17, 18, 19, 20, 21, 22, 23, 24, 25, 26, 27, 28, 29, 30, 31, 32, 33, 34, 35, 36, 37, 38, 39, 40, 41, 42, 43, 44, 45, 46, 47, 48, 49, 50, 51, 52, 53, 54, 55, 56, 57, 58, 59, 60, 61, 62, 63]
64

 AO indices used for projection:  [0, 1, 3, 4, 5, 14, 16, 17, 19, 20, 21, 30, 32, 33, 35, 36, 37, 46, 48, 49, 51, 52, 53, 62]
 # of orbitals to keep:  16
Number of Active MOs:  16
Number of Environment MOs:  54
Number of Virtual MOs:  244
 # electrons:            α            β
         Env:  54.00000000  54.00000000
         Act:  16.00000000  16.00000000
         Vir:   0.00000000   0.00000000
Number of electrons in the active space:  32

 The density matrix is idempotent!

 The density matrix is idempotent!


******** <class 'pyscf.scf.hf.RHF'> ********
method = RHF
initial guess = minao
damping factor = 0
level_shift factor = 0
DIIS = <class 'pyscf.scf.diis.CDIIS'>
diis_start_cycle = 1
diis_space = 8
SCF conv_tol = 1e-09
SCF conv_tol_grad = 1e-05
SCF max_cycles = 200
direct_scf = True
direct_scf_tol = 1e-13
chkfile to save SCF result = subsys_scf.chk
max_memory 900000 MB (current use 10649 MB)
init E= 989.573462134485
  HOMO = -0.202552099038493  LUMO = 0.0299337308342522
cycle= 1 E= 989.52598883644  delta_E= -0.0475  |g|= 0.0765  |ddm|= 0.782
  HOMO = -0.205885357696352  LUMO = 0.03381916955735
cycle= 2 E= 989.522134794359  delta_E= -0.00385  |g|= 0.0281  |ddm|= 0.172
  HOMO = -0.21041912307896  LUMO = 0.037087872875293
cycle= 3 E= 989.52118593901  delta_E= -0.000949  |g|= 0.0167  |ddm|= 0.0909
  HOMO = -0.209511997565815  LUMO = 0.038931467367848
cycle= 4 E= 989.52097029288  delta_E= -0.000216  |g|= 0.00577  |ddm|= 0.0352
  HOMO = -0.211248918618672  LUMO = 0.0396854883526682
cycle= 5 E= 989.520911381226  delta_E= -5.89e-05  |g|= 0.00143  |ddm|= 0.0272
  HOMO = -0.211347311344834  LUMO = 0.0398888392372844
cycle= 6 E= 989.520909199777  delta_E= -2.18e-06  |g|= 0.000519  |ddm|= 0.00478
  HOMO = -0.211382295303496  LUMO = 0.0398964634328659
cycle= 7 E= 989.520909029744  delta_E= -1.7e-07  |g|= 0.000193  |ddm|= 0.00121
  HOMO = -0.211402523797426  LUMO = 0.039874937133786
cycle= 8 E= 989.520908991042  delta_E= -3.87e-08  |g|= 8.2e-05  |ddm|= 0.000624
  HOMO = -0.211401304635634  LUMO = 0.0398682346774327
cycle= 9 E= 989.520908978698  delta_E= -1.23e-08  |g|= 5.48e-05  |ddm|= 0.000394
  HOMO = -0.211400168879996  LUMO = 0.0398643952385167
cycle= 10 E= 989.52090897613  delta_E= -2.57e-09  |g|= 1.71e-05  |ddm|= 0.000198
  HOMO = -0.211398708117532  LUMO = 0.0398617986348246
cycle= 11 E= 989.52090897566  delta_E= -4.7e-10  |g|= 6.01e-06  |ddm|= 0.000107
  HOMO = -0.21139824076654  LUMO = 0.0398615784816534
Extra cycle  E= 989.520908975886  delta_E= 2.26e-10  |g|= 3.07e-06  |ddm|= 1.63e-05
converged SCF energy = 989.520908975886
Difference in energy:  -669.0995186632126
E(MP2) = 988.939841826269  E_corr = -0.581067149617876
Total energy =  -773.9520435578343
time elapsed:  33.62115120887756
