

******** <class 'pyscf.dft.rks.RKS'> ********
method = RKS-RHF
initial guess = minao
damping factor = 0
level_shift factor = 0
DIIS = <class 'pyscf.scf.diis.CDIIS'>
diis_start_cycle = 1
diis_space = 8
SCF conv_tol = 1e-09
SCF conv_tol_grad = 1e-05
SCF max_cycles = 1000
direct_scf = True
direct_scf_tol = 1e-13
chkfile to save SCF result = scf.fchk
max_memory 900000 MB (current use 79 MB)
XC library pyscf.dft.libxc version 5.1.7
    S. Lehtola, C. Steigemann, M. J. Oliveira, and M. A. Marques, SoftwareX 7, 1 (2018)
XC functionals = pbe
    J. P. Perdew, K. Burke, and M. Ernzerhof, Phys. Rev. Lett. 77, 3865 (1996)
    J. P. Perdew, K. Burke, and M. Ernzerhof, Phys. Rev. Lett. 78, 1396 (1997)
    J. P. Perdew, K. Burke, and M. Ernzerhof, Phys. Rev. Lett. 77, 3865 (1996)
    J. P. Perdew, K. Burke, and M. Ernzerhof, Phys. Rev. Lett. 78, 1396 (1997)
small_rho_cutoff = 1e-07
init E= -776.048929000544
  HOMO = -0.254785829005218  LUMO = -0.188219688044454
cycle= 1 E= -774.133952622838  delta_E= 1.91  |g|= 1.15  |ddm|= 6.26
  HOMO = -0.0416288497556291  LUMO = 0.0155212443369798
cycle= 2 E= -771.128130007044  delta_E= 3.01  |g|= 2.86  |ddm|= 3.91
  HOMO = -0.121852413403145  LUMO = -0.0720376220911646
cycle= 3 E= -773.58042524147  delta_E= -2.45  |g|= 1.51  |ddm|= 3.48
  HOMO = -0.161433686090619  LUMO = -0.0939636284996788
cycle= 4 E= -774.435219025397  delta_E= -0.855  |g|= 0.338  |ddm|= 2.14
  HOMO = -0.174340620038928  LUMO = -0.113219262397255
cycle= 5 E= -774.40344734851  delta_E= 0.0318  |g|= 0.412  |ddm|= 0.994
  HOMO = -0.176783745266334  LUMO = -0.113277135530359
cycle= 6 E= -774.463834223936  delta_E= -0.0604  |g|= 0.162  |ddm|= 0.732
  HOMO = -0.175877184700304  LUMO = -0.111624365447336
cycle= 7 E= -774.471275156008  delta_E= -0.00744  |g|= 0.0539  |ddm|= 0.232
  HOMO = -0.175376285763277  LUMO = -0.110459833221031
cycle= 8 E= -774.471810314703  delta_E= -0.000535  |g|= 0.0318  |ddm|= 0.0906
  HOMO = -0.17536816301508  LUMO = -0.110777713392516
cycle= 9 E= -774.47211320585  delta_E= -0.000303  |g|= 0.0105  |ddm|= 0.0435
  HOMO = -0.175593683416665  LUMO = -0.110895530616659
cycle= 10 E= -774.4721285817  delta_E= -1.54e-05  |g|= 0.00738  |ddm|= 0.0177
  HOMO = -0.175643866068945  LUMO = -0.110890803140064
cycle= 11 E= -774.472141209272  delta_E= -1.26e-05  |g|= 0.0033  |ddm|= 0.0112
  HOMO = -0.175583038342321  LUMO = -0.110841426400373
cycle= 12 E= -774.472144180771  delta_E= -2.97e-06  |g|= 0.000742  |ddm|= 0.00385
  HOMO = -0.175573981267186  LUMO = -0.110834811221137
cycle= 13 E= -774.472144360006  delta_E= -1.79e-07  |g|= 0.000276  |ddm|= 0.00104
  HOMO = -0.17556925077472  LUMO = -0.110834425320282
cycle= 14 E= -774.472144383594  delta_E= -2.36e-08  |g|= 9.83e-05  |ddm|= 0.000417
  HOMO = -0.175572084879821  LUMO = -0.110837867055278
cycle= 15 E= -774.472144369253  delta_E= 1.43e-08  |g|= 0.000227  |ddm|= 0.000365
  HOMO = -0.175572801928936  LUMO = -0.110838823034875
cycle= 16 E= -774.472144385565  delta_E= -1.63e-08  |g|= 5.74e-05  |ddm|= 0.000298
  HOMO = -0.175571601149699  LUMO = -0.110837244923473
cycle= 17 E= -774.472144385905  delta_E= -3.4e-10  |g|= 3.54e-05  |ddm|= 7.16e-05
  HOMO = -0.175571664996094  LUMO = -0.11083737659592
cycle= 18 E= -774.472144386243  delta_E= -3.37e-10  |g|= 1.45e-05  |ddm|= 5.12e-05
  HOMO = -0.175571858175251  LUMO = -0.110837294194798
cycle= 19 E= -774.472144386305  delta_E= -6.28e-11  |g|= 5.51e-06  |ddm|= 2.15e-05
  HOMO = -0.175571766280624  LUMO = -0.110837261054742
Extra cycle  E= -774.472144386251  delta_E= 5.41e-11  |g|= 1.41e-05  |ddm|= 2.16e-05
converged SCF energy = -774.472144386251
AOs:  [0, 1, 2, 3, 4, 5, 6, 7, 8, 9, 10, 11, 12, 13, 14, 15, 16, 17, 18, 19, 20, 21, 22, 23, 24, 25, 26, 27, 28, 29, 30, 31, 32, 33, 34, 35, 36, 37, 38, 39, 40, 41, 42, 43, 44, 45, 46, 47, 48, 49, 50, 51, 52, 53, 54, 55, 56, 57, 58, 59, 60, 61, 62, 63]
64

 AO indices used for projection:  [0, 1, 3, 4, 5, 14, 16, 17, 19, 20, 21, 30, 32, 33, 35, 36, 37, 46, 48, 49, 51, 52, 53, 62]
 # of orbitals to keep:  16
Number of Active MOs:  16
Number of Environment MOs:  54
Number of Virtual MOs:  244
 # electrons:            α            β
         Env:  54.00000000  54.00000000
         Act:  16.00000000  16.00000000
         Vir:   0.00000000   0.00000000
Number of electrons in the active space:  32

 The density matrix is idempotent!

 The density matrix is idempotent!


******** <class 'pyscf.scf.hf.RHF'> ********
method = RHF
initial guess = minao
damping factor = 0
level_shift factor = 0
DIIS = <class 'pyscf.scf.diis.CDIIS'>
diis_start_cycle = 1
diis_space = 8
SCF conv_tol = 1e-09
SCF conv_tol_grad = 1e-05
SCF max_cycles = 200
direct_scf = True
direct_scf_tol = 1e-13
chkfile to save SCF result = subsys_scf.chk
max_memory 900000 MB (current use 10671 MB)
init E= 986.535923700985
  HOMO = -0.228566419768919  LUMO = 0.0438637512923285
cycle= 1 E= 986.489415526418  delta_E= -0.0465  |g|= 0.0741  |ddm|= 0.807
  HOMO = -0.232646793268027  LUMO = 0.0449758599602596
cycle= 2 E= 986.486035914582  delta_E= -0.00338  |g|= 0.0248  |ddm|= 0.154
  HOMO = -0.235488663740993  LUMO = 0.0471667803903467
cycle= 3 E= 986.485345290932  delta_E= -0.000691  |g|= 0.0118  |ddm|= 0.0732
  HOMO = -0.234853016670074  LUMO = 0.0477500375065681
cycle= 4 E= 986.48525050741  delta_E= -9.48e-05  |g|= 0.00391  |ddm|= 0.0221
  HOMO = -0.236012645365246  LUMO = 0.048018312518033
cycle= 5 E= 986.485230254446  delta_E= -2.03e-05  |g|= 0.000914  |ddm|= 0.0139
  HOMO = -0.236032590604455  LUMO = 0.0480922831941323
cycle= 6 E= 986.485229506261  delta_E= -7.48e-07  |g|= 0.0003  |ddm|= 0.00257
  HOMO = -0.23606466644658  LUMO = 0.0480895572302322
cycle= 7 E= 986.485229467121  delta_E= -3.91e-08  |g|= 7.76e-05  |ddm|= 0.000553
  HOMO = -0.236075340438306  LUMO = 0.0480830750583988
cycle= 8 E= 986.485229461832  delta_E= -5.29e-09  |g|= 3.2e-05  |ddm|= 0.000202
  HOMO = -0.236077122033052  LUMO = 0.0480800475096699
cycle= 9 E= 986.485229460509  delta_E= -1.32e-09  |g|= 1.52e-05  |ddm|= 0.000107
  HOMO = -0.236077077958546  LUMO = 0.0480791513383894
cycle= 10 E= 986.485229460624  delta_E= 1.15e-10  |g|= 5.49e-06  |ddm|= 3.44e-05
  HOMO = -0.23607688787811  LUMO = 0.0480788056951037
Extra cycle  E= 986.485229460707  delta_E= 8.32e-11  |g|= 3.95e-06  |ddm|= 1.29e-05
converged SCF energy = 986.485229460707
Difference in energy:  -659.4977902609955
E(MP2) = 985.910074001954  E_corr = -0.575155458752876
Total energy =  -773.9963240991818
time elapsed:  31.930278539657593
