

******** <class 'pyscf.dft.rks.RKS'> ********
method = RKS-RHF
initial guess = minao
damping factor = 0
level_shift factor = 0
DIIS = <class 'pyscf.scf.diis.CDIIS'>
diis_start_cycle = 1
diis_space = 8
SCF conv_tol = 1e-09
SCF conv_tol_grad = 1e-05
SCF max_cycles = 1000
direct_scf = True
direct_scf_tol = 1e-13
chkfile to save SCF result = scf.fchk
max_memory 900000 MB (current use 79 MB)
XC library pyscf.dft.libxc version 5.1.7
    S. Lehtola, C. Steigemann, M. J. Oliveira, and M. A. Marques, SoftwareX 7, 1 (2018)
XC functionals = pbe
    J. P. Perdew, K. Burke, and M. Ernzerhof, Phys. Rev. Lett. 77, 3865 (1996)
    J. P. Perdew, K. Burke, and M. Ernzerhof, Phys. Rev. Lett. 78, 1396 (1997)
    J. P. Perdew, K. Burke, and M. Ernzerhof, Phys. Rev. Lett. 77, 3865 (1996)
    J. P. Perdew, K. Burke, and M. Ernzerhof, Phys. Rev. Lett. 78, 1396 (1997)
small_rho_cutoff = 1e-07
init E= -776.04972457809
  HOMO = -0.256983323853661  LUMO = -0.185701528341462
cycle= 1 E= -774.145890369217  delta_E=  1.9  |g|= 1.15  |ddm|= 6.27
  HOMO = -0.0375877739052519  LUMO = 0.0192101635615939
cycle= 2 E= -771.184472657221  delta_E= 2.96  |g|= 2.86  |ddm|= 3.89
  HOMO = -0.121523448489735  LUMO = -0.075537087246318
cycle= 3 E= -773.561935539216  delta_E= -2.38  |g|= 1.52  |ddm|= 3.42
  HOMO = -0.164042680492048  LUMO = -0.0904008078854081
cycle= 4 E= -774.444731524304  delta_E= -0.883  |g|= 0.346  |ddm|= 2.15
  HOMO = -0.173810666571124  LUMO = -0.112716855234821
cycle= 5 E= -774.420181922256  delta_E= 0.0245  |g|= 0.397  |ddm|= 0.978
  HOMO = -0.179353088360365  LUMO = -0.111184418918923
cycle= 6 E= -774.476566544955  delta_E= -0.0564  |g|= 0.152  |ddm|= 0.677
  HOMO = -0.17798788468689  LUMO = -0.108855865888041
cycle= 7 E= -774.48285028373  delta_E= -0.00628  |g|= 0.0483  |ddm|= 0.203
  HOMO = -0.17771784902462  LUMO = -0.107827860860931
cycle= 8 E= -774.483191646946  delta_E= -0.000341  |g|= 0.0318  |ddm|= 0.0813
  HOMO = -0.177663381002837  LUMO = -0.108056254471864
cycle= 9 E= -774.483500109007  delta_E= -0.000308  |g|= 0.00987  |ddm|= 0.0429
  HOMO = -0.177921834783159  LUMO = -0.108189421786998
cycle= 10 E= -774.483515341306  delta_E= -1.52e-05  |g|= 0.00636  |ddm|= 0.0158
  HOMO = -0.177940137657845  LUMO = -0.108141589894337
cycle= 11 E= -774.483524356322  delta_E= -9.02e-06  |g|= 0.00289  |ddm|= 0.0093
  HOMO = -0.177885150141059  LUMO = -0.108101526393604
cycle= 12 E= -774.483526624784  delta_E= -2.27e-06  |g|= 0.000598  |ddm|= 0.00334
  HOMO = -0.177879513994541  LUMO = -0.10810216927207
cycle= 13 E= -774.48352675361  delta_E= -1.29e-07  |g|= 0.000188  |ddm|= 0.000881
  HOMO = -0.177875390056266  LUMO = -0.10810294591225
cycle= 14 E= -774.483526764085  delta_E= -1.05e-08  |g|= 7.45e-05  |ddm|= 0.000287
  HOMO = -0.177876679856639  LUMO = -0.108105053811207
cycle= 15 E= -774.483526758214  delta_E= 5.87e-09  |g|= 0.000156  |ddm|= 0.00024
  HOMO = -0.177877462162742  LUMO = -0.108105995706228
cycle= 16 E= -774.483526765201  delta_E= -6.99e-09  |g|= 3.99e-05  |ddm|= 0.000197
  HOMO = -0.177876976733635  LUMO = -0.108104851928564
cycle= 17 E= -774.483526765458  delta_E= -2.57e-10  |g|= 2e-05  |ddm|= 4.66e-05
  HOMO = -0.177876977705502  LUMO = -0.108104860633482
cycle= 18 E= -774.483526765564  delta_E= -1.06e-10  |g|= 7.59e-06  |ddm|= 2.7e-05
  HOMO = -0.177877260872317  LUMO = -0.108104614459496
Extra cycle  E= -774.483526765407  delta_E= 1.56e-10  |g|= 2.29e-05  |ddm|= 3.84e-05
converged SCF energy = -774.483526765407
AOs:  [0, 1, 2, 3, 4, 5, 6, 7, 8, 9, 10, 11, 12, 13, 14, 15, 16, 17, 18, 19, 20, 21, 22, 23, 24, 25, 26, 27, 28, 29, 30, 31, 32, 33, 34, 35, 36, 37, 38, 39, 40, 41, 42, 43, 44, 45, 46, 47, 48, 49, 50, 51, 52, 53, 54, 55, 56, 57, 58, 59, 60, 61, 62, 63]
64

 AO indices used for projection:  [0, 1, 3, 4, 5, 14, 16, 17, 19, 20, 21, 30, 32, 33, 35, 36, 37, 46, 48, 49, 51, 52, 53, 62]
 # of orbitals to keep:  16
Number of Active MOs:  16
Number of Environment MOs:  54
Number of Virtual MOs:  244
 # electrons:            α            β
         Env:  54.00000000  54.00000000
         Act:  16.00000000  16.00000000
         Vir:  -0.00000000  -0.00000000
Number of electrons in the active space:  32

 The density matrix is idempotent!

 The density matrix is idempotent!


******** <class 'pyscf.scf.hf.RHF'> ********
method = RHF
initial guess = minao
damping factor = 0
level_shift factor = 0
DIIS = <class 'pyscf.scf.diis.CDIIS'>
diis_start_cycle = 1
diis_space = 8
SCF conv_tol = 1e-09
SCF conv_tol_grad = 1e-05
SCF max_cycles = 200
direct_scf = True
direct_scf_tol = 1e-13
chkfile to save SCF result = subsys_scf.chk
max_memory 900000 MB (current use 10447 MB)
init E= 985.661025452983
  HOMO = -0.235652896319664  LUMO = 0.046910155230829
cycle= 1 E= 985.614797209693  delta_E= -0.0462  |g|= 0.0735  |ddm|= 0.838
  HOMO = -0.239849817633323  LUMO = 0.0471913847662388
cycle= 2 E= 985.611552062977  delta_E= -0.00325  |g|= 0.024  |ddm|= 0.149
  HOMO = -0.242259577672864  LUMO = 0.0489876190631825
cycle= 3 E= 985.610926043194  delta_E= -0.000626  |g|= 0.0108  |ddm|= 0.0682
  HOMO = -0.241700795240076  LUMO = 0.0493527239459549
cycle= 4 E= 985.610850558564  delta_E= -7.55e-05  |g|= 0.0035  |ddm|= 0.0194
  HOMO = -0.242719459683087  LUMO = 0.0495453606156513
cycle= 5 E= 985.610835463748  delta_E= -1.51e-05  |g|= 0.000834  |ddm|= 0.0114
  HOMO = -0.24272801418428  LUMO = 0.0495950267187716
cycle= 6 E= 985.610834881804  delta_E= -5.82e-07  |g|= 0.000264  |ddm|= 0.0022
  HOMO = -0.242757164208754  LUMO = 0.0495903874061388
cycle= 7 E= 985.610834852539  delta_E= -2.93e-08  |g|= 6.38e-05  |ddm|= 0.000462
  HOMO = -0.242765662634475  LUMO = 0.04958498451905
cycle= 8 E= 985.610834848748  delta_E= -3.79e-09  |g|= 2.83e-05  |ddm|= 0.000164
  HOMO = -0.242767529198317  LUMO = 0.049581638989987
cycle= 9 E= 985.610834848104  delta_E= -6.44e-10  |g|= 6.82e-06  |ddm|= 9.9e-05
  HOMO = -0.242767060830619  LUMO = 0.0495812239465349
Extra cycle  E= 985.6108348479  delta_E= -2.04e-10  |g|= 4.1e-06  |ddm|= 1.6e-05
converged SCF energy = 985.6108348479
Difference in energy:  -656.9595715209482
E(MP2) = 985.037627815067  E_corr = -0.573207032832781
Total energy =  -774.0098029580607
time elapsed:  32.30517554283142
