

******** <class 'pyscf.dft.rks.RKS'> ********
method = RKS-RHF
initial guess = minao
damping factor = 0
level_shift factor = 0
DIIS = <class 'pyscf.scf.diis.CDIIS'>
diis_start_cycle = 1
diis_space = 8
SCF conv_tol = 1e-09
SCF conv_tol_grad = 1e-05
SCF max_cycles = 1000
direct_scf = True
direct_scf_tol = 1e-13
chkfile to save SCF result = scf.fchk
max_memory 900000 MB (current use 79 MB)
XC library pyscf.dft.libxc version 5.1.7
    S. Lehtola, C. Steigemann, M. J. Oliveira, and M. A. Marques, SoftwareX 7, 1 (2018)
XC functionals = pbe
    J. P. Perdew, K. Burke, and M. Ernzerhof, Phys. Rev. Lett. 77, 3865 (1996)
    J. P. Perdew, K. Burke, and M. Ernzerhof, Phys. Rev. Lett. 78, 1396 (1997)
    J. P. Perdew, K. Burke, and M. Ernzerhof, Phys. Rev. Lett. 77, 3865 (1996)
    J. P. Perdew, K. Burke, and M. Ernzerhof, Phys. Rev. Lett. 78, 1396 (1997)
small_rho_cutoff = 1e-07
init E= -776.049844041326
  HOMO = -0.257208088434925  LUMO = -0.18539839163899
cycle= 1 E= -774.147380707406  delta_E=  1.9  |g|= 1.15  |ddm|= 6.27
  HOMO = -0.0370722961855168  LUMO = 0.0196234920309879
cycle= 2 E= -771.191262587939  delta_E= 2.96  |g|= 2.85  |ddm|= 3.88
  HOMO = -0.121505345426175  LUMO = -0.0759268946108565
cycle= 3 E= -773.559090945116  delta_E= -2.37  |g|= 1.52  |ddm|= 3.42
  HOMO = -0.164345072863181  LUMO = -0.0899837944522639
cycle= 4 E= -774.445852079946  delta_E= -0.887  |g|= 0.347  |ddm|= 2.16
  HOMO = -0.173691171879382  LUMO = -0.112650289761681
cycle= 5 E= -774.422268432502  delta_E= 0.0236  |g|= 0.396  |ddm|= 0.977
  HOMO = -0.179603046257422  LUMO = -0.110949824128546
cycle= 6 E= -774.478143026792  delta_E= -0.0559  |g|= 0.151  |ddm|= 0.671
  HOMO = -0.178203379075054  LUMO = -0.10854069662352
cycle= 7 E= -774.484325502993  delta_E= -0.00618  |g|= 0.0479  |ddm|=  0.2
  HOMO = -0.177952777278096  LUMO = -0.107525476153309
cycle= 8 E= -774.484652724131  delta_E= -0.000327  |g|= 0.0318  |ddm|= 0.0806
  HOMO = -0.177896534613874  LUMO = -0.107740218869045
cycle= 9 E= -774.484961597384  delta_E= -0.000309  |g|= 0.00983  |ddm|= 0.0428
  HOMO = -0.178159034629993  LUMO = -0.10787555711235
cycle= 10 E= -774.484977019294  delta_E= -1.54e-05  |g|= 0.00623  |ddm|= 0.0156
  HOMO = -0.178173053923333  LUMO = -0.107823665047591
cycle= 11 E= -774.484985595303  delta_E= -8.58e-06  |g|= 0.00283  |ddm|= 0.00907
  HOMO = -0.178119304286052  LUMO = -0.107784623078282
cycle= 12 E= -774.484987780572  delta_E= -2.19e-06  |g|= 0.000584  |ddm|= 0.00328
  HOMO = -0.178113846730308  LUMO = -0.107786066295825
cycle= 13 E= -774.484987904512  delta_E= -1.24e-07  |g|= 0.00018  |ddm|= 0.000866
  HOMO = -0.178109851542088  LUMO = -0.107786937309754
cycle= 14 E= -774.484987914047  delta_E= -9.53e-09  |g|= 7.05e-05  |ddm|= 0.000273
  HOMO = -0.178111007810314  LUMO = -0.107788962001906
cycle= 15 E= -774.484987908828  delta_E= 5.22e-09  |g|= 0.000147  |ddm|= 0.000227
  HOMO = -0.178111750697743  LUMO = -0.107789850672878
cycle= 16 E= -774.484987915051  delta_E= -6.22e-09  |g|= 3.71e-05  |ddm|= 0.000185
  HOMO = -0.178111339553288  LUMO = -0.107788737659701
cycle= 17 E= -774.484987915278  delta_E= -2.27e-10  |g|= 1.83e-05  |ddm|= 4.39e-05
  HOMO = -0.178111336403509  LUMO = -0.107788747095787
cycle= 18 E= -774.484987915366  delta_E= -8.82e-11  |g|= 6.85e-06  |ddm|= 2.46e-05
  HOMO = -0.178111593571363  LUMO = -0.107788526737292
Extra cycle  E= -774.484987915239  delta_E= 1.27e-10  |g|= 2.07e-05  |ddm|= 3.44e-05
converged SCF energy = -774.484987915239
AOs:  [0, 1, 2, 3, 4, 5, 6, 7, 8, 9, 10, 11, 12, 13, 14, 15, 16, 17, 18, 19, 20, 21, 22, 23, 24, 25, 26, 27, 28, 29, 30, 31, 32, 33, 34, 35, 36, 37, 38, 39, 40, 41, 42, 43, 44, 45, 46, 47, 48, 49, 50, 51, 52, 53, 54, 55, 56, 57, 58, 59, 60, 61, 62, 63]
64

 AO indices used for projection:  [0, 1, 3, 4, 5, 14, 16, 17, 19, 20, 21, 30, 32, 33, 35, 36, 37, 46, 48, 49, 51, 52, 53, 62]
 # of orbitals to keep:  16
Number of Active MOs:  16
Number of Environment MOs:  54
Number of Virtual MOs:  244
 # electrons:            α            β
         Env:  54.00000000  54.00000000
         Act:  16.00000000  16.00000000
         Vir:  -0.00000000  -0.00000000
Number of electrons in the active space:  32

 The density matrix is idempotent!

 The density matrix is idempotent!


******** <class 'pyscf.scf.hf.RHF'> ********
method = RHF
initial guess = minao
damping factor = 0
level_shift factor = 0
DIIS = <class 'pyscf.scf.diis.CDIIS'>
diis_start_cycle = 1
diis_space = 8
SCF conv_tol = 1e-09
SCF conv_tol_grad = 1e-05
SCF max_cycles = 200
direct_scf = True
direct_scf_tol = 1e-13
chkfile to save SCF result = subsys_scf.chk
max_memory 900000 MB (current use 10404 MB)
init E= 985.579289845619
  HOMO = -0.236497149208443  LUMO = 0.0472839541659951
cycle= 1 E= 985.533074056131  delta_E= -0.0462  |g|= 0.0735  |ddm|= 0.844
  HOMO = -0.240701102267484  LUMO = 0.0474748961054042
cycle= 2 E= 985.529843403431  delta_E= -0.00323  |g|= 0.0239  |ddm|= 0.149
  HOMO = -0.243064907101888  LUMO = 0.0492232979069077
cycle= 3 E= 985.529224785734  delta_E= -0.000619  |g|= 0.0107  |ddm|= 0.0676
  HOMO = -0.242510973939239  LUMO = 0.0495669629352931
cycle= 4 E= 985.529151209778  delta_E= -7.36e-05  |g|= 0.00345  |ddm|= 0.0192
  HOMO = -0.243512684439055  LUMO = 0.049752517773826
cycle= 5 E= 985.529136632172  delta_E= -1.46e-05  |g|= 0.000826  |ddm|= 0.0112
  HOMO = -0.243520302438086  LUMO = 0.0497995978915983
cycle= 6 E= 985.529136067049  delta_E= -5.65e-07  |g|= 0.00026  |ddm|= 0.00216
  HOMO = -0.243548932468667  LUMO = 0.0497948727260816
cycle= 7 E= 985.529136038938  delta_E= -2.81e-08  |g|= 6.25e-05  |ddm|= 0.000452
  HOMO = -0.24355723650644  LUMO = 0.0497896200720223
cycle= 8 E= 985.529136035574  delta_E= -3.36e-09  |g|= 2.78e-05  |ddm|= 0.000159
  HOMO = -0.243559057372683  LUMO = 0.0497863339711927
cycle= 9 E= 985.5291360349  delta_E= -6.74e-10  |g|= 7.23e-06  |ddm|= 9.56e-05
  HOMO = -0.243558626262942  LUMO = 0.0497859296076185
Extra cycle  E= 985.529136034712  delta_E= -1.89e-10  |g|= 4.6e-06  |ddm|= 1.6e-05
converged SCF energy = 985.529136034712
Difference in energy:  -656.6831183266543
E(MP2) = 984.956186570603  E_corr = -0.572949464108568
Total energy =  -774.0114470950067
time elapsed:  31.241350889205933
