

******** <class 'pyscf.dft.rks.RKS'> ********
method = RKS-RHF
initial guess = minao
damping factor = 0
level_shift factor = 0
DIIS = <class 'pyscf.scf.diis.CDIIS'>
diis_start_cycle = 1
diis_space = 8
SCF conv_tol = 1e-09
SCF conv_tol_grad = 1e-05
SCF max_cycles = 1000
direct_scf = True
direct_scf_tol = 1e-13
chkfile to save SCF result = scf.fchk
max_memory 900000 MB (current use 79 MB)
XC library pyscf.dft.libxc version 5.1.7
    S. Lehtola, C. Steigemann, M. J. Oliveira, and M. A. Marques, SoftwareX 7, 1 (2018)
XC functionals = pbe
    J. P. Perdew, K. Burke, and M. Ernzerhof, Phys. Rev. Lett. 77, 3865 (1996)
    J. P. Perdew, K. Burke, and M. Ernzerhof, Phys. Rev. Lett. 78, 1396 (1997)
    J. P. Perdew, K. Burke, and M. Ernzerhof, Phys. Rev. Lett. 77, 3865 (1996)
    J. P. Perdew, K. Burke, and M. Ernzerhof, Phys. Rev. Lett. 78, 1396 (1997)
small_rho_cutoff = 1e-07
init E= -776.056338143377
  HOMO = -0.256084132256617  LUMO = -0.186075898049002
cycle= 1 E= -774.138036810044  delta_E= 1.92  |g|= 1.16  |ddm|= 6.27
  HOMO = -0.039709938623907  LUMO = 0.0136920487542596
cycle= 2 E= -771.140701316699  delta_E=    3  |g|= 2.86  |ddm|= 3.91
  HOMO = -0.1215211238874  LUMO = -0.0754558714221625
cycle= 3 E= -773.561154344424  delta_E= -2.42  |g|= 1.53  |ddm|= 3.46
  HOMO = -0.163350348925924  LUMO = -0.0910096692125966
cycle= 4 E= -774.441056682963  delta_E= -0.88  |g|= 0.335  |ddm|= 2.16
  HOMO = -0.174841345062249  LUMO = -0.113319156545747
cycle= 5 E= -774.418961203585  delta_E= 0.0221  |g|= 0.385  |ddm|= 0.932
  HOMO = -0.178550892790504  LUMO = -0.111402958773545
cycle= 6 E= -774.469061686083  delta_E= -0.0501  |g|= 0.154  |ddm|= 0.658
  HOMO = -0.177207223257213  LUMO = -0.109491559089876
cycle= 7 E= -774.475605341069  delta_E= -0.00654  |g|= 0.0484  |ddm|= 0.208
  HOMO = -0.176960710907511  LUMO = -0.108305745704082
cycle= 8 E= -774.476006254205  delta_E= -0.000401  |g|= 0.0297  |ddm|= 0.0814
  HOMO = -0.176878879225141  LUMO = -0.10854451762517
cycle= 9 E= -774.476269091363  delta_E= -0.000263  |g|= 0.00943  |ddm|= 0.0394
  HOMO = -0.177066148428937  LUMO = -0.108659942372507
cycle= 10 E= -774.476280496507  delta_E= -1.14e-05  |g|= 0.00671  |ddm|= 0.0161
  HOMO = -0.177117011489802  LUMO = -0.108635726791759
cycle= 11 E= -774.476290877762  delta_E= -1.04e-05  |g|= 0.00307  |ddm|= 0.0102
  HOMO = -0.177066684370461  LUMO = -0.108588353137256
cycle= 12 E= -774.476293465069  delta_E= -2.59e-06  |g|= 0.00063  |ddm|= 0.0036
  HOMO = -0.177062319547525  LUMO = -0.108590706805004
cycle= 13 E= -774.476293587349  delta_E= -1.22e-07  |g|= 0.000264  |ddm|= 0.000874
  HOMO = -0.177055109294961  LUMO = -0.108588270980034
cycle= 14 E= -774.476293608483  delta_E= -2.11e-08  |g|= 9.05e-05  |ddm|= 0.000367
  HOMO = -0.177056681043993  LUMO = -0.108591444539257
cycle= 15 E= -774.476293594206  delta_E= 1.43e-08  |g|= 0.000228  |ddm|= 0.000361
  HOMO = -0.177057987767784  LUMO = -0.108592556857756
cycle= 16 E= -774.476293610235  delta_E= -1.6e-08  |g|= 4.73e-05  |ddm|= 0.000283
  HOMO = -0.177057133232105  LUMO = -0.108591125199222
cycle= 17 E= -774.476293610545  delta_E= -3.1e-10  |g|= 2.62e-05  |ddm|= 5.81e-05
  HOMO = -0.177057091261965  LUMO = -0.108591152903057
cycle= 18 E= -774.476293610728  delta_E= -1.84e-10  |g|= 1.03e-05  |ddm|= 3.66e-05
  HOMO = -0.177057325012804  LUMO = -0.108591105285713
cycle= 19 E= -774.476293610758  delta_E= -2.96e-11  |g|= 4.78e-06  |ddm|= 1.63e-05
  HOMO = -0.177057270780652  LUMO = -0.108591099980675
Extra cycle  E= -774.476293610718  delta_E= 3.96e-11  |g|= 1.23e-05  |ddm|= 1.9e-05
converged SCF energy = -774.476293610718
AOs:  [0, 1, 2, 3, 4, 5, 6, 7, 8, 9, 10, 11, 12, 13, 14, 15, 16, 17, 18, 19, 20, 21, 22, 23, 24, 25, 26, 27, 28, 29, 30, 31, 32, 33, 34, 35, 36, 37, 38, 39, 40, 41, 42, 43, 44, 45, 46, 47, 48, 49, 50, 51, 52, 53, 54, 55, 56, 57, 58, 59, 60, 61, 62, 63]
64

 AO indices used for projection:  [0, 1, 3, 4, 5, 14, 16, 17, 19, 20, 21, 30, 32, 33, 35, 36, 37, 46, 48, 49, 51, 52, 53, 62]
 # of orbitals to keep:  16
Number of Active MOs:  16
Number of Environment MOs:  54
Number of Virtual MOs:  244
 # electrons:            α            β
         Env:  54.00000000  54.00000000
         Act:  16.00000000  16.00000000
         Vir:   0.00000000   0.00000000
Number of electrons in the active space:  32

 The density matrix is idempotent!

 The density matrix is idempotent!


******** <class 'pyscf.scf.hf.RHF'> ********
method = RHF
initial guess = minao
damping factor = 0
level_shift factor = 0
DIIS = <class 'pyscf.scf.diis.CDIIS'>
diis_start_cycle = 1
diis_space = 8
SCF conv_tol = 1e-09
SCF conv_tol_grad = 1e-05
SCF max_cycles = 200
direct_scf = True
direct_scf_tol = 1e-13
chkfile to save SCF result = subsys_scf.chk
max_memory 900000 MB (current use 10675 MB)
init E= 1003.75508135481
  HOMO = -0.234604626530429  LUMO = 0.0474498248572326
cycle= 1 E= 1003.70870187229  delta_E= -0.0464  |g|= 0.0741  |ddm|= 0.816
  HOMO = -0.238228076702586  LUMO = 0.0474481650612241
cycle= 2 E= 1003.70538795666  delta_E= -0.00331  |g|= 0.0247  |ddm|= 0.154
  HOMO = -0.240878686991836  LUMO = 0.0490344635375359
cycle= 3 E= 1003.70472945266  delta_E= -0.000659  |g|= 0.0122  |ddm|= 0.0717
  HOMO = -0.24018951836057  LUMO = 0.0494412561043404
cycle= 4 E= 1003.70463565933  delta_E= -9.38e-05  |g|= 0.00384  |ddm|= 0.022
  HOMO = -0.241275310162847  LUMO = 0.0496472324688221
cycle= 5 E= 1003.70461570421  delta_E= -2e-05  |g|= 0.000887  |ddm|= 0.0139
  HOMO = -0.241302197206669  LUMO = 0.0497055539381251
cycle= 6 E= 1003.70461496376  delta_E= -7.4e-07  |g|= 0.000267  |ddm|= 0.00266
  HOMO = -0.241335219328236  LUMO = 0.0497024907978273
cycle= 7 E= 1003.70461493235  delta_E= -3.14e-08  |g|= 6.84e-05  |ddm|= 0.000524
  HOMO = -0.241344414488078  LUMO = 0.0496976725472969
cycle= 8 E= 1003.70461492906  delta_E= -3.29e-09  |g|= 2.67e-05  |ddm|= 0.000164
  HOMO = -0.241346536631334  LUMO = 0.0496952521351945
cycle= 9 E= 1003.70461492813  delta_E= -9.33e-10  |g|= 1.24e-05  |ddm|= 7.92e-05
  HOMO = -0.241346620570789  LUMO = 0.0496944061619356
cycle= 10 E= 1003.70461492797  delta_E= -1.58e-10  |g|= 4.56e-06  |ddm|= 2.76e-05
  HOMO = -0.241346529557121  LUMO = 0.049694137531562
Extra cycle  E= 1003.70461492826  delta_E= 2.89e-10  |g|= 3.37e-06  |ddm|= 1.02e-05
converged SCF energy = 1003.70461492826
Difference in energy:  -658.1577393979095
E(MP2) = 1003.12976538848  E_corr = -0.574849539784533
Total energy =  -774.0023029098726
time elapsed:  29.9299213886261
