

******** <class 'pyscf.dft.rks.RKS'> ********
method = RKS-RHF
initial guess = minao
damping factor = 0
level_shift factor = 0
DIIS = <class 'pyscf.scf.diis.CDIIS'>
diis_start_cycle = 1
diis_space = 8
SCF conv_tol = 1e-09
SCF conv_tol_grad = 1e-05
SCF max_cycles = 1000
direct_scf = True
direct_scf_tol = 1e-13
chkfile to save SCF result = scf.fchk
max_memory 900000 MB (current use 79 MB)
XC library pyscf.dft.libxc version 5.1.7
    S. Lehtola, C. Steigemann, M. J. Oliveira, and M. A. Marques, SoftwareX 7, 1 (2018)
XC functionals = pbe
    J. P. Perdew, K. Burke, and M. Ernzerhof, Phys. Rev. Lett. 77, 3865 (1996)
    J. P. Perdew, K. Burke, and M. Ernzerhof, Phys. Rev. Lett. 78, 1396 (1997)
    J. P. Perdew, K. Burke, and M. Ernzerhof, Phys. Rev. Lett. 77, 3865 (1996)
    J. P. Perdew, K. Burke, and M. Ernzerhof, Phys. Rev. Lett. 78, 1396 (1997)
small_rho_cutoff = 1e-07
init E= -776.054027294549
  HOMO = -0.254574970074627  LUMO = -0.188027863809239
cycle= 1 E= -774.132102070678  delta_E= 1.92  |g|= 1.15  |ddm|= 6.27
  HOMO = -0.0423458645762898  LUMO = 0.0133260813005658
cycle= 2 E= -771.115072395306  delta_E= 3.02  |g|= 2.87  |ddm|= 3.92
  HOMO = -0.122171751600397  LUMO = -0.0727062444961907
cycle= 3 E= -773.586318279943  delta_E= -2.47  |g|= 1.51  |ddm|= 3.48
  HOMO = -0.161493672902131  LUMO = -0.093913104416147
cycle= 4 E= -774.43599683158  delta_E= -0.85  |g|= 0.331  |ddm|= 2.14
  HOMO = -0.174979351338527  LUMO = -0.113557302336902
cycle= 5 E= -774.407799497829  delta_E= 0.0282  |g|=  0.4  |ddm|= 0.957
  HOMO = -0.176720428752279  LUMO = -0.113153732849828
cycle= 6 E= -774.46241478706  delta_E= -0.0546  |g|= 0.161  |ddm|= 0.707
  HOMO = -0.17571890674437  LUMO = -0.111608374933881
cycle= 7 E= -774.4697989054  delta_E= -0.00738  |g|= 0.0527  |ddm|= 0.231
  HOMO = -0.175283935089971  LUMO = -0.110382242838516
cycle= 8 E= -774.470345593033  delta_E= -0.000547  |g|= 0.0299  |ddm|= 0.0887
  HOMO = -0.175249226572773  LUMO = -0.110674508158524
cycle= 9 E= -774.470607927646  delta_E= -0.000262  |g|= 0.0101  |ddm|= 0.0404
  HOMO = -0.175426742804338  LUMO = -0.110778454355805
cycle= 10 E= -774.470620876791  delta_E= -1.29e-05  |g|= 0.00725  |ddm|= 0.0174
  HOMO = -0.175489211312101  LUMO = -0.110783158224692
cycle= 11 E= -774.470633218159  delta_E= -1.23e-05  |g|= 0.00334  |ddm|= 0.0113
  HOMO = -0.175436801417142  LUMO = -0.110731416535436
cycle= 12 E= -774.470636250248  delta_E= -3.03e-06  |g|= 0.000741  |ddm|= 0.00391
  HOMO = -0.175429641162909  LUMO = -0.110728294658177
cycle= 13 E= -774.470636413346  delta_E= -1.63e-07  |g|= 0.000312  |ddm|= 0.001
  HOMO = -0.175422346675983  LUMO = -0.110725513637886
cycle= 14 E= -774.470636443981  delta_E= -3.06e-08  |g|= 9.99e-05  |ddm|= 0.000442
  HOMO = -0.175425262491469  LUMO = -0.110729041085292
cycle= 15 E= -774.470636423727  delta_E= 2.03e-08  |g|= 0.000263  |ddm|= 0.000426
  HOMO = -0.17542615761805  LUMO = -0.110730169293615
cycle= 16 E= -774.470636446101  delta_E= -2.24e-08  |g|= 5.65e-05  |ddm|= 0.000339
  HOMO = -0.175424916900684  LUMO = -0.110728596111222
cycle= 17 E= -774.470636446423  delta_E= -3.22e-10  |g|= 3.55e-05  |ddm|= 7.32e-05
  HOMO = -0.175424873128364  LUMO = -0.110728691805992
cycle= 18 E= -774.470636446754  delta_E= -3.32e-10  |g|= 1.53e-05  |ddm|= 5.27e-05
  HOMO = -0.17542512202073  LUMO = -0.110728629302462
cycle= 19 E= -774.470636446818  delta_E= -6.41e-11  |g|= 5.65e-06  |ddm|= 2.26e-05
  HOMO = -0.175425106111406  LUMO = -0.11072864437635
Extra cycle  E= -774.470636446764  delta_E= 5.46e-11  |g|= 1.48e-05  |ddm|= 2.3e-05
converged SCF energy = -774.470636446764
AOs:  [0, 1, 2, 3, 4, 5, 6, 7, 8, 9, 10, 11, 12, 13, 14, 15, 16, 17, 18, 19, 20, 21, 22, 23, 24, 25, 26, 27, 28, 29, 30, 31, 32, 33, 34, 35, 36, 37, 38, 39, 40, 41, 42, 43, 44, 45, 46, 47, 48, 49, 50, 51, 52, 53, 54, 55, 56, 57, 58, 59, 60, 61, 62, 63]
64

 AO indices used for projection:  [0, 1, 3, 4, 5, 14, 16, 17, 19, 20, 21, 30, 32, 33, 35, 36, 37, 46, 48, 49, 51, 52, 53, 62]
 # of orbitals to keep:  16
Number of Active MOs:  16
Number of Environment MOs:  54
Number of Virtual MOs:  244
 # electrons:            α            β
         Env:  54.00000000  54.00000000
         Act:  16.00000000  16.00000000
         Vir:  -0.00000000  -0.00000000
Number of electrons in the active space:  32

 The density matrix is idempotent!

 The density matrix is idempotent!


******** <class 'pyscf.scf.hf.RHF'> ********
method = RHF
initial guess = minao
damping factor = 0
level_shift factor = 0
DIIS = <class 'pyscf.scf.diis.CDIIS'>
diis_start_cycle = 1
diis_space = 8
SCF conv_tol = 1e-09
SCF conv_tol_grad = 1e-05
SCF max_cycles = 200
direct_scf = True
direct_scf_tol = 1e-13
chkfile to save SCF result = subsys_scf.chk
max_memory 900000 MB (current use 10413 MB)
init E= 1002.90790353249
  HOMO = -0.22935305655744  LUMO = 0.0448098760170041
cycle= 1 E= 1002.86140929346  delta_E= -0.0465  |g|= 0.0743  |ddm|= 0.796
  HOMO = -0.233103061162683  LUMO = 0.0455252657864875
cycle= 2 E= 1002.858019233  delta_E= -0.00339  |g|= 0.0252  |ddm|= 0.156
  HOMO = -0.235978980736574  LUMO = 0.0474820718283714
cycle= 3 E= 1002.85731945791  delta_E= -0.0007  |g|= 0.0126  |ddm|= 0.0748
  HOMO = -0.235285234961219  LUMO = 0.0480700550063418
cycle= 4 E= 1002.85721372826  delta_E= -0.000106  |g|= 0.00411  |ddm|= 0.0237
  HOMO = -0.23646601511428  LUMO = 0.0483442051804785
cycle= 5 E= 1002.85719016573  delta_E= -2.36e-05  |g|= 0.000935  |ddm|= 0.0157
  HOMO = -0.236501551392533  LUMO = 0.0484231262569257
cycle= 6 E= 1002.857189313  delta_E= -8.53e-07  |g|= 0.000289  |ddm|= 0.00298
  HOMO = -0.236536813293502  LUMO = 0.0484212988145028
cycle= 7 E= 1002.8571892748  delta_E= -3.82e-08  |g|= 7.88e-05  |ddm|= 0.000607
  HOMO = -0.236547624689598  LUMO = 0.0484157712956726
cycle= 8 E= 1002.85718927072  delta_E= -4.08e-09  |g|= 2.98e-05  |ddm|= 0.000191
  HOMO = -0.236549831941623  LUMO = 0.048413449444183
cycle= 9 E= 1002.85718926936  delta_E= -1.35e-09  |g|= 1.54e-05  |ddm|= 8.97e-05
  HOMO = -0.236550010083472  LUMO = 0.0484125544112545
cycle= 10 E= 1002.85718926911  delta_E= -2.47e-10  |g|= 5.12e-06  |ddm|= 3.33e-05
  HOMO = -0.236549899986785  LUMO = 0.0484122145363103
Extra cycle  E= 1002.85718926902  delta_E= -9.12e-11  |g|= 3.73e-06  |ddm|= 1.27e-05
converged SCF energy = 1002.85718926902
Difference in energy:  -659.8122668826512
E(MP2) = 1002.2812626715  E_corr = -0.575926597525733
Total energy =  -773.9950861484906
time elapsed:  33.98448371887207
