

******** <class 'pyscf.dft.rks.RKS'> ********
method = RKS-RHF
initial guess = minao
damping factor = 0
level_shift factor = 0
DIIS = <class 'pyscf.scf.diis.CDIIS'>
diis_start_cycle = 1
diis_space = 8
SCF conv_tol = 1e-09
SCF conv_tol_grad = 1e-05
SCF max_cycles = 1000
direct_scf = True
direct_scf_tol = 1e-13
chkfile to save SCF result = scf.fchk
max_memory 900000 MB (current use 79 MB)
XC library pyscf.dft.libxc version 5.1.7
    S. Lehtola, C. Steigemann, M. J. Oliveira, and M. A. Marques, SoftwareX 7, 1 (2018)
XC functionals = pbe
    J. P. Perdew, K. Burke, and M. Ernzerhof, Phys. Rev. Lett. 77, 3865 (1996)
    J. P. Perdew, K. Burke, and M. Ernzerhof, Phys. Rev. Lett. 78, 1396 (1997)
    J. P. Perdew, K. Burke, and M. Ernzerhof, Phys. Rev. Lett. 77, 3865 (1996)
    J. P. Perdew, K. Burke, and M. Ernzerhof, Phys. Rev. Lett. 78, 1396 (1997)
small_rho_cutoff = 1e-07
init E= -776.05190831025
  HOMO = -0.252253964449284  LUMO = -0.190705159427391
cycle= 1 E= -774.122729015033  delta_E= 1.93  |g|= 1.16  |ddm|= 6.27
  HOMO = -0.0450786845828517  LUMO = 0.0104956641846348
cycle= 2 E= -771.074762599163  delta_E= 3.05  |g|= 2.88  |ddm|= 3.93
  HOMO = -0.123144805082399  LUMO = -0.0689224141523707
cycle= 3 E= -773.609102412006  delta_E= -2.53  |g|= 1.49  |ddm|= 3.51
  HOMO = -0.158811980707306  LUMO = -0.097862634583938
cycle= 4 E= -774.426780591605  delta_E= -0.818  |g|= 0.333  |ddm|= 2.13
  HOMO = -0.174710602145401  LUMO = -0.113885259418988
cycle= 5 E= -774.389639743255  delta_E= 0.0371  |g|= 0.426  |ddm|= 1.01
  HOMO = -0.173683786176114  LUMO = -0.115646760985943
cycle= 6 E= -774.452062780046  delta_E= -0.0624  |g|= 0.175  |ddm|= 0.788
  HOMO = -0.173378182052771  LUMO = -0.114643349864138
cycle= 7 E= -774.461082521313  delta_E= -0.00902  |g|= 0.0612  |ddm|= 0.274
  HOMO = -0.172590370081811  LUMO = -0.113298606728482
cycle= 8 E= -774.461965166192  delta_E= -0.000883  |g|= 0.0307  |ddm|= 0.104
  HOMO = -0.172654516684223  LUMO = -0.113663920632859
cycle= 9 E= -774.462234126221  delta_E= -0.000269  |g|= 0.0113  |ddm|= 0.0425
  HOMO = -0.172821892880043  LUMO = -0.113755707358945
cycle= 10 E= -774.462251848573  delta_E= -1.77e-05  |g|= 0.00784  |ddm|= 0.0194
  HOMO = -0.172900742228992  LUMO = -0.113802847307699
cycle= 11 E= -774.462266411994  delta_E= -1.46e-05  |g|= 0.00367  |ddm|= 0.0126
  HOMO = -0.172845599313048  LUMO = -0.113745492984486
cycle= 12 E= -774.462270037163  delta_E= -3.63e-06  |g|= 0.000899  |ddm|= 0.00432
  HOMO = -0.172831795536415  LUMO = -0.113733191562045
cycle= 13 E= -774.462270277275  delta_E= -2.4e-07  |g|= 0.000358  |ddm|= 0.00121
  HOMO = -0.17282611130076  LUMO = -0.113730984533367
cycle= 14 E= -774.462270319193  delta_E= -4.19e-08  |g|= 0.000105  |ddm|= 0.000517
  HOMO = -0.172830428589306  LUMO = -0.113734585282727
cycle= 15 E= -774.462270291434  delta_E= 2.78e-08  |g|= 0.000296  |ddm|= 0.000495
  HOMO = -0.172830410833885  LUMO = -0.113735527171479
cycle= 16 E= -774.462270321504  delta_E= -3.01e-08  |g|= 6.4e-05  |ddm|= 0.000397
  HOMO = -0.172828884592117  LUMO = -0.113733889340043
cycle= 17 E= -774.462270321758  delta_E= -2.55e-10  |g|= 4.5e-05  |ddm|= 9.18e-05
  HOMO = -0.172828958035078  LUMO = -0.113734098091128
cycle= 18 E= -774.462270322307  delta_E= -5.49e-10  |g|= 2e-05  |ddm|= 7.17e-05
  HOMO = -0.172829151630175  LUMO = -0.113734024392102
cycle= 19 E= -774.462270322428  delta_E= -1.21e-10  |g|= 6.02e-06  |ddm|= 2.78e-05
  HOMO = -0.172829120593943  LUMO = -0.113734032436592
Extra cycle  E= -774.462270322352  delta_E= 7.59e-11  |g|= 1.66e-05  |ddm|= 2.64e-05
converged SCF energy = -774.462270322352
AOs:  [0, 1, 2, 3, 4, 5, 6, 7, 8, 9, 10, 11, 12, 13, 14, 15, 16, 17, 18, 19, 20, 21, 22, 23, 24, 25, 26, 27, 28, 29, 30, 31, 32, 33, 34, 35, 36, 37, 38, 39, 40, 41, 42, 43, 44, 45, 46, 47, 48, 49, 50, 51, 52, 53, 54, 55, 56, 57, 58, 59, 60, 61, 62, 63]
64

 AO indices used for projection:  [0, 1, 3, 4, 5, 14, 16, 17, 19, 20, 21, 30, 32, 33, 35, 36, 37, 46, 48, 49, 51, 52, 53, 62]
 # of orbitals to keep:  16
Number of Active MOs:  16
Number of Environment MOs:  54
Number of Virtual MOs:  244
 # electrons:            α            β
         Env:  54.00000000  54.00000000
         Act:  16.00000000  16.00000000
         Vir:   0.00000000   0.00000000
Number of electrons in the active space:  32

 The density matrix is idempotent!

 The density matrix is idempotent!


******** <class 'pyscf.scf.hf.RHF'> ********
method = RHF
initial guess = minao
damping factor = 0
level_shift factor = 0
DIIS = <class 'pyscf.scf.diis.CDIIS'>
diis_start_cycle = 1
diis_space = 8
SCF conv_tol = 1e-09
SCF conv_tol_grad = 1e-05
SCF max_cycles = 200
direct_scf = True
direct_scf_tol = 1e-13
chkfile to save SCF result = subsys_scf.chk
max_memory 900000 MB (current use 10412 MB)
init E= 1001.78716759709
  HOMO = -0.222156055811665  LUMO = 0.0409862630868666
cycle= 1 E= 1001.74050623512  delta_E= -0.0467  |g|= 0.0746  |ddm|= 0.783
  HOMO = -0.225981780316072  LUMO = 0.0426047129159881
cycle= 2 E= 1001.73701133327  delta_E= -0.00349  |g|= 0.0258  |ddm|= 0.16
  HOMO = -0.229180781103679  LUMO = 0.0450420943943858
cycle= 3 E= 1001.73625299164  delta_E= -0.000758  |g|= 0.0133  |ddm|= 0.0792
  HOMO = -0.228467132400072  LUMO = 0.0459139691908546
cycle= 4 E= 1001.73612772463  delta_E= -0.000125  |g|= 0.0045  |ddm|= 0.0261
  HOMO = -0.229784905714462  LUMO = 0.0462944015645958
cycle= 5 E= 1001.73609802484  delta_E= -2.97e-05  |g|= 0.00102  |ddm|= 0.0184
  HOMO = -0.229833536437825  LUMO = 0.0464047150675732
cycle= 6 E= 1001.73609696611  delta_E= -1.06e-06  |g|= 0.000328  |ddm|= 0.00342
  HOMO = -0.229871091075358  LUMO = 0.0464045825204587
cycle= 7 E= 1001.73609691482  delta_E= -5.13e-08  |g|= 9.8e-05  |ddm|= 0.000732
  HOMO = -0.229884460319364  LUMO = 0.0463971013235445
cycle= 8 E= 1001.73609690804  delta_E= -6.78e-09  |g|= 3.6e-05  |ddm|= 0.000243
  HOMO = -0.229886543365176  LUMO = 0.0463945862760226
cycle= 9 E= 1001.73609690689  delta_E= -1.15e-09  |g|= 2.1e-05  |ddm|= 0.000115
  HOMO = -0.229886783497389  LUMO = 0.0463934466041205
cycle= 10 E= 1001.7360969066  delta_E= -2.83e-10  |g|= 6.49e-06  |ddm|= 4.81e-05
  HOMO = -0.229886569885389  LUMO = 0.0463929681084911
Extra cycle  E= 1001.73609690616  delta_E= -4.43e-10  |g|= 4.58e-06  |ddm|= 1.8e-05
converged SCF energy = 1001.73609690616
Difference in energy:  -662.1702017563078
E(MP2) = 1001.15873723056  E_corr = -0.577359675600446
Total energy =  -773.9843954968983
time elapsed:  31.31797480583191
