

******** <class 'pyscf.dft.rks.RKS'> ********
method = RKS-RHF
initial guess = minao
damping factor = 0
level_shift factor = 0
DIIS = <class 'pyscf.scf.diis.CDIIS'>
diis_start_cycle = 1
diis_space = 8
SCF conv_tol = 1e-09
SCF conv_tol_grad = 1e-05
SCF max_cycles = 1000
direct_scf = True
direct_scf_tol = 1e-13
chkfile to save SCF result = scf.fchk
max_memory 900000 MB (current use 79 MB)
XC library pyscf.dft.libxc version 5.1.7
    S. Lehtola, C. Steigemann, M. J. Oliveira, and M. A. Marques, SoftwareX 7, 1 (2018)
XC functionals = pbe
    J. P. Perdew, K. Burke, and M. Ernzerhof, Phys. Rev. Lett. 77, 3865 (1996)
    J. P. Perdew, K. Burke, and M. Ernzerhof, Phys. Rev. Lett. 78, 1396 (1997)
    J. P. Perdew, K. Burke, and M. Ernzerhof, Phys. Rev. Lett. 77, 3865 (1996)
    J. P. Perdew, K. Burke, and M. Ernzerhof, Phys. Rev. Lett. 78, 1396 (1997)
small_rho_cutoff = 1e-07
init E= -776.050242153316
  HOMO = -0.248949751275923  LUMO = -0.194076809624189
cycle= 1 E= -774.109134354989  delta_E= 1.94  |g|= 1.16  |ddm|= 6.27
  HOMO = -0.0461443544806031  LUMO = 0.0037228214356731
cycle= 2 E= -771.010326314456  delta_E=  3.1  |g|= 2.89  |ddm|= 3.96
  HOMO = -0.123984450977842  LUMO = -0.0646853345714511
cycle= 3 E= -773.625732112825  delta_E= -2.62  |g|= 1.47  |ddm|= 3.57
  HOMO = -0.155254064491076  LUMO = -0.10275856491779
cycle= 4 E= -774.411351535809  delta_E= -0.786  |g|= 0.347  |ddm|= 2.14
  HOMO = -0.173876028764228  LUMO = -0.114126949794606
cycle= 5 E= -774.359967600168  delta_E= 0.0514  |g|= 0.471  |ddm|= 1.13
  HOMO = -0.169172451101052  LUMO = -0.118859643955354
cycle= 6 E= -774.437600919574  delta_E= -0.0776  |g|= 0.196  |ddm|= 0.925
  HOMO = -0.17001645425384  LUMO = -0.118633256049715
cycle= 7 E= -774.449362885071  delta_E= -0.0118  |g|= 0.076  |ddm|= 0.347
  HOMO = -0.168608793298892  LUMO = -0.117049679146282
cycle= 8 E= -774.450983814658  delta_E= -0.00162  |g|= 0.0333  |ddm|= 0.134
  HOMO = -0.168870639431646  LUMO = -0.117569423078464
cycle= 9 E= -774.451292331221  delta_E= -0.000309  |g|= 0.0131  |ddm|= 0.0474
  HOMO = -0.169031927093228  LUMO = -0.117646199619165
cycle= 10 E= -774.451320736037  delta_E= -2.84e-05  |g|= 0.00835  |ddm|= 0.0222
  HOMO = -0.169131936182932  LUMO = -0.117740659567925
cycle= 11 E= -774.451337375007  delta_E= -1.66e-05  |g|= 0.00391  |ddm|= 0.0137
  HOMO = -0.169072608158219  LUMO = -0.117677425070209
cycle= 12 E= -774.451341390745  delta_E= -4.02e-06  |g|= 0.00108  |ddm|= 0.00464
  HOMO = -0.169048041815913  LUMO = -0.117652783859927
cycle= 13 E= -774.451341738852  delta_E= -3.48e-07  |g|= 0.000386  |ddm|= 0.00146
  HOMO = -0.169046684044682  LUMO = -0.117653242892881
cycle= 14 E= -774.451341791644  delta_E= -5.28e-08  |g|= 8.13e-05  |ddm|= 0.000583
  HOMO = -0.169049718489392  LUMO = -0.117655168453344
cycle= 15 E= -774.45134177781  delta_E= 1.38e-08  |g|= 0.000206  |ddm|= 0.000363
  HOMO = -0.169049479338021  LUMO = -0.117655999783386
cycle= 16 E= -774.451341792536  delta_E= -1.47e-08  |g|= 6.92e-05  |ddm|= 0.000292
  HOMO = -0.169048107806455  LUMO = -0.117654669686823
cycle= 17 E= -774.451341793223  delta_E= -6.87e-10  |g|= 3.38e-05  |ddm|= 9.06e-05
  HOMO = -0.169048365594753  LUMO = -0.117654885684393
cycle= 18 E= -774.451341793522  delta_E= -2.99e-10  |g|= 1.73e-05  |ddm|= 6.2e-05
  HOMO = -0.169048438096943  LUMO = -0.117654842910572
cycle= 19 E= -774.45134179362  delta_E= -9.87e-11  |g|= 4.69e-06  |ddm|= 2.41e-05
  HOMO = -0.169048358370961  LUMO = -0.117654864280302
Extra cycle  E= -774.45134179355  delta_E= 7.03e-11  |g|= 1.48e-05  |ddm|= 2.51e-05
converged SCF energy = -774.45134179355
AOs:  [0, 1, 2, 3, 4, 5, 6, 7, 8, 9, 10, 11, 12, 13, 14, 15, 16, 17, 18, 19, 20, 21, 22, 23, 24, 25, 26, 27, 28, 29, 30, 31, 32, 33, 34, 35, 36, 37, 38, 39, 40, 41, 42, 43, 44, 45, 46, 47, 48, 49, 50, 51, 52, 53, 54, 55, 56, 57, 58, 59, 60, 61, 62, 63]
64

 AO indices used for projection:  [0, 1, 3, 4, 5, 14, 16, 17, 19, 20, 21, 30, 32, 33, 35, 36, 37, 46, 48, 49, 51, 52, 53, 62]
 # of orbitals to keep:  16
Number of Active MOs:  16
Number of Environment MOs:  54
Number of Virtual MOs:  244
 # electrons:            α            β
         Env:  54.00000000  54.00000000
         Act:  16.00000000  16.00000000
         Vir:  -0.00000000  -0.00000000
Number of electrons in the active space:  32

 The density matrix is idempotent!

 The density matrix is idempotent!


******** <class 'pyscf.scf.hf.RHF'> ********
method = RHF
initial guess = minao
damping factor = 0
level_shift factor = 0
DIIS = <class 'pyscf.scf.diis.CDIIS'>
diis_start_cycle = 1
diis_space = 8
SCF conv_tol = 1e-09
SCF conv_tol_grad = 1e-05
SCF max_cycles = 200
direct_scf = True
direct_scf_tol = 1e-13
chkfile to save SCF result = subsys_scf.chk
max_memory 900000 MB (current use 10410 MB)
init E= 1000.45276275238
  HOMO = -0.213030123470697  LUMO = 0.0358697657352993
cycle= 1 E= 1000.40587303802  delta_E= -0.0469  |g|= 0.0752  |ddm|= 0.777
  HOMO = -0.216808734398296  LUMO = 0.038465272219421
cycle= 2 E= 1000.40224571001  delta_E= -0.00363  |g|= 0.0267  |ddm|= 0.166
  HOMO = -0.22044688220087  LUMO = 0.041411463077621
cycle= 3 E= 1000.40141067033  delta_E= -0.000835  |g|= 0.0145  |ddm|= 0.085
  HOMO = -0.219684310614406  LUMO = 0.0426968516012733
cycle= 4 E= 1000.40125366846  delta_E= -0.000157  |g|= 0.00505  |ddm|= 0.0296
  HOMO = -0.221182451282451  LUMO = 0.0432386294875961
cycle= 5 E= 1000.40121341105  delta_E= -4.03e-05  |g|= 0.00118  |ddm|= 0.0223
  HOMO = -0.221252004256863  LUMO = 0.0433940880667587
cycle= 6 E= 1000.40121196318  delta_E= -1.45e-06  |g|= 0.000393  |ddm|= 0.00409
  HOMO = -0.221290638814154  LUMO = 0.0433968165595778
cycle= 7 E= 1000.40121188101  delta_E= -8.22e-08  |g|= 0.000132  |ddm|= 0.000932
  HOMO = -0.221307521526612  LUMO = 0.0433848549499507
cycle= 8 E= 1000.40121186757  delta_E= -1.34e-08  |g|= 4.91e-05  |ddm|= 0.000349
  HOMO = -0.221308922280325  LUMO = 0.0433813980728906
cycle= 9 E= 1000.40121186409  delta_E= -3.48e-09  |g|= 3.17e-05  |ddm|= 0.000185
  HOMO = -0.221308960577142  LUMO = 0.0433795650806348
cycle= 10 E= 1000.4012118637  delta_E= -3.83e-10  |g|= 9.9e-06  |ddm|= 8.66e-05
  HOMO = -0.221308410032027  LUMO = 0.0433787995376673
Extra cycle  E= 1000.40121186324  delta_E= -4.58e-10  |g|= 6.71e-06  |ddm|= 2.98e-05
converged SCF energy = 1000.40121186324
Difference in energy:  -665.3294663063216
E(MP2) = 999.822057247017  E_corr = -0.579154616227205
Total energy =  -773.9702273044145
time elapsed:  32.278146505355835
