

******** <class 'pyscf.dft.rks.RKS'> ********
method = RKS-RHF
initial guess = minao
damping factor = 0
level_shift factor = 0
DIIS = <class 'pyscf.scf.diis.CDIIS'>
diis_start_cycle = 1
diis_space = 8
SCF conv_tol = 1e-09
SCF conv_tol_grad = 1e-05
SCF max_cycles = 1000
direct_scf = True
direct_scf_tol = 1e-13
chkfile to save SCF result = scf.fchk
max_memory 900000 MB (current use 79 MB)
XC library pyscf.dft.libxc version 5.1.7
    S. Lehtola, C. Steigemann, M. J. Oliveira, and M. A. Marques, SoftwareX 7, 1 (2018)
XC functionals = pbe
    J. P. Perdew, K. Burke, and M. Ernzerhof, Phys. Rev. Lett. 77, 3865 (1996)
    J. P. Perdew, K. Burke, and M. Ernzerhof, Phys. Rev. Lett. 78, 1396 (1997)
    J. P. Perdew, K. Burke, and M. Ernzerhof, Phys. Rev. Lett. 77, 3865 (1996)
    J. P. Perdew, K. Burke, and M. Ernzerhof, Phys. Rev. Lett. 78, 1396 (1997)
small_rho_cutoff = 1e-07
init E= -776.047798795052
  HOMO = -0.235019146860402  LUMO = -0.206521259284493
cycle= 1 E= -774.011944646362  delta_E= 2.04  |g|= 1.19  |ddm|= 6.28
  HOMO = -0.00157367964470548  LUMO = 0.00183692930548279
cycle= 2 E= -764.212108471776  delta_E=  9.8  |g|= 4.19  |ddm|=    6
  HOMO = -0.0974210585551566  LUMO = -0.0703797650691743
cycle= 3 E= -773.844776543231  delta_E= -9.63  |g|= 1.24  |ddm|= 5.59
  HOMO = -0.10105311980938  LUMO = -0.0866402730477236
cycle= 4 E= -772.611021351053  delta_E= 1.23  |g|= 1.92  |ddm|=  3.4
  HOMO = -0.134651415219832  LUMO = -0.0983833717580458
cycle= 5 E= -774.106582582118  delta_E= -1.5  |g|= 0.726  |ddm|= 2.67
  HOMO = -0.158086897003238  LUMO = -0.129767448619989
cycle= 6 E= -774.29520324503  delta_E= -0.189  |g|= 0.522  |ddm|= 2.13
  HOMO = -0.15077577764628  LUMO = -0.13545050053346
cycle= 7 E= -774.379282864705  delta_E= -0.0841  |g|= 0.239  |ddm|= 1.34
  HOMO = -0.147416280814807  LUMO = -0.131836139058215
cycle= 8 E= -774.402480046737  delta_E= -0.0232  |g|= 0.124  |ddm|= 0.634
  HOMO = -0.150690982659972  LUMO = -0.135948736369342
cycle= 9 E= -774.405764180322  delta_E= -0.00328  |g|= 0.0773  |ddm|= 0.292
  HOMO = -0.150420509664776  LUMO = -0.135559959461055
cycle= 10 E= -774.407561349279  delta_E= -0.0018  |g|= 0.0346  |ddm|= 0.123
  HOMO = -0.150098847697131  LUMO = -0.135256560621987
cycle= 11 E= -774.407547228701  delta_E= 1.41e-05  |g|= 0.0271  |ddm|= 0.0573
  HOMO = -0.149992148451174  LUMO = -0.135079664892347
cycle= 12 E= -774.407838038441  delta_E= -0.000291  |g|= 0.0123  |ddm|= 0.0319
  HOMO = -0.150069807682034  LUMO = -0.135129881889338
cycle= 13 E= -774.407888813786  delta_E= -5.08e-05  |g|= 0.00654  |ddm|= 0.0115
  HOMO = -0.150111214148798  LUMO = -0.135147784617198
cycle= 14 E= -774.407909646256  delta_E= -2.08e-05  |g|= 0.00176  |ddm|= 0.0117
  HOMO = -0.150083088562866  LUMO = -0.135108636405243
cycle= 15 E= -774.407910630711  delta_E= -9.84e-07  |g|= 0.000847  |ddm|= 0.00417
  HOMO = -0.15007920074059  LUMO = -0.135107281771532
cycle= 16 E= -774.40791090955  delta_E= -2.79e-07  |g|= 0.000206  |ddm|= 0.00142
  HOMO = -0.150086072309242  LUMO = -0.135114626724325
cycle= 17 E= -774.407910904617  delta_E= 4.93e-09  |g|= 0.000199  |ddm|= 0.00049
  HOMO = -0.150082525939447  LUMO = -0.135110851111928
cycle= 18 E= -774.407910915606  delta_E= -1.1e-08  |g|= 0.000107  |ddm|= 0.000268
  HOMO = -0.15008547610699  LUMO = -0.135113216001761
cycle= 19 E= -774.407910919311  delta_E= -3.7e-09  |g|= 7.7e-05  |ddm|= 0.000277
  HOMO = -0.150085975816404  LUMO = -0.135113542412903
cycle= 20 E= -774.407910918117  delta_E= 1.19e-09  |g|= 7.75e-05  |ddm|= 0.000156
  HOMO = -0.150085045722617  LUMO = -0.135112884067255
cycle= 21 E= -774.407910921139  delta_E= -3.02e-09  |g|= 1.54e-05  |ddm|= 0.000134
  HOMO = -0.150084852860123  LUMO = -0.135112756869862
cycle= 22 E= -774.407910921239  delta_E= -1.01e-10  |g|= 3.69e-06  |ddm|= 2.31e-05
  HOMO = -0.150084420264159  LUMO = -0.135112686052907
Extra cycle  E= -774.407910919606  delta_E= 1.63e-09  |g|= 5.66e-05  |ddm|= 0.000127
converged SCF energy = -774.407910919606
AOs:  [0, 1, 2, 3, 4, 5, 6, 7, 8, 9, 10, 11, 12, 13, 14, 15, 16, 17, 18, 19, 20, 21, 22, 23, 24, 25, 26, 27, 28, 29, 30, 31, 32, 33, 34, 35, 36, 37, 38, 39, 40, 41, 42, 43, 44, 45, 46, 47, 48, 49, 50, 51, 52, 53, 54, 55, 56, 57, 58, 59, 60, 61, 62, 63]
64

 AO indices used for projection:  [0, 1, 3, 4, 5, 14, 16, 17, 19, 20, 21, 30, 32, 33, 35, 36, 37, 46, 48, 49, 51, 52, 53, 62]
 # of orbitals to keep:  16
Number of Active MOs:  16
Number of Environment MOs:  54
Number of Virtual MOs:  244
 # electrons:            α            β
         Env:  54.00000000  54.00000000
         Act:  16.00000000  16.00000000
         Vir:  -0.00000000  -0.00000000
Number of electrons in the active space:  32

 The density matrix is idempotent!

 The density matrix is idempotent!


******** <class 'pyscf.scf.hf.RHF'> ********
method = RHF
initial guess = minao
damping factor = 0
level_shift factor = 0
DIIS = <class 'pyscf.scf.diis.CDIIS'>
diis_start_cycle = 1
diis_space = 8
SCF conv_tol = 1e-09
SCF conv_tol_grad = 1e-05
SCF max_cycles = 200
direct_scf = True
direct_scf_tol = 1e-13
chkfile to save SCF result = subsys_scf.chk
max_memory 900000 MB (current use 10411 MB)
init E= 995.86089487882
  HOMO = -0.174314971837468  LUMO = 0.0124067430463944
cycle= 1 E= 995.812954091786  delta_E= -0.0479  |g|= 0.0802  |ddm|= 0.798
  HOMO = -0.17624963976056  LUMO = 0.0163993344535506
cycle= 2 E= 995.808823789603  delta_E= -0.00413  |g|= 0.032  |ddm|= 0.203
  HOMO = -0.181968282812582  LUMO = 0.0196151834035238
cycle= 3 E= 995.807665191125  delta_E= -0.00116  |g|= 0.0234  |ddm|= 0.107
  HOMO = -0.180921252730405  LUMO = 0.022586369631625
cycle= 4 E= 995.807216769439  delta_E= -0.000448  |g|= 0.00873  |ddm|= 0.0584
  HOMO = -0.18304400649298  LUMO = 0.0240082061263084
cycle= 5 E= 995.807042865347  delta_E= -0.000174  |g|= 0.00306  |ddm|= 0.0549
  HOMO = -0.183298960058603  LUMO = 0.0244841683091035
cycle= 6 E= 995.807028029953  delta_E= -1.48e-05  |g|= 0.00154  |ddm|= 0.0145
  HOMO = -0.183299096704233  LUMO = 0.0244547569118086
cycle= 7 E= 995.807024836827  delta_E= -3.19e-06  |g|= 0.000832  |ddm|= 0.00633
  HOMO = -0.183277152535703  LUMO = 0.024335800879588
cycle= 8 E= 995.807023116394  delta_E= -1.72e-06  |g|= 0.000516  |ddm|= 0.00567
  HOMO = -0.183235458861503  LUMO = 0.0242682624588051
cycle= 9 E= 995.80702253384  delta_E= -5.83e-07  |g|= 0.000143  |ddm|= 0.00472
  HOMO = -0.183204366735853  LUMO = 0.0242580475667625
cycle= 10 E= 995.80702249979  delta_E= -3.4e-08  |g|= 6.88e-05  |ddm|= 0.000972
  HOMO = -0.183199131832803  LUMO = 0.0242437860575103
cycle= 11 E= 995.807022493905  delta_E= -5.88e-09  |g|= 2.38e-05  |ddm|= 0.000574
  HOMO = -0.183197982716413  LUMO = 0.0242443298165995
cycle= 12 E= 995.807022493621  delta_E= -2.84e-10  |g|= 6.64e-06  |ddm|= 6.65e-05
  HOMO = -0.183197146850364  LUMO = 0.0242440849971835
Extra cycle  E= 995.807022493123  delta_E= -4.98e-10  |g|= 3.18e-06  |ddm|= 1.95e-05
converged SCF energy = 995.807022493123
Difference in energy:  -679.7402615358839
E(MP2) = 995.220898814684  E_corr = -0.586123678439014
Total energy =  -773.9108004479345
time elapsed:  36.96277403831482
