

******** <class 'pyscf.dft.rks.RKS'> ********
method = RKS-RHF
initial guess = minao
damping factor = 0
level_shift factor = 0
DIIS = <class 'pyscf.scf.diis.CDIIS'>
diis_start_cycle = 1
diis_space = 8
SCF conv_tol = 1e-09
SCF conv_tol_grad = 1e-05
SCF max_cycles = 1000
direct_scf = True
direct_scf_tol = 1e-13
chkfile to save SCF result = scf.fchk
max_memory 900000 MB (current use 79 MB)
XC library pyscf.dft.libxc version 5.1.7
    S. Lehtola, C. Steigemann, M. J. Oliveira, and M. A. Marques, SoftwareX 7, 1 (2018)
XC functionals = pbe
    J. P. Perdew, K. Burke, and M. Ernzerhof, Phys. Rev. Lett. 77, 3865 (1996)
    J. P. Perdew, K. Burke, and M. Ernzerhof, Phys. Rev. Lett. 78, 1396 (1997)
    J. P. Perdew, K. Burke, and M. Ernzerhof, Phys. Rev. Lett. 77, 3865 (1996)
    J. P. Perdew, K. Burke, and M. Ernzerhof, Phys. Rev. Lett. 78, 1396 (1997)
small_rho_cutoff = 1e-07
init E= -776.047611650315
  HOMO = -0.233260414044906  LUMO = -0.208051896150229
cycle= 1 E= -773.982353288033  delta_E= 2.07  |g|=  1.2  |ddm|= 6.28
  HOMO = -0.0124500148130249  LUMO = 0.00322703354444869
cycle= 2 E= -762.772977394523  delta_E= 11.2  |g|=  3.8  |ddm|= 6.26
  HOMO = -0.105092647228586  LUMO = -0.0652865786317139
cycle= 3 E= -773.659415370042  delta_E= -10.9  |g|= 1.39  |ddm|=  5.9
  HOMO = -0.110009225969111  LUMO = -0.0800164766706363
cycle= 4 E= -772.849756408293  delta_E= 0.81  |g|= 1.77  |ddm|= 3.35
  HOMO = -0.144213133710435  LUMO = -0.0909164147830278
cycle= 5 E= -774.049578652229  delta_E= -1.2  |g|= 0.801  |ddm|=  2.6
  HOMO = -0.15175790530125  LUMO = -0.129932445151181
cycle= 6 E= -774.274775586476  delta_E= -0.225  |g|= 0.514  |ddm|= 2.29
  HOMO = -0.149421033444558  LUMO = -0.135483111468187
cycle= 7 E= -774.219072866337  delta_E= 0.0557  |g|= 0.543  |ddm|= 2.09
  HOMO = -0.143022412417776  LUMO = -0.135532738568473
cycle= 8 E= -774.374367663383  delta_E= -0.155  |g|= 0.226  |ddm|= 1.73
  HOMO = -0.145239188355269  LUMO = -0.139223996997162
cycle= 9 E= -774.395024243688  delta_E= -0.0207  |g|= 0.106  |ddm|= 0.508
  HOMO = -0.143904398311967  LUMO = -0.13798352310465
cycle= 10 E= -774.396537137312  delta_E= -0.00151  |g|= 0.0684  |ddm|= 0.19
  HOMO = -0.145146611325428  LUMO = -0.139074346219603
cycle= 11 E= -774.395524790724  delta_E= 0.00101  |g|= 0.0771  |ddm|= 0.104
  HOMO = -0.14512723135545  LUMO = -0.139239074097363
cycle= 12 E= -774.398059284224  delta_E= -0.00253  |g|= 0.0304  |ddm|= 0.119
  HOMO = -0.145312488612828  LUMO = -0.139097112199894
cycle= 13 E= -774.393339903827  delta_E= 0.00472  |g|= 0.0968  |ddm|= 0.177
  HOMO = -0.145508347646105  LUMO = -0.139200520244513
cycle= 14 E= -774.391850353633  delta_E= 0.00149  |g|= 0.109  |ddm|= 0.0326
  HOMO = -0.145653270320695  LUMO = -0.139288089601772
cycle= 15 E= -774.390859866029  delta_E= 0.00099  |g|= 0.116  |ddm|= 0.0206
  HOMO = -0.14543436119363  LUMO = -0.139385266225165
cycle= 16 E= -774.395932078751  delta_E= -0.00507  |g|= 0.0674  |ddm|= 0.123
  HOMO = -0.14536624256674  LUMO = -0.139452214388588
cycle= 17 E= -774.397527282411  delta_E= -0.0016  |g|= 0.0416  |ddm|= 0.0664
  HOMO = -0.145240445678025  LUMO = -0.139311013716474
cycle= 18 E= -774.397371855652  delta_E= 0.000155  |g|= 0.0443  |ddm|= 0.014
  HOMO = -0.145288251317587  LUMO = -0.139365217576305
cycle= 19 E= -774.397504126988  delta_E= -0.000132  |g|= 0.0415  |ddm|= 0.00728
  HOMO = -0.145291393418425  LUMO = -0.13938905255699
cycle= 20 E= -774.397774539888  delta_E= -0.00027  |g|= 0.0354  |ddm|= 0.0168
  HOMO = -0.145247106383747  LUMO = -0.13935223608731
cycle= 21 E= -774.397830663317  delta_E= -5.61e-05  |g|= 0.0336  |ddm|= 0.00576
  HOMO = -0.145420105502683  LUMO = -0.139543975258562
cycle= 22 E= -774.397978569753  delta_E= -0.000148  |g|= 0.0291  |ddm|= 0.0163
  HOMO = -0.145186053693013  LUMO = -0.139318635582325
cycle= 23 E= -774.398028478542  delta_E= -4.99e-05  |g|= 0.0273  |ddm|= 0.0147
  HOMO = -0.145218560860275  LUMO = -0.139396010776732
cycle= 24 E= -774.398335172232  delta_E= -0.000307  |g|= 0.0138  |ddm|= 0.0315
  HOMO = -0.145207693734678  LUMO = -0.139423839002886
cycle= 25 E= -774.39842733467  delta_E= -9.22e-05  |g|= 0.0047  |ddm|= 0.0406
  HOMO = -0.145232270407341  LUMO = -0.139433946449351
cycle= 26 E= -774.398434150012  delta_E= -6.82e-06  |g|= 0.0024  |ddm|= 0.0143
  HOMO = -0.145219631082303  LUMO = -0.139424974912439
cycle= 27 E= -774.398436611102  delta_E= -2.46e-06  |g|= 0.00121  |ddm|= 0.0039
  HOMO = -0.14520946725556  LUMO = -0.139415797779952
cycle= 28 E= -774.398436765529  delta_E= -1.54e-07  |g|= 0.0009  |ddm|= 0.00117
  HOMO = -0.14521601243287  LUMO = -0.139423100002963
cycle= 29 E= -774.398437048499  delta_E= -2.83e-07  |g|= 0.000499  |ddm|= 0.000905
  HOMO = -0.145217061650755  LUMO = -0.139425235655728
cycle= 30 E= -774.398437172159  delta_E= -1.24e-07  |g|= 0.0002  |ddm|= 0.00108
  HOMO = -0.145214031986206  LUMO = -0.139422684895551
cycle= 31 E= -774.39843716867  delta_E= 3.49e-09  |g|= 0.000187  |ddm|= 0.000526
  HOMO = -0.14521853458482  LUMO = -0.13942722508375
cycle= 32 E= -774.398437164709  delta_E= 3.96e-09  |g|= 0.000203  |ddm|= 0.000294
  HOMO = -0.145216167665344  LUMO = -0.139424610338073
cycle= 33 E= -774.398437179231  delta_E= -1.45e-08  |g|= 0.00011  |ddm|= 0.000238
  HOMO = -0.145215913381513  LUMO = -0.139424248662855
cycle= 34 E= -774.39843718325  delta_E= -4.02e-09  |g|= 4.36e-05  |ddm|= 0.000132
  HOMO = -0.145215983177043  LUMO = -0.139424232459996
cycle= 35 E= -774.398437184268  delta_E= -1.02e-09  |g|= 1.99e-06  |ddm|= 9.96e-05
  HOMO = -0.145216037947565  LUMO = -0.139424280897237
cycle= 36 E= -774.39843718426  delta_E= 7.5e-12  |g|= 4.3e-06  |ddm|= 9.13e-06
  HOMO = -0.145215615443303  LUMO = -0.139424246928247
Extra cycle  E= -774.398437174395  delta_E= 9.86e-09  |g|= 0.000136  |ddm|= 0.000319
converged SCF energy = -774.398437174395
AOs:  [0, 1, 2, 3, 4, 5, 6, 7, 8, 9, 10, 11, 12, 13, 14, 15, 16, 17, 18, 19, 20, 21, 22, 23, 24, 25, 26, 27, 28, 29, 30, 31, 32, 33, 34, 35, 36, 37, 38, 39, 40, 41, 42, 43, 44, 45, 46, 47, 48, 49, 50, 51, 52, 53, 54, 55, 56, 57, 58, 59, 60, 61, 62, 63]
64

 AO indices used for projection:  [0, 1, 3, 4, 5, 14, 16, 17, 19, 20, 21, 30, 32, 33, 35, 36, 37, 46, 48, 49, 51, 52, 53, 62]
 # of orbitals to keep:  16
Number of Active MOs:  16
Number of Environment MOs:  54
Number of Virtual MOs:  244
 # electrons:            α            β
         Env:  54.00000000  54.00000000
         Act:  16.00000000  16.00000000
         Vir:  -0.00000000  -0.00000000
Number of electrons in the active space:  32

 The density matrix is idempotent!

 The density matrix is idempotent!


******** <class 'pyscf.scf.hf.RHF'> ********
method = RHF
initial guess = minao
damping factor = 0
level_shift factor = 0
DIIS = <class 'pyscf.scf.diis.CDIIS'>
diis_start_cycle = 1
diis_space = 8
SCF conv_tol = 1e-09
SCF conv_tol_grad = 1e-05
SCF max_cycles = 200
direct_scf = True
direct_scf_tol = 1e-13
chkfile to save SCF result = subsys_scf.chk
max_memory 900000 MB (current use 10591 MB)
init E= 994.952655916108
  HOMO = -0.164731379595976  LUMO = 0.00659243430743317
cycle= 1 E= 994.904435541285  delta_E= -0.0482  |g|= 0.0833  |ddm|= 0.808
  HOMO = -0.165656455330684  LUMO = 0.0100539949148575
cycle= 2 E= 994.900181894706  delta_E= -0.00425  |g|= 0.0342  |ddm|= 0.218
  HOMO = -0.171966282066218  LUMO = 0.0130316348576674
cycle= 3 E= 994.898925913984  delta_E= -0.00126  |g|= 0.0269  |ddm|= 0.113
  HOMO = -0.17084814578717  LUMO = 0.0161592487114386
cycle= 4 E= 994.898330492909  delta_E= -0.000595  |g|= 0.0107  |ddm|= 0.0714
  HOMO = -0.172959955689877  LUMO = 0.0176469498542811
cycle= 5 E= 994.898057754519  delta_E= -0.000273  |g|= 0.00456  |ddm|= 0.0719
  HOMO = -0.173282423926861  LUMO = 0.0182882381898511
cycle= 6 E= 994.898017153192  delta_E= -4.06e-05  |g|= 0.00273  |ddm|= 0.0257
  HOMO = -0.173232623743214  LUMO = 0.0181762748499345
cycle= 7 E= 994.898005228791  delta_E= -1.19e-05  |g|= 0.00166  |ddm|= 0.0129
  HOMO = -0.17310353865693  LUMO = 0.017956973644162
cycle= 8 E= 994.897996949208  delta_E= -8.28e-06  |g|= 0.00113  |ddm|= 0.0138
  HOMO = -0.172998215783439  LUMO = 0.0177457850143344
cycle= 9 E= 994.897993722572  delta_E= -3.23e-06  |g|= 0.0003  |ddm|= 0.0129
  HOMO = -0.172925747911914  LUMO = 0.0177263376567255
cycle= 10 E= 994.897993550604  delta_E= -1.72e-07  |g|= 0.000121  |ddm|= 0.00253
  HOMO = -0.172908476586839  LUMO = 0.0176936073463074
cycle= 11 E= 994.89799352474  delta_E= -2.59e-08  |g|= 3.85e-05  |ddm|= 0.00127
  HOMO = -0.172906268473935  LUMO = 0.0176916676057008
cycle= 12 E= 994.897993523487  delta_E= -1.25e-09  |g|= 1.01e-05  |ddm|= 0.000129
  HOMO = -0.172904799738952  LUMO = 0.0176909603435609
cycle= 13 E= 994.897993523652  delta_E= 1.64e-10  |g|= 3.69e-06  |ddm|= 9.09e-05
  HOMO = -0.17290545009863  LUMO = 0.0176907271815577
Extra cycle  E= 994.897993523573  delta_E= -7.84e-11  |g|= 2.03e-06  |ddm|= 1.05e-05
converged SCF energy = 994.897993523573
Difference in energy:  -683.286905470441
E(MP2) = 994.311277686168  E_corr = -0.586715837405455
Total energy =  -773.8962669295545
time elapsed:  49.66792416572571
