

******** <class 'pyscf.dft.rks.RKS'> ********
method = RKS-RHF
initial guess = minao
damping factor = 0
level_shift factor = 0
DIIS = <class 'pyscf.scf.diis.CDIIS'>
diis_start_cycle = 1
diis_space = 8
SCF conv_tol = 1e-09
SCF conv_tol_grad = 1e-05
SCF max_cycles = 1000
direct_scf = True
direct_scf_tol = 1e-13
chkfile to save SCF result = scf.fchk
max_memory 900000 MB (current use 79 MB)
XC library pyscf.dft.libxc version 5.1.7
    S. Lehtola, C. Steigemann, M. J. Oliveira, and M. A. Marques, SoftwareX 7, 1 (2018)
XC functionals = pbe
    J. P. Perdew, K. Burke, and M. Ernzerhof, Phys. Rev. Lett. 77, 3865 (1996)
    J. P. Perdew, K. Burke, and M. Ernzerhof, Phys. Rev. Lett. 78, 1396 (1997)
    J. P. Perdew, K. Burke, and M. Ernzerhof, Phys. Rev. Lett. 77, 3865 (1996)
    J. P. Perdew, K. Burke, and M. Ernzerhof, Phys. Rev. Lett. 78, 1396 (1997)
small_rho_cutoff = 1e-07
init E= -776.047586343539
  HOMO = -0.233094654716983  LUMO = -0.208192866331424
cycle= 1 E= -773.979084547924  delta_E= 2.07  |g|=  1.2  |ddm|= 6.28
  HOMO = -0.0137672872717734  LUMO = 0.00211668768209672
cycle= 2 E= -762.733889657312  delta_E= 11.2  |g|= 3.81  |ddm|= 6.26
  HOMO = -0.103546929699832  LUMO = -0.0660774392108145
cycle= 3 E= -773.661812813421  delta_E= -10.9  |g|= 1.39  |ddm|=  5.9
  HOMO = -0.109710369497233  LUMO = -0.0790230561396645
cycle= 4 E= -772.841117790574  delta_E= 0.821  |g|= 1.78  |ddm|= 3.35
  HOMO = -0.143954753645361  LUMO = -0.0904920220423765
cycle= 5 E= -774.047137202484  delta_E= -1.21  |g|= 0.803  |ddm|=  2.6
  HOMO = -0.151053661314521  LUMO = -0.130450558996284
cycle= 6 E= -774.27131428168  delta_E= -0.224  |g|= 0.517  |ddm|=  2.3
  HOMO = -0.149476829892104  LUMO = -0.134876867013292
cycle= 7 E= -774.201837969964  delta_E= 0.0695  |g|= 0.559  |ddm|= 2.16
  HOMO = -0.142005023127674  LUMO = -0.136325970924782
cycle= 8 E= -774.372657810973  delta_E= -0.171  |g|= 0.225  |ddm|= 1.82
  HOMO = -0.144288644658605  LUMO = -0.139888297506105
cycle= 9 E= -774.393603169334  delta_E= -0.0209  |g|= 0.104  |ddm|= 0.577
  HOMO = -0.143275927787256  LUMO = -0.13887543038059
cycle= 10 E= -774.393309100484  delta_E= 0.000294  |g|= 0.088  |ddm|= 0.271
  HOMO = -0.144045977862181  LUMO = -0.13969381268245
cycle= 11 E= -774.395397262527  delta_E= -0.00209  |g|= 0.0566  |ddm|= 0.083
  HOMO = -0.144200084244691  LUMO = -0.139968911092124
cycle= 12 E= -774.396754811986  delta_E= -0.00136  |g|= 0.0175  |ddm|= 0.14
  HOMO = -0.144547380579932  LUMO = -0.14006492654645
cycle= 13 E= -774.393161752257  delta_E= 0.00359  |g|= 0.0821  |ddm|= 0.218
  HOMO = -0.144593067811103  LUMO = -0.140088345125729
cycle= 14 E= -774.392749799969  delta_E= 0.000412  |g|= 0.0862  |ddm|= 0.011
  HOMO = -0.144602503558282  LUMO = -0.140086114237689
cycle= 15 E= -774.392506496439  delta_E= 0.000243  |g|= 0.0886  |ddm|= 0.00666
  HOMO = -0.14451628382758  LUMO = -0.140137995345175
cycle= 16 E= -774.395239133288  delta_E= -0.00273  |g|= 0.0544  |ddm|= 0.0852
  HOMO = -0.144424193152965  LUMO = -0.140163486928829
cycle= 17 E= -774.396668815315  delta_E= -0.00143  |g|= 0.0197  |ddm|= 0.0866
  HOMO = -0.144387040881512  LUMO = -0.14011295350374
cycle= 18 E= -774.396574357156  delta_E= 9.45e-05  |g|= 0.0234  |ddm|= 0.0126
  HOMO = -0.144468419528561  LUMO = -0.140192552258216
cycle= 19 E= -774.396625363803  delta_E= -5.1e-05  |g|= 0.0214  |ddm|= 0.00598
  HOMO = -0.144433425096659  LUMO = -0.140163156731086
cycle= 20 E= -774.396656270611  delta_E= -3.09e-05  |g|= 0.0199  |ddm|= 0.00413
  HOMO = -0.144372498149253  LUMO = -0.140114273433031
cycle= 21 E= -774.396753668036  delta_E= -9.74e-05  |g|= 0.0147  |ddm|= 0.0124
  HOMO = -0.144411792389561  LUMO = -0.140157893734746
cycle= 22 E= -774.396776783917  delta_E= -2.31e-05  |g|= 0.013  |ddm|= 0.00519
  HOMO = -0.144369578806286  LUMO = -0.140137814021837
cycle= 23 E= -774.39686285819  delta_E= -8.61e-05  |g|= 0.00387  |ddm|= 0.023
  HOMO = -0.144396393077518  LUMO = -0.140155634933197
cycle= 24 E= -774.39684529689  delta_E= 1.76e-05  |g|= 0.00668  |ddm|= 0.00828
  HOMO = -0.144394419578032  LUMO = -0.140173802687136
cycle= 25 E= -774.396864384441  delta_E= -1.91e-05  |g|= 0.00307  |ddm|= 0.0226
  HOMO = -0.144383080477568  LUMO = -0.140155136669298
cycle= 26 E= -774.396869399199  delta_E= -5.01e-06  |g|= 0.000408  |ddm|= 0.00777
  HOMO = -0.144385002817133  LUMO = -0.140157276074867
cycle= 27 E= -774.396869444053  delta_E= -4.49e-08  |g|= 0.000296  |ddm|= 0.000594
  HOMO = -0.144380880136041  LUMO = -0.140153249843362
cycle= 28 E= -774.396869429111  delta_E= 1.49e-08  |g|= 0.000316  |ddm|= 0.00044
  HOMO = -0.14438163977249  LUMO = -0.140154430296864
cycle= 29 E= -774.396869472365  delta_E= -4.33e-08  |g|= 0.000136  |ddm|= 0.00059
  HOMO = -0.144384623108522  LUMO = -0.140157351376915
cycle= 30 E= -774.396869473622  delta_E= -1.26e-09  |g|= 9.35e-05  |ddm|= 0.000198
  HOMO = -0.144382660975713  LUMO = -0.140155646408407
cycle= 31 E= -774.396869475249  delta_E= -1.63e-09  |g|= 7.5e-05  |ddm|= 0.000328
  HOMO = -0.14438340274845  LUMO = -0.140156236287873
cycle= 32 E= -774.396869477609  delta_E= -2.36e-09  |g|= 2e-05  |ddm|= 0.000181
  HOMO = -0.144382945597165  LUMO = -0.140155881026371
cycle= 33 E= -774.396869477093  delta_E= 5.16e-10  |g|= 3.94e-05  |ddm|= 0.000128
  HOMO = -0.144383349011639  LUMO = -0.140156252049892
cycle= 34 E= -774.396869477384  delta_E= -2.91e-10  |g|= 3.23e-05  |ddm|= 5.01e-05
  HOMO = -0.14438322053599  LUMO = -0.140156092752758
cycle= 35 E= -774.396869477779  delta_E= -3.95e-10  |g|= 5.65e-06  |ddm|= 4.78e-05
  HOMO = -0.144383952661054  LUMO = -0.140156156437768
Extra cycle  E= -774.396869424411  delta_E= 5.34e-08  |g|= 0.000315  |ddm|= 0.00075
converged SCF energy = -774.396869424411
AOs:  [0, 1, 2, 3, 4, 5, 6, 7, 8, 9, 10, 11, 12, 13, 14, 15, 16, 17, 18, 19, 20, 21, 22, 23, 24, 25, 26, 27, 28, 29, 30, 31, 32, 33, 34, 35, 36, 37, 38, 39, 40, 41, 42, 43, 44, 45, 46, 47, 48, 49, 50, 51, 52, 53, 54, 55, 56, 57, 58, 59, 60, 61, 62, 63]
64

 AO indices used for projection:  [0, 1, 3, 4, 5, 14, 16, 17, 19, 20, 21, 30, 32, 33, 35, 36, 37, 46, 48, 49, 51, 52, 53, 62]
 # of orbitals to keep:  16
Number of Active MOs:  16
Number of Environment MOs:  54
Number of Virtual MOs:  244
 # electrons:            α            β
         Env:  54.00000000  54.00000000
         Act:  16.00000000  16.00000000
         Vir:   0.00000000   0.00000000
Number of electrons in the active space:  32

 The density matrix is idempotent!

 The density matrix is idempotent!


******** <class 'pyscf.scf.hf.RHF'> ********
method = RHF
initial guess = minao
damping factor = 0
level_shift factor = 0
DIIS = <class 'pyscf.scf.diis.CDIIS'>
diis_start_cycle = 1
diis_space = 8
SCF conv_tol = 1e-09
SCF conv_tol_grad = 1e-05
SCF max_cycles = 200
direct_scf = True
direct_scf_tol = 1e-13
chkfile to save SCF result = subsys_scf.chk
max_memory 900000 MB (current use 10629 MB)
init E= 994.805126436725
  HOMO = -0.163055756136017  LUMO = 0.00559655587135851
cycle= 1 E= 994.756860065633  delta_E= -0.0483  |g|= 0.0838  |ddm|= 0.809
  HOMO = -0.163810340069384  LUMO = 0.00892709854970578
cycle= 2 E= 994.752586485399  delta_E= -0.00427  |g|= 0.0346  |ddm|= 0.221
  HOMO = -0.170218387600678  LUMO = 0.0118652547572565
cycle= 3 E= 994.751310355152  delta_E= -0.00128  |g|= 0.0275  |ddm|= 0.114
  HOMO = -0.169079605264678  LUMO = 0.0149933185354657
cycle= 4 E= 994.750686990402  delta_E= -0.000623  |g|= 0.0111  |ddm|= 0.0737
  HOMO = -0.171178740398991  LUMO = 0.0164762544852297
cycle= 5 E= 994.750390374874  delta_E= -0.000297  |g|= 0.00491  |ddm|= 0.0755
  HOMO = -0.171510145406178  LUMO = 0.0171455357723635
cycle= 6 E= 994.75034146728  delta_E= -4.89e-05  |g|= 0.00302  |ddm|= 0.0286
  HOMO = -0.171445178876502  LUMO = 0.0170120784410825
cycle= 7 E= 994.75032636457  delta_E= -1.51e-05  |g|= 0.00188  |ddm|= 0.0146
  HOMO = -0.171285769594139  LUMO = 0.0167614386923666
cycle= 8 E= 994.75031529931  delta_E= -1.11e-05  |g|= 0.00128  |ddm|= 0.0164
  HOMO = -0.171155747520751  LUMO = 0.0165078289405331
cycle= 9 E= 994.750310868979  delta_E= -4.43e-06  |g|= 0.000335  |ddm|= 0.0156
  HOMO = -0.171070840195288  LUMO = 0.0164810371009785
cycle= 10 E= 994.750310637783  delta_E= -2.31e-07  |g|= 0.000132  |ddm|= 0.00307
  HOMO = -0.171050583439248  LUMO = 0.0164440643299039
cycle= 11 E= 994.750310605985  delta_E= -3.18e-08  |g|= 4.25e-05  |ddm|= 0.00144
  HOMO = -0.171047904485663  LUMO = 0.0164415933570856
cycle= 12 E= 994.750310604491  delta_E= -1.49e-09  |g|= 1.04e-05  |ddm|= 0.000149
  HOMO = -0.171046700301426  LUMO = 0.0164410940894294
cycle= 13 E= 994.750310604252  delta_E= -2.39e-10  |g|= 3.51e-06  |ddm|= 8.35e-05
  HOMO = -0.171047284386407  LUMO = 0.0164408607937649
Extra cycle  E= 994.750310604234  delta_E= -1.83e-11  |g|= 1.94e-06  |ddm|= 1.05e-05
converged SCF energy = 994.750310604234
Difference in energy:  -683.8715177849854
E(MP2) = 994.163676205931  E_corr = -0.586634398302966
Total energy =  -773.8936861022231
time elapsed:  57.29065823554993
