

******** <class 'pyscf.dft.rks.RKS'> ********
method = RKS-RHF
initial guess = minao
damping factor = 0
level_shift factor = 0
DIIS = <class 'pyscf.scf.diis.CDIIS'>
diis_start_cycle = 1
diis_space = 8
SCF conv_tol = 1e-09
SCF conv_tol_grad = 1e-05
SCF max_cycles = 1000
direct_scf = True
direct_scf_tol = 1e-13
chkfile to save SCF result = scf.fchk
max_memory 900000 MB (current use 79 MB)
XC library pyscf.dft.libxc version 5.1.7
    S. Lehtola, C. Steigemann, M. J. Oliveira, and M. A. Marques, SoftwareX 7, 1 (2018)
XC functionals = pbe
    J. P. Perdew, K. Burke, and M. Ernzerhof, Phys. Rev. Lett. 77, 3865 (1996)
    J. P. Perdew, K. Burke, and M. Ernzerhof, Phys. Rev. Lett. 78, 1396 (1997)
    J. P. Perdew, K. Burke, and M. Ernzerhof, Phys. Rev. Lett. 77, 3865 (1996)
    J. P. Perdew, K. Burke, and M. Ernzerhof, Phys. Rev. Lett. 78, 1396 (1997)
small_rho_cutoff = 1e-07
init E= -776.047562665765
  HOMO = -0.232971568994411  LUMO = -0.208295308041658
cycle= 1 E= -773.976637410588  delta_E= 2.07  |g|= 1.21  |ddm|= 6.28
  HOMO = -0.0147623709839761  LUMO = 0.00124042645028128
cycle= 2 E= -762.705349823201  delta_E= 11.3  |g|= 3.82  |ddm|= 6.26
  HOMO = -0.102349098098916  LUMO = -0.0666800997346643
cycle= 3 E= -773.66345781094  delta_E=  -11  |g|= 1.39  |ddm|=  5.9
  HOMO = -0.10946479048906  LUMO = -0.0783451362791299
cycle= 4 E= -772.833925829812  delta_E= 0.83  |g|= 1.78  |ddm|= 3.35
  HOMO = -0.143605463163982  LUMO = -0.0901684065121577
cycle= 5 E= -774.045439154055  delta_E= -1.21  |g|= 0.804  |ddm|= 2.61
  HOMO = -0.150517186927853  LUMO = -0.130860576360787
cycle= 6 E= -774.268249503695  delta_E= -0.223  |g|= 0.52  |ddm|= 2.31
  HOMO = -0.149576984359266  LUMO = -0.134317211940356
cycle= 7 E= -774.19069445873  delta_E= 0.0776  |g|= 0.569  |ddm|=  2.2
  HOMO = -0.140993468871785  LUMO = -0.137153117021087
cycle= 8 E= -774.370529685684  delta_E= -0.18  |g|= 0.225  |ddm|= 1.91
  HOMO = -0.143334123368208  LUMO = -0.140482105098971
cycle= 9 E= -774.372921601476  delta_E= -0.00239  |g|= 0.214  |ddm|= 0.96
  HOMO = -0.144116534034707  LUMO = -0.14093162695612
cycle= 10 E= -774.378316799188  delta_E= -0.0054  |g|= 0.169  |ddm|= 0.885
  HOMO = -0.142505442640246  LUMO = -0.139654874892553
cycle= 11 E= -774.340883507407  delta_E= 0.0374  |g|= 0.313  |ddm|= 1.14
  HOMO = -0.14312182785879  LUMO = -0.139710602805638
cycle= 12 E= -774.298909482196  delta_E= 0.042  |g|= 0.401  |ddm|= 0.292
  HOMO = -0.144563777535637  LUMO = -0.140808601168768
cycle= 13 E= -774.276628829025  delta_E= 0.0223  |g|= 0.439  |ddm|= 0.142
  HOMO = -0.143592454481631  LUMO = -0.140405940963247
cycle= 14 E= -774.310368838779  delta_E= -0.0337  |g|= 0.38  |ddm|= 0.211
  HOMO = -0.143126743248433  LUMO = -0.139763279521462
cycle= 15 E= -774.298519772999  delta_E= 0.0118  |g|= 0.401  |ddm|= 0.0822
  HOMO = -0.144187213251551  LUMO = -0.139459982939169
cycle= 16 E= -774.249415058504  delta_E= 0.0491  |g|= 0.473  |ddm|= 0.325
  HOMO = -0.14196899826512  LUMO = -0.138963793967437
cycle= 17 E= -774.329348629146  delta_E= -0.0799  |g|= 0.339  |ddm|= 0.538
  HOMO = -0.144415509613267  LUMO = -0.139380321740435
cycle= 18 E= -774.247975937447  delta_E= 0.0814  |g|= 0.477  |ddm|= 0.558
  HOMO = -0.150516601429518  LUMO = -0.137108065693189
cycle= 19 E= -774.308591363841  delta_E= -0.0606  |g|= 0.37  |ddm|= 2.07
  HOMO = -0.143469552401383  LUMO = -0.140494000378507
cycle= 20 E= -774.337284997531  delta_E= -0.0287  |g|= 0.359  |ddm|= 1.75
  HOMO = -0.145039508398131  LUMO = -0.140866465768576
cycle= 21 E= -774.258414376049  delta_E= 0.0789  |g|= 0.464  |ddm|= 0.637
  HOMO = -0.143160078724309  LUMO = -0.140162012557162
cycle= 22 E= -774.32660002359  delta_E= -0.0682  |g|= 0.352  |ddm|= 0.459
  HOMO = -0.147775181329652  LUMO = -0.143681558323271
cycle= 23 E= -774.262178341029  delta_E= 0.0644  |g|= 0.471  |ddm|= 0.451
  HOMO = -0.145909535338033  LUMO = -0.137362797945384
cycle= 24 E= -774.208960456688  delta_E= 0.0532  |g|= 0.526  |ddm|= 0.432
  HOMO = -0.146192981374036  LUMO = -0.140113663883804
cycle= 25 E= -774.231845945499  delta_E= -0.0229  |g|= 0.507  |ddm|= 0.246
  HOMO = -0.141176090774995  LUMO = -0.135877331144074
cycle= 26 E= -774.235734928668  delta_E= -0.00389  |g|= 0.492  |ddm|= 0.229
  HOMO = -0.143426118005774  LUMO = -0.139564984851945
cycle= 27 E= -774.285393492024  delta_E= -0.0497  |g|= 0.432  |ddm|= 0.346
  HOMO = -0.174248309229456  LUMO = -0.129405423157818
cycle= 28 E= -774.23465033664  delta_E= 0.0507  |g|= 0.59  |ddm|= 2.04
  HOMO = -0.15017578198301  LUMO = -0.126695641063828
cycle= 29 E= -774.261651036146  delta_E= -0.027  |g|= 0.547  |ddm|= 0.88
  HOMO = -0.147868017760049  LUMO = -0.135539105473489
cycle= 30 E= -774.311884834357  delta_E= -0.0502  |g|= 0.372  |ddm|= 0.555
  HOMO = -0.141698163321089  LUMO = -0.137422456226164
cycle= 31 E= -774.35383161208  delta_E= -0.0419  |g|= 0.285  |ddm|= 0.612
  HOMO = -0.148032717084241  LUMO = -0.140862058048829
cycle= 32 E= -774.210725971311  delta_E= 0.143  |g|= 0.535  |ddm|= 1.91
  HOMO = -0.145879392090676  LUMO = -0.138552930238041
cycle= 33 E= -774.215844109126  delta_E= -0.00512  |g|= 0.518  |ddm|= 0.0932
  HOMO = -0.145838334636145  LUMO = -0.138389764981513
cycle= 34 E= -774.214217893255  delta_E= 0.00163  |g|= 0.519  |ddm|= 0.0272
  HOMO = -0.146816306130515  LUMO = -0.140364874455826
cycle= 35 E= -774.220684319082  delta_E= -0.00647  |g|= 0.522  |ddm|= 0.0955
  HOMO = -0.144265248988838  LUMO = -0.140024495553953
cycle= 36 E= -774.270481706596  delta_E= -0.0498  |g|= 0.443  |ddm|= 0.377
  HOMO = -0.14525034029794  LUMO = -0.139199152905233
cycle= 37 E= -774.227255313037  delta_E= 0.0432  |g|= 0.506  |ddm|= 0.306
  HOMO = -0.146016796984505  LUMO = -0.139780738274754
cycle= 38 E= -774.227155254622  delta_E= 0.0001  |g|= 0.504  |ddm|= 0.0684
  HOMO = -0.146659691059356  LUMO = -0.140612989179319
cycle= 39 E= -774.222235715759  delta_E= 0.00492  |g|= 0.511  |ddm|= 0.0821
  HOMO = -0.142202984638442  LUMO = -0.124255713684073
cycle= 40 E= -773.911419581685  delta_E= 0.311  |g|= 1.06  |ddm|= 2.42
  HOMO = -0.17739422615546  LUMO = -0.116600992292225
cycle= 41 E= -774.252831367682  delta_E= -0.341  |g|= 0.569  |ddm|= 1.28
  HOMO = -0.161337017251486  LUMO = -0.128843729389943
cycle= 42 E= -774.285848191278  delta_E= -0.033  |g|= 0.429  |ddm|= 0.337
  HOMO = -0.144338726121843  LUMO = -0.133087426321325
cycle= 43 E= -774.20283778135  delta_E= 0.083  |g|= 0.533  |ddm|= 2.17
  HOMO = -0.145701981164407  LUMO = -0.140625092582558
cycle= 44 E= -774.251447798586  delta_E= -0.0486  |g|= 0.489  |ddm|= 0.413
  HOMO = -0.144589301157342  LUMO = -0.134580293766819
cycle= 45 E= -774.207914030203  delta_E= 0.0435  |g|= 0.524  |ddm|= 0.387
  HOMO = -0.144291868773635  LUMO = -0.136645151760619
cycle= 46 E= -774.220796165639  delta_E= -0.0129  |g|= 0.507  |ddm|= 0.119
  HOMO = -0.14489922109067  LUMO = -0.134677185419919
cycle= 47 E= -774.2077231013  delta_E= 0.0131  |g|= 0.523  |ddm|= 0.118
  HOMO = -0.144311214473421  LUMO = -0.134910562300941
cycle= 48 E= -774.210726414302  delta_E= -0.003  |g|= 0.521  |ddm|= 0.0659
  HOMO = -0.149413974838267  LUMO = -0.136077310080079
cycle= 49 E= -774.317221536784  delta_E= -0.106  |g|= 0.352  |ddm|= 2.14
  HOMO = -0.14255305838434  LUMO = -0.139069919589344
cycle= 50 E= -774.320387754313  delta_E= -0.00317  |g|= 0.366  |ddm|= 1.82
  HOMO = -0.14558754023686  LUMO = -0.140588220392307
cycle= 51 E= -774.245667423704  delta_E= 0.0747  |g|= 0.486  |ddm|= 0.486
  HOMO = -0.145033577071261  LUMO = -0.140141812215764
cycle= 52 E= -774.251291938672  delta_E= -0.00562  |g|= 0.483  |ddm|= 0.108
  HOMO = -0.144793401413714  LUMO = -0.137920945430948
cycle= 53 E= -774.220945316241  delta_E= 0.0303  |g|= 0.509  |ddm|= 0.242
  HOMO = -0.145006678291962  LUMO = -0.135474058199316
cycle= 54 E= -774.206984187238  delta_E= 0.014  |g|= 0.529  |ddm|= 0.158
  HOMO = -0.145164070370703  LUMO = -0.140427868423835
cycle= 55 E= -774.253582118964  delta_E= -0.0466  |g|= 0.473  |ddm|= 0.37
  HOMO = -0.146951038325083  LUMO = -0.144155544505091
cycle= 56 E= -774.351345316193  delta_E= -0.0978  |g|= 0.291  |ddm|= 0.668
  HOMO = -0.141877229014397  LUMO = -0.139343340414731
cycle= 57 E= -774.371198607691  delta_E= -0.0199  |g|= 0.236  |ddm|= 0.35
  HOMO = -0.151351348265592  LUMO = -0.138643488668367
cycle= 58 E= -774.310224162301  delta_E= 0.061  |g|= 0.366  |ddm|= 1.53
  HOMO = -0.141988985218831  LUMO = -0.13757228278575
cycle= 59 E= -774.262984550978  delta_E= 0.0472  |g|= 0.471  |ddm|= 2.01
  HOMO = -0.144038225806969  LUMO = -0.140627718694323
cycle= 60 E= -774.303772481483  delta_E= -0.0408  |g|= 0.401  |ddm|= 0.325
  HOMO = -0.144940042256288  LUMO = -0.142010412797274
cycle= 61 E= -774.347929202953  delta_E= -0.0442  |g|= 0.303  |ddm|= 0.301
  HOMO = -0.143237252249454  LUMO = -0.138645747047308
cycle= 62 E= -774.25332584885  delta_E= 0.0946  |g|= 0.472  |ddm|= 0.619
  HOMO = -0.144124905331331  LUMO = -0.136185820074441
cycle= 63 E= -774.210579936247  delta_E= 0.0427  |g|= 0.525  |ddm|= 0.34
  HOMO = -0.141888433645233  LUMO = -0.137703737144527
cycle= 64 E= -774.270693708325  delta_E= -0.0601  |g|= 0.447  |ddm|= 0.444
  HOMO = -0.145531114867086  LUMO = -0.139934012585646
cycle= 65 E= -774.231396890769  delta_E= 0.0393  |g|= 0.497  |ddm|= 0.27
  HOMO = -0.139443231344497  LUMO = -0.133905619687764
cycle= 66 E= -774.212036446963  delta_E= 0.0194  |g|= 0.541  |ddm|= 0.327
  HOMO = -0.160296783792824  LUMO = -0.124737207708846
cycle= 67 E= -774.267325095062  delta_E= -0.0553  |g|= 0.541  |ddm|= 2.14
  HOMO = -0.152049491110035  LUMO = -0.137674426185818
cycle= 68 E= -774.305606133009  delta_E= -0.0383  |g|= 0.421  |ddm|= 0.466
  HOMO = -0.141142443260946  LUMO = -0.138236684156437
cycle= 69 E= -774.373151320903  delta_E= -0.0675  |g|= 0.217  |ddm|= 1.55
  HOMO = -0.149548179514556  LUMO = -0.144007266666058
cycle= 70 E= -774.323966209664  delta_E= 0.0492  |g|= 0.356  |ddm|= 1.31
  HOMO = -0.143960846166937  LUMO = -0.138366054176894
cycle= 71 E= -774.234929932037  delta_E= 0.089  |g|= 0.49  |ddm|= 1.96
  HOMO = -0.142787051713674  LUMO = -0.137480035695186
cycle= 72 E= -774.235843022736  delta_E= -0.000913  |g|= 0.491  |ddm|= 0.0662
  HOMO = -0.143778405759994  LUMO = -0.136968048338631
cycle= 73 E= -774.217990481896  delta_E= 0.0179  |g|= 0.511  |ddm|= 0.145
  HOMO = -0.141315986917271  LUMO = -0.136611217316944
cycle= 74 E= -774.248890998125  delta_E= -0.0309  |g|= 0.476  |ddm|= 0.228
  HOMO = -0.142793562010082  LUMO = -0.13738050886088
cycle= 75 E= -774.236958945586  delta_E= 0.0119  |g|= 0.489  |ddm|=  0.1
  HOMO = -0.142861662348247  LUMO = -0.137513276419094
cycle= 76 E= -774.236915988975  delta_E= 4.3e-05  |g|= 0.489  |ddm|= 0.0349
  HOMO = -0.141190569879127  LUMO = -0.138291517173511
cycle= 77 E= -774.32631156765  delta_E= -0.0894  |g|= 0.353  |ddm|= 0.63
  HOMO = -0.14066806012862  LUMO = -0.136572129031966
cycle= 78 E= -774.282967461607  delta_E= 0.0433  |g|= 0.443  |ddm|= 0.458
  HOMO = -0.18075580162959  LUMO = -0.123495674080923
cycle= 79 E= -774.173140678851  delta_E= 0.11  |g|= 0.727  |ddm|=  2.1
  HOMO = -0.155265121679394  LUMO = -0.131168566889495
cycle= 80 E= -774.290756077367  delta_E= -0.118  |g|= 0.414  |ddm|= 0.628
  HOMO = -0.147251260655773  LUMO = -0.141529150060739
cycle= 81 E= -774.338282958539  delta_E= -0.0475  |g|= 0.303  |ddm|= 0.524
  HOMO = -0.14475452776841  LUMO = -0.136031140888405
cycle= 82 E= -774.199237562633  delta_E= 0.139  |g|= 0.555  |ddm|= 2.05
  HOMO = -0.14411988675578  LUMO = -0.136112756126672
cycle= 83 E= -774.214898822157  delta_E= -0.0157  |g|= 0.519  |ddm|= 0.185
  HOMO = -0.144013366482214  LUMO = -0.137846405821751
cycle= 84 E= -774.228814602854  delta_E= -0.0139  |g|= 0.501  |ddm|= 0.148
  HOMO = -0.145336804119917  LUMO = -0.136850642827598
cycle= 85 E= -774.212363717511  delta_E= 0.0165  |g|= 0.526  |ddm|= 0.154
  HOMO = -0.144854453303045  LUMO = -0.13692691125544
cycle= 86 E= -774.214208130878  delta_E= -0.00184  |g|= 0.515  |ddm|= 0.094
  HOMO = -0.143873371207301  LUMO = -0.137154992908096
cycle= 87 E= -774.22936679086  delta_E= -0.0152  |g|= 0.501  |ddm|= 0.177
  HOMO = -0.14181337337738  LUMO = -0.137574783019853
cycle= 88 E= -774.268521424288  delta_E= -0.0392  |g|= 0.451  |ddm|= 0.35
  HOMO = -0.143685785285903  LUMO = -0.135336563488543
cycle= 89 E= -774.209786988584  delta_E= 0.0587  |g|= 0.518  |ddm|= 0.431
  HOMO = -0.137917967948235  LUMO = -0.132767914179461
cycle= 90 E= -772.115215298484  delta_E= 2.09  |g|=    2  |ddm|= 3.43
  HOMO = -0.178307015476267  LUMO = -0.104296010886674
cycle= 91 E= -774.197547926401  delta_E= -2.08  |g|= 0.714  |ddm|= 2.58
  HOMO = -0.168938162604316  LUMO = -0.131225554331732
cycle= 92 E= -774.277123640843  delta_E= -0.0796  |g|= 0.457  |ddm|= 0.543
  HOMO = -0.150315308554909  LUMO = -0.135472110252656
cycle= 93 E= -774.312768941213  delta_E= -0.0356  |g|= 0.36  |ddm|= 0.359
  HOMO = -0.146783766988818  LUMO = -0.141681631748124
cycle= 94 E= -774.250672312749  delta_E= 0.0621  |g|= 0.488  |ddm|= 2.05
  HOMO = -0.145752215381604  LUMO = -0.136859268955985
cycle= 95 E= -774.214837854199  delta_E= 0.0358  |g|= 0.513  |ddm|= 0.343
  HOMO = -0.145153344175606  LUMO = -0.136483214002443
cycle= 96 E= -774.21223602482  delta_E= 0.0026  |g|= 0.516  |ddm|= 0.0656
  HOMO = -0.145047548014843  LUMO = -0.13663150215939
cycle= 97 E= -774.214331622555  delta_E= -0.0021  |g|= 0.512  |ddm|= 0.0258
  HOMO = -0.145534591287271  LUMO = -0.13719655059538
cycle= 98 E= -774.214143615293  delta_E= 0.000188  |g|= 0.513  |ddm|= 0.0293
  HOMO = -0.143821287783287  LUMO = -0.136594946143216
cycle= 99 E= -774.221211683677  delta_E= -0.00707  |g|= 0.502  |ddm|= 0.0906
  HOMO = -0.143547845387667  LUMO = -0.139458747759724
cycle= 100 E= -774.280941888535  delta_E= -0.0597  |g|= 0.431  |ddm|= 0.418
  HOMO = -0.144225456354626  LUMO = -0.137977825253503
cycle= 101 E= -774.231974163617  delta_E= 0.049  |g|= 0.496  |ddm|= 0.35
  HOMO = -0.160726582636509  LUMO = -0.10335318450161
cycle= 102 E= -774.040660400301  delta_E= 0.191  |g|= 0.951  |ddm|=  2.3
  HOMO = -0.176162152669795  LUMO = -0.119735922776813
cycle= 103 E= -774.266615345743  delta_E= -0.226  |g|=  0.5  |ddm|= 0.808
  HOMO = -0.148901029372524  LUMO = -0.140059567788364
cycle= 104 E= -774.318381275914  delta_E= -0.0518  |g|= 0.363  |ddm|= 0.565
  HOMO = -0.150342741293687  LUMO = -0.119801430769624
cycle= 105 E= -774.165855416705  delta_E= 0.153  |g|= 0.598  |ddm|= 2.17
  HOMO = -0.141054889371913  LUMO = -0.113082298128972
cycle= 106 E= -774.149705546029  delta_E= 0.0161  |g|= 0.632  |ddm|= 0.145
  HOMO = -0.145733155663872  LUMO = -0.116701277064592
cycle= 107 E= -774.159738461437  delta_E= -0.01  |g|= 0.609  |ddm|= 0.0961
  HOMO = -0.148456518496904  LUMO = -0.127739607664202
cycle= 108 E= -774.188708237499  delta_E= -0.029  |g|= 0.57  |ddm|= 0.265
  HOMO = -0.146551961987678  LUMO = -0.122547668171439
cycle= 109 E= -774.175148254758  delta_E= 0.0136  |g|= 0.578  |ddm|= 0.245
  HOMO = -0.147853635284988  LUMO = -0.124383539375828
cycle= 110 E= -774.175532214868  delta_E= -0.000384  |g|= 0.574  |ddm|= 0.17
  HOMO = -0.157153022467248  LUMO = -0.13241975789049
cycle= 111 E= -774.302597615236  delta_E= -0.127  |g|= 0.396  |ddm|= 2.19
  HOMO = -0.153638861573206  LUMO = -0.134898833444103
cycle= 112 E= -774.309107685789  delta_E= -0.00651  |g|= 0.37  |ddm|= 0.112
  HOMO = -0.153741315029775  LUMO = -0.136315800624532
cycle= 113 E= -774.31027833118  delta_E= -0.00117  |g|= 0.366  |ddm|= 0.0661
  HOMO = -0.145532994207782  LUMO = -0.138077877508763
cycle= 114 E= -774.332664975547  delta_E= -0.0224  |g|= 0.315  |ddm|= 0.314
  HOMO = -0.144127395724309  LUMO = -0.139998657310177
cycle= 115 E= -774.287195358658  delta_E= 0.0455  |g|= 0.421  |ddm|= 1.82
  HOMO = -0.144837446383548  LUMO = -0.140963165058179
cycle= 116 E= -774.279521962575  delta_E= 0.00767  |g|= 0.439  |ddm|= 0.138
  HOMO = -0.145183713458129  LUMO = -0.140987217562983
cycle= 117 E= -774.266696391448  delta_E= 0.0128  |g|= 0.458  |ddm|= 0.112
  HOMO = -0.144348240601291  LUMO = -0.139866652425956
cycle= 118 E= -774.259179357104  delta_E= 0.00752  |g|= 0.466  |ddm|= 0.0825
  HOMO = -0.144007822562965  LUMO = -0.140891568744126
cycle= 119 E= -774.330831949095  delta_E= -0.0717  |g|= 0.344  |ddm|= 0.471
  HOMO = -0.147138278792512  LUMO = -0.137712377584426
cycle= 120 E= -774.200427782017  delta_E= 0.13  |g|= 0.535  |ddm|= 0.867
  HOMO = -0.145063208083755  LUMO = -0.138747887820514
cycle= 121 E= -774.227816884146  delta_E= -0.0274  |g|= 0.499  |ddm|= 0.201
  HOMO = -0.14347770250249  LUMO = -0.139084829093015
cycle= 122 E= -774.262725609889  delta_E= -0.0349  |g|= 0.454  |ddm|= 0.258
  HOMO = -0.14903600939091  LUMO = -0.136305481260828
cycle= 123 E= -774.311684921528  delta_E= -0.049  |g|= 0.368  |ddm|= 2.02
  HOMO = -0.142655076095806  LUMO = -0.139870984835747
cycle= 124 E= -774.366896258072  delta_E= -0.0552  |g|= 0.23  |ddm|=  1.6
  HOMO = -0.143220140972818  LUMO = -0.140196567051415
cycle= 125 E= -774.336256938505  delta_E= 0.0306  |g|= 0.326  |ddm|= 0.273
  HOMO = -0.143055617744906  LUMO = -0.139433561205375
cycle= 126 E= -774.29339171909  delta_E= 0.0429  |g|= 0.41  |ddm|= 0.303
  HOMO = -0.142442153510356  LUMO = -0.138983579481133
cycle= 127 E= -774.298858279867  delta_E= -0.00547  |g|= 0.399  |ddm|= 0.0867
  HOMO = -0.142979469511047  LUMO = -0.139679530418211
cycle= 128 E= -774.311561112871  delta_E= -0.0127  |g|= 0.375  |ddm|= 0.0888
  HOMO = -0.14436937304487  LUMO = -0.141373095876495
cycle= 129 E= -774.328643983643  delta_E= -0.0171  |g|= 0.347  |ddm|= 0.178
  HOMO = -0.143673549421367  LUMO = -0.140743741814956
cycle= 130 E= -774.333100105454  delta_E= -0.00446  |g|= 0.333  |ddm|= 0.115
  HOMO = -0.147846572446865  LUMO = -0.137323136354845
cycle= 131 E= -774.198199845023  delta_E= 0.135  |g|= 0.546  |ddm|= 0.906
  HOMO = -0.143802024149832  LUMO = -0.139292297539803
cycle= 132 E= -774.346071890044  delta_E= -0.148  |g|= 0.286  |ddm|= 2.03
  HOMO = -0.143473031667601  LUMO = -0.138719692337918
cycle= 133 E= -774.247662405742  delta_E= 0.0984  |g|= 0.483  |ddm|= 1.84
  HOMO = -0.143974295982715  LUMO = -0.138972772919983
cycle= 134 E= -774.247477843003  delta_E= 0.000185  |g|= 0.482  |ddm|= 0.0809
  HOMO = -0.143361582166486  LUMO = -0.138351612532292
cycle= 135 E= -774.245635871567  delta_E= 0.00184  |g|= 0.483  |ddm|= 0.0381
  HOMO = -0.143713901701339  LUMO = -0.139283347822001
cycle= 136 E= -774.261148744618  delta_E= -0.0155  |g|= 0.464  |ddm|= 0.11
  HOMO = -0.143723535239362  LUMO = -0.138801166584102
cycle= 137 E= -774.247336241486  delta_E= 0.0138  |g|= 0.482  |ddm|= 0.0992
  HOMO = -0.143729694367432  LUMO = -0.138560256168454
cycle= 138 E= -774.242804123853  delta_E= 0.00453  |g|= 0.485  |ddm|= 0.0398
  HOMO = -0.14411468038749  LUMO = -0.137799411185766
cycle= 139 E= -774.231042894677  delta_E= 0.0118  |g|= 0.498  |ddm|= 0.154
  HOMO = -0.143194859135794  LUMO = -0.137573118391606
cycle= 140 E= -774.238486606446  delta_E= -0.00744  |g|= 0.487  |ddm|= 0.0885
  HOMO = -0.159293741124394  LUMO = -0.101615366729062
cycle= 141 E= -774.104210361809  delta_E= 0.134  |g|= 0.855  |ddm|= 2.26
  HOMO = -0.174877411065161  LUMO = -0.123721420895997
cycle= 142 E= -774.275204113182  delta_E= -0.171  |g|= 0.481  |ddm|= 0.734
  HOMO = -0.140479655557985  LUMO = -0.137395641033855
cycle= 143 E= -774.343363106711  delta_E= -0.0682  |g|= 0.322  |ddm|= 1.82
  HOMO = -0.146633073218881  LUMO = -0.122279604677018
cycle= 144 E= -774.165808315222  delta_E= 0.178  |g|= 0.588  |ddm|= 1.16
  HOMO = -0.149102931081276  LUMO = -0.128478142177816
cycle= 145 E= -774.179674862613  delta_E= -0.0139  |g|= 0.566  |ddm|= 0.162
  HOMO = -0.148177944686656  LUMO = -0.127266398202463
cycle= 146 E= -774.179393355146  delta_E= 0.000282  |g|= 0.565  |ddm|= 0.0606
  HOMO = -0.147877260314346  LUMO = -0.127321880689124
cycle= 147 E= -774.181162247035  delta_E= -0.00177  |g|= 0.562  |ddm|= 0.0286
  HOMO = -0.14741370253091  LUMO = -0.129295060083014
cycle= 148 E= -774.184035999075  delta_E= -0.00287  |g|= 0.563  |ddm|= 0.0823
  HOMO = -0.143992448767573  LUMO = -0.135215360042906
cycle= 149 E= -774.215985380739  delta_E= -0.0319  |g|= 0.511  |ddm|= 0.238
  HOMO = -0.144406149378899  LUMO = -0.141728991576751
cycle= 150 E= -774.371472689164  delta_E= -0.155  |g|= 0.22  |ddm|= 1.13
  HOMO = -0.143701072392853  LUMO = -0.140571760359911
cycle= 151 E= -774.364665504868  delta_E= 0.00681  |g|= 0.243  |ddm|= 0.983
  HOMO = -0.143423271604275  LUMO = -0.138731423757047
cycle= 152 E= -774.253639115459  delta_E= 0.111  |g|= 0.467  |ddm|= 1.65
  HOMO = -0.142135389748673  LUMO = -0.137535051610187
cycle= 153 E= -774.249700811231  delta_E= 0.00394  |g|= 0.477  |ddm|= 0.101
  HOMO = -0.14355455414913  LUMO = -0.138045364858076
cycle= 154 E= -774.238381654532  delta_E= 0.0113  |g|= 0.486  |ddm|= 0.142
  HOMO = -0.143010284517998  LUMO = -0.139897024450047
cycle= 155 E= -774.321770222529  delta_E= -0.0834  |g|= 0.359  |ddm|= 0.558
  HOMO = -0.142524478118091  LUMO = -0.139876110171556
cycle= 156 E= -774.379001857148  delta_E= -0.0572  |g|= 0.186  |ddm|= 0.534
  HOMO = -0.144599313861042  LUMO = -0.140555126679044
cycle= 157 E= -774.359538254875  delta_E= 0.0195  |g|= 0.24  |ddm|= 1.03
  HOMO = -0.143009850490726  LUMO = -0.139395122355317
cycle= 158 E= -774.289057194155  delta_E= 0.0705  |g|= 0.421  |ddm|= 1.62
  HOMO = -0.145973094870769  LUMO = -0.139494594056895
cycle= 159 E= -774.223370904524  delta_E= 0.0657  |g|= 0.51  |ddm|= 0.447
  HOMO = -0.144097790336154  LUMO = -0.138645428351955
cycle= 160 E= -774.241799089677  delta_E= -0.0184  |g|= 0.486  |ddm|= 0.149
  HOMO = -0.144112882353599  LUMO = -0.137902452524406
cycle= 161 E= -774.229808028575  delta_E= 0.012  |g|= 0.501  |ddm|= 0.127
  HOMO = -0.144186194510632  LUMO = -0.13882504697962
cycle= 162 E= -774.241458670971  delta_E= -0.0117  |g|= 0.483  |ddm|= 0.105
  HOMO = -0.146130568348021  LUMO = -0.140538704360626
cycle= 163 E= -774.238678677107  delta_E= 0.00278  |g|= 0.494  |ddm|= 0.118
  HOMO = -0.144386049324959  LUMO = -0.137794617039826
cycle= 164 E= -774.22583517758  delta_E= 0.0128  |g|= 0.502  |ddm|= 0.165
  HOMO = -0.145154822825642  LUMO = -0.136461447785126
cycle= 165 E= -774.208590844707  delta_E= 0.0172  |g|= 0.521  |ddm|= 0.142
  HOMO = -0.177578185179586  LUMO = -0.0996123441565484
cycle= 166 E= -774.027317724672  delta_E= 0.181  |g|= 0.966  |ddm|=  2.3
  HOMO = -0.166790286883908  LUMO = -0.103242488250373
cycle= 167 E= -774.158477602644  delta_E= -0.131  |g|= 0.777  |ddm|= 1.12
  HOMO = -0.168752629118978  LUMO = -0.126191803089726
cycle= 168 E= -774.280942762887  delta_E= -0.122  |g|= 0.464  |ddm|= 0.709
  HOMO = -0.146235379851978  LUMO = -0.136741656833464
cycle= 169 E= -774.313704311812  delta_E= -0.0328  |g|= 0.364  |ddm|= 0.415
  HOMO = -0.138799686476258  LUMO = -0.123138764120858
cycle= 170 E= -774.163145868954  delta_E= 0.151  |g|= 0.61  |ddm|= 2.17
  HOMO = -0.144226390909605  LUMO = -0.123954347854914
cycle= 171 E= -774.170741879419  delta_E= -0.0076  |g|= 0.588  |ddm|= 0.0681
  HOMO = -0.141804980520185  LUMO = -0.122760964909122
cycle= 172 E= -774.168795511177  delta_E= 0.00195  |g|= 0.595  |ddm|= 0.0955
  HOMO = -0.139393216579045  LUMO = -0.1207889890994
cycle= 173 E= -774.167108590011  delta_E= 0.00169  |g|= 0.605  |ddm|= 0.0875
  HOMO = -0.146345828038978  LUMO = -0.127192147718721
cycle= 174 E= -774.180033272994  delta_E= -0.0129  |g|= 0.58  |ddm|= 0.13
  HOMO = -0.145679857545344  LUMO = -0.139747207595282
cycle= 175 E= -774.343568302296  delta_E= -0.164  |g|= 0.291  |ddm|=  2.1
  HOMO = -0.142067735359847  LUMO = -0.139222963681252
cycle= 176 E= -774.392865164413  delta_E= -0.0493  |g|= 0.0881  |ddm|= 0.929
  HOMO = -0.146633248908137  LUMO = -0.140143700063224
cycle= 177 E= -774.331226709169  delta_E= 0.0616  |g|= 0.317  |ddm|= 1.07
  HOMO = -0.145012181029328  LUMO = -0.14180573889934
cycle= 178 E= -774.307452368989  delta_E= 0.0238  |g|= 0.388  |ddm|= 1.73
  HOMO = -0.144383549086994  LUMO = -0.141487724612114
cycle= 179 E= -774.337983014412  delta_E= -0.0305  |g|= 0.32  |ddm|= 0.192
  HOMO = -0.14440051109762  LUMO = -0.139880404679889
cycle= 180 E= -774.252193467909  delta_E= 0.0858  |g|= 0.471  |ddm|= 0.561
  HOMO = -0.144425513077064  LUMO = -0.138400874096145
cycle= 181 E= -774.226155609221  delta_E= 0.026  |g|= 0.503  |ddm|= 0.194
  HOMO = -0.143043636587597  LUMO = -0.137972755178622
cycle= 182 E= -774.240801488795  delta_E= -0.0146  |g|= 0.484  |ddm|= 0.13
  HOMO = -0.144949635953189  LUMO = -0.140644450911132
cycle= 183 E= -774.260432634285  delta_E= -0.0196  |g|= 0.465  |ddm|= 0.18
  HOMO = -0.143921091393175  LUMO = -0.140337710031218
cycle= 184 E= -774.289950729299  delta_E= -0.0295  |g|= 0.416  |ddm|= 0.207
  HOMO = -0.143749263506278  LUMO = -0.140084926397776
cycle= 185 E= -774.290539765289  delta_E= -0.000589  |g|= 0.414  |ddm|= 0.0315
  HOMO = -0.152909207125319  LUMO = -0.136235152668103
cycle= 186 E= -774.302561069225  delta_E= -0.012  |g|= 0.406  |ddm|= 1.96
  HOMO = -0.143610871478319  LUMO = -0.14065075268899
cycle= 187 E= -774.348515130742  delta_E= -0.046  |g|= 0.293  |ddm|= 1.74
  HOMO = -0.145860972950461  LUMO = -0.139438780972178
cycle= 188 E= -774.323141494883  delta_E= 0.0254  |g|= 0.352  |ddm|= 1.54
  HOMO = -0.143852629830193  LUMO = -0.137929408760431
cycle= 189 E= -774.23254143572  delta_E= 0.0906  |g|=  0.5  |ddm|= 2.01
  HOMO = -0.144662541533155  LUMO = -0.139338633361445
cycle= 190 E= -774.236365459798  delta_E= -0.00382  |g|= 0.487  |ddm|= 0.118
  HOMO = -0.144024746341704  LUMO = -0.139963944106731
cycle= 191 E= -774.267956993818  delta_E= -0.0316  |g|= 0.447  |ddm|= 0.211
  HOMO = -0.143217343319703  LUMO = -0.139655896718144
cycle= 192 E= -774.287245522394  delta_E= -0.0193  |g|= 0.418  |ddm|= 0.152
  HOMO = -0.143662198403206  LUMO = -0.140841553598552
cycle= 193 E= -774.354919422907  delta_E= -0.0677  |g|= 0.271  |ddm|= 0.463
  HOMO = -0.143978516782882  LUMO = -0.138275382454281
cycle= 194 E= -774.230034155039  delta_E= 0.125  |g|= 0.496  |ddm|= 0.838
  HOMO = -0.143917671055369  LUMO = -0.140580547155646
cycle= 195 E= -774.299977567141  delta_E= -0.0699  |g|= 0.398  |ddm|= 0.479
  HOMO = -0.14361656622103  LUMO = -0.140868339300986
cycle= 196 E= -774.354152050181  delta_E= -0.0542  |g|= 0.27  |ddm|= 0.378
  HOMO = -0.150924799294669  LUMO = -0.136281795891111
cycle= 197 E= -774.29995647706  delta_E= 0.0542  |g|= 0.407  |ddm|= 1.71
  HOMO = -0.143375841120144  LUMO = -0.140640675168793
cycle= 198 E= -774.371559572967  delta_E= -0.0716  |g|= 0.213  |ddm|= 1.61
  HOMO = -0.143980844073426  LUMO = -0.141299837818024
cycle= 199 E= -774.375283737499  delta_E= -0.00372  |g|= 0.192  |ddm|= 0.0883
  HOMO = -0.143821367356757  LUMO = -0.140090643543484
cycle= 200 E= -774.365678690494  delta_E= 0.00961  |g|= 0.225  |ddm|= 1.01
  HOMO = -0.144631041624319  LUMO = -0.142026118061596
cycle= 201 E= -774.385532086584  delta_E= -0.0199  |g|= 0.145  |ddm|= 0.887
  HOMO = -0.143191578800309  LUMO = -0.140351382792717
cycle= 202 E= -774.341388590509  delta_E= 0.0441  |g|= 0.309  |ddm|= 0.46
  HOMO = -0.143743399785626  LUMO = -0.138723014887284
cycle= 203 E= -774.240880191051  delta_E= 0.101  |g|= 0.484  |ddm|= 0.671
  HOMO = -0.142157412336228  LUMO = -0.13927460600104
cycle= 204 E= -774.333771569691  delta_E= -0.0929  |g|= 0.332  |ddm|= 0.624
  HOMO = -0.143221127642328  LUMO = -0.140004656007485
cycle= 205 E= -774.304626285515  delta_E= 0.0291  |g|= 0.389  |ddm|= 0.208
  HOMO = -0.143315716600236  LUMO = -0.139449457840806
cycle= 206 E= -774.272744095983  delta_E= 0.0319  |g|= 0.441  |ddm|= 0.208
  HOMO = -0.142864846289163  LUMO = -0.139098836687893
cycle= 207 E= -774.279506486253  delta_E= -0.00676  |g|= 0.432  |ddm|= 0.0676
  HOMO = -0.143640984979558  LUMO = -0.139759609839055
cycle= 208 E= -774.273212416524  delta_E= 0.00629  |g|= 0.439  |ddm|= 0.0726
  HOMO = -0.145867908305132  LUMO = -0.13768906088929
cycle= 209 E= -774.322349000146  delta_E= -0.0491  |g|= 0.359  |ddm|= 1.93
  HOMO = -0.146004896114044  LUMO = -0.142703344581692
cycle= 210 E= -774.370184592462  delta_E= -0.0478  |g|= 0.22  |ddm|= 0.737
  HOMO = -0.143755423625608  LUMO = -0.137574751246109
cycle= 211 E= -774.218752527579  delta_E= 0.151  |g|= 0.532  |ddm|= 1.76
  HOMO = -0.143665946247379  LUMO = -0.138216284170708
cycle= 212 E= -774.237849669464  delta_E= -0.0191  |g|= 0.487  |ddm|= 0.223
  HOMO = -0.140352631533092  LUMO = -0.136613776807858
cycle= 213 E= -774.280285110985  delta_E= -0.0424  |g|= 0.444  |ddm|= 0.343
  HOMO = -0.143198906859316  LUMO = -0.137372272198016
cycle= 214 E= -774.233510815119  delta_E= 0.0468  |g|= 0.492  |ddm|= 0.36
  HOMO = -0.143269388437087  LUMO = -0.138526058887706
cycle= 215 E= -774.252982169566  delta_E= -0.0195  |g|= 0.47  |ddm|= 0.147
  HOMO = -0.142681618826642  LUMO = -0.137532962346421
cycle= 216 E= -774.245868402886  delta_E= 0.00711  |g|= 0.477  |ddm|= 0.0949
  HOMO = -0.143285005917764  LUMO = -0.137946884800796
cycle= 217 E= -774.240703594643  delta_E= 0.00516  |g|= 0.482  |ddm|= 0.0561
  HOMO = -0.140069466893024  LUMO = -0.13746396148393
cycle= 218 E= -774.376359042468  delta_E= -0.136  |g|= 0.203  |ddm|= 1.08
  HOMO = -0.176140398378824  LUMO = -0.131226550707087
cycle= 219 E= -774.113631187958  delta_E= 0.263  |g|= 0.769  |ddm|= 1.74
  HOMO = -0.146197357431741  LUMO = -0.138051440054261
cycle= 220 E= -774.322410267976  delta_E= -0.209  |g|= 0.331  |ddm|= 0.821
  HOMO = -0.145749011256466  LUMO = -0.141386324398779
cycle= 221 E= -774.267381134303  delta_E= 0.055  |g|= 0.462  |ddm|= 1.93
  HOMO = -0.144691903382412  LUMO = -0.141074442267028
cycle= 222 E= -774.289051850531  delta_E= -0.0217  |g|= 0.424  |ddm|= 0.212
  HOMO = -0.147033127381997  LUMO = -0.138509622761664
cycle= 223 E= -774.209652442101  delta_E= 0.0794  |g|= 0.53  |ddm|= 0.574
  HOMO = -0.143971266038004  LUMO = -0.13910517468178
cycle= 224 E= -774.253559568295  delta_E= -0.0439  |g|= 0.468  |ddm|= 0.336
  HOMO = -0.144619592613044  LUMO = -0.139999234391902
cycle= 225 E= -774.256141487759  delta_E= -0.00258  |g|= 0.465  |ddm|= 0.0842
  HOMO = -0.145445070172875  LUMO = -0.140239408548484
cycle= 226 E= -774.244734029583  delta_E= 0.0114  |g|= 0.482  |ddm|= 0.0902
  HOMO = -0.148467994645055  LUMO = -0.13782141203242
cycle= 227 E= -774.199916290515  delta_E= 0.0448  |g|= 0.54  |ddm|= 0.344
  HOMO = -0.144724355015202  LUMO = -0.13590341776624
cycle= 228 E= -774.210947835565  delta_E= -0.011  |g|= 0.519  |ddm|= 0.127
  HOMO = -0.175501944217624  LUMO = -0.109704735221679
cycle= 229 E= -774.19017463466  delta_E= 0.0208  |g|= 0.678  |ddm|= 2.22
  HOMO = -0.165366626711468  LUMO = -0.132568136152504
cycle= 230 E= -774.257978570215  delta_E= -0.0678  |g|= 0.517  |ddm|= 0.65
  HOMO = -0.156381623368908  LUMO = -0.130955402313522
cycle= 231 E= -774.29569988271  delta_E= -0.0377  |g|= 0.443  |ddm|= 0.483
  HOMO = -0.15002725428703  LUMO = -0.138564792213819
cycle= 232 E= -774.313748944079  delta_E= -0.018  |g|= 0.348  |ddm|= 0.382
  HOMO = -0.142697655332056  LUMO = -0.12838355212286
cycle= 233 E= -774.19300698864  delta_E= 0.121  |g|= 0.555  |ddm|= 2.18
  HOMO = -0.144768830281971  LUMO = -0.126520541252567
cycle= 234 E= -774.178232050298  delta_E= 0.0148  |g|= 0.577  |ddm|= 0.226
  HOMO = -0.144045206024887  LUMO = -0.132474261929927
cycle= 235 E= -774.203788846217  delta_E= -0.0256  |g|= 0.529  |ddm|= 0.18
  HOMO = -0.143907327253527  LUMO = -0.133288627395078
cycle= 236 E= -774.205982286372  delta_E= -0.00219  |g|= 0.525  |ddm|= 0.0612
  HOMO = -0.143090285000057  LUMO = -0.133397553713369
cycle= 237 E= -774.20854068729  delta_E= -0.00256  |g|= 0.523  |ddm|= 0.0566
  HOMO = -0.143732753614184  LUMO = -0.140622459490179
cycle= 238 E= -774.350308577685  delta_E= -0.142  |g|= 0.291  |ddm|= 0.992
  HOMO = -0.146022890442709  LUMO = -0.135188465706885
cycle= 239 E= -774.198459356926  delta_E= 0.152  |g|= 0.543  |ddm|= 1.05
  HOMO = -0.146842211257893  LUMO = -0.131285958406118
cycle= 240 E= -774.192973548863  delta_E= 0.00549  |g|= 0.547  |ddm|= 0.174
  HOMO = -0.14566644530229  LUMO = -0.138353697029881
cycle= 241 E= -774.298370195327  delta_E= -0.105  |g|= 0.422  |ddm|= 2.16
  HOMO = -0.141488049644144  LUMO = -0.133361737014243
cycle= 242 E= -774.208823886114  delta_E= 0.0895  |g|= 0.53  |ddm|= 2.12
  HOMO = -0.141333161153217  LUMO = -0.137753810438884
cycle= 243 E= -774.363596410421  delta_E= -0.155  |g|= 0.266  |ddm|= 1.86
  HOMO = -0.144172424561045  LUMO = -0.13928819094984
cycle= 244 E= -774.252339539632  delta_E= 0.111  |g|= 0.473  |ddm|= 1.69
  HOMO = -0.143796797386426  LUMO = -0.140680041048539
cycle= 245 E= -774.325877504174  delta_E= -0.0735  |g|= 0.355  |ddm|= 0.491
  HOMO = -0.145485946785529  LUMO = -0.142550481871043
cycle= 246 E= -774.336052120771  delta_E= -0.0102  |g|= 0.333  |ddm|= 0.129
  HOMO = -0.14506250529734  LUMO = -0.1398754960566
cycle= 247 E= -774.245601809865  delta_E= 0.0905  |g|= 0.479  |ddm|= 0.62
  HOMO = -0.144099096631277  LUMO = -0.140100692962965
cycle= 248 E= -774.277752597607  delta_E= -0.0322  |g|= 0.437  |ddm|= 0.219
  HOMO = -0.144008092846076  LUMO = -0.138784303625138
cycle= 249 E= -774.242339871787  delta_E= 0.0354  |g|= 0.491  |ddm|= 0.255
  HOMO = -0.143189231257065  LUMO = -0.140500761217675
cycle= 250 E= -774.381666290573  delta_E= -0.139  |g|= 0.184  |ddm|= 1.06
  HOMO = -0.1435980351887  LUMO = -0.140518631865209
cycle= 251 E= -774.323164618298  delta_E= 0.0585  |g|= 0.353  |ddm|= 0.577
  HOMO = -0.150731390871531  LUMO = -0.136261566446236
cycle= 252 E= -774.308954181806  delta_E= 0.0142  |g|= 0.359  |ddm|= 1.83
  HOMO = -0.142231235554297  LUMO = -0.139573035736611
cycle= 253 E= -774.390107804999  delta_E= -0.0812  |g|= 0.129  |ddm|= 1.32
  HOMO = -0.143597588877889  LUMO = -0.140936896867272
cycle= 254 E= -774.377901056994  delta_E= 0.0122  |g|= 0.186  |ddm|= 0.337
  HOMO = -0.144621083480097  LUMO = -0.141969167663982
cycle= 255 E= -774.394093075694  delta_E= -0.0162  |g|= 0.0553  |ddm|= 0.341
  HOMO = -0.142743895049551  LUMO = -0.139538826938307
cycle= 256 E= -774.308353337648  delta_E= 0.0857  |g|= 0.38  |ddm|= 0.882
  HOMO = -0.143366056533542  LUMO = -0.140646235572429
cycle= 257 E= -774.356781125264  delta_E= -0.0484  |g|= 0.263  |ddm|= 0.349
  HOMO = -0.143207130845344  LUMO = -0.140432699968174
cycle= 258 E= -774.346802748667  delta_E= 0.00998  |g|= 0.294  |ddm|= 0.0851
  HOMO = -0.143296076044716  LUMO = -0.140338798802448
cycle= 259 E= -774.328902419453  delta_E= 0.0179  |g|= 0.341  |ddm|= 0.14
  HOMO = -0.142215630749515  LUMO = -0.139623437695038
cycle= 260 E= -774.385097503103  delta_E= -0.0562  |g|= 0.141  |ddm|= 0.537
  HOMO = -0.143620850844017  LUMO = -0.140801221550313
cycle= 261 E= -774.389864105706  delta_E= -0.00477  |g|= 0.0996  |ddm|= 0.549
  HOMO = -0.143072171564141  LUMO = -0.140459055341454
cycle= 262 E= -774.378604478491  delta_E= 0.0113  |g|= 0.177  |ddm|= 0.644
  HOMO = -0.143439632229804  LUMO = -0.140743280567471
cycle= 263 E= -774.362748578437  delta_E= 0.0159  |g|= 0.245  |ddm|= 0.168
  HOMO = -0.143969798687706  LUMO = -0.140932837771056
cycle= 264 E= -774.325697063856  delta_E= 0.0371  |g|= 0.348  |ddm|= 0.29
  HOMO = -0.143771153181346  LUMO = -0.140939005175056
cycle= 265 E= -774.345403401683  delta_E= -0.0197  |g|= 0.299  |ddm|= 0.145
  HOMO = -0.14361913583421  LUMO = -0.140696427374813
cycle= 266 E= -774.335277038949  delta_E= 0.0101  |g|= 0.326  |ddm|= 0.0763
  HOMO = -0.143717201006768  LUMO = -0.140882462125523
cycle= 267 E= -774.346037904672  delta_E= -0.0108  |g|= 0.298  |ddm|= 0.0804
  HOMO = -0.143668970114001  LUMO = -0.14082744087972
cycle= 268 E= -774.344917223657  delta_E= 0.00112  |g|= 0.301  |ddm|= 0.0199
  HOMO = -0.143577909419524  LUMO = -0.140560361384399
cycle= 269 E= -774.326495203112  delta_E= 0.0184  |g|= 0.346  |ddm|= 0.134
  HOMO = -0.145143248603989  LUMO = -0.142606414409795
cycle= 270 E= -774.363453005789  delta_E= -0.037  |g|= 0.254  |ddm|= 0.318
  HOMO = -0.142884730468986  LUMO = -0.13995903128331
cycle= 271 E= -774.376540574815  delta_E= -0.0131  |g|= 0.195  |ddm|= 0.948
  HOMO = -0.14406219154297  LUMO = -0.139993088354536
cycle= 272 E= -774.259009362224  delta_E= 0.118  |g|= 0.467  |ddm|= 1.53
  HOMO = -0.142355876550786  LUMO = -0.139788530171504
cycle= 273 E= -774.38480899018  delta_E= -0.126  |g|= 0.143  |ddm|= 0.928
  HOMO = -0.143559188842697  LUMO = -0.140847197548513
cycle= 274 E= -774.359361594432  delta_E= 0.0254  |g|= 0.256  |ddm|= 0.302
  HOMO = -0.14492564842663  LUMO = -0.141946885850956
cycle= 275 E= -774.331497709928  delta_E= 0.0279  |g|= 0.333  |ddm|= 0.211
  HOMO = -0.144014924388614  LUMO = -0.140843284052233
cycle= 276 E= -774.315330498182  delta_E= 0.0162  |g|= 0.37  |ddm|= 0.132
  HOMO = -0.144011560480371  LUMO = -0.140833565154359
cycle= 277 E= -774.314364010321  delta_E= 0.000966  |g|= 0.373  |ddm|= 0.0357
  HOMO = -0.144719274518292  LUMO = -0.140973639850262
cycle= 278 E= -774.28153851764  delta_E= 0.0328  |g|= 0.429  |ddm|= 0.216
  HOMO = -0.144372319748557  LUMO = -0.141764223767844
cycle= 279 E= -774.38661579455  delta_E= -0.105  |g|= 0.132  |ddm|= 0.843
  HOMO = -0.143039028580715  LUMO = -0.139296816966564
cycle= 280 E= -774.357243007587  delta_E= 0.0294  |g|= 0.268  |ddm|= 0.946
  HOMO = -0.143517186602312  LUMO = -0.140433849777506
cycle= 281 E= -774.322093413824  delta_E= 0.0351  |g|= 0.355  |ddm|= 1.44
  HOMO = -0.142494680254551  LUMO = -0.139831892289631
cycle= 282 E= -774.366189752945  delta_E= -0.0441  |g|= 0.232  |ddm|= 0.363
  HOMO = -0.143365911854628  LUMO = -0.140719503386105
cycle= 283 E= -774.373219606207  delta_E= -0.00703  |g|= 0.202  |ddm|= 0.0813
  HOMO = -0.143232417075956  LUMO = -0.14064232775683
cycle= 284 E= -774.386119450126  delta_E= -0.0129  |g|= 0.132  |ddm|= 0.168
  HOMO = -0.143766832391617  LUMO = -0.140663823723655
cycle= 285 E= -774.320024768023  delta_E= 0.0661  |g|= 0.358  |ddm|= 0.59
  HOMO = -0.143805467437587  LUMO = -0.140786499602171
cycle= 286 E= -774.326378124275  delta_E= -0.00635  |g|= 0.344  |ddm|= 0.0521
  HOMO = -0.143660007946321  LUMO = -0.141024328991868
cycle= 287 E= -774.375987163861  delta_E= -0.0496  |g|= 0.188  |ddm|= 0.413
  HOMO = -0.143438632546568  LUMO = -0.140786300618177
cycle= 288 E= -774.371226265414  delta_E= 0.00476  |g|= 0.21  |ddm|= 0.0545
  HOMO = -0.143204229174895  LUMO = -0.140105552864079
cycle= 289 E= -774.380575720681  delta_E= -0.00935  |g|= 0.167  |ddm|= 0.879
  HOMO = -0.143876934948815  LUMO = -0.14125664242374
cycle= 290 E= -774.375375149408  delta_E= 0.0052  |g|= 0.193  |ddm|= 0.836
  HOMO = -0.143957010025604  LUMO = -0.141238077744247
cycle= 291 E= -774.361070587993  delta_E= 0.0143  |g|= 0.25  |ddm|= 0.151
  HOMO = -0.143980751887269  LUMO = -0.14086232850434
cycle= 292 E= -774.317493510715  delta_E= 0.0436  |g|= 0.365  |ddm|= 0.325
  HOMO = -0.143045973033726  LUMO = -0.139753122344589
cycle= 293 E= -774.30442900005  delta_E= 0.0131  |g|= 0.393  |ddm|= 0.109
  HOMO = -0.143708882093934  LUMO = -0.140590800932712
cycle= 294 E= -774.317583531081  delta_E= -0.0132  |g|= 0.365  |ddm|= 0.0997
  HOMO = -0.143447263157269  LUMO = -0.140441660648481
cycle= 295 E= -774.328944715024  delta_E= -0.0114  |g|= 0.347  |ddm|= 0.095
  HOMO = -0.144286418106148  LUMO = -0.140018248030717
cycle= 296 E= -774.262677874417  delta_E= 0.0663  |g|= 0.456  |ddm|= 0.444
  HOMO = -0.143300002423092  LUMO = -0.140445010582731
cycle= 297 E= -774.344128434754  delta_E= -0.0815  |g|= 0.301  |ddm|= 0.545
  HOMO = -0.144687507820318  LUMO = -0.13795978063716
cycle= 298 E= -774.328177051862  delta_E= 0.016  |g|= 0.325  |ddm|=  1.6
  HOMO = -0.144052264599315  LUMO = -0.14039769209236
cycle= 299 E= -774.275628930032  delta_E= 0.0525  |g|= 0.453  |ddm|= 1.86
  HOMO = -0.145940654572171  LUMO = -0.143284636603707
cycle= 300 E= -774.388344840659  delta_E= -0.113  |g|= 0.143  |ddm|= 1.07
  HOMO = -0.143423077710037  LUMO = -0.136921688157854
cycle= 301 E= -774.215758181454  delta_E= 0.173  |g|= 0.523  |ddm|= 1.42
  HOMO = -0.145060395310315  LUMO = -0.139587463725568
cycle= 302 E= -774.234985704008  delta_E= -0.0192  |g|= 0.491  |ddm|= 0.193
  HOMO = -0.143947931471541  LUMO = -0.139039301784533
cycle= 303 E= -774.246585140675  delta_E= -0.0116  |g|= 0.485  |ddm|= 0.148
  HOMO = -0.143803571542218  LUMO = -0.140724517046522
cycle= 304 E= -774.323125123437  delta_E= -0.0765  |g|= 0.353  |ddm|= 0.506
  HOMO = -0.144088992054294  LUMO = -0.140714239665321
cycle= 305 E= -774.301214099936  delta_E= 0.0219  |g|= 0.396  |ddm|= 0.142
  HOMO = -0.143286414118393  LUMO = -0.137286863423078
cycle= 306 E= -774.225480444794  delta_E= 0.0757  |g|= 0.508  |ddm|= 0.493
  HOMO = -0.143391065748574  LUMO = -0.138537809811591
cycle= 307 E= -774.34239288933  delta_E= -0.117  |g|= 0.296  |ddm|= 1.95
  HOMO = -0.143875850699742  LUMO = -0.138411831080115
cycle= 308 E= -774.239564322269  delta_E= 0.103  |g|= 0.485  |ddm|= 1.92
  HOMO = -0.14661666124774  LUMO = -0.140244500204256
cycle= 309 E= -774.224556353411  delta_E= 0.015  |g|= 0.514  |ddm|= 0.152
  HOMO = -0.146942909383078  LUMO = -0.139000796093486
cycle= 310 E= -774.214469948626  delta_E= 0.0101  |g|= 0.52  |ddm|= 0.145
  HOMO = -0.144723360129107  LUMO = -0.139250547884301
cycle= 311 E= -774.239928906741  delta_E= -0.0255  |g|= 0.49  |ddm|= 0.227
  HOMO = -0.145539725271693  LUMO = -0.138758276466392
cycle= 312 E= -774.220611029072  delta_E= 0.0193  |g|= 0.511  |ddm|= 0.155
  HOMO = -0.144797923807237  LUMO = -0.140358336130285
cycle= 313 E= -774.266370483361  delta_E= -0.0458  |g|= 0.461  |ddm|= 0.331
  HOMO = -0.146249368509218  LUMO = -0.139788720032552
cycle= 314 E= -774.226785579968  delta_E= 0.0396  |g|= 0.507  |ddm|= 0.31
  HOMO = -0.146011013626978  LUMO = -0.14083276507257
cycle= 315 E= -774.245667870013  delta_E= -0.0189  |g|= 0.486  |ddm|= 0.156
  HOMO = -0.138152393278451  LUMO = -0.121508058125971
cycle= 316 E= -773.989560543348  delta_E= 0.256  |g|= 1.01  |ddm|= 2.37
  HOMO = -0.18322582107679  LUMO = -0.117637252065315
cycle= 317 E= -774.253680951908  delta_E= -0.264  |g|= 0.547  |ddm|= 0.995
  HOMO = -0.151435265642159  LUMO = -0.128296189052025
cycle= 318 E= -774.282784453301  delta_E= -0.0291  |g|= 0.441  |ddm|= 0.46
  HOMO = -0.146895348072349  LUMO = -0.138678219874916
cycle= 319 E= -774.214580593183  delta_E= 0.0682  |g|= 0.524  |ddm|= 2.15
  HOMO = -0.146148226174577  LUMO = -0.136322502192913
cycle= 320 E= -774.208629151505  delta_E= 0.00595  |g|= 0.524  |ddm|= 0.11
  HOMO = -0.145066104376113  LUMO = -0.141851741729043
cycle= 321 E= -774.335856386979  delta_E= -0.127  |g|= 0.338  |ddm|= 0.903
  HOMO = -0.146337257669833  LUMO = -0.137701824336736
cycle= 322 E= -774.207668673096  delta_E= 0.128  |g|= 0.527  |ddm|= 0.895
  HOMO = -0.145101053352073  LUMO = -0.138531735111988
cycle= 323 E= -774.228646831174  delta_E= -0.021  |g|= 0.505  |ddm|= 0.21
  HOMO = -0.146572759729489  LUMO = -0.136837002251455
cycle= 324 E= -774.20731603234  delta_E= 0.0213  |g|= 0.528  |ddm|= 0.203
  HOMO = -0.148995146665972  LUMO = -0.140589058387207
cycle= 325 E= -774.324364496138  delta_E= -0.117  |g|= 0.344  |ddm|= 2.11
  HOMO = -0.143374507486585  LUMO = -0.137587292528712
cycle= 326 E= -774.23688482476  delta_E= 0.0875  |g|= 0.49  |ddm|= 2.03
  HOMO = -0.142308782169235  LUMO = -0.137259263415931
cycle= 327 E= -774.248611589791  delta_E= -0.0117  |g|= 0.477  |ddm|= 0.0917
  HOMO = -0.139944674330771  LUMO = -0.135067168966874
cycle= 328 E= -774.239554691947  delta_E= 0.00906  |g|= 0.495  |ddm|= 0.18
  HOMO = -0.142031965960659  LUMO = -0.136680519185177
cycle= 329 E= -774.240100092908  delta_E= -0.000545  |g|= 0.491  |ddm|= 0.172
  HOMO = -0.143909707520706  LUMO = -0.140180411826842
cycle= 330 E= -774.30226494806  delta_E= -0.0622  |g|= 0.404  |ddm|= 0.451
  HOMO = -0.142842709285672  LUMO = -0.136380480419408
cycle= 331 E= -774.225893824364  delta_E= 0.0764  |g|= 0.502  |ddm|= 0.544
  HOMO = -0.14281026335322  LUMO = -0.135932093410425
cycle= 332 E= -774.219705292171  delta_E= 0.00619  |g|= 0.513  |ddm|= 0.0861
  HOMO = -0.142793224945065  LUMO = -0.137001620709202
cycle= 333 E= -774.234255946761  delta_E= -0.0146  |g|= 0.504  |ddm|= 0.165
  HOMO = -0.153144365082744  LUMO = -0.0976075780924336
cycle= 334 E= -774.085339010401  delta_E= 0.149  |g|= 0.914  |ddm|= 2.28
  HOMO = -0.172835515482037  LUMO = -0.117198920177139
cycle= 335 E= -774.255707196047  delta_E= -0.17  |g|= 0.519  |ddm|= 0.777
  HOMO = -0.160829412173631  LUMO = -0.132620132135024
cycle= 336 E= -774.296735145909  delta_E= -0.041  |g|= 0.414  |ddm|= 0.404
  HOMO = -0.147071650920482  LUMO = -0.127232800612872
cycle= 337 E= -774.185656052225  delta_E= 0.111  |g|= 0.565  |ddm|= 2.19
  HOMO = -0.143221260668562  LUMO = -0.130264281569119
cycle= 338 E= -774.190952013927  delta_E= -0.0053  |g|= 0.548  |ddm|= 0.145
  HOMO = -0.145659967207028  LUMO = -0.128675017330218
cycle= 339 E= -774.191870880326  delta_E= -0.000919  |g|= 0.549  |ddm|= 0.129
  HOMO = -0.145477039058314  LUMO = -0.12878538402096
cycle= 340 E= -774.191953640651  delta_E= -8.28e-05  |g|= 0.548  |ddm|= 0.0173
  HOMO = -0.144973901557768  LUMO = -0.129520934373615
cycle= 341 E= -774.194897430285  delta_E= -0.00294  |g|= 0.544  |ddm|= 0.0258
  HOMO = -0.146949555217388  LUMO = -0.12658914503661
cycle= 342 E= -774.184111073957  delta_E= 0.0108  |g|= 0.56  |ddm|= 0.0843
  HOMO = -0.145668098773202  LUMO = -0.139346927654468
cycle= 343 E= -774.340827695275  delta_E= -0.157  |g|= 0.297  |ddm|= 2.11
  HOMO = -0.143900515291122  LUMO = -0.14084429933555
cycle= 344 E= -774.351638368297  delta_E= -0.0108  |g|= 0.285  |ddm|= 1.46
  HOMO = -0.142724672171993  LUMO = -0.139206920888401
cycle= 345 E= -774.294314772517  delta_E= 0.0573  |g|= 0.411  |ddm|= 0.428
  HOMO = -0.142788296376707  LUMO = -0.140137625570814
cycle= 346 E= -774.374301301774  delta_E= -0.08  |g|= 0.204  |ddm|= 0.612
  HOMO = -0.143782101272184  LUMO = -0.141210370977394
cycle= 347 E= -774.380487296626  delta_E= -0.00619  |g|= 0.169  |ddm|= 0.119
  HOMO = -0.142869894626671  LUMO = -0.1402224819617
cycle= 348 E= -774.394677602396  delta_E= -0.0142  |g|= 0.0451  |ddm|=  0.4
  HOMO = -0.143945908172676  LUMO = -0.141343103352463
cycle= 349 E= -774.393971467515  delta_E= 0.000706  |g|= 0.0542  |ddm|= 0.141
  HOMO = -0.143444500691715  LUMO = -0.140845989933737
cycle= 350 E= -774.392801506885  delta_E= 0.00117  |g|= 0.0692  |ddm|= 0.0631
  HOMO = -0.143662668568079  LUMO = -0.140839234935707
cycle= 351 E= -774.343987273646  delta_E= 0.0488  |g|= 0.303  |ddm|= 0.558
  HOMO = -0.143907880908002  LUMO = -0.14110502670088
cycle= 352 E= -774.392029424214  delta_E= -0.048  |g|= 0.0793  |ddm|= 0.889
  HOMO = -0.143275697324939  LUMO = -0.140686489379581
cycle= 353 E= -774.384145206178  delta_E= 0.00788  |g|= 0.145  |ddm|= 0.523
  HOMO = -0.1434529002557  LUMO = -0.140870096202186
cycle= 354 E= -774.390976117179  delta_E= -0.00683  |g|= 0.0905  |ddm|= 0.127
  HOMO = -0.143511398645677  LUMO = -0.140926099615464
cycle= 355 E= -774.387265212957  delta_E= 0.00371  |g|= 0.123  |ddm|= 0.0756
  HOMO = -0.143437908707473  LUMO = -0.14085294600998
cycle= 356 E= -774.385416234923  delta_E= 0.00185  |g|= 0.136  |ddm|= 0.0313
  HOMO = -0.143163425145161  LUMO = -0.140586539955644
cycle= 357 E= -774.387351734789  delta_E= -0.00194  |g|= 0.122  |ddm|= 0.0407
  HOMO = -0.143641177024867  LUMO = -0.1410359602346
cycle= 358 E= -774.394356955918  delta_E= -0.00701  |g|= 0.0435  |ddm|= 0.185
  HOMO = -0.143450873828453  LUMO = -0.14080758862712
cycle= 359 E= -774.395261091693  delta_E= -0.000904  |g|= 0.0102  |ddm|= 0.0788
  HOMO = -0.14350194884205  LUMO = -0.140885704930682
cycle= 360 E= -774.394693305479  delta_E= 0.000568  |g|= 0.0338  |ddm|= 0.0593
  HOMO = -0.143618925215805  LUMO = -0.140910230329186
cycle= 361 E= -774.394644835075  delta_E= 4.85e-05  |g|= 0.0347  |ddm|= 0.164
  HOMO = -0.143532296880894  LUMO = -0.140879856504562
cycle= 362 E= -774.395304627877  delta_E= -0.00066  |g|= 0.0026  |ddm|= 0.0891
  HOMO = -0.143552771988401  LUMO = -0.140906008830908
cycle= 363 E= -774.395288067192  delta_E= 1.66e-05  |g|= 0.00606  |ddm|= 0.00971
  HOMO = -0.143536206063623  LUMO = -0.140888089653804
cycle= 364 E= -774.395293576271  delta_E= -5.51e-06  |g|= 0.00512  |ddm|= 0.00254
  HOMO = -0.143545632615774  LUMO = -0.140891516558517
cycle= 365 E= -774.395307692376  delta_E= -1.41e-05  |g|= 0.000377  |ddm|= 0.0113
  HOMO = -0.143544904402848  LUMO = -0.14089078981809
cycle= 366 E= -774.39530767045  delta_E= 2.19e-08  |g|= 0.000423  |ddm|= 0.000207
  HOMO = -0.143544386351283  LUMO = -0.140889998979826
cycle= 367 E= -774.395307740724  delta_E= -7.03e-08  |g|= 0.000225  |ddm|= 0.000483
  HOMO = -0.143545381655454  LUMO = -0.140890747381053
cycle= 368 E= -774.3953077668  delta_E= -2.61e-08  |g|= 5.34e-05  |ddm|= 0.000421
  HOMO = -0.143545140943358  LUMO = -0.14089035949727
cycle= 369 E= -774.395307765717  delta_E= 1.08e-09  |g|= 6.71e-05  |ddm|= 0.000272
  HOMO = -0.143545364230285  LUMO = -0.140890645422723
cycle= 370 E= -774.395307767954  delta_E= -2.24e-09  |g|= 2e-05  |ddm|= 0.00011
  HOMO = -0.143545290354961  LUMO = -0.140890580293659
cycle= 371 E= -774.39530776807  delta_E= -1.16e-10  |g|= 1.36e-05  |ddm|= 1.61e-05
  HOMO = -0.143545277054974  LUMO = -0.140890580725298
cycle= 372 E= -774.395307768164  delta_E= -9.44e-11  |g|= 3.82e-06  |ddm|= 2.34e-05
  HOMO = -0.143544861841547  LUMO = -0.140890617354395
Extra cycle  E= -774.395307709253  delta_E= 5.89e-08  |g|= 0.00033  |ddm|= 0.000794
converged SCF energy = -774.395307709253
AOs:  [0, 1, 2, 3, 4, 5, 6, 7, 8, 9, 10, 11, 12, 13, 14, 15, 16, 17, 18, 19, 20, 21, 22, 23, 24, 25, 26, 27, 28, 29, 30, 31, 32, 33, 34, 35, 36, 37, 38, 39, 40, 41, 42, 43, 44, 45, 46, 47, 48, 49, 50, 51, 52, 53, 54, 55, 56, 57, 58, 59, 60, 61, 62, 63]
64

 AO indices used for projection:  [0, 1, 3, 4, 5, 14, 16, 17, 19, 20, 21, 30, 32, 33, 35, 36, 37, 46, 48, 49, 51, 52, 53, 62]
 # of orbitals to keep:  16
Number of Active MOs:  16
Number of Environment MOs:  54
Number of Virtual MOs:  244
 # electrons:            α            β
         Env:  54.00000000  54.00000000
         Act:  16.00000000  16.00000000
         Vir:   0.00000000   0.00000000
Number of electrons in the active space:  32

 The density matrix is idempotent!

 The density matrix is idempotent!


******** <class 'pyscf.scf.hf.RHF'> ********
method = RHF
initial guess = minao
damping factor = 0
level_shift factor = 0
DIIS = <class 'pyscf.scf.diis.CDIIS'>
diis_start_cycle = 1
diis_space = 8
SCF conv_tol = 1e-09
SCF conv_tol_grad = 1e-05
SCF max_cycles = 200
direct_scf = True
direct_scf_tol = 1e-13
chkfile to save SCF result = subsys_scf.chk
max_memory 900000 MB (current use 10410 MB)
init E= 994.657346097413
  HOMO = -0.16145192885936  LUMO = 0.00463533425824655
cycle= 1 E= 994.609007546514  delta_E= -0.0483  |g|= 0.0847  |ddm|= 0.811
  HOMO = -0.161929747398356  LUMO = 0.00780335318384308
cycle= 2 E= 994.604700433139  delta_E= -0.00431  |g|= 0.0352  |ddm|= 0.225
  HOMO = -0.168477544983916  LUMO = 0.0107108563605699
cycle= 3 E= 994.603398713165  delta_E= -0.0013  |g|= 0.0283  |ddm|= 0.115
  HOMO = -0.167332584095554  LUMO = 0.0138493433970557
cycle= 4 E= 994.602736759252  delta_E= -0.000662  |g|= 0.0116  |ddm|= 0.0769
  HOMO = -0.169402003682786  LUMO = 0.0153078528328462
cycle= 5 E= 994.602411473356  delta_E= -0.000325  |g|= 0.00536  |ddm|= 0.0794
  HOMO = -0.169748295377261  LUMO = 0.0160198071138812
cycle= 6 E= 994.602350635692  delta_E= -6.08e-05  |g|= 0.00338  |ddm|= 0.0324
  HOMO = -0.169667469224185  LUMO = 0.0158592435408849
cycle= 7 E= 994.602331115044  delta_E= -1.95e-05  |g|= 0.00217  |ddm|= 0.0168
  HOMO = -0.169467084331026  LUMO = 0.015572107734709
cycle= 8 E= 994.60231594929  delta_E= -1.52e-05  |g|= 0.00148  |ddm|= 0.0196
  HOMO = -0.169304091091861  LUMO = 0.0152597658133274
cycle= 9 E= 994.602309607899  delta_E= -6.34e-06  |g|= 0.000377  |ddm|= 0.0193
  HOMO = -0.169202036929851  LUMO = 0.0152218297419115
cycle= 10 E= 994.602309282228  delta_E= -3.26e-07  |g|= 0.000145  |ddm|= 0.00385
  HOMO = -0.169177934711178  LUMO = 0.0151798544373463
cycle= 11 E= 994.602309242772  delta_E= -3.95e-08  |g|= 4.72e-05  |ddm|= 0.00163
  HOMO = -0.169174435691315  LUMO = 0.0151764919450404
cycle= 12 E= 994.602309240867  delta_E= -1.9e-09  |g|= 1.06e-05  |ddm|= 0.000186
  HOMO = -0.169173957844811  LUMO = 0.0151765330856537
cycle= 13 E= 994.602309240529  delta_E= -3.38e-10  |g|= 2.97e-06  |ddm|= 5.66e-05
  HOMO = -0.169174304792397  LUMO = 0.0151762957562875
Extra cycle  E= 994.602309240601  delta_E= 7.21e-11  |g|= 1.64e-06  |ddm|= 9.75e-06
converged SCF energy = 994.602309240601
Difference in energy:  -684.4415553766698
E(MP2) = 994.015847044113  E_corr = -0.586462196488098
Total energy =  -773.891043773286
time elapsed:  358.19278621673584
