

******** <class 'pyscf.dft.rks.RKS'> ********
method = RKS-RHF
initial guess = minao
damping factor = 0
level_shift factor = 0
DIIS = <class 'pyscf.scf.diis.CDIIS'>
diis_start_cycle = 1
diis_space = 8
SCF conv_tol = 1e-09
SCF conv_tol_grad = 1e-05
SCF max_cycles = 1000
direct_scf = True
direct_scf_tol = 1e-13
chkfile to save SCF result = scf.fchk
max_memory 900000 MB (current use 79 MB)
XC library pyscf.dft.libxc version 5.1.7
    S. Lehtola, C. Steigemann, M. J. Oliveira, and M. A. Marques, SoftwareX 7, 1 (2018)
XC functionals = pbe
    J. P. Perdew, K. Burke, and M. Ernzerhof, Phys. Rev. Lett. 77, 3865 (1996)
    J. P. Perdew, K. Burke, and M. Ernzerhof, Phys. Rev. Lett. 78, 1396 (1997)
    J. P. Perdew, K. Burke, and M. Ernzerhof, Phys. Rev. Lett. 77, 3865 (1996)
    J. P. Perdew, K. Burke, and M. Ernzerhof, Phys. Rev. Lett. 78, 1396 (1997)
small_rho_cutoff = 1e-07
init E= -776.04754061138
  HOMO = -0.23289272531964  LUMO = -0.208357746421109
cycle= 1 E= -773.975112149074  delta_E= 2.07  |g|= 1.21  |ddm|= 6.28
  HOMO = -0.0154017015678646  LUMO = 0.000677821274693514
cycle= 2 E= -762.687675337096  delta_E= 11.3  |g|= 3.82  |ddm|= 6.26
  HOMO = -0.101571774595906  LUMO = -0.0670553302511083
cycle= 3 E= -773.664262850925  delta_E=  -11  |g|= 1.39  |ddm|=  5.9
  HOMO = -0.109315730394015  LUMO = -0.0779925244715318
cycle= 4 E= -772.828716628551  delta_E= 0.836  |g|= 1.79  |ddm|= 3.36
  HOMO = -0.143301406657822  LUMO = -0.0899775910277376
cycle= 5 E= -774.044518531166  delta_E= -1.22  |g|= 0.805  |ddm|= 2.61
  HOMO = -0.150202137051514  LUMO = -0.131125835915699
cycle= 6 E= -774.266002481392  delta_E= -0.221  |g|= 0.522  |ddm|= 2.32
  HOMO = -0.149655082218027  LUMO = -0.13391764566589
cycle= 7 E= -774.184663198682  delta_E= 0.0813  |g|= 0.575  |ddm|= 2.23
  HOMO = -0.140103308267477  LUMO = -0.137911105229888
cycle= 8 E= -774.358216744033  delta_E= -0.174  |g|= 0.258  |ddm|= 2.03
  HOMO = -0.14304856190494  LUMO = -0.13961458413638
cycle= 9 E= -774.229414983925  delta_E= 0.129  |g|= 0.491  |ddm|= 1.88
  HOMO = -0.146139575215855  LUMO = -0.140143434928196
cycle= 10 E= -774.318619033711  delta_E= -0.0892  |g|= 0.333  |ddm|= 2.13
  HOMO = -0.142531493619369  LUMO = -0.140296073171617
cycle= 11 E= -774.347324949184  delta_E= -0.0287  |g|= 0.266  |ddm|= 0.433
  HOMO = -0.14259446069074  LUMO = -0.139470168529975
cycle= 12 E= -774.331616047651  delta_E= 0.0157  |g|= 0.303  |ddm|= 0.247
  HOMO = -0.145060262008942  LUMO = -0.14140862435708
cycle= 13 E= -774.328992043495  delta_E= 0.00262  |g|= 0.315  |ddm|= 0.143
  HOMO = -0.142835010635382  LUMO = -0.141396950655829
cycle= 14 E= -774.374988549863  delta_E= -0.046  |g|= 0.18  |ddm|= 0.675
  HOMO = -0.145612843385938  LUMO = -0.141614917634088
cycle= 15 E= -774.325317112788  delta_E= 0.0497  |g|= 0.33  |ddm|= 0.725
  HOMO = -0.144033027052443  LUMO = -0.137256835101146
cycle= 16 E= -774.316798840518  delta_E= 0.00852  |g|= 0.336  |ddm|= 0.179
  HOMO = -0.143390791410398  LUMO = -0.138009338786931
cycle= 17 E= -774.321985235629  delta_E= -0.00519  |g|= 0.33  |ddm|= 0.13
  HOMO = -0.141434652351463  LUMO = -0.137996913532361
cycle= 18 E= -774.21477177339  delta_E= 0.107  |g|= 0.512  |ddm|= 2.14
  HOMO = -0.143862431734141  LUMO = -0.138679582249898
cycle= 19 E= -774.324179410497  delta_E= -0.109  |g|= 0.321  |ddm|= 2.14
  HOMO = -0.142184290043678  LUMO = -0.139212655261198
cycle= 20 E= -774.334570492906  delta_E= -0.0104  |g|= 0.304  |ddm|= 0.198
  HOMO = -0.143631468808485  LUMO = -0.142116776751269
cycle= 21 E= -774.305344546269  delta_E= 0.0292  |g|= 0.382  |ddm|= 1.76
  HOMO = -0.139534499596763  LUMO = -0.138322562229973
cycle= 22 E= -774.340252602859  delta_E= -0.0349  |g|= 0.32  |ddm|= 0.356
  HOMO = -0.145228492660489  LUMO = -0.141977886856951
cycle= 23 E= -774.224003580623  delta_E= 0.116  |g|= 0.525  |ddm|= 0.903
  HOMO = -0.142646143867717  LUMO = -0.139788003711986
cycle= 24 E= -774.230788412508  delta_E= -0.00678  |g|= 0.492  |ddm|= 0.193
  HOMO = -0.145127807077898  LUMO = -0.140680719613333
cycle= 25 E= -774.210915220331  delta_E= 0.0199  |g|= 0.514  |ddm|= 0.173
  HOMO = -0.144816299556853  LUMO = -0.141459996259853
cycle= 26 E= -774.221867101279  delta_E= -0.011  |g|= 0.506  |ddm|= 0.118
  HOMO = -0.144625226644902  LUMO = -0.141273205927197
cycle= 27 E= -774.222350486113  delta_E= -0.000483  |g|= 0.504  |ddm|= 0.0176
  HOMO = -0.144765770073712  LUMO = -0.139387561639788
cycle= 28 E= -774.207833769069  delta_E= 0.0145  |g|= 0.523  |ddm|= 0.153
  HOMO = -0.179796852803004  LUMO = -0.112580303209766
cycle= 29 E= -774.173106234369  delta_E= 0.0347  |g|= 0.702  |ddm|= 2.21
  HOMO = -0.155871687798384  LUMO = -0.134084073206421
cycle= 30 E= -774.297342572791  delta_E= -0.124  |g|= 0.415  |ddm|= 0.601
  HOMO = -0.149799285725067  LUMO = -0.136701117087316
cycle= 31 E= -774.29721090183  delta_E= 0.000132  |g|= 0.436  |ddm|= 0.471
  HOMO = -0.143212399656609  LUMO = -0.141703632671104
cycle= 32 E= -774.370129028068  delta_E= -0.0729  |g|= 0.218  |ddm|= 1.67
  HOMO = -0.141600608073093  LUMO = -0.138128815643517
cycle= 33 E= -774.22000701694  delta_E= 0.15  |g|= 0.497  |ddm|= 1.15
  HOMO = -0.144338355034046  LUMO = -0.139976415459828
cycle= 34 E= -774.21100800171  delta_E= 0.009  |g|= 0.509  |ddm|= 0.125
  HOMO = -0.14343551833897  LUMO = -0.141646894506178
cycle= 35 E= -774.259014145534  delta_E= -0.048  |g|= 0.459  |ddm|= 0.425
  HOMO = -0.143871780970114  LUMO = -0.138663450774712
cycle= 36 E= -774.204892568799  delta_E= 0.0541  |g|= 0.52  |ddm|= 0.475
  HOMO = -0.14344314530242  LUMO = -0.139962550640735
cycle= 37 E= -774.218730493429  delta_E= -0.0138  |g|= 0.499  |ddm|= 0.15
  HOMO = -0.142249169470133  LUMO = -0.141115008397859
cycle= 38 E= -774.389748649455  delta_E= -0.171  |g|= 0.102  |ddm|= 1.65
  HOMO = -0.142834004325903  LUMO = -0.141735538761064
cycle= 39 E= -774.388762944822  delta_E= 0.000986  |g|= 0.0955  |ddm|= 0.113
  HOMO = -0.142450830254562  LUMO = -0.141035802713633
cycle= 40 E= -774.289628372331  delta_E= 0.0991  |g|= 0.411  |ddm|= 1.26
  HOMO = -0.143144175932268  LUMO = -0.140453287816499
cycle= 41 E= -774.231476404389  delta_E= 0.0582  |g|= 0.489  |ddm|= 0.438
  HOMO = -0.143367907394704  LUMO = -0.140396255331012
cycle= 42 E= -774.225782129888  delta_E= 0.00569  |g|= 0.494  |ddm|= 0.0533
  HOMO = -0.143458851192499  LUMO = -0.140490039144289
cycle= 43 E= -774.22587823797  delta_E= -9.61e-05  |g|= 0.493  |ddm|= 0.00704
  HOMO = -0.143581116928007  LUMO = -0.141141200127662
cycle= 44 E= -774.23702011957  delta_E= -0.0111  |g|= 0.483  |ddm|= 0.105
  HOMO = -0.143332374151978  LUMO = -0.140545438430364
cycle= 45 E= -774.229366756851  delta_E= 0.00765  |g|= 0.49  |ddm|= 0.0747
  HOMO = -0.143339510754541  LUMO = -0.140526476547374
cycle= 46 E= -774.229168019597  delta_E= 0.000199  |g|= 0.49  |ddm|= 0.00712
  HOMO = -0.143107825512807  LUMO = -0.14090540822519
cycle= 47 E= -774.244554935444  delta_E= -0.0154  |g|= 0.474  |ddm|= 0.16
  HOMO = -0.179118907901424  LUMO = -0.127341160125731
cycle= 48 E= -774.203703150995  delta_E= 0.0409  |g|= 0.632  |ddm|= 2.14
  HOMO = -0.16320093976866  LUMO = -0.108875690701686
cycle= 49 E= -774.220001344529  delta_E= -0.0163  |g|= 0.641  |ddm|= 0.894
  HOMO = -0.157561075098514  LUMO = -0.133217266522334
cycle= 50 E= -774.300783300179  delta_E= -0.0808  |g|= 0.397  |ddm|= 0.566
  HOMO = -0.142040596445091  LUMO = -0.137925623258088
cycle= 51 E= -774.22325955673  delta_E= 0.0775  |g|= 0.507  |ddm|= 2.16
  HOMO = -0.143200068323657  LUMO = -0.13534832918616
cycle= 52 E= -774.204090542819  delta_E= 0.0192  |g|= 0.523  |ddm|= 0.231
  HOMO = -0.142713927553418  LUMO = -0.137980615281919
cycle= 53 E= -774.220504428706  delta_E= -0.0164  |g|= 0.503  |ddm|= 0.166
  HOMO = -0.143975905624616  LUMO = -0.137580996094404
cycle= 54 E= -774.211144207385  delta_E= 0.00936  |g|= 0.513  |ddm|= 0.143
  HOMO = -0.142436430696985  LUMO = -0.13761652804041
cycle= 55 E= -774.219171159073  delta_E= -0.00803  |g|= 0.503  |ddm|= 0.112
  HOMO = -0.14144037368459  LUMO = -0.139741842504096
cycle= 56 E= -774.323657221363  delta_E= -0.104  |g|= 0.354  |ddm|= 0.778
  HOMO = -0.142738275417838  LUMO = -0.139837085849409
cycle= 57 E= -774.224132471501  delta_E= 0.0995  |g|= 0.521  |ddm|= 0.661
  HOMO = -0.143486141584313  LUMO = -0.140971760727385
cycle= 58 E= -774.246892865344  delta_E= -0.0228  |g|= 0.489  |ddm|= 0.183
  HOMO = -0.1477962932799  LUMO = -0.136777688130001
cycle= 59 E= -774.299680601765  delta_E= -0.0528  |g|= 0.398  |ddm|= 2.11
  HOMO = -0.145147895376389  LUMO = -0.137650626077994
cycle= 60 E= -774.201466420659  delta_E= 0.0982  |g|= 0.53  |ddm|=  2.2
  HOMO = -0.145014728249537  LUMO = -0.142931377923275
cycle= 61 E= -774.353562355908  delta_E= -0.152  |g|= 0.273  |ddm|= 2.04
  HOMO = -0.141087380075371  LUMO = -0.135990864399217
cycle= 62 E= -774.207550083448  delta_E= 0.146  |g|= 0.517  |ddm|= 2.03
  HOMO = -0.143597810347741  LUMO = -0.138307784715377
cycle= 63 E= -774.21043374799  delta_E= -0.00288  |g|= 0.513  |ddm|= 0.151
  HOMO = -0.142590416338326  LUMO = -0.140117761321188
cycle= 64 E= -774.235384442492  delta_E= -0.025  |g|= 0.492  |ddm|=  0.3
  HOMO = -0.139505949886063  LUMO = -0.137382378722104
cycle= 65 E= -774.341107476583  delta_E= -0.106  |g|= 0.318  |ddm|= 1.92
  HOMO = -0.144890628596975  LUMO = -0.138551855379764
cycle= 66 E= -774.207087573645  delta_E= 0.134  |g|= 0.519  |ddm|= 2.05
  HOMO = -0.144653592431732  LUMO = -0.139034201925486
cycle= 67 E= -774.21117072862  delta_E= -0.00408  |g|= 0.512  |ddm|=  0.1
  HOMO = -0.144030266169009  LUMO = -0.138544429173751
cycle= 68 E= -774.20846029163  delta_E= 0.00271  |g|= 0.513  |ddm|= 0.0792
  HOMO = -0.143404144905193  LUMO = -0.138260757600103
cycle= 69 E= -774.212107801001  delta_E= -0.00365  |g|= 0.508  |ddm|= 0.0444

WARN: HOMO -0.146208774798699 == LUMO -0.145287597614166

cycle= 70 E= -774.202246045256  delta_E= 0.00986  |g|= 0.787  |ddm|= 2.06
  HOMO = -0.145386673799117  LUMO = -0.142526193717805
cycle= 71 E= -774.32832565477  delta_E= -0.126  |g|= 0.327  |ddm|= 1.39
  HOMO = -0.142726210396133  LUMO = -0.138919358292577
cycle= 72 E= -774.217596452128  delta_E= 0.111  |g|= 0.507  |ddm|= 2.07
  HOMO = -0.142736183084261  LUMO = -0.140258923583268
cycle= 73 E= -774.246871544859  delta_E= -0.0293  |g|= 0.47  |ddm|= 0.271
  HOMO = -0.136969968144133  LUMO = -0.133676494304799
cycle= 74 E= -774.303502819741  delta_E= -0.0566  |g|= 0.425  |ddm|=    2
  HOMO = -0.142927580922836  LUMO = -0.137904075894977
cycle= 75 E= -774.210042991937  delta_E= 0.0935  |g|= 0.514  |ddm|= 2.12
  HOMO = -0.143464781637621  LUMO = -0.138083768161731
cycle= 76 E= -774.210030268229  delta_E= 1.27e-05  |g|= 0.515  |ddm|= 0.0426
  HOMO = -0.142176719736624  LUMO = -0.138134225905227
cycle= 77 E= -774.219693848138  delta_E= -0.00966  |g|= 0.504  |ddm|= 0.108
  HOMO = -0.142949006809532  LUMO = -0.137546261460332
cycle= 78 E= -774.208430438657  delta_E= 0.0113  |g|= 0.515  |ddm|= 0.112
  HOMO = -0.144857537466075  LUMO = -0.137599887400573
cycle= 79 E= -774.200581631485  delta_E= 0.00785  |g|= 0.525  |ddm|= 0.105
  HOMO = -0.165178754520004  LUMO = -0.140527653502353
cycle= 80 E= -774.206687172518  delta_E= -0.00611  |g|= 0.643  |ddm|= 2.24
  HOMO = -0.142229311432558  LUMO = -0.140654819259254
cycle= 81 E= -774.38549023592  delta_E= -0.179  |g|= 0.131  |ddm|= 1.23
  HOMO = -0.143616020570333  LUMO = -0.142482355436165
cycle= 82 E= -774.371932132698  delta_E= 0.0136  |g|= 0.209  |ddm|= 0.754
  HOMO = -0.142413645239673  LUMO = -0.141247179101793
cycle= 83 E= -774.319919176044  delta_E= 0.052  |g|= 0.357  |ddm|= 0.468
  HOMO = -0.142309667678103  LUMO = -0.141195432005372
cycle= 84 E= -774.334050967025  delta_E= -0.0141  |g|= 0.327  |ddm|= 0.107
  HOMO = -0.142259924549574  LUMO = -0.141203067361574
cycle= 85 E= -774.342416156001  delta_E= -0.00837  |g|= 0.302  |ddm|= 0.088
  HOMO = -0.14231914447534  LUMO = -0.141310555866081
cycle= 86 E= -774.392233547028  delta_E= -0.0498  |g|= 0.0716  |ddm|= 0.708
  HOMO = -0.14282027232888  LUMO = -0.141479855400749
cycle= 87 E= -774.297990307064  delta_E= 0.0942  |g|= 0.396  |ddm|=    1
  HOMO = -0.14297042182162  LUMO = -0.141168285041254
cycle= 88 E= -774.255696586872  delta_E= 0.0423  |g|= 0.457  |ddm|= 0.291
  HOMO = -0.142603173779463  LUMO = -0.14143909355819
cycle= 89 E= -774.33285138123  delta_E= -0.0772  |g|= 0.325  |ddm|= 0.53
  HOMO = -0.144173925136729  LUMO = -0.141321017850273
cycle= 90 E= -774.332414242645  delta_E= 0.000437  |g|= 0.304  |ddm|= 1.67
  HOMO = -0.143900532812332  LUMO = -0.142334919641192
cycle= 91 E= -774.281615704173  delta_E= 0.0508  |g|= 0.424  |ddm|= 1.87
  HOMO = -0.143132701779347  LUMO = -0.141528365902021
cycle= 92 E= -774.275555753349  delta_E= 0.00606  |g|= 0.432  |ddm|= 0.0756
  HOMO = -0.143141381681492  LUMO = -0.141635865356605
cycle= 93 E= -774.284583477323  delta_E= -0.00903  |g|= 0.418  |ddm|= 0.0664
  HOMO = -0.14410959041914  LUMO = -0.14210314067225
cycle= 94 E= -774.250922045186  delta_E= 0.0337  |g|= 0.47  |ddm|= 0.247
  HOMO = -0.142718674994769  LUMO = -0.141499852492988
cycle= 95 E= -774.333298797249  delta_E= -0.0824  |g|= 0.326  |ddm|= 0.564
  HOMO = -0.145964939166912  LUMO = -0.137250910424581
cycle= 96 E= -774.19121915845  delta_E= 0.142  |g|= 0.542  |ddm|= 1.01
  HOMO = -0.144411319227442  LUMO = -0.138702209361249
cycle= 97 E= -774.208327842006  delta_E= -0.0171  |g|= 0.511  |ddm|= 0.174
  HOMO = -0.144321110296551  LUMO = -0.137339557146123
cycle= 98 E= -774.190342373269  delta_E= 0.018  |g|= 0.543  |ddm|= 0.174
  HOMO = -0.155131256188824  LUMO = -0.138443288557749
cycle= 99 E= -774.295882147057  delta_E= -0.106  |g|= 0.433  |ddm|= 2.21
  HOMO = -0.142111230108621  LUMO = -0.140938551485008
cycle= 100 E= -774.372742022147  delta_E= -0.0769  |g|= 0.197  |ddm|= 1.67
  HOMO = -0.144751717354934  LUMO = -0.142208062872116
cycle= 101 E= -774.33484082257  delta_E= 0.0379  |g|= 0.307  |ddm|= 1.36
  HOMO = -0.144076934711949  LUMO = -0.141945875362989
cycle= 102 E= -774.242616342357  delta_E= 0.0922  |g|= 0.48  |ddm|= 1.98
  HOMO = -0.143770068913018  LUMO = -0.142185093669579
cycle= 103 E= -774.274316321588  delta_E= -0.0317  |g|= 0.436  |ddm|= 0.246
  HOMO = -0.144481511150792  LUMO = -0.142501569910035
cycle= 104 E= -774.252208570435  delta_E= 0.0221  |g|= 0.471  |ddm|= 0.162
  HOMO = -0.143792002586679  LUMO = -0.14145085739905
cycle= 105 E= -774.236400283387  delta_E= 0.0158  |g|= 0.48  |ddm|= 0.153
  HOMO = -0.143536160780568  LUMO = -0.141768709360843
cycle= 106 E= -774.260093347281  delta_E= -0.0237  |g|= 0.453  |ddm|= 0.183
  HOMO = -0.143585650287202  LUMO = -0.141812757240949
cycle= 107 E= -774.261419568846  delta_E= -0.00133  |g|= 0.451  |ddm|= 0.0189
  HOMO = -0.143481733188113  LUMO = -0.141601060426208
cycle= 108 E= -774.254395386145  delta_E= 0.00702  |g|= 0.46  |ddm|= 0.05
  HOMO = -0.138832173225666  LUMO = -0.134590707283239
cycle= 109 E= -774.205076845275  delta_E= 0.0493  |g|= 0.537  |ddm|= 0.419
  HOMO = -0.175584188653823  LUMO = -0.103106916304753
cycle= 110 E= -774.052505612694  delta_E= 0.153  |g|= 0.907  |ddm|=  2.3
  HOMO = -0.17367904769728  LUMO = -0.121540652841622
cycle= 111 E= -774.246320003095  delta_E= -0.194  |g|= 0.553  |ddm|=  0.9
  HOMO = -0.160778088693194  LUMO = -0.129317131619238
cycle= 112 E= -774.284292625511  delta_E= -0.038  |g|= 0.489  |ddm|= 0.557
  HOMO = -0.151696697343004  LUMO = -0.138189264657989
cycle= 113 E= -774.306204944507  delta_E= -0.0219  |g|= 0.369  |ddm|= 0.342
  HOMO = -0.147297073821908  LUMO = -0.121918921997895
cycle= 114 E= -774.171433883184  delta_E= 0.135  |g|= 0.587  |ddm|= 2.21
  HOMO = -0.147131567352605  LUMO = -0.123033638014451
cycle= 115 E= -774.174959834925  delta_E= -0.00353  |g|= 0.582  |ddm|= 0.053
  HOMO = -0.148361261533149  LUMO = -0.124207350344834
cycle= 116 E= -774.182936173279  delta_E= -0.00798  |g|= 0.572  |ddm|= 0.126
  HOMO = -0.147728521120487  LUMO = -0.121805410483986
cycle= 117 E= -774.173522438247  delta_E= 0.00941  |g|= 0.587  |ddm|= 0.097
  HOMO = -0.147913705613498  LUMO = -0.12106085021535
cycle= 118 E= -774.172178833949  delta_E= 0.00134  |g|= 0.587  |ddm|= 0.0817
  HOMO = -0.143958028306188  LUMO = -0.140048817436319
cycle= 119 E= -774.334472610308  delta_E= -0.162  |g|= 0.299  |ddm|= 2.17
  HOMO = -0.144841496152601  LUMO = -0.137545629782325
cycle= 120 E= -774.204702260178  delta_E= 0.13  |g|= 0.521  |ddm|= 2.13
  HOMO = -0.148172870289264  LUMO = -0.138476260774981
cycle= 121 E= -774.311083759495  delta_E= -0.106  |g|= 0.353  |ddm|= 2.19
  HOMO = -0.14742022295091  LUMO = -0.138073395890461
cycle= 122 E= -774.312774512763  delta_E= -0.00169  |g|= 0.349  |ddm|= 0.0399
  HOMO = -0.147956199120149  LUMO = -0.13848303007413
cycle= 123 E= -774.312239016053  delta_E= 0.000535  |g|= 0.349  |ddm|= 0.0308
  HOMO = -0.144008523267586  LUMO = -0.13912405831073
cycle= 124 E= -774.323157455574  delta_E= -0.0109  |g|= 0.324  |ddm|= 0.168
  HOMO = -0.144087472689038  LUMO = -0.140187494908896
cycle= 125 E= -774.323415781206  delta_E= -0.000258  |g|= 0.324  |ddm|= 0.157
  HOMO = -0.141603616318525  LUMO = -0.139645089892192
cycle= 126 E= -774.280113793505  delta_E= 0.0433  |g|= 0.428  |ddm|= 1.91
  HOMO = -0.145506583462539  LUMO = -0.1404402844037
cycle= 127 E= -774.204458726035  delta_E= 0.0757  |g|= 0.526  |ddm|= 0.597
  HOMO = -0.146552258863156  LUMO = -0.140201636964089
cycle= 128 E= -774.190678202491  delta_E= 0.0138  |g|= 0.543  |ddm|= 0.192
  HOMO = -0.145942517991279  LUMO = -0.142203633150188
cycle= 129 E= -774.21279127151  delta_E= -0.0221  |g|= 0.516  |ddm|= 0.218
  HOMO = -0.145070267104999  LUMO = -0.140456707783209
cycle= 130 E= -774.205196573645  delta_E= 0.00759  |g|= 0.521  |ddm|= 0.139
  HOMO = -0.145877540147441  LUMO = -0.141090565220237
cycle= 131 E= -774.204999460588  delta_E= 0.000197  |g|= 0.525  |ddm|= 0.0648
  HOMO = -0.144717003203025  LUMO = -0.139895329959031
cycle= 132 E= -774.208082583409  delta_E= -0.00308  |g|= 0.516  |ddm|= 0.0958
  HOMO = -0.143903425534151  LUMO = -0.139738457178061
cycle= 133 E= -774.207342076527  delta_E= 0.000741  |g|= 0.521  |ddm|= 0.0991
  HOMO = -0.144316397031129  LUMO = -0.127199811391995
cycle= 134 E= -771.829315912034  delta_E= 2.38  |g|=    2  |ddm|= 3.46
  HOMO = -0.177067754862691  LUMO = -0.0847833965232514
cycle= 135 E= -774.074271547494  delta_E= -2.24  |g|= 0.934  |ddm|=  2.7
  HOMO = -0.176462069755173  LUMO = -0.118798183364011
cycle= 136 E= -774.256517828989  delta_E= -0.182  |g|= 0.534  |ddm|= 0.921
  HOMO = -0.161793637787686  LUMO = -0.129154804851449
cycle= 137 E= -774.282046900817  delta_E= -0.0255  |g|= 0.437  |ddm|= 0.321
  HOMO = -0.152278254847574  LUMO = -0.139200017468163
cycle= 138 E= -774.310751506104  delta_E= -0.0287  |g|= 0.353  |ddm|= 0.289
  HOMO = -0.146553820026448  LUMO = -0.130715971384349
cycle= 139 E= -774.18622697048  delta_E= 0.125  |g|= 0.553  |ddm|=  2.2
  HOMO = -0.146158149304467  LUMO = -0.129823890344784
cycle= 140 E= -774.186975033352  delta_E= -0.000748  |g|= 0.55  |ddm|= 0.0653
  HOMO = -0.146479725020647  LUMO = -0.129864288624505
cycle= 141 E= -774.187350943807  delta_E= -0.000376  |g|= 0.55  |ddm|= 0.0165
  HOMO = -0.146810431549314  LUMO = -0.129038422144259
cycle= 142 E= -774.185179938693  delta_E= 0.00217  |g|= 0.554  |ddm|= 0.0221
  HOMO = -0.144711158169124  LUMO = -0.12383881060204
cycle= 143 E= -774.17502208101  delta_E= 0.0102  |g|= 0.567  |ddm|= 0.153
  HOMO = -0.144235934509355  LUMO = -0.132205746416934
cycle= 144 E= -774.192047451583  delta_E= -0.017  |g|= 0.541  |ddm|= 0.188
  HOMO = -0.140608040412052  LUMO = -0.138833530837013
cycle= 145 E= -774.316531434874  delta_E= -0.124  |g|= 0.365  |ddm|= 0.933
  HOMO = -0.142387873779542  LUMO = -0.138661400175884
cycle= 146 E= -774.219617337511  delta_E= 0.0969  |g|= 0.499  |ddm|= 0.682
  HOMO = -0.182011601146831  LUMO = -0.121588824336781
cycle= 147 E= -774.152308458634  delta_E= 0.0673  |g|= 0.805  |ddm|= 2.23
  HOMO = -0.16219312277122  LUMO = -0.1300665224318
cycle= 148 E= -774.293549493179  delta_E= -0.141  |g|= 0.421  |ddm|= 0.651
  HOMO = -0.144789182986382  LUMO = -0.141689981737063
cycle= 149 E= -774.337397489723  delta_E= -0.0438  |g|= 0.307  |ddm|= 0.532
  HOMO = -0.147709371159364  LUMO = -0.134869909774881
cycle= 150 E= -774.193304107061  delta_E= 0.144  |g|= 0.542  |ddm|= 2.16
  HOMO = -0.147940424956854  LUMO = -0.132768697977788
cycle= 151 E= -774.189067356377  delta_E= 0.00424  |g|= 0.547  |ddm|= 0.0645
  HOMO = -0.148205478309411  LUMO = -0.135253714068125
cycle= 152 E= -774.193560674487  delta_E= -0.00449  |g|= 0.545  |ddm|= 0.0956
  HOMO = -0.148233426699088  LUMO = -0.132542467349443
cycle= 153 E= -774.187458525757  delta_E= 0.0061  |g|= 0.551  |ddm|= 0.0962
  HOMO = -0.145127602113357  LUMO = -0.136985731579882
cycle= 154 E= -774.199922073794  delta_E= -0.0125  |g|= 0.551  |ddm|= 0.235
  HOMO = -0.147113033563871  LUMO = -0.135016583728818
cycle= 155 E= -774.192533276996  delta_E= 0.00739  |g|= 0.537  |ddm|= 0.217
  HOMO = -0.141269215994058  LUMO = -0.134886957050038
cycle= 156 E= -774.311195956014  delta_E= -0.119  |g|= 0.36  |ddm|= 2.19
  HOMO = -0.141406671669322  LUMO = -0.139866782801277
cycle= 157 E= -774.382427062551  delta_E= -0.0712  |g|= 0.142  |ddm|= 0.888
  HOMO = -0.144893215521288  LUMO = -0.138636982056554
cycle= 158 E= -774.318680529224  delta_E= 0.0637  |g|= 0.333  |ddm|= 0.937
  HOMO = -0.142961351626572  LUMO = -0.139962254581059
cycle= 159 E= -774.326980463094  delta_E= -0.0083  |g|= 0.324  |ddm|= 0.232
  HOMO = -0.143017092685097  LUMO = -0.139762878155218
cycle= 160 E= -774.325962402559  delta_E= 0.00102  |g|= 0.321  |ddm|= 0.0427
  HOMO = -0.144691624932138  LUMO = -0.141026138272207
cycle= 161 E= -774.321766086164  delta_E= 0.0042  |g|= 0.327  |ddm|= 0.0992
  HOMO = -0.143180024101977  LUMO = -0.141197596479577
cycle= 162 E= -774.346344902263  delta_E= -0.0246  |g|= 0.278  |ddm|= 0.331
  HOMO = -0.142755486205526  LUMO = -0.140964229327561
cycle= 163 E= -774.349474005364  delta_E= -0.00313  |g|= 0.271  |ddm|= 0.0888
  HOMO = -0.147780225479227  LUMO = -0.134025922501713
cycle= 164 E= -774.178241172843  delta_E= 0.171  |g|= 0.572  |ddm|= 2.09
  HOMO = -0.143871939764198  LUMO = -0.142707507127967
cycle= 165 E= -774.391058224373  delta_E= -0.213  |g|= 0.0867  |ddm|= 1.79
  HOMO = -0.140627300830002  LUMO = -0.139240863808694
cycle= 166 E= -774.380334786003  delta_E= 0.0107  |g|= 0.164  |ddm|= 0.266
  HOMO = -0.142993889355692  LUMO = -0.141743547977015
cycle= 167 E= -774.382052334837  delta_E= -0.00172  |g|= 0.145  |ddm|= 0.131
  HOMO = -0.142694081350208  LUMO = -0.141066155657722
cycle= 168 E= -774.359638796541  delta_E= 0.0224  |g|= 0.233  |ddm|= 0.324
  HOMO = -0.141733724357661  LUMO = -0.139669102328499
cycle= 169 E= -774.342647516541  delta_E= 0.017  |g|= 0.284  |ddm|= 0.235
  HOMO = -0.144272215233182  LUMO = -0.141129892622028
cycle= 170 E= -774.328445284231  delta_E= 0.0142  |g|= 0.308  |ddm|= 0.237
  HOMO = -0.142123739344809  LUMO = -0.140977056865463
cycle= 171 E= -774.387910983379  delta_E= -0.0595  |g|= 0.11  |ddm|= 0.875
  HOMO = -0.142770597133239  LUMO = -0.14163325681645
cycle= 172 E= -774.390904858579  delta_E= -0.00299  |g|= 0.0743  |ddm|= 0.0959
  HOMO = -0.142369669056001  LUMO = -0.141248294970101
cycle= 173 E= -774.34069891606  delta_E= 0.0502  |g|= 0.307  |ddm|= 0.904
  HOMO = -0.143372030270647  LUMO = -0.140951957137295
cycle= 174 E= -774.336410628212  delta_E= 0.00429  |g|= 0.296  |ddm|= 1.56
  HOMO = -0.143020862302124  LUMO = -0.140964630392738
cycle= 175 E= -774.344950019413  delta_E= -0.00854  |g|= 0.273  |ddm|= 0.104
  HOMO = -0.143081093473202  LUMO = -0.141296149821956
cycle= 176 E= -774.352934204929  delta_E= -0.00798  |g|= 0.254  |ddm|= 0.107
  HOMO = -0.142995603110173  LUMO = -0.141000898395261
cycle= 177 E= -774.346849079802  delta_E= 0.00609  |g|= 0.269  |ddm|= 0.083
  HOMO = -0.143143107091099  LUMO = -0.140849484704931
cycle= 178 E= -774.340042711679  delta_E= 0.00681  |g|= 0.285  |ddm|= 0.0979
  HOMO = -0.142641785295505  LUMO = -0.140970410484348
cycle= 179 E= -774.357324042901  delta_E= -0.0173  |g|= 0.24  |ddm|= 0.23
  HOMO = -0.143126260259885  LUMO = -0.141239479186604
cycle= 180 E= -774.349481255555  delta_E= 0.00784  |g|= 0.261  |ddm|= 0.115
  HOMO = -0.145142400391508  LUMO = -0.140963825466231
cycle= 181 E= -774.324505649228  delta_E= 0.025  |g|= 0.324  |ddm|= 0.363
  HOMO = -0.142637742110276  LUMO = -0.140589614162535
cycle= 182 E= -774.237779638582  delta_E= 0.0867  |g|= 0.491  |ddm|= 2.07
  HOMO = -0.144763688131822  LUMO = -0.139730786970769
cycle= 183 E= -774.323337088694  delta_E= -0.0856  |g|= 0.325  |ddm|= 2.08
  HOMO = -0.143989499386312  LUMO = -0.138634054597471
cycle= 184 E= -774.318116164231  delta_E= 0.00522  |g|= 0.34  |ddm|= 0.15
  HOMO = -0.148194294850137  LUMO = -0.140687307860115
cycle= 185 E= -774.314087285615  delta_E= 0.00403  |g|= 0.342  |ddm|= 0.184
  HOMO = -0.146484110053877  LUMO = -0.138866132030695
cycle= 186 E= -774.316928006112  delta_E= -0.00284  |g|= 0.343  |ddm|= 0.134
  HOMO = -0.143621520964341  LUMO = -0.142355923573874
cycle= 187 E= -774.388196729814  delta_E= -0.0713  |g|= 0.112  |ddm|= 1.42
  HOMO = -0.141391077827444  LUMO = -0.139221729264941
cycle= 188 E= -774.339579884815  delta_E= 0.0486  |g|= 0.303  |ddm|= 1.07
  HOMO = -0.142644259870951  LUMO = -0.141359751104127
cycle= 189 E= -774.374253016625  delta_E= -0.0347  |g|= 0.179  |ddm|= 0.427
  HOMO = -0.142638604217125  LUMO = -0.140669408778075
cycle= 190 E= -774.344546516252  delta_E= 0.0297  |g|= 0.273  |ddm|= 0.404
  HOMO = -0.142210137180628  LUMO = -0.140949471750897
cycle= 191 E= -774.373685541918  delta_E= -0.0291  |g|= 0.183  |ddm|= 0.387
  HOMO = -0.142658346494249  LUMO = -0.141283725942411
cycle= 192 E= -774.368369342571  delta_E= 0.00532  |g|= 0.204  |ddm|= 0.0941
  HOMO = -0.142701417381996  LUMO = -0.141346173427227
cycle= 193 E= -774.369679089488  delta_E= -0.00131  |g|= 0.199  |ddm|= 0.0179
  HOMO = -0.1426983813292  LUMO = -0.141404758423454
cycle= 194 E= -774.373792116962  delta_E= -0.00411  |g|= 0.183  |ddm|= 0.0604
  HOMO = -0.142184509750588  LUMO = -0.141052068389396
cycle= 195 E= -774.385747468155  delta_E= -0.012  |g|= 0.122  |ddm|= 0.204
  HOMO = -0.142735273052456  LUMO = -0.139524507957227
cycle= 196 E= -774.219771531233  delta_E= 0.166  |g|= 0.513  |ddm|= 1.72
  HOMO = -0.143678782452803  LUMO = -0.14037379558992
cycle= 197 E= -774.329271512295  delta_E= -0.109  |g|= 0.31  |ddm|=  2.1
  HOMO = -0.143338521399345  LUMO = -0.140975967165696
cycle= 198 E= -774.339628609918  delta_E= -0.0104  |g|= 0.284  |ddm|= 0.155
  HOMO = -0.143095510805289  LUMO = -0.141099931496165
cycle= 199 E= -774.347757706509  delta_E= -0.00813  |g|= 0.265  |ddm|= 0.106
  HOMO = -0.143264471364089  LUMO = -0.141004147978252
cycle= 200 E= -774.342577003713  delta_E= 0.00518  |g|= 0.279  |ddm|= 0.0832
  HOMO = -0.143964544121012  LUMO = -0.142618828080073
cycle= 201 E= -774.383487388762  delta_E= -0.0409  |g|= 0.14  |ddm|= 0.578
  HOMO = -0.142928468218063  LUMO = -0.141217413602077
cycle= 202 E= -774.360385070466  delta_E= 0.0231  |g|= 0.232  |ddm|= 0.349
  HOMO = -0.143824426340528  LUMO = -0.141234841183029
cycle= 203 E= -774.335117128653  delta_E= 0.0253  |g|= 0.292  |ddm|= 0.328
  HOMO = -0.141663973662544  LUMO = -0.137352089496409
cycle= 204 E= -774.318525322132  delta_E= 0.0166  |g|= 0.344  |ddm|= 0.264
  HOMO = -0.142333814765896  LUMO = -0.137400608710415
cycle= 205 E= -774.204352555361  delta_E= 0.114  |g|= 0.528  |ddm|= 2.17
  HOMO = -0.143174442471575  LUMO = -0.139691666889538
cycle= 206 E= -774.326851715978  delta_E= -0.122  |g|= 0.316  |ddm|= 2.16
  HOMO = -0.144127320101528  LUMO = -0.140070162279491
cycle= 207 E= -774.323940766865  delta_E= 0.00291  |g|= 0.32  |ddm|= 0.112
  HOMO = -0.143652238299318  LUMO = -0.139628303249239
cycle= 208 E= -774.320720675845  delta_E= 0.00322  |g|= 0.329  |ddm|= 0.107
  HOMO = -0.144336316109109  LUMO = -0.140362329458386
cycle= 209 E= -774.323888563219  delta_E= -0.00317  |g|= 0.316  |ddm|= 0.101
  HOMO = -0.144369586819157  LUMO = -0.143052318884505
cycle= 210 E= -774.3894245488  delta_E= -0.0655  |g|= 0.114  |ddm|= 1.06
  HOMO = -0.141670140926926  LUMO = -0.140007414615057
cycle= 211 E= -774.36571727694  delta_E= 0.0237  |g|= 0.222  |ddm|= 0.556
  HOMO = -0.143117391361624  LUMO = -0.139741618189341
cycle= 212 E= -774.327151944781  delta_E= 0.0386  |g|= 0.314  |ddm|= 0.547
  HOMO = -0.142709268267203  LUMO = -0.138826179114236
cycle= 213 E= -774.323956191503  delta_E= 0.0032  |g|= 0.321  |ddm|= 0.0722
  HOMO = -0.142594091662841  LUMO = -0.136699948581092
cycle= 214 E= -774.203839859895  delta_E= 0.12  |g|= 0.524  |ddm|= 2.17
  HOMO = -0.143023002854052  LUMO = -0.139947691834837
cycle= 215 E= -774.329441861473  delta_E= -0.126  |g|= 0.311  |ddm|= 2.15
  HOMO = -0.143697491842892  LUMO = -0.139982461642441
cycle= 216 E= -774.324322756391  delta_E= 0.00512  |g|= 0.327  |ddm|= 0.107
  HOMO = -0.1426764959045  LUMO = -0.139991974399666
cycle= 217 E= -774.333401385872  delta_E= -0.00908  |g|= 0.303  |ddm|= 0.158
  HOMO = -0.141774633452069  LUMO = -0.139702144681668
cycle= 218 E= -774.344082113478  delta_E= -0.0107  |g|= 0.281  |ddm|= 0.145
  HOMO = -0.14588196143774  LUMO = -0.140170821247381
cycle= 219 E= -774.210348444818  delta_E= 0.134  |g|= 0.513  |ddm|= 2.06
  HOMO = -0.143452126478978  LUMO = -0.14165554541546
cycle= 220 E= -774.309000934406  delta_E= -0.0987  |g|= 0.383  |ddm|= 0.768
  HOMO = -0.144777767635569  LUMO = -0.143432271192827
cycle= 221 E= -774.362475329554  delta_E= -0.0535  |g|= 0.23  |ddm|= 1.44
  HOMO = -0.142944602441159  LUMO = -0.141487340793401
cycle= 222 E= -774.27845831415  delta_E= 0.084  |g|= 0.428  |ddm|=  1.6
  HOMO = -0.143563398752252  LUMO = -0.142244715093359
cycle= 223 E= -774.30168344508  delta_E= -0.0232  |g|= 0.39  |ddm|= 0.171
  HOMO = -0.143432902770839  LUMO = -0.140823954906886
cycle= 224 E= -774.230944788752  delta_E= 0.0707  |g|= 0.488  |ddm|= 0.522
  HOMO = -0.142999416670771  LUMO = -0.140870064164482
cycle= 225 E= -774.247332198267  delta_E= -0.0164  |g|= 0.47  |ddm|= 0.138
  HOMO = -0.143173581402344  LUMO = -0.135582689178913
cycle= 226 E= -774.198381265738  delta_E= 0.049  |g|= 0.528  |ddm|= 0.436
  HOMO = -0.140256923492781  LUMO = -0.13626581827665
cycle= 227 E= -774.215434009705  delta_E= -0.0171  |g|= 0.502  |ddm|= 0.251
  HOMO = -0.140213878283767  LUMO = -0.138054914503073
cycle= 228 E= -774.341734175243  delta_E= -0.126  |g|= 0.292  |ddm|= 2.02
  HOMO = -0.142861601526453  LUMO = -0.138739336318474
cycle= 229 E= -774.216386875332  delta_E= 0.125  |g|= 0.506  |ddm|= 2.03
  HOMO = -0.145993628468907  LUMO = -0.14241924011325
cycle= 230 E= -774.222420747686  delta_E= -0.00603  |g|= 0.508  |ddm|= 0.194
  HOMO = -0.14586586206018  LUMO = -0.141066127916693
cycle= 231 E= -774.211080699694  delta_E= 0.0113  |g|= 0.517  |ddm|= 0.166
  HOMO = -0.146333491120315  LUMO = -0.142361347834042
cycle= 232 E= -774.206530674529  delta_E= 0.00455  |g|= 0.523  |ddm|= 0.191
  HOMO = -0.145129329242416  LUMO = -0.141434028241786
cycle= 233 E= -774.218851450485  delta_E= -0.0123  |g|= 0.513  |ddm|= 0.142
  HOMO = -0.144983812753022  LUMO = -0.142020439685462
cycle= 234 E= -774.228979705292  delta_E= -0.0101  |g|= 0.494  |ddm|= 0.124
  HOMO = -0.14537110912014  LUMO = -0.143551925535975
cycle= 235 E= -774.280212492228  delta_E= -0.0512  |g|= 0.433  |ddm|= 0.379
  HOMO = -0.145872468525554  LUMO = -0.139740970430369
cycle= 236 E= -774.201835748235  delta_E= 0.0784  |g|= 0.526  |ddm|= 0.636
  HOMO = -0.179709968277661  LUMO = -0.0956775629170543
cycle= 237 E= -774.127270136928  delta_E= 0.0746  |g|= 0.834  |ddm|= 2.26
  HOMO = -0.16009306206702  LUMO = -0.138500101672275
cycle= 238 E= -774.287949139321  delta_E= -0.161  |g|= 0.439  |ddm|= 0.912
  HOMO = -0.1472750795026  LUMO = -0.135596183172874
cycle= 239 E= -774.313843339899  delta_E= -0.0259  |g|= 0.361  |ddm|= 0.351
  HOMO = -0.143590458665349  LUMO = -0.138374931824714
cycle= 240 E= -774.323861941569  delta_E= -0.01  |g|= 0.335  |ddm|= 0.272
  HOMO = -0.142094767145403  LUMO = -0.138960591399229
cycle= 241 E= -774.231464635375  delta_E= 0.0924  |g|= 0.494  |ddm|= 2.09
  HOMO = -0.144225587424778  LUMO = -0.139268667831735
cycle= 242 E= -774.206214697128  delta_E= 0.0252  |g|= 0.518  |ddm|= 0.26
  HOMO = -0.14609140014403  LUMO = -0.133697064493528
cycle= 243 E= -774.19707231288  delta_E= 0.00914  |g|= 0.543  |ddm|= 0.235
  HOMO = -0.148662155115528  LUMO = -0.131526417127617
cycle= 244 E= -774.184895022651  delta_E= 0.0122  |g|= 0.563  |ddm|= 0.151
  HOMO = -0.144850895387256  LUMO = -0.136604223427567
cycle= 245 E= -774.203937405363  delta_E= -0.019  |g|= 0.525  |ddm|= 0.161
  HOMO = -0.144804725741163  LUMO = -0.143388163972156
cycle= 246 E= -774.356553056379  delta_E= -0.153  |g|= 0.269  |ddm|= 1.18
  HOMO = -0.142597150965435  LUMO = -0.133925541639833
cycle= 247 E= -774.195667982713  delta_E= 0.161  |g|= 0.531  |ddm|= 1.22
  HOMO = -0.143824417580005  LUMO = -0.13688970333119
cycle= 248 E= -774.206160441345  delta_E= -0.0105  |g|= 0.52  |ddm|= 0.159
  HOMO = -0.14871844702019  LUMO = -0.132397740071443
cycle= 249 E= -774.29852526038  delta_E= -0.0924  |g|= 0.403  |ddm|= 2.19
  HOMO = -0.147118725494085  LUMO = -0.143147613556833
cycle= 250 E= -774.321736645686  delta_E= -0.0232  |g|= 0.348  |ddm|= 0.437
  HOMO = -0.140663413091225  LUMO = -0.138033879007446
cycle= 251 E= -774.243197965978  delta_E= 0.0785  |g|= 0.482  |ddm|= 2.05
  HOMO = -0.140999502636138  LUMO = -0.137965235503415
cycle= 252 E= -774.235442186197  delta_E= 0.00776  |g|= 0.488  |ddm|= 0.106
  HOMO = -0.141273721911957  LUMO = -0.139767380379068
cycle= 253 E= -774.325270307341  delta_E= -0.0898  |g|= 0.354  |ddm|= 0.648
  HOMO = -0.142111291014454  LUMO = -0.137791090026456
cycle= 254 E= -774.215131472069  delta_E= 0.11  |g|= 0.513  |ddm|= 0.826
  HOMO = -0.141325650060761  LUMO = -0.137531950037368
cycle= 255 E= -774.222684034253  delta_E= -0.00755  |g|= 0.499  |ddm|= 0.0976
  HOMO = -0.140940661382227  LUMO = -0.139097596714448
cycle= 256 E= -774.267547362491  delta_E= -0.0449  |g|= 0.452  |ddm|= 0.482
  HOMO = -0.143132876967666  LUMO = -0.141865630614034
cycle= 257 E= -774.372598993959  delta_E= -0.105  |g|= 0.219  |ddm|= 0.786
  HOMO = -0.139508141347388  LUMO = -0.136099090811793
cycle= 258 E= -774.320499815546  delta_E= 0.0521  |g|= 0.347  |ddm|= 1.43
  HOMO = -0.145122708870925  LUMO = -0.141952455559251
cycle= 259 E= -774.331790248065  delta_E= -0.0113  |g|= 0.31  |ddm|= 0.282
  HOMO = -0.142664025020422  LUMO = -0.139830631368142
cycle= 260 E= -774.232547143407  delta_E= 0.0992  |g|= 0.489  |ddm|= 2.04
  HOMO = -0.143648057487658  LUMO = -0.136342024946394
cycle= 261 E= -774.196742710823  delta_E= 0.0358  |g|= 0.527  |ddm|= 0.34
  HOMO = -0.14211155469835  LUMO = -0.138840456047273
cycle= 262 E= -774.225886513278  delta_E= -0.0291  |g|= 0.493  |ddm|= 0.263
  HOMO = -0.142901591711473  LUMO = -0.139138671848839
cycle= 263 E= -774.217592850605  delta_E= 0.00829  |g|=  0.5  |ddm|= 0.132
  HOMO = -0.14370760927862  LUMO = -0.138680609912085
cycle= 264 E= -774.208409108785  delta_E= 0.00918  |g|= 0.512  |ddm|= 0.0956
  HOMO = -0.143442687476564  LUMO = -0.138681523561335
cycle= 265 E= -774.212034695597  delta_E= -0.00363  |g|= 0.512  |ddm|= 0.12
  HOMO = -0.144584336245317  LUMO = -0.138994861638643
cycle= 266 E= -774.206165762277  delta_E= 0.00587  |g|= 0.527  |ddm|= 0.167
  HOMO = -0.141307813036561  LUMO = -0.136384237914095
cycle= 267 E= -774.208824824915  delta_E= -0.00266  |g|= 0.517  |ddm|= 0.146
  HOMO = -0.144215719400212  LUMO = -0.110544023636045
cycle= 268 E= -771.645143468027  delta_E= 2.56  |g|= 2.16  |ddm|= 3.64
  HOMO = -0.185270776633429  LUMO = -0.101355502218892
cycle= 269 E= -774.184396663672  delta_E= -2.54  |g|= 0.754  |ddm|= 2.81
  HOMO = -0.175412829795845  LUMO = -0.118093041705829
cycle= 270 E= -774.243917139089  delta_E= -0.0595  |g|= 0.532  |ddm|= 0.671
  HOMO = -0.163501775993512  LUMO = -0.134203040809868
cycle= 271 E= -774.292325197129  delta_E= -0.0484  |g|= 0.416  |ddm|= 0.376
  HOMO = -0.144683820682893  LUMO = -0.13812359270893
cycle= 272 E= -774.318803680876  delta_E= -0.0265  |g|= 0.331  |ddm|= 0.308
  HOMO = -0.148356545580963  LUMO = -0.125108576598902
cycle= 273 E= -774.173672765819  delta_E= 0.145  |g|= 0.584  |ddm|= 2.19
  HOMO = -0.148339338299077  LUMO = -0.124626232652658
cycle= 274 E= -774.174452931975  delta_E= -0.00078  |g|= 0.586  |ddm|= 0.0823
  HOMO = -0.149419355885796  LUMO = -0.126375123173713
cycle= 275 E= -774.177096937377  delta_E= -0.00264  |g|= 0.577  |ddm|= 0.0627
  HOMO = -0.144321137553264  LUMO = -0.119631006883567
cycle= 276 E= -774.166655644624  delta_E= 0.0104  |g|= 0.603  |ddm|= 0.122
  HOMO = -0.14297644796756  LUMO = -0.119489336092194
cycle= 277 E= -774.166659071816  delta_E= -3.43e-06  |g|=  0.6  |ddm|= 0.03
  HOMO = -0.14764818625803  LUMO = -0.128923696878002
cycle= 278 E= -774.185728100738  delta_E= -0.0191  |g|= 0.562  |ddm|= 0.131
  HOMO = -0.146030348283804  LUMO = -0.142326312831733
cycle= 279 E= -774.333810320433  delta_E= -0.148  |g|= 0.323  |ddm|= 2.16
  HOMO = -0.149010951032771  LUMO = -0.137430596971693
cycle= 280 E= -774.312441869042  delta_E= 0.0214  |g|= 0.352  |ddm|= 0.412
  HOMO = -0.150592418473288  LUMO = -0.135389955844471
cycle= 281 E= -774.3070351713  delta_E= 0.00541  |g|= 0.367  |ddm|= 0.0641
  HOMO = -0.141979611489716  LUMO = -0.137282633296742
cycle= 282 E= -774.322673255941  delta_E= -0.0156  |g|= 0.337  |ddm|= 0.289
  HOMO = -0.14364351256612  LUMO = -0.139065070372111
cycle= 283 E= -774.324862362672  delta_E= -0.00219  |g|= 0.323  |ddm|= 0.142
  HOMO = -0.142552129229513  LUMO = -0.139760750489628
cycle= 284 E= -774.34104091494  delta_E= -0.0162  |g|= 0.286  |ddm|= 0.248
  HOMO = -0.141246529506833  LUMO = -0.139535957412667
cycle= 285 E= -774.371836090912  delta_E= -0.0308  |g|= 0.198  |ddm|= 0.422
  HOMO = -0.14474354377896  LUMO = -0.140113224948974
cycle= 286 E= -774.323829849346  delta_E= 0.048  |g|= 0.329  |ddm|= 0.699
  HOMO = -0.14524245141581  LUMO = -0.139242774711578
cycle= 287 E= -774.201589357932  delta_E= 0.122  |g|= 0.534  |ddm|= 2.18
  HOMO = -0.150342857835319  LUMO = -0.139010210842411
cycle= 288 E= -774.310809052886  delta_E= -0.109  |g|= 0.368  |ddm|= 2.21
  HOMO = -0.146122768086608  LUMO = -0.136377535251489
cycle= 289 E= -774.308904765176  delta_E= 0.0019  |g|= 0.357  |ddm|= 0.135
  HOMO = -0.146893051281282  LUMO = -0.139308680224547
cycle= 290 E= -774.316932219196  delta_E= -0.00803  |g|= 0.341  |ddm|= 0.188
  HOMO = -0.147828514251916  LUMO = -0.142375409219081
cycle= 291 E= -774.314725421758  delta_E= 0.00221  |g|= 0.349  |ddm|= 0.205
  HOMO = -0.1433124086714  LUMO = -0.141578341445279
cycle= 292 E= -774.365787821144  delta_E= -0.0511  |g|= 0.234  |ddm|= 0.735
  HOMO = -0.142959408376436  LUMO = -0.140966412928643
cycle= 293 E= -774.353020533597  delta_E= 0.0128  |g|= 0.256  |ddm|= 0.284
  HOMO = -0.14133405452538  LUMO = -0.139967936364523
cycle= 294 E= -774.387402785391  delta_E= -0.0344  |g|= 0.117  |ddm|= 0.954
  HOMO = -0.144131377465267  LUMO = -0.141975742089525
cycle= 295 E= -774.338606170094  delta_E= 0.0488  |g|= 0.286  |ddm|= 1.15
  HOMO = -0.143625412461608  LUMO = -0.142022597679923
cycle= 296 E= -774.35457813216  delta_E= -0.016  |g|= 0.248  |ddm|= 0.224
  HOMO = -0.143685260964737  LUMO = -0.142584625217905
cycle= 297 E= -774.388363479344  delta_E= -0.0338  |g|= 0.105  |ddm|= 0.523
  HOMO = -0.142725202331899  LUMO = -0.141632815345477
cycle= 298 E= -774.391496357745  delta_E= -0.00313  |g|= 0.0634  |ddm|= 0.0935
  HOMO = -0.14267693163785  LUMO = -0.141629119841209
cycle= 299 E= -774.393318401614  delta_E= -0.00182  |g|= 0.0294  |ddm|= 0.221
  HOMO = -0.142485632947828  LUMO = -0.141433282487642
cycle= 300 E= -774.38956680437  delta_E= 0.00375  |g|= 0.0874  |ddm|= 0.142
  HOMO = -0.14258231247984  LUMO = -0.141441558333995
cycle= 301 E= -774.390812102656  delta_E= -0.00125  |g|= 0.0732  |ddm|= 0.388
  HOMO = -0.142760512353912  LUMO = -0.141647919105864
cycle= 302 E= -774.392530957316  delta_E= -0.00172  |g|= 0.047  |ddm|= 0.0673
  HOMO = -0.142688356826503  LUMO = -0.141598524056244
cycle= 303 E= -774.393486179444  delta_E= -0.000955  |g|= 0.0222  |ddm|= 0.064
  HOMO = -0.142718595215539  LUMO = -0.141631326298709
cycle= 304 E= -774.393539685605  delta_E= -5.35e-05  |g|= 0.0199  |ddm|= 0.00679
  HOMO = -0.142689237088101  LUMO = -0.141616023678364
cycle= 305 E= -774.393745026229  delta_E= -0.000205  |g|= 0.00384  |ddm|= 0.0575
  HOMO = -0.142709115004507  LUMO = -0.141626633911892
cycle= 306 E= -774.393659963136  delta_E= 8.51e-05  |g|= 0.013  |ddm|= 0.0414
  HOMO = -0.142714104868873  LUMO = -0.141636124494473
cycle= 307 E= -774.393742859126  delta_E= -8.29e-05  |g|= 0.00438  |ddm|= 0.0214
  HOMO = -0.142708139821152  LUMO = -0.141627022674564
cycle= 308 E= -774.393697596816  delta_E= 4.53e-05  |g|= 0.0101  |ddm|= 0.014
  HOMO = -0.14270905821073  LUMO = -0.141627850865237
cycle= 309 E= -774.393695565993  delta_E= 2.03e-06  |g|= 0.0102  |ddm|= 0.000462
  HOMO = -0.142714008960926  LUMO = -0.141634039914147
cycle= 310 E= -774.393715830017  delta_E= -2.03e-05  |g|= 0.00823  |ddm|= 0.00494
  HOMO = -0.14270134445299  LUMO = -0.141621433465689
cycle= 311 E= -774.393717982935  delta_E= -2.15e-06  |g|= 0.00798  |ddm|= 0.000952
  HOMO = -0.142702024831426  LUMO = -0.141626635030706
cycle= 312 E= -774.393753058024  delta_E= -3.51e-05  |g|= 0.000444  |ddm|= 0.0185
  HOMO = -0.142702201281564  LUMO = -0.141627343303283
cycle= 313 E= -774.393753022767  delta_E= 3.53e-08  |g|= 0.000504  |ddm|= 0.00226
  HOMO = -0.142701436346884  LUMO = -0.141626062466528
cycle= 314 E= -774.393753074362  delta_E= -5.16e-08  |g|= 0.000405  |ddm|= 0.00215
  HOMO = -0.142702347590699  LUMO = -0.141627190264768
cycle= 315 E= -774.393753161282  delta_E= -8.69e-08  |g|= 1.48e-05  |ddm|= 0.000917
  HOMO = -0.142702471126936  LUMO = -0.141627341432434
cycle= 316 E= -774.393753160536  delta_E= 7.46e-10  |g|= 3.96e-05  |ddm|= 0.000115
  HOMO = -0.142702219233065  LUMO = -0.141627071598847
cycle= 317 E= -774.393753161241  delta_E= -7.05e-10  |g|= 1.52e-05  |ddm|= 5.49e-05
  HOMO = -0.142702256658905  LUMO = -0.141627104585093
cycle= 318 E= -774.393753161356  delta_E= -1.15e-10  |g|= 4.9e-06  |ddm|= 2.69e-05
  HOMO = -0.142702731345147  LUMO = -0.141627066939871
Extra cycle  E= -774.393752726867  delta_E= 4.34e-07  |g|= 0.000894  |ddm|= 0.00218
converged SCF energy = -774.393752726867
AOs:  [0, 1, 2, 3, 4, 5, 6, 7, 8, 9, 10, 11, 12, 13, 14, 15, 16, 17, 18, 19, 20, 21, 22, 23, 24, 25, 26, 27, 28, 29, 30, 31, 32, 33, 34, 35, 36, 37, 38, 39, 40, 41, 42, 43, 44, 45, 46, 47, 48, 49, 50, 51, 52, 53, 54, 55, 56, 57, 58, 59, 60, 61, 62, 63]
64

 AO indices used for projection:  [0, 1, 3, 4, 5, 14, 16, 17, 19, 20, 21, 30, 32, 33, 35, 36, 37, 46, 48, 49, 51, 52, 53, 62]
 # of orbitals to keep:  16
Number of Active MOs:  16
Number of Environment MOs:  54
Number of Virtual MOs:  244
 # electrons:            α            β
         Env:  54.00000000  54.00000000
         Act:  16.00000000  16.00000000
         Vir:  -0.00000000  -0.00000000
Number of electrons in the active space:  32

 The density matrix is idempotent!

 The density matrix is idempotent!


******** <class 'pyscf.scf.hf.RHF'> ********
method = RHF
initial guess = minao
damping factor = 0
level_shift factor = 0
DIIS = <class 'pyscf.scf.diis.CDIIS'>
diis_start_cycle = 1
diis_space = 8
SCF conv_tol = 1e-09
SCF conv_tol_grad = 1e-05
SCF max_cycles = 200
direct_scf = True
direct_scf_tol = 1e-13
chkfile to save SCF result = subsys_scf.chk
max_memory 900000 MB (current use 10679 MB)
init E= 994.513131538806
  HOMO = -0.159698752125824  LUMO = 0.00362430490312551
cycle= 1 E= 994.464755973582  delta_E= -0.0484  |g|= 0.0851  |ddm|= 0.813
  HOMO = -0.160042125647681  LUMO = 0.00663921863255638
cycle= 2 E= 994.460434047307  delta_E= -0.00432  |g|= 0.0355  |ddm|= 0.227
  HOMO = -0.166674546304022  LUMO = 0.00950688911959307
cycle= 3 E= 994.459110417499  delta_E= -0.00132  |g|= 0.0288  |ddm|= 0.117
  HOMO = -0.165494407809429  LUMO = 0.0126204272666333
cycle= 4 E= 994.458421075696  delta_E= -0.000689  |g|= 0.0121  |ddm|= 0.0789
  HOMO = -0.16754569354599  LUMO = 0.0140663205307231
cycle= 5 E= 994.458065528125  delta_E= -0.000356  |g|= 0.00576  |ddm|= 0.0837
  HOMO = -0.167896384445914  LUMO = 0.0147987809587783
cycle= 6 E= 994.457992045168  delta_E= -7.35e-05  |g|= 0.00373  |ddm|= 0.0361
  HOMO = -0.167792424328143  LUMO = 0.0146105962860765
cycle= 7 E= 994.457967102449  delta_E= -2.49e-05  |g|= 0.00246  |ddm|= 0.0191
  HOMO = -0.167549295960048  LUMO = 0.0142732499505386
cycle= 8 E= 994.45794646254  delta_E= -2.06e-05  |g|= 0.00167  |ddm|= 0.0236
  HOMO = -0.167344606410663  LUMO = 0.0138985673429542
cycle= 9 E= 994.457937613784  delta_E= -8.85e-06  |g|= 0.000422  |ddm|= 0.0236
  HOMO = -0.167222087196619  LUMO = 0.0138466843683718
cycle= 10 E= 994.457937164963  delta_E= -4.49e-07  |g|= 0.000161  |ddm|= 0.00471
  HOMO = -0.167192841341366  LUMO = 0.013797608470235
cycle= 11 E= 994.457937113119  delta_E= -5.18e-08  |g|= 5.29e-05  |ddm|= 0.00195
  HOMO = -0.167188317223659  LUMO = 0.0137934287035939
cycle= 12 E= 994.457937111047  delta_E= -2.07e-09  |g|= 1.19e-05  |ddm|= 0.000237
  HOMO = -0.167188811765539  LUMO = 0.0137941932103378
cycle= 13 E= 994.457937110767  delta_E= -2.81e-10  |g|= 3.23e-06  |ddm|= 5.25e-05
  HOMO = -0.167188855072231  LUMO = 0.0137939327029922
Extra cycle  E= 994.457937110502  delta_E= -2.64e-10  |g|= 1.73e-06  |ddm|= 1.12e-05
converged SCF energy = 994.457937110502
Difference in energy:  -685.0104525747307
E(MP2) = 993.871763741967  E_corr = -0.586173368534859
Total energy =  -773.8882933683138
time elapsed:  325.8329713344574
