

******** <class 'pyscf.dft.rks.RKS'> ********
method = RKS-RHF
initial guess = minao
damping factor = 0
level_shift factor = 0
DIIS = <class 'pyscf.scf.diis.CDIIS'>
diis_start_cycle = 1
diis_space = 8
SCF conv_tol = 1e-09
SCF conv_tol_grad = 1e-05
SCF max_cycles = 1000
direct_scf = True
direct_scf_tol = 1e-13
chkfile to save SCF result = scf.fchk
max_memory 900000 MB (current use 79 MB)
XC library pyscf.dft.libxc version 5.1.7
    S. Lehtola, C. Steigemann, M. J. Oliveira, and M. A. Marques, SoftwareX 7, 1 (2018)
XC functionals = pbe
    J. P. Perdew, K. Burke, and M. Ernzerhof, Phys. Rev. Lett. 77, 3865 (1996)
    J. P. Perdew, K. Burke, and M. Ernzerhof, Phys. Rev. Lett. 78, 1396 (1997)
    J. P. Perdew, K. Burke, and M. Ernzerhof, Phys. Rev. Lett. 77, 3865 (1996)
    J. P. Perdew, K. Burke, and M. Ernzerhof, Phys. Rev. Lett. 78, 1396 (1997)
small_rho_cutoff = 1e-07
init E= -776.04750137271
  HOMO = -0.232871429479406  LUMO = -0.208359223377475
cycle= 1 E= -773.975053047136  delta_E= 2.07  |g|= 1.21  |ddm|= 6.28
  HOMO = -0.0155365804854653  LUMO = 0.000623323101966447
cycle= 2 E= -762.686522248701  delta_E= 11.3  |g|= 3.82  |ddm|= 6.25
  HOMO = -0.101420595734431  LUMO = -0.0670426745359692
cycle= 3 E= -773.663406927441  delta_E=  -11  |g|= 1.39  |ddm|= 5.89
  HOMO = -0.109402118612399  LUMO = -0.0779535299335434
cycle= 4 E= -772.825432404715  delta_E= 0.838  |g|= 1.79  |ddm|= 3.36
  HOMO = -0.143189309226401  LUMO = -0.0900659531643226
cycle= 5 E= -774.045097665496  delta_E= -1.22  |g|= 0.804  |ddm|= 2.61
  HOMO = -0.150361812269601  LUMO = -0.131132171332503
cycle= 6 E= -774.265353596512  delta_E= -0.22  |g|= 0.523  |ddm|= 2.32
  HOMO = -0.149574144811001  LUMO = -0.13390595402068
cycle= 7 E= -774.185123323514  delta_E= 0.0802  |g|= 0.574  |ddm|= 2.23
  HOMO = -0.140128262330527  LUMO = -0.137826303190041
cycle= 8 E= -774.358320943671  delta_E= -0.173  |g|= 0.258  |ddm|= 2.03
  HOMO = -0.142967839473999  LUMO = -0.139568439875422
cycle= 9 E= -774.230513779445  delta_E= 0.128  |g|= 0.49  |ddm|= 1.88
  HOMO = -0.146009241744181  LUMO = -0.140074271835401
cycle= 10 E= -774.319034793238  delta_E= -0.0885  |g|= 0.332  |ddm|= 2.12
  HOMO = -0.142422114817356  LUMO = -0.140238064294778
cycle= 11 E= -774.350764887401  delta_E= -0.0317  |g|= 0.257  |ddm|= 0.463
  HOMO = -0.142749910511861  LUMO = -0.139242937006107
cycle= 12 E= -774.329828293252  delta_E= 0.0209  |g|= 0.307  |ddm|= 0.315
  HOMO = -0.145076465553125  LUMO = -0.141068322949296
cycle= 13 E= -774.328155007803  delta_E= 0.00167  |g|= 0.318  |ddm|= 0.132
  HOMO = -0.143460088081224  LUMO = -0.141174401191975
cycle= 14 E= -774.344055397855  delta_E= -0.0159  |g|= 0.275  |ddm|= 0.291
  HOMO = -0.144956528532275  LUMO = -0.141679597070282
cycle= 15 E= -774.331683959093  delta_E= 0.0124  |g|= 0.306  |ddm|= 0.202
  HOMO = -0.143779880788412  LUMO = -0.140249005252693
cycle= 16 E= -774.329285935031  delta_E= 0.0024  |g|= 0.307  |ddm|= 0.0546
  HOMO = -0.143945886291208  LUMO = -0.142316813681212
cycle= 17 E= -774.375583780506  delta_E= -0.0463  |g|= 0.181  |ddm|= 0.614
  HOMO = -0.150350322769747  LUMO = -0.128782852978585
cycle= 18 E= -774.168632838032  delta_E= 0.207  |g|= 0.627  |ddm|= 1.98
  HOMO = -0.139635888022051  LUMO = -0.138391145478679
cycle= 19 E= -774.390450899331  delta_E= -0.222  |g|= 0.0961  |ddm|= 1.78
  HOMO = -0.144359890655802  LUMO = -0.141543131961495
cycle= 20 E= -774.334751083582  delta_E= 0.0557  |g|= 0.294  |ddm|= 0.907
  HOMO = -0.143144167507831  LUMO = -0.141949775336693
cycle= 21 E= -774.389617900611  delta_E= -0.0549  |g|= 0.0947  |ddm|= 1.16
  HOMO = -0.142937418955837  LUMO = -0.141832598369867
cycle= 22 E= -774.392862838525  delta_E= -0.00324  |g|= 0.049  |ddm|= 0.176
  HOMO = -0.141929895593246  LUMO = -0.140385396861595
cycle= 23 E= -774.362038127588  delta_E= 0.0308  |g|= 0.23  |ddm|= 0.699
  HOMO = -0.142625070938581  LUMO = -0.141529384261556
cycle= 24 E= -774.39314807378  delta_E= -0.0311  |g|= 0.0322  |ddm|= 0.723
  HOMO = -0.142592305725486  LUMO = -0.141347630940311
cycle= 25 E= -774.386490868291  delta_E= 0.00666  |g|= 0.112  |ddm|= 0.365
  HOMO = -0.14245737222552  LUMO = -0.141305491885109
cycle= 26 E= -774.393058345657  delta_E= -0.00657  |g|= 0.0344  |ddm|= 0.206
  HOMO = -0.142572421851596  LUMO = -0.141394723659533
cycle= 27 E= -774.391852613147  delta_E= 0.00121  |g|= 0.0581  |ddm|= 0.0599
  HOMO = -0.142556927867407  LUMO = -0.141390308622054
cycle= 28 E= -774.392434674563  delta_E= -0.000582  |g|= 0.0481  |ddm|= 0.0255
  HOMO = -0.142530226001377  LUMO = -0.141386769882395
cycle= 29 E= -774.393464167774  delta_E= -0.00103  |g|= 0.0214  |ddm|= 0.0662
  HOMO = -0.142567178368227  LUMO = -0.141437425057387
cycle= 30 E= -774.39371509332  delta_E= -0.000251  |g|= 0.00205  |ddm|= 0.0512
  HOMO = -0.142556485277001  LUMO = -0.141431512591726
cycle= 31 E= -774.393681146661  delta_E= 3.39e-05  |g|= 0.00803  |ddm|= 0.0207
  HOMO = -0.142536726093916  LUMO = -0.14140812097458
cycle= 32 E= -774.393715753171  delta_E= -3.46e-05  |g|= 0.00101  |ddm|= 0.017
  HOMO = -0.142552803276557  LUMO = -0.141423732215948
cycle= 33 E= -774.393716197629  delta_E= -4.44e-07  |g|= 0.000528  |ddm|= 0.00359
  HOMO = -0.142546315812684  LUMO = -0.141416476580483
cycle= 34 E= -774.393714318722  delta_E= 1.88e-06  |g|= 0.00191  |ddm|= 0.00364
  HOMO = -0.142544395484603  LUMO = -0.141414933375257
cycle= 35 E= -774.393715568334  delta_E= -1.25e-06  |g|= 0.00117  |ddm|= 0.0018
  HOMO = -0.142543965744317  LUMO = -0.141414657738961
cycle= 36 E= -774.393715916932  delta_E= -3.49e-07  |g|= 0.00086  |ddm|= 0.000759
  HOMO = -0.142544661459485  LUMO = -0.141415594774347
cycle= 37 E= -774.393716220219  delta_E= -3.03e-07  |g|= 0.000431  |ddm|= 0.00104
  HOMO = -0.142544778548891  LUMO = -0.14141573360469
cycle= 38 E= -774.393716231823  delta_E= -1.16e-08  |g|= 0.000403  |ddm|= 7.57e-05
  HOMO = -0.142544130536933  LUMO = -0.141415299347313
cycle= 39 E= -774.393716321348  delta_E= -8.95e-08  |g|= 1.88e-05  |ddm|= 0.000938
  HOMO = -0.142544054249718  LUMO = -0.141415247452208
cycle= 40 E= -774.393716320896  delta_E= 4.52e-10  |g|= 3.4e-05  |ddm|= 0.000126
  HOMO = -0.142544115485303  LUMO = -0.14141528621596
cycle= 41 E= -774.393716321527  delta_E= -6.31e-10  |g|= 1.85e-06  |ddm|= 8.51e-05
  HOMO = -0.142543909365539  LUMO = -0.14141518954813
Extra cycle  E= -774.393716303235  delta_E= 1.83e-08  |g|= 0.000183  |ddm|= 0.000446
converged SCF energy = -774.393716303235
AOs:  [0, 1, 2, 3, 4, 5, 6, 7, 8, 9, 10, 11, 12, 13, 14, 15, 16, 17, 18, 19, 20, 21, 22, 23, 24, 25, 26, 27, 28, 29, 30, 31, 32, 33, 34, 35, 36, 37, 38, 39, 40, 41, 42, 43, 44, 45, 46, 47, 48, 49, 50, 51, 52, 53, 54, 55, 56, 57, 58, 59, 60, 61, 62, 63]
64

 AO indices used for projection:  [0, 1, 3, 4, 5, 14, 16, 17, 19, 20, 21, 30, 32, 33, 35, 36, 37, 46, 48, 49, 51, 52, 53, 62]
 # of orbitals to keep:  16
Number of Active MOs:  16
Number of Environment MOs:  54
Number of Virtual MOs:  244
 # electrons:            α            β
         Env:  54.00000000  54.00000000
         Act:  16.00000000  16.00000000
         Vir:   0.00000000   0.00000000
Number of electrons in the active space:  32

 The density matrix is idempotent!

 The density matrix is idempotent!


******** <class 'pyscf.scf.hf.RHF'> ********
method = RHF
initial guess = minao
damping factor = 0
level_shift factor = 0
DIIS = <class 'pyscf.scf.diis.CDIIS'>
diis_start_cycle = 1
diis_space = 8
SCF conv_tol = 1e-09
SCF conv_tol_grad = 1e-05
SCF max_cycles = 200
direct_scf = True
direct_scf_tol = 1e-13
chkfile to save SCF result = subsys_scf.chk
max_memory 900000 MB (current use 10679 MB)
init E= 994.207303013345
  HOMO = -0.159126727781109  LUMO = 0.00364665984632664
cycle= 1 E= 994.15861703737  delta_E= -0.0487  |g|= 0.0865  |ddm|= 0.808
  HOMO = -0.159031422186487  LUMO = 0.00703393672495604
cycle= 2 E= 994.154168452787  delta_E= -0.00445  |g|= 0.0368  |ddm|= 0.224
  HOMO = -0.166071547748687  LUMO = 0.00973136389389942
cycle= 3 E= 994.152772667933  delta_E= -0.0014  |g|= 0.0299  |ddm|= 0.117
  HOMO = -0.164920990777362  LUMO = 0.0130859014950372
cycle= 4 E= 994.152009982396  delta_E= -0.000763  |g|= 0.0127  |ddm|= 0.081
  HOMO = -0.167103385704069  LUMO = 0.0145880455880215
cycle= 5 E= 994.151618002904  delta_E= -0.000392  |g|= 0.00583  |ddm|= 0.0876
  HOMO = -0.167477311215782  LUMO = 0.0154111103325099
cycle= 6 E= 994.151539875196  delta_E= -7.81e-05  |g|= 0.00387  |ddm|= 0.0375
  HOMO = -0.167394941415847  LUMO = 0.0152255586524104
cycle= 7 E= 994.151516681093  delta_E= -2.32e-05  |g|= 0.0026  |ddm|= 0.0174
  HOMO = -0.167145911013046  LUMO = 0.0148768730174521
cycle= 8 E= 994.151494888579  delta_E= -2.18e-05  |g|= 0.00179  |ddm|= 0.0235
  HOMO = -0.166918935272129  LUMO = 0.0144484910625251
cycle= 9 E= 994.151484130441  delta_E= -1.08e-05  |g|= 0.000452  |ddm|= 0.026
  HOMO = -0.166783560226398  LUMO = 0.0143755968045643
cycle= 10 E= 994.151483528085  delta_E= -6.02e-07  |g|= 0.000173  |ddm|= 0.0057
  HOMO = -0.166750047141823  LUMO = 0.0143229828305349
cycle= 11 E= 994.151483467493  delta_E= -6.06e-08  |g|= 5.56e-05  |ddm|= 0.00214
  HOMO = -0.166743935856417  LUMO = 0.0143166080273737
cycle= 12 E= 994.151483464514  delta_E= -2.98e-09  |g|= 1.26e-05  |ddm|= 0.000297
  HOMO = -0.166745247868926  LUMO = 0.014317812054229
cycle= 13 E= 994.151483464153  delta_E= -3.6e-10  |g|= 3.96e-06  |ddm|= 6.73e-05
  HOMO = -0.166744996072272  LUMO = 0.01431758722772
Extra cycle  E= 994.151483464243  delta_E= 9.02e-11  |g|= 2.13e-06  |ddm|= 1.27e-05
converged SCF energy = 994.151483464243
Difference in energy:  -685.3630008559709
E(MP2) = 993.565214805279  E_corr = -0.586268658963931
Total energy =  -773.8877904141341
time elapsed:  57.44408941268921
