

******** <class 'pyscf.dft.rks.RKS'> ********
method = RKS-RHF
initial guess = minao
damping factor = 0
level_shift factor = 0
DIIS = <class 'pyscf.scf.diis.CDIIS'>
diis_start_cycle = 1
diis_space = 8
SCF conv_tol = 1e-09
SCF conv_tol_grad = 1e-05
SCF max_cycles = 1000
direct_scf = True
direct_scf_tol = 1e-13
chkfile to save SCF result = scf.fchk
max_memory 900000 MB (current use 79 MB)
XC library pyscf.dft.libxc version 5.1.7
    S. Lehtola, C. Steigemann, M. J. Oliveira, and M. A. Marques, SoftwareX 7, 1 (2018)
XC functionals = pbe
    J. P. Perdew, K. Burke, and M. Ernzerhof, Phys. Rev. Lett. 77, 3865 (1996)
    J. P. Perdew, K. Burke, and M. Ernzerhof, Phys. Rev. Lett. 78, 1396 (1997)
    J. P. Perdew, K. Burke, and M. Ernzerhof, Phys. Rev. Lett. 77, 3865 (1996)
    J. P. Perdew, K. Burke, and M. Ernzerhof, Phys. Rev. Lett. 78, 1396 (1997)
small_rho_cutoff = 1e-07
init E= -776.04748417988
  HOMO = -0.232929370862788  LUMO = -0.208297950186743
cycle= 1 E= -773.976526895175  delta_E= 2.07  |g|= 1.21  |ddm|= 6.28
  HOMO = -0.0150268965876538  LUMO = 0.0011202298598507
cycle= 2 E= -762.703424049108  delta_E= 11.3  |g|= 3.82  |ddm|= 6.25
  HOMO = -0.102048462251225  LUMO = -0.0666523974013898
cycle= 3 E= -773.661736003761  delta_E=  -11  |g|= 1.39  |ddm|= 5.89
  HOMO = -0.10963830562805  LUMO = -0.0782504805193684
cycle= 4 E= -772.827496011563  delta_E= 0.834  |g|= 1.79  |ddm|= 3.36
  HOMO = -0.143409650187171  LUMO = -0.0903410710572105
cycle= 5 E= -774.046585153106  delta_E= -1.22  |g|= 0.802  |ddm|= 2.61
  HOMO = -0.150831808931445  LUMO = -0.13087299739606
cycle= 6 E= -774.266907455401  delta_E= -0.22  |g|= 0.523  |ddm|= 2.31
  HOMO = -0.149422669737112  LUMO = -0.134286853025776
cycle= 7 E= -774.191716507788  delta_E= 0.0752  |g|= 0.567  |ddm|=  2.2
  HOMO = -0.141007674963848  LUMO = -0.137017716059126
cycle= 8 E= -774.369308138921  delta_E= -0.178  |g|= 0.23  |ddm|= 1.91
  HOMO = -0.143239590145491  LUMO = -0.140355218969164
cycle= 9 E= -774.371588822663  delta_E= -0.00228  |g|= 0.219  |ddm|= 0.982
  HOMO = -0.143974050032142  LUMO = -0.140785449300115
cycle= 10 E= -774.380603795878  delta_E= -0.00901  |g|= 0.157  |ddm|= 0.861
  HOMO = -0.14242954286877  LUMO = -0.139504355458975
cycle= 11 E= -774.339934694102  delta_E= 0.0407  |g|= 0.315  |ddm|= 1.11
  HOMO = -0.143036153553025  LUMO = -0.139641982124996
cycle= 12 E= -774.304182403262  delta_E= 0.0358  |g|= 0.391  |ddm|= 0.252
  HOMO = -0.144416779365769  LUMO = -0.140661886300207
cycle= 13 E= -774.281183904503  delta_E= 0.023  |g|= 0.432  |ddm|= 0.147
  HOMO = -0.143567755378985  LUMO = -0.140403686146954
cycle= 14 E= -774.317584269656  delta_E= -0.0364  |g|= 0.365  |ddm|= 0.23
  HOMO = -0.143054255861689  LUMO = -0.139668035791036
cycle= 15 E= -774.30094417046  delta_E= 0.0166  |g|= 0.396  |ddm|= 0.116
  HOMO = -0.143950526867401  LUMO = -0.139249054085098
cycle= 16 E= -774.252522259231  delta_E= 0.0484  |g|= 0.469  |ddm|= 0.318
  HOMO = -0.141835026579272  LUMO = -0.138896773595207
cycle= 17 E= -774.34251119056  delta_E= -0.09  |g|= 0.306  |ddm|= 0.607
  HOMO = -0.143999573908965  LUMO = -0.139598206244477
cycle= 18 E= -774.264507751414  delta_E= 0.078  |g|= 0.455  |ddm|= 0.541
  HOMO = -0.149949504301264  LUMO = -0.137408996546023
cycle= 19 E= -774.310006095282  delta_E= -0.0455  |g|= 0.366  |ddm|= 2.02
  HOMO = -0.143667402528303  LUMO = -0.140985060857565
cycle= 20 E= -774.379342995253  delta_E= -0.0693  |g|= 0.198  |ddm|= 1.48
  HOMO = -0.144440633370628  LUMO = -0.141143037854632
cycle= 21 E= -774.302998929515  delta_E= 0.0763  |g|= 0.391  |ddm|= 0.683
  HOMO = -0.143036641986726  LUMO = -0.140406433240476
cycle= 22 E= -774.377083964697  delta_E= -0.0741  |g|= 0.186  |ddm|= 0.58
  HOMO = -0.145373268321322  LUMO = -0.142524827965817
cycle= 23 E= -774.349353177572  delta_E= 0.0277  |g|= 0.297  |ddm|= 0.275
  HOMO = -0.144294658983889  LUMO = -0.13784938098607
cycle= 24 E= -774.22020181146  delta_E= 0.129  |g|= 0.512  |ddm|= 0.878
  HOMO = -0.143742773499978  LUMO = -0.141044676474922
cycle= 25 E= -774.37977809619  delta_E= -0.16  |g|= 0.168  |ddm|=  1.1
  HOMO = -0.144242534570577  LUMO = -0.141534592166172
cycle= 26 E= -774.372490963585  delta_E= 0.00729  |g|= 0.205  |ddm|= 0.0911
  HOMO = -0.143316731066241  LUMO = -0.140683256823491
cycle= 27 E= -774.385228554085  delta_E= -0.0127  |g|= 0.137  |ddm|= 0.178
  HOMO = -0.146403838903454  LUMO = -0.140738975801055
cycle= 28 E= -774.335450796829  delta_E= 0.0498  |g|= 0.306  |ddm|= 1.21
  HOMO = -0.143375167357944  LUMO = -0.140627477467482
cycle= 29 E= -774.360594769087  delta_E= -0.0251  |g|= 0.253  |ddm|= 1.44
  HOMO = -0.143817238114294  LUMO = -0.139953180304798
cycle= 30 E= -774.281295391336  delta_E= 0.0793  |g|= 0.441  |ddm|= 0.557
  HOMO = -0.143083707745849  LUMO = -0.140440965451819
cycle= 31 E= -774.381357094475  delta_E= -0.1  |g|= 0.165  |ddm|= 0.77
  HOMO = -0.142976277895521  LUMO = -0.140269124557801
cycle= 32 E= -774.364196370658  delta_E= 0.0172  |g|= 0.24  |ddm|= 0.203
  HOMO = -0.14419438976982  LUMO = -0.141510102748091
cycle= 33 E= -774.392331634639  delta_E= -0.0281  |g|= 0.0844  |ddm|= 0.416
  HOMO = -0.143409555134481  LUMO = -0.139245471574955
cycle= 34 E= -774.266660964412  delta_E= 0.126  |g|= 0.448  |ddm|= 1.05
  HOMO = -0.142734558047391  LUMO = -0.140087735008209
cycle= 35 E= -774.390059007899  delta_E= -0.123  |g|= 0.0985  |ddm|= 0.984
  HOMO = -0.143463712698371  LUMO = -0.140823883035374
cycle= 36 E= -774.386979368171  delta_E= 0.00308  |g|= 0.125  |ddm|= 0.0846
  HOMO = -0.144187504123503  LUMO = -0.140643917191094
cycle= 37 E= -774.369753535486  delta_E= 0.0172  |g|= 0.207  |ddm|= 0.831
  HOMO = -0.14312616000582  LUMO = -0.139987467795948
cycle= 38 E= -774.321764182647  delta_E= 0.048  |g|= 0.356  |ddm|= 1.36
  HOMO = -0.143047259410165  LUMO = -0.140157171030517
cycle= 39 E= -774.347347741052  delta_E= -0.0256  |g|= 0.293  |ddm|= 0.185
  HOMO = -0.143162289961559  LUMO = -0.140066779521315
cycle= 40 E= -774.324926196146  delta_E= 0.0224  |g|= 0.35  |ddm|= 0.164
  HOMO = -0.143152906513662  LUMO = -0.140023890768373
cycle= 41 E= -774.322382279102  delta_E= 0.00254  |g|= 0.355  |ddm|= 0.0178
  HOMO = -0.143617298129893  LUMO = -0.14055767887242
cycle= 42 E= -774.329005932602  delta_E= -0.00662  |g|= 0.342  |ddm|= 0.05
  HOMO = -0.14351838916203  LUMO = -0.140060352998231
cycle= 43 E= -774.299479929354  delta_E= 0.0295  |g|=  0.4  |ddm|= 0.197
  HOMO = -0.142807615228564  LUMO = -0.138702141666405
cycle= 44 E= -774.269833863469  delta_E= 0.0296  |g|= 0.448  |ddm|= 0.196
  HOMO = -0.144411940831168  LUMO = -0.13877584989712
cycle= 45 E= -774.235853626628  delta_E= 0.034  |g|= 0.493  |ddm|= 0.252
  HOMO = -0.147303944252597  LUMO = -0.138981931004241
cycle= 46 E= -774.320563266502  delta_E= -0.0847  |g|= 0.339  |ddm|= 2.04
  HOMO = -0.144541203219913  LUMO = -0.140074078216502
cycle= 47 E= -774.252084080115  delta_E= 0.0685  |g|= 0.489  |ddm|= 1.98
  HOMO = -0.144399392756838  LUMO = -0.138178506643374
cycle= 48 E= -774.226589358772  delta_E= 0.0255  |g|= 0.504  |ddm|= 0.28
  HOMO = -0.142200650394178  LUMO = -0.136250021573725
cycle= 49 E= -774.221530406162  delta_E= 0.00506  |g|= 0.513  |ddm|= 0.264
  HOMO = -0.141625143289643  LUMO = -0.137184096520018
cycle= 50 E= -774.256414893244  delta_E= -0.0349  |g|= 0.466  |ddm|= 0.277
  HOMO = -0.143993032218361  LUMO = -0.137385415679115
cycle= 51 E= -774.222906399326  delta_E= 0.0335  |g|= 0.512  |ddm|= 0.24
  HOMO = -0.144015138456722  LUMO = -0.139120878478142
cycle= 52 E= -774.258749550383  delta_E= -0.0358  |g|= 0.464  |ddm|= 0.239
  HOMO = -0.14355507751701  LUMO = -0.13816172661281
cycle= 53 E= -774.248414044448  delta_E= 0.0103  |g|= 0.478  |ddm|= 0.129
  HOMO = -0.143584757172942  LUMO = -0.137727592742768
cycle= 54 E= -774.236882365803  delta_E= 0.0115  |g|= 0.49  |ddm|= 0.0841
  HOMO = -0.168915335336092  LUMO = -0.0953684010003864
cycle= 55 E= -774.122689030496  delta_E= 0.114  |g|= 0.815  |ddm|= 2.22
  HOMO = -0.178354316779245  LUMO = -0.129864734742536
cycle= 56 E= -774.248531445349  delta_E= -0.126  |g|= 0.545  |ddm|= 0.811
  HOMO = -0.156894363588036  LUMO = -0.129440902470273
cycle= 57 E= -774.296982052028  delta_E= -0.0485  |g|= 0.409  |ddm|= 0.431
  HOMO = -0.143370402285228  LUMO = -0.130683262887638
cycle= 58 E= -774.180969113396  delta_E= 0.116  |g|= 0.586  |ddm|=  2.2
  HOMO = -0.14731812813997  LUMO = -0.128884215454292
cycle= 59 E= -774.176693513202  delta_E= 0.00428  |g|= 0.571  |ddm|= 0.178
  HOMO = -0.146329145972961  LUMO = -0.128238194406745
cycle= 60 E= -774.178479070357  delta_E= -0.00179  |g|= 0.568  |ddm|= 0.0627
  HOMO = -0.146639751085178  LUMO = -0.127747317729316
cycle= 61 E= -774.178604862514  delta_E= -0.000126  |g|= 0.567  |ddm|= 0.0508
  HOMO = -0.146802435123171  LUMO = -0.132268005017484
cycle= 62 E= -774.200966545541  delta_E= -0.0224  |g|= 0.541  |ddm|= 0.188
  HOMO = -0.14732332515115  LUMO = -0.128834534077305
cycle= 63 E= -774.184219325125  delta_E= 0.0167  |g|= 0.557  |ddm|= 0.159
  HOMO = -0.146357008820818  LUMO = -0.140573694464454
cycle= 64 E= -774.346864722482  delta_E= -0.163  |g|= 0.284  |ddm|= 2.08
  HOMO = -0.141110818104607  LUMO = -0.138043203079517
cycle= 65 E= -774.387938003648  delta_E= -0.0411  |g|= 0.131  |ddm|= 0.655
  HOMO = -0.145623748054817  LUMO = -0.142885006556942
cycle= 66 E= -774.391935258328  delta_E= -0.004  |g|= 0.0947  |ddm|= 0.382
  HOMO = -0.144219136575193  LUMO = -0.140638395338236
cycle= 67 E= -774.368584854707  delta_E= 0.0234  |g|= 0.209  |ddm|= 0.662
  HOMO = -0.143708362596291  LUMO = -0.140493673694005
cycle= 68 E= -774.380345643316  delta_E= -0.0118  |g|= 0.16  |ddm|= 0.16
  HOMO = -0.143065792887107  LUMO = -0.139897922043857
cycle= 69 E= -774.381460263456  delta_E= -0.00111  |g|= 0.156  |ddm|= 0.0398
  HOMO = -0.143402996699123  LUMO = -0.140353237293039
cycle= 70 E= -774.385548679625  delta_E= -0.00409  |g|= 0.131  |ddm|= 0.0858
  HOMO = -0.14364756911172  LUMO = -0.140441206641738
cycle= 71 E= -774.379776785102  delta_E= 0.00577  |g|= 0.164  |ddm|= 0.0999
  HOMO = -0.143432188460353  LUMO = -0.140535239108852
cycle= 72 E= -774.390288925387  delta_E= -0.0105  |g|= 0.0946  |ddm|= 0.194
  HOMO = -0.143599070452715  LUMO = -0.140667247485935
cycle= 73 E= -774.389115761877  delta_E= 0.00117  |g|= 0.104  |ddm|= 0.0397
  HOMO = -0.143645611195124  LUMO = -0.140037680076094
cycle= 74 E= -774.368231158681  delta_E= 0.0209  |g|= 0.213  |ddm|= 0.326
  HOMO = -0.144282522232296  LUMO = -0.140807584284076
cycle= 75 E= -774.3724138533  delta_E= -0.00418  |g|= 0.196  |ddm|= 0.0676
  HOMO = -0.143538451419159  LUMO = -0.140687283813542
cycle= 76 E= -774.392791361464  delta_E= -0.0204  |g|= 0.0676  |ddm|= 0.372
  HOMO = -0.143397209866357  LUMO = -0.140109741557818
cycle= 77 E= -774.375606144211  delta_E= 0.0172  |g|= 0.182  |ddm|= 0.318
  HOMO = -0.144026527765318  LUMO = -0.14124182283679
cycle= 78 E= -774.393447816331  delta_E= -0.0178  |g|= 0.0599  |ddm|= 0.358
  HOMO = -0.143581077936477  LUMO = -0.140862479323868
cycle= 79 E= -774.394831244731  delta_E= -0.00138  |g|= 0.0321  |ddm|= 0.0915
  HOMO = -0.143272086541487  LUMO = -0.140538006599836
cycle= 80 E= -774.394675669887  delta_E= 0.000156  |g|= 0.0357  |ddm|= 0.0466
  HOMO = -0.143388701270675  LUMO = -0.140691103721588
cycle= 81 E= -774.395159045096  delta_E= -0.000483  |g|= 0.0082  |ddm|= 0.0832
  HOMO = -0.143419737819753  LUMO = -0.140657024171772
cycle= 82 E= -774.39465821867  delta_E= 0.000501  |g|= 0.0319  |ddm|= 0.0907
  HOMO = -0.143395379609366  LUMO = -0.140665106510894
cycle= 83 E= -774.395118457049  delta_E= -0.00046  |g|= 0.0114  |ddm|= 0.0479
  HOMO = -0.14343641105651  LUMO = -0.140696990901115
cycle= 84 E= -774.395024978541  delta_E= 9.35e-05  |g|= 0.0173  |ddm|= 0.0147
  HOMO = -0.143442826418708  LUMO = -0.140707985181141
cycle= 85 E= -774.395094429012  delta_E= -6.95e-05  |g|= 0.0131  |ddm|= 0.0104
  HOMO = -0.143427621323921  LUMO = -0.140732093535826
cycle= 86 E= -774.395034476283  delta_E= 6e-05  |g|= 0.0167  |ddm|= 0.0702
  HOMO = -0.143388717342601  LUMO = -0.140678358072111
cycle= 87 E= -774.395183485412  delta_E= -0.000149  |g|= 0.00281  |ddm|= 0.0325
  HOMO = -0.143380082635693  LUMO = -0.140669640827847
cycle= 88 E= -774.395185507844  delta_E= -2.02e-06  |g|= 0.00204  |ddm|= 0.00235
  HOMO = -0.143389703684136  LUMO = -0.140678267506285
cycle= 89 E= -774.395186917674  delta_E= -1.41e-06  |g|= 0.00118  |ddm|= 0.00189
  HOMO = -0.143392663309742  LUMO = -0.14067947439473
cycle= 90 E= -774.3951876623  delta_E= -7.45e-07  |g|= 0.000164  |ddm|= 0.0029
  HOMO = -0.14339150102065  LUMO = -0.140678697973902
cycle= 91 E= -774.395187645459  delta_E= 1.68e-08  |g|= 0.000215  |ddm|= 0.000632
  HOMO = -0.143391212284051  LUMO = -0.140678269462018
cycle= 92 E= -774.395187662703  delta_E= -1.72e-08  |g|= 0.000117  |ddm|= 0.00023
  HOMO = -0.143391564641968  LUMO = -0.140678333306214
cycle= 93 E= -774.395187663639  delta_E= -9.35e-10  |g|= 0.000114  |ddm|= 0.000533
  HOMO = -0.14339171205036  LUMO = -0.140678612258588
cycle= 94 E= -774.395187670085  delta_E= -6.45e-09  |g|= 1e-05  |ddm|= 0.000237
  HOMO = -0.143391361329324  LUMO = -0.140678274325371
cycle= 95 E= -774.395187670116  delta_E= -3.16e-11  |g|= 7.07e-06  |ddm|= 2.04e-05
  HOMO = -0.143391797357111  LUMO = -0.140679039107044
Extra cycle  E= -774.395187636286  delta_E= 3.38e-08  |g|= 0.00025  |ddm|= 0.000597
converged SCF energy = -774.395187636286
AOs:  [0, 1, 2, 3, 4, 5, 6, 7, 8, 9, 10, 11, 12, 13, 14, 15, 16, 17, 18, 19, 20, 21, 22, 23, 24, 25, 26, 27, 28, 29, 30, 31, 32, 33, 34, 35, 36, 37, 38, 39, 40, 41, 42, 43, 44, 45, 46, 47, 48, 49, 50, 51, 52, 53, 54, 55, 56, 57, 58, 59, 60, 61, 62, 63]
64

 AO indices used for projection:  [0, 1, 3, 4, 5, 14, 16, 17, 19, 20, 21, 30, 32, 33, 35, 36, 37, 46, 48, 49, 51, 52, 53, 62]
 # of orbitals to keep:  16
Number of Active MOs:  16
Number of Environment MOs:  54
Number of Virtual MOs:  244
 # electrons:            α            β
         Env:  54.00000000  54.00000000
         Act:  16.00000000  16.00000000
         Vir:   0.00000000   0.00000000
Number of electrons in the active space:  32

 The density matrix is idempotent!

 The density matrix is idempotent!


******** <class 'pyscf.scf.hf.RHF'> ********
method = RHF
initial guess = minao
damping factor = 0
level_shift factor = 0
DIIS = <class 'pyscf.scf.diis.CDIIS'>
diis_start_cycle = 1
diis_space = 8
SCF conv_tol = 1e-09
SCF conv_tol_grad = 1e-05
SCF max_cycles = 200
direct_scf = True
direct_scf_tol = 1e-13
chkfile to save SCF result = subsys_scf.chk
max_memory 900000 MB (current use 10404 MB)
init E= 994.0254189148
  HOMO = -0.160828589080315  LUMO = 0.00464393196780986
cycle= 1 E= 993.976778719308  delta_E= -0.0486  |g|= 0.0857  |ddm|= 0.806
  HOMO = -0.160968119762265  LUMO = 0.00823180690211068
cycle= 2 E= 993.972354474295  delta_E= -0.00442  |g|= 0.0362  |ddm|= 0.221
  HOMO = -0.167898848925308  LUMO = 0.0109588084097998
cycle= 3 E= 993.970985240625  delta_E= -0.00137  |g|= 0.0292  |ddm|= 0.116
  HOMO = -0.166764753224582  LUMO = 0.0143288833371787
cycle= 4 E= 993.970260523312  delta_E= -0.000725  |g|= 0.0121  |ddm|= 0.0782
  HOMO = -0.16898251312482  LUMO = 0.015863257496774
cycle= 5 E= 993.969903173578  delta_E= -0.000357  |g|= 0.00534  |ddm|= 0.0832
  HOMO = -0.169341077482886  LUMO = 0.0166434104466446
cycle= 6 E= 993.969840424381  delta_E= -6.27e-05  |g|= 0.00346  |ddm|= 0.0331
  HOMO = -0.169278648738935  LUMO = 0.0164850750422803
cycle= 7 E= 993.969822608011  delta_E= -1.78e-05  |g|= 0.00226  |ddm|= 0.0151
  HOMO = -0.16907801988998  LUMO = 0.0161908524362345
cycle= 8 E= 993.969806907027  delta_E= -1.57e-05  |g|= 0.00157  |ddm|= 0.0194
  HOMO = -0.168900610597752  LUMO = 0.0158393948260338
cycle= 9 E= 993.969799395166  delta_E= -7.51e-06  |g|= 0.000404  |ddm|= 0.0209
  HOMO = -0.168789494001919  LUMO = 0.0157846595746317
cycle= 10 E= 993.969798963623  delta_E= -4.32e-07  |g|= 0.000155  |ddm|= 0.00463
  HOMO = -0.16876174937107  LUMO = 0.0157397818108807
cycle= 11 E= 993.969798917118  delta_E= -4.65e-08  |g|= 4.92e-05  |ddm|= 0.0018
  HOMO = -0.168757237626623  LUMO = 0.0157347742480273
cycle= 12 E= 993.969798914767  delta_E= -2.35e-09  |g|= 1.09e-05  |ddm|= 0.000219
  HOMO = -0.168757021233383  LUMO = 0.0157348760173742
cycle= 13 E= 993.969798914986  delta_E= 2.19e-10  |g|= 3.15e-06  |ddm|= 5.41e-05
  HOMO = -0.168757282400361  LUMO = 0.0157346814401235
Extra cycle  E= 993.969798914433  delta_E= -5.53e-10  |g|= 1.67e-06  |ddm|= 9.44e-06
converged SCF energy = 993.969798914433
Difference in energy:  -684.7863553525268
E(MP2) = 993.383220930887  E_corr = -0.586577983546353
Total energy =  -773.8904900141005
time elapsed:  110.00675106048584
