

******** <class 'pyscf.dft.rks.RKS'> ********
method = RKS-RHF
initial guess = minao
damping factor = 0
level_shift factor = 0
DIIS = <class 'pyscf.scf.diis.CDIIS'>
diis_start_cycle = 1
diis_space = 8
SCF conv_tol = 1e-09
SCF conv_tol_grad = 1e-05
SCF max_cycles = 1000
direct_scf = True
direct_scf_tol = 1e-13
chkfile to save SCF result = scf.fchk
max_memory 900000 MB (current use 79 MB)
XC library pyscf.dft.libxc version 5.1.7
    S. Lehtola, C. Steigemann, M. J. Oliveira, and M. A. Marques, SoftwareX 7, 1 (2018)
XC functionals = pbe
    J. P. Perdew, K. Burke, and M. Ernzerhof, Phys. Rev. Lett. 77, 3865 (1996)
    J. P. Perdew, K. Burke, and M. Ernzerhof, Phys. Rev. Lett. 78, 1396 (1997)
    J. P. Perdew, K. Burke, and M. Ernzerhof, Phys. Rev. Lett. 77, 3865 (1996)
    J. P. Perdew, K. Burke, and M. Ernzerhof, Phys. Rev. Lett. 78, 1396 (1997)
small_rho_cutoff = 1e-07
init E= -776.04746857852
  HOMO = -0.233032323391662  LUMO = -0.208196068594772
cycle= 1 E= -773.978936730464  delta_E= 2.07  |g|=  1.2  |ddm|= 6.28
  HOMO = -0.0141520031288053  LUMO = 0.00190490882152334
cycle= 2 E= -762.731964082991  delta_E= 11.2  |g|= 3.81  |ddm|= 6.24
  HOMO = -0.103098517975926  LUMO = -0.0660306163183014
cycle= 3 E= -773.659201123639  delta_E= -10.9  |g|= 1.39  |ddm|= 5.88
  HOMO = -0.109972488373773  LUMO = -0.0788573238738581
cycle= 4 E= -772.831772133807  delta_E= 0.827  |g|= 1.78  |ddm|= 3.36
  HOMO = -0.143730170881734  LUMO = -0.0907424809972924
cycle= 5 E= -774.048833626699  delta_E= -1.22  |g|=  0.8  |ddm|= 2.61
  HOMO = -0.151516068133617  LUMO = -0.130468396533929
cycle= 6 E= -774.269221674178  delta_E= -0.22  |g|= 0.522  |ddm|=  2.3
  HOMO = -0.149261018377369  LUMO = -0.134817183220445
cycle= 7 E= -774.203627922643  delta_E= 0.0656  |g|= 0.556  |ddm|= 2.15
  HOMO = -0.141998034128588  LUMO = -0.136149178968491
cycle= 8 E= -774.371417569807  delta_E= -0.168  |g|= 0.229  |ddm|= 1.82
  HOMO = -0.144220524769814  LUMO = -0.139794006432437
cycle= 9 E= -774.393233725692  delta_E= -0.0218  |g|= 0.106  |ddm|= 0.592
  HOMO = -0.143138890406182  LUMO = -0.138694314524443
cycle= 10 E= -774.39356389303  delta_E= -0.00033  |g|= 0.0836  |ddm|= 0.262
  HOMO = -0.144003084449078  LUMO = -0.139562205415846
cycle= 11 E= -774.395019132864  delta_E= -0.00146  |g|= 0.0593  |ddm|= 0.0758
  HOMO = -0.144003218096678  LUMO = -0.139722270849779
cycle= 12 E= -774.396482973606  delta_E= -0.00146  |g|= 0.0203  |ddm|= 0.162
  HOMO = -0.144457477123952  LUMO = -0.139954345375512
cycle= 13 E= -774.394007258864  delta_E= 0.00248  |g|= 0.0699  |ddm|= 0.201
  HOMO = -0.144416246517746  LUMO = -0.13989647887495
cycle= 14 E= -774.39368197556  delta_E= 0.000325  |g|= 0.0735  |ddm|= 0.0108
  HOMO = -0.144425856873515  LUMO = -0.139896690118601
cycle= 15 E= -774.393495117374  delta_E= 0.000187  |g|= 0.0757  |ddm|= 0.00597
  HOMO = -0.144358296713739  LUMO = -0.139929547756956
cycle= 16 E= -774.395342093002  delta_E= -0.00185  |g|= 0.049  |ddm|= 0.0656
  HOMO = -0.144269245690556  LUMO = -0.139958960974285
cycle= 17 E= -774.396585304499  delta_E= -0.00124  |g|= 0.013  |ddm|= 0.0901
  HOMO = -0.14424536206292  LUMO = -0.139920855527967
cycle= 18 E= -774.396530475542  delta_E= 5.48e-05  |g|= 0.0161  |ddm|= 0.012
  HOMO = -0.144287610789287  LUMO = -0.139961574908101
cycle= 19 E= -774.396554093822  delta_E= -2.36e-05  |g|= 0.0146  |ddm|= 0.00447
  HOMO = -0.144270021710432  LUMO = -0.139948703919541
cycle= 20 E= -774.396576705873  delta_E= -2.26e-05  |g|= 0.013  |ddm|= 0.00417
  HOMO = -0.144247904087606  LUMO = -0.139935149542674
cycle= 21 E= -774.396621540864  delta_E= -4.48e-05  |g|= 0.00939  |ddm|= 0.00858
  HOMO = -0.144258820002847  LUMO = -0.139953710996465
cycle= 22 E= -774.396648228551  delta_E= -2.67e-05  |g|= 0.00621  |ddm|= 0.00784
  HOMO = -0.144229787065166  LUMO = -0.139935837781187
cycle= 23 E= -774.39666853017  delta_E= -2.03e-05  |g|= 0.000935  |ddm|= 0.0123
  HOMO = -0.14424191197186  LUMO = -0.139946263191506
cycle= 24 E= -774.396668052584  delta_E= 4.78e-07  |g|= 0.00136  |ddm|= 0.00108
  HOMO = -0.144236705125469  LUMO = -0.139944715355139
cycle= 25 E= -774.396668938212  delta_E= -8.86e-07  |g|= 0.000383  |ddm|= 0.0039
  HOMO = -0.144235456392404  LUMO = -0.139942656203133
cycle= 26 E= -774.396669005588  delta_E= -6.74e-08  |g|= 7.63e-05  |ddm|= 0.00084
  HOMO = -0.144235296231598  LUMO = -0.139942471802489
cycle= 27 E= -774.396669005504  delta_E= 8.39e-11  |g|= 6.95e-05  |ddm|= 0.000148
  HOMO = -0.144234663881901  LUMO = -0.139941814722678
cycle= 28 E= -774.396669003875  delta_E= 1.63e-09  |g|= 8.2e-05  |ddm|= 0.000123
  HOMO = -0.144235173404784  LUMO = -0.139942476923472
cycle= 29 E= -774.396669007159  delta_E= -3.28e-09  |g|= 2.49e-05  |ddm|= 0.000191
  HOMO = -0.144235473966169  LUMO = -0.139942752572981
cycle= 30 E= -774.396669007263  delta_E= -1.04e-10  |g|= 1.52e-05  |ddm|= 4.1e-05
  HOMO = -0.144235167108589  LUMO = -0.139942492550077
cycle= 31 E= -774.396669007042  delta_E= 2.21e-10  |g|= 2.43e-05  |ddm|= 6.47e-05
  HOMO = -0.144235313108495  LUMO = -0.139942582874231
cycle= 32 E= -774.396669007309  delta_E= -2.66e-10  |g|= 6.79e-06  |ddm|= 6.59e-05
  HOMO = -0.14423452407801  LUMO = -0.139942586537424
Extra cycle  E= -774.396668933892  delta_E= 7.34e-08  |g|= 0.00037  |ddm|= 0.000879
converged SCF energy = -774.396668933892
AOs:  [0, 1, 2, 3, 4, 5, 6, 7, 8, 9, 10, 11, 12, 13, 14, 15, 16, 17, 18, 19, 20, 21, 22, 23, 24, 25, 26, 27, 28, 29, 30, 31, 32, 33, 34, 35, 36, 37, 38, 39, 40, 41, 42, 43, 44, 45, 46, 47, 48, 49, 50, 51, 52, 53, 54, 55, 56, 57, 58, 59, 60, 61, 62, 63]
64

 AO indices used for projection:  [0, 1, 3, 4, 5, 14, 16, 17, 19, 20, 21, 30, 32, 33, 35, 36, 37, 46, 48, 49, 51, 52, 53, 62]
 # of orbitals to keep:  16
Number of Active MOs:  16
Number of Environment MOs:  54
Number of Virtual MOs:  244
 # electrons:            α            β
         Env:  54.00000000  54.00000000
         Act:  16.00000000  16.00000000
         Vir:   0.00000000   0.00000000
Number of electrons in the active space:  32

 The density matrix is idempotent!

 The density matrix is idempotent!


******** <class 'pyscf.scf.hf.RHF'> ********
method = RHF
initial guess = minao
damping factor = 0
level_shift factor = 0
DIIS = <class 'pyscf.scf.diis.CDIIS'>
diis_start_cycle = 1
diis_space = 8
SCF conv_tol = 1e-09
SCF conv_tol_grad = 1e-05
SCF max_cycles = 200
direct_scf = True
direct_scf_tol = 1e-13
chkfile to save SCF result = subsys_scf.chk
max_memory 900000 MB (current use 10679 MB)
init E= 993.844714523916
  HOMO = -0.162533990703405  LUMO = 0.00564425060009948
cycle= 1 E= 993.796115074614  delta_E= -0.0486  |g|= 0.085  |ddm|= 0.805
  HOMO = -0.162882361224486  LUMO = 0.00941727024721042
cycle= 2 E= 993.791712503385  delta_E= -0.0044  |g|= 0.0358  |ddm|= 0.218
  HOMO = -0.169714536435129  LUMO = 0.0121746245172499
cycle= 3 E= 993.790366983372  delta_E= -0.00135  |g|= 0.0285  |ddm|= 0.114
  HOMO = -0.16859550297748  LUMO = 0.0155545408109195
cycle= 4 E= 993.789676650099  delta_E= -0.00069  |g|= 0.0116  |ddm|= 0.0755
  HOMO = -0.170839225003882  LUMO = 0.0171101646089589
cycle= 5 E= 993.789349557416  delta_E= -0.000327  |g|= 0.0049  |ddm|= 0.0791
  HOMO = -0.171183265108375  LUMO = 0.0178494049254594
cycle= 6 E= 993.789298626494  delta_E= -5.09e-05  |g|= 0.00311  |ddm|= 0.0293
  HOMO = -0.171137206200321  LUMO = 0.0177142940709475
cycle= 7 E= 993.789284795353  delta_E= -1.38e-05  |g|= 0.00198  |ddm|= 0.0132
  HOMO = -0.170975578942663  LUMO = 0.0174635857461017
cycle= 8 E= 993.789273327741  delta_E= -1.15e-05  |g|= 0.00138  |ddm|= 0.0161
  HOMO = -0.170836016198723  LUMO = 0.0171729451434431
cycle= 9 E= 993.789267983797  delta_E= -5.34e-06  |g|= 0.000364  |ddm|= 0.017
  HOMO = -0.170743030936826  LUMO = 0.0171312552648715
cycle= 10 E= 993.789267664278  delta_E= -3.2e-07  |g|= 0.00014  |ddm|= 0.00382
  HOMO = -0.170719465553814  LUMO = 0.0170922004643318
cycle= 11 E= 993.78926762828  delta_E= -3.6e-08  |g|= 4.4e-05  |ddm|= 0.00155
  HOMO = -0.170716020926349  LUMO = 0.0170881889548186
cycle= 12 E= 993.789267626169  delta_E= -2.11e-09  |g|= 1.06e-05  |ddm|= 0.000174
  HOMO = -0.170714938371668  LUMO = 0.0170877003931132
cycle= 13 E= 993.789267626242  delta_E= 7.28e-11  |g|= 3.69e-06  |ddm|= 8.59e-05
  HOMO = -0.170715499717959  LUMO = 0.0170874969818822
Extra cycle  E= 993.789267626329  delta_E= 8.72e-11  |g|= 1.97e-06  |ddm|= 1.01e-05
converged SCF energy = 993.789267626329
Difference in energy:  -684.193839022733
E(MP2) = 993.202507131399  E_corr = -0.586760494929486
Total energy =  -773.8930980571737
time elapsed:  46.35523533821106
