

******** <class 'pyscf.dft.rks.RKS'> ********
method = RKS-RHF
initial guess = minao
damping factor = 0
level_shift factor = 0
DIIS = <class 'pyscf.scf.diis.CDIIS'>
diis_start_cycle = 1
diis_space = 8
SCF conv_tol = 1e-09
SCF conv_tol_grad = 1e-05
SCF max_cycles = 1000
direct_scf = True
direct_scf_tol = 1e-13
chkfile to save SCF result = scf.fchk
max_memory 900000 MB (current use 79 MB)
XC library pyscf.dft.libxc version 5.1.7
    S. Lehtola, C. Steigemann, M. J. Oliveira, and M. A. Marques, SoftwareX 7, 1 (2018)
XC functionals = pbe
    J. P. Perdew, K. Burke, and M. Ernzerhof, Phys. Rev. Lett. 77, 3865 (1996)
    J. P. Perdew, K. Burke, and M. Ernzerhof, Phys. Rev. Lett. 78, 1396 (1997)
    J. P. Perdew, K. Burke, and M. Ernzerhof, Phys. Rev. Lett. 77, 3865 (1996)
    J. P. Perdew, K. Burke, and M. Ernzerhof, Phys. Rev. Lett. 78, 1396 (1997)
small_rho_cutoff = 1e-07
init E= -776.047454529273
  HOMO = -0.233179057226643  LUMO = -0.20805479409601
cycle= 1 E= -773.982186486277  delta_E= 2.07  |g|=  1.2  |ddm|= 6.28
  HOMO = -0.0129431560477368  LUMO = 0.00287684627726675
cycle= 2 E= -762.77228273988  delta_E= 11.2  |g|= 3.81  |ddm|= 6.22
  HOMO = -0.104494846572799  LUMO = -0.0652161278273923
cycle= 3 E= -773.655873379206  delta_E= -10.9  |g|=  1.4  |ddm|= 5.87
  HOMO = -0.11036268981743  LUMO = -0.0797791416765686
cycle= 4 E= -772.837736848981  delta_E= 0.818  |g|= 1.78  |ddm|= 3.36
  HOMO = -0.144028396185396  LUMO = -0.0912387031385429
cycle= 5 E= -774.051820448398  delta_E= -1.21  |g|= 0.797  |ddm|=  2.6
  HOMO = -0.152362551578259  LUMO = -0.129954333350383
cycle= 6 E= -774.271882782869  delta_E= -0.22  |g|= 0.521  |ddm|= 2.29
  HOMO = -0.149156132635311  LUMO = -0.135382810042726
cycle= 7 E= -774.221902846797  delta_E= 0.05  |g|= 0.538  |ddm|= 2.09
  HOMO = -0.142986348946603  LUMO = -0.1353223604687
cycle= 8 E= -774.373341946463  delta_E= -0.151  |g|= 0.229  |ddm|= 1.72
  HOMO = -0.145208639665431  LUMO = -0.139164671122025
cycle= 9 E= -774.39460514801  delta_E= -0.0213  |g|= 0.108  |ddm|= 0.521
  HOMO = -0.143798643651476  LUMO = -0.137823948652239
cycle= 10 E= -774.396424166145  delta_E= -0.00182  |g|= 0.0665  |ddm|= 0.191
  HOMO = -0.145020707558623  LUMO = -0.138879912400065
cycle= 11 E= -774.395535788158  delta_E= 0.000888  |g|= 0.0733  |ddm|= 0.108
  HOMO = -0.144978155991547  LUMO = -0.139035639878431
cycle= 12 E= -774.39790974892  delta_E= -0.00237  |g|= 0.0256  |ddm|= 0.123
  HOMO = -0.145183388196348  LUMO = -0.138967965876245
cycle= 13 E= -774.3944234488  delta_E= 0.00349  |g|= 0.0832  |ddm|= 0.156
  HOMO = -0.1453209156162  LUMO = -0.139023693073861
cycle= 14 E= -774.393153382947  delta_E= 0.00127  |g|= 0.0955  |ddm|= 0.0318
  HOMO = -0.145432922077967  LUMO = -0.139107512928874
cycle= 15 E= -774.392640531962  delta_E= 0.000513  |g|= 0.0996  |ddm|= 0.0128
  HOMO = -0.145245680328882  LUMO = -0.139167696657927
cycle= 16 E= -774.396390774785  delta_E= -0.00375  |g|= 0.0566  |ddm|= 0.106
  HOMO = -0.145262257025122  LUMO = -0.139323404125461
cycle= 17 E= -774.397756660364  delta_E= -0.00137  |g|= 0.028  |ddm|= 0.073
  HOMO = -0.145114966804963  LUMO = -0.139157386410102
cycle= 18 E= -774.397640387119  delta_E= 0.000116  |g|= 0.031  |ddm|= 0.0152
  HOMO = -0.145122298840448  LUMO = -0.139174692711001
cycle= 19 E= -774.397771863401  delta_E= -0.000131  |g|= 0.0268  |ddm|= 0.0103
  HOMO = -0.145139514776304  LUMO = -0.139221665741856
cycle= 20 E= -774.398004464919  delta_E= -0.000233  |g|= 0.017  |ddm|= 0.0233
  HOMO = -0.145060121876377  LUMO = -0.139161098641674
cycle= 21 E= -774.398075957098  delta_E= -7.15e-05  |g|= 0.0126  |ddm|= 0.011
  HOMO = -0.145149906679771  LUMO = -0.139267005946175
cycle= 22 E= -774.398134675597  delta_E= -5.87e-05  |g|= 0.00718  |ddm|= 0.0161
  HOMO = -0.14506897997352  LUMO = -0.139196103926181
cycle= 23 E= -774.398154786735  delta_E= -2.01e-05  |g|= 0.00292  |ddm|= 0.00951
  HOMO = -0.145086266955181  LUMO = -0.139214086492311
cycle= 24 E= -774.398157135809  delta_E= -2.35e-06  |g|= 0.00207  |ddm|= 0.00229
  HOMO = -0.145071519457351  LUMO = -0.13920424451293
cycle= 25 E= -774.398159366537  delta_E= -2.23e-06  |g|= 0.000232  |ddm|= 0.00448
  HOMO = -0.145075254288438  LUMO = -0.139207267695466
cycle= 26 E= -774.398159305361  delta_E= 6.12e-08  |g|= 0.000382  |ddm|= 0.000696
  HOMO = -0.145076386760238  LUMO = -0.139209085168159
cycle= 27 E= -774.398159372148  delta_E= -6.68e-08  |g|= 0.000156  |ddm|= 0.000581
  HOMO = -0.145075531372919  LUMO = -0.139208562964668
cycle= 28 E= -774.398159382888  delta_E= -1.07e-08  |g|= 5.29e-05  |ddm|= 0.000249
  HOMO = -0.145074747352129  LUMO = -0.139207842978018
cycle= 29 E= -774.398159383764  delta_E= -8.75e-10  |g|= 2.91e-05  |ddm|= 8.96e-05
  HOMO = -0.14507545633148  LUMO = -0.139208598547172
cycle= 30 E= -774.398159383517  delta_E= 2.47e-10  |g|= 3.49e-05  |ddm|= 9.57e-05
  HOMO = -0.145074939524513  LUMO = -0.139208042893565
cycle= 31 E= -774.398159383992  delta_E= -4.75e-10  |g|= 1.01e-05  |ddm|= 5.37e-05
  HOMO = -0.145075190353601  LUMO = -0.13920829882594
cycle= 32 E= -774.398159383954  delta_E= 3.73e-11  |g|= 1.29e-05  |ddm|= 1.85e-05
  HOMO = -0.145075030778633  LUMO = -0.139208109101608
cycle= 33 E= -774.398159384025  delta_E= -7.07e-11  |g|= 4.6e-06  |ddm|= 3.36e-05
  HOMO = -0.145074893952088  LUMO = -0.139208348009689
Extra cycle  E= -774.398159374437  delta_E= 9.59e-09  |g|= 0.000133  |ddm|= 0.000315
converged SCF energy = -774.398159374437
AOs:  [0, 1, 2, 3, 4, 5, 6, 7, 8, 9, 10, 11, 12, 13, 14, 15, 16, 17, 18, 19, 20, 21, 22, 23, 24, 25, 26, 27, 28, 29, 30, 31, 32, 33, 34, 35, 36, 37, 38, 39, 40, 41, 42, 43, 44, 45, 46, 47, 48, 49, 50, 51, 52, 53, 54, 55, 56, 57, 58, 59, 60, 61, 62, 63]
64

 AO indices used for projection:  [0, 1, 3, 4, 5, 14, 16, 17, 19, 20, 21, 30, 32, 33, 35, 36, 37, 46, 48, 49, 51, 52, 53, 62]
 # of orbitals to keep:  16
Number of Active MOs:  16
Number of Environment MOs:  54
Number of Virtual MOs:  244
 # electrons:            α            β
         Env:  54.00000000  54.00000000
         Act:  16.00000000  16.00000000
         Vir:  -0.00000000  -0.00000000
Number of electrons in the active space:  32

 The density matrix is idempotent!

 The density matrix is idempotent!


******** <class 'pyscf.scf.hf.RHF'> ********
method = RHF
initial guess = minao
damping factor = 0
level_shift factor = 0
DIIS = <class 'pyscf.scf.diis.CDIIS'>
diis_start_cycle = 1
diis_space = 8
SCF conv_tol = 1e-09
SCF conv_tol_grad = 1e-05
SCF max_cycles = 200
direct_scf = True
direct_scf_tol = 1e-13
chkfile to save SCF result = subsys_scf.chk
max_memory 900000 MB (current use 10404 MB)
init E= 993.665841635315
  HOMO = -0.164204078391858  LUMO = 0.00663826992983234
cycle= 1 E= 993.617289622047  delta_E= -0.0486  |g|= 0.0843  |ddm|= 0.803
  HOMO = -0.164780197234098  LUMO = 0.0105779895303736
cycle= 2 E= 993.612911316508  delta_E= -0.00438  |g|= 0.0352  |ddm|= 0.214
  HOMO = -0.17150538014273  LUMO = 0.0133695705461236
cycle= 3 E= 993.611588390919  delta_E= -0.00132  |g|= 0.0278  |ddm|= 0.113
  HOMO = -0.170394709155985  LUMO = 0.0167442913431252
cycle= 4 E= 993.610932656287  delta_E= -0.000656  |g|= 0.0111  |ddm|= 0.0728
  HOMO = -0.172660311011147  LUMO = 0.0183156806722618
cycle= 5 E= 993.610632626091  delta_E= -0.0003  |g|= 0.0045  |ddm|= 0.0752
  HOMO = -0.172988338569504  LUMO = 0.0190112376815781
cycle= 6 E= 993.610591239754  delta_E= -4.14e-05  |g|= 0.00279  |ddm|= 0.026
  HOMO = -0.172955100751561  LUMO = 0.0188965668114171
cycle= 7 E= 993.610580455034  delta_E= -1.08e-05  |g|= 0.00172  |ddm|= 0.0116
  HOMO = -0.172826217676239  LUMO = 0.0186804631105985
cycle= 8 E= 993.610572022261  delta_E= -8.43e-06  |g|= 0.00121  |ddm|= 0.0135
  HOMO = -0.172716087088272  LUMO = 0.0184402010015962
cycle= 9 E= 993.610568197316  delta_E= -3.82e-06  |g|= 0.000327  |ddm|= 0.0138
  HOMO = -0.172637416548124  LUMO = 0.0184084058994248
cycle= 10 E= 993.610567958291  delta_E= -2.39e-07  |g|= 0.000128  |ddm|= 0.00316
  HOMO = -0.172617095599279  LUMO = 0.0183738835276663
cycle= 11 E= 993.610567928881  delta_E= -2.94e-08  |g|= 3.96e-05  |ddm|= 0.00137
  HOMO = -0.172614398668029  LUMO = 0.0183706746362323
cycle= 12 E= 993.610567927866  delta_E= -1.01e-09  |g|= 1.08e-05  |ddm|= 0.000145
  HOMO = -0.172612846214166  LUMO = 0.0183698793587017
cycle= 13 E= 993.610567927541  delta_E= -3.26e-10  |g|= 4.14e-06  |ddm|= 0.000102
  HOMO = -0.172613557727745  LUMO = 0.0183696513501728
Extra cycle  E= 993.610567927479  delta_E= -6.16e-11  |g|= 2.24e-06  |ddm|= 1.09e-05
converged SCF energy = 993.610567927479
Difference in energy:  -683.5936263722432
E(MP2) = 993.023722472903  E_corr = -0.586845454576338
Total energy =  -773.895629956307
time elapsed:  55.43482780456543
