

******** <class 'pyscf.dft.rks.RKS'> ********
method = RKS-RHF
initial guess = minao
damping factor = 0
level_shift factor = 0
DIIS = <class 'pyscf.scf.diis.CDIIS'>
diis_start_cycle = 1
diis_space = 8
SCF conv_tol = 1e-09
SCF conv_tol_grad = 1e-05
SCF max_cycles = 1000
direct_scf = True
direct_scf_tol = 1e-13
chkfile to save SCF result = scf.fchk
max_memory 900000 MB (current use 79 MB)
XC library pyscf.dft.libxc version 5.1.7
    S. Lehtola, C. Steigemann, M. J. Oliveira, and M. A. Marques, SoftwareX 7, 1 (2018)
XC functionals = pbe
    J. P. Perdew, K. Burke, and M. Ernzerhof, Phys. Rev. Lett. 77, 3865 (1996)
    J. P. Perdew, K. Burke, and M. Ernzerhof, Phys. Rev. Lett. 78, 1396 (1997)
    J. P. Perdew, K. Burke, and M. Ernzerhof, Phys. Rev. Lett. 77, 3865 (1996)
    J. P. Perdew, K. Burke, and M. Ernzerhof, Phys. Rev. Lett. 78, 1396 (1997)
small_rho_cutoff = 1e-07
init E= -776.047441981992
  HOMO = -0.233367855130976  LUMO = -0.207875805684607
cycle= 1 E= -773.986153876361  delta_E= 2.06  |g|=  1.2  |ddm|= 6.28
  HOMO = -0.0114438943463835  LUMO = 0.00386950847012512
cycle= 2 E= -762.825387355988  delta_E= 11.2  |g|=  3.8  |ddm|= 6.21
  HOMO = -0.106114929434264  LUMO = -0.0642684043059527
cycle= 3 E= -773.65208061451  delta_E= -10.8  |g|=  1.4  |ddm|= 5.85
  HOMO = -0.110751427548087  LUMO = -0.0808868852218331
cycle= 4 E= -772.844465173025  delta_E= 0.808  |g|= 1.77  |ddm|= 3.36
  HOMO = -0.144192313872023  LUMO = -0.0917956609873478
cycle= 5 E= -774.055550175935  delta_E= -1.21  |g|= 0.794  |ddm|=  2.6
  HOMO = -0.153317020455226  LUMO = -0.129372394365293
cycle= 6 E= -774.274625434718  delta_E= -0.219  |g|= 0.52  |ddm|= 2.27
  HOMO = -0.149168952066629  LUMO = -0.135878484846112
cycle= 7 E= -774.246661902079  delta_E= 0.028  |g|= 0.511  |ddm|=    2
  HOMO = -0.143915561240782  LUMO = -0.134576458846758
cycle= 8 E= -774.376405687874  delta_E= -0.13  |g|= 0.224  |ddm|= 1.59
  HOMO = -0.146128402560455  LUMO = -0.138598127735793
cycle= 9 E= -774.396208831011  delta_E= -0.0198  |g|= 0.107  |ddm|= 0.53
  HOMO = -0.144859702556717  LUMO = -0.137424550664771
cycle= 10 E= -774.398925653221  delta_E= -0.00272  |g|= 0.048  |ddm|= 0.174
  HOMO = -0.145934514312442  LUMO = -0.138398423786481
cycle= 11 E= -774.399197417876  delta_E= -0.000272  |g|= 0.0336  |ddm|= 0.0816
  HOMO = -0.145959249823844  LUMO = -0.138535520563066
cycle= 12 E= -774.399620603091  delta_E= -0.000423  |g|= 0.00932  |ddm|= 0.0801
  HOMO = -0.145998376430943  LUMO = -0.138528764431154
cycle= 13 E= -774.399613322275  delta_E= 7.28e-06  |g|= 0.00954  |ddm|= 0.0365
  HOMO = -0.145915391754222  LUMO = -0.138435877748668
cycle= 14 E= -774.399576133668  delta_E= 3.72e-05  |g|= 0.0123  |ddm|= 0.00902
  HOMO = -0.14590210172116  LUMO = -0.138425025748538
cycle= 15 E= -774.399584508076  delta_E= -8.37e-06  |g|= 0.0118  |ddm|= 0.00199
  HOMO = -0.145889242776643  LUMO = -0.13843519349122
cycle= 16 E= -774.399641313001  delta_E= -5.68e-05  |g|= 0.00551  |ddm|= 0.014
  HOMO = -0.145949458538861  LUMO = -0.138520853737683
cycle= 17 E= -774.399655815287  delta_E= -1.45e-05  |g|= 0.00226  |ddm|= 0.0165
  HOMO = -0.145919203042893  LUMO = -0.138485030952492
cycle= 18 E= -774.399657807847  delta_E= -1.99e-06  |g|= 0.000314  |ddm|= 0.00397
  HOMO = -0.145909393604535  LUMO = -0.138474863059646
cycle= 19 E= -774.399657828602  delta_E= -2.08e-08  |g|= 0.000195  |ddm|= 0.000476
  HOMO = -0.145907410215184  LUMO = -0.138472535074921
cycle= 20 E= -774.399657834084  delta_E= -5.48e-09  |g|= 0.000143  |ddm|= 0.000377
  HOMO = -0.145910590297671  LUMO = -0.138475693076806
cycle= 21 E= -774.399657837437  delta_E= -3.35e-09  |g|= 0.0001  |ddm|= 0.000236
  HOMO = -0.145911571636522  LUMO = -0.138476576794178
cycle= 22 E= -774.399657839893  delta_E= -2.46e-09  |g|= 4.07e-05  |ddm|= 0.000167
  HOMO = -0.145910001796627  LUMO = -0.138475116979623
cycle= 23 E= -774.399657840383  delta_E= -4.9e-10  |g|= 2.66e-05  |ddm|= 7.22e-05
  HOMO = -0.145910646132462  LUMO = -0.138475855809908
cycle= 24 E= -774.399657840347  delta_E= 3.62e-11  |g|= 2.87e-05  |ddm|= 8.03e-05
  HOMO = -0.14591073000364  LUMO = -0.138475798732966
cycle= 25 E= -774.399657840336  delta_E= 1.09e-11  |g|= 2.36e-05  |ddm|= 9.5e-05
  HOMO = -0.145910684231211  LUMO = -0.138475882504137
cycle= 26 E= -774.399657840499  delta_E= -1.63e-10  |g|= 1.6e-05  |ddm|= 8.63e-05
  HOMO = -0.145910599079026  LUMO = -0.13847577459365
cycle= 27 E= -774.399657840577  delta_E= -7.82e-11  |g|= 9.92e-06  |ddm|= 1.81e-05
  HOMO = -0.145911614948235  LUMO = -0.138475802778856
Extra cycle  E= -774.399657799748  delta_E= 4.08e-08  |g|= 0.000278  |ddm|= 0.000645
converged SCF energy = -774.399657799748
AOs:  [0, 1, 2, 3, 4, 5, 6, 7, 8, 9, 10, 11, 12, 13, 14, 15, 16, 17, 18, 19, 20, 21, 22, 23, 24, 25, 26, 27, 28, 29, 30, 31, 32, 33, 34, 35, 36, 37, 38, 39, 40, 41, 42, 43, 44, 45, 46, 47, 48, 49, 50, 51, 52, 53, 54, 55, 56, 57, 58, 59, 60, 61, 62, 63]
64

 AO indices used for projection:  [0, 1, 3, 4, 5, 14, 16, 17, 19, 20, 21, 30, 32, 33, 35, 36, 37, 46, 48, 49, 51, 52, 53, 62]
 # of orbitals to keep:  16
Number of Active MOs:  16
Number of Environment MOs:  54
Number of Virtual MOs:  244
 # electrons:            α            β
         Env:  54.00000000  54.00000000
         Act:  16.00000000  16.00000000
         Vir:  -0.00000000  -0.00000000
Number of electrons in the active space:  32

 The density matrix is idempotent!

 The density matrix is idempotent!


******** <class 'pyscf.scf.hf.RHF'> ********
method = RHF
initial guess = minao
damping factor = 0
level_shift factor = 0
DIIS = <class 'pyscf.scf.diis.CDIIS'>
diis_start_cycle = 1
diis_space = 8
SCF conv_tol = 1e-09
SCF conv_tol_grad = 1e-05
SCF max_cycles = 200
direct_scf = True
direct_scf_tol = 1e-13
chkfile to save SCF result = subsys_scf.chk
max_memory 900000 MB (current use 10581 MB)
init E= 993.488543581153
  HOMO = -0.165854052783405  LUMO = 0.0076267655324792
cycle= 1 E= 993.440041104597  delta_E= -0.0485  |g|= 0.0836  |ddm|= 0.802
  HOMO = -0.166658694222096  LUMO = 0.0117172748775801
cycle= 2 E= 993.435687507198  delta_E= -0.00435  |g|= 0.0347  |ddm|= 0.211
  HOMO = -0.173275720612701  LUMO = 0.0145452160441489
cycle= 3 E= 993.434385524705  delta_E= -0.0013  |g|= 0.0272  |ddm|= 0.112
  HOMO = -0.172169883608754  LUMO = 0.0179046154615018
cycle= 4 E= 993.433763282784  delta_E= -0.000622  |g|= 0.0107  |ddm|= 0.0701
  HOMO = -0.174452228125047  LUMO = 0.0194849033945986
cycle= 5 E= 993.433487420784  delta_E= -0.000276  |g|= 0.00414  |ddm|= 0.0717
  HOMO = -0.174763940472607  LUMO = 0.0201368803464584
cycle= 6 E= 993.433453643888  delta_E= -3.38e-05  |g|= 0.00251  |ddm|= 0.0232
  HOMO = -0.174740946100043  LUMO = 0.0200402494161224
cycle= 7 E= 993.433445190586  delta_E= -8.45e-06  |g|= 0.00151  |ddm|= 0.0102
  HOMO = -0.174639485211183  LUMO = 0.0198515885412478
cycle= 8 E= 993.433438939713  delta_E= -6.25e-06  |g|= 0.00106  |ddm|= 0.0114
  HOMO = -0.174552067859789  LUMO = 0.0196531682646707
cycle= 9 E= 993.433436188267  delta_E= -2.75e-06  |g|= 0.000294  |ddm|= 0.0114
  HOMO = -0.174485034998003  LUMO = 0.0196290536249691
cycle= 10 E= 993.433436009171  delta_E= -1.79e-07  |g|= 0.000118  |ddm|= 0.00262
  HOMO = -0.174467368739937  LUMO = 0.0195982272393504
cycle= 11 E= 993.43343598454  delta_E= -2.46e-08  |g|= 3.58e-05  |ddm|= 0.00123
  HOMO = -0.17446519893063  LUMO = 0.0195956740037161
cycle= 12 E= 993.433435983595  delta_E= -9.45e-10  |g|= 1.08e-05  |ddm|= 0.000124
  HOMO = -0.174463436689348  LUMO = 0.019594744042982
cycle= 13 E= 993.43343598322  delta_E= -3.75e-10  |g|= 4.25e-06  |ddm|= 0.000106
  HOMO = -0.174464196409047  LUMO = 0.0195944928093164
Extra cycle  E= 993.433435983364  delta_E= 1.44e-10  |g|= 2.32e-06  |ddm|= 1.09e-05
converged SCF energy = 993.433435983364
Difference in energy:  -682.9870489296659
E(MP2) = 992.846581319451  E_corr = -0.586854663912626
Total energy =  -773.8981042328286
time elapsed:  42.22345852851868
