

******** <class 'pyscf.scf.hf.RHF'> ********
method = RHF
initial guess = minao
damping factor = 0
level_shift factor = 0
DIIS = <class 'pyscf.scf.diis.CDIIS'>
diis_start_cycle = 1
diis_space = 8
SCF conv_tol = 1e-09
SCF conv_tol_grad = 1e-05
SCF max_cycles = 1000
direct_scf = True
direct_scf_tol = 1e-13
chkfile to save SCF result = scf.fchk
max_memory 900000 MB (current use 79 MB)
init E= -582.490256908817
  HOMO = -0.272158915982062  LUMO = 0.00979030337293315
cycle= 1 E= -579.993714843927  delta_E=  2.5  |g|= 0.967  |ddm|= 5.17
  HOMO = -0.254038663840914  LUMO = 0.0514101882242123
cycle= 2 E= -580.177747224541  delta_E= -0.184  |g|= 0.608  |ddm|= 1.17
  HOMO = -0.394150202718274  LUMO = 0.110201905935202
cycle= 3 E= -580.247184095135  delta_E= -0.0694  |g|= 0.133  |ddm|= 0.525
  HOMO = -0.397438121641191  LUMO = 0.123708532944187
cycle= 4 E= -580.252042087869  delta_E= -0.00486  |g|= 0.0512  |ddm|= 0.14
  HOMO = -0.389901325674019  LUMO = 0.120753062618172
cycle= 5 E= -580.252583351992  delta_E= -0.000541  |g|= 0.00967  |ddm|= 0.051
  HOMO = -0.392957429165893  LUMO = 0.120604056840359
cycle= 6 E= -580.252628633619  delta_E= -4.53e-05  |g|= 0.00369  |ddm|= 0.0167
  HOMO = -0.392832496740449  LUMO = 0.121078186891644
cycle= 7 E= -580.252637976769  delta_E= -9.34e-06  |g|= 0.00154  |ddm|= 0.00899
  HOMO = -0.393154585169386  LUMO = 0.121078199882523
cycle= 8 E= -580.252639594691  delta_E= -1.62e-06  |g|= 0.000444  |ddm|= 0.00402
  HOMO = -0.393176899492492  LUMO = 0.121075166420558
cycle= 9 E= -580.252639726736  delta_E= -1.32e-07  |g|= 9.31e-05  |ddm|= 0.00114
  HOMO = -0.393167940972178  LUMO = 0.121084709659705
cycle= 10 E= -580.252639732089  delta_E= -5.35e-09  |g|= 3.37e-05  |ddm|= 0.000178
  HOMO = -0.393169803849156  LUMO = 0.121076582775587
cycle= 11 E= -580.252639732579  delta_E= -4.9e-10  |g|= 7.65e-06  |ddm|= 5.19e-05
  HOMO = -0.393169184583578  LUMO = 0.121078023041503
Extra cycle  E= -580.252639732611  delta_E= -3.18e-11  |g|= 3.64e-06  |ddm|= 1.2e-05
converged SCF energy = -580.252639732611
AOs:  [0, 1, 2, 3, 4, 5, 6, 7, 8, 9, 10, 11, 12, 13, 14, 15, 16, 17, 18, 19, 20, 21, 22, 23, 24, 25, 26, 27, 28, 29, 30, 31, 32, 33, 34, 35, 36, 37, 38, 39, 40, 41, 42, 43, 44, 45, 46, 47, 48, 49, 50, 51, 52, 53, 54, 55, 56, 57, 58, 59, 60, 61, 62, 63, 64, 65, 66, 67, 68, 69, 70, 71, 72, 73, 74, 75, 76, 77, 78, 79, 80, 81, 82, 83, 84, 85, 86, 87, 88, 89, 90, 91, 92, 93, 94, 95, 96, 97, 98, 99, 100, 101, 102, 103, 104, 105, 106, 107, 108, 109, 110, 111, 112, 113, 114, 115, 116, 117, 118, 119, 120, 121, 122, 123, 124, 125, 126, 127, 128, 129, 130, 131, 132, 133, 134, 135, 136, 137, 138, 139, 140, 141, 142, 143, 144, 145, 146, 147, 148, 149, 150, 151, 152, 153, 154, 155, 156]
157

 AO indices used for projection:  [0, 1, 3, 4, 5, 14, 19, 24, 25, 27, 28, 29, 38, 39, 41, 42, 43, 52, 53, 55, 56, 57, 66, 67, 69, 70, 71, 80, 85, 86, 88, 89, 90, 99, 104, 109, 114, 115, 117, 118, 119, 128, 133, 138, 139, 141, 142, 143, 152]
 # of orbitals to keep:  49
Number of Active MOs:  49
Number of Environment MOs:  4
Number of Virtual MOs:  249
 # electrons:            α            β
         Env:   4.00000000   4.00000000
         Act:  49.00000000  49.00000000
         Vir:   0.00000000   0.00000000
Number of electrons in the active space:  98

 The density matrix is idempotent!

 The density matrix is idempotent!


******** <class 'pyscf.scf.hf.RHF'> ********
method = RHF
initial guess = minao
damping factor = 0
level_shift factor = 0
DIIS = <class 'pyscf.scf.diis.CDIIS'>
diis_start_cycle = 1
diis_space = 8
SCF conv_tol = 1e-09
SCF conv_tol_grad = 1e-05
SCF max_cycles = 200
direct_scf = True
direct_scf_tol = 1e-13
chkfile to save SCF result = subsys_scf.chk
max_memory 900000 MB (current use 8559 MB)
init E= -415.581646135844
  HOMO = -0.39318560434937  LUMO = 0.121077099798051
cycle= 1 E= -415.581669742929  delta_E= -2.36e-05  |g|= 4.16e-06  |ddm|= 7.39e-06
  HOMO = -0.393185485275888  LUMO = 0.12107745864538
cycle= 2 E= -415.581669742559  delta_E= 3.7e-10  |g|= 2.41e-06  |ddm|= 4.53e-06
  HOMO = -0.393185511139293  LUMO = 0.121077294465852
Extra cycle  E= -415.581669742359  delta_E= 2e-10  |g|= 1.09e-06  |ddm|= 2.33e-06
converged SCF energy = -415.581669742359
Difference in energy:  1.4674561384708796e-07
E(MP2) = -417.415536331652  E_corr = -1.83386658929255
Total energy =  -582.0865063221372
time elapsed:  57.73323464393616
