

******** <class 'pyscf.scf.hf.RHF'> ********
method = RHF
initial guess = minao
damping factor = 0
level_shift factor = 0
DIIS = <class 'pyscf.scf.diis.CDIIS'>
diis_start_cycle = 1
diis_space = 8
SCF conv_tol = 1e-09
SCF conv_tol_grad = 1e-05
SCF max_cycles = 1000
direct_scf = True
direct_scf_tol = 1e-13
chkfile to save SCF result = scf.fchk
max_memory 900000 MB (current use 79 MB)
init E= -582.248533013686
  HOMO = -0.269626800904489  LUMO = 0.0134591243155723
cycle= 1 E= -580.0494895447  delta_E=  2.2  |g|= 0.948  |ddm|= 5.16
  HOMO = -0.317142272960351  LUMO = 0.0758837943039433
cycle= 2 E= -580.222804586838  delta_E= -0.173  |g|= 0.616  |ddm|= 1.15
  HOMO = -0.412890705218611  LUMO = 0.121887867434341
cycle= 3 E= -580.293390629358  delta_E= -0.0706  |g|= 0.138  |ddm|= 0.543
  HOMO = -0.405731054341779  LUMO = 0.135966676120085
cycle= 4 E= -580.298567670627  delta_E= -0.00518  |g|= 0.0487  |ddm|= 0.141
  HOMO = -0.413090262780342  LUMO = 0.133440275426386
cycle= 5 E= -580.299084769282  delta_E= -0.000517  |g|= 0.0101  |ddm|= 0.0521
  HOMO = -0.414235625242967  LUMO = 0.133370331216181
cycle= 6 E= -580.299134837984  delta_E= -5.01e-05  |g|= 0.00393  |ddm|= 0.0178
  HOMO = -0.414353892822494  LUMO = 0.133906910692301
cycle= 7 E= -580.299146411546  delta_E= -1.16e-05  |g|= 0.00162  |ddm|= 0.0105
  HOMO = -0.414741897812218  LUMO = 0.133850480448985
cycle= 8 E= -580.29914819262  delta_E= -1.78e-06  |g|= 0.000442  |ddm|= 0.00437
  HOMO = -0.414763813828758  LUMO = 0.13386829059606
cycle= 9 E= -580.299148328644  delta_E= -1.36e-07  |g|= 8.71e-05  |ddm|= 0.00117
  HOMO = -0.414753396167386  LUMO = 0.133872520464297
cycle= 10 E= -580.299148333383  delta_E= -4.74e-09  |g|= 3.1e-05  |ddm|= 0.000171
  HOMO = -0.414759039885917  LUMO = 0.133865323588147
cycle= 11 E= -580.29914833379  delta_E= -4.07e-10  |g|= 8.45e-06  |ddm|= 4.56e-05
  HOMO = -0.414757077579609  LUMO = 0.133867120381767
Extra cycle  E= -580.299148333831  delta_E= -4.12e-11  |g|= 4.38e-06  |ddm|= 1.39e-05
converged SCF energy = -580.299148333831
AOs:  [0, 1, 2, 3, 4, 5, 6, 7, 8, 9, 10, 11, 12, 13, 14, 15, 16, 17, 18, 19, 20, 21, 22, 23, 24, 25, 26, 27, 28, 29, 30, 31, 32, 33, 34, 35, 36, 37, 38, 39, 40, 41, 42, 43, 44, 45, 46, 47, 48, 49, 50, 51, 52, 53, 54, 55, 56, 57, 58, 59, 60, 61, 62, 63, 64, 65, 66, 67, 68, 69, 70, 71, 72, 73, 74, 75, 76, 77, 78, 79, 80, 81, 82, 83, 84, 85, 86, 87, 88, 89, 90, 91, 92, 93, 94, 95, 96, 97, 98, 99, 100, 101, 102, 103, 104, 105, 106, 107, 108, 109, 110, 111, 112, 113, 114, 115, 116, 117, 118, 119, 120, 121, 122, 123, 124, 125, 126, 127, 128, 129, 130, 131, 132, 133, 134, 135, 136, 137, 138, 139, 140, 141, 142, 143, 144, 145, 146, 147, 148, 149, 150, 151, 152, 153, 154, 155, 156]
157

 AO indices used for projection:  [0, 1, 3, 4, 5, 14, 19, 24, 25, 27, 28, 29, 38, 39, 41, 42, 43, 52, 53, 55, 56, 57, 66, 67, 69, 70, 71, 80, 85, 86, 88, 89, 90, 99, 104, 109, 114, 115, 117, 118, 119, 128, 133, 138, 139, 141, 142, 143, 152]
 # of orbitals to keep:  33
Number of Active MOs:  33
Number of Environment MOs:  20
Number of Virtual MOs:  249
 # electrons:            α            β
         Env:  20.00000000  20.00000000
         Act:  33.00000000  33.00000000
         Vir:  -0.00000000  -0.00000000
Number of electrons in the active space:  66

 The density matrix is idempotent!

 The density matrix is idempotent!


******** <class 'pyscf.scf.hf.RHF'> ********
method = RHF
initial guess = minao
damping factor = 0
level_shift factor = 0
DIIS = <class 'pyscf.scf.diis.CDIIS'>
diis_start_cycle = 1
diis_space = 8
SCF conv_tol = 1e-09
SCF conv_tol_grad = 1e-05
SCF max_cycles = 200
direct_scf = True
direct_scf_tol = 1e-13
chkfile to save SCF result = subsys_scf.chk
max_memory 900000 MB (current use 8560 MB)
init E= 21.3175375400909
  HOMO = -0.419597624095141  LUMO = 0.133866091403239
cycle= 1 E= 21.3175374335092  delta_E= -1.07e-07  |g|= 2.43e-06  |ddm|= 7.03e-06
  HOMO = -0.419597146138649  LUMO = 0.133866491573277
cycle= 2 E= 21.3175374335856  delta_E= 7.64e-11  |g|= 1.57e-06  |ddm|= 4.5e-06
  HOMO = -0.419597375026746  LUMO = 0.133866296361495
Extra cycle  E= 21.3175374335939  delta_E= 8.3e-12  |g|= 1.02e-06  |ddm|= 2.89e-06
converged SCF energy = 21.3175374335939
Difference in energy:  -3.066177191612951e-07
E(MP2) = 20.0684055884217  E_corr = -1.24913184517217
Total energy =  -581.5482801785142
time elapsed:  43.298635959625244
