

******** <class 'pyscf.scf.hf.RHF'> ********
method = RHF
initial guess = minao
damping factor = 0
level_shift factor = 0
DIIS = <class 'pyscf.scf.diis.CDIIS'>
diis_start_cycle = 1
diis_space = 8
SCF conv_tol = 1e-09
SCF conv_tol_grad = 1e-05
SCF max_cycles = 1000
direct_scf = True
direct_scf_tol = 1e-13
chkfile to save SCF result = scf.fchk
max_memory 900000 MB (current use 79 MB)
init E= -582.160911438586
  HOMO = -0.268706474504578  LUMO = 0.0147751778833115
cycle= 1 E= -580.053615776606  delta_E= 2.11  |g|= 0.96  |ddm|= 5.16
  HOMO = -0.336568141933899  LUMO = 0.0942336321536213
cycle= 2 E= -580.22132948634  delta_E= -0.168  |g|= 0.653  |ddm|=  1.2
  HOMO = -0.40481444016806  LUMO = 0.130747575240155
cycle= 3 E= -580.300269308303  delta_E= -0.0789  |g|= 0.139  |ddm|= 0.595
  HOMO = -0.398143753365246  LUMO = 0.143885800874225
cycle= 4 E= -580.305653956173  delta_E= -0.00538  |g|= 0.0453  |ddm|= 0.142
  HOMO = -0.405563247190357  LUMO = 0.142225178290238
cycle= 5 E= -580.306129322317  delta_E= -0.000475  |g|= 0.0106  |ddm|= 0.0527
  HOMO = -0.406567067834098  LUMO = 0.142170139234789
cycle= 6 E= -580.306183826581  delta_E= -5.45e-05  |g|= 0.00415  |ddm|= 0.0189
  HOMO = -0.406797201202425  LUMO = 0.142723800840921
cycle= 7 E= -580.306197492509  delta_E= -1.37e-05  |g|= 0.00164  |ddm|= 0.0122
  HOMO = -0.407242052032582  LUMO = 0.142638876779706
cycle= 8 E= -580.306199302304  delta_E= -1.81e-06  |g|= 0.000446  |ddm|= 0.00454
  HOMO = -0.407259305981069  LUMO = 0.142666050007228
cycle= 9 E= -580.306199440186  delta_E= -1.38e-07  |g|= 8.7e-05  |ddm|= 0.00118
  HOMO = -0.407248246250389  LUMO = 0.142667775112069
cycle= 10 E= -580.306199444958  delta_E= -4.77e-09  |g|= 3.02e-05  |ddm|= 0.000174
  HOMO = -0.407254358535907  LUMO = 0.142661002694107
cycle= 11 E= -580.306199445356  delta_E= -3.98e-10  |g|= 9.16e-06  |ddm|= 4.56e-05
  HOMO = -0.407251893915421  LUMO = 0.142662968830851
Extra cycle  E= -580.306199445404  delta_E= -4.84e-11  |g|= 4.89e-06  |ddm|= 1.53e-05
converged SCF energy = -580.306199445404
AOs:  [0, 1, 2, 3, 4, 5, 6, 7, 8, 9, 10, 11, 12, 13, 14, 15, 16, 17, 18, 19, 20, 21, 22, 23, 24, 25, 26, 27, 28, 29, 30, 31, 32, 33, 34, 35, 36, 37, 38, 39, 40, 41, 42, 43, 44, 45, 46, 47, 48, 49, 50, 51, 52, 53, 54, 55, 56, 57, 58, 59, 60, 61, 62, 63, 64, 65, 66, 67, 68, 69, 70, 71, 72, 73, 74, 75, 76, 77, 78, 79, 80, 81, 82, 83, 84, 85, 86, 87, 88, 89, 90, 91, 92, 93, 94, 95, 96, 97, 98, 99, 100, 101, 102, 103, 104, 105, 106, 107, 108, 109, 110, 111, 112, 113, 114, 115, 116, 117, 118, 119, 120, 121, 122, 123, 124, 125, 126, 127, 128, 129, 130, 131, 132, 133, 134, 135, 136, 137, 138, 139, 140, 141, 142, 143, 144, 145, 146, 147, 148, 149, 150, 151, 152, 153, 154, 155, 156]
157

 AO indices used for projection:  [0, 1, 3, 4, 5, 14, 19, 24, 25, 27, 28, 29, 38, 39, 41, 42, 43, 52, 53, 55, 56, 57, 66, 67, 69, 70, 71, 80, 85, 86, 88, 89, 90, 99, 104, 109, 114, 115, 117, 118, 119, 128, 133, 138, 139, 141, 142, 143, 152]
 # of orbitals to keep:  49
Number of Active MOs:  49
Number of Environment MOs:  4
Number of Virtual MOs:  249
 # electrons:            α            β
         Env:   4.00000000   4.00000000
         Act:  49.00000000  49.00000000
         Vir:   0.00000000   0.00000000
Number of electrons in the active space:  98

 The density matrix is idempotent!

 The density matrix is idempotent!


******** <class 'pyscf.scf.hf.RHF'> ********
method = RHF
initial guess = minao
damping factor = 0
level_shift factor = 0
DIIS = <class 'pyscf.scf.diis.CDIIS'>
diis_start_cycle = 1
diis_space = 8
SCF conv_tol = 1e-09
SCF conv_tol_grad = 1e-05
SCF max_cycles = 200
direct_scf = True
direct_scf_tol = 1e-13
chkfile to save SCF result = subsys_scf.chk
max_memory 900000 MB (current use 8559 MB)
init E= -414.575652446412
  HOMO = -0.407590931302794  LUMO = 0.142661930574212
cycle= 1 E= -414.575679011674  delta_E= -2.66e-05  |g|= 4.54e-06  |ddm|= 9.5e-06
  HOMO = -0.407590313959578  LUMO = 0.142662365142453
cycle= 2 E= -414.57567901163  delta_E= 4.41e-11  |g|= 2.77e-06  |ddm|= 6.04e-06
  HOMO = -0.407590594666877  LUMO = 0.142662174838646
Extra cycle  E= -414.575679011705  delta_E= -7.53e-11  |g|= 1.47e-06  |ddm|= 3.58e-06
converged SCF energy = -414.575679011705
Difference in energy:  2.8742735935338715e-07
E(MP2) = -416.411394250389  E_corr = -1.83571523868324
Total energy =  -582.1419146845454
time elapsed:  14.61559796333313
