

******** <class 'pyscf.scf.hf.RHF'> ********
method = RHF
initial guess = minao
damping factor = 0
level_shift factor = 0
DIIS = <class 'pyscf.scf.diis.CDIIS'>
diis_start_cycle = 1
diis_space = 8
SCF conv_tol = 1e-09
SCF conv_tol_grad = 1e-05
SCF max_cycles = 1000
direct_scf = True
direct_scf_tol = 1e-13
chkfile to save SCF result = scf.fchk
max_memory 900000 MB (current use 79 MB)
init E= -582.152796084336
  HOMO = -0.268643530059691  LUMO = 0.0148760783598124
cycle= 1 E= -580.051354489276  delta_E=  2.1  |g|= 0.964  |ddm|= 5.16
  HOMO = -0.331351280639707  LUMO = 0.0973914941141227
cycle= 2 E= -580.218679494738  delta_E= -0.167  |g|= 0.661  |ddm|= 1.22
  HOMO = -0.402891258538106  LUMO = 0.132541250555644
cycle= 3 E= -580.299518379746  delta_E= -0.0808  |g|= 0.139  |ddm|= 0.606
  HOMO = -0.396546509309338  LUMO = 0.145359165852861
cycle= 4 E= -580.304934129527  delta_E= -0.00542  |g|= 0.0449  |ddm|= 0.142
  HOMO = -0.403837449510101  LUMO = 0.143878041202562
cycle= 5 E= -580.305405527988  delta_E= -0.000471  |g|= 0.0107  |ddm|= 0.053
  HOMO = -0.404854839483662  LUMO = 0.143818344756168
cycle= 6 E= -580.305460995426  delta_E= -5.55e-05  |g|= 0.0042  |ddm|= 0.0192
  HOMO = -0.405111454662717  LUMO = 0.144369306412493
cycle= 7 E= -580.305475085608  delta_E= -1.41e-05  |g|= 0.00165  |ddm|= 0.0126
  HOMO = -0.405565598473615  LUMO = 0.144282514235888
cycle= 8 E= -580.305476903265  delta_E= -1.82e-06  |g|= 0.000447  |ddm|= 0.00458
  HOMO = -0.40558281280291  LUMO = 0.144310302469454
cycle= 9 E= -580.305477041043  delta_E= -1.38e-07  |g|= 8.74e-05  |ddm|= 0.00118
  HOMO = -0.405571408509037  LUMO = 0.144311811700685
cycle= 10 E= -580.305477045855  delta_E= -4.81e-09  |g|= 3.03e-05  |ddm|= 0.000175
  HOMO = -0.405577647050129  LUMO = 0.144305044959939
cycle= 11 E= -580.305477046256  delta_E= -4.01e-10  |g|= 9.27e-06  |ddm|= 4.59e-05
  HOMO = -0.405575120651829  LUMO = 0.144307013266589
Extra cycle  E= -580.305477046305  delta_E= -4.93e-11  |g|= 4.97e-06  |ddm|= 1.55e-05
converged SCF energy = -580.305477046305
AOs:  [0, 1, 2, 3, 4, 5, 6, 7, 8, 9, 10, 11, 12, 13, 14, 15, 16, 17, 18, 19, 20, 21, 22, 23, 24, 25, 26, 27, 28, 29, 30, 31, 32, 33, 34, 35, 36, 37, 38, 39, 40, 41, 42, 43, 44, 45, 46, 47, 48, 49, 50, 51, 52, 53, 54, 55, 56, 57, 58, 59, 60, 61, 62, 63, 64, 65, 66, 67, 68, 69, 70, 71, 72, 73, 74, 75, 76, 77, 78, 79, 80, 81, 82, 83, 84, 85, 86, 87, 88, 89, 90, 91, 92, 93, 94, 95, 96, 97, 98, 99, 100, 101, 102, 103, 104, 105, 106, 107, 108, 109, 110, 111, 112, 113, 114, 115, 116, 117, 118, 119, 120, 121, 122, 123, 124, 125, 126, 127, 128, 129, 130, 131, 132, 133, 134, 135, 136, 137, 138, 139, 140, 141, 142, 143, 144, 145, 146, 147, 148, 149, 150, 151, 152, 153, 154, 155, 156]
157

 AO indices used for projection:  [0, 1, 3, 4, 5, 14, 19, 24, 25, 27, 28, 29, 38, 39, 41, 42, 43, 52, 53, 55, 56, 57, 66, 67, 69, 70, 71, 80, 85, 86, 88, 89, 90, 99, 104, 109, 114, 115, 117, 118, 119, 128, 133, 138, 139, 141, 142, 143, 152]
 # of orbitals to keep:  33
Number of Active MOs:  33
Number of Environment MOs:  20
Number of Virtual MOs:  249
 # electrons:            α            β
         Env:  20.00000000  20.00000000
         Act:  33.00000000  33.00000000
         Vir:  -0.00000000  -0.00000000
Number of electrons in the active space:  66

 The density matrix is idempotent!

 The density matrix is idempotent!


******** <class 'pyscf.scf.hf.RHF'> ********
method = RHF
initial guess = minao
damping factor = 0
level_shift factor = 0
DIIS = <class 'pyscf.scf.diis.CDIIS'>
diis_start_cycle = 1
diis_space = 8
SCF conv_tol = 1e-09
SCF conv_tol_grad = 1e-05
SCF max_cycles = 200
direct_scf = True
direct_scf_tol = 1e-13
chkfile to save SCF result = subsys_scf.chk
max_memory 900000 MB (current use 8559 MB)
init E= 19.1589975766907
  HOMO = -0.410040016342946  LUMO = 0.144305984371651
cycle= 1 E= 19.1589974701093  delta_E= -1.07e-07  |g|= 2.83e-06  |ddm|= 8.07e-06
  HOMO = -0.410039375887829  LUMO = 0.144306390199001
cycle= 2 E= 19.1589974701265  delta_E= 1.72e-11  |g|= 1.87e-06  |ddm|= 5.29e-06
  HOMO = -0.410039681764076  LUMO = 0.14430620204796
Extra cycle  E= 19.1589974699826  delta_E= -1.44e-10  |g|= 1.24e-06  |ddm|= 3.47e-06
converged SCF energy = 19.1589974699826
Difference in energy:  1.5416493511111183e-07
E(MP2) = 17.9117940145674  E_corr = -1.24720345541519
Total energy =  -581.5526805019659
time elapsed:  43.99711227416992
