

******** <class 'pyscf.scf.hf.RHF'> ********
method = RHF
initial guess = minao
damping factor = 0
level_shift factor = 0
DIIS = <class 'pyscf.scf.diis.CDIIS'>
diis_start_cycle = 1
diis_space = 8
SCF conv_tol = 1e-09
SCF conv_tol_grad = 1e-05
SCF max_cycles = 1000
direct_scf = True
direct_scf_tol = 1e-13
chkfile to save SCF result = scf.fchk
max_memory 900000 MB (current use 79 MB)
init E= -582.148227897021
  HOMO = -0.268614363139048  LUMO = 0.0149296813395382
cycle= 1 E= -580.049062631814  delta_E=  2.1  |g|= 0.967  |ddm|= 5.16
  HOMO = -0.327267320724618  LUMO = 0.0997657009841832
cycle= 2 E= -580.216283062181  delta_E= -0.167  |g|= 0.667  |ddm|= 1.23
  HOMO = -0.401295210164269  LUMO = 0.133994546614191
cycle= 3 E= -580.298619247701  delta_E= -0.0823  |g|= 0.14  |ddm|= 0.615
  HOMO = -0.395227656401667  LUMO = 0.14654025593937
cycle= 4 E= -580.304056528744  delta_E= -0.00544  |g|= 0.0447  |ddm|= 0.142
  HOMO = -0.40242065789989  LUMO = 0.145197068956213
cycle= 5 E= -580.304526347019  delta_E= -0.00047  |g|= 0.0107  |ddm|= 0.0532
  HOMO = -0.403452503392053  LUMO = 0.145131554023486
cycle= 6 E= -580.304582641825  delta_E= -5.63e-05  |g|= 0.00424  |ddm|= 0.0195
  HOMO = -0.403731794894558  LUMO = 0.145678670145622
cycle= 7 E= -580.304597080475  delta_E= -1.44e-05  |g|= 0.00165  |ddm|= 0.0128
  HOMO = -0.404192838268181  LUMO = 0.145591396780884
cycle= 8 E= -580.304598906825  delta_E= -1.83e-06  |g|= 0.000448  |ddm|= 0.00461
  HOMO = -0.404210231958978  LUMO = 0.145619380946353
cycle= 9 E= -580.304599044338  delta_E= -1.38e-07  |g|= 8.79e-05  |ddm|= 0.00118
  HOMO = -0.404198481182932  LUMO = 0.145620777894589
cycle= 10 E= -580.304599049186  delta_E= -4.85e-09  |g|= 3.05e-05  |ddm|= 0.000176
  HOMO = -0.404204841274075  LUMO = 0.145613999543384
cycle= 11 E= -580.30459904959  delta_E= -4.04e-10  |g|= 9.35e-06  |ddm|= 4.62e-05
  HOMO = -0.404202270664598  LUMO = 0.145615961783922
Extra cycle  E= -580.304599049641  delta_E= -5.09e-11  |g|= 5.02e-06  |ddm|= 1.57e-05
converged SCF energy = -580.304599049641
AOs:  [0, 1, 2, 3, 4, 5, 6, 7, 8, 9, 10, 11, 12, 13, 14, 15, 16, 17, 18, 19, 20, 21, 22, 23, 24, 25, 26, 27, 28, 29, 30, 31, 32, 33, 34, 35, 36, 37, 38, 39, 40, 41, 42, 43, 44, 45, 46, 47, 48, 49, 50, 51, 52, 53, 54, 55, 56, 57, 58, 59, 60, 61, 62, 63, 64, 65, 66, 67, 68, 69, 70, 71, 72, 73, 74, 75, 76, 77, 78, 79, 80, 81, 82, 83, 84, 85, 86, 87, 88, 89, 90, 91, 92, 93, 94, 95, 96, 97, 98, 99, 100, 101, 102, 103, 104, 105, 106, 107, 108, 109, 110, 111, 112, 113, 114, 115, 116, 117, 118, 119, 120, 121, 122, 123, 124, 125, 126, 127, 128, 129, 130, 131, 132, 133, 134, 135, 136, 137, 138, 139, 140, 141, 142, 143, 144, 145, 146, 147, 148, 149, 150, 151, 152, 153, 154, 155, 156]
157

 AO indices used for projection:  [0, 1, 3, 4, 5, 14, 19, 24, 25, 27, 28, 29, 38, 39, 41, 42, 43, 52, 53, 55, 56, 57, 66, 67, 69, 70, 71, 80, 85, 86, 88, 89, 90, 99, 104, 109, 114, 115, 117, 118, 119, 128, 133, 138, 139, 141, 142, 143, 152]
 # of orbitals to keep:  49
Number of Active MOs:  49
Number of Environment MOs:  4
Number of Virtual MOs:  249
 # electrons:            α            β
         Env:   4.00000000   4.00000000
         Act:  49.00000000  49.00000000
         Vir:  -0.00000000  -0.00000000
Number of electrons in the active space:  98

 The density matrix is idempotent!

 The density matrix is idempotent!


******** <class 'pyscf.scf.hf.RHF'> ********
method = RHF
initial guess = minao
damping factor = 0
level_shift factor = 0
DIIS = <class 'pyscf.scf.diis.CDIIS'>
diis_start_cycle = 1
diis_space = 8
SCF conv_tol = 1e-09
SCF conv_tol_grad = 1e-05
SCF max_cycles = 200
direct_scf = True
direct_scf_tol = 1e-13
chkfile to save SCF result = subsys_scf.chk
max_memory 900000 MB (current use 8560 MB)
init E= -414.641112537702
  HOMO = -0.404521831332937  LUMO = 0.145614942012555
cycle= 1 E= -414.641138554547  delta_E= -2.6e-05  |g|= 4.74e-06  |ddm|= 9.69e-06
  HOMO = -0.4045212009883  LUMO = 0.145615364176244
cycle= 2 E= -414.641138555115  delta_E= -5.68e-10  |g|= 2.88e-06  |ddm|= 6.25e-06
  HOMO = -0.404521488178707  LUMO = 0.145615179914377
Extra cycle  E= -414.641138555194  delta_E= -7.89e-11  |g|= 1.53e-06  |ddm|= 3.73e-06
converged SCF energy = -414.641138555194
Difference in energy:  -1.299808013754955e-07
E(MP2) = -416.477922871191  E_corr = -1.83678431599729
Total energy =  -582.1413833654312
time elapsed:  44.17154002189636
