

******** <class 'pyscf.scf.hf.RHF'> ********
method = RHF
initial guess = minao
damping factor = 0
level_shift factor = 0
DIIS = <class 'pyscf.scf.diis.CDIIS'>
diis_start_cycle = 1
diis_space = 8
SCF conv_tol = 1e-09
SCF conv_tol_grad = 1e-05
SCF max_cycles = 1000
direct_scf = True
direct_scf_tol = 1e-13
chkfile to save SCF result = scf.fchk
max_memory 900000 MB (current use 79 MB)
init E= -582.145551290852
  HOMO = -0.268599048269089  LUMO = 0.014963466788898
cycle= 1 E= -580.046982475086  delta_E=  2.1  |g|= 0.97  |ddm|= 5.16
  HOMO = -0.324045531099139  LUMO = 0.101597106544507
cycle= 2 E= -580.214240399847  delta_E= -0.167  |g|= 0.672  |ddm|= 1.24
  HOMO = -0.39996080134068  LUMO = 0.135189255948894
cycle= 3 E= -580.297755521969  delta_E= -0.0835  |g|= 0.139  |ddm|= 0.622
  HOMO = -0.394127171749199  LUMO = 0.147504807164257
cycle= 4 E= -580.30320766867  delta_E= -0.00545  |g|= 0.0445  |ddm|= 0.142
  HOMO = -0.401245343165811  LUMO = 0.146268973668091
cycle= 5 E= -580.303677151324  delta_E= -0.000469  |g|= 0.0108  |ddm|= 0.0534
  HOMO = -0.402290945686322  LUMO = 0.146197521892931
cycle= 6 E= -580.303734152409  delta_E= -5.7e-05  |g|= 0.00428  |ddm|= 0.0197
  HOMO = -0.4025895800953  LUMO = 0.146740384994902
cycle= 7 E= -580.303748879228  delta_E= -1.47e-05  |g|= 0.00165  |ddm|= 0.013
  HOMO = -0.403055847655056  LUMO = 0.14665336170002
cycle= 8 E= -580.303750714299  delta_E= -1.84e-06  |g|= 0.000449  |ddm|= 0.00464
  HOMO = -0.403073489172463  LUMO = 0.146681352373201
cycle= 9 E= -580.303750851492  delta_E= -1.37e-07  |g|= 8.83e-05  |ddm|= 0.00117
  HOMO = -0.403061417997267  LUMO = 0.146682690534427
cycle= 10 E= -580.303750856369  delta_E= -4.88e-09  |g|= 3.06e-05  |ddm|= 0.000177
  HOMO = -0.403067887139733  LUMO = 0.14667589630444
cycle= 11 E= -580.303750856774  delta_E= -4.05e-10  |g|= 9.41e-06  |ddm|= 4.65e-05
  HOMO = -0.403065283727203  LUMO = 0.146677849132628
Extra cycle  E= -580.303750856829  delta_E= -5.48e-11  |g|= 5.07e-06  |ddm|= 1.59e-05
converged SCF energy = -580.303750856829
AOs:  [0, 1, 2, 3, 4, 5, 6, 7, 8, 9, 10, 11, 12, 13, 14, 15, 16, 17, 18, 19, 20, 21, 22, 23, 24, 25, 26, 27, 28, 29, 30, 31, 32, 33, 34, 35, 36, 37, 38, 39, 40, 41, 42, 43, 44, 45, 46, 47, 48, 49, 50, 51, 52, 53, 54, 55, 56, 57, 58, 59, 60, 61, 62, 63, 64, 65, 66, 67, 68, 69, 70, 71, 72, 73, 74, 75, 76, 77, 78, 79, 80, 81, 82, 83, 84, 85, 86, 87, 88, 89, 90, 91, 92, 93, 94, 95, 96, 97, 98, 99, 100, 101, 102, 103, 104, 105, 106, 107, 108, 109, 110, 111, 112, 113, 114, 115, 116, 117, 118, 119, 120, 121, 122, 123, 124, 125, 126, 127, 128, 129, 130, 131, 132, 133, 134, 135, 136, 137, 138, 139, 140, 141, 142, 143, 144, 145, 146, 147, 148, 149, 150, 151, 152, 153, 154, 155, 156]
157

 AO indices used for projection:  [0, 1, 3, 4, 5, 14, 19, 24, 25, 27, 28, 29, 38, 39, 41, 42, 43, 52, 53, 55, 56, 57, 66, 67, 69, 70, 71, 80, 85, 86, 88, 89, 90, 99, 104, 109, 114, 115, 117, 118, 119, 128, 133, 138, 139, 141, 142, 143, 152]
 # of orbitals to keep:  49
Number of Active MOs:  49
Number of Environment MOs:  4
Number of Virtual MOs:  249
 # electrons:            α            β
         Env:   4.00000000   4.00000000
         Act:  49.00000000  49.00000000
         Vir:  -0.00000000  -0.00000000
Number of electrons in the active space:  98

 The density matrix is idempotent!

 The density matrix is idempotent!


******** <class 'pyscf.scf.hf.RHF'> ********
method = RHF
initial guess = minao
damping factor = 0
level_shift factor = 0
DIIS = <class 'pyscf.scf.diis.CDIIS'>
diis_start_cycle = 1
diis_space = 8
SCF conv_tol = 1e-09
SCF conv_tol_grad = 1e-05
SCF max_cycles = 200
direct_scf = True
direct_scf_tol = 1e-13
chkfile to save SCF result = subsys_scf.chk
max_memory 900000 MB (current use 8560 MB)
init E= -414.673867874242
  HOMO = -0.403377720005798  LUMO = 0.1466768380606
cycle= 1 E= -414.673893520728  delta_E= -2.56e-05  |g|= 4.74e-06  |ddm|= 9.74e-06
  HOMO = -0.403377089496672  LUMO = 0.146677252738338
cycle= 2 E= -414.673893521549  delta_E= -8.21e-10  |g|= 2.87e-06  |ddm|= 6.29e-06
  HOMO = -0.403377377027051  LUMO = 0.146677071063557
Extra cycle  E= -414.673893521988  delta_E= -4.4e-10  |g|= 1.53e-06  |ddm|= 3.77e-06
converged SCF energy = -414.673893521988
Difference in energy:  7.143950301724544e-07
E(MP2) = -416.511134068947  E_corr = -1.83724054695897
Total energy =  -582.1409914049262
time elapsed:  46.02176523208618
