

******** <class 'pyscf.scf.hf.RHF'> ********
method = RHF
initial guess = minao
damping factor = 0
level_shift factor = 0
DIIS = <class 'pyscf.scf.diis.CDIIS'>
diis_start_cycle = 1
diis_space = 8
SCF conv_tol = 1e-09
SCF conv_tol_grad = 1e-05
SCF max_cycles = 1000
direct_scf = True
direct_scf_tol = 1e-13
chkfile to save SCF result = scf.fchk
max_memory 900000 MB (current use 79 MB)
init E= -582.142773559818
  HOMO = -0.268584904310521  LUMO = 0.0150056656949261
cycle= 1 E= -580.04366771202  delta_E=  2.1  |g|= 0.974  |ddm|= 5.16
  HOMO = -0.319339611497522  LUMO = 0.104235947733054
cycle= 2 E= -580.211149334194  delta_E= -0.167  |g|= 0.679  |ddm|= 1.26
  HOMO = -0.397878748674179  LUMO = 0.137024958508952
cycle= 3 E= -580.296348625988  delta_E= -0.0852  |g|= 0.139  |ddm|= 0.632
  HOMO = -0.392418427606078  LUMO = 0.14897484310236
cycle= 4 E= -580.301818066817  delta_E= -0.00547  |g|= 0.0445  |ddm|= 0.143
  HOMO = -0.399427732282725  LUMO = 0.147895124759626
cycle= 5 E= -580.30228826008  delta_E= -0.00047  |g|= 0.0109  |ddm|= 0.0537
  HOMO = -0.400496424115732  LUMO = 0.147813427567467
cycle= 6 E= -580.302346369147  delta_E= -5.81e-05  |g|= 0.00433  |ddm|= 0.02
  HOMO = -0.400825367251363  LUMO = 0.148348231681455
cycle= 7 E= -580.302361536087  delta_E= -1.52e-05  |g|= 0.00166  |ddm|= 0.0134
  HOMO = -0.401298797630666  LUMO = 0.148262584008298
cycle= 8 E= -580.302363386772  delta_E= -1.85e-06  |g|= 0.00045  |ddm|= 0.00469
  HOMO = -0.401316930617476  LUMO = 0.148290397679637
cycle= 9 E= -580.302363523366  delta_E= -1.37e-07  |g|= 8.89e-05  |ddm|= 0.00117
  HOMO = -0.401304332716087  LUMO = 0.14829168671282
cycle= 10 E= -580.302363528287  delta_E= -4.92e-09  |g|= 3.09e-05  |ddm|= 0.000179
  HOMO = -0.401310975715837  LUMO = 0.148284867450863
cycle= 11 E= -580.302363528703  delta_E= -4.16e-10  |g|= 9.5e-06  |ddm|= 4.69e-05
  HOMO = -0.401308327919328  LUMO = 0.148286799652906
Extra cycle  E= -580.302363528754  delta_E= -5.07e-11  |g|= 5.12e-06  |ddm|= 1.61e-05
converged SCF energy = -580.302363528754
AOs:  [0, 1, 2, 3, 4, 5, 6, 7, 8, 9, 10, 11, 12, 13, 14, 15, 16, 17, 18, 19, 20, 21, 22, 23, 24, 25, 26, 27, 28, 29, 30, 31, 32, 33, 34, 35, 36, 37, 38, 39, 40, 41, 42, 43, 44, 45, 46, 47, 48, 49, 50, 51, 52, 53, 54, 55, 56, 57, 58, 59, 60, 61, 62, 63, 64, 65, 66, 67, 68, 69, 70, 71, 72, 73, 74, 75, 76, 77, 78, 79, 80, 81, 82, 83, 84, 85, 86, 87, 88, 89, 90, 91, 92, 93, 94, 95, 96, 97, 98, 99, 100, 101, 102, 103, 104, 105, 106, 107, 108, 109, 110, 111, 112, 113, 114, 115, 116, 117, 118, 119, 120, 121, 122, 123, 124, 125, 126, 127, 128, 129, 130, 131, 132, 133, 134, 135, 136, 137, 138, 139, 140, 141, 142, 143, 144, 145, 146, 147, 148, 149, 150, 151, 152, 153, 154, 155, 156]
157

 AO indices used for projection:  [0, 1, 3, 4, 5, 14, 19, 24, 25, 27, 28, 29, 38, 39, 41, 42, 43, 52, 53, 55, 56, 57, 66, 67, 69, 70, 71, 80, 85, 86, 88, 89, 90, 99, 104, 109, 114, 115, 117, 118, 119, 128, 133, 138, 139, 141, 142, 143, 152]
 # of orbitals to keep:  33
Number of Active MOs:  33
Number of Environment MOs:  20
Number of Virtual MOs:  249
 # electrons:            α            β
         Env:  20.00000000  20.00000000
         Act:  33.00000000  33.00000000
         Vir:   0.00000000   0.00000000
Number of electrons in the active space:  66

 The density matrix is idempotent!

 The density matrix is idempotent!


******** <class 'pyscf.scf.hf.RHF'> ********
method = RHF
initial guess = minao
damping factor = 0
level_shift factor = 0
DIIS = <class 'pyscf.scf.diis.CDIIS'>
diis_start_cycle = 1
diis_space = 8
SCF conv_tol = 1e-09
SCF conv_tol_grad = 1e-05
SCF max_cycles = 200
direct_scf = True
direct_scf_tol = 1e-13
chkfile to save SCF result = subsys_scf.chk
max_memory 900000 MB (current use 8559 MB)
init E= 17.2117561663365
  HOMO = -0.405418124519765  LUMO = 0.148285803755029
cycle= 1 E= 17.2117560602602  delta_E= -1.06e-07  |g|= 2.95e-06  |ddm|= 8.4e-06
  HOMO = -0.405417479514398  LUMO = 0.148286186702182
cycle= 2 E= 17.2117560601242  delta_E= -1.36e-10  |g|= 1.96e-06  |ddm|= 5.53e-06
  HOMO = -0.405417786765593  LUMO = 0.148286008501575
Extra cycle  E= 17.2117560599825  delta_E= -1.42e-10  |g|= 1.3e-06  |ddm|= 3.64e-06
converged SCF energy = 17.2117560599825
Difference in energy:  3.566981376934564e-07
E(MP2) = 15.9649405333277  E_corr = -1.24681552665479
Total energy =  -581.5491790559769
time elapsed:  32.25037693977356
