

******** <class 'pyscf.scf.hf.RHF'> ********
method = RHF
initial guess = minao
damping factor = 0
level_shift factor = 0
DIIS = <class 'pyscf.scf.diis.CDIIS'>
diis_start_cycle = 1
diis_space = 8
SCF conv_tol = 1e-09
SCF conv_tol_grad = 1e-05
SCF max_cycles = 1000
direct_scf = True
direct_scf_tol = 1e-13
chkfile to save SCF result = scf.fchk
max_memory 900000 MB (current use 79 MB)
init E= -582.14197991573
  HOMO = -0.268580902143341  LUMO = 0.0150206013914268
cycle= 1 E= -580.042396900385  delta_E=  2.1  |g|= 0.976  |ddm|= 5.16
  HOMO = -0.317586700987859  LUMO = 0.105219281444483
cycle= 2 E= -580.209995674992  delta_E= -0.168  |g|= 0.681  |ddm|= 1.27
  HOMO = -0.397069332799154  LUMO = 0.137732046284611
cycle= 3 E= -580.295807032502  delta_E= -0.0858  |g|= 0.139  |ddm|= 0.635
  HOMO = -0.39175545969181  LUMO = 0.149539433436393
cycle= 4 E= -580.30128179185  delta_E= -0.00547  |g|= 0.0444  |ddm|= 0.143
  HOMO = -0.398723666040795  LUMO = 0.148517773521579
cycle= 5 E= -580.301752563913  delta_E= -0.000471  |g|= 0.0109  |ddm|= 0.0538
  HOMO = -0.39980123137752  LUMO = 0.148432250114084
cycle= 6 E= -580.301811102957  delta_E= -5.85e-05  |g|= 0.00435  |ddm|= 0.0201
  HOMO = -0.400141647829385  LUMO = 0.148963748921579
cycle= 7 E= -580.301826438243  delta_E= -1.53e-05  |g|= 0.00166  |ddm|= 0.0135
  HOMO = -0.40061764055352  LUMO = 0.148878838815256
cycle= 8 E= -580.301828295757  delta_E= -1.86e-06  |g|= 0.000451  |ddm|= 0.00471
  HOMO = -0.40063597346745  LUMO = 0.148906561757308
cycle= 9 E= -580.301828432137  delta_E= -1.36e-07  |g|= 8.92e-05  |ddm|= 0.00117
  HOMO = -0.400623174154115  LUMO = 0.148907837232923
cycle= 10 E= -580.301828437078  delta_E= -4.94e-09  |g|= 3.1e-05  |ddm|= 0.000179
  HOMO = -0.400629880547321  LUMO = 0.148901013088325
cycle= 11 E= -580.301828437492  delta_E= -4.14e-10  |g|= 9.53e-06  |ddm|= 4.7e-05
  HOMO = -0.400627216827278  LUMO = 0.148902936365931
Extra cycle  E= -580.301828437547  delta_E= -5.53e-11  |g|= 5.14e-06  |ddm|= 1.62e-05
converged SCF energy = -580.301828437547
AOs:  [0, 1, 2, 3, 4, 5, 6, 7, 8, 9, 10, 11, 12, 13, 14, 15, 16, 17, 18, 19, 20, 21, 22, 23, 24, 25, 26, 27, 28, 29, 30, 31, 32, 33, 34, 35, 36, 37, 38, 39, 40, 41, 42, 43, 44, 45, 46, 47, 48, 49, 50, 51, 52, 53, 54, 55, 56, 57, 58, 59, 60, 61, 62, 63, 64, 65, 66, 67, 68, 69, 70, 71, 72, 73, 74, 75, 76, 77, 78, 79, 80, 81, 82, 83, 84, 85, 86, 87, 88, 89, 90, 91, 92, 93, 94, 95, 96, 97, 98, 99, 100, 101, 102, 103, 104, 105, 106, 107, 108, 109, 110, 111, 112, 113, 114, 115, 116, 117, 118, 119, 120, 121, 122, 123, 124, 125, 126, 127, 128, 129, 130, 131, 132, 133, 134, 135, 136, 137, 138, 139, 140, 141, 142, 143, 144, 145, 146, 147, 148, 149, 150, 151, 152, 153, 154, 155, 156]
157

 AO indices used for projection:  [0, 1, 3, 4, 5, 14, 19, 24, 25, 27, 28, 29, 38, 39, 41, 42, 43, 52, 53, 55, 56, 57, 66, 67, 69, 70, 71, 80, 85, 86, 88, 89, 90, 99, 104, 109, 114, 115, 117, 118, 119, 128, 133, 138, 139, 141, 142, 143, 152]
 # of orbitals to keep:  33
Number of Active MOs:  33
Number of Environment MOs:  20
Number of Virtual MOs:  249
 # electrons:            α            β
         Env:  20.00000000  20.00000000
         Act:  33.00000000  33.00000000
         Vir:  -0.00000000  -0.00000000
Number of electrons in the active space:  66

 The density matrix is idempotent!

 The density matrix is idempotent!


******** <class 'pyscf.scf.hf.RHF'> ********
method = RHF
initial guess = minao
damping factor = 0
level_shift factor = 0
DIIS = <class 'pyscf.scf.diis.CDIIS'>
diis_start_cycle = 1
diis_space = 8
SCF conv_tol = 1e-09
SCF conv_tol_grad = 1e-05
SCF max_cycles = 200
direct_scf = True
direct_scf_tol = 1e-13
chkfile to save SCF result = subsys_scf.chk
max_memory 900000 MB (current use 8559 MB)
init E= 16.7558845345017
  HOMO = -0.404685987181792  LUMO = 0.148901946994538
cycle= 1 E= 16.7558844281991  delta_E= -1.06e-07  |g|= 2.96e-06  |ddm|= 8.43e-06
  HOMO = -0.404685343088819  LUMO = 0.148902325935989
cycle= 2 E= 16.7558844280854  delta_E= -1.14e-10  |g|= 1.96e-06  |ddm|= 5.56e-06
  HOMO = -0.404685649355621  LUMO = 0.148902149196135
Extra cycle  E= 16.7558844282637  delta_E= 1.78e-10  |g|= 1.31e-06  |ddm|= 3.66e-06
converged SCF energy = 16.7558844282637
Difference in energy:  -1.5644780319234996e-07
E(MP2) = 15.5091078873332  E_corr = -1.24677654093055
Total energy =  -581.5486049782281
time elapsed:  42.30828380584717
