

******** <class 'pyscf.scf.hf.RHF'> ********
method = RHF
initial guess = minao
damping factor = 0
level_shift factor = 0
DIIS = <class 'pyscf.scf.diis.CDIIS'>
diis_start_cycle = 1
diis_space = 8
SCF conv_tol = 1e-09
SCF conv_tol_grad = 1e-05
SCF max_cycles = 1000
direct_scf = True
direct_scf_tol = 1e-13
chkfile to save SCF result = scf.fchk
max_memory 900000 MB (current use 79 MB)
init E= -582.14197991573
  HOMO = -0.268580902143346  LUMO = 0.0150206013914151
cycle= 1 E= -580.042396900384  delta_E=  2.1  |g|= 0.976  |ddm|= 5.16
  HOMO = -0.317586700987874  LUMO = 0.105219281444485
cycle= 2 E= -580.209995674993  delta_E= -0.168  |g|= 0.681  |ddm|= 1.27
  HOMO = -0.397069332799158  LUMO = 0.137732046284605
cycle= 3 E= -580.2958070325  delta_E= -0.0858  |g|= 0.139  |ddm|= 0.635
  HOMO = -0.391755459691799  LUMO = 0.149539433436413
cycle= 4 E= -580.30128179185  delta_E= -0.00547  |g|= 0.0444  |ddm|= 0.143
  HOMO = -0.398723666040796  LUMO = 0.148517773521594
cycle= 5 E= -580.301752563915  delta_E= -0.000471  |g|= 0.0109  |ddm|= 0.0538
  HOMO = -0.399801231377521  LUMO = 0.148432250114082
cycle= 6 E= -580.301811102957  delta_E= -5.85e-05  |g|= 0.00435  |ddm|= 0.0201
  HOMO = -0.400141647829377  LUMO = 0.148963748921621
cycle= 7 E= -580.301826438244  delta_E= -1.53e-05  |g|= 0.00166  |ddm|= 0.0135
  HOMO = -0.400617640553537  LUMO = 0.148878838815243
cycle= 8 E= -580.301828295757  delta_E= -1.86e-06  |g|= 0.000451  |ddm|= 0.00471
  HOMO = -0.400635973467448  LUMO = 0.148906561757296
cycle= 9 E= -580.301828432136  delta_E= -1.36e-07  |g|= 8.92e-05  |ddm|= 0.00117
  HOMO = -0.400623174154097  LUMO = 0.148907837232944
cycle= 10 E= -580.301828437077  delta_E= -4.94e-09  |g|= 3.1e-05  |ddm|= 0.000179
  HOMO = -0.40062988054732  LUMO = 0.148901013088346
cycle= 11 E= -580.301828437494  delta_E= -4.17e-10  |g|= 9.53e-06  |ddm|= 4.7e-05
  HOMO = -0.400627216827271  LUMO = 0.148902936365924
Extra cycle  E= -580.301828437547  delta_E= -5.32e-11  |g|= 5.14e-06  |ddm|= 1.62e-05
converged SCF energy = -580.301828437547
AOs:  [0, 1, 2, 3, 4, 5, 6, 7, 8, 9, 10, 11, 12, 13, 14, 15, 16, 17, 18, 19, 20, 21, 22, 23, 24, 25, 26, 27, 28, 29, 30, 31, 32, 33, 34, 35, 36, 37, 38, 39, 40, 41, 42, 43, 44, 45, 46, 47, 48, 49, 50, 51, 52, 53, 54, 55, 56, 57, 58, 59, 60, 61, 62, 63, 64, 65, 66, 67, 68, 69, 70, 71, 72, 73, 74, 75, 76, 77, 78, 79, 80, 81, 82, 83, 84, 85, 86, 87, 88, 89, 90, 91, 92, 93, 94, 95, 96, 97, 98, 99, 100, 101, 102, 103, 104, 105, 106, 107, 108, 109, 110, 111, 112, 113, 114, 115, 116, 117, 118, 119, 120, 121, 122, 123, 124, 125, 126, 127, 128, 129, 130, 131, 132, 133, 134, 135, 136, 137, 138, 139, 140, 141, 142, 143, 144, 145, 146, 147, 148, 149, 150, 151, 152, 153, 154, 155, 156]
157

 AO indices used for projection:  [0, 1, 3, 4, 5, 14, 19, 24, 25, 27, 28, 29, 38, 39, 41, 42, 43, 52, 53, 55, 56, 57, 66, 67, 69, 70, 71, 80, 85, 86, 88, 89, 90, 99, 104, 109, 114, 115, 117, 118, 119, 128, 133, 138, 139, 141, 142, 143, 152]
 # of orbitals to keep:  49
Number of Active MOs:  49
Number of Environment MOs:  4
Number of Virtual MOs:  249
 # electrons:            α            β
         Env:   4.00000000   4.00000000
         Act:  49.00000000  49.00000000
         Vir:  -0.00000000  -0.00000000
Number of electrons in the active space:  98

 The density matrix is idempotent!

 The density matrix is idempotent!


******** <class 'pyscf.scf.hf.RHF'> ********
method = RHF
initial guess = minao
damping factor = 0
level_shift factor = 0
DIIS = <class 'pyscf.scf.diis.CDIIS'>
diis_start_cycle = 1
diis_space = 8
SCF conv_tol = 1e-09
SCF conv_tol_grad = 1e-05
SCF max_cycles = 200
direct_scf = True
direct_scf_tol = 1e-13
chkfile to save SCF result = subsys_scf.chk
max_memory 900000 MB (current use 8560 MB)
init E= -414.768700233205
  HOMO = -0.400942402780526  LUMO = 0.148901946897434
cycle= 1 E= -414.768725069489  delta_E= -2.48e-05  |g|= 4.6e-06  |ddm|= 9.81e-06
  HOMO = -0.400941781385856  LUMO = 0.148902339784974
cycle= 2 E= -414.768725069408  delta_E= 8.09e-11  |g|= 2.73e-06  |ddm|= 6.3e-06
  HOMO = -0.400942066085166  LUMO = 0.148902164144311
Extra cycle  E= -414.768725069011  delta_E= 3.97e-10  |g|= 1.5e-06  |ddm|= 3.82e-06
converged SCF energy = -414.768725069011
Difference in energy:  -3.366517023550841e-07
E(MP2) = -416.606645632984  E_corr = -1.83792056397264
Total energy =  -582.1397490009832
time elapsed:  45.80094027519226
