

******** <class 'pyscf.scf.hf.RHF'> ********
method = RHF
initial guess = minao
damping factor = 0
level_shift factor = 0
DIIS = <class 'pyscf.scf.diis.CDIIS'>
diis_start_cycle = 1
diis_space = 8
SCF conv_tol = 1e-09
SCF conv_tol_grad = 1e-05
SCF max_cycles = 1000
direct_scf = True
direct_scf_tol = 1e-13
chkfile to save SCF result = scf.fchk
max_memory 900000 MB (current use 79 MB)
init E= -582.140972423215
  HOMO = -0.268573636884333  LUMO = 0.015044061205942
cycle= 1 E= -580.040496474727  delta_E=  2.1  |g|= 0.978  |ddm|= 5.16
  HOMO = -0.314934443354109  LUMO = 0.106728477009848
cycle= 2 E= -580.208272337793  delta_E= -0.168  |g|= 0.685  |ddm|= 1.28
  HOMO = -0.395827686758286  LUMO = 0.138814545232724
cycle= 3 E= -580.294996238814  delta_E= -0.0867  |g|= 0.139  |ddm|= 0.64
  HOMO = -0.390726149662264  LUMO = 0.150413730650539
cycle= 4 E= -580.300479540314  delta_E= -0.00548  |g|= 0.0444  |ddm|= 0.143
  HOMO = -0.397635999769456  LUMO = 0.149477056806015
cycle= 5 E= -580.300951600459  delta_E= -0.000472  |g|= 0.011  |ddm|= 0.0539
  HOMO = -0.398726071073115  LUMO = 0.149386589045868
cycle= 6 E= -580.301010799282  delta_E= -5.92e-05  |g|= 0.00439  |ddm|= 0.0203
  HOMO = -0.399083048161006  LUMO = 0.149913362301427
cycle= 7 E= -580.301026391573  delta_E= -1.56e-05  |g|= 0.00167  |ddm|= 0.0137
  HOMO = -0.399563193513561  LUMO = 0.149829472836188
cycle= 8 E= -580.301028261435  delta_E= -1.87e-06  |g|= 0.000452  |ddm|= 0.00474
  HOMO = -0.39958175722249  LUMO = 0.149857149137317
cycle= 9 E= -580.301028397639  delta_E= -1.36e-07  |g|= 8.96e-05  |ddm|= 0.00116
  HOMO = -0.399568681043253  LUMO = 0.149858390706154
cycle= 10 E= -580.301028402611  delta_E= -4.97e-09  |g|= 3.11e-05  |ddm|= 0.00018
  HOMO = -0.399575466682905  LUMO = 0.149851574862176
cycle= 11 E= -580.301028403032  delta_E= -4.21e-10  |g|= 9.57e-06  |ddm|= 4.73e-05
  HOMO = -0.399572777269263  LUMO = 0.149853485781788
Extra cycle  E= -580.301028403084  delta_E= -5.21e-11  |g|= 5.16e-06  |ddm|= 1.63e-05
converged SCF energy = -580.301028403084
AOs:  [0, 1, 2, 3, 4, 5, 6, 7, 8, 9, 10, 11, 12, 13, 14, 15, 16, 17, 18, 19, 20, 21, 22, 23, 24, 25, 26, 27, 28, 29, 30, 31, 32, 33, 34, 35, 36, 37, 38, 39, 40, 41, 42, 43, 44, 45, 46, 47, 48, 49, 50, 51, 52, 53, 54, 55, 56, 57, 58, 59, 60, 61, 62, 63, 64, 65, 66, 67, 68, 69, 70, 71, 72, 73, 74, 75, 76, 77, 78, 79, 80, 81, 82, 83, 84, 85, 86, 87, 88, 89, 90, 91, 92, 93, 94, 95, 96, 97, 98, 99, 100, 101, 102, 103, 104, 105, 106, 107, 108, 109, 110, 111, 112, 113, 114, 115, 116, 117, 118, 119, 120, 121, 122, 123, 124, 125, 126, 127, 128, 129, 130, 131, 132, 133, 134, 135, 136, 137, 138, 139, 140, 141, 142, 143, 144, 145, 146, 147, 148, 149, 150, 151, 152, 153, 154, 155, 156]
157

 AO indices used for projection:  [0, 1, 3, 4, 5, 14, 19, 24, 25, 27, 28, 29, 38, 39, 41, 42, 43, 52, 53, 55, 56, 57, 66, 67, 69, 70, 71, 80, 85, 86, 88, 89, 90, 99, 104, 109, 114, 115, 117, 118, 119, 128, 133, 138, 139, 141, 142, 143, 152]
 # of orbitals to keep:  33
Number of Active MOs:  33
Number of Environment MOs:  20
Number of Virtual MOs:  249
 # electrons:            α            β
         Env:  20.00000000  20.00000000
         Act:  33.00000000  33.00000000
         Vir:   0.00000000   0.00000000
Number of electrons in the active space:  66

 The density matrix is idempotent!

 The density matrix is idempotent!


******** <class 'pyscf.scf.hf.RHF'> ********
method = RHF
initial guess = minao
damping factor = 0
level_shift factor = 0
DIIS = <class 'pyscf.scf.diis.CDIIS'>
diis_start_cycle = 1
diis_space = 8
SCF conv_tol = 1e-09
SCF conv_tol_grad = 1e-05
SCF max_cycles = 200
direct_scf = True
direct_scf_tol = 1e-13
chkfile to save SCF result = subsys_scf.chk
max_memory 900000 MB (current use 8559 MB)
init E= 15.8803867357095
  HOMO = -0.403556822210546  LUMO = 0.14985250601643
cycle= 1 E= 15.8803866295735  delta_E= -1.06e-07  |g|= 2.98e-06  |ddm|= 8.5e-06
  HOMO = -0.403556178866351  LUMO = 0.149852879010247
cycle= 2 E= 15.8803866297508  delta_E= 1.77e-10  |g|= 1.98e-06  |ddm|= 5.61e-06
  HOMO = -0.403556484212231  LUMO = 0.149852704711112
Extra cycle  E= 15.8803866295751  delta_E= -1.76e-10  |g|= 1.32e-06  |ddm|= 3.69e-06
converged SCF energy = 15.8803866295751
Difference in energy:  -1.5637646356481127e-07
E(MP2) = 14.6336309279197  E_corr = -1.24675570165544
Total energy =  -581.54778410449
time elapsed:  43.75946378707886
