

******** <class 'pyscf.scf.hf.RHF'> ********
method = RHF
initial guess = minao
damping factor = 0
level_shift factor = 0
DIIS = <class 'pyscf.scf.diis.CDIIS'>
diis_start_cycle = 1
diis_space = 8
SCF conv_tol = 1e-09
SCF conv_tol_grad = 1e-05
SCF max_cycles = 1000
direct_scf = True
direct_scf_tol = 1e-13
chkfile to save SCF result = scf.fchk
max_memory 900000 MB (current use 79 MB)
init E= -582.140682932981
  HOMO = -0.26856898853474  LUMO = 0.015054145690327
cycle= 1 E= -580.039810273952  delta_E=  2.1  |g|= 0.979  |ddm|= 5.17
  HOMO = -0.313940856779877  LUMO = 0.107307426886723
cycle= 2 E= -580.207644456657  delta_E= -0.168  |g|= 0.686  |ddm|= 1.28
  HOMO = -0.395360296716372  LUMO = 0.139223071354624
cycle= 3 E= -580.294704019117  delta_E= -0.0871  |g|= 0.139  |ddm|= 0.642
  HOMO = -0.3903291541434  LUMO = 0.150751126596307
cycle= 4 E= -580.300191253912  delta_E= -0.00549  |g|= 0.0444  |ddm|= 0.143
  HOMO = -0.397220494537099  LUMO = 0.14984418372
cycle= 5 E= -580.300663972019  delta_E= -0.000473  |g|= 0.011  |ddm|= 0.054
  HOMO = -0.398314759724377  LUMO = 0.149752267562081
cycle= 6 E= -580.300723418947  delta_E= -5.94e-05  |g|= 0.0044  |ddm|= 0.0204
  HOMO = -0.398677448674956  LUMO = 0.15027749540133
cycle= 7 E= -580.300739107614  delta_E= -1.57e-05  |g|= 0.00167  |ddm|= 0.0137
  HOMO = -0.399159388167274  LUMO = 0.15019385090125
cycle= 8 E= -580.3007409831  delta_E= -1.88e-06  |g|= 0.000452  |ddm|= 0.00475
  HOMO = -0.399177977859892  LUMO = 0.15022158187231
cycle= 9 E= -580.300741119324  delta_E= -1.36e-07  |g|= 8.98e-05  |ddm|= 0.00116
  HOMO = -0.399164817442361  LUMO = 0.150222800635299
cycle= 10 E= -580.300741124308  delta_E= -4.98e-09  |g|= 3.12e-05  |ddm|= 0.000181
  HOMO = -0.399171623379391  LUMO = 0.150215995655364
cycle= 11 E= -580.300741124726  delta_E= -4.18e-10  |g|= 9.59e-06  |ddm|= 4.74e-05
  HOMO = -0.399168923206773  LUMO = 0.150217902903058
Extra cycle  E= -580.300741124783  delta_E= -5.75e-11  |g|= 5.17e-06  |ddm|= 1.64e-05
converged SCF energy = -580.300741124783
AOs:  [0, 1, 2, 3, 4, 5, 6, 7, 8, 9, 10, 11, 12, 13, 14, 15, 16, 17, 18, 19, 20, 21, 22, 23, 24, 25, 26, 27, 28, 29, 30, 31, 32, 33, 34, 35, 36, 37, 38, 39, 40, 41, 42, 43, 44, 45, 46, 47, 48, 49, 50, 51, 52, 53, 54, 55, 56, 57, 58, 59, 60, 61, 62, 63, 64, 65, 66, 67, 68, 69, 70, 71, 72, 73, 74, 75, 76, 77, 78, 79, 80, 81, 82, 83, 84, 85, 86, 87, 88, 89, 90, 91, 92, 93, 94, 95, 96, 97, 98, 99, 100, 101, 102, 103, 104, 105, 106, 107, 108, 109, 110, 111, 112, 113, 114, 115, 116, 117, 118, 119, 120, 121, 122, 123, 124, 125, 126, 127, 128, 129, 130, 131, 132, 133, 134, 135, 136, 137, 138, 139, 140, 141, 142, 143, 144, 145, 146, 147, 148, 149, 150, 151, 152, 153, 154, 155, 156]
157

 AO indices used for projection:  [0, 1, 3, 4, 5, 14, 19, 24, 25, 27, 28, 29, 38, 39, 41, 42, 43, 52, 53, 55, 56, 57, 66, 67, 69, 70, 71, 80, 85, 86, 88, 89, 90, 99, 104, 109, 114, 115, 117, 118, 119, 128, 133, 138, 139, 141, 142, 143, 152]
 # of orbitals to keep:  33
Number of Active MOs:  33
Number of Environment MOs:  20
Number of Virtual MOs:  249
 # electrons:            α            β
         Env:  20.00000000  20.00000000
         Act:  33.00000000  33.00000000
         Vir:   0.00000000   0.00000000
Number of electrons in the active space:  66

 The density matrix is idempotent!

 The density matrix is idempotent!


******** <class 'pyscf.scf.hf.RHF'> ********
method = RHF
initial guess = minao
damping factor = 0
level_shift factor = 0
DIIS = <class 'pyscf.scf.diis.CDIIS'>
diis_start_cycle = 1
diis_space = 8
SCF conv_tol = 1e-09
SCF conv_tol_grad = 1e-05
SCF max_cycles = 200
direct_scf = True
direct_scf_tol = 1e-13
chkfile to save SCF result = subsys_scf.chk
max_memory 900000 MB (current use 8559 MB)
init E= 15.460381974159
  HOMO = -0.403126071872645  LUMO = 0.150216926086976
cycle= 1 E= 15.4603818674881  delta_E= -1.07e-07  |g|= 2.98e-06  |ddm|= 8.51e-06
  HOMO = -0.403125428303904  LUMO = 0.150217297191536
cycle= 2 E= 15.4603818678663  delta_E= 3.78e-10  |g|= 1.98e-06  |ddm|= 5.62e-06
  HOMO = -0.403125733399796  LUMO = 0.150217124048014
Extra cycle  E= 15.4603818677045  delta_E= -1.62e-10  |g|= 1.32e-06  |ddm|= 3.7e-06
converged SCF energy = 15.4603818677045
Difference in energy:  1.1457144182713818e-07
E(MP2) = 14.2136160381309  E_corr = -1.24676582957361
Total energy =  -581.5475069545396
time elapsed:  13.761067628860474
