

******** <class 'pyscf.dft.rks.RKS'> ********
method = RKS-RHF
initial guess = minao
damping factor = 0
level_shift factor = 0
DIIS = <class 'pyscf.scf.diis.CDIIS'>
diis_start_cycle = 1
diis_space = 8
SCF conv_tol = 1e-09
SCF conv_tol_grad = 1e-05
SCF max_cycles = 1000
direct_scf = True
direct_scf_tol = 1e-13
chkfile to save SCF result = scf.fchk
max_memory 900000 MB (current use 79 MB)
XC library pyscf.dft.libxc version 5.1.7
    S. Lehtola, C. Steigemann, M. J. Oliveira, and M. A. Marques, SoftwareX 7, 1 (2018)
XC functionals = pbe
    J. P. Perdew, K. Burke, and M. Ernzerhof, Phys. Rev. Lett. 77, 3865 (1996)
    J. P. Perdew, K. Burke, and M. Ernzerhof, Phys. Rev. Lett. 78, 1396 (1997)
    J. P. Perdew, K. Burke, and M. Ernzerhof, Phys. Rev. Lett. 77, 3865 (1996)
    J. P. Perdew, K. Burke, and M. Ernzerhof, Phys. Rev. Lett. 78, 1396 (1997)
small_rho_cutoff = 1e-07
init E= -776.059004044612
  HOMO = -0.2572363088261  LUMO = -0.18448865845953
cycle= 1 E= -774.142138992353  delta_E= 1.92  |g|= 1.16  |ddm|= 6.28
  HOMO = -0.0372769940343811  LUMO = 0.0133172269755864
cycle= 2 E= -771.160602969995  delta_E= 2.98  |g|= 2.86  |ddm|= 3.89
  HOMO = -0.12104620981696  LUMO = -0.077594974969569
cycle= 3 E= -773.534625716742  delta_E= -2.37  |g|= 1.54  |ddm|= 3.44
  HOMO = -0.164850892610097  LUMO = -0.0886800776393355
cycle= 4 E= -774.444020237401  delta_E= -0.909  |g|= 0.34  |ddm|= 2.17
  HOMO = -0.174578167748641  LUMO = -0.113096242402595
cycle= 5 E= -774.427113845988  delta_E= 0.0169  |g|= 0.374  |ddm|= 0.918
  HOMO = -0.179791127626028  LUMO = -0.110023010222778
cycle= 6 E= -774.473742603413  delta_E= -0.0466  |g|= 0.149  |ddm|= 0.622
  HOMO = -0.178289191393672  LUMO = -0.107821046076319
cycle= 7 E= -774.479785343283  delta_E= -0.00604  |g|= 0.046  |ddm|= 0.194
  HOMO = -0.178157288175805  LUMO = -0.106639371432258
cycle= 8 E= -774.480114461371  delta_E= -0.000329  |g|= 0.0296  |ddm|= 0.0773
  HOMO = -0.178056247424541  LUMO = -0.106825373809638
cycle= 9 E= -774.480377289051  delta_E= -0.000263  |g|= 0.00903  |ddm|= 0.0386
  HOMO = -0.17825298161514  LUMO = -0.106951280070584
cycle= 10 E= -774.480388300469  delta_E= -1.1e-05  |g|= 0.00619  |ddm|= 0.015
  HOMO = -0.17829261272708  LUMO = -0.106907176855246
cycle= 11 E= -774.480396949755  delta_E= -8.65e-06  |g|= 0.00287  |ddm|= 0.00926
  HOMO = -0.178244966911501  LUMO = -0.106863290155462
cycle= 12 E= -774.480399217088  delta_E= -2.27e-06  |g|= 0.00055  |ddm|= 0.00337
  HOMO = -0.17824137910777  LUMO = -0.106869422253241
cycle= 13 E= -774.480399315732  delta_E= -9.86e-08  |g|= 0.000222  |ddm|= 0.000799
  HOMO = -0.178234944543624  LUMO = -0.106867411611431
cycle= 14 E= -774.480399330123  delta_E= -1.44e-08  |g|= 8.17e-05  |ddm|= 0.000307
  HOMO = -0.178235452824927  LUMO = -0.106870363417635
cycle= 15 E= -774.480399319791  delta_E= 1.03e-08  |g|= 0.000198  |ddm|= 0.000311
  HOMO = -0.178236905890603  LUMO = -0.106871346848965
cycle= 16 E= -774.480399331589  delta_E= -1.18e-08  |g|= 3.9e-05  |ddm|= 0.00024
  HOMO = -0.178236454940265  LUMO = -0.106870019215115
cycle= 17 E= -774.48039933185  delta_E= -2.61e-10  |g|= 1.93e-05  |ddm|= 4.81e-05
  HOMO = -0.178236430475572  LUMO = -0.106870033511172
cycle= 18 E= -774.48039933195  delta_E= -1e-10  |g|= 6.92e-06  |ddm|= 2.61e-05
  HOMO = -0.178236874583776  LUMO = -0.106869805029398
Extra cycle  E= -774.480399331813  delta_E= 1.38e-10  |g|= 2.13e-05  |ddm|= 3.7e-05
converged SCF energy = -774.480399331813
AOs:  [0, 1, 2, 3, 4, 5, 6, 7, 8, 9, 10, 11, 12, 13, 14, 15, 16, 17, 18, 19, 20, 21, 22, 23, 24, 25, 26, 27, 28, 29, 30, 31, 32, 33, 34, 35, 36, 37, 38, 39, 40, 41, 42, 43, 44, 45, 46, 47, 48, 49, 50, 51, 52, 53, 54, 55, 56, 57, 58, 59, 60, 61, 62, 63]
64

 AO indices used for projection:  [0, 1, 3, 4, 5, 14, 16, 17, 19, 20, 21, 30, 32, 33, 35, 36, 37, 46, 48, 49, 51, 52, 53, 62]
 # of orbitals to keep:  16
Number of Active MOs:  16
Number of Environment MOs:  54
Number of Virtual MOs:  244
 # electrons:            α            β
         Env:  54.00000000  54.00000000
         Act:  16.00000000  16.00000000
         Vir:  -0.00000000  -0.00000000
Number of electrons in the active space:  32

 The density matrix is idempotent!

 The density matrix is idempotent!


******** <class 'pyscf.scf.hf.RHF'> ********
method = RHF
initial guess = minao
damping factor = 0
level_shift factor = 0
DIIS = <class 'pyscf.scf.diis.CDIIS'>
diis_start_cycle = 1
diis_space = 8
SCF conv_tol = 1e-09
SCF conv_tol_grad = 1e-05
SCF max_cycles = 200
direct_scf = True
direct_scf_tol = 1e-13
chkfile to save SCF result = subsys_scf.chk
max_memory 900000 MB (current use 10405 MB)
init E= 1003.7213017609
  HOMO = -0.24632229612042  LUMO = 0.0458182321431039
cycle= 1 E= 1003.67748220164  delta_E= -0.0438  |g|= 0.0711  |ddm|= 0.812
  HOMO = -0.25193764940018  LUMO = 0.0449355087553471
cycle= 2 E= 1003.67431949385  delta_E= -0.00316  |g|= 0.0232  |ddm|= 0.149
  HOMO = -0.252612180156714  LUMO = 0.0463361850131752
cycle= 3 E= 1003.67368877563  delta_E= -0.000631  |g|= 0.00693  |ddm|= 0.0696
  HOMO = -0.253277713662031  LUMO = 0.0464993445324469
cycle= 4 E= 1003.67363792592  delta_E= -5.08e-05  |g|= 0.00267  |ddm|= 0.0179
  HOMO = -0.25384114887424  LUMO = 0.0466161709898528
cycle= 5 E= 1003.67363103536  delta_E= -6.89e-06  |g|= 0.000747  |ddm|= 0.00726
  HOMO = -0.253835710155724  LUMO = 0.0466371812842202
cycle= 6 E= 1003.6736306632  delta_E= -3.72e-07  |g|= 0.000206  |ddm|= 0.00175
  HOMO = -0.253874300798746  LUMO = 0.0466323328347497
cycle= 7 E= 1003.67363064685  delta_E= -1.63e-08  |g|= 5.47e-05  |ddm|= 0.000337
  HOMO = -0.253879265292671  LUMO = 0.0466288616404198
cycle= 8 E= 1003.67363064486  delta_E= -1.99e-09  |g|= 2.04e-05  |ddm|= 0.000121
  HOMO = -0.253880525002131  LUMO = 0.0466270525635909
cycle= 9 E= 1003.67363064448  delta_E= -3.79e-10  |g|= 8.28e-06  |ddm|= 5.54e-05
  HOMO = -0.253880736795855  LUMO = 0.0466265484158365
Extra cycle  E= 1003.67363064437  delta_E= -1.11e-10  |g|= 3.79e-06  |ddm|= 1.52e-05
converged SCF energy = 1003.67363064437
Difference in energy:  -632.2382587488297
E(MP2) = 1003.1050272731  E_corr = -0.568603371270447
Total energy =  -774.0414677494587
time elapsed:  28.0409677028656
