

******** <class 'pyscf.dft.rks.RKS'> ********
method = RKS-RHF
initial guess = minao
damping factor = 0
level_shift factor = 0
DIIS = <class 'pyscf.scf.diis.CDIIS'>
diis_start_cycle = 1
diis_space = 8
SCF conv_tol = 1e-09
SCF conv_tol_grad = 1e-05
SCF max_cycles = 1000
direct_scf = True
direct_scf_tol = 1e-13
chkfile to save SCF result = scf.fchk
max_memory 900000 MB (current use 79 MB)
XC library pyscf.dft.libxc version 5.1.7
    S. Lehtola, C. Steigemann, M. J. Oliveira, and M. A. Marques, SoftwareX 7, 1 (2018)
XC functionals = pbe
    J. P. Perdew, K. Burke, and M. Ernzerhof, Phys. Rev. Lett. 77, 3865 (1996)
    J. P. Perdew, K. Burke, and M. Ernzerhof, Phys. Rev. Lett. 78, 1396 (1997)
    J. P. Perdew, K. Burke, and M. Ernzerhof, Phys. Rev. Lett. 77, 3865 (1996)
    J. P. Perdew, K. Burke, and M. Ernzerhof, Phys. Rev. Lett. 78, 1396 (1997)
small_rho_cutoff = 1e-07
init E= -776.047400433579
  HOMO = -0.234859336727103  LUMO = -0.206495768855036
cycle= 1 E= -774.011988296888  delta_E= 2.04  |g|= 1.19  |ddm|= 6.28
  HOMO = -0.00309134445358255  LUMO = 0.00126083246918362
cycle= 2 E= -764.19957147811  delta_E= 9.81  |g|= 4.02  |ddm|= 5.79
  HOMO = -0.0998187386548748  LUMO = -0.0659286016612133
cycle= 3 E= -773.741178553  delta_E= -9.54  |g|= 1.33  |ddm|= 5.42
  HOMO = -0.108059083471529  LUMO = -0.0787419836123239
cycle= 4 E= -772.709312533144  delta_E= 1.03  |g|= 1.86  |ddm|= 3.37
  HOMO = -0.137488067933884  LUMO = -0.0974472249760365
cycle= 5 E= -774.103864543938  delta_E= -1.39  |g|= 0.733  |ddm|= 2.64
  HOMO = -0.160779316856229  LUMO = -0.127100580003057
cycle= 6 E= -774.274354066194  delta_E= -0.17  |g|= 0.555  |ddm|= 2.17
  HOMO = -0.150706402678584  LUMO = -0.135260092194801
cycle= 7 E= -774.383189337553  delta_E= -0.109  |g|= 0.224  |ddm|= 1.38
  HOMO = -0.147779023143682  LUMO = -0.131622838611492
cycle= 8 E= -774.398664507603  delta_E= -0.0155  |g|= 0.151  |ddm|= 0.66
  HOMO = -0.150404455324435  LUMO = -0.135472771562865
cycle= 9 E= -774.405098001927  delta_E= -0.00643  |g|= 0.0786  |ddm|= 0.344
  HOMO = -0.150138346894666  LUMO = -0.135072350007855
cycle= 10 E= -774.406946566502  delta_E= -0.00185  |g|= 0.0313  |ddm|= 0.123
  HOMO = -0.150037917312227  LUMO = -0.13498870850034
cycle= 11 E= -774.407027876942  delta_E= -8.13e-05  |g|= 0.0216  |ddm|= 0.0496
  HOMO = -0.149957960459492  LUMO = -0.134850432187893
cycle= 12 E= -774.407188163149  delta_E= -0.00016  |g|= 0.0102  |ddm|= 0.0224
  HOMO = -0.150019556709206  LUMO = -0.134897669174662
cycle= 13 E= -774.407220215208  delta_E= -3.21e-05  |g|= 0.00602  |ddm|= 0.009
  HOMO = -0.150029956869848  LUMO = -0.134879168583087
cycle= 14 E= -774.407237809138  delta_E= -1.76e-05  |g|= 0.0013  |ddm|= 0.0124
  HOMO = -0.150009215846814  LUMO = -0.134858265865559
cycle= 15 E= -774.407238058192  delta_E= -2.49e-07  |g|= 0.000824  |ddm|= 0.00217
  HOMO = -0.150012252835602  LUMO = -0.134863442956127
cycle= 16 E= -774.407238210618  delta_E= -1.52e-07  |g|= 0.000287  |ddm|= 0.00143
  HOMO = -0.150004569987198  LUMO = -0.134854369428104
cycle= 17 E= -774.407238235388  delta_E= -2.48e-08  |g|= 0.00022  |ddm|= 0.000628
  HOMO = -0.150010933163572  LUMO = -0.134860278930741
cycle= 18 E= -774.407238249836  delta_E= -1.44e-08  |g|= 6.46e-05  |ddm|= 0.000329
  HOMO = -0.150011605549936  LUMO = -0.134861072684583
cycle= 19 E= -774.407238250422  delta_E= -5.86e-10  |g|= 3.97e-05  |ddm|= 9.18e-05
  HOMO = -0.150011837606889  LUMO = -0.134861271775441
cycle= 20 E= -774.407238250045  delta_E= 3.77e-10  |g|= 4.82e-05  |ddm|= 8.39e-05
  HOMO = -0.15001138439478  LUMO = -0.134860931441371
cycle= 21 E= -774.407238250913  delta_E= -8.68e-10  |g|= 8.1e-06  |ddm|= 6.66e-05
  HOMO = -0.150010813789223  LUMO = -0.134860840715364
Extra cycle  E= -774.407238247783  delta_E= 3.13e-09  |g|= 7.92e-05  |ddm|= 0.000175
converged SCF energy = -774.407238247783
AOs:  [0, 1, 2, 3, 4, 5, 6, 7, 8, 9, 10, 11, 12, 13, 14, 15, 16, 17, 18, 19, 20, 21, 22, 23, 24, 25, 26, 27, 28, 29, 30, 31, 32, 33, 34, 35, 36, 37, 38, 39, 40, 41, 42, 43, 44, 45, 46, 47, 48, 49, 50, 51, 52, 53, 54, 55, 56, 57, 58, 59, 60, 61, 62, 63]
64

 AO indices used for projection:  [0, 1, 3, 4, 5, 14, 16, 17, 19, 20, 21, 30, 32, 33, 35, 36, 37, 46, 48, 49, 51, 52, 53, 62]
 # of orbitals to keep:  15
Number of Active MOs:  15
Number of Environment MOs:  55
Number of Virtual MOs:  244
 # electrons:            α            β
         Env:  55.00000000  55.00000000
         Act:  15.00000000  15.00000000
         Vir:   0.00000000   0.00000000
Number of electrons in the active space:  30

 The density matrix is idempotent!

 The density matrix is idempotent!


******** <class 'pyscf.scf.hf.RHF'> ********
method = RHF
initial guess = minao
damping factor = 0
level_shift factor = 0
DIIS = <class 'pyscf.scf.diis.CDIIS'>
diis_start_cycle = 1
diis_space = 8
SCF conv_tol = 1e-09
SCF conv_tol_grad = 1e-05
SCF max_cycles = 200
direct_scf = True
direct_scf_tol = 1e-13
chkfile to save SCF result = subsys_scf.chk
max_memory 900000 MB (current use 10410 MB)
init E= 1005.62294709878
  HOMO = -0.30941030198626  LUMO = 0.0271050029282293
cycle= 1 E= 1005.58255440006  delta_E= -0.0404  |g|= 0.0743  |ddm|= 0.687
  HOMO = -0.311387400696169  LUMO = 0.0216870339273103
cycle= 2 E= 1005.5795677914  delta_E= -0.00299  |g|= 0.0257  |ddm|= 0.157
  HOMO = -0.311903939648366  LUMO = 0.0208026384337585
cycle= 3 E= 1005.57893393382  delta_E= -0.000634  |g|= 0.0158  |ddm|= 0.0655
  HOMO = -0.31110934036845  LUMO = 0.0203739283663695
cycle= 4 E= 1005.57879534237  delta_E= -0.000139  |g|= 0.00476  |ddm|= 0.0305
  HOMO = -0.311713513612978  LUMO = 0.019870912763371
cycle= 5 E= 1005.57875665686  delta_E= -3.87e-05  |g|= 0.00135  |ddm|= 0.0209
  HOMO = -0.311632283234338  LUMO = 0.0197993458496517
cycle= 6 E= 1005.57875474043  delta_E= -1.92e-06  |g|= 0.00043  |ddm|= 0.00479
  HOMO = -0.311669640837432  LUMO = 0.0197839631224606
cycle= 7 E= 1005.57875462783  delta_E= -1.13e-07  |g|= 0.000106  |ddm|= 0.000983
  HOMO = -0.311687654982198  LUMO = 0.0197793031625241
cycle= 8 E= 1005.57875461362  delta_E= -1.42e-08  |g|= 3.92e-05  |ddm|= 0.000383
  HOMO = -0.31168495876492  LUMO = 0.0197799634577307
cycle= 9 E= 1005.57875461202  delta_E= -1.59e-09  |g|= 1.23e-05  |ddm|= 0.000121
  HOMO = -0.311687845735381  LUMO = 0.0197805133313721
cycle= 10 E= 1005.57875461157  delta_E= -4.53e-10  |g|= 4.55e-06  |ddm|= 3.95e-05
  HOMO = -0.31168732564826  LUMO = 0.0197806028794733
Extra cycle  E= 1005.57875461172  delta_E= 1.46e-10  |g|= 1.95e-06  |ddm|= 8.02e-06
converged SCF energy = 1005.57875461172
Difference in energy:  -567.0232483574657
E(MP2) = 1005.08664726169  E_corr = -0.49210735002282
Total energy =  -773.9957372913924
time elapsed:  31.645359754562378
