

******** <class 'pyscf.dft.rks.RKS'> ********
method = RKS-RHF
initial guess = minao
damping factor = 0
level_shift factor = 0
DIIS = <class 'pyscf.scf.diis.CDIIS'>
diis_start_cycle = 1
diis_space = 8
SCF conv_tol = 1e-09
SCF conv_tol_grad = 1e-05
SCF max_cycles = 1000
direct_scf = True
direct_scf_tol = 1e-13
chkfile to save SCF result = scf.fchk
max_memory 900000 MB (current use 79 MB)
XC library pyscf.dft.libxc version 5.1.7
    S. Lehtola, C. Steigemann, M. J. Oliveira, and M. A. Marques, SoftwareX 7, 1 (2018)
XC functionals = pbe
    J. P. Perdew, K. Burke, and M. Ernzerhof, Phys. Rev. Lett. 77, 3865 (1996)
    J. P. Perdew, K. Burke, and M. Ernzerhof, Phys. Rev. Lett. 78, 1396 (1997)
    J. P. Perdew, K. Burke, and M. Ernzerhof, Phys. Rev. Lett. 77, 3865 (1996)
    J. P. Perdew, K. Burke, and M. Ernzerhof, Phys. Rev. Lett. 78, 1396 (1997)
small_rho_cutoff = 1e-07
init E= -776.058247216755
  HOMO = -0.256940731398551  LUMO = -0.184885842631518
cycle= 1 E= -774.141177493202  delta_E= 1.92  |g|= 1.16  |ddm|= 6.28
  HOMO = -0.0379121519331344  LUMO = 0.0134048892479227
cycle= 2 E= -771.155583258362  delta_E= 2.99  |g|= 2.86  |ddm|=  3.9
  HOMO = -0.121173305441047  LUMO = -0.0770713222969338
cycle= 3 E= -773.541828800491  delta_E= -2.39  |g|= 1.54  |ddm|= 3.44
  HOMO = -0.164464490054845  LUMO = -0.0892563576184784
cycle= 4 E= -774.443380217557  delta_E= -0.902  |g|= 0.339  |ddm|= 2.17
  HOMO = -0.174643192945106  LUMO = -0.113163042813824
cycle= 5 E= -774.42512834595  delta_E= 0.0183  |g|= 0.377  |ddm|= 0.921
  HOMO = -0.179492297161683  LUMO = -0.110367624133348
cycle= 6 E= -774.472638348588  delta_E= -0.0475  |g|= 0.15  |ddm|= 0.631
  HOMO = -0.178018687086894  LUMO = -0.108239205907063
cycle= 7 E= -774.478793876863  delta_E= -0.00616  |g|= 0.0465  |ddm|= 0.197
  HOMO = -0.177861479138151  LUMO = -0.107058580522629
cycle= 8 E= -774.479137746091  delta_E= -0.000344  |g|= 0.0296  |ddm|= 0.0782
  HOMO = -0.177763248235133  LUMO = -0.107258880885917
cycle= 9 E= -774.479400795139  delta_E= -0.000263  |g|= 0.00912  |ddm|= 0.0388
  HOMO = -0.177957494945953  LUMO = -0.107382173162273
cycle= 10 E= -774.479411841504  delta_E= -1.1e-05  |g|= 0.00633  |ddm|= 0.0153
  HOMO = -0.178000148132281  LUMO = -0.107342588431923
cycle= 11 E= -774.479420930111  delta_E= -9.09e-06  |g|= 0.00292  |ddm|= 0.00949
  HOMO = -0.177951716387588  LUMO = -0.107297870733371
cycle= 12 E= -774.479423272918  delta_E= -2.34e-06  |g|= 0.000569  |ddm|= 0.00342
  HOMO = -0.177948060852947  LUMO = -0.107303096544979
cycle= 13 E= -774.479423376742  delta_E= -1.04e-07  |g|= 0.000232  |ddm|= 0.000815
  HOMO = -0.177941385118437  LUMO = -0.10730098970192
cycle= 14 E= -774.479423392653  delta_E= -1.59e-08  |g|= 8.38e-05  |ddm|= 0.000321
  HOMO = -0.177942154106481  LUMO = -0.10730398158641
cycle= 15 E= -774.479423381448  delta_E= 1.12e-08  |g|= 0.000205  |ddm|= 0.000323
  HOMO = -0.177943578854953  LUMO = -0.107305002137313
cycle= 16 E= -774.47942339418  delta_E= -1.27e-08  |g|= 4.1e-05  |ddm|= 0.00025
  HOMO = -0.177943022082931  LUMO = -0.107303652772211
cycle= 17 E= -774.479423394454  delta_E= -2.73e-10  |g|= 2.09e-05  |ddm|= 5.01e-05
  HOMO = -0.177942995178363  LUMO = -0.107303667123287
cycle= 18 E= -774.479423394569  delta_E= -1.16e-10  |g|= 7.64e-06  |ddm|= 2.83e-05
  HOMO = -0.177943480053898  LUMO = -0.107303431953513
Extra cycle  E= -774.479423394402  delta_E= 1.67e-10  |g|= 2.33e-05  |ddm|= 4.09e-05
converged SCF energy = -774.479423394402
AOs:  [0, 1, 2, 3, 4, 5, 6, 7, 8, 9, 10, 11, 12, 13, 14, 15, 16, 17, 18, 19, 20, 21, 22, 23, 24, 25, 26, 27, 28, 29, 30, 31, 32, 33, 34, 35, 36, 37, 38, 39, 40, 41, 42, 43, 44, 45, 46, 47, 48, 49, 50, 51, 52, 53, 54, 55, 56, 57, 58, 59, 60, 61, 62, 63]
64

 AO indices used for projection:  [0, 1, 3, 4, 5, 14, 16, 17, 19, 20, 21, 30, 32, 33, 35, 36, 37, 46, 48, 49, 51, 52, 53, 62]
 # of orbitals to keep:  16
Number of Active MOs:  16
Number of Environment MOs:  54
Number of Virtual MOs:  244
 # electrons:            α            β
         Env:  54.00000000  54.00000000
         Act:  16.00000000  16.00000000
         Vir:   0.00000000   0.00000000
Number of electrons in the active space:  32

 The density matrix is idempotent!

 The density matrix is idempotent!


******** <class 'pyscf.scf.hf.RHF'> ********
method = RHF
initial guess = minao
damping factor = 0
level_shift factor = 0
DIIS = <class 'pyscf.scf.diis.CDIIS'>
diis_start_cycle = 1
diis_space = 8
SCF conv_tol = 1e-09
SCF conv_tol_grad = 1e-05
SCF max_cycles = 200
direct_scf = True
direct_scf_tol = 1e-13
chkfile to save SCF result = subsys_scf.chk
max_memory 900000 MB (current use 10585 MB)
init E= 1003.54170345
  HOMO = -0.245242770038321  LUMO = 0.0453672349591499
cycle= 1 E= 1003.49785942258  delta_E= -0.0438  |g|= 0.0711  |ddm|= 0.804
  HOMO = -0.250894430235393  LUMO = 0.0446203751687996
cycle= 2 E= 1003.49468133072  delta_E= -0.00318  |g|= 0.0233  |ddm|= 0.149
  HOMO = -0.251613388209288  LUMO = 0.0461189122744214
cycle= 3 E= 1003.49404210178  delta_E= -0.000639  |g|= 0.00701  |ddm|= 0.0703
  HOMO = -0.252281703188742  LUMO = 0.0463025421320939
cycle= 4 E= 1003.49398966663  delta_E= -5.24e-05  |g|= 0.00271  |ddm|= 0.0184
  HOMO = -0.252861798869556  LUMO = 0.046427479026465
cycle= 5 E= 1003.49398252862  delta_E= -7.14e-06  |g|= 0.000761  |ddm|= 0.00748
  HOMO = -0.252856393244306  LUMO = 0.0464514615196602
cycle= 6 E= 1003.49398214104  delta_E= -3.88e-07  |g|= 0.000211  |ddm|= 0.00182
  HOMO = -0.252895386544296  LUMO = 0.0464467125201241
cycle= 7 E= 1003.49398212373  delta_E= -1.73e-08  |g|= 5.61e-05  |ddm|= 0.000351
  HOMO = -0.252900812802646  LUMO = 0.0464432075164082
cycle= 8 E= 1003.49398212179  delta_E= -1.94e-09  |g|= 2.07e-05  |ddm|= 0.000125
  HOMO = -0.252902001220293  LUMO = 0.0464414545392614
cycle= 9 E= 1003.49398212117  delta_E= -6.17e-10  |g|= 8.56e-06  |ddm|= 5.64e-05
  HOMO = -0.252902260073431  LUMO = 0.0464409425550549
Extra cycle  E= 1003.49398212121  delta_E= 3.73e-11  |g|= 3.91e-06  |ddm|= 1.58e-05
converged SCF energy = 1003.49398212121
Difference in energy:  -632.5278621336864
E(MP2) = 1002.92513416291  E_corr = -0.568847958295882
Total energy =  -774.0402748870898
time elapsed:  30.975390672683716
