

******** <class 'pyscf.dft.rks.RKS'> ********
method = RKS-RHF
initial guess = minao
damping factor = 0
level_shift factor = 0
DIIS = <class 'pyscf.scf.diis.CDIIS'>
diis_start_cycle = 1
diis_space = 8
SCF conv_tol = 1e-09
SCF conv_tol_grad = 1e-05
SCF max_cycles = 1000
direct_scf = True
direct_scf_tol = 1e-13
chkfile to save SCF result = scf.fchk
max_memory 900000 MB (current use 79 MB)
XC library pyscf.dft.libxc version 5.1.7
    S. Lehtola, C. Steigemann, M. J. Oliveira, and M. A. Marques, SoftwareX 7, 1 (2018)
XC functionals = pbe
    J. P. Perdew, K. Burke, and M. Ernzerhof, Phys. Rev. Lett. 77, 3865 (1996)
    J. P. Perdew, K. Burke, and M. Ernzerhof, Phys. Rev. Lett. 78, 1396 (1997)
    J. P. Perdew, K. Burke, and M. Ernzerhof, Phys. Rev. Lett. 77, 3865 (1996)
    J. P. Perdew, K. Burke, and M. Ernzerhof, Phys. Rev. Lett. 78, 1396 (1997)
small_rho_cutoff = 1e-07
init E= -776.047445234222
  HOMO = -0.239507128772365  LUMO = -0.202321434332459
cycle= 1 E= -774.059752115511  delta_E= 1.99  |g|= 1.17  |ddm|= 6.28
  HOMO = -0.0369793941788504  LUMO = -0.0159425376334634
cycle= 2 E= -770.223452231442  delta_E= 3.84  |g|= 3.02  |ddm|=  4.3
  HOMO = -0.120657818360499  LUMO = -0.05757121199541
cycle= 3 E= -773.655103494196  delta_E= -3.43  |g|= 1.39  |ddm|=  3.9
  HOMO = -0.143303300533223  LUMO = -0.11940155226497
cycle= 4 E= -774.326952266566  delta_E= -0.672  |g|= 0.482  |ddm|= 2.39
  HOMO = -0.173254307318686  LUMO = -0.118457497455443
cycle= 5 E= -774.273319617746  delta_E= 0.0536  |g|= 0.621  |ddm|= 1.61
  HOMO = -0.155245660056565  LUMO = -0.125757642215744
cycle= 6 E= -774.391804834104  delta_E= -0.118  |g|= 0.263  |ddm|= 1.38
  HOMO = -0.159987006349195  LUMO = -0.128998313847231
cycle= 7 E= -774.413951927527  delta_E= -0.0221  |g|= 0.146  |ddm|= 0.668
  HOMO = -0.155812512591913  LUMO = -0.126241651552333
cycle= 8 E= -774.421426465868  delta_E= -0.00747  |g|= 0.0548  |ddm|= 0.298
  HOMO = -0.157544150242168  LUMO = -0.128034350662333
cycle= 9 E= -774.42237136833  delta_E= -0.000945  |g|= 0.0211  |ddm|= 0.0909
  HOMO = -0.157810081778247  LUMO = -0.12820631705539
cycle= 10 E= -774.422482352383  delta_E= -0.000111  |g|= 0.00943  |ddm|= 0.0325
  HOMO = -0.157740929350268  LUMO = -0.128148891217547
cycle= 11 E= -774.422500959406  delta_E= -1.86e-05  |g|= 0.00426  |ddm|= 0.0146
  HOMO = -0.157672672756724  LUMO = -0.128067504427644
cycle= 12 E= -774.422506784057  delta_E= -5.82e-06  |g|= 0.00149  |ddm|= 0.00517
  HOMO = -0.157653473749048  LUMO = -0.128041270794516
cycle= 13 E= -774.422507520619  delta_E= -7.37e-07  |g|= 0.000747  |ddm|= 0.00313
  HOMO = -0.157652015929132  LUMO = -0.128041246596893
cycle= 14 E= -774.422507654309  delta_E= -1.34e-07  |g|= 0.000289  |ddm|= 0.000943
  HOMO = -0.157663224413987  LUMO = -0.128052180069419
cycle= 15 E= -774.422507671933  delta_E= -1.76e-08  |g|= 0.000139  |ddm|= 0.000435
  HOMO = -0.157656070434174  LUMO = -0.128046109919592
cycle= 16 E= -774.422507672061  delta_E= -1.28e-10  |g|= 0.000144  |ddm|= 0.000275
  HOMO = -0.157658406282618  LUMO = -0.128047343046815
cycle= 17 E= -774.42250767623  delta_E= -4.17e-09  |g|= 5.23e-05  |ddm|= 0.000218
  HOMO = -0.157657490696506  LUMO = -0.128046970601046
cycle= 18 E= -774.422507677387  delta_E= -1.16e-09  |g|= 1.56e-05  |ddm|= 0.00011
  HOMO = -0.157658170651273  LUMO = -0.128047543236156
cycle= 19 E= -774.422507677431  delta_E= -4.32e-11  |g|= 1.13e-05  |ddm|= 2.58e-05
  HOMO = -0.157658235368292  LUMO = -0.128047634283253
cycle= 20 E= -774.422507677451  delta_E= -2.09e-11  |g|= 6.67e-06  |ddm|= 1.74e-05
  HOMO = -0.157657955313359  LUMO = -0.128047012542327
Extra cycle  E= -774.422507676742  delta_E= 7.09e-10  |g|= 4.06e-05  |ddm|= 8.02e-05
converged SCF energy = -774.422507676742
AOs:  [0, 1, 2, 3, 4, 5, 6, 7, 8, 9, 10, 11, 12, 13, 14, 15, 16, 17, 18, 19, 20, 21, 22, 23, 24, 25, 26, 27, 28, 29, 30, 31, 32, 33, 34, 35, 36, 37, 38, 39, 40, 41, 42, 43, 44, 45, 46, 47, 48, 49, 50, 51, 52, 53, 54, 55, 56, 57, 58, 59, 60, 61, 62, 63]
64

 AO indices used for projection:  [0, 1, 3, 4, 5, 14, 16, 17, 19, 20, 21, 30, 32, 33, 35, 36, 37, 46, 48, 49, 51, 52, 53, 62]
 # of orbitals to keep:  16
Number of Active MOs:  16
Number of Environment MOs:  54
Number of Virtual MOs:  244
 # electrons:            α            β
         Env:  54.00000000  54.00000000
         Act:  16.00000000  16.00000000
         Vir:   0.00000000   0.00000000
Number of electrons in the active space:  32

 The density matrix is idempotent!

 The density matrix is idempotent!


******** <class 'pyscf.scf.hf.RHF'> ********
method = RHF
initial guess = minao
damping factor = 0
level_shift factor = 0
DIIS = <class 'pyscf.scf.diis.CDIIS'>
diis_start_cycle = 1
diis_space = 8
SCF conv_tol = 1e-09
SCF conv_tol_grad = 1e-05
SCF max_cycles = 200
direct_scf = True
direct_scf_tol = 1e-13
chkfile to save SCF result = subsys_scf.chk
max_memory 900000 MB (current use 10640 MB)
init E= 990.274064819981
  HOMO = -0.195895584833827  LUMO = 0.0198376973301993
cycle= 1 E= 990.22840510426  delta_E= -0.0457  |g|= 0.0749  |ddm|= 0.756
  HOMO = -0.200841242939387  LUMO = 0.0234944980644089
cycle= 2 E= 990.224380882634  delta_E= -0.00402  |g|= 0.028  |ddm|= 0.18
  HOMO = -0.204488905613946  LUMO = 0.0281908544767763
cycle= 3 E= 990.223250195874  delta_E= -0.00113  |g|= 0.0156  |ddm|= 0.102
  HOMO = -0.204180694743115  LUMO = 0.0299541459095791
cycle= 4 E= 990.223029167952  delta_E= -0.000221  |g|= 0.00638  |ddm|= 0.0382
  HOMO = -0.206118806077278  LUMO = 0.0308517774748298
cycle= 5 E= 990.222953973167  delta_E= -7.52e-05  |g|= 0.00184  |ddm|= 0.0318
  HOMO = -0.206209754496055  LUMO = 0.0311326512709392
cycle= 6 E= 990.2229503816  delta_E= -3.59e-06  |g|= 0.00066  |ddm|= 0.00637
  HOMO = -0.206249352240374  LUMO = 0.0311234185960649
cycle= 7 E= 990.22295000854  delta_E= -3.73e-07  |g|= 0.000287  |ddm|= 0.00187
  HOMO = -0.206264633428975  LUMO = 0.0310869971441659
cycle= 8 E= 990.222949870733  delta_E= -1.38e-07  |g|= 0.000163  |ddm|= 0.00133
  HOMO = -0.206252623860554  LUMO = 0.0310759885775968
cycle= 9 E= 990.222949825992  delta_E= -4.47e-08  |g|= 6.26e-05  |ddm|= 0.000967
  HOMO = -0.206247939067213  LUMO = 0.0310667546037781
cycle= 10 E= 990.222949820229  delta_E= -5.76e-09  |g|= 2.18e-05  |ddm|= 0.000421
  HOMO = -0.206245175711456  LUMO = 0.0310661661334355
cycle= 11 E= 990.222949819725  delta_E= -5.03e-10  |g|= 9.44e-06  |ddm|= 7.45e-05
  HOMO = -0.206245246558716  LUMO = 0.0310655296510479
Extra cycle  E= 990.222949820012  delta_E= 2.86e-10  |g|= 4.75e-06  |ddm|= 2.3e-05
converged SCF energy = 990.222949820012
Difference in energy:  -649.3859011410865
E(MP2) = 989.644769401288  E_corr = -0.578180418724339
Total energy =  -773.9658266571772
time elapsed:  32.603456020355225
