

******** <class 'pyscf.dft.rks.RKS'> ********
method = RKS-RHF
initial guess = minao
damping factor = 0
level_shift factor = 0
DIIS = <class 'pyscf.scf.diis.CDIIS'>
diis_start_cycle = 1
diis_space = 8
SCF conv_tol = 1e-09
SCF conv_tol_grad = 1e-05
SCF max_cycles = 1000
direct_scf = True
direct_scf_tol = 1e-13
chkfile to save SCF result = scf.fchk
max_memory 900000 MB (current use 79 MB)
XC library pyscf.dft.libxc version 5.1.7
    S. Lehtola, C. Steigemann, M. J. Oliveira, and M. A. Marques, SoftwareX 7, 1 (2018)
XC functionals = pbe
    J. P. Perdew, K. Burke, and M. Ernzerhof, Phys. Rev. Lett. 77, 3865 (1996)
    J. P. Perdew, K. Burke, and M. Ernzerhof, Phys. Rev. Lett. 78, 1396 (1997)
    J. P. Perdew, K. Burke, and M. Ernzerhof, Phys. Rev. Lett. 77, 3865 (1996)
    J. P. Perdew, K. Burke, and M. Ernzerhof, Phys. Rev. Lett. 78, 1396 (1997)
small_rho_cutoff = 1e-07
init E= -776.047643615427
  HOMO = -0.244635040289482  LUMO = -0.197791553439563
cycle= 1 E= -774.089447171223  delta_E= 1.96  |g|= 1.16  |ddm|= 6.27
  HOMO = -0.0447380836374041  LUMO = -0.00658110864689036
cycle= 2 E= -770.861552216187  delta_E= 3.23  |g|= 2.91  |ddm|= 4.06
  HOMO = -0.122663555373748  LUMO = -0.0606627989253267
cycle= 3 E= -773.604696822019  delta_E= -2.74  |g|= 1.47  |ddm|=  3.7
  HOMO = -0.151379647859512  LUMO = -0.108417529787861
cycle= 4 E= -774.386770540118  delta_E= -0.782  |g|= 0.378  |ddm|=  2.2
  HOMO = -0.172527029515029  LUMO = -0.114068879514564
cycle= 5 E= -774.319978003761  delta_E= 0.0668  |g|= 0.528  |ddm|= 1.31
  HOMO = -0.163340392572264  LUMO = -0.12215940850077
cycle= 6 E= -774.417042910725  delta_E= -0.0971  |g|= 0.229  |ddm|= 1.11
  HOMO = -0.165914578595598  LUMO = -0.123217712868626
cycle= 7 E= -774.43334221598  delta_E= -0.0163  |g|= 0.101  |ddm|= 0.469
  HOMO = -0.163354493227843  LUMO = -0.121157616967044
cycle= 8 E= -774.436710182079  delta_E= -0.00337  |g|= 0.0402  |ddm|= 0.197
  HOMO = -0.164009840458419  LUMO = -0.121989954955467
cycle= 9 E= -774.437179983232  delta_E= -0.00047  |g|= 0.0157  |ddm|= 0.0592
  HOMO = -0.164186667212472  LUMO = -0.12207095171461
cycle= 10 E= -774.437232666683  delta_E= -5.27e-05  |g|= 0.0084  |ddm|= 0.0256
  HOMO = -0.164311317939213  LUMO = -0.122195393194783
cycle= 11 E= -774.437248549028  delta_E= -1.59e-05  |g|= 0.00413  |ddm|= 0.0139
  HOMO = -0.164243280186004  LUMO = -0.12212510567091
cycle= 12 E= -774.437252922853  delta_E= -4.37e-06  |g|= 0.00125  |ddm|= 0.00485
  HOMO = -0.164209549958603  LUMO = -0.122092540706304
cycle= 13 E= -774.437253386816  delta_E= -4.64e-07  |g|= 0.000451  |ddm|= 0.00168
  HOMO = -0.164214159528172  LUMO = -0.122093929122513
cycle= 14 E= -774.43725340357  delta_E= -1.68e-08  |g|= 0.000411  |ddm|= 0.00129
  HOMO = -0.164207296004413  LUMO = -0.122089965323163
cycle= 15 E= -774.437253467017  delta_E= -6.34e-08  |g|= 9.85e-05  |ddm|= 0.000647
  HOMO = -0.164213830443278  LUMO = -0.122095462569658
cycle= 16 E= -774.437253465836  delta_E= 1.18e-09  |g|= 0.000123  |ddm|= 0.000198
  HOMO = -0.164210401809557  LUMO = -0.122092847689552
cycle= 17 E= -774.437253468694  delta_E= -2.86e-09  |g|= 4.96e-05  |ddm|= 0.000169
  HOMO = -0.164211188647986  LUMO = -0.12209336884656
cycle= 18 E= -774.437253469296  delta_E= -6.02e-10  |g|= 2.79e-05  |ddm|= 0.0001
  HOMO = -0.164211215958351  LUMO = -0.122093308859576
cycle= 19 E= -774.437253469541  delta_E= -2.46e-10  |g|= 1.15e-05  |ddm|= 4.04e-05
  HOMO = -0.164211227625073  LUMO = -0.122093393536111
cycle= 20 E= -774.437253469572  delta_E= -3.07e-11  |g|= 6.96e-06  |ddm|= 2.04e-05
  HOMO = -0.164210877132757  LUMO = -0.122092935254705
Extra cycle  E= -774.4372534694  delta_E= 1.73e-10  |g|= 2.41e-05  |ddm|= 3.92e-05
converged SCF energy = -774.4372534694
AOs:  [0, 1, 2, 3, 4, 5, 6, 7, 8, 9, 10, 11, 12, 13, 14, 15, 16, 17, 18, 19, 20, 21, 22, 23, 24, 25, 26, 27, 28, 29, 30, 31, 32, 33, 34, 35, 36, 37, 38, 39, 40, 41, 42, 43, 44, 45, 46, 47, 48, 49, 50, 51, 52, 53, 54, 55, 56, 57, 58, 59, 60, 61, 62, 63]
64

 AO indices used for projection:  [0, 1, 3, 4, 5, 14, 16, 17, 19, 20, 21, 30, 32, 33, 35, 36, 37, 46, 48, 49, 51, 52, 53, 62]
 # of orbitals to keep:  16
Number of Active MOs:  16
Number of Environment MOs:  54
Number of Virtual MOs:  244
 # electrons:            α            β
         Env:  54.00000000  54.00000000
         Act:  16.00000000  16.00000000
         Vir:   0.00000000   0.00000000
Number of electrons in the active space:  32

 The density matrix is idempotent!

 The density matrix is idempotent!


******** <class 'pyscf.scf.hf.RHF'> ********
method = RHF
initial guess = minao
damping factor = 0
level_shift factor = 0
DIIS = <class 'pyscf.scf.diis.CDIIS'>
diis_start_cycle = 1
diis_space = 8
SCF conv_tol = 1e-09
SCF conv_tol_grad = 1e-05
SCF max_cycles = 200
direct_scf = True
direct_scf_tol = 1e-13
chkfile to save SCF result = subsys_scf.chk
max_memory 900000 MB (current use 10583 MB)
init E= 988.840447193479
  HOMO = -0.209309760061169  LUMO = 0.0275595894389458
cycle= 1 E= 988.795281472956  delta_E= -0.0452  |g|= 0.0735  |ddm|= 0.752
  HOMO = -0.214840004076774  LUMO = 0.0306018317118728
cycle= 2 E= 988.791484640779  delta_E= -0.0038  |g|= 0.0265  |ddm|= 0.169
  HOMO = -0.217611409850779  LUMO = 0.034903540382564
cycle= 3 E= 988.790499788802  delta_E= -0.000985  |g|= 0.012  |ddm|= 0.0937
  HOMO = -0.217627446147822  LUMO = 0.0361032641836534
cycle= 4 E= 988.790357545662  delta_E= -0.000142  |g|= 0.00517  |ddm|= 0.0305
  HOMO = -0.219176216058773  LUMO = 0.036660049040425
cycle= 5 E= 988.790319356817  delta_E= -3.82e-05  |g|= 0.00141  |ddm|= 0.0208
  HOMO = -0.219223936029973  LUMO = 0.0368379430267356
cycle= 6 E= 988.790317620302  delta_E= -1.74e-06  |g|= 0.00044  |ddm|= 0.00418
  HOMO = -0.219261526682839  LUMO = 0.0368377593250458
cycle= 7 E= 988.790317498752  delta_E= -1.22e-07  |g|= 0.00016  |ddm|= 0.00101
  HOMO = -0.219281709229101  LUMO = 0.0368192289001042
cycle= 8 E= 988.790317470795  delta_E= -2.8e-08  |g|= 7.24e-05  |ddm|= 0.000543
  HOMO = -0.219276116625674  LUMO = 0.0368161189462557
cycle= 9 E= 988.790317462994  delta_E= -7.8e-09  |g|= 4.25e-05  |ddm|= 0.000306
  HOMO = -0.219276401163579  LUMO = 0.0368124650577434
cycle= 10 E= 988.790317461672  delta_E= -1.32e-09  |g|= 1.43e-05  |ddm|= 0.000159
  HOMO = -0.219274922699996  LUMO = 0.0368106729758878
cycle= 11 E= 988.790317461526  delta_E= -1.46e-10  |g|= 5.03e-06  |ddm|= 7.98e-05
  HOMO = -0.219274491047696  LUMO = 0.0368105150467989
Extra cycle  E= 988.790317461107  delta_E= -4.19e-10  |g|= 2.36e-06  |ddm|= 1.27e-05
converged SCF energy = 988.790317461107
Difference in energy:  -644.4262940917434
E(MP2) = 988.214708940553  E_corr = -0.575608520553835
Total energy =  -773.9859041819635
time elapsed:  34.83344030380249
