

******** <class 'pyscf.dft.rks.RKS'> ********
method = RKS-RHF
initial guess = minao
damping factor = 0
level_shift factor = 0
DIIS = <class 'pyscf.scf.diis.CDIIS'>
diis_start_cycle = 1
diis_space = 8
SCF conv_tol = 1e-09
SCF conv_tol_grad = 1e-05
SCF max_cycles = 1000
direct_scf = True
direct_scf_tol = 1e-13
chkfile to save SCF result = scf.fchk
max_memory 900000 MB (current use 79 MB)
XC library pyscf.dft.libxc version 5.1.7
    S. Lehtola, C. Steigemann, M. J. Oliveira, and M. A. Marques, SoftwareX 7, 1 (2018)
XC functionals = pbe
    J. P. Perdew, K. Burke, and M. Ernzerhof, Phys. Rev. Lett. 77, 3865 (1996)
    J. P. Perdew, K. Burke, and M. Ernzerhof, Phys. Rev. Lett. 78, 1396 (1997)
    J. P. Perdew, K. Burke, and M. Ernzerhof, Phys. Rev. Lett. 77, 3865 (1996)
    J. P. Perdew, K. Burke, and M. Ernzerhof, Phys. Rev. Lett. 78, 1396 (1997)
small_rho_cutoff = 1e-07
init E= -776.04796984111
  HOMO = -0.249099576203448  LUMO = -0.193784060807114
cycle= 1 E= -774.109048745147  delta_E= 1.94  |g|= 1.16  |ddm|= 6.27
  HOMO = -0.046846532475543  LUMO = 0.00392104267188572
cycle= 2 E= -770.998586222504  delta_E= 3.11  |g|= 2.89  |ddm|= 3.98
  HOMO = -0.123094126394267  LUMO = -0.0643907329970648
cycle= 3 E= -773.594570144687  delta_E= -2.6  |g|= 1.49  |ddm|= 3.59
  HOMO = -0.155382004620315  LUMO = -0.102127321177862
cycle= 4 E= -774.410689429156  delta_E= -0.816  |g|= 0.349  |ddm|= 2.15
  HOMO = -0.173426880912104  LUMO = -0.113906294678061
cycle= 5 E= -774.361493176777  delta_E= 0.0492  |g|= 0.465  |ddm|= 1.12
  HOMO = -0.16946854598723  LUMO = -0.118396955033578
cycle= 6 E= -774.436693568402  delta_E= -0.0752  |g|= 0.199  |ddm|= 0.912
  HOMO = -0.170392484777085  LUMO = -0.118255651340249
cycle= 7 E= -774.448754616655  delta_E= -0.0121  |g|= 0.077  |ddm|= 0.349
  HOMO = -0.168925661607149  LUMO = -0.11662512571449
cycle= 8 E= -774.450404063999  delta_E= -0.00165  |g|= 0.0342  |ddm|= 0.136
  HOMO = -0.169172690638876  LUMO = -0.117119934343838
cycle= 9 E= -774.450734294685  delta_E= -0.00033  |g|= 0.0134  |ddm|= 0.049
  HOMO = -0.169353940837168  LUMO = -0.117218472623274
cycle= 10 E= -774.450764574173  delta_E= -3.03e-05  |g|= 0.00855  |ddm|= 0.0223
  HOMO = -0.169465175467241  LUMO = -0.117315453567804
cycle= 11 E= -774.45078185708  delta_E= -1.73e-05  |g|= 0.00398  |ddm|= 0.0139
  HOMO = -0.169397481918208  LUMO = -0.117248738616544
cycle= 12 E= -774.450786034012  delta_E= -4.18e-06  |g|= 0.00109  |ddm|= 0.0047
  HOMO = -0.169371681349711  LUMO = -0.117222634995321
cycle= 13 E= -774.450786389313  delta_E= -3.55e-07  |g|= 0.000405  |ddm|= 0.00149
  HOMO = -0.169370414924528  LUMO = -0.117222907204357
cycle= 14 E= -774.450786446782  delta_E= -5.75e-08  |g|= 9.06e-05  |ddm|= 0.000603
  HOMO = -0.169374790350509  LUMO = -0.117226286756552
cycle= 15 E= -774.450786425546  delta_E= 2.12e-08  |g|= 0.00025  |ddm|= 0.000445
  HOMO = -0.169374233483958  LUMO = -0.117226841823076
cycle= 16 E= -774.450786448128  delta_E= -2.26e-08  |g|= 7.22e-05  |ddm|= 0.000353
  HOMO = -0.169372450100993  LUMO = -0.117225150485261
cycle= 17 E= -774.450786448703  delta_E= -5.75e-10  |g|= 4.25e-05  |ddm|= 0.000101
  HOMO = -0.169372754720242  LUMO = -0.11722538619383
cycle= 18 E= -774.450786449202  delta_E= -5e-10  |g|= 1.96e-05  |ddm|= 7.4e-05
  HOMO = -0.16937284736008  LUMO = -0.11722532978363
cycle= 19 E= -774.450786449321  delta_E= -1.19e-10  |g|= 5.83e-06  |ddm|= 2.76e-05
  HOMO = -0.16937273686454  LUMO = -0.117225330311433
Extra cycle  E= -774.450786449227  delta_E= 9.44e-11  |g|= 1.76e-05  |ddm|= 2.9e-05
converged SCF energy = -774.450786449227
AOs:  [0, 1, 2, 3, 4, 5, 6, 7, 8, 9, 10, 11, 12, 13, 14, 15, 16, 17, 18, 19, 20, 21, 22, 23, 24, 25, 26, 27, 28, 29, 30, 31, 32, 33, 34, 35, 36, 37, 38, 39, 40, 41, 42, 43, 44, 45, 46, 47, 48, 49, 50, 51, 52, 53, 54, 55, 56, 57, 58, 59, 60, 61, 62, 63]
64

 AO indices used for projection:  [0, 1, 3, 4, 5, 14, 16, 17, 19, 20, 21, 30, 32, 33, 35, 36, 37, 46, 48, 49, 51, 52, 53, 62]
 # of orbitals to keep:  15
Number of Active MOs:  15
Number of Environment MOs:  55
Number of Virtual MOs:  244
 # electrons:            α            β
         Env:  55.00000000  55.00000000
         Act:  15.00000000  15.00000000
         Vir:  -0.00000000  -0.00000000
Number of electrons in the active space:  30

 The density matrix is idempotent!

 The density matrix is idempotent!


******** <class 'pyscf.scf.hf.RHF'> ********
method = RHF
initial guess = minao
damping factor = 0
level_shift factor = 0
DIIS = <class 'pyscf.scf.diis.CDIIS'>
diis_start_cycle = 1
diis_space = 8
SCF conv_tol = 1e-09
SCF conv_tol_grad = 1e-05
SCF max_cycles = 200
direct_scf = True
direct_scf_tol = 1e-13
chkfile to save SCF result = subsys_scf.chk
max_memory 900000 MB (current use 10473 MB)
init E= 1001.7997758972
  HOMO = -0.291826043006039  LUMO = 0.0378230339731666
cycle= 1 E= 1001.76136452631  delta_E= -0.0384  |g|= 0.0703  |ddm|= 0.708
  HOMO = -0.297089365707019  LUMO = 0.0309287182639188
cycle= 2 E= 1001.75887085654  delta_E= -0.00249  |g|= 0.0227  |ddm|= 0.145
  HOMO = -0.295707998372475  LUMO = 0.029688393679914
cycle= 3 E= 1001.7583964106  delta_E= -0.000474  |g|= 0.0115  |ddm|= 0.0588
  HOMO = -0.295825798740724  LUMO = 0.0291178109341748
cycle= 4 E= 1001.75831841188  delta_E= -7.8e-05  |g|= 0.00386  |ddm|= 0.0229
  HOMO = -0.296354304680328  LUMO = 0.0286950813694218
cycle= 5 E= 1001.75829630633  delta_E= -2.21e-05  |g|= 0.00115  |ddm|= 0.0157
  HOMO = -0.296241406799907  LUMO = 0.0286112189823966
cycle= 6 E= 1001.75829525576  delta_E= -1.05e-06  |g|= 0.000275  |ddm|= 0.00371
  HOMO = -0.296295668099825  LUMO = 0.0286037855198337
cycle= 7 E= 1001.75829521499  delta_E= -4.08e-08  |g|= 6.65e-05  |ddm|= 0.00054
  HOMO = -0.296303106978814  LUMO = 0.0286002992430146
cycle= 8 E= 1001.75829521084  delta_E= -4.15e-09  |g|= 2.15e-05  |ddm|= 0.000198
  HOMO = -0.296301392800423  LUMO = 0.0286000186994379
cycle= 9 E= 1001.75829521059  delta_E= -2.49e-10  |g|= 7.03e-06  |ddm|= 5.37e-05
  HOMO = -0.296302072111657  LUMO = 0.0286002087328274
Extra cycle  E= 1001.75829521046  delta_E= -1.31e-10  |g|= 3.6e-06  |ddm|= 1.35e-05
converged SCF energy = 1001.75829521046
Difference in energy:  -570.7686988893134
E(MP2) = 1001.27329846586  E_corr = -0.484996744598618
Total energy =  -774.0262061370624
time elapsed:  31.124597787857056
