

******** <class 'pyscf.dft.rks.RKS'> ********
method = RKS-RHF
initial guess = minao
damping factor = 0
level_shift factor = 0
DIIS = <class 'pyscf.scf.diis.CDIIS'>
diis_start_cycle = 1
diis_space = 8
SCF conv_tol = 1e-09
SCF conv_tol_grad = 1e-05
SCF max_cycles = 1000
direct_scf = True
direct_scf_tol = 1e-13
chkfile to save SCF result = scf.fchk
max_memory 900000 MB (current use 79 MB)
XC library pyscf.dft.libxc version 5.1.7
    S. Lehtola, C. Steigemann, M. J. Oliveira, and M. A. Marques, SoftwareX 7, 1 (2018)
XC functionals = pbe
    J. P. Perdew, K. Burke, and M. Ernzerhof, Phys. Rev. Lett. 77, 3865 (1996)
    J. P. Perdew, K. Burke, and M. Ernzerhof, Phys. Rev. Lett. 78, 1396 (1997)
    J. P. Perdew, K. Burke, and M. Ernzerhof, Phys. Rev. Lett. 77, 3865 (1996)
    J. P. Perdew, K. Burke, and M. Ernzerhof, Phys. Rev. Lett. 78, 1396 (1997)
small_rho_cutoff = 1e-07
init E= -776.048416877931
  HOMO = -0.252478482340564  LUMO = -0.190584447605072
cycle= 1 E= -774.12332648138  delta_E= 1.93  |g|= 1.16  |ddm|= 6.27
  HOMO = -0.0446954004128362  LUMO = 0.0110945973988695
cycle= 2 E= -771.075309796292  delta_E= 3.05  |g|= 2.87  |ddm|= 3.94
  HOMO = -0.122415936616662  LUMO = -0.0686220960169971
cycle= 3 E= -773.589294589979  delta_E= -2.51  |g|=  1.5  |ddm|= 3.53
  HOMO = -0.158895806063678  LUMO = -0.0974219773726077
cycle= 4 E= -774.425606173191  delta_E= -0.836  |g|= 0.338  |ddm|= 2.14
  HOMO = -0.174271480238573  LUMO = -0.113567613142719
cycle= 5 E= -774.387380787764  delta_E= 0.0382  |g|= 0.429  |ddm|= 1.03
  HOMO = -0.173888371807154  LUMO = -0.115404280022184
cycle= 6 E= -774.452286930121  delta_E= -0.0649  |g|= 0.176  |ddm|= 0.795
  HOMO = -0.173658288782813  LUMO = -0.114379979152399
cycle= 7 E= -774.461347775825  delta_E= -0.00906  |g|= 0.0619  |ddm|= 0.274
  HOMO = -0.172821066423171  LUMO = -0.113040232334809
cycle= 8 E= -774.462217331846  delta_E= -0.00087  |g|= 0.0322  |ddm|= 0.105
  HOMO = -0.172898079729412  LUMO = -0.113419946627298
cycle= 9 E= -774.462520700895  delta_E= -0.000303  |g|= 0.0116  |ddm|= 0.045
  HOMO = -0.173098311861665  LUMO = -0.113529296597725
cycle= 10 E= -774.462539973638  delta_E= -1.93e-05  |g|= 0.00805  |ddm|= 0.0196
  HOMO = -0.173176319342798  LUMO = -0.113570485172511
cycle= 11 E= -774.462555223524  delta_E= -1.52e-05  |g|= 0.00365  |ddm|= 0.0126
  HOMO = -0.173112544639146  LUMO = -0.113512758214091
cycle= 12 E= -774.462558814014  delta_E= -3.59e-06  |g|= 0.000893  |ddm|= 0.00428
  HOMO = -0.17309764824961  LUMO = -0.113498384696748
cycle= 13 E= -774.462559057903  delta_E= -2.44e-07  |g|= 0.000349  |ddm|= 0.00123
  HOMO = -0.173093367027131  LUMO = -0.113497322063906
cycle= 14 E= -774.462559097482  delta_E= -3.96e-08  |g|= 0.000106  |ddm|= 0.000516
  HOMO = -0.173097844503102  LUMO = -0.113501585251688
cycle= 15 E= -774.462559072681  delta_E= 2.48e-08  |g|= 0.000282  |ddm|= 0.00047
  HOMO = -0.173097872266061  LUMO = -0.113502347864426
cycle= 16 E= -774.462559099802  delta_E= -2.71e-08  |g|= 6.59e-05  |ddm|= 0.00038
  HOMO = -0.17309613721014  LUMO = -0.113500474384955
cycle= 17 E= -774.462559100027  delta_E= -2.26e-10  |g|= 4.77e-05  |ddm|= 9.36e-05
  HOMO = -0.173096326874916  LUMO = -0.113500741521236
cycle= 18 E= -774.462559100658  delta_E= -6.31e-10  |g|= 1.99e-05  |ddm|= 7.36e-05
  HOMO = -0.173096515226692  LUMO = -0.113500662003473
cycle= 19 E= -774.462559100777  delta_E= -1.18e-10  |g|= 6.39e-06  |ddm|= 2.82e-05
  HOMO = -0.173096431112755  LUMO = -0.11350063386728
Extra cycle  E= -774.462559100701  delta_E= 7.59e-11  |g|= 1.71e-05  |ddm|= 2.63e-05
converged SCF energy = -774.462559100701
AOs:  [0, 1, 2, 3, 4, 5, 6, 7, 8, 9, 10, 11, 12, 13, 14, 15, 16, 17, 18, 19, 20, 21, 22, 23, 24, 25, 26, 27, 28, 29, 30, 31, 32, 33, 34, 35, 36, 37, 38, 39, 40, 41, 42, 43, 44, 45, 46, 47, 48, 49, 50, 51, 52, 53, 54, 55, 56, 57, 58, 59, 60, 61, 62, 63]
64

 AO indices used for projection:  [0, 1, 3, 4, 5, 14, 16, 17, 19, 20, 21, 30, 32, 33, 35, 36, 37, 46, 48, 49, 51, 52, 53, 62]
 # of orbitals to keep:  15
Number of Active MOs:  15
Number of Environment MOs:  55
Number of Virtual MOs:  244
 # electrons:            α            β
         Env:  55.00000000  55.00000000
         Act:  15.00000000  15.00000000
         Vir:  -0.00000000  -0.00000000
Number of electrons in the active space:  30

 The density matrix is idempotent!

 The density matrix is idempotent!


******** <class 'pyscf.scf.hf.RHF'> ********
method = RHF
initial guess = minao
damping factor = 0
level_shift factor = 0
DIIS = <class 'pyscf.scf.diis.CDIIS'>
diis_start_cycle = 1
diis_space = 8
SCF conv_tol = 1e-09
SCF conv_tol_grad = 1e-05
SCF max_cycles = 200
direct_scf = True
direct_scf_tol = 1e-13
chkfile to save SCF result = subsys_scf.chk
max_memory 900000 MB (current use 10410 MB)
init E= 1000.85946151079
  HOMO = -0.288498476547024  LUMO = 0.0396299354552617
cycle= 1 E= 1000.82147921751  delta_E= -0.038  |g|= 0.0693  |ddm|= 0.724
  HOMO = -0.294237737092439  LUMO = 0.0325918385125759
cycle= 2 E= 1000.81910339768  delta_E= -0.00238  |g|= 0.0219  |ddm|= 0.143
  HOMO = -0.292486281837512  LUMO = 0.0313055621708413
cycle= 3 E= 1000.81867119388  delta_E= -0.000432  |g|= 0.0104  |ddm|= 0.0569
  HOMO = -0.292756773481284  LUMO = 0.0307478349407651
cycle= 4 E= 1000.81860649489  delta_E= -6.47e-05  |g|= 0.00358  |ddm|= 0.0208
  HOMO = -0.293211465099543  LUMO = 0.0303660236736394
cycle= 5 E= 1000.81858848114  delta_E= -1.8e-05  |g|= 0.00109  |ddm|= 0.014
  HOMO = -0.293102857490497  LUMO = 0.0302822094278039
cycle= 6 E= 1000.81858759292  delta_E= -8.88e-07  |g|= 0.000246  |ddm|= 0.00341
  HOMO = -0.29315525310649  LUMO = 0.0302765555033082
cycle= 7 E= 1000.8185875601  delta_E= -3.28e-08  |g|= 6.01e-05  |ddm|= 0.000458
  HOMO = -0.293161071110734  LUMO = 0.030273176806933
cycle= 8 E= 1000.81858755736  delta_E= -2.75e-09  |g|= 1.85e-05  |ddm|= 0.00017
  HOMO = -0.29315980257011  LUMO = 0.030272933975681
cycle= 9 E= 1000.81858755668  delta_E= -6.77e-10  |g|= 6.49e-06  |ddm|= 4.67e-05
  HOMO = -0.293160264470454  LUMO = 0.0302730765506412
Extra cycle  E= 1000.81858755679  delta_E= 1.05e-10  |g|= 3.14e-06  |ddm|= 1.17e-05
converged SCF energy = 1000.81858755679
Difference in energy:  -571.1077861898309
E(MP2) = 1000.33535370758  E_corr = -0.483233849209364
Total energy =  -774.0356755235906
time elapsed:  31.691617250442505
