

******** <class 'pyscf.dft.rks.RKS'> ********
method = RKS-RHF
initial guess = minao
damping factor = 0
level_shift factor = 0
DIIS = <class 'pyscf.scf.diis.CDIIS'>
diis_start_cycle = 1
diis_space = 8
SCF conv_tol = 1e-09
SCF conv_tol_grad = 1e-05
SCF max_cycles = 1000
direct_scf = True
direct_scf_tol = 1e-13
chkfile to save SCF result = scf.fchk
max_memory 900000 MB (current use 79 MB)
XC library pyscf.dft.libxc version 5.1.7
    S. Lehtola, C. Steigemann, M. J. Oliveira, and M. A. Marques, SoftwareX 7, 1 (2018)
XC functionals = pbe
    J. P. Perdew, K. Burke, and M. Ernzerhof, Phys. Rev. Lett. 77, 3865 (1996)
    J. P. Perdew, K. Burke, and M. Ernzerhof, Phys. Rev. Lett. 78, 1396 (1997)
    J. P. Perdew, K. Burke, and M. Ernzerhof, Phys. Rev. Lett. 77, 3865 (1996)
    J. P. Perdew, K. Burke, and M. Ernzerhof, Phys. Rev. Lett. 78, 1396 (1997)
small_rho_cutoff = 1e-07
init E= -776.048929000545
  HOMO = -0.254785829005219  LUMO = -0.188219688044449
cycle= 1 E= -774.133952622837  delta_E= 1.91  |g|= 1.15  |ddm|= 6.26
  HOMO = -0.0416288497556365  LUMO = 0.0155212443369727
cycle= 2 E= -771.128130007042  delta_E= 3.01  |g|= 2.86  |ddm|= 3.91
  HOMO = -0.121852413403148  LUMO = -0.0720376220911702
cycle= 3 E= -773.580425241469  delta_E= -2.45  |g|= 1.51  |ddm|= 3.48
  HOMO = -0.161433686090622  LUMO = -0.0939636284996831
cycle= 4 E= -774.435219025397  delta_E= -0.855  |g|= 0.338  |ddm|= 2.14
  HOMO = -0.174340620038935  LUMO = -0.113219262397262
cycle= 5 E= -774.403447348512  delta_E= 0.0318  |g|= 0.412  |ddm|= 0.994
  HOMO = -0.176783745266339  LUMO = -0.113277135530364
cycle= 6 E= -774.463834223936  delta_E= -0.0604  |g|= 0.162  |ddm|= 0.732
  HOMO = -0.175877184700302  LUMO = -0.111624365447335
cycle= 7 E= -774.471275156008  delta_E= -0.00744  |g|= 0.0539  |ddm|= 0.232
  HOMO = -0.175376285763277  LUMO = -0.11045983322103
cycle= 8 E= -774.471810314707  delta_E= -0.000535  |g|= 0.0318  |ddm|= 0.0906
  HOMO = -0.175368163015082  LUMO = -0.110777713392517
cycle= 9 E= -774.472113205851  delta_E= -0.000303  |g|= 0.0105  |ddm|= 0.0435
  HOMO = -0.175593683416668  LUMO = -0.110895530616662
cycle= 10 E= -774.472128581699  delta_E= -1.54e-05  |g|= 0.00738  |ddm|= 0.0177
  HOMO = -0.175643866068952  LUMO = -0.110890803140071
cycle= 11 E= -774.472141209273  delta_E= -1.26e-05  |g|= 0.0033  |ddm|= 0.0112
  HOMO = -0.175583038342329  LUMO = -0.110841426400382
cycle= 12 E= -774.47214418077  delta_E= -2.97e-06  |g|= 0.000742  |ddm|= 0.00385
  HOMO = -0.17557398126719  LUMO = -0.110834811221139
cycle= 13 E= -774.472144360004  delta_E= -1.79e-07  |g|= 0.000276  |ddm|= 0.00104
  HOMO = -0.175569250774729  LUMO = -0.110834425320289
cycle= 14 E= -774.472144383597  delta_E= -2.36e-08  |g|= 9.83e-05  |ddm|= 0.000417
  HOMO = -0.175572084879825  LUMO = -0.11083786705528
cycle= 15 E= -774.472144369252  delta_E= 1.43e-08  |g|= 0.000227  |ddm|= 0.000365
  HOMO = -0.175572801928938  LUMO = -0.110838823034877
cycle= 16 E= -774.472144385566  delta_E= -1.63e-08  |g|= 5.74e-05  |ddm|= 0.000298
  HOMO = -0.175571601149698  LUMO = -0.110837244923474
cycle= 17 E= -774.472144385905  delta_E= -3.39e-10  |g|= 3.54e-05  |ddm|= 7.16e-05
  HOMO = -0.175571664996092  LUMO = -0.110837376595919
cycle= 18 E= -774.472144386242  delta_E= -3.37e-10  |g|= 1.45e-05  |ddm|= 5.12e-05
  HOMO = -0.17557185817525  LUMO = -0.110837294194796
cycle= 19 E= -774.472144386305  delta_E= -6.25e-11  |g|= 5.51e-06  |ddm|= 2.15e-05
  HOMO = -0.175571766280634  LUMO = -0.110837261054752
Extra cycle  E= -774.472144386252  delta_E= 5.3e-11  |g|= 1.41e-05  |ddm|= 2.16e-05
converged SCF energy = -774.472144386252
AOs:  [0, 1, 2, 3, 4, 5, 6, 7, 8, 9, 10, 11, 12, 13, 14, 15, 16, 17, 18, 19, 20, 21, 22, 23, 24, 25, 26, 27, 28, 29, 30, 31, 32, 33, 34, 35, 36, 37, 38, 39, 40, 41, 42, 43, 44, 45, 46, 47, 48, 49, 50, 51, 52, 53, 54, 55, 56, 57, 58, 59, 60, 61, 62, 63]
64

 AO indices used for projection:  [0, 1, 3, 4, 5, 14, 16, 17, 19, 20, 21, 30, 32, 33, 35, 36, 37, 46, 48, 49, 51, 52, 53, 62]
 # of orbitals to keep:  15
Number of Active MOs:  15
Number of Environment MOs:  55
Number of Virtual MOs:  244
 # electrons:            α            β
         Env:  55.00000000  55.00000000
         Act:  15.00000000  15.00000000
         Vir:   0.00000000   0.00000000
Number of electrons in the active space:  30

 The density matrix is idempotent!

 The density matrix is idempotent!


******** <class 'pyscf.scf.hf.RHF'> ********
method = RHF
initial guess = minao
damping factor = 0
level_shift factor = 0
DIIS = <class 'pyscf.scf.diis.CDIIS'>
diis_start_cycle = 1
diis_space = 8
SCF conv_tol = 1e-09
SCF conv_tol_grad = 1e-05
SCF max_cycles = 200
direct_scf = True
direct_scf_tol = 1e-13
chkfile to save SCF result = subsys_scf.chk
max_memory 900000 MB (current use 10677 MB)
init E= 1000.12093244832
  HOMO = -0.28616064411869  LUMO = 0.0408427572661293
cycle= 1 E= 1000.08325248401  delta_E= -0.0377  |g|= 0.0685  |ddm|= 0.744
  HOMO = -0.292223318997288  LUMO = 0.033749385678501
cycle= 2 E= 1000.08096332411  delta_E= -0.00229  |g|= 0.0214  |ddm|= 0.141
  HOMO = -0.290210036850771  LUMO = 0.0324362213499984
cycle= 3 E= 1000.08056271884  delta_E= -0.000401  |g|= 0.00948  |ddm|= 0.0553
  HOMO = -0.290595455900004  LUMO = 0.0318971443816867
cycle= 4 E= 1000.08050704821  delta_E= -5.57e-05  |g|= 0.00337  |ddm|= 0.0192
  HOMO = -0.29098545133297  LUMO = 0.0315477916708342
cycle= 5 E= 1000.08049190732  delta_E= -1.51e-05  |g|= 0.00103  |ddm|= 0.0126
  HOMO = -0.290883581307192  LUMO = 0.0314652717470387
cycle= 6 E= 1000.0804911371  delta_E= -7.7e-07  |g|= 0.000228  |ddm|= 0.00315
  HOMO = -0.290933638033587  LUMO = 0.0314608954968223
cycle= 7 E= 1000.08049110912  delta_E= -2.8e-08  |g|= 5.56e-05  |ddm|= 0.000403
  HOMO = -0.290938590208071  LUMO = 0.0314575862100821
cycle= 8 E= 1000.08049110683  delta_E= -2.29e-09  |g|= 1.64e-05  |ddm|= 0.000152
  HOMO = -0.290937535506081  LUMO = 0.0314574099445529
cycle= 9 E= 1000.08049110661  delta_E= -2.18e-10  |g|= 5.93e-06  |ddm|= 4.25e-05
  HOMO = -0.290937929310654  LUMO = 0.0314575174520675
Extra cycle  E= 1000.08049110655  delta_E= -5.98e-11  |g|= 2.71e-06  |ddm|= 1.01e-05
converged SCF energy = 1000.08049110655
Difference in energy:  -571.2489760851499
E(MP2) = 999.59868243771  E_corr = -0.481808668842827
Total energy =  -774.0436106285434
time elapsed:  29.68852686882019
