

******** <class 'pyscf.dft.rks.RKS'> ********
method = RKS-RHF
initial guess = minao
damping factor = 0
level_shift factor = 0
DIIS = <class 'pyscf.scf.diis.CDIIS'>
diis_start_cycle = 1
diis_space = 8
SCF conv_tol = 1e-09
SCF conv_tol_grad = 1e-05
SCF max_cycles = 1000
direct_scf = True
direct_scf_tol = 1e-13
chkfile to save SCF result = scf.fchk
max_memory 900000 MB (current use 79 MB)
XC library pyscf.dft.libxc version 5.1.7
    S. Lehtola, C. Steigemann, M. J. Oliveira, and M. A. Marques, SoftwareX 7, 1 (2018)
XC functionals = pbe
    J. P. Perdew, K. Burke, and M. Ernzerhof, Phys. Rev. Lett. 77, 3865 (1996)
    J. P. Perdew, K. Burke, and M. Ernzerhof, Phys. Rev. Lett. 78, 1396 (1997)
    J. P. Perdew, K. Burke, and M. Ernzerhof, Phys. Rev. Lett. 77, 3865 (1996)
    J. P. Perdew, K. Burke, and M. Ernzerhof, Phys. Rev. Lett. 78, 1396 (1997)
small_rho_cutoff = 1e-07
init E= -776.049396943185
  HOMO = -0.256220443388806  LUMO = -0.186619540388172
cycle= 1 E= -774.141432348222  delta_E= 1.91  |g|= 1.15  |ddm|= 6.27
  HOMO = -0.039121983087238  LUMO = 0.017981377167895
cycle= 2 E= -771.163808022086  delta_E= 2.98  |g|= 2.86  |ddm|=  3.9
  HOMO = -0.121600302747203  LUMO = -0.0743002682136408
cycle= 3 E= -773.569833900339  delta_E= -2.41  |g|= 1.52  |ddm|= 3.44
  HOMO = -0.163097939905257  LUMO = -0.0916738789783452
cycle= 4 E= -774.441299105742  delta_E= -0.871  |g|= 0.342  |ddm|= 2.15
  HOMO = -0.174065935760322  LUMO = -0.11292140650808
cycle= 5 E= -774.413959095755  delta_E= 0.0273  |g|= 0.402  |ddm|= 0.982
  HOMO = -0.178491245504528  LUMO = -0.111922444512174
cycle= 6 E= -774.471840957951  delta_E= -0.0579  |g|= 0.155  |ddm|= 0.696
  HOMO = -0.177256339354614  LUMO = -0.109841199333127
cycle= 7 E= -774.478480834236  delta_E= -0.00664  |g|= 0.05  |ddm|= 0.212
  HOMO = -0.176917595522216  LUMO = -0.108770251065553
cycle= 8 E= -774.478876998276  delta_E= -0.000396  |g|= 0.0318  |ddm|= 0.084
  HOMO = -0.176873268523718  LUMO = -0.109035740026638
cycle= 9 E= -774.479183508022  delta_E= -0.000307  |g|= 0.01  |ddm|= 0.043
  HOMO = -0.177119515854609  LUMO = -0.109162430871753
cycle= 10 E= -774.479198393706  delta_E= -1.49e-05  |g|= 0.00677  |ddm|= 0.0165
  HOMO = -0.177150024257532  LUMO = -0.109128870784034
cycle= 11 E= -774.479208772799  delta_E= -1.04e-05  |g|= 0.00304  |ddm|= 0.01
  HOMO = -0.177092200853068  LUMO = -0.109085448271482
cycle= 12 E= -774.479211298651  delta_E= -2.53e-06  |g|= 0.000647  |ddm|= 0.00353
  HOMO = -0.177085661333694  LUMO = -0.109083544501989
cycle= 13 E= -774.479211444018  delta_E= -1.45e-07  |g|= 0.000218  |ddm|= 0.000932
  HOMO = -0.177081232618942  LUMO = -0.1090839522912
cycle= 14 E= -774.479211458247  delta_E= -1.42e-08  |g|= 8.56e-05  |ddm|= 0.000334
  HOMO = -0.177082980065525  LUMO = -0.109086481051633
cycle= 15 E= -774.479211449864  delta_E= 8.38e-09  |g|= 0.000182  |ddm|= 0.000285
  HOMO = -0.177083839661673  LUMO = -0.109087495319014
cycle= 16 E= -774.479211459722  delta_E= -9.86e-09  |g|= 4.77e-05  |ddm|= 0.000233
  HOMO = -0.177083107038266  LUMO = -0.109086212009651
cycle= 17 E= -774.47921146004  delta_E= -3.18e-10  |g|= 2.55e-05  |ddm|= 5.57e-05
  HOMO = -0.177083122854587  LUMO = -0.109086247420361
cycle= 18 E= -774.479211460212  delta_E= -1.72e-10  |g|= 1e-05  |ddm|= 3.53e-05
  HOMO = -0.177083278642148  LUMO = -0.109086170662656
cycle= 19 E= -774.479211460243  delta_E= -3.16e-11  |g|= 4.47e-06  |ddm|= 1.55e-05
  HOMO = -0.177083168884288  LUMO = -0.109086132539888
Extra cycle  E= -774.479211460213  delta_E= 3.07e-11  |g|= 1.13e-05  |ddm|= 1.74e-05
converged SCF energy = -774.479211460213
AOs:  [0, 1, 2, 3, 4, 5, 6, 7, 8, 9, 10, 11, 12, 13, 14, 15, 16, 17, 18, 19, 20, 21, 22, 23, 24, 25, 26, 27, 28, 29, 30, 31, 32, 33, 34, 35, 36, 37, 38, 39, 40, 41, 42, 43, 44, 45, 46, 47, 48, 49, 50, 51, 52, 53, 54, 55, 56, 57, 58, 59, 60, 61, 62, 63]
64

 AO indices used for projection:  [0, 1, 3, 4, 5, 14, 16, 17, 19, 20, 21, 30, 32, 33, 35, 36, 37, 46, 48, 49, 51, 52, 53, 62]
 # of orbitals to keep:  16
Number of Active MOs:  16
Number of Environment MOs:  54
Number of Virtual MOs:  244
 # electrons:            α            β
         Env:  54.00000000  54.00000000
         Act:  16.00000000  16.00000000
         Vir:   0.00000000   0.00000000
Number of electrons in the active space:  32

 The density matrix is idempotent!

 The density matrix is idempotent!


******** <class 'pyscf.scf.hf.RHF'> ********
method = RHF
initial guess = minao
damping factor = 0
level_shift factor = 0
DIIS = <class 'pyscf.scf.diis.CDIIS'>
diis_start_cycle = 1
diis_space = 8
SCF conv_tol = 1e-09
SCF conv_tol_grad = 1e-05
SCF max_cycles = 200
direct_scf = True
direct_scf_tol = 1e-13
chkfile to save SCF result = subsys_scf.chk
max_memory 900000 MB (current use 10515 MB)
init E= 985.247095388756
  HOMO = -0.240600278594458  LUMO = 0.04239447910962
cycle= 1 E= 985.203236665727  delta_E= -0.0439  |g|= 0.071  |ddm|= 0.795
  HOMO = -0.246763052381014  LUMO = 0.0426694282231477
cycle= 2 E= 985.200033176735  delta_E= -0.0032  |g|= 0.0234  |ddm|= 0.149
  HOMO = -0.247626704966759  LUMO = 0.0447941230713146
cycle= 3 E= 985.199384711725  delta_E= -0.000648  |g|= 0.00717  |ddm|= 0.07
  HOMO = -0.248373370018509  LUMO = 0.0450713635134598
cycle= 4 E= 985.199331159374  delta_E= -5.36e-05  |g|= 0.00265  |ddm|= 0.0185
  HOMO = -0.248940959888659  LUMO = 0.0452401415138425
cycle= 5 E= 985.199324040499  delta_E= -7.12e-06  |g|= 0.000706  |ddm|= 0.00739
  HOMO = -0.248950558113475  LUMO = 0.0452711608341119
cycle= 6 E= 985.199323696715  delta_E= -3.44e-07  |g|= 0.000159  |ddm|= 0.00178
  HOMO = -0.248991024793309  LUMO = 0.0452632812775576
cycle= 7 E= 985.199323684557  delta_E= -1.22e-08  |g|= 5.59e-05  |ddm|= 0.00033
  HOMO = -0.248989047810917  LUMO = 0.0452607439369057
cycle= 8 E= 985.199323682294  delta_E= -2.26e-09  |g|= 2.5e-05  |ddm|= 0.000112
  HOMO = -0.248991008620698  LUMO = 0.0452583832469168
cycle= 9 E= 985.199323681568  delta_E= -7.26e-10  |g|= 6.24e-06  |ddm|= 7.82e-05
  HOMO = -0.248990596024044  LUMO = 0.0452580014456844
Extra cycle  E= 985.199323681094  delta_E= -4.74e-10  |g|= 3.23e-06  |ddm|= 1.43e-05
converged SCF energy = 985.199323681094
Difference in energy:  -633.2510893299917
E(MP2) = 984.630680941531  E_corr = -0.568642739563447
Total energy =  -774.0387051992342
time elapsed:  30.83026361465454
