

******** <class 'pyscf.dft.rks.RKS'> ********
method = RKS-RHF
initial guess = minao
damping factor = 0
level_shift factor = 0
DIIS = <class 'pyscf.scf.diis.CDIIS'>
diis_start_cycle = 1
diis_space = 8
SCF conv_tol = 1e-09
SCF conv_tol_grad = 1e-05
SCF max_cycles = 1000
direct_scf = True
direct_scf_tol = 1e-13
chkfile to save SCF result = scf.fchk
max_memory 900000 MB (current use 79 MB)
XC library pyscf.dft.libxc version 5.1.7
    S. Lehtola, C. Steigemann, M. J. Oliveira, and M. A. Marques, SoftwareX 7, 1 (2018)
XC functionals = pbe
    J. P. Perdew, K. Burke, and M. Ernzerhof, Phys. Rev. Lett. 77, 3865 (1996)
    J. P. Perdew, K. Burke, and M. Ernzerhof, Phys. Rev. Lett. 78, 1396 (1997)
    J. P. Perdew, K. Burke, and M. Ernzerhof, Phys. Rev. Lett. 77, 3865 (1996)
    J. P. Perdew, K. Burke, and M. Ernzerhof, Phys. Rev. Lett. 78, 1396 (1997)
small_rho_cutoff = 1e-07
init E= -776.04972457809
  HOMO = -0.25698332385366  LUMO = -0.185701528341459
cycle= 1 E= -774.145890369218  delta_E=  1.9  |g|= 1.15  |ddm|= 6.27
  HOMO = -0.0375877739052491  LUMO = 0.0192101635615981
cycle= 2 E= -771.18447265722  delta_E= 2.96  |g|= 2.86  |ddm|= 3.89
  HOMO = -0.121523448489735  LUMO = -0.0755370872463167
cycle= 3 E= -773.561935539214  delta_E= -2.38  |g|= 1.52  |ddm|= 3.42
  HOMO = -0.164042680492047  LUMO = -0.090400807885407
cycle= 4 E= -774.444731524305  delta_E= -0.883  |g|= 0.346  |ddm|= 2.15
  HOMO = -0.17381066657112  LUMO = -0.112716855234821
cycle= 5 E= -774.420181922258  delta_E= 0.0245  |g|= 0.397  |ddm|= 0.978
  HOMO = -0.17935308836036  LUMO = -0.111184418918921
cycle= 6 E= -774.476566544955  delta_E= -0.0564  |g|= 0.152  |ddm|= 0.677
  HOMO = -0.177987884686888  LUMO = -0.108855865888044
cycle= 7 E= -774.482850283728  delta_E= -0.00628  |g|= 0.0483  |ddm|= 0.203
  HOMO = -0.177717849024623  LUMO = -0.107827860860934
cycle= 8 E= -774.483191646946  delta_E= -0.000341  |g|= 0.0318  |ddm|= 0.0813
  HOMO = -0.177663381002838  LUMO = -0.108056254471866
cycle= 9 E= -774.483500109008  delta_E= -0.000308  |g|= 0.00987  |ddm|= 0.0429
  HOMO = -0.177921834783157  LUMO = -0.108189421786996
cycle= 10 E= -774.483515341307  delta_E= -1.52e-05  |g|= 0.00636  |ddm|= 0.0158
  HOMO = -0.177940137657843  LUMO = -0.108141589894333
cycle= 11 E= -774.483524356322  delta_E= -9.02e-06  |g|= 0.00289  |ddm|= 0.0093
  HOMO = -0.177885150141058  LUMO = -0.108101526393602
cycle= 12 E= -774.483526624784  delta_E= -2.27e-06  |g|= 0.000598  |ddm|= 0.00334
  HOMO = -0.177879513994537  LUMO = -0.108102169272069
cycle= 13 E= -774.483526753608  delta_E= -1.29e-07  |g|= 0.000188  |ddm|= 0.000881
  HOMO = -0.177875390056265  LUMO = -0.108102945912249
cycle= 14 E= -774.483526764087  delta_E= -1.05e-08  |g|= 7.45e-05  |ddm|= 0.000287
  HOMO = -0.17787667985664  LUMO = -0.10810505381121
cycle= 15 E= -774.483526758214  delta_E= 5.87e-09  |g|= 0.000156  |ddm|= 0.00024
  HOMO = -0.177877462162745  LUMO = -0.108105995706231
cycle= 16 E= -774.483526765204  delta_E= -6.99e-09  |g|= 3.99e-05  |ddm|= 0.000197
  HOMO = -0.177876976733635  LUMO = -0.108104851928561
cycle= 17 E= -774.483526765458  delta_E= -2.54e-10  |g|= 2e-05  |ddm|= 4.66e-05
  HOMO = -0.177876977705504  LUMO = -0.108104860633483
cycle= 18 E= -774.483526765562  delta_E= -1.05e-10  |g|= 7.59e-06  |ddm|= 2.7e-05
  HOMO = -0.177877260872313  LUMO = -0.108104614459494
Extra cycle  E= -774.483526765405  delta_E= 1.57e-10  |g|= 2.29e-05  |ddm|= 3.84e-05
converged SCF energy = -774.483526765405
AOs:  [0, 1, 2, 3, 4, 5, 6, 7, 8, 9, 10, 11, 12, 13, 14, 15, 16, 17, 18, 19, 20, 21, 22, 23, 24, 25, 26, 27, 28, 29, 30, 31, 32, 33, 34, 35, 36, 37, 38, 39, 40, 41, 42, 43, 44, 45, 46, 47, 48, 49, 50, 51, 52, 53, 54, 55, 56, 57, 58, 59, 60, 61, 62, 63]
64

 AO indices used for projection:  [0, 1, 3, 4, 5, 14, 16, 17, 19, 20, 21, 30, 32, 33, 35, 36, 37, 46, 48, 49, 51, 52, 53, 62]
 # of orbitals to keep:  16
Number of Active MOs:  16
Number of Environment MOs:  54
Number of Virtual MOs:  244
 # electrons:            α            β
         Env:  54.00000000  54.00000000
         Act:  16.00000000  16.00000000
         Vir:  -0.00000000  -0.00000000
Number of electrons in the active space:  32

 The density matrix is idempotent!

 The density matrix is idempotent!


******** <class 'pyscf.scf.hf.RHF'> ********
method = RHF
initial guess = minao
damping factor = 0
level_shift factor = 0
DIIS = <class 'pyscf.scf.diis.CDIIS'>
diis_start_cycle = 1
diis_space = 8
SCF conv_tol = 1e-09
SCF conv_tol_grad = 1e-05
SCF max_cycles = 200
direct_scf = True
direct_scf_tol = 1e-13
chkfile to save SCF result = subsys_scf.chk
max_memory 900000 MB (current use 10671 MB)
init E= 984.928314304773
  HOMO = -0.24330064253043  LUMO = 0.0433705248724971
cycle= 1 E= 984.884568860896  delta_E= -0.0437  |g|= 0.0708  |ddm|= 0.809
  HOMO = -0.249479817955105  LUMO = 0.0434062342367145
cycle= 2 E= 984.881416318752  delta_E= -0.00315  |g|= 0.0231  |ddm|= 0.147
  HOMO = -0.250208982370868  LUMO = 0.0453414152404474
cycle= 3 E= 984.880793219491  delta_E= -0.000623  |g|= 0.00696  |ddm|= 0.068
  HOMO = -0.250979338556619  LUMO = 0.0455748478347814
cycle= 4 E= 984.880744019786  delta_E= -4.92e-05  |g|= 0.00256  |ddm|= 0.0175
  HOMO = -0.251483702898674  LUMO = 0.045725403773914
cycle= 5 E= 984.880737556473  delta_E= -6.46e-06  |g|= 0.000672  |ddm|= 0.00691
  HOMO = -0.251504627673593  LUMO = 0.0457508423959347
cycle= 6 E= 984.880737247156  delta_E= -3.09e-07  |g|= 0.000147  |ddm|= 0.00167
  HOMO = -0.251539274984649  LUMO = 0.0457429891356467
cycle= 7 E= 984.880737236515  delta_E= -1.06e-08  |g|= 5.37e-05  |ddm|= 0.000312
  HOMO = -0.251538226508994  LUMO = 0.0457407639767385
cycle= 8 E= 984.880737234557  delta_E= -1.96e-09  |g|= 2.52e-05  |ddm|= 9.73e-05
  HOMO = -0.251539458299477  LUMO = 0.0457384757467662
cycle= 9 E= 984.880737234118  delta_E= -4.38e-10  |g|= 6.52e-06  |ddm|= 7.19e-05
  HOMO = -0.25153964457135  LUMO = 0.0457380963687422
Extra cycle  E= 984.880737234102  delta_E= -1.66e-11  |g|= 3.99e-06  |ddm|= 1.39e-05
converged SCF energy = 984.880737234102
Difference in energy:  -632.2972572473801
E(MP2) = 984.312832784358  E_corr = -0.567904449744218
Total energy =  -774.0438022415118
time elapsed:  28.92683434486389
