

******** <class 'pyscf.dft.rks.RKS'> ********
method = RKS-RHF
initial guess = minao
damping factor = 0
level_shift factor = 0
DIIS = <class 'pyscf.scf.diis.CDIIS'>
diis_start_cycle = 1
diis_space = 8
SCF conv_tol = 1e-09
SCF conv_tol_grad = 1e-05
SCF max_cycles = 1000
direct_scf = True
direct_scf_tol = 1e-13
chkfile to save SCF result = scf.fchk
max_memory 900000 MB (current use 79 MB)
XC library pyscf.dft.libxc version 5.1.7
    S. Lehtola, C. Steigemann, M. J. Oliveira, and M. A. Marques, SoftwareX 7, 1 (2018)
XC functionals = pbe
    J. P. Perdew, K. Burke, and M. Ernzerhof, Phys. Rev. Lett. 77, 3865 (1996)
    J. P. Perdew, K. Burke, and M. Ernzerhof, Phys. Rev. Lett. 78, 1396 (1997)
    J. P. Perdew, K. Burke, and M. Ernzerhof, Phys. Rev. Lett. 77, 3865 (1996)
    J. P. Perdew, K. Burke, and M. Ernzerhof, Phys. Rev. Lett. 78, 1396 (1997)
small_rho_cutoff = 1e-07
init E= -776.049844041326
  HOMO = -0.257208088434922  LUMO = -0.185398391638989
cycle= 1 E= -774.147380707405  delta_E=  1.9  |g|= 1.15  |ddm|= 6.27
  HOMO = -0.0370722961855125  LUMO = 0.0196234920309896
cycle= 2 E= -771.191262587938  delta_E= 2.96  |g|= 2.85  |ddm|= 3.88
  HOMO = -0.121505345426172  LUMO = -0.0759268946108553
cycle= 3 E= -773.559090945115  delta_E= -2.37  |g|= 1.52  |ddm|= 3.42
  HOMO = -0.164345072863178  LUMO = -0.0899837944522575
cycle= 4 E= -774.445852079948  delta_E= -0.887  |g|= 0.347  |ddm|= 2.16
  HOMO = -0.173691171879384  LUMO = -0.112650289761675
cycle= 5 E= -774.422268432503  delta_E= 0.0236  |g|= 0.396  |ddm|= 0.977
  HOMO = -0.179603046257424  LUMO = -0.110949824128543
cycle= 6 E= -774.478143026794  delta_E= -0.0559  |g|= 0.151  |ddm|= 0.671
  HOMO = -0.178203379075052  LUMO = -0.108540696623518
cycle= 7 E= -774.484325502992  delta_E= -0.00618  |g|= 0.0479  |ddm|=  0.2
  HOMO = -0.1779527772781  LUMO = -0.10752547615331
cycle= 8 E= -774.484652724133  delta_E= -0.000327  |g|= 0.0318  |ddm|= 0.0806
  HOMO = -0.177896534613871  LUMO = -0.10774021886904
cycle= 9 E= -774.484961597382  delta_E= -0.000309  |g|= 0.00983  |ddm|= 0.0428
  HOMO = -0.17815903462999  LUMO = -0.107875557112348
cycle= 10 E= -774.484977019293  delta_E= -1.54e-05  |g|= 0.00623  |ddm|= 0.0156
  HOMO = -0.178173053923334  LUMO = -0.107823665047593
cycle= 11 E= -774.484985595305  delta_E= -8.58e-06  |g|= 0.00283  |ddm|= 0.00907
  HOMO = -0.17811930428605  LUMO = -0.107784623078278
cycle= 12 E= -774.484987780575  delta_E= -2.19e-06  |g|= 0.000584  |ddm|= 0.00328
  HOMO = -0.178113846730305  LUMO = -0.107786066295821
cycle= 13 E= -774.48498790451  delta_E= -1.24e-07  |g|= 0.00018  |ddm|= 0.000866
  HOMO = -0.178109851542085  LUMO = -0.107786937309753
cycle= 14 E= -774.484987914046  delta_E= -9.54e-09  |g|= 7.05e-05  |ddm|= 0.000273
  HOMO = -0.17811100781031  LUMO = -0.1077889620019
cycle= 15 E= -774.484987908827  delta_E= 5.22e-09  |g|= 0.000147  |ddm|= 0.000227
  HOMO = -0.178111750697739  LUMO = -0.107789850672872
cycle= 16 E= -774.484987915051  delta_E= -6.22e-09  |g|= 3.71e-05  |ddm|= 0.000185
  HOMO = -0.178111339553284  LUMO = -0.107788737659695
cycle= 17 E= -774.484987915278  delta_E= -2.26e-10  |g|= 1.83e-05  |ddm|= 4.39e-05
  HOMO = -0.178111336403508  LUMO = -0.107788747095784
cycle= 18 E= -774.484987915367  delta_E= -8.98e-11  |g|= 6.85e-06  |ddm|= 2.46e-05
  HOMO = -0.178111593571364  LUMO = -0.107788526737289
Extra cycle  E= -774.484987915239  delta_E= 1.28e-10  |g|= 2.07e-05  |ddm|= 3.44e-05
converged SCF energy = -774.484987915239
AOs:  [0, 1, 2, 3, 4, 5, 6, 7, 8, 9, 10, 11, 12, 13, 14, 15, 16, 17, 18, 19, 20, 21, 22, 23, 24, 25, 26, 27, 28, 29, 30, 31, 32, 33, 34, 35, 36, 37, 38, 39, 40, 41, 42, 43, 44, 45, 46, 47, 48, 49, 50, 51, 52, 53, 54, 55, 56, 57, 58, 59, 60, 61, 62, 63]
64

 AO indices used for projection:  [0, 1, 3, 4, 5, 14, 16, 17, 19, 20, 21, 30, 32, 33, 35, 36, 37, 46, 48, 49, 51, 52, 53, 62]
 # of orbitals to keep:  16
Number of Active MOs:  16
Number of Environment MOs:  54
Number of Virtual MOs:  244
 # electrons:            α            β
         Env:  54.00000000  54.00000000
         Act:  16.00000000  16.00000000
         Vir:  -0.00000000  -0.00000000
Number of electrons in the active space:  32

 The density matrix is idempotent!

 The density matrix is idempotent!


******** <class 'pyscf.scf.hf.RHF'> ********
method = RHF
initial guess = minao
damping factor = 0
level_shift factor = 0
DIIS = <class 'pyscf.scf.diis.CDIIS'>
diis_start_cycle = 1
diis_space = 8
SCF conv_tol = 1e-09
SCF conv_tol_grad = 1e-05
SCF max_cycles = 200
direct_scf = True
direct_scf_tol = 1e-13
chkfile to save SCF result = subsys_scf.chk
max_memory 900000 MB (current use 10630 MB)
init E= 984.846561422075
  HOMO = -0.244176321245895  LUMO = 0.0437096836156503
cycle= 1 E= 984.80283616384  delta_E= -0.0437  |g|= 0.0708  |ddm|= 0.815
  HOMO = -0.2503560324689  LUMO = 0.0436748306158786
cycle= 2 E= 984.799698915098  delta_E= -0.00314  |g|= 0.023  |ddm|= 0.147
  HOMO = -0.251045614268291  LUMO = 0.045549307921094
cycle= 3 E= 984.799083782262  delta_E= -0.000615  |g|= 0.00689  |ddm|= 0.0674
  HOMO = -0.251815656388297  LUMO = 0.0457709204399529
cycle= 4 E= 984.799035951966  delta_E= -4.78e-05  |g|= 0.00253  |ddm|= 0.0172
  HOMO = -0.252303580426358  LUMO = 0.0459156486737985
cycle= 5 E= 984.799029678732  delta_E= -6.27e-06  |g|= 0.000665  |ddm|= 0.00677
  HOMO = -0.252327029253663  LUMO = 0.0459396957899638
cycle= 6 E= 984.799029378696  delta_E= -3e-07  |g|= 0.000148  |ddm|= 0.00163
  HOMO = -0.252359324341147  LUMO = 0.0459321255982884
cycle= 7 E= 984.799029368067  delta_E= -1.06e-08  |g|= 5.55e-05  |ddm|= 0.000305
  HOMO = -0.252359573092123  LUMO = 0.0459298213276911
cycle= 8 E= 984.79902936618  delta_E= -1.89e-09  |g|= 2.47e-05  |ddm|= 9.74e-05
  HOMO = -0.252360416190163  LUMO = 0.0459275796168187
cycle= 9 E= 984.799029365677  delta_E= -5.03e-10  |g|= 6.62e-06  |ddm|= 6.97e-05
  HOMO = -0.252360780562348  LUMO = 0.0459271893655167
Extra cycle  E= 984.799029365409  delta_E= -2.68e-10  |g|= 3.94e-06  |ddm|= 1.4e-05
converged SCF energy = 984.799029365409
Difference in energy:  -632.0089866948636
E(MP2) = 984.23137742083  E_corr = -0.567651944579828
Total energy =  -774.0454702741633
time elapsed:  34.431724309921265
