

******** <class 'pyscf.dft.rks.RKS'> ********
method = RKS-RHF
initial guess = minao
damping factor = 0
level_shift factor = 0
DIIS = <class 'pyscf.scf.diis.CDIIS'>
diis_start_cycle = 1
diis_space = 8
SCF conv_tol = 1e-09
SCF conv_tol_grad = 1e-05
SCF max_cycles = 1000
direct_scf = True
direct_scf_tol = 1e-13
chkfile to save SCF result = scf.fchk
max_memory 900000 MB (current use 79 MB)
XC library pyscf.dft.libxc version 5.1.7
    S. Lehtola, C. Steigemann, M. J. Oliveira, and M. A. Marques, SoftwareX 7, 1 (2018)
XC functionals = pbe
    J. P. Perdew, K. Burke, and M. Ernzerhof, Phys. Rev. Lett. 77, 3865 (1996)
    J. P. Perdew, K. Burke, and M. Ernzerhof, Phys. Rev. Lett. 78, 1396 (1997)
    J. P. Perdew, K. Burke, and M. Ernzerhof, Phys. Rev. Lett. 77, 3865 (1996)
    J. P. Perdew, K. Burke, and M. Ernzerhof, Phys. Rev. Lett. 78, 1396 (1997)
small_rho_cutoff = 1e-07
init E= -776.056338143378
  HOMO = -0.256084132256616  LUMO = -0.186075898048999
cycle= 1 E= -774.138036810044  delta_E= 1.92  |g|= 1.16  |ddm|= 6.27
  HOMO = -0.0397099386239168  LUMO = 0.013692048754253
cycle= 2 E= -771.1407013167  delta_E=    3  |g|= 2.86  |ddm|= 3.91
  HOMO = -0.121521123887407  LUMO = -0.0754558714221721
cycle= 3 E= -773.561154344422  delta_E= -2.42  |g|= 1.53  |ddm|= 3.46
  HOMO = -0.163350348925927  LUMO = -0.091009669212599
cycle= 4 E= -774.441056682963  delta_E= -0.88  |g|= 0.335  |ddm|= 2.16
  HOMO = -0.174841345062251  LUMO = -0.113319156545746
cycle= 5 E= -774.418961203582  delta_E= 0.0221  |g|= 0.385  |ddm|= 0.932
  HOMO = -0.178550892790505  LUMO = -0.111402958773544
cycle= 6 E= -774.46906168608  delta_E= -0.0501  |g|= 0.154  |ddm|= 0.658
  HOMO = -0.177207223257206  LUMO = -0.10949155908987
cycle= 7 E= -774.475605341068  delta_E= -0.00654  |g|= 0.0484  |ddm|= 0.208
  HOMO = -0.176960710907508  LUMO = -0.108305745704081
cycle= 8 E= -774.476006254204  delta_E= -0.000401  |g|= 0.0297  |ddm|= 0.0814
  HOMO = -0.176878879225139  LUMO = -0.108544517625174
cycle= 9 E= -774.476269091363  delta_E= -0.000263  |g|= 0.00943  |ddm|= 0.0394
  HOMO = -0.177066148428934  LUMO = -0.108659942372504
cycle= 10 E= -774.476280496508  delta_E= -1.14e-05  |g|= 0.00671  |ddm|= 0.0161
  HOMO = -0.1771170114898  LUMO = -0.108635726791757
cycle= 11 E= -774.476290877764  delta_E= -1.04e-05  |g|= 0.00307  |ddm|= 0.0102
  HOMO = -0.177066684370462  LUMO = -0.108588353137256
cycle= 12 E= -774.476293465071  delta_E= -2.59e-06  |g|= 0.00063  |ddm|= 0.0036
  HOMO = -0.177062319547523  LUMO = -0.108590706805004
cycle= 13 E= -774.476293587352  delta_E= -1.22e-07  |g|= 0.000264  |ddm|= 0.000874
  HOMO = -0.177055109294957  LUMO = -0.10858827098003
cycle= 14 E= -774.476293608482  delta_E= -2.11e-08  |g|= 9.05e-05  |ddm|= 0.000367
  HOMO = -0.177056681043984  LUMO = -0.108591444539249
cycle= 15 E= -774.476293594207  delta_E= 1.43e-08  |g|= 0.000228  |ddm|= 0.000361
  HOMO = -0.177057987767778  LUMO = -0.108592556857749
cycle= 16 E= -774.476293610235  delta_E= -1.6e-08  |g|= 4.73e-05  |ddm|= 0.000283
  HOMO = -0.177057133232099  LUMO = -0.108591125199216
cycle= 17 E= -774.476293610543  delta_E= -3.08e-10  |g|= 2.62e-05  |ddm|= 5.81e-05
  HOMO = -0.177057091261962  LUMO = -0.108591152903056
cycle= 18 E= -774.476293610727  delta_E= -1.84e-10  |g|= 1.03e-05  |ddm|= 3.66e-05
  HOMO = -0.177057325012801  LUMO = -0.108591105285711
cycle= 19 E= -774.476293610757  delta_E= -2.96e-11  |g|= 4.78e-06  |ddm|= 1.63e-05
  HOMO = -0.177057270780657  LUMO = -0.108591099980681
Extra cycle  E= -774.476293610719  delta_E= 3.73e-11  |g|= 1.23e-05  |ddm|= 1.9e-05
converged SCF energy = -774.476293610719
AOs:  [0, 1, 2, 3, 4, 5, 6, 7, 8, 9, 10, 11, 12, 13, 14, 15, 16, 17, 18, 19, 20, 21, 22, 23, 24, 25, 26, 27, 28, 29, 30, 31, 32, 33, 34, 35, 36, 37, 38, 39, 40, 41, 42, 43, 44, 45, 46, 47, 48, 49, 50, 51, 52, 53, 54, 55, 56, 57, 58, 59, 60, 61, 62, 63]
64

 AO indices used for projection:  [0, 1, 3, 4, 5, 14, 16, 17, 19, 20, 21, 30, 32, 33, 35, 36, 37, 46, 48, 49, 51, 52, 53, 62]
 # of orbitals to keep:  16
Number of Active MOs:  16
Number of Environment MOs:  54
Number of Virtual MOs:  244
 # electrons:            α            β
         Env:  54.00000000  54.00000000
         Act:  16.00000000  16.00000000
         Vir:  -0.00000000  -0.00000000
Number of electrons in the active space:  32

 The density matrix is idempotent!

 The density matrix is idempotent!


******** <class 'pyscf.scf.hf.RHF'> ********
method = RHF
initial guess = minao
damping factor = 0
level_shift factor = 0
DIIS = <class 'pyscf.scf.diis.CDIIS'>
diis_start_cycle = 1
diis_space = 8
SCF conv_tol = 1e-09
SCF conv_tol_grad = 1e-05
SCF max_cycles = 200
direct_scf = True
direct_scf_tol = 1e-13
chkfile to save SCF result = subsys_scf.chk
max_memory 900000 MB (current use 10673 MB)
init E= 1003.01464107454
  HOMO = -0.241997162612463  LUMO = 0.0439678209594066
cycle= 1 E= 1002.97072981081  delta_E= -0.0439  |g|= 0.0712  |ddm|= 0.786
  HOMO = -0.24775176874236  LUMO = 0.0436080840413795
cycle= 2 E= 1002.96750418374  delta_E= -0.00323  |g|= 0.0236  |ddm|= 0.151
  HOMO = -0.248600296698904  LUMO = 0.0453943675318727
cycle= 3 E= 1002.96683878804  delta_E= -0.000665  |g|= 0.00725  |ddm|= 0.0724
  HOMO = -0.24927114640536  LUMO = 0.0456411200540627
cycle= 4 E= 1002.96678141977  delta_E= -5.74e-05  |g|= 0.00285  |ddm|= 0.0198
  HOMO = -0.249903149040033  LUMO = 0.0457905098889837
cycle= 5 E= 1002.96677347501  delta_E= -7.94e-06  |g|= 0.000805  |ddm|= 0.00814
  HOMO = -0.24989819414817  LUMO = 0.0458236021869368
cycle= 6 E= 1002.96677303487  delta_E= -4.4e-07  |g|= 0.000226  |ddm|= 0.00202
  HOMO = -0.249938163125424  LUMO = 0.0458191543718214
cycle= 7 E= 1002.96677301461  delta_E= -2.03e-08  |g|= 6.05e-05  |ddm|= 0.000393
  HOMO = -0.249945054344068  LUMO = 0.0458154689339265
cycle= 8 E= 1002.96677301234  delta_E= -2.27e-09  |g|= 2.16e-05  |ddm|= 0.000139
  HOMO = -0.249945986424067  LUMO = 0.0458138598502127
cycle= 9 E= 1002.96677301187  delta_E= -4.65e-10  |g|= 9.51e-06  |ddm|= 5.99e-05
  HOMO = -0.249946390650069  LUMO = 0.045813314054793
Extra cycle  E= 1002.96677301162  delta_E= -2.53e-10  |g|= 4.34e-06  |ddm|= 1.8e-05
converged SCF energy = 1002.96677301162
Difference in energy:  -633.4740275168141
E(MP2) = 1002.39724328657  E_corr = -0.569529725047188
Total energy =  -774.0363190609074
time elapsed:  28.799020528793335
