

******** <class 'pyscf.dft.rks.RKS'> ********
method = RKS-RHF
initial guess = minao
damping factor = 0
level_shift factor = 0
DIIS = <class 'pyscf.scf.diis.CDIIS'>
diis_start_cycle = 1
diis_space = 8
SCF conv_tol = 1e-09
SCF conv_tol_grad = 1e-05
SCF max_cycles = 1000
direct_scf = True
direct_scf_tol = 1e-13
chkfile to save SCF result = scf.fchk
max_memory 900000 MB (current use 79 MB)
XC library pyscf.dft.libxc version 5.1.7
    S. Lehtola, C. Steigemann, M. J. Oliveira, and M. A. Marques, SoftwareX 7, 1 (2018)
XC functionals = pbe
    J. P. Perdew, K. Burke, and M. Ernzerhof, Phys. Rev. Lett. 77, 3865 (1996)
    J. P. Perdew, K. Burke, and M. Ernzerhof, Phys. Rev. Lett. 78, 1396 (1997)
    J. P. Perdew, K. Burke, and M. Ernzerhof, Phys. Rev. Lett. 77, 3865 (1996)
    J. P. Perdew, K. Burke, and M. Ernzerhof, Phys. Rev. Lett. 78, 1396 (1997)
small_rho_cutoff = 1e-07
init E= -776.054027294549
  HOMO = -0.254574970074626  LUMO = -0.188027863809241
cycle= 1 E= -774.13210207068  delta_E= 1.92  |g|= 1.15  |ddm|= 6.27
  HOMO = -0.0423458645763009  LUMO = 0.0133260813005581
cycle= 2 E= -771.115072395307  delta_E= 3.02  |g|= 2.87  |ddm|= 3.92
  HOMO = -0.122171751600404  LUMO = -0.0727062444961953
cycle= 3 E= -773.586318279943  delta_E= -2.47  |g|= 1.51  |ddm|= 3.48
  HOMO = -0.161493672902136  LUMO = -0.0939131044161533
cycle= 4 E= -774.43599683158  delta_E= -0.85  |g|= 0.331  |ddm|= 2.14
  HOMO = -0.174979351338531  LUMO = -0.113557302336899
cycle= 5 E= -774.407799497825  delta_E= 0.0282  |g|=  0.4  |ddm|= 0.957
  HOMO = -0.176720428752278  LUMO = -0.113153732849823
cycle= 6 E= -774.462414787062  delta_E= -0.0546  |g|= 0.161  |ddm|= 0.707
  HOMO = -0.175718906744368  LUMO = -0.111608374933875
cycle= 7 E= -774.4697989054  delta_E= -0.00738  |g|= 0.0527  |ddm|= 0.231
  HOMO = -0.175283935089974  LUMO = -0.110382242838518
cycle= 8 E= -774.470345593033  delta_E= -0.000547  |g|= 0.0299  |ddm|= 0.0887
  HOMO = -0.17524922657278  LUMO = -0.110674508158534
cycle= 9 E= -774.470607927647  delta_E= -0.000262  |g|= 0.0101  |ddm|= 0.0404
  HOMO = -0.175426742804342  LUMO = -0.110778454355811
cycle= 10 E= -774.470620876791  delta_E= -1.29e-05  |g|= 0.00725  |ddm|= 0.0174
  HOMO = -0.175489211312103  LUMO = -0.110783158224694
cycle= 11 E= -774.470633218159  delta_E= -1.23e-05  |g|= 0.00334  |ddm|= 0.0113
  HOMO = -0.175436801417145  LUMO = -0.110731416535439
cycle= 12 E= -774.47063625025  delta_E= -3.03e-06  |g|= 0.000741  |ddm|= 0.00391
  HOMO = -0.175429641162918  LUMO = -0.110728294658183
cycle= 13 E= -774.470636413346  delta_E= -1.63e-07  |g|= 0.000312  |ddm|= 0.001
  HOMO = -0.175422346675986  LUMO = -0.110725513637886
cycle= 14 E= -774.470636443979  delta_E= -3.06e-08  |g|= 9.99e-05  |ddm|= 0.000442
  HOMO = -0.175425262491467  LUMO = -0.110729041085291
cycle= 15 E= -774.470636423728  delta_E= 2.03e-08  |g|= 0.000263  |ddm|= 0.000426
  HOMO = -0.175426157618049  LUMO = -0.110730169293616
cycle= 16 E= -774.470636446099  delta_E= -2.24e-08  |g|= 5.65e-05  |ddm|= 0.000339
  HOMO = -0.175424916900686  LUMO = -0.110728596111225
cycle= 17 E= -774.470636446423  delta_E= -3.24e-10  |g|= 3.55e-05  |ddm|= 7.32e-05
  HOMO = -0.175424873128369  LUMO = -0.110728691805997
cycle= 18 E= -774.470636446754  delta_E= -3.31e-10  |g|= 1.53e-05  |ddm|= 5.27e-05
  HOMO = -0.175425122020729  LUMO = -0.110728629302464
cycle= 19 E= -774.47063644682  delta_E= -6.68e-11  |g|= 5.65e-06  |ddm|= 2.26e-05
  HOMO = -0.175425106111396  LUMO = -0.110728644376342
Extra cycle  E= -774.470636446765  delta_E= 5.5e-11  |g|= 1.48e-05  |ddm|= 2.3e-05
converged SCF energy = -774.470636446765
AOs:  [0, 1, 2, 3, 4, 5, 6, 7, 8, 9, 10, 11, 12, 13, 14, 15, 16, 17, 18, 19, 20, 21, 22, 23, 24, 25, 26, 27, 28, 29, 30, 31, 32, 33, 34, 35, 36, 37, 38, 39, 40, 41, 42, 43, 44, 45, 46, 47, 48, 49, 50, 51, 52, 53, 54, 55, 56, 57, 58, 59, 60, 61, 62, 63]
64

 AO indices used for projection:  [0, 1, 3, 4, 5, 14, 16, 17, 19, 20, 21, 30, 32, 33, 35, 36, 37, 46, 48, 49, 51, 52, 53, 62]
 # of orbitals to keep:  16
Number of Active MOs:  16
Number of Environment MOs:  54
Number of Virtual MOs:  244
 # electrons:            α            β
         Env:  54.00000000  54.00000000
         Act:  16.00000000  16.00000000
         Vir:  -0.00000000  -0.00000000
Number of electrons in the active space:  32

 The density matrix is idempotent!

 The density matrix is idempotent!


******** <class 'pyscf.scf.hf.RHF'> ********
method = RHF
initial guess = minao
damping factor = 0
level_shift factor = 0
DIIS = <class 'pyscf.scf.diis.CDIIS'>
diis_start_cycle = 1
diis_space = 8
SCF conv_tol = 1e-09
SCF conv_tol_grad = 1e-05
SCF max_cycles = 200
direct_scf = True
direct_scf_tol = 1e-13
chkfile to save SCF result = subsys_scf.chk
max_memory 900000 MB (current use 10672 MB)
init E= 1002.16808048494
  HOMO = -0.236662504113229  LUMO = 0.0415646794779591
cycle= 1 E= 1002.12403236265  delta_E= -0.044  |g|= 0.0714  |ddm|= 0.767
  HOMO = -0.242535889580153  LUMO = 0.0418172007465487
cycle= 2 E= 1002.12072636706  delta_E= -0.00331  |g|= 0.024  |ddm|= 0.154
  HOMO = -0.243611358014473  LUMO = 0.0440816660303322
cycle= 3 E= 1002.1200165732  delta_E= -0.00071  |g|= 0.0077  |ddm|= 0.0758
  HOMO = -0.244255615599148  LUMO = 0.0444445988282189
cycle= 4 E= 1002.11995028181  delta_E= -6.63e-05  |g|= 0.00313  |ddm|= 0.0218
  HOMO = -0.244991168904785  LUMO = 0.0446366604071361
cycle= 5 E= 1002.11994058074  delta_E= -9.7e-06  |g|= 0.000888  |ddm|= 0.00936
  HOMO = -0.244988121811087  LUMO = 0.0446871794036679
cycle= 6 E= 1002.11994003134  delta_E= -5.49e-07  |g|= 0.000252  |ddm|= 0.00234
  HOMO = -0.245029170751907  LUMO = 0.0446832429231932
cycle= 7 E= 1002.11994000505  delta_E= -2.63e-08  |g|= 6.92e-05  |ddm|= 0.000472
  HOMO = -0.245038608485351  LUMO = 0.0446789239066426
cycle= 8 E= 1002.11994000187  delta_E= -3.18e-09  |g|= 2.37e-05  |ddm|= 0.000166
  HOMO = -0.245038988901758  LUMO = 0.0446774998548633
cycle= 9 E= 1002.1199400014  delta_E= -4.76e-10  |g|= 1.15e-05  |ddm|= 6.79e-05
  HOMO = -0.245039728730258  LUMO = 0.0446767239720607
cycle= 10 E= 1002.11994000134  delta_E= -6.06e-11  |g|= 4.13e-06  |ddm|= 2.73e-05
  HOMO = -0.245039235263101  LUMO = 0.0446765351931505
Extra cycle  E= 1002.1199400014  delta_E= 6.31e-11  |g|= 2.97e-06  |ddm|= 9.65e-06
converged SCF energy = 1002.1199400014
Difference in energy:  -635.1173386456663
E(MP2) = 1001.5493621351  E_corr = -0.570577866297472
Total energy =  -774.0290912574213
time elapsed:  32.90909767150879
