

******** <class 'pyscf.dft.rks.RKS'> ********
method = RKS-RHF
initial guess = minao
damping factor = 0
level_shift factor = 0
DIIS = <class 'pyscf.scf.diis.CDIIS'>
diis_start_cycle = 1
diis_space = 8
SCF conv_tol = 1e-09
SCF conv_tol_grad = 1e-05
SCF max_cycles = 1000
direct_scf = True
direct_scf_tol = 1e-13
chkfile to save SCF result = scf.fchk
max_memory 900000 MB (current use 79 MB)
XC library pyscf.dft.libxc version 5.1.7
    S. Lehtola, C. Steigemann, M. J. Oliveira, and M. A. Marques, SoftwareX 7, 1 (2018)
XC functionals = pbe
    J. P. Perdew, K. Burke, and M. Ernzerhof, Phys. Rev. Lett. 77, 3865 (1996)
    J. P. Perdew, K. Burke, and M. Ernzerhof, Phys. Rev. Lett. 78, 1396 (1997)
    J. P. Perdew, K. Burke, and M. Ernzerhof, Phys. Rev. Lett. 77, 3865 (1996)
    J. P. Perdew, K. Burke, and M. Ernzerhof, Phys. Rev. Lett. 78, 1396 (1997)
small_rho_cutoff = 1e-07
init E= -776.051908310249
  HOMO = -0.252253964449283  LUMO = -0.190705159427394
cycle= 1 E= -774.122729015034  delta_E= 1.93  |g|= 1.16  |ddm|= 6.27
  HOMO = -0.0450786845828568  LUMO = 0.0104956641846267
cycle= 2 E= -771.074762599161  delta_E= 3.05  |g|= 2.88  |ddm|= 3.93
  HOMO = -0.123144805082398  LUMO = -0.0689224141523701
cycle= 3 E= -773.609102412004  delta_E= -2.53  |g|= 1.49  |ddm|= 3.51
  HOMO = -0.158811980707304  LUMO = -0.0978626345839363
cycle= 4 E= -774.426780591607  delta_E= -0.818  |g|= 0.333  |ddm|= 2.13
  HOMO = -0.174710602145396  LUMO = -0.113885259418982
cycle= 5 E= -774.389639743255  delta_E= 0.0371  |g|= 0.426  |ddm|= 1.01
  HOMO = -0.173683786176114  LUMO = -0.115646760985942
cycle= 6 E= -774.452062780047  delta_E= -0.0624  |g|= 0.175  |ddm|= 0.788
  HOMO = -0.173378182052775  LUMO = -0.114643349864138
cycle= 7 E= -774.461082521312  delta_E= -0.00902  |g|= 0.0612  |ddm|= 0.274
  HOMO = -0.172590370081812  LUMO = -0.113298606728484
cycle= 8 E= -774.461965166192  delta_E= -0.000883  |g|= 0.0307  |ddm|= 0.104
  HOMO = -0.172654516684227  LUMO = -0.113663920632867
cycle= 9 E= -774.462234126221  delta_E= -0.000269  |g|= 0.0113  |ddm|= 0.0425
  HOMO = -0.172821892880045  LUMO = -0.113755707358949
cycle= 10 E= -774.462251848573  delta_E= -1.77e-05  |g|= 0.00784  |ddm|= 0.0194
  HOMO = -0.172900742228986  LUMO = -0.113802847307695
cycle= 11 E= -774.462266411994  delta_E= -1.46e-05  |g|= 0.00367  |ddm|= 0.0126
  HOMO = -0.172845599313044  LUMO = -0.113745492984481
cycle= 12 E= -774.462270037165  delta_E= -3.63e-06  |g|= 0.000899  |ddm|= 0.00432
  HOMO = -0.172831795536413  LUMO = -0.113733191562043
cycle= 13 E= -774.462270277276  delta_E= -2.4e-07  |g|= 0.000358  |ddm|= 0.00121
  HOMO = -0.172826111300755  LUMO = -0.113730984533364
cycle= 14 E= -774.462270319192  delta_E= -4.19e-08  |g|= 0.000105  |ddm|= 0.000517
  HOMO = -0.172830428589303  LUMO = -0.113734585282728
cycle= 15 E= -774.462270291434  delta_E= 2.78e-08  |g|= 0.000296  |ddm|= 0.000495
  HOMO = -0.172830410833882  LUMO = -0.113735527171478
cycle= 16 E= -774.462270321504  delta_E= -3.01e-08  |g|= 6.4e-05  |ddm|= 0.000397
  HOMO = -0.172828884592119  LUMO = -0.113733889340045
cycle= 17 E= -774.462270321761  delta_E= -2.57e-10  |g|= 4.5e-05  |ddm|= 9.18e-05
  HOMO = -0.172828958035078  LUMO = -0.11373409809113
cycle= 18 E= -774.462270322308  delta_E= -5.47e-10  |g|= 2e-05  |ddm|= 7.17e-05
  HOMO = -0.172829151630176  LUMO = -0.113734024392105
cycle= 19 E= -774.462270322426  delta_E= -1.18e-10  |g|= 6.02e-06  |ddm|= 2.78e-05
  HOMO = -0.172829120593951  LUMO = -0.113734032436602
Extra cycle  E= -774.462270322352  delta_E= 7.37e-11  |g|= 1.66e-05  |ddm|= 2.64e-05
converged SCF energy = -774.462270322352
AOs:  [0, 1, 2, 3, 4, 5, 6, 7, 8, 9, 10, 11, 12, 13, 14, 15, 16, 17, 18, 19, 20, 21, 22, 23, 24, 25, 26, 27, 28, 29, 30, 31, 32, 33, 34, 35, 36, 37, 38, 39, 40, 41, 42, 43, 44, 45, 46, 47, 48, 49, 50, 51, 52, 53, 54, 55, 56, 57, 58, 59, 60, 61, 62, 63]
64

 AO indices used for projection:  [0, 1, 3, 4, 5, 14, 16, 17, 19, 20, 21, 30, 32, 33, 35, 36, 37, 46, 48, 49, 51, 52, 53, 62]
 # of orbitals to keep:  15
Number of Active MOs:  15
Number of Environment MOs:  55
Number of Virtual MOs:  244
 # electrons:            α            β
         Env:  55.00000000  55.00000000
         Act:  15.00000000  15.00000000
         Vir:   0.00000000   0.00000000
Number of electrons in the active space:  30

 The density matrix is idempotent!

 The density matrix is idempotent!


******** <class 'pyscf.scf.hf.RHF'> ********
method = RHF
initial guess = minao
damping factor = 0
level_shift factor = 0
DIIS = <class 'pyscf.scf.diis.CDIIS'>
diis_start_cycle = 1
diis_space = 8
SCF conv_tol = 1e-09
SCF conv_tol_grad = 1e-05
SCF max_cycles = 200
direct_scf = True
direct_scf_tol = 1e-13
chkfile to save SCF result = subsys_scf.chk
max_memory 900000 MB (current use 10595 MB)
init E= 1015.51228435485
  HOMO = -0.292579064703898  LUMO = 0.0398670798977814
cycle= 1 E= 1015.47439374283  delta_E= -0.0379  |g|= 0.069  |ddm|= 0.709
  HOMO = -0.298396181068831  LUMO = 0.0327779821090188
cycle= 2 E= 1015.4720443319  delta_E= -0.00235  |g|= 0.0217  |ddm|= 0.143
  HOMO = -0.296458638418325  LUMO = 0.031539448104058
cycle= 3 E= 1015.47162609301  delta_E= -0.000418  |g|= 0.0098  |ddm|= 0.0597
  HOMO = -0.296816671102062  LUMO = 0.0309847608901867
cycle= 4 E= 1015.47156729771  delta_E= -5.88e-05  |g|= 0.00353  |ddm|= 0.0204
  HOMO = -0.297138489764153  LUMO = 0.0306409480783788
cycle= 5 E= 1015.47155071486  delta_E= -1.66e-05  |g|= 0.00102  |ddm|= 0.0139
  HOMO = -0.297047691590905  LUMO = 0.0305610955774093
cycle= 6 E= 1015.47154987621  delta_E= -8.39e-07  |g|= 0.00025  |ddm|= 0.00334
  HOMO = -0.297102203148563  LUMO = 0.0305556306339609
cycle= 7 E= 1015.47154984539  delta_E= -3.08e-08  |g|= 6.4e-05  |ddm|= 0.000437
  HOMO = -0.297106069819123  LUMO = 0.0305516830099511
cycle= 8 E= 1015.47154984166  delta_E= -3.73e-09  |g|= 1.86e-05  |ddm|= 0.000196
  HOMO = -0.297106013318454  LUMO = 0.0305514415773325
cycle= 9 E= 1015.47154984117  delta_E= -4.93e-10  |g|= 6.12e-06  |ddm|= 5.39e-05
  HOMO = -0.29710616250256  LUMO = 0.0305515512523762
Extra cycle  E= 1015.4715498413  delta_E= 1.38e-10  |g|= 3.22e-06  |ddm|= 1.09e-05
converged SCF energy = 1015.4715498413
Difference in energy:  -569.6497152281604
E(MP2) = 1014.98805094409  E_corr = -0.483498897215972
Total energy =  -774.0379753752818
time elapsed:  30.891079425811768
