

******** <class 'pyscf.dft.rks.RKS'> ********
method = RKS-RHF
initial guess = minao
damping factor = 0
level_shift factor = 0
DIIS = <class 'pyscf.scf.diis.CDIIS'>
diis_start_cycle = 1
diis_space = 8
SCF conv_tol = 1e-09
SCF conv_tol_grad = 1e-05
SCF max_cycles = 1000
direct_scf = True
direct_scf_tol = 1e-13
chkfile to save SCF result = scf.fchk
max_memory 900000 MB (current use 79 MB)
XC library pyscf.dft.libxc version 5.1.7
    S. Lehtola, C. Steigemann, M. J. Oliveira, and M. A. Marques, SoftwareX 7, 1 (2018)
XC functionals = pbe
    J. P. Perdew, K. Burke, and M. Ernzerhof, Phys. Rev. Lett. 77, 3865 (1996)
    J. P. Perdew, K. Burke, and M. Ernzerhof, Phys. Rev. Lett. 78, 1396 (1997)
    J. P. Perdew, K. Burke, and M. Ernzerhof, Phys. Rev. Lett. 77, 3865 (1996)
    J. P. Perdew, K. Burke, and M. Ernzerhof, Phys. Rev. Lett. 78, 1396 (1997)
small_rho_cutoff = 1e-07
init E= -776.050242153317
  HOMO = -0.248949751275926  LUMO = -0.194076809624184
cycle= 1 E= -774.109134354987  delta_E= 1.94  |g|= 1.16  |ddm|= 6.27
  HOMO = -0.0461443544805928  LUMO = 0.00372282143567235
cycle= 2 E= -771.010326314455  delta_E=  3.1  |g|= 2.89  |ddm|= 3.96
  HOMO = -0.123984450977848  LUMO = -0.064685334571452
cycle= 3 E= -773.625732112826  delta_E= -2.62  |g|= 1.47  |ddm|= 3.57
  HOMO = -0.155254064491075  LUMO = -0.102758564917791
cycle= 4 E= -774.411351535807  delta_E= -0.786  |g|= 0.347  |ddm|= 2.14
  HOMO = -0.173876028764223  LUMO = -0.114126949794603
cycle= 5 E= -774.359967600166  delta_E= 0.0514  |g|= 0.471  |ddm|= 1.13
  HOMO = -0.169172451101051  LUMO = -0.118859643955353
cycle= 6 E= -774.437600919574  delta_E= -0.0776  |g|= 0.196  |ddm|= 0.925
  HOMO = -0.170016454253838  LUMO = -0.118633256049714
cycle= 7 E= -774.44936288507  delta_E= -0.0118  |g|= 0.076  |ddm|= 0.347
  HOMO = -0.168608793298894  LUMO = -0.117049679146285
cycle= 8 E= -774.450983814657  delta_E= -0.00162  |g|= 0.0333  |ddm|= 0.134
  HOMO = -0.168870639431651  LUMO = -0.117569423078471
cycle= 9 E= -774.451292331218  delta_E= -0.000309  |g|= 0.0131  |ddm|= 0.0474
  HOMO = -0.169031927093233  LUMO = -0.117646199619172
cycle= 10 E= -774.451320736038  delta_E= -2.84e-05  |g|= 0.00835  |ddm|= 0.0222
  HOMO = -0.169131936182934  LUMO = -0.117740659567929
cycle= 11 E= -774.451337375007  delta_E= -1.66e-05  |g|= 0.00391  |ddm|= 0.0137
  HOMO = -0.169072608158218  LUMO = -0.117677425070209
cycle= 12 E= -774.451341390745  delta_E= -4.02e-06  |g|= 0.00108  |ddm|= 0.00464
  HOMO = -0.169048041815916  LUMO = -0.117652783859931
cycle= 13 E= -774.451341738849  delta_E= -3.48e-07  |g|= 0.000386  |ddm|= 0.00146
  HOMO = -0.169046684044685  LUMO = -0.117653242892883
cycle= 14 E= -774.451341791644  delta_E= -5.28e-08  |g|= 8.13e-05  |ddm|= 0.000583
  HOMO = -0.169049718489391  LUMO = -0.117655168453341
cycle= 15 E= -774.451341777809  delta_E= 1.38e-08  |g|= 0.000206  |ddm|= 0.000363
  HOMO = -0.169049479338017  LUMO = -0.11765599978338
cycle= 16 E= -774.451341792537  delta_E= -1.47e-08  |g|= 6.92e-05  |ddm|= 0.000292
  HOMO = -0.169048107806445  LUMO = -0.117654669686811
cycle= 17 E= -774.451341793222  delta_E= -6.85e-10  |g|= 3.38e-05  |ddm|= 9.06e-05
  HOMO = -0.169048365594743  LUMO = -0.11765488568438
cycle= 18 E= -774.451341793523  delta_E= -3.01e-10  |g|= 1.73e-05  |ddm|= 6.2e-05
  HOMO = -0.169048438096939  LUMO = -0.117654842910566
cycle= 19 E= -774.451341793618  delta_E= -9.57e-11  |g|= 4.69e-06  |ddm|= 2.41e-05
  HOMO = -0.169048358370969  LUMO = -0.117654864280307
Extra cycle  E= -774.45134179355  delta_E= 6.84e-11  |g|= 1.48e-05  |ddm|= 2.51e-05
converged SCF energy = -774.45134179355
AOs:  [0, 1, 2, 3, 4, 5, 6, 7, 8, 9, 10, 11, 12, 13, 14, 15, 16, 17, 18, 19, 20, 21, 22, 23, 24, 25, 26, 27, 28, 29, 30, 31, 32, 33, 34, 35, 36, 37, 38, 39, 40, 41, 42, 43, 44, 45, 46, 47, 48, 49, 50, 51, 52, 53, 54, 55, 56, 57, 58, 59, 60, 61, 62, 63]
64

 AO indices used for projection:  [0, 1, 3, 4, 5, 14, 16, 17, 19, 20, 21, 30, 32, 33, 35, 36, 37, 46, 48, 49, 51, 52, 53, 62]
 # of orbitals to keep:  15
Number of Active MOs:  15
Number of Environment MOs:  55
Number of Virtual MOs:  244
 # electrons:            α            β
         Env:  55.00000000  55.00000000
         Act:  15.00000000  15.00000000
         Vir:   0.00000000   0.00000000
Number of electrons in the active space:  30

 The density matrix is idempotent!

 The density matrix is idempotent!


******** <class 'pyscf.scf.hf.RHF'> ********
method = RHF
initial guess = minao
damping factor = 0
level_shift factor = 0
DIIS = <class 'pyscf.scf.diis.CDIIS'>
diis_start_cycle = 1
diis_space = 8
SCF conv_tol = 1e-09
SCF conv_tol_grad = 1e-05
SCF max_cycles = 200
direct_scf = True
direct_scf_tol = 1e-13
chkfile to save SCF result = subsys_scf.chk
max_memory 900000 MB (current use 10607 MB)
init E= 1014.03831746745
  HOMO = -0.296656453223843  LUMO = 0.0376868753266098
cycle= 1 E= 1014.00002862433  delta_E= -0.0383  |g|= 0.0701  |ddm|= 0.697
  HOMO = -0.302063492335468  LUMO = 0.0307536978120803
cycle= 2 E= 1013.99754969917  delta_E= -0.00248  |g|= 0.0226  |ddm|= 0.147
  HOMO = -0.300418811332885  LUMO = 0.0295897812187225
cycle= 3 E= 1013.99708674248  delta_E= -0.000463  |g|= 0.0109  |ddm|= 0.0626
  HOMO = -0.300647195820293  LUMO = 0.0290271252706864
cycle= 4 E= 1013.99701573635  delta_E= -7.1e-05  |g|= 0.00378  |ddm|= 0.0226
  HOMO = -0.301057458077359  LUMO = 0.0286501363737704
cycle= 5 E= 1013.99699551619  delta_E= -2.02e-05  |g|= 0.00109  |ddm|= 0.0154
  HOMO = -0.300953400598779  LUMO = 0.0285712377805193
cycle= 6 E= 1013.9969945155  delta_E= -1e-06  |g|= 0.000277  |ddm|= 0.00362
  HOMO = -0.301011304410678  LUMO = 0.0285636199637387
cycle= 7 E= 1013.99699447609  delta_E= -3.94e-08  |g|= 6.91e-05  |ddm|= 0.00052
  HOMO = -0.301017278884327  LUMO = 0.0285594573157346
cycle= 8 E= 1013.99699447176  delta_E= -4.33e-09  |g|= 2.13e-05  |ddm|= 0.000224
  HOMO = -0.301016548381111  LUMO = 0.0285591176491279
cycle= 9 E= 1013.9969944714  delta_E= -3.64e-10  |g|= 7.03e-06  |ddm|= 6.04e-05
  HOMO = -0.301017164470334  LUMO = 0.0285592699104709
Extra cycle  E= 1013.99699447158  delta_E= 1.76e-10  |g|= 3.77e-06  |ddm|= 1.32e-05
converged SCF energy = 1013.99699447158
Difference in energy:  -569.0538663444275
E(MP2) = 1013.51173535976  E_corr = -0.485259111812086
Total energy =  -774.0297566059176
time elapsed:  31.160773277282715
