

******** <class 'pyscf.dft.rks.RKS'> ********
method = RKS-RHF
initial guess = minao
damping factor = 0
level_shift factor = 0
DIIS = <class 'pyscf.scf.diis.CDIIS'>
diis_start_cycle = 1
diis_space = 8
SCF conv_tol = 1e-09
SCF conv_tol_grad = 1e-05
SCF max_cycles = 1000
direct_scf = True
direct_scf_tol = 1e-13
chkfile to save SCF result = scf.fchk
max_memory 900000 MB (current use 79 MB)
XC library pyscf.dft.libxc version 5.1.7
    S. Lehtola, C. Steigemann, M. J. Oliveira, and M. A. Marques, SoftwareX 7, 1 (2018)
XC functionals = pbe
    J. P. Perdew, K. Burke, and M. Ernzerhof, Phys. Rev. Lett. 77, 3865 (1996)
    J. P. Perdew, K. Burke, and M. Ernzerhof, Phys. Rev. Lett. 78, 1396 (1997)
    J. P. Perdew, K. Burke, and M. Ernzerhof, Phys. Rev. Lett. 77, 3865 (1996)
    J. P. Perdew, K. Burke, and M. Ernzerhof, Phys. Rev. Lett. 78, 1396 (1997)
small_rho_cutoff = 1e-07
init E= -776.048275831491
  HOMO = -0.239643881425875  LUMO = -0.202481399345001
cycle= 1 E= -774.059571486096  delta_E= 1.99  |g|= 1.17  |ddm|= 6.28
  HOMO = -0.0344425718998355  LUMO = -0.0164087406438059
cycle= 2 E= -770.111107858317  delta_E= 3.95  |g|= 3.04  |ddm|= 4.35
  HOMO = -0.11947684310243  LUMO = -0.0580788083022456
cycle= 3 E= -773.686361374421  delta_E= -3.58  |g|= 1.36  |ddm|= 3.94
  HOMO = -0.139925093217857  LUMO = -0.119231608172591
cycle= 4 E= -774.312295009998  delta_E= -0.626  |g|= 0.513  |ddm|= 2.43
  HOMO = -0.174840189326182  LUMO = -0.119170307859262
cycle= 5 E= -774.265581396595  delta_E= 0.0467  |g|= 0.64  |ddm|= 1.68
  HOMO = -0.154858185449864  LUMO = -0.126083971597266
cycle= 6 E= -774.400371476654  delta_E= -0.135  |g|= 0.23  |ddm|= 1.36
  HOMO = -0.159613606167689  LUMO = -0.129164258276351
cycle= 7 E= -774.414595883944  delta_E= -0.0142  |g|= 0.151  |ddm|= 0.612
  HOMO = -0.155920774643558  LUMO = -0.126788080009299
cycle= 8 E= -774.422744129529  delta_E= -0.00815  |g|= 0.0477  |ddm|= 0.284
  HOMO = -0.157527792098238  LUMO = -0.128477393443211
cycle= 9 E= -774.423404501674  delta_E= -0.00066  |g|= 0.0205  |ddm|= 0.0804
  HOMO = -0.15770919935337  LUMO = -0.128561093318795
cycle= 10 E= -774.423509711211  delta_E= -0.000105  |g|= 0.0093  |ddm|= 0.0322
  HOMO = -0.157630368467921  LUMO = -0.128501529229183
cycle= 11 E= -774.423527568561  delta_E= -1.79e-05  |g|= 0.00432  |ddm|= 0.0149
  HOMO = -0.157570597555316  LUMO = -0.128425548334692
cycle= 12 E= -774.42353378971  delta_E= -6.22e-06  |g|= 0.00146  |ddm|= 0.00543
  HOMO = -0.157551550975307  LUMO = -0.12840019456132
cycle= 13 E= -774.42353454321  delta_E= -7.53e-07  |g|= 0.000582  |ddm|= 0.00292
  HOMO = -0.157554301615634  LUMO = -0.128404775758398
cycle= 14 E= -774.423534617243  delta_E= -7.4e-08  |g|= 0.000265  |ddm|= 0.000719
  HOMO = -0.157561234868759  LUMO = -0.128412104005954
cycle= 15 E= -774.423534636386  delta_E= -1.91e-08  |g|= 0.00012  |ddm|= 0.000471
  HOMO = -0.157555371361831  LUMO = -0.128407002405884
cycle= 16 E= -774.423534635567  delta_E= 8.19e-10  |g|= 0.000141  |ddm|= 0.000262
  HOMO = -0.157556628068872  LUMO = -0.12840748827364
cycle= 17 E= -774.423534640592  delta_E= -5.03e-09  |g|= 2.03e-05  |ddm|= 0.000173
  HOMO = -0.157556995707596  LUMO = -0.12840807673596
cycle= 18 E= -774.423534640682  delta_E= -8.91e-11  |g|= 1.33e-05  |ddm|= 4.54e-05
  HOMO = -0.157557329826846  LUMO = -0.128408302714536
cycle= 19 E= -774.423534640731  delta_E= -4.96e-11  |g|= 6.1e-06  |ddm|= 2e-05
  HOMO = -0.157557273512026  LUMO = -0.128408131512102
Extra cycle  E= -774.423534640542  delta_E= 1.89e-10  |g|= 2.24e-05  |ddm|= 4.24e-05
converged SCF energy = -774.423534640542
AOs:  [0, 1, 2, 3, 4, 5, 6, 7, 8, 9, 10, 11, 12, 13, 14, 15, 16, 17, 18, 19, 20, 21, 22, 23, 24, 25, 26, 27, 28, 29, 30, 31, 32, 33, 34, 35, 36, 37, 38, 39, 40, 41, 42, 43, 44, 45, 46, 47, 48, 49, 50, 51, 52, 53, 54, 55, 56, 57, 58, 59, 60, 61, 62, 63]
64

 AO indices used for projection:  [0, 1, 3, 4, 5, 14, 16, 17, 19, 20, 21, 30, 32, 33, 35, 36, 37, 46, 48, 49, 51, 52, 53, 62]
 # of orbitals to keep:  16
Number of Active MOs:  16
Number of Environment MOs:  54
Number of Virtual MOs:  244
 # electrons:            α            β
         Env:  54.00000000  54.00000000
         Act:  16.00000000  16.00000000
         Vir:   0.00000000   0.00000000
Number of electrons in the active space:  32

 The density matrix is idempotent!

 The density matrix is idempotent!


******** <class 'pyscf.scf.hf.RHF'> ********
method = RHF
initial guess = minao
damping factor = 0
level_shift factor = 0
DIIS = <class 'pyscf.scf.diis.CDIIS'>
diis_start_cycle = 1
diis_space = 8
SCF conv_tol = 1e-09
SCF conv_tol_grad = 1e-05
SCF max_cycles = 200
direct_scf = True
direct_scf_tol = 1e-13
chkfile to save SCF result = subsys_scf.chk
max_memory 900000 MB (current use 10476 MB)
init E= 996.682625930782
  HOMO = -0.195704733220103  LUMO = 0.0193517265156199
cycle= 1 E= 996.637312056602  delta_E= -0.0453  |g|= 0.0743  |ddm|= 0.754
  HOMO = -0.200888166081519  LUMO = 0.0225033420804886
cycle= 2 E= 996.633395293259  delta_E= -0.00392  |g|= 0.0275  |ddm|= 0.183
  HOMO = -0.204110447002465  LUMO = 0.0272839440242028
cycle= 3 E= 996.632310381138  delta_E= -0.00108  |g|= 0.015  |ddm|= 0.103
  HOMO = -0.203915321706864  LUMO = 0.0289439448772316
cycle= 4 E= 996.632103581624  delta_E= -0.000207  |g|= 0.00627  |ddm|= 0.0381
  HOMO = -0.205747533118548  LUMO = 0.0298436849400962
cycle= 5 E= 996.632032927081  delta_E= -7.07e-05  |g|= 0.00189  |ddm|= 0.0315
  HOMO = -0.205852381346256  LUMO = 0.0301269074867906
cycle= 6 E= 996.63202922401  delta_E= -3.7e-06  |g|= 0.000659  |ddm|= 0.0067
  HOMO = -0.205888124522746  LUMO = 0.0301197111392459
cycle= 7 E= 996.632028821899  delta_E= -4.02e-07  |g|= 0.0003  |ddm|= 0.00203
  HOMO = -0.205904009752778  LUMO = 0.0300823931319816
cycle= 8 E= 996.632028678196  delta_E= -1.44e-07  |g|= 0.000167  |ddm|= 0.00135
  HOMO = -0.205890242020365  LUMO = 0.0300736387312986
cycle= 9 E= 996.632028632907  delta_E= -4.53e-08  |g|= 6.93e-05  |ddm|= 0.00095
  HOMO = -0.205886063131767  LUMO = 0.0300639858853269
cycle= 10 E= 996.632028626143  delta_E= -6.76e-09  |g|= 2.4e-05  |ddm|= 0.000445
  HOMO = -0.205882850139321  LUMO = 0.030063050224636
cycle= 11 E= 996.632028625502  delta_E= -6.42e-10  |g|= 9.43e-06  |ddm|= 8.86e-05
  HOMO = -0.205882845553834  LUMO = 0.0300624967201567
Extra cycle  E= 996.632028625785  delta_E= 2.83e-10  |g|= 4.63e-06  |ddm|= 2.33e-05
converged SCF energy = 996.632028625785
Difference in energy:  -649.4309876450806
E(MP2) = 996.053803923556  E_corr = -0.578224702228782
Total energy =  -773.9668260546242
time elapsed:  35.28659248352051
