

******** <class 'pyscf.dft.rks.RKS'> ********
method = RKS-RHF
initial guess = minao
damping factor = 0
level_shift factor = 0
DIIS = <class 'pyscf.scf.diis.CDIIS'>
diis_start_cycle = 1
diis_space = 8
SCF conv_tol = 1e-09
SCF conv_tol_grad = 1e-05
SCF max_cycles = 1000
direct_scf = True
direct_scf_tol = 1e-13
chkfile to save SCF result = scf.fchk
max_memory 900000 MB (current use 79 MB)
XC library pyscf.dft.libxc version 5.1.7
    S. Lehtola, C. Steigemann, M. J. Oliveira, and M. A. Marques, SoftwareX 7, 1 (2018)
XC functionals = pbe
    J. P. Perdew, K. Burke, and M. Ernzerhof, Phys. Rev. Lett. 77, 3865 (1996)
    J. P. Perdew, K. Burke, and M. Ernzerhof, Phys. Rev. Lett. 78, 1396 (1997)
    J. P. Perdew, K. Burke, and M. Ernzerhof, Phys. Rev. Lett. 77, 3865 (1996)
    J. P. Perdew, K. Burke, and M. Ernzerhof, Phys. Rev. Lett. 78, 1396 (1997)
small_rho_cutoff = 1e-07
init E= -776.047798795053
  HOMO = -0.235019146860397  LUMO = -0.206521259284494
cycle= 1 E= -774.011944646364  delta_E= 2.04  |g|= 1.19  |ddm|= 6.28
  HOMO = -0.00157367964470646  LUMO = 0.00183692930548266
cycle= 2 E= -764.212108471774  delta_E=  9.8  |g|= 4.19  |ddm|=    6
  HOMO = -0.097421058555103  LUMO = -0.070379765069207
cycle= 3 E= -773.844776543232  delta_E= -9.63  |g|= 1.24  |ddm|= 5.59
  HOMO = -0.101053119809353  LUMO = -0.0866402730477888
cycle= 4 E= -772.611021351052  delta_E= 1.23  |g|= 1.92  |ddm|=  3.4
  HOMO = -0.134651415219797  LUMO = -0.0983833717581289
cycle= 5 E= -774.10658258212  delta_E= -1.5  |g|= 0.726  |ddm|= 2.67
  HOMO = -0.158086897003269  LUMO = -0.129767448620007
cycle= 6 E= -774.295203245031  delta_E= -0.189  |g|= 0.522  |ddm|= 2.13
  HOMO = -0.150775777646262  LUMO = -0.135450500533444
cycle= 7 E= -774.379282864707  delta_E= -0.0841  |g|= 0.239  |ddm|= 1.34
  HOMO = -0.147416280814803  LUMO = -0.131836139058217
cycle= 8 E= -774.402480046738  delta_E= -0.0232  |g|= 0.124  |ddm|= 0.634
  HOMO = -0.150690982659976  LUMO = -0.135948736369347
cycle= 9 E= -774.40576418032  delta_E= -0.00328  |g|= 0.0773  |ddm|= 0.292
  HOMO = -0.150420509664774  LUMO = -0.13555995946105
cycle= 10 E= -774.407561349281  delta_E= -0.0018  |g|= 0.0346  |ddm|= 0.123
  HOMO = -0.150098847697127  LUMO = -0.135256560621982
cycle= 11 E= -774.4075472287  delta_E= 1.41e-05  |g|= 0.0271  |ddm|= 0.0573
  HOMO = -0.149992148451166  LUMO = -0.135079664892338
cycle= 12 E= -774.407838038443  delta_E= -0.000291  |g|= 0.0123  |ddm|= 0.0319
  HOMO = -0.150069807682036  LUMO = -0.13512988188934
cycle= 13 E= -774.407888813786  delta_E= -5.08e-05  |g|= 0.00654  |ddm|= 0.0115
  HOMO = -0.150111214148805  LUMO = -0.135147784617205
cycle= 14 E= -774.407909646256  delta_E= -2.08e-05  |g|= 0.00176  |ddm|= 0.0117
  HOMO = -0.150083088562864  LUMO = -0.135108636405244
cycle= 15 E= -774.407910630711  delta_E= -9.84e-07  |g|= 0.000847  |ddm|= 0.00417
  HOMO = -0.150079200740582  LUMO = -0.135107281771527
cycle= 16 E= -774.407910909549  delta_E= -2.79e-07  |g|= 0.000206  |ddm|= 0.00142
  HOMO = -0.150086072309237  LUMO = -0.135114626724323
cycle= 17 E= -774.407910904615  delta_E= 4.93e-09  |g|= 0.000199  |ddm|= 0.00049
  HOMO = -0.150082525939445  LUMO = -0.135110851111926
cycle= 18 E= -774.407910915607  delta_E= -1.1e-08  |g|= 0.000107  |ddm|= 0.000268
  HOMO = -0.15008547610699  LUMO = -0.135113216001762
cycle= 19 E= -774.40791091931  delta_E= -3.7e-09  |g|= 7.7e-05  |ddm|= 0.000277
  HOMO = -0.150085975816406  LUMO = -0.135113542412904
cycle= 20 E= -774.407910918118  delta_E= 1.19e-09  |g|= 7.75e-05  |ddm|= 0.000156
  HOMO = -0.150085045722619  LUMO = -0.135112884067255
cycle= 21 E= -774.407910921137  delta_E= -3.02e-09  |g|= 1.54e-05  |ddm|= 0.000134
  HOMO = -0.150084852860123  LUMO = -0.135112756869862
cycle= 22 E= -774.407910921238  delta_E= -1e-10  |g|= 3.69e-06  |ddm|= 2.31e-05
  HOMO = -0.150084420264151  LUMO = -0.135112686052887
Extra cycle  E= -774.407910919607  delta_E= 1.63e-09  |g|= 5.66e-05  |ddm|= 0.000127
converged SCF energy = -774.407910919607
AOs:  [0, 1, 2, 3, 4, 5, 6, 7, 8, 9, 10, 11, 12, 13, 14, 15, 16, 17, 18, 19, 20, 21, 22, 23, 24, 25, 26, 27, 28, 29, 30, 31, 32, 33, 34, 35, 36, 37, 38, 39, 40, 41, 42, 43, 44, 45, 46, 47, 48, 49, 50, 51, 52, 53, 54, 55, 56, 57, 58, 59, 60, 61, 62, 63]
64

 AO indices used for projection:  [0, 1, 3, 4, 5, 14, 16, 17, 19, 20, 21, 30, 32, 33, 35, 36, 37, 46, 48, 49, 51, 52, 53, 62]
 # of orbitals to keep:  16
Number of Active MOs:  16
Number of Environment MOs:  54
Number of Virtual MOs:  244
 # electrons:            α            β
         Env:  54.00000000  54.00000000
         Act:  16.00000000  16.00000000
         Vir:  -0.00000000  -0.00000000
Number of electrons in the active space:  32

 The density matrix is idempotent!

 The density matrix is idempotent!


******** <class 'pyscf.scf.hf.RHF'> ********
method = RHF
initial guess = minao
damping factor = 0
level_shift factor = 0
DIIS = <class 'pyscf.scf.diis.CDIIS'>
diis_start_cycle = 1
diis_space = 8
SCF conv_tol = 1e-09
SCF conv_tol_grad = 1e-05
SCF max_cycles = 200
direct_scf = True
direct_scf_tol = 1e-13
chkfile to save SCF result = subsys_scf.chk
max_memory 900000 MB (current use 10664 MB)
init E= 995.125995353931
  HOMO = -0.180792438953994  LUMO = 0.010433775896543
cycle= 1 E= 995.080225318405  delta_E= -0.0458  |g|= 0.0767  |ddm|= 0.766
  HOMO = -0.184994250266383  LUMO = 0.0135145196461546
cycle= 2 E= 995.076110535904  delta_E= -0.00411  |g|= 0.0293  |ddm|= 0.199
  HOMO = -0.189129674059392  LUMO = 0.018192474069915
cycle= 3 E= 995.074901690907  delta_E= -0.00121  |g|= 0.0199  |ddm|= 0.11
  HOMO = -0.188603703486175  LUMO = 0.0203620211946624
cycle= 4 E= 995.074564218574  delta_E= -0.000337  |g|= 0.00793  |ddm|= 0.051
  HOMO = -0.190722489213599  LUMO = 0.0216070803437977
cycle= 5 E= 995.074423395757  delta_E= -0.000141  |g|= 0.00294  |ddm|= 0.0482
  HOMO = -0.19086386353949  LUMO = 0.0220506225901366
cycle= 6 E= 995.074411979978  delta_E= -1.14e-05  |g|= 0.00137  |ddm|= 0.0124
  HOMO = -0.190892748672074  LUMO = 0.0219987370274234
cycle= 7 E= 995.074409638988  delta_E= -2.34e-06  |g|= 0.000745  |ddm|= 0.00526
  HOMO = -0.190859037574173  LUMO = 0.021918852519882
cycle= 8 E= 995.07440836725  delta_E= -1.27e-06  |g|= 0.000478  |ddm|= 0.00481
  HOMO = -0.190836682314849  LUMO = 0.0218551733453218
cycle= 9 E= 995.07440795873  delta_E= -4.09e-07  |g|= 0.000137  |ddm|= 0.00379
  HOMO = -0.190805655551537  LUMO = 0.021850892853447
cycle= 10 E= 995.074407929987  delta_E= -2.87e-08  |g|= 5.62e-05  |ddm|= 0.000902
  HOMO = -0.190803099519209  LUMO = 0.021838540629965
cycle= 11 E= 995.074407926164  delta_E= -3.82e-09  |g|= 1.81e-05  |ddm|= 0.000426
  HOMO = -0.190802214431846  LUMO = 0.0218385758622776
cycle= 12 E= 995.074407925921  delta_E= -2.43e-10  |g|= 5.41e-06  |ddm|= 4.91e-05
  HOMO = -0.190801493180243  LUMO = 0.0218383254219792
Extra cycle  E= 995.074407925749  delta_E= -1.72e-10  |g|= 2.64e-06  |ddm|= 1.66e-05
converged SCF energy = 995.074407925749
Difference in energy:  -655.0337587927536
E(MP2) = 994.493830151515  E_corr = -0.580577774234412
Total energy =  -773.9446268290217
time elapsed:  42.48718738555908
