

******** <class 'pyscf.dft.rks.RKS'> ********
method = RKS-RHF
initial guess = minao
damping factor = 0
level_shift factor = 0
DIIS = <class 'pyscf.scf.diis.CDIIS'>
diis_start_cycle = 1
diis_space = 8
SCF conv_tol = 1e-09
SCF conv_tol_grad = 1e-05
SCF max_cycles = 1000
direct_scf = True
direct_scf_tol = 1e-13
chkfile to save SCF result = scf.fchk
max_memory 900000 MB (current use 79 MB)
XC library pyscf.dft.libxc version 5.1.7
    S. Lehtola, C. Steigemann, M. J. Oliveira, and M. A. Marques, SoftwareX 7, 1 (2018)
XC functionals = pbe
    J. P. Perdew, K. Burke, and M. Ernzerhof, Phys. Rev. Lett. 77, 3865 (1996)
    J. P. Perdew, K. Burke, and M. Ernzerhof, Phys. Rev. Lett. 78, 1396 (1997)
    J. P. Perdew, K. Burke, and M. Ernzerhof, Phys. Rev. Lett. 77, 3865 (1996)
    J. P. Perdew, K. Burke, and M. Ernzerhof, Phys. Rev. Lett. 78, 1396 (1997)
small_rho_cutoff = 1e-07
init E= -776.047638597656
  HOMO = -0.233466841506639  LUMO = -0.207874291113346
cycle= 1 E= -773.986319800004  delta_E= 2.06  |g|=  1.2  |ddm|= 6.28
  HOMO = -0.0108536164872366  LUMO = 0.00442826548115348
cycle= 2 E= -762.822939903514  delta_E= 11.2  |g|=  3.8  |ddm|= 6.26
  HOMO = -0.106870948461843  LUMO = -0.064365827060445
cycle= 3 E= -773.65660683217  delta_E= -10.8  |g|=  1.4  |ddm|=  5.9
  HOMO = -0.110300575190056  LUMO = -0.0811902569159086
cycle= 4 E= -772.859001455718  delta_E= 0.798  |g|= 1.77  |ddm|= 3.35
  HOMO = -0.144285763875908  LUMO = -0.0914024200453642
cycle= 5 E= -774.052732239522  delta_E= -1.19  |g|= 0.798  |ddm|= 2.59
  HOMO = -0.152568114857484  LUMO = -0.129349043308006
cycle= 6 E= -774.278380044539  delta_E= -0.226  |g|= 0.511  |ddm|= 2.27
  HOMO = -0.149473058533989  LUMO = -0.136030429479551
cycle= 7 E= -774.242578116676  delta_E= 0.0358  |g|= 0.518  |ddm|=    2
  HOMO = -0.143982516631102  LUMO = -0.13481820797934
cycle= 8 E= -774.377251782023  delta_E= -0.135  |g|= 0.222  |ddm|=  1.6
  HOMO = -0.146130976663185  LUMO = -0.138635284932895
cycle= 9 E= -774.396813777253  delta_E= -0.0196  |g|= 0.103  |ddm|= 0.515
  HOMO = -0.144930832939503  LUMO = -0.137562671348053
cycle= 10 E= -774.399266315149  delta_E= -0.00245  |g|= 0.0476  |ddm|= 0.17
  HOMO = -0.146069428520709  LUMO = -0.138604346344527
cycle= 11 E= -774.399363844574  delta_E= -9.75e-05  |g|= 0.0388  |ddm|= 0.0823
  HOMO = -0.146109259014917  LUMO = -0.138746975483276
cycle= 12 E= -774.399990842913  delta_E= -0.000627  |g|= 0.00822  |ddm|= 0.0787
  HOMO = -0.146091230229588  LUMO = -0.138666760258144
cycle= 13 E= -774.399791393969  delta_E= 0.000199  |g|= 0.0206  |ddm|= 0.047
  HOMO = -0.146049817374873  LUMO = -0.138603523924729
cycle= 14 E= -774.399668671386  delta_E= 0.000123  |g|= 0.0253  |ddm|= 0.012
  HOMO = -0.146070495060941  LUMO = -0.138628886334454
cycle= 15 E= -774.399693667239  delta_E= -2.5e-05  |g|= 0.0243  |ddm|= 0.00332
  HOMO = -0.145998387787206  LUMO = -0.13862486800531
cycle= 16 E= -774.399980913087  delta_E= -0.000287  |g|= 0.00735  |ddm|= 0.0388
  HOMO = -0.146068295375256  LUMO = -0.138728288052976
cycle= 17 E= -774.400006095719  delta_E= -2.52e-05  |g|= 0.00293  |ddm|= 0.0218
  HOMO = -0.146009750656571  LUMO = -0.138664839391441
cycle= 18 E= -774.400009373701  delta_E= -3.28e-06  |g|= 0.00109  |ddm|= 0.00528
  HOMO = -0.146057437038039  LUMO = -0.138707631028116
cycle= 19 E= -774.40000956673  delta_E= -1.93e-07  |g|= 0.000671  |ddm|= 0.00287
  HOMO = -0.146043096098413  LUMO = -0.13869467157071
cycle= 20 E= -774.40000978232  delta_E= -2.16e-07  |g|= 0.000221  |ddm|= 0.00108
  HOMO = -0.146042553051885  LUMO = -0.138694757390002
cycle= 21 E= -774.400009805228  delta_E= -2.29e-08  |g|= 6.98e-05  |ddm|= 0.00057
  HOMO = -0.14604339451366  LUMO = -0.138695601077761
cycle= 22 E= -774.400009806111  delta_E= -8.83e-10  |g|= 5.12e-05  |ddm|= 0.000146
  HOMO = -0.146043382534159  LUMO = -0.138695550547735
cycle= 23 E= -774.400009806558  delta_E= -4.47e-10  |g|= 2.38e-05  |ddm|= 6.49e-05
  HOMO = -0.146043098763328  LUMO = -0.138695461438629
cycle= 24 E= -774.40000980612  delta_E= 4.38e-10  |g|= 3.8e-05  |ddm|= 0.000123
  HOMO = -0.146043291262908  LUMO = -0.138695535722242
cycle= 25 E= -774.400009806821  delta_E= -7.01e-10  |g|= 5.72e-06  |ddm|= 7.36e-05
  HOMO = -0.146043462813641  LUMO = -0.138695443300671
Extra cycle  E= -774.400009803848  delta_E= 2.97e-09  |g|= 7.55e-05  |ddm|= 0.000174
converged SCF energy = -774.400009803848
AOs:  [0, 1, 2, 3, 4, 5, 6, 7, 8, 9, 10, 11, 12, 13, 14, 15, 16, 17, 18, 19, 20, 21, 22, 23, 24, 25, 26, 27, 28, 29, 30, 31, 32, 33, 34, 35, 36, 37, 38, 39, 40, 41, 42, 43, 44, 45, 46, 47, 48, 49, 50, 51, 52, 53, 54, 55, 56, 57, 58, 59, 60, 61, 62, 63]
64

 AO indices used for projection:  [0, 1, 3, 4, 5, 14, 16, 17, 19, 20, 21, 30, 32, 33, 35, 36, 37, 46, 48, 49, 51, 52, 53, 62]
 # of orbitals to keep:  15
Number of Active MOs:  15
Number of Environment MOs:  55
Number of Virtual MOs:  244
 # electrons:            α            β
         Env:  55.00000000  55.00000000
         Act:  15.00000000  15.00000000
         Vir:  -0.00000000  -0.00000000
Number of electrons in the active space:  30

 The density matrix is idempotent!

 The density matrix is idempotent!


******** <class 'pyscf.scf.hf.RHF'> ********
method = RHF
initial guess = minao
damping factor = 0
level_shift factor = 0
DIIS = <class 'pyscf.scf.diis.CDIIS'>
diis_start_cycle = 1
diis_space = 8
SCF conv_tol = 1e-09
SCF conv_tol_grad = 1e-05
SCF max_cycles = 200
direct_scf = True
direct_scf_tol = 1e-13
chkfile to save SCF result = subsys_scf.chk
max_memory 900000 MB (current use 10410 MB)
init E= 1007.96313094849
  HOMO = -0.316507046970026  LUMO = 0.0242678667280319
cycle= 1 E= 1007.92263760824  delta_E= -0.0405  |g|= 0.0744  |ddm|= 0.686
  HOMO = -0.31701658069232  LUMO = 0.0191510630146557
cycle= 2 E= 1007.91960168463  delta_E= -0.00304  |g|= 0.0259  |ddm|= 0.158
  HOMO = -0.317414117736698  LUMO = 0.0185038166186669
cycle= 3 E= 1007.91897002821  delta_E= -0.000632  |g|= 0.0155  |ddm|= 0.0667
  HOMO = -0.316170101879826  LUMO = 0.018155863921233
cycle= 4 E= 1007.9188391645  delta_E= -0.000131  |g|= 0.00461  |ddm|= 0.0294
  HOMO = -0.316625278324824  LUMO = 0.0177071083564551
cycle= 5 E= 1007.91880347275  delta_E= -3.57e-05  |g|= 0.00139  |ddm|= 0.0195
  HOMO = -0.316470742601827  LUMO = 0.0176485687045408
cycle= 6 E= 1007.91880142557  delta_E= -2.05e-06  |g|= 0.000462  |ddm|= 0.00476
  HOMO = -0.316508445249537  LUMO = 0.0176300938944298
cycle= 7 E= 1007.91880128204  delta_E= -1.44e-07  |g|= 0.00012  |ddm|= 0.00112
  HOMO = -0.316530670323237  LUMO = 0.0176239481543579
cycle= 8 E= 1007.91880126186  delta_E= -2.02e-08  |g|= 4.76e-05  |ddm|= 0.000455
  HOMO = -0.316527509581312  LUMO = 0.0176247244899125
cycle= 9 E= 1007.91880125938  delta_E= -2.49e-09  |g|= 1.54e-05  |ddm|= 0.000149
  HOMO = -0.316531379011692  LUMO = 0.0176253625358288
cycle= 10 E= 1007.91880125909  delta_E= -2.86e-10  |g|= 5.45e-06  |ddm|= 5.34e-05
  HOMO = -0.316531135593176  LUMO = 0.0176254715577335
Extra cycle  E= 1007.91880125905  delta_E= -3.94e-11  |g|= 2.29e-06  |ddm|= 9.31e-06
converged SCF energy = 1007.91880125905
Difference in energy:  -564.9020891430997
E(MP2) = 1007.42538038964  E_corr = -0.493420869407214
Total energy =  -773.9932026463822
time elapsed:  38.03738760948181
