

******** <class 'pyscf.dft.rks.RKS'> ********
method = RKS-RHF
initial guess = minao
damping factor = 0
level_shift factor = 0
DIIS = <class 'pyscf.scf.diis.CDIIS'>
diis_start_cycle = 1
diis_space = 8
SCF conv_tol = 1e-09
SCF conv_tol_grad = 1e-05
SCF max_cycles = 1000
direct_scf = True
direct_scf_tol = 1e-13
chkfile to save SCF result = scf.fchk
max_memory 900000 MB (current use 79 MB)
XC library pyscf.dft.libxc version 5.1.7
    S. Lehtola, C. Steigemann, M. J. Oliveira, and M. A. Marques, SoftwareX 7, 1 (2018)
XC functionals = pbe
    J. P. Perdew, K. Burke, and M. Ernzerhof, Phys. Rev. Lett. 77, 3865 (1996)
    J. P. Perdew, K. Burke, and M. Ernzerhof, Phys. Rev. Lett. 78, 1396 (1997)
    J. P. Perdew, K. Burke, and M. Ernzerhof, Phys. Rev. Lett. 77, 3865 (1996)
    J. P. Perdew, K. Burke, and M. Ernzerhof, Phys. Rev. Lett. 78, 1396 (1997)
small_rho_cutoff = 1e-07
init E= -776.047611650315
  HOMO = -0.233260414044905  LUMO = -0.208051896150235
cycle= 1 E= -773.982353288035  delta_E= 2.07  |g|=  1.2  |ddm|= 6.28
  HOMO = -0.0124500148130269  LUMO = 0.00322703354449216
cycle= 2 E= -762.772977394523  delta_E= 11.2  |g|=  3.8  |ddm|= 6.26
  HOMO = -0.105092647228573  LUMO = -0.0652865786317225
cycle= 3 E= -773.659415370042  delta_E= -10.9  |g|= 1.39  |ddm|=  5.9
  HOMO = -0.110009225969123  LUMO = -0.0800164766706284
cycle= 4 E= -772.849756408292  delta_E= 0.81  |g|= 1.77  |ddm|= 3.35
  HOMO = -0.14421313371044  LUMO = -0.0909164147830358
cycle= 5 E= -774.049578652228  delta_E= -1.2  |g|= 0.801  |ddm|=  2.6
  HOMO = -0.151757905301261  LUMO = -0.129932445151184
cycle= 6 E= -774.274775586476  delta_E= -0.225  |g|= 0.514  |ddm|= 2.29
  HOMO = -0.149421033444558  LUMO = -0.135483111468187
cycle= 7 E= -774.219072866337  delta_E= 0.0557  |g|= 0.543  |ddm|= 2.09
  HOMO = -0.143022412417778  LUMO = -0.135532738568478
cycle= 8 E= -774.374367663383  delta_E= -0.155  |g|= 0.226  |ddm|= 1.73
  HOMO = -0.145239188355273  LUMO = -0.139223996997165
cycle= 9 E= -774.395024243688  delta_E= -0.0207  |g|= 0.106  |ddm|= 0.508
  HOMO = -0.143904398311967  LUMO = -0.13798352310465
cycle= 10 E= -774.396537137313  delta_E= -0.00151  |g|= 0.0684  |ddm|= 0.19
  HOMO = -0.145146611325427  LUMO = -0.1390743462196
cycle= 11 E= -774.395524790723  delta_E= 0.00101  |g|= 0.0771  |ddm|= 0.104
  HOMO = -0.145127231355447  LUMO = -0.139239074097359
cycle= 12 E= -774.398059284223  delta_E= -0.00253  |g|= 0.0304  |ddm|= 0.119
  HOMO = -0.145312488612822  LUMO = -0.139097112199887
cycle= 13 E= -774.393339903826  delta_E= 0.00472  |g|= 0.0968  |ddm|= 0.177
  HOMO = -0.145508347646108  LUMO = -0.139200520244514
cycle= 14 E= -774.39185035363  delta_E= 0.00149  |g|= 0.109  |ddm|= 0.0326
  HOMO = -0.145653270320701  LUMO = -0.139288089601778
cycle= 15 E= -774.39085986603  delta_E= 0.00099  |g|= 0.116  |ddm|= 0.0206
  HOMO = -0.145434361193643  LUMO = -0.139385266225179
cycle= 16 E= -774.395932078749  delta_E= -0.00507  |g|= 0.0674  |ddm|= 0.123
  HOMO = -0.145366242566704  LUMO = -0.139452214388553
cycle= 17 E= -774.397527282415  delta_E= -0.0016  |g|= 0.0416  |ddm|= 0.0664
  HOMO = -0.145240445678009  LUMO = -0.139311013716459
cycle= 18 E= -774.39737185565  delta_E= 0.000155  |g|= 0.0443  |ddm|= 0.014
  HOMO = -0.145288251317589  LUMO = -0.139365217576305
cycle= 19 E= -774.397504126988  delta_E= -0.000132  |g|= 0.0415  |ddm|= 0.00728
  HOMO = -0.145291393418426  LUMO = -0.139389052556988
cycle= 20 E= -774.397774539887  delta_E= -0.00027  |g|= 0.0354  |ddm|= 0.0168
  HOMO = -0.145247106383748  LUMO = -0.139352236087315
cycle= 21 E= -774.397830663319  delta_E= -5.61e-05  |g|= 0.0336  |ddm|= 0.00576
  HOMO = -0.145420105502663  LUMO = -0.139543975258545
cycle= 22 E= -774.397978569754  delta_E= -0.000148  |g|= 0.0291  |ddm|= 0.0163
  HOMO = -0.145186053692955  LUMO = -0.139318635582267
cycle= 23 E= -774.398028478546  delta_E= -4.99e-05  |g|= 0.0273  |ddm|= 0.0147
  HOMO = -0.145218560860211  LUMO = -0.139396010776662
cycle= 24 E= -774.398335172232  delta_E= -0.000307  |g|= 0.0138  |ddm|= 0.0315
  HOMO = -0.145207693734686  LUMO = -0.139423839002875
cycle= 25 E= -774.39842733467  delta_E= -9.22e-05  |g|= 0.0047  |ddm|= 0.0406
  HOMO = -0.145232270407348  LUMO = -0.139433946449345
cycle= 26 E= -774.398434150013  delta_E= -6.82e-06  |g|= 0.0024  |ddm|= 0.0143
  HOMO = -0.145219631082328  LUMO = -0.139424974912458
cycle= 27 E= -774.398436611101  delta_E= -2.46e-06  |g|= 0.00121  |ddm|= 0.0039
  HOMO = -0.145209467255566  LUMO = -0.13941579777996
cycle= 28 E= -774.398436765528  delta_E= -1.54e-07  |g|= 0.0009  |ddm|= 0.00117
  HOMO = -0.145216012432875  LUMO = -0.139423100002967
cycle= 29 E= -774.398437048501  delta_E= -2.83e-07  |g|= 0.000499  |ddm|= 0.000905
  HOMO = -0.145217061650754  LUMO = -0.139425235655729
cycle= 30 E= -774.398437172159  delta_E= -1.24e-07  |g|= 0.0002  |ddm|= 0.00108
  HOMO = -0.145214031986203  LUMO = -0.139422684895552
cycle= 31 E= -774.398437168668  delta_E= 3.49e-09  |g|= 0.000187  |ddm|= 0.000526
  HOMO = -0.145218534584825  LUMO = -0.139427225083756
cycle= 32 E= -774.398437164709  delta_E= 3.96e-09  |g|= 0.000203  |ddm|= 0.000294
  HOMO = -0.145216167665344  LUMO = -0.139424610338074
cycle= 33 E= -774.398437179232  delta_E= -1.45e-08  |g|= 0.00011  |ddm|= 0.000238
  HOMO = -0.145215913381509  LUMO = -0.139424248662852
cycle= 34 E= -774.398437183251  delta_E= -4.02e-09  |g|= 4.36e-05  |ddm|= 0.000132
  HOMO = -0.145215983177039  LUMO = -0.139424232459992
cycle= 35 E= -774.398437184267  delta_E= -1.02e-09  |g|= 1.99e-06  |ddm|= 9.96e-05
  HOMO = -0.145216037947561  LUMO = -0.139424280897235
cycle= 36 E= -774.398437184261  delta_E= 6.37e-12  |g|= 4.3e-06  |ddm|= 9.13e-06
  HOMO = -0.145215615443388  LUMO = -0.13942424692825
Extra cycle  E= -774.398437174395  delta_E= 9.87e-09  |g|= 0.000136  |ddm|= 0.000319
converged SCF energy = -774.398437174395
AOs:  [0, 1, 2, 3, 4, 5, 6, 7, 8, 9, 10, 11, 12, 13, 14, 15, 16, 17, 18, 19, 20, 21, 22, 23, 24, 25, 26, 27, 28, 29, 30, 31, 32, 33, 34, 35, 36, 37, 38, 39, 40, 41, 42, 43, 44, 45, 46, 47, 48, 49, 50, 51, 52, 53, 54, 55, 56, 57, 58, 59, 60, 61, 62, 63]
64

 AO indices used for projection:  [0, 1, 3, 4, 5, 14, 16, 17, 19, 20, 21, 30, 32, 33, 35, 36, 37, 46, 48, 49, 51, 52, 53, 62]
 # of orbitals to keep:  15
Number of Active MOs:  15
Number of Environment MOs:  55
Number of Virtual MOs:  244
 # electrons:            α            β
         Env:  55.00000000  55.00000000
         Act:  15.00000000  15.00000000
         Vir:  -0.00000000  -0.00000000
Number of electrons in the active space:  30

 The density matrix is idempotent!

 The density matrix is idempotent!


******** <class 'pyscf.scf.hf.RHF'> ********
method = RHF
initial guess = minao
damping factor = 0
level_shift factor = 0
DIIS = <class 'pyscf.scf.diis.CDIIS'>
diis_start_cycle = 1
diis_space = 8
SCF conv_tol = 1e-09
SCF conv_tol_grad = 1e-05
SCF max_cycles = 200
direct_scf = True
direct_scf_tol = 1e-13
chkfile to save SCF result = subsys_scf.chk
max_memory 900000 MB (current use 10672 MB)
init E= 1007.78567582573
  HOMO = -0.317105252072399  LUMO = 0.0237176335078811
cycle= 1 E= 1007.74510765838  delta_E= -0.0406  |g|= 0.0745  |ddm|= 0.686
  HOMO = -0.31720845370362  LUMO = 0.0186882594157702
cycle= 2 E= 1007.74205829155  delta_E= -0.00305  |g|= 0.026  |ddm|= 0.159
  HOMO = -0.31766374098781  LUMO = 0.0180652776373053
cycle= 3 E= 1007.74142412256  delta_E= -0.000634  |g|= 0.0156  |ddm|= 0.0666
  HOMO = -0.316303496134772  LUMO = 0.0177323683726563
cycle= 4 E= 1007.74129191777  delta_E= -0.000132  |g|= 0.00462  |ddm|= 0.0295
  HOMO = -0.316724352439204  LUMO = 0.0172856081334444
cycle= 5 E= 1007.74125601288  delta_E= -3.59e-05  |g|= 0.0014  |ddm|= 0.0195
  HOMO = -0.316562925561922  LUMO = 0.0172282021616047
cycle= 6 E= 1007.74125392256  delta_E= -2.09e-06  |g|= 0.00047  |ddm|= 0.00479
  HOMO = -0.316597647191835  LUMO = 0.0172093947933972
cycle= 7 E= 1007.74125377192  delta_E= -1.51e-07  |g|= 0.000123  |ddm|= 0.00115
  HOMO = -0.316620183283391  LUMO = 0.0172031510068398
cycle= 8 E= 1007.74125375061  delta_E= -2.13e-08  |g|= 4.89e-05  |ddm|= 0.000467
  HOMO = -0.316617136704884  LUMO = 0.0172040103848644
cycle= 9 E= 1007.74125374792  delta_E= -2.69e-09  |g|= 1.58e-05  |ddm|= 0.000153
  HOMO = -0.31662109482628  LUMO = 0.0172046588650647
cycle= 10 E= 1007.7412537476  delta_E= -3.14e-10  |g|= 5.58e-06  |ddm|= 5.53e-05
  HOMO = -0.316620905064352  LUMO = 0.0172047724138635
Extra cycle  E= 1007.74125374761  delta_E= 1.21e-11  |g|= 2.34e-06  |ddm|= 9.51e-06
converged SCF energy = 1007.74125374761
Difference in energy:  -564.7051284572448
E(MP2) = 1007.24756529192  E_corr = -0.49368845569742
Total energy =  -773.9922114797889
time elapsed:  46.09236431121826
