

******** <class 'pyscf.dft.rks.RKS'> ********
method = RKS-RHF
initial guess = minao
damping factor = 0
level_shift factor = 0
DIIS = <class 'pyscf.scf.diis.CDIIS'>
diis_start_cycle = 1
diis_space = 8
SCF conv_tol = 1e-09
SCF conv_tol_grad = 1e-05
SCF max_cycles = 1000
direct_scf = True
direct_scf_tol = 1e-13
chkfile to save SCF result = scf.fchk
max_memory 900000 MB (current use 79 MB)
XC library pyscf.dft.libxc version 5.1.7
    S. Lehtola, C. Steigemann, M. J. Oliveira, and M. A. Marques, SoftwareX 7, 1 (2018)
XC functionals = pbe
    J. P. Perdew, K. Burke, and M. Ernzerhof, Phys. Rev. Lett. 77, 3865 (1996)
    J. P. Perdew, K. Burke, and M. Ernzerhof, Phys. Rev. Lett. 78, 1396 (1997)
    J. P. Perdew, K. Burke, and M. Ernzerhof, Phys. Rev. Lett. 77, 3865 (1996)
    J. P. Perdew, K. Burke, and M. Ernzerhof, Phys. Rev. Lett. 78, 1396 (1997)
small_rho_cutoff = 1e-07
init E= -776.047586343539
  HOMO = -0.233094654716978  LUMO = -0.208192866331421
cycle= 1 E= -773.979084547923  delta_E= 2.07  |g|=  1.2  |ddm|= 6.28
  HOMO = -0.013767287271777  LUMO = 0.00211668768207837
cycle= 2 E= -762.733889657312  delta_E= 11.2  |g|= 3.81  |ddm|= 6.26
  HOMO = -0.103546929699827  LUMO = -0.0660774392108185
cycle= 3 E= -773.661812813421  delta_E= -10.9  |g|= 1.39  |ddm|=  5.9
  HOMO = -0.109710369497227  LUMO = -0.0790230561396594
cycle= 4 E= -772.841117790576  delta_E= 0.821  |g|= 1.78  |ddm|= 3.35
  HOMO = -0.143954753645364  LUMO = -0.0904920220423739
cycle= 5 E= -774.047137202485  delta_E= -1.21  |g|= 0.803  |ddm|=  2.6
  HOMO = -0.151053661314527  LUMO = -0.130450558996288
cycle= 6 E= -774.271314281679  delta_E= -0.224  |g|= 0.517  |ddm|=  2.3
  HOMO = -0.149476829892101  LUMO = -0.134876867013294
cycle= 7 E= -774.201837969962  delta_E= 0.0695  |g|= 0.559  |ddm|= 2.16
  HOMO = -0.142005023127678  LUMO = -0.136325970924782
cycle= 8 E= -774.372657810974  delta_E= -0.171  |g|= 0.225  |ddm|= 1.82
  HOMO = -0.1442886446586  LUMO = -0.139888297506102
cycle= 9 E= -774.393603169336  delta_E= -0.0209  |g|= 0.104  |ddm|= 0.577
  HOMO = -0.143275927787255  LUMO = -0.138875430380589
cycle= 10 E= -774.393309100486  delta_E= 0.000294  |g|= 0.088  |ddm|= 0.271
  HOMO = -0.144045977862182  LUMO = -0.139693812682451
cycle= 11 E= -774.39539726253  delta_E= -0.00209  |g|= 0.0566  |ddm|= 0.083
  HOMO = -0.144200084244686  LUMO = -0.13996891109212
cycle= 12 E= -774.396754811985  delta_E= -0.00136  |g|= 0.0175  |ddm|= 0.14
  HOMO = -0.144547380579928  LUMO = -0.140064926546447
cycle= 13 E= -774.39316175226  delta_E= 0.00359  |g|= 0.0821  |ddm|= 0.218
  HOMO = -0.144593067811095  LUMO = -0.140088345125723
cycle= 14 E= -774.39274979997  delta_E= 0.000412  |g|= 0.0862  |ddm|= 0.011
  HOMO = -0.144602503558272  LUMO = -0.140086114237682
cycle= 15 E= -774.392506496437  delta_E= 0.000243  |g|= 0.0886  |ddm|= 0.00666
  HOMO = -0.144516283827587  LUMO = -0.140137995345176
cycle= 16 E= -774.395239133287  delta_E= -0.00273  |g|= 0.0544  |ddm|= 0.0852
  HOMO = -0.144424193153047  LUMO = -0.140163486928903
cycle= 17 E= -774.396668815314  delta_E= -0.00143  |g|= 0.0197  |ddm|= 0.0866
  HOMO = -0.144387040881575  LUMO = -0.140112953503797
cycle= 18 E= -774.396574357155  delta_E= 9.45e-05  |g|= 0.0234  |ddm|= 0.0126
  HOMO = -0.14446841952857  LUMO = -0.140192552258224
cycle= 19 E= -774.396625363805  delta_E= -5.1e-05  |g|= 0.0214  |ddm|= 0.00598
  HOMO = -0.144433425096676  LUMO = -0.140163156731104
cycle= 20 E= -774.396656270611  delta_E= -3.09e-05  |g|= 0.0199  |ddm|= 0.00413
  HOMO = -0.144372498149264  LUMO = -0.140114273433049
cycle= 21 E= -774.396753668037  delta_E= -9.74e-05  |g|= 0.0147  |ddm|= 0.0124
  HOMO = -0.144411792389578  LUMO = -0.140157893734775
cycle= 22 E= -774.396776783916  delta_E= -2.31e-05  |g|= 0.013  |ddm|= 0.00519
  HOMO = -0.14436957880631  LUMO = -0.140137814021874
cycle= 23 E= -774.396862858188  delta_E= -8.61e-05  |g|= 0.00387  |ddm|= 0.023
  HOMO = -0.144396393077517  LUMO = -0.140155634933201
cycle= 24 E= -774.396845296891  delta_E= 1.76e-05  |g|= 0.00668  |ddm|= 0.00828
  HOMO = -0.144394419578039  LUMO = -0.140173802687135
cycle= 25 E= -774.396864384443  delta_E= -1.91e-05  |g|= 0.00307  |ddm|= 0.0226
  HOMO = -0.144383080477576  LUMO = -0.140155136669303
cycle= 26 E= -774.396869399199  delta_E= -5.01e-06  |g|= 0.000408  |ddm|= 0.00777
  HOMO = -0.144385002817137  LUMO = -0.140157276074867
cycle= 27 E= -774.396869444052  delta_E= -4.49e-08  |g|= 0.000296  |ddm|= 0.000594
  HOMO = -0.144380880136045  LUMO = -0.140153249843363
cycle= 28 E= -774.396869429114  delta_E= 1.49e-08  |g|= 0.000316  |ddm|= 0.00044
  HOMO = -0.144381639772491  LUMO = -0.140154430296863
cycle= 29 E= -774.396869472364  delta_E= -4.33e-08  |g|= 0.000136  |ddm|= 0.00059
  HOMO = -0.144384623108527  LUMO = -0.140157351376917
cycle= 30 E= -774.396869473624  delta_E= -1.26e-09  |g|= 9.35e-05  |ddm|= 0.000198
  HOMO = -0.144382660975712  LUMO = -0.140155646408405
cycle= 31 E= -774.396869475247  delta_E= -1.62e-09  |g|= 7.5e-05  |ddm|= 0.000328
  HOMO = -0.144383402748454  LUMO = -0.140156236287876
cycle= 32 E= -774.39686947761  delta_E= -2.36e-09  |g|= 2e-05  |ddm|= 0.000181
  HOMO = -0.144382945597167  LUMO = -0.140155881026372
cycle= 33 E= -774.396869477095  delta_E= 5.15e-10  |g|= 3.94e-05  |ddm|= 0.000128
  HOMO = -0.144383349011637  LUMO = -0.140156252049888
cycle= 34 E= -774.396869477387  delta_E= -2.92e-10  |g|= 3.23e-05  |ddm|= 5.01e-05
  HOMO = -0.144383220535988  LUMO = -0.140156092752756
cycle= 35 E= -774.396869477779  delta_E= -3.93e-10  |g|= 5.65e-06  |ddm|= 4.78e-05
  HOMO = -0.144383952661052  LUMO = -0.14015615643776
Extra cycle  E= -774.396869424411  delta_E= 5.34e-08  |g|= 0.000315  |ddm|= 0.00075
converged SCF energy = -774.396869424411
AOs:  [0, 1, 2, 3, 4, 5, 6, 7, 8, 9, 10, 11, 12, 13, 14, 15, 16, 17, 18, 19, 20, 21, 22, 23, 24, 25, 26, 27, 28, 29, 30, 31, 32, 33, 34, 35, 36, 37, 38, 39, 40, 41, 42, 43, 44, 45, 46, 47, 48, 49, 50, 51, 52, 53, 54, 55, 56, 57, 58, 59, 60, 61, 62, 63]
64

 AO indices used for projection:  [0, 1, 3, 4, 5, 14, 16, 17, 19, 20, 21, 30, 32, 33, 35, 36, 37, 46, 48, 49, 51, 52, 53, 62]
 # of orbitals to keep:  15
Number of Active MOs:  15
Number of Environment MOs:  55
Number of Virtual MOs:  244
 # electrons:            α            β
         Env:  55.00000000  55.00000000
         Act:  15.00000000  15.00000000
         Vir:   0.00000000   0.00000000
Number of electrons in the active space:  30

 The density matrix is idempotent!

 The density matrix is idempotent!


******** <class 'pyscf.scf.hf.RHF'> ********
method = RHF
initial guess = minao
damping factor = 0
level_shift factor = 0
DIIS = <class 'pyscf.scf.diis.CDIIS'>
diis_start_cycle = 1
diis_space = 8
SCF conv_tol = 1e-09
SCF conv_tol_grad = 1e-05
SCF max_cycles = 200
direct_scf = True
direct_scf_tol = 1e-13
chkfile to save SCF result = subsys_scf.chk
max_memory 900000 MB (current use 10405 MB)
init E= 1007.6096175578
  HOMO = -0.317570228403168  LUMO = 0.0231123463701524
cycle= 1 E= 1007.56899162789  delta_E= -0.0406  |g|= 0.0745  |ddm|= 0.686
  HOMO = -0.317274380428474  LUMO = 0.0181638873911377
cycle= 2 E= 1007.56593189638  delta_E= -0.00306  |g|= 0.026  |ddm|= 0.159
  HOMO = -0.317736255340209  LUMO = 0.0175651277792356
cycle= 3 E= 1007.56529581688  delta_E= -0.000636  |g|= 0.0157  |ddm|= 0.0666
  HOMO = -0.316272443660463  LUMO = 0.0172466176940135
cycle= 4 E= 1007.56516303007  delta_E= -0.000133  |g|= 0.00463  |ddm|= 0.0295
  HOMO = -0.316661095086469  LUMO = 0.0168022931338837
cycle= 5 E= 1007.56512695775  delta_E= -3.61e-05  |g|= 0.00141  |ddm|= 0.0195
  HOMO = -0.31648610993873  LUMO = 0.0167461577585107
cycle= 6 E= 1007.56512482745  delta_E= -2.13e-06  |g|= 0.000476  |ddm|= 0.00483
  HOMO = -0.316520454534638  LUMO = 0.0167270936224185
cycle= 7 E= 1007.56512467106  delta_E= -1.56e-07  |g|= 0.000126  |ddm|= 0.00117
  HOMO = -0.316542940694327  LUMO = 0.0167207984472774
cycle= 8 E= 1007.56512464804  delta_E= -2.3e-08  |g|= 5.04e-05  |ddm|= 0.00048
  HOMO = -0.316540106843617  LUMO = 0.0167217494173086
cycle= 9 E= 1007.56512464528  delta_E= -2.76e-09  |g|= 1.63e-05  |ddm|= 0.000159
  HOMO = -0.316544125587406  LUMO = 0.0167224173326807
cycle= 10 E= 1007.56512464501  delta_E= -2.67e-10  |g|= 5.73e-06  |ddm|= 5.72e-05
  HOMO = -0.316544012717436  LUMO = 0.016722534605801
Extra cycle  E= 1007.56512464497  delta_E= -4.24e-11  |g|= 2.4e-06  |ddm|= 9.73e-06
converged SCF energy = 1007.56512464497
Difference in energy:  -564.4995939764855
E(MP2) = 1007.07117285542  E_corr = -0.493951789551715
Total energy =  -773.9912346034279
time elapsed:  45.084064245224
