

******** <class 'pyscf.dft.rks.RKS'> ********
method = RKS-RHF
initial guess = minao
damping factor = 0
level_shift factor = 0
DIIS = <class 'pyscf.scf.diis.CDIIS'>
diis_start_cycle = 1
diis_space = 8
SCF conv_tol = 1e-09
SCF conv_tol_grad = 1e-05
SCF max_cycles = 1000
direct_scf = True
direct_scf_tol = 1e-13
chkfile to save SCF result = scf.fchk
max_memory 900000 MB (current use 79 MB)
XC library pyscf.dft.libxc version 5.1.7
    S. Lehtola, C. Steigemann, M. J. Oliveira, and M. A. Marques, SoftwareX 7, 1 (2018)
XC functionals = pbe
    J. P. Perdew, K. Burke, and M. Ernzerhof, Phys. Rev. Lett. 77, 3865 (1996)
    J. P. Perdew, K. Burke, and M. Ernzerhof, Phys. Rev. Lett. 78, 1396 (1997)
    J. P. Perdew, K. Burke, and M. Ernzerhof, Phys. Rev. Lett. 77, 3865 (1996)
    J. P. Perdew, K. Burke, and M. Ernzerhof, Phys. Rev. Lett. 78, 1396 (1997)
small_rho_cutoff = 1e-07
init E= -776.047562665765
  HOMO = -0.232971568994406  LUMO = -0.208295308041665
cycle= 1 E= -773.976637410587  delta_E= 2.07  |g|= 1.21  |ddm|= 6.28
  HOMO = -0.0147623709839784  LUMO = 0.00124042645028095
cycle= 2 E= -762.7053498232  delta_E= 11.3  |g|= 3.82  |ddm|= 6.26
  HOMO = -0.102349098098916  LUMO = -0.0666800997346527
cycle= 3 E= -773.66345781094  delta_E=  -11  |g|= 1.39  |ddm|=  5.9
  HOMO = -0.109464790489061  LUMO = -0.0783451362791328
cycle= 4 E= -772.833925829814  delta_E= 0.83  |g|= 1.78  |ddm|= 3.35
  HOMO = -0.143605463163981  LUMO = -0.0901684065121585
cycle= 5 E= -774.045439154053  delta_E= -1.21  |g|= 0.804  |ddm|= 2.61
  HOMO = -0.150517186927857  LUMO = -0.130860576360789
cycle= 6 E= -774.268249503694  delta_E= -0.223  |g|= 0.52  |ddm|= 2.31
  HOMO = -0.149576984359262  LUMO = -0.134317211940358
cycle= 7 E= -774.190694458729  delta_E= 0.0776  |g|= 0.569  |ddm|=  2.2
  HOMO = -0.140993468871788  LUMO = -0.137153117021086
cycle= 8 E= -774.370529685684  delta_E= -0.18  |g|= 0.225  |ddm|= 1.91
  HOMO = -0.143334123368208  LUMO = -0.140482105098969
cycle= 9 E= -774.372921601474  delta_E= -0.00239  |g|= 0.214  |ddm|= 0.96
  HOMO = -0.144116534034714  LUMO = -0.140931626956136
cycle= 10 E= -774.378316799187  delta_E= -0.0054  |g|= 0.169  |ddm|= 0.885
  HOMO = -0.142505442640252  LUMO = -0.139654874892551
cycle= 11 E= -774.340883507409  delta_E= 0.0374  |g|= 0.313  |ddm|= 1.14
  HOMO = -0.143121827858792  LUMO = -0.139710602805638
cycle= 12 E= -774.298909482196  delta_E= 0.042  |g|= 0.401  |ddm|= 0.292
  HOMO = -0.144563777535649  LUMO = -0.140808601168739
cycle= 13 E= -774.276628829022  delta_E= 0.0223  |g|= 0.439  |ddm|= 0.142
  HOMO = -0.143592454481641  LUMO = -0.140405940963254
cycle= 14 E= -774.310368838776  delta_E= -0.0337  |g|= 0.38  |ddm|= 0.211
  HOMO = -0.143126743248444  LUMO = -0.139763279521447
cycle= 15 E= -774.298519772998  delta_E= 0.0118  |g|= 0.401  |ddm|= 0.0822
  HOMO = -0.14418721325155  LUMO = -0.13945998293916
cycle= 16 E= -774.249415058504  delta_E= 0.0491  |g|= 0.473  |ddm|= 0.325
  HOMO = -0.14196899826508  LUMO = -0.138963793967387
cycle= 17 E= -774.329348629144  delta_E= -0.0799  |g|= 0.339  |ddm|= 0.538
  HOMO = -0.144415509613259  LUMO = -0.139380321740414
cycle= 18 E= -774.247975937446  delta_E= 0.0814  |g|= 0.477  |ddm|= 0.558
  HOMO = -0.15051660142949  LUMO = -0.137108065693157
cycle= 19 E= -774.308591363841  delta_E= -0.0606  |g|= 0.37  |ddm|= 2.07
  HOMO = -0.143469552401453  LUMO = -0.140494000378531
cycle= 20 E= -774.337284997524  delta_E= -0.0287  |g|= 0.359  |ddm|= 1.75
  HOMO = -0.145039508398092  LUMO = -0.140866465768668
cycle= 21 E= -774.258414376055  delta_E= 0.0789  |g|= 0.464  |ddm|= 0.637
  HOMO = -0.143160078724493  LUMO = -0.14016201255739
cycle= 22 E= -774.326600023592  delta_E= -0.0682  |g|= 0.352  |ddm|= 0.459
  HOMO = -0.147775181329989  LUMO = -0.143681558323625
cycle= 23 E= -774.262178341029  delta_E= 0.0644  |g|= 0.471  |ddm|= 0.451
  HOMO = -0.145909535338274  LUMO = -0.137362797945557
cycle= 24 E= -774.208960456689  delta_E= 0.0532  |g|= 0.526  |ddm|= 0.432
  HOMO = -0.146192981374094  LUMO = -0.140113663883805
cycle= 25 E= -774.231845945497  delta_E= -0.0229  |g|= 0.507  |ddm|= 0.246
  HOMO = -0.141176090774774  LUMO = -0.135877331144186
cycle= 26 E= -774.235734928676  delta_E= -0.00389  |g|= 0.492  |ddm|= 0.229
  HOMO = -0.143426118005827  LUMO = -0.139564984852145
cycle= 27 E= -774.285393492033  delta_E= -0.0497  |g|= 0.432  |ddm|= 0.346
  HOMO = -0.174248309222383  LUMO = -0.129405423160908
cycle= 28 E= -774.234650336675  delta_E= 0.0507  |g|= 0.59  |ddm|= 2.04
  HOMO = -0.150175781976179  LUMO = -0.126695641070943
cycle= 29 E= -774.261651036178  delta_E= -0.027  |g|= 0.547  |ddm|= 0.88
  HOMO = -0.14786801775752  LUMO = -0.135539105476144
cycle= 30 E= -774.311884834364  delta_E= -0.0502  |g|= 0.372  |ddm|= 0.555
  HOMO = -0.141698163319778  LUMO = -0.137422456226497
cycle= 31 E= -774.353831612108  delta_E= -0.0419  |g|= 0.285  |ddm|= 0.612
  HOMO = -0.148032717083834  LUMO = -0.140862058050319
cycle= 32 E= -774.210725971325  delta_E= 0.143  |g|= 0.535  |ddm|= 1.91
  HOMO = -0.145879392089715  LUMO = -0.138552930240262
cycle= 33 E= -774.215844109146  delta_E= -0.00512  |g|= 0.518  |ddm|= 0.0932
  HOMO = -0.145838334635199  LUMO = -0.13838976498377
cycle= 34 E= -774.214217893275  delta_E= 0.00163  |g|= 0.519  |ddm|= 0.0272
  HOMO = -0.146816306129694  LUMO = -0.140364874455949
cycle= 35 E= -774.220684319088  delta_E= -0.00647  |g|= 0.522  |ddm|= 0.0955
  HOMO = -0.144265248987479  LUMO = -0.140024495556928
cycle= 36 E= -774.270481706752  delta_E= -0.0498  |g|= 0.443  |ddm|= 0.377
  HOMO = -0.145250340299478  LUMO = -0.139199152905834
cycle= 37 E= -774.227255313018  delta_E= 0.0432  |g|= 0.506  |ddm|= 0.306
  HOMO = -0.146016796983274  LUMO = -0.13978073827383
cycle= 38 E= -774.227155254618  delta_E= 0.0001  |g|= 0.504  |ddm|= 0.0684
  HOMO = -0.146659691054956  LUMO = -0.140612989178331
cycle= 39 E= -774.222235715806  delta_E= 0.00492  |g|= 0.511  |ddm|= 0.0821
  HOMO = -0.14220298474462  LUMO = -0.124255713515185
cycle= 40 E= -773.911419583603  delta_E= 0.311  |g|= 1.06  |ddm|= 2.42
  HOMO = -0.177394226045069  LUMO = -0.116600992363236
cycle= 41 E= -774.252831367893  delta_E= -0.341  |g|= 0.569  |ddm|= 1.28
  HOMO = -0.161337017182099  LUMO = -0.128843729417017
cycle= 42 E= -774.285848191458  delta_E= -0.033  |g|= 0.429  |ddm|= 0.337
  HOMO = -0.144338726183235  LUMO = -0.133087426252855
cycle= 43 E= -774.202837780919  delta_E= 0.083  |g|= 0.533  |ddm|= 2.17
  HOMO = -0.145701981204794  LUMO = -0.140625092585008
cycle= 44 E= -774.251447797713  delta_E= -0.0486  |g|= 0.489  |ddm|= 0.413
  HOMO = -0.144589301218679  LUMO = -0.134580293648462
cycle= 45 E= -774.207914029546  delta_E= 0.0435  |g|= 0.524  |ddm|= 0.387
  HOMO = -0.144291868802227  LUMO = -0.136645151574061
cycle= 46 E= -774.220796164132  delta_E= -0.0129  |g|= 0.507  |ddm|= 0.119
  HOMO = -0.144899221130332  LUMO = -0.134677185305765
cycle= 47 E= -774.207723100719  delta_E= 0.0131  |g|= 0.523  |ddm|= 0.118
  HOMO = -0.144311214485138  LUMO = -0.134910562160011
cycle= 48 E= -774.210726413555  delta_E= -0.003  |g|= 0.521  |ddm|= 0.0659
  HOMO = -0.149413974822572  LUMO = -0.136077310145305
cycle= 49 E= -774.317221536861  delta_E= -0.106  |g|= 0.352  |ddm|= 2.14
  HOMO = -0.142553058247181  LUMO = -0.139069919323458
cycle= 50 E= -774.320387745224  delta_E= -0.00317  |g|= 0.366  |ddm|= 1.82
  HOMO = -0.145587540170058  LUMO = -0.140588220154672
cycle= 51 E= -774.24566742171  delta_E= 0.0747  |g|= 0.486  |ddm|= 0.486
  HOMO = -0.145033577055733  LUMO = -0.140141811949079
cycle= 52 E= -774.251291934026  delta_E= -0.00562  |g|= 0.483  |ddm|= 0.108
  HOMO = -0.144793401477493  LUMO = -0.137920944984105
cycle= 53 E= -774.220945311798  delta_E= 0.0303  |g|= 0.509  |ddm|= 0.242
  HOMO = -0.145006678442072  LUMO = -0.135474056402736
cycle= 54 E= -774.206984178911  delta_E= 0.014  |g|= 0.529  |ddm|= 0.158
  HOMO = -0.145164070063238  LUMO = -0.140427867977096
cycle= 55 E= -774.253582116998  delta_E= -0.0466  |g|= 0.473  |ddm|= 0.37
  HOMO = -0.14695103632864  LUMO = -0.14415554417138
cycle= 56 E= -774.351345523971  delta_E= -0.0978  |g|= 0.291  |ddm|= 0.668
  HOMO = -0.141877221862615  LUMO = -0.139343332664022
cycle= 57 E= -774.37119841973  delta_E= -0.0199  |g|= 0.236  |ddm|= 0.35
  HOMO = -0.151351347696217  LUMO = -0.138643486031009
cycle= 58 E= -774.310224156417  delta_E= 0.061  |g|= 0.366  |ddm|= 1.53
  HOMO = -0.141988983147936  LUMO = -0.13757228683437
cycle= 59 E= -774.262984759581  delta_E= 0.0472  |g|= 0.471  |ddm|= 2.01
  HOMO = -0.144038222873588  LUMO = -0.140627717546246
cycle= 60 E= -774.303772606184  delta_E= -0.0408  |g|= 0.401  |ddm|= 0.325
  HOMO = -0.144940038525247  LUMO = -0.142010409791229
cycle= 61 E= -774.347929309329  delta_E= -0.0442  |g|= 0.303  |ddm|= 0.301
  HOMO = -0.143237243609403  LUMO = -0.13864573982709
cycle= 62 E= -774.253325878924  delta_E= 0.0946  |g|= 0.472  |ddm|= 0.619
  HOMO = -0.144124891705864  LUMO = -0.136185799426314
cycle= 63 E= -774.21057988161  delta_E= 0.0427  |g|= 0.525  |ddm|= 0.34
  HOMO = -0.141888419946182  LUMO = -0.137703725821037
cycle= 64 E= -774.270693796151  delta_E= -0.0601  |g|= 0.447  |ddm|= 0.444
  HOMO = -0.145531124658512  LUMO = -0.139934014370749
cycle= 65 E= -774.231396744805  delta_E= 0.0393  |g|= 0.497  |ddm|= 0.27
  HOMO = -0.139443269132262  LUMO = -0.133905668643147
cycle= 66 E= -774.212036938059  delta_E= 0.0194  |g|= 0.541  |ddm|= 0.327
  HOMO = -0.160296703600817  LUMO = -0.12473736318388
cycle= 67 E= -774.267325463909  delta_E= -0.0553  |g|= 0.541  |ddm|= 2.14
  HOMO = -0.152049388919206  LUMO = -0.137674365241686
cycle= 68 E= -774.305606124473  delta_E= -0.0383  |g|= 0.421  |ddm|= 0.466
  HOMO = -0.141142444790263  LUMO = -0.138236679606718
cycle= 69 E= -774.373149789768  delta_E= -0.0675  |g|= 0.217  |ddm|= 1.55
  HOMO = -0.149548202060354  LUMO = -0.144007303353753
cycle= 70 E= -774.32396648546  delta_E= 0.0492  |g|= 0.356  |ddm|= 1.31
  HOMO = -0.143960821997985  LUMO = -0.138366025721962
cycle= 71 E= -774.234929932476  delta_E= 0.089  |g|= 0.49  |ddm|= 1.96
  HOMO = -0.142786996477521  LUMO = -0.137479909759539
cycle= 72 E= -774.235841886401  delta_E= -0.000912  |g|= 0.491  |ddm|= 0.0662
  HOMO = -0.143778428871489  LUMO = -0.136967909099099
cycle= 73 E= -774.21798919516  delta_E= 0.0179  |g|= 0.511  |ddm|= 0.145
  HOMO = -0.141315893421056  LUMO = -0.136611108242365
cycle= 74 E= -774.248890865901  delta_E= -0.0309  |g|= 0.476  |ddm|= 0.228
  HOMO = -0.142793516787507  LUMO = -0.137380396170187
cycle= 75 E= -774.236958071533  delta_E= 0.0119  |g|= 0.489  |ddm|=  0.1
  HOMO = -0.142861589238306  LUMO = -0.137513122636216
cycle= 76 E= -774.23691466137  delta_E= 4.34e-05  |g|= 0.489  |ddm|= 0.0349
  HOMO = -0.141190367817208  LUMO = -0.138291469322339
cycle= 77 E= -774.326326269962  delta_E= -0.0894  |g|= 0.353  |ddm|= 0.63
  HOMO = -0.140668526636122  LUMO = -0.136572013705542
cycle= 78 E= -774.28294308634  delta_E= 0.0434  |g|= 0.443  |ddm|= 0.458
  HOMO = -0.180765900048185  LUMO = -0.123503665206247
cycle= 79 E= -774.173190720274  delta_E= 0.11  |g|= 0.727  |ddm|=  2.1
  HOMO = -0.155260415357853  LUMO = -0.131171160956973
cycle= 80 E= -774.290763877773  delta_E= -0.118  |g|= 0.414  |ddm|= 0.628
  HOMO = -0.147248309970413  LUMO = -0.141530516067984
cycle= 81 E= -774.338323832473  delta_E= -0.0476  |g|= 0.303  |ddm|= 0.525
  HOMO = -0.144753660451674  LUMO = -0.136033838335912
cycle= 82 E= -774.199256124721  delta_E= 0.139  |g|= 0.555  |ddm|= 2.05
  HOMO = -0.144117807891428  LUMO = -0.136116408469648
cycle= 83 E= -774.21492941827  delta_E= -0.0157  |g|= 0.519  |ddm|= 0.184
  HOMO = -0.144010760561888  LUMO = -0.137846634953492
cycle= 84 E= -774.228842497083  delta_E= -0.0139  |g|= 0.501  |ddm|= 0.147
  HOMO = -0.145332092456385  LUMO = -0.136853296462931
cycle= 85 E= -774.212399494444  delta_E= 0.0164  |g|= 0.526  |ddm|= 0.154
  HOMO = -0.144853155147758  LUMO = -0.136931543772517
cycle= 86 E= -774.214249167022  delta_E= -0.00185  |g|= 0.515  |ddm|= 0.0939
  HOMO = -0.143873846216212  LUMO = -0.137158208337397
cycle= 87 E= -774.229392204154  delta_E= -0.0151  |g|= 0.501  |ddm|= 0.177
  HOMO = -0.141814397261356  LUMO = -0.137574067543076
cycle= 88 E= -774.268451124925  delta_E= -0.0391  |g|= 0.451  |ddm|= 0.349
  HOMO = -0.143682911798106  LUMO = -0.135343368579748
cycle= 89 E= -774.209846218758  delta_E= 0.0586  |g|= 0.518  |ddm|= 0.43
  HOMO = -0.137982923620447  LUMO = -0.132725385048039
cycle= 90 E= -772.108068806971  delta_E=  2.1  |g|=    2  |ddm|= 3.43
  HOMO = -0.178030052670052  LUMO = -0.104401306490786
cycle= 91 E= -774.198145636013  delta_E= -2.09  |g|= 0.713  |ddm|= 2.58
  HOMO = -0.16889384342261  LUMO = -0.131213441817569
cycle= 92 E= -774.277137604756  delta_E= -0.079  |g|= 0.457  |ddm|= 0.543
  HOMO = -0.15035425052795  LUMO = -0.135516121293613
cycle= 93 E= -774.312794451655  delta_E= -0.0357  |g|= 0.359  |ddm|= 0.358
  HOMO = -0.146780267621645  LUMO = -0.141737510722585
cycle= 94 E= -774.251958145492  delta_E= 0.0608  |g|= 0.486  |ddm|= 2.05
  HOMO = -0.145760921911241  LUMO = -0.136853877672034
cycle= 95 E= -774.214758051493  delta_E= 0.0372  |g|= 0.513  |ddm|= 0.351
  HOMO = -0.145141366142681  LUMO = -0.136496152039821
cycle= 96 E= -774.212404877982  delta_E= 0.00235  |g|= 0.516  |ddm|= 0.0658
  HOMO = -0.145062174849923  LUMO = -0.136690876306656
cycle= 97 E= -774.214565161951  delta_E= -0.00216  |g|= 0.512  |ddm|= 0.0275
  HOMO = -0.145538483933591  LUMO = -0.13726404194128
cycle= 98 E= -774.214480368577  delta_E= 8.48e-05  |g|= 0.513  |ddm|= 0.0292
  HOMO = -0.143770757205573  LUMO = -0.136648595211636
cycle= 99 E= -774.222108372169  delta_E= -0.00763  |g|= 0.502  |ddm|= 0.0942
  HOMO = -0.143540599777424  LUMO = -0.139387061990825
cycle= 100 E= -774.278204279777  delta_E= -0.0561  |g|= 0.435  |ddm|= 0.394
  HOMO = -0.144190908455347  LUMO = -0.138129958344004
cycle= 101 E= -774.2341786421  delta_E= 0.044  |g|= 0.493  |ddm|= 0.314
  HOMO = -0.156478357307181  LUMO = -0.111211174024289
cycle= 102 E= -774.021710128311  delta_E= 0.212  |g|= 0.973  |ddm|= 2.33
  HOMO = -0.177114378947311  LUMO = -0.119309502437495
cycle= 103 E= -774.263735335345  delta_E= -0.242  |g|= 0.508  |ddm|= 0.873
  HOMO = -0.14986012931043  LUMO = -0.139449087520724
cycle= 104 E= -774.312585141309  delta_E= -0.0488  |g|= 0.376  |ddm|= 0.513
  HOMO = -0.148776547251194  LUMO = -0.119769189654288
cycle= 105 E= -774.168832291979  delta_E= 0.144  |g|= 0.593  |ddm|= 2.18
  HOMO = -0.138467255559421  LUMO = -0.115646711648392
cycle= 106 E= -774.154048087682  delta_E= 0.0148  |g|= 0.626  |ddm|= 0.118
  HOMO = -0.144727212602488  LUMO = -0.11781412635023
cycle= 107 E= -774.162675057247  delta_E= -0.00863  |g|= 0.605  |ddm|= 0.109
  HOMO = -0.148647587986022  LUMO = -0.129772234869021
cycle= 108 E= -774.192556863368  delta_E= -0.0299  |g|= 0.565  |ddm|= 0.275
  HOMO = -0.147534377286397  LUMO = -0.122895126514265
cycle= 109 E= -774.176679354192  delta_E= 0.0159  |g|= 0.578  |ddm|= 0.252
  HOMO = -0.148499955369251  LUMO = -0.124771313158936
cycle= 110 E= -774.177567943209  delta_E= -0.000889  |g|= 0.571  |ddm|= 0.121
  HOMO = -0.154129648113926  LUMO = -0.134670274747569
cycle= 111 E= -774.308189966722  delta_E= -0.131  |g|= 0.38  |ddm|= 2.19
  HOMO = -0.148718967167864  LUMO = -0.137379139108813
cycle= 112 E= -774.319964355086  delta_E= -0.0118  |g|= 0.341  |ddm|= 0.163
  HOMO = -0.147582792169861  LUMO = -0.13913291692677
cycle= 113 E= -774.328773426005  delta_E= -0.00881  |g|= 0.321  |ddm|= 0.123
  HOMO = -0.142033669128161  LUMO = -0.139139519421813
cycle= 114 E= -774.391974259462  delta_E= -0.0632  |g|= 0.104  |ddm|= 1.13
  HOMO = -0.142839848683368  LUMO = -0.140144942072047
cycle= 115 E= -774.388172222031  delta_E= 0.0038  |g|= 0.174  |ddm|= 0.314
  HOMO = -0.144542114318232  LUMO = -0.141981599448588
cycle= 116 E= -774.37590419944  delta_E= 0.0123  |g|= 0.196  |ddm|= 0.539
  HOMO = -0.143502728410024  LUMO = -0.140096264296449
cycle= 117 E= -774.295278803949  delta_E= 0.0806  |g|= 0.407  |ddm|= 0.637
  HOMO = -0.143275995571397  LUMO = -0.140230835719868
cycle= 118 E= -774.319189772282  delta_E= -0.0239  |g|= 0.362  |ddm|= 0.159
  HOMO = -0.143449061208538  LUMO = -0.139971919629923
cycle= 119 E= -774.291147568691  delta_E= 0.028  |g|= 0.414  |ddm|= 0.186
  HOMO = -0.143834851816754  LUMO = -0.141272974443227
cycle= 120 E= -774.387342269079  delta_E= -0.0962  |g|= 0.127  |ddm|= 0.802
  HOMO = -0.143382663212678  LUMO = -0.140810964727209
cycle= 121 E= -774.388763812797  delta_E= -0.00142  |g|= 0.111  |ddm|= 0.0553
  HOMO = -0.144451147640471  LUMO = -0.140705937038627
cycle= 122 E= -774.362817201509  delta_E= 0.0259  |g|= 0.231  |ddm|= 0.885
  HOMO = -0.14304521264356  LUMO = -0.14042172840504
cycle= 123 E= -774.392451396628  delta_E= -0.0296  |g|= 0.0753  |ddm|= 0.803
  HOMO = -0.143563755957369  LUMO = -0.140894909652303
cycle= 124 E= -774.395251133817  delta_E= -0.0028  |g|= 0.0143  |ddm|= 0.179
  HOMO = -0.143600495827718  LUMO = -0.140965711548691
cycle= 125 E= -774.395100598518  delta_E= 0.000151  |g|= 0.0202  |ddm|= 0.0584
  HOMO = -0.143302679470886  LUMO = -0.140693405832328
cycle= 126 E= -774.394396543985  delta_E= 0.000704  |g|= 0.0414  |ddm|= 0.0523
  HOMO = -0.143477643583006  LUMO = -0.140886573408836
cycle= 127 E= -774.392329816993  delta_E= 0.00207  |g|= 0.0742  |ddm|= 0.0791
  HOMO = -0.143424789869605  LUMO = -0.140825693919971
cycle= 128 E= -774.3935433858  delta_E= -0.00121  |g|= 0.0574  |ddm|= 0.0392
  HOMO = -0.143372103782164  LUMO = -0.140776924805885
cycle= 129 E= -774.392899913105  delta_E= 0.000643  |g|= 0.0667  |ddm|= 0.0221
  HOMO = -0.143420282771964  LUMO = -0.140816095773405
cycle= 130 E= -774.393575838195  delta_E= -0.000676  |g|= 0.0567  |ddm|= 0.0239
  HOMO = -0.143545969950018  LUMO = -0.140884621441424
cycle= 131 E= -774.395266562081  delta_E= -0.00169  |g|= 0.00872  |ddm|= 0.153
  HOMO = -0.143548241158527  LUMO = -0.140894862577515
cycle= 132 E= -774.395307471675  delta_E= -4.09e-05  |g|= 0.000749  |ddm|= 0.0225
  HOMO = -0.143542683811402  LUMO = -0.140887457458293
cycle= 133 E= -774.395307747408  delta_E= -2.76e-07  |g|= 0.000258  |ddm|= 0.00161
  HOMO = -0.143545052715278  LUMO = -0.140890608261466
cycle= 134 E= -774.395307738254  delta_E= 9.15e-09  |g|= 0.000243  |ddm|= 0.000457
  HOMO = -0.143545001712258  LUMO = -0.140890413874293
cycle= 135 E= -774.395307764509  delta_E= -2.63e-08  |g|= 8.24e-05  |ddm|= 0.000362
  HOMO = -0.143545211656291  LUMO = -0.140890564891031
cycle= 136 E= -774.395307766789  delta_E= -2.28e-09  |g|= 5.09e-05  |ddm|= 7.95e-05
  HOMO = -0.143545236799737  LUMO = -0.140890562165975
cycle= 137 E= -774.395307767998  delta_E= -1.21e-09  |g|= 1.78e-05  |ddm|= 7.77e-05
  HOMO = -0.143545328864243  LUMO = -0.140890627213499
cycle= 138 E= -774.395307768145  delta_E= -1.47e-10  |g|= 7.29e-06  |ddm|= 5.94e-05
  HOMO = -0.143544304612065  LUMO = -0.140890431549637
Extra cycle  E= -774.395307570456  delta_E= 1.98e-07  |g|= 0.000605  |ddm|= 0.00145
converged SCF energy = -774.395307570456
AOs:  [0, 1, 2, 3, 4, 5, 6, 7, 8, 9, 10, 11, 12, 13, 14, 15, 16, 17, 18, 19, 20, 21, 22, 23, 24, 25, 26, 27, 28, 29, 30, 31, 32, 33, 34, 35, 36, 37, 38, 39, 40, 41, 42, 43, 44, 45, 46, 47, 48, 49, 50, 51, 52, 53, 54, 55, 56, 57, 58, 59, 60, 61, 62, 63]
64

 AO indices used for projection:  [0, 1, 3, 4, 5, 14, 16, 17, 19, 20, 21, 30, 32, 33, 35, 36, 37, 46, 48, 49, 51, 52, 53, 62]
 # of orbitals to keep:  15
Number of Active MOs:  15
Number of Environment MOs:  55
Number of Virtual MOs:  244
 # electrons:            α            β
         Env:  55.00000000  55.00000000
         Act:  15.00000000  15.00000000
         Vir:  -0.00000000  -0.00000000
Number of electrons in the active space:  30

 The density matrix is idempotent!

 The density matrix is idempotent!


******** <class 'pyscf.scf.hf.RHF'> ********
method = RHF
initial guess = minao
damping factor = 0
level_shift factor = 0
DIIS = <class 'pyscf.scf.diis.CDIIS'>
diis_start_cycle = 1
diis_space = 8
SCF conv_tol = 1e-09
SCF conv_tol_grad = 1e-05
SCF max_cycles = 200
direct_scf = True
direct_scf_tol = 1e-13
chkfile to save SCF result = subsys_scf.chk
max_memory 900000 MB (current use 10410 MB)
init E= 1007.43233765536
  HOMO = -0.318223944051668  LUMO = 0.0225845435326707
cycle= 1 E= 1007.39162162766  delta_E= -0.0407  |g|= 0.0747  |ddm|= 0.686
  HOMO = -0.317432666763495  LUMO = 0.0177329766671624
cycle= 2 E= 1007.38854724322  delta_E= -0.00307  |g|= 0.0261  |ddm|= 0.159
  HOMO = -0.317973207390165  LUMO = 0.0171604892402526
cycle= 3 E= 1007.38790905066  delta_E= -0.000638  |g|= 0.0159  |ddm|= 0.0664
  HOMO = -0.316376453330173  LUMO = 0.0168589290571895
cycle= 4 E= 1007.38777453828  delta_E= -0.000135  |g|= 0.00463  |ddm|= 0.0297
  HOMO = -0.316721285716486  LUMO = 0.0164173005465453
cycle= 5 E= 1007.38773832562  delta_E= -3.62e-05  |g|= 0.00142  |ddm|= 0.0195
  HOMO = -0.316543466627115  LUMO = 0.0163622234817155
cycle= 6 E= 1007.38773614663  delta_E= -2.18e-06  |g|= 0.000486  |ddm|= 0.00485
  HOMO = -0.316572000817046  LUMO = 0.0163427682703666
cycle= 7 E= 1007.38773598077  delta_E= -1.66e-07  |g|= 0.000129  |ddm|= 0.00121
  HOMO = -0.316594799790773  LUMO = 0.016336325234876
cycle= 8 E= 1007.38773595672  delta_E= -2.41e-08  |g|= 5.16e-05  |ddm|= 0.000491
  HOMO = -0.316592013854156  LUMO = 0.0163373532597502
cycle= 9 E= 1007.38773595384  delta_E= -2.87e-09  |g|= 1.67e-05  |ddm|= 0.000163
  HOMO = -0.31659608175575  LUMO = 0.0163380239981278
cycle= 10 E= 1007.3877359533  delta_E= -5.44e-10  |g|= 5.85e-06  |ddm|= 5.91e-05
  HOMO = -0.316596028297678  LUMO = 0.0163381455941672
Extra cycle  E= 1007.38773595326  delta_E= -4.62e-11  |g|= 2.45e-06  |ddm|= 9.95e-06
converged SCF energy = 1007.38773595326
Difference in energy:  -564.2954767064375
E(MP2) = 1006.89351202677  E_corr = -0.494223926480422
Total energy =  -773.9902701677039
time elapsed:  136.4627468585968
