

******** <class 'pyscf.dft.rks.RKS'> ********
method = RKS-RHF
initial guess = minao
damping factor = 0
level_shift factor = 0
DIIS = <class 'pyscf.scf.diis.CDIIS'>
diis_start_cycle = 1
diis_space = 8
SCF conv_tol = 1e-09
SCF conv_tol_grad = 1e-05
SCF max_cycles = 1000
direct_scf = True
direct_scf_tol = 1e-13
chkfile to save SCF result = scf.fchk
max_memory 900000 MB (current use 79 MB)
XC library pyscf.dft.libxc version 5.1.7
    S. Lehtola, C. Steigemann, M. J. Oliveira, and M. A. Marques, SoftwareX 7, 1 (2018)
XC functionals = pbe
    J. P. Perdew, K. Burke, and M. Ernzerhof, Phys. Rev. Lett. 77, 3865 (1996)
    J. P. Perdew, K. Burke, and M. Ernzerhof, Phys. Rev. Lett. 78, 1396 (1997)
    J. P. Perdew, K. Burke, and M. Ernzerhof, Phys. Rev. Lett. 77, 3865 (1996)
    J. P. Perdew, K. Burke, and M. Ernzerhof, Phys. Rev. Lett. 78, 1396 (1997)
small_rho_cutoff = 1e-07
init E= -776.04754061138
  HOMO = -0.23289272531964  LUMO = -0.20835774642111
cycle= 1 E= -773.975112149073  delta_E= 2.07  |g|= 1.21  |ddm|= 6.28
  HOMO = -0.0154017015678876  LUMO = 0.000677821274661644
cycle= 2 E= -762.687675337096  delta_E= 11.3  |g|= 3.82  |ddm|= 6.26
  HOMO = -0.101571774595912  LUMO = -0.0670553302511252
cycle= 3 E= -773.664262850925  delta_E=  -11  |g|= 1.39  |ddm|=  5.9
  HOMO = -0.109315730394011  LUMO = -0.0779925244715351
cycle= 4 E= -772.828716628552  delta_E= 0.836  |g|= 1.79  |ddm|= 3.36
  HOMO = -0.143301406657822  LUMO = -0.0899775910277346
cycle= 5 E= -774.044518531167  delta_E= -1.22  |g|= 0.805  |ddm|= 2.61
  HOMO = -0.150202137051508  LUMO = -0.131125835915707
cycle= 6 E= -774.26600248139  delta_E= -0.221  |g|= 0.522  |ddm|= 2.32
  HOMO = -0.149655082218029  LUMO = -0.13391764566588
cycle= 7 E= -774.184663198684  delta_E= 0.0813  |g|= 0.575  |ddm|= 2.23
  HOMO = -0.140103308267472  LUMO = -0.137911105229889
cycle= 8 E= -774.358216744034  delta_E= -0.174  |g|= 0.258  |ddm|= 2.03
  HOMO = -0.143048561904936  LUMO = -0.139614584136394
cycle= 9 E= -774.229414983925  delta_E= 0.129  |g|= 0.491  |ddm|= 1.88
  HOMO = -0.146139575215861  LUMO = -0.1401434349282
cycle= 10 E= -774.318619033711  delta_E= -0.0892  |g|= 0.333  |ddm|= 2.13
  HOMO = -0.142531493619387  LUMO = -0.140296073171622
cycle= 11 E= -774.347324949183  delta_E= -0.0287  |g|= 0.266  |ddm|= 0.433
  HOMO = -0.142594460690737  LUMO = -0.139470168529985
cycle= 12 E= -774.33161604765  delta_E= 0.0157  |g|= 0.303  |ddm|= 0.247
  HOMO = -0.145060262008926  LUMO = -0.141408624357069
cycle= 13 E= -774.328992043494  delta_E= 0.00262  |g|= 0.315  |ddm|= 0.143
  HOMO = -0.142835010635358  LUMO = -0.141396950655824
cycle= 14 E= -774.374988549867  delta_E= -0.046  |g|= 0.18  |ddm|= 0.675
  HOMO = -0.145612843385937  LUMO = -0.141614917634089
cycle= 15 E= -774.325317112789  delta_E= 0.0497  |g|= 0.33  |ddm|= 0.725
  HOMO = -0.144033027052372  LUMO = -0.137256835101229
cycle= 16 E= -774.31679884052  delta_E= 0.00852  |g|= 0.336  |ddm|= 0.179
  HOMO = -0.143390791410261  LUMO = -0.138009338787121
cycle= 17 E= -774.32198523563  delta_E= -0.00519  |g|= 0.33  |ddm|= 0.13
  HOMO = -0.141434652351461  LUMO = -0.1379969135325
cycle= 18 E= -774.214771773393  delta_E= 0.107  |g|= 0.512  |ddm|= 2.14
  HOMO = -0.143862431734014  LUMO = -0.138679582250029
cycle= 19 E= -774.324179410495  delta_E= -0.109  |g|= 0.321  |ddm|= 2.14
  HOMO = -0.142184290043524  LUMO = -0.139212655261083
cycle= 20 E= -774.334570492906  delta_E= -0.0104  |g|= 0.304  |ddm|= 0.198
  HOMO = -0.143631468808587  LUMO = -0.142116776751511
cycle= 21 E= -774.305344546288  delta_E= 0.0292  |g|= 0.382  |ddm|= 1.76
  HOMO = -0.139534499597031  LUMO = -0.138322562230293
cycle= 22 E= -774.340252602871  delta_E= -0.0349  |g|= 0.32  |ddm|= 0.356
  HOMO = -0.145228492660031  LUMO = -0.141977886856314
cycle= 23 E= -774.224003580623  delta_E= 0.116  |g|= 0.525  |ddm|= 0.903
  HOMO = -0.142646143867489  LUMO = -0.139788003711521
cycle= 24 E= -774.230788412504  delta_E= -0.00678  |g|= 0.492  |ddm|= 0.193
  HOMO = -0.145127807077993  LUMO = -0.140680719613107
cycle= 25 E= -774.210915220329  delta_E= 0.0199  |g|= 0.514  |ddm|= 0.173
  HOMO = -0.144816299556828  LUMO = -0.141459996259468
cycle= 26 E= -774.221867101275  delta_E= -0.011  |g|= 0.506  |ddm|= 0.118
  HOMO = -0.144625226644999  LUMO = -0.141273205926893
cycle= 27 E= -774.222350486109  delta_E= -0.000483  |g|= 0.504  |ddm|= 0.0176
  HOMO = -0.144765770074448  LUMO = -0.139387561640058
cycle= 28 E= -774.207833769069  delta_E= 0.0145  |g|= 0.523  |ddm|= 0.153
  HOMO = -0.179796852805302  LUMO = -0.112580303214382
cycle= 29 E= -774.173106234337  delta_E= 0.0347  |g|= 0.702  |ddm|= 2.21
  HOMO = -0.155871687787796  LUMO = -0.134084073209305
cycle= 30 E= -774.29734257281  delta_E= -0.124  |g|= 0.415  |ddm|= 0.601
  HOMO = -0.149799285718208  LUMO = -0.136701117094419
cycle= 31 E= -774.297210901858  delta_E= 0.000132  |g|= 0.436  |ddm|= 0.471
  HOMO = -0.143212399656112  LUMO = -0.141703632668421
cycle= 32 E= -774.370129027317  delta_E= -0.0729  |g|= 0.218  |ddm|= 1.67
  HOMO = -0.141600608082902  LUMO = -0.138128815679936
cycle= 33 E= -774.22000701732  delta_E= 0.15  |g|= 0.497  |ddm|= 1.15
  HOMO = -0.144338355058483  LUMO = -0.139976415458914
cycle= 34 E= -774.211008001593  delta_E= 0.009  |g|= 0.509  |ddm|= 0.125
  HOMO = -0.143435518361242  LUMO = -0.141646894516856
cycle= 35 E= -774.259014144937  delta_E= -0.048  |g|= 0.459  |ddm|= 0.425
  HOMO = -0.143871780998536  LUMO = -0.138663450770381
cycle= 36 E= -774.204892568757  delta_E= 0.0541  |g|= 0.52  |ddm|= 0.475
  HOMO = -0.143443145365167  LUMO = -0.139962550646554
cycle= 37 E= -774.218730492932  delta_E= -0.0138  |g|= 0.499  |ddm|= 0.15
  HOMO = -0.142249169476962  LUMO = -0.141115008413578
cycle= 38 E= -774.389748650136  delta_E= -0.171  |g|= 0.102  |ddm|= 1.65
  HOMO = -0.142834004404344  LUMO = -0.141735538774971
cycle= 39 E= -774.388762939313  delta_E= 0.000986  |g|= 0.0955  |ddm|= 0.113
  HOMO = -0.142450830250455  LUMO = -0.141035802555676
cycle= 40 E= -774.289628351254  delta_E= 0.0991  |g|= 0.411  |ddm|= 1.26
  HOMO = -0.143144176252377  LUMO = -0.140453286994923
cycle= 41 E= -774.231476381638  delta_E= 0.0582  |g|= 0.489  |ddm|= 0.438
  HOMO = -0.143367907804247  LUMO = -0.140396254518191
cycle= 42 E= -774.225782111218  delta_E= 0.00569  |g|= 0.494  |ddm|= 0.0533
  HOMO = -0.143458851305863  LUMO = -0.140490037749976
cycle= 43 E= -774.225878214712  delta_E= -9.61e-05  |g|= 0.493  |ddm|= 0.00704
  HOMO = -0.143581118207917  LUMO = -0.141141201307462
cycle= 44 E= -774.237020117997  delta_E= -0.0111  |g|= 0.483  |ddm|= 0.105
  HOMO = -0.143332374415013  LUMO = -0.140545437530637
cycle= 45 E= -774.229366736764  delta_E= 0.00765  |g|= 0.49  |ddm|= 0.0747
  HOMO = -0.143339511013412  LUMO = -0.140526475043948
cycle= 46 E= -774.229167985674  delta_E= 0.000199  |g|= 0.49  |ddm|= 0.00712
  HOMO = -0.143107826830883  LUMO = -0.140905404753717
cycle= 47 E= -774.244554748526  delta_E= -0.0154  |g|= 0.474  |ddm|= 0.16
  HOMO = -0.17911896756831  LUMO = -0.127341127038077
cycle= 48 E= -774.203702715168  delta_E= 0.0409  |g|= 0.632  |ddm|= 2.14
  HOMO = -0.163201030233954  LUMO = -0.108875587358192
cycle= 49 E= -774.220000914731  delta_E= -0.0163  |g|= 0.641  |ddm|= 0.894
  HOMO = -0.15756112787226  LUMO = -0.133217237859275
cycle= 50 E= -774.300783217777  delta_E= -0.0808  |g|= 0.397  |ddm|= 0.566
  HOMO = -0.142040551800846  LUMO = -0.137925710797834
cycle= 51 E= -774.223260942225  delta_E= 0.0775  |g|= 0.507  |ddm|= 2.16
  HOMO = -0.143200107570773  LUMO = -0.135348280042931
cycle= 52 E= -774.204090301386  delta_E= 0.0192  |g|= 0.523  |ddm|= 0.231
  HOMO = -0.142713985290227  LUMO = -0.13798051128848
cycle= 53 E= -774.220503156268  delta_E= -0.0164  |g|= 0.503  |ddm|= 0.166
  HOMO = -0.143975748603834  LUMO = -0.137581184261699
cycle= 54 E= -774.211145433524  delta_E= 0.00936  |g|= 0.513  |ddm|= 0.143
  HOMO = -0.14243643904045  LUMO = -0.137616586310876
cycle= 55 E= -774.219171563522  delta_E= -0.00803  |g|= 0.503  |ddm|= 0.112
  HOMO = -0.141440387148511  LUMO = -0.139741927392626
cycle= 56 E= -774.323667655563  delta_E= -0.104  |g|= 0.354  |ddm|= 0.778
  HOMO = -0.142738655475461  LUMO = -0.13983715701849
cycle= 57 E= -774.224124265396  delta_E= 0.0995  |g|= 0.521  |ddm|= 0.661
  HOMO = -0.143486320371909  LUMO = -0.140972070818087
cycle= 58 E= -774.246895295352  delta_E= -0.0228  |g|= 0.489  |ddm|= 0.183
  HOMO = -0.147796616222633  LUMO = -0.136777981380734
cycle= 59 E= -774.299680078491  delta_E= -0.0528  |g|= 0.398  |ddm|= 2.11
  HOMO = -0.145148276803052  LUMO = -0.137650116027835
cycle= 60 E= -774.201466565619  delta_E= 0.0982  |g|= 0.53  |ddm|=  2.2
  HOMO = -0.145013908548173  LUMO = -0.142932383540556
cycle= 61 E= -774.353614309619  delta_E= -0.152  |g|= 0.272  |ddm|= 2.04
  HOMO = -0.141086283589445  LUMO = -0.135996464955547
cycle= 62 E= -774.207576447683  delta_E= 0.146  |g|= 0.517  |ddm|= 2.03
  HOMO = -0.143592989326673  LUMO = -0.138311073849024
cycle= 63 E= -774.210466431657  delta_E= -0.00289  |g|= 0.513  |ddm|= 0.151
  HOMO = -0.142589318546963  LUMO = -0.140118884808763
cycle= 64 E= -774.235433681161  delta_E= -0.025  |g|= 0.492  |ddm|=  0.3
  HOMO = -0.139507715973739  LUMO = -0.13738518670584
cycle= 65 E= -774.341132841156  delta_E= -0.106  |g|= 0.318  |ddm|= 1.92
  HOMO = -0.144889209998044  LUMO = -0.138551856237983
cycle= 66 E= -774.207091686664  delta_E= 0.134  |g|= 0.519  |ddm|= 2.05
  HOMO = -0.144654536086596  LUMO = -0.139032316689438
cycle= 67 E= -774.211151681882  delta_E= -0.00406  |g|= 0.512  |ddm|=  0.1
  HOMO = -0.144030129305464  LUMO = -0.138542815734203
cycle= 68 E= -774.208459896948  delta_E= 0.00269  |g|= 0.513  |ddm|= 0.0791
  HOMO = -0.143409098881569  LUMO = -0.138260858177366
cycle= 69 E= -774.212080870917  delta_E= -0.00362  |g|= 0.508  |ddm|= 0.0441

WARN: HOMO -0.146191239379002 == LUMO -0.145289879757349

cycle= 70 E= -774.205533542311  delta_E= 0.00655  |g|= 0.78  |ddm|= 2.05
  HOMO = -0.14536002139606  LUMO = -0.142535177733138
cycle= 71 E= -774.328801247429  delta_E= -0.123  |g|= 0.326  |ddm|= 1.38
  HOMO = -0.142736857404381  LUMO = -0.138915395531506
cycle= 72 E= -774.217382101751  delta_E= 0.111  |g|= 0.508  |ddm|= 2.07
  HOMO = -0.14271780289659  LUMO = -0.140274206536517
cycle= 73 E= -774.248025430465  delta_E= -0.0306  |g|= 0.469  |ddm|= 0.281
  HOMO = -0.13692496740976  LUMO = -0.133797763893264
cycle= 74 E= -774.305396021452  delta_E= -0.0574  |g|= 0.421  |ddm|= 1.99
  HOMO = -0.142977479392891  LUMO = -0.137916999273787
cycle= 75 E= -774.209761586776  delta_E= 0.0956  |g|= 0.514  |ddm|= 2.11
  HOMO = -0.143523397574494  LUMO = -0.138087713623951
cycle= 76 E= -774.20968026339  delta_E= 8.13e-05  |g|= 0.516  |ddm|= 0.0423
  HOMO = -0.142239943830565  LUMO = -0.138166718713209
cycle= 77 E= -774.219205944598  delta_E= -0.00953  |g|= 0.504  |ddm|= 0.107
  HOMO = -0.142980839852141  LUMO = -0.13753174985022
cycle= 78 E= -774.208204918414  delta_E= 0.011  |g|= 0.515  |ddm|= 0.111
  HOMO = -0.14488950435242  LUMO = -0.137605448971848
cycle= 79 E= -774.200549092556  delta_E= 0.00766  |g|= 0.525  |ddm|= 0.104
  HOMO = -0.165746713238122  LUMO = -0.140401508333761
cycle= 80 E= -774.201851772558  delta_E= -0.0013  |g|= 0.651  |ddm|= 2.24
  HOMO = -0.142038142492654  LUMO = -0.140543547854424
cycle= 81 E= -774.389754400905  delta_E= -0.188  |g|= 0.0986  |ddm|= 1.32
  HOMO = -0.143530521717133  LUMO = -0.142422721910778
cycle= 82 E= -774.376548369615  delta_E= 0.0132  |g|= 0.187  |ddm|= 0.601
  HOMO = -0.142383922926122  LUMO = -0.141235523550686
cycle= 83 E= -774.379991104717  delta_E= -0.00344  |g|= 0.159  |ddm|= 0.776
  HOMO = -0.143134460359292  LUMO = -0.14116288062918
cycle= 84 E= -774.249078074324  delta_E= 0.131  |g|= 0.468  |ddm|= 1.61
  HOMO = -0.143337792108851  LUMO = -0.141202767321988
cycle= 85 E= -774.243475221482  delta_E= 0.0056  |g|= 0.474  |ddm|= 0.0476
  HOMO = -0.143376962473684  LUMO = -0.141244143242285
cycle= 86 E= -774.243849118501  delta_E= -0.000374  |g|= 0.474  |ddm|= 0.0151
  HOMO = -0.143399673382008  LUMO = -0.141364888479708
cycle= 87 E= -774.247350662382  delta_E= -0.0035  |g|= 0.47  |ddm|= 0.0299
  HOMO = -0.143485686294752  LUMO = -0.141211282894852
cycle= 88 E= -774.238833945251  delta_E= 0.00852  |g|= 0.48  |ddm|= 0.0682
  HOMO = -0.142547251960225  LUMO = -0.140726308130354
cycle= 89 E= -774.257391671242  delta_E= -0.0186  |g|= 0.456  |ddm|= 0.159
  HOMO = -0.143809833727372  LUMO = -0.141946483077018
cycle= 90 E= -774.254225727391  delta_E= 0.00317  |g|= 0.472  |ddm|= 0.152
  HOMO = -0.144279527642761  LUMO = -0.139674645245154
cycle= 91 E= -774.210540810483  delta_E= 0.0437  |g|= 0.511  |ddm|= 0.459
  HOMO = -0.167023959433247  LUMO = -0.112409038848256
cycle= 92 E= -774.124567102079  delta_E= 0.086  |g|= 0.801  |ddm|= 2.26
  HOMO = -0.162143302549108  LUMO = -0.118372528087879
cycle= 93 E= -774.229575095362  delta_E= -0.105  |g|=  0.6  |ddm|= 0.971
  HOMO = -0.152782590844518  LUMO = -0.135087166517771
cycle= 94 E= -774.304862157548  delta_E= -0.0753  |g|= 0.387  |ddm|= 0.504
  HOMO = -0.145454709863175  LUMO = -0.140804795691221
cycle= 95 E= -774.320138936987  delta_E= -0.0153  |g|= 0.334  |ddm|= 0.379
  HOMO = -0.14826875851927  LUMO = -0.131592767456241
cycle= 96 E= -774.184637102812  delta_E= 0.136  |g|= 0.566  |ddm|= 2.19
  HOMO = -0.143639348811706  LUMO = -0.121061902252674
cycle= 97 E= -774.166840994394  delta_E= 0.0178  |g|= 0.609  |ddm|= 0.21
  HOMO = -0.144199586541105  LUMO = -0.129526304362654
cycle= 98 E= -774.19168068101  delta_E= -0.0248  |g|= 0.553  |ddm|= 0.234
  HOMO = -0.145746748412662  LUMO = -0.13431611597682
cycle= 99 E= -774.198725773634  delta_E= -0.00705  |g|= 0.539  |ddm|= 0.175
  HOMO = -0.142682629645719  LUMO = -0.139067365406863
cycle= 100 E= -774.222411534604  delta_E= -0.0237  |g|= 0.494  |ddm|= 0.258
  HOMO = -0.14219042766398  LUMO = -0.138910471898592
cycle= 101 E= -774.337348250031  delta_E= -0.115  |g|= 0.305  |ddm|= 2.06
  HOMO = -0.150303521967949  LUMO = -0.139937922796908
cycle= 102 E= -774.309169208259  delta_E= 0.0282  |g|= 0.364  |ddm|= 0.432
  HOMO = -0.147237367743609  LUMO = -0.140840906050149
cycle= 103 E= -774.319041215414  delta_E= -0.00987  |g|= 0.334  |ddm|= 0.119
  HOMO = -0.147259062159217  LUMO = -0.140017383500665
cycle= 104 E= -774.318129968558  delta_E= 0.000911  |g|= 0.335  |ddm|= 0.0553
  HOMO = -0.144476783776686  LUMO = -0.140242657806303
cycle= 105 E= -774.32642572257  delta_E= -0.0083  |g|= 0.316  |ddm|= 0.173
  HOMO = -0.142770467034682  LUMO = -0.141446411828526
cycle= 106 E= -774.374028792861  delta_E= -0.0476  |g|= 0.204  |ddm|= 1.46
  HOMO = -0.143699825300117  LUMO = -0.139861709318367
cycle= 107 E= -774.208479218525  delta_E= 0.166  |g|= 0.511  |ddm|= 1.23
  HOMO = -0.142553424460322  LUMO = -0.140318602558595
cycle= 108 E= -774.233875427015  delta_E= -0.0254  |g|= 0.482  |ddm|= 0.233
  HOMO = -0.142800083278956  LUMO = -0.13976967619157
cycle= 109 E= -774.216857473848  delta_E= 0.017  |g|= 0.501  |ddm|= 0.142
  HOMO = -0.144652305493178  LUMO = -0.137834391226392
cycle= 110 E= -774.198043024396  delta_E= 0.0188  |g|= 0.527  |ddm|= 0.244
  HOMO = -0.141442054383314  LUMO = -0.139544654929292
cycle= 111 E= -774.236208667372  delta_E= -0.0382  |g|= 0.484  |ddm|= 0.426
  HOMO = -0.144395636495635  LUMO = -0.142175488514892
cycle= 112 E= -774.235007494898  delta_E= 0.0012  |g|= 0.488  |ddm|= 0.198
  HOMO = -0.143092927858898  LUMO = -0.139756622033125
cycle= 113 E= -774.217399043996  delta_E= 0.0176  |g|= 0.507  |ddm|= 0.212
  HOMO = -0.152034699445507  LUMO = -0.136668435785207
cycle= 114 E= -774.302392183298  delta_E= -0.085  |g|= 0.387  |ddm|= 2.18
  HOMO = -0.144321204482081  LUMO = -0.14064881595523
cycle= 115 E= -774.339382479371  delta_E= -0.037  |g|= 0.315  |ddm|= 0.593
  HOMO = -0.141191708520117  LUMO = -0.139879855843634
cycle= 116 E= -774.390115442412  delta_E= -0.0507  |g|= 0.117  |ddm|= 0.932
  HOMO = -0.143709202318654  LUMO = -0.140520994037983
cycle= 117 E= -774.219218447073  delta_E= 0.171  |g|= 0.505  |ddm|= 1.53
  HOMO = -0.143782365789489  LUMO = -0.141536023031135
cycle= 118 E= -774.236540905435  delta_E= -0.0173  |g|= 0.484  |ddm|= 0.177
  HOMO = -0.14354658251681  LUMO = -0.140781532225422
cycle= 119 E= -774.223008778456  delta_E= 0.0135  |g|= 0.494  |ddm|= 0.143
  HOMO = -0.143867640643455  LUMO = -0.141755867998413
cycle= 120 E= -774.240055991409  delta_E= -0.017  |g|= 0.48  |ddm|= 0.154
  HOMO = -0.143533149837485  LUMO = -0.140064985164591
cycle= 121 E= -774.214233474332  delta_E= 0.0258  |g|= 0.504  |ddm|= 0.248
  HOMO = -0.143790478807523  LUMO = -0.13969714307315
cycle= 122 E= -774.20919135858  delta_E= 0.00504  |g|= 0.508  |ddm|= 0.054
  HOMO = -0.144179964750742  LUMO = -0.139166605541698
cycle= 123 E= -774.205592499644  delta_E= 0.0036  |g|= 0.514  |ddm|= 0.0386
  HOMO = -0.146139813130121  LUMO = -0.143152946245029
cycle= 124 E= -774.324038903852  delta_E= -0.118  |g|= 0.385  |ddm|= 2.17
  HOMO = -0.148274594841043  LUMO = -0.121582418163495
cycle= 125 E= -774.204537106517  delta_E= 0.12  |g|= 0.657  |ddm|= 1.07
  HOMO = -0.143340755869382  LUMO = -0.141220728473892
cycle= 126 E= -774.361209258699  delta_E= -0.157  |g|= 0.248  |ddm|=    1
  HOMO = -0.140235369803919  LUMO = -0.13604172148484
cycle= 127 E= -774.209564251456  delta_E= 0.152  |g|= 0.518  |ddm|= 1.94
  HOMO = -0.142640619265193  LUMO = -0.13719580243487
cycle= 128 E= -774.206458342349  delta_E= 0.00311  |g|= 0.518  |ddm|= 0.18
  HOMO = -0.143392186478154  LUMO = -0.140459727750317
cycle= 129 E= -774.230677146841  delta_E= -0.0242  |g|= 0.492  |ddm|= 0.294
  HOMO = -0.141451786885991  LUMO = -0.139111692553417
cycle= 130 E= -774.240302951931  delta_E= -0.00963  |g|= 0.486  |ddm|= 0.187
  HOMO = -0.142434613651183  LUMO = -0.137501899440192
cycle= 131 E= -774.207403065667  delta_E= 0.0329  |g|= 0.515  |ddm|= 0.324
  HOMO = -0.141333772493149  LUMO = -0.138588898234146
cycle= 132 E= -774.229114051254  delta_E= -0.0217  |g|= 0.497  |ddm|= 0.228
  HOMO = -0.14188120059313  LUMO = -0.138095042627464
cycle= 133 E= -774.210227097659  delta_E= 0.0189  |g|= 0.516  |ddm|= 0.199
  HOMO = -0.144940264726663  LUMO = -0.139447714205763
cycle= 134 E= -774.202913656778  delta_E= 0.00731  |g|= 0.52  |ddm|= 0.111
  HOMO = -0.145813321877048  LUMO = -0.114035344647901
cycle= 135 E= -771.690238205909  delta_E= 2.51  |g|= 2.12  |ddm|= 3.58
  HOMO = -0.180818928089711  LUMO = -0.0987897733965242
cycle= 136 E= -774.175154162856  delta_E= -2.48  |g|= 0.764  |ddm|= 2.75
  HOMO = -0.177519247672667  LUMO = -0.123613973227291
cycle= 137 E= -774.246779003632  delta_E= -0.0716  |g|= 0.528  |ddm|= 0.759
  HOMO = -0.160532258097374  LUMO = -0.130422212068342
cycle= 138 E= -774.289902288592  delta_E= -0.0431  |g|= 0.417  |ddm|= 0.341
  HOMO = -0.148666373980862  LUMO = -0.140918343908768
cycle= 139 E= -774.317221643067  delta_E= -0.0273  |g|= 0.339  |ddm|= 0.311
  HOMO = -0.142638915824075  LUMO = -0.125369576808855
cycle= 140 E= -774.166626769191  delta_E= 0.151  |g|= 0.602  |ddm|=  2.2
  HOMO = -0.148476360058291  LUMO = -0.127562021089351
cycle= 141 E= -774.180086082573  delta_E= -0.0135  |g|= 0.575  |ddm|= 0.118
  HOMO = -0.146471306631125  LUMO = -0.126968770862307
cycle= 142 E= -774.178791623163  delta_E= 0.00129  |g|= 0.578  |ddm|= 0.0678
  HOMO = -0.14679788733095  LUMO = -0.1252667070108
cycle= 143 E= -774.172606873537  delta_E= 0.00618  |g|= 0.585  |ddm|= 0.068
  HOMO = -0.1432536608237  LUMO = -0.120922056315447
cycle= 144 E= -774.161310427571  delta_E= 0.0113  |g|= 0.599  |ddm|= 0.102
  HOMO = -0.146521005139298  LUMO = -0.12985292109882
cycle= 145 E= -774.184298539507  delta_E= -0.023  |g|= 0.557  |ddm|= 0.147
  HOMO = -0.145155101043064  LUMO = -0.139880281791022
cycle= 146 E= -774.325021863652  delta_E= -0.141  |g|= 0.327  |ddm|= 2.18
  HOMO = -0.145234569829325  LUMO = -0.142561106329394
cycle= 147 E= -774.346473642868  delta_E= -0.0215  |g|= 0.276  |ddm|= 0.339
  HOMO = -0.147725799039027  LUMO = -0.139556961067517
cycle= 148 E= -774.31855287312  delta_E= 0.0279  |g|= 0.337  |ddm|= 0.443
  HOMO = -0.148946049034762  LUMO = -0.139227747169056
cycle= 149 E= -774.315660290036  delta_E= 0.00289  |g|= 0.346  |ddm|= 0.0459
  HOMO = -0.151739066115748  LUMO = -0.137831918352366
cycle= 150 E= -774.310220819049  delta_E= 0.00544  |g|= 0.365  |ddm|= 0.0788
  HOMO = -0.139338126004202  LUMO = -0.138038870522574
cycle= 151 E= -774.37349270884  delta_E= -0.0633  |g|= 0.202  |ddm|= 1.62
  HOMO = -0.14813991632295  LUMO = -0.139168580647909
cycle= 152 E= -774.31389902613  delta_E= 0.0596  |g|= 0.344  |ddm|= 1.61
  HOMO = -0.143994878945689  LUMO = -0.141183593362612
cycle= 153 E= -774.225979940494  delta_E= 0.0879  |g|= 0.497  |ddm|= 2.15
  HOMO = -0.143034186291256  LUMO = -0.141819030360456
cycle= 154 E= -774.331492354228  delta_E= -0.106  |g|= 0.333  |ddm|= 0.755
  HOMO = -0.143920361348876  LUMO = -0.137925479387302
cycle= 155 E= -774.207625607609  delta_E= 0.124  |g|= 0.514  |ddm|= 0.981
  HOMO = -0.148246412459755  LUMO = -0.139758143923913
cycle= 156 E= -774.194882036173  delta_E= 0.0127  |g|= 0.539  |ddm|= 0.188
  HOMO = -0.143124364360322  LUMO = -0.139832898706928
cycle= 157 E= -774.224258633214  delta_E= -0.0294  |g|=  0.5  |ddm|= 0.344
  HOMO = -0.14302126063406  LUMO = -0.140442982862514
cycle= 158 E= -774.239881853679  delta_E= -0.0156  |g|= 0.484  |ddm|= 0.138
  HOMO = -0.142643804422892  LUMO = -0.14062029213655
cycle= 159 E= -774.262204762226  delta_E= -0.0223  |g|= 0.459  |ddm|= 0.176
  HOMO = -0.14229796888846  LUMO = -0.139227535047406
cycle= 160 E= -774.223433246689  delta_E= 0.0388  |g|= 0.502  |ddm|= 0.298
  HOMO = -0.15577109135063  LUMO = -0.13392990737497
cycle= 161 E= -774.294542011158  delta_E= -0.0711  |g|= 0.432  |ddm|= 2.16
  HOMO = -0.145545815742157  LUMO = -0.139330159184141
cycle= 162 E= -774.322066858939  delta_E= -0.0275  |g|= 0.337  |ddm|= 0.322
  HOMO = -0.144398692383118  LUMO = -0.142518312805887
cycle= 163 E= -774.288427185792  delta_E= 0.0336  |g|= 0.425  |ddm|= 1.92
  HOMO = -0.145222482309533  LUMO = -0.135435714674489
cycle= 164 E= -774.19656902792  delta_E= 0.0919  |g|= 0.54  |ddm|= 0.786
  HOMO = -0.14505922530431  LUMO = -0.137316558776944
cycle= 165 E= -774.203101871677  delta_E= -0.00653  |g|= 0.525  |ddm|= 0.143
  HOMO = -0.145778223511475  LUMO = -0.134781890981267
cycle= 166 E= -774.189909333364  delta_E= 0.0132  |g|= 0.542  |ddm|= 0.165
  HOMO = -0.143532073913117  LUMO = -0.136724265384296
cycle= 167 E= -774.201587000421  delta_E= -0.0117  |g|= 0.525  |ddm|= 0.155
  HOMO = -0.143476318085966  LUMO = -0.136990157857395
cycle= 168 E= -774.204310169421  delta_E= -0.00272  |g|= 0.52  |ddm|= 0.0461
  HOMO = -0.143357739328859  LUMO = -0.13722828945057
cycle= 169 E= -774.206758412996  delta_E= -0.00245  |g|= 0.519  |ddm|= 0.0458
  HOMO = -0.14329780211064  LUMO = -0.138164675576461
cycle= 170 E= -774.211099554122  delta_E= -0.00434  |g|= 0.513  |ddm|= 0.0695
  HOMO = -0.144392317488644  LUMO = -0.119612718408474
cycle= 171 E= -773.889383363812  delta_E= 0.322  |g|= 1.14  |ddm|= 2.48
  HOMO = -0.173053881047902  LUMO = -0.115345338571999
cycle= 172 E= -774.168389619504  delta_E= -0.279  |g|= 0.745  |ddm|= 1.21
  HOMO = -0.173927964626481  LUMO = -0.117261664849805
cycle= 173 E= -774.260235213589  delta_E= -0.0918  |g|= 0.51  |ddm|= 0.608
  HOMO = -0.145773551387359  LUMO = -0.140271448974485
cycle= 174 E= -774.323129424942  delta_E= -0.0629  |g|= 0.328  |ddm|= 0.538
  HOMO = -0.148127887781169  LUMO = -0.123323503175713
cycle= 175 E= -774.174750523414  delta_E= 0.148  |g|= 0.578  |ddm|= 2.19
  HOMO = -0.145733841370683  LUMO = -0.12868201910202
cycle= 176 E= -774.188024340196  delta_E= -0.0133  |g|= 0.556  |ddm|= 0.131
  HOMO = -0.145997078496705  LUMO = -0.127997554419479
cycle= 177 E= -774.185934444143  delta_E= 0.00209  |g|= 0.557  |ddm|= 0.11
  HOMO = -0.145727438862806  LUMO = -0.127282437155313
cycle= 178 E= -774.182676726947  delta_E= 0.00326  |g|= 0.559  |ddm|= 0.0736
  HOMO = -0.142608006930485  LUMO = -0.135824754931669
cycle= 179 E= -774.205058086294  delta_E= -0.0224  |g|= 0.515  |ddm|= 0.176
  HOMO = -0.144801664218977  LUMO = -0.136861224387428
cycle= 180 E= -774.314866741982  delta_E= -0.11  |g|= 0.359  |ddm|= 2.18
  HOMO = -0.140707693788068  LUMO = -0.138285718971452
cycle= 181 E= -774.34361595445  delta_E= -0.0287  |g|= 0.284  |ddm|= 0.479
  HOMO = -0.151953318592242  LUMO = -0.140270259547718
cycle= 182 E= -774.311224600843  delta_E= 0.0324  |g|= 0.364  |ddm|= 0.567
  HOMO = -0.149893108881058  LUMO = -0.138848775163975
cycle= 183 E= -774.314473769487  delta_E= -0.00325  |g|= 0.35  |ddm|= 0.0746
  HOMO = -0.144726954729037  LUMO = -0.139376081500984
cycle= 184 E= -774.322205942577  delta_E= -0.00773  |g|= 0.325  |ddm|= 0.165
  HOMO = -0.146343051828578  LUMO = -0.139568400776031
cycle= 185 E= -774.319457374856  delta_E= 0.00275  |g|= 0.335  |ddm|= 0.149
  HOMO = -0.142811076609466  LUMO = -0.139511820237377
cycle= 186 E= -774.332426868845  delta_E= -0.013  |g|= 0.315  |ddm|= 0.268
  HOMO = -0.143068240628187  LUMO = -0.140422168352258
cycle= 187 E= -774.250278533582  delta_E= 0.0821  |g|= 0.468  |ddm|=    2
  HOMO = -0.142337517274292  LUMO = -0.140464051462074
cycle= 188 E= -774.279263294155  delta_E= -0.029  |g|= 0.426  |ddm|= 0.215
  HOMO = -0.143242615972469  LUMO = -0.139893118417957
cycle= 189 E= -774.221118571098  delta_E= 0.0581  |g|= 0.503  |ddm|= 0.412
  HOMO = -0.143011164993199  LUMO = -0.13959077242397
cycle= 190 E= -774.228661602496  delta_E= -0.00754  |g|= 0.498  |ddm|=  0.1
  HOMO = -0.146307788303343  LUMO = -0.140742046327531
cycle= 191 E= -774.204131286222  delta_E= 0.0245  |g|= 0.529  |ddm|= 0.225
  HOMO = -0.143999586482537  LUMO = -0.139601049816753
cycle= 192 E= -774.214623017205  delta_E= -0.0105  |g|= 0.513  |ddm|= 0.109
  HOMO = -0.143800799131566  LUMO = -0.140563870972661
cycle= 193 E= -774.22896754769  delta_E= -0.0143  |g|= 0.498  |ddm|= 0.138
  HOMO = -0.144879441061459  LUMO = -0.141042174835908
cycle= 194 E= -774.218860918688  delta_E= 0.0101  |g|= 0.513  |ddm|= 0.114
  HOMO = -0.157701650129101  LUMO = -0.116030254001301
cycle= 195 E= -773.927363962607  delta_E= 0.291  |g|= 1.13  |ddm|= 2.44
  HOMO = -0.174948118450089  LUMO = -0.111609503391451
cycle= 196 E= -774.213124753193  delta_E= -0.286  |g|= 0.605  |ddm|= 1.12
  HOMO = -0.165858497553417  LUMO = -0.125700296818256
cycle= 197 E= -774.274786924286  delta_E= -0.0617  |g|= 0.511  |ddm|= 0.595
  HOMO = -0.15575225696864  LUMO = -0.134994391572272
cycle= 198 E= -774.297249515405  delta_E= -0.0225  |g|= 0.396  |ddm|= 0.34
  HOMO = -0.148240638462539  LUMO = -0.123362111747622
cycle= 199 E= -774.172307642021  delta_E= 0.125  |g|= 0.58  |ddm|= 2.21
  HOMO = -0.145536061686973  LUMO = -0.124182758480224
cycle= 200 E= -774.177483189911  delta_E= -0.00518  |g|= 0.572  |ddm|= 0.107
  HOMO = -0.146444727258141  LUMO = -0.127298047965117
cycle= 201 E= -774.183792233845  delta_E= -0.00631  |g|= 0.557  |ddm|= 0.102
  HOMO = -0.145144687046004  LUMO = -0.127133799281206
cycle= 202 E= -774.182782522493  delta_E= 0.00101  |g|= 0.558  |ddm|= 0.093
  HOMO = -0.143054108560935  LUMO = -0.13346146746856
cycle= 203 E= -774.195093607322  delta_E= -0.0123  |g|= 0.529  |ddm|= 0.121
  HOMO = -0.158652438112668  LUMO = -0.133409556309281
cycle= 204 E= -774.297769314573  delta_E= -0.103  |g|= 0.398  |ddm|=  2.2
  HOMO = -0.154452455280874  LUMO = -0.134702509762475
cycle= 205 E= -774.305148241633  delta_E= -0.00738  |g|= 0.381  |ddm|= 0.149
  HOMO = -0.155150329086071  LUMO = -0.136480072947054
cycle= 206 E= -774.304439006726  delta_E= 0.000709  |g|= 0.378  |ddm|= 0.0812
  HOMO = -0.151700036449036  LUMO = -0.136566438574918
cycle= 207 E= -774.310972195313  delta_E= -0.00653  |g|= 0.364  |ddm|= 0.0968
  HOMO = -0.142549887641358  LUMO = -0.138888340899768
cycle= 208 E= -774.23263472085  delta_E= 0.0783  |g|= 0.495  |ddm|= 2.15
  HOMO = -0.142375331410249  LUMO = -0.138668811679137
cycle= 209 E= -774.225718720106  delta_E= 0.00692  |g|= 0.497  |ddm|= 0.093
  HOMO = -0.141787267229288  LUMO = -0.139448660063712
cycle= 210 E= -774.261551142203  delta_E= -0.0358  |g|= 0.456  |ddm|= 0.285
  HOMO = -0.143467123320178  LUMO = -0.138917872857778
cycle= 211 E= -774.211887488658  delta_E= 0.0497  |g|= 0.522  |ddm|= 0.404
  HOMO = -0.142302505181983  LUMO = -0.138119815715657
cycle= 212 E= -774.218482580686  delta_E= -0.0066  |g|= 0.505  |ddm|= 0.145
  HOMO = -0.143927136356459  LUMO = -0.137210356751538
cycle= 213 E= -774.202712645586  delta_E= 0.0158  |g|= 0.531  |ddm|= 0.192
  HOMO = -0.146590168001617  LUMO = -0.134022375082348
cycle= 214 E= -774.193010103007  delta_E= 0.0097  |g|= 0.536  |ddm|= 0.202
  HOMO = -0.144503204169039  LUMO = -0.128047981392185
cycle= 215 E= -774.185533084732  delta_E= 0.00748  |g|= 0.553  |ddm|= 0.184
  HOMO = -0.151118232472908  LUMO = -0.130986741230499
cycle= 216 E= -774.277332644011  delta_E= -0.0918  |g|= 0.479  |ddm|= 2.21
  HOMO = -0.148034620767008  LUMO = -0.135659826520877
cycle= 217 E= -774.197205473613  delta_E= 0.0801  |g|= 0.544  |ddm|=  2.2
  HOMO = -0.152962144897541  LUMO = -0.137444766988489
cycle= 218 E= -774.308356155998  delta_E= -0.111  |g|= 0.372  |ddm|= 2.21
  HOMO = -0.142833330252537  LUMO = -0.138364515541906
cycle= 219 E= -774.327008279913  delta_E= -0.0187  |g|= 0.321  |ddm|= 0.39
  HOMO = -0.147237169651459  LUMO = -0.135012220233716
cycle= 220 E= -774.188188071802  delta_E= 0.139  |g|= 0.546  |ddm|= 2.16
  HOMO = -0.143264660472292  LUMO = -0.136810058857936
cycle= 221 E= -774.208040896074  delta_E= -0.0199  |g|= 0.513  |ddm|= 0.176
  HOMO = -0.145386121515911  LUMO = -0.13664409689023
cycle= 222 E= -774.195626827289  delta_E= 0.0124  |g|= 0.546  |ddm|= 0.189
  HOMO = -0.143554572762761  LUMO = -0.138379861176685
cycle= 223 E= -774.205730843697  delta_E= -0.0101  |g|= 0.526  |ddm|= 0.199
  HOMO = -0.145687342613538  LUMO = -0.140974001985212
cycle= 224 E= -774.213199945602  delta_E= -0.00747  |g|= 0.515  |ddm|= 0.181
  HOMO = -0.143201941960828  LUMO = -0.140332478821824
cycle= 225 E= -774.235991611197  delta_E= -0.0228  |g|= 0.482  |ddm|= 0.262
  HOMO = -0.14329927851935  LUMO = -0.140285794062471
cycle= 226 E= -774.232892239623  delta_E= 0.0031  |g|= 0.487  |ddm|= 0.0481
  HOMO = -0.145464576685603  LUMO = -0.138977560825283
cycle= 227 E= -774.20344161593  delta_E= 0.0295  |g|= 0.523  |ddm|= 0.294
  HOMO = -0.139052367476688  LUMO = -0.10333570812786
cycle= 228 E= -771.566606324824  delta_E= 2.64  |g|= 2.18  |ddm|= 3.63
  HOMO = -0.181737842014863  LUMO = -0.0972148919736471
cycle= 229 E= -774.160025151624  delta_E= -2.59  |g|= 0.777  |ddm|= 2.79
  HOMO = -0.175984874476697  LUMO = -0.11942862697422
cycle= 230 E= -774.253354020565  delta_E= -0.0933  |g|= 0.522  |ddm|= 0.688
  HOMO = -0.161793430483042  LUMO = -0.13409903181847
cycle= 231 E= -774.293116783268  delta_E= -0.0398  |g|= 0.411  |ddm|= 0.314
  HOMO = -0.1470304074794  LUMO = -0.138208897687153
cycle= 232 E= -774.314869521226  delta_E= -0.0218  |g|= 0.345  |ddm|= 0.276
  HOMO = -0.142642124055768  LUMO = -0.124873092869867
cycle= 233 E= -774.168557671084  delta_E= 0.146  |g|= 0.601  |ddm|=  2.2
  HOMO = -0.135920625398779  LUMO = -0.114365487169646
cycle= 234 E= -774.148381717138  delta_E= 0.0202  |g|= 0.633  |ddm|= 0.18
  HOMO = -0.147095289510393  LUMO = -0.127954860209007
cycle= 235 E= -774.182563255656  delta_E= -0.0342  |g|= 0.559  |ddm|= 0.192
  HOMO = -0.147835065697108  LUMO = -0.127371930695875
cycle= 236 E= -774.176109140466  delta_E= 0.00645  |g|= 0.574  |ddm|= 0.0895
  HOMO = -0.145361065335297  LUMO = -0.132994423880562
cycle= 237 E= -774.193043049524  delta_E= -0.0169  |g|= 0.534  |ddm|= 0.118
  HOMO = -0.150115429174052  LUMO = -0.138686754170223
cycle= 238 E= -774.310147923464  delta_E= -0.117  |g|= 0.357  |ddm|=  2.2
  HOMO = -0.156013210190419  LUMO = -0.134225917933034
cycle= 239 E= -774.30142845366  delta_E= 0.00872  |g|= 0.387  |ddm|= 0.193
  HOMO = -0.156028466807005  LUMO = -0.134171298459468
cycle= 240 E= -774.301542256746  delta_E= -0.000114  |g|= 0.387  |ddm|= 0.00544
  HOMO = -0.159772244017581  LUMO = -0.128189058311589
cycle= 241 E= -774.288467161016  delta_E= 0.0131  |g|= 0.425  |ddm|= 0.175
  HOMO = -0.160401178901066  LUMO = -0.129136546611624
cycle= 242 E= -774.293772166036  delta_E= -0.00531  |g|= 0.422  |ddm|= 0.112
  HOMO = -0.141933369354012  LUMO = -0.140243134360914
cycle= 243 E= -774.338491887232  delta_E= -0.0447  |g|= 0.324  |ddm|= 1.85
  HOMO = -0.14157851880483  LUMO = -0.1382220857756
cycle= 244 E= -774.226774277402  delta_E= 0.112  |g|= 0.49  |ddm|= 0.816
  HOMO = -0.140989245068217  LUMO = -0.136012297980562
cycle= 245 E= -774.208406313596  delta_E= 0.0184  |g|= 0.513  |ddm|= 0.19
  HOMO = -0.14436129942538  LUMO = -0.136534439654358
cycle= 246 E= -774.200343074825  delta_E= 0.00806  |g|= 0.525  |ddm|= 0.168
  HOMO = -0.142465984296208  LUMO = -0.140454950406048
cycle= 247 E= -774.256553324735  delta_E= -0.0562  |g|= 0.457  |ddm|= 0.532
  HOMO = -0.143419394456771  LUMO = -0.142220986325854
cycle= 248 E= -774.359042223232  delta_E= -0.102  |g|= 0.256  |ddm|= 0.753
  HOMO = -0.142296230912297  LUMO = -0.141042482409298
cycle= 249 E= -774.338936553948  delta_E= 0.0201  |g|= 0.311  |ddm|= 0.24
  HOMO = -0.142633271765837  LUMO = -0.141296478954629
cycle= 250 E= -774.328947386854  delta_E= 0.00999  |g|= 0.336  |ddm|= 0.0842
  HOMO = -0.147435978648016  LUMO = -0.136345402325055
cycle= 251 E= -774.30733943035  delta_E= 0.0216  |g|= 0.376  |ddm|= 1.86
  HOMO = -0.143730525419957  LUMO = -0.140430904641765
cycle= 252 E= -774.226100944893  delta_E= 0.0812  |g|= 0.494  |ddm|= 2.15
  HOMO = -0.142805115010763  LUMO = -0.141538050397906
cycle= 253 E= -774.356223272368  delta_E= -0.13  |g|= 0.281  |ddm|= 1.02
  HOMO = -0.14274469138454  LUMO = -0.139519690659934
cycle= 254 E= -774.225092096835  delta_E= 0.131  |g|=  0.5  |ddm|= 1.03
  HOMO = -0.143799519808211  LUMO = -0.138984475131528
cycle= 255 E= -774.208279141209  delta_E= 0.0168  |g|= 0.514  |ddm|=  0.2
  HOMO = -0.143030351080977  LUMO = -0.141430282220288
cycle= 256 E= -774.302584613226  delta_E= -0.0943  |g|= 0.409  |ddm|= 0.75
  HOMO = -0.146335678130001  LUMO = -0.144814820967606
cycle= 257 E= -774.306771629108  delta_E= -0.00419  |g|= 0.406  |ddm|= 0.293
  HOMO = -0.143580162626249  LUMO = -0.13890343828544
cycle= 258 E= -774.209218328324  delta_E= 0.0976  |g|= 0.536  |ddm|=  0.8
  HOMO = -0.144974682434988  LUMO = -0.140548547973775
cycle= 259 E= -774.21243477756  delta_E= -0.00322  |g|= 0.52  |ddm|= 0.205
  HOMO = -0.147060045122237  LUMO = -0.136953375855518
cycle= 260 E= -774.303120486582  delta_E= -0.0907  |g|= 0.391  |ddm|= 2.18
  HOMO = -0.142799584246642  LUMO = -0.14047996401311
cycle= 261 E= -774.350148352272  delta_E= -0.047  |g|= 0.271  |ddm|= 0.622
  HOMO = -0.142728387957146  LUMO = -0.139962254734804
cycle= 262 E= -774.219196082703  delta_E= 0.131  |g|= 0.527  |ddm|= 1.95
  HOMO = -0.145926021289888  LUMO = -0.14009840060026
cycle= 263 E= -774.204438039966  delta_E= 0.0148  |g|= 0.53  |ddm|= 0.343
  HOMO = -0.143950646103256  LUMO = -0.138594392335636
cycle= 264 E= -774.207800077411  delta_E= -0.00336  |g|= 0.522  |ddm|= 0.0931
  HOMO = -0.14138573254752  LUMO = -0.138059739804999
cycle= 265 E= -774.218785006988  delta_E= -0.011  |g|= 0.512  |ddm|= 0.263
  HOMO = -0.144388107415724  LUMO = -0.142067422929076
cycle= 266 E= -774.244852574566  delta_E= -0.0261  |g|= 0.485  |ddm|= 0.301
  HOMO = -0.144208231220554  LUMO = -0.139308773359189
cycle= 267 E= -774.207410695681  delta_E= 0.0374  |g|= 0.519  |ddm|= 0.378
  HOMO = -0.144292125566928  LUMO = -0.138663807522479
cycle= 268 E= -774.204715114417  delta_E= 0.0027  |g|= 0.525  |ddm|= 0.0524
  HOMO = -0.1443148574443  LUMO = -0.138147849037706
cycle= 269 E= -774.205739494708  delta_E= -0.00102  |g|= 0.518  |ddm|= 0.0791
  HOMO = -0.152592056020522  LUMO = -0.119367138348804
cycle= 270 E= -771.638211865243  delta_E= 2.57  |g|= 2.13  |ddm|= 3.55
  HOMO = -0.18550350360157  LUMO = -0.10387158673903
cycle= 271 E= -774.165864251476  delta_E= -2.53  |g|= 0.791  |ddm|= 2.75
  HOMO = -0.173041261945874  LUMO = -0.115556529859035
cycle= 272 E= -774.248757854733  delta_E= -0.0829  |g|= 0.54  |ddm|= 0.742
  HOMO = -0.165555350102446  LUMO = -0.134644225309381
cycle= 273 E= -774.281381413572  delta_E= -0.0326  |g|= 0.442  |ddm|= 0.44
  HOMO = -0.151650395467103  LUMO = -0.135444129622397
cycle= 274 E= -774.307144396207  delta_E= -0.0258  |g|= 0.365  |ddm|= 0.27
  HOMO = -0.148537628409717  LUMO = -0.129637852934732
cycle= 275 E= -774.180768711994  delta_E= 0.126  |g|= 0.568  |ddm|=  2.2
  HOMO = -0.147541199243804  LUMO = -0.126967662910699
cycle= 276 E= -774.177287996572  delta_E= 0.00348  |g|= 0.575  |ddm|= 0.0521
  HOMO = -0.147106146074829  LUMO = -0.126619176004055
cycle= 277 E= -774.177037687243  delta_E= 0.00025  |g|= 0.576  |ddm|= 0.0261
  HOMO = -0.147079292472654  LUMO = -0.120799905298709
cycle= 278 E= -774.165348632147  delta_E= 0.0117  |g|= 0.597  |ddm|= 0.138
  HOMO = -0.140365143126342  LUMO = -0.117458833004575
cycle= 279 E= -774.160960147739  delta_E= 0.00439  |g|= 0.604  |ddm|= 0.106
  HOMO = -0.145472800671063  LUMO = -0.133581746678122
cycle= 280 E= -774.196705559089  delta_E= -0.0357  |g|= 0.54  |ddm|= 0.249
  HOMO = -0.147410015238052  LUMO = -0.141680908575052
cycle= 281 E= -774.323871264528  delta_E= -0.127  |g|= 0.335  |ddm|= 2.18
  HOMO = -0.146570864892975  LUMO = -0.137609203848189
cycle= 282 E= -774.315229414523  delta_E= 0.00864  |g|= 0.346  |ddm|= 0.254
  HOMO = -0.145453425867813  LUMO = -0.139553027183574
cycle= 283 E= -774.323502869066  delta_E= -0.00827  |g|= 0.323  |ddm|= 0.121
  HOMO = -0.143011463208817  LUMO = -0.139076353653697
cycle= 284 E= -774.22160381722  delta_E= 0.102  |g|= 0.494  |ddm|= 2.12
  HOMO = -0.143673311503806  LUMO = -0.14098269726203
cycle= 285 E= -774.335953038867  delta_E= -0.114  |g|= 0.304  |ddm|= 2.04
  HOMO = -0.145537866238417  LUMO = -0.138218285080707
cycle= 286 E= -774.317684502914  delta_E= 0.0183  |g|= 0.341  |ddm|= 0.404
  HOMO = -0.145256299908011  LUMO = -0.13845406297893
cycle= 287 E= -774.317128305324  delta_E= 0.000556  |g|= 0.34  |ddm|= 0.0969
  HOMO = -0.144110305365997  LUMO = -0.141555010829233
cycle= 288 E= -774.240846848367  delta_E= 0.0763  |g|= 0.488  |ddm|= 2.11
  HOMO = -0.141900418542572  LUMO = -0.137751455937285
cycle= 289 E= -774.217716212282  delta_E= 0.0231  |g|= 0.498  |ddm|= 0.274
  HOMO = -0.140685889748898  LUMO = -0.13820564086656
cycle= 290 E= -774.24771260715  delta_E= -0.03  |g|= 0.467  |ddm|= 0.272
  HOMO = -0.145205150867024  LUMO = -0.139646527164445
cycle= 291 E= -774.199865242578  delta_E= 0.0478  |g|= 0.534  |ddm|= 0.417
  HOMO = -0.142837510760442  LUMO = -0.140343279186074
cycle= 292 E= -774.242507265698  delta_E= -0.0426  |g|= 0.482  |ddm|= 0.374
  HOMO = -0.141819306005201  LUMO = -0.13703506094438
cycle= 293 E= -774.206892638565  delta_E= 0.0356  |g|= 0.528  |ddm|= 0.32
  HOMO = -0.144139814526659  LUMO = -0.140504526276852
cycle= 294 E= -774.227128742928  delta_E= -0.0202  |g|= 0.494  |ddm|= 0.248
  HOMO = -0.143269964012599  LUMO = -0.139383478250328
cycle= 295 E= -774.220917706179  delta_E= 0.00621  |g|=  0.5  |ddm|= 0.106
  HOMO = -0.147144279100304  LUMO = -0.12299109695159
cycle= 296 E= -771.816694275858  delta_E=  2.4  |g|= 2.04  |ddm|= 3.52
  HOMO = -0.179123077594402  LUMO = -0.10253280110362
cycle= 297 E= -774.192345984756  delta_E= -2.38  |g|= 0.726  |ddm|= 2.71
  HOMO = -0.173615864044773  LUMO = -0.122519119969639
cycle= 298 E= -774.245726525839  delta_E= -0.0534  |g|= 0.529  |ddm|= 0.693
  HOMO = -0.16162622505624  LUMO = -0.133695617062864
cycle= 299 E= -774.294379273702  delta_E= -0.0487  |g|= 0.405  |ddm|= 0.312
  HOMO = -0.147590176539266  LUMO = -0.139809766708597
cycle= 300 E= -774.313394596407  delta_E= -0.019  |g|= 0.347  |ddm|= 0.304
  HOMO = -0.147950446202929  LUMO = -0.118247912417393
cycle= 301 E= -774.168685913813  delta_E= 0.145  |g|= 0.597  |ddm|= 2.21
  HOMO = -0.147844867980323  LUMO = -0.122241959959432
cycle= 302 E= -774.17620405998  delta_E= -0.00752  |g|= 0.581  |ddm|= 0.0615
  HOMO = -0.148144283143426  LUMO = -0.12429243387678
cycle= 303 E= -774.180484692323  delta_E= -0.00428  |g|= 0.574  |ddm|= 0.0662
  HOMO = -0.148307220973307  LUMO = -0.120915940424433
cycle= 304 E= -774.172773145041  delta_E= 0.00771  |g|= 0.586  |ddm|= 0.0886
  HOMO = -0.144224324187813  LUMO = -0.116350814338504
cycle= 305 E= -774.161909301309  delta_E= 0.0109  |g|= 0.602  |ddm|= 0.0858
  HOMO = -0.144977987206269  LUMO = -0.129005393088415
cycle= 306 E= -774.187610870455  delta_E= -0.0257  |g|= 0.551  |ddm|= 0.173
  HOMO = -0.142392510892037  LUMO = -0.138944845982961
cycle= 307 E= -774.227446299622  delta_E= -0.0398  |g|= 0.494  |ddm|= 0.434
  HOMO = -0.143217299146835  LUMO = -0.13945163086238
cycle= 308 E= -774.329771554639  delta_E= -0.102  |g|= 0.321  |ddm|= 2.06
  HOMO = -0.145033467653049  LUMO = -0.138583723197038
cycle= 309 E= -774.302291508494  delta_E= 0.0275  |g|= 0.401  |ddm|= 0.397
  HOMO = -0.141987885046277  LUMO = -0.140641041867832
cycle= 310 E= -774.389881542682  delta_E= -0.0876  |g|= 0.0906  |ddm|= 1.35
  HOMO = -0.145737462098381  LUMO = -0.139079763880616
cycle= 311 E= -774.198467693291  delta_E= 0.191  |g|= 0.532  |ddm|= 1.51
  HOMO = -0.144580205601638  LUMO = -0.137450117376285
cycle= 312 E= -774.201563085163  delta_E= -0.0031  |g|= 0.521  |ddm|= 0.0818
  HOMO = -0.14335745715008  LUMO = -0.139169197164051
cycle= 313 E= -774.214781306567  delta_E= -0.0132  |g|= 0.505  |ddm|= 0.146
  HOMO = -0.141819590042638  LUMO = -0.140531094023926
cycle= 314 E= -774.385245257302  delta_E= -0.17  |g|= 0.127  |ddm|= 1.74
  HOMO = -0.143771730396539  LUMO = -0.142701089422522
cycle= 315 E= -774.348065416788  delta_E= 0.0372  |g|= 0.286  |ddm|= 0.961
  HOMO = -0.143553819282075  LUMO = -0.142180850166695
cycle= 316 E= -774.294245967842  delta_E= 0.0538  |g|= 0.405  |ddm|= 0.387
  HOMO = -0.143516863780869  LUMO = -0.142330251015009
cycle= 317 E= -774.323670064205  delta_E= -0.0294  |g|= 0.348  |ddm|= 0.204
  HOMO = -0.143427623060533  LUMO = -0.142247247601559
cycle= 318 E= -774.330972077677  delta_E= -0.0073  |g|= 0.332  |ddm|= 0.052
  HOMO = -0.143616705043263  LUMO = -0.141924274094687
cycle= 319 E= -774.271484422163  delta_E= 0.0595  |g|= 0.439  |ddm|= 0.408
  HOMO = -0.143418265051478  LUMO = -0.142064522149271
cycle= 320 E= -774.30326811603  delta_E= -0.0318  |g|= 0.389  |ddm|= 0.22
  HOMO = -0.143867752999651  LUMO = -0.14246483598702
cycle= 321 E= -774.364629147375  delta_E= -0.0614  |g|= 0.219  |ddm|=  1.5
  HOMO = -0.14367279334692  LUMO = -0.138816615243794
cycle= 322 E= -774.207085091868  delta_E= 0.158  |g|= 0.515  |ddm|= 1.96
  HOMO = -0.141985507224795  LUMO = -0.139594573365714
cycle= 323 E= -774.238039918454  delta_E= -0.031  |g|= 0.487  |ddm|= 0.337
  HOMO = -0.142875629419379  LUMO = -0.140989146253556
cycle= 324 E= -774.257688087662  delta_E= -0.0196  |g|= 0.456  |ddm|= 0.169
  HOMO = -0.143295759061478  LUMO = -0.139117822350109
cycle= 325 E= -774.211120736115  delta_E= 0.0466  |g|= 0.509  |ddm|= 0.375
  HOMO = -0.141859783412965  LUMO = -0.139958620244399
cycle= 326 E= -774.262748632113  delta_E= -0.0516  |g|= 0.449  |ddm|= 0.406
  HOMO = -0.142607176154058  LUMO = -0.137353762954261
cycle= 327 E= -774.205073589411  delta_E= 0.0577  |g|= 0.518  |ddm|= 0.468
  HOMO = -0.142210256838532  LUMO = -0.136607852272335
cycle= 328 E= -774.20073818035  delta_E= 0.00434  |g|= 0.527  |ddm|= 0.121
  HOMO = -0.1435000821817  LUMO = -0.137673973438481
cycle= 329 E= -774.203970534087  delta_E= -0.00323  |g|= 0.519  |ddm|= 0.112
  HOMO = -0.139466214763095  LUMO = -0.132224427409869
cycle= 330 E= -771.914333654323  delta_E= 2.29  |g|= 1.98  |ddm|= 3.45
  HOMO = -0.181125844580591  LUMO = -0.102075458497372
cycle= 331 E= -774.187005317771  delta_E= -2.27  |g|= 0.759  |ddm|= 2.65
  HOMO = -0.172027516172492  LUMO = -0.122909217943463
cycle= 332 E= -774.255242961519  delta_E= -0.0682  |g|= 0.502  |ddm|= 0.666
  HOMO = -0.159978158323421  LUMO = -0.135617731646783
cycle= 333 E= -774.297993105927  delta_E= -0.0428  |g|= 0.394  |ddm|= 0.292
  HOMO = -0.140777981599955  LUMO = -0.138466477454198
cycle= 334 E= -774.267582836912  delta_E= 0.0304  |g|= 0.451  |ddm|= 2.07
  HOMO = -0.142781997678192  LUMO = -0.13574143213406
cycle= 335 E= -774.209302911514  delta_E= 0.0583  |g|= 0.516  |ddm|= 0.524
  HOMO = -0.142314616787248  LUMO = -0.132429011135678
cycle= 336 E= -774.197619253597  delta_E= 0.0117  |g|= 0.53  |ddm|= 0.139
  HOMO = -0.143866179076073  LUMO = -0.132340579576187
cycle= 337 E= -774.196850123447  delta_E= 0.000769  |g|= 0.532  |ddm|= 0.0692
  HOMO = -0.140652342976227  LUMO = -0.137021119808863
cycle= 338 E= -774.229732731643  delta_E= -0.0329  |g|= 0.489  |ddm|= 0.321
  HOMO = -0.140287259948209  LUMO = -0.13132674508348
cycle= 339 E= -774.19725834163  delta_E= 0.0325  |g|= 0.529  |ddm|= 0.309
  HOMO = -0.146642094537291  LUMO = -0.131198651365965
cycle= 340 E= -774.189758979215  delta_E= 0.0075  |g|= 0.551  |ddm|= 0.207
  HOMO = -0.146865152932427  LUMO = -0.131250691911395
cycle= 341 E= -774.185421603167  delta_E= 0.00434  |g|= 0.552  |ddm|= 0.101
  HOMO = -0.176417901586461  LUMO = -0.125391098019397
cycle= 342 E= -774.227829421702  delta_E= -0.0424  |g|= 0.605  |ddm|= 2.22
  HOMO = -0.164867022368309  LUMO = -0.124067253003772
cycle= 343 E= -774.281853222935  delta_E= -0.054  |g|= 0.448  |ddm|= 0.368
  HOMO = -0.155151849456099  LUMO = -0.137987225448312
cycle= 344 E= -774.304912502185  delta_E= -0.0231  |g|= 0.384  |ddm|= 0.325
  HOMO = -0.145712206398558  LUMO = -0.130596665186896
cycle= 345 E= -774.190555825186  delta_E= 0.114  |g|= 0.557  |ddm|= 2.21
  HOMO = -0.147633290991921  LUMO = -0.127660820757729
cycle= 346 E= -774.179682154341  delta_E= 0.0109  |g|= 0.563  |ddm|= 0.173
  HOMO = -0.149262493247305  LUMO = -0.124841141141936
cycle= 347 E= -774.175950405852  delta_E= 0.00373  |g|= 0.574  |ddm|= 0.101
  HOMO = -0.149176903477343  LUMO = -0.123739935855872
cycle= 348 E= -774.175620824673  delta_E= 0.00033  |g|= 0.574  |ddm|= 0.0348
  HOMO = -0.149664997144886  LUMO = -0.125508751123831
cycle= 349 E= -774.178369264274  delta_E= -0.00275  |g|= 0.576  |ddm|= 0.0977
  HOMO = -0.146008276549079  LUMO = -0.13241452580365
cycle= 350 E= -774.195369364494  delta_E= -0.017  |g|= 0.539  |ddm|= 0.13
  HOMO = -0.14455918385406  LUMO = -0.139293457992783
cycle= 351 E= -774.327358157301  delta_E= -0.132  |g|= 0.318  |ddm|= 2.18
  HOMO = -0.144698595672912  LUMO = -0.141964088256508
cycle= 352 E= -774.240761920697  delta_E= 0.0866  |g|= 0.478  |ddm|= 2.04
  HOMO = -0.143715113863795  LUMO = -0.142409920551156
cycle= 353 E= -774.388548867396  delta_E= -0.148  |g|= 0.102  |ddm|= 1.15
  HOMO = -0.142996262254869  LUMO = -0.138650182816922
cycle= 354 E= -774.214170860687  delta_E= 0.174  |g|= 0.505  |ddm|= 1.42
  HOMO = -0.142729788244888  LUMO = -0.139498816330666
cycle= 355 E= -774.222367263684  delta_E= -0.0082  |g|= 0.493  |ddm|= 0.112
  HOMO = -0.142796671655972  LUMO = -0.139606686877757
cycle= 356 E= -774.224116745028  delta_E= -0.00175  |g|= 0.491  |ddm|= 0.0193
  HOMO = -0.142584222492732  LUMO = -0.139333707386858
cycle= 357 E= -774.22120915707  delta_E= 0.00291  |g|= 0.494  |ddm|= 0.0387
  HOMO = -0.142507492187298  LUMO = -0.140586113357084
cycle= 358 E= -774.254346069845  delta_E= -0.0331  |g|= 0.459  |ddm|= 0.289
  HOMO = -0.14249806014351  LUMO = -0.14038927135512
cycle= 359 E= -774.245253521333  delta_E= 0.00909  |g|= 0.47  |ddm|= 0.0701
  HOMO = -0.143709687181889  LUMO = -0.139670493552799
cycle= 360 E= -774.323409816759  delta_E= -0.0782  |g|= 0.322  |ddm|= 2.06
  HOMO = -0.139851114878688  LUMO = -0.138324713840773
cycle= 361 E= -774.277313120734  delta_E= 0.0461  |g|= 0.433  |ddm|= 1.96
  HOMO = -0.145832267875976  LUMO = -0.138516375309653
cycle= 362 E= -774.197240801847  delta_E= 0.0801  |g|= 0.531  |ddm|= 0.627
  HOMO = -0.145920537874719  LUMO = -0.138313563471403
cycle= 363 E= -774.197133830288  delta_E= 0.000107  |g|= 0.544  |ddm|= 0.167
  HOMO = -0.145394838871183  LUMO = -0.133230365139894
cycle= 364 E= -774.191490414826  delta_E= 0.00564  |g|= 0.544  |ddm|= 0.198
  HOMO = -0.14787112054465  LUMO = -0.13253988274125
cycle= 365 E= -774.190837354411  delta_E= 0.000653  |g|= 0.553  |ddm|= 0.159
  HOMO = -0.147266758287479  LUMO = -0.13202043018873
cycle= 366 E= -774.186370794659  delta_E= 0.00447  |g|= 0.556  |ddm|= 0.154
  HOMO = -0.146118989553332  LUMO = -0.14185816982694
cycle= 367 E= -774.214776817468  delta_E= -0.0284  |g|= 0.513  |ddm|= 0.352
  HOMO = -0.145537919748244  LUMO = -0.139994547285233
cycle= 368 E= -774.206971336384  delta_E= 0.00781  |g|= 0.519  |ddm|= 0.114
  HOMO = -0.138783845307152  LUMO = -0.127004365606165
cycle= 369 E= -771.907218395922  delta_E=  2.3  |g|= 1.98  |ddm|= 3.48
  HOMO = -0.174231324385002  LUMO = -0.0830743047326268
cycle= 370 E= -774.109589938206  delta_E= -2.2  |g|= 0.865  |ddm|= 2.68
  HOMO = -0.176526894900434  LUMO = -0.121563954095949
cycle= 371 E= -774.260961998532  delta_E= -0.151  |g|= 0.519  |ddm|= 0.833
  HOMO = -0.160168865506813  LUMO = -0.131089661000887
cycle= 372 E= -774.285709568394  delta_E= -0.0247  |g|= 0.418  |ddm|= 0.293
  HOMO = -0.149592155294717  LUMO = -0.139890983622104
cycle= 373 E= -774.316252052341  delta_E= -0.0305  |g|= 0.339  |ddm|= 0.29
  HOMO = -0.140586166914839  LUMO = -0.114152388473604
cycle= 374 E= -774.154393404924  delta_E= 0.162  |g|= 0.626  |ddm|= 2.21
  HOMO = -0.141321545766203  LUMO = -0.115560749935334
cycle= 375 E= -774.157022217889  delta_E= -0.00263  |g|= 0.619  |ddm|= 0.0398
  HOMO = -0.139863475093482  LUMO = -0.115005061706225
cycle= 376 E= -774.157487051104  delta_E= -0.000465  |g|= 0.62  |ddm|= 0.0402
  HOMO = -0.137290295658436  LUMO = -0.112340002385112
cycle= 377 E= -774.14740180493  delta_E= 0.0101  |g|= 0.639  |ddm|= 0.111
  HOMO = -0.135324412833442  LUMO = -0.110502108462635
cycle= 378 E= -774.14460106445  delta_E= 0.0028  |g|= 0.642  |ddm|= 0.036
  HOMO = -0.139133456791203  LUMO = -0.114392229960388
cycle= 379 E= -774.153220743284  delta_E= -0.00862  |g|= 0.628  |ddm|= 0.0565
  HOMO = -0.142587619823026  LUMO = -0.134437325584611
cycle= 380 E= -774.203606494324  delta_E= -0.0504  |g|= 0.526  |ddm|= 0.325
  HOMO = -0.144024928696974  LUMO = -0.141463979819164
cycle= 381 E= -774.351068464271  delta_E= -0.147  |g|= 0.27  |ddm|= 2.06
  HOMO = -0.151063312917616  LUMO = -0.137005452088843
cycle= 382 E= -774.311053777876  delta_E= 0.04  |g|= 0.359  |ddm|= 0.582
  HOMO = -0.155432873195827  LUMO = -0.133837775590439
cycle= 383 E= -774.30144123663  delta_E= 0.00961  |g|= 0.388  |ddm|= 0.0906
  HOMO = -0.153652889621156  LUMO = -0.134325806483502
cycle= 384 E= -774.304008058868  delta_E= -0.00257  |g|= 0.382  |ddm|= 0.0806
  HOMO = -0.152453415576124  LUMO = -0.13447892110689
cycle= 385 E= -774.305158357021  delta_E= -0.00115  |g|= 0.377  |ddm|= 0.0801
  HOMO = -0.151882228018932  LUMO = -0.135010599001963
cycle= 386 E= -774.30723150539  delta_E= -0.00207  |g|= 0.372  |ddm|= 0.0658
  HOMO = -0.143946746187645  LUMO = -0.14256376321924
cycle= 387 E= -774.38503982535  delta_E= -0.0778  |g|= 0.144  |ddm|= 1.17
  HOMO = -0.141194742897629  LUMO = -0.137179481769416
cycle= 388 E= -774.215046141348  delta_E= 0.17  |g|=  0.5  |ddm|= 1.67
  HOMO = -0.139913260744077  LUMO = -0.138532709715437
cycle= 389 E= -774.325432926385  delta_E= -0.11  |g|= 0.343  |ddm|= 0.806
  HOMO = -0.143240081696549  LUMO = -0.135255596968551
cycle= 390 E= -774.198512189421  delta_E= 0.127  |g|= 0.524  |ddm|= 0.979
  HOMO = -0.144211128802081  LUMO = -0.138401546372468
cycle= 391 E= -774.196301595401  delta_E= 0.00221  |g|= 0.529  |ddm|= 0.174
  HOMO = -0.142453978343684  LUMO = -0.136370299119048
cycle= 392 E= -774.201575436899  delta_E= -0.00527  |g|= 0.519  |ddm|= 0.125
  HOMO = -0.143030453765546  LUMO = -0.137210615654336
cycle= 393 E= -774.205017277418  delta_E= -0.00344  |g|= 0.512  |ddm|= 0.0694
  HOMO = -0.143147371853709  LUMO = -0.137283189666084
cycle= 394 E= -774.205129543843  delta_E= -0.000112  |g|= 0.512  |ddm|= 0.012
  HOMO = -0.139792717470505  LUMO = -0.138547921412056
cycle= 395 E= -774.382535496074  delta_E= -0.177  |g|= 0.172  |ddm|= 1.77
  HOMO = -0.149339625624923  LUMO = -0.144215669356236
cycle= 396 E= -774.303936525517  delta_E= 0.0786  |g|= 0.388  |ddm|= 1.03
  HOMO = -0.144186117199926  LUMO = -0.141706605506229
cycle= 397 E= -774.24205995182  delta_E= 0.0619  |g|= 0.494  |ddm|= 2.09
  HOMO = -0.144046934436939  LUMO = -0.141047702573482
cycle= 398 E= -774.227228795022  delta_E= 0.0148  |g|= 0.493  |ddm|= 0.168
  HOMO = -0.144272747768458  LUMO = -0.141234088090042
cycle= 399 E= -774.225360474461  delta_E= 0.00187  |g|= 0.497  |ddm|= 0.0348
  HOMO = -0.144108066353892  LUMO = -0.141167792543485
cycle= 400 E= -774.227664945716  delta_E= -0.0023  |g|= 0.494  |ddm|= 0.0194
  HOMO = -0.143925578394196  LUMO = -0.141115151609963
cycle= 401 E= -774.23053084874  delta_E= -0.00287  |g|= 0.491  |ddm|= 0.025
  HOMO = -0.144030282008665  LUMO = -0.141331840374866
cycle= 402 E= -774.232501402021  delta_E= -0.00197  |g|= 0.489  |ddm|= 0.0265
  HOMO = -0.143931629183834  LUMO = -0.141491318580792
cycle= 403 E= -774.238376425807  delta_E= -0.00588  |g|= 0.484  |ddm|= 0.0505
  HOMO = -0.140664045897032  LUMO = -0.12686025524094
cycle= 404 E= -774.271853018586  delta_E= -0.0335  |g|= 0.501  |ddm|= 2.13
  HOMO = -0.173778693997016  LUMO = -0.139168987043556
cycle= 405 E= -774.172060239634  delta_E= 0.0998  |g|= 0.693  |ddm|= 1.06
  HOMO = -0.145783630233925  LUMO = -0.139466925572696
cycle= 406 E= -774.322386647839  delta_E= -0.15  |g|= 0.33  |ddm|= 0.68
  HOMO = -0.145144293181653  LUMO = -0.139488184829364
cycle= 407 E= -774.208866529724  delta_E= 0.114  |g|= 0.522  |ddm|= 2.16
  HOMO = -0.146280501076765  LUMO = -0.13800138444149
cycle= 408 E= -774.198577837391  delta_E= 0.0103  |g|= 0.532  |ddm|= 0.116
  HOMO = -0.145357533392219  LUMO = -0.138362268280896
cycle= 409 E= -774.204828335607  delta_E= -0.00625  |g|= 0.523  |ddm|= 0.0668
  HOMO = -0.145654983226446  LUMO = -0.138678742034788
cycle= 410 E= -774.201627422291  delta_E= 0.0032  |g|= 0.528  |ddm|= 0.0587
  HOMO = -0.145109693226751  LUMO = -0.139088218838426
cycle= 411 E= -774.207919142999  delta_E= -0.00629  |g|= 0.519  |ddm|= 0.063
  HOMO = -0.144664477205231  LUMO = -0.140181367801772
cycle= 412 E= -774.215483702594  delta_E= -0.00756  |g|= 0.507  |ddm|= 0.0991
  HOMO = -0.144645541377909  LUMO = -0.14021006644104
cycle= 413 E= -774.215915420628  delta_E= -0.000432  |g|= 0.508  |ddm|= 0.0166
  HOMO = -0.140707293411381  LUMO = -0.137186142463031
cycle= 414 E= -774.220108505295  delta_E= -0.00419  |g|= 0.502  |ddm|= 0.189
  HOMO = -0.138002923039259  LUMO = -0.105006729779412
cycle= 415 E= -771.57712372059  delta_E= 2.64  |g|= 2.19  |ddm|= 3.64
  HOMO = -0.189310653350806  LUMO = -0.101323234697803
cycle= 416 E= -774.164655606284  delta_E= -2.59  |g|= 0.797  |ddm|= 2.84
  HOMO = -0.17617349419459  LUMO = -0.116441769059073
cycle= 417 E= -774.244272717473  delta_E= -0.0796  |g|= 0.542  |ddm|= 0.737
  HOMO = -0.162068888968242  LUMO = -0.133008593458405
cycle= 418 E= -774.293097711537  delta_E= -0.0488  |g|= 0.418  |ddm|=  0.4
  HOMO = -0.148398508219961  LUMO = -0.138282260069618
cycle= 419 E= -774.311443476339  delta_E= -0.0183  |g|= 0.351  |ddm|= 0.237
  HOMO = -0.142613693195636  LUMO = -0.119580322680012
cycle= 420 E= -774.162166507411  delta_E= 0.149  |g|= 0.605  |ddm|=  2.2
  HOMO = -0.141049114130575  LUMO = -0.118711175067274
cycle= 421 E= -774.160305486407  delta_E= 0.00186  |g|= 0.611  |ddm|= 0.0313
  HOMO = -0.141407883266825  LUMO = -0.118341922476716
cycle= 422 E= -774.15822167211  delta_E= 0.00208  |g|= 0.612  |ddm|= 0.0588
  HOMO = -0.146001990629553  LUMO = -0.120220331491255
cycle= 423 E= -774.164111703473  delta_E= -0.00589  |g|= 0.599  |ddm|= 0.0618
  HOMO = -0.145228637544316  LUMO = -0.119557319710136
cycle= 424 E= -774.162099253351  delta_E= 0.00201  |g|= 0.595  |ddm|= 0.0805
  HOMO = -0.145075163697697  LUMO = -0.132928626482268
cycle= 425 E= -774.193675921631  delta_E= -0.0316  |g|= 0.54  |ddm|= 0.217
  HOMO = -0.147326571149276  LUMO = -0.141982073636699
cycle= 426 E= -774.324014084647  delta_E= -0.13  |g|= 0.348  |ddm|= 2.18
  HOMO = -0.148297804524755  LUMO = -0.137275767101774
cycle= 427 E= -774.313734546194  delta_E= 0.0103  |g|= 0.348  |ddm|= 0.304
  HOMO = -0.148270903131451  LUMO = -0.137611173725859
cycle= 428 E= -774.313756164648  delta_E= -2.16e-05  |g|= 0.347  |ddm|= 0.0209
  HOMO = -0.145562547170442  LUMO = -0.139102876027929
cycle= 429 E= -774.320325305002  delta_E= -0.00657  |g|= 0.331  |ddm|= 0.111
  HOMO = -0.146388694101004  LUMO = -0.13730268718677
cycle= 430 E= -774.312366647805  delta_E= 0.00796  |g|= 0.354  |ddm|= 0.163
  HOMO = -0.150256190862639  LUMO = -0.136959311724699
cycle= 431 E= -774.308893116927  delta_E= 0.00347  |g|= 0.36  |ddm|= 0.157
  HOMO = -0.140384823102794  LUMO = -0.138765566893105
cycle= 432 E= -774.324044857404  delta_E= -0.0152  |g|= 0.346  |ddm|= 1.88
  HOMO = -0.144577482574154  LUMO = -0.141128493914451
cycle= 433 E= -774.219138801721  delta_E= 0.105  |g|= 0.514  |ddm|= 0.786
  HOMO = -0.143368516414072  LUMO = -0.141070271640314
cycle= 434 E= -774.247525478352  delta_E= -0.0284  |g|= 0.477  |ddm|= 0.231
  HOMO = -0.145003801682242  LUMO = -0.142551104448795
cycle= 435 E= -774.23656515279  delta_E= 0.011  |g|= 0.494  |ddm|= 0.113
  HOMO = -0.144390423949264  LUMO = -0.142578126677945
cycle= 436 E= -774.273483052561  delta_E= -0.0369  |g|= 0.446  |ddm|= 0.248
  HOMO = -0.141739093081998  LUMO = -0.138784381876241
cycle= 437 E= -774.217579404539  delta_E= 0.0559  |g|= 0.515  |ddm|= 0.464
  HOMO = -0.141440985460046  LUMO = -0.139450235781497
cycle= 438 E= -774.254213866492  delta_E= -0.0366  |g|= 0.462  |ddm|= 0.337
  HOMO = -0.141832693984593  LUMO = -0.139395875093727
cycle= 439 E= -774.239861742702  delta_E= 0.0144  |g|= 0.478  |ddm|= 0.173
  HOMO = -0.153592847234791  LUMO = -0.130563557913268
cycle= 440 E= -774.291264798882  delta_E= -0.0514  |g|= 0.426  |ddm|= 2.13
  HOMO = -0.144770392385942  LUMO = -0.143014815527677
cycle= 441 E= -774.372990469013  delta_E= -0.0817  |g|= 0.231  |ddm|= 1.03
  HOMO = -0.143705599673409  LUMO = -0.141253957575981
cycle= 442 E= -774.331612124511  delta_E= 0.0414  |g|= 0.332  |ddm|= 0.597
  HOMO = -0.140874213418983  LUMO = -0.138117234710054
cycle= 443 E= -774.226399773302  delta_E= 0.105  |g|= 0.497  |ddm|= 2.01
  HOMO = -0.140233605928989  LUMO = -0.138170552200276
cycle= 444 E= -774.344639587992  delta_E= -0.118  |g|= 0.28  |ddm|= 1.95
  HOMO = -0.142173962507119  LUMO = -0.140829061552761
cycle= 445 E= -774.308600722888  delta_E= 0.036  |g|= 0.384  |ddm|= 1.62
  HOMO = -0.143625904654408  LUMO = -0.136593946454551
cycle= 446 E= -774.198551916871  delta_E= 0.11  |g|= 0.524  |ddm|= 0.862
  HOMO = -0.14365229805714  LUMO = -0.136588261481806
cycle= 447 E= -774.198245984909  delta_E= 0.000306  |g|= 0.524  |ddm|= 0.011
  HOMO = -0.143002323451358  LUMO = -0.136767312973393
cycle= 448 E= -774.200762793913  delta_E= -0.00252  |g|= 0.52  |ddm|= 0.077
  HOMO = -0.142913566642221  LUMO = -0.138209339756925
cycle= 449 E= -774.208630426902  delta_E= -0.00787  |g|= 0.513  |ddm|= 0.12
  HOMO = -0.144471044456128  LUMO = -0.13921414749052
cycle= 450 E= -774.198757143345  delta_E= 0.00987  |g|= 0.525  |ddm|= 0.118
  HOMO = -0.144466760852487  LUMO = -0.139670440359183
cycle= 451 E= -774.207806385577  delta_E= -0.00905  |g|= 0.515  |ddm|= 0.11
  HOMO = -0.146927004776892  LUMO = -0.141849050540767
cycle= 452 E= -774.20575801167  delta_E= 0.00205  |g|= 0.523  |ddm|= 0.13
  HOMO = -0.170188581678243  LUMO = -0.0983531679798082
cycle= 453 E= -774.112886700416  delta_E= 0.0929  |g|= 0.84  |ddm|= 2.28
  HOMO = -0.17745142883989  LUMO = -0.114902110868835
cycle= 454 E= -774.210652574861  delta_E= -0.0978  |g|= 0.643  |ddm|= 0.727
  HOMO = -0.166980349173817  LUMO = -0.125676797667088
cycle= 455 E= -774.281586872304  delta_E= -0.0709  |g|= 0.461  |ddm|= 0.512
  HOMO = -0.149871537985629  LUMO = -0.136777864883388
cycle= 456 E= -774.307395228295  delta_E= -0.0258  |g|= 0.378  |ddm|= 0.309
  HOMO = -0.141303354399578  LUMO = -0.120235053801307
cycle= 457 E= -774.162994475286  delta_E= 0.144  |g|= 0.615  |ddm|= 2.21
  HOMO = -0.141458628132096  LUMO = -0.117615925917025
cycle= 458 E= -774.158832107473  delta_E= 0.00416  |g|= 0.621  |ddm|= 0.0549
  HOMO = -0.148701869147022  LUMO = -0.126392813223927
cycle= 459 E= -774.183682020567  delta_E= -0.0248  |g|= 0.583  |ddm|= 0.21
  HOMO = -0.146999133570491  LUMO = -0.120697588557368
cycle= 460 E= -774.165926016111  delta_E= 0.0178  |g|= 0.603  |ddm|= 0.193
  HOMO = -0.146285701366633  LUMO = -0.123595519787426
cycle= 461 E= -774.170059124017  delta_E= -0.00413  |g|= 0.594  |ddm|= 0.0693
  HOMO = -0.145018479817582  LUMO = -0.138673547510849
cycle= 462 E= -774.322985091011  delta_E= -0.153  |g|= 0.336  |ddm|= 2.19
  HOMO = -0.144686340126802  LUMO = -0.140521104076923
cycle= 463 E= -774.328773176106  delta_E= -0.00579  |g|= 0.319  |ddm|= 0.223
  HOMO = -0.14511119301862  LUMO = -0.140331386888152
cycle= 464 E= -774.326533463117  delta_E= 0.00224  |g|= 0.319  |ddm|= 0.135
  HOMO = -0.144178600976169  LUMO = -0.140154160763537
cycle= 465 E= -774.331595375064  delta_E= -0.00506  |g|= 0.307  |ddm|= 0.0757
  HOMO = -0.144893805603519  LUMO = -0.139709225383954
cycle= 466 E= -774.209526161268  delta_E= 0.122  |g|= 0.52  |ddm|= 2.12
  HOMO = -0.143664501708442  LUMO = -0.141916538798554
cycle= 467 E= -774.362234881868  delta_E= -0.153  |g|= 0.238  |ddm|= 1.94
  HOMO = -0.144346884397949  LUMO = -0.138887236920431
cycle= 468 E= -774.314462155254  delta_E= 0.0478  |g|= 0.352  |ddm|= 0.664
  HOMO = -0.146252016227223  LUMO = -0.138889307761391
cycle= 469 E= -774.316917499237  delta_E= -0.00246  |g|= 0.341  |ddm|= 0.14
  HOMO = -0.142443169801657  LUMO = -0.14110433898644
cycle= 470 E= -774.376411546322  delta_E= -0.0595  |g|= 0.188  |ddm|= 1.56
  HOMO = -0.142387396951573  LUMO = -0.140702875967512
cycle= 471 E= -774.259222269132  delta_E= 0.117  |g|= 0.455  |ddm|= 0.913
  HOMO = -0.142165292345282  LUMO = -0.140423751609522
cycle= 472 E= -774.25208866298  delta_E= 0.00713  |g|= 0.464  |ddm|= 0.0637
  HOMO = -0.141775766847718  LUMO = -0.138641043471038
cycle= 473 E= -774.217145992464  delta_E= 0.0349  |g|= 0.504  |ddm|= 0.301
  HOMO = -0.14200073575639  LUMO = -0.140779255682868
cycle= 474 E= -774.322941035471  delta_E= -0.106  |g|= 0.349  |ddm|= 0.775
  HOMO = -0.142080182389932  LUMO = -0.140926155419499
cycle= 475 E= -774.336943678399  delta_E= -0.014  |g|= 0.318  |ddm|= 0.103
  HOMO = -0.146296036273259  LUMO = -0.144539480770543
cycle= 476 E= -774.254488505321  delta_E= 0.0825  |g|= 0.49  |ddm|= 0.552
  HOMO = -0.143450382250629  LUMO = -0.142018471591746
cycle= 477 E= -774.296972552555  delta_E= -0.0425  |g|= 0.402  |ddm|= 0.32
  HOMO = -0.14988124961846  LUMO = -0.137520689220099
cycle= 478 E= -774.30496557448  delta_E= -0.00799  |g|= 0.382  |ddm|= 1.98
  HOMO = -0.144519597899912  LUMO = -0.143115737927622
cycle= 479 E= -774.306512795821  delta_E= -0.00155  |g|= 0.395  |ddm|= 1.95
  HOMO = -0.143657422460809  LUMO = -0.140790241629664
cycle= 480 E= -774.220432217292  delta_E= 0.0861  |g|= 0.515  |ddm|= 0.569
  HOMO = -0.144081603535051  LUMO = -0.141884391658279
cycle= 481 E= -774.252738120024  delta_E= -0.0323  |g|= 0.478  |ddm|= 0.299
  HOMO = -0.144632512113946  LUMO = -0.141077245637291
cycle= 482 E= -774.220257225164  delta_E= 0.0325  |g|= 0.505  |ddm|= 0.347
  HOMO = -0.145858328442009  LUMO = -0.143988739306284
cycle= 483 E= -774.358258829845  delta_E= -0.138  |g|= 0.256  |ddm|= 1.89
  HOMO = -0.137778009691786  LUMO = -0.132612175314858
cycle= 484 E= -774.179851538527  delta_E= 0.178  |g|= 0.576  |ddm|= 2.01
  HOMO = -0.139265750730171  LUMO = -0.137959896147634
cycle= 485 E= -774.342695918674  delta_E= -0.163  |g|= 0.304  |ddm|= 1.06
  HOMO = -0.142238652579409  LUMO = -0.139958765137818
cycle= 486 E= -774.235644466147  delta_E= 0.107  |g|= 0.483  |ddm|= 0.794
  HOMO = -0.142868430267934  LUMO = -0.139277615970949
cycle= 487 E= -774.21635813654  delta_E= 0.0193  |g|= 0.505  |ddm|= 0.173
  HOMO = -0.143481547266626  LUMO = -0.1416888546714
cycle= 488 E= -774.264227142974  delta_E= -0.0479  |g|= 0.45  |ddm|= 0.407
  HOMO = -0.142504200442541  LUMO = -0.140812284245803
cycle= 489 E= -774.269957886853  delta_E= -0.00573  |g|= 0.443  |ddm|= 0.103
  HOMO = -0.142061091674754  LUMO = -0.139799365485584
cycle= 490 E= -774.239094422152  delta_E= 0.0309  |g|= 0.482  |ddm|= 0.268
  HOMO = -0.141524505808641  LUMO = -0.14043652216285
cycle= 491 E= -774.357717873898  delta_E= -0.119  |g|= 0.273  |ddm|= 0.875
  HOMO = -0.162034240977636  LUMO = -0.136675710469268
cycle= 492 E= -774.264109250156  delta_E= 0.0936  |g|= 0.532  |ddm|= 1.81
  HOMO = -0.143409303997336  LUMO = -0.140828378255371
cycle= 493 E= -774.337828590371  delta_E= -0.0737  |g|= 0.295  |ddm|= 0.633
  HOMO = -0.142165802934572  LUMO = -0.137147898396469
cycle= 494 E= -774.198929724014  delta_E= 0.139  |g|= 0.526  |ddm|=  2.1
  HOMO = -0.146845898745366  LUMO = -0.140483145353841
cycle= 495 E= -774.203765202872  delta_E= -0.00484  |g|= 0.529  |ddm|= 0.27
  HOMO = -0.142390071556745  LUMO = -0.140403591788468
cycle= 496 E= -774.26828721851  delta_E= -0.0645  |g|= 0.444  |ddm|= 0.581
  HOMO = -0.142970629652936  LUMO = -0.139507600646271
cycle= 497 E= -774.220836038588  delta_E= 0.0475  |g|= 0.499  |ddm|= 0.411
  HOMO = -0.143707279532826  LUMO = -0.138834636098509
cycle= 498 E= -774.21075376195  delta_E= 0.0101  |g|= 0.512  |ddm|= 0.107
  HOMO = -0.14384518293614  LUMO = -0.139099413495546
cycle= 499 E= -774.210256776493  delta_E= 0.000497  |g|= 0.511  |ddm|= 0.0651
  HOMO = -0.144486851930583  LUMO = -0.138532093383731
cycle= 500 E= -774.202689024244  delta_E= 0.00757  |g|= 0.534  |ddm|= 0.153
  HOMO = -0.143556405168398  LUMO = -0.137673937003645
cycle= 501 E= -774.206328615571  delta_E= -0.00364  |g|= 0.52  |ddm|= 0.122
  HOMO = -0.136271322773763  LUMO = -0.130466416158545
cycle= 502 E= -771.978259583594  delta_E= 2.23  |g|= 1.98  |ddm|= 3.43
  HOMO = -0.17605072593921  LUMO = -0.103380768246285
cycle= 503 E= -774.188989486061  delta_E= -2.21  |g|= 0.736  |ddm|= 2.61
  HOMO = -0.171737157255843  LUMO = -0.124634861991544
cycle= 504 E= -774.257034771086  delta_E= -0.068  |g|= 0.507  |ddm|= 0.692
  HOMO = -0.159655187438256  LUMO = -0.133592922435555
cycle= 505 E= -774.296297649038  delta_E= -0.0393  |g|= 0.403  |ddm|= 0.31
  HOMO = -0.150240375795531  LUMO = -0.139684340047577
cycle= 506 E= -774.313037871297  delta_E= -0.0167  |g|= 0.347  |ddm|= 0.211
  HOMO = -0.145275416843915  LUMO = -0.117195278165106
cycle= 507 E= -774.168719273212  delta_E= 0.144  |g|=  0.6  |ddm|= 2.21
  HOMO = -0.147094877933766  LUMO = -0.11946762160415
cycle= 508 E= -774.171471242609  delta_E= -0.00275  |g|= 0.592  |ddm|= 0.0471
  HOMO = -0.147357904313901  LUMO = -0.127120647497009
cycle= 509 E= -774.185862932208  delta_E= -0.0144  |g|= 0.561  |ddm|= 0.115
  HOMO = -0.147090175397679  LUMO = -0.121347263579383
cycle= 510 E= -774.173189477724  delta_E= 0.0127  |g|= 0.587  |ddm|= 0.125
  HOMO = -0.145688242284052  LUMO = -0.120968131110307
cycle= 511 E= -774.174949712374  delta_E= -0.00176  |g|= 0.58  |ddm|= 0.0506
  HOMO = -0.145135774778268  LUMO = -0.131321583769481
cycle= 512 E= -774.192655605964  delta_E= -0.0177  |g|= 0.546  |ddm|= 0.154
  HOMO = -0.140416490396318  LUMO = -0.138976657005481
cycle= 513 E= -774.381699483983  delta_E= -0.189  |g|= 0.162  |ddm|= 1.48
  HOMO = -0.145252001985917  LUMO = -0.144011861748016
cycle= 514 E= -774.387228145921  delta_E= -0.00553  |g|= 0.132  |ddm|= 0.483
  HOMO = -0.140641755585902  LUMO = -0.139360002203004
cycle= 515 E= -774.286576080268  delta_E= 0.101  |g|= 0.414  |ddm|= 1.19
  HOMO = -0.140729645956322  LUMO = -0.139600082238656
cycle= 516 E= -774.375252038906  delta_E= -0.0887  |g|= 0.182  |ddm|= 1.45
  HOMO = -0.142593944365287  LUMO = -0.141122449464031
cycle= 517 E= -774.281783813431  delta_E= 0.0935  |g|= 0.423  |ddm|= 1.49
  HOMO = -0.142647262734082  LUMO = -0.141326414849062
cycle= 518 E= -774.301913294499  delta_E= -0.0201  |g|= 0.39  |ddm|= 0.137
  HOMO = -0.142930953942953  LUMO = -0.141011056353315
cycle= 519 E= -774.249193045287  delta_E= 0.0527  |g|= 0.467  |ddm|= 0.367
  HOMO = -0.142902133343152  LUMO = -0.140987582009115
cycle= 520 E= -774.249553971193  delta_E= -0.000361  |g|= 0.466  |ddm|= 0.00353
  HOMO = -0.142727441121692  LUMO = -0.140911722514027
cycle= 521 E= -774.255018311855  delta_E= -0.00546  |g|= 0.46  |ddm|= 0.041
  HOMO = -0.143263681095361  LUMO = -0.138464797537543
cycle= 522 E= -774.206884485664  delta_E= 0.0481  |g|= 0.516  |ddm|= 0.404
  HOMO = -0.145246589791623  LUMO = -0.139960932518091
cycle= 523 E= -774.203219423894  delta_E= 0.00367  |g|= 0.525  |ddm|= 0.132
  HOMO = -0.144582592665389  LUMO = -0.141431619420044
cycle= 524 E= -774.225794878656  delta_E= -0.0226  |g|= 0.499  |ddm|= 0.199
  HOMO = -0.155926582260826  LUMO = -0.122716667953676
cycle= 525 E= -774.251381644172  delta_E= -0.0256  |g|= 0.556  |ddm|= 2.18
  HOMO = -0.14338025454819  LUMO = -0.139531724470891
cycle= 526 E= -774.328184644197  delta_E= -0.0768  |g|= 0.312  |ddm|= 0.584
  HOMO = -0.145868508894841  LUMO = -0.138968355422938
cycle= 527 E= -774.201451702276  delta_E= 0.127  |g|= 0.534  |ddm|= 2.16
  HOMO = -0.146974807511234  LUMO = -0.135975213570753
cycle= 528 E= -774.192323093237  delta_E= 0.00913  |g|= 0.543  |ddm|= 0.146
  HOMO = -0.144988558516591  LUMO = -0.137773856487118
cycle= 529 E= -774.201364375073  delta_E= -0.00904  |g|= 0.533  |ddm|= 0.149
  HOMO = -0.144147677665352  LUMO = -0.136560369794218
cycle= 530 E= -774.19793769364  delta_E= 0.00343  |g|= 0.528  |ddm|= 0.115
  HOMO = -0.144522920553441  LUMO = -0.137183649069226
cycle= 531 E= -774.199132905098  delta_E= -0.0012  |g|= 0.527  |ddm|= 0.0384
  HOMO = -0.14291878270082  LUMO = -0.136974547324625
cycle= 532 E= -774.205178661998  delta_E= -0.00605  |g|= 0.518  |ddm|= 0.0994
  HOMO = -0.144565538707647  LUMO = -0.13739248597096
cycle= 533 E= -774.203644323596  delta_E= 0.00153  |g|= 0.52  |ddm|= 0.105
  HOMO = -0.144478255119882  LUMO = -0.140464283931605
cycle= 534 E= -774.217740240111  delta_E= -0.0141  |g|= 0.502  |ddm|= 0.185
  HOMO = -0.139786358669813  LUMO = -0.10789804300582
cycle= 535 E= -771.479699364843  delta_E= 2.74  |g|= 2.25  |ddm|= 3.72
  HOMO = -0.186477746119138  LUMO = -0.0978144939151762
cycle= 536 E= -774.170165869584  delta_E= -2.69  |g|= 0.784  |ddm|= 2.92
  HOMO = -0.177014412645071  LUMO = -0.11643314736819
cycle= 537 E= -774.245726856884  delta_E= -0.0756  |g|= 0.533  |ddm|= 0.63
  HOMO = -0.165764268337994  LUMO = -0.132834189832862
cycle= 538 E= -774.28733203416  delta_E= -0.0416  |g|= 0.433  |ddm|= 0.402
  HOMO = -0.149156694281473  LUMO = -0.137126619787302
cycle= 539 E= -774.312008976771  delta_E= -0.0247  |g|= 0.351  |ddm|= 0.251
  HOMO = -0.140900731420248  LUMO = -0.1177531417079
cycle= 540 E= -774.160008190431  delta_E= 0.152  |g|= 0.619  |ddm|= 2.21
  HOMO = -0.129657972476416  LUMO = -0.109200593160497
cycle= 541 E= -774.137885099182  delta_E= 0.0221  |g|= 0.662  |ddm|= 0.177
  HOMO = -0.140002323932085  LUMO = -0.120919833154967
cycle= 542 E= -774.162811952454  delta_E= -0.0249  |g|= 0.612  |ddm|= 0.148
  HOMO = -0.140889611518274  LUMO = -0.118187314203386
cycle= 543 E= -774.15790811346  delta_E= 0.0049  |g|= 0.614  |ddm|= 0.12
  HOMO = -0.142572895444358  LUMO = -0.120591975773298
cycle= 544 E= -774.16418558624  delta_E= -0.00628  |g|= 0.601  |ddm|= 0.0396
  HOMO = -0.14477578761097  LUMO = -0.141528679376369
cycle= 545 E= -774.332360676221  delta_E= -0.168  |g|=  0.3  |ddm|= 2.16
  HOMO = -0.161449780909456  LUMO = -0.131472558868641
cycle= 546 E= -774.289790881596  delta_E= 0.0426  |g|= 0.436  |ddm|= 0.521
  HOMO = -0.159388008445674  LUMO = -0.130007929102365
cycle= 547 E= -774.29206018541  delta_E= -0.00227  |g|= 0.424  |ddm|= 0.0958
  HOMO = -0.16032460900026  LUMO = -0.130387166569574
cycle= 548 E= -774.291959762954  delta_E= 0.0001  |g|= 0.424  |ddm|= 0.0335
  HOMO = -0.166212921507841  LUMO = -0.126993420219378
cycle= 549 E= -774.280959494742  delta_E= 0.011  |g|= 0.452  |ddm|= 0.122
  HOMO = -0.143662525932598  LUMO = -0.13878909706977
cycle= 550 E= -774.212114294589  delta_E= 0.0688  |g|= 0.509  |ddm|= 2.17
  HOMO = -0.14451570980628  LUMO = -0.137794695305973
cycle= 551 E= -774.318955062755  delta_E= -0.107  |g|= 0.357  |ddm|= 2.16
  HOMO = -0.143600839343677  LUMO = -0.134520376070538
cycle= 552 E= -774.200041475019  delta_E= 0.119  |g|= 0.539  |ddm|=  2.2
  HOMO = -0.143264471456373  LUMO = -0.137794358563425
cycle= 553 E= -774.214632212266  delta_E= -0.0146  |g|= 0.507  |ddm|= 0.173
  HOMO = -0.141661674781983  LUMO = -0.14020725905253
cycle= 554 E= -774.389833123941  delta_E= -0.175  |g|= 0.103  |ddm|= 1.44
  HOMO = -0.146052645081707  LUMO = -0.139731002820616
cycle= 555 E= -774.202410719921  delta_E= 0.187  |g|= 0.525  |ddm|= 1.52
  HOMO = -0.145900323373333  LUMO = -0.141370537117735
cycle= 556 E= -774.20893565707  delta_E= -0.00652  |g|= 0.515  |ddm|= 0.143
  HOMO = -0.1435064158005  LUMO = -0.140552967398132
cycle= 557 E= -774.226792470079  delta_E= -0.0179  |g|= 0.487  |ddm|= 0.209
  HOMO = -0.143853474177576  LUMO = -0.141228589011413
cycle= 558 E= -774.2340202815  delta_E= -0.00723  |g|= 0.481  |ddm|= 0.0852
  HOMO = -0.143895775311731  LUMO = -0.142059870715346
cycle= 559 E= -774.264544975205  delta_E= -0.0305  |g|= 0.447  |ddm|= 0.236
  HOMO = -0.143360564573414  LUMO = -0.141910372177552
cycle= 560 E= -774.365857548108  delta_E= -0.101  |g|= 0.229  |ddm|= 1.66
  HOMO = -0.141957533796754  LUMO = -0.13988092484473
cycle= 561 E= -774.238207521548  delta_E= 0.128  |g|= 0.481  |ddm|= 1.78
  HOMO = -0.142967021430907  LUMO = -0.141482925569775
cycle= 562 E= -774.280241377863  delta_E= -0.042  |g|= 0.425  |ddm|= 0.317
  HOMO = -0.140640312783398  LUMO = -0.139437930028436
cycle= 563 E= -774.373857674133  delta_E= -0.0936  |g|= 0.215  |ddm|= 0.757
  HOMO = -0.143184645220342  LUMO = -0.139719696064665
cycle= 564 E= -774.218276326142  delta_E= 0.156  |g|= 0.502  |ddm|=  1.2
  HOMO = -0.144778813328524  LUMO = -0.14037411150622
cycle= 565 E= -774.20928513033  delta_E= 0.00899  |g|= 0.516  |ddm|= 0.101
  HOMO = -0.143752016365285  LUMO = -0.139034779637972
cycle= 566 E= -774.209081830099  delta_E= 0.000203  |g|= 0.513  |ddm|= 0.0591
  HOMO = -0.14370184062211  LUMO = -0.140409252948874
cycle= 567 E= -774.220150722222  delta_E= -0.0111  |g|= 0.503  |ddm|= 0.126
  HOMO = -0.142915459472092  LUMO = -0.139761171001434
cycle= 568 E= -774.217574360079  delta_E= 0.00258  |g|= 0.505  |ddm|= 0.0723
  HOMO = -0.157414269267713  LUMO = -0.136220810306187
cycle= 569 E= -774.27835935991  delta_E= -0.0608  |g|= 0.517  |ddm|= 2.19
  HOMO = -0.147353119876344  LUMO = -0.141964879044193
cycle= 570 E= -774.311413734067  delta_E= -0.0331  |g|= 0.359  |ddm|= 0.454
  HOMO = -0.143396921133954  LUMO = -0.140454839705378
cycle= 571 E= -774.229226101012  delta_E= 0.0822  |g|= 0.491  |ddm|= 2.11
  HOMO = -0.141241450648265  LUMO = -0.131392941050346
cycle= 572 E= -774.29063965386  delta_E= -0.0614  |g|= 0.432  |ddm|= 2.12
  HOMO = -0.142904747584959  LUMO = -0.139142283435454
cycle= 573 E= -774.225695906345  delta_E= 0.0649  |g|= 0.493  |ddm|= 2.13
  HOMO = -0.142648804918905  LUMO = -0.138535539549129
cycle= 574 E= -774.218050697638  delta_E= 0.00765  |g|= 0.502  |ddm|= 0.0766
  HOMO = -0.142457582710203  LUMO = -0.138800837426906
cycle= 575 E= -774.22396628161  delta_E= -0.00592  |g|= 0.496  |ddm|= 0.0542
  HOMO = -0.143563389809359  LUMO = -0.138654090228335
cycle= 576 E= -774.212525709861  delta_E= 0.0114  |g|= 0.509  |ddm|= 0.139
  HOMO = -0.143419872072343  LUMO = -0.138877142067042
cycle= 577 E= -774.214263637702  delta_E= -0.00174  |g|= 0.507  |ddm|= 0.0681
  HOMO = -0.143537666827216  LUMO = -0.137927773665599
cycle= 578 E= -774.205724477262  delta_E= 0.00854  |g|= 0.514  |ddm|= 0.0917
  HOMO = -0.154003332250948  LUMO = -0.143449953169362
cycle= 579 E= -774.292759388283  delta_E= -0.087  |g|= 0.426  |ddm|=  2.2
  HOMO = -0.140643303178892  LUMO = -0.139225001143037
cycle= 580 E= -774.38966269429  delta_E= -0.0969  |g|= 0.112  |ddm|= 1.42
  HOMO = -0.142062325357398  LUMO = -0.139675084714436
cycle= 581 E= -774.328199288758  delta_E= 0.0615  |g|= 0.36  |ddm|= 1.13
  HOMO = -0.144922608280962  LUMO = -0.140450988271322
cycle= 582 E= -774.208885881586  delta_E= 0.119  |g|= 0.516  |ddm|=  2.1
  HOMO = -0.144682638447802  LUMO = -0.141960389660647
cycle= 583 E= -774.230137071202  delta_E= -0.0213  |g|= 0.493  |ddm|= 0.221
  HOMO = -0.144492851108971  LUMO = -0.141408230862387
cycle= 584 E= -774.224914480371  delta_E= 0.00522  |g|= 0.499  |ddm|= 0.0755
  HOMO = -0.144877989155477  LUMO = -0.141203803527704
cycle= 585 E= -774.215900049317  delta_E= 0.00901  |g|= 0.507  |ddm|= 0.08
  HOMO = -0.144790204581592  LUMO = -0.141164848659831
cycle= 586 E= -774.217352129469  delta_E= -0.00145  |g|= 0.505  |ddm|= 0.0472
  HOMO = -0.144846783985426  LUMO = -0.14207483241396
cycle= 587 E= -774.229405601823  delta_E= -0.0121  |g|= 0.497  |ddm|= 0.127
  HOMO = -0.14570657346309  LUMO = -0.143422865048209
cycle= 588 E= -774.233008945498  delta_E= -0.0036  |g|= 0.497  |ddm|= 0.11
  HOMO = -0.151610301736575  LUMO = -0.134369023029914
cycle= 589 E= -774.259153923697  delta_E= -0.0261  |g|= 0.574  |ddm|= 2.18
  HOMO = -0.153837141027109  LUMO = -0.127235527773134
cycle= 590 E= -774.209647904608  delta_E= 0.0495  |g|= 0.711  |ddm|=  1.1
  HOMO = -0.145294809418529  LUMO = -0.134988294690082
cycle= 591 E= -774.313901127101  delta_E= -0.104  |g|= 0.356  |ddm|= 0.652
  HOMO = -0.144741407180856  LUMO = -0.142919977808669
cycle= 592 E= -774.375515636811  delta_E= -0.0616  |g|= 0.19  |ddm|= 0.892
  HOMO = -0.142753240722059  LUMO = -0.134365769942658
cycle= 593 E= -774.197234522516  delta_E= 0.178  |g|= 0.523  |ddm|= 1.93
  HOMO = -0.142127694108099  LUMO = -0.136572697166509
cycle= 594 E= -774.207921309948  delta_E= -0.0107  |g|= 0.511  |ddm|= 0.124
  HOMO = -0.141536718749258  LUMO = -0.136814161292914
cycle= 595 E= -774.211740391876  delta_E= -0.00382  |g|= 0.504  |ddm|= 0.101
  HOMO = -0.141895346699331  LUMO = -0.138346954613053
cycle= 596 E= -774.21495896878  delta_E= -0.00322  |g|= 0.501  |ddm|= 0.117
  HOMO = -0.141281308103898  LUMO = -0.137603700395191
cycle= 597 E= -774.215054706534  delta_E= -9.57e-05  |g|= 0.499  |ddm|= 0.0699
  HOMO = -0.141332749875071  LUMO = -0.137999580857004
cycle= 598 E= -774.217480675262  delta_E= -0.00243  |g|= 0.507  |ddm|= 0.112
  HOMO = -0.140990763767786  LUMO = -0.139299186309943
cycle= 599 E= -774.357294492955  delta_E= -0.14  |g|= 0.255  |ddm|= 1.93
  HOMO = -0.143167894686424  LUMO = -0.139596201111164
cycle= 600 E= -774.218576869573  delta_E= 0.139  |g|= 0.501  |ddm|= 1.92

WARN: HOMO -0.14569421159517 == LUMO -0.145020418083356

cycle= 601 E= -774.256128612219  delta_E= -0.0376  |g|= 0.621  |ddm|= 1.52
  HOMO = -0.143178978896027  LUMO = -0.141347573417034
cycle= 602 E= -774.276584664505  delta_E= -0.0205  |g|= 0.44  |ddm|= 1.29
  HOMO = -0.14439101479237  LUMO = -0.139180825103996
cycle= 603 E= -774.204600210927  delta_E= 0.072  |g|= 0.517  |ddm|= 0.573
  HOMO = -0.144458857448708  LUMO = -0.13934791782306
cycle= 604 E= -774.205995721138  delta_E= -0.0014  |g|= 0.515  |ddm|= 0.0269
  HOMO = -0.143983341037536  LUMO = -0.139301235382732
cycle= 605 E= -774.207900797784  delta_E= -0.00191  |g|= 0.512  |ddm|= 0.0381
  HOMO = -0.144208066966796  LUMO = -0.138487296460355
cycle= 606 E= -774.204495631888  delta_E= 0.00341  |g|= 0.515  |ddm|= 0.0765
  HOMO = -0.143687147695893  LUMO = -0.13788519468756
cycle= 607 E= -774.202379554789  delta_E= 0.00212  |g|= 0.52  |ddm|= 0.064
  HOMO = -0.152389914057673  LUMO = -0.111704457747755
cycle= 608 E= -774.019713468595  delta_E= 0.183  |g|= 0.996  |ddm|= 2.37
  HOMO = -0.18041400469929  LUMO = -0.121864454325894
cycle= 609 E= -774.226659384158  delta_E= -0.207  |g|= 0.589  |ddm|= 1.06
  HOMO = -0.163022213679679  LUMO = -0.128367088615677
cycle= 610 E= -774.290254284593  delta_E= -0.0636  |g|= 0.439  |ddm|= 0.414
  HOMO = -0.154888302481998  LUMO = -0.13430024050663
cycle= 611 E= -774.292669239683  delta_E= -0.00241  |g|= 0.396  |ddm|= 0.242
  HOMO = -0.146543372682883  LUMO = -0.132510388387534
cycle= 612 E= -774.188627603577  delta_E= 0.104  |g|= 0.549  |ddm|=  2.2
  HOMO = -0.14893483652688  LUMO = -0.129875907479708
cycle= 613 E= -774.18212713879  delta_E= 0.0065  |g|= 0.562  |ddm|= 0.082
  HOMO = -0.148066906693611  LUMO = -0.133746417948902
cycle= 614 E= -774.188397936685  delta_E= -0.00627  |g|= 0.55  |ddm|= 0.0829
  HOMO = -0.148536972104901  LUMO = -0.131786632509545
cycle= 615 E= -774.184894642568  delta_E= 0.0035  |g|= 0.555  |ddm|= 0.0728
  HOMO = -0.148960868751328  LUMO = -0.12840205717043
cycle= 616 E= -774.178411422752  delta_E= 0.00648  |g|= 0.571  |ddm|= 0.0688
  HOMO = -0.145453151401994  LUMO = -0.142220110499387
cycle= 617 E= -774.338142243624  delta_E= -0.16  |g|= 0.299  |ddm|= 2.14
  HOMO = -0.144388721785162  LUMO = -0.132776518251067
cycle= 618 E= -774.300514185724  delta_E= 0.0376  |g|= 0.388  |ddm|= 0.539
  HOMO = -0.145309981417149  LUMO = -0.139000195902753
cycle= 619 E= -774.31460624128  delta_E= -0.0141  |g|= 0.336  |ddm|= 0.233
  HOMO = -0.144881143079  LUMO = -0.138803032356626
cycle= 620 E= -774.317283102022  delta_E= -0.00268  |g|= 0.33  |ddm|= 0.0316
  HOMO = -0.141670186158893  LUMO = -0.139004494151015
cycle= 621 E= -774.245563908087  delta_E= 0.0717  |g|= 0.475  |ddm|= 2.07
  HOMO = -0.144358944256848  LUMO = -0.13954154548716
cycle= 622 E= -774.322831269965  delta_E= -0.0773  |g|= 0.321  |ddm|= 2.06
  HOMO = -0.142803589773241  LUMO = -0.138809705798787
cycle= 623 E= -774.324096888791  delta_E= -0.00127  |g|= 0.319  |ddm|= 0.132
  HOMO = -0.146630717337761  LUMO = -0.138031158342245
cycle= 624 E= -774.315188865803  delta_E= 0.00891  |g|= 0.341  |ddm|= 0.21
  HOMO = -0.145623346086245  LUMO = -0.138415886828677
cycle= 625 E= -774.316282310879  delta_E= -0.00109  |g|= 0.339  |ddm|= 0.0668
  HOMO = -0.14452760088872  LUMO = -0.138413621506401
cycle= 626 E= -774.209683819428  delta_E= 0.107  |g|= 0.511  |ddm|= 2.18
  HOMO = -0.147138570532225  LUMO = -0.142693619705939
cycle= 627 E= -774.20894739793  delta_E= 0.000736  |g|= 0.527  |ddm|= 0.181
  HOMO = -0.143939752565416  LUMO = -0.140032633298683
cycle= 628 E= -774.222981461454  delta_E= -0.014  |g|= 0.501  |ddm|= 0.181
  HOMO = -0.145689050512157  LUMO = -0.139067934711951
cycle= 629 E= -774.205205421055  delta_E= 0.0178  |g|= 0.515  |ddm|= 0.219
  HOMO = -0.145351764890662  LUMO = -0.139390858864163
cycle= 630 E= -774.209285051914  delta_E= -0.00408  |g|= 0.511  |ddm|= 0.0381
  HOMO = -0.14511214439322  LUMO = -0.14083100392398
cycle= 631 E= -774.211397919473  delta_E= -0.00211  |g|= 0.513  |ddm|= 0.16
  HOMO = -0.14261249324053  LUMO = -0.139530219984529
cycle= 632 E= -774.232110726788  delta_E= -0.0207  |g|= 0.489  |ddm|= 0.226
  HOMO = -0.143811879629032  LUMO = -0.1402329861928
cycle= 633 E= -774.22466969683  delta_E= 0.00744  |g|= 0.498  |ddm|= 0.105
  HOMO = -0.138574320489307  LUMO = -0.105254368684404
cycle= 634 E= -771.522993808206  delta_E=  2.7  |g|= 2.22  |ddm|= 3.65
  HOMO = -0.180284667616562  LUMO = -0.0995943128803334
cycle= 635 E= -774.201915372182  delta_E= -2.68  |g|= 0.697  |ddm|= 2.87
  HOMO = -0.174986609351594  LUMO = -0.124461147486364
cycle= 636 E= -774.267771270727  delta_E= -0.0659  |g|= 0.476  |ddm|= 0.552
  HOMO = -0.156586898585271  LUMO = -0.134831296387984
cycle= 637 E= -774.302836728899  delta_E= -0.0351  |g|= 0.385  |ddm|= 0.287
  HOMO = -0.144890940472826  LUMO = -0.131222469969033
cycle= 638 E= -774.186625609863  delta_E= 0.116  |g|= 0.554  |ddm|= 2.21
  HOMO = -0.147993281539594  LUMO = -0.12891849484329
cycle= 639 E= -774.182017500421  delta_E= 0.00461  |g|= 0.568  |ddm|= 0.175
  HOMO = -0.145728084200966  LUMO = -0.132782721016683
cycle= 640 E= -774.197032380533  delta_E= -0.015  |g|= 0.546  |ddm|= 0.15
  HOMO = -0.144205048850126  LUMO = -0.134730685869236
cycle= 641 E= -774.199777976631  delta_E= -0.00275  |g|= 0.528  |ddm|= 0.139
  HOMO = -0.144991294554127  LUMO = -0.135751485035842
cycle= 642 E= -774.199186711451  delta_E= 0.000591  |g|= 0.53  |ddm|= 0.0944
  HOMO = -0.141513757745351  LUMO = -0.137080198252066
cycle= 643 E= -774.216315347899  delta_E= -0.0171  |g|= 0.502  |ddm|= 0.211
  HOMO = -0.143310845102572  LUMO = -0.139934374163994
cycle= 644 E= -774.33647022414  delta_E= -0.12  |g|= 0.296  |ddm|= 2.07
  HOMO = -0.142939210550107  LUMO = -0.141573505005913
cycle= 645 E= -774.390308383823  delta_E= -0.0538  |g|= 0.109  |ddm|= 0.885
  HOMO = -0.143618660438219  LUMO = -0.141658085800145
cycle= 646 E= -774.348475148749  delta_E= 0.0418  |g|= 0.27  |ddm|= 0.741
  HOMO = -0.14235061412858  LUMO = -0.141215053201204
cycle= 647 E= -774.392388676538  delta_E= -0.0439  |g|= 0.0686  |ddm|= 0.867
  HOMO = -0.142229626679565  LUMO = -0.14109153037524
cycle= 648 E= -774.341390193002  delta_E= 0.051  |g|= 0.303  |ddm|= 0.693
  HOMO = -0.142165058530516  LUMO = -0.141122704187202
cycle= 649 E= -774.375761039048  delta_E= -0.0344  |g|= 0.182  |ddm|= 0.316
  HOMO = -0.142824373549212  LUMO = -0.141673563937681
cycle= 650 E= -774.340737441074  delta_E= 0.035  |g|= 0.304  |ddm|= 0.326
  HOMO = -0.142509015868562  LUMO = -0.141440891707293
cycle= 651 E= -774.367621493124  delta_E= -0.0269  |g|= 0.218  |ddm|= 0.233
  HOMO = -0.142772304323314  LUMO = -0.140271905049999
cycle= 652 E= -774.231639858706  delta_E= 0.136  |g|= 0.484  |ddm|= 0.982
  HOMO = -0.142726329670803  LUMO = -0.141604723623704
cycle= 653 E= -774.353418365986  delta_E= -0.122  |g|= 0.269  |ddm|= 0.865
  HOMO = -0.142837534601085  LUMO = -0.141524400920105
cycle= 654 E= -774.378025456161  delta_E= -0.0246  |g|= 0.165  |ddm|= 1.05
  HOMO = -0.142970926095737  LUMO = -0.141917811438103
cycle= 655 E= -774.390032910976  delta_E= -0.012  |g|= 0.0846  |ddm|= 0.627
  HOMO = -0.142689338738412  LUMO = -0.141610107375979
cycle= 656 E= -774.393705274256  delta_E= -0.00367  |g|= 0.0102  |ddm|= 0.172
  HOMO = -0.142667436830261  LUMO = -0.14161529685817
cycle= 657 E= -774.380104153522  delta_E= 0.0136  |g|= 0.159  |ddm|= 0.352
  HOMO = -0.142697804067088  LUMO = -0.141642125075809
cycle= 658 E= -774.392438244102  delta_E= -0.0123  |g|= 0.0493  |ddm|= 0.257
  HOMO = -0.142582922838577  LUMO = -0.141501426867999
cycle= 659 E= -774.3936892581  delta_E= -0.00125  |g|= 0.0112  |ddm|= 0.142
  HOMO = -0.142718556362634  LUMO = -0.141645468996265
cycle= 660 E= -774.39373515889  delta_E= -4.59e-05  |g|= 0.00585  |ddm|= 0.0387
  HOMO = -0.142662119283384  LUMO = -0.141605229230204
cycle= 661 E= -774.392890621209  delta_E= 0.000845  |g|= 0.0398  |ddm|= 0.082
  HOMO = -0.14267642578231  LUMO = -0.141621866638165
cycle= 662 E= -774.392623829307  delta_E= 0.000267  |g|= 0.0457  |ddm|= 0.0138
  HOMO = -0.142707779833402  LUMO = -0.141632593060184
cycle= 663 E= -774.393751356302  delta_E= -0.00113  |g|= 0.00193  |ddm|= 0.113
  HOMO = -0.142706065919956  LUMO = -0.141629266067474
cycle= 664 E= -774.393745696028  delta_E= 5.66e-06  |g|= 0.00369  |ddm|= 0.00474
  HOMO = -0.142698059261608  LUMO = -0.141622337181935
cycle= 665 E= -774.393752541881  delta_E= -6.85e-06  |g|= 0.00108  |ddm|= 0.00653
  HOMO = -0.14270094701239  LUMO = -0.141626427355613
cycle= 666 E= -774.39375230105  delta_E= 2.41e-07  |g|= 0.00126  |ddm|= 0.00553
  HOMO = -0.142702172374236  LUMO = -0.141627115116638
cycle= 667 E= -774.393753147291  delta_E= -8.46e-07  |g|= 0.000162  |ddm|= 0.00267
  HOMO = -0.142701911013299  LUMO = -0.141626639678574
cycle= 668 E= -774.393753127918  delta_E= 1.94e-08  |g|= 0.000249  |ddm|= 0.00097
  HOMO = -0.142703135196384  LUMO = -0.141628008482306
cycle= 669 E= -774.393753158226  delta_E= -3.03e-08  |g|= 7.85e-05  |ddm|= 0.000766
  HOMO = -0.142702312935774  LUMO = -0.141627159681371
cycle= 670 E= -774.393753161354  delta_E= -3.13e-09  |g|= 5.35e-06  |ddm|= 0.000167
  HOMO = -0.142702227410719  LUMO = -0.141627081659693
cycle= 671 E= -774.393753161123  delta_E= 2.3e-10  |g|= 2.11e-05  |ddm|= 3.94e-05
  HOMO = -0.142702253322406  LUMO = -0.141627098007255
cycle= 672 E= -774.393753161363  delta_E= -2.39e-10  |g|= 3.01e-06  |ddm|= 5.83e-05
  HOMO = -0.142701896784523  LUMO = -0.141627097264428
Extra cycle  E= -774.393752946379  delta_E= 2.15e-07  |g|= 0.000628  |ddm|= 0.00153
converged SCF energy = -774.393752946379
AOs:  [0, 1, 2, 3, 4, 5, 6, 7, 8, 9, 10, 11, 12, 13, 14, 15, 16, 17, 18, 19, 20, 21, 22, 23, 24, 25, 26, 27, 28, 29, 30, 31, 32, 33, 34, 35, 36, 37, 38, 39, 40, 41, 42, 43, 44, 45, 46, 47, 48, 49, 50, 51, 52, 53, 54, 55, 56, 57, 58, 59, 60, 61, 62, 63]
64

 AO indices used for projection:  [0, 1, 3, 4, 5, 14, 16, 17, 19, 20, 21, 30, 32, 33, 35, 36, 37, 46, 48, 49, 51, 52, 53, 62]
 # of orbitals to keep:  15
Number of Active MOs:  15
Number of Environment MOs:  55
Number of Virtual MOs:  244
 # electrons:                        
         Env:  55.00000000  55.00000000
         Act:  15.00000000  15.00000000
         Vir:   0.00000000   0.00000000
Number of electrons in the active space:  30

 The density matrix is idempotent!

 The density matrix is idempotent!


******** <class 'pyscf.scf.hf.RHF'> ********
method = RHF
initial guess = minao
damping factor = 0
level_shift factor = 0
DIIS = <class 'pyscf.scf.diis.CDIIS'>
diis_start_cycle = 1
diis_space = 8
SCF conv_tol = 1e-09
SCF conv_tol_grad = 1e-05
SCF max_cycles = 200
direct_scf = True
direct_scf_tol = 1e-13
chkfile to save SCF result = subsys_scf.chk
max_memory 900000 MB (current use 10431 MB)
init E= 1007.2569040047
  HOMO = -0.318688249222522  LUMO = 0.0219869101877962
cycle= 1 E= 1007.21612071056  delta_E= -0.0408  |g|= 0.0747  |ddm|= 0.687
  HOMO = -0.317428881281042  LUMO = 0.0172225023067533
cycle= 2 E= 1007.21303567667  delta_E= -0.00309  |g|= 0.0261  |ddm|= 0.159
  HOMO = -0.317980615285913  LUMO = 0.0166761256179062
cycle= 3 E= 1007.21239608745  delta_E= -0.00064  |g|= 0.0159  |ddm|= 0.0663
  HOMO = -0.316274436967721  LUMO = 0.0163903547577198
cycle= 4 E= 1007.21226085134  delta_E= -0.000135  |g|= 0.00463  |ddm|= 0.0297
  HOMO = -0.316581316178558  LUMO = 0.0159518817005686
cycle= 5 E= 1007.21222454773  delta_E= -3.63e-05  |g|= 0.00143  |ddm|= 0.0194
  HOMO = -0.316392572534778  LUMO = 0.0158980595678198
cycle= 6 E= 1007.21222232514  delta_E= -2.22e-06  |g|= 0.000493  |ddm|= 0.00489
  HOMO = -0.316418869053539  LUMO = 0.0158783124479825
cycle= 7 E= 1007.21222215157  delta_E= -1.74e-07  |g|= 0.000132  |ddm|= 0.00124
  HOMO = -0.316441561824314  LUMO = 0.0158717853154086
cycle= 8 E= 1007.21222212589  delta_E= -2.57e-08  |g|= 5.3e-05  |ddm|= 0.000504
  HOMO = -0.316438929592976  LUMO = 0.0158729025064452
cycle= 9 E= 1007.212222123  delta_E= -2.9e-09  |g|= 1.71e-05  |ddm|= 0.000168
  HOMO = -0.316443021244341  LUMO = 0.0158735874123247
cycle= 10 E= 1007.21222212272  delta_E= -2.8e-10  |g|= 6e-06  |ddm|= 6.11e-05
  HOMO = -0.316443049273549  LUMO = 0.0158737111594865
Extra cycle  E= 1007.21222212251  delta_E= -2.09e-10  |g|= 2.51e-06  |ddm|= 1.02e-05
converged SCF energy = 1007.21222212251
Difference in energy:  -564.0816048353894
E(MP2) = 1006.71773260351  E_corr = -0.494489518999859
Total energy =  -773.9893219623821
time elapsed:  691.516720533371
