

******** <class 'pyscf.dft.rks.RKS'> ********
method = RKS-RHF
initial guess = minao
damping factor = 0
level_shift factor = 0
DIIS = <class 'pyscf.scf.diis.CDIIS'>
diis_start_cycle = 1
diis_space = 8
SCF conv_tol = 1e-09
SCF conv_tol_grad = 1e-05
SCF max_cycles = 1000
direct_scf = True
direct_scf_tol = 1e-13
chkfile to save SCF result = scf.fchk
max_memory 900000 MB (current use 79 MB)
XC library pyscf.dft.libxc version 5.1.7
    S. Lehtola, C. Steigemann, M. J. Oliveira, and M. A. Marques, SoftwareX 7, 1 (2018)
XC functionals = pbe
    J. P. Perdew, K. Burke, and M. Ernzerhof, Phys. Rev. Lett. 77, 3865 (1996)
    J. P. Perdew, K. Burke, and M. Ernzerhof, Phys. Rev. Lett. 78, 1396 (1997)
    J. P. Perdew, K. Burke, and M. Ernzerhof, Phys. Rev. Lett. 77, 3865 (1996)
    J. P. Perdew, K. Burke, and M. Ernzerhof, Phys. Rev. Lett. 78, 1396 (1997)
small_rho_cutoff = 1e-07
init E= -776.04750137271
  HOMO = -0.232871429479406  LUMO = -0.208359223377482
cycle= 1 E= -773.975053047139  delta_E= 2.07  |g|= 1.21  |ddm|= 6.28
  HOMO = -0.0155365804854366  LUMO = 0.000623323102043387
cycle= 2 E= -762.686522248701  delta_E= 11.3  |g|= 3.82  |ddm|= 6.25
  HOMO = -0.101420595734433  LUMO = -0.0670426745359724
cycle= 3 E= -773.663406927442  delta_E=  -11  |g|= 1.39  |ddm|= 5.89
  HOMO = -0.109402118612392  LUMO = -0.0779535299335393
cycle= 4 E= -772.825432404715  delta_E= 0.838  |g|= 1.79  |ddm|= 3.36
  HOMO = -0.143189309226394  LUMO = -0.0900659531643202
cycle= 5 E= -774.045097665496  delta_E= -1.22  |g|= 0.804  |ddm|= 2.61
  HOMO = -0.150361812269594  LUMO = -0.131132171332508
cycle= 6 E= -774.265353596513  delta_E= -0.22  |g|= 0.523  |ddm|= 2.32
  HOMO = -0.149574144811015  LUMO = -0.133905954020681
cycle= 7 E= -774.185123323515  delta_E= 0.0802  |g|= 0.574  |ddm|= 2.23
  HOMO = -0.140128262330525  LUMO = -0.137826303190053
cycle= 8 E= -774.358320943672  delta_E= -0.173  |g|= 0.258  |ddm|= 2.03
  HOMO = -0.142967839473996  LUMO = -0.139568439875443
cycle= 9 E= -774.230513779444  delta_E= 0.128  |g|= 0.49  |ddm|= 1.88
  HOMO = -0.146009241744187  LUMO = -0.1400742718354
cycle= 10 E= -774.31903479324  delta_E= -0.0885  |g|= 0.332  |ddm|= 2.12
  HOMO = -0.142422114817374  LUMO = -0.140238064294782
cycle= 11 E= -774.350764887399  delta_E= -0.0317  |g|= 0.257  |ddm|= 0.463
  HOMO = -0.142749910511871  LUMO = -0.13924293700612
cycle= 12 E= -774.329828293252  delta_E= 0.0209  |g|= 0.307  |ddm|= 0.315
  HOMO = -0.14507646555308  LUMO = -0.14106832294923
cycle= 13 E= -774.328155007802  delta_E= 0.00167  |g|= 0.318  |ddm|= 0.132
  HOMO = -0.143460088081169  LUMO = -0.141174401191977
cycle= 14 E= -774.344055397857  delta_E= -0.0159  |g|= 0.275  |ddm|= 0.291
  HOMO = -0.144956528532301  LUMO = -0.141679597070309
cycle= 15 E= -774.331683959096  delta_E= 0.0124  |g|= 0.306  |ddm|= 0.202
  HOMO = -0.143779880788377  LUMO = -0.140249005252577
cycle= 16 E= -774.329285935031  delta_E= 0.0024  |g|= 0.307  |ddm|= 0.0546
  HOMO = -0.143945886291096  LUMO = -0.142316813681255
cycle= 17 E= -774.375583780515  delta_E= -0.0463  |g|= 0.181  |ddm|= 0.614
  HOMO = -0.150350322762099  LUMO = -0.128782852987046
cycle= 18 E= -774.168632838067  delta_E= 0.207  |g|= 0.627  |ddm|= 1.98
  HOMO = -0.139635888024697  LUMO = -0.138391145478881
cycle= 19 E= -774.390450899193  delta_E= -0.222  |g|= 0.0961  |ddm|= 1.78
  HOMO = -0.14435989065475  LUMO = -0.141543131958049
cycle= 20 E= -774.334751083551  delta_E= 0.0557  |g|= 0.294  |ddm|= 0.907
  HOMO = -0.143144167525605  LUMO = -0.141949775353274
cycle= 21 E= -774.389617900323  delta_E= -0.0549  |g|= 0.0947  |ddm|= 1.16
  HOMO = -0.142937418942308  LUMO = -0.141832598349115
cycle= 22 E= -774.392862838903  delta_E= -0.00324  |g|= 0.049  |ddm|= 0.176
  HOMO = -0.141929895562883  LUMO = -0.140385396868924
cycle= 23 E= -774.362038129336  delta_E= 0.0308  |g|= 0.23  |ddm|= 0.699
  HOMO = -0.142625070927625  LUMO = -0.141529384261762
cycle= 24 E= -774.393148072979  delta_E= -0.0311  |g|= 0.0322  |ddm|= 0.723
  HOMO = -0.142592305786417  LUMO = -0.141347630977527
cycle= 25 E= -774.386490866232  delta_E= 0.00666  |g|= 0.112  |ddm|= 0.365
  HOMO = -0.142457372235362  LUMO = -0.141305491881022
cycle= 26 E= -774.393058345  delta_E= -0.00657  |g|= 0.0344  |ddm|= 0.206
  HOMO = -0.142572421879813  LUMO = -0.141394723641666
cycle= 27 E= -774.391852610335  delta_E= 0.00121  |g|= 0.0581  |ddm|= 0.0599
  HOMO = -0.142556927898163  LUMO = -0.141390308597563
cycle= 28 E= -774.392434671549  delta_E= -0.000582  |g|= 0.0481  |ddm|= 0.0255
  HOMO = -0.142530226006626  LUMO = -0.141386769857532
cycle= 29 E= -774.393464166841  delta_E= -0.00103  |g|= 0.0214  |ddm|= 0.0662
  HOMO = -0.142567178393233  LUMO = -0.141437425030469
cycle= 30 E= -774.393715093273  delta_E= -0.000251  |g|= 0.00205  |ddm|= 0.0512
  HOMO = -0.142556485305334  LUMO = -0.14143151262361
cycle= 31 E= -774.393681146571  delta_E= 3.39e-05  |g|= 0.00803  |ddm|= 0.0207
  HOMO = -0.14253672604061  LUMO = -0.141408120920454
cycle= 32 E= -774.393715753175  delta_E= -3.46e-05  |g|= 0.00101  |ddm|= 0.017
  HOMO = -0.142552803313973  LUMO = -0.141423732259431
cycle= 33 E= -774.393716197635  delta_E= -4.44e-07  |g|= 0.000528  |ddm|= 0.00359
  HOMO = -0.142546315831408  LUMO = -0.14141647659179
cycle= 34 E= -774.393714318693  delta_E= 1.88e-06  |g|= 0.00191  |ddm|= 0.00364
  HOMO = -0.142544395475576  LUMO = -0.141414933363618
cycle= 35 E= -774.393715568328  delta_E= -1.25e-06  |g|= 0.00117  |ddm|= 0.0018
  HOMO = -0.142543965751355  LUMO = -0.141414657743458
cycle= 36 E= -774.393715916927  delta_E= -3.49e-07  |g|= 0.00086  |ddm|= 0.000759
  HOMO = -0.142544661467976  LUMO = -0.141415594781139
cycle= 37 E= -774.393716220216  delta_E= -3.03e-07  |g|= 0.000431  |ddm|= 0.00104
  HOMO = -0.142544778548133  LUMO = -0.141415733603106
cycle= 38 E= -774.393716231822  delta_E= -1.16e-08  |g|= 0.000403  |ddm|= 7.57e-05
  HOMO = -0.142544130538436  LUMO = -0.141415299348019
cycle= 39 E= -774.393716321347  delta_E= -8.95e-08  |g|= 1.88e-05  |ddm|= 0.000938
  HOMO = -0.142544054250102  LUMO = -0.141415247452171
cycle= 40 E= -774.393716320892  delta_E= 4.55e-10  |g|= 3.4e-05  |ddm|= 0.000126
  HOMO = -0.142544115485418  LUMO = -0.141415286215848
cycle= 41 E= -774.393716321528  delta_E= -6.36e-10  |g|= 1.85e-06  |ddm|= 8.51e-05
  HOMO = -0.142543909317158  LUMO = -0.141415189549679
Extra cycle  E= -774.393716303219  delta_E= 1.83e-08  |g|= 0.000183  |ddm|= 0.000447
converged SCF energy = -774.393716303219
AOs:  [0, 1, 2, 3, 4, 5, 6, 7, 8, 9, 10, 11, 12, 13, 14, 15, 16, 17, 18, 19, 20, 21, 22, 23, 24, 25, 26, 27, 28, 29, 30, 31, 32, 33, 34, 35, 36, 37, 38, 39, 40, 41, 42, 43, 44, 45, 46, 47, 48, 49, 50, 51, 52, 53, 54, 55, 56, 57, 58, 59, 60, 61, 62, 63]
64

 AO indices used for projection:  [0, 1, 3, 4, 5, 14, 16, 17, 19, 20, 21, 30, 32, 33, 35, 36, 37, 46, 48, 49, 51, 52, 53, 62]
 # of orbitals to keep:  15
Number of Active MOs:  15
Number of Environment MOs:  55
Number of Virtual MOs:  244
 # electrons:            α            β
         Env:  55.00000000  55.00000000
         Act:  15.00000000  15.00000000
         Vir:   0.00000000   0.00000000
Number of electrons in the active space:  30

 The density matrix is idempotent!

 The density matrix is idempotent!


******** <class 'pyscf.scf.hf.RHF'> ********
method = RHF
initial guess = minao
damping factor = 0
level_shift factor = 0
DIIS = <class 'pyscf.scf.diis.CDIIS'>
diis_start_cycle = 1
diis_space = 8
SCF conv_tol = 1e-09
SCF conv_tol_grad = 1e-05
SCF max_cycles = 200
direct_scf = True
direct_scf_tol = 1e-13
chkfile to save SCF result = subsys_scf.chk
max_memory 900000 MB (current use 10410 MB)
init E= 1006.97998083015
  HOMO = -0.316147739256328  LUMO = 0.0219472184853277
cycle= 1 E= 1006.93896403459  delta_E= -0.041  |g|= 0.0751  |ddm|= 0.685
  HOMO = -0.315319154608851  LUMO = 0.0172716898954624
cycle= 2 E= 1006.93585410898  delta_E= -0.00311  |g|= 0.0263  |ddm|= 0.159
  HOMO = -0.316338519502971  LUMO = 0.0166147710143101
cycle= 3 E= 1006.93519437834  delta_E= -0.00066  |g|= 0.0165  |ddm|= 0.067
  HOMO = -0.314738504553956  LUMO = 0.0163140000179107
cycle= 4 E= 1006.93504639024  delta_E= -0.000148  |g|= 0.00484  |ddm|= 0.0313
  HOMO = -0.315078175021091  LUMO = 0.0158413753375446
cycle= 5 E= 1006.93500569738  delta_E= -4.07e-05  |g|= 0.00142  |ddm|= 0.0209
  HOMO = -0.314959931447916  LUMO = 0.0157774306950357
cycle= 6 E= 1006.93500340847  delta_E= -2.29e-06  |g|= 0.000486  |ddm|= 0.00508
  HOMO = -0.314976836114042  LUMO = 0.0157596985900942
cycle= 7 E= 1006.93500324841  delta_E= -1.6e-07  |g|= 0.000129  |ddm|= 0.00117
  HOMO = -0.314996754092503  LUMO = 0.0157544675184063
cycle= 8 E= 1006.93500322445  delta_E= -2.4e-08  |g|= 5.07e-05  |ddm|= 0.00048
  HOMO = -0.31499685401901  LUMO = 0.0157557029377085
cycle= 9 E= 1006.93500322131  delta_E= -3.14e-09  |g|= 1.54e-05  |ddm|= 0.000167
  HOMO = -0.315000006300384  LUMO = 0.0157563015195657
cycle= 10 E= 1006.93500322091  delta_E= -4.05e-10  |g|= 5.78e-06  |ddm|= 5.28e-05
  HOMO = -0.314999953412287  LUMO = 0.0157564487098098
Extra cycle  E= 1006.93500322096  delta_E= 4.98e-11  |g|= 2.45e-06  |ddm|= 9.58e-06
converged SCF energy = 1006.93500322096
Difference in energy:  -564.7962161424864
E(MP2) = 1006.44041617393  E_corr = -0.494587047022639
Total energy =  -773.9882440425934
time elapsed:  52.864336252212524
