

******** <class 'pyscf.dft.rks.RKS'> ********
method = RKS-RHF
initial guess = minao
damping factor = 0
level_shift factor = 0
DIIS = <class 'pyscf.scf.diis.CDIIS'>
diis_start_cycle = 1
diis_space = 8
SCF conv_tol = 1e-09
SCF conv_tol_grad = 1e-05
SCF max_cycles = 1000
direct_scf = True
direct_scf_tol = 1e-13
chkfile to save SCF result = scf.fchk
max_memory 900000 MB (current use 79 MB)
XC library pyscf.dft.libxc version 5.1.7
    S. Lehtola, C. Steigemann, M. J. Oliveira, and M. A. Marques, SoftwareX 7, 1 (2018)
XC functionals = pbe
    J. P. Perdew, K. Burke, and M. Ernzerhof, Phys. Rev. Lett. 77, 3865 (1996)
    J. P. Perdew, K. Burke, and M. Ernzerhof, Phys. Rev. Lett. 78, 1396 (1997)
    J. P. Perdew, K. Burke, and M. Ernzerhof, Phys. Rev. Lett. 77, 3865 (1996)
    J. P. Perdew, K. Burke, and M. Ernzerhof, Phys. Rev. Lett. 78, 1396 (1997)
small_rho_cutoff = 1e-07
init E= -776.047484179879
  HOMO = -0.232929370862791  LUMO = -0.208297950186741
cycle= 1 E= -773.976526895174  delta_E= 2.07  |g|= 1.21  |ddm|= 6.28
  HOMO = -0.0150268965876535  LUMO = 0.00112022985990223
cycle= 2 E= -762.70342404911  delta_E= 11.3  |g|= 3.82  |ddm|= 6.25
  HOMO = -0.102048462251223  LUMO = -0.0666523974013838
cycle= 3 E= -773.661736003762  delta_E=  -11  |g|= 1.39  |ddm|= 5.89
  HOMO = -0.109638305628061  LUMO = -0.0782504805193698
cycle= 4 E= -772.827496011562  delta_E= 0.834  |g|= 1.79  |ddm|= 3.36
  HOMO = -0.143409650187171  LUMO = -0.0903410710572154
cycle= 5 E= -774.046585153107  delta_E= -1.22  |g|= 0.802  |ddm|= 2.61
  HOMO = -0.150831808931455  LUMO = -0.130872997396059
cycle= 6 E= -774.2669074554  delta_E= -0.22  |g|= 0.523  |ddm|= 2.31
  HOMO = -0.149422669737114  LUMO = -0.134286853025777
cycle= 7 E= -774.191716507789  delta_E= 0.0752  |g|= 0.567  |ddm|=  2.2
  HOMO = -0.141007674963853  LUMO = -0.137017716059131
cycle= 8 E= -774.369308138921  delta_E= -0.178  |g|= 0.23  |ddm|= 1.91
  HOMO = -0.143239590145496  LUMO = -0.14035521896917
cycle= 9 E= -774.371588822664  delta_E= -0.00228  |g|= 0.219  |ddm|= 0.982
  HOMO = -0.143974050032141  LUMO = -0.140785449300116
cycle= 10 E= -774.38060379588  delta_E= -0.00901  |g|= 0.157  |ddm|= 0.861
  HOMO = -0.14242954286878  LUMO = -0.139504355458988
cycle= 11 E= -774.339934694102  delta_E= 0.0407  |g|= 0.315  |ddm|= 1.11
  HOMO = -0.143036153553036  LUMO = -0.139641982125017
cycle= 12 E= -774.304182403264  delta_E= 0.0358  |g|= 0.391  |ddm|= 0.252
  HOMO = -0.144416779365776  LUMO = -0.140661886300237
cycle= 13 E= -774.281183904505  delta_E= 0.023  |g|= 0.432  |ddm|= 0.147
  HOMO = -0.143567755378993  LUMO = -0.140403686146972
cycle= 14 E= -774.317584269656  delta_E= -0.0364  |g|= 0.365  |ddm|= 0.23
  HOMO = -0.143054255861681  LUMO = -0.139668035791031
cycle= 15 E= -774.300944170463  delta_E= 0.0166  |g|= 0.396  |ddm|= 0.116
  HOMO = -0.143950526867419  LUMO = -0.139249054085097
cycle= 16 E= -774.252522259232  delta_E= 0.0484  |g|= 0.469  |ddm|= 0.318
  HOMO = -0.141835026579236  LUMO = -0.138896773595184
cycle= 17 E= -774.342511190566  delta_E= -0.09  |g|= 0.306  |ddm|= 0.607
  HOMO = -0.143999573908881  LUMO = -0.139598206244508
cycle= 18 E= -774.264507751418  delta_E= 0.078  |g|= 0.455  |ddm|= 0.541
  HOMO = -0.149949504300894  LUMO = -0.137408996545948
cycle= 19 E= -774.310006095283  delta_E= -0.0455  |g|= 0.366  |ddm|= 2.02
  HOMO = -0.143667402528114  LUMO = -0.140985060857377
cycle= 20 E= -774.379342995255  delta_E= -0.0693  |g|= 0.198  |ddm|= 1.48
  HOMO = -0.144440633370517  LUMO = -0.141143037854596
cycle= 21 E= -774.302998929521  delta_E= 0.0763  |g|= 0.391  |ddm|= 0.683
  HOMO = -0.143036641986604  LUMO = -0.140406433240359
cycle= 22 E= -774.3770839647  delta_E= -0.0741  |g|= 0.186  |ddm|= 0.58
  HOMO = -0.145373268320871  LUMO = -0.14252482796544
cycle= 23 E= -774.349353177586  delta_E= 0.0277  |g|= 0.297  |ddm|= 0.275
  HOMO = -0.144294658983414  LUMO = -0.13784938098651
cycle= 24 E= -774.220201811472  delta_E= 0.129  |g|= 0.512  |ddm|= 0.878
  HOMO = -0.143742773500114  LUMO = -0.141044676475098
cycle= 25 E= -774.379778096198  delta_E= -0.16  |g|= 0.168  |ddm|=  1.1
  HOMO = -0.144242534570706  LUMO = -0.141534592166377
cycle= 26 E= -774.372490963597  delta_E= 0.00729  |g|= 0.205  |ddm|= 0.0911
  HOMO = -0.14331673106608  LUMO = -0.140683256823348
cycle= 27 E= -774.385228554093  delta_E= -0.0127  |g|= 0.137  |ddm|= 0.178
  HOMO = -0.146403838901755  LUMO = -0.140738975800903
cycle= 28 E= -774.335450796844  delta_E= 0.0498  |g|= 0.306  |ddm|= 1.21
  HOMO = -0.143375167357852  LUMO = -0.140627477467517
cycle= 29 E= -774.360594769109  delta_E= -0.0251  |g|= 0.253  |ddm|= 1.44
  HOMO = -0.143817238112972  LUMO = -0.139953180303404
cycle= 30 E= -774.281295391331  delta_E= 0.0793  |g|= 0.441  |ddm|= 0.557
  HOMO = -0.143083707745626  LUMO = -0.140440965451232
cycle= 31 E= -774.381357094404  delta_E= -0.1  |g|= 0.165  |ddm|= 0.77
  HOMO = -0.142976277893557  LUMO = -0.140269124555526
cycle= 32 E= -774.364196370597  delta_E= 0.0172  |g|= 0.24  |ddm|= 0.203
  HOMO = -0.14419438976582  LUMO = -0.141510102744125
cycle= 33 E= -774.392331634638  delta_E= -0.0281  |g|= 0.0844  |ddm|= 0.416
  HOMO = -0.143409555136496  LUMO = -0.139245471568768
cycle= 34 E= -774.266660964133  delta_E= 0.126  |g|= 0.448  |ddm|= 1.05
  HOMO = -0.142734558051906  LUMO = -0.140087735012609
cycle= 35 E= -774.39005900794  delta_E= -0.123  |g|= 0.0985  |ddm|= 0.984
  HOMO = -0.143463712701065  LUMO = -0.140823883038009
cycle= 36 E= -774.386979368073  delta_E= 0.00308  |g|= 0.125  |ddm|= 0.0846
  HOMO = -0.144187504124728  LUMO = -0.140643917192969
cycle= 37 E= -774.3697535355  delta_E= 0.0172  |g|= 0.207  |ddm|= 0.831
  HOMO = -0.143126160004762  LUMO = -0.139987467800976
cycle= 38 E= -774.321764183132  delta_E= 0.048  |g|= 0.356  |ddm|= 1.36
  HOMO = -0.143047259412204  LUMO = -0.140157171039747
cycle= 39 E= -774.347347741876  delta_E= -0.0256  |g|= 0.293  |ddm|= 0.185
  HOMO = -0.143162289959017  LUMO = -0.140066779525778
cycle= 40 E= -774.32492619672  delta_E= 0.0224  |g|= 0.35  |ddm|= 0.164
  HOMO = -0.143152906514203  LUMO = -0.140023890776067
cycle= 41 E= -774.322382279659  delta_E= 0.00254  |g|= 0.355  |ddm|= 0.0178
  HOMO = -0.143617298120574  LUMO = -0.140557678877768
cycle= 42 E= -774.329005933844  delta_E= -0.00662  |g|= 0.342  |ddm|= 0.05
  HOMO = -0.143518389136345  LUMO = -0.140060353029775
cycle= 43 E= -774.29947993265  delta_E= 0.0295  |g|=  0.4  |ddm|= 0.197
  HOMO = -0.142807615288138  LUMO = -0.138702141611053
cycle= 44 E= -774.269833859459  delta_E= 0.0296  |g|= 0.448  |ddm|= 0.196
  HOMO = -0.144411940810338  LUMO = -0.138775850045343
cycle= 45 E= -774.23585362912  delta_E= 0.034  |g|= 0.493  |ddm|= 0.252
  HOMO = -0.147303944187815  LUMO = -0.13898193103146
cycle= 46 E= -774.320563266866  delta_E= -0.0847  |g|= 0.339  |ddm|= 2.04
  HOMO = -0.144541203188556  LUMO = -0.140074078051379
cycle= 47 E= -774.252084075922  delta_E= 0.0685  |g|= 0.489  |ddm|= 1.98
  HOMO = -0.144399392809807  LUMO = -0.138178506845941
cycle= 48 E= -774.22658936069  delta_E= 0.0255  |g|= 0.504  |ddm|= 0.28
  HOMO = -0.142200650222793  LUMO = -0.136250021491271
cycle= 49 E= -774.221530406691  delta_E= 0.00506  |g|= 0.513  |ddm|= 0.264
  HOMO = -0.141625143333488  LUMO = -0.137184096572138
cycle= 50 E= -774.256414893676  delta_E= -0.0349  |g|= 0.466  |ddm|= 0.277
  HOMO = -0.143993032391077  LUMO = -0.137385415537843
cycle= 51 E= -774.222906395285  delta_E= 0.0335  |g|= 0.512  |ddm|= 0.24
  HOMO = -0.144015138347642  LUMO = -0.139120878599139
cycle= 52 E= -774.258749556721  delta_E= -0.0358  |g|= 0.464  |ddm|= 0.239
  HOMO = -0.143555077817417  LUMO = -0.138161726219942
cycle= 53 E= -774.248414030612  delta_E= 0.0103  |g|= 0.478  |ddm|= 0.129
  HOMO = -0.143584757044729  LUMO = -0.137727592651611
cycle= 54 E= -774.236882366518  delta_E= 0.0115  |g|= 0.49  |ddm|= 0.0841
  HOMO = -0.168915282489485  LUMO = -0.0953684788905591
cycle= 55 E= -774.122688611985  delta_E= 0.114  |g|= 0.815  |ddm|= 2.22
  HOMO = -0.178354363000093  LUMO = -0.129864723855847
cycle= 56 E= -774.248531197547  delta_E= -0.126  |g|= 0.545  |ddm|= 0.811
  HOMO = -0.156894408432916  LUMO = -0.12944088605042
cycle= 57 E= -774.296981995926  delta_E= -0.0485  |g|= 0.409  |ddm|= 0.431
  HOMO = -0.143370425294828  LUMO = -0.130683292399113
cycle= 58 E= -774.18096918202  delta_E= 0.116  |g|= 0.586  |ddm|=  2.2
  HOMO = -0.147318152962993  LUMO = -0.128884288842145
cycle= 59 E= -774.176693643172  delta_E= 0.00428  |g|= 0.571  |ddm|= 0.178
  HOMO = -0.146329159792039  LUMO = -0.128238259826228
cycle= 60 E= -774.178479199072  delta_E= -0.00179  |g|= 0.568  |ddm|= 0.0627
  HOMO = -0.146639757320964  LUMO = -0.127747353505619
cycle= 61 E= -774.178604903037  delta_E= -0.000126  |g|= 0.567  |ddm|= 0.0508
  HOMO = -0.14680243788399  LUMO = -0.132267995160697
cycle= 62 E= -774.200966509166  delta_E= -0.0224  |g|= 0.541  |ddm|= 0.188
  HOMO = -0.147323326423203  LUMO = -0.128834525887767
cycle= 63 E= -774.184219292641  delta_E= 0.0167  |g|= 0.557  |ddm|= 0.159
  HOMO = -0.146357016918508  LUMO = -0.140573702394907
cycle= 64 E= -774.346864711388  delta_E= -0.163  |g|= 0.284  |ddm|= 2.08
  HOMO = -0.141110792880615  LUMO = -0.13804320976852
cycle= 65 E= -774.387939047486  delta_E= -0.0411  |g|= 0.131  |ddm|= 0.655
  HOMO = -0.145623775829475  LUMO = -0.142885052944426
cycle= 66 E= -774.391934495481  delta_E= -0.004  |g|= 0.0948  |ddm|= 0.382
  HOMO = -0.144218995683459  LUMO = -0.140638538797291
cycle= 67 E= -774.368592189109  delta_E= 0.0233  |g|= 0.209  |ddm|= 0.662
  HOMO = -0.143708257480839  LUMO = -0.140493738901863
cycle= 68 E= -774.380350988468  delta_E= -0.0118  |g|= 0.16  |ddm|= 0.16
  HOMO = -0.143065845565714  LUMO = -0.139898052641496
cycle= 69 E= -774.381462854943  delta_E= -0.00111  |g|= 0.156  |ddm|= 0.0397
  HOMO = -0.143403022006384  LUMO = -0.140353279623341
cycle= 70 E= -774.385549290248  delta_E= -0.00409  |g|= 0.131  |ddm|= 0.0858
  HOMO = -0.143647607090733  LUMO = -0.140441188305308
cycle= 71 E= -774.379775095764  delta_E= 0.00577  |g|= 0.164  |ddm|=  0.1
  HOMO = -0.143432355674359  LUMO = -0.140535158544391
cycle= 72 E= -774.390281185744  delta_E= -0.0105  |g|= 0.0947  |ddm|= 0.194
  HOMO = -0.143599217365556  LUMO = -0.140667238706325
cycle= 73 E= -774.38911030456  delta_E= 0.00117  |g|= 0.104  |ddm|= 0.0397
  HOMO = -0.14364583722024  LUMO = -0.140037285237746
cycle= 74 E= -774.368214834255  delta_E= 0.0209  |g|= 0.213  |ddm|= 0.326
  HOMO = -0.144283437907781  LUMO = -0.140807709590466
cycle= 75 E= -774.372391363203  delta_E= -0.00418  |g|= 0.196  |ddm|= 0.0676
  HOMO = -0.143536898833716  LUMO = -0.140686103223054
cycle= 76 E= -774.392801373395  delta_E= -0.0204  |g|= 0.0675  |ddm|= 0.373
  HOMO = -0.143399130630787  LUMO = -0.140111578225245
cycle= 77 E= -774.37560315029  delta_E= 0.0172  |g|= 0.182  |ddm|= 0.319
  HOMO = -0.144027835029166  LUMO = -0.141242946640396
cycle= 78 E= -774.39344517044  delta_E= -0.0178  |g|= 0.06  |ddm|= 0.358
  HOMO = -0.143581731048262  LUMO = -0.14086332956177
cycle= 79 E= -774.394834523737  delta_E= -0.00139  |g|= 0.032  |ddm|= 0.0919
  HOMO = -0.143272015074949  LUMO = -0.140538363522438
cycle= 80 E= -774.394683178482  delta_E= 0.000151  |g|= 0.0355  |ddm|= 0.0465
  HOMO = -0.14338895541153  LUMO = -0.140691149258618
cycle= 81 E= -774.395159963818  delta_E= -0.000477  |g|= 0.00809  |ddm|= 0.0823
  HOMO = -0.143419587077652  LUMO = -0.140656923017696
cycle= 82 E= -774.394658474996  delta_E= 0.000501  |g|= 0.0319  |ddm|= 0.0903
  HOMO = -0.143395365804295  LUMO = -0.140665120284893
cycle= 83 E= -774.395118571262  delta_E= -0.00046  |g|= 0.0114  |ddm|= 0.0479
  HOMO = -0.143436776030812  LUMO = -0.140697227073974
cycle= 84 E= -774.395023335323  delta_E= 9.52e-05  |g|= 0.0174  |ddm|= 0.015
  HOMO = -0.143443137333131  LUMO = -0.140708284515103
cycle= 85 E= -774.395094220924  delta_E= -7.09e-05  |g|= 0.0131  |ddm|= 0.0106
  HOMO = -0.143427197421572  LUMO = -0.140731445536002
cycle= 86 E= -774.395038572889  delta_E= 5.56e-05  |g|= 0.0165  |ddm|= 0.0697
  HOMO = -0.143388900910015  LUMO = -0.140678477574304
cycle= 87 E= -774.395183643793  delta_E= -0.000145  |g|= 0.00276  |ddm|= 0.0321
  HOMO = -0.143379984428253  LUMO = -0.140669512712075
cycle= 88 E= -774.395185557491  delta_E= -1.91e-06  |g|= 0.00202  |ddm|= 0.00229
  HOMO = -0.143389692901753  LUMO = -0.140678236501613
cycle= 89 E= -774.395186938487  delta_E= -1.38e-06  |g|= 0.00116  |ddm|= 0.00187
  HOMO = -0.143392672287041  LUMO = -0.140679474797512
cycle= 90 E= -774.395187661632  delta_E= -7.23e-07  |g|= 0.00017  |ddm|= 0.00288
  HOMO = -0.143391504860047  LUMO = -0.140678704354604
cycle= 91 E= -774.39518764518  delta_E= 1.65e-08  |g|= 0.000217  |ddm|= 0.000651
  HOMO = -0.14339120800069  LUMO = -0.140678266510374
cycle= 92 E= -774.395187662558  delta_E= -1.74e-08  |g|= 0.000118  |ddm|= 0.000231
  HOMO = -0.143391541607227  LUMO = -0.140678303478134
cycle= 93 E= -774.395187663022  delta_E= -4.63e-10  |g|= 0.00012  |ddm|= 0.000547
  HOMO = -0.143391727659695  LUMO = -0.140678625173402
cycle= 94 E= -774.395187670066  delta_E= -7.04e-09  |g|= 1.17e-05  |ddm|= 0.000246
  HOMO = -0.143391354967333  LUMO = -0.140678266952272
cycle= 95 E= -774.39518767011  delta_E= -4.37e-11  |g|= 7.77e-06  |ddm|= 2.24e-05
  HOMO = -0.143391718764168  LUMO = -0.14067906995802
Extra cycle  E= -774.395187611152  delta_E= 5.9e-08  |g|= 0.00033  |ddm|= 0.00079
converged SCF energy = -774.395187611152
AOs:  [0, 1, 2, 3, 4, 5, 6, 7, 8, 9, 10, 11, 12, 13, 14, 15, 16, 17, 18, 19, 20, 21, 22, 23, 24, 25, 26, 27, 28, 29, 30, 31, 32, 33, 34, 35, 36, 37, 38, 39, 40, 41, 42, 43, 44, 45, 46, 47, 48, 49, 50, 51, 52, 53, 54, 55, 56, 57, 58, 59, 60, 61, 62, 63]
64

 AO indices used for projection:  [0, 1, 3, 4, 5, 14, 16, 17, 19, 20, 21, 30, 32, 33, 35, 36, 37, 46, 48, 49, 51, 52, 53, 62]
 # of orbitals to keep:  15
Number of Active MOs:  15
Number of Environment MOs:  55
Number of Virtual MOs:  244
 # electrons:            α            β
         Env:  55.00000000  55.00000000
         Act:  15.00000000  15.00000000
         Vir:  -0.00000000  -0.00000000
Number of electrons in the active space:  30

 The density matrix is idempotent!

 The density matrix is idempotent!


******** <class 'pyscf.scf.hf.RHF'> ********
method = RHF
initial guess = minao
damping factor = 0
level_shift factor = 0
DIIS = <class 'pyscf.scf.diis.CDIIS'>
diis_start_cycle = 1
diis_space = 8
SCF conv_tol = 1e-09
SCF conv_tol_grad = 1e-05
SCF max_cycles = 200
direct_scf = True
direct_scf_tol = 1e-13
chkfile to save SCF result = subsys_scf.chk
max_memory 900000 MB (current use 10410 MB)
init E= 1006.82596817937
  HOMO = -0.315480145469768  LUMO = 0.0225766302675151
cycle= 1 E= 1006.78501208121  delta_E= -0.041  |g|= 0.075  |ddm|= 0.686
  HOMO = -0.315053953696909  LUMO = 0.0178179809990229
cycle= 2 E= 1006.78191269412  delta_E= -0.0031  |g|= 0.0262  |ddm|= 0.159
  HOMO = -0.316059800466418  LUMO = 0.0171318898406443
cycle= 3 E= 1006.78125433447  delta_E= -0.000658  |g|= 0.0165  |ddm|= 0.0668
  HOMO = -0.31456399173536  LUMO = 0.0168157976545154
cycle= 4 E= 1006.78110661705  delta_E= -0.000148  |g|= 0.00484  |ddm|= 0.0313
  HOMO = -0.31494460502538  LUMO = 0.0163381181084465
cycle= 5 E= 1006.78106596514  delta_E= -4.07e-05  |g|= 0.00141  |ddm|= 0.0209
  HOMO = -0.314836784635489  LUMO = 0.0162731482919839
cycle= 6 E= 1006.78106371702  delta_E= -2.25e-06  |g|= 0.00048  |ddm|= 0.00505
  HOMO = -0.314855624175263  LUMO = 0.0162556458566182
cycle= 7 E= 1006.78106356236  delta_E= -1.55e-07  |g|= 0.000126  |ddm|= 0.00115
  HOMO = -0.314875689372929  LUMO = 0.0162504701443744
cycle= 8 E= 1006.7810635399  delta_E= -2.25e-08  |g|= 4.93e-05  |ddm|= 0.000468
  HOMO = -0.314875415229273  LUMO = 0.0162516408068384
cycle= 9 E= 1006.78106353709  delta_E= -2.81e-09  |g|= 1.5e-05  |ddm|= 0.000161
  HOMO = -0.314878585243631  LUMO = 0.016252230113425
cycle= 10 E= 1006.7810635369  delta_E= -1.89e-10  |g|= 5.62e-06  |ddm|= 5.13e-05
  HOMO = -0.314878446698702  LUMO = 0.0162523725827505
Extra cycle  E= 1006.78106353692  delta_E= 1.33e-11  |g|= 2.38e-06  |ddm|= 9.35e-06
converged SCF energy = 1006.78106353692
Difference in energy:  -565.0696661750945
E(MP2) = 1006.28675102927  E_corr = -0.494312507649838
Total energy =  -773.9890050411536
time elapsed:  103.15861225128174
