

******** <class 'pyscf.dft.rks.RKS'> ********
method = RKS-RHF
initial guess = minao
damping factor = 0
level_shift factor = 0
DIIS = <class 'pyscf.scf.diis.CDIIS'>
diis_start_cycle = 1
diis_space = 8
SCF conv_tol = 1e-09
SCF conv_tol_grad = 1e-05
SCF max_cycles = 1000
direct_scf = True
direct_scf_tol = 1e-13
chkfile to save SCF result = scf.fchk
max_memory 900000 MB (current use 79 MB)
XC library pyscf.dft.libxc version 5.1.7
    S. Lehtola, C. Steigemann, M. J. Oliveira, and M. A. Marques, SoftwareX 7, 1 (2018)
XC functionals = pbe
    J. P. Perdew, K. Burke, and M. Ernzerhof, Phys. Rev. Lett. 77, 3865 (1996)
    J. P. Perdew, K. Burke, and M. Ernzerhof, Phys. Rev. Lett. 78, 1396 (1997)
    J. P. Perdew, K. Burke, and M. Ernzerhof, Phys. Rev. Lett. 77, 3865 (1996)
    J. P. Perdew, K. Burke, and M. Ernzerhof, Phys. Rev. Lett. 78, 1396 (1997)
small_rho_cutoff = 1e-07
init E= -776.047468578519
  HOMO = -0.233032323391659  LUMO = -0.208196068594779
cycle= 1 E= -773.978936730462  delta_E= 2.07  |g|=  1.2  |ddm|= 6.28
  HOMO = -0.0141520031288148  LUMO = 0.00190490882151574
cycle= 2 E= -762.731964082992  delta_E= 11.2  |g|= 3.81  |ddm|= 6.24
  HOMO = -0.103098517975949  LUMO = -0.0660306163182889
cycle= 3 E= -773.659201123636  delta_E= -10.9  |g|= 1.39  |ddm|= 5.88
  HOMO = -0.109972488373792  LUMO = -0.0788573238738638
cycle= 4 E= -772.831772133808  delta_E= 0.827  |g|= 1.78  |ddm|= 3.36
  HOMO = -0.143730170881733  LUMO = -0.090742480997299
cycle= 5 E= -774.048833626697  delta_E= -1.22  |g|=  0.8  |ddm|= 2.61
  HOMO = -0.151516068133626  LUMO = -0.130468396533913
cycle= 6 E= -774.269221674179  delta_E= -0.22  |g|= 0.522  |ddm|=  2.3
  HOMO = -0.149261018377367  LUMO = -0.134817183220447
cycle= 7 E= -774.203627922643  delta_E= 0.0656  |g|= 0.556  |ddm|= 2.15
  HOMO = -0.141998034128588  LUMO = -0.136149178968489
cycle= 8 E= -774.371417569808  delta_E= -0.168  |g|= 0.229  |ddm|= 1.82
  HOMO = -0.144220524769807  LUMO = -0.13979400643243
cycle= 9 E= -774.393233725687  delta_E= -0.0218  |g|= 0.106  |ddm|= 0.592
  HOMO = -0.143138890406181  LUMO = -0.138694314524441
cycle= 10 E= -774.393563893031  delta_E= -0.00033  |g|= 0.0836  |ddm|= 0.262
  HOMO = -0.144003084449081  LUMO = -0.139562205415851
cycle= 11 E= -774.395019132864  delta_E= -0.00146  |g|= 0.0593  |ddm|= 0.0758
  HOMO = -0.144003218096676  LUMO = -0.139722270849778
cycle= 12 E= -774.396482973605  delta_E= -0.00146  |g|= 0.0203  |ddm|= 0.162
  HOMO = -0.144457477123952  LUMO = -0.139954345375513
cycle= 13 E= -774.394007258863  delta_E= 0.00248  |g|= 0.0699  |ddm|= 0.201
  HOMO = -0.144416246517747  LUMO = -0.13989647887495
cycle= 14 E= -774.393681975562  delta_E= 0.000325  |g|= 0.0735  |ddm|= 0.0108
  HOMO = -0.144425856873515  LUMO = -0.139896690118603
cycle= 15 E= -774.393495117375  delta_E= 0.000187  |g|= 0.0757  |ddm|= 0.00597
  HOMO = -0.144358296713749  LUMO = -0.139929547756967
cycle= 16 E= -774.395342093002  delta_E= -0.00185  |g|= 0.049  |ddm|= 0.0656
  HOMO = -0.144269245690571  LUMO = -0.139958960974305
cycle= 17 E= -774.396585304503  delta_E= -0.00124  |g|= 0.013  |ddm|= 0.0901
  HOMO = -0.144245362062913  LUMO = -0.139920855527967
cycle= 18 E= -774.396530475543  delta_E= 5.48e-05  |g|= 0.0161  |ddm|= 0.012
  HOMO = -0.144287610789276  LUMO = -0.139961574908097
cycle= 19 E= -774.396554093819  delta_E= -2.36e-05  |g|= 0.0146  |ddm|= 0.00447
  HOMO = -0.144270021710421  LUMO = -0.139948703919535
cycle= 20 E= -774.396576705873  delta_E= -2.26e-05  |g|= 0.013  |ddm|= 0.00417
  HOMO = -0.144247904087603  LUMO = -0.139935149542675
cycle= 21 E= -774.396621540866  delta_E= -4.48e-05  |g|= 0.00939  |ddm|= 0.00858
  HOMO = -0.144258820002829  LUMO = -0.139953710996458
cycle= 22 E= -774.396648228551  delta_E= -2.67e-05  |g|= 0.00621  |ddm|= 0.00784
  HOMO = -0.144229787065166  LUMO = -0.139935837781192
cycle= 23 E= -774.39666853017  delta_E= -2.03e-05  |g|= 0.000935  |ddm|= 0.0123
  HOMO = -0.144241911971867  LUMO = -0.139946263191517
cycle= 24 E= -774.396668052583  delta_E= 4.78e-07  |g|= 0.00136  |ddm|= 0.00108
  HOMO = -0.144236705125463  LUMO = -0.139944715355136
cycle= 25 E= -774.396668938212  delta_E= -8.86e-07  |g|= 0.000383  |ddm|= 0.0039
  HOMO = -0.14423545639241  LUMO = -0.139942656203142
cycle= 26 E= -774.39666900559  delta_E= -6.74e-08  |g|= 7.63e-05  |ddm|= 0.00084
  HOMO = -0.144235296231603  LUMO = -0.139942471802495
cycle= 27 E= -774.396669005505  delta_E= 8.48e-11  |g|= 6.95e-05  |ddm|= 0.000148
  HOMO = -0.144234663881904  LUMO = -0.139941814722681
cycle= 28 E= -774.396669003876  delta_E= 1.63e-09  |g|= 8.2e-05  |ddm|= 0.000123
  HOMO = -0.144235173404786  LUMO = -0.139942476923474
cycle= 29 E= -774.39666900716  delta_E= -3.28e-09  |g|= 2.49e-05  |ddm|= 0.000191
  HOMO = -0.14423547396617  LUMO = -0.139942752572982
cycle= 30 E= -774.396669007262  delta_E= -1.02e-10  |g|= 1.52e-05  |ddm|= 4.1e-05
  HOMO = -0.144235167108591  LUMO = -0.139942492550079
cycle= 31 E= -774.396669007041  delta_E= 2.21e-10  |g|= 2.43e-05  |ddm|= 6.47e-05
  HOMO = -0.144235313108496  LUMO = -0.139942582874231
cycle= 32 E= -774.396669007308  delta_E= -2.68e-10  |g|= 6.79e-06  |ddm|= 6.59e-05
  HOMO = -0.144234524077952  LUMO = -0.139942586537426
Extra cycle  E= -774.396668933891  delta_E= 7.34e-08  |g|= 0.00037  |ddm|= 0.000879
converged SCF energy = -774.396668933891
AOs:  [0, 1, 2, 3, 4, 5, 6, 7, 8, 9, 10, 11, 12, 13, 14, 15, 16, 17, 18, 19, 20, 21, 22, 23, 24, 25, 26, 27, 28, 29, 30, 31, 32, 33, 34, 35, 36, 37, 38, 39, 40, 41, 42, 43, 44, 45, 46, 47, 48, 49, 50, 51, 52, 53, 54, 55, 56, 57, 58, 59, 60, 61, 62, 63]
64

 AO indices used for projection:  [0, 1, 3, 4, 5, 14, 16, 17, 19, 20, 21, 30, 32, 33, 35, 36, 37, 46, 48, 49, 51, 52, 53, 62]
 # of orbitals to keep:  15
Number of Active MOs:  15
Number of Environment MOs:  55
Number of Virtual MOs:  244
 # electrons:            α            β
         Env:  55.00000000  55.00000000
         Act:  15.00000000  15.00000000
         Vir:  -0.00000000  -0.00000000
Number of electrons in the active space:  30

 The density matrix is idempotent!

 The density matrix is idempotent!


******** <class 'pyscf.scf.hf.RHF'> ********
method = RHF
initial guess = minao
damping factor = 0
level_shift factor = 0
DIIS = <class 'pyscf.scf.diis.CDIIS'>
diis_start_cycle = 1
diis_space = 8
SCF conv_tol = 1e-09
SCF conv_tol_grad = 1e-05
SCF max_cycles = 200
direct_scf = True
direct_scf_tol = 1e-13
chkfile to save SCF result = subsys_scf.chk
max_memory 900000 MB (current use 10672 MB)
init E= 1006.67263596954
  HOMO = -0.314773632501898  LUMO = 0.0231879591349679
cycle= 1 E= 1006.63174331069  delta_E= -0.0409  |g|= 0.0749  |ddm|= 0.686
  HOMO = -0.314726042560291  LUMO = 0.0183466044531272
cycle= 2 E= 1006.62865535504  delta_E= -0.00309  |g|= 0.0262  |ddm|= 0.159
  HOMO = -0.3157032391655  LUMO = 0.0176321478928996
cycle= 3 E= 1006.62799884047  delta_E= -0.000657  |g|= 0.0164  |ddm|= 0.0667
  HOMO = -0.314311225296439  LUMO = 0.0173009114045556
cycle= 4 E= 1006.62785150915  delta_E= -0.000147  |g|= 0.00484  |ddm|= 0.0313
  HOMO = -0.314731167824886  LUMO = 0.0168185209744556
cycle= 5 E= 1006.62781093655  delta_E= -4.06e-05  |g|= 0.0014  |ddm|= 0.021
  HOMO = -0.314631752050055  LUMO = 0.0167525898329573
cycle= 6 E= 1006.62780873024  delta_E= -2.21e-06  |g|= 0.000474  |ddm|= 0.00502
  HOMO = -0.314652918597783  LUMO = 0.0167353368092654
cycle= 7 E= 1006.62780858162  delta_E= -1.49e-07  |g|= 0.000124  |ddm|= 0.00113
  HOMO = -0.314672995075815  LUMO = 0.0167302214335422
cycle= 8 E= 1006.62780856038  delta_E= -2.12e-08  |g|= 4.79e-05  |ddm|= 0.000456
  HOMO = -0.314672347056762  LUMO = 0.0167313298864987
cycle= 9 E= 1006.62780855786  delta_E= -2.52e-09  |g|= 1.46e-05  |ddm|= 0.000155
  HOMO = -0.314675525808873  LUMO = 0.0167319120165234
cycle= 10 E= 1006.62780855732  delta_E= -5.39e-10  |g|= 5.46e-06  |ddm|= 4.98e-05
  HOMO = -0.314675306587034  LUMO = 0.0167320487864179
Extra cycle  E= 1006.62780855726  delta_E= -5.66e-11  |g|= 2.31e-06  |ddm|= 9.1e-06
converged SCF energy = 1006.62780855726
Difference in energy:  -565.3360784833905
E(MP2) = 1006.13377145113  E_corr = -0.494037106132099
Total energy =  -773.9897864076929
time elapsed:  48.335583448410034
