

******** <class 'pyscf.dft.rks.RKS'> ********
method = RKS-RHF
initial guess = minao
damping factor = 0
level_shift factor = 0
DIIS = <class 'pyscf.scf.diis.CDIIS'>
diis_start_cycle = 1
diis_space = 8
SCF conv_tol = 1e-09
SCF conv_tol_grad = 1e-05
SCF max_cycles = 1000
direct_scf = True
direct_scf_tol = 1e-13
chkfile to save SCF result = scf.fchk
max_memory 900000 MB (current use 79 MB)
XC library pyscf.dft.libxc version 5.1.7
    S. Lehtola, C. Steigemann, M. J. Oliveira, and M. A. Marques, SoftwareX 7, 1 (2018)
XC functionals = pbe
    J. P. Perdew, K. Burke, and M. Ernzerhof, Phys. Rev. Lett. 77, 3865 (1996)
    J. P. Perdew, K. Burke, and M. Ernzerhof, Phys. Rev. Lett. 78, 1396 (1997)
    J. P. Perdew, K. Burke, and M. Ernzerhof, Phys. Rev. Lett. 77, 3865 (1996)
    J. P. Perdew, K. Burke, and M. Ernzerhof, Phys. Rev. Lett. 78, 1396 (1997)
small_rho_cutoff = 1e-07
init E= -776.047454529272
  HOMO = -0.233179057226646  LUMO = -0.208054794096006
cycle= 1 E= -773.982186486277  delta_E= 2.07  |g|=  1.2  |ddm|= 6.28
  HOMO = -0.0129431560477297  LUMO = 0.002876846277306
cycle= 2 E= -762.772282739879  delta_E= 11.2  |g|= 3.81  |ddm|= 6.22
  HOMO = -0.104494846572787  LUMO = -0.0652161278273835
cycle= 3 E= -773.655873379206  delta_E= -10.9  |g|=  1.4  |ddm|= 5.87
  HOMO = -0.110362689817427  LUMO = -0.0797791416765639
cycle= 4 E= -772.837736848981  delta_E= 0.818  |g|= 1.78  |ddm|= 3.36
  HOMO = -0.144028396185391  LUMO = -0.0912387031385378
cycle= 5 E= -774.051820448396  delta_E= -1.21  |g|= 0.797  |ddm|=  2.6
  HOMO = -0.152362551578254  LUMO = -0.12995433335038
cycle= 6 E= -774.27188278287  delta_E= -0.22  |g|= 0.521  |ddm|= 2.29
  HOMO = -0.14915613263531  LUMO = -0.135382810042724
cycle= 7 E= -774.221902846796  delta_E= 0.05  |g|= 0.538  |ddm|= 2.09
  HOMO = -0.142986348946602  LUMO = -0.135322360468698
cycle= 8 E= -774.373341946462  delta_E= -0.151  |g|= 0.229  |ddm|= 1.72
  HOMO = -0.145208639665437  LUMO = -0.139164671122026
cycle= 9 E= -774.394605148008  delta_E= -0.0213  |g|= 0.108  |ddm|= 0.521
  HOMO = -0.143798643651477  LUMO = -0.137823948652238
cycle= 10 E= -774.396424166145  delta_E= -0.00182  |g|= 0.0665  |ddm|= 0.191
  HOMO = -0.14502070755862  LUMO = -0.13887991240006
cycle= 11 E= -774.395535788159  delta_E= 0.000888  |g|= 0.0733  |ddm|= 0.108
  HOMO = -0.144978155991544  LUMO = -0.139035639878428
cycle= 12 E= -774.397909748918  delta_E= -0.00237  |g|= 0.0256  |ddm|= 0.123
  HOMO = -0.145183388196336  LUMO = -0.138967965876233
cycle= 13 E= -774.394423448801  delta_E= 0.00349  |g|= 0.0832  |ddm|= 0.156
  HOMO = -0.14532091561619  LUMO = -0.139023693073849
cycle= 14 E= -774.39315338295  delta_E= 0.00127  |g|= 0.0955  |ddm|= 0.0318
  HOMO = -0.14543292207796  LUMO = -0.139107512928862
cycle= 15 E= -774.392640531961  delta_E= 0.000513  |g|= 0.0996  |ddm|= 0.0128
  HOMO = -0.145245680328867  LUMO = -0.139167696657909
cycle= 16 E= -774.396390774785  delta_E= -0.00375  |g|= 0.0566  |ddm|= 0.106
  HOMO = -0.145262257025146  LUMO = -0.139323404125475
cycle= 17 E= -774.397756660363  delta_E= -0.00137  |g|= 0.028  |ddm|= 0.073
  HOMO = -0.145114966804975  LUMO = -0.13915738641011
cycle= 18 E= -774.397640387116  delta_E= 0.000116  |g|= 0.031  |ddm|= 0.0152
  HOMO = -0.145122298840453  LUMO = -0.139174692711003
cycle= 19 E= -774.397771863401  delta_E= -0.000131  |g|= 0.0268  |ddm|= 0.0103
  HOMO = -0.145139514776326  LUMO = -0.139221665741881
cycle= 20 E= -774.398004464917  delta_E= -0.000233  |g|= 0.017  |ddm|= 0.0233
  HOMO = -0.1450601218764  LUMO = -0.139161098641697
cycle= 21 E= -774.398075957098  delta_E= -7.15e-05  |g|= 0.0126  |ddm|= 0.011
  HOMO = -0.14514990667978  LUMO = -0.139267005946185
cycle= 22 E= -774.398134675598  delta_E= -5.87e-05  |g|= 0.00718  |ddm|= 0.0161
  HOMO = -0.14506897997352  LUMO = -0.139196103926182
cycle= 23 E= -774.398154786734  delta_E= -2.01e-05  |g|= 0.00292  |ddm|= 0.00951
  HOMO = -0.145086266955175  LUMO = -0.139214086492306
cycle= 24 E= -774.398157135808  delta_E= -2.35e-06  |g|= 0.00207  |ddm|= 0.00229
  HOMO = -0.145071519457346  LUMO = -0.139204244512923
cycle= 25 E= -774.398159366538  delta_E= -2.23e-06  |g|= 0.000232  |ddm|= 0.00448
  HOMO = -0.145075254288429  LUMO = -0.139207267695457
cycle= 26 E= -774.398159305359  delta_E= 6.12e-08  |g|= 0.000382  |ddm|= 0.000696
  HOMO = -0.145076386760234  LUMO = -0.139209085168156
cycle= 27 E= -774.398159372148  delta_E= -6.68e-08  |g|= 0.000156  |ddm|= 0.000581
  HOMO = -0.145075531372907  LUMO = -0.139208562964658
cycle= 28 E= -774.398159382887  delta_E= -1.07e-08  |g|= 5.29e-05  |ddm|= 0.000249
  HOMO = -0.14507474735212  LUMO = -0.139207842978009
cycle= 29 E= -774.398159383765  delta_E= -8.77e-10  |g|= 2.91e-05  |ddm|= 8.96e-05
  HOMO = -0.145075456331478  LUMO = -0.13920859854717
cycle= 30 E= -774.398159383514  delta_E= 2.51e-10  |g|= 3.49e-05  |ddm|= 9.57e-05
  HOMO = -0.14507493952451  LUMO = -0.139208042893564
cycle= 31 E= -774.398159383993  delta_E= -4.79e-10  |g|= 1.01e-05  |ddm|= 5.37e-05
  HOMO = -0.145075190353601  LUMO = -0.139208298825941
cycle= 32 E= -774.398159383956  delta_E= 3.73e-11  |g|= 1.29e-05  |ddm|= 1.85e-05
  HOMO = -0.145075030778634  LUMO = -0.139208109101608
cycle= 33 E= -774.398159384024  delta_E= -6.78e-11  |g|= 4.6e-06  |ddm|= 3.36e-05
  HOMO = -0.145074893952079  LUMO = -0.139208348009693
Extra cycle  E= -774.398159374439  delta_E= 9.58e-09  |g|= 0.000133  |ddm|= 0.000315
converged SCF energy = -774.398159374439
AOs:  [0, 1, 2, 3, 4, 5, 6, 7, 8, 9, 10, 11, 12, 13, 14, 15, 16, 17, 18, 19, 20, 21, 22, 23, 24, 25, 26, 27, 28, 29, 30, 31, 32, 33, 34, 35, 36, 37, 38, 39, 40, 41, 42, 43, 44, 45, 46, 47, 48, 49, 50, 51, 52, 53, 54, 55, 56, 57, 58, 59, 60, 61, 62, 63]
64

 AO indices used for projection:  [0, 1, 3, 4, 5, 14, 16, 17, 19, 20, 21, 30, 32, 33, 35, 36, 37, 46, 48, 49, 51, 52, 53, 62]
 # of orbitals to keep:  16
Number of Active MOs:  16
Number of Environment MOs:  54
Number of Virtual MOs:  244
 # electrons:            α            β
         Env:  54.00000000  54.00000000
         Act:  16.00000000  16.00000000
         Vir:  -0.00000000  -0.00000000
Number of electrons in the active space:  32

 The density matrix is idempotent!

 The density matrix is idempotent!


******** <class 'pyscf.scf.hf.RHF'> ********
method = RHF
initial guess = minao
damping factor = 0
level_shift factor = 0
DIIS = <class 'pyscf.scf.diis.CDIIS'>
diis_start_cycle = 1
diis_space = 8
SCF conv_tol = 1e-09
SCF conv_tol_grad = 1e-05
SCF max_cycles = 200
direct_scf = True
direct_scf_tol = 1e-13
chkfile to save SCF result = subsys_scf.chk
max_memory 900000 MB (current use 10407 MB)
init E= 992.934109573031
  HOMO = -0.170429726729564  LUMO = 0.00478329748445345
cycle= 1 E= 992.887673934696  delta_E= -0.0464  |g|= 0.0802  |ddm|= 0.772
  HOMO = -0.173378592127641  LUMO = 0.00782140228919415
cycle= 2 E= 992.883294603085  delta_E= -0.00438  |g|= 0.0316  |ddm|= 0.209
  HOMO = -0.178570661802612  LUMO = 0.0121017368297159
cycle= 3 E= 992.881931761285  delta_E= -0.00136  |g|= 0.0249  |ddm|= 0.115
  HOMO = -0.177805232949027  LUMO = 0.0147555810756967
cycle= 4 E= 992.881408068133  delta_E= -0.000524  |g|= 0.0102  |ddm|= 0.0647
  HOMO = -0.18016211759405  LUMO = 0.0161683189501289
cycle= 5 E= 992.881156579043  delta_E= -0.000251  |g|= 0.00431  |ddm|= 0.0677
  HOMO = -0.180305927146909  LUMO = 0.0168200950014856
cycle= 6 E= 992.881125295992  delta_E= -3.13e-05  |g|= 0.00249  |ddm|= 0.0219
  HOMO = -0.180318408380015  LUMO = 0.0166910603840237
cycle= 7 E= 992.881117406227  delta_E= -7.89e-06  |g|= 0.00155  |ddm|= 0.00954
  HOMO = -0.180198480038332  LUMO = 0.01653353463236
cycle= 8 E= 992.881111144163  delta_E= -6.26e-06  |g|= 0.00107  |ddm|= 0.0114
  HOMO = -0.180120022978362  LUMO = 0.0163335788767558
cycle= 9 E= 992.881108432622  delta_E= -2.71e-06  |g|= 0.000283  |ddm|= 0.0112
  HOMO = -0.180050887480824  LUMO = 0.0162993104149423
cycle= 10 E= 992.881108249495  delta_E= -1.83e-07  |g|= 8.6e-05  |ddm|= 0.00304
  HOMO = -0.180040024027869  LUMO = 0.0162794560455811
cycle= 11 E= 992.881108238604  delta_E= -1.09e-08  |g|= 2.96e-05  |ddm|= 0.00071
  HOMO = -0.180038960080085  LUMO = 0.0162771419984033
cycle= 12 E= 992.881108237901  delta_E= -7.03e-10  |g|= 7.52e-06  |ddm|= 0.00011
  HOMO = -0.180037826875924  LUMO = 0.0162772522908331
Extra cycle  E= 992.881108238053  delta_E= 1.52e-10  |g|= 3.79e-06  |ddm|= 2.34e-05
converged SCF energy = 992.881108238053
Difference in energy:  -658.9482604734302
E(MP2) = 992.299639294871  E_corr = -0.581468943182038
Total energy =  -773.929528302524
time elapsed:  44.12184810638428
