

******** <class 'pyscf.dft.rks.RKS'> ********
method = RKS-RHF
initial guess = minao
damping factor = 0
level_shift factor = 0
DIIS = <class 'pyscf.scf.diis.CDIIS'>
diis_start_cycle = 1
diis_space = 8
SCF conv_tol = 1e-09
SCF conv_tol_grad = 1e-05
SCF max_cycles = 1000
direct_scf = True
direct_scf_tol = 1e-13
chkfile to save SCF result = scf.fchk
max_memory 900000 MB (current use 79 MB)
XC library pyscf.dft.libxc version 5.1.7
    S. Lehtola, C. Steigemann, M. J. Oliveira, and M. A. Marques, SoftwareX 7, 1 (2018)
XC functionals = pbe
    J. P. Perdew, K. Burke, and M. Ernzerhof, Phys. Rev. Lett. 77, 3865 (1996)
    J. P. Perdew, K. Burke, and M. Ernzerhof, Phys. Rev. Lett. 78, 1396 (1997)
    J. P. Perdew, K. Burke, and M. Ernzerhof, Phys. Rev. Lett. 77, 3865 (1996)
    J. P. Perdew, K. Burke, and M. Ernzerhof, Phys. Rev. Lett. 78, 1396 (1997)
small_rho_cutoff = 1e-07
init E= -776.047441981991
  HOMO = -0.233367855130975  LUMO = -0.207875805684606
cycle= 1 E= -773.986153876362  delta_E= 2.06  |g|=  1.2  |ddm|= 6.28
  HOMO = -0.0114438943463828  LUMO = 0.00386950847010164
cycle= 2 E= -762.82538735599  delta_E= 11.2  |g|=  3.8  |ddm|= 6.21
  HOMO = -0.106114929434247  LUMO = -0.0642684043059573
cycle= 3 E= -773.65208061451  delta_E= -10.8  |g|=  1.4  |ddm|= 5.85
  HOMO = -0.110751427548089  LUMO = -0.0808868852218266
cycle= 4 E= -772.844465173026  delta_E= 0.808  |g|= 1.77  |ddm|= 3.36
  HOMO = -0.144192313872021  LUMO = -0.0917956609873492
cycle= 5 E= -774.055550175936  delta_E= -1.21  |g|= 0.794  |ddm|=  2.6
  HOMO = -0.153317020455229  LUMO = -0.129372394365298
cycle= 6 E= -774.274625434716  delta_E= -0.219  |g|= 0.52  |ddm|= 2.27
  HOMO = -0.149168952066634  LUMO = -0.135878484846113
cycle= 7 E= -774.246661902079  delta_E= 0.028  |g|= 0.511  |ddm|=    2
  HOMO = -0.143915561240786  LUMO = -0.134576458846765
cycle= 8 E= -774.376405687872  delta_E= -0.13  |g|= 0.224  |ddm|= 1.59
  HOMO = -0.146128402560462  LUMO = -0.1385981277358
cycle= 9 E= -774.396208831011  delta_E= -0.0198  |g|= 0.107  |ddm|= 0.53
  HOMO = -0.144859702556717  LUMO = -0.137424550664772
cycle= 10 E= -774.398925653219  delta_E= -0.00272  |g|= 0.048  |ddm|= 0.174
  HOMO = -0.145934514312441  LUMO = -0.138398423786482
cycle= 11 E= -774.399197417877  delta_E= -0.000272  |g|= 0.0336  |ddm|= 0.0816
  HOMO = -0.145959249823843  LUMO = -0.138535520563068
cycle= 12 E= -774.399620603092  delta_E= -0.000423  |g|= 0.00932  |ddm|= 0.0801
  HOMO = -0.145998376430941  LUMO = -0.138528764431153
cycle= 13 E= -774.399613322274  delta_E= 7.28e-06  |g|= 0.00954  |ddm|= 0.0365
  HOMO = -0.14591539175422  LUMO = -0.138435877748667
cycle= 14 E= -774.399576133668  delta_E= 3.72e-05  |g|= 0.0123  |ddm|= 0.00902
  HOMO = -0.145902101721158  LUMO = -0.138425025748537
cycle= 15 E= -774.399584508074  delta_E= -8.37e-06  |g|= 0.0118  |ddm|= 0.00199
  HOMO = -0.145889242776623  LUMO = -0.138435193491204
cycle= 16 E= -774.399641313002  delta_E= -5.68e-05  |g|= 0.00551  |ddm|= 0.014
  HOMO = -0.145949458538846  LUMO = -0.138520853737674
cycle= 17 E= -774.399655815286  delta_E= -1.45e-05  |g|= 0.00226  |ddm|= 0.0165
  HOMO = -0.14591920304289  LUMO = -0.13848503095249
cycle= 18 E= -774.399657807848  delta_E= -1.99e-06  |g|= 0.000314  |ddm|= 0.00397
  HOMO = -0.14590939360453  LUMO = -0.138474863059644
cycle= 19 E= -774.399657828601  delta_E= -2.08e-08  |g|= 0.000195  |ddm|= 0.000476
  HOMO = -0.145907410215181  LUMO = -0.138472535074919
cycle= 20 E= -774.399657834084  delta_E= -5.48e-09  |g|= 0.000143  |ddm|= 0.000377
  HOMO = -0.145910590297669  LUMO = -0.138475693076804
cycle= 21 E= -774.399657837438  delta_E= -3.35e-09  |g|= 0.0001  |ddm|= 0.000236
  HOMO = -0.145911571636518  LUMO = -0.138476576794175
cycle= 22 E= -774.399657839894  delta_E= -2.46e-09  |g|= 4.07e-05  |ddm|= 0.000167
  HOMO = -0.145910001796619  LUMO = -0.138475116979617
cycle= 23 E= -774.399657840383  delta_E= -4.89e-10  |g|= 2.66e-05  |ddm|= 7.22e-05
  HOMO = -0.145910646132457  LUMO = -0.138475855809905
cycle= 24 E= -774.399657840345  delta_E= 3.77e-11  |g|= 2.87e-05  |ddm|= 8.03e-05
  HOMO = -0.145910730003635  LUMO = -0.138475798732964
cycle= 25 E= -774.399657840339  delta_E= 5.68e-12  |g|= 2.36e-05  |ddm|= 9.5e-05
  HOMO = -0.145910684231207  LUMO = -0.138475882504135
cycle= 26 E= -774.399657840499  delta_E= -1.59e-10  |g|= 1.6e-05  |ddm|= 8.63e-05
  HOMO = -0.145910599079025  LUMO = -0.138475774593651
cycle= 27 E= -774.399657840579  delta_E= -8.03e-11  |g|= 9.92e-06  |ddm|= 1.81e-05
  HOMO = -0.145911614948252  LUMO = -0.13847580277886
Extra cycle  E= -774.399657799753  delta_E= 4.08e-08  |g|= 0.000278  |ddm|= 0.000645
converged SCF energy = -774.399657799753
AOs:  [0, 1, 2, 3, 4, 5, 6, 7, 8, 9, 10, 11, 12, 13, 14, 15, 16, 17, 18, 19, 20, 21, 22, 23, 24, 25, 26, 27, 28, 29, 30, 31, 32, 33, 34, 35, 36, 37, 38, 39, 40, 41, 42, 43, 44, 45, 46, 47, 48, 49, 50, 51, 52, 53, 54, 55, 56, 57, 58, 59, 60, 61, 62, 63]
64

 AO indices used for projection:  [0, 1, 3, 4, 5, 14, 16, 17, 19, 20, 21, 30, 32, 33, 35, 36, 37, 46, 48, 49, 51, 52, 53, 62]
 # of orbitals to keep:  15
Number of Active MOs:  15
Number of Environment MOs:  55
Number of Virtual MOs:  244
 # electrons:            α            β
         Env:  55.00000000  55.00000000
         Act:  15.00000000  15.00000000
         Vir:   0.00000000   0.00000000
Number of electrons in the active space:  30

 The density matrix is idempotent!

 The density matrix is idempotent!


******** <class 'pyscf.scf.hf.RHF'> ********
method = RHF
initial guess = minao
damping factor = 0
level_shift factor = 0
DIIS = <class 'pyscf.scf.diis.CDIIS'>
diis_start_cycle = 1
diis_space = 8
SCF conv_tol = 1e-09
SCF conv_tol_grad = 1e-05
SCF max_cycles = 200
direct_scf = True
direct_scf_tol = 1e-13
chkfile to save SCF result = subsys_scf.chk
max_memory 900000 MB (current use 10678 MB)
init E= 1006.3692277614
  HOMO = -0.313198371406994  LUMO = 0.0243276977770164
cycle= 1 E= 1006.32848665137  delta_E= -0.0407  |g|= 0.0747  |ddm|= 0.686
  HOMO = -0.313864182632332  LUMO = 0.0193113042369813
cycle= 2 E= 1006.32542683811  delta_E= -0.00306  |g|= 0.026  |ddm|= 0.158
  HOMO = -0.314709253427804  LUMO = 0.0185428486840537
cycle= 3 E= 1006.32477542374  delta_E= -0.000651  |g|= 0.0163  |ddm|= 0.0664
  HOMO = -0.313525430505391  LUMO = 0.0181809344432638
cycle= 4 E= 1006.32463037232  delta_E= -0.000145  |g|= 0.00483  |ddm|= 0.0311
  HOMO = -0.314019515129938  LUMO = 0.017690412603012
cycle= 5 E= 1006.32459012848  delta_E= -4.02e-05  |g|= 0.00138  |ddm|= 0.021
  HOMO = -0.313926437975533  LUMO = 0.0176228470065969
cycle= 6 E= 1006.32458801218  delta_E= -2.12e-06  |g|= 0.00046  |ddm|= 0.00496
  HOMO = -0.313954709843911  LUMO = 0.0176062025160479
cycle= 7 E= 1006.32458787642  delta_E= -1.36e-07  |g|= 0.000118  |ddm|= 0.00108
  HOMO = -0.313974349646634  LUMO = 0.0176012516185217
cycle= 8 E= 1006.32458785711  delta_E= -1.93e-08  |g|= 4.54e-05  |ddm|= 0.000435
  HOMO = -0.313972986592763  LUMO = 0.0176022414641658
cycle= 9 E= 1006.32458785454  delta_E= -2.57e-09  |g|= 1.4e-05  |ddm|= 0.000145
  HOMO = -0.313976183208226  LUMO = 0.0176028171909287
cycle= 10 E= 1006.32458785457  delta_E= 3.12e-11  |g|= 5.18e-06  |ddm|= 4.69e-05
  HOMO = -0.313975819403197  LUMO = 0.0176029421747515
Extra cycle  E= 1006.3245878544  delta_E= -1.7e-10  |g|= 2.19e-06  |ddm|= 8.75e-06
converged SCF energy = 1006.3245878544
Difference in energy:  -565.8474403290558
E(MP2) = 1005.83110755016  E_corr = -0.493480304234462
Total energy =  -773.9914035653676
time elapsed:  38.407150745391846
