Resetting modules to system default. Reseting $MODULEPATH back to system default. All extra directories will be removed from $MODULEPATH.
Defaulting to user installation because normal site-packages is not writeable
Looking in indexes: https://pypi.org/simple, https://pypi.ngc.nvidia.com, https://pypi.ngc.nvidia.com
Requirement already satisfied: numpy in /home/robs84/.local/lib/python3.8/site-packages (1.22.2)
Requirement already satisfied: scipy in /apps/easybuild/software/tinkercliffs-rome/Anaconda3/2020.11/lib/python3.8/site-packages (1.5.2)
Requirement already satisfied: h5py in /apps/easybuild/software/tinkercliffs-rome/Anaconda3/2020.11/lib/python3.8/site-packages (2.10.0)
Requirement already satisfied: pyscf in /home/robs84/.local/lib/python3.8/site-packages (2.0.1)
Requirement already satisfied: six in /apps/easybuild/software/tinkercliffs-rome/Anaconda3/2020.11/lib/python3.8/site-packages (from h5py) (1.15.0)
WARNING: There was an error checking the latest version of pip.
Warning: <pyscf.gto.mole.Mole object at 0x2aaac09af250> must be initialized before calling SCF.
Initialize <pyscf.gto.mole.Mole object at 0x2aaac09af250> in <pyscf.scf.hf.RHF object at 0x2aaac09af610>
Overwritten attributes  get_hcore  of <class 'pyscf.scf.hf.RHF'>
Warning: <pyscf.gto.mole.Mole object at 0x2aaac09af250> must be initialized before calling SCF.
Initialize <pyscf.gto.mole.Mole object at 0x2aaac09af250> in <pyscf.scf.hf.RHF object at 0x2aaac09af610>
Overwritten attributes  get_hcore  of <class 'pyscf.scf.hf.RHF'>
Warning: <pyscf.gto.mole.Mole object at 0x2aaabbff0850> must be initialized before calling SCF.
Initialize <pyscf.gto.mole.Mole object at 0x2aaabbff0850> in <pyscf.scf.hf.RHF object at 0x2aaabbff00d0>
Overwritten attributes  get_hcore  of <class 'pyscf.scf.hf.RHF'>
Warning: <pyscf.gto.mole.Mole object at 0x2aaabbff0850> must be initialized before calling SCF.
Initialize <pyscf.gto.mole.Mole object at 0x2aaabbff0850> in <pyscf.scf.hf.RHF object at 0x2aaabbff00d0>
Overwritten attributes  get_hcore  of <class 'pyscf.scf.hf.RHF'>
Warning: <pyscf.gto.mole.Mole object at 0x2aaabbff0850> must be initialized before calling SCF.
Initialize <pyscf.gto.mole.Mole object at 0x2aaabbff0850> in <pyscf.scf.hf.RHF object at 0x2aaabbff00d0>
Overwritten attributes  get_hcore  of <class 'pyscf.scf.hf.RHF'>
Warning: <pyscf.gto.mole.Mole object at 0x2aaabbff0850> must be initialized before calling SCF.
Initialize <pyscf.gto.mole.Mole object at 0x2aaabbff0850> in <pyscf.scf.hf.RHF object at 0x2aaabbff00d0>
Overwritten attributes  get_hcore  of <class 'pyscf.scf.hf.RHF'>
Warning: <pyscf.gto.mole.Mole object at 0x2aaac0bc1c10> must be initialized before calling SCF.
Initialize <pyscf.gto.mole.Mole object at 0x2aaac0bc1c10> in <pyscf.scf.hf.RHF object at 0x2aaac09af250>
Overwritten attributes  get_hcore  of <class 'pyscf.scf.hf.RHF'>
Warning: <pyscf.gto.mole.Mole object at 0x2aaabbff0850> must be initialized before calling SCF.
Initialize <pyscf.gto.mole.Mole object at 0x2aaabbff0850> in <pyscf.scf.hf.RHF object at 0x2aaabbff00d0>
Overwritten attributes  get_hcore  of <class 'pyscf.scf.hf.RHF'>
Warning: <pyscf.gto.mole.Mole object at 0x2aaac0bc1dc0> must be initialized before calling SCF.
Initialize <pyscf.gto.mole.Mole object at 0x2aaac0bc1dc0> in <pyscf.scf.hf.RHF object at 0x2aaabbff0100>
Overwritten attributes  get_hcore  of <class 'pyscf.scf.hf.RHF'>
Warning: <pyscf.gto.mole.Mole object at 0x2aaac0ba35e0> must be initialized before calling SCF.
Initialize <pyscf.gto.mole.Mole object at 0x2aaac0ba35e0> in <pyscf.scf.hf.RHF object at 0x2aaac0bc0dc0>
Overwritten attributes  get_hcore  of <class 'pyscf.scf.hf.RHF'>
Warning: <pyscf.gto.mole.Mole object at 0x2aaac09af6d0> must be initialized before calling SCF.
Initialize <pyscf.gto.mole.Mole object at 0x2aaac09af6d0> in <pyscf.scf.hf.RHF object at 0x2aaaaabbfb50>
Overwritten attributes  get_hcore  of <class 'pyscf.scf.hf.RHF'>
Warning: <pyscf.gto.mole.Mole object at 0x2aaac09af610> must be initialized before calling SCF.
Initialize <pyscf.gto.mole.Mole object at 0x2aaac09af610> in <pyscf.scf.hf.RHF object at 0x2aaac09af6d0>
Overwritten attributes  get_hcore  of <class 'pyscf.scf.hf.RHF'>
Warning: <pyscf.gto.mole.Mole object at 0x2aaac0bc1dc0> must be initialized before calling SCF.
Initialize <pyscf.gto.mole.Mole object at 0x2aaac0bc1dc0> in <pyscf.scf.hf.RHF object at 0x2aaaaabbfb50>
Overwritten attributes  get_hcore  of <class 'pyscf.scf.hf.RHF'>
Warning: <pyscf.gto.mole.Mole object at 0x2aaabe2b2fa0> must be initialized before calling SCF.
Initialize <pyscf.gto.mole.Mole object at 0x2aaabe2b2fa0> in <pyscf.scf.hf.RHF object at 0x2aaac0ba1430>
Overwritten attributes  get_hcore  of <class 'pyscf.scf.hf.RHF'>
Warning: <pyscf.gto.mole.Mole object at 0x2aaac0c4e790> must be initialized before calling SCF.
Initialize <pyscf.gto.mole.Mole object at 0x2aaac0c4e790> in <pyscf.scf.hf.RHF object at 0x2aaac0c4e5e0>
Overwritten attributes  get_hcore  of <class 'pyscf.scf.hf.RHF'>
Warning: <pyscf.gto.mole.Mole object at 0x2aaac09af6d0> must be initialized before calling SCF.
Initialize <pyscf.gto.mole.Mole object at 0x2aaac09af6d0> in <pyscf.scf.hf.RHF object at 0x2aaac09af250>
Overwritten attributes  get_hcore  of <class 'pyscf.scf.hf.RHF'>
Warning: <pyscf.gto.mole.Mole object at 0x2aaac09af250> must be initialized before calling SCF.
Initialize <pyscf.gto.mole.Mole object at 0x2aaac09af250> in <pyscf.scf.hf.RHF object at 0x2aaac0bc1c10>
Overwritten attributes  get_hcore  of <class 'pyscf.scf.hf.RHF'>
Warning: <pyscf.gto.mole.Mole object at 0x2aaac0bc0910> must be initialized before calling SCF.
Initialize <pyscf.gto.mole.Mole object at 0x2aaac0bc0910> in <pyscf.scf.hf.RHF object at 0x2aaac0bc0dc0>
Overwritten attributes  get_hcore  of <class 'pyscf.scf.hf.RHF'>
Warning: <pyscf.gto.mole.Mole object at 0x2aaabbff0850> must be initialized before calling SCF.
Initialize <pyscf.gto.mole.Mole object at 0x2aaabbff0850> in <pyscf.scf.hf.RHF object at 0x2aaabbff00d0>
Overwritten attributes  get_hcore  of <class 'pyscf.scf.hf.RHF'>
Warning: <pyscf.gto.mole.Mole object at 0x2aaac09af610> must be initialized before calling SCF.
Initialize <pyscf.gto.mole.Mole object at 0x2aaac09af610> in <pyscf.scf.hf.RHF object at 0x2aaac09af6d0>
Overwritten attributes  get_hcore  of <class 'pyscf.scf.hf.RHF'>
Warning: <pyscf.gto.mole.Mole object at 0x2aaac0bc0c10> must be initialized before calling SCF.
Initialize <pyscf.gto.mole.Mole object at 0x2aaac0bc0c10> in <pyscf.scf.hf.RHF object at 0x2aaac09af250>
Overwritten attributes  get_hcore  of <class 'pyscf.scf.hf.RHF'>
Warning: <pyscf.gto.mole.Mole object at 0x2aaac0bc1c10> must be initialized before calling SCF.
Initialize <pyscf.gto.mole.Mole object at 0x2aaac0bc1c10> in <pyscf.scf.hf.RHF object at 0x2aaac09af250>
Overwritten attributes  get_hcore  of <class 'pyscf.scf.hf.RHF'>
Warning: <pyscf.gto.mole.Mole object at 0x2aaabbff0100> must be initialized before calling SCF.
Initialize <pyscf.gto.mole.Mole object at 0x2aaabbff0100> in <pyscf.scf.hf.RHF object at 0x2aaabbff00d0>
Overwritten attributes  get_hcore  of <class 'pyscf.scf.hf.RHF'>
Warning: <pyscf.gto.mole.Mole object at 0x2aaabbff0100> must be initialized before calling SCF.
Initialize <pyscf.gto.mole.Mole object at 0x2aaabbff0100> in <pyscf.scf.hf.RHF object at 0x2aaabbff00d0>
Overwritten attributes  get_hcore  of <class 'pyscf.scf.hf.RHF'>
Warning: <pyscf.gto.mole.Mole object at 0x2aaabbff0100> must be initialized before calling SCF.
Initialize <pyscf.gto.mole.Mole object at 0x2aaabbff0100> in <pyscf.scf.hf.RHF object at 0x2aaabbff00d0>
Overwritten attributes  get_hcore  of <class 'pyscf.scf.hf.RHF'>
Warning: <pyscf.gto.mole.Mole object at 0x2aaabbff0850> must be initialized before calling SCF.
Initialize <pyscf.gto.mole.Mole object at 0x2aaabbff0850> in <pyscf.scf.hf.RHF object at 0x2aaabbff00d0>
Overwritten attributes  get_hcore  of <class 'pyscf.scf.hf.RHF'>
Warning: <pyscf.gto.mole.Mole object at 0x2aaac09af250> must be initialized before calling SCF.
Initialize <pyscf.gto.mole.Mole object at 0x2aaac09af250> in <pyscf.scf.hf.RHF object at 0x2aaac09af610>
Overwritten attributes  get_hcore  of <class 'pyscf.scf.hf.RHF'>
Warning: <pyscf.gto.mole.Mole object at 0x2aaac09af250> must be initialized before calling SCF.
Initialize <pyscf.gto.mole.Mole object at 0x2aaac09af250> in <pyscf.scf.hf.RHF object at 0x2aaac09af610>
Overwritten attributes  get_hcore  of <class 'pyscf.scf.hf.RHF'>
