

******** <class 'pyscf.dft.rks.RKS'> ********
method = RKS-RHF
initial guess = minao
damping factor = 0
level_shift factor = 0
DIIS = <class 'pyscf.scf.diis.CDIIS'>
diis_start_cycle = 1
diis_space = 8
SCF conv_tol = 1e-09
SCF conv_tol_grad = 1e-05
SCF max_cycles = 1000
direct_scf = True
direct_scf_tol = 1e-13
chkfile to save SCF result = scf.fchk
max_memory 900000 MB (current use 79 MB)
XC library pyscf.dft.libxc version 5.1.7
    S. Lehtola, C. Steigemann, M. J. Oliveira, and M. A. Marques, SoftwareX 7, 1 (2018)
XC functionals = b3lyp
    P. A. M. Dirac, Math. Proc. Cambridge Philos. Soc. 26, 376 (1930)
    F. Bloch, Z. Phys. 57, 545 (1929)
    A. D. Becke, Phys. Rev. A 38, 3098 (1988)
    C. Lee, W. Yang, and R. G. Parr, Phys. Rev. B 37, 785 (1988)
    B. Miehlich, A. Savin, H. Stoll, and H. Preuss, Chem. Phys. Lett. 157, 200 (1989)
    S. H. Vosko, L. Wilk, and M. Nusair, Can. J. Phys. 58, 1200 (1980)
small_rho_cutoff = 1e-07
init E= -777.163807908609
  HOMO = -0.243938190714996  LUMO = -0.165203137373263
cycle= 1 E= -774.748311942815  delta_E= 2.42  |g|= 1.02  |ddm|= 6.21
  HOMO = -0.0380617211813694  LUMO = -0.0262936595486613
cycle= 2 E= -772.313950606668  delta_E= 2.43  |g|= 2.59  |ddm|= 3.19
  HOMO = -0.140298538609127  LUMO = -0.0763202749328424
cycle= 3 E= -774.707275798079  delta_E= -2.39  |g|= 0.895  |ddm|= 2.92
  HOMO = -0.190159526652338  LUMO = -0.0847502067665216
cycle= 4 E= -774.993261654181  delta_E= -0.286  |g|= 0.15  |ddm|= 1.28
  HOMO = -0.198080193413816  LUMO = -0.0885255455565482
cycle= 5 E= -774.99188442316  delta_E= 0.00138  |g|= 0.159  |ddm|= 0.345
  HOMO = -0.197848273455515  LUMO = -0.0846426362101422
cycle= 6 E= -774.999444351275  delta_E= -0.00756  |g|= 0.0386  |ddm|= 0.212
  HOMO = -0.196527340391568  LUMO = -0.082470731608424
cycle= 7 E= -774.999827512529  delta_E= -0.000383  |g|= 0.0101  |ddm|= 0.0455
  HOMO = -0.196525744384596  LUMO = -0.0824791255017688
cycle= 8 E= -774.999847626141  delta_E= -2.01e-05  |g|= 0.00519  |ddm|= 0.0152
  HOMO = -0.196566978199697  LUMO = -0.0826160346682563
cycle= 9 E= -774.99985486072  delta_E= -7.23e-06  |g|= 0.00162  |ddm|= 0.00704
  HOMO = -0.196605411533597  LUMO = -0.0826052038299487
cycle= 10 E= -774.999855455017  delta_E= -5.94e-07  |g|= 0.000788  |ddm|= 0.00234
  HOMO = -0.196593468475432  LUMO = -0.0825909634830098
cycle= 11 E= -774.999855613107  delta_E= -1.58e-07  |g|= 0.000268  |ddm|= 0.00105
  HOMO = -0.196583001285109  LUMO = -0.0825711898297593
cycle= 12 E= -774.999855627828  delta_E= -1.47e-08  |g|= 0.000129  |ddm|= 0.000394
  HOMO = -0.196595563186993  LUMO = -0.0825814661309857
cycle= 13 E= -774.999855632012  delta_E= -4.18e-09  |g|= 5.6e-05  |ddm|= 0.000191
  HOMO = -0.196594390354802  LUMO = -0.082580542801717
cycle= 14 E= -774.999855632778  delta_E= -7.66e-10  |g|= 1.33e-05  |ddm|= 6.56e-05
  HOMO = -0.196593587855937  LUMO = -0.082579690408084
cycle= 15 E= -774.999855632818  delta_E= -3.91e-11  |g|= 7.49e-06  |ddm|= 2.4e-05
  HOMO = -0.196594274881778  LUMO = -0.0825802077572252
Extra cycle  E= -774.999855632758  delta_E= 5.96e-11  |g|= 1.62e-05  |ddm|= 2.7e-05
converged SCF energy = -774.999855632758
AOs:  [0, 1, 2, 3, 4, 5, 6, 7, 8, 9, 10, 11, 12, 13, 14, 15, 16, 17, 18, 19, 20, 21, 22, 23, 24, 25, 26, 27, 28, 29, 30, 31, 32, 33, 34, 35, 36, 37, 38, 39, 40, 41, 42, 43, 44, 45, 46, 47, 48, 49, 50, 51, 52, 53, 54, 55, 56, 57, 58, 59, 60, 61, 62, 63]
64

 AO indices used for projection:  [0, 1, 3, 4, 5, 14, 16, 17, 19, 20, 21, 30, 32, 33, 35, 36, 37, 46, 48, 49, 51, 52, 53, 62]
 # of orbitals to keep:  16
Number of Active MOs:  16
Number of Environment MOs:  54
Number of Virtual MOs:  244
 # electrons:            α            β
         Env:  54.00000000  54.00000000
         Act:  16.00000000  16.00000000
         Vir:   0.00000000   0.00000000
Number of electrons in the active space:  32

 The density matrix is idempotent!

 The density matrix is idempotent!


******** <class 'pyscf.scf.hf.RHF'> ********
method = RHF
initial guess = minao
damping factor = 0
level_shift factor = 0
DIIS = <class 'pyscf.scf.diis.CDIIS'>
diis_start_cycle = 1
diis_space = 8
SCF conv_tol = 1e-09
SCF conv_tol_grad = 1e-05
SCF max_cycles = 200
direct_scf = True
direct_scf_tol = 1e-13
chkfile to save SCF result = subsys_scf.chk
max_memory 900000 MB (current use 10553 MB)
init E= 1003.42273374877
  HOMO = -0.258247445189779  LUMO = 0.046388894980139
cycle= 1 E= 1003.39528706804  delta_E= -0.0274  |g|= 0.0544  |ddm|= 0.726
  HOMO = -0.264900504564073  LUMO = 0.0461752681824044
cycle= 2 E= 1003.39354768529  delta_E= -0.00174  |g|= 0.0184  |ddm|= 0.124
  HOMO = -0.262956732155338  LUMO = 0.0494294365405035
cycle= 3 E= 1003.39323150661  delta_E= -0.000316  |g|= 0.00775  |ddm|= 0.0471
  HOMO = -0.264658089041323  LUMO = 0.0495986089279705
cycle= 4 E= 1003.39318980277  delta_E= -4.17e-05  |g|= 0.00292  |ddm|= 0.0151
  HOMO = -0.264838883995714  LUMO = 0.0499244804287568
cycle= 5 E= 1003.39318214969  delta_E= -7.65e-06  |g|= 0.000591  |ddm|= 0.00751
  HOMO = -0.264926035308908  LUMO = 0.0499999164465455
cycle= 6 E= 1003.39318175868  delta_E= -3.91e-07  |g|= 0.000178  |ddm|= 0.00185
  HOMO = -0.264943442999429  LUMO = 0.0500008019049435
cycle= 7 E= 1003.39318174316  delta_E= -1.55e-08  |g|= 5.35e-05  |ddm|= 0.000337
  HOMO = -0.264951591188812  LUMO = 0.049995403781395
cycle= 8 E= 1003.39318174136  delta_E= -1.8e-09  |g|= 2.02e-05  |ddm|= 0.000119
  HOMO = -0.264952193901968  LUMO = 0.0499934711628463
cycle= 9 E= 1003.39318174082  delta_E= -5.4e-10  |g|= 7.06e-06  |ddm|= 6.07e-05
  HOMO = -0.264951927311725  LUMO = 0.049993209990397
Extra cycle  E= 1003.39318174069  delta_E= -1.23e-10  |g|= 3.26e-06  |ddm|= 1.36e-05
converged SCF energy = 1003.39318174069
Difference in energy:  -683.8155494070094
E(MP2) = 1002.82437135013  E_corr = -0.568810390568046
Total energy =  -774.4789374940484
time elapsed:  34.57866096496582
