

******** <class 'pyscf.dft.rks.RKS'> ********
method = RKS-RHF
initial guess = minao
damping factor = 0
level_shift factor = 0
DIIS = <class 'pyscf.scf.diis.CDIIS'>
diis_start_cycle = 1
diis_space = 8
SCF conv_tol = 1e-09
SCF conv_tol_grad = 1e-05
SCF max_cycles = 1000
direct_scf = True
direct_scf_tol = 1e-13
chkfile to save SCF result = scf.fchk
max_memory 900000 MB (current use 79 MB)
XC library pyscf.dft.libxc version 5.1.7
    S. Lehtola, C. Steigemann, M. J. Oliveira, and M. A. Marques, SoftwareX 7, 1 (2018)
XC functionals = b3lyp
    P. A. M. Dirac, Math. Proc. Cambridge Philos. Soc. 26, 376 (1930)
    F. Bloch, Z. Phys. 57, 545 (1929)
    A. D. Becke, Phys. Rev. A 38, 3098 (1988)
    C. Lee, W. Yang, and R. G. Parr, Phys. Rev. B 37, 785 (1988)
    B. Miehlich, A. Savin, H. Stoll, and H. Preuss, Chem. Phys. Lett. 157, 200 (1989)
    S. H. Vosko, L. Wilk, and M. Nusair, Can. J. Phys. 58, 1200 (1980)
small_rho_cutoff = 1e-07
init E= -777.16288258922
  HOMO = -0.243629839525052  LUMO = -0.165620544617032
cycle= 1 E= -774.7471954795  delta_E= 2.42  |g|= 1.02  |ddm|=  6.2
  HOMO = -0.0388405417149084  LUMO = -0.0252384083352058
cycle= 2 E= -772.310152231939  delta_E= 2.44  |g|= 2.59  |ddm|= 3.19
  HOMO = -0.140525758694836  LUMO = -0.0757345460381332
cycle= 3 E= -774.706689352682  delta_E= -2.4  |g|= 0.894  |ddm|= 2.93
  HOMO = -0.189774929900067  LUMO = -0.0853299644991587
cycle= 4 E= -774.992096998461  delta_E= -0.285  |g|= 0.151  |ddm|= 1.28
  HOMO = -0.197789655538043  LUMO = -0.0889823984503218
cycle= 5 E= -774.990641322499  delta_E= 0.00146  |g|= 0.161  |ddm|= 0.348
  HOMO = -0.19748685244374  LUMO = -0.0851937342407863
cycle= 6 E= -774.998339657059  delta_E= -0.0077  |g|= 0.039  |ddm|= 0.215
  HOMO = -0.196167602684496  LUMO = -0.083031684060172
cycle= 7 E= -774.998732841768  delta_E= -0.000393  |g|= 0.0104  |ddm|= 0.0464
  HOMO = -0.196169636193397  LUMO = -0.0830137569366735
cycle= 8 E= -774.998753746768  delta_E= -2.09e-05  |g|= 0.0054  |ddm|= 0.0157
  HOMO = -0.196214635123511  LUMO = -0.0831563928340244
cycle= 9 E= -774.99876168878  delta_E= -7.94e-06  |g|= 0.00164  |ddm|= 0.00737
  HOMO = -0.196255215812609  LUMO = -0.0831464751437062
cycle= 10 E= -774.998762292637  delta_E= -6.04e-07  |g|= 0.000824  |ddm|= 0.00242
  HOMO = -0.196244199727263  LUMO = -0.0831319151108303
cycle= 11 E= -774.998762466454  delta_E= -1.74e-07  |g|= 0.000274  |ddm|= 0.00109
  HOMO = -0.196233150158169  LUMO = -0.0831115054405939
cycle= 12 E= -774.998762481824  delta_E= -1.54e-08  |g|= 0.000131  |ddm|= 0.000399
  HOMO = -0.196246145697076  LUMO = -0.0831219888300503
cycle= 13 E= -774.998762486031  delta_E= -4.21e-09  |g|= 6.01e-05  |ddm|= 0.000198
  HOMO = -0.196244856167848  LUMO = -0.0831210014640062
cycle= 14 E= -774.998762486931  delta_E= -9e-10  |g|= 1.34e-05  |ddm|= 7.08e-05
  HOMO = -0.196244008188314  LUMO = -0.0831200867253813
cycle= 15 E= -774.998762486969  delta_E= -3.77e-11  |g|= 7.65e-06  |ddm|= 2.47e-05
  HOMO = -0.19624475508896  LUMO = -0.0831206593084263
Extra cycle  E= -774.998762486906  delta_E= 6.28e-11  |g|= 1.65e-05  |ddm|= 2.8e-05
converged SCF energy = -774.998762486906
AOs:  [0, 1, 2, 3, 4, 5, 6, 7, 8, 9, 10, 11, 12, 13, 14, 15, 16, 17, 18, 19, 20, 21, 22, 23, 24, 25, 26, 27, 28, 29, 30, 31, 32, 33, 34, 35, 36, 37, 38, 39, 40, 41, 42, 43, 44, 45, 46, 47, 48, 49, 50, 51, 52, 53, 54, 55, 56, 57, 58, 59, 60, 61, 62, 63]
64

 AO indices used for projection:  [0, 1, 3, 4, 5, 14, 16, 17, 19, 20, 21, 30, 32, 33, 35, 36, 37, 46, 48, 49, 51, 52, 53, 62]
 # of orbitals to keep:  16
Number of Active MOs:  16
Number of Environment MOs:  54
Number of Virtual MOs:  244
 # electrons:            α            β
         Env:  54.00000000  54.00000000
         Act:  16.00000000  16.00000000
         Vir:  -0.00000000  -0.00000000
Number of electrons in the active space:  32

 The density matrix is idempotent!

 The density matrix is idempotent!


******** <class 'pyscf.scf.hf.RHF'> ********
method = RHF
initial guess = minao
damping factor = 0
level_shift factor = 0
DIIS = <class 'pyscf.scf.diis.CDIIS'>
diis_start_cycle = 1
diis_space = 8
SCF conv_tol = 1e-09
SCF conv_tol_grad = 1e-05
SCF max_cycles = 200
direct_scf = True
direct_scf_tol = 1e-13
chkfile to save SCF result = subsys_scf.chk
max_memory 900000 MB (current use 10632 MB)
init E= 1003.24284957178
  HOMO = -0.25720712695896  LUMO = 0.0457667914199833
cycle= 1 E= 1003.21538540499  delta_E= -0.0275  |g|= 0.0545  |ddm|= 0.718
  HOMO = -0.263882233713594  LUMO = 0.04561995349599
cycle= 2 E= 1003.21363642523  delta_E= -0.00175  |g|= 0.0184  |ddm|= 0.125
  HOMO = -0.261959502749544  LUMO = 0.048955225280201
cycle= 3 E= 1003.21331563272  delta_E= -0.000321  |g|= 0.00778  |ddm|= 0.0476
  HOMO = -0.26367492784404  LUMO = 0.04913115618588
cycle= 4 E= 1003.21327315684  delta_E= -4.25e-05  |g|= 0.00295  |ddm|= 0.0154
  HOMO = -0.263859714590745  LUMO = 0.0494709095928828
cycle= 5 E= 1003.21326526148  delta_E= -7.9e-06  |g|= 0.000598  |ddm|= 0.00773
  HOMO = -0.26394908192072  LUMO = 0.0495489590973692
cycle= 6 E= 1003.21326486035  delta_E= -4.01e-07  |g|= 0.00018  |ddm|= 0.00191
  HOMO = -0.263966976951393  LUMO = 0.0495499547343523
cycle= 7 E= 1003.21326484409  delta_E= -1.63e-08  |g|= 5.46e-05  |ddm|= 0.00035
  HOMO = -0.263975276165834  LUMO = 0.0495444728304206
cycle= 8 E= 1003.21326484229  delta_E= -1.8e-09  |g|= 2.05e-05  |ddm|= 0.000122
  HOMO = -0.263975906387497  LUMO = 0.0495425614552995
cycle= 9 E= 1003.21326484139  delta_E= -9.02e-10  |g|= 7.41e-06  |ddm|= 6.19e-05
  HOMO = -0.263975623676149  LUMO = 0.049542295630366
Extra cycle  E= 1003.21326484155  delta_E= 1.6e-10  |g|= 3.44e-06  |ddm|= 1.44e-05
converged SCF energy = 1003.21326484155
Difference in energy:  -684.049805039971
E(MP2) = 1002.64420916417  E_corr = -0.569055677374709
Total energy =  -774.4777163252027
time elapsed:  32.666977882385254
