

******** <class 'pyscf.dft.rks.RKS'> ********
method = RKS-RHF
initial guess = minao
damping factor = 0
level_shift factor = 0
DIIS = <class 'pyscf.scf.diis.CDIIS'>
diis_start_cycle = 1
diis_space = 8
SCF conv_tol = 1e-09
SCF conv_tol_grad = 1e-05
SCF max_cycles = 1000
direct_scf = True
direct_scf_tol = 1e-13
chkfile to save SCF result = scf.fchk
max_memory 900000 MB (current use 79 MB)
XC library pyscf.dft.libxc version 5.1.7
    S. Lehtola, C. Steigemann, M. J. Oliveira, and M. A. Marques, SoftwareX 7, 1 (2018)
XC functionals = b3lyp
    P. A. M. Dirac, Math. Proc. Cambridge Philos. Soc. 26, 376 (1930)
    F. Bloch, Z. Phys. 57, 545 (1929)
    A. D. Becke, Phys. Rev. A 38, 3098 (1988)
    C. Lee, W. Yang, and R. G. Parr, Phys. Rev. B 37, 785 (1988)
    B. Miehlich, A. Savin, H. Stoll, and H. Preuss, Chem. Phys. Lett. 157, 200 (1989)
    S. H. Vosko, L. Wilk, and M. Nusair, Can. J. Phys. 58, 1200 (1980)
small_rho_cutoff = 1e-07
init E= -777.14996535253
  HOMO = -0.225708812595841  LUMO = -0.183916218861036
cycle= 1 E= -774.658399233533  delta_E= 2.49  |g|= 1.03  |ddm|=  6.2
  HOMO = -0.0477552727301641  LUMO = -0.0141157584004171
cycle= 2 E= -771.817051612567  delta_E= 2.84  |g|= 2.72  |ddm|= 3.48
  HOMO = -0.129364409067407  LUMO = -0.0652738400311087
cycle= 3 E= -774.69035720097  delta_E= -2.87  |g|= 0.809  |ddm|= 3.26
  HOMO = -0.166620785383864  LUMO = -0.115474586714878
cycle= 4 E= -774.911492129313  delta_E= -0.221  |g|= 0.268  |ddm|= 1.43
  HOMO = -0.177871979278627  LUMO = -0.109706139536407
cycle= 5 E= -774.906745056927  delta_E= 0.00475  |g|= 0.29  |ddm|= 0.731
  HOMO = -0.171942793528799  LUMO = -0.110507996630009
cycle= 6 E= -774.931771005806  delta_E= -0.025  |g|= 0.0981  |ddm|= 0.545
  HOMO = -0.173547534006232  LUMO = -0.109547795984317
cycle= 7 E= -774.935132950498  delta_E= -0.00336  |g|= 0.0367  |ddm|= 0.17
  HOMO = -0.17280037976492  LUMO = -0.107464634864299
cycle= 8 E= -774.935528692941  delta_E= -0.000396  |g|= 0.0143  |ddm|= 0.0551
  HOMO = -0.173695933567591  LUMO = -0.107811436985281
cycle= 9 E= -774.935589574717  delta_E= -6.09e-05  |g|= 0.00487  |ddm|= 0.0229
  HOMO = -0.173864567359355  LUMO = -0.107847172098545
cycle= 10 E= -774.93559504105  delta_E= -5.47e-06  |g|= 0.00213  |ddm|= 0.00699
  HOMO = -0.17385050446332  LUMO = -0.107801723909115
cycle= 11 E= -774.935596352922  delta_E= -1.31e-06  |g|= 0.000493  |ddm|= 0.00289
  HOMO = -0.173838488555198  LUMO = -0.107777729811773
cycle= 12 E= -774.93559642126  delta_E= -6.83e-08  |g|= 0.000215  |ddm|= 0.000707
  HOMO = -0.173844067723141  LUMO = -0.107777068728703
cycle= 13 E= -774.935596434794  delta_E= -1.35e-08  |g|= 6.71e-05  |ddm|= 0.000303
  HOMO = -0.173845524437868  LUMO = -0.107776969334854
cycle= 14 E= -774.935596435746  delta_E= -9.52e-10  |g|= 3.67e-05  |ddm|= 0.000127
  HOMO = -0.173845827005775  LUMO = -0.107777652327907
cycle= 15 E= -774.935596435763  delta_E= -1.66e-11  |g|= 3.55e-05  |ddm|= 9.97e-05
  HOMO = -0.173845928543197  LUMO = -0.107776874650878
cycle= 16 E= -774.935596436167  delta_E= -4.04e-10  |g|= 1.24e-05  |ddm|= 6.46e-05
  HOMO = -0.173846056094864  LUMO = -0.107777052472626
cycle= 17 E= -774.935596436202  delta_E= -3.5e-11  |g|= 6.23e-06  |ddm|= 1.7e-05
  HOMO = -0.173845557883149  LUMO = -0.107776612094828
Extra cycle  E= -774.935596436137  delta_E= 6.43e-11  |g|= 1.56e-05  |ddm|= 2.63e-05
converged SCF energy = -774.935596436137
AOs:  [0, 1, 2, 3, 4, 5, 6, 7, 8, 9, 10, 11, 12, 13, 14, 15, 16, 17, 18, 19, 20, 21, 22, 23, 24, 25, 26, 27, 28, 29, 30, 31, 32, 33, 34, 35, 36, 37, 38, 39, 40, 41, 42, 43, 44, 45, 46, 47, 48, 49, 50, 51, 52, 53, 54, 55, 56, 57, 58, 59, 60, 61, 62, 63]
64

 AO indices used for projection:  [0, 1, 3, 4, 5, 14, 16, 17, 19, 20, 21, 30, 32, 33, 35, 36, 37, 46, 48, 49, 51, 52, 53, 62]
 # of orbitals to keep:  15
Number of Active MOs:  15
Number of Environment MOs:  55
Number of Virtual MOs:  244
 # electrons:            α            β
         Env:  55.00000000  55.00000000
         Act:  15.00000000  15.00000000
         Vir:  -0.00000000  -0.00000000
Number of electrons in the active space:  30

 The density matrix is idempotent!

 The density matrix is idempotent!


******** <class 'pyscf.scf.hf.RHF'> ********
method = RHF
initial guess = minao
damping factor = 0
level_shift factor = 0
DIIS = <class 'pyscf.scf.diis.CDIIS'>
diis_start_cycle = 1
diis_space = 8
SCF conv_tol = 1e-09
SCF conv_tol_grad = 1e-05
SCF max_cycles = 200
direct_scf = True
direct_scf_tol = 1e-13
chkfile to save SCF result = subsys_scf.chk
max_memory 900000 MB (current use 10406 MB)
init E= 1004.08908733997
  HOMO = -0.313025307444346  LUMO = 0.028942806293524
cycle= 1 E= 1004.0623759398  delta_E= -0.0267  |g|= 0.0575  |ddm|= 0.627
  HOMO = -0.317846115549051  LUMO = 0.0240766437495688
cycle= 2 E= 1004.0605505991  delta_E= -0.00183  |g|= 0.0203  |ddm|= 0.127
  HOMO = -0.316147304515006  LUMO = 0.0237453723718128
cycle= 3 E= 1004.06013622717  delta_E= -0.000414  |g|= 0.0103  |ddm|= 0.0545
  HOMO = -0.316338494679046  LUMO = 0.0233256468659777
cycle= 4 E= 1004.06005469024  delta_E= -8.15e-05  |g|= 0.00375  |ddm|= 0.0247
  HOMO = -0.316861788945853  LUMO = 0.02284856142442
cycle= 5 E= 1004.06003366212  delta_E= -2.1e-05  |g|= 0.00125  |ddm|= 0.015
  HOMO = -0.316704940328433  LUMO = 0.0228027710387514
cycle= 6 E= 1004.0600323557  delta_E= -1.31e-06  |g|= 0.000346  |ddm|= 0.0041
  HOMO = -0.31676642097384  LUMO = 0.0227837802185616
cycle= 7 E= 1004.06003227885  delta_E= -7.69e-08  |g|= 9.13e-05  |ddm|= 0.000809
  HOMO = -0.316782812615978  LUMO = 0.0227798583971949
cycle= 8 E= 1004.06003226798  delta_E= -1.09e-08  |g|= 3.86e-05  |ddm|= 0.000325
  HOMO = -0.316781272723682  LUMO = 0.022780059353829
cycle= 9 E= 1004.06003226653  delta_E= -1.46e-09  |g|= 1.16e-05  |ddm|= 0.000105
  HOMO = -0.31678272633933  LUMO = 0.022781004741634
cycle= 10 E= 1004.06003226653  delta_E= 6.25e-12  |g|= 4.52e-06  |ddm|= 3.47e-05
  HOMO = -0.316782779378923  LUMO = 0.022781017402546
Extra cycle  E= 1004.06003226654  delta_E= 6.71e-12  |g|= 1.95e-06  |ddm|= 8.46e-06
converged SCF energy = 1004.06003226654
Difference in energy:  -632.3658985051571
E(MP2) = 1003.57180413027  E_corr = -0.488228136269728
Total energy =  -774.416086212054
time elapsed:  33.43768930435181
