

******** <class 'pyscf.dft.rks.RKS'> ********
method = RKS-RHF
initial guess = minao
damping factor = 0
level_shift factor = 0
DIIS = <class 'pyscf.scf.diis.CDIIS'>
diis_start_cycle = 1
diis_space = 8
SCF conv_tol = 1e-09
SCF conv_tol_grad = 1e-05
SCF max_cycles = 1000
direct_scf = True
direct_scf_tol = 1e-13
chkfile to save SCF result = scf.fchk
max_memory 900000 MB (current use 79 MB)
XC library pyscf.dft.libxc version 5.1.7
    S. Lehtola, C. Steigemann, M. J. Oliveira, and M. A. Marques, SoftwareX 7, 1 (2018)
XC functionals = b3lyp
    P. A. M. Dirac, Math. Proc. Cambridge Philos. Soc. 26, 376 (1930)
    F. Bloch, Z. Phys. 57, 545 (1929)
    A. D. Becke, Phys. Rev. A 38, 3098 (1988)
    C. Lee, W. Yang, and R. G. Parr, Phys. Rev. B 37, 785 (1988)
    B. Miehlich, A. Savin, H. Stoll, and H. Preuss, Chem. Phys. Lett. 157, 200 (1989)
    S. H. Vosko, L. Wilk, and M. Nusair, Can. J. Phys. 58, 1200 (1980)
small_rho_cutoff = 1e-07
init E= -777.150215461179
  HOMO = -0.231000495097918  LUMO = -0.179208285347997
cycle= 1 E= -774.689739218727  delta_E= 2.46  |g|= 1.02  |ddm|=  6.2
  HOMO = -0.0546543057496986  LUMO = 0.000791994006523278
cycle= 2 E= -772.076359067216  delta_E= 2.61  |g|= 2.65  |ddm|= 3.32
  HOMO = -0.136049935863903  LUMO = -0.0630075634077542
cycle= 3 E= -774.679618946285  delta_E= -2.6  |g|= 0.859  |ddm|= 3.12
  HOMO = -0.172939081202444  LUMO = -0.105494665626374
cycle= 4 E= -774.940539346347  delta_E= -0.261  |g|= 0.196  |ddm|= 1.33
  HOMO = -0.183700771916322  LUMO = -0.103423385368055
cycle= 5 E= -774.934065083121  delta_E= 0.00647  |g|= 0.231  |ddm|= 0.526
  HOMO = -0.180787515048973  LUMO = -0.103384639854084
cycle= 6 E= -774.950513955144  delta_E= -0.0164  |g|= 0.07  |ddm|= 0.387
  HOMO = -0.181006507703113  LUMO = -0.101804365882533
cycle= 7 E= -774.9520297389  delta_E= -0.00152  |g|= 0.0242  |ddm|= 0.112
  HOMO = -0.180374450081804  LUMO = -0.100649109424609
cycle= 8 E= -774.952180117181  delta_E= -0.00015  |g|= 0.0107  |ddm|= 0.0398
  HOMO = -0.18085232759257  LUMO = -0.100822531995414
cycle= 9 E= -774.952216704305  delta_E= -3.66e-05  |g|= 0.00317  |ddm|= 0.0166
  HOMO = -0.180977344388996  LUMO = -0.100850023351394
cycle= 10 E= -774.952218817225  delta_E= -2.11e-06  |g|= 0.00169  |ddm|= 0.00501
  HOMO = -0.180998113377423  LUMO = -0.100824196500282
cycle= 11 E= -774.952219581347  delta_E= -7.64e-07  |g|= 0.000512  |ddm|= 0.00216
  HOMO = -0.18097461066471  LUMO = -0.100793126467251
cycle= 12 E= -774.952219638417  delta_E= -5.71e-08  |g|= 0.00017  |ddm|= 0.000628
  HOMO = -0.180987845611005  LUMO = -0.100804992365274
cycle= 13 E= -774.952219643182  delta_E= -4.77e-09  |g|= 0.000102  |ddm|= 0.000285
  HOMO = -0.180986591562226  LUMO = -0.1008016899606
cycle= 14 E= -774.952219646446  delta_E= -3.26e-09  |g|= 3.14e-05  |ddm|= 0.000164
  HOMO = -0.180986811946049  LUMO = -0.100801267462498
cycle= 15 E= -774.952219646664  delta_E= -2.19e-10  |g|= 9.36e-06  |ddm|= 3.96e-05
  HOMO = -0.180986895733127  LUMO = -0.100801123111932
Extra cycle  E= -774.952219646606  delta_E= 5.8e-11  |g|= 1.74e-05  |ddm|= 2.78e-05
converged SCF energy = -774.952219646606
AOs:  [0, 1, 2, 3, 4, 5, 6, 7, 8, 9, 10, 11, 12, 13, 14, 15, 16, 17, 18, 19, 20, 21, 22, 23, 24, 25, 26, 27, 28, 29, 30, 31, 32, 33, 34, 35, 36, 37, 38, 39, 40, 41, 42, 43, 44, 45, 46, 47, 48, 49, 50, 51, 52, 53, 54, 55, 56, 57, 58, 59, 60, 61, 62, 63]
64

 AO indices used for projection:  [0, 1, 3, 4, 5, 14, 16, 17, 19, 20, 21, 30, 32, 33, 35, 36, 37, 46, 48, 49, 51, 52, 53, 62]
 # of orbitals to keep:  16
Number of Active MOs:  16
Number of Environment MOs:  54
Number of Virtual MOs:  244
 # electrons:            α            β
         Env:  54.00000000  54.00000000
         Act:  16.00000000  16.00000000
         Vir:   0.00000000   0.00000000
Number of electrons in the active space:  32

 The density matrix is idempotent!

 The density matrix is idempotent!


******** <class 'pyscf.scf.hf.RHF'> ********
method = RHF
initial guess = minao
damping factor = 0
level_shift factor = 0
DIIS = <class 'pyscf.scf.diis.CDIIS'>
diis_start_cycle = 1
diis_space = 8
SCF conv_tol = 1e-09
SCF conv_tol_grad = 1e-05
SCF max_cycles = 200
direct_scf = True
direct_scf_tol = 1e-13
chkfile to save SCF result = subsys_scf.chk
max_memory 900000 MB (current use 10681 MB)
init E= 988.517546018902
  HOMO = -0.222661704755438  LUMO = 0.0246159007356546
cycle= 1 E= 988.489116959227  delta_E= -0.0284  |g|= 0.0564  |ddm|= 0.669
  HOMO = -0.229276468533756  LUMO = 0.0261486430643751
cycle= 2 E= 988.486970689752  delta_E= -0.00215  |g|= 0.0204  |ddm|= 0.139
  HOMO = -0.228344355265235  LUMO = 0.0316355522224101
cycle= 3 E= 988.4864443766  delta_E= -0.000526  |g|= 0.00955  |ddm|= 0.0656
  HOMO = -0.230299318233012  LUMO = 0.0320802595502148
cycle= 4 E= 988.4863591295  delta_E= -8.52e-05  |g|= 0.00403  |ddm|= 0.0253
  HOMO = -0.230674807468281  LUMO = 0.032916814280705
cycle= 5 E= 988.486338078344  delta_E= -2.11e-05  |g|= 0.00111  |ddm|= 0.0142
  HOMO = -0.230865438976536  LUMO = 0.0330469318909531
cycle= 6 E= 988.486336825869  delta_E= -1.25e-06  |g|= 0.00041  |ddm|= 0.00372
  HOMO = -0.230895311395581  LUMO = 0.0330488864624269
cycle= 7 E= 988.486336711854  delta_E= -1.14e-07  |g|= 0.000183  |ddm|= 0.000965
  HOMO = -0.23090741119657  LUMO = 0.0330313673730122
cycle= 8 E= 988.486336677171  delta_E= -3.47e-08  |g|= 7.48e-05  |ddm|= 0.000623
  HOMO = -0.23090940083674  LUMO = 0.0330215181901578
cycle= 9 E= 988.486336667713  delta_E= -9.46e-09  |g|= 3.88e-05  |ddm|= 0.000391
  HOMO = -0.230904826238149  LUMO = 0.0330214478548364
cycle= 10 E= 988.486336666565  delta_E= -1.15e-09  |g|= 1.07e-05  |ddm|= 0.000148
  HOMO = -0.230904980697765  LUMO = 0.0330195141872257
cycle= 11 E= 988.486336666458  delta_E= -1.07e-10  |g|= 3.93e-06  |ddm|= 6.01e-05
  HOMO = -0.230904360444332  LUMO = 0.0330196296700907
Extra cycle  E= 988.486336666317  delta_E= -1.41e-10  |g|= 1.81e-06  |ddm|= 9.09e-06
converged SCF energy = 988.486336666317
Difference in energy:  -693.073698554272
E(MP2) = 987.910429374999  E_corr = -0.575907291318823
Total energy =  -774.423644621222
time elapsed:  28.171377420425415
