

******** <class 'pyscf.dft.rks.RKS'> ********
method = RKS-RHF
initial guess = minao
damping factor = 0
level_shift factor = 0
DIIS = <class 'pyscf.scf.diis.CDIIS'>
diis_start_cycle = 1
diis_space = 8
SCF conv_tol = 1e-09
SCF conv_tol_grad = 1e-05
SCF max_cycles = 1000
direct_scf = True
direct_scf_tol = 1e-13
chkfile to save SCF result = scf.fchk
max_memory 900000 MB (current use 79 MB)
XC library pyscf.dft.libxc version 5.1.7
    S. Lehtola, C. Steigemann, M. J. Oliveira, and M. A. Marques, SoftwareX 7, 1 (2018)
XC functionals = b3lyp
    P. A. M. Dirac, Math. Proc. Cambridge Philos. Soc. 26, 376 (1930)
    F. Bloch, Z. Phys. 57, 545 (1929)
    A. D. Becke, Phys. Rev. A 38, 3098 (1988)
    C. Lee, W. Yang, and R. G. Parr, Phys. Rev. B 37, 785 (1988)
    B. Miehlich, A. Savin, H. Stoll, and H. Preuss, Chem. Phys. Lett. 157, 200 (1989)
    S. H. Vosko, L. Wilk, and M. Nusair, Can. J. Phys. 58, 1200 (1980)
small_rho_cutoff = 1e-07
init E= -777.151790141765
  HOMO = -0.241480640927073  LUMO = -0.169140366807219
cycle= 1 E= -774.738828299638  delta_E= 2.41  |g|= 1.01  |ddm|= 6.19
  HOMO = -0.0440734285659594  LUMO = -0.0148172542656579
cycle= 2 E= -772.27965795306  delta_E= 2.46  |g|= 2.59  |ddm|=  3.2
  HOMO = -0.141417014666845  LUMO = -0.0711782317335864
cycle= 3 E= -774.694739493214  delta_E= -2.42  |g|= 0.893  |ddm|= 2.96
  HOMO = -0.185871620003439  LUMO = -0.0897523854679625
cycle= 4 E= -774.982909843781  delta_E= -0.288  |g|= 0.163  |ddm|= 1.31
  HOMO = -0.194847099953797  LUMO = -0.0929480294138404
cycle= 5 E= -774.980138963977  delta_E= 0.00277  |g|= 0.179  |ddm|= 0.394
  HOMO = -0.194326627947304  LUMO = -0.0899484919318695
cycle= 6 E= -774.990082895397  delta_E= -0.00994  |g|= 0.046  |ddm|= 0.258
  HOMO = -0.193141700090494  LUMO = -0.0877738795916774
cycle= 7 E= -774.990652923337  delta_E= -0.00057  |g|= 0.013  |ddm|= 0.058
  HOMO = -0.193048845241586  LUMO = -0.0874567570031652
cycle= 8 E= -774.990684687149  delta_E= -3.18e-05  |g|= 0.00721  |ddm|= 0.0207
  HOMO = -0.193156065087583  LUMO = -0.0876259075755208
cycle= 9 E= -774.990700142924  delta_E= -1.55e-05  |g|= 0.00178  |ddm|= 0.00995
  HOMO = -0.193223245777302  LUMO = -0.0876311702056012
cycle= 10 E= -774.990700788786  delta_E= -6.46e-07  |g|= 0.00106  |ddm|= 0.00287
  HOMO = -0.193216362141328  LUMO = -0.0876101742578344
cycle= 11 E= -774.990701084022  delta_E= -2.95e-07  |g|= 0.000293  |ddm|= 0.00133
  HOMO = -0.193198736244632  LUMO = -0.0875855226669976
cycle= 12 E= -774.990701101203  delta_E= -1.72e-08  |g|= 0.000145  |ddm|= 0.000429
  HOMO = -0.193214705595115  LUMO = -0.0875973150919214
cycle= 13 E= -774.990701106006  delta_E= -4.8e-09  |g|= 7.6e-05  |ddm|= 0.000245
  HOMO = -0.193212788415914  LUMO = -0.0875958295951444
cycle= 14 E= -774.990701107518  delta_E= -1.51e-09  |g|= 1.31e-05  |ddm|= 9.36e-05
  HOMO = -0.193212011530399  LUMO = -0.0875948451442947
cycle= 15 E= -774.990701107538  delta_E= -2.05e-11  |g|= 9.82e-06  |ddm|= 2.7e-05
  HOMO = -0.193212933488747  LUMO = -0.0875955991282769
Extra cycle  E= -774.990701107421  delta_E= 1.18e-10  |g|= 2.19e-05  |ddm|= 3.91e-05
converged SCF energy = -774.990701107421
AOs:  [0, 1, 2, 3, 4, 5, 6, 7, 8, 9, 10, 11, 12, 13, 14, 15, 16, 17, 18, 19, 20, 21, 22, 23, 24, 25, 26, 27, 28, 29, 30, 31, 32, 33, 34, 35, 36, 37, 38, 39, 40, 41, 42, 43, 44, 45, 46, 47, 48, 49, 50, 51, 52, 53, 54, 55, 56, 57, 58, 59, 60, 61, 62, 63]
64

 AO indices used for projection:  [0, 1, 3, 4, 5, 14, 16, 17, 19, 20, 21, 30, 32, 33, 35, 36, 37, 46, 48, 49, 51, 52, 53, 62]
 # of orbitals to keep:  16
Number of Active MOs:  16
Number of Environment MOs:  54
Number of Virtual MOs:  244
 # electrons:            α            β
         Env:  54.00000000  54.00000000
         Act:  16.00000000  16.00000000
         Vir:   0.00000000   0.00000000
Number of electrons in the active space:  32

 The density matrix is idempotent!

 The density matrix is idempotent!


******** <class 'pyscf.scf.hf.RHF'> ********
method = RHF
initial guess = minao
damping factor = 0
level_shift factor = 0
DIIS = <class 'pyscf.scf.diis.CDIIS'>
diis_start_cycle = 1
diis_space = 8
SCF conv_tol = 1e-09
SCF conv_tol_grad = 1e-05
SCF max_cycles = 200
direct_scf = True
direct_scf_tol = 1e-13
chkfile to save SCF result = subsys_scf.chk
max_memory 900000 MB (current use 10412 MB)
init E= 985.506065570292
  HOMO = -0.248396623927657  LUMO = 0.0399843309218791
cycle= 1 E= 985.478396881346  delta_E= -0.0277  |g|= 0.0548  |ddm|= 0.693
  HOMO = -0.255340444257349  LUMO = 0.0405528942828265
cycle= 2 E= 985.476577540864  delta_E= -0.00182  |g|= 0.0187  |ddm|= 0.126
  HOMO = -0.253623105319902  LUMO = 0.0446068991238191
cycle= 3 E= 985.476227879615  delta_E= -0.00035  |g|= 0.00795  |ddm|= 0.05
  HOMO = -0.255399377553351  LUMO = 0.044856559857191
cycle= 4 E= 985.476181548913  delta_E= -4.63e-05  |g|= 0.00299  |ddm|= 0.0165
  HOMO = -0.255610288737491  LUMO = 0.0452893591162614
cycle= 5 E= 985.47617271478  delta_E= -8.83e-06  |g|= 0.000619  |ddm|= 0.00831
  HOMO = -0.255722197598989  LUMO = 0.0453771156477782
cycle= 6 E= 985.476172289101  delta_E= -4.26e-07  |g|= 0.000208  |ddm|= 0.00198
  HOMO = -0.255736414645496  LUMO = 0.0453791474800575
cycle= 7 E= 985.476172268165  delta_E= -2.09e-08  |g|= 6.52e-05  |ddm|= 0.000408
  HOMO = -0.255747021002156  LUMO = 0.0453718166342081
cycle= 8 E= 985.476172264475  delta_E= -3.69e-09  |g|= 2.64e-05  |ddm|= 0.000165
  HOMO = -0.25574710698486  LUMO = 0.0453696073652176
cycle= 9 E= 985.476172263809  delta_E= -6.66e-10  |g|= 8.96e-06  |ddm|= 9.28e-05
  HOMO = -0.255746639358388  LUMO = 0.0453693713278609
Extra cycle  E= 985.476172263922  delta_E= 1.13e-10  |g|= 4.25e-06  |ddm|= 1.91e-05
converged SCF energy = 985.476172263922
Difference in energy:  -685.774882184229
E(MP2) = 984.906160309382  E_corr = -0.570011954539771
Total energy =  -774.4678621397693
time elapsed:  31.07942223548889
