

******** <class 'pyscf.dft.rks.RKS'> ********
method = RKS-RHF
initial guess = minao
damping factor = 0
level_shift factor = 0
DIIS = <class 'pyscf.scf.diis.CDIIS'>
diis_start_cycle = 1
diis_space = 8
SCF conv_tol = 1e-09
SCF conv_tol_grad = 1e-05
SCF max_cycles = 1000
direct_scf = True
direct_scf_tol = 1e-13
chkfile to save SCF result = scf.fchk
max_memory 900000 MB (current use 79 MB)
XC library pyscf.dft.libxc version 5.1.7
    S. Lehtola, C. Steigemann, M. J. Oliveira, and M. A. Marques, SoftwareX 7, 1 (2018)
XC functionals = b3lyp
    P. A. M. Dirac, Math. Proc. Cambridge Philos. Soc. 26, 376 (1930)
    F. Bloch, Z. Phys. 57, 545 (1929)
    A. D. Becke, Phys. Rev. A 38, 3098 (1988)
    C. Lee, W. Yang, and R. G. Parr, Phys. Rev. B 37, 785 (1988)
    B. Miehlich, A. Savin, H. Stoll, and H. Preuss, Chem. Phys. Lett. 157, 200 (1989)
    S. H. Vosko, L. Wilk, and M. Nusair, Can. J. Phys. 58, 1200 (1980)
small_rho_cutoff = 1e-07
init E= -777.152904394393
  HOMO = -0.243958939291696  LUMO = -0.16616969823334
cycle= 1 E= -774.753601455826  delta_E=  2.4  |g|= 1.01  |ddm|= 6.19
  HOMO = -0.0385537714761622  LUMO = -0.0224387948780361
cycle= 2 E= -772.33391903671  delta_E= 2.42  |g|= 2.58  |ddm|= 3.18
  HOMO = -0.140615165757769  LUMO = -0.0749598052198567
cycle= 3 E= -774.707325750146  delta_E= -2.37  |g|= 0.896  |ddm|= 2.92
  HOMO = -0.189331432719836  LUMO = -0.0856506822593922
cycle= 4 E= -774.997313593576  delta_E= -0.29  |g|= 0.157  |ddm|=  1.3
  HOMO = -0.196953941257681  LUMO = -0.0901246794172211
cycle= 5 E= -774.995219018068  delta_E= 0.00209  |g|= 0.169  |ddm|= 0.374
  HOMO = -0.197368999659664  LUMO = -0.0862444359432278
cycle= 6 E= -775.004104569629  delta_E= -0.00889  |g|= 0.0426  |ddm|= 0.236
  HOMO = -0.196042531034736  LUMO = -0.0839812356811417
cycle= 7 E= -775.004580908393  delta_E= -0.000476  |g|= 0.0113  |ddm|= 0.0506
  HOMO = -0.195973158080586  LUMO = -0.0838296815112311
cycle= 8 E= -775.004603246879  delta_E= -2.23e-05  |g|= 0.00641  |ddm|= 0.0177
  HOMO = -0.196017769588448  LUMO = -0.0839771169058542
cycle= 9 E= -775.004614978871  delta_E= -1.17e-05  |g|= 0.00169  |ddm|= 0.00859
  HOMO = -0.196079744538389  LUMO = -0.0839803446157345
cycle= 10 E= -775.004615607706  delta_E= -6.29e-07  |g|= 0.000881  |ddm|= 0.00253
  HOMO = -0.196067390460829  LUMO = -0.0839592348544624
cycle= 11 E= -775.004615806803  delta_E= -1.99e-07  |g|= 0.000259  |ddm|= 0.00111
  HOMO = -0.196051353477334  LUMO = -0.083938723237144
cycle= 12 E= -775.004615820652  delta_E= -1.38e-08  |g|= 0.000128  |ddm|= 0.000396
  HOMO = -0.196066569645951  LUMO = -0.0839492999192422
cycle= 13 E= -775.004615824866  delta_E= -4.21e-09  |g|= 5.52e-05  |ddm|= 0.000204
  HOMO = -0.196064504065263  LUMO = -0.0839478715055694
cycle= 14 E= -775.004615825629  delta_E= -7.64e-10  |g|= 1.21e-05  |ddm|= 6.77e-05
  HOMO = -0.196063947028352  LUMO = -0.0839472565007433
cycle= 15 E= -775.004615825651  delta_E= -2.14e-11  |g|= 8.18e-06  |ddm|= 2.21e-05
  HOMO = -0.196064639737925  LUMO = -0.0839477021154187
Extra cycle  E= -775.004615825577  delta_E= 7.34e-11  |g|= 1.77e-05  |ddm|= 3.02e-05
converged SCF energy = -775.004615825577
AOs:  [0, 1, 2, 3, 4, 5, 6, 7, 8, 9, 10, 11, 12, 13, 14, 15, 16, 17, 18, 19, 20, 21, 22, 23, 24, 25, 26, 27, 28, 29, 30, 31, 32, 33, 34, 35, 36, 37, 38, 39, 40, 41, 42, 43, 44, 45, 46, 47, 48, 49, 50, 51, 52, 53, 54, 55, 56, 57, 58, 59, 60, 61, 62, 63]
64

 AO indices used for projection:  [0, 1, 3, 4, 5, 14, 16, 17, 19, 20, 21, 30, 32, 33, 35, 36, 37, 46, 48, 49, 51, 52, 53, 62]
 # of orbitals to keep:  16
Number of Active MOs:  16
Number of Environment MOs:  54
Number of Virtual MOs:  244
 # electrons:            α            β
         Env:  54.00000000  54.00000000
         Act:  16.00000000  16.00000000
         Vir:  -0.00000000  -0.00000000
Number of electrons in the active space:  32

 The density matrix is idempotent!

 The density matrix is idempotent!


******** <class 'pyscf.scf.hf.RHF'> ********
method = RHF
initial guess = minao
damping factor = 0
level_shift factor = 0
DIIS = <class 'pyscf.scf.diis.CDIIS'>
diis_start_cycle = 1
diis_space = 8
SCF conv_tol = 1e-09
SCF conv_tol_grad = 1e-05
SCF max_cycles = 200
direct_scf = True
direct_scf_tol = 1e-13
chkfile to save SCF result = subsys_scf.chk
max_memory 900000 MB (current use 10674 MB)
init E= 984.556622355674
  HOMO = -0.256295898177089  LUMO = 0.04404506165427
cycle= 1 E= 984.529199035742  delta_E= -0.0274  |g|= 0.0543  |ddm|= 0.726
  HOMO = -0.263233460069575  LUMO = 0.0442507947475329
cycle= 2 E= 984.527474871472  delta_E= -0.00172  |g|= 0.0182  |ddm|= 0.123
  HOMO = -0.261404946969436  LUMO = 0.0477804101937325
cycle= 3 E= 984.527167688299  delta_E= -0.000307  |g|= 0.00761  |ddm|= 0.0456
  HOMO = -0.263040869914474  LUMO = 0.0480021019594685
cycle= 4 E= 984.527128524089  delta_E= -3.92e-05  |g|= 0.0027  |ddm|= 0.0144
  HOMO = -0.263236455122677  LUMO = 0.0483322915858374
cycle= 5 E= 984.527121796151  delta_E= -6.73e-06  |g|= 0.00054  |ddm|= 0.00704
  HOMO = -0.263326501702298  LUMO = 0.0484058141200213
cycle= 6 E= 984.527121477863  delta_E= -3.18e-07  |g|= 0.000179  |ddm|= 0.00164
  HOMO = -0.263338800698917  LUMO = 0.0484055989839472
cycle= 7 E= 984.527121463557  delta_E= -1.43e-08  |g|= 5.25e-05  |ddm|= 0.000335
  HOMO = -0.263347465211672  LUMO = 0.0483998739147578
cycle= 8 E= 984.52712146125  delta_E= -2.31e-09  |g|= 2.32e-05  |ddm|= 0.000124
  HOMO = -0.263347582027682  LUMO = 0.0483977936482546
cycle= 9 E= 984.527121460463  delta_E= -7.87e-10  |g|= 5.93e-06  |ddm|= 7.5e-05
  HOMO = -0.263347179398546  LUMO = 0.0483977097925938
Extra cycle  E= 984.527121460532  delta_E= 6.88e-11  |g|= 3.69e-06  |ddm|= 1.15e-05
converged SCF energy = 984.527121460532
Difference in energy:  -683.6807588806686
E(MP2) = 983.959270638545  E_corr = -0.567850821987153
Total energy =  -774.4829529204833
time elapsed:  28.517338514328003
