

******** <class 'pyscf.dft.rks.RKS'> ********
method = RKS-RHF
initial guess = minao
damping factor = 0
level_shift factor = 0
DIIS = <class 'pyscf.scf.diis.CDIIS'>
diis_start_cycle = 1
diis_space = 8
SCF conv_tol = 1e-09
SCF conv_tol_grad = 1e-05
SCF max_cycles = 1000
direct_scf = True
direct_scf_tol = 1e-13
chkfile to save SCF result = scf.fchk
max_memory 900000 MB (current use 79 MB)
XC library pyscf.dft.libxc version 5.1.7
    S. Lehtola, C. Steigemann, M. J. Oliveira, and M. A. Marques, SoftwareX 7, 1 (2018)
XC functionals = b3lyp
    P. A. M. Dirac, Math. Proc. Cambridge Philos. Soc. 26, 376 (1930)
    F. Bloch, Z. Phys. 57, 545 (1929)
    A. D. Becke, Phys. Rev. A 38, 3098 (1988)
    C. Lee, W. Yang, and R. G. Parr, Phys. Rev. B 37, 785 (1988)
    B. Miehlich, A. Savin, H. Stoll, and H. Preuss, Chem. Phys. Lett. 157, 200 (1989)
    S. H. Vosko, L. Wilk, and M. Nusair, Can. J. Phys. 58, 1200 (1980)
small_rho_cutoff = 1e-07
init E= -777.160551678557
  HOMO = -0.242748070468605  LUMO = -0.166873239171234
cycle= 1 E= -774.74357268872  delta_E= 2.42  |g|= 1.02  |ddm|=  6.2
  HOMO = -0.0410824883281297  LUMO = -0.0219595849675271
cycle= 2 E= -772.296636389751  delta_E= 2.45  |g|=  2.6  |ddm|=  3.2
  HOMO = -0.141122175417001  LUMO = -0.0740144587726609
cycle= 3 E= -774.704138399531  delta_E= -2.41  |g|= 0.892  |ddm|= 2.95
  HOMO = -0.188551641391078  LUMO = -0.087042882926418
cycle= 4 E= -774.988372838145  delta_E= -0.284  |g|= 0.154  |ddm|= 1.29
  HOMO = -0.196897892502436  LUMO = -0.0903412651933726
cycle= 5 E= -774.986636017678  delta_E= 0.00174  |g|= 0.165  |ddm|= 0.358
  HOMO = -0.196385174204508  LUMO = -0.0868353335834911
cycle= 6 E= -774.994803813472  delta_E= -0.00817  |g|= 0.0405  |ddm|= 0.226
  HOMO = -0.195088978042349  LUMO = -0.0846989194899678
cycle= 7 E= -774.995233509819  delta_E= -0.00043  |g|= 0.0112  |ddm|= 0.0495
  HOMO = -0.195088314559655  LUMO = -0.084597890903096
cycle= 8 E= -774.995257460895  delta_E= -2.4e-05  |g|= 0.00602  |ddm|= 0.0174
  HOMO = -0.195150866189721  LUMO = -0.0847550543403074
cycle= 9 E= -774.995267701396  delta_E= -1.02e-05  |g|= 0.00169  |ddm|= 0.00832
  HOMO = -0.195196516886991  LUMO = -0.0847485848100831
cycle= 10 E= -774.995268324071  delta_E= -6.23e-07  |g|= 0.000915  |ddm|= 0.0026
  HOMO = -0.195188129844601  LUMO = -0.0847328508587983
cycle= 11 E= -774.995268540869  delta_E= -2.17e-07  |g|= 0.000291  |ddm|= 0.00119
  HOMO = -0.195175556176911  LUMO = -0.0847107195582254
cycle= 12 E= -774.995268557927  delta_E= -1.71e-08  |g|= 0.000139  |ddm|= 0.000415
  HOMO = -0.195189521950835  LUMO = -0.0847217769921104
cycle= 13 E= -774.995268562378  delta_E= -4.45e-09  |g|= 7.06e-05  |ddm|= 0.00022
  HOMO = -0.195188015500188  LUMO = -0.0847206316608585
cycle= 14 E= -774.995268563638  delta_E= -1.26e-09  |g|= 1.39e-05  |ddm|= 8.4e-05
  HOMO = -0.195187096505592  LUMO = -0.0847195818510805
cycle= 15 E= -774.995268563677  delta_E= -3.91e-11  |g|= 8.04e-06  |ddm|= 2.65e-05
  HOMO = -0.195187965897774  LUMO = -0.0847202736427189
Extra cycle  E= -774.995268563606  delta_E= 7.14e-11  |g|= 1.73e-05  |ddm|= 3.04e-05
converged SCF energy = -774.995268563606
AOs:  [0, 1, 2, 3, 4, 5, 6, 7, 8, 9, 10, 11, 12, 13, 14, 15, 16, 17, 18, 19, 20, 21, 22, 23, 24, 25, 26, 27, 28, 29, 30, 31, 32, 33, 34, 35, 36, 37, 38, 39, 40, 41, 42, 43, 44, 45, 46, 47, 48, 49, 50, 51, 52, 53, 54, 55, 56, 57, 58, 59, 60, 61, 62, 63]
64

 AO indices used for projection:  [0, 1, 3, 4, 5, 14, 16, 17, 19, 20, 21, 30, 32, 33, 35, 36, 37, 46, 48, 49, 51, 52, 53, 62]
 # of orbitals to keep:  16
Number of Active MOs:  16
Number of Environment MOs:  54
Number of Virtual MOs:  244
 # electrons:            α            β
         Env:  54.00000000  54.00000000
         Act:  16.00000000  16.00000000
         Vir:   0.00000000   0.00000000
Number of electrons in the active space:  32

 The density matrix is idempotent!

 The density matrix is idempotent!


******** <class 'pyscf.scf.hf.RHF'> ********
method = RHF
initial guess = minao
damping factor = 0
level_shift factor = 0
DIIS = <class 'pyscf.scf.diis.CDIIS'>
diis_start_cycle = 1
diis_space = 8
SCF conv_tol = 1e-09
SCF conv_tol_grad = 1e-05
SCF max_cycles = 200
direct_scf = True
direct_scf_tol = 1e-13
chkfile to save SCF result = subsys_scf.chk
max_memory 900000 MB (current use 10667 MB)
init E= 1002.71449027872
  HOMO = -0.254090966039655  LUMO = 0.0438890088595939
cycle= 1 E= 1002.68696083942  delta_E= -0.0275  |g|= 0.0546  |ddm|= 0.702
  HOMO = -0.26083094806195  LUMO = 0.0439254134718764
cycle= 2 E= 1002.68518072008  delta_E= -0.00178  |g|= 0.0186  |ddm|= 0.126
  HOMO = -0.258961698874746  LUMO = 0.0474984437527792
cycle= 3 E= 1002.68484559864  delta_E= -0.000335  |g|= 0.0079  |ddm|= 0.0492
  HOMO = -0.260718798027214  LUMO = 0.0476948041109115
cycle= 4 E= 1002.68480058205  delta_E= -4.5e-05  |g|= 0.00304  |ddm|= 0.0163
  HOMO = -0.260914402852753  LUMO = 0.0480765500557455
cycle= 5 E= 1002.68479192802  delta_E= -8.65e-06  |g|= 0.00062  |ddm|= 0.00832
  HOMO = -0.261010749780071  LUMO = 0.0481624922385996
cycle= 6 E= 1002.6847914913  delta_E= -4.37e-07  |g|= 0.000186  |ddm|= 0.00207
  HOMO = -0.26102996766234  LUMO = 0.0481638285008957
cycle= 7 E= 1002.68479147368  delta_E= -1.76e-08  |g|= 5.81e-05  |ddm|= 0.000384
  HOMO = -0.261038765427818  LUMO = 0.04815806222882
cycle= 8 E= 1002.6847914713  delta_E= -2.38e-09  |g|= 2.17e-05  |ddm|= 0.000131
  HOMO = -0.261039486558841  LUMO = 0.0481561866026051
cycle= 9 E= 1002.68479147089  delta_E= -4.07e-10  |g|= 8.48e-06  |ddm|= 6.59e-05
  HOMO = -0.261039143918997  LUMO = 0.0481559091310971
Extra cycle  E= 1002.68479147087  delta_E= -2.56e-11  |g|= 3.96e-06  |ddm|= 1.67e-05
converged SCF energy = 1002.68479147087
Difference in energy:  -684.7195138742014
E(MP2) = 1002.11505959611  E_corr = -0.569731874755644
Total energy =  -774.4738313512165
time elapsed:  32.55842208862305
