

******** <class 'pyscf.dft.rks.RKS'> ********
method = RKS-RHF
initial guess = minao
damping factor = 0
level_shift factor = 0
DIIS = <class 'pyscf.scf.diis.CDIIS'>
diis_start_cycle = 1
diis_space = 8
SCF conv_tol = 1e-09
SCF conv_tol_grad = 1e-05
SCF max_cycles = 1000
direct_scf = True
direct_scf_tol = 1e-13
chkfile to save SCF result = scf.fchk
max_memory 900000 MB (current use 79 MB)
XC library pyscf.dft.libxc version 5.1.7
    S. Lehtola, C. Steigemann, M. J. Oliveira, and M. A. Marques, SoftwareX 7, 1 (2018)
XC functionals = b3lyp
    P. A. M. Dirac, Math. Proc. Cambridge Philos. Soc. 26, 376 (1930)
    F. Bloch, Z. Phys. 57, 545 (1929)
    A. D. Becke, Phys. Rev. A 38, 3098 (1988)
    C. Lee, W. Yang, and R. G. Parr, Phys. Rev. B 37, 785 (1988)
    B. Miehlich, A. Savin, H. Stoll, and H. Preuss, Chem. Phys. Lett. 157, 200 (1989)
    S. H. Vosko, L. Wilk, and M. Nusair, Can. J. Phys. 58, 1200 (1980)
small_rho_cutoff = 1e-07
init E= -777.157747686347
  HOMO = -0.241200365863522  LUMO = -0.16893068801543
cycle= 1 E= -774.736812208368  delta_E= 2.42  |g|= 1.02  |ddm|= 6.19
  HOMO = -0.0445701561816024  LUMO = -0.0162644773019011
cycle= 2 E= -772.27213181735  delta_E= 2.46  |g|=  2.6  |ddm|= 3.22
  HOMO = -0.141889631508488  LUMO = -0.0712841147967442
cycle= 3 E= -774.699719478602  delta_E= -2.43  |g|= 0.888  |ddm|= 2.97
  HOMO = -0.186350349676754  LUMO = -0.0898822872106588
cycle= 4 E= -774.981673591724  delta_E= -0.282  |g|= 0.158  |ddm|= 1.29
  HOMO = -0.195272759392204  LUMO = -0.0925584899931181
cycle= 5 E= -774.979375983322  delta_E= 0.0023  |g|= 0.173  |ddm|= 0.376
  HOMO = -0.194380750335843  LUMO = -0.0895377946401795
cycle= 6 E= -774.988434137094  delta_E= -0.00906  |g|= 0.0435  |ddm|= 0.244
  HOMO = -0.193180432691261  LUMO = -0.0874478019142217
cycle= 7 E= -774.988940319612  delta_E= -0.000506  |g|= 0.0127  |ddm|= 0.0557
  HOMO = -0.19314048023983  LUMO = -0.0872050265504925
cycle= 8 E= -774.988972037845  delta_E= -3.17e-05  |g|= 0.00693  |ddm|= 0.0205
  HOMO = -0.193247586912355  LUMO = -0.0873790220391327
cycle= 9 E= -774.988986155118  delta_E= -1.41e-05  |g|= 0.00178  |ddm|= 0.00972
  HOMO = -0.193300942247885  LUMO = -0.0873784740529129
cycle= 10 E= -774.988986804515  delta_E= -6.49e-07  |g|= 0.00105  |ddm|= 0.00287
  HOMO = -0.193296636572147  LUMO = -0.0873610601541291
cycle= 11 E= -774.988987093424  delta_E= -2.89e-07  |g|= 0.00032  |ddm|= 0.00135
  HOMO = -0.193281975243439  LUMO = -0.0873362783750714
cycle= 12 E= -774.988987113703  delta_E= -2.03e-08  |g|= 0.000152  |ddm|= 0.000443
  HOMO = -0.193297138525133  LUMO = -0.0873483438200103
cycle= 13 E= -774.98898711849  delta_E= -4.79e-09  |g|= 8.71e-05  |ddm|= 0.000255
  HOMO = -0.193295329324205  LUMO = -0.0873468082655632
cycle= 14 E= -774.988987120464  delta_E= -1.97e-09  |g|= 1.5e-05  |ddm|= 0.000106
  HOMO = -0.193294416531905  LUMO = -0.0873456339563448
cycle= 15 E= -774.988987120508  delta_E= -4.46e-11  |g|= 8.6e-06  |ddm|= 2.93e-05
  HOMO = -0.193295365855503  LUMO = -0.0873464250309682
Extra cycle  E= -774.988987120418  delta_E= 9e-11  |g|= 1.88e-05  |ddm|= 3.45e-05
converged SCF energy = -774.988987120418
AOs:  [0, 1, 2, 3, 4, 5, 6, 7, 8, 9, 10, 11, 12, 13, 14, 15, 16, 17, 18, 19, 20, 21, 22, 23, 24, 25, 26, 27, 28, 29, 30, 31, 32, 33, 34, 35, 36, 37, 38, 39, 40, 41, 42, 43, 44, 45, 46, 47, 48, 49, 50, 51, 52, 53, 54, 55, 56, 57, 58, 59, 60, 61, 62, 63]
64

 AO indices used for projection:  [0, 1, 3, 4, 5, 14, 16, 17, 19, 20, 21, 30, 32, 33, 35, 36, 37, 46, 48, 49, 51, 52, 53, 62]
 # of orbitals to keep:  16
Number of Active MOs:  16
Number of Environment MOs:  54
Number of Virtual MOs:  244
 # electrons:            α            β
         Env:  54.00000000  54.00000000
         Act:  16.00000000  16.00000000
         Vir:  -0.00000000  -0.00000000
Number of electrons in the active space:  32

 The density matrix is idempotent!

 The density matrix is idempotent!


******** <class 'pyscf.scf.hf.RHF'> ********
method = RHF
initial guess = minao
damping factor = 0
level_shift factor = 0
DIIS = <class 'pyscf.scf.diis.CDIIS'>
diis_start_cycle = 1
diis_space = 8
SCF conv_tol = 1e-09
SCF conv_tol_grad = 1e-05
SCF max_cycles = 200
direct_scf = True
direct_scf_tol = 1e-13
chkfile to save SCF result = subsys_scf.chk
max_memory 900000 MB (current use 10407 MB)
init E= 1001.86532538682
  HOMO = -0.24904852581434  LUMO = 0.0406107335053895
cycle= 1 E= 1001.8377576075  delta_E= -0.0276  |g|= 0.0548  |ddm|= 0.684
  HOMO = -0.255902266791531  LUMO = 0.0408867296414696
cycle= 2 E= 1001.83593270731  delta_E= -0.00182  |g|= 0.0189  |ddm|= 0.128
  HOMO = -0.254120465168176  LUMO = 0.0448337260612506
cycle= 3 E= 1001.8355745657  delta_E= -0.000358  |g|= 0.00814  |ddm|= 0.0514
  HOMO = -0.255945800393332  LUMO = 0.0450622381472023
cycle= 4 E= 1001.8355247014  delta_E= -4.99e-05  |g|= 0.0032  |ddm|= 0.0176
  HOMO = -0.256163881657757  LUMO = 0.0455152761814952
cycle= 5 E= 1001.83551462097  delta_E= -1.01e-05  |g|= 0.000667  |ddm|= 0.00923
  HOMO = -0.256273328729242  LUMO = 0.0456135136590001
cycle= 6 E= 1001.8355141105  delta_E= -5.1e-07  |g|= 0.000204  |ddm|= 0.00234
  HOMO = -0.256294537542153  LUMO = 0.0456151032785325
cycle= 7 E= 1001.83551408877  delta_E= -2.17e-08  |g|= 6.69e-05  |ddm|= 0.000445
  HOMO = -0.256304170505172  LUMO = 0.0456084301358283
cycle= 8 E= 1001.83551408571  delta_E= -3.06e-09  |g|= 2.51e-05  |ddm|= 0.000156
  HOMO = -0.256304999837511  LUMO = 0.045606369127312
cycle= 9 E= 1001.83551408516  delta_E= -5.44e-10  |g|= 1.11e-05  |ddm|= 7.95e-05
  HOMO = -0.256304503885289  LUMO = 0.0456060311722362
cycle= 10 E= 1001.83551408484  delta_E= -3.27e-10  |g|= 3.86e-06  |ddm|= 2.85e-05
  HOMO = -0.256304657144761  LUMO = 0.0456058029395715
Extra cycle  E= 1001.83551408488  delta_E= 4.3e-11  |g|= 3.05e-06  |ddm|= 8.64e-06
converged SCF energy = 1001.83551408488
Difference in energy:  -685.8772332020055
E(MP2) = 1001.26474586855  E_corr = -0.570768216331419
Total energy =  -774.4667413079662
time elapsed:  29.726033687591553
