

******** <class 'pyscf.dft.rks.RKS'> ********
method = RKS-RHF
initial guess = minao
damping factor = 0
level_shift factor = 0
DIIS = <class 'pyscf.scf.diis.CDIIS'>
diis_start_cycle = 1
diis_space = 8
SCF conv_tol = 1e-09
SCF conv_tol_grad = 1e-05
SCF max_cycles = 1000
direct_scf = True
direct_scf_tol = 1e-13
chkfile to save SCF result = scf.fchk
max_memory 900000 MB (current use 81 MB)
XC library pyscf.dft.libxc version 5.1.7
    S. Lehtola, C. Steigemann, M. J. Oliveira, and M. A. Marques, SoftwareX 7, 1 (2018)
XC functionals = b3lyp
    P. A. M. Dirac, Math. Proc. Cambridge Philos. Soc. 26, 376 (1930)
    F. Bloch, Z. Phys. 57, 545 (1929)
    A. D. Becke, Phys. Rev. A 38, 3098 (1988)
    C. Lee, W. Yang, and R. G. Parr, Phys. Rev. B 37, 785 (1988)
    B. Miehlich, A. Savin, H. Stoll, and H. Preuss, Chem. Phys. Lett. 157, 200 (1989)
    S. H. Vosko, L. Wilk, and M. Nusair, Can. J. Phys. 58, 1200 (1980)
small_rho_cutoff = 1e-07
init E= -777.155200927187
  HOMO = -0.23882142944323  LUMO = -0.171754803077607
cycle= 1 E= -774.726251748788  delta_E= 2.43  |g|= 1.02  |ddm|= 6.19
  HOMO = -0.0488653794661005  LUMO = -0.0076772792304907
cycle= 2 E= -772.235639582526  delta_E= 2.49  |g|= 2.61  |ddm|= 3.23
  HOMO = -0.14232106491437  LUMO = -0.06787692724758
cycle= 3 E= -774.694777108394  delta_E= -2.46  |g|= 0.881  |ddm|=    3
  HOMO = -0.183045366836435  LUMO = -0.093904215436123
cycle= 4 E= -774.971732798376  delta_E= -0.277  |g|= 0.165  |ddm|=  1.3
  HOMO = -0.192703926536016  LUMO = -0.0955857969401226
cycle= 5 E= -774.968485174688  delta_E= 0.00325  |g|= 0.185  |ddm|= 0.406
  HOMO = -0.191231273601638  LUMO = -0.0932802418648089
cycle= 6 E= -774.979009465762  delta_E= -0.0105  |g|= 0.0486  |ddm|= 0.274
  HOMO = -0.190270364909832  LUMO = -0.0912763806446282
cycle= 7 E= -774.979661500388  delta_E= -0.000652  |g|= 0.0153  |ddm|= 0.0665
  HOMO = -0.19012455490229  LUMO = -0.0908307325661896
cycle= 8 E= -774.979710744137  delta_E= -4.92e-05  |g|= 0.00793  |ddm|= 0.025
  HOMO = -0.190312759161201  LUMO = -0.0910151060954824
cycle= 9 E= -774.979729784864  delta_E= -1.9e-05  |g|= 0.00198  |ddm|= 0.0114
  HOMO = -0.190378611318998  LUMO = -0.0910216686854253
cycle= 10 E= -774.979730534214  delta_E= -7.49e-07  |g|= 0.00124  |ddm|= 0.0033
  HOMO = -0.190380387455777  LUMO = -0.0910026970284426
cycle= 11 E= -774.979730937735  delta_E= -4.04e-07  |g|= 0.000368  |ddm|= 0.00157
  HOMO = -0.190363362399044  LUMO = -0.0909746229114496
cycle= 12 E= -774.979730964579  delta_E= -2.68e-08  |g|= 0.000163  |ddm|= 0.00048
  HOMO = -0.190379593175232  LUMO = -0.0909881415971692
cycle= 13 E= -774.979730969037  delta_E= -4.46e-09  |g|= 0.000111  |ddm|= 0.000303
  HOMO = -0.190377308062682  LUMO = -0.0909857275951568
cycle= 14 E= -774.979730972359  delta_E= -3.32e-09  |g|= 1.9e-05  |ddm|= 0.000141
  HOMO = -0.190376579055703  LUMO = -0.0909845127687338
cycle= 15 E= -774.979730972436  delta_E= -7.78e-11  |g|= 9.67e-06  |ddm|= 3.5e-05
  HOMO = -0.190377402656756  LUMO = -0.0909852571340452
Extra cycle  E= -774.979730972314  delta_E= 1.23e-10  |g|= 2.18e-05  |ddm|= 4.12e-05
converged SCF energy = -774.979730972314
AOs:  [0, 1, 2, 3, 4, 5, 6, 7, 8, 9, 10, 11, 12, 13, 14, 15, 16, 17, 18, 19, 20, 21, 22, 23, 24, 25, 26, 27, 28, 29, 30, 31, 32, 33, 34, 35, 36, 37, 38, 39, 40, 41, 42, 43, 44, 45, 46, 47, 48, 49, 50, 51, 52, 53, 54, 55, 56, 57, 58, 59, 60, 61, 62, 63]
64

 AO indices used for projection:  [0, 1, 3, 4, 5, 14, 16, 17, 19, 20, 21, 30, 32, 33, 35, 36, 37, 46, 48, 49, 51, 52, 53, 62]
 # of orbitals to keep:  16
Number of Active MOs:  16
Number of Environment MOs:  54
Number of Virtual MOs:  244
 # electrons:            α            β
         Env:  54.00000000  54.00000000
         Act:  16.00000000  16.00000000
         Vir:  -0.00000000  -0.00000000
Number of electrons in the active space:  32

 The density matrix is idempotent!

 The density matrix is idempotent!


******** <class 'pyscf.scf.hf.RHF'> ********
method = RHF
initial guess = minao
damping factor = 0
level_shift factor = 0
DIIS = <class 'pyscf.scf.diis.CDIIS'>
diis_start_cycle = 1
diis_space = 8
SCF conv_tol = 1e-09
SCF conv_tol_grad = 1e-05
SCF max_cycles = 200
direct_scf = True
direct_scf_tol = 1e-13
chkfile to save SCF result = subsys_scf.chk
max_memory 900000 MB (current use 10408 MB)
init E= 1000.74182382011
  HOMO = -0.24189201719129  LUMO = 0.0363948318120659
cycle= 1 E= 1000.71402065803  delta_E= -0.0278  |g|= 0.0551  |ddm|= 0.671
  HOMO = -0.248763043570375  LUMO = 0.037023442282585
cycle= 2 E= 1000.71211600138  delta_E= -0.0019  |g|= 0.0193  |ddm|= 0.131
  HOMO = -0.247147172761567  LUMO = 0.0414312870578092
cycle= 3 E= 1000.71171955712  delta_E= -0.000396  |g|= 0.00838  |ddm|= 0.0552
  HOMO = -0.249044901410063  LUMO = 0.0417048084338223
cycle= 4 E= 1000.71166302518  delta_E= -5.65e-05  |g|= 0.00343  |ddm|= 0.0194
  HOMO = -0.24928151573074  LUMO = 0.0422580359305095
cycle= 5 E= 1000.71165082088  delta_E= -1.22e-05  |g|= 0.000738  |ddm|= 0.0104
  HOMO = -0.249409506799881  LUMO = 0.0423711922973449
cycle= 6 E= 1000.71165019482  delta_E= -6.26e-07  |g|= 0.000232  |ddm|= 0.0027
  HOMO = -0.249433688112258  LUMO = 0.0423730151217991
cycle= 7 E= 1000.71165016551  delta_E= -2.93e-08  |g|= 8.15e-05  |ddm|= 0.000529
  HOMO = -0.249444329743343  LUMO = 0.0423651410450261
cycle= 8 E= 1000.71165016073  delta_E= -4.78e-09  |g|= 3.06e-05  |ddm|= 0.000197
  HOMO = -0.249445614815088  LUMO = 0.0423625516117569
cycle= 9 E= 1000.71165015964  delta_E= -1.1e-09  |g|= 1.55e-05  |ddm|= 0.000103
  HOMO = -0.249444732987954  LUMO = 0.0423622761039899
cycle= 10 E= 1000.71165015983  delta_E= 1.96e-10  |g|= 4.75e-06  |ddm|= 4.02e-05
  HOMO = -0.249444992945055  LUMO = 0.0423618827754002
Extra cycle  E= 1000.71165015956  delta_E= -2.68e-10  |g|= 3.76e-06  |ddm|= 1.25e-05
converged SCF energy = 1000.71165015956
Difference in energy:  -687.7822641215581
E(MP2) = 1000.13945070899  E_corr = -0.572199450574236
Total energy =  -774.4558805366364
time elapsed:  31.369788885116577
