

******** <class 'pyscf.dft.rks.RKS'> ********
method = RKS-RHF
initial guess = minao
damping factor = 0
level_shift factor = 0
DIIS = <class 'pyscf.scf.diis.CDIIS'>
diis_start_cycle = 1
diis_space = 8
SCF conv_tol = 1e-09
SCF conv_tol_grad = 1e-05
SCF max_cycles = 1000
direct_scf = True
direct_scf_tol = 1e-13
chkfile to save SCF result = scf.fchk
max_memory 900000 MB (current use 79 MB)
XC library pyscf.dft.libxc version 5.1.7
    S. Lehtola, C. Steigemann, M. J. Oliveira, and M. A. Marques, SoftwareX 7, 1 (2018)
XC functionals = b3lyp
    P. A. M. Dirac, Math. Proc. Cambridge Philos. Soc. 26, 376 (1930)
    F. Bloch, Z. Phys. 57, 545 (1929)
    A. D. Becke, Phys. Rev. A 38, 3098 (1988)
    C. Lee, W. Yang, and R. G. Parr, Phys. Rev. B 37, 785 (1988)
    B. Miehlich, A. Savin, H. Stoll, and H. Preuss, Chem. Phys. Lett. 157, 200 (1989)
    S. H. Vosko, L. Wilk, and M. Nusair, Can. J. Phys. 58, 1200 (1980)
small_rho_cutoff = 1e-07
init E= -777.1532182048
  HOMO = -0.235427876130106  LUMO = -0.175307045549527
cycle= 1 E= -774.7110862011  delta_E= 2.44  |g|= 1.02  |ddm|=  6.2
  HOMO = -0.0528000447562801  LUMO = 0.00450525879798421
cycle= 2 E= -772.18245952171  delta_E= 2.53  |g|= 2.62  |ddm|= 3.25
  HOMO = -0.141198504945825  LUMO = -0.0646454200243383
cycle= 3 E= -774.691183136541  delta_E= -2.51  |g|= 0.868  |ddm|= 3.04
  HOMO = -0.178527613462969  LUMO = -0.0992404186007936
cycle= 4 E= -774.958469348981  delta_E= -0.267  |g|= 0.176  |ddm|= 1.31
  HOMO = -0.188943254078194  LUMO = -0.0994138212914643
cycle= 5 E= -774.953685882311  delta_E= 0.00478  |g|= 0.204  |ddm|= 0.454
  HOMO = -0.186655715594596  LUMO = -0.0980811272598114
cycle= 6 E= -774.966575971561  delta_E= -0.0129  |g|= 0.0571  |ddm|= 0.321
  HOMO = -0.186152126313312  LUMO = -0.0962317809712415
cycle= 7 E= -774.967524352491  delta_E= -0.000948  |g|= 0.0189  |ddm|= 0.0846
  HOMO = -0.185819867921011  LUMO = -0.0955060463814568
cycle= 8 E= -774.96760836223  delta_E= -8.4e-05  |g|= 0.00896  |ddm|= 0.0309
  HOMO = -0.186129401663255  LUMO = -0.0956883694780102
cycle= 9 E= -774.96763317417  delta_E= -2.48e-05  |g|= 0.00237  |ddm|= 0.0133
  HOMO = -0.186215563946907  LUMO = -0.0957022222478321
cycle= 10 E= -774.967634269015  delta_E= -1.09e-06  |g|= 0.00145  |ddm|= 0.00397
  HOMO = -0.186226170610718  LUMO = -0.0956814737429341
cycle= 11 E= -774.967634826425  delta_E= -5.57e-07  |g|= 0.000439  |ddm|= 0.00185
  HOMO = -0.186207060650477  LUMO = -0.0956509813607451
cycle= 12 E= -774.967634866567  delta_E= -4.01e-08  |g|= 0.000162  |ddm|= 0.000534
  HOMO = -0.186222835159667  LUMO = -0.0956653218001488
cycle= 13 E= -774.967634869517  delta_E= -2.95e-09  |g|= 0.000129  |ddm|= 0.000329
  HOMO = -0.186220215250092  LUMO = -0.0956617080107255
cycle= 14 E= -774.967634874219  delta_E= -4.7e-09  |g|= 2.72e-05  |ddm|= 0.000175
  HOMO = -0.186219930445994  LUMO = -0.0956606528648529
cycle= 15 E= -774.967634874387  delta_E= -1.68e-10  |g|= 9.73e-06  |ddm|= 4.07e-05
  HOMO = -0.186220409801828  LUMO = -0.0956611411016699
Extra cycle  E= -774.967634874255  delta_E= 1.33e-10  |g|= 2.22e-05  |ddm|= 4.28e-05
converged SCF energy = -774.967634874255
AOs:  [0, 1, 2, 3, 4, 5, 6, 7, 8, 9, 10, 11, 12, 13, 14, 15, 16, 17, 18, 19, 20, 21, 22, 23, 24, 25, 26, 27, 28, 29, 30, 31, 32, 33, 34, 35, 36, 37, 38, 39, 40, 41, 42, 43, 44, 45, 46, 47, 48, 49, 50, 51, 52, 53, 54, 55, 56, 57, 58, 59, 60, 61, 62, 63]
64

 AO indices used for projection:  [0, 1, 3, 4, 5, 14, 16, 17, 19, 20, 21, 30, 32, 33, 35, 36, 37, 46, 48, 49, 51, 52, 53, 62]
 # of orbitals to keep:  16
Number of Active MOs:  16
Number of Environment MOs:  54
Number of Virtual MOs:  244
 # electrons:            α            β
         Env:  54.00000000  54.00000000
         Act:  16.00000000  16.00000000
         Vir:   0.00000000   0.00000000
Number of electrons in the active space:  32

 The density matrix is idempotent!

 The density matrix is idempotent!


******** <class 'pyscf.scf.hf.RHF'> ********
method = RHF
initial guess = minao
damping factor = 0
level_shift factor = 0
DIIS = <class 'pyscf.scf.diis.CDIIS'>
diis_start_cycle = 1
diis_space = 8
SCF conv_tol = 1e-09
SCF conv_tol_grad = 1e-05
SCF max_cycles = 200
direct_scf = True
direct_scf_tol = 1e-13
chkfile to save SCF result = subsys_scf.chk
max_memory 900000 MB (current use 10407 MB)
init E= 999.402095367729
  HOMO = -0.23301783795214  LUMO = 0.0305797552939301
cycle= 1 E= 999.374170686602  delta_E= -0.0279  |g|= 0.0556  |ddm|= 0.664
  HOMO = -0.239900317493735  LUMO = 0.0314859451855095
cycle= 2 E= 999.37217792002  delta_E= -0.00199  |g|= 0.0198  |ddm|= 0.135
  HOMO = -0.238496437412308  LUMO = 0.0364083619990337
cycle= 3 E= 999.371731989007  delta_E= -0.000446  |g|= 0.00892  |ddm|= 0.0597
  HOMO = -0.240462784370927  LUMO = 0.0367424663876464
cycle= 4 E= 999.371663518481  delta_E= -6.85e-05  |g|= 0.00374  |ddm|= 0.0222
  HOMO = -0.240751287516889  LUMO = 0.0374286510060571
cycle= 5 E= 999.371647602833  delta_E= -1.59e-05  |g|= 0.000875  |ddm|= 0.0122
  HOMO = -0.240905721389858  LUMO = 0.0375587505724912
cycle= 6 E= 999.371646738489  delta_E= -8.64e-07  |g|= 0.000295  |ddm|= 0.00324
  HOMO = -0.24093391769403  LUMO = 0.0375598759394404
cycle= 7 E= 999.371646686923  delta_E= -5.16e-08  |g|= 0.000116  |ddm|= 0.00069
  HOMO = -0.240945356660895  LUMO = 0.03754894496211
cycle= 8 E= 999.371646675848  delta_E= -1.11e-08  |g|= 4.48e-05  |ddm|= 0.000314
  HOMO = -0.24094717583258  LUMO = 0.037544326540132
cycle= 9 E= 999.371646673238  delta_E= -2.61e-09  |g|= 2.43e-05  |ddm|= 0.000181
  HOMO = -0.240945198780171  LUMO = 0.0375440578853802
cycle= 10 E= 999.371646672756  delta_E= -4.81e-10  |g|= 6.92e-06  |ddm|= 7.48e-05
  HOMO = -0.240945613385823  LUMO = 0.0375433557630858
Extra cycle  E= 999.371646672788  delta_E= 3.21e-11  |g|= 5.31e-06  |ddm|= 1.97e-05
converged SCF energy = 999.371646672788
Difference in energy:  -690.0872172163598
E(MP2) = 998.797684018959  E_corr = -0.573962653828845
Total energy =  -774.4418744683452
time elapsed:  29.846407175064087
