

******** <class 'pyscf.dft.rks.RKS'> ********
method = RKS-RHF
initial guess = minao
damping factor = 0
level_shift factor = 0
DIIS = <class 'pyscf.scf.diis.CDIIS'>
diis_start_cycle = 1
diis_space = 8
SCF conv_tol = 1e-09
SCF conv_tol_grad = 1e-05
SCF max_cycles = 1000
direct_scf = True
direct_scf_tol = 1e-13
chkfile to save SCF result = scf.fchk
max_memory 900000 MB (current use 79 MB)
XC library pyscf.dft.libxc version 5.1.7
    S. Lehtola, C. Steigemann, M. J. Oliveira, and M. A. Marques, SoftwareX 7, 1 (2018)
XC functionals = b3lyp
    P. A. M. Dirac, Math. Proc. Cambridge Philos. Soc. 26, 376 (1930)
    F. Bloch, Z. Phys. 57, 545 (1929)
    A. D. Becke, Phys. Rev. A 38, 3098 (1988)
    C. Lee, W. Yang, and R. G. Parr, Phys. Rev. B 37, 785 (1988)
    B. Miehlich, A. Savin, H. Stoll, and H. Preuss, Chem. Phys. Lett. 157, 200 (1989)
    S. H. Vosko, L. Wilk, and M. Nusair, Can. J. Phys. 58, 1200 (1980)
small_rho_cutoff = 1e-07
init E= -777.151816645893
  HOMO = -0.230982155362608  LUMO = -0.179505967234281
cycle= 1 E= -774.6896508917  delta_E= 2.46  |g|= 1.02  |ddm|=  6.2
  HOMO = -0.0531304291499261  LUMO = 0.000378429180944492
cycle= 2 E= -772.095711586818  delta_E= 2.59  |g|= 2.65  |ddm|= 3.31
  HOMO = -0.136611484243885  LUMO = -0.0633581475407157
cycle= 3 E= -774.691708308936  delta_E= -2.6  |g|= 0.845  |ddm|=  3.1
  HOMO = -0.172831540072029  LUMO = -0.106170219469551
cycle= 4 E= -774.941564679403  delta_E= -0.25  |g|= 0.195  |ddm|= 1.32
  HOMO = -0.183854804232858  LUMO = -0.104063367616458
cycle= 5 E= -774.934498102922  delta_E= 0.00707  |g|= 0.232  |ddm|= 0.534
  HOMO = -0.180382691356412  LUMO = -0.103981148721166
cycle= 6 E= -774.951269517515  delta_E= -0.0168  |g|= 0.0715  |ddm|= 0.399
  HOMO = -0.180606161847957  LUMO = -0.102392843586439
cycle= 7 E= -774.952888354833  delta_E= -0.00162  |g|= 0.0237  |ddm|= 0.114
  HOMO = -0.180037097339108  LUMO = -0.101263535601393
cycle= 8 E= -774.953032275219  delta_E= -0.000144  |g|= 0.0104  |ddm|= 0.0383
  HOMO = -0.180529355820854  LUMO = -0.101447095960142
cycle= 9 E= -774.953066340688  delta_E= -3.41e-05  |g|= 0.00312  |ddm|= 0.0162
  HOMO = -0.180648732521767  LUMO = -0.101468424818089
cycle= 10 E= -774.953068401295  delta_E= -2.06e-06  |g|= 0.00167  |ddm|= 0.00498
  HOMO = -0.180666127351924  LUMO = -0.101442355310267
cycle= 11 E= -774.953069150135  delta_E= -7.49e-07  |g|= 0.000485  |ddm|= 0.00215
  HOMO = -0.180645548400405  LUMO = -0.101414305323981
cycle= 12 E= -774.953069202978  delta_E= -5.28e-08  |g|= 0.00016  |ddm|= 0.000603
  HOMO = -0.180657108457742  LUMO = -0.101424492374394
cycle= 13 E= -774.953069207444  delta_E= -4.47e-09  |g|= 9.08e-05  |ddm|= 0.000257
  HOMO = -0.180656193498694  LUMO = -0.101421813659606
cycle= 14 E= -774.953069210023  delta_E= -2.58e-09  |g|= 2.98e-05  |ddm|= 0.00015
  HOMO = -0.180656366091603  LUMO = -0.101421486679726
cycle= 15 E= -774.953069210215  delta_E= -1.92e-10  |g|= 9.87e-06  |ddm|= 3.86e-05
  HOMO = -0.180656497395624  LUMO = -0.101421177365699
Extra cycle  E= -774.953069210152  delta_E= 6.34e-11  |g|= 1.88e-05  |ddm|= 2.69e-05
converged SCF energy = -774.953069210152
AOs:  [0, 1, 2, 3, 4, 5, 6, 7, 8, 9, 10, 11, 12, 13, 14, 15, 16, 17, 18, 19, 20, 21, 22, 23, 24, 25, 26, 27, 28, 29, 30, 31, 32, 33, 34, 35, 36, 37, 38, 39, 40, 41, 42, 43, 44, 45, 46, 47, 48, 49, 50, 51, 52, 53, 54, 55, 56, 57, 58, 59, 60, 61, 62, 63]
64

 AO indices used for projection:  [0, 1, 3, 4, 5, 14, 16, 17, 19, 20, 21, 30, 32, 33, 35, 36, 37, 46, 48, 49, 51, 52, 53, 62]
 # of orbitals to keep:  16
Number of Active MOs:  16
Number of Environment MOs:  54
Number of Virtual MOs:  244
 # electrons:            α            β
         Env:  54.00000000  54.00000000
         Act:  16.00000000  16.00000000
         Vir:   0.00000000   0.00000000
Number of electrons in the active space:  32

 The density matrix is idempotent!

 The density matrix is idempotent!


******** <class 'pyscf.scf.hf.RHF'> ********
method = RHF
initial guess = minao
damping factor = 0
level_shift factor = 0
DIIS = <class 'pyscf.scf.diis.CDIIS'>
diis_start_cycle = 1
diis_space = 8
SCF conv_tol = 1e-09
SCF conv_tol_grad = 1e-05
SCF max_cycles = 200
direct_scf = True
direct_scf_tol = 1e-13
chkfile to save SCF result = subsys_scf.chk
max_memory 900000 MB (current use 10650 MB)
init E= 997.914405198353
  HOMO = -0.222094680662849  LUMO = 0.0236913651103823
cycle= 1 E= 997.886129723583  delta_E= -0.0283  |g|= 0.0563  |ddm|= 0.664
  HOMO = -0.228793016536256  LUMO = 0.0248905173594977
cycle= 2 E= 997.884010994652  delta_E= -0.00212  |g|= 0.0204  |ddm|= 0.141
  HOMO = -0.227749218969429  LUMO = 0.0303077487400299
cycle= 3 E= 997.883493940688  delta_E= -0.000517  |g|= 0.00969  |ddm|= 0.0661
  HOMO = -0.229694711778502  LUMO = 0.0307433307387166
cycle= 4 E= 997.883406913691  delta_E= -8.7e-05  |g|= 0.00413  |ddm|= 0.0262
  HOMO = -0.230080713858037  LUMO = 0.0315904067280235
cycle= 5 E= 997.883384839595  delta_E= -2.21e-05  |g|= 0.00113  |ddm|= 0.0149
  HOMO = -0.230266687297376  LUMO = 0.0317384987113859
cycle= 6 E= 997.88338348046  delta_E= -1.36e-06  |g|= 0.000411  |ddm|= 0.00413
  HOMO = -0.230301564438589  LUMO = 0.0317361390095407
cycle= 7 E= 997.883383361676  delta_E= -1.19e-07  |g|= 0.000186  |ddm|= 0.00104
  HOMO = -0.230312435161029  LUMO = 0.0317192796688033
cycle= 8 E= 997.883383327115  delta_E= -3.46e-08  |g|= 7.62e-05  |ddm|= 0.00061
  HOMO = -0.230314598651117  LUMO = 0.0317095302407942
cycle= 9 E= 997.883383317121  delta_E= -9.99e-09  |g|= 3.96e-05  |ddm|= 0.000394
  HOMO = -0.230309960980543  LUMO = 0.0317093162946556
cycle= 10 E= 997.883383316117  delta_E= -1e-09  |g|= 1.11e-05  |ddm|= 0.000155
  HOMO = -0.23031000172755  LUMO = 0.0317073235028551
cycle= 11 E= 997.883383315696  delta_E= -4.22e-10  |g|= 4.3e-06  |ddm|= 6.14e-05
  HOMO = -0.23030934758665  LUMO = 0.0317074452511729
Extra cycle  E= 997.883383315753  delta_E= 5.78e-11  |g|= 2.01e-06  |ddm|= 9.66e-06
converged SCF energy = 997.883383315753
Difference in energy:  -693.1534810488803
E(MP2) = 997.307282248815  E_corr = -0.576101066938708
Total energy =  -774.424560818996
time elapsed:  29.99151635169983
