

******** <class 'pyscf.dft.rks.RKS'> ********
method = RKS-RHF
initial guess = minao
damping factor = 0
level_shift factor = 0
DIIS = <class 'pyscf.scf.diis.CDIIS'>
diis_start_cycle = 1
diis_space = 8
SCF conv_tol = 1e-09
SCF conv_tol_grad = 1e-05
SCF max_cycles = 1000
direct_scf = True
direct_scf_tol = 1e-13
chkfile to save SCF result = scf.fchk
max_memory 900000 MB (current use 79 MB)
XC library pyscf.dft.libxc version 5.1.7
    S. Lehtola, C. Steigemann, M. J. Oliveira, and M. A. Marques, SoftwareX 7, 1 (2018)
XC functionals = b3lyp
    P. A. M. Dirac, Math. Proc. Cambridge Philos. Soc. 26, 376 (1930)
    F. Bloch, Z. Phys. 57, 545 (1929)
    A. D. Becke, Phys. Rev. A 38, 3098 (1988)
    C. Lee, W. Yang, and R. G. Parr, Phys. Rev. B 37, 785 (1988)
    B. Miehlich, A. Savin, H. Stoll, and H. Preuss, Chem. Phys. Lett. 157, 200 (1989)
    S. H. Vosko, L. Wilk, and M. Nusair, Can. J. Phys. 58, 1200 (1980)
small_rho_cutoff = 1e-07
init E= -777.15089848015
  HOMO = -0.225855724988398  LUMO = -0.184073531071298
cycle= 1 E= -774.658117529367  delta_E= 2.49  |g|= 1.03  |ddm|=  6.2
  HOMO = -0.0445360122076931  LUMO = -0.0152571818470107
cycle= 2 E= -771.839947208287  delta_E= 2.82  |g|= 2.72  |ddm|=  3.5
  HOMO = -0.129966540465248  LUMO = -0.0662054429225455
cycle= 3 E= -774.701831450794  delta_E= -2.86  |g|= 0.794  |ddm|= 3.27
  HOMO = -0.166478246095917  LUMO = -0.115825324305429
cycle= 4 E= -774.911416543964  delta_E= -0.21  |g|= 0.272  |ddm|= 1.43
  HOMO = -0.178414991844446  LUMO = -0.110181238869316
cycle= 5 E= -774.905697552798  delta_E= 0.00572  |g|= 0.297  |ddm|= 0.763
  HOMO = -0.17167961644831  LUMO = -0.111051672361774
cycle= 6 E= -774.93284610063  delta_E= -0.0271  |g|= 0.0967  |ddm|= 0.565
  HOMO = -0.173187580376266  LUMO = -0.109951968519612
cycle= 7 E= -774.936128900963  delta_E= -0.00328  |g|= 0.0359  |ddm|= 0.166
  HOMO = -0.172609392660158  LUMO = -0.107942459252627
cycle= 8 E= -774.936508690666  delta_E= -0.00038  |g|= 0.0138  |ddm|= 0.0534
  HOMO = -0.173513192596487  LUMO = -0.108322196345494
cycle= 9 E= -774.936563591034  delta_E= -5.49e-05  |g|= 0.00466  |ddm|= 0.022
  HOMO = -0.173655186577945  LUMO = -0.108345102494314
cycle= 10 E= -774.936568668514  delta_E= -5.08e-06  |g|= 0.00203  |ddm|= 0.0067
  HOMO = -0.173641059772146  LUMO = -0.108299766729105
cycle= 11 E= -774.936569849933  delta_E= -1.18e-06  |g|= 0.000512  |ddm|= 0.00289
  HOMO = -0.173636798655765  LUMO = -0.108280235781039
cycle= 12 E= -774.936569925494  delta_E= -7.56e-08  |g|= 0.000215  |ddm|= 0.000725
  HOMO = -0.173639249712732  LUMO = -0.108275656855048
cycle= 13 E= -774.936569939791  delta_E= -1.43e-08  |g|= 5.89e-05  |ddm|= 0.000325
  HOMO = -0.173640730303059  LUMO = -0.108276651946518
cycle= 14 E= -774.936569940299  delta_E= -5.08e-10  |g|= 3.9e-05  |ddm|= 0.000111
  HOMO = -0.173640926310814  LUMO = -0.108277612737037
cycle= 15 E= -774.936569940236  delta_E= 6.25e-11  |g|= 3.97e-05  |ddm|= 0.00011
  HOMO = -0.173641423343476  LUMO = -0.108277108322506
cycle= 16 E= -774.936569940801  delta_E= -5.65e-10  |g|= 1.05e-05  |ddm|= 7.04e-05
  HOMO = -0.173641416003552  LUMO = -0.10827703964652
cycle= 17 E= -774.936569940822  delta_E= -2.14e-11  |g|= 6.28e-06  |ddm|= 1.52e-05
  HOMO = -0.173640908557512  LUMO = -0.108276570186862
Extra cycle  E= -774.93656994076  delta_E= 6.28e-11  |g|= 1.55e-05  |ddm|= 2.6e-05
converged SCF energy = -774.93656994076
AOs:  [0, 1, 2, 3, 4, 5, 6, 7, 8, 9, 10, 11, 12, 13, 14, 15, 16, 17, 18, 19, 20, 21, 22, 23, 24, 25, 26, 27, 28, 29, 30, 31, 32, 33, 34, 35, 36, 37, 38, 39, 40, 41, 42, 43, 44, 45, 46, 47, 48, 49, 50, 51, 52, 53, 54, 55, 56, 57, 58, 59, 60, 61, 62, 63]
64

 AO indices used for projection:  [0, 1, 3, 4, 5, 14, 16, 17, 19, 20, 21, 30, 32, 33, 35, 36, 37, 46, 48, 49, 51, 52, 53, 62]
 # of orbitals to keep:  16
Number of Active MOs:  16
Number of Environment MOs:  54
Number of Virtual MOs:  244
 # electrons:            α            β
         Env:  54.00000000  54.00000000
         Act:  16.00000000  16.00000000
         Vir:  -0.00000000  -0.00000000
Number of electrons in the active space:  32

 The density matrix is idempotent!

 The density matrix is idempotent!


******** <class 'pyscf.scf.hf.RHF'> ********
method = RHF
initial guess = minao
damping factor = 0
level_shift factor = 0
DIIS = <class 'pyscf.scf.diis.CDIIS'>
diis_start_cycle = 1
diis_space = 8
SCF conv_tol = 1e-09
SCF conv_tol_grad = 1e-05
SCF max_cycles = 200
direct_scf = True
direct_scf_tol = 1e-13
chkfile to save SCF result = subsys_scf.chk
max_memory 900000 MB (current use 10674 MB)
init E= 996.348042204973
  HOMO = -0.20946841428339  LUMO = 0.0151385390338228
cycle= 1 E= 996.319474952699  delta_E= -0.0286  |g|= 0.0574  |ddm|= 0.668
  HOMO = -0.215814945450964  LUMO = 0.0163634886544399
cycle= 2 E= 996.317216946165  delta_E= -0.00226  |g|= 0.0212  |ddm|= 0.149
  HOMO = -0.215293022090613  LUMO = 0.0221320796459916
cycle= 3 E= 996.316609948729  delta_E= -0.000607  |g|= 0.0114  |ddm|= 0.0735
  HOMO = -0.21699600710027  LUMO = 0.022744560230326
cycle= 4 E= 996.31648752356  delta_E= -0.000122  |g|= 0.00468  |ddm|= 0.0325
  HOMO = -0.217642512899234  LUMO = 0.0237622225167582
cycle= 5 E= 996.316451328587  delta_E= -3.62e-05  |g|= 0.00169  |ddm|= 0.0204
  HOMO = -0.217856484420218  LUMO = 0.0239355958540074
cycle= 6 E= 996.316448411078  delta_E= -2.92e-06  |g|= 0.000699  |ddm|= 0.00609
  HOMO = -0.217896667976064  LUMO = 0.0239197006787672
cycle= 7 E= 996.316447953224  delta_E= -4.58e-07  |g|= 0.000369  |ddm|= 0.00214
  HOMO = -0.217900074546592  LUMO = 0.023883479264902
cycle= 8 E= 996.316447766715  delta_E= -1.87e-07  |g|= 0.000158  |ddm|= 0.00166
  HOMO = -0.217897637688311  LUMO = 0.0238595200817939
cycle= 9 E= 996.316447716671  delta_E= -5e-08  |g|= 6.3e-05  |ddm|= 0.0011
  HOMO = -0.217886152665717  LUMO = 0.0238592454260093
cycle= 10 E= 996.316447712478  delta_E= -4.19e-09  |g|= 1.91e-05  |ddm|= 0.00034
  HOMO = -0.217886933682827  LUMO = 0.0238554893745802
cycle= 11 E= 996.316447711924  delta_E= -5.54e-10  |g|= 7.32e-06  |ddm|= 8.16e-05
  HOMO = -0.217885801659354  LUMO = 0.0238558692662471
Extra cycle  E= 996.316447712003  delta_E= 7.81e-11  |g|= 3.53e-06  |ddm|= 1.57e-05
converged SCF energy = 996.316447712003
Difference in energy:  -696.7381203737547
E(MP2) = 995.737964617418  E_corr = -0.57848309458405
Total energy =  -774.4047310956555
time elapsed:  34.60728216171265
