

******** <class 'pyscf.dft.rks.RKS'> ********
method = RKS-RHF
initial guess = minao
damping factor = 0
level_shift factor = 0
DIIS = <class 'pyscf.scf.diis.CDIIS'>
diis_start_cycle = 1
diis_space = 8
SCF conv_tol = 1e-09
SCF conv_tol_grad = 1e-05
SCF max_cycles = 1000
direct_scf = True
direct_scf_tol = 1e-13
chkfile to save SCF result = scf.fchk
max_memory 900000 MB (current use 79 MB)
XC library pyscf.dft.libxc version 5.1.7
    S. Lehtola, C. Steigemann, M. J. Oliveira, and M. A. Marques, SoftwareX 7, 1 (2018)
XC functionals = b3lyp
    P. A. M. Dirac, Math. Proc. Cambridge Philos. Soc. 26, 376 (1930)
    F. Bloch, Z. Phys. 57, 545 (1929)
    A. D. Becke, Phys. Rev. A 38, 3098 (1988)
    C. Lee, W. Yang, and R. G. Parr, Phys. Rev. B 37, 785 (1988)
    B. Miehlich, A. Savin, H. Stoll, and H. Preuss, Chem. Phys. Lett. 157, 200 (1989)
    S. H. Vosko, L. Wilk, and M. Nusair, Can. J. Phys. 58, 1200 (1980)
small_rho_cutoff = 1e-07
init E= -777.150337469995
  HOMO = -0.221160501659441  LUMO = -0.188182106972727
cycle= 1 E= -774.612602111459  delta_E= 2.54  |g|= 1.05  |ddm|= 6.21
  HOMO = -0.0455567957441159  LUMO = -0.0136935422393164
cycle= 2 E= -770.318213587672  delta_E= 4.29  |g|= 2.94  |ddm|= 4.02
  HOMO = -0.131926906845415  LUMO = -0.0703769600507781
cycle= 3 E= -774.673601276664  delta_E= -4.36  |g|= 0.769  |ddm|=  3.8
  HOMO = -0.148359624362194  LUMO = -0.120480355109609
cycle= 4 E= -774.706119144177  delta_E= -0.0325  |g|= 0.676  |ddm|= 2.12
  HOMO = -0.169058504218207  LUMO = -0.127138103393224
cycle= 5 E= -774.853750777944  delta_E= -0.148  |g|= 0.449  |ddm|= 1.62
  HOMO = -0.156105436529126  LUMO = -0.120493387579269
cycle= 6 E= -774.893666808095  delta_E= -0.0399  |g|= 0.233  |ddm|= 1.01
  HOMO = -0.16226190709826  LUMO = -0.119978110753484
cycle= 7 E= -774.914926566387  delta_E= -0.0213  |g|= 0.103  |ddm|= 0.37
  HOMO = -0.163204112937467  LUMO = -0.115866924466316
cycle= 8 E= -774.918030426658  delta_E= -0.0031  |g|= 0.0436  |ddm|= 0.122
  HOMO = -0.165295224063432  LUMO = -0.116721151422813
cycle= 9 E= -774.918607786224  delta_E= -0.000577  |g|= 0.0247  |ddm|= 0.0627
  HOMO = -0.165354360464674  LUMO = -0.116224493053838
cycle= 10 E= -774.91880465094  delta_E= -0.000197  |g|= 0.00713  |ddm|= 0.0315
  HOMO = -0.165244032798219  LUMO = -0.116139198630519
cycle= 11 E= -774.918819703006  delta_E= -1.51e-05  |g|= 0.00341  |ddm|= 0.00827
  HOMO = -0.165243156115348  LUMO = -0.116047989924211
cycle= 12 E= -774.918824620529  delta_E= -4.92e-06  |g|= 0.001  |ddm|= 0.00762
  HOMO = -0.165302501460695  LUMO = -0.116128042497809
cycle= 13 E= -774.918824971044  delta_E= -3.51e-07  |g|= 0.000236  |ddm|= 0.00147
  HOMO = -0.16530300628979  LUMO = -0.116144514749759
cycle= 14 E= -774.918824976188  delta_E= -5.14e-09  |g|= 0.000197  |ddm|= 0.000406
  HOMO = -0.165291261191553  LUMO = -0.116131951197203
cycle= 15 E= -774.918824986643  delta_E= -1.05e-08  |g|= 2.11e-05  |ddm|= 0.000239
  HOMO = -0.165290825788686  LUMO = -0.116132581766983
cycle= 16 E= -774.918824986766  delta_E= -1.23e-10  |g|= 1.48e-05  |ddm|= 4.34e-05
  HOMO = -0.165290836353087  LUMO = -0.116132906085165
cycle= 17 E= -774.918824986819  delta_E= -5.3e-11  |g|= 5.25e-06  |ddm|= 1.97e-05
  HOMO = -0.165291368831677  LUMO = -0.116133267616375
Extra cycle  E= -774.91882498671  delta_E= 1.1e-10  |g|= 1.77e-05  |ddm|= 3.55e-05
converged SCF energy = -774.91882498671
AOs:  [0, 1, 2, 3, 4, 5, 6, 7, 8, 9, 10, 11, 12, 13, 14, 15, 16, 17, 18, 19, 20, 21, 22, 23, 24, 25, 26, 27, 28, 29, 30, 31, 32, 33, 34, 35, 36, 37, 38, 39, 40, 41, 42, 43, 44, 45, 46, 47, 48, 49, 50, 51, 52, 53, 54, 55, 56, 57, 58, 59, 60, 61, 62, 63]
64

 AO indices used for projection:  [0, 1, 3, 4, 5, 14, 16, 17, 19, 20, 21, 30, 32, 33, 35, 36, 37, 46, 48, 49, 51, 52, 53, 62]
 # of orbitals to keep:  16
Number of Active MOs:  16
Number of Environment MOs:  54
Number of Virtual MOs:  244
 # electrons:            α            β
         Env:  54.00000000  54.00000000
         Act:  16.00000000  16.00000000
         Vir:  -0.00000000  -0.00000000
Number of electrons in the active space:  32

 The density matrix is idempotent!

 The density matrix is idempotent!


******** <class 'pyscf.scf.hf.RHF'> ********
method = RHF
initial guess = minao
damping factor = 0
level_shift factor = 0
DIIS = <class 'pyscf.scf.diis.CDIIS'>
diis_start_cycle = 1
diis_space = 8
SCF conv_tol = 1e-09
SCF conv_tol_grad = 1e-05
SCF max_cycles = 200
direct_scf = True
direct_scf_tol = 1e-13
chkfile to save SCF result = subsys_scf.chk
max_memory 900000 MB (current use 10407 MB)
init E= 994.771892741652
  HOMO = -0.195108905850403  LUMO = 0.00526720071872533
cycle= 1 E= 994.742951876987  delta_E= -0.0289  |g|= 0.0596  |ddm|= 0.676
  HOMO = -0.200695423850186  LUMO = 0.006148386828809
cycle= 2 E= 994.74050441636  delta_E= -0.00245  |g|= 0.0224  |ddm|= 0.162
  HOMO = -0.200975225188887  LUMO = 0.0120129521323497
cycle= 3 E= 994.739773217027  delta_E= -0.000731  |g|= 0.0147  |ddm|= 0.0821
  HOMO = -0.202073533527395  LUMO = 0.0129220684963678
cycle= 4 E= 994.739575767021  delta_E= -0.000197  |g|= 0.0059  |ddm|= 0.043
  HOMO = -0.203190443242597  LUMO = 0.0140688368895579
cycle= 5 E= 994.739497660162  delta_E= -7.81e-05  |g|= 0.00301  |ddm|= 0.0336
  HOMO = -0.203399692479669  LUMO = 0.0142928533612423
cycle= 6 E= 994.739487542503  delta_E= -1.01e-05  |g|= 0.00149  |ddm|= 0.0118
  HOMO = -0.203421565509107  LUMO = 0.0142230639111011
cycle= 7 E= 994.739484536365  delta_E= -3.01e-06  |g|= 0.000871  |ddm|= 0.00633
  HOMO = -0.203376202585024  LUMO = 0.0141179501027375
cycle= 8 E= 994.739483040932  delta_E= -1.5e-06  |g|= 0.000356  |ddm|= 0.00593
  HOMO = -0.20335044087233  LUMO = 0.0140547403655502
cycle= 9 E= 994.739482744043  delta_E= -2.97e-07  |g|= 0.000106  |ddm|= 0.00332
  HOMO = -0.203322410981099  LUMO = 0.0140515646365875
cycle= 10 E= 994.73948272933  delta_E= -1.47e-08  |g|= 3.34e-05  |ddm|= 0.000791
  HOMO = -0.203325234106501  LUMO = 0.0140438314810379
cycle= 11 E= 994.739482728503  delta_E= -8.27e-10  |g|= 1.51e-05  |ddm|= 0.000118
  HOMO = -0.203323570377183  LUMO = 0.0140446574548042
cycle= 12 E= 994.739482728193  delta_E= -3.1e-10  |g|= 3.76e-06  |ddm|= 3.73e-05
  HOMO = -0.203323479432893  LUMO = 0.0140442752441024
Extra cycle  E= 994.73948272819  delta_E= -2.16e-12  |g|= 1.81e-06  |ddm|= 1.09e-05
converged SCF energy = 994.73948272819
Difference in energy:  -700.6811554085598
E(MP2) = 994.15876717958  E_corr = -0.580715548610733
Total energy =  -774.3829349745985
time elapsed:  30.941370487213135
