

******** <class 'pyscf.dft.rks.RKS'> ********
method = RKS-RHF
initial guess = minao
damping factor = 0
level_shift factor = 0
DIIS = <class 'pyscf.scf.diis.CDIIS'>
diis_start_cycle = 1
diis_space = 8
SCF conv_tol = 1e-09
SCF conv_tol_grad = 1e-05
SCF max_cycles = 1000
direct_scf = True
direct_scf_tol = 1e-13
chkfile to save SCF result = scf.fchk
max_memory 900000 MB (current use 79 MB)
XC library pyscf.dft.libxc version 5.1.7
    S. Lehtola, C. Steigemann, M. J. Oliveira, and M. A. Marques, SoftwareX 7, 1 (2018)
XC functionals = b3lyp
    P. A. M. Dirac, Math. Proc. Cambridge Philos. Soc. 26, 376 (1930)
    F. Bloch, Z. Phys. 57, 545 (1929)
    A. D. Becke, Phys. Rev. A 38, 3098 (1988)
    C. Lee, W. Yang, and R. G. Parr, Phys. Rev. B 37, 785 (1988)
    B. Miehlich, A. Savin, H. Stoll, and H. Preuss, Chem. Phys. Lett. 157, 200 (1989)
    S. H. Vosko, L. Wilk, and M. Nusair, Can. J. Phys. 58, 1200 (1980)
small_rho_cutoff = 1e-07
init E= -777.150152729018
  HOMO = -0.219610925477568  LUMO = -0.189527613546368
cycle= 1 E= -774.590395999587  delta_E= 2.56  |g|= 1.06  |ddm|= 6.21
  HOMO = -0.0398795207517039  LUMO = -0.00409396471707803
cycle= 2 E= -770.056873825175  delta_E= 4.53  |g|= 2.98  |ddm|= 4.11
  HOMO = -0.123949651863206  LUMO = -0.0751235715435269
cycle= 3 E= -774.664122330733  delta_E= -4.61  |g|= 0.766  |ddm|= 3.88
  HOMO = -0.139792997264034  LUMO = -0.120412805453862
cycle= 4 E= -774.607670462803  delta_E= 0.0565  |g|= 0.771  |ddm|= 2.31
  HOMO = -0.162650989126904  LUMO = -0.133459199967728
cycle= 5 E= -774.81846472035  delta_E= -0.211  |g|= 0.511  |ddm|=    2
  HOMO = -0.148519097937294  LUMO = -0.125748859838332
cycle= 6 E= -774.830966751795  delta_E= -0.0125  |g|= 0.397  |ddm|= 1.51
  HOMO = -0.153733779791525  LUMO = -0.126998123923694
cycle= 7 E= -774.900279560292  delta_E= -0.0693  |g|= 0.147  |ddm|= 0.608
  HOMO = -0.155932976365516  LUMO = -0.120860067689074
cycle= 8 E= -774.904667079023  delta_E= -0.00439  |g|= 0.109  |ddm|= 0.154
  HOMO = -0.160097099517881  LUMO = -0.121419182588976
cycle= 9 E= -774.907927194165  delta_E= -0.00326  |g|= 0.0671  |ddm|= 0.118
  HOMO = -0.160271346823283  LUMO = -0.12026768847218
cycle= 10 E= -774.909131305788  delta_E= -0.0012  |g|= 0.0363  |ddm|= 0.061
  HOMO = -0.160413553225729  LUMO = -0.120190917008369
cycle= 11 E= -774.909628959273  delta_E= -0.000498  |g|= 0.0163  |ddm|= 0.0431
  HOMO = -0.160633204616277  LUMO = -0.120172903288999
cycle= 12 E= -774.909736997454  delta_E= -0.000108  |g|= 0.00403  |ddm|= 0.0358
  HOMO = -0.16073020838617  LUMO = -0.120395897268531
cycle= 13 E= -774.909743647032  delta_E= -6.65e-06  |g|= 0.00155  |ddm|= 0.00917
  HOMO = -0.160703144259351  LUMO = -0.120403844772048
cycle= 14 E= -774.909744068824  delta_E= -4.22e-07  |g|= 0.00108  |ddm|= 0.00212
  HOMO = -0.16068081353659  LUMO = -0.120355432015877
cycle= 15 E= -774.909744405843  delta_E= -3.37e-07  |g|= 0.000425  |ddm|= 0.00121
  HOMO = -0.160694254905243  LUMO = -0.120365550137071
cycle= 16 E= -774.909744484378  delta_E= -7.85e-08  |g|= 7.35e-05  |ddm|= 0.000794
  HOMO = -0.160691931318014  LUMO = -0.120365421297665
cycle= 17 E= -774.909744485579  delta_E= -1.2e-09  |g|= 3.67e-05  |ddm|= 0.000116
  HOMO = -0.16069175877416  LUMO = -0.120366603115006
cycle= 18 E= -774.909744485929  delta_E= -3.51e-10  |g|= 1.64e-05  |ddm|= 5.7e-05
  HOMO = -0.160691098119109  LUMO = -0.120366476169981
cycle= 19 E= -774.909744486042  delta_E= -1.12e-10  |g|= 5.49e-06  |ddm|= 2.66e-05
  HOMO = -0.160690943343267  LUMO = -0.120366916399928
Extra cycle  E= -774.909744485874  delta_E= 1.68e-10  |g|= 2.07e-05  |ddm|= 4.37e-05
converged SCF energy = -774.909744485874
AOs:  [0, 1, 2, 3, 4, 5, 6, 7, 8, 9, 10, 11, 12, 13, 14, 15, 16, 17, 18, 19, 20, 21, 22, 23, 24, 25, 26, 27, 28, 29, 30, 31, 32, 33, 34, 35, 36, 37, 38, 39, 40, 41, 42, 43, 44, 45, 46, 47, 48, 49, 50, 51, 52, 53, 54, 55, 56, 57, 58, 59, 60, 61, 62, 63]
64

 AO indices used for projection:  [0, 1, 3, 4, 5, 14, 16, 17, 19, 20, 21, 30, 32, 33, 35, 36, 37, 46, 48, 49, 51, 52, 53, 62]
 # of orbitals to keep:  15
Number of Active MOs:  15
Number of Environment MOs:  55
Number of Virtual MOs:  244
 # electrons:            α            β
         Env:  55.00000000  55.00000000
         Act:  15.00000000  15.00000000
         Vir:  -0.00000000  -0.00000000
Number of electrons in the active space:  30

 The density matrix is idempotent!

 The density matrix is idempotent!


******** <class 'pyscf.scf.hf.RHF'> ********
method = RHF
initial guess = minao
damping factor = 0
level_shift factor = 0
DIIS = <class 'pyscf.scf.diis.CDIIS'>
diis_start_cycle = 1
diis_space = 8
SCF conv_tol = 1e-09
SCF conv_tol_grad = 1e-05
SCF max_cycles = 200
direct_scf = True
direct_scf_tol = 1e-13
chkfile to save SCF result = subsys_scf.chk
max_memory 900000 MB (current use 10412 MB)
init E= 1007.84640374491
  HOMO = -0.323026615125709  LUMO = 0.0180575899977831
cycle= 1 E= 1007.81873346929  delta_E= -0.0277  |g|= 0.0596  |ddm|= 0.624
  HOMO = -0.3244943078635  LUMO = 0.0136932850290093
cycle= 2 E= 1007.8166566052  delta_E= -0.00208  |g|= 0.0218  |ddm|= 0.134
  HOMO = -0.323112522504917  LUMO = 0.013610825823283
cycle= 3 E= 1007.81616077841  delta_E= -0.000496  |g|= 0.0118  |ddm|= 0.0591
  HOMO = -0.32232346495943  LUMO = 0.0133257335336654
cycle= 4 E= 1007.81605636381  delta_E= -0.000104  |g|= 0.00419  |ddm|= 0.0276
  HOMO = -0.32285062834419  LUMO = 0.0128311052188051
cycle= 5 E= 1007.81602810526  delta_E= -2.83e-05  |g|= 0.0015  |ddm|= 0.0169
  HOMO = -0.322570270172994  LUMO = 0.0127964283514052
cycle= 6 E= 1007.81602585167  delta_E= -2.25e-06  |g|= 0.000483  |ddm|= 0.00504
  HOMO = -0.322627719498478  LUMO = 0.0127701837211435
cycle= 7 E= 1007.81602565413  delta_E= -1.98e-07  |g|= 0.000148  |ddm|= 0.00133
  HOMO = -0.322661752597424  LUMO = 0.0127645977915156
cycle= 8 E= 1007.81602561999  delta_E= -3.41e-08  |g|= 6.31e-05  |ddm|= 0.000576
  HOMO = -0.322658606486325  LUMO = 0.0127660923241178
cycle= 9 E= 1007.81602561567  delta_E= -4.33e-09  |g|= 1.85e-05  |ddm|= 0.000204
  HOMO = -0.322663436324654  LUMO = 0.0127676923669863
cycle= 10 E= 1007.81602561526  delta_E= -4.05e-10  |g|= 6.57e-06  |ddm|= 6.69e-05
  HOMO = -0.322663229279866  LUMO = 0.012767748231683
Extra cycle  E= 1007.81602561537  delta_E= 1.09e-10  |g|= 2.79e-06  |ddm|= 1.15e-05
converged SCF energy = 1007.81602561537
Difference in energy:  -628.7272295236016
E(MP2) = 1007.32377240552  E_corr = -0.492253209850782
Total energy =  -774.400057918632
time elapsed:  33.356563329696655
