

******** <class 'pyscf.dft.rks.RKS'> ********
method = RKS-RHF
initial guess = minao
damping factor = 0
level_shift factor = 0
DIIS = <class 'pyscf.scf.diis.CDIIS'>
diis_start_cycle = 1
diis_space = 8
SCF conv_tol = 1e-09
SCF conv_tol_grad = 1e-05
SCF max_cycles = 1000
direct_scf = True
direct_scf_tol = 1e-13
chkfile to save SCF result = scf.fchk
max_memory 900000 MB (current use 79 MB)
XC library pyscf.dft.libxc version 5.1.7
    S. Lehtola, C. Steigemann, M. J. Oliveira, and M. A. Marques, SoftwareX 7, 1 (2018)
XC functionals = b3lyp
    P. A. M. Dirac, Math. Proc. Cambridge Philos. Soc. 26, 376 (1930)
    F. Bloch, Z. Phys. 57, 545 (1929)
    A. D. Becke, Phys. Rev. A 38, 3098 (1988)
    C. Lee, W. Yang, and R. G. Parr, Phys. Rev. B 37, 785 (1988)
    B. Miehlich, A. Savin, H. Stoll, and H. Preuss, Chem. Phys. Lett. 157, 200 (1989)
    S. H. Vosko, L. Wilk, and M. Nusair, Can. J. Phys. 58, 1200 (1980)
small_rho_cutoff = 1e-07
init E= -777.150122124015
  HOMO = -0.219406092909273  LUMO = -0.189702762181174
cycle= 1 E= -774.587090817051  delta_E= 2.56  |g|= 1.06  |ddm|= 6.21
  HOMO = -0.0377463862406034  LUMO = -0.00271204881206615
cycle= 2 E= -770.027843770182  delta_E= 4.56  |g|= 2.99  |ddm|= 4.12
  HOMO = -0.122500054786152  LUMO = -0.0760152941522597
cycle= 3 E= -774.662252679577  delta_E= -4.63  |g|= 0.765  |ddm|= 3.89
  HOMO = -0.138091842340885  LUMO = -0.120041713756467
cycle= 4 E= -774.591430356942  delta_E= 0.0708  |g|= 0.785  |ddm|= 2.35
  HOMO = -0.161280393084491  LUMO = -0.134660056577771
cycle= 5 E= -774.810264835522  delta_E= -0.219  |g|= 0.522  |ddm|= 2.07
  HOMO = -0.147087691046344  LUMO = -0.126598908910601
cycle= 6 E= -774.802691732355  delta_E= 0.00757  |g|= 0.451  |ddm|= 1.68
  HOMO = -0.151387526970782  LUMO = -0.128864960821305
cycle= 7 E= -774.896213161876  delta_E= -0.0935  |g|= 0.16  |ddm|= 0.716
  HOMO = -0.154218411406749  LUMO = -0.12205033734229
cycle= 8 E= -774.901122169891  delta_E= -0.00491  |g|= 0.126  |ddm|= 0.162
  HOMO = -0.158822683175445  LUMO = -0.122374006274827
cycle= 9 E= -774.904760778599  delta_E= -0.00364  |g|= 0.0871  |ddm|= 0.122
  HOMO = -0.159089714461497  LUMO = -0.120994205828041
cycle= 10 E= -774.90649923138  delta_E= -0.00174  |g|= 0.0553  |ddm|= 0.0676
  HOMO = -0.159336221801339  LUMO = -0.120943145282057
cycle= 11 E= -774.907670352137  delta_E= -0.00117  |g|= 0.0246  |ddm|= 0.0673
  HOMO = -0.159591989504551  LUMO = -0.120940364518192
cycle= 12 E= -774.90791412362  delta_E= -0.000244  |g|= 0.00597  |ddm|= 0.0492
  HOMO = -0.15979541294376  LUMO = -0.121298175737848
cycle= 13 E= -774.907922959211  delta_E= -8.84e-06  |g|= 0.00334  |ddm|= 0.0126
  HOMO = -0.159750504700374  LUMO = -0.121278234549038
cycle= 14 E= -774.907925405058  delta_E= -2.45e-06  |g|= 0.00207  |ddm|= 0.0036
  HOMO = -0.159724777468652  LUMO = -0.121212100125943
cycle= 15 E= -774.907926947007  delta_E= -1.54e-06  |g|= 0.0007  |ddm|= 0.00264
  HOMO = -0.159748633700806  LUMO = -0.121231669802395
cycle= 16 E= -774.907927159084  delta_E= -2.12e-07  |g|= 0.000115  |ddm|= 0.00145
  HOMO = -0.159743159886904  LUMO = -0.121230433711719
cycle= 17 E= -774.907927162154  delta_E= -3.07e-09  |g|= 7.23e-05  |ddm|= 0.000207
  HOMO = -0.159743213569148  LUMO = -0.121232606450937
cycle= 18 E= -774.907927163497  delta_E= -1.34e-09  |g|= 2.75e-05  |ddm|= 9.19e-05
  HOMO = -0.159742020018953  LUMO = -0.121232271390355
cycle= 19 E= -774.907927163827  delta_E= -3.3e-10  |g|= 6.32e-06  |ddm|= 4.76e-05
  HOMO = -0.159742146755957  LUMO = -0.12123322698957
Extra cycle  E= -774.907927163663  delta_E= 1.64e-10  |g|= 2.08e-05  |ddm|= 4.69e-05
converged SCF energy = -774.907927163663
AOs:  [0, 1, 2, 3, 4, 5, 6, 7, 8, 9, 10, 11, 12, 13, 14, 15, 16, 17, 18, 19, 20, 21, 22, 23, 24, 25, 26, 27, 28, 29, 30, 31, 32, 33, 34, 35, 36, 37, 38, 39, 40, 41, 42, 43, 44, 45, 46, 47, 48, 49, 50, 51, 52, 53, 54, 55, 56, 57, 58, 59, 60, 61, 62, 63]
64

 AO indices used for projection:  [0, 1, 3, 4, 5, 14, 16, 17, 19, 20, 21, 30, 32, 33, 35, 36, 37, 46, 48, 49, 51, 52, 53, 62]
 # of orbitals to keep:  16
Number of Active MOs:  16
Number of Environment MOs:  54
Number of Virtual MOs:  244
 # electrons:            α            β
         Env:  54.00000000  54.00000000
         Act:  16.00000000  16.00000000
         Vir:  -0.00000000  -0.00000000
Number of electrons in the active space:  32

 The density matrix is idempotent!

 The density matrix is idempotent!


******** <class 'pyscf.scf.hf.RHF'> ********
method = RHF
initial guess = minao
damping factor = 0
level_shift factor = 0
DIIS = <class 'pyscf.scf.diis.CDIIS'>
diis_start_cycle = 1
diis_space = 8
SCF conv_tol = 1e-09
SCF conv_tol_grad = 1e-05
SCF max_cycles = 200
direct_scf = True
direct_scf_tol = 1e-13
chkfile to save SCF result = subsys_scf.chk
max_memory 900000 MB (current use 10680 MB)
init E= 993.848934173
  HOMO = -0.185651898453373  LUMO = -0.00106346175386861
cycle= 1 E= 993.819639030693  delta_E= -0.0293  |g|= 0.062  |ddm|= 0.683
  HOMO = -0.190419530245102  LUMO = -0.000649392507903407
cycle= 2 E= 993.817028501739  delta_E= -0.00261  |g|= 0.0235  |ddm|= 0.174
  HOMO = -0.191423562860727  LUMO = 0.00509218718971677
cycle= 3 E= 993.816191039257  delta_E= -0.000837  |g|= 0.018  |ddm|= 0.0884
  HOMO = -0.191992519007451  LUMO = 0.00624183356816322
cycle= 4 E= 993.815903671331  delta_E= -0.000287  |g|= 0.00768  |ddm|= 0.053
  HOMO = -0.193415971865114  LUMO = 0.00739016610644755
cycle= 5 E= 993.815756775471  delta_E= -0.000147  |g|= 0.0046  |ddm|= 0.0498
  HOMO = -0.193563880656135  LUMO = 0.00766976916161344
cycle= 6 E= 993.815728221979  delta_E= -2.86e-05  |g|= 0.00258  |ddm|= 0.0208
  HOMO = -0.193534545335209  LUMO = 0.00748300109850817
cycle= 7 E= 993.815716158732  delta_E= -1.21e-05  |g|= 0.00158  |ddm|= 0.0143
  HOMO = -0.193361316931535  LUMO = 0.00727384224387652
cycle= 8 E= 993.815709645743  delta_E= -6.51e-06  |g|= 0.000635  |ddm|= 0.0146
  HOMO = -0.193307093268122  LUMO = 0.00712377392794675
cycle= 9 E= 993.815708520102  delta_E= -1.13e-06  |g|= 0.000204  |ddm|= 0.00737
  HOMO = -0.193249385984766  LUMO = 0.007121285189384
cycle= 10 E= 993.815708468084  delta_E= -5.2e-08  |g|= 6.68e-05  |ddm|= 0.00152
  HOMO = -0.193247545326996  LUMO = 0.00710463992168051
cycle= 11 E= 993.815708463765  delta_E= -4.32e-09  |g|= 2.43e-05  |ddm|= 0.000404
  HOMO = -0.193246622005513  LUMO = 0.00710520876821017
cycle= 12 E= 993.815708463222  delta_E= -5.43e-10  |g|= 6.27e-06  |ddm|= 7.71e-05
  HOMO = -0.193246108078464  LUMO = 0.00710491199026145
Extra cycle  E= 993.815708463041  delta_E= -1.81e-10  |g|= 2.93e-06  |ddm|= 1.93e-05
converged SCF energy = 993.815708463041
Difference in energy:  -703.2569163005072
E(MP2) = 993.234405820414  E_corr = -0.581302642626545
Total energy =  -774.3685195127476
time elapsed:  32.418984174728394
