

******** <class 'pyscf.dft.rks.RKS'> ********
method = RKS-RHF
initial guess = minao
damping factor = 0
level_shift factor = 0
DIIS = <class 'pyscf.scf.diis.CDIIS'>
diis_start_cycle = 1
diis_space = 8
SCF conv_tol = 1e-09
SCF conv_tol_grad = 1e-05
SCF max_cycles = 1000
direct_scf = True
direct_scf_tol = 1e-13
chkfile to save SCF result = scf.fchk
max_memory 900000 MB (current use 79 MB)
XC library pyscf.dft.libxc version 5.1.7
    S. Lehtola, C. Steigemann, M. J. Oliveira, and M. A. Marques, SoftwareX 7, 1 (2018)
XC functionals = b3lyp
    P. A. M. Dirac, Math. Proc. Cambridge Philos. Soc. 26, 376 (1930)
    F. Bloch, Z. Phys. 57, 545 (1929)
    A. D. Becke, Phys. Rev. A 38, 3098 (1988)
    C. Lee, W. Yang, and R. G. Parr, Phys. Rev. B 37, 785 (1988)
    B. Miehlich, A. Savin, H. Stoll, and H. Preuss, Chem. Phys. Lett. 157, 200 (1989)
    S. H. Vosko, L. Wilk, and M. Nusair, Can. J. Phys. 58, 1200 (1980)
small_rho_cutoff = 1e-07
init E= -777.150093523339
  HOMO = -0.219241698746045  LUMO = -0.189841575488024
cycle= 1 E= -774.584392458855  delta_E= 2.57  |g|= 1.06  |ddm|= 6.21
  HOMO = -0.0360135333186674  LUMO = -0.00161121219742291
cycle= 2 E= -770.005087023709  delta_E= 4.58  |g|=    3  |ddm|= 4.13
  HOMO = -0.121266420576189  LUMO = -0.0767774110184327
cycle= 3 E= -774.660353336134  delta_E= -4.66  |g|= 0.765  |ddm|=  3.9
  HOMO = -0.13659238829806  LUMO = -0.11963660285264
cycle= 4 E= -774.578008881812  delta_E= 0.0823  |g|= 0.796  |ddm|= 2.37
  HOMO = -0.159990018411042  LUMO = -0.135764741153422
cycle= 5 E= -774.801591249655  delta_E= -0.224  |g|= 0.532  |ddm|= 2.14
  HOMO = -0.145831694562874  LUMO = -0.127249925870033
cycle= 6 E= -774.76556999495  delta_E= 0.036  |g|= 0.508  |ddm|= 1.86
  HOMO = -0.148814872719537  LUMO = -0.131036561194153
cycle= 7 E= -774.891905389806  delta_E= -0.126  |g|= 0.174  |ddm|= 0.866
  HOMO = -0.152498062352952  LUMO = -0.123422947987536
cycle= 8 E= -774.897755758116  delta_E= -0.00585  |g|= 0.139  |ddm|= 0.17
  HOMO = -0.157406173416217  LUMO = -0.123394155981401
cycle= 9 E= -774.900266711283  delta_E= -0.00251  |g|= 0.117  |ddm|= 0.119
  HOMO = -0.157807216865309  LUMO = -0.121657178843348
cycle= 10 E= -774.902507324354  delta_E= -0.00224  |g|= 0.0879  |ddm|= 0.071
  HOMO = -0.158019447271565  LUMO = -0.121641592507669
cycle= 11 E= -774.905196080093  delta_E= -0.00269  |g|= 0.0464  |ddm|= 0.0942
  HOMO = -0.158272770489621  LUMO = -0.121504064564437
cycle= 12 E= -774.906046821377  delta_E= -0.000851  |g|= 0.0151  |ddm|= 0.0755
  HOMO = -0.158872981913248  LUMO = -0.122303439511311
cycle= 13 E= -774.906077995281  delta_E= -3.12e-05  |g|= 0.00923  |ddm|= 0.0168
  HOMO = -0.158800635848145  LUMO = -0.122161207328881
cycle= 14 E= -774.906105048938  delta_E= -2.71e-05  |g|= 0.004  |ddm|= 0.0099
  HOMO = -0.158749818053533  LUMO = -0.12205018604211
cycle= 15 E= -774.906111204961  delta_E= -6.16e-06  |g|= 0.00133  |ddm|= 0.0054
  HOMO = -0.158798885051666  LUMO = -0.122102741005996
cycle= 16 E= -774.906111924349  delta_E= -7.19e-07  |g|= 0.000282  |ddm|= 0.00291
  HOMO = -0.158785487230369  LUMO = -0.12210043266282
cycle= 17 E= -774.906111949957  delta_E= -2.56e-08  |g|= 0.000177  |ddm|= 0.000563
  HOMO = -0.158786151234475  LUMO = -0.12210408529078
cycle= 18 E= -774.906111957647  delta_E= -7.69e-09  |g|= 4.82e-05  |ddm|= 0.000208
  HOMO = -0.158783567851933  LUMO = -0.122102885055409
cycle= 19 E= -774.906111958317  delta_E= -6.7e-10  |g|= 3.19e-05  |ddm|= 0.000119
  HOMO = -0.158783780447637  LUMO = -0.122104104217401
cycle= 20 E= -774.906111958616  delta_E= -2.99e-10  |g|= 1.37e-05  |ddm|= 4.26e-05
  HOMO = -0.158784085070579  LUMO = -0.122104572948779
cycle= 21 E= -774.906111958675  delta_E= -5.84e-11  |g|= 8.17e-06  |ddm|= 2.86e-05
  HOMO = -0.158783913854396  LUMO = -0.12210459301706
Extra cycle  E= -774.906111958607  delta_E= 6.71e-11  |g|= 1.82e-05  |ddm|= 2.63e-05
converged SCF energy = -774.906111958607
AOs:  [0, 1, 2, 3, 4, 5, 6, 7, 8, 9, 10, 11, 12, 13, 14, 15, 16, 17, 18, 19, 20, 21, 22, 23, 24, 25, 26, 27, 28, 29, 30, 31, 32, 33, 34, 35, 36, 37, 38, 39, 40, 41, 42, 43, 44, 45, 46, 47, 48, 49, 50, 51, 52, 53, 54, 55, 56, 57, 58, 59, 60, 61, 62, 63]
64

 AO indices used for projection:  [0, 1, 3, 4, 5, 14, 16, 17, 19, 20, 21, 30, 32, 33, 35, 36, 37, 46, 48, 49, 51, 52, 53, 62]
 # of orbitals to keep:  15
Number of Active MOs:  15
Number of Environment MOs:  55
Number of Virtual MOs:  244
 # electrons:            α            β
         Env:  55.00000000  55.00000000
         Act:  15.00000000  15.00000000
         Vir:   0.00000000   0.00000000
Number of electrons in the active space:  30

 The density matrix is idempotent!

 The density matrix is idempotent!


******** <class 'pyscf.scf.hf.RHF'> ********
method = RHF
initial guess = minao
damping factor = 0
level_shift factor = 0
DIIS = <class 'pyscf.scf.diis.CDIIS'>
diis_start_cycle = 1
diis_space = 8
SCF conv_tol = 1e-09
SCF conv_tol_grad = 1e-05
SCF max_cycles = 200
direct_scf = True
direct_scf_tol = 1e-13
chkfile to save SCF result = subsys_scf.chk
max_memory 900000 MB (current use 10406 MB)
init E= 1007.49089721642
  HOMO = -0.323456913395322  LUMO = 0.0165079235393985
cycle= 1 E= 1007.46308950449  delta_E= -0.0278  |g|= 0.0598  |ddm|= 0.625
  HOMO = -0.324229864568044  LUMO = 0.0122445136491263
cycle= 2 E= 1007.46098166431  delta_E= -0.00211  |g|= 0.022  |ddm|= 0.134
  HOMO = -0.322869983565045  LUMO = 0.0121887367480895
cycle= 3 E= 1007.46047548837  delta_E= -0.000506  |g|= 0.0121  |ddm|= 0.0593
  HOMO = -0.321900604041696  LUMO = 0.0119289171602546
cycle= 4 E= 1007.46036744744  delta_E= -0.000108  |g|= 0.00426  |ddm|= 0.0279
  HOMO = -0.322405046856832  LUMO = 0.0114299121343605
cycle= 5 E= 1007.46033790078  delta_E= -2.95e-05  |g|= 0.00154  |ddm|= 0.0172
  HOMO = -0.322101985634471  LUMO = 0.011396698580449
cycle= 6 E= 1007.46033546385  delta_E= -2.44e-06  |g|= 0.000505  |ddm|= 0.00521
  HOMO = -0.32215687602664  LUMO = 0.0113697581593986
cycle= 7 E= 1007.46033523903  delta_E= -2.25e-07  |g|= 0.000157  |ddm|= 0.00142
  HOMO = -0.322192855080267  LUMO = 0.0113641397685952
cycle= 8 E= 1007.46033519927  delta_E= -3.98e-08  |g|= 6.7e-05  |ddm|= 0.00062
  HOMO = -0.322189635709666  LUMO = 0.0113659706401082
cycle= 9 E= 1007.46033519444  delta_E= -4.82e-09  |g|= 1.94e-05  |ddm|= 0.000221
  HOMO = -0.322194879365544  LUMO = 0.0113676538847971
cycle= 10 E= 1007.46033519372  delta_E= -7.26e-10  |g|= 6.84e-06  |ddm|= 7.16e-05
  HOMO = -0.322194680381946  LUMO = 0.0113677182681505
Extra cycle  E= 1007.46033519368  delta_E= -3.52e-11  |g|= 2.87e-06  |ddm|= 1.19e-05
converged SCF energy = 1007.46033519368
Difference in energy:  -628.3373690919174
E(MP2) = 1006.9675258608  E_corr = -0.492809332883197
Total energy =  -774.3976027960214
time elapsed:  36.55252242088318
