

******** <class 'pyscf.dft.rks.RKS'> ********
method = RKS-RHF
initial guess = minao
damping factor = 0
level_shift factor = 0
DIIS = <class 'pyscf.scf.diis.CDIIS'>
diis_start_cycle = 1
diis_space = 8
SCF conv_tol = 1e-09
SCF conv_tol_grad = 1e-05
SCF max_cycles = 1000
direct_scf = True
direct_scf_tol = 1e-13
chkfile to save SCF result = scf.fchk
max_memory 900000 MB (current use 79 MB)
XC library pyscf.dft.libxc version 5.1.7
    S. Lehtola, C. Steigemann, M. J. Oliveira, and M. A. Marques, SoftwareX 7, 1 (2018)
XC functionals = b3lyp
    P. A. M. Dirac, Math. Proc. Cambridge Philos. Soc. 26, 376 (1930)
    F. Bloch, Z. Phys. 57, 545 (1929)
    A. D. Becke, Phys. Rev. A 38, 3098 (1988)
    C. Lee, W. Yang, and R. G. Parr, Phys. Rev. B 37, 785 (1988)
    B. Miehlich, A. Savin, H. Stoll, and H. Preuss, Chem. Phys. Lett. 157, 200 (1989)
    S. H. Vosko, L. Wilk, and M. Nusair, Can. J. Phys. 58, 1200 (1980)
small_rho_cutoff = 1e-07
init E= -777.150066905495
  HOMO = -0.219119519942396  LUMO = -0.189942400009888
cycle= 1 E= -774.582386934202  delta_E= 2.57  |g|= 1.06  |ddm|= 6.21
  HOMO = -0.0347401748200768  LUMO = -0.000797292969339449
cycle= 2 E= -769.988855142866  delta_E= 4.59  |g|=    3  |ddm|= 4.14
  HOMO = -0.120309766323029  LUMO = -0.077364488275013
cycle= 3 E= -774.658642814851  delta_E= -4.67  |g|= 0.765  |ddm|=  3.9
  HOMO = -0.135397076524504  LUMO = -0.11927043440861
cycle= 4 E= -774.567946610843  delta_E= 0.0907  |g|= 0.805  |ddm|= 2.39
  HOMO = -0.158893538514068  LUMO = -0.136690361639085
cycle= 5 E= -774.792956017149  delta_E= -0.225  |g|= 0.542  |ddm|= 2.19
  HOMO = -0.144858965182978  LUMO = -0.12764133566292
cycle= 6 E= -774.723299628877  delta_E= 0.0697  |g|= 0.56  |ddm|= 2.05
  HOMO = -0.146066440838753  LUMO = -0.133604062173153
cycle= 7 E= -774.888430019249  delta_E= -0.165  |g|= 0.182  |ddm|= 1.07
  HOMO = -0.150871507881671  LUMO = -0.125192620447924
cycle= 8 E= -774.896529177578  delta_E= -0.0081  |g|= 0.134  |ddm|= 0.183
  HOMO = -0.156030656252753  LUMO = -0.124648647588856
cycle= 9 E= -774.895375167623  delta_E= 0.00115  |g|= 0.143  |ddm|= 0.127
  HOMO = -0.156627296039417  LUMO = -0.122458398670932
cycle= 10 E= -774.896883776567  delta_E= -0.00151  |g|= 0.126  |ddm|= 0.0662
  HOMO = -0.156390735946122  LUMO = -0.122291801672131
cycle= 11 E= -774.900201406582  delta_E= -0.00332  |g|= 0.0971  |ddm|= 0.0803
  HOMO = -0.156101298852706  LUMO = -0.12137345977106
cycle= 12 E= -774.903065360705  delta_E= -0.00286  |g|= 0.0585  |ddm|=  0.1
  HOMO = -0.157861674333978  LUMO = -0.123885252343798
cycle= 13 E= -774.903659198663  delta_E= -0.000594  |g|= 0.0389  |ddm|= 0.0426
  HOMO = -0.157872510053127  LUMO = -0.122978270550796
cycle= 14 E= -774.904233472969  delta_E= -0.000574  |g|= 0.0119  |ddm|= 0.0476
  HOMO = -0.157758366545983  LUMO = -0.122787418920202
cycle= 15 E= -774.904294572279  delta_E= -6.11e-05  |g|= 0.00375  |ddm|= 0.0184
  HOMO = -0.157877028404019  LUMO = -0.122966084118622
cycle= 16 E= -774.904298994019  delta_E= -4.42e-06  |g|= 0.00148  |ddm|= 0.00905
  HOMO = -0.157826071051417  LUMO = -0.122974174219519
cycle= 17 E= -774.904299923064  delta_E= -9.29e-07  |g|= 0.000561  |ddm|= 0.00254
  HOMO = -0.157823610459375  LUMO = -0.122980646844714
cycle= 18 E= -774.90429999737  delta_E= -7.43e-08  |g|= 0.000303  |ddm|= 0.000911
  HOMO = -0.157813967419428  LUMO = -0.122973349006576
cycle= 19 E= -774.904300011152  delta_E= -1.38e-08  |g|= 0.000216  |ddm|= 0.000625
  HOMO = -0.157817093853423  LUMO = -0.122979325170177
cycle= 20 E= -774.904300026564  delta_E= -1.54e-08  |g|= 6.69e-05  |ddm|= 0.000259
  HOMO = -0.157818251219088  LUMO = -0.122982043252489
cycle= 21 E= -774.904300028402  delta_E= -1.84e-09  |g|= 2.21e-05  |ddm|= 0.000143
  HOMO = -0.157816960764989  LUMO = -0.122981015365267
cycle= 22 E= -774.904300028521  delta_E= -1.18e-10  |g|= 3.84e-06  |ddm|= 2.45e-05
  HOMO = -0.157817465270785  LUMO = -0.122981647446244
Extra cycle  E= -774.904300028507  delta_E= 1.36e-11  |g|= 7.85e-06  |ddm|= 1.5e-05
converged SCF energy = -774.904300028507
AOs:  [0, 1, 2, 3, 4, 5, 6, 7, 8, 9, 10, 11, 12, 13, 14, 15, 16, 17, 18, 19, 20, 21, 22, 23, 24, 25, 26, 27, 28, 29, 30, 31, 32, 33, 34, 35, 36, 37, 38, 39, 40, 41, 42, 43, 44, 45, 46, 47, 48, 49, 50, 51, 52, 53, 54, 55, 56, 57, 58, 59, 60, 61, 62, 63]
64

 AO indices used for projection:  [0, 1, 3, 4, 5, 14, 16, 17, 19, 20, 21, 30, 32, 33, 35, 36, 37, 46, 48, 49, 51, 52, 53, 62]
 # of orbitals to keep:  15
Number of Active MOs:  15
Number of Environment MOs:  55
Number of Virtual MOs:  244
 # electrons:            α            β
         Env:  55.00000000  55.00000000
         Act:  15.00000000  15.00000000
         Vir:   0.00000000   0.00000000
Number of electrons in the active space:  30

 The density matrix is idempotent!

 The density matrix is idempotent!


******** <class 'pyscf.scf.hf.RHF'> ********
method = RHF
initial guess = minao
damping factor = 0
level_shift factor = 0
DIIS = <class 'pyscf.scf.diis.CDIIS'>
diis_start_cycle = 1
diis_space = 8
SCF conv_tol = 1e-09
SCF conv_tol_grad = 1e-05
SCF max_cycles = 200
direct_scf = True
direct_scf_tol = 1e-13
chkfile to save SCF result = subsys_scf.chk
max_memory 900000 MB (current use 10406 MB)
init E= 1007.3137735575
  HOMO = -0.323616481309479  LUMO = 0.0157211841705645
cycle= 1 E= 1007.28589625094  delta_E= -0.0279  |g|= 0.06  |ddm|= 0.625
  HOMO = -0.324032458941878  LUMO = 0.0115089246494867
cycle= 2 E= 1007.28377324494  delta_E= -0.00212  |g|= 0.0221  |ddm|= 0.134
  HOMO = -0.322676845049994  LUMO = 0.0114672497994368
cycle= 3 E= 1007.28326215824  delta_E= -0.000511  |g|= 0.0122  |ddm|= 0.0594
  HOMO = -0.321620273528973  LUMO = 0.0112205659638502
cycle= 4 E= 1007.28315235138  delta_E= -0.00011  |g|= 0.00429  |ddm|= 0.0281
  HOMO = -0.322111082734926  LUMO = 0.0107199842558616
cycle= 5 E= 1007.28312216889  delta_E= -3.02e-05  |g|= 0.00155  |ddm|= 0.0174
  HOMO = -0.321796590199197  LUMO = 0.0106875677801767
cycle= 6 E= 1007.28311963579  delta_E= -2.53e-06  |g|= 0.000517  |ddm|= 0.00529
  HOMO = -0.321850112699377  LUMO = 0.0106602990693996
cycle= 7 E= 1007.28311939586  delta_E= -2.4e-07  |g|= 0.000162  |ddm|= 0.00147
  HOMO = -0.321886932106493  LUMO = 0.0106546696927262
cycle= 8 E= 1007.28311935343  delta_E= -4.24e-08  |g|= 6.89e-05  |ddm|= 0.000643
  HOMO = -0.321883697958127  LUMO = 0.010656680888961
cycle= 9 E= 1007.28311934775  delta_E= -5.68e-09  |g|= 1.99e-05  |ddm|= 0.000229
  HOMO = -0.321889117947826  LUMO = 0.0106584026344574
cycle= 10 E= 1007.28311934737  delta_E= -3.71e-10  |g|= 6.98e-06  |ddm|= 7.39e-05
  HOMO = -0.321888934716192  LUMO = 0.0106584719583881
Extra cycle  E= 1007.28311934728  delta_E= -9.69e-11  |g|= 2.91e-06  |ddm|= 1.22e-05
converged SCF energy = 1007.28311934728
Difference in energy:  -628.1316309582087
E(MP2) = 1006.79003049663  E_corr = -0.493088850649647
Total energy =  -774.3963982479981
time elapsed:  36.072067975997925
