

******** <class 'pyscf.dft.rks.RKS'> ********
method = RKS-RHF
initial guess = minao
damping factor = 0
level_shift factor = 0
DIIS = <class 'pyscf.scf.diis.CDIIS'>
diis_start_cycle = 1
diis_space = 8
SCF conv_tol = 1e-09
SCF conv_tol_grad = 1e-05
SCF max_cycles = 1000
direct_scf = True
direct_scf_tol = 1e-13
chkfile to save SCF result = scf.fchk
max_memory 900000 MB (current use 79 MB)
XC library pyscf.dft.libxc version 5.1.7
    S. Lehtola, C. Steigemann, M. J. Oliveira, and M. A. Marques, SoftwareX 7, 1 (2018)
XC functionals = b3lyp
    P. A. M. Dirac, Math. Proc. Cambridge Philos. Soc. 26, 376 (1930)
    F. Bloch, Z. Phys. 57, 545 (1929)
    A. D. Becke, Phys. Rev. A 38, 3098 (1988)
    C. Lee, W. Yang, and R. G. Parr, Phys. Rev. B 37, 785 (1988)
    B. Miehlich, A. Savin, H. Stoll, and H. Preuss, Chem. Phys. Lett. 157, 200 (1989)
    S. H. Vosko, L. Wilk, and M. Nusair, Can. J. Phys. 58, 1200 (1980)
small_rho_cutoff = 1e-07
init E= -777.150042260123
  HOMO = -0.219040941186038  LUMO = -0.190003952189383
cycle= 1 E= -774.581142747461  delta_E= 2.57  |g|= 1.06  |ddm|= 6.21
  HOMO = -0.0339679240257162  LUMO = -0.000264362811417448
cycle= 2 E= -769.979522893267  delta_E=  4.6  |g|=    3  |ddm|= 4.14
  HOMO = -0.119683211869759  LUMO = -0.0777357108924516
cycle= 3 E= -774.657395079571  delta_E= -4.68  |g|= 0.764  |ddm|= 3.91
  HOMO = -0.13460990120457  LUMO = -0.119023662409876
cycle= 4 E= -774.56167025538  delta_E= 0.0957  |g|= 0.81  |ddm|= 2.41
  HOMO = -0.158136465210575  LUMO = -0.137325428492159
cycle= 5 E= -774.785905031703  delta_E= -0.224  |g|= 0.549  |ddm|= 2.24
  HOMO = -0.144253710967088  LUMO = -0.127781517979496
cycle= 6 E= -774.687430391148  delta_E= 0.0985  |g|= 0.595  |ddm|= 2.19
  HOMO = -0.1431651536841  LUMO = -0.136576044810514
cycle= 7 E= -774.887650018107  delta_E= -0.2  |g|= 0.175  |ddm|= 1.33
  HOMO = -0.149809461451216  LUMO = -0.127368037680688
cycle= 8 E= -774.900142317997  delta_E= -0.0125  |g|= 0.0743  |ddm|= 0.253
  HOMO = -0.155919208176307  LUMO = -0.12603041182851
cycle= 9 E= -774.89779622481  delta_E= 0.00235  |g|= 0.106  |ddm|= 0.149
  HOMO = -0.156005574664588  LUMO = -0.123543530378372
cycle= 10 E= -774.898853941413  delta_E= -0.00106  |g|= 0.088  |ddm|= 0.0682
  HOMO = -0.156137526471322  LUMO = -0.1232965194871
cycle= 11 E= -774.900654602278  delta_E= -0.0018  |g|= 0.0648  |ddm|= 0.062
  HOMO = -0.155888722858323  LUMO = -0.123096594329578
cycle= 12 E= -774.901922081828  delta_E= -0.00127  |g|= 0.0393  |ddm|= 0.0641
  HOMO = -0.156941144535853  LUMO = -0.124833421673676
cycle= 13 E= -774.902170093321  delta_E= -0.000248  |g|= 0.0273  |ddm|= 0.0301
  HOMO = -0.156712382423219  LUMO = -0.12380411758513
cycle= 14 E= -774.902424268616  delta_E= -0.000254  |g|= 0.0121  |ddm|= 0.0276
  HOMO = -0.156803272043472  LUMO = -0.123749141038293
cycle= 15 E= -774.902489278008  delta_E= -6.5e-05  |g|= 0.00283  |ddm|= 0.0195
  HOMO = -0.156912104090589  LUMO = -0.123871483223897
cycle= 16 E= -774.902491668854  delta_E= -2.39e-06  |g|= 0.00139  |ddm|= 0.00778
  HOMO = -0.156848155903394  LUMO = -0.12385620633616
cycle= 17 E= -774.902492493311  delta_E= -8.24e-07  |g|= 0.000385  |ddm|= 0.00221
  HOMO = -0.156842346873514  LUMO = -0.123859567869649
cycle= 18 E= -774.902492560761  delta_E= -6.74e-08  |g|= 0.000144  |ddm|= 0.000851
  HOMO = -0.156839618450179  LUMO = -0.12385930284019
cycle= 19 E= -774.902492562254  delta_E= -1.49e-09  |g|= 0.000108  |ddm|= 0.000285
  HOMO = -0.15684240131141  LUMO = -0.123862800775768
cycle= 20 E= -774.902492566634  delta_E= -4.38e-09  |g|= 3.73e-05  |ddm|= 0.000142
  HOMO = -0.156842354093051  LUMO = -0.123863330319902
cycle= 21 E= -774.902492567167  delta_E= -5.33e-10  |g|= 1.1e-05  |ddm|= 8.21e-05
  HOMO = -0.156841850005869  LUMO = -0.123862980058596
cycle= 22 E= -774.902492567201  delta_E= -3.39e-11  |g|= 3.5e-06  |ddm|= 1.2e-05
  HOMO = -0.156841547100268  LUMO = -0.123863123356547
Extra cycle  E= -774.902492567061  delta_E= 1.4e-10  |g|= 1.82e-05  |ddm|= 4.01e-05
converged SCF energy = -774.902492567061
AOs:  [0, 1, 2, 3, 4, 5, 6, 7, 8, 9, 10, 11, 12, 13, 14, 15, 16, 17, 18, 19, 20, 21, 22, 23, 24, 25, 26, 27, 28, 29, 30, 31, 32, 33, 34, 35, 36, 37, 38, 39, 40, 41, 42, 43, 44, 45, 46, 47, 48, 49, 50, 51, 52, 53, 54, 55, 56, 57, 58, 59, 60, 61, 62, 63]
64

 AO indices used for projection:  [0, 1, 3, 4, 5, 14, 16, 17, 19, 20, 21, 30, 32, 33, 35, 36, 37, 46, 48, 49, 51, 52, 53, 62]
 # of orbitals to keep:  15
Number of Active MOs:  15
Number of Environment MOs:  55
Number of Virtual MOs:  244
 # electrons:            α            β
         Env:  55.00000000  55.00000000
         Act:  15.00000000  15.00000000
         Vir:  -0.00000000  -0.00000000
Number of electrons in the active space:  30

 The density matrix is idempotent!

 The density matrix is idempotent!


******** <class 'pyscf.scf.hf.RHF'> ********
method = RHF
initial guess = minao
damping factor = 0
level_shift factor = 0
DIIS = <class 'pyscf.scf.diis.CDIIS'>
diis_start_cycle = 1
diis_space = 8
SCF conv_tol = 1e-09
SCF conv_tol_grad = 1e-05
SCF max_cycles = 200
direct_scf = True
direct_scf_tol = 1e-13
chkfile to save SCF result = subsys_scf.chk
max_memory 900000 MB (current use 10466 MB)
init E= 1007.13712804632
  HOMO = -0.323737302060465  LUMO = 0.0149277018943199
cycle= 1 E= 1007.10918087209  delta_E= -0.0279  |g|= 0.0601  |ddm|= 0.625
  HOMO = -0.323794497864237  LUMO = 0.010766912017001
cycle= 2 E= 1007.10704296174  delta_E= -0.00214  |g|= 0.0222  |ddm|= 0.135
  HOMO = -0.322439490055307  LUMO = 0.0107401144923613
cycle= 3 E= 1007.10652718275  delta_E= -0.000516  |g|= 0.0123  |ddm|= 0.0594
  HOMO = -0.321298881055135  LUMO = 0.010506800735348
cycle= 4 E= 1007.10641565164  delta_E= -0.000112  |g|= 0.00432  |ddm|= 0.0282
  HOMO = -0.321774924017164  LUMO = 0.0100051083660203
cycle= 5 E= 1007.10638484724  delta_E= -3.08e-05  |g|= 0.00157  |ddm|= 0.0175
  HOMO = -0.321449217497344  LUMO = 0.0099735370816044
cycle= 6 E= 1007.10638221516  delta_E= -2.63e-06  |g|= 0.000529  |ddm|= 0.00537
  HOMO = -0.321501232323048  LUMO = 0.00994595229443848
cycle= 7 E= 1007.10638195882  delta_E= -2.56e-07  |g|= 0.000168  |ddm|= 0.00152
  HOMO = -0.321538822878279  LUMO = 0.00994031291532861
cycle= 8 E= 1007.106381913  delta_E= -4.58e-08  |g|= 7.09e-05  |ddm|= 0.000667
  HOMO = -0.321535577202728  LUMO = 0.00994250935871211
cycle= 9 E= 1007.10638190755  delta_E= -5.45e-09  |g|= 2.03e-05  |ddm|= 0.000238
  HOMO = -0.321541154988718  LUMO = 0.00994426865501199
cycle= 10 E= 1007.10638190699  delta_E= -5.55e-10  |g|= 7.13e-06  |ddm|= 7.63e-05
  HOMO = -0.321540994293167  LUMO = 0.00994434415855142
Extra cycle  E= 1007.10638190705  delta_E= 6.18e-11  |g|= 2.95e-06  |ddm|= 1.24e-05
converged SCF energy = 1007.10638190705
Difference in energy:  -627.9190316134027
E(MP2) = 1006.61301286997  E_corr = -0.493369037082581
Total energy =  -774.395209771323
time elapsed:  38.192482233047485
