

******** <class 'pyscf.dft.rks.RKS'> ********
method = RKS-RHF
initial guess = minao
damping factor = 0
level_shift factor = 0
DIIS = <class 'pyscf.scf.diis.CDIIS'>
diis_start_cycle = 1
diis_space = 8
SCF conv_tol = 1e-09
SCF conv_tol_grad = 1e-05
SCF max_cycles = 1000
direct_scf = True
direct_scf_tol = 1e-13
chkfile to save SCF result = scf.fchk
max_memory 900000 MB (current use 79 MB)
XC library pyscf.dft.libxc version 5.1.7
    S. Lehtola, C. Steigemann, M. J. Oliveira, and M. A. Marques, SoftwareX 7, 1 (2018)
XC functionals = b3lyp
    P. A. M. Dirac, Math. Proc. Cambridge Philos. Soc. 26, 376 (1930)
    F. Bloch, Z. Phys. 57, 545 (1929)
    A. D. Becke, Phys. Rev. A 38, 3098 (1988)
    C. Lee, W. Yang, and R. G. Parr, Phys. Rev. B 37, 785 (1988)
    B. Miehlich, A. Savin, H. Stoll, and H. Preuss, Chem. Phys. Lett. 157, 200 (1989)
    S. H. Vosko, L. Wilk, and M. Nusair, Can. J. Phys. 58, 1200 (1980)
small_rho_cutoff = 1e-07
init E= -777.150019027045
  HOMO = -0.219006619088688  LUMO = -0.19002538969703
cycle= 1 E= -774.580704634813  delta_E= 2.57  |g|= 1.06  |ddm|= 6.21
  HOMO = -0.0337235716596882  LUMO = -0.000116996135677545
cycle= 2 E= -769.977482139855  delta_E=  4.6  |g|=    3  |ddm|= 4.14
  HOMO = -0.11942277301551  LUMO = -0.07786143646186
cycle= 3 E= -774.65684918089  delta_E= -4.68  |g|= 0.765  |ddm|= 3.91
  HOMO = -0.134312233377682  LUMO = -0.118963083140848
cycle= 4 E= -774.559470111537  delta_E= 0.0974  |g|= 0.812  |ddm|= 2.41
  HOMO = -0.157855072541423  LUMO = -0.137561087916015
cycle= 5 E= -774.782854710101  delta_E= -0.223  |g|= 0.552  |ddm|= 2.25
  HOMO = -0.144031178451168  LUMO = -0.127779321782754
cycle= 6 E= -774.672263691607  delta_E= 0.111  |g|= 0.608  |ddm|= 2.25

WARN: HOMO -0.140025910098822 == LUMO -0.139808990993851

cycle= 7 E= -774.887944423038  delta_E= -0.216  |g|= 0.147  |ddm|= 1.99
  HOMO = -0.147480057172546  LUMO = -0.130426786477219
cycle= 8 E= -774.897520304321  delta_E= -0.00958  |g|= 0.089  |ddm|= 0.557
  HOMO = -0.153471202784674  LUMO = -0.124911328439952
cycle= 9 E= -774.897325714131  delta_E= 0.000195  |g|= 0.0846  |ddm|= 0.0782
  HOMO = -0.153929597675766  LUMO = -0.124963894361887
cycle= 10 E= -774.898537287255  delta_E= -0.00121  |g|= 0.0686  |ddm|= 0.0367
  HOMO = -0.154784478070929  LUMO = -0.125071561672915
cycle= 11 E= -774.900332690359  delta_E= -0.0018  |g|= 0.0287  |ddm|= 0.0919
  HOMO = -0.15529912778341  LUMO = -0.124585044257087
cycle= 12 E= -774.900560337106  delta_E= -0.000228  |g|= 0.0145  |ddm|= 0.0271
  HOMO = -0.155578482839477  LUMO = -0.124733559678634
cycle= 13 E= -774.900586744006  delta_E= -2.64e-05  |g|= 0.0115  |ddm|= 0.00684
  HOMO = -0.155742537461942  LUMO = -0.124789282721105
cycle= 14 E= -774.900625405972  delta_E= -3.87e-05  |g|= 0.00659  |ddm|= 0.00916
  HOMO = -0.155833728136641  LUMO = -0.124744014196028
cycle= 15 E= -774.900644342408  delta_E= -1.89e-05  |g|= 0.000961  |ddm|= 0.0113
  HOMO = -0.15583225429003  LUMO = -0.12475983634184
cycle= 16 E= -774.900644652751  delta_E= -3.1e-07  |g|= 0.000459  |ddm|= 0.00145
  HOMO = -0.155833462386451  LUMO = -0.124766412787057
cycle= 17 E= -774.900644707376  delta_E= -5.46e-08  |g|= 0.000182  |ddm|= 0.0009
  HOMO = -0.155835580797258  LUMO = -0.12477236397041
cycle= 18 E= -774.900644716386  delta_E= -9.01e-09  |g|= 8.89e-05  |ddm|= 0.000274
  HOMO = -0.155835049421549  LUMO = -0.12477219158215
cycle= 19 E= -774.900644718107  delta_E= -1.72e-09  |g|= 2.65e-05  |ddm|= 0.000111
  HOMO = -0.155832945381674  LUMO = -0.124771293993665
cycle= 20 E= -774.900644718314  delta_E= -2.07e-10  |g|= 1.33e-05  |ddm|= 5.45e-05
  HOMO = -0.15583295306562  LUMO = -0.124771780788313
cycle= 21 E= -774.900644718374  delta_E= -6e-11  |g|= 6.45e-06  |ddm|= 2.08e-05
  HOMO = -0.155833403490536  LUMO = -0.124771830323892
Extra cycle  E= -774.900644717981  delta_E= 3.93e-10  |g|= 3.09e-05  |ddm|= 6.77e-05
converged SCF energy = -774.900644717981
AOs:  [0, 1, 2, 3, 4, 5, 6, 7, 8, 9, 10, 11, 12, 13, 14, 15, 16, 17, 18, 19, 20, 21, 22, 23, 24, 25, 26, 27, 28, 29, 30, 31, 32, 33, 34, 35, 36, 37, 38, 39, 40, 41, 42, 43, 44, 45, 46, 47, 48, 49, 50, 51, 52, 53, 54, 55, 56, 57, 58, 59, 60, 61, 62, 63]
64

 AO indices used for projection:  [0, 1, 3, 4, 5, 14, 16, 17, 19, 20, 21, 30, 32, 33, 35, 36, 37, 46, 48, 49, 51, 52, 53, 62]
 # of orbitals to keep:  15
Number of Active MOs:  15
Number of Environment MOs:  55
Number of Virtual MOs:  244
 # electrons:            α            β
         Env:  55.00000000  55.00000000
         Act:  15.00000000  15.00000000
         Vir:  -0.00000000  -0.00000000
Number of electrons in the active space:  30

 The density matrix is idempotent!

 The density matrix is idempotent!


******** <class 'pyscf.scf.hf.RHF'> ********
method = RHF
initial guess = minao
damping factor = 0
level_shift factor = 0
DIIS = <class 'pyscf.scf.diis.CDIIS'>
diis_start_cycle = 1
diis_space = 8
SCF conv_tol = 1e-09
SCF conv_tol_grad = 1e-05
SCF max_cycles = 200
direct_scf = True
direct_scf_tol = 1e-13
chkfile to save SCF result = subsys_scf.chk
max_memory 900000 MB (current use 10412 MB)
init E= 1006.95659153379
  HOMO = -0.323798340623195  LUMO = 0.0141025576990242
cycle= 1 E= 1006.92857412594  delta_E= -0.028  |g|= 0.0602  |ddm|= 0.626
  HOMO = -0.323500905323866  LUMO = 0.00999413443386876
cycle= 2 E= 1006.92642146999  delta_E= -0.00215  |g|= 0.0222  |ddm|= 0.135
  HOMO = -0.322135539573387  LUMO = 0.00998373906478851
cycle= 3 E= 1006.9259011011  delta_E= -0.00052  |g|= 0.0124  |ddm|= 0.0595
  HOMO = -0.320917145558226  LUMO = 0.00976401906455837
cycle= 4 E= 1006.92578793679  delta_E= -0.000113  |g|= 0.00435  |ddm|= 0.0283
  HOMO = -0.321377645978605  LUMO = 0.0092618238430157
cycle= 5 E= 1006.92575651386  delta_E= -3.14e-05  |g|= 0.00159  |ddm|= 0.0176
  HOMO = -0.321040130785854  LUMO = 0.00923117610766567
cycle= 6 E= 1006.92575377651  delta_E= -2.74e-06  |g|= 0.000541  |ddm|= 0.00546
  HOMO = -0.321090824259239  LUMO = 0.00920328698607246
cycle= 7 E= 1006.92575350301  delta_E= -2.74e-07  |g|= 0.000173  |ddm|= 0.00157
  HOMO = -0.321129070938613  LUMO = 0.00919764928250745
cycle= 8 E= 1006.9257534536  delta_E= -4.94e-08  |g|= 7.3e-05  |ddm|= 0.000692
  HOMO = -0.321125854423397  LUMO = 0.00920004554422898
cycle= 9 E= 1006.92575344782  delta_E= -5.78e-09  |g|= 2.08e-05  |ddm|= 0.000247
  HOMO = -0.321131561035313  LUMO = 0.00920184297690555
cycle= 10 E= 1006.92575344691  delta_E= -9.1e-10  |g|= 7.29e-06  |ddm|= 7.87e-05
  HOMO = -0.321131435251156  LUMO = 0.00920192343615416
Extra cycle  E= 1006.92575344725  delta_E= 3.36e-10  |g|= 2.99e-06  |ddm|= 1.26e-05
converged SCF energy = 1006.92575344725
Difference in energy:  -627.6929052018393
E(MP2) = 1006.43209731945  E_corr = -0.493656127797028
Total energy =  -774.3940093680301
time elapsed:  37.91802477836609
