

******** <class 'pyscf.dft.rks.RKS'> ********
method = RKS-RHF
initial guess = minao
damping factor = 0
level_shift factor = 0
DIIS = <class 'pyscf.scf.diis.CDIIS'>
diis_start_cycle = 1
diis_space = 8
SCF conv_tol = 1e-09
SCF conv_tol_grad = 1e-05
SCF max_cycles = 1000
direct_scf = True
direct_scf_tol = 1e-13
chkfile to save SCF result = scf.fchk
max_memory 900000 MB (current use 79 MB)
XC library pyscf.dft.libxc version 5.1.7
    S. Lehtola, C. Steigemann, M. J. Oliveira, and M. A. Marques, SoftwareX 7, 1 (2018)
XC functionals = b3lyp
    P. A. M. Dirac, Math. Proc. Cambridge Philos. Soc. 26, 376 (1930)
    F. Bloch, Z. Phys. 57, 545 (1929)
    A. D. Becke, Phys. Rev. A 38, 3098 (1988)
    C. Lee, W. Yang, and R. G. Parr, Phys. Rev. B 37, 785 (1988)
    B. Miehlich, A. Savin, H. Stoll, and H. Preuss, Chem. Phys. Lett. 157, 200 (1989)
    S. H. Vosko, L. Wilk, and M. Nusair, Can. J. Phys. 58, 1200 (1980)
small_rho_cutoff = 1e-07
init E= -777.149980103528
  HOMO = -0.219073744604414  LUMO = -0.18994671326078
cycle= 1 E= -774.582290177329  delta_E= 2.57  |g|= 1.06  |ddm|= 6.21
  HOMO = -0.0348390489454764  LUMO = -0.00123769593094139
cycle= 2 E= -769.995573069643  delta_E= 4.59  |g|=    3  |ddm|= 4.13
  HOMO = -0.120038041082191  LUMO = -0.0773545779115243
cycle= 3 E= -774.658154225426  delta_E= -4.66  |g|= 0.765  |ddm|=  3.9
  HOMO = -0.135258274282552  LUMO = -0.119443858109507
cycle= 4 E= -774.567611630237  delta_E= 0.0905  |g|= 0.805  |ddm|= 2.39
  HOMO = -0.158851712201431  LUMO = -0.136722379007403
cycle= 5 E= -774.791914697608  delta_E= -0.224  |g|= 0.543  |ddm|=  2.2
  HOMO = -0.144718005930819  LUMO = -0.127544128889703
cycle= 6 E= -774.718603355507  delta_E= 0.0733  |g|= 0.565  |ddm|= 2.07
  HOMO = -0.145766677644249  LUMO = -0.133907770509533
cycle= 7 E= -774.888270912903  delta_E= -0.17  |g|= 0.181  |ddm|=  1.1
  HOMO = -0.150542162185666  LUMO = -0.125166879407529
cycle= 8 E= -774.896796953427  delta_E= -0.00853  |g|= 0.129  |ddm|= 0.189
  HOMO = -0.155927559441086  LUMO = -0.12471267305904
cycle= 9 E= -774.89565612257  delta_E= 0.00114  |g|= 0.139  |ddm|= 0.131
  HOMO = -0.156553335222607  LUMO = -0.122394299519022
cycle= 10 E= -774.897167552673  delta_E= -0.00151  |g|= 0.121  |ddm|= 0.0677
  HOMO = -0.156278908003903  LUMO = -0.12214920566267
cycle= 11 E= -774.900278123502  delta_E= -0.00311  |g|= 0.093  |ddm|= 0.0789
  HOMO = -0.156016582135726  LUMO = -0.121255510295132
cycle= 12 E= -774.902909263242  delta_E= -0.00263  |g|= 0.0558  |ddm|= 0.0972
  HOMO = -0.157747908046701  LUMO = -0.123719153425239
cycle= 13 E= -774.903450015757  delta_E= -0.000541  |g|= 0.037  |ddm|= 0.0411
  HOMO = -0.157761975589231  LUMO = -0.12286734182868
cycle= 14 E= -774.90396635207  delta_E= -0.000516  |g|= 0.0116  |ddm|= 0.045
  HOMO = -0.157601049700328  LUMO = -0.1226320671378
cycle= 15 E= -774.904024355003  delta_E= -5.8e-05  |g|= 0.00363  |ddm|= 0.0179
  HOMO = -0.157724686912632  LUMO = -0.122815300979993
cycle= 16 E= -774.904028633259  delta_E= -4.28e-06  |g|= 0.00133  |ddm|= 0.00845
  HOMO = -0.157677169886506  LUMO = -0.122825102116078
cycle= 17 E= -774.904029355774  delta_E= -7.23e-07  |g|= 0.00053  |ddm|= 0.00231
  HOMO = -0.157677735120336  LUMO = -0.122832842225322
cycle= 18 E= -774.904029414469  delta_E= -5.87e-08  |g|= 0.000307  |ddm|= 0.000842
  HOMO = -0.157667222532492  LUMO = -0.122825578476378
cycle= 19 E= -774.904029432168  delta_E= -1.77e-08  |g|= 0.000206  |ddm|= 0.000638
  HOMO = -0.157669698267114  LUMO = -0.122831302795022
cycle= 20 E= -774.904029446362  delta_E= -1.42e-08  |g|= 6.22e-05  |ddm|= 0.000254
  HOMO = -0.157670350506162  LUMO = -0.122833890371056
cycle= 21 E= -774.904029447855  delta_E= -1.49e-09  |g|= 2.33e-05  |ddm|= 0.000123
  HOMO = -0.157669430921986  LUMO = -0.122833210352489
cycle= 22 E= -774.904029447984  delta_E= -1.29e-10  |g|= 4.62e-06  |ddm|= 2.54e-05
  HOMO = -0.15766981230245  LUMO = -0.122833730758503
Extra cycle  E= -774.904029447962  delta_E= 2.23e-11  |g|= 1.04e-05  |ddm|= 1.8e-05
converged SCF energy = -774.904029447962
AOs:  [0, 1, 2, 3, 4, 5, 6, 7, 8, 9, 10, 11, 12, 13, 14, 15, 16, 17, 18, 19, 20, 21, 22, 23, 24, 25, 26, 27, 28, 29, 30, 31, 32, 33, 34, 35, 36, 37, 38, 39, 40, 41, 42, 43, 44, 45, 46, 47, 48, 49, 50, 51, 52, 53, 54, 55, 56, 57, 58, 59, 60, 61, 62, 63]
64

 AO indices used for projection:  [0, 1, 3, 4, 5, 14, 16, 17, 19, 20, 21, 30, 32, 33, 35, 36, 37, 46, 48, 49, 51, 52, 53, 62]
 # of orbitals to keep:  16
Number of Active MOs:  16
Number of Environment MOs:  54
Number of Virtual MOs:  244
 # electrons:            α            β
         Env:  54.00000000  54.00000000
         Act:  16.00000000  16.00000000
         Vir:  -0.00000000  -0.00000000
Number of electrons in the active space:  32

 The density matrix is idempotent!

 The density matrix is idempotent!


******** <class 'pyscf.scf.hf.RHF'> ********
method = RHF
initial guess = minao
damping factor = 0
level_shift factor = 0
DIIS = <class 'pyscf.scf.diis.CDIIS'>
diis_start_cycle = 1
diis_space = 8
SCF conv_tol = 1e-09
SCF conv_tol_grad = 1e-05
SCF max_cycles = 200
direct_scf = True
direct_scf_tol = 1e-13
chkfile to save SCF result = subsys_scf.chk
max_memory 900000 MB (current use 10407 MB)
init E= 992.912131302139
  HOMO = -0.181880023329904  LUMO = -0.00310264962977079
cycle= 1 E= 992.882489711367  delta_E= -0.0296  |g|= 0.0636  |ddm|= 0.683
  HOMO = -0.186114854437094  LUMO = -0.0026280154632204
cycle= 2 E= 992.879732138934  delta_E= -0.00276  |g|= 0.0243  |ddm|= 0.177
  HOMO = -0.187661296643984  LUMO = 0.00305451684982843
cycle= 3 E= 992.878797651004  delta_E= -0.000934  |g|= 0.0199  |ddm|= 0.0918
  HOMO = -0.188007558986017  LUMO = 0.00441494050634278
cycle= 4 E= 992.878441757527  delta_E= -0.000356  |g|= 0.00889  |ddm|= 0.0582
  HOMO = -0.18965201653382  LUMO = 0.00559489958730648
cycle= 5 E= 992.878238044363  delta_E= -0.000204  |g|= 0.00539  |ddm|= 0.0606
  HOMO = -0.189730756200216  LUMO = 0.00591937714170418
cycle= 6 E= 992.878194892226  delta_E= -4.32e-05  |g|= 0.00315  |ddm|= 0.0264
  HOMO = -0.18967715297613  LUMO = 0.00563818284464425
cycle= 7 E= 992.878175363724  delta_E= -1.95e-05  |g|= 0.00204  |ddm|= 0.0184
  HOMO = -0.189404764291378  LUMO = 0.00537515678697236
cycle= 8 E= 992.878163282703  delta_E= -1.21e-05  |g|= 0.000897  |ddm|= 0.0205
  HOMO = -0.189314284308179  LUMO = 0.00512644610594817
cycle= 9 E= 992.87816075064  delta_E= -2.53e-06  |g|= 0.000285  |ddm|= 0.0118
  HOMO = -0.189232721319013  LUMO = 0.00511516331192621
cycle= 10 E= 992.878160632666  delta_E= -1.18e-07  |g|= 9.47e-05  |ddm|= 0.00237
  HOMO = -0.189221707276731  LUMO = 0.00509125467531319
cycle= 11 E= 992.878160622163  delta_E= -1.05e-08  |g|= 3.02e-05  |ddm|= 0.000795
  HOMO = -0.189221556991734  LUMO = 0.00509104186670512
cycle= 12 E= 992.878160621151  delta_E= -1.01e-09  |g|= 7.84e-06  |ddm|= 0.000122
  HOMO = -0.189220483403249  LUMO = 0.00509044538990952
cycle= 13 E= 992.878160621159  delta_E= 8.87e-12  |g|= 2.88e-06  |ddm|= 7.77e-05
  HOMO = -0.189220790944378  LUMO = 0.00509026186410271
Extra cycle  E= 992.878160621304  delta_E= 1.45e-10  |g|= 1.24e-06  |ddm|= 7.53e-06
converged SCF energy = 992.878160621304
Difference in energy:  -704.3777572715277
E(MP2) = 992.296931223149  E_corr = -0.581229398154928
Total energy =  -774.3627623802889
time elapsed:  37.01865863800049
