

******** <class 'pyscf.dft.rks.RKS'> ********
method = RKS-RHF
initial guess = minao
damping factor = 0
level_shift factor = 0
DIIS = <class 'pyscf.scf.diis.CDIIS'>
diis_start_cycle = 1
diis_space = 8
SCF conv_tol = 1e-09
SCF conv_tol_grad = 1e-05
SCF max_cycles = 1000
direct_scf = True
direct_scf_tol = 1e-13
chkfile to save SCF result = scf.fchk
max_memory 900000 MB (current use 79 MB)
XC library pyscf.dft.libxc version 5.1.7
    S. Lehtola, C. Steigemann, M. J. Oliveira, and M. A. Marques, SoftwareX 7, 1 (2018)
XC functionals = b3lyp
    P. A. M. Dirac, Math. Proc. Cambridge Philos. Soc. 26, 376 (1930)
    F. Bloch, Z. Phys. 57, 545 (1929)
    A. D. Becke, Phys. Rev. A 38, 3098 (1988)
    C. Lee, W. Yang, and R. G. Parr, Phys. Rev. B 37, 785 (1988)
    B. Miehlich, A. Savin, H. Stoll, and H. Preuss, Chem. Phys. Lett. 157, 200 (1989)
    S. H. Vosko, L. Wilk, and M. Nusair, Can. J. Phys. 58, 1200 (1980)
small_rho_cutoff = 1e-07
init E= -777.149963264444
  HOMO = -0.219174023030144  LUMO = -0.189847280316972
cycle= 1 E= -774.584261318807  delta_E= 2.57  |g|= 1.06  |ddm|= 6.21
  HOMO = -0.0361728169930562  LUMO = -0.0022158539618871
cycle= 2 E= -770.015624851278  delta_E= 4.57  |g|= 2.99  |ddm|= 4.12
  HOMO = -0.120858430047653  LUMO = -0.0767620536947251
cycle= 3 E= -774.659725669798  delta_E= -4.64  |g|= 0.765  |ddm|= 3.89
  HOMO = -0.136388475469926  LUMO = -0.11989369480616
cycle= 4 E= -774.577643677572  delta_E= 0.0821  |g|= 0.796  |ddm|= 2.37
  HOMO = -0.159943655283468  LUMO = -0.135794311581948
cycle= 5 E= -774.800448871018  delta_E= -0.223  |g|= 0.533  |ddm|= 2.14
  HOMO = -0.145639356815635  LUMO = -0.127123952303291
cycle= 6 E= -774.760636419006  delta_E= 0.0398  |g|= 0.515  |ddm|= 1.88
  HOMO = -0.148553220849972  LUMO = -0.131303411348505
cycle= 7 E= -774.891577464156  delta_E= -0.131  |g|= 0.174  |ddm|= 0.891
  HOMO = -0.152166540917081  LUMO = -0.123334401893823
cycle= 8 E= -774.897558997215  delta_E= -0.00598  |g|= 0.138  |ddm|= 0.173
  HOMO = -0.157238094276672  LUMO = -0.123344920214482
cycle= 9 E= -774.899862516413  delta_E= -0.0023  |g|= 0.117  |ddm|= 0.121
  HOMO = -0.157701851406036  LUMO = -0.121513377243391
cycle= 10 E= -774.902097873754  delta_E= -0.00224  |g|= 0.0888  |ddm|= 0.0713
  HOMO = -0.157842675208851  LUMO = -0.121435502513937
cycle= 11 E= -774.904780756944  delta_E= -0.00268  |g|= 0.0483  |ddm|= 0.0929
  HOMO = -0.158081390737456  LUMO = -0.121271228291626
cycle= 12 E= -774.905691828047  delta_E= -0.000911  |g|= 0.0164  |ddm|= 0.0761
  HOMO = -0.158750273535451  LUMO = -0.122149593020638
cycle= 13 E= -774.905732174629  delta_E= -4.03e-05  |g|= 0.00991  |ddm|= 0.0171
  HOMO = -0.158684565129918  LUMO = -0.122008922172345
cycle= 14 E= -774.90576439507  delta_E= -3.22e-05  |g|= 0.00403  |ddm|= 0.0111
  HOMO = -0.158614610745275  LUMO = -0.121878926254225
cycle= 15 E= -774.905770600607  delta_E= -6.21e-06  |g|= 0.00135  |ddm|= 0.00546
  HOMO = -0.158665775632387  LUMO = -0.121937887524761
cycle= 16 E= -774.905771333207  delta_E= -7.33e-07  |g|= 0.000275  |ddm|= 0.00285
  HOMO = -0.158652945982074  LUMO = -0.121936890525741
cycle= 17 E= -774.905771354584  delta_E= -2.14e-08  |g|= 0.000187  |ddm|= 0.000557
  HOMO = -0.15865387216797  LUMO = -0.121940692060198
cycle= 18 E= -774.905771363178  delta_E= -8.59e-09  |g|= 5.02e-05  |ddm|= 0.000226
  HOMO = -0.158651020332845  LUMO = -0.121939400925888
cycle= 19 E= -774.905771363809  delta_E= -6.3e-10  |g|= 3.72e-05  |ddm|= 0.000129
  HOMO = -0.158651199436353  LUMO = -0.121940689861421
cycle= 20 E= -774.90577136425  delta_E= -4.42e-10  |g|= 1.35e-05  |ddm|= 4.77e-05
  HOMO = -0.158651562471786  LUMO = -0.121941282131382
cycle= 21 E= -774.905771364312  delta_E= -6.18e-11  |g|= 7.81e-06  |ddm|= 2.87e-05
  HOMO = -0.158651318498858  LUMO = -0.121941260381433
Extra cycle  E= -774.905771364249  delta_E= 6.3e-11  |g|= 1.74e-05  |ddm|= 2.58e-05
converged SCF energy = -774.905771364249
AOs:  [0, 1, 2, 3, 4, 5, 6, 7, 8, 9, 10, 11, 12, 13, 14, 15, 16, 17, 18, 19, 20, 21, 22, 23, 24, 25, 26, 27, 28, 29, 30, 31, 32, 33, 34, 35, 36, 37, 38, 39, 40, 41, 42, 43, 44, 45, 46, 47, 48, 49, 50, 51, 52, 53, 54, 55, 56, 57, 58, 59, 60, 61, 62, 63]
64

 AO indices used for projection:  [0, 1, 3, 4, 5, 14, 16, 17, 19, 20, 21, 30, 32, 33, 35, 36, 37, 46, 48, 49, 51, 52, 53, 62]
 # of orbitals to keep:  15
Number of Active MOs:  15
Number of Environment MOs:  55
Number of Virtual MOs:  244
 # electrons:            α            β
         Env:  55.00000000  55.00000000
         Act:  15.00000000  15.00000000
         Vir:  -0.00000000  -0.00000000
Number of electrons in the active space:  30

 The density matrix is idempotent!

 The density matrix is idempotent!


******** <class 'pyscf.scf.hf.RHF'> ********
method = RHF
initial guess = minao
damping factor = 0
level_shift factor = 0
DIIS = <class 'pyscf.scf.diis.CDIIS'>
diis_start_cycle = 1
diis_space = 8
SCF conv_tol = 1e-09
SCF conv_tol_grad = 1e-05
SCF max_cycles = 200
direct_scf = True
direct_scf_tol = 1e-13
chkfile to save SCF result = subsys_scf.chk
max_memory 900000 MB (current use 10567 MB)
init E= 1006.55151912282
  HOMO = -0.32088082744146  LUMO = 0.0166205222584456
cycle= 1 E= 1006.52362005591  delta_E= -0.0279  |g|= 0.0601  |ddm|= 0.625
  HOMO = -0.321945426907601  LUMO = 0.0125192718224207
cycle= 2 E= 1006.52150150322  delta_E= -0.00212  |g|= 0.022  |ddm|= 0.134
  HOMO = -0.32101588429471  LUMO = 0.0123462567473607
cycle= 3 E= 1006.52098000995  delta_E= -0.000521  |g|= 0.0126  |ddm|= 0.0597
  HOMO = -0.320072493999052  LUMO = 0.0120970680847209
cycle= 4 E= 1006.52086285671  delta_E= -0.000117  |g|= 0.00442  |ddm|= 0.0291
  HOMO = -0.320611112056759  LUMO = 0.0115512805387987
cycle= 5 E= 1006.52082955301  delta_E= -3.33e-05  |g|= 0.00151  |ddm|= 0.0186
  HOMO = -0.320350660119432  LUMO = 0.0115124768569347
cycle= 6 E= 1006.52082708092  delta_E= -2.47e-06  |g|= 0.00051  |ddm|= 0.00535
  HOMO = -0.320404590865678  LUMO = 0.0114860824765889
cycle= 7 E= 1006.52082686886  delta_E= -2.12e-07  |g|= 0.000158  |ddm|= 0.00134
  HOMO = -0.320440084229217  LUMO = 0.0114815392607918
cycle= 8 E= 1006.52082682943  delta_E= -3.94e-08  |g|= 6.4e-05  |ddm|= 0.000615
  HOMO = -0.320437552764355  LUMO = 0.0114838166212865
cycle= 9 E= 1006.5208268246  delta_E= -4.83e-09  |g|= 1.85e-05  |ddm|= 0.000218
  HOMO = -0.320443059491264  LUMO = 0.01148520627548
cycle= 10 E= 1006.52082682413  delta_E= -4.79e-10  |g|= 7.08e-06  |ddm|= 6.16e-05
  HOMO = -0.320442553454865  LUMO = 0.0114853094121639
Extra cycle  E= 1006.52082682427  delta_E= 1.41e-10  |g|= 2.91e-06  |ddm|= 1.22e-05
converged SCF energy = 1006.52082682427
Difference in energy:  -629.1587616235698
E(MP2) = 1006.02789028637  E_corr = -0.492936537893824
Total energy =  -774.3960804354513
time elapsed:  35.068747758865356
