

******** <class 'pyscf.dft.rks.RKS'> ********
method = RKS-RHF
initial guess = minao
damping factor = 0
level_shift factor = 0
DIIS = <class 'pyscf.scf.diis.CDIIS'>
diis_start_cycle = 1
diis_space = 8
SCF conv_tol = 1e-09
SCF conv_tol_grad = 1e-05
SCF max_cycles = 1000
direct_scf = True
direct_scf_tol = 1e-13
chkfile to save SCF result = scf.fchk
max_memory 900000 MB (current use 79 MB)
XC library pyscf.dft.libxc version 5.1.7
    S. Lehtola, C. Steigemann, M. J. Oliveira, and M. A. Marques, SoftwareX 7, 1 (2018)
XC functionals = b3lyp
    P. A. M. Dirac, Math. Proc. Cambridge Philos. Soc. 26, 376 (1930)
    F. Bloch, Z. Phys. 57, 545 (1929)
    A. D. Becke, Phys. Rev. A 38, 3098 (1988)
    C. Lee, W. Yang, and R. G. Parr, Phys. Rev. B 37, 785 (1988)
    B. Miehlich, A. Savin, H. Stoll, and H. Preuss, Chem. Phys. Lett. 157, 200 (1989)
    S. H. Vosko, L. Wilk, and M. Nusair, Can. J. Phys. 58, 1200 (1980)
small_rho_cutoff = 1e-07
init E= -777.149948308534
  HOMO = -0.219317656026531  LUMO = -0.189708981883936
cycle= 1 E= -774.586939948116  delta_E= 2.56  |g|= 1.06  |ddm|= 6.21
  HOMO = -0.0379783969597289  LUMO = -0.00344780472710983
cycle= 2 E= -770.042803262626  delta_E= 4.54  |g|= 2.99  |ddm|= 4.11
  HOMO = -0.121952874440508  LUMO = -0.0759955127321999
cycle= 3 E= -774.661589708326  delta_E= -4.62  |g|= 0.766  |ddm|= 3.88
  HOMO = -0.137822325652546  LUMO = -0.120376596634994
cycle= 4 E= -774.591172917764  delta_E= 0.0704  |g|= 0.785  |ddm|= 2.34
  HOMO = -0.161238858422317  LUMO = -0.134674374608135
cycle= 5 E= -774.809207920977  delta_E= -0.218  |g|= 0.522  |ddm|= 2.07
  HOMO = -0.146868096854919  LUMO = -0.126443512275336
cycle= 6 E= -774.798375332405  delta_E= 0.0108  |g|= 0.458  |ddm|=  1.7
  HOMO = -0.151177740135276  LUMO = -0.129102831335202
cycle= 7 E= -774.895754003662  delta_E= -0.0974  |g|= 0.161  |ddm|= 0.737
  HOMO = -0.153918310671973  LUMO = -0.121924456422298
cycle= 8 E= -774.900726342327  delta_E= -0.00497  |g|= 0.126  |ddm|= 0.165
  HOMO = -0.15865582210366  LUMO = -0.122251137657505
cycle= 9 E= -774.904231877168  delta_E= -0.00351  |g|= 0.0887  |ddm|= 0.123
  HOMO = -0.158995220005177  LUMO = -0.120816007910153
cycle= 10 E= -774.906033525025  delta_E= -0.0018  |g|= 0.0565  |ddm|= 0.0685
  HOMO = -0.159204810157259  LUMO = -0.120728135745131
cycle= 11 E= -774.90724224074  delta_E= -0.00121  |g|= 0.0256  |ddm|= 0.068
  HOMO = -0.159448634911266  LUMO = -0.120726317343436
cycle= 12 E= -774.907506625029  delta_E= -0.000264  |g|= 0.00619  |ddm|= 0.0499
  HOMO = -0.159683870741692  LUMO = -0.12111960788008
cycle= 13 E= -774.907515148811  delta_E= -8.52e-06  |g|= 0.00358  |ddm|= 0.0123
  HOMO = -0.159640220892053  LUMO = -0.12110381709592
cycle= 14 E= -774.907518210775  delta_E= -3.06e-06  |g|= 0.00209  |ddm|= 0.00394
  HOMO = -0.159607767949687  LUMO = -0.121029412102849
cycle= 15 E= -774.907519769541  delta_E= -1.56e-06  |g|= 0.000702  |ddm|= 0.00266
  HOMO = -0.159632459006882  LUMO = -0.121051563287944
cycle= 16 E= -774.907519980532  delta_E= -2.11e-07  |g|= 0.000117  |ddm|= 0.00142
  HOMO = -0.159626656280859  LUMO = -0.121050328609984
cycle= 17 E= -774.907519983443  delta_E= -2.91e-09  |g|= 7.81e-05  |ddm|= 0.000218
  HOMO = -0.159626892155888  LUMO = -0.121052730931192
cycle= 18 E= -774.907519985045  delta_E= -1.6e-09  |g|= 2.67e-05  |ddm|= 0.000101
  HOMO = -0.159625662039173  LUMO = -0.121052423150302
cycle= 19 E= -774.907519985366  delta_E= -3.21e-10  |g|= 6.39e-06  |ddm|= 4.82e-05
  HOMO = -0.159625934347566  LUMO = -0.12105348186491
Extra cycle  E= -774.907519985252  delta_E= 1.14e-10  |g|= 1.8e-05  |ddm|= 4.01e-05
converged SCF energy = -774.907519985252
AOs:  [0, 1, 2, 3, 4, 5, 6, 7, 8, 9, 10, 11, 12, 13, 14, 15, 16, 17, 18, 19, 20, 21, 22, 23, 24, 25, 26, 27, 28, 29, 30, 31, 32, 33, 34, 35, 36, 37, 38, 39, 40, 41, 42, 43, 44, 45, 46, 47, 48, 49, 50, 51, 52, 53, 54, 55, 56, 57, 58, 59, 60, 61, 62, 63]
64

 AO indices used for projection:  [0, 1, 3, 4, 5, 14, 16, 17, 19, 20, 21, 30, 32, 33, 35, 36, 37, 46, 48, 49, 51, 52, 53, 62]
 # of orbitals to keep:  15
Number of Active MOs:  15
Number of Environment MOs:  55
Number of Virtual MOs:  244
 # electrons:            α            β
         Env:  55.00000000  55.00000000
         Act:  15.00000000  15.00000000
         Vir:  -0.00000000  -0.00000000
Number of electrons in the active space:  30

 The density matrix is idempotent!

 The density matrix is idempotent!


******** <class 'pyscf.scf.hf.RHF'> ********
method = RHF
initial guess = minao
damping factor = 0
level_shift factor = 0
DIIS = <class 'pyscf.scf.diis.CDIIS'>
diis_start_cycle = 1
diis_space = 8
SCF conv_tol = 1e-09
SCF conv_tol_grad = 1e-05
SCF max_cycles = 200
direct_scf = True
direct_scf_tol = 1e-13
chkfile to save SCF result = subsys_scf.chk
max_memory 900000 MB (current use 10662 MB)
init E= 1006.3998231105
  HOMO = -0.320480722339053  LUMO = 0.0174320733243321
cycle= 1 E= 1006.3719948958  delta_E= -0.0278  |g|= 0.0599  |ddm|= 0.625
  HOMO = -0.321869950174979  LUMO = 0.0132851427172168
cycle= 2 E= 1006.36989297363  delta_E= -0.0021  |g|= 0.0219  |ddm|= 0.134
  HOMO = -0.32092397564405  LUMO = 0.0130956137708842
cycle= 3 E= 1006.36937707181  delta_E= -0.000516  |g|= 0.0125  |ddm|= 0.0595
  HOMO = -0.320067003676541  LUMO = 0.0128349650597789
cycle= 4 E= 1006.36926176092  delta_E= -0.000115  |g|= 0.00439  |ddm|= 0.0289
  HOMO = -0.320621419610726  LUMO = 0.0122894858071626
cycle= 5 E= 1006.36922913956  delta_E= -3.26e-05  |g|= 0.0015  |ddm|= 0.0184
  HOMO = -0.320371087394016  LUMO = 0.0122499935641999
cycle= 6 E= 1006.3692267539  delta_E= -2.39e-06  |g|= 0.000499  |ddm|= 0.00528
  HOMO = -0.320426048027925  LUMO = 0.0122239925757382
cycle= 7 E= 1006.36922655415  delta_E= -2e-07  |g|= 0.000153  |ddm|= 0.00131
  HOMO = -0.32046064005947  LUMO = 0.0122194773533252
cycle= 8 E= 1006.36922651718  delta_E= -3.7e-08  |g|= 6.23e-05  |ddm|= 0.000592
  HOMO = -0.320458006103639  LUMO = 0.0122215734575763
cycle= 9 E= 1006.36922651294  delta_E= -4.24e-09  |g|= 1.82e-05  |ddm|= 0.00021
  HOMO = -0.320463281140506  LUMO = 0.0122229543516491
cycle= 10 E= 1006.36922651266  delta_E= -2.76e-10  |g|= 6.92e-06  |ddm|= 6.01e-05
  HOMO = -0.320462799176368  LUMO = 0.0122230466227655
Extra cycle  E= 1006.36922651231  delta_E= -3.49e-10  |g|= 2.87e-06  |ddm|= 1.21e-05
converged SCF energy = 1006.36922651231
Difference in energy:  -629.4097612245627
E(MP2) = 1005.87658235634  E_corr = -0.492644155970197
Total energy =  -774.3971366815413
time elapsed:  34.46276378631592
