

******** <class 'pyscf.dft.rks.RKS'> ********
method = RKS-RHF
initial guess = minao
damping factor = 0
level_shift factor = 0
DIIS = <class 'pyscf.scf.diis.CDIIS'>
diis_start_cycle = 1
diis_space = 8
SCF conv_tol = 1e-09
SCF conv_tol_grad = 1e-05
SCF max_cycles = 1000
direct_scf = True
direct_scf_tol = 1e-13
chkfile to save SCF result = scf.fchk
max_memory 900000 MB (current use 79 MB)
XC library pyscf.dft.libxc version 5.1.7
    S. Lehtola, C. Steigemann, M. J. Oliveira, and M. A. Marques, SoftwareX 7, 1 (2018)
XC functionals = b3lyp
    P. A. M. Dirac, Math. Proc. Cambridge Philos. Soc. 26, 376 (1930)
    F. Bloch, Z. Phys. 57, 545 (1929)
    A. D. Becke, Phys. Rev. A 38, 3098 (1988)
    C. Lee, W. Yang, and R. G. Parr, Phys. Rev. B 37, 785 (1988)
    B. Miehlich, A. Savin, H. Stoll, and H. Preuss, Chem. Phys. Lett. 157, 200 (1989)
    S. H. Vosko, L. Wilk, and M. Nusair, Can. J. Phys. 58, 1200 (1980)
small_rho_cutoff = 1e-07
init E= -777.1499351853
  HOMO = -0.219503177703848  LUMO = -0.189533243534151
cycle= 1 E= -774.590241836399  delta_E= 2.56  |g|= 1.06  |ddm|= 6.21
  HOMO = -0.0401998865533366  LUMO = -0.00492365768092974
cycle= 2 E= -770.077149411314  delta_E= 4.51  |g|= 2.98  |ddm|=  4.1
  HOMO = -0.123255851761781  LUMO = -0.0751027800249716
cycle= 3 E= -774.663542937294  delta_E= -4.59  |g|= 0.766  |ddm|= 3.87
  HOMO = -0.139451351133061  LUMO = -0.120816382241361
cycle= 4 E= -774.607660766698  delta_E= 0.0559  |g|= 0.771  |ddm|= 2.31
  HOMO = -0.162619484032373  LUMO = -0.133447847182078
cycle= 5 E= -774.817595477939  delta_E= -0.21  |g|= 0.511  |ddm|=    2
  HOMO = -0.148295190134235  LUMO = -0.125559029546716
cycle= 6 E= -774.827389399682  delta_E= -0.00979  |g|= 0.404  |ddm|= 1.53
  HOMO = -0.153583621930326  LUMO = -0.127217917994256
cycle= 7 E= -774.899709678937  delta_E= -0.0723  |g|= 0.148  |ddm|= 0.627
  HOMO = -0.155679240220148  LUMO = -0.120714311971443
cycle= 8 E= -774.90419435436  delta_E= -0.00448  |g|= 0.109  |ddm|= 0.157
  HOMO = -0.159939985318387  LUMO = -0.121246532530805
cycle= 9 E= -774.907368528637  delta_E= -0.00317  |g|= 0.0686  |ddm|= 0.118
  HOMO = -0.160198475712778  LUMO = -0.120070845797021
cycle= 10 E= -774.908636443628  delta_E= -0.00127  |g|= 0.037  |ddm|= 0.0622
  HOMO = -0.160316236712441  LUMO = -0.119968220315492
cycle= 11 E= -774.90915263443  delta_E= -0.000516  |g|= 0.0167  |ddm|= 0.0439
  HOMO = -0.160520446628901  LUMO = -0.119958602337219
cycle= 12 E= -774.909266861729  delta_E= -0.000114  |g|= 0.00404  |ddm|= 0.0361
  HOMO = -0.160632871828568  LUMO = -0.120197635970293
cycle= 13 E= -774.909273247368  delta_E= -6.39e-06  |g|= 0.00166  |ddm|= 0.00909
  HOMO = -0.160606846080861  LUMO = -0.120209523204034
cycle= 14 E= -774.909273788159  delta_E= -5.41e-07  |g|= 0.00111  |ddm|= 0.00226
  HOMO = -0.16058149471038  LUMO = -0.120156780443118
cycle= 15 E= -774.909274138235  delta_E= -3.5e-07  |g|= 0.000421  |ddm|= 0.00125
  HOMO = -0.160595444816196  LUMO = -0.12016829833902
cycle= 16 E= -774.909274214662  delta_E= -7.64e-08  |g|= 7.78e-05  |ddm|= 0.000782
  HOMO = -0.160592730868506  LUMO = -0.12016797545178
cycle= 17 E= -774.909274215978  delta_E= -1.32e-09  |g|= 4.08e-05  |ddm|= 0.000125
  HOMO = -0.160592638910497  LUMO = -0.120169330540614
cycle= 18 E= -774.90927421644  delta_E= -4.62e-10  |g|= 1.63e-05  |ddm|= 6.3e-05
  HOMO = -0.160591968537698  LUMO = -0.120169234326994
cycle= 19 E= -774.909274216547  delta_E= -1.08e-10  |g|= 5.67e-06  |ddm|= 2.66e-05
  HOMO = -0.160591809007159  LUMO = -0.120169691441338
Extra cycle  E= -774.909274216368  delta_E= 1.79e-10  |g|= 2.16e-05  |ddm|= 4.54e-05
converged SCF energy = -774.909274216368
AOs:  [0, 1, 2, 3, 4, 5, 6, 7, 8, 9, 10, 11, 12, 13, 14, 15, 16, 17, 18, 19, 20, 21, 22, 23, 24, 25, 26, 27, 28, 29, 30, 31, 32, 33, 34, 35, 36, 37, 38, 39, 40, 41, 42, 43, 44, 45, 46, 47, 48, 49, 50, 51, 52, 53, 54, 55, 56, 57, 58, 59, 60, 61, 62, 63]
64

 AO indices used for projection:  [0, 1, 3, 4, 5, 14, 16, 17, 19, 20, 21, 30, 32, 33, 35, 36, 37, 46, 48, 49, 51, 52, 53, 62]
 # of orbitals to keep:  16
Number of Active MOs:  16
Number of Environment MOs:  54
Number of Virtual MOs:  244
 # electrons:            α            β
         Env:  54.00000000  54.00000000
         Act:  16.00000000  16.00000000
         Vir:  -0.00000000  -0.00000000
Number of electrons in the active space:  32

 The density matrix is idempotent!

 The density matrix is idempotent!


******** <class 'pyscf.scf.hf.RHF'> ********
method = RHF
initial guess = minao
damping factor = 0
level_shift factor = 0
DIIS = <class 'pyscf.scf.diis.CDIIS'>
diis_start_cycle = 1
diis_space = 8
SCF conv_tol = 1e-09
SCF conv_tol_grad = 1e-05
SCF max_cycles = 200
direct_scf = True
direct_scf_tol = 1e-13
chkfile to save SCF result = subsys_scf.chk
max_memory 900000 MB (current use 10652 MB)
init E= 992.383345211807
  HOMO = -0.1868656108324  LUMO = 0.000242296743344923
cycle= 1 E= 992.353881752883  delta_E= -0.0295  |g|= 0.0619  |ddm|= 0.68
  HOMO = -0.19162959082029  LUMO = 0.00111237083002645
cycle= 2 E= 992.351225279952  delta_E= -0.00266  |g|= 0.0236  |ddm|= 0.169
  HOMO = -0.192762187215659  LUMO = 0.00690534059510727
cycle= 3 E= 992.350359865777  delta_E= -0.000865  |g|= 0.0178  |ddm|= 0.0879
  HOMO = -0.193384517211471  LUMO = 0.00814708314749918
cycle= 4 E= 992.350073637352  delta_E= -0.000286  |g|= 0.00749  |ddm|= 0.0516
  HOMO = -0.194897276663876  LUMO = 0.00935681684337821
cycle= 5 E= 992.349932812636  delta_E= -0.000141  |g|= 0.00425  |ddm|= 0.0484
  HOMO = -0.195039806706058  LUMO = 0.00963966632132154
cycle= 6 E= 992.34990950708  delta_E= -2.33e-05  |g|= 0.00232  |ddm|= 0.0187
  HOMO = -0.195028308740765  LUMO = 0.00947168245303214
cycle= 7 E= 992.349900493332  delta_E= -9.01e-06  |g|= 0.00144  |ddm|= 0.0118
  HOMO = -0.19488086648189  LUMO = 0.00929052651771984
cycle= 8 E= 992.349895363256  delta_E= -5.13e-06  |g|= 0.000603  |ddm|= 0.0125
  HOMO = -0.194831159628113  LUMO = 0.00914713924660249
cycle= 9 E= 992.349894368255  delta_E= -9.95e-07  |g|= 0.000195  |ddm|= 0.00679
  HOMO = -0.194777127687659  LUMO = 0.00914522812896093
cycle= 10 E= 992.349894320338  delta_E= -4.79e-08  |g|= 6.47e-05  |ddm|= 0.00143
  HOMO = -0.194775076646713  LUMO = 0.00912859142641435
cycle= 11 E= 992.349894315881  delta_E= -4.46e-09  |g|= 2.28e-05  |ddm|= 0.000424
  HOMO = -0.194774018681322  LUMO = 0.0091292466160006
cycle= 12 E= 992.349894315764  delta_E= -1.16e-10  |g|= 6.37e-06  |ddm|= 7.69e-05
  HOMO = -0.194773496772964  LUMO = 0.009128887092822
Extra cycle  E= 992.34989431569  delta_E= -7.4e-11  |g|= 2.83e-06  |ddm|= 1.79e-05
converged SCF energy = 992.34989431569
Difference in energy:  -703.0966279014286
E(MP2) = 991.768438083119  E_corr = -0.581456232571221
Total energy =  -774.3702755910068
time elapsed:  35.51789999008179
