

******** <class 'pyscf.dft.rks.RKS'> ********
method = RKS-RHF
initial guess = minao
damping factor = 0
level_shift factor = 0
DIIS = <class 'pyscf.scf.diis.CDIIS'>
diis_start_cycle = 1
diis_space = 8
SCF conv_tol = 1e-09
SCF conv_tol_grad = 1e-06
SCF max_cycles = 1000
direct_scf = True
direct_scf_tol = 1e-13
chkfile to save SCF result = scf.fchk
max_memory 900000 MB (current use 79 MB)
XC library pyscf.dft.libxc version 5.1.7
    S. Lehtola, C. Steigemann, M. J. Oliveira, and M. A. Marques, SoftwareX 7, 1 (2018)
XC functionals = pbe
    J. P. Perdew, K. Burke, and M. Ernzerhof, Phys. Rev. Lett. 77, 3865 (1996)
    J. P. Perdew, K. Burke, and M. Ernzerhof, Phys. Rev. Lett. 78, 1396 (1997)
    J. P. Perdew, K. Burke, and M. Ernzerhof, Phys. Rev. Lett. 77, 3865 (1996)
    J. P. Perdew, K. Burke, and M. Ernzerhof, Phys. Rev. Lett. 78, 1396 (1997)
small_rho_cutoff = 1e-07
init E= -2592.68589161385
  HOMO = -0.135589903772632  LUMO = -0.0868627408995946
cycle= 1 E= -2573.86094609638  delta_E= 18.8  |g|= 5.66  |ddm|= 10.4
  HOMO = -0.237014473524227  LUMO = -0.228181875449643
cycle= 2 E= -2429.54073387063  delta_E=  144  |g|= 19.3  |ddm|=   96
  HOMO = -0.172155222180455  LUMO = -0.161702262178308
cycle= 3 E= -2561.20084737967  delta_E= -132  |g|= 9.67  |ddm|=   72
  HOMO = -0.179835387701017  LUMO = -0.153385170978536
cycle= 4 E= -2577.99076904097  delta_E= -16.8  |g|=  6.4  |ddm|= 28.3
  HOMO = -0.163466306075663  LUMO = -0.15355318257667
cycle= 5 E= -2581.56771167959  delta_E= -3.58  |g|= 5.42  |ddm|= 2.88
  HOMO = -0.173674305392779  LUMO = -0.159425717124989
cycle= 6 E= -2581.35725703463  delta_E= 0.21  |g|= 5.48  |ddm|= 1.05
  HOMO = -0.17793922408337  LUMO = -0.162383560591002
cycle= 7 E= -2581.22391346774  delta_E= 0.133  |g|= 5.53  |ddm|= 0.907
  HOMO = -0.174088591800963  LUMO = -0.161288788483833
cycle= 8 E= -2581.28456956137  delta_E= -0.0607  |g|= 5.52  |ddm|= 0.222
  HOMO = -0.188343748121149  LUMO = -0.164949624852013
cycle= 9 E= -2580.50104132869  delta_E= 0.784  |g|= 5.77  |ddm|= 0.599

WARN: HOMO 0.021324104779275 == LUMO 0.0215309182920208

cycle= 10 E= -2543.21832630974  delta_E= 37.3  |g|= 13.6  |ddm|= 19.4
  HOMO = -0.0802366990620619  LUMO = -0.00445935374239199
cycle= 11 E= -2571.26238482627  delta_E=  -28  |g|= 6.19  |ddm|= 17.4
  HOMO = -0.203792668973323  LUMO = -0.173448379779265
cycle= 12 E= -2579.84965373928  delta_E= -8.59  |g|= 5.96  |ddm|= 9.81
  HOMO = -0.21203234450865  LUMO = -0.177532232965059
cycle= 13 E= -2580.27538164314  delta_E= -0.426  |g|= 5.83  |ddm|= 0.95
  HOMO = -0.177608754719704  LUMO = -0.158334685725896
cycle= 14 E= -2580.40134751593  delta_E= -0.126  |g|= 5.82  |ddm|= 1.39
  HOMO = -0.185695013457692  LUMO = -0.156326193026941
cycle= 15 E= -2579.61618316283  delta_E= 0.785  |g|= 6.04  |ddm|= 0.976
  HOMO = -0.169639849230214  LUMO = -0.153724437580361
cycle= 16 E= -2579.85245869847  delta_E= -0.236  |g|= 5.97  |ddm|= 0.924
  HOMO = -0.195808688358905  LUMO = -0.153711179753188
cycle= 17 E= -2580.01988212116  delta_E= -0.167  |g|= 5.93  |ddm|= 1.27
  HOMO = -0.188489915693692  LUMO = -0.161724222453071
cycle= 18 E= -2581.67310883346  delta_E= -1.65  |g|= 5.38  |ddm|= 1.52
  HOMO = -0.204329248323441  LUMO = -0.16598947870835
cycle= 19 E= -2580.23329234944  delta_E= 1.44  |g|= 5.86  |ddm|= 1.24
  HOMO = 0.0340471235748583  LUMO = 0.0390071080862409
cycle= 20 E= -2459.2857880772  delta_E=  121  |g|=   14  |ddm|= 33.4
  HOMO = -0.0789590322056593  LUMO = -0.0710420503788438
cycle= 21 E= -2574.34068263533  delta_E= -115  |g|= 5.09  |ddm|= 32.7
  HOMO = -0.167703811730011  LUMO = -0.159670172564821
cycle= 22 E= -2578.53385570358  delta_E= -4.19  |g|= 6.27  |ddm|= 7.64
  HOMO = -0.188009690443444  LUMO = -0.158587204339953
cycle= 23 E= -2579.42610150326  delta_E= -0.892  |g|= 6.11  |ddm|= 1.95
  HOMO = -0.205630690545267  LUMO = -0.164117914158174
cycle= 24 E= -2579.90845307634  delta_E= -0.482  |g|= 5.93  |ddm|= 1.21
  HOMO = -0.201782497819683  LUMO = -0.166103322784087
cycle= 25 E= -2578.89274861207  delta_E= 1.02  |g|= 6.24  |ddm|= 1.53
  HOMO = -0.197038114174642  LUMO = -0.168817890944721
cycle= 26 E= -2579.00551012559  delta_E= -0.113  |g|= 6.21  |ddm|= 0.937
  HOMO = -0.207747764077581  LUMO = -0.164650046840661
cycle= 27 E= -2581.13884804563  delta_E= -2.13  |g|= 5.52  |ddm|= 1.86
  HOMO = -0.194549376895716  LUMO = -0.166047663341264
cycle= 28 E= -2579.07928219178  delta_E= 2.06  |g|= 6.19  |ddm|= 2.14
  HOMO = -0.192444484183122  LUMO = -0.159121210744782
cycle= 29 E= -2579.80960138622  delta_E= -0.73  |g|= 5.99  |ddm|= 1.39
  HOMO = 0.00645189458041676  LUMO = 0.0122482471538376
cycle= 30 E= -2496.26945734696  delta_E= 83.5  |g|= 13.9  |ddm|= 26.5
  HOMO = -0.0857353985255073  LUMO = -0.0339140915554975
cycle= 31 E= -2573.36625653324  delta_E= -77.1  |g|= 5.33  |ddm|= 23.9
  HOMO = -0.166117137849807  LUMO = -0.145990425865705
cycle= 32 E= -2579.33236852207  delta_E= -5.97  |g|=  6.1  |ddm|= 8.35
  HOMO = -0.180884832422042  LUMO = -0.150587581464729
cycle= 33 E= -2579.97810570858  delta_E= -0.646  |g|= 5.93  |ddm|= 0.99
  HOMO = -0.163694628403819  LUMO = -0.142432109069579
cycle= 34 E= -2580.17973293826  delta_E= -0.202  |g|= 5.84  |ddm|=    1
  HOMO = -0.181184423608398  LUMO = -0.138954092791871
cycle= 35 E= -2580.37994843598  delta_E= -0.2  |g|= 5.82  |ddm|= 1.62
  HOMO = -0.168975747906248  LUMO = -0.151852048713407
cycle= 36 E= -2581.64247906746  delta_E= -1.26  |g|= 5.32  |ddm|= 2.02
  HOMO = -0.190790833706794  LUMO = -0.159146554258038
cycle= 37 E= -2580.37853750138  delta_E= 1.26  |g|= 5.79  |ddm|= 2.25
  HOMO = -0.185440875189449  LUMO = -0.152979386143309
cycle= 38 E= -2580.7035724067  delta_E= -0.325  |g|= 5.68  |ddm|=  1.2
  HOMO = -0.197386808226403  LUMO = -0.154645395703061
cycle= 39 E= -2579.88296890805  delta_E= 0.821  |g|= 5.97  |ddm|= 1.13
  HOMO = 0.02636156737301  LUMO = 0.0361636240565415
cycle= 40 E= -2454.32836710102  delta_E=  126  |g|= 14.9  |ddm|=   42
  HOMO = -0.0813638725542715  LUMO = -0.0728385119314318
cycle= 41 E= -2572.21642095723  delta_E= -118  |g|= 5.87  |ddm|=   41
  HOMO = -0.155718357572405  LUMO = -0.145548454371239
cycle= 42 E= -2578.30256566452  delta_E= -6.09  |g|= 6.11  |ddm|= 8.89
  HOMO = -0.192718762974695  LUMO = -0.148311596427194
cycle= 43 E= -2580.16543842406  delta_E= -1.86  |g|= 5.87  |ddm|= 2.46
  HOMO = -0.183432148082974  LUMO = -0.158503780763432
cycle= 44 E= -2580.27137504192  delta_E= -0.106  |g|= 5.84  |ddm|= 0.816
  HOMO = -0.156613856824085  LUMO = -0.153351137503023
cycle= 45 E= -2581.41348140503  delta_E= -1.14  |g|= 5.44  |ddm|= 3.03
  HOMO = -0.191968588979541  LUMO = -0.153169696563596
cycle= 46 E= -2580.66713604963  delta_E= 0.746  |g|= 5.72  |ddm|= 2.61
  HOMO = -0.191639115343234  LUMO = -0.151864446637803
cycle= 47 E= -2580.41867238024  delta_E= 0.248  |g|= 5.78  |ddm|= 0.889
  HOMO = -0.163999422649404  LUMO = -0.153757049418357
cycle= 48 E= -2581.65215162256  delta_E= -1.23  |g|= 5.29  |ddm|=  1.8
  HOMO = -0.191176584661864  LUMO = -0.15023427349901
cycle= 49 E= -2581.20344183078  delta_E= 0.449  |g|= 5.53  |ddm|= 1.78
  HOMO = 0.0302828179671444  LUMO = 0.0527272338450453
cycle= 50 E= -2447.36319745053  delta_E=  134  |g|=   15  |ddm|= 41.5
  HOMO = -0.106084702067527  LUMO = -0.082761613832581
cycle= 51 E= -2572.84732495724  delta_E= -125  |g|= 5.76  |ddm|=   41
  HOMO = -0.148457194453341  LUMO = -0.136493154946762
cycle= 52 E= -2578.26834394676  delta_E= -5.42  |g|= 6.21  |ddm|= 8.77
  HOMO = -0.187362291213711  LUMO = -0.145213621272778
cycle= 53 E= -2579.88879927316  delta_E= -1.62  |g|= 5.97  |ddm|= 2.69
  HOMO = -0.190539176531825  LUMO = -0.145939058683103
cycle= 54 E= -2579.99406595859  delta_E= -0.105  |g|= 5.93  |ddm|= 1.48
  HOMO = -0.197328949908862  LUMO = -0.144743210458792
cycle= 55 E= -2579.92463338736  delta_E= 0.0694  |g|= 5.95  |ddm|= 1.07
  HOMO = -0.184870530628676  LUMO = -0.142555024685834
cycle= 56 E= -2580.19927965847  delta_E= -0.275  |g|= 5.87  |ddm|= 0.779
  HOMO = -0.175808740411828  LUMO = -0.14746349016937
cycle= 57 E= -2580.02498806867  delta_E= 0.174  |g|= 5.86  |ddm|= 1.97
  HOMO = -0.204327136290742  LUMO = -0.146658298957414
cycle= 58 E= -2579.95819238016  delta_E= 0.0668  |g|= 5.94  |ddm|= 1.52
  HOMO = -0.185855975097931  LUMO = -0.13839037765539
cycle= 59 E= -2580.38959560853  delta_E= -0.431  |g|= 5.81  |ddm|= 0.73
  HOMO = 0.000206374988443178  LUMO = 0.00929193263048808
cycle= 60 E= -2482.40962217116  delta_E=   98  |g|= 14.6  |ddm|= 26.9
  HOMO = -0.0813573017079065  LUMO = -0.0785946747593664
cycle= 61 E= -2571.87778459043  delta_E= -89.5  |g|= 6.53  |ddm|= 23.9
  HOMO = -0.15059627867517  LUMO = -0.1458258447786
cycle= 62 E= -2579.30511500063  delta_E= -7.43  |g|= 6.07  |ddm|= 9.93
  HOMO = -0.178953466711676  LUMO = -0.152578560310546
cycle= 63 E= -2581.13554364482  delta_E= -1.83  |g|= 5.57  |ddm|= 2.81
  HOMO = -0.176763740548457  LUMO = -0.156881511880325
cycle= 64 E= -2581.40442161538  delta_E= -0.269  |g|= 5.51  |ddm|= 0.84
  HOMO = -0.169328042411879  LUMO = -0.156254542182089
cycle= 65 E= -2581.30081757681  delta_E= 0.104  |g|= 5.52  |ddm|=  1.1
  HOMO = -0.173118851753945  LUMO = -0.158900782991612
cycle= 66 E= -2581.59054677314  delta_E= -0.29  |g|= 5.42  |ddm|= 1.64
  HOMO = -0.177303922160633  LUMO = -0.16629203344288
cycle= 67 E= -2581.79715555351  delta_E= -0.207  |g|= 5.35  |ddm|= 1.53
  HOMO = -0.171856536848823  LUMO = -0.162067698002554
cycle= 68 E= -2581.39928099164  delta_E= 0.398  |g|=  5.5  |ddm|= 0.775
  HOMO = -0.172299173543823  LUMO = -0.165085025250986
cycle= 69 E= -2581.01332413643  delta_E= 0.386  |g|= 5.63  |ddm|= 0.47
  HOMO = 0.0283629815342704  LUMO = 0.0299358325793828
cycle= 70 E= -2453.33913124285  delta_E=  128  |g|= 18.5  |ddm|= 43.3
  HOMO = -0.0650781764345741  LUMO = -0.0338838235344913
cycle= 71 E= -2566.59613012449  delta_E= -113  |g|= 8.99  |ddm|= 41.4
  HOMO = -0.0540257664481019  LUMO = -0.0478833807600091
cycle= 72 E= -2581.38382169919  delta_E= -14.8  |g|= 5.46  |ddm|= 12.4
  HOMO = -0.186706445208784  LUMO = -0.173624122863623
cycle= 73 E= -2586.54653424996  delta_E= -5.16  |g|=  3.6  |ddm|= 4.72
  HOMO = -0.173079647104761  LUMO = -0.16453117439671
cycle= 74 E= -2585.24667380925  delta_E=  1.3  |g|= 4.31  |ddm|= 2.26
  HOMO = -0.174634550313552  LUMO = -0.158250626799913
cycle= 75 E= -2587.38946204542  delta_E= -2.14  |g|= 2.76  |ddm|= 2.31
  HOMO = -0.162669853332081  LUMO = -0.153445382069925
cycle= 76 E= -2582.21671973054  delta_E= 5.17  |g|= 5.41  |ddm|= 3.81
  HOMO = -0.174479969694885  LUMO = -0.17191274881138
cycle= 77 E= -2584.69505704196  delta_E= -2.48  |g|= 4.45  |ddm|= 2.46
  HOMO = -0.175010869241603  LUMO = -0.169295352490769
cycle= 78 E= -2584.91609004307  delta_E= -0.221  |g|= 4.39  |ddm|= 0.854
  HOMO = -0.175290015127079  LUMO = -0.169444589948417
cycle= 79 E= -2584.90963298988  delta_E= 0.00646  |g|= 4.39  |ddm|= 0.176
  HOMO = -0.150113811772547  LUMO = -0.0969703141061771
cycle= 80 E= -2588.56939446019  delta_E= -3.66  |g|= 0.989  |ddm|=  2.9
  HOMO = -0.105177923492839  LUMO = -0.0844095820322799
cycle= 81 E= -2588.16382210164  delta_E= 0.406  |g|= 1.49  |ddm|= 2.68
  HOMO = -0.135047048626583  LUMO = -0.0888514950913011
cycle= 82 E= -2588.7486345658  delta_E= -0.585  |g|= 0.504  |ddm|= 2.17
  HOMO = -0.140952054399758  LUMO = -0.0888939753113824
cycle= 83 E= -2588.81500104685  delta_E= -0.0664  |g|= 0.276  |ddm|= 0.764
  HOMO = -0.131921586492234  LUMO = -0.0872739761690742
cycle= 84 E= -2588.82900093205  delta_E= -0.014  |g|= 0.102  |ddm|= 0.32
  HOMO = -0.135620634941917  LUMO = -0.0866823328666428
cycle= 85 E= -2588.83084051937  delta_E= -0.00184  |g|= 0.0404  |ddm|= 0.128
  HOMO = -0.134960202474758  LUMO = -0.0869937576276234
cycle= 86 E= -2588.8312264187  delta_E= -0.000386  |g|= 0.00951  |ddm|= 0.0469
  HOMO = -0.134826978182084  LUMO = -0.086961129479564
cycle= 87 E= -2588.83124423908  delta_E= -1.78e-05  |g|= 0.00395  |ddm|= 0.0132
  HOMO = -0.134583555743609  LUMO = -0.0869582157699395
cycle= 88 E= -2588.83124494731  delta_E= -7.08e-07  |g|= 0.0042  |ddm|= 0.00718
  HOMO = -0.134779316328521  LUMO = -0.0869876673286927
cycle= 89 E= -2588.83124788179  delta_E= -2.93e-06  |g|= 0.0019  |ddm|= 0.00487
  HOMO = -0.134700133048611  LUMO = -0.086966653206141
cycle= 90 E= -2588.83124845903  delta_E= -5.77e-07  |g|= 0.000609  |ddm|= 0.00196
  HOMO = -0.134722393969472  LUMO = -0.0869712547364437
cycle= 91 E= -2588.8312485091  delta_E= -5.01e-08  |g|= 0.000344  |ddm|= 0.000893
  HOMO = -0.134720822958201  LUMO = -0.0869720226037652
cycle= 92 E= -2588.83124854102  delta_E= -3.19e-08  |g|= 9.14e-05  |ddm|= 0.000472
  HOMO = -0.134722798617782  LUMO = -0.0869726046233307
cycle= 93 E= -2588.83124854172  delta_E= -6.97e-10  |g|= 8.63e-05  |ddm|= 0.000183
  HOMO = -0.134722772982153  LUMO = -0.0869718267279533
cycle= 94 E= -2588.83124854338  delta_E= -1.66e-09  |g|= 2.64e-05  |ddm|= 9.56e-05
  HOMO = -0.134722465673838  LUMO = -0.0869721129140092
cycle= 95 E= -2588.83124854348  delta_E= -9.55e-11  |g|= 1.55e-05  |ddm|= 3.17e-05
  HOMO = -0.134722211230618  LUMO = -0.0869720221392834
cycle= 96 E= -2588.83124854351  delta_E= -3.55e-11  |g|= 7.99e-06  |ddm|= 2.11e-05
  HOMO = -0.13472197501662  LUMO = -0.0869720207620214
cycle= 97 E= -2588.83124854352  delta_E= -4.55e-12  |g|= 7.8e-06  |ddm|= 1.31e-05
  HOMO = -0.134722484011642  LUMO = -0.0869720794255722
cycle= 98 E= -2588.83124854353  delta_E= -8.19e-12  |g|= 7.39e-06  |ddm|= 1.2e-05
  HOMO = -0.134722176718264  LUMO = -0.0869720211347678
cycle= 99 E= -2588.83124854355  delta_E= -1.91e-11  |g|= 2.38e-06  |ddm|= 7.51e-06
  HOMO = -0.134722262874782  LUMO = -0.0869720384224743
cycle= 100 E= -2588.83124854353  delta_E= 1.64e-11  |g|= 1.78e-06  |ddm|= 3.49e-06
  HOMO = -0.134722236614192  LUMO = -0.086972040180629
cycle= 101 E= -2588.83124854353  delta_E= -2.73e-12  |g|= 6.34e-07  |ddm|= 2.56e-06
  HOMO = -0.134722266094489  LUMO = -0.0869720326121312
Extra cycle  E= -2588.83124854352  delta_E= 9.09e-12  |g|= 2.54e-06  |ddm|= 4.08e-06
converged SCF energy = -2588.83124854352
AOs:  [0, 1, 2, 3, 4, 5, 6, 7, 8, 9, 10, 11, 12, 13, 14, 15, 16, 17, 18, 19, 20, 21, 22, 23, 24, 25, 26, 27, 28, 29, 30, 31, 32, 33, 34, 35, 36, 37, 38, 39, 40, 41, 42, 43, 44, 45, 46, 47, 48, 49, 50, 51, 52, 53, 54, 55, 56, 57, 58, 59, 60, 61, 62, 63, 64, 65, 66, 67, 68, 69, 70, 71, 72, 73, 74, 75, 76, 77, 78, 79, 80, 81, 82, 83, 84, 85, 86, 87, 88, 89, 90, 91, 92, 93, 94, 95, 96, 97, 98, 99, 100, 101, 102, 103, 104, 105, 106, 107, 108, 109, 110, 111, 112, 113, 114, 115, 116, 117, 118, 119, 120, 121, 122, 123, 124, 125, 126, 127, 128, 129, 130, 131, 132, 133, 134, 135, 136, 137, 138, 139, 140, 141, 142, 143, 144, 145, 146, 147, 148, 149, 150, 151, 152, 153, 154, 155, 156, 157, 158, 159, 160, 161, 162, 163, 164, 165, 166, 167, 168, 169, 170, 171, 172, 173, 174, 175, 176, 177, 178, 179, 180, 181, 182, 183, 184, 185, 186, 187, 188, 189, 190, 191, 192, 193, 194, 195, 196, 197, 198, 199, 200, 201, 202, 203, 204, 205, 206, 207, 208, 209, 210, 211, 212, 213, 214, 215, 216, 217, 218, 219, 220, 221, 222, 223, 224, 225, 226, 227, 228, 229, 230, 231, 232, 233, 234, 235, 236, 237, 238, 239, 240, 241, 242, 243, 244, 245, 246, 247, 248, 249, 250, 251, 252, 253, 254, 255, 256, 257, 258, 259, 260, 261, 262, 263, 264, 265, 266, 267, 268, 269, 270, 271, 272, 273, 274, 275, 276, 277, 278, 279, 280, 281, 282, 283, 284, 285, 286, 287, 288, 289, 290, 291, 292, 293, 294, 295, 296, 297, 298, 299, 300, 301, 302, 303, 304, 305, 306, 307, 308, 309, 310, 311, 312, 313, 314, 315, 316, 317, 318, 319, 320, 321, 322, 323, 324]
325
Number of Active MOs:  108
Number of Environment MOs:  10
Number of Virtual MOs:  427
 # electrons:            α            β
         Env:  10.00000000  10.00000000
         Act: 108.00000000 108.00000000
         Vir:  -0.00000000  -0.00000000
Number of electrons in the active space:  216

 The density matrix is idempotent!

 The density matrix is idempotent!


******** <class 'pyscf.scf.hf.RHF'> ********
method = RHF
initial guess = minao
damping factor = 0
level_shift factor = 0
DIIS = <class 'pyscf.scf.diis.CDIIS'>
diis_start_cycle = 1
diis_space = 8
SCF conv_tol = 1e-09
SCF conv_tol_grad = 1e-06
SCF max_cycles = 200
direct_scf = True
direct_scf_tol = 1e-13
chkfile to save SCF result = subsys_scf.chk
max_memory 900000 MB (current use 89899 MB)
init E= -1704.69696022382
  HOMO = -0.211967178463289  LUMO = 0.0307938163566256
cycle= 1 E= -1705.04697779449  delta_E= -0.35  |g|= 0.327  |ddm|= 3.11
  HOMO = -0.215750504417071  LUMO = 0.0274107278114782
cycle= 2 E= -1705.09908376453  delta_E= -0.0521  |g|= 0.168  |ddm|= 0.661
  HOMO = -0.213327226608734  LUMO = 0.0265616759800005
cycle= 3 E= -1705.10973736667  delta_E= -0.0107  |g|= 0.12  |ddm|= 0.368
  HOMO = -0.206604523355573  LUMO = 0.0319451725752145
cycle= 4 E= -1705.11464661083  delta_E= -0.00491  |g|= 0.021  |ddm|= 0.189
  HOMO = -0.208194325768741  LUMO = 0.029483583174351
cycle= 5 E= -1705.11491542126  delta_E= -0.000269  |g|= 0.00716  |ddm|= 0.0464
  HOMO = -0.207255870031375  LUMO = 0.0297537656489311
cycle= 6 E= -1705.11495008109  delta_E= -3.47e-05  |g|= 0.00347  |ddm|= 0.0162
  HOMO = -0.20702645079832  LUMO = 0.0297619096823157
cycle= 7 E= -1705.11495766242  delta_E= -7.58e-06  |g|= 0.00182  |ddm|= 0.00673
  HOMO = -0.206901188842842  LUMO = 0.0297117872426681
cycle= 8 E= -1705.11496099414  delta_E= -3.33e-06  |g|= 0.00103  |ddm|= 0.00522
  HOMO = -0.206830693339081  LUMO = 0.029700173539228
cycle= 9 E= -1705.11496210893  delta_E= -1.11e-06  |g|= 0.000628  |ddm|= 0.00261
  HOMO = -0.206814177621614  LUMO = 0.0296957937286752
cycle= 10 E= -1705.11496263608  delta_E= -5.27e-07  |g|= 0.000464  |ddm|= 0.00152
  HOMO = -0.206817436153146  LUMO = 0.0296948446235153
cycle= 11 E= -1705.11496307661  delta_E= -4.41e-07  |g|= 0.000312  |ddm|= 0.00177
  HOMO = -0.206820472781261  LUMO = 0.0296980342833083
cycle= 12 E= -1705.1149633253  delta_E= -2.49e-07  |g|= 0.000125  |ddm|= 0.00199
  HOMO = -0.206829674312368  LUMO = 0.0296970548800821
cycle= 13 E= -1705.11496335044  delta_E= -2.51e-08  |g|= 6.29e-05  |ddm|= 0.000638
  HOMO = -0.206826675484057  LUMO = 0.0296997832568628
cycle= 14 E= -1705.11496335398  delta_E= -3.54e-09  |g|= 2.59e-05  |ddm|= 0.000232
  HOMO = -0.206828188627697  LUMO = 0.0296989312288743
cycle= 15 E= -1705.11496335505  delta_E= -1.07e-09  |g|= 1.58e-05  |ddm|= 8.98e-05
  HOMO = -0.20682786523817  LUMO = 0.0296993200311899
cycle= 16 E= -1705.11496335583  delta_E= -7.8e-10  |g|= 1.27e-05  |ddm|= 7.15e-05
  HOMO = -0.206828146978013  LUMO = 0.0296992361740314
cycle= 17 E= -1705.11496335663  delta_E= -7.96e-10  |g|= 8.5e-06  |ddm|= 0.00012
  HOMO = -0.206828196653261  LUMO = 0.0296992499749055
cycle= 18 E= -1705.11496335695  delta_E= -3.26e-10  |g|= 4.61e-06  |ddm|= 0.000126
  HOMO = -0.206828252172554  LUMO = 0.0296992611833412
cycle= 19 E= -1705.11496335706  delta_E= -1.06e-10  |g|= 2.49e-06  |ddm|= 5.84e-05
  HOMO = -0.2068282841884  LUMO = 0.0296992873514576
cycle= 20 E= -1705.11496335703  delta_E= 2.91e-11  |g|= 1.34e-06  |ddm|= 2e-05
  HOMO = -0.206828292348812  LUMO = 0.0296992947946361
cycle= 21 E= -1705.11496335709  delta_E= -6.09e-11  |g|= 8.95e-07  |ddm|= 5.61e-06
  HOMO = -0.206828309330317  LUMO = 0.0296992809109522
Extra cycle  E= -1705.11496335711  delta_E= -1.55e-11  |g|= 7.39e-07  |ddm|= 1.44e-06
converged SCF energy = -1705.11496335711
Difference in energy:  -4856.619831738949
E(MP2) = -1709.67569991894  E_corr = -4.56073656183511
Total energy =  -2585.6524752461705
time elapsed:  412.7399950027466
