

******** <class 'pyscf.dft.rks.RKS'> ********
method = RKS-RHF
initial guess = minao
damping factor = 0
level_shift factor = 0
DIIS = <class 'pyscf.scf.diis.CDIIS'>
diis_start_cycle = 1
diis_space = 8
SCF conv_tol = 1e-09
SCF conv_tol_grad = 1e-06
SCF max_cycles = 1000
direct_scf = True
direct_scf_tol = 1e-13
chkfile to save SCF result = scf.fchk
max_memory 900000 MB (current use 79 MB)
XC library pyscf.dft.libxc version 5.1.7
    S. Lehtola, C. Steigemann, M. J. Oliveira, and M. A. Marques, SoftwareX 7, 1 (2018)
XC functionals = pbe
    J. P. Perdew, K. Burke, and M. Ernzerhof, Phys. Rev. Lett. 77, 3865 (1996)
    J. P. Perdew, K. Burke, and M. Ernzerhof, Phys. Rev. Lett. 78, 1396 (1997)
    J. P. Perdew, K. Burke, and M. Ernzerhof, Phys. Rev. Lett. 77, 3865 (1996)
    J. P. Perdew, K. Burke, and M. Ernzerhof, Phys. Rev. Lett. 78, 1396 (1997)
small_rho_cutoff = 1e-07
init E= -2479.39981693459
  HOMO = -0.134878995983573  LUMO = -0.0691459258566996
cycle= 1 E= -2460.75331207072  delta_E= 18.6  |g|= 5.48  |ddm|= 10.3
  HOMO = -0.231775807630211  LUMO = -0.205622127636718
cycle= 2 E= -2322.76815184103  delta_E=  138  |g|= 18.9  |ddm|= 95.4
  HOMO = -0.164302643785782  LUMO = -0.160803233764483
cycle= 3 E= -2447.05311353123  delta_E= -124  |g|= 9.43  |ddm|= 71.8
  HOMO = -0.17954525926021  LUMO = -0.162341576348346
cycle= 4 E= -2465.18138164001  delta_E= -18.1  |g|=  6.2  |ddm|=   28
  HOMO = -0.153349547044162  LUMO = -0.152030215378833
cycle= 5 E= -2470.89975287947  delta_E= -5.72  |g|= 4.83  |ddm|= 3.77
  HOMO = -0.193731586590349  LUMO = -0.161792445858986
cycle= 6 E= -2468.23221922241  delta_E= 2.67  |g|= 5.42  |ddm|= 2.62
  HOMO = -0.190298991525004  LUMO = -0.163346481516348
cycle= 7 E= -2467.96738787892  delta_E= 0.265  |g|= 5.51  |ddm|= 0.278
  HOMO = -0.180561029135141  LUMO = -0.162247833294047
cycle= 8 E= -2467.9725977886  delta_E= -0.00521  |g|= 5.52  |ddm|= 0.67
  HOMO = -0.172477256813225  LUMO = -0.163127158598683
cycle= 9 E= -2467.58248322208  delta_E= 0.39  |g|= 5.64  |ddm|= 0.967
  HOMO = 0.0238375097062532  LUMO = 0.0259747927451617
cycle= 10 E= -2386.22387332846  delta_E= 81.4  |g|=   15  |ddm|= 21.1
  HOMO = -0.0833313472408415  LUMO = -0.0369288582928687
cycle= 11 E= -2458.86424610759  delta_E= -72.6  |g|=  5.9  |ddm|= 18.1
  HOMO = -0.209847563882079  LUMO = -0.171330174397742
cycle= 12 E= -2467.57772237127  delta_E= -8.71  |g|= 5.64  |ddm|= 9.24
  HOMO = -0.202937328933663  LUMO = -0.16566267391621
cycle= 13 E= -2466.33447704737  delta_E= 1.24  |g|= 5.99  |ddm|= 0.872
  HOMO = -0.193392700848981  LUMO = -0.156524516464498
cycle= 14 E= -2466.36081496386  delta_E= -0.0263  |g|= 5.98  |ddm|= 1.26
  HOMO = -0.181130008511822  LUMO = -0.13896109648131
cycle= 15 E= -2468.37626550619  delta_E= -2.02  |g|= 5.36  |ddm|=  1.9
  HOMO = -0.185647715832607  LUMO = -0.156598196550793
cycle= 16 E= -2467.26154045859  delta_E= 1.11  |g|= 5.74  |ddm|= 1.76
  HOMO = -0.210495142318865  LUMO = -0.17103023132111
cycle= 17 E= -2467.03293594737  delta_E= 0.229  |g|=  5.8  |ddm|= 0.858
  HOMO = -0.206188121628882  LUMO = -0.172510530264027
cycle= 18 E= -2466.97738569344  delta_E= 0.0556  |g|= 5.81  |ddm|= 0.492
  HOMO = -0.210010093000968  LUMO = -0.172364259177833
cycle= 19 E= -2466.4403328495  delta_E= 0.537  |g|= 5.96  |ddm|= 0.559
  HOMO = 0.025489400516486  LUMO = 0.0331899898913513
cycle= 20 E= -2383.33628188292  delta_E= 83.1  |g|= 13.4  |ddm|= 25.4
  HOMO = -0.0655843950564953  LUMO = -0.0487936709662844
cycle= 21 E= -2459.77537833908  delta_E= -76.4  |g|=  5.4  |ddm|= 23.2
  HOMO = -0.158539279793047  LUMO = -0.151009788377328
cycle= 22 E= -2465.46464140992  delta_E= -5.69  |g|= 6.05  |ddm|= 8.22
  HOMO = -0.181749495063964  LUMO = -0.177610973175319
cycle= 23 E= -2468.9951490263  delta_E= -3.53  |g|= 5.12  |ddm|= 3.11
  HOMO = -0.160359245600707  LUMO = -0.138738827693407
cycle= 24 E= -2468.62700142296  delta_E= 0.368  |g|= 5.29  |ddm|= 2.13
  HOMO = -0.174078569596162  LUMO = -0.149768891212489
cycle= 25 E= -2468.66282705525  delta_E= -0.0358  |g|= 5.29  |ddm|= 1.47
  HOMO = -0.180001761074515  LUMO = -0.156085466435987
cycle= 26 E= -2468.56568612765  delta_E= 0.0971  |g|= 5.31  |ddm|= 0.788
  HOMO = -0.175249244025533  LUMO = -0.154381522643519
cycle= 27 E= -2468.74499439621  delta_E= -0.179  |g|= 5.25  |ddm|= 0.621
  HOMO = -0.150251511310113  LUMO = -0.148506839557549
cycle= 28 E= -2470.08844390277  delta_E= -1.34  |g|= 4.99  |ddm|= 1.47
  HOMO = -0.191520828297054  LUMO = -0.156161237497149
cycle= 29 E= -2468.48940352956  delta_E=  1.6  |g|= 5.33  |ddm|= 1.55
  HOMO = 0.0311862174445235  LUMO = 0.0437809214986588
cycle= 30 E= -2357.40890000126  delta_E=  111  |g|= 14.1  |ddm|= 30.5
  HOMO = -0.0860124346116276  LUMO = -0.0433541463974165
cycle= 31 E= -2459.58059430869  delta_E= -102  |g|= 5.81  |ddm|= 29.2
  HOMO = -0.164852780720716  LUMO = -0.152583870007681
cycle= 32 E= -2466.28242556325  delta_E= -6.7  |g|=    6  |ddm|= 9.09
  HOMO = -0.199646615523778  LUMO = -0.153811734855307
cycle= 33 E= -2466.91509661089  delta_E= -0.633  |g|= 5.84  |ddm|= 1.83
  HOMO = -0.199719822703753  LUMO = -0.155568686783004
cycle= 34 E= -2467.11122031808  delta_E= -0.196  |g|= 5.78  |ddm|= 0.53
  HOMO = -0.184549145263279  LUMO = -0.152387453339744
cycle= 35 E= -2467.01854821476  delta_E= 0.0927  |g|= 5.79  |ddm|= 0.972
  HOMO = -0.19274732263608  LUMO = -0.157596433344066
cycle= 36 E= -2467.38376072635  delta_E= -0.365  |g|= 5.69  |ddm|= 1.29
  HOMO = -0.196619009977705  LUMO = -0.152083606873996
cycle= 37 E= -2467.32760159214  delta_E= 0.0562  |g|= 5.72  |ddm|= 0.679
  HOMO = -0.202687267355486  LUMO = -0.152958358330017
cycle= 38 E= -2467.07417538297  delta_E= 0.253  |g|=  5.8  |ddm|= 0.619
  HOMO = -0.203449935343199  LUMO = -0.153686120286506
cycle= 39 E= -2467.03032555851  delta_E= 0.0438  |g|= 5.81  |ddm|= 0.0779
  HOMO = 0.0052900054204386  LUMO = 0.00691881125966068
cycle= 40 E= -2371.61759130656  delta_E= 95.4  |g|= 13.3  |ddm|= 26.7
  HOMO = -0.0850082195043335  LUMO = -0.0729844388744744
cycle= 41 E= -2460.79589042257  delta_E= -89.2  |g|= 5.28  |ddm|= 24.9
  HOMO = -0.184080126776166  LUMO = -0.140434730178723
cycle= 42 E= -2463.96473805585  delta_E= -3.17  |g|= 6.25  |ddm|= 8.14
  HOMO = -0.182197517205184  LUMO = -0.160756626383497
cycle= 43 E= -2466.98941439465  delta_E= -3.02  |g|= 5.79  |ddm|= 3.24
  HOMO = -0.171845849296684  LUMO = -0.162572118051602
cycle= 44 E= -2466.79575070947  delta_E= 0.194  |g|= 5.88  |ddm|= 1.54
  HOMO = -0.171035755255392  LUMO = -0.168214818420789
cycle= 45 E= -2467.09019184021  delta_E= -0.294  |g|=  5.8  |ddm|= 1.02
  HOMO = -0.173628535625967  LUMO = -0.157876726762463
cycle= 46 E= -2466.94727883559  delta_E= 0.143  |g|= 5.86  |ddm|= 1.24
  HOMO = -0.167222623420729  LUMO = -0.165227877631014
cycle= 47 E= -2466.96059554581  delta_E= -0.0133  |g|= 5.83  |ddm|= 1.25
  HOMO = -0.167066637149823  LUMO = -0.165071315940553
cycle= 48 E= -2467.16589616856  delta_E= -0.205  |g|= 5.77  |ddm|= 0.677
  HOMO = -0.176726027616418  LUMO = -0.16543551572881
cycle= 49 E= -2466.87132626613  delta_E= 0.295  |g|= 5.86  |ddm|= 0.712
  HOMO = 0.0374636371758776  LUMO = 0.0417611605085592
cycle= 50 E= -2322.45709504238  delta_E=  144  |g|= 13.8  |ddm|= 33.2
  HOMO = -0.11431077064458  LUMO = -0.08446757449121
cycle= 51 E= -2458.37892825549  delta_E= -136  |g|= 6.89  |ddm|= 32.6
  HOMO = -0.180260317436498  LUMO = -0.140906853197702
cycle= 52 E= -2466.62633803849  delta_E= -8.25  |g|= 5.93  |ddm|= 10.6
  HOMO = -0.198371037973593  LUMO = -0.150910761925378
cycle= 53 E= -2467.05728735119  delta_E= -0.431  |g|=  5.8  |ddm|=  1.2
  HOMO = -0.183357399734168  LUMO = -0.154573168540706
cycle= 54 E= -2466.80544750163  delta_E= 0.252  |g|= 5.86  |ddm|= 0.947
  HOMO = -0.191837394334881  LUMO = -0.151996801993298
cycle= 55 E= -2466.6858280689  delta_E= 0.12  |g|= 5.92  |ddm|= 0.709
  HOMO = -0.19269303480617  LUMO = -0.152081068760177
cycle= 56 E= -2466.73266976343  delta_E= -0.0468  |g|=  5.9  |ddm|= 0.383
  HOMO = -0.190782812521514  LUMO = -0.151861912894472
cycle= 57 E= -2466.84386986238  delta_E= -0.111  |g|= 5.87  |ddm|= 0.637
  HOMO = -0.197496954614632  LUMO = -0.15882405530136
cycle= 58 E= -2466.70268806405  delta_E= 0.141  |g|= 5.91  |ddm|= 0.834
  HOMO = -0.157766048829268  LUMO = -0.136446130006366
cycle= 59 E= -2468.07507554876  delta_E= -1.37  |g|= 5.52  |ddm|= 1.76
  HOMO = -0.0111753641865698  LUMO = 0.000807062821818762
cycle= 60 E= -2385.57298337658  delta_E= 82.5  |g|= 11.9  |ddm|= 20.1
  HOMO = -0.075562013313801  LUMO = -0.0570722265190905
cycle= 61 E= -2461.6141628797  delta_E=  -76  |g|= 4.99  |ddm|= 18.3
  HOMO = -0.146835596560014  LUMO = -0.137263725261813
cycle= 62 E= -2461.44387629877  delta_E= 0.17  |g|=  6.9  |ddm|= 8.75
  HOMO = -0.184743339150442  LUMO = -0.177654943825499
cycle= 63 E= -2466.55411288783  delta_E= -5.11  |g|= 5.95  |ddm|= 3.86
  HOMO = -0.180835994663196  LUMO = -0.17225220417376
cycle= 64 E= -2466.35775135413  delta_E= 0.196  |g|= 5.95  |ddm|= 2.04
  HOMO = -0.174649044880644  LUMO = -0.169248562293942
cycle= 65 E= -2466.54466413175  delta_E= -0.187  |g|= 5.95  |ddm|= 2.03
  HOMO = -0.173698446300824  LUMO = -0.170786943283592
cycle= 66 E= -2466.67362511931  delta_E= -0.129  |g|= 5.92  |ddm|= 0.481
  HOMO = -0.169977386459624  LUMO = -0.165868164837801
cycle= 67 E= -2466.39474811857  delta_E= 0.279  |g|= 5.95  |ddm|= 1.83
  HOMO = -0.180351794037183  LUMO = -0.160274900173165
cycle= 68 E= -2466.39910887092  delta_E= -0.00436  |g|= 6.01  |ddm|= 1.96
  HOMO = -0.178028223312199  LUMO = -0.161860746399335
cycle= 69 E= -2466.60586768393  delta_E= -0.207  |g|= 5.95  |ddm|= 0.301
  HOMO = 0.0118904787839003  LUMO = 0.0229691613796783
cycle= 70 E= -2336.32629797882  delta_E=  130  |g|= 14.1  |ddm|= 27.8
  HOMO = -0.124501578048391  LUMO = -0.0776402968710164
cycle= 71 E= -2457.94398788071  delta_E= -122  |g|= 7.14  |ddm|= 26.4
  HOMO = -0.161786991111205  LUMO = -0.160536290977045
cycle= 72 E= -2467.01014830886  delta_E= -9.07  |g|= 5.69  |ddm|= 10.5
  HOMO = -0.173670183365124  LUMO = -0.167363974248008
cycle= 73 E= -2468.63723452196  delta_E= -1.63  |g|= 5.32  |ddm|= 2.43
  HOMO = -0.176286904020398  LUMO = -0.168574259342294
cycle= 74 E= -2468.28723597673  delta_E= 0.35  |g|= 5.44  |ddm|= 1.34
  HOMO = -0.177767447592822  LUMO = -0.169939307719572
cycle= 75 E= -2468.35684503261  delta_E= -0.0696  |g|= 5.42  |ddm|= 0.423
  HOMO = -0.172625082795888  LUMO = -0.144454903155966
cycle= 76 E= -2466.07822976524  delta_E= 2.28  |g|= 5.72  |ddm|= 2.78
  HOMO = -0.166660206011506  LUMO = -0.157563042574604
cycle= 77 E= -2468.35905489768  delta_E= -2.28  |g|= 5.39  |ddm|=  2.9
  HOMO = -0.185618067598029  LUMO = -0.163777557899312
cycle= 78 E= -2468.63333499067  delta_E= -0.274  |g|= 5.31  |ddm|= 1.01
  HOMO = -0.154607394992882  LUMO = -0.135417516556801
cycle= 79 E= -2471.46878763463  delta_E= -2.84  |g|= 4.66  |ddm|= 2.77
  HOMO = 0.0169497350038931  LUMO = 0.0291458383440463
cycle= 80 E= -2376.48159794784  delta_E=   95  |g|=   14  |ddm|= 26.3
  HOMO = -0.0941331648469517  LUMO = -0.0762977415953119
cycle= 81 E= -2460.04102049642  delta_E= -83.6  |g|= 5.66  |ddm|= 24.7
  HOMO = -0.159918507863256  LUMO = -0.144484788634884
cycle= 82 E= -2464.97269912916  delta_E= -4.93  |g|= 6.13  |ddm|= 8.85
  HOMO = -0.173064335040213  LUMO = -0.160996153658355
cycle= 83 E= -2467.36428852729  delta_E= -2.39  |g|= 5.72  |ddm|= 2.53
  HOMO = -0.16968799707918  LUMO = -0.168374508050317
cycle= 84 E= -2467.31492567593  delta_E= 0.0494  |g|= 5.72  |ddm|=  1.3
  HOMO = -0.173927745468545  LUMO = -0.171531336192185
cycle= 85 E= -2466.81376144385  delta_E= 0.501  |g|= 5.82  |ddm|= 1.86
  HOMO = -0.17674774080551  LUMO = -0.165310288927487
cycle= 86 E= -2467.1029426464  delta_E= -0.289  |g|=  5.8  |ddm|= 1.89
  HOMO = -0.167408337761297  LUMO = -0.164017401429207
cycle= 87 E= -2467.08565053442  delta_E= 0.0173  |g|= 5.73  |ddm|= 1.88
  HOMO = -0.16697533001873  LUMO = -0.160824207367719
cycle= 88 E= -2466.85220640565  delta_E= 0.233  |g|= 5.89  |ddm|= 2.42
  HOMO = -0.167525191107077  LUMO = -0.165619459829383
cycle= 89 E= -2467.19762222604  delta_E= -0.345  |g|= 5.79  |ddm|= 1.24
  HOMO = 0.0406470553954617  LUMO = 0.0439002860388717
cycle= 90 E= -2326.89994283811  delta_E=  140  |g|= 14.8  |ddm|= 35.2
  HOMO = -0.100526664640644  LUMO = -0.0965767524374306
cycle= 91 E= -2457.04413264462  delta_E= -130  |g|= 7.49  |ddm|= 34.4
  HOMO = -0.157842825376308  LUMO = -0.149008546195307
cycle= 92 E= -2468.18921480406  delta_E= -11.1  |g|= 5.37  |ddm|= 11.2
  HOMO = -0.157609134973589  LUMO = -0.155803655693535
cycle= 93 E= -2469.07975796197  delta_E= -0.891  |g|= 5.17  |ddm|= 1.95
  HOMO = -0.16063451882421  LUMO = -0.155341408908855
cycle= 94 E= -2469.05904603036  delta_E= 0.0207  |g|= 5.17  |ddm|= 0.924
  HOMO = -0.151932625234056  LUMO = -0.149328231372349
cycle= 95 E= -2469.24938597942  delta_E= -0.19  |g|=  5.1  |ddm|= 0.546
  HOMO = -0.163036160151297  LUMO = -0.161049502069161
cycle= 96 E= -2469.31343134204  delta_E= -0.064  |g|= 5.11  |ddm|= 0.809
  HOMO = -0.165745301321964  LUMO = -0.156647897212058
cycle= 97 E= -2472.17255506749  delta_E= -2.86  |g|= 4.23  |ddm|= 2.76
  HOMO = -0.181895876564168  LUMO = -0.160217543484561
cycle= 98 E= -2468.76264401595  delta_E= 3.41  |g|= 5.26  |ddm|= 2.96
  HOMO = -0.154194562129334  LUMO = -0.150037869487803
cycle= 99 E= -2471.96691768802  delta_E= -3.2  |g|= 4.38  |ddm|= 2.66
  HOMO = 0.0366182835107518  LUMO = 0.0389686295688021
cycle= 100 E= -2365.3091115794  delta_E=  107  |g|= 13.8  |ddm|= 28.5
  HOMO = -0.0915239121299544  LUMO = -0.0655501588823544
cycle= 101 E= -2460.53559632991  delta_E= -95.2  |g|= 5.41  |ddm|= 27.4
  HOMO = -0.163575191118926  LUMO = -0.145404808129772
cycle= 102 E= -2465.7396352932  delta_E= -5.2  |g|= 6.16  |ddm|= 8.68
  HOMO = -0.168467516802487  LUMO = -0.145505924717464
cycle= 103 E= -2466.40383005517  delta_E= -0.664  |g|= 5.97  |ddm|= 1.18
  HOMO = -0.167340664450299  LUMO = -0.14804445979196
cycle= 104 E= -2466.30262589872  delta_E= 0.101  |g|=    6  |ddm|= 0.753
  HOMO = -0.165871819538635  LUMO = -0.148284297628041
cycle= 105 E= -2466.24451732474  delta_E= 0.0581  |g|= 6.02  |ddm|= 0.23
  HOMO = -0.198363291965144  LUMO = -0.150457526113538
cycle= 106 E= -2466.51860304109  delta_E= -0.274  |g|= 5.95  |ddm|= 1.13
  HOMO = -0.179267605177718  LUMO = -0.149311798065575
cycle= 107 E= -2466.64912196843  delta_E= -0.131  |g|= 5.91  |ddm|= 0.722
  HOMO = -0.174011831402471  LUMO = -0.144109144061529
cycle= 108 E= -2466.20403586472  delta_E= 0.445  |g|= 6.06  |ddm|=  1.2
  HOMO = -0.167448815661493  LUMO = -0.140943975713911
cycle= 109 E= -2466.48651683151  delta_E= -0.282  |g|= 5.98  |ddm|= 0.312
  HOMO = 0.00943337936964823  LUMO = 0.0291416808935436
cycle= 110 E= -2377.18123122001  delta_E= 89.3  |g|= 13.4  |ddm|= 27.5
  HOMO = -0.0962650970977057  LUMO = -0.051193584287345
cycle= 111 E= -2460.10665246961  delta_E= -82.9  |g|= 5.61  |ddm|= 25.1
  HOMO = -0.174904144165348  LUMO = -0.152257832964024
cycle= 112 E= -2466.28219075517  delta_E= -6.18  |g|= 5.99  |ddm|= 8.67
  HOMO = -0.186964692121374  LUMO = -0.148328577994721
cycle= 113 E= -2467.21437014183  delta_E= -0.932  |g|= 5.76  |ddm|= 1.43
  HOMO = -0.174497628062123  LUMO = -0.145940914251443
cycle= 114 E= -2467.30029695172  delta_E= -0.0859  |g|= 5.73  |ddm|= 0.798
  HOMO = -0.174953539741928  LUMO = -0.146979834952081
cycle= 115 E= -2467.2550096483  delta_E= 0.0453  |g|= 5.74  |ddm|= 0.919
  HOMO = -0.193179748937214  LUMO = -0.161636911247688
cycle= 116 E= -2467.99228352633  delta_E= -0.737  |g|= 5.44  |ddm|=  1.7
  HOMO = -0.177852112633729  LUMO = -0.133683097242481
cycle= 117 E= -2467.2253827204  delta_E= 0.767  |g|= 5.77  |ddm|= 2.16
  HOMO = -0.169570086629212  LUMO = -0.14405875785337
cycle= 118 E= -2467.17734707094  delta_E= 0.048  |g|= 5.75  |ddm|= 1.38
  HOMO = -0.195766881868243  LUMO = -0.154803423118716
cycle= 119 E= -2467.02684651304  delta_E= 0.151  |g|= 5.82  |ddm|= 1.26
  HOMO = 0.0325753246544811  LUMO = 0.0392288013680026
cycle= 120 E= -2344.08838314276  delta_E=  123  |g|= 15.1  |ddm|=   33
  HOMO = -0.0982434452768352  LUMO = -0.0544992046317111
cycle= 121 E= -2457.33245644285  delta_E= -113  |g|= 6.87  |ddm|=   32
  HOMO = -0.157071724775068  LUMO = -0.147476501329045
cycle= 122 E= -2468.64112346511  delta_E= -11.3  |g|= 5.31  |ddm|= 10.4
  HOMO = -0.160316348236298  LUMO = -0.153387632865918
cycle= 123 E= -2468.87050569035  delta_E= -0.229  |g|= 5.23  |ddm|=  1.1
  HOMO = -0.168776417649225  LUMO = -0.152191297393698
cycle= 124 E= -2468.44414314974  delta_E= 0.426  |g|= 5.36  |ddm|=  1.2
  HOMO = -0.154061014928322  LUMO = -0.116511296474099
cycle= 125 E= -2474.98257924598  delta_E= -6.54  |g|= 1.67  |ddm|= 4.26
  HOMO = -0.148609664295242  LUMO = -0.134651643620876
cycle= 126 E= -2468.27474971071  delta_E= 6.71  |g|= 5.73  |ddm|= 4.92
  HOMO = -0.159286979073659  LUMO = -0.152145683454769
cycle= 127 E= -2470.50625738042  delta_E= -2.23  |g|= 5.02  |ddm|= 1.61
  HOMO = -0.159514221259004  LUMO = -0.151738054254645
cycle= 128 E= -2470.53425130679  delta_E= -0.028  |g|= 5.01  |ddm|= 0.0586
  HOMO = -0.160572706947376  LUMO = -0.135264151290502
cycle= 129 E= -2472.14597148686  delta_E= -1.61  |g|= 4.27  |ddm|= 0.952
  HOMO = -0.0520401564489109  LUMO = -0.0105195814278915
cycle= 130 E= -2461.4407952565  delta_E= 10.7  |g|= 5.39  |ddm|= 5.77
  HOMO = -0.180415914823439  LUMO = -0.177463923032398
cycle= 131 E= -2468.8006568344  delta_E= -7.36  |g|= 5.25  |ddm|= 6.29
  HOMO = -0.175638178251403  LUMO = -0.17314287020648
cycle= 132 E= -2471.2000061439  delta_E= -2.4  |g|= 4.73  |ddm|= 2.51
  HOMO = -0.180949478736857  LUMO = -0.174886758065568
cycle= 133 E= -2471.58822974734  delta_E= -0.388  |g|= 4.52  |ddm|= 1.01
  HOMO = -0.192251680000738  LUMO = -0.181238914554317
cycle= 134 E= -2466.3450197197  delta_E= 5.24  |g|= 5.96  |ddm|= 3.78
  HOMO = -0.194696048942522  LUMO = -0.169199864897644
cycle= 135 E= -2467.29703518625  delta_E= -0.952  |g|= 5.71  |ddm|= 2.39
  HOMO = -0.208815070230295  LUMO = -0.186017795051802
cycle= 136 E= -2467.47632855739  delta_E= -0.179  |g|= 5.62  |ddm|=  1.9
  HOMO = -0.200983103570789  LUMO = -0.185000708590278
cycle= 137 E= -2467.34856860625  delta_E= 0.128  |g|=  5.5  |ddm|=  2.9
  HOMO = -0.201579649084427  LUMO = -0.163788512876263
cycle= 138 E= -2468.37251309036  delta_E= -1.02  |g|= 5.34  |ddm|= 2.51
  HOMO = 0.0442615460412367  LUMO = 0.050852433914215
cycle= 139 E= -2356.02401318247  delta_E=  112  |g|= 14.3  |ddm|= 34.9
  HOMO = -0.0823631481167949  LUMO = -0.0202869911708543
cycle= 140 E= -2459.84664578055  delta_E= -104  |g|= 5.69  |ddm|=   34
  HOMO = -0.185239701584195  LUMO = -0.152217666601353
cycle= 141 E= -2466.85732297568  delta_E= -7.01  |g|= 5.85  |ddm|= 8.63
  HOMO = -0.164910668603903  LUMO = -0.160889872444034
cycle= 142 E= -2466.80500695456  delta_E= 0.0523  |g|= 5.86  |ddm|=  1.6
  HOMO = -0.187343473884616  LUMO = -0.160574593576436
cycle= 143 E= -2467.09176781148  delta_E= -0.287  |g|= 5.78  |ddm|= 1.31
  HOMO = -0.187453335480292  LUMO = -0.162069947714401
cycle= 144 E= -2467.07843740891  delta_E= 0.0133  |g|= 5.79  |ddm|= 0.267
  HOMO = -0.191809168040944  LUMO = -0.164575222570056
cycle= 145 E= -2467.04867955904  delta_E= 0.0298  |g|= 5.79  |ddm|= 0.549
  HOMO = -0.177026345669322  LUMO = -0.175149608661795
cycle= 146 E= -2466.21620765575  delta_E= 0.832  |g|= 5.91  |ddm|= 2.26
  HOMO = -0.195733058682852  LUMO = -0.169761838456219
cycle= 147 E= -2467.13275103389  delta_E= -0.917  |g|= 5.74  |ddm|=  2.2
  HOMO = -0.204960985534206  LUMO = -0.172903040114077
cycle= 148 E= -2466.84934026612  delta_E= 0.283  |g|= 5.84  |ddm|= 0.91
  HOMO = 0.0322054289971653  LUMO = 0.0411506924938774
cycle= 149 E= -2333.16420263933  delta_E=  134  |g|= 15.4  |ddm|= 32.9
  HOMO = -0.102029105177374  LUMO = -0.0193667176090662
cycle= 150 E= -2455.72088729449  delta_E= -123  |g|= 8.16  |ddm|= 31.2
  HOMO = -0.153657175982321  LUMO = -0.108954732448986
cycle= 151 E= -2475.53591900268  delta_E= -19.8  |g|= 0.914  |ddm|= 11.5
  HOMO = -0.165865906058581  LUMO = -0.156959216084385
cycle= 152 E= -2473.3860934257  delta_E= 2.15  |g|= 3.53  |ddm|= 2.46
  HOMO = -0.169622312659254  LUMO = -0.148726125386368
cycle= 153 E= -2474.8705921399  delta_E= -1.48  |g|= 1.99  |ddm|= 1.39
  HOMO = -0.170118904140946  LUMO = -0.144279153639671
cycle= 154 E= -2475.23380777121  delta_E= -0.363  |g|= 1.57  |ddm|= 1.62
  HOMO = -0.17073224219911  LUMO = -0.143272287855352
cycle= 155 E= -2475.27293397095  delta_E= -0.0391  |g|= 1.61  |ddm|= 0.641
  HOMO = -0.174043335907131  LUMO = -0.153186771394694
cycle= 156 E= -2474.88874519224  delta_E= 0.384  |g|= 2.18  |ddm|= 0.839
  HOMO = -0.174546154222739  LUMO = -0.156746237518629
cycle= 157 E= -2474.57437873042  delta_E= 0.314  |g|= 2.61  |ddm|= 0.579
  HOMO = -0.176128326086651  LUMO = -0.155570744158334
cycle= 158 E= -2474.75863360207  delta_E= -0.184  |g|=  2.4  |ddm|= 0.295
  HOMO = -0.0526172661609574  LUMO = -0.0501250263382417
cycle= 159 E= -2467.80730220452  delta_E= 6.95  |g|= 5.44  |ddm|= 4.42
  HOMO = -0.175743726503451  LUMO = -0.153381339270057
cycle= 160 E= -2474.95413406513  delta_E= -7.15  |g|= 2.11  |ddm|= 4.42
  HOMO = -0.176059445793446  LUMO = -0.151969925787615
cycle= 161 E= -2475.04214566997  delta_E= -0.088  |g|= 1.98  |ddm|= 0.122
  HOMO = -0.165373046613684  LUMO = -0.135823216427242
cycle= 162 E= -2475.0384073198  delta_E= 0.00374  |g|= 1.95  |ddm|= 0.626
  HOMO = -0.165508593689271  LUMO = -0.133428229719266
cycle= 163 E= -2475.25037421209  delta_E= -0.212  |g|=  1.6  |ddm|= 0.804
  HOMO = -0.16313245449514  LUMO = -0.144075743489078
cycle= 164 E= -2474.83704949456  delta_E= 0.413  |g|= 2.14  |ddm|= 1.47
  HOMO = -0.18263732993401  LUMO = -0.152652009543069
cycle= 165 E= -2475.29702099529  delta_E= -0.46  |g|= 1.43  |ddm|= 1.49
  HOMO = -0.17132629097177  LUMO = -0.132496807225279
cycle= 166 E= -2475.36391057821  delta_E= -0.0669  |g|=  1.4  |ddm|= 1.18
  HOMO = -0.163251230539204  LUMO = -0.122061334248138
cycle= 167 E= -2475.52476724686  delta_E= -0.161  |g|= 1.07  |ddm|= 0.71

WARN: HOMO -0.0513322254361954 == LUMO -0.0509196293233948

cycle= 168 E= -2471.01277770876  delta_E= 4.51  |g|= 4.36  |ddm|= 3.54
  HOMO = -0.14963911677523  LUMO = -0.110630894832916
cycle= 169 E= -2475.66814179463  delta_E= -4.66  |g|= 0.542  |ddm|= 3.44
  HOMO = -0.135966229545753  LUMO = -0.0958524875196623
cycle= 170 E= -2475.69026415686  delta_E= -0.0221  |g|= 0.37  |ddm|= 0.649
  HOMO = -0.138695806588458  LUMO = -0.099580856189525
cycle= 171 E= -2475.71864777692  delta_E= -0.0284  |g|= 0.167  |ddm|= 0.489
  HOMO = -0.132003870860974  LUMO = -0.0927679875599616
cycle= 172 E= -2475.72095320025  delta_E= -0.00231  |g|= 0.124  |ddm|= 0.255
  HOMO = -0.132778065504914  LUMO = -0.0947636528402493
cycle= 173 E= -2475.72399124713  delta_E= -0.00304  |g|= 0.0586  |ddm|= 0.191
  HOMO = -0.132322625688311  LUMO = -0.0941123962228331
cycle= 174 E= -2475.72474864591  delta_E= -0.000757  |g|= 0.0332  |ddm|= 0.102
  HOMO = -0.13266226489825  LUMO = -0.0945175189052995
cycle= 175 E= -2475.72505015195  delta_E= -0.000302  |g|= 0.0141  |ddm|= 0.0502
  HOMO = -0.132585564015929  LUMO = -0.0944178049657945
cycle= 176 E= -2475.72508543223  delta_E= -3.53e-05  |g|= 0.00846  |ddm|= 0.017
  HOMO = -0.132275418163025  LUMO = -0.0941593206034109
cycle= 177 E= -2475.72510002387  delta_E= -1.46e-05  |g|= 0.00164  |ddm|= 0.00876
  HOMO = -0.132156582572528  LUMO = -0.094053020590622
cycle= 178 E= -2475.72509919418  delta_E= 8.3e-07  |g|= 0.00238  |ddm|= 0.00424
  HOMO = -0.132214860684635  LUMO = -0.0941140624112958
cycle= 179 E= -2475.72510037404  delta_E= -1.18e-06  |g|= 0.00125  |ddm|= 0.00328
  HOMO = -0.132214428330876  LUMO = -0.0941120747759157
cycle= 180 E= -2475.72510042324  delta_E= -4.92e-08  |g|= 0.00107  |ddm|= 0.00166
  HOMO = -0.132240867839555  LUMO = -0.0941345797571949
cycle= 181 E= -2475.72510070857  delta_E= -2.85e-07  |g|= 8.58e-05  |ddm|= 0.00118
  HOMO = -0.132240223408085  LUMO = -0.094133553840688
cycle= 182 E= -2475.72510070879  delta_E= -2.17e-10  |g|= 7.88e-05  |ddm|= 0.000138
  HOMO = -0.132243217427352  LUMO = -0.094136023292438
cycle= 183 E= -2475.72510070782  delta_E= 9.7e-10  |g|= 0.0001  |ddm|= 0.000165
  HOMO = -0.132242841003465  LUMO = -0.0941357105656498
cycle= 184 E= -2475.7251007078  delta_E= 2.09e-11  |g|= 8.56e-05  |ddm|= 0.000183
  HOMO = -0.132241247566355  LUMO = -0.0941342291620613
cycle= 185 E= -2475.72510071017  delta_E= -2.37e-09  |g|= 2.28e-05  |ddm|= 0.000122
  HOMO = -0.132241014117435  LUMO = -0.0941340114030026
cycle= 186 E= -2475.72510071025  delta_E= -8.28e-11  |g|= 1.58e-05  |ddm|= 3e-05
  HOMO = -0.132241265549753  LUMO = -0.0941342125256626
cycle= 187 E= -2475.7251007103  delta_E= -4.73e-11  |g|= 3.2e-06  |ddm|= 1.54e-05
  HOMO = -0.132241364706865  LUMO = -0.0941343472716551
cycle= 188 E= -2475.7251007103  delta_E= 9.09e-13  |g|= 2.99e-06  |ddm|= 5.87e-06
  HOMO = -0.132241350735959  LUMO = -0.0941343274110741
cycle= 189 E= -2475.7251007103  delta_E= -1.82e-12  |g|= 1.66e-06  |ddm|= 4.07e-06
  HOMO = -0.132241535595216  LUMO = -0.0941345051972792
cycle= 190 E= -2475.72510071031  delta_E= -1.36e-11  |g|= 5.5e-06  |ddm|= 6.48e-06
  HOMO = -0.132241358605062  LUMO = -0.0941343485558419
cycle= 191 E= -2475.72510071031  delta_E= 8.19e-12  |g|= 5.04e-07  |ddm|= 5.14e-06
  HOMO = -0.132241498929116  LUMO = -0.0941344589797873
Extra cycle  E= -2475.7251007103  delta_E= 3.64e-12  |g|= 5e-06  |ddm|= 4.11e-06
converged SCF energy = -2475.7251007103
AOs:  [0, 1, 2, 3, 4, 5, 6, 7, 8, 9, 10, 11, 12, 13, 14, 15, 16, 17, 18, 19, 20, 21, 22, 23, 24, 25, 26, 27, 28, 29, 30, 31, 32, 33, 34, 35, 36, 37, 38, 39, 40, 41, 42, 43, 44, 45, 46, 47, 48, 49, 50, 51, 52, 53, 54, 55, 56, 57, 58, 59, 60, 61, 62, 63, 64, 65, 66, 67, 68, 69, 70, 71, 72, 73, 74, 75, 76, 77, 78, 79, 80, 81, 82, 83, 84, 85, 86, 87, 88, 89, 90, 91, 92, 93, 94, 95, 96, 97, 98, 99, 100, 101, 102, 103, 104, 105, 106, 107, 108, 109, 110, 111, 112, 113, 114, 115, 116, 117, 118, 119, 120, 121, 122, 123, 124, 125, 126, 127, 128, 129, 130, 131, 132, 133, 134, 135, 136, 137, 138, 139, 140, 141, 142, 143, 144, 145, 146, 147, 148, 149, 150, 151, 152, 153, 154, 155, 156, 157, 158, 159, 160, 161, 162, 163, 164, 165, 166, 167, 168, 169, 170, 171, 172, 173, 174, 175, 176, 177, 178, 179, 180, 181, 182, 183, 184, 185, 186, 187, 188, 189, 190, 191, 192, 193, 194, 195, 196, 197, 198, 199, 200, 201, 202, 203, 204, 205, 206, 207, 208, 209, 210, 211, 212, 213, 214, 215, 216, 217, 218, 219, 220, 221, 222, 223, 224, 225, 226, 227, 228, 229, 230, 231, 232, 233, 234, 235, 236, 237, 238, 239, 240, 241, 242, 243, 244, 245, 246, 247, 248, 249, 250, 251, 252, 253, 254, 255, 256, 257, 258, 259, 260, 261, 262, 263, 264, 265, 266, 267, 268, 269, 270, 271, 272, 273, 274, 275, 276, 277, 278, 279, 280, 281, 282, 283, 284, 285, 286, 287, 288, 289, 290, 291, 292, 293, 294, 295, 296]
297
Number of Active MOs:  101
Number of Environment MOs:  10
Number of Virtual MOs:  406
 # electrons:            α            β
         Env:  10.00000000  10.00000000
         Act: 101.00000000 101.00000000
         Vir:  -0.00000000  -0.00000000
Number of electrons in the active space:  202

 The density matrix is idempotent!

 The density matrix is idempotent!


******** <class 'pyscf.scf.hf.RHF'> ********
method = RHF
initial guess = minao
damping factor = 0
level_shift factor = 0
DIIS = <class 'pyscf.scf.diis.CDIIS'>
diis_start_cycle = 1
diis_space = 8
SCF conv_tol = 1e-09
SCF conv_tol_grad = 1e-06
SCF max_cycles = 200
direct_scf = True
direct_scf_tol = 1e-13
chkfile to save SCF result = subsys_scf.chk
max_memory 900000 MB (current use 73000 MB)
init E= -1620.41053656401
  HOMO = -0.211908247289389  LUMO = 0.0314287197297832
cycle= 1 E= -1620.74510005525  delta_E= -0.335  |g|= 0.309  |ddm|= 3.07
  HOMO = -0.218816321069869  LUMO = 0.024893653904177
cycle= 2 E= -1620.7984130957  delta_E= -0.0533  |g|= 0.14  |ddm|= 0.635
  HOMO = -0.21313999613213  LUMO = 0.0269474545064792
cycle= 3 E= -1620.80875706902  delta_E= -0.0103  |g|= 0.102  |ddm|= 0.352
  HOMO = -0.208112961180268  LUMO = 0.0307586979039374
cycle= 4 E= -1620.81262107953  delta_E= -0.00386  |g|= 0.0211  |ddm|= 0.173
  HOMO = -0.209722000617434  LUMO = 0.0281769629494945
cycle= 5 E= -1620.8128900747  delta_E= -0.000269  |g|= 0.00746  |ddm|= 0.0481
  HOMO = -0.208704677416803  LUMO = 0.0284554749539388
cycle= 6 E= -1620.81293090861  delta_E= -4.08e-05  |g|= 0.00387  |ddm|= 0.0173
  HOMO = -0.208441893731591  LUMO = 0.0284535709647203
cycle= 7 E= -1620.81294117156  delta_E= -1.03e-05  |g|= 0.00207  |ddm|= 0.00839
  HOMO = -0.208289617592676  LUMO = 0.0283935521803079
cycle= 8 E= -1620.81294575415  delta_E= -4.58e-06  |g|= 0.00115  |ddm|= 0.00626
  HOMO = -0.208215937050561  LUMO = 0.0283841681085338
cycle= 9 E= -1620.81294717729  delta_E= -1.42e-06  |g|= 0.000746  |ddm|= 0.0028
  HOMO = -0.20820380953981  LUMO = 0.0283783548983588
cycle= 10 E= -1620.8129479609  delta_E= -7.84e-07  |g|= 0.000571  |ddm|= 0.00177
  HOMO = -0.208206900619071  LUMO = 0.02838126332418
cycle= 11 E= -1620.81294878751  delta_E= -8.27e-07  |g|= 0.00034  |ddm|= 0.00272
  HOMO = -0.208213740907931  LUMO = 0.0283822181852047
cycle= 12 E= -1620.81294910094  delta_E= -3.13e-07  |g|= 0.000128  |ddm|= 0.00229
  HOMO = -0.208222002874791  LUMO = 0.0283831764422277
cycle= 13 E= -1620.8129491275  delta_E= -2.66e-08  |g|= 5.76e-05  |ddm|= 0.000707
  HOMO = -0.208219282095608  LUMO = 0.0283849086699162
cycle= 14 E= -1620.81294912992  delta_E= -2.42e-09  |g|= 2.23e-05  |ddm|= 0.000202
  HOMO = -0.208220832163987  LUMO = 0.0283840159804405
cycle= 15 E= -1620.81294913057  delta_E= -6.46e-10  |g|= 1.19e-05  |ddm|= 6.84e-05
  HOMO = -0.20822062654658  LUMO = 0.0283844121862104
cycle= 16 E= -1620.81294913091  delta_E= -3.39e-10  |g|= 9.5e-06  |ddm|= 4.54e-05
  HOMO = -0.208220902608665  LUMO = 0.0283843620401054
cycle= 17 E= -1620.81294913112  delta_E= -2.11e-10  |g|= 7.15e-06  |ddm|= 6.03e-05
  HOMO = -0.208221148094863  LUMO = 0.0283843215922162
cycle= 18 E= -1620.81294913139  delta_E= -2.73e-10  |g|= 4.7e-06  |ddm|= 7.21e-05
  HOMO = -0.208221120380009  LUMO = 0.0283844010383085
cycle= 19 E= -1620.81294913175  delta_E= -3.6e-10  |g|= 2.28e-06  |ddm|= 6.81e-05
  HOMO = -0.208221131930341  LUMO = 0.028384409014396
cycle= 20 E= -1620.81294913144  delta_E= 3.1e-10  |g|= 1.23e-06  |ddm|= 2.49e-05
  HOMO = -0.208221106101572  LUMO = 0.0283844079442997
cycle= 21 E= -1620.81294913167  delta_E= -2.25e-10  |g|= 8.99e-07  |ddm|= 6.87e-06
  HOMO = -0.208221107121834  LUMO = 0.0283844005249535
Extra cycle  E= -1620.8129491316  delta_E= 6.73e-11  |g|= 7.63e-07  |ddm|= 1.57e-06
converged SCF energy = -1620.8129491316
Difference in energy:  -4566.58033449932
E(MP2) = -1625.06240784483  E_corr = -4.2494587132345
Total energy =  -2472.697256536731
time elapsed:  481.7592031955719
