

******** <class 'pyscf.dft.rks.RKS'> ********
method = RKS-RHF
initial guess = minao
damping factor = 0
level_shift factor = 0
DIIS = <class 'pyscf.scf.diis.CDIIS'>
diis_start_cycle = 1
diis_space = 8
SCF conv_tol = 1e-09
SCF conv_tol_grad = 1e-06
SCF max_cycles = 1000
direct_scf = True
direct_scf_tol = 1e-13
chkfile to save SCF result = scf.fchk
max_memory 900000 MB (current use 79 MB)
XC library pyscf.dft.libxc version 5.1.7
    S. Lehtola, C. Steigemann, M. J. Oliveira, and M. A. Marques, SoftwareX 7, 1 (2018)
XC functionals = pbe
    J. P. Perdew, K. Burke, and M. Ernzerhof, Phys. Rev. Lett. 77, 3865 (1996)
    J. P. Perdew, K. Burke, and M. Ernzerhof, Phys. Rev. Lett. 78, 1396 (1997)
    J. P. Perdew, K. Burke, and M. Ernzerhof, Phys. Rev. Lett. 77, 3865 (1996)
    J. P. Perdew, K. Burke, and M. Ernzerhof, Phys. Rev. Lett. 78, 1396 (1997)
small_rho_cutoff = 1e-07
init E= -2479.39981693459
  HOMO = -0.134878995983565  LUMO = -0.0691459258566982
cycle= 1 E= -2460.75331207072  delta_E= 18.6  |g|= 5.48  |ddm|= 10.3
  HOMO = -0.231775807630244  LUMO = -0.205622127636725
cycle= 2 E= -2322.76815184103  delta_E=  138  |g|= 18.9  |ddm|= 95.4
  HOMO = -0.164302643785802  LUMO = -0.1608032337645
cycle= 3 E= -2447.05311353121  delta_E= -124  |g|= 9.43  |ddm|= 71.8
  HOMO = -0.179545259260228  LUMO = -0.162341576348364
cycle= 4 E= -2465.18138164002  delta_E= -18.1  |g|=  6.2  |ddm|=   28
  HOMO = -0.153349547044165  LUMO = -0.152030215378811
cycle= 5 E= -2470.89975287947  delta_E= -5.72  |g|= 4.83  |ddm|= 3.77
  HOMO = -0.193731586590388  LUMO = -0.161792445859003
cycle= 6 E= -2468.2322192224  delta_E= 2.67  |g|= 5.42  |ddm|= 2.62
  HOMO = -0.190298991525041  LUMO = -0.163346481516368
cycle= 7 E= -2467.96738787892  delta_E= 0.265  |g|= 5.51  |ddm|= 0.278
  HOMO = -0.180561029135094  LUMO = -0.16224783329403
cycle= 8 E= -2467.9725977886  delta_E= -0.00521  |g|= 5.52  |ddm|= 0.67
  HOMO = -0.172477256813057  LUMO = -0.163127158598676
cycle= 9 E= -2467.58248322208  delta_E= 0.39  |g|= 5.64  |ddm|= 0.967
  HOMO = 0.0238375097062416  LUMO = 0.0259747927449758
cycle= 10 E= -2386.22387332858  delta_E= 81.4  |g|=   15  |ddm|= 21.1
  HOMO = -0.0833313472409176  LUMO = -0.0369288582925725
cycle= 11 E= -2458.86424610758  delta_E= -72.6  |g|=  5.9  |ddm|= 18.1
  HOMO = -0.20984756388183  LUMO = -0.171330174398025
cycle= 12 E= -2467.57772237129  delta_E= -8.71  |g|= 5.64  |ddm|= 9.24
  HOMO = -0.202937328933546  LUMO = -0.165662673916254
cycle= 13 E= -2466.33447704738  delta_E= 1.24  |g|= 5.99  |ddm|= 0.872
  HOMO = -0.193392700848362  LUMO = -0.156524516464512
cycle= 14 E= -2466.36081496387  delta_E= -0.0263  |g|= 5.98  |ddm|= 1.26
  HOMO = -0.181130008511621  LUMO = -0.138961096481179
cycle= 15 E= -2468.37626550618  delta_E= -2.02  |g|= 5.36  |ddm|=  1.9
  HOMO = -0.185647715832241  LUMO = -0.156598196551015
cycle= 16 E= -2467.26154045859  delta_E= 1.11  |g|= 5.74  |ddm|= 1.76
  HOMO = -0.210495142317501  LUMO = -0.171030231321033
cycle= 17 E= -2467.03293594738  delta_E= 0.229  |g|=  5.8  |ddm|= 0.858
  HOMO = -0.206188121629058  LUMO = -0.172510530264125
cycle= 18 E= -2466.97738569348  delta_E= 0.0556  |g|= 5.81  |ddm|= 0.492
  HOMO = -0.210010093000668  LUMO = -0.172364259177975
cycle= 19 E= -2466.44033284953  delta_E= 0.537  |g|= 5.96  |ddm|= 0.559
  HOMO = 0.0254894005159148  LUMO = 0.0331899899077776
cycle= 20 E= -2383.33628188134  delta_E= 83.1  |g|= 13.4  |ddm|= 25.4
  HOMO = -0.0655843950508162  LUMO = -0.0487936709856134
cycle= 21 E= -2459.77537833866  delta_E= -76.4  |g|=  5.4  |ddm|= 23.2
  HOMO = -0.158539279766217  LUMO = -0.151009788364
cycle= 22 E= -2465.46464140559  delta_E= -5.69  |g|= 6.05  |ddm|= 8.22
  HOMO = -0.181749495025218  LUMO = -0.177610973173073
cycle= 23 E= -2468.99514902721  delta_E= -3.53  |g|= 5.12  |ddm|= 3.11
  HOMO = -0.160359245597909  LUMO = -0.138738827699012
cycle= 24 E= -2468.62700142466  delta_E= 0.368  |g|= 5.29  |ddm|= 2.13
  HOMO = -0.174078569590572  LUMO = -0.149768891220837
cycle= 25 E= -2468.66282705666  delta_E= -0.0358  |g|= 5.29  |ddm|= 1.47
  HOMO = -0.180001761097032  LUMO = -0.156085466457404
cycle= 26 E= -2468.56568612826  delta_E= 0.0971  |g|= 5.31  |ddm|= 0.788
  HOMO = -0.175249244036101  LUMO = -0.154381522664986
cycle= 27 E= -2468.74499439671  delta_E= -0.179  |g|= 5.25  |ddm|= 0.621
  HOMO = -0.15025151135419  LUMO = -0.148506839596682
cycle= 28 E= -2470.08844388578  delta_E= -1.34  |g|= 4.99  |ddm|= 1.47
  HOMO = -0.191520828080023  LUMO = -0.156161237519511
cycle= 29 E= -2468.48940353584  delta_E=  1.6  |g|= 5.33  |ddm|= 1.55
  HOMO = 0.031186217849449  LUMO = 0.0437809218347603
cycle= 30 E= -2357.40889987008  delta_E=  111  |g|= 14.1  |ddm|= 30.5
  HOMO = -0.086012434771528  LUMO = -0.0433541463425218
cycle= 31 E= -2459.58059428786  delta_E= -102  |g|= 5.81  |ddm|= 29.2
  HOMO = -0.164852780935442  LUMO = -0.152583870170597
cycle= 32 E= -2466.28242557856  delta_E= -6.7  |g|=    6  |ddm|= 9.09
  HOMO = -0.199646615367067  LUMO = -0.153811734863155
cycle= 33 E= -2466.91509661522  delta_E= -0.633  |g|= 5.84  |ddm|= 1.83
  HOMO = -0.199719822602693  LUMO = -0.155568686814534
cycle= 34 E= -2467.11122032488  delta_E= -0.196  |g|= 5.78  |ddm|= 0.53
  HOMO = -0.184549144752429  LUMO = -0.152387453306453
cycle= 35 E= -2467.01854822506  delta_E= 0.0927  |g|= 5.79  |ddm|= 0.972
  HOMO = -0.192747322339286  LUMO = -0.157596433327572
cycle= 36 E= -2467.38376073613  delta_E= -0.365  |g|= 5.69  |ddm|= 1.29
  HOMO = -0.196619009940291  LUMO = -0.15208360697029
cycle= 37 E= -2467.32760160496  delta_E= 0.0562  |g|= 5.72  |ddm|= 0.679
  HOMO = -0.202687267449429  LUMO = -0.152958358418374
cycle= 38 E= -2467.07417539414  delta_E= 0.253  |g|=  5.8  |ddm|= 0.619
  HOMO = -0.203449935464159  LUMO = -0.153686120390698
cycle= 39 E= -2467.03032556709  delta_E= 0.0438  |g|= 5.81  |ddm|= 0.0779
  HOMO = 0.00529000311408079  LUMO = 0.00691881113235337
cycle= 40 E= -2371.61759257462  delta_E= 95.4  |g|= 13.3  |ddm|= 26.7
  HOMO = -0.0850082201559667  LUMO = -0.0729844380727822
cycle= 41 E= -2460.79589057999  delta_E= -89.2  |g|= 5.28  |ddm|= 24.9
  HOMO = -0.184080122992665  LUMO = -0.14043473011724
cycle= 42 E= -2463.96473793277  delta_E= -3.17  |g|= 6.25  |ddm|= 8.14
  HOMO = -0.18219751745764  LUMO = -0.160756626724986
cycle= 43 E= -2466.98941434907  delta_E= -3.02  |g|= 5.79  |ddm|= 3.24
  HOMO = -0.171845847666953  LUMO = -0.162572118686251
cycle= 44 E= -2466.79575067782  delta_E= 0.194  |g|= 5.88  |ddm|= 1.54
  HOMO = -0.171035754688187  LUMO = -0.168214818743609
cycle= 45 E= -2467.09019179929  delta_E= -0.294  |g|=  5.8  |ddm|= 1.02
  HOMO = -0.173628536858017  LUMO = -0.157876726405984
cycle= 46 E= -2466.94727879338  delta_E= 0.143  |g|= 5.86  |ddm|= 1.24
  HOMO = -0.16722262299169  LUMO = -0.165227877629088
cycle= 47 E= -2466.96059550847  delta_E= -0.0133  |g|= 5.83  |ddm|= 1.25
  HOMO = -0.167066634402584  LUMO = -0.165071316051651
cycle= 48 E= -2467.16589609838  delta_E= -0.205  |g|= 5.77  |ddm|= 0.677
  HOMO = -0.176726048127877  LUMO = -0.165435514276325
cycle= 49 E= -2466.8713263168  delta_E= 0.295  |g|= 5.86  |ddm|= 0.712
  HOMO = 0.0374636096590905  LUMO = 0.0417611635268432
cycle= 50 E= -2322.45710029679  delta_E=  144  |g|= 13.8  |ddm|= 33.2
  HOMO = -0.114310762917229  LUMO = -0.0844675676147349
cycle= 51 E= -2458.37892908675  delta_E= -136  |g|= 6.89  |ddm|= 32.6
  HOMO = -0.180260311710192  LUMO = -0.140906849290061
cycle= 52 E= -2466.62633718956  delta_E= -8.25  |g|= 5.93  |ddm|= 10.6
  HOMO = -0.198371040882393  LUMO = -0.15091075550865
cycle= 53 E= -2467.05728663813  delta_E= -0.431  |g|=  5.8  |ddm|=  1.2
  HOMO = -0.183357395270167  LUMO = -0.154573150089222
cycle= 54 E= -2466.8054472616  delta_E= 0.252  |g|= 5.86  |ddm|= 0.947
  HOMO = -0.191837374226112  LUMO = -0.151996785788124
cycle= 55 E= -2466.68582796796  delta_E= 0.12  |g|= 5.92  |ddm|= 0.709
  HOMO = -0.192693024863651  LUMO = -0.152081050682268
cycle= 56 E= -2466.73266960222  delta_E= -0.0468  |g|=  5.9  |ddm|= 0.383
  HOMO = -0.190782802572701  LUMO = -0.151861900184889
cycle= 57 E= -2466.84386982311  delta_E= -0.111  |g|= 5.87  |ddm|= 0.637
  HOMO = -0.197496908539881  LUMO = -0.158824052671756
cycle= 58 E= -2466.70268794656  delta_E= 0.141  |g|= 5.91  |ddm|= 0.834
  HOMO = -0.157766075959745  LUMO = -0.13644612325359
cycle= 59 E= -2468.07507562664  delta_E= -1.37  |g|= 5.52  |ddm|= 1.76
  HOMO = -0.0111753092733213  LUMO = 0.00080686226985396
cycle= 60 E= -2385.57298079277  delta_E= 82.5  |g|= 11.9  |ddm|= 20.1
  HOMO = -0.0755620269196997  LUMO = -0.0570722207286086
cycle= 61 E= -2461.61416029522  delta_E=  -76  |g|= 4.99  |ddm|= 18.3
  HOMO = -0.146835597451828  LUMO = -0.137263728130216
cycle= 62 E= -2461.4438761066  delta_E= 0.17  |g|=  6.9  |ddm|= 8.75
  HOMO = -0.184743301413563  LUMO = -0.177654945533567
cycle= 63 E= -2466.55411174681  delta_E= -5.11  |g|= 5.95  |ddm|= 3.86
  HOMO = -0.180835989719413  LUMO = -0.172252190433586
cycle= 64 E= -2466.35775039238  delta_E= 0.196  |g|= 5.95  |ddm|= 2.04
  HOMO = -0.174649004897869  LUMO = -0.169248565463222
cycle= 65 E= -2466.54466320853  delta_E= -0.187  |g|= 5.95  |ddm|= 2.03
  HOMO = -0.173698399079631  LUMO = -0.170786943068684
cycle= 66 E= -2466.6736239556  delta_E= -0.129  |g|= 5.92  |ddm|= 0.481
  HOMO = -0.169977378549717  LUMO = -0.165868150521098
cycle= 67 E= -2466.39474680135  delta_E= 0.279  |g|= 5.95  |ddm|= 1.83
  HOMO = -0.180351786882675  LUMO = -0.16027489258635
cycle= 68 E= -2466.39910763687  delta_E= -0.00436  |g|= 6.01  |ddm|= 1.96
  HOMO = -0.178028229435215  LUMO = -0.161860743015813
cycle= 69 E= -2466.60586594979  delta_E= -0.207  |g|= 5.95  |ddm|= 0.301
  HOMO = 0.0118904191823497  LUMO = 0.022969164352746
cycle= 70 E= -2336.32629333421  delta_E=  130  |g|= 14.1  |ddm|= 27.8
  HOMO = -0.124501744908488  LUMO = -0.0776402715876245
cycle= 71 E= -2457.94399828435  delta_E= -122  |g|= 7.14  |ddm|= 26.4
  HOMO = -0.161786932822459  LUMO = -0.160536214427164
cycle= 72 E= -2467.01011088852  delta_E= -9.07  |g|= 5.69  |ddm|= 10.5
  HOMO = -0.173670264237875  LUMO = -0.16736387251044
cycle= 73 E= -2468.63721675172  delta_E= -1.63  |g|= 5.32  |ddm|= 2.43
  HOMO = -0.176286929727102  LUMO = -0.16857422132165
cycle= 74 E= -2468.28722212265  delta_E= 0.35  |g|= 5.44  |ddm|= 1.34
  HOMO = -0.17776725742875  LUMO = -0.169939292436619
cycle= 75 E= -2468.35683011798  delta_E= -0.0696  |g|= 5.42  |ddm|= 0.423
  HOMO = -0.172624916491729  LUMO = -0.144454188359173
cycle= 76 E= -2466.07821081999  delta_E= 2.28  |g|= 5.72  |ddm|= 2.78
  HOMO = -0.166659931966024  LUMO = -0.157563032721489
cycle= 77 E= -2468.35903965683  delta_E= -2.28  |g|= 5.39  |ddm|=  2.9
  HOMO = -0.185618583168982  LUMO = -0.163777596860568
cycle= 78 E= -2468.63331521105  delta_E= -0.274  |g|= 5.31  |ddm|= 1.01
  HOMO = -0.154607537843432  LUMO = -0.135417809954008
cycle= 79 E= -2471.46877032896  delta_E= -2.84  |g|= 4.66  |ddm|= 2.77
  HOMO = 0.0169503097770225  LUMO = 0.0291454954376444
cycle= 80 E= -2376.48142247039  delta_E=   95  |g|=   14  |ddm|= 26.3
  HOMO = -0.0941336970598338  LUMO = -0.0762994096845745
cycle= 81 E= -2460.04107104232  delta_E= -83.6  |g|= 5.66  |ddm|= 24.7
  HOMO = -0.159918186180742  LUMO = -0.144484704893229
cycle= 82 E= -2464.97268069369  delta_E= -4.93  |g|= 6.13  |ddm|= 8.85
  HOMO = -0.173062805832069  LUMO = -0.160995988364934
cycle= 83 E= -2467.36424773621  delta_E= -2.39  |g|= 5.72  |ddm|= 2.53
  HOMO = -0.16968728435366  LUMO = -0.168374006698106
cycle= 84 E= -2467.31484817787  delta_E= 0.0494  |g|= 5.72  |ddm|=  1.3
  HOMO = -0.173918446097505  LUMO = -0.171524251073345
cycle= 85 E= -2466.81390809556  delta_E= 0.501  |g|= 5.82  |ddm|= 1.86
  HOMO = -0.176761705924856  LUMO = -0.165307631947743
cycle= 86 E= -2467.10297341865  delta_E= -0.289  |g|=  5.8  |ddm|= 1.89
  HOMO = -0.167405977778177  LUMO = -0.164014626879593
cycle= 87 E= -2467.08572515984  delta_E= 0.0172  |g|= 5.73  |ddm|= 1.88
  HOMO = -0.166974445732997  LUMO = -0.160823633305065
cycle= 88 E= -2466.85221173873  delta_E= 0.234  |g|= 5.89  |ddm|= 2.42
  HOMO = -0.167521804889024  LUMO = -0.165617952745471
cycle= 89 E= -2467.1976126916  delta_E= -0.345  |g|= 5.79  |ddm|= 1.24
  HOMO = 0.040653529601328  LUMO = 0.0438965653340594
cycle= 90 E= -2326.88797562803  delta_E=  140  |g|= 14.8  |ddm|= 35.2
  HOMO = -0.100531636839736  LUMO = -0.0965989405560522
cycle= 91 E= -2457.0460981826  delta_E= -130  |g|= 7.49  |ddm|= 34.4
  HOMO = -0.15785965908982  LUMO = -0.149012009277
cycle= 92 E= -2468.18647903394  delta_E= -11.1  |g|= 5.37  |ddm|= 11.2
  HOMO = -0.157722633921324  LUMO = -0.155812967584876
cycle= 93 E= -2469.0705327079  delta_E= -0.884  |g|= 5.17  |ddm|= 1.94
  HOMO = -0.160676865769349  LUMO = -0.155328681815106
cycle= 94 E= -2469.05758999756  delta_E= 0.0129  |g|= 5.17  |ddm|= 0.933
  HOMO = -0.152117165034771  LUMO = -0.149381823918761
cycle= 95 E= -2469.24583428442  delta_E= -0.188  |g|=  5.1  |ddm|= 0.543
  HOMO = -0.163213615024561  LUMO = -0.161071383979952
cycle= 96 E= -2469.30961076703  delta_E= -0.0638  |g|= 5.11  |ddm|= 0.802
  HOMO = -0.165862609495003  LUMO = -0.156703168279119
cycle= 97 E= -2472.17536892595  delta_E= -2.87  |g|= 4.23  |ddm|= 2.75
  HOMO = -0.18207934689116  LUMO = -0.160302859988871
cycle= 98 E= -2468.76780618551  delta_E= 3.41  |g|= 5.25  |ddm|= 2.95
  HOMO = -0.154191351172402  LUMO = -0.150231300772086
cycle= 99 E= -2471.97263011602  delta_E= -3.2  |g|= 4.38  |ddm|= 2.66
  HOMO = 0.0363502847148215  LUMO = 0.039001634122724
cycle= 100 E= -2365.30395261378  delta_E=  107  |g|= 13.8  |ddm|= 28.4
  HOMO = -0.0917164684842327  LUMO = -0.0652327285273
cycle= 101 E= -2460.55902044301  delta_E= -95.3  |g|=  5.4  |ddm|= 27.4
  HOMO = -0.164945435369732  LUMO = -0.145597768221135
cycle= 102 E= -2465.7391691762  delta_E= -5.18  |g|= 6.16  |ddm|= 8.66
  HOMO = -0.168607662322146  LUMO = -0.1457298833541
cycle= 103 E= -2466.39025973163  delta_E= -0.651  |g|= 5.98  |ddm|= 1.15
  HOMO = -0.168617355599996  LUMO = -0.147991122203988
cycle= 104 E= -2466.28693988196  delta_E= 0.103  |g|= 6.01  |ddm|= 0.756
  HOMO = -0.166795219348804  LUMO = -0.148221786029351
cycle= 105 E= -2466.21250946191  delta_E= 0.0744  |g|= 6.03  |ddm|= 0.267
  HOMO = -0.198705624346858  LUMO = -0.150414696896373
cycle= 106 E= -2466.46745095674  delta_E= -0.255  |g|= 5.97  |ddm|= 1.13
  HOMO = -0.180133656613893  LUMO = -0.14927073726946
cycle= 107 E= -2466.62297438808  delta_E= -0.156  |g|= 5.91  |ddm|= 0.734
  HOMO = -0.174828303283027  LUMO = -0.144165674391028
cycle= 108 E= -2466.17695178652  delta_E= 0.446  |g|= 6.07  |ddm|= 1.21
  HOMO = -0.1684053789892  LUMO = -0.141051396041937
cycle= 109 E= -2466.46547042736  delta_E= -0.289  |g|= 5.98  |ddm|= 0.316
  HOMO = 0.00967774704362457  LUMO = 0.0270599074639436
cycle= 110 E= -2378.54017198416  delta_E= 87.9  |g|= 13.3  |ddm|= 26.6
  HOMO = -0.0966663695756526  LUMO = -0.0484293672139075
cycle= 111 E= -2460.06059246212  delta_E= -81.5  |g|= 5.63  |ddm|= 24.2
  HOMO = -0.175925041994454  LUMO = -0.154212318008834
cycle= 112 E= -2466.39103370016  delta_E= -6.33  |g|= 5.97  |ddm|= 8.63
  HOMO = -0.185220451374386  LUMO = -0.148210890751994
cycle= 113 E= -2467.31815134585  delta_E= -0.927  |g|= 5.72  |ddm|=  1.5
  HOMO = -0.175444846577717  LUMO = -0.14564469964694
cycle= 114 E= -2467.41357469072  delta_E= -0.0954  |g|=  5.7  |ddm|= 0.812
  HOMO = -0.177891715461494  LUMO = -0.14723328687909
cycle= 115 E= -2467.36369745302  delta_E= 0.0499  |g|= 5.71  |ddm|= 0.861
  HOMO = -0.191080699523426  LUMO = -0.161694115479301
cycle= 116 E= -2468.02486948383  delta_E= -0.661  |g|= 5.43  |ddm|= 1.59
  HOMO = -0.175419239013446  LUMO = -0.133274724471833
cycle= 117 E= -2467.37443053347  delta_E= 0.65  |g|= 5.73  |ddm|= 2.08
  HOMO = -0.160657350549941  LUMO = -0.141392026984626
cycle= 118 E= -2467.24889888934  delta_E= 0.126  |g|= 5.72  |ddm|= 1.64
  HOMO = -0.193042429649073  LUMO = -0.152355000347763
cycle= 119 E= -2467.09457313394  delta_E= 0.154  |g|=  5.8  |ddm|= 1.44
  HOMO = 0.0322193514209057  LUMO = 0.0428686088157438
cycle= 120 E= -2340.1082717136  delta_E=  127  |g|= 15.8  |ddm|= 32.6
  HOMO = -0.09596597029499  LUMO = -0.0589808329226563
cycle= 121 E= -2455.50567049768  delta_E= -115  |g|= 7.65  |ddm|= 32.3
  HOMO = -0.157204722778559  LUMO = -0.13441406105685
cycle= 122 E= -2473.93764743026  delta_E= -18.4  |g|= 3.08  |ddm|= 11.8
  HOMO = -0.160189667069891  LUMO = -0.153664666524249
cycle= 123 E= -2473.07855699041  delta_E= 0.859  |g|= 3.79  |ddm|= 1.67
  HOMO = -0.157461830926273  LUMO = -0.150992295803409
cycle= 124 E= -2472.22240453221  delta_E= 0.856  |g|= 4.18  |ddm|= 1.47
  HOMO = -0.0544434887358003  LUMO = -0.0379546289861326
cycle= 125 E= -2464.50069298157  delta_E= 7.72  |g|=  5.1  |ddm|= 5.61
  HOMO = -0.20547930514692  LUMO = -0.197589980507047
cycle= 126 E= -2466.02886649109  delta_E= -1.53  |g|=    6  |ddm|= 6.45
  HOMO = -0.190055353174007  LUMO = -0.174547068257148
cycle= 127 E= -2466.81931052501  delta_E= -0.79  |g|= 5.85  |ddm|= 2.07
  HOMO = -0.187471294411344  LUMO = -0.183905380654783
cycle= 128 E= -2466.94922029567  delta_E= -0.13  |g|=  5.8  |ddm|= 0.672
  HOMO = -0.196662929860867  LUMO = -0.183342970739932
cycle= 129 E= -2467.03161271134  delta_E= -0.0824  |g|= 5.79  |ddm|= 0.64
  HOMO = -0.193955602519965  LUMO = -0.185149062735752
cycle= 130 E= -2467.54691963934  delta_E= -0.515  |g|= 5.64  |ddm|= 0.76
  HOMO = -0.181526141303201  LUMO = -0.173273536336002
cycle= 131 E= -2467.31192291485  delta_E= 0.235  |g|= 5.72  |ddm|= 2.68
  HOMO = -0.162022091548618  LUMO = -0.152910022350922
cycle= 132 E= -2468.05647968577  delta_E= -0.745  |g|= 5.44  |ddm|= 3.26
  HOMO = -0.14843155441108  LUMO = -0.130418366024469
cycle= 133 E= -2473.78514425346  delta_E= -5.73  |g|= 3.06  |ddm|= 4.54
  HOMO = -0.0140274963482016  LUMO = -0.0102278633543503
cycle= 134 E= -2442.92033037381  delta_E= 30.9  |g|=  9.1  |ddm|= 14.5
  HOMO = -0.0671951987799716  LUMO = -0.0511504157837032
cycle= 135 E= -2462.79621664958  delta_E= -19.9  |g|=  4.7  |ddm|= 13.4
  HOMO = -0.181203975178022  LUMO = -0.16412806032599
cycle= 136 E= -2463.51903616013  delta_E= -0.723  |g|= 6.48  |ddm|= 7.38
  HOMO = -0.180991352012368  LUMO = -0.17622265765547
cycle= 137 E= -2465.90109366364  delta_E= -2.38  |g|=  6.1  |ddm|= 2.81
  HOMO = -0.185839069798172  LUMO = -0.183156426794345
cycle= 138 E= -2465.86888322689  delta_E= 0.0322  |g|= 6.11  |ddm|= 0.925
  HOMO = -0.183169301129529  LUMO = -0.180992674358619
cycle= 139 E= -2465.77769806215  delta_E= 0.0912  |g|= 6.09  |ddm|= 1.88
  HOMO = -0.182490573845575  LUMO = -0.179703275443411
cycle= 140 E= -2465.64851668943  delta_E= 0.129  |g|=  6.1  |ddm|= 2.02
  HOMO = -0.182940020583781  LUMO = -0.178080951467916
cycle= 141 E= -2465.96231494759  delta_E= -0.314  |g|= 6.07  |ddm|= 1.95
  HOMO = -0.17072015756011  LUMO = -0.162053159424744
cycle= 142 E= -2464.16650315723  delta_E=  1.8  |g|=  6.5  |ddm|= 4.12
  HOMO = -0.168627132607636  LUMO = -0.156102800527234
cycle= 143 E= -2466.63559129212  delta_E= -2.47  |g|= 5.88  |ddm|= 3.92
  HOMO = 0.0288521544545642  LUMO = 0.0305995027221899
cycle= 144 E= -2328.55406112783  delta_E=  138  |g|= 14.3  |ddm|= 35.1
  HOMO = -0.092631623144863  LUMO = -0.0714414440916316
cycle= 145 E= -2457.6454406581  delta_E= -129  |g|= 7.43  |ddm|= 34.5
  HOMO = -0.162813190958678  LUMO = -0.144300834343198
cycle= 146 E= -2468.23776739476  delta_E= -10.6  |g|= 5.38  |ddm|= 10.7
  HOMO = -0.17425347611001  LUMO = -0.153793990015559
cycle= 147 E= -2468.56707473576  delta_E= -0.329  |g|= 5.31  |ddm|= 1.74
  HOMO = -0.185091392502919  LUMO = -0.160005269079299
cycle= 148 E= -2468.59800370736  delta_E= -0.0309  |g|= 5.32  |ddm|= 1.06
  HOMO = -0.182452442777151  LUMO = -0.167939769092273
cycle= 149 E= -2468.78325304762  delta_E= -0.185  |g|= 5.25  |ddm|= 0.593
  HOMO = -0.191590088017608  LUMO = -0.163645215377511
cycle= 150 E= -2468.43656332697  delta_E= 0.347  |g|= 5.37  |ddm|= 0.831
  HOMO = -0.192840715238262  LUMO = -0.161596608670231
cycle= 151 E= -2468.27383290782  delta_E= 0.163  |g|= 5.43  |ddm|= 0.493
  HOMO = -0.186549877490539  LUMO = -0.172530411333617
cycle= 152 E= -2468.19164217321  delta_E= 0.0822  |g|= 5.49  |ddm|= 0.591
  HOMO = -0.15744659529084  LUMO = -0.143096574574746
cycle= 153 E= -2471.51847262074  delta_E= -3.33  |g|= 4.64  |ddm|= 2.74
  HOMO = 0.00910233447211148  LUMO = 0.012927449604684
cycle= 154 E= -2384.27940680641  delta_E= 87.2  |g|= 12.4  |ddm|= 20.2
  HOMO = -0.07868152658705  LUMO = -0.0402280325971701
cycle= 155 E= -2461.64850042651  delta_E= -77.4  |g|= 4.88  |ddm|= 18.3
  HOMO = -0.175466595311213  LUMO = -0.160953761978919
cycle= 156 E= -2465.02007990152  delta_E= -3.37  |g|= 6.33  |ddm|= 8.04
  HOMO = -0.193031339023894  LUMO = -0.148388604791901
cycle= 157 E= -2465.75401649298  delta_E= -0.734  |g|= 6.17  |ddm|= 1.82
  HOMO = -0.193584052879301  LUMO = -0.157589783614218
cycle= 158 E= -2465.80628509118  delta_E= -0.0523  |g|= 6.15  |ddm|= 1.02
  HOMO = -0.197871347226998  LUMO = -0.155171851118469
cycle= 159 E= -2465.75400028836  delta_E= 0.0523  |g|= 6.17  |ddm|= 0.733
  HOMO = -0.199335911632995  LUMO = -0.155056630435486
cycle= 160 E= -2465.75890687377  delta_E= -0.00491  |g|= 6.17  |ddm|= 0.231
  HOMO = -0.176183508735888  LUMO = -0.146703355901494
cycle= 161 E= -2466.30380850418  delta_E= -0.545  |g|=    6  |ddm|= 1.15
  HOMO = -0.185476174008892  LUMO = -0.145344242090336
cycle= 162 E= -2466.30166155051  delta_E= 0.00215  |g|= 6.04  |ddm|= 1.56
  HOMO = -0.199237664086806  LUMO = -0.1543677366159
cycle= 163 E= -2466.15353688907  delta_E= 0.148  |g|= 6.06  |ddm|= 0.814
  HOMO = 0.0296818021807757  LUMO = 0.0348561913643316
cycle= 164 E= -2354.33546465495  delta_E=  112  |g|=   15  |ddm|= 32.2
  HOMO = -0.0875456144882434  LUMO = -0.0665179556596995
cycle= 165 E= -2457.72459668327  delta_E= -103  |g|= 6.67  |ddm|= 30.5
  HOMO = -0.156978288508957  LUMO = -0.150291697573166
cycle= 166 E= -2465.96441179453  delta_E= -8.24  |g|=  6.1  |ddm|= 9.86
  HOMO = -0.171692322862467  LUMO = -0.164181854769411
cycle= 167 E= -2468.35562635567  delta_E= -2.39  |g|= 5.36  |ddm|= 3.21
  HOMO = -0.175269035371386  LUMO = -0.158528143943142
cycle= 168 E= -2468.22099888593  delta_E= 0.135  |g|= 5.44  |ddm|= 1.56
  HOMO = -0.184410329817349  LUMO = -0.159633530803501
cycle= 169 E= -2468.35964924396  delta_E= -0.139  |g|= 5.39  |ddm|= 0.715
  HOMO = -0.182981933480158  LUMO = -0.157106303165821
cycle= 170 E= -2468.40251896676  delta_E= -0.0429  |g|= 5.37  |ddm|= 0.713
  HOMO = -0.183146043705969  LUMO = -0.161728330933176
cycle= 171 E= -2468.53566353718  delta_E= -0.133  |g|= 5.31  |ddm|= 0.882
  HOMO = -0.181821034173983  LUMO = -0.158363120526606
cycle= 172 E= -2468.33729425943  delta_E= 0.198  |g|= 5.41  |ddm|= 0.862
  HOMO = -0.164648821030319  LUMO = -0.154395914473053
cycle= 173 E= -2468.61632288412  delta_E= -0.279  |g|= 5.34  |ddm|= 0.784
  HOMO = 0.0306568141905759  LUMO = 0.0323401558810719
cycle= 174 E= -2363.19109341376  delta_E=  105  |g|=   14  |ddm|= 33.6
  HOMO = -0.0832491393026632  LUMO = -0.025714961717755
cycle= 175 E= -2459.89151112082  delta_E= -96.7  |g|= 5.64  |ddm|= 32.2
  HOMO = -0.170563866354932  LUMO = -0.156391783963724
cycle= 176 E= -2466.88921670398  delta_E=   -7  |g|= 5.82  |ddm|= 8.55
  HOMO = -0.18952032231936  LUMO = -0.154613783523788
cycle= 177 E= -2467.30011041751  delta_E= -0.411  |g|= 5.73  |ddm|= 1.86
  HOMO = -0.179146421591853  LUMO = -0.153998961493684
cycle= 178 E= -2467.35058495968  delta_E= -0.0505  |g|= 5.71  |ddm|= 0.709
  HOMO = -0.177884969392783  LUMO = -0.154384729896158
cycle= 179 E= -2467.33973448837  delta_E= 0.0109  |g|= 5.71  |ddm|= 0.203
  HOMO = -0.18525530767453  LUMO = -0.160834430952062
cycle= 180 E= -2467.59894801139  delta_E= -0.259  |g|= 5.58  |ddm|= 1.09
  HOMO = -0.182392815134759  LUMO = -0.153290414081097
cycle= 181 E= -2467.42252027105  delta_E= 0.176  |g|= 5.68  |ddm|= 1.22
  HOMO = -0.176878472726548  LUMO = -0.15285363672775
cycle= 182 E= -2467.23716476894  delta_E= 0.185  |g|= 5.75  |ddm|= 0.513
  HOMO = -0.17894533422281  LUMO = -0.155719349799389
cycle= 183 E= -2467.09278040357  delta_E= 0.144  |g|= 5.79  |ddm|= 0.246
  HOMO = 0.0294464982439033  LUMO = 0.0353348870321682
cycle= 184 E= -2343.26371587804  delta_E=  124  |g|= 17.6  |ddm|= 30.7
  HOMO = -0.0403543574002098  LUMO = -0.037672992468661
cycle= 185 E= -2452.35827473551  delta_E= -109  |g|= 9.27  |ddm|= 31.3
  HOMO = -0.0447885270481442  LUMO = -0.0215691078109054
cycle= 186 E= -2463.51016313145  delta_E= -11.2  |g|= 4.83  |ddm|= 14.5
  HOMO = -0.207024382726412  LUMO = -0.18446241931953
cycle= 187 E= -2467.96791550677  delta_E= -4.46  |g|= 5.49  |ddm|= 6.11
  HOMO = -0.204370725453401  LUMO = -0.17440537645015
cycle= 188 E= -2468.28724800982  delta_E= -0.319  |g|=  5.4  |ddm|= 0.798
  HOMO = -0.184842534409628  LUMO = -0.167616554519943
cycle= 189 E= -2468.34791627464  delta_E= -0.0607  |g|= 5.34  |ddm|= 1.14
  HOMO = -0.196809478210645  LUMO = -0.168857270339715
cycle= 190 E= -2468.43788095204  delta_E= -0.09  |g|= 5.33  |ddm|= 1.42
  HOMO = -0.198344020854784  LUMO = -0.170911716567348
cycle= 191 E= -2468.33143591431  delta_E= 0.106  |g|= 5.38  |ddm|= 0.877
  HOMO = -0.200322302880029  LUMO = -0.179044885843433
cycle= 192 E= -2468.34559145895  delta_E= -0.0142  |g|= 5.37  |ddm|= 0.664
  HOMO = -0.197830579775052  LUMO = -0.175948377049787
cycle= 193 E= -2468.57906383588  delta_E= -0.233  |g|=  5.3  |ddm|= 0.535
  HOMO = -0.185974583000072  LUMO = -0.178804404683664
cycle= 194 E= -2468.8803947777  delta_E= -0.301  |g|=  5.2  |ddm|= 0.475
  HOMO = 0.0465457925181257  LUMO = 0.0532233607596914
cycle= 195 E= -2355.70242838408  delta_E=  113  |g|= 14.5  |ddm|= 36.3
  HOMO = -0.0821962752967221  LUMO = -0.0266686640791215
cycle= 196 E= -2458.42377915043  delta_E= -103  |g|= 6.57  |ddm|= 35.4
  HOMO = -0.170714454685104  LUMO = -0.162308938974839
cycle= 197 E= -2467.64790447008  delta_E= -9.22  |g|= 5.61  |ddm|= 9.87
  HOMO = -0.172458736928964  LUMO = -0.161363895102647
cycle= 198 E= -2468.06387460626  delta_E= -0.416  |g|= 5.46  |ddm|= 1.72
  HOMO = -0.191144385283535  LUMO = -0.16167575543236
cycle= 199 E= -2468.25738476789  delta_E= -0.194  |g|=  5.4  |ddm|= 1.44
  HOMO = -0.195454798661362  LUMO = -0.16437540052863
cycle= 200 E= -2468.15186675998  delta_E= 0.106  |g|= 5.44  |ddm|= 0.834
  HOMO = -0.191557943974259  LUMO = -0.168081285021398
cycle= 201 E= -2468.01988979002  delta_E= 0.132  |g|= 5.49  |ddm|= 0.54
  HOMO = -0.191291566074893  LUMO = -0.164138014470153
cycle= 202 E= -2468.39820290082  delta_E= -0.378  |g|= 5.34  |ddm|= 0.757
  HOMO = -0.195340910965931  LUMO = -0.17011374738626
cycle= 203 E= -2467.99396805668  delta_E= 0.404  |g|=  5.5  |ddm|= 0.937
  HOMO = -0.186307719796698  LUMO = -0.168698609626606
cycle= 204 E= -2467.91909418398  delta_E= 0.0749  |g|= 5.52  |ddm|= 0.447
  HOMO = 0.0434049077069994  LUMO = 0.0455784218025604
cycle= 205 E= -2334.95185530913  delta_E=  133  |g|=   15  |ddm|= 38.6
  HOMO = -0.115842481178459  LUMO = -0.0501264540335702
cycle= 206 E= -2458.16196555218  delta_E= -123  |g|= 6.59  |ddm|= 38.4
  HOMO = -0.163743987304011  LUMO = -0.154360300137824
cycle= 207 E= -2467.45199298132  delta_E= -9.29  |g|= 5.63  |ddm|= 9.96
  HOMO = -0.186178461441068  LUMO = -0.151943601714834
cycle= 208 E= -2467.82724303981  delta_E= -0.375  |g|= 5.54  |ddm|= 1.84
  HOMO = -0.177568337957577  LUMO = -0.157682548983719
cycle= 209 E= -2467.77172761172  delta_E= 0.0555  |g|= 5.56  |ddm|= 1.32
  HOMO = -0.196441645902169  LUMO = -0.160222881199138
cycle= 210 E= -2467.84021252805  delta_E= -0.0685  |g|= 5.54  |ddm|= 0.768
  HOMO = -0.188482825078313  LUMO = -0.154036653856557
cycle= 211 E= -2467.97785980223  delta_E= -0.138  |g|= 5.46  |ddm|= 1.58
  HOMO = -0.195670552331463  LUMO = -0.157224665540018
cycle= 212 E= -2467.85437768521  delta_E= 0.123  |g|= 5.54  |ddm|= 1.46
  HOMO = -0.182815296564169  LUMO = -0.155571788117475
cycle= 213 E= -2468.26436513253  delta_E= -0.41  |g|= 5.39  |ddm|= 0.523
  HOMO = -0.186720233734203  LUMO = -0.153985342383585
cycle= 214 E= -2468.11910063072  delta_E= 0.145  |g|= 5.48  |ddm|= 0.992
  HOMO = 0.02202406313023  LUMO = 0.0231407191043752
cycle= 215 E= -2365.1982204345  delta_E=  103  |g|= 13.4  |ddm|=   26
  HOMO = -0.100033864850228  LUMO = -0.0704396990190756
cycle= 216 E= -2459.8910263073  delta_E= -94.7  |g|= 5.76  |ddm|= 24.2
  HOMO = -0.157428213498418  LUMO = -0.141488472821147
cycle= 217 E= -2465.70898954874  delta_E= -5.82  |g|= 6.17  |ddm|= 9.39
  HOMO = -0.171758945050132  LUMO = -0.143014709246041
cycle= 218 E= -2466.47465852255  delta_E= -0.766  |g|= 5.96  |ddm|= 1.77
  HOMO = -0.177280331200497  LUMO = -0.139481941393014
cycle= 219 E= -2466.58712850299  delta_E= -0.112  |g|= 5.94  |ddm|= 1.36
  HOMO = -0.18994290210568  LUMO = -0.146403797094341
cycle= 220 E= -2466.67591218749  delta_E= -0.0888  |g|= 5.91  |ddm|= 0.971
  HOMO = -0.179477035902112  LUMO = -0.137700260686704
cycle= 221 E= -2466.725357435  delta_E= -0.0494  |g|= 5.92  |ddm|=    1
  HOMO = -0.181935102818146  LUMO = -0.145118493765487
cycle= 222 E= -2466.96798945141  delta_E= -0.243  |g|=  5.8  |ddm|= 1.53
  HOMO = -0.174833216838383  LUMO = -0.142829397558839
cycle= 223 E= -2466.6045009747  delta_E= 0.363  |g|= 5.93  |ddm|= 1.06
  HOMO = -0.171590055254439  LUMO = -0.141403820572073
cycle= 224 E= -2466.8470391066  delta_E= -0.243  |g|= 5.86  |ddm|= 0.25
  HOMO = -0.00461654548548207  LUMO = 0.00207979974754428
cycle= 225 E= -2371.89955425901  delta_E= 94.9  |g|= 13.2  |ddm|= 47.3
  HOMO = -0.0752830107506692  LUMO = -0.0595098075914024
cycle= 226 E= -2460.3444154331  delta_E= -88.4  |g|= 5.57  |ddm|= 46.3
  HOMO = -0.172333394950414  LUMO = -0.163421269523862
cycle= 227 E= -2463.96011951327  delta_E= -3.62  |g|= 6.47  |ddm|= 9.17
  HOMO = -0.17023523155756  LUMO = -0.159715592565328
cycle= 228 E= -2465.87924608968  delta_E= -1.92  |g|= 6.12  |ddm|= 2.17
  HOMO = -0.165231172712277  LUMO = -0.158552431474462
cycle= 229 E= -2465.84805733865  delta_E= 0.0312  |g|=  6.1  |ddm|= 0.794
  HOMO = -0.154626561889126  LUMO = -0.150169741875391
cycle= 230 E= -2465.72608210581  delta_E= 0.122  |g|= 6.13  |ddm|= 1.39
  HOMO = -0.161150259453877  LUMO = -0.148563523826731
cycle= 231 E= -2465.73090543927  delta_E= -0.00482  |g|= 6.05  |ddm|= 2.07
  HOMO = -0.160565548953256  LUMO = -0.148011977220746
cycle= 232 E= -2465.9489466957  delta_E= -0.218  |g|= 6.11  |ddm|= 1.44
  HOMO = -0.176150351482151  LUMO = -0.149169697396277
cycle= 233 E= -2466.12795020209  delta_E= -0.179  |g|= 6.07  |ddm|= 1.39
  HOMO = -0.159758804428921  LUMO = -0.150085358259591
cycle= 234 E= -2466.21057858117  delta_E= -0.0826  |g|= 6.03  |ddm|= 1.15
  HOMO = 0.0264412611607596  LUMO = 0.0339797652764474
cycle= 235 E= -2305.47035786837  delta_E=  161  |g|= 14.4  |ddm|= 61.6
  HOMO = -0.109845645173807  LUMO = -0.0723530658072373
cycle= 236 E= -2457.48588473249  delta_E= -152  |g|= 7.53  |ddm|= 60.9
  HOMO = -0.181448726014193  LUMO = -0.15251344295831
cycle= 237 E= -2467.14530972798  delta_E= -9.66  |g|= 5.77  |ddm|= 11.1
  HOMO = -0.186231678254191  LUMO = -0.150769922624685
cycle= 238 E= -2467.21811825758  delta_E= -0.0728  |g|= 5.74  |ddm|= 1.52
  HOMO = -0.171720250375257  LUMO = -0.155247514346511
cycle= 239 E= -2466.90351369579  delta_E= 0.315  |g|= 5.85  |ddm|= 1.16
  HOMO = -0.179809780554222  LUMO = -0.153702138800345
cycle= 240 E= -2466.8864120559  delta_E= 0.0171  |g|= 5.86  |ddm|= 0.821
  HOMO = -0.163727420169517  LUMO = -0.155799907929703
cycle= 241 E= -2466.720146891  delta_E= 0.166  |g|= 5.91  |ddm|= 0.617
  HOMO = -0.156532364647958  LUMO = -0.153029935254526
cycle= 242 E= -2466.16517011779  delta_E= 0.555  |g|= 5.93  |ddm|=  2.1
  HOMO = -0.191597909997372  LUMO = -0.153667339875358
cycle= 243 E= -2467.06081666566  delta_E= -0.896  |g|=  5.8  |ddm|= 2.02
  HOMO = -0.12775447527568  LUMO = -0.0976865505560711
cycle= 244 E= -2470.99618068715  delta_E= -3.94  |g|= 4.88  |ddm|= 3.77
  HOMO = 0.0166939411793095  LUMO = 0.0179502050574958
cycle= 245 E= -2386.28361420006  delta_E= 84.7  |g|= 11.9  |ddm|= 20.1
  HOMO = -0.0985680752750501  LUMO = -0.0817513562609204
cycle= 246 E= -2460.39386738505  delta_E= -74.1  |g|= 5.49  |ddm|= 18.6
  HOMO = -0.13502542787987  LUMO = -0.122312886721056
cycle= 247 E= -2461.50454776549  delta_E= -1.11  |g|= 6.89  |ddm|= 9.46
  HOMO = -0.176263750792087  LUMO = -0.156327064286661
cycle= 248 E= -2464.93050913756  delta_E= -3.43  |g|= 6.19  |ddm|= 3.79
  HOMO = -0.164682884873348  LUMO = -0.159338536249704
cycle= 249 E= -2465.09350312856  delta_E= -0.163  |g|=  6.2  |ddm|= 1.98
  HOMO = -0.170495464555882  LUMO = -0.161173784363795
cycle= 250 E= -2465.11728454569  delta_E= -0.0238  |g|= 6.17  |ddm|= 1.96
  HOMO = -0.168743944386614  LUMO = -0.165767887925599
cycle= 251 E= -2465.86053431635  delta_E= -0.743  |g|= 6.07  |ddm|= 1.18
  HOMO = -0.161939547237865  LUMO = -0.156381042184962
cycle= 252 E= -2464.83133381265  delta_E= 1.03  |g|= 6.17  |ddm|= 2.42
  HOMO = -0.165248942659201  LUMO = -0.143787252523368
cycle= 253 E= -2465.43383953385  delta_E= -0.603  |g|= 6.29  |ddm|= 3.98
  HOMO = -0.149715479719174  LUMO = -0.141629450308903
cycle= 254 E= -2466.72479585744  delta_E= -1.29  |g|= 5.83  |ddm|= 3.53
  HOMO = 0.00116457123492024  LUMO = 0.00440166133573353
cycle= 255 E= -2345.35371049779  delta_E=  121  |g|= 13.2  |ddm|= 32.9
  HOMO = -0.111349413472262  LUMO = -0.084433317252178
cycle= 256 E= -2458.46550380287  delta_E= -113  |g|= 6.77  |ddm|= 31.2
  HOMO = -0.154195101434283  LUMO = -0.15029479393682
cycle= 257 E= -2466.77350691055  delta_E= -8.31  |g|= 5.74  |ddm|= 9.72
  HOMO = -0.175035331297584  LUMO = -0.15569642799567
cycle= 258 E= -2468.38948276619  delta_E= -1.62  |g|= 5.43  |ddm|=  2.8
  HOMO = -0.160799846951879  LUMO = -0.155425028709658
cycle= 259 E= -2467.9907169813  delta_E= 0.399  |g|= 5.49  |ddm|= 2.16
  HOMO = -0.163570345715206  LUMO = -0.158038157423233
cycle= 260 E= -2468.36725038654  delta_E= -0.377  |g|= 5.45  |ddm|= 1.88
  HOMO = -0.161038786105102  LUMO = -0.158085788021282
cycle= 261 E= -2467.96521106756  delta_E= 0.402  |g|=  5.5  |ddm|= 1.87
  HOMO = -0.162011694817311  LUMO = -0.154690451178729
cycle= 262 E= -2468.18122399044  delta_E= -0.216  |g|= 5.41  |ddm|= 0.491
  HOMO = -0.161082129797612  LUMO = -0.144827595186781
cycle= 263 E= -2467.74821241349  delta_E= 0.433  |g|= 5.57  |ddm|= 0.757
  HOMO = -0.150781949212755  LUMO = -0.14107354704925
cycle= 264 E= -2468.56253554896  delta_E= -0.814  |g|= 5.37  |ddm|= 0.989
  HOMO = 0.00495115504099894  LUMO = 0.00646778476198144
cycle= 265 E= -2367.72683544117  delta_E=  101  |g|= 13.9  |ddm|= 30.9
  HOMO = -0.10585537078577  LUMO = -0.084203406912571
cycle= 266 E= -2459.30935792526  delta_E= -91.6  |g|= 6.19  |ddm|= 29.5
  HOMO = -0.154253506083543  LUMO = -0.146552624475312
cycle= 267 E= -2463.52430404134  delta_E= -4.21  |g|= 6.38  |ddm|= 9.74
  HOMO = -0.161627127451159  LUMO = -0.151662826652122
cycle= 268 E= -2467.30057839199  delta_E= -3.78  |g|= 5.69  |ddm|= 3.65
  HOMO = -0.176981358553148  LUMO = -0.128770668476584
cycle= 269 E= -2467.14306259306  delta_E= 0.158  |g|= 5.79  |ddm|= 2.43
  HOMO = -0.183030137820297  LUMO = -0.150211466963372
cycle= 270 E= -2467.81744031846  delta_E= -0.674  |g|= 5.57  |ddm|=  1.3
  HOMO = -0.178682611898962  LUMO = -0.155315006547294
cycle= 271 E= -2467.98975794938  delta_E= -0.172  |g|= 5.54  |ddm|= 0.569
  HOMO = -0.185738346473465  LUMO = -0.152595535747779
cycle= 272 E= -2468.0138142653  delta_E= -0.0241  |g|= 5.53  |ddm|= 0.217
  HOMO = -0.159206084668406  LUMO = -0.157279086040292
cycle= 273 E= -2467.789552491  delta_E= 0.224  |g|= 5.62  |ddm|= 0.813
  HOMO = -0.164741434516437  LUMO = -0.153495948045717
cycle= 274 E= -2468.2637661661  delta_E= -0.474  |g|= 5.47  |ddm|= 0.647
  HOMO = -0.00281037130558911  LUMO = 0.00468571824345355
cycle= 275 E= -2368.68526441764  delta_E= 99.6  |g|= 13.2  |ddm|= 21.6
  HOMO = -0.0893089508439901  LUMO = -0.0765294114933071
cycle= 276 E= -2459.871003693  delta_E= -91.2  |g|= 5.93  |ddm|= 19.8
  HOMO = -0.159627579355297  LUMO = -0.154059737870947
cycle= 277 E= -2465.88037508669  delta_E= -6.01  |g|= 6.07  |ddm|= 9.17
  HOMO = -0.183369645512839  LUMO = -0.151887035629983
cycle= 278 E= -2467.26472172627  delta_E= -1.38  |g|= 5.73  |ddm|= 2.05
  HOMO = -0.169161268793574  LUMO = -0.145673053333313
cycle= 279 E= -2467.15338197142  delta_E= 0.111  |g|= 5.76  |ddm|= 0.776
  HOMO = -0.185841069066473  LUMO = -0.139988093805377
cycle= 280 E= -2467.1720629236  delta_E= -0.0187  |g|= 5.78  |ddm|= 1.05
  HOMO = -0.190165001809195  LUMO = -0.143388558404189
cycle= 281 E= -2467.36902997866  delta_E= -0.197  |g|= 5.71  |ddm|= 0.609
  HOMO = -0.171723139245829  LUMO = -0.142757428034147
cycle= 282 E= -2467.21921431621  delta_E= 0.15  |g|= 5.75  |ddm|= 1.01
  HOMO = -0.169903577247838  LUMO = -0.142861918873697
cycle= 283 E= -2466.8571696926  delta_E= 0.362  |g|= 5.87  |ddm|= 1.22
  HOMO = -0.181171870207652  LUMO = -0.14723584375719
cycle= 284 E= -2467.06589534022  delta_E= -0.209  |g|=  5.8  |ddm|= 0.758
  HOMO = 0.0386259913358282  LUMO = 0.0498333910519651
cycle= 285 E= -2319.06871766718  delta_E=  148  |g|= 14.3  |ddm|= 35.5
  HOMO = -0.104936522655154  LUMO = -0.0831893760978321
cycle= 286 E= -2457.95374536698  delta_E= -139  |g|= 7.03  |ddm|= 34.8
  HOMO = -0.1812907217806  LUMO = -0.155303908950457
cycle= 287 E= -2467.32112247291  delta_E= -9.37  |g|= 5.71  |ddm|= 10.5
  HOMO = -0.187460713022351  LUMO = -0.152650037857687
cycle= 288 E= -2467.48441186156  delta_E= -0.163  |g|= 5.67  |ddm|= 0.903
  HOMO = -0.189348023101534  LUMO = -0.152160905929958
cycle= 289 E= -2467.42276138079  delta_E= 0.0617  |g|= 5.69  |ddm|= 0.225
  HOMO = -0.1884510399691  LUMO = -0.148372797151835
cycle= 290 E= -2467.29568515662  delta_E= 0.127  |g|= 5.73  |ddm|= 0.44
  HOMO = -0.188445061448112  LUMO = -0.148151978286572
cycle= 291 E= -2467.39167956991  delta_E= -0.096  |g|=  5.7  |ddm|= 0.573
  HOMO = -0.188252065331435  LUMO = -0.149292763429757
cycle= 292 E= -2467.42986835694  delta_E= -0.0382  |g|= 5.68  |ddm|= 0.532
  HOMO = -0.19905308911551  LUMO = -0.153232704394939
cycle= 293 E= -2467.38746188993  delta_E= 0.0424  |g|=  5.7  |ddm|= 0.783
  HOMO = -0.139940512418856  LUMO = -0.127188360032212
cycle= 294 E= -2470.2819125422  delta_E= -2.89  |g|= 5.11  |ddm|= 3.02
  HOMO = 0.0158458795175734  LUMO = 0.0267571844097864
cycle= 295 E= -2362.80534326515  delta_E=  107  |g|= 14.1  |ddm|= 31.8
  HOMO = -0.0846688653492131  LUMO = -0.0767060853556921
cycle= 296 E= -2459.69281697686  delta_E= -96.9  |g|= 5.72  |ddm|= 30.3
  HOMO = -0.146429939365019  LUMO = -0.129928335138191
cycle= 297 E= -2464.28798437907  delta_E= -4.6  |g|= 6.35  |ddm|= 8.99
  HOMO = -0.174464813242194  LUMO = -0.142267717178298
cycle= 298 E= -2467.653160853  delta_E= -3.37  |g|= 5.59  |ddm|= 3.63
  HOMO = -0.179371526032773  LUMO = -0.149570619182462
cycle= 299 E= -2467.04221748807  delta_E= 0.611  |g|= 5.76  |ddm|= 1.91
  HOMO = -0.183232385083464  LUMO = -0.150430262468886
cycle= 300 E= -2467.25552091452  delta_E= -0.213  |g|= 5.73  |ddm|= 0.969
  HOMO = -0.184787124070829  LUMO = -0.150628520894233
cycle= 301 E= -2467.26375224939  delta_E= -0.00823  |g|= 5.72  |ddm|= 0.335
  HOMO = -0.177156379945213  LUMO = -0.149613416853664
cycle= 302 E= -2467.52396744013  delta_E= -0.26  |g|= 5.64  |ddm|= 0.505
  HOMO = -0.180971559516634  LUMO = -0.142205452086399
cycle= 303 E= -2466.85723017863  delta_E= 0.667  |g|= 5.87  |ddm|= 1.52
  HOMO = -0.178744090748426  LUMO = -0.144251198120574
cycle= 304 E= -2467.24163621706  delta_E= -0.384  |g|= 5.75  |ddm|= 0.595
  HOMO = 0.0108404962037074  LUMO = 0.0174188248615249
cycle= 305 E= -2359.1692118448  delta_E=  108  |g|= 14.6  |ddm|= 35.4
  HOMO = -0.0909443626532618  LUMO = -0.0494927733305195
cycle= 306 E= -2458.64041941934  delta_E= -99.5  |g|= 6.34  |ddm|= 33.8
  HOMO = -0.159709525342175  LUMO = -0.150020290411222
cycle= 307 E= -2466.3837694252  delta_E= -7.74  |g|= 5.76  |ddm|= 9.65
  HOMO = -0.156517332691212  LUMO = -0.14916670462803
cycle= 308 E= -2467.98392574627  delta_E= -1.6  |g|= 5.48  |ddm|=  2.5
  HOMO = -0.186506518613773  LUMO = -0.146416247910289
cycle= 309 E= -2467.95161855612  delta_E= 0.0323  |g|= 5.53  |ddm|= 1.24
  HOMO = -0.18984391271815  LUMO = -0.147506113191512
cycle= 310 E= -2467.9819118924  delta_E= -0.0303  |g|= 5.52  |ddm|= 0.441
  HOMO = -0.171810732660238  LUMO = -0.15083796617983
cycle= 311 E= -2467.95523217817  delta_E= 0.0267  |g|=  5.5  |ddm|=  1.7
  HOMO = -0.186800006339298  LUMO = -0.154451234634993
cycle= 312 E= -2468.61297597441  delta_E= -0.658  |g|= 5.26  |ddm|= 1.98
  HOMO = -0.179653992337485  LUMO = -0.144676495785809
cycle= 313 E= -2467.93678536438  delta_E= 0.676  |g|= 5.55  |ddm|= 1.47
  HOMO = -0.180917277758616  LUMO = -0.146160681686823
cycle= 314 E= -2467.96481589626  delta_E= -0.028  |g|= 5.54  |ddm|= 0.477
  HOMO = 0.041139899717496  LUMO = 0.0474830300825695
cycle= 315 E= -2353.10232859268  delta_E=  115  |g|= 14.4  |ddm|= 32.4
  HOMO = -0.079697623198277  LUMO = -0.0486717257098823
cycle= 316 E= -2459.31900187416  delta_E= -106  |g|=  5.9  |ddm|= 31.3
  HOMO = -0.188609023095576  LUMO = -0.152933540914396
cycle= 317 E= -2467.42334524144  delta_E= -8.1  |g|= 5.68  |ddm|= 9.02
  HOMO = -0.1937399577805  LUMO = -0.151264911583351
cycle= 318 E= -2467.46275274707  delta_E= -0.0394  |g|= 5.67  |ddm|= 0.954
  HOMO = -0.184909807504876  LUMO = -0.149207402323506
cycle= 319 E= -2467.374257321  delta_E= 0.0885  |g|= 5.71  |ddm|= 0.67
  HOMO = -0.167607636789453  LUMO = -0.151290222019257
cycle= 320 E= -2467.10760683171  delta_E= 0.267  |g|= 5.76  |ddm|= 1.68
  HOMO = -0.165170749066945  LUMO = -0.15326387974833
cycle= 321 E= -2467.39378285378  delta_E= -0.286  |g|= 5.59  |ddm|= 2.57
  HOMO = -0.196623579286789  LUMO = -0.151336909450486
cycle= 322 E= -2467.78873323586  delta_E= -0.395  |g|= 5.55  |ddm|= 2.05
  HOMO = -0.191466648778031  LUMO = -0.154619774101921
cycle= 323 E= -2467.56365176186  delta_E= 0.225  |g|= 5.63  |ddm|= 1.01
  HOMO = -0.186598347740616  LUMO = -0.148296142734615
cycle= 324 E= -2467.24653980796  delta_E= 0.317  |g|= 5.75  |ddm|= 0.97
  HOMO = 0.043857206532461  LUMO = 0.0467744676334823
cycle= 325 E= -2307.38439015463  delta_E=  160  |g|= 13.8  |ddm|= 37.5
  HOMO = -0.113733760826061  LUMO = -0.0893951237673421
cycle= 326 E= -2460.03019713488  delta_E= -153  |g|= 5.55  |ddm|=   37
  HOMO = -0.162566619899766  LUMO = -0.144781379332339
cycle= 327 E= -2464.72942211959  delta_E= -4.7  |g|=  6.4  |ddm|= 9.45
  HOMO = -0.189417851296789  LUMO = -0.144160718058644
cycle= 328 E= -2465.41274121205  delta_E= -0.683  |g|= 6.25  |ddm|= 1.19
  HOMO = -0.190909841107407  LUMO = -0.14602647845076
cycle= 329 E= -2465.22205704873  delta_E= 0.191  |g|=  6.3  |ddm|=  0.6
  HOMO = -0.184164573345412  LUMO = -0.14373736949592
cycle= 330 E= -2465.52609102947  delta_E= -0.304  |g|=  6.2  |ddm|= 1.95
  HOMO = -0.180571425393262  LUMO = -0.145512715872071
cycle= 331 E= -2465.97103694991  delta_E= -0.445  |g|= 6.08  |ddm|= 2.24
  HOMO = -0.185804437335878  LUMO = -0.14706859453503
cycle= 332 E= -2466.30308485183  delta_E= -0.332  |g|= 5.99  |ddm|= 1.81
  HOMO = -0.192123997939443  LUMO = -0.145645378125329
cycle= 333 E= -2465.70765594228  delta_E= 0.595  |g|= 6.18  |ddm|= 1.43
  HOMO = -0.175113663264939  LUMO = -0.134482096793726
cycle= 334 E= -2467.00750988089  delta_E= -1.3  |g|= 5.82  |ddm|= 1.27
  HOMO = 0.0133688580630375  LUMO = 0.0166233031769585
cycle= 335 E= -2375.48330043716  delta_E= 91.5  |g|= 13.4  |ddm|= 24.1
  HOMO = -0.087289616909705  LUMO = -0.0597474377425956
cycle= 336 E= -2460.1208948359  delta_E= -84.6  |g|= 5.35  |ddm|= 21.9
  HOMO = -0.150777627259262  LUMO = -0.140318091750663
cycle= 337 E= -2462.43371032708  delta_E= -2.31  |g|= 6.57  |ddm|= 8.27
  HOMO = -0.155349742827396  LUMO = -0.147120198267699
cycle= 338 E= -2466.6701410601  delta_E= -4.24  |g|= 5.77  |ddm|= 2.68
  HOMO = -0.164469576205341  LUMO = -0.150967838845214
cycle= 339 E= -2467.48896576227  delta_E= -0.819  |g|= 5.62  |ddm|= 1.63
  HOMO = -0.152543426890356  LUMO = -0.150413989440534
cycle= 340 E= -2467.52968991605  delta_E= -0.0407  |g|= 5.59  |ddm|= 1.55
  HOMO = -0.156606039343682  LUMO = -0.148960694402313
cycle= 341 E= -2467.40354068708  delta_E= 0.126  |g|= 5.59  |ddm|= 1.55
  HOMO = -0.160673440577048  LUMO = -0.149311934873093
cycle= 342 E= -2467.74571368346  delta_E= -0.342  |g|= 5.54  |ddm|= 1.19
  HOMO = -0.157091346301035  LUMO = -0.149683400617908
cycle= 343 E= -2467.69896890228  delta_E= 0.0467  |g|= 5.54  |ddm|= 0.271
  HOMO = -0.161511609463567  LUMO = -0.15259683301275
cycle= 344 E= -2467.24393211356  delta_E= 0.455  |g|= 5.66  |ddm|= 0.552
  HOMO = 0.0176727162860659  LUMO = 0.037386178449928
cycle= 345 E= -2350.12908306155  delta_E=  117  |g|= 16.8  |ddm|= 35.3
  HOMO = -0.105750769477343  LUMO = -0.0526733280526814
cycle= 346 E= -2455.14458340913  delta_E= -105  |g|= 8.43  |ddm|= 33.6
  HOMO = -0.0925197534613713  LUMO = -0.078910303804558
cycle= 347 E= -2474.18519324907  delta_E=  -19  |g|= 2.84  |ddm|= 11.9
  HOMO = -0.138232542643953  LUMO = -0.116273502943118
cycle= 348 E= -2475.24582048872  delta_E= -1.06  |g|= 1.15  |ddm|= 3.23
  HOMO = -0.142377365081747  LUMO = -0.113819825135977
cycle= 349 E= -2474.57788904837  delta_E= 0.668  |g|= 1.85  |ddm|= 3.45
  HOMO = -0.120436927281242  LUMO = -0.0845081925077996
cycle= 350 E= -2475.67592128506  delta_E= -1.1  |g|= 0.459  |ddm|= 2.29
  HOMO = -0.149753669866864  LUMO = -0.109481980735086
cycle= 351 E= -2475.62399923903  delta_E= 0.0519  |g|= 0.689  |ddm|= 1.03
  HOMO = -0.134151557551518  LUMO = -0.0966419437708684
cycle= 352 E= -2475.71171796338  delta_E= -0.0877  |g|= 0.211  |ddm|= 0.724
  HOMO = -0.135105380836442  LUMO = -0.0965932440239156
cycle= 353 E= -2475.72254779518  delta_E= -0.0108  |g|= 0.0963  |ddm|= 0.334
  HOMO = -0.133690716711501  LUMO = -0.0952064409765367
cycle= 354 E= -2475.72408047005  delta_E= -0.00153  |g|= 0.0726  |ddm|= 0.124
  HOMO = -0.130718873433153  LUMO = -0.0929058678453042
cycle= 355 E= -2475.72477248477  delta_E= -0.000692  |g|= 0.0411  |ddm|= 0.083
  HOMO = -0.132163757565836  LUMO = -0.0940280730011026
cycle= 356 E= -2475.7250894043  delta_E= -0.000317  |g|= 0.00667  |ddm|= 0.0358
  HOMO = -0.132462826756855  LUMO = -0.0943338751044324
cycle= 357 E= -2475.72508663933  delta_E= 2.76e-06  |g|= 0.00805  |ddm|= 0.012
  HOMO = -0.132236756001085  LUMO = -0.0941287534079588
cycle= 358 E= -2475.72510013178  delta_E= -1.35e-05  |g|= 0.00143  |ddm|= 0.00799
  HOMO = -0.132255328053731  LUMO = -0.0941435710256998
cycle= 359 E= -2475.72509974504  delta_E= 3.87e-07  |g|= 0.00172  |ddm|= 0.00371
  HOMO = -0.132256605494935  LUMO = -0.0941495654627861
cycle= 360 E= -2475.72510066204  delta_E= -9.17e-07  |g|= 0.000448  |ddm|= 0.00229
  HOMO = -0.132244907634739  LUMO = -0.0941376375679426
cycle= 361 E= -2475.7251006957  delta_E= -3.37e-08  |g|= 0.000246  |ddm|= 0.000572
  HOMO = -0.132241801520741  LUMO = -0.0941347526196149
cycle= 362 E= -2475.7251007094  delta_E= -1.37e-08  |g|= 5.81e-05  |ddm|= 0.000268
  HOMO = -0.132240427024202  LUMO = -0.0941335771461604
cycle= 363 E= -2475.72510070991  delta_E= -5.15e-10  |g|= 3.59e-05  |ddm|= 0.000102
  HOMO = -0.132241169880464  LUMO = -0.0941342067853255
cycle= 364 E= -2475.72510070999  delta_E= -8.19e-11  |g|= 3.47e-05  |ddm|= 7.5e-05
  HOMO = -0.132241412231967  LUMO = -0.0941343511502654
cycle= 365 E= -2475.72510071028  delta_E= -2.85e-10  |g|= 1.04e-05  |ddm|= 4.23e-05
  HOMO = -0.132241421158187  LUMO = -0.0941343846530244
cycle= 366 E= -2475.72510071031  delta_E= -2.82e-11  |g|= 2.35e-06  |ddm|= 1.26e-05
  HOMO = -0.132241402208645  LUMO = -0.0941343816645702
cycle= 367 E= -2475.72510071032  delta_E= -8.19e-12  |g|= 2.65e-06  |ddm|= 5.35e-06
  HOMO = -0.132241313917791  LUMO = -0.0941343063703616
cycle= 368 E= -2475.72510071029  delta_E= 2.09e-11  |g|= 2.27e-06  |ddm|= 4.13e-06
  HOMO = -0.132241434241556  LUMO = -0.0941344123876454
cycle= 369 E= -2475.72510071029  delta_E= 9.09e-13  |g|= 2.43e-06  |ddm|= 3.89e-06
  HOMO = -0.132241349837598  LUMO = -0.0941343355060933
cycle= 370 E= -2475.7251007103  delta_E= -1.09e-11  |g|= 5.7e-07  |ddm|= 2.37e-06
  HOMO = -0.132241432160544  LUMO = -0.0941344109114413
Extra cycle  E= -2475.7251007103  delta_E= 3.64e-12  |g|= 2.14e-06  |ddm|= 2.65e-06
converged SCF energy = -2475.7251007103
AOs:  [0, 1, 2, 3, 4, 5, 6, 7, 8, 9, 10, 11, 12, 13, 14, 15, 16, 17, 18, 19, 20, 21, 22, 23, 24, 25, 26, 27, 28, 29, 30, 31, 32, 33, 34, 35, 36, 37, 38, 39, 40, 41, 42, 43, 44, 45, 46, 47, 48, 49, 50, 51, 52, 53, 54, 55, 56, 57, 58, 59, 60, 61, 62, 63, 64, 65, 66, 67, 68, 69, 70, 71, 72, 73, 74, 75, 76, 77, 78, 79, 80, 81, 82, 83, 84, 85, 86, 87, 88, 89, 90, 91, 92, 93, 94, 95, 96, 97, 98, 99, 100, 101, 102, 103, 104, 105, 106, 107, 108, 109, 110, 111, 112, 113, 114, 115, 116, 117, 118, 119, 120, 121, 122, 123, 124, 125, 126, 127, 128, 129, 130, 131, 132, 133, 134, 135, 136, 137, 138, 139, 140, 141, 142, 143, 144, 145, 146, 147, 148, 149, 150, 151, 152, 153, 154, 155, 156, 157, 158, 159, 160, 161, 162, 163, 164, 165, 166, 167, 168, 169, 170, 171, 172, 173, 174, 175, 176, 177, 178, 179, 180, 181, 182, 183, 184, 185, 186, 187, 188, 189, 190, 191, 192, 193, 194, 195, 196, 197, 198, 199, 200, 201, 202, 203, 204, 205, 206, 207, 208, 209, 210, 211, 212, 213, 214, 215, 216, 217, 218, 219, 220, 221, 222, 223, 224, 225, 226, 227, 228, 229, 230, 231, 232, 233, 234, 235, 236, 237, 238, 239, 240, 241, 242, 243, 244, 245, 246, 247, 248, 249, 250, 251, 252, 253, 254, 255, 256, 257, 258, 259, 260, 261, 262, 263, 264, 265, 266, 267, 268, 269, 270, 271, 272, 273, 274, 275, 276, 277, 278, 279, 280, 281, 282, 283, 284, 285, 286, 287, 288, 289, 290, 291, 292, 293, 294, 295, 296, 297, 298, 299, 300, 301, 302, 303, 304, 305, 306, 307, 308, 309, 310, 311, 312, 313, 314, 315, 316, 317, 318, 319, 320, 321, 322, 323, 324, 325, 326, 327, 328, 329, 330, 331, 332, 333, 334, 335, 336, 337, 338, 339, 340, 341, 342, 343, 344, 345, 346, 347, 348, 349, 350, 351, 352, 353, 354, 355, 356, 357, 358, 359, 360, 361, 362, 363, 364, 365, 366, 367, 368, 369, 370, 371, 372, 373, 374, 375, 376, 377, 378, 379, 380, 381, 382, 383, 384, 385, 386, 387, 388, 389, 390, 391, 392, 393, 394, 395, 396, 397, 398, 399, 400, 401, 402, 403, 404, 405, 406, 407, 408, 409, 410, 411, 412, 413, 414, 415, 416, 417, 418, 419, 420, 421, 422, 423, 424, 425, 426, 427, 428, 429, 430, 431, 432, 433, 434, 435, 436, 437, 438, 439, 440, 441, 442, 443, 444, 445, 446, 447, 448, 449, 450, 451, 452, 453, 454, 455, 456, 457, 458, 459, 460, 461, 462, 463, 464, 465, 466, 467, 468, 469, 470, 471, 472, 473, 474, 475, 476, 477, 478, 479, 480, 481, 482, 483, 484, 485, 486, 487, 488, 489, 490, 491, 492, 493, 494, 495, 496, 497, 498, 499, 500, 501, 502, 503, 504, 505, 506, 507, 508, 509, 510, 511, 512, 513, 514, 515, 516]
517

 AO indices used for projection:  [0, 1, 2, 3, 5, 6, 7, 8, 9, 10, 14, 15, 16, 17, 18, 31, 32, 34, 35, 36, 45, 46, 48, 49, 50, 59, 60, 62, 63, 64, 73, 74, 76, 77, 78, 87, 88, 90, 91, 92, 101, 102, 104, 105, 106, 115, 116, 118, 119, 120, 129, 130, 132, 133, 134, 143, 144, 146, 147, 148, 157, 158, 160, 161, 162, 171, 172, 174, 175, 176, 185, 186, 188, 189, 190, 199, 200, 202, 203, 204, 213, 214, 216, 217, 218, 227, 228, 230, 231, 232, 241, 242, 244, 245, 246, 255, 256, 258, 259, 260, 269, 270, 272, 273, 274, 283, 284, 286, 287, 288, 297, 298, 300, 301, 302, 311, 316, 317, 319, 320, 321, 330, 335, 336, 338, 339, 340, 349, 354, 355, 357, 358, 359, 368, 373, 374, 376, 377, 378, 387, 392, 393, 395, 396, 397, 406, 411, 412, 414, 415, 416, 425, 430, 431, 433, 434, 435, 444, 449, 454, 459, 464, 469, 470, 472, 473, 474, 483, 484, 486, 487, 488, 497, 502, 507, 512]
 # of orbitals to keep:  88
517
176
Number of Active MOs:  88
Number of Environment MOs:  23
Number of Virtual MOs:  406
 # electrons:                        
         Env:  23.00000000  23.00000000
         Act:  88.00000000  88.00000000
         Vir:  -0.00000000  -0.00000000
Number of electrons in the active space:  176

 The density matrix is idempotent!

 The density matrix is idempotent!


******** <class 'pyscf.dft.rks.RKS'> ********
method = RKS-RHF
initial guess = minao
damping factor = 0
level_shift factor = 0
DIIS = <class 'pyscf.scf.diis.CDIIS'>
diis_start_cycle = 1
diis_space = 8
SCF conv_tol = 1e-09
SCF conv_tol_grad = 1e-06
SCF max_cycles = 200
direct_scf = True
direct_scf_tol = 1e-13
chkfile to save SCF result = subsys_scf.chk
max_memory 900000 MB (current use 73002 MB)
XC library pyscf.dft.libxc version 5.1.7
    S. Lehtola, C. Steigemann, M. J. Oliveira, and M. A. Marques, SoftwareX 7, 1 (2018)
XC functionals = pbe
    J. P. Perdew, K. Burke, and M. Ernzerhof, Phys. Rev. Lett. 77, 3865 (1996)
    J. P. Perdew, K. Burke, and M. Ernzerhof, Phys. Rev. Lett. 78, 1396 (1997)
    J. P. Perdew, K. Burke, and M. Ernzerhof, Phys. Rev. Lett. 77, 3865 (1996)
    J. P. Perdew, K. Burke, and M. Ernzerhof, Phys. Rev. Lett. 78, 1396 (1997)
small_rho_cutoff = 1e-07
init E= -870.728953919355
  HOMO = -0.29791353246661  LUMO = -0.0941499931042628
cycle= 1 E= -870.728954277905  delta_E= -3.59e-07  |g|= 3.98e-05  |ddm|= 0.00232
  HOMO = -0.297912971934162  LUMO = -0.094156441049263
cycle= 2 E= -870.728954278269  delta_E= -3.64e-10  |g|= 3.58e-05  |ddm|= 0.000112
  HOMO = -0.297912789106956  LUMO = -0.0941534778077412
cycle= 3 E= -870.728954278982  delta_E= -7.13e-10  |g|= 3.34e-06  |ddm|= 5.28e-05
  HOMO = -0.297913016365508  LUMO = -0.0941537427518891
cycle= 4 E= -870.7289542793  delta_E= -3.18e-10  |g|= 9.38e-07  |ddm|= 5.36e-06
  HOMO = -0.297912897746403  LUMO = -0.0941535473594185
Extra cycle  E= -870.72895427936  delta_E= -6e-11  |g|= 9.81e-07  |ddm|= 3.23e-06
converged SCF energy = -870.72895427936
Difference in energy:  -0.004260657952477232
Total mean-field energy =  -2475.725093920516
time elapsed:  689.4005296230316
