

******** <class 'pyscf.scf.hf.RHF'> ********
method = RHF
initial guess = minao
damping factor = 0
level_shift factor = 0
DIIS = <class 'pyscf.scf.diis.CDIIS'>
diis_start_cycle = 1
diis_space = 8
SCF conv_tol = 1e-09
SCF conv_tol_grad = 1e-05
SCF max_cycles = 1000
direct_scf = True
direct_scf_tol = 1e-13
chkfile to save SCF result = scf.fchk
max_memory 900000 MB (current use 79 MB)
init E= -582.490256908817
  HOMO = -0.272158915982069  LUMO = 0.00979030337292302
cycle= 1 E= -579.993714843926  delta_E=  2.5  |g|= 0.967  |ddm|= 5.17
  HOMO = -0.25403866384094  LUMO = 0.0514101882242138
cycle= 2 E= -580.177747224542  delta_E= -0.184  |g|= 0.608  |ddm|= 1.17
  HOMO = -0.394150202718283  LUMO = 0.110201905935209
cycle= 3 E= -580.247184095135  delta_E= -0.0694  |g|= 0.133  |ddm|= 0.525
  HOMO = -0.397438121641186  LUMO = 0.123708532944187
cycle= 4 E= -580.252042087869  delta_E= -0.00486  |g|= 0.0512  |ddm|= 0.14
  HOMO = -0.389901325674028  LUMO = 0.120753062618158
cycle= 5 E= -580.252583351992  delta_E= -0.000541  |g|= 0.00967  |ddm|= 0.051
  HOMO = -0.392957429165882  LUMO = 0.120604056840333
cycle= 6 E= -580.252628633619  delta_E= -4.53e-05  |g|= 0.00369  |ddm|= 0.0167
  HOMO = -0.392832496740441  LUMO = 0.121078186891635
cycle= 7 E= -580.25263797677  delta_E= -9.34e-06  |g|= 0.00154  |ddm|= 0.00899
  HOMO = -0.393154585169395  LUMO = 0.121078199882528
cycle= 8 E= -580.252639594692  delta_E= -1.62e-06  |g|= 0.000444  |ddm|= 0.00402
  HOMO = -0.393176899492488  LUMO = 0.12107516642056
cycle= 9 E= -580.252639726734  delta_E= -1.32e-07  |g|= 9.31e-05  |ddm|= 0.00114
  HOMO = -0.39316794097219  LUMO = 0.121084709659699
cycle= 10 E= -580.252639732089  delta_E= -5.36e-09  |g|= 3.37e-05  |ddm|= 0.000178
  HOMO = -0.393169803849162  LUMO = 0.121076582775608
cycle= 11 E= -580.252639732578  delta_E= -4.9e-10  |g|= 7.65e-06  |ddm|= 5.19e-05
  HOMO = -0.393169184583585  LUMO = 0.1210780230415
Extra cycle  E= -580.25263973261  delta_E= -3.18e-11  |g|= 3.64e-06  |ddm|= 1.2e-05
converged SCF energy = -580.25263973261
AOs:  [0, 1, 2, 3, 4, 5, 6, 7, 8, 9, 10, 11, 12, 13, 14, 15, 16, 17, 18, 19, 20, 21, 22, 23, 24, 25, 26, 27, 28, 29, 30, 31, 32, 33, 34, 35, 36, 37, 38, 39, 40, 41, 42, 43, 44, 45, 46, 47, 48, 49, 50, 51, 52, 53, 54, 55, 56, 57, 58, 59, 60, 61, 62, 63, 64, 65, 66, 67, 68, 69, 70, 71, 72, 73, 74, 75, 76, 77, 78, 79, 80, 81, 82, 83, 84, 85, 86, 87, 88, 89, 90, 91, 92, 93, 94, 95, 96, 97, 98, 99, 100, 101, 102, 103, 104, 105, 106, 107, 108]
109

 AO indices used for projection:  [0, 1, 3, 4, 5, 14, 19, 24, 25, 27, 28, 29, 38, 39, 41, 42, 43, 52, 53, 55, 56, 57, 66, 67, 69, 70, 71, 80, 85, 86, 88, 89, 90, 99, 104]
 # of orbitals to keep:  35
Number of Active MOs:  35
Number of Environment MOs:  18
Number of Virtual MOs:  249
 # electrons:            α            β
         Env:  18.00000000  18.00000000
         Act:  35.00000000  35.00000000
         Vir:  -0.00000000  -0.00000000
Number of electrons in the active space:  70

 The density matrix is idempotent!

 The density matrix is idempotent!


******** <class 'pyscf.scf.hf.RHF'> ********
method = RHF
initial guess = minao
damping factor = 0
level_shift factor = 0
DIIS = <class 'pyscf.scf.diis.CDIIS'>
diis_start_cycle = 1
diis_space = 8
SCF conv_tol = 1e-09
SCF conv_tol_grad = 1e-05
SCF max_cycles = 200
direct_scf = True
direct_scf_tol = 1e-13
chkfile to save SCF result = subsys_scf.chk
max_memory 900000 MB (current use 8560 MB)
init E= 24.7726988409803
  HOMO = -0.393267657847515  LUMO = 0.121077099865117
cycle= 1 E= 24.7726465097031  delta_E= -5.23e-05  |g|= 8.8e-06  |ddm|= 9.39e-06
  HOMO = -0.393267341023838  LUMO = 0.12107781621961
cycle= 2 E= 24.7726465094096  delta_E= -2.94e-10  |g|= 5.59e-06  |ddm|= 7.56e-06
  HOMO = -0.393267395643629  LUMO = 0.12107752559289
Extra cycle  E= 24.7726465104857  delta_E= 1.08e-09  |g|= 2.45e-06  |ddm|= 3.28e-06
converged SCF energy = 24.7726465104857
Difference in energy:  -5.306954892603244e-07
E(MP2) = 23.4718403592441  E_corr = -1.30080615124169
Total energy =  -581.5534458830062
time elapsed:  12.821434497833252
