

******** <class 'pyscf.scf.hf.RHF'> ********
method = RHF
initial guess = minao
damping factor = 0
level_shift factor = 0
DIIS = <class 'pyscf.scf.diis.CDIIS'>
diis_start_cycle = 1
diis_space = 8
SCF conv_tol = 1e-09
SCF conv_tol_grad = 1e-05
SCF max_cycles = 1000
direct_scf = True
direct_scf_tol = 1e-13
chkfile to save SCF result = scf.fchk
max_memory 900000 MB (current use 79 MB)
init E= -582.330909064377
  HOMO = -0.270536488870332  LUMO = 0.0121710644215427
cycle= 1 E= -580.033186202492  delta_E=  2.3  |g|= 0.951  |ddm|= 5.16
  HOMO = -0.29034927158356  LUMO = 0.0650619117539322
cycle= 2 E= -580.211101200697  delta_E= -0.178  |g|= 0.606  |ddm|= 1.15
  HOMO = -0.410997315098849  LUMO = 0.116937925813205
cycle= 3 E= -580.279551922019  delta_E= -0.0685  |g|= 0.136  |ddm|= 0.527
  HOMO = -0.408142428659377  LUMO = 0.130936409456704
cycle= 4 E= -580.284588509055  delta_E= -0.00504  |g|= 0.0503  |ddm|= 0.141
  HOMO = -0.409355980119247  LUMO = 0.128111281623757
cycle= 5 E= -580.285126105322  delta_E= -0.000538  |g|= 0.00986  |ddm|= 0.0518
  HOMO = -0.411870990710967  LUMO = 0.128012375841495
cycle= 6 E= -580.285173887649  delta_E= -4.78e-05  |g|= 0.00382  |ddm|= 0.0173
  HOMO = -0.411853966105539  LUMO = 0.128523451587052
cycle= 7 E= -580.285184404239  delta_E= -1.05e-05  |g|= 0.00159  |ddm|= 0.00978
  HOMO = -0.412202870080187  LUMO = 0.128491322101234
cycle= 8 E= -580.285186138545  delta_E= -1.73e-06  |g|= 0.000442  |ddm|= 0.00425
  HOMO = -0.412220996604494  LUMO = 0.128500681835416
cycle= 9 E= -580.285186272856  delta_E= -1.34e-07  |g|= 8.91e-05  |ddm|= 0.00116
  HOMO = -0.412213287994529  LUMO = 0.128507173274985
cycle= 10 E= -580.285186277763  delta_E= -4.91e-09  |g|= 3.22e-05  |ddm|= 0.000172
  HOMO = -0.412216110223569  LUMO = 0.128499557164719
cycle= 11 E= -580.285186278201  delta_E= -4.38e-10  |g|= 8.08e-06  |ddm|= 4.75e-05
  HOMO = -0.412215178652202  LUMO = 0.128501194529249
Extra cycle  E= -580.285186278237  delta_E= -3.57e-11  |g|= 4.07e-06  |ddm|= 1.31e-05
converged SCF energy = -580.285186278237
AOs:  [0, 1, 2, 3, 4, 5, 6, 7, 8, 9, 10, 11, 12, 13, 14, 15, 16, 17, 18, 19, 20, 21, 22, 23, 24, 25, 26, 27, 28, 29, 30, 31, 32, 33, 34, 35, 36, 37, 38, 39, 40, 41, 42, 43, 44, 45, 46, 47, 48, 49, 50, 51, 52, 53, 54, 55, 56, 57, 58, 59, 60, 61, 62, 63, 64, 65, 66, 67, 68, 69, 70, 71, 72, 73, 74, 75, 76, 77, 78, 79, 80, 81, 82, 83, 84, 85, 86, 87, 88, 89, 90, 91, 92, 93, 94, 95, 96, 97, 98, 99, 100, 101, 102, 103, 104, 105, 106, 107, 108]
109

 AO indices used for projection:  [0, 1, 3, 4, 5, 14, 19, 24, 25, 27, 28, 29, 38, 39, 41, 42, 43, 52, 53, 55, 56, 57, 66, 67, 69, 70, 71, 80, 85, 86, 88, 89, 90, 99, 104]
 # of orbitals to keep:  25
Number of Active MOs:  25
Number of Environment MOs:  28
Number of Virtual MOs:  249
 # electrons:            α            β
         Env:  28.00000000  28.00000000
         Act:  25.00000000  25.00000000
         Vir:  -0.00000000  -0.00000000
Number of electrons in the active space:  50

 The density matrix is idempotent!

 The density matrix is idempotent!


******** <class 'pyscf.scf.hf.RHF'> ********
method = RHF
initial guess = minao
damping factor = 0
level_shift factor = 0
DIIS = <class 'pyscf.scf.diis.CDIIS'>
diis_start_cycle = 1
diis_space = 8
SCF conv_tol = 1e-09
SCF conv_tol_grad = 1e-05
SCF max_cycles = 200
direct_scf = True
direct_scf_tol = 1e-13
chkfile to save SCF result = subsys_scf.chk
max_memory 900000 MB (current use 8560 MB)
init E= 244.808370377521
  HOMO = -0.41434423838529  LUMO = 0.128500206841445
cycle= 1 E= 244.808370269442  delta_E= -1.08e-07  |g|= 2.16e-06  |ddm|= 6.33e-06
  HOMO = -0.414344160016817  LUMO = 0.128500570861705
cycle= 2 E= 244.808370269555  delta_E= 1.12e-10  |g|= 1.38e-06  |ddm|= 3.96e-06
  HOMO = -0.414344179625805  LUMO = 0.128500405612141
Extra cycle  E= 244.808370269611  delta_E= 5.64e-11  |g|= 8.89e-07  |ddm|= 2.54e-06
converged SCF energy = 244.808370269611
Difference in energy:  -1.8905001297753187e-08
E(MP2) = 243.850377646767  E_corr = -0.957992622844611
Total energy =  -581.2431789010512
time elapsed:  46.85690212249756
