

******** <class 'pyscf.scf.hf.RHF'> ********
method = RHF
initial guess = minao
damping factor = 0
level_shift factor = 0
DIIS = <class 'pyscf.scf.diis.CDIIS'>
diis_start_cycle = 1
diis_space = 8
SCF conv_tol = 1e-09
SCF conv_tol_grad = 1e-05
SCF max_cycles = 1000
direct_scf = True
direct_scf_tol = 1e-13
chkfile to save SCF result = scf.fchk
max_memory 900000 MB (current use 79 MB)
init E= -582.248533013685
  HOMO = -0.269626800904485  LUMO = 0.0134591243155707
cycle= 1 E= -580.049489544699  delta_E=  2.2  |g|= 0.948  |ddm|= 5.16
  HOMO = -0.317142272960348  LUMO = 0.0758837943039275
cycle= 2 E= -580.222804586838  delta_E= -0.173  |g|= 0.616  |ddm|= 1.15
  HOMO = -0.412890705218607  LUMO = 0.121887867434334
cycle= 3 E= -580.293390629356  delta_E= -0.0706  |g|= 0.138  |ddm|= 0.543
  HOMO = -0.405731054341773  LUMO = 0.135966676120078
cycle= 4 E= -580.298567670626  delta_E= -0.00518  |g|= 0.0487  |ddm|= 0.141
  HOMO = -0.413090262780355  LUMO = 0.133440275426369
cycle= 5 E= -580.29908476928  delta_E= -0.000517  |g|= 0.0101  |ddm|= 0.0521
  HOMO = -0.414235625242984  LUMO = 0.133370331216138
cycle= 6 E= -580.299134837983  delta_E= -5.01e-05  |g|= 0.00393  |ddm|= 0.0178
  HOMO = -0.414353892822492  LUMO = 0.133906910692298
cycle= 7 E= -580.299146411547  delta_E= -1.16e-05  |g|= 0.00162  |ddm|= 0.0105
  HOMO = -0.414741897812195  LUMO = 0.133850480449003
cycle= 8 E= -580.299148192619  delta_E= -1.78e-06  |g|= 0.000442  |ddm|= 0.00437
  HOMO = -0.414763813828771  LUMO = 0.133868290596032
cycle= 9 E= -580.299148328644  delta_E= -1.36e-07  |g|= 8.71e-05  |ddm|= 0.00117
  HOMO = -0.414753396167394  LUMO = 0.133872520464289
cycle= 10 E= -580.299148333381  delta_E= -4.74e-09  |g|= 3.1e-05  |ddm|= 0.000171
  HOMO = -0.41475903988591  LUMO = 0.133865323588182
cycle= 11 E= -580.29914833379  delta_E= -4.09e-10  |g|= 8.45e-06  |ddm|= 4.56e-05
  HOMO = -0.414757077579611  LUMO = 0.133867120381761
Extra cycle  E= -580.299148333832  delta_E= -4.18e-11  |g|= 4.38e-06  |ddm|= 1.39e-05
converged SCF energy = -580.299148333832
AOs:  [0, 1, 2, 3, 4, 5, 6, 7, 8, 9, 10, 11, 12, 13, 14, 15, 16, 17, 18, 19, 20, 21, 22, 23, 24, 25, 26, 27, 28, 29, 30, 31, 32, 33, 34, 35, 36, 37, 38, 39, 40, 41, 42, 43, 44, 45, 46, 47, 48, 49, 50, 51, 52, 53, 54, 55, 56, 57, 58, 59, 60, 61, 62, 63, 64, 65, 66, 67, 68, 69, 70, 71, 72, 73, 74, 75, 76, 77, 78, 79, 80, 81, 82, 83, 84, 85, 86, 87, 88, 89, 90, 91, 92, 93, 94, 95, 96, 97, 98, 99, 100, 101, 102, 103, 104, 105, 106, 107, 108]
109

 AO indices used for projection:  [0, 1, 3, 4, 5, 14, 19, 24, 25, 27, 28, 29, 38, 39, 41, 42, 43, 52, 53, 55, 56, 57, 66, 67, 69, 70, 71, 80, 85, 86, 88, 89, 90, 99, 104]
 # of orbitals to keep:  25
Number of Active MOs:  25
Number of Environment MOs:  28
Number of Virtual MOs:  249
 # electrons:            α            β
         Env:  28.00000000  28.00000000
         Act:  25.00000000  25.00000000
         Vir:   0.00000000   0.00000000
Number of electrons in the active space:  50

 The density matrix is idempotent!

 The density matrix is idempotent!


******** <class 'pyscf.scf.hf.RHF'> ********
method = RHF
initial guess = minao
damping factor = 0
level_shift factor = 0
DIIS = <class 'pyscf.scf.diis.CDIIS'>
diis_start_cycle = 1
diis_space = 8
SCF conv_tol = 1e-09
SCF conv_tol_grad = 1e-05
SCF max_cycles = 200
direct_scf = True
direct_scf_tol = 1e-13
chkfile to save SCF result = subsys_scf.chk
max_memory 900000 MB (current use 8559 MB)
init E= 243.706169316211
  HOMO = -0.422722173213808  LUMO = 0.133866091506726
cycle= 1 E= 243.706169208281  delta_E= -1.08e-07  |g|= 2.38e-06  |ddm|= 6.91e-06
  HOMO = -0.422721734095849  LUMO = 0.133866480676327
cycle= 2 E= 243.70616920848  delta_E= 1.99e-10  |g|= 1.54e-06  |ddm|= 4.42e-06
  HOMO = -0.422721937842266  LUMO = 0.133866307792437
Extra cycle  E= 243.706169208363  delta_E= -1.17e-10  |g|= 1.01e-06  |ddm|= 2.87e-06
converged SCF energy = 243.706169208363
Difference in energy:  -6.62031743559055e-08
E(MP2) = 242.749351077655  E_corr = -0.956818130708052
Total energy =  -581.2559664644341
time elapsed:  11.548774719238281
