

******** <class 'pyscf.scf.hf.RHF'> ********
method = RHF
initial guess = minao
damping factor = 0
level_shift factor = 0
DIIS = <class 'pyscf.scf.diis.CDIIS'>
diis_start_cycle = 1
diis_space = 8
SCF conv_tol = 1e-09
SCF conv_tol_grad = 1e-05
SCF max_cycles = 1000
direct_scf = True
direct_scf_tol = 1e-13
chkfile to save SCF result = scf.fchk
max_memory 900000 MB (current use 79 MB)
init E= -582.248533013686
  HOMO = -0.269626800904486  LUMO = 0.0134591243155787
cycle= 1 E= -580.049489544699  delta_E=  2.2  |g|= 0.948  |ddm|= 5.16
  HOMO = -0.317142272960349  LUMO = 0.0758837943039427
cycle= 2 E= -580.222804586839  delta_E= -0.173  |g|= 0.616  |ddm|= 1.15
  HOMO = -0.412890705218612  LUMO = 0.121887867434327
cycle= 3 E= -580.293390629357  delta_E= -0.0706  |g|= 0.138  |ddm|= 0.543
  HOMO = -0.405731054341788  LUMO = 0.135966676120058
cycle= 4 E= -580.298567670625  delta_E= -0.00518  |g|= 0.0487  |ddm|= 0.141
  HOMO = -0.41309026278036  LUMO = 0.133440275426361
cycle= 5 E= -580.299084769281  delta_E= -0.000517  |g|= 0.0101  |ddm|= 0.0521
  HOMO = -0.41423562524297  LUMO = 0.133370331216172
cycle= 6 E= -580.299134837984  delta_E= -5.01e-05  |g|= 0.00393  |ddm|= 0.0178
  HOMO = -0.414353892822494  LUMO = 0.133906910692311
cycle= 7 E= -580.299146411546  delta_E= -1.16e-05  |g|= 0.00162  |ddm|= 0.0105
  HOMO = -0.41474189781221  LUMO = 0.133850480448989
cycle= 8 E= -580.299148192618  delta_E= -1.78e-06  |g|= 0.000442  |ddm|= 0.00437
  HOMO = -0.414763813828764  LUMO = 0.133868290596015
cycle= 9 E= -580.299148328645  delta_E= -1.36e-07  |g|= 8.71e-05  |ddm|= 0.00117
  HOMO = -0.414753396167382  LUMO = 0.133872520464325
cycle= 10 E= -580.299148333382  delta_E= -4.74e-09  |g|= 3.1e-05  |ddm|= 0.000171
  HOMO = -0.414759039885916  LUMO = 0.133865323588179
cycle= 11 E= -580.29914833379  delta_E= -4.07e-10  |g|= 8.45e-06  |ddm|= 4.56e-05
  HOMO = -0.414757077579603  LUMO = 0.133867120381766
Extra cycle  E= -580.29914833383  delta_E= -4.05e-11  |g|= 4.38e-06  |ddm|= 1.39e-05
converged SCF energy = -580.29914833383
AOs:  [0, 1, 2, 3, 4, 5, 6, 7, 8, 9, 10, 11, 12, 13, 14, 15, 16, 17, 18, 19, 20, 21, 22, 23, 24, 25, 26, 27, 28, 29, 30, 31, 32, 33, 34, 35, 36, 37, 38, 39, 40, 41, 42, 43, 44, 45, 46, 47, 48, 49, 50, 51, 52, 53, 54, 55, 56, 57, 58, 59, 60, 61, 62, 63, 64, 65, 66, 67, 68, 69, 70, 71, 72, 73, 74, 75, 76, 77, 78, 79, 80, 81, 82, 83, 84, 85, 86, 87, 88, 89, 90, 91, 92, 93, 94, 95, 96, 97, 98, 99, 100, 101, 102, 103, 104, 105, 106, 107, 108]
109

 AO indices used for projection:  [0, 1, 3, 4, 5, 14, 19, 24, 25, 27, 28, 29, 38, 39, 41, 42, 43, 52, 53, 55, 56, 57, 66, 67, 69, 70, 71, 80, 85, 86, 88, 89, 90, 99, 104]
 # of orbitals to keep:  35
Number of Active MOs:  35
Number of Environment MOs:  18
Number of Virtual MOs:  249
 # electrons:            α            β
         Env:  18.00000000  18.00000000
         Act:  35.00000000  35.00000000
         Vir:   0.00000000   0.00000000
Number of electrons in the active space:  70

 The density matrix is idempotent!

 The density matrix is idempotent!


******** <class 'pyscf.scf.hf.RHF'> ********
method = RHF
initial guess = minao
damping factor = 0
level_shift factor = 0
DIIS = <class 'pyscf.scf.diis.CDIIS'>
diis_start_cycle = 1
diis_space = 8
SCF conv_tol = 1e-09
SCF conv_tol_grad = 1e-05
SCF max_cycles = 200
direct_scf = True
direct_scf_tol = 1e-13
chkfile to save SCF result = subsys_scf.chk
max_memory 900000 MB (current use 8560 MB)
init E= 23.3749512189515
  HOMO = -0.417476035655446  LUMO = 0.133866091491698
cycle= 1 E= 23.3749002913635  delta_E= -5.09e-05  |g|= 7.87e-06  |ddm|= 1.02e-05
  HOMO = -0.417475118251041  LUMO = 0.133866840876425
cycle= 2 E= 23.3749002926613  delta_E= 1.3e-09  |g|= 4.84e-06  |ddm|= 7.51e-06
  HOMO = -0.417475355630025  LUMO = 0.133866669245498
cycle= 3 E= 23.3749002922484  delta_E= -4.13e-10  |g|= 1.3e-06  |ddm|= 2.21e-06
  HOMO = -0.417475426292423  LUMO = 0.133866594301448
Extra cycle  E= 23.3749002926455  delta_E= 3.97e-10  |g|= 7.98e-07  |ddm|= 2.27e-06
converged SCF energy = 23.3749002926455
Difference in energy:  -9.259883654522127e-07
E(MP2) = 22.0810636642318  E_corr = -1.2938366284137
Total energy =  -581.592984960768
time elapsed:  46.12377333641052
