

******** <class 'pyscf.scf.hf.RHF'> ********
method = RHF
initial guess = minao
damping factor = 0
level_shift factor = 0
DIIS = <class 'pyscf.scf.diis.CDIIS'>
diis_start_cycle = 1
diis_space = 8
SCF conv_tol = 1e-09
SCF conv_tol_grad = 1e-05
SCF max_cycles = 1000
direct_scf = True
direct_scf_tol = 1e-13
chkfile to save SCF result = scf.fchk
max_memory 900000 MB (current use 79 MB)
init E= -582.175507304619
  HOMO = -0.268845095163018  LUMO = 0.0145692562741189
cycle= 1 E= -580.055253246916  delta_E= 2.12  |g|= 0.955  |ddm|= 5.16
  HOMO = -0.342610278256012  LUMO = 0.0899366036926693
cycle= 2 E= -580.223869413856  delta_E= -0.169  |g|= 0.643  |ddm|= 1.18
  HOMO = -0.407146937607788  LUMO = 0.128496754246789
cycle= 3 E= -580.300409484492  delta_E= -0.0765  |g|= 0.139  |ddm|= 0.58
  HOMO = -0.400118970193408  LUMO = 0.14199444192704
cycle= 4 E= -580.305748838087  delta_E= -0.00534  |g|= 0.046  |ddm|= 0.142
  HOMO = -0.407696692059042  LUMO = 0.140100197434703
cycle= 5 E= -580.306232175603  delta_E= -0.000483  |g|= 0.0105  |ddm|= 0.0524
  HOMO = -0.40869134741734  LUMO = 0.14004700932054
cycle= 6 E= -580.306285528237  delta_E= -5.34e-05  |g|= 0.00409  |ddm|= 0.0186
  HOMO = -0.408890492357128  LUMO = 0.14060095484517
cycle= 7 E= -580.306298662008  delta_E= -1.31e-05  |g|= 0.00164  |ddm|= 0.0118
  HOMO = -0.409322473059515  LUMO = 0.140520405268143
cycle= 8 E= -580.306300465001  delta_E= -1.8e-06  |g|= 0.000445  |ddm|= 0.00449
  HOMO = -0.409340270143615  LUMO = 0.1405461415151
cycle= 9 E= -580.306300602696  delta_E= -1.38e-07  |g|= 8.66e-05  |ddm|= 0.00118
  HOMO = -0.40932951010723  LUMO = 0.140548272613233
cycle= 10 E= -580.306300607428  delta_E= -4.73e-09  |g|= 3.02e-05  |ddm|= 0.000173
  HOMO = -0.409335504080503  LUMO = 0.140541453997945
cycle= 11 E= -580.306300607822  delta_E= -3.94e-10  |g|= 8.99e-06  |ddm|= 4.52e-05
  HOMO = -0.409333130311518  LUMO = 0.140543400467895
Extra cycle  E= -580.306300607868  delta_E= -4.59e-11  |g|= 4.78e-06  |ddm|= 1.5e-05
converged SCF energy = -580.306300607868
AOs:  [0, 1, 2, 3, 4, 5, 6, 7, 8, 9, 10, 11, 12, 13, 14, 15, 16, 17, 18, 19, 20, 21, 22, 23, 24, 25, 26, 27, 28, 29, 30, 31, 32, 33, 34, 35, 36, 37, 38, 39, 40, 41, 42, 43, 44, 45, 46, 47, 48, 49, 50, 51, 52, 53, 54, 55, 56, 57, 58, 59, 60, 61, 62, 63, 64, 65, 66, 67, 68, 69, 70, 71, 72, 73, 74, 75, 76, 77, 78, 79, 80, 81, 82, 83, 84, 85, 86, 87, 88, 89, 90, 91, 92, 93, 94, 95, 96, 97, 98, 99, 100, 101, 102, 103, 104, 105, 106, 107, 108]
109

 AO indices used for projection:  [0, 1, 3, 4, 5, 14, 19, 24, 25, 27, 28, 29, 38, 39, 41, 42, 43, 52, 53, 55, 56, 57, 66, 67, 69, 70, 71, 80, 85, 86, 88, 89, 90, 99, 104]
 # of orbitals to keep:  25
Number of Active MOs:  25
Number of Environment MOs:  28
Number of Virtual MOs:  249
 # electrons:            α            β
         Env:  28.00000000  28.00000000
         Act:  25.00000000  25.00000000
         Vir:   0.00000000   0.00000000
Number of electrons in the active space:  50

 The density matrix is idempotent!

 The density matrix is idempotent!


******** <class 'pyscf.scf.hf.RHF'> ********
method = RHF
initial guess = minao
damping factor = 0
level_shift factor = 0
DIIS = <class 'pyscf.scf.diis.CDIIS'>
diis_start_cycle = 1
diis_space = 8
SCF conv_tol = 1e-09
SCF conv_tol_grad = 1e-05
SCF max_cycles = 200
direct_scf = True
direct_scf_tol = 1e-13
chkfile to save SCF result = subsys_scf.chk
max_memory 900000 MB (current use 8560 MB)
init E= 241.639307811363
  HOMO = -0.417648620564657  LUMO = 0.14054235570981
cycle= 1 E= 241.639307703564  delta_E= -1.08e-07  |g|= 2.65e-06  |ddm|= 7.6e-06
  HOMO = -0.417647997785907  LUMO = 0.140542755766562
cycle= 2 E= 241.639307703801  delta_E= 2.37e-10  |g|= 1.75e-06  |ddm|= 4.96e-06
  HOMO = -0.417648289262071  LUMO = 0.140542583438502
Extra cycle  E= 241.639307703777  delta_E= -2.43e-11  |g|= 1.16e-06  |ddm|= 3.25e-06
converged SCF energy = 241.639307703777
Difference in energy:  1.5673316170250473e-07
E(MP2) = 240.683880537869  E_corr = -0.955427165907996
Total energy =  -581.2617277740255
time elapsed:  42.48619246482849
