

******** <class 'pyscf.scf.hf.RHF'> ********
method = RHF
initial guess = minao
damping factor = 0
level_shift factor = 0
DIIS = <class 'pyscf.scf.diis.CDIIS'>
diis_start_cycle = 1
diis_space = 8
SCF conv_tol = 1e-09
SCF conv_tol_grad = 1e-05
SCF max_cycles = 1000
direct_scf = True
direct_scf_tol = 1e-13
chkfile to save SCF result = scf.fchk
max_memory 900000 MB (current use 79 MB)
init E= -582.160911438586
  HOMO = -0.268706474504572  LUMO = 0.0147751778833175
cycle= 1 E= -580.053615776606  delta_E= 2.11  |g|= 0.96  |ddm|= 5.16
  HOMO = -0.336568141933902  LUMO = 0.0942336321536411
cycle= 2 E= -580.221329486341  delta_E= -0.168  |g|= 0.653  |ddm|=  1.2
  HOMO = -0.404814440168058  LUMO = 0.130747575240165
cycle= 3 E= -580.300269308303  delta_E= -0.0789  |g|= 0.139  |ddm|= 0.595
  HOMO = -0.398143753365236  LUMO = 0.143885800874223
cycle= 4 E= -580.305653956172  delta_E= -0.00538  |g|= 0.0453  |ddm|= 0.142
  HOMO = -0.405563247190348  LUMO = 0.142225178290245
cycle= 5 E= -580.306129322316  delta_E= -0.000475  |g|= 0.0106  |ddm|= 0.0527
  HOMO = -0.406567067834103  LUMO = 0.142170139234772
cycle= 6 E= -580.306183826581  delta_E= -5.45e-05  |g|= 0.00415  |ddm|= 0.0189
  HOMO = -0.406797201202413  LUMO = 0.142723800840933
cycle= 7 E= -580.306197492509  delta_E= -1.37e-05  |g|= 0.00164  |ddm|= 0.0122
  HOMO = -0.40724205203257  LUMO = 0.142638876779719
cycle= 8 E= -580.306199302304  delta_E= -1.81e-06  |g|= 0.000446  |ddm|= 0.00454
  HOMO = -0.40725930598105  LUMO = 0.142666050007275
cycle= 9 E= -580.306199440187  delta_E= -1.38e-07  |g|= 8.7e-05  |ddm|= 0.00118
  HOMO = -0.407248246250406  LUMO = 0.14266777511205
cycle= 10 E= -580.306199444958  delta_E= -4.77e-09  |g|= 3.02e-05  |ddm|= 0.000174
  HOMO = -0.407254358535918  LUMO = 0.142661002694071
cycle= 11 E= -580.306199445355  delta_E= -3.98e-10  |g|= 9.16e-06  |ddm|= 4.56e-05
  HOMO = -0.407251893915404  LUMO = 0.142662968830857
Extra cycle  E= -580.306199445404  delta_E= -4.84e-11  |g|= 4.89e-06  |ddm|= 1.53e-05
converged SCF energy = -580.306199445404
AOs:  [0, 1, 2, 3, 4, 5, 6, 7, 8, 9, 10, 11, 12, 13, 14, 15, 16, 17, 18, 19, 20, 21, 22, 23, 24, 25, 26, 27, 28, 29, 30, 31, 32, 33, 34, 35, 36, 37, 38, 39, 40, 41, 42, 43, 44, 45, 46, 47, 48, 49, 50, 51, 52, 53, 54, 55, 56, 57, 58, 59, 60, 61, 62, 63, 64, 65, 66, 67, 68, 69, 70, 71, 72, 73, 74, 75, 76, 77, 78, 79, 80, 81, 82, 83, 84, 85, 86, 87, 88, 89, 90, 91, 92, 93, 94, 95, 96, 97, 98, 99, 100, 101, 102, 103, 104, 105, 106, 107, 108]
109

 AO indices used for projection:  [0, 1, 3, 4, 5, 14, 19, 24, 25, 27, 28, 29, 38, 39, 41, 42, 43, 52, 53, 55, 56, 57, 66, 67, 69, 70, 71, 80, 85, 86, 88, 89, 90, 99, 104]
 # of orbitals to keep:  25
Number of Active MOs:  25
Number of Environment MOs:  28
Number of Virtual MOs:  249
 # electrons:            α            β
         Env:  28.00000000  28.00000000
         Act:  25.00000000  25.00000000
         Vir:  -0.00000000  -0.00000000
Number of electrons in the active space:  50

 The density matrix is idempotent!

 The density matrix is idempotent!


******** <class 'pyscf.scf.hf.RHF'> ********
method = RHF
initial guess = minao
damping factor = 0
level_shift factor = 0
DIIS = <class 'pyscf.scf.diis.CDIIS'>
diis_start_cycle = 1
diis_space = 8
SCF conv_tol = 1e-09
SCF conv_tol_grad = 1e-05
SCF max_cycles = 200
direct_scf = True
direct_scf_tol = 1e-13
chkfile to save SCF result = subsys_scf.chk
max_memory 900000 MB (current use 8559 MB)
init E= 240.664630230223
  HOMO = -0.415295986713472  LUMO = 0.142661930704914
cycle= 1 E= 240.664630122645  delta_E= -1.08e-07  |g|= 2.73e-06  |ddm|= 7.8e-06
  HOMO = -0.415295348417771  LUMO = 0.142662326688656
cycle= 2 E= 240.664630122502  delta_E= -1.43e-10  |g|= 1.81e-06  |ddm|= 5.11e-06
  HOMO = -0.415295648613933  LUMO = 0.142662156965688
Extra cycle  E= 240.664630122421  delta_E= -8.11e-11  |g|= 1.2e-06  |ddm|= 3.36e-06
converged SCF energy = 240.664630122421
Difference in energy:  7.383651450254547e-08
E(MP2) = 239.709495969443  E_corr = -0.955134152978828
Total energy =  -581.2613335985004
time elapsed:  11.237565040588379
