

******** <class 'pyscf.scf.hf.RHF'> ********
method = RHF
initial guess = minao
damping factor = 0
level_shift factor = 0
DIIS = <class 'pyscf.scf.diis.CDIIS'>
diis_start_cycle = 1
diis_space = 8
SCF conv_tol = 1e-09
SCF conv_tol_grad = 1e-05
SCF max_cycles = 1000
direct_scf = True
direct_scf_tol = 1e-13
chkfile to save SCF result = scf.fchk
max_memory 900000 MB (current use 79 MB)
init E= -582.160911438586
  HOMO = -0.268706474504574  LUMO = 0.0147751778833127
cycle= 1 E= -580.053615776605  delta_E= 2.11  |g|= 0.96  |ddm|= 5.16
  HOMO = -0.336568141933898  LUMO = 0.0942336321536296
cycle= 2 E= -580.221329486341  delta_E= -0.168  |g|= 0.653  |ddm|=  1.2
  HOMO = -0.404814440168062  LUMO = 0.130747575240152
cycle= 3 E= -580.300269308304  delta_E= -0.0789  |g|= 0.139  |ddm|= 0.595
  HOMO = -0.398143753365221  LUMO = 0.143885800874232
cycle= 4 E= -580.305653956172  delta_E= -0.00538  |g|= 0.0453  |ddm|= 0.142
  HOMO = -0.405563247190349  LUMO = 0.142225178290254
cycle= 5 E= -580.306129322316  delta_E= -0.000475  |g|= 0.0106  |ddm|= 0.0527
  HOMO = -0.406567067834105  LUMO = 0.142170139234766
cycle= 6 E= -580.30618382658  delta_E= -5.45e-05  |g|= 0.00415  |ddm|= 0.0189
  HOMO = -0.406797201202426  LUMO = 0.142723800840918
cycle= 7 E= -580.306197492509  delta_E= -1.37e-05  |g|= 0.00164  |ddm|= 0.0122
  HOMO = -0.407242052032573  LUMO = 0.142638876779714
cycle= 8 E= -580.306199302305  delta_E= -1.81e-06  |g|= 0.000446  |ddm|= 0.00454
  HOMO = -0.40725930598107  LUMO = 0.142666050007266
cycle= 9 E= -580.306199440185  delta_E= -1.38e-07  |g|= 8.7e-05  |ddm|= 0.00118
  HOMO = -0.407248246250399  LUMO = 0.142667775112089
cycle= 10 E= -580.306199444958  delta_E= -4.77e-09  |g|= 3.02e-05  |ddm|= 0.000174
  HOMO = -0.407254358535909  LUMO = 0.142661002694098
cycle= 11 E= -580.306199445357  delta_E= -3.99e-10  |g|= 9.16e-06  |ddm|= 4.56e-05
  HOMO = -0.407251893915415  LUMO = 0.142662968830851
Extra cycle  E= -580.306199445405  delta_E= -4.73e-11  |g|= 4.89e-06  |ddm|= 1.53e-05
converged SCF energy = -580.306199445405
AOs:  [0, 1, 2, 3, 4, 5, 6, 7, 8, 9, 10, 11, 12, 13, 14, 15, 16, 17, 18, 19, 20, 21, 22, 23, 24, 25, 26, 27, 28, 29, 30, 31, 32, 33, 34, 35, 36, 37, 38, 39, 40, 41, 42, 43, 44, 45, 46, 47, 48, 49, 50, 51, 52, 53, 54, 55, 56, 57, 58, 59, 60, 61, 62, 63, 64, 65, 66, 67, 68, 69, 70, 71, 72, 73, 74, 75, 76, 77, 78, 79, 80, 81, 82, 83, 84, 85, 86, 87, 88, 89, 90, 91, 92, 93, 94, 95, 96, 97, 98, 99, 100, 101, 102, 103, 104, 105, 106, 107, 108]
109

 AO indices used for projection:  [0, 1, 3, 4, 5, 14, 19, 24, 25, 27, 28, 29, 38, 39, 41, 42, 43, 52, 53, 55, 56, 57, 66, 67, 69, 70, 71, 80, 85, 86, 88, 89, 90, 99, 104]
 # of orbitals to keep:  35
Number of Active MOs:  35
Number of Environment MOs:  18
Number of Virtual MOs:  249
 # electrons:            α            β
         Env:  18.00000000  18.00000000
         Act:  35.00000000  35.00000000
         Vir:   0.00000000   0.00000000
Number of electrons in the active space:  70

 The density matrix is idempotent!

 The density matrix is idempotent!


******** <class 'pyscf.scf.hf.RHF'> ********
method = RHF
initial guess = minao
damping factor = 0
level_shift factor = 0
DIIS = <class 'pyscf.scf.diis.CDIIS'>
diis_start_cycle = 1
diis_space = 8
SCF conv_tol = 1e-09
SCF conv_tol_grad = 1e-05
SCF max_cycles = 200
direct_scf = True
direct_scf_tol = 1e-13
chkfile to save SCF result = subsys_scf.chk
max_memory 900000 MB (current use 8560 MB)
init E= 29.6608038992399
  HOMO = -0.409987242882267  LUMO = 0.142661930656875
cycle= 1 E= 29.660742686554  delta_E= -6.12e-05  |g|= 8.17e-06  |ddm|= 1.16e-05
  HOMO = -0.409986116846293  LUMO = 0.142662729738805
cycle= 2 E= 29.6607426867704  delta_E= 2.16e-10  |g|= 4.91e-06  |ddm|= 8.34e-06
  HOMO = -0.40998659809642  LUMO = 0.142662442767772
Extra cycle  E= 29.6607426867655  delta_E= -4.89e-12  |g|= 2.25e-06  |ddm|= 4.08e-06
converged SCF energy = 29.6607426867655
Difference in energy:  1.5923004866635893e-07
E(MP2) = 28.3632537705197  E_corr = -1.29748891624576
Total energy =  -581.6036883619041
time elapsed:  47.799131870269775
