

******** <class 'pyscf.scf.hf.RHF'> ********
method = RHF
initial guess = minao
damping factor = 0
level_shift factor = 0
DIIS = <class 'pyscf.scf.diis.CDIIS'>
diis_start_cycle = 1
diis_space = 8
SCF conv_tol = 1e-09
SCF conv_tol_grad = 1e-05
SCF max_cycles = 1000
direct_scf = True
direct_scf_tol = 1e-13
chkfile to save SCF result = scf.fchk
max_memory 900000 MB (current use 79 MB)
init E= -582.152796084336
  HOMO = -0.268643530059692  LUMO = 0.0148760783598212
cycle= 1 E= -580.051354489276  delta_E=  2.1  |g|= 0.964  |ddm|= 5.16
  HOMO = -0.331351280639738  LUMO = 0.0973914941140846
cycle= 2 E= -580.21867949474  delta_E= -0.167  |g|= 0.661  |ddm|= 1.22
  HOMO = -0.402891258538108  LUMO = 0.132541250555637
cycle= 3 E= -580.299518379746  delta_E= -0.0808  |g|= 0.139  |ddm|= 0.606
  HOMO = -0.396546509309332  LUMO = 0.145359165852838
cycle= 4 E= -580.304934129528  delta_E= -0.00542  |g|= 0.0449  |ddm|= 0.142
  HOMO = -0.403837449510099  LUMO = 0.143878041202555
cycle= 5 E= -580.305405527987  delta_E= -0.000471  |g|= 0.0107  |ddm|= 0.053
  HOMO = -0.404854839483654  LUMO = 0.143818344756204
cycle= 6 E= -580.305460995427  delta_E= -5.55e-05  |g|= 0.0042  |ddm|= 0.0192
  HOMO = -0.405111454662714  LUMO = 0.144369306412548
cycle= 7 E= -580.305475085607  delta_E= -1.41e-05  |g|= 0.00165  |ddm|= 0.0126
  HOMO = -0.405565598473629  LUMO = 0.144282514235878
cycle= 8 E= -580.305476903265  delta_E= -1.82e-06  |g|= 0.000447  |ddm|= 0.00458
  HOMO = -0.405582812802915  LUMO = 0.144310302469474
cycle= 9 E= -580.305477041044  delta_E= -1.38e-07  |g|= 8.74e-05  |ddm|= 0.00118
  HOMO = -0.405571408509034  LUMO = 0.144311811700686
cycle= 10 E= -580.305477045856  delta_E= -4.81e-09  |g|= 3.03e-05  |ddm|= 0.000175
  HOMO = -0.405577647050124  LUMO = 0.144305044959949
cycle= 11 E= -580.305477046256  delta_E= -4e-10  |g|= 9.27e-06  |ddm|= 4.59e-05
  HOMO = -0.405575120651835  LUMO = 0.144307013266588
Extra cycle  E= -580.305477046306  delta_E= -4.98e-11  |g|= 4.97e-06  |ddm|= 1.55e-05
converged SCF energy = -580.305477046306
AOs:  [0, 1, 2, 3, 4, 5, 6, 7, 8, 9, 10, 11, 12, 13, 14, 15, 16, 17, 18, 19, 20, 21, 22, 23, 24, 25, 26, 27, 28, 29, 30, 31, 32, 33, 34, 35, 36, 37, 38, 39, 40, 41, 42, 43, 44, 45, 46, 47, 48, 49, 50, 51, 52, 53, 54, 55, 56, 57, 58, 59, 60, 61, 62, 63, 64, 65, 66, 67, 68, 69, 70, 71, 72, 73, 74, 75, 76, 77, 78, 79, 80, 81, 82, 83, 84, 85, 86, 87, 88, 89, 90, 91, 92, 93, 94, 95, 96, 97, 98, 99, 100, 101, 102, 103, 104, 105, 106, 107, 108]
109

 AO indices used for projection:  [0, 1, 3, 4, 5, 14, 19, 24, 25, 27, 28, 29, 38, 39, 41, 42, 43, 52, 53, 55, 56, 57, 66, 67, 69, 70, 71, 80, 85, 86, 88, 89, 90, 99, 104]
 # of orbitals to keep:  35
Number of Active MOs:  35
Number of Environment MOs:  18
Number of Virtual MOs:  249
 # electrons:            α            β
         Env:  18.00000000  18.00000000
         Act:  35.00000000  35.00000000
         Vir:   0.00000000   0.00000000
Number of electrons in the active space:  70

 The density matrix is idempotent!

 The density matrix is idempotent!


******** <class 'pyscf.scf.hf.RHF'> ********
method = RHF
initial guess = minao
damping factor = 0
level_shift factor = 0
DIIS = <class 'pyscf.scf.diis.CDIIS'>
diis_start_cycle = 1
diis_space = 8
SCF conv_tol = 1e-09
SCF conv_tol_grad = 1e-05
SCF max_cycles = 200
direct_scf = True
direct_scf_tol = 1e-13
chkfile to save SCF result = subsys_scf.chk
max_memory 900000 MB (current use 8559 MB)
init E= 30.4191204504747
  HOMO = -0.408189283000145  LUMO = 0.144305984131772
cycle= 1 E= 30.4190610970809  delta_E= -5.94e-05  |g|= 8.35e-06  |ddm|= 1.16e-05
  HOMO = -0.408188129543064  LUMO = 0.144306796480134
cycle= 2 E= 30.4190610977079  delta_E= 6.27e-10  |g|= 4.96e-06  |ddm|= 8.45e-06
  HOMO = -0.408188611691462  LUMO = 0.144306512782386
Extra cycle  E= 30.419061097683  delta_E= -2.49e-11  |g|= 2.27e-06  |ddm|= 4.14e-06
converged SCF energy = 30.419061097683
Difference in energy:  -1.1432175313075277e-06
E(MP2) = 29.1195516313005  E_corr = -1.29950946638247
Total energy =  -581.6049865108664
time elapsed:  26.46178674697876
