

******** <class 'pyscf.scf.hf.RHF'> ********
method = RHF
initial guess = minao
damping factor = 0
level_shift factor = 0
DIIS = <class 'pyscf.scf.diis.CDIIS'>
diis_start_cycle = 1
diis_space = 8
SCF conv_tol = 1e-09
SCF conv_tol_grad = 1e-05
SCF max_cycles = 1000
direct_scf = True
direct_scf_tol = 1e-13
chkfile to save SCF result = scf.fchk
max_memory 900000 MB (current use 79 MB)
init E= -582.148227897021
  HOMO = -0.268614363139051  LUMO = 0.014929681339534
cycle= 1 E= -580.049062631812  delta_E=  2.1  |g|= 0.967  |ddm|= 5.16
  HOMO = -0.327267320724622  LUMO = 0.099765700984182
cycle= 2 E= -580.216283062182  delta_E= -0.167  |g|= 0.667  |ddm|= 1.23
  HOMO = -0.401295210164277  LUMO = 0.133994546614189
cycle= 3 E= -580.298619247702  delta_E= -0.0823  |g|= 0.14  |ddm|= 0.615
  HOMO = -0.395227656401647  LUMO = 0.146540255939389
cycle= 4 E= -580.304056528744  delta_E= -0.00544  |g|= 0.0447  |ddm|= 0.142
  HOMO = -0.402420657899888  LUMO = 0.145197068956218
cycle= 5 E= -580.304526347021  delta_E= -0.00047  |g|= 0.0107  |ddm|= 0.0532
  HOMO = -0.403452503392055  LUMO = 0.145131554023507
cycle= 6 E= -580.304582641826  delta_E= -5.63e-05  |g|= 0.00424  |ddm|= 0.0195
  HOMO = -0.403731794894561  LUMO = 0.145678670145633
cycle= 7 E= -580.304597080477  delta_E= -1.44e-05  |g|= 0.00165  |ddm|= 0.0128
  HOMO = -0.404192838268193  LUMO = 0.145591396780892
cycle= 8 E= -580.304598906827  delta_E= -1.83e-06  |g|= 0.000448  |ddm|= 0.00461
  HOMO = -0.404210231958961  LUMO = 0.14561938094634
cycle= 9 E= -580.304599044339  delta_E= -1.38e-07  |g|= 8.79e-05  |ddm|= 0.00118
  HOMO = -0.404198481182938  LUMO = 0.145620777894612
cycle= 10 E= -580.304599049185  delta_E= -4.85e-09  |g|= 3.05e-05  |ddm|= 0.000176
  HOMO = -0.404204841274088  LUMO = 0.145613999543379
cycle= 11 E= -580.304599049587  delta_E= -4.02e-10  |g|= 9.35e-06  |ddm|= 4.62e-05
  HOMO = -0.404202270664596  LUMO = 0.145615961783911
Extra cycle  E= -580.304599049642  delta_E= -5.46e-11  |g|= 5.02e-06  |ddm|= 1.57e-05
converged SCF energy = -580.304599049642
AOs:  [0, 1, 2, 3, 4, 5, 6, 7, 8, 9, 10, 11, 12, 13, 14, 15, 16, 17, 18, 19, 20, 21, 22, 23, 24, 25, 26, 27, 28, 29, 30, 31, 32, 33, 34, 35, 36, 37, 38, 39, 40, 41, 42, 43, 44, 45, 46, 47, 48, 49, 50, 51, 52, 53, 54, 55, 56, 57, 58, 59, 60, 61, 62, 63, 64, 65, 66, 67, 68, 69, 70, 71, 72, 73, 74, 75, 76, 77, 78, 79, 80, 81, 82, 83, 84, 85, 86, 87, 88, 89, 90, 91, 92, 93, 94, 95, 96, 97, 98, 99, 100, 101, 102, 103, 104, 105, 106, 107, 108]
109

 AO indices used for projection:  [0, 1, 3, 4, 5, 14, 19, 24, 25, 27, 28, 29, 38, 39, 41, 42, 43, 52, 53, 55, 56, 57, 66, 67, 69, 70, 71, 80, 85, 86, 88, 89, 90, 99, 104]
 # of orbitals to keep:  35
Number of Active MOs:  35
Number of Environment MOs:  18
Number of Virtual MOs:  249
 # electrons:            α            β
         Env:  18.00000000  18.00000000
         Act:  35.00000000  35.00000000
         Vir:   0.00000000   0.00000000
Number of electrons in the active space:  70

 The density matrix is idempotent!

 The density matrix is idempotent!


******** <class 'pyscf.scf.hf.RHF'> ********
method = RHF
initial guess = minao
damping factor = 0
level_shift factor = 0
DIIS = <class 'pyscf.scf.diis.CDIIS'>
diis_start_cycle = 1
diis_space = 8
SCF conv_tol = 1e-09
SCF conv_tol_grad = 1e-05
SCF max_cycles = 200
direct_scf = True
direct_scf_tol = 1e-13
chkfile to save SCF result = subsys_scf.chk
max_memory 900000 MB (current use 8559 MB)
init E= 31.3326964399563
  HOMO = -0.406714926803342  LUMO = 0.145614941970046
cycle= 1 E= 31.3326390029916  delta_E= -5.74e-05  |g|= 8.53e-06  |ddm|= 1.16e-05
  HOMO = -0.406713759165  LUMO = 0.145615757911692
cycle= 2 E= 31.3326390031301  delta_E= 1.38e-10  |g|= 5.03e-06  |ddm|= 8.55e-06
  HOMO = -0.406714239776681  LUMO = 0.145615477548368
Extra cycle  E= 31.332639003804  delta_E= 6.74e-10  |g|= 2.29e-06  |ddm|= 4.19e-06
converged SCF energy = 31.332639003804
Difference in energy:  -9.418257627658022e-07
E(MP2) = 30.0316010660834  E_corr = -1.3010379377207
Total energy =  -581.6056369858618
time elapsed:  58.12605690956116
