

******** <class 'pyscf.scf.hf.RHF'> ********
method = RHF
initial guess = minao
damping factor = 0
level_shift factor = 0
DIIS = <class 'pyscf.scf.diis.CDIIS'>
diis_start_cycle = 1
diis_space = 8
SCF conv_tol = 1e-09
SCF conv_tol_grad = 1e-05
SCF max_cycles = 1000
direct_scf = True
direct_scf_tol = 1e-13
chkfile to save SCF result = scf.fchk
max_memory 900000 MB (current use 79 MB)
init E= -582.145551290852
  HOMO = -0.268599048269092  LUMO = 0.0149634667889038
cycle= 1 E= -580.046982475086  delta_E=  2.1  |g|= 0.97  |ddm|= 5.16
  HOMO = -0.324045531099159  LUMO = 0.10159710654447
cycle= 2 E= -580.214240399848  delta_E= -0.167  |g|= 0.672  |ddm|= 1.24
  HOMO = -0.399960801340689  LUMO = 0.135189255948878
cycle= 3 E= -580.29775552197  delta_E= -0.0835  |g|= 0.139  |ddm|= 0.622
  HOMO = -0.3941271717492  LUMO = 0.147504807164249
cycle= 4 E= -580.303207668669  delta_E= -0.00545  |g|= 0.0445  |ddm|= 0.142
  HOMO = -0.401245343165808  LUMO = 0.146268973668091
cycle= 5 E= -580.303677151323  delta_E= -0.000469  |g|= 0.0108  |ddm|= 0.0534
  HOMO = -0.402290945686324  LUMO = 0.14619752189293
cycle= 6 E= -580.303734152409  delta_E= -5.7e-05  |g|= 0.00428  |ddm|= 0.0197
  HOMO = -0.402589580095288  LUMO = 0.146740384994971
cycle= 7 E= -580.303748879226  delta_E= -1.47e-05  |g|= 0.00165  |ddm|= 0.013
  HOMO = -0.403055847655041  LUMO = 0.146653361699973
cycle= 8 E= -580.303750714298  delta_E= -1.84e-06  |g|= 0.000449  |ddm|= 0.00464
  HOMO = -0.403073489172459  LUMO = 0.146681352373217
cycle= 9 E= -580.303750851492  delta_E= -1.37e-07  |g|= 8.83e-05  |ddm|= 0.00117
  HOMO = -0.40306141799727  LUMO = 0.146682690534469
cycle= 10 E= -580.303750856368  delta_E= -4.88e-09  |g|= 3.06e-05  |ddm|= 0.000177
  HOMO = -0.403067887139737  LUMO = 0.146675896304461
cycle= 11 E= -580.303750856775  delta_E= -4.07e-10  |g|= 9.41e-06  |ddm|= 4.65e-05
  HOMO = -0.403065283727212  LUMO = 0.146677849132624
Extra cycle  E= -580.303750856827  delta_E= -5.28e-11  |g|= 5.07e-06  |ddm|= 1.59e-05
converged SCF energy = -580.303750856827
AOs:  [0, 1, 2, 3, 4, 5, 6, 7, 8, 9, 10, 11, 12, 13, 14, 15, 16, 17, 18, 19, 20, 21, 22, 23, 24, 25, 26, 27, 28, 29, 30, 31, 32, 33, 34, 35, 36, 37, 38, 39, 40, 41, 42, 43, 44, 45, 46, 47, 48, 49, 50, 51, 52, 53, 54, 55, 56, 57, 58, 59, 60, 61, 62, 63, 64, 65, 66, 67, 68, 69, 70, 71, 72, 73, 74, 75, 76, 77, 78, 79, 80, 81, 82, 83, 84, 85, 86, 87, 88, 89, 90, 91, 92, 93, 94, 95, 96, 97, 98, 99, 100, 101, 102, 103, 104, 105, 106, 107, 108]
109

 AO indices used for projection:  [0, 1, 3, 4, 5, 14, 19, 24, 25, 27, 28, 29, 38, 39, 41, 42, 43, 52, 53, 55, 56, 57, 66, 67, 69, 70, 71, 80, 85, 86, 88, 89, 90, 99, 104]
 # of orbitals to keep:  25
Number of Active MOs:  25
Number of Environment MOs:  28
Number of Virtual MOs:  249
 # electrons:            α            β
         Env:  28.00000000  28.00000000
         Act:  25.00000000  25.00000000
         Vir:  -0.00000000  -0.00000000
Number of electrons in the active space:  50

 The density matrix is idempotent!

 The density matrix is idempotent!


******** <class 'pyscf.scf.hf.RHF'> ********
method = RHF
initial guess = minao
damping factor = 0
level_shift factor = 0
DIIS = <class 'pyscf.scf.diis.CDIIS'>
diis_start_cycle = 1
diis_space = 8
SCF conv_tol = 1e-09
SCF conv_tol_grad = 1e-05
SCF max_cycles = 200
direct_scf = True
direct_scf_tol = 1e-13
chkfile to save SCF result = subsys_scf.chk
max_memory 900000 MB (current use 8560 MB)
init E= 237.946806018524
  HOMO = -0.410576387339165  LUMO = 0.146676838553295
cycle= 1 E= 237.946805911188  delta_E= -1.07e-07  |g|= 2.86e-06  |ddm|= 8.17e-06
  HOMO = -0.410575738937906  LUMO = 0.146677215821186
cycle= 2 E= 237.946805911462  delta_E= 2.75e-10  |g|= 1.91e-06  |ddm|= 5.38e-06
  HOMO = -0.41057604631528  LUMO = 0.146677052817906
Extra cycle  E= 237.946805911143  delta_E= -3.2e-10  |g|= 1.28e-06  |ddm|= 3.55e-06
converged SCF energy = 237.946805911143
Difference in energy:  2.3756095970384193e-08
E(MP2) = 236.99208277544  E_corr = -0.95472313570331
Total energy =  -581.2584739925686
time elapsed:  44.180450677871704
