

******** <class 'pyscf.scf.hf.RHF'> ********
method = RHF
initial guess = minao
damping factor = 0
level_shift factor = 0
DIIS = <class 'pyscf.scf.diis.CDIIS'>
diis_start_cycle = 1
diis_space = 8
SCF conv_tol = 1e-09
SCF conv_tol_grad = 1e-05
SCF max_cycles = 1000
direct_scf = True
direct_scf_tol = 1e-13
chkfile to save SCF result = scf.fchk
max_memory 900000 MB (current use 79 MB)
init E= -582.145551290852
  HOMO = -0.26859904826909  LUMO = 0.0149634667889171
cycle= 1 E= -580.046982475086  delta_E=  2.1  |g|= 0.97  |ddm|= 5.16
  HOMO = -0.32404553109917  LUMO = 0.101597106544513
cycle= 2 E= -580.214240399848  delta_E= -0.167  |g|= 0.672  |ddm|= 1.24
  HOMO = -0.399960801340688  LUMO = 0.13518925594889
cycle= 3 E= -580.297755521968  delta_E= -0.0835  |g|= 0.139  |ddm|= 0.622
  HOMO = -0.394127171749193  LUMO = 0.147504807164243
cycle= 4 E= -580.303207668669  delta_E= -0.00545  |g|= 0.0445  |ddm|= 0.142
  HOMO = -0.4012453431658  LUMO = 0.146268973668107
cycle= 5 E= -580.303677151323  delta_E= -0.000469  |g|= 0.0108  |ddm|= 0.0534
  HOMO = -0.402290945686328  LUMO = 0.146197521892926
cycle= 6 E= -580.303734152409  delta_E= -5.7e-05  |g|= 0.00428  |ddm|= 0.0197
  HOMO = -0.402589580095296  LUMO = 0.146740384994948
cycle= 7 E= -580.303748879227  delta_E= -1.47e-05  |g|= 0.00165  |ddm|= 0.013
  HOMO = -0.403055847655029  LUMO = 0.146653361700003
cycle= 8 E= -580.303750714297  delta_E= -1.84e-06  |g|= 0.000449  |ddm|= 0.00464
  HOMO = -0.403073489172472  LUMO = 0.146681352373229
cycle= 9 E= -580.303750851492  delta_E= -1.37e-07  |g|= 8.83e-05  |ddm|= 0.00117
  HOMO = -0.403061417997259  LUMO = 0.146682690534447
cycle= 10 E= -580.303750856369  delta_E= -4.88e-09  |g|= 3.06e-05  |ddm|= 0.000177
  HOMO = -0.403067887139733  LUMO = 0.146675896304451
cycle= 11 E= -580.303750856776  delta_E= -4.07e-10  |g|= 9.41e-06  |ddm|= 4.65e-05
  HOMO = -0.403065283727213  LUMO = 0.146677849132609
Extra cycle  E= -580.303750856828  delta_E= -5.25e-11  |g|= 5.07e-06  |ddm|= 1.59e-05
converged SCF energy = -580.303750856828
AOs:  [0, 1, 2, 3, 4, 5, 6, 7, 8, 9, 10, 11, 12, 13, 14, 15, 16, 17, 18, 19, 20, 21, 22, 23, 24, 25, 26, 27, 28, 29, 30, 31, 32, 33, 34, 35, 36, 37, 38, 39, 40, 41, 42, 43, 44, 45, 46, 47, 48, 49, 50, 51, 52, 53, 54, 55, 56, 57, 58, 59, 60, 61, 62, 63, 64, 65, 66, 67, 68, 69, 70, 71, 72, 73, 74, 75, 76, 77, 78, 79, 80, 81, 82, 83, 84, 85, 86, 87, 88, 89, 90, 91, 92, 93, 94, 95, 96, 97, 98, 99, 100, 101, 102, 103, 104, 105, 106, 107, 108]
109

 AO indices used for projection:  [0, 1, 3, 4, 5, 14, 19, 24, 25, 27, 28, 29, 38, 39, 41, 42, 43, 52, 53, 55, 56, 57, 66, 67, 69, 70, 71, 80, 85, 86, 88, 89, 90, 99, 104]
 # of orbitals to keep:  35
Number of Active MOs:  35
Number of Environment MOs:  18
Number of Virtual MOs:  249
 # electrons:            α            β
         Env:  18.00000000  18.00000000
         Act:  35.00000000  35.00000000
         Vir:   0.00000000   0.00000000
Number of electrons in the active space:  70

 The density matrix is idempotent!

 The density matrix is idempotent!


******** <class 'pyscf.scf.hf.RHF'> ********
method = RHF
initial guess = minao
damping factor = 0
level_shift factor = 0
DIIS = <class 'pyscf.scf.diis.CDIIS'>
diis_start_cycle = 1
diis_space = 8
SCF conv_tol = 1e-09
SCF conv_tol_grad = 1e-05
SCF max_cycles = 200
direct_scf = True
direct_scf_tol = 1e-13
chkfile to save SCF result = subsys_scf.chk
max_memory 900000 MB (current use 8560 MB)
init E= 32.3462764554627
  HOMO = -0.405503213013942  LUMO = 0.146676838009538
cycle= 1 E= 32.34622089034  delta_E= -5.56e-05  |g|= 8.59e-06  |ddm|= 1.16e-05
  HOMO = -0.405502047933441  LUMO = 0.146677644571229
cycle= 2 E= 32.3462208896474  delta_E= -6.93e-10  |g|= 5.05e-06  |ddm|= 8.61e-06
  HOMO = -0.405502526303081  LUMO = 0.146677366934325
Extra cycle  E= 32.3462208900951  delta_E= 4.48e-10  |g|= 2.3e-06  |ddm|= 4.23e-06
converged SCF energy = 32.3462208900951
Difference in energy:  6.807940656017308e-07
E(MP2) = 31.0437398696507  E_corr = -1.30248102044441
Total energy =  -581.6062318783574
time elapsed:  45.31596279144287
