

******** <class 'pyscf.scf.hf.RHF'> ********
method = RHF
initial guess = minao
damping factor = 0
level_shift factor = 0
DIIS = <class 'pyscf.scf.diis.CDIIS'>
diis_start_cycle = 1
diis_space = 8
SCF conv_tol = 1e-09
SCF conv_tol_grad = 1e-05
SCF max_cycles = 1000
direct_scf = True
direct_scf_tol = 1e-13
chkfile to save SCF result = scf.fchk
max_memory 900000 MB (current use 79 MB)
init E= -582.143885830728
  HOMO = -0.268590328682977  LUMO = 0.0149873676813282
cycle= 1 E= -580.045186875009  delta_E=  2.1  |g|= 0.972  |ddm|= 5.16
  HOMO = -0.321457932724125  LUMO = 0.103050712125543
cycle= 2 E= -580.212546407158  delta_E= -0.167  |g|= 0.676  |ddm|= 1.25
  HOMO = -0.398834834314426  LUMO = 0.1361856308567
cycle= 3 E= -580.296995086437  delta_E= -0.0844  |g|= 0.139  |ddm|= 0.628
  HOMO = -0.393201612763157  LUMO = 0.148304396218639
cycle= 4 E= -580.302457420488  delta_E= -0.00546  |g|= 0.0445  |ddm|= 0.142
  HOMO = -0.400260263294161  LUMO = 0.147154339628922
cycle= 5 E= -580.302927138437  delta_E= -0.00047  |g|= 0.0109  |ddm|= 0.0535
  HOMO = -0.401318246951272  LUMO = 0.147077391219949
cycle= 6 E= -580.302984738892  delta_E= -5.76e-05  |g|= 0.00431  |ddm|= 0.0199
  HOMO = -0.401633324124245  LUMO = 0.147616049610579
cycle= 7 E= -580.302999705212  delta_E= -1.5e-05  |g|= 0.00166  |ddm|= 0.0132
  HOMO = -0.402103605876632  LUMO = 0.147529642636877
cycle= 8 E= -580.303001548447  delta_E= -1.84e-06  |g|= 0.000449  |ddm|= 0.00467
  HOMO = -0.402121502215596  LUMO = 0.147557558445329
cycle= 9 E= -580.303001685323  delta_E= -1.37e-07  |g|= 8.86e-05  |ddm|= 0.00117
  HOMO = -0.40210914772536  LUMO = 0.14755886532066
cycle= 10 E= -580.303001690225  delta_E= -4.9e-09  |g|= 3.08e-05  |ddm|= 0.000178
  HOMO = -0.40211571133085  LUMO = 0.147552056587332
cycle= 11 E= -580.303001690634  delta_E= -4.09e-10  |g|= 9.46e-06  |ddm|= 4.67e-05
  HOMO = -0.402113083010279  LUMO = 0.14755399896249
Extra cycle  E= -580.303001690687  delta_E= -5.28e-11  |g|= 5.1e-06  |ddm|= 1.6e-05
converged SCF energy = -580.303001690687
AOs:  [0, 1, 2, 3, 4, 5, 6, 7, 8, 9, 10, 11, 12, 13, 14, 15, 16, 17, 18, 19, 20, 21, 22, 23, 24, 25, 26, 27, 28, 29, 30, 31, 32, 33, 34, 35, 36, 37, 38, 39, 40, 41, 42, 43, 44, 45, 46, 47, 48, 49, 50, 51, 52, 53, 54, 55, 56, 57, 58, 59, 60, 61, 62, 63, 64, 65, 66, 67, 68, 69, 70, 71, 72, 73, 74, 75, 76, 77, 78, 79, 80, 81, 82, 83, 84, 85, 86, 87, 88, 89, 90, 91, 92, 93, 94, 95, 96, 97, 98, 99, 100, 101, 102, 103, 104, 105, 106, 107, 108]
109

 AO indices used for projection:  [0, 1, 3, 4, 5, 14, 19, 24, 25, 27, 28, 29, 38, 39, 41, 42, 43, 52, 53, 55, 56, 57, 66, 67, 69, 70, 71, 80, 85, 86, 88, 89, 90, 99, 104]
 # of orbitals to keep:  35
Number of Active MOs:  35
Number of Environment MOs:  18
Number of Virtual MOs:  249
 # electrons:            α            β
         Env:  18.00000000  18.00000000
         Act:  35.00000000  35.00000000
         Vir:   0.00000000   0.00000000
Number of electrons in the active space:  70

 The density matrix is idempotent!

 The density matrix is idempotent!


******** <class 'pyscf.scf.hf.RHF'> ********
method = RHF
initial guess = minao
damping factor = 0
level_shift factor = 0
DIIS = <class 'pyscf.scf.diis.CDIIS'>
diis_start_cycle = 1
diis_space = 8
SCF conv_tol = 1e-09
SCF conv_tol_grad = 1e-05
SCF max_cycles = 200
direct_scf = True
direct_scf_tol = 1e-13
chkfile to save SCF result = subsys_scf.chk
max_memory 900000 MB (current use 8560 MB)
init E= 33.3116997276425
  HOMO = -0.404500230992497  LUMO = 0.147552995872377
cycle= 1 E= 33.3116460270799  delta_E= -5.37e-05  |g|= 8.5e-06  |ddm|= 1.15e-05
  HOMO = -0.404499080878569  LUMO = 0.147553783589922
cycle= 2 E= 33.3116460286698  delta_E= 1.59e-09  |g|= 5.02e-06  |ddm|= 8.58e-06
  HOMO = -0.404499381780519  LUMO = 0.147553609300078
cycle= 3 E= 33.3116460262492  delta_E= -2.42e-09  |g|= 1.53e-06  |ddm|= 2.69e-06
  HOMO = -0.404499457762236  LUMO = 0.147553516412684
cycle= 4 E= 33.3116460286916  delta_E= 2.44e-09  |g|= 8.77e-07  |ddm|= 3.53e-06
  HOMO = -0.4044994848743  LUMO = 0.147553519181418
cycle= 5 E= 33.3116460274338  delta_E= -1.26e-09  |g|= 4.45e-07  |ddm|= 3.45e-06
  HOMO = -0.404499454975404  LUMO = 0.14755351452372
cycle= 6 E= 33.311646027487  delta_E= 5.32e-11  |g|= 1.63e-07  |ddm|= 1.58e-06
  HOMO = -0.404499465705481  LUMO = 0.147553521676709
Extra cycle  E= 33.3116460280299  delta_E= 5.43e-10  |g|= 1.25e-07  |ddm|= 2.61e-07
converged SCF energy = 33.3116460280299
Difference in energy:  -2.0667090097958862e-07
E(MP2) = 32.0076493525077  E_corr = -1.30399667552228
Total energy =  -581.6069983658799
time elapsed:  48.20746088027954
