

******** <class 'pyscf.scf.hf.RHF'> ********
method = RHF
initial guess = minao
damping factor = 0
level_shift factor = 0
DIIS = <class 'pyscf.scf.diis.CDIIS'>
diis_start_cycle = 1
diis_space = 8
SCF conv_tol = 1e-09
SCF conv_tol_grad = 1e-05
SCF max_cycles = 1000
direct_scf = True
direct_scf_tol = 1e-13
chkfile to save SCF result = scf.fchk
max_memory 900000 MB (current use 79 MB)
init E= -582.142773559818
  HOMO = -0.268584904310521  LUMO = 0.0150056656949144
cycle= 1 E= -580.04366771202  delta_E=  2.1  |g|= 0.974  |ddm|= 5.16
  HOMO = -0.319339611497501  LUMO = 0.10423594773308
cycle= 2 E= -580.211149334195  delta_E= -0.167  |g|= 0.679  |ddm|= 1.26
  HOMO = -0.397878748674159  LUMO = 0.137024958508968
cycle= 3 E= -580.29634862599  delta_E= -0.0852  |g|= 0.139  |ddm|= 0.632
  HOMO = -0.392418427606085  LUMO = 0.148974843102365
cycle= 4 E= -580.301818066816  delta_E= -0.00547  |g|= 0.0445  |ddm|= 0.143
  HOMO = -0.399427732282715  LUMO = 0.147895124759627
cycle= 5 E= -580.302288260079  delta_E= -0.00047  |g|= 0.0109  |ddm|= 0.0537
  HOMO = -0.40049642411573  LUMO = 0.147813427567443
cycle= 6 E= -580.302346369147  delta_E= -5.81e-05  |g|= 0.00433  |ddm|= 0.02
  HOMO = -0.400825367251356  LUMO = 0.14834823168148
cycle= 7 E= -580.302361536087  delta_E= -1.52e-05  |g|= 0.00166  |ddm|= 0.0134
  HOMO = -0.401298797630656  LUMO = 0.148262584008265
cycle= 8 E= -580.302363386772  delta_E= -1.85e-06  |g|= 0.00045  |ddm|= 0.00469
  HOMO = -0.401316930617467  LUMO = 0.148290397679653
cycle= 9 E= -580.302363523365  delta_E= -1.37e-07  |g|= 8.89e-05  |ddm|= 0.00117
  HOMO = -0.401304332716082  LUMO = 0.148291686712842
cycle= 10 E= -580.302363528287  delta_E= -4.92e-09  |g|= 3.09e-05  |ddm|= 0.000179
  HOMO = -0.401310975715829  LUMO = 0.148284867450878
cycle= 11 E= -580.302363528703  delta_E= -4.17e-10  |g|= 9.5e-06  |ddm|= 4.69e-05
  HOMO = -0.40130832791934  LUMO = 0.148286799652889
Extra cycle  E= -580.302363528754  delta_E= -5.07e-11  |g|= 5.12e-06  |ddm|= 1.61e-05
converged SCF energy = -580.302363528754
AOs:  [0, 1, 2, 3, 4, 5, 6, 7, 8, 9, 10, 11, 12, 13, 14, 15, 16, 17, 18, 19, 20, 21, 22, 23, 24, 25, 26, 27, 28, 29, 30, 31, 32, 33, 34, 35, 36, 37, 38, 39, 40, 41, 42, 43, 44, 45, 46, 47, 48, 49, 50, 51, 52, 53, 54, 55, 56, 57, 58, 59, 60, 61, 62, 63, 64, 65, 66, 67, 68, 69, 70, 71, 72, 73, 74, 75, 76, 77, 78, 79, 80, 81, 82, 83, 84, 85, 86, 87, 88, 89, 90, 91, 92, 93, 94, 95, 96, 97, 98, 99, 100, 101, 102, 103, 104, 105, 106, 107, 108]
109

 AO indices used for projection:  [0, 1, 3, 4, 5, 14, 19, 24, 25, 27, 28, 29, 38, 39, 41, 42, 43, 52, 53, 55, 56, 57, 66, 67, 69, 70, 71, 80, 85, 86, 88, 89, 90, 99, 104]
 # of orbitals to keep:  35
Number of Active MOs:  35
Number of Environment MOs:  18
Number of Virtual MOs:  249
 # electrons:            α            β
         Env:  18.00000000  18.00000000
         Act:  35.00000000  35.00000000
         Vir:  -0.00000000  -0.00000000
Number of electrons in the active space:  70

 The density matrix is idempotent!

 The density matrix is idempotent!


******** <class 'pyscf.scf.hf.RHF'> ********
method = RHF
initial guess = minao
damping factor = 0
level_shift factor = 0
DIIS = <class 'pyscf.scf.diis.CDIIS'>
diis_start_cycle = 1
diis_space = 8
SCF conv_tol = 1e-09
SCF conv_tol_grad = 1e-05
SCF max_cycles = 200
direct_scf = True
direct_scf_tol = 1e-13
chkfile to save SCF result = subsys_scf.chk
max_memory 900000 MB (current use 8559 MB)
init E= 34.1337139170305
  HOMO = -0.403660268135006  LUMO = 0.148285803825354
cycle= 1 E= 34.1336620406043  delta_E= -5.19e-05  |g|= 8.3e-06  |ddm|= 1.15e-05
  HOMO = -0.40365913927951  LUMO = 0.148286568366612
cycle= 2 E= 34.1336620396519  delta_E= -9.52e-10  |g|= 4.95e-06  |ddm|= 8.52e-06
  HOMO = -0.403659613979223  LUMO = 0.14828629358318
Extra cycle  E= 34.133662038656  delta_E= -9.96e-10  |g|= 2.29e-06  |ddm|= 4.27e-06
converged SCF energy = 34.133662038656
Difference in energy:  2.4576501687079146e-07
E(MP2) = 32.8280919052401  E_corr = -1.30557013341592
Total energy =  -581.6079336625617
time elapsed:  44.131025314331055
