

******** <class 'pyscf.scf.hf.RHF'> ********
method = RHF
initial guess = minao
damping factor = 0
level_shift factor = 0
DIIS = <class 'pyscf.scf.diis.CDIIS'>
diis_start_cycle = 1
diis_space = 8
SCF conv_tol = 1e-09
SCF conv_tol_grad = 1e-05
SCF max_cycles = 1000
direct_scf = True
direct_scf_tol = 1e-13
chkfile to save SCF result = scf.fchk
max_memory 900000 MB (current use 79 MB)
init E= -582.14197991573
  HOMO = -0.26858090214334  LUMO = 0.0150206013914212
cycle= 1 E= -580.042396900385  delta_E=  2.1  |g|= 0.976  |ddm|= 5.16
  HOMO = -0.317586700987863  LUMO = 0.105219281444481
cycle= 2 E= -580.209995674991  delta_E= -0.168  |g|= 0.681  |ddm|= 1.27
  HOMO = -0.397069332799151  LUMO = 0.137732046284598
cycle= 3 E= -580.295807032502  delta_E= -0.0858  |g|= 0.139  |ddm|= 0.635
  HOMO = -0.391755459691811  LUMO = 0.149539433436415
cycle= 4 E= -580.301281791849  delta_E= -0.00547  |g|= 0.0444  |ddm|= 0.143
  HOMO = -0.398723666040793  LUMO = 0.148517773521596
cycle= 5 E= -580.301752563913  delta_E= -0.000471  |g|= 0.0109  |ddm|= 0.0538
  HOMO = -0.399801231377516  LUMO = 0.14843225011407
cycle= 6 E= -580.301811102956  delta_E= -5.85e-05  |g|= 0.00435  |ddm|= 0.0201
  HOMO = -0.400141647829382  LUMO = 0.148963748921652
cycle= 7 E= -580.301826438243  delta_E= -1.53e-05  |g|= 0.00166  |ddm|= 0.0135
  HOMO = -0.400617640553534  LUMO = 0.148878838815236
cycle= 8 E= -580.301828295758  delta_E= -1.86e-06  |g|= 0.000451  |ddm|= 0.00471
  HOMO = -0.400635973467442  LUMO = 0.148906561757317
cycle= 9 E= -580.301828432137  delta_E= -1.36e-07  |g|= 8.92e-05  |ddm|= 0.00117
  HOMO = -0.400623174154111  LUMO = 0.148907837232935
cycle= 10 E= -580.301828437077  delta_E= -4.94e-09  |g|= 3.1e-05  |ddm|= 0.000179
  HOMO = -0.400629880547311  LUMO = 0.148901013088315
cycle= 11 E= -580.301828437491  delta_E= -4.14e-10  |g|= 9.53e-06  |ddm|= 4.7e-05
  HOMO = -0.400627216827275  LUMO = 0.148902936365938
Extra cycle  E= -580.301828437547  delta_E= -5.57e-11  |g|= 5.14e-06  |ddm|= 1.62e-05
converged SCF energy = -580.301828437547
AOs:  [0, 1, 2, 3, 4, 5, 6, 7, 8, 9, 10, 11, 12, 13, 14, 15, 16, 17, 18, 19, 20, 21, 22, 23, 24, 25, 26, 27, 28, 29, 30, 31, 32, 33, 34, 35, 36, 37, 38, 39, 40, 41, 42, 43, 44, 45, 46, 47, 48, 49, 50, 51, 52, 53, 54, 55, 56, 57, 58, 59, 60, 61, 62, 63, 64, 65, 66, 67, 68, 69, 70, 71, 72, 73, 74, 75, 76, 77, 78, 79, 80, 81, 82, 83, 84, 85, 86, 87, 88, 89, 90, 91, 92, 93, 94, 95, 96, 97, 98, 99, 100, 101, 102, 103, 104, 105, 106, 107, 108]
109

 AO indices used for projection:  [0, 1, 3, 4, 5, 14, 19, 24, 25, 27, 28, 29, 38, 39, 41, 42, 43, 52, 53, 55, 56, 57, 66, 67, 69, 70, 71, 80, 85, 86, 88, 89, 90, 99, 104]
 # of orbitals to keep:  25
Number of Active MOs:  25
Number of Environment MOs:  28
Number of Virtual MOs:  249
 # electrons:            α            β
         Env:  28.00000000  28.00000000
         Act:  25.00000000  25.00000000
         Vir:  -0.00000000  -0.00000000
Number of electrons in the active space:  50

 The density matrix is idempotent!

 The density matrix is idempotent!


******** <class 'pyscf.scf.hf.RHF'> ********
method = RHF
initial guess = minao
damping factor = 0
level_shift factor = 0
DIIS = <class 'pyscf.scf.diis.CDIIS'>
diis_start_cycle = 1
diis_space = 8
SCF conv_tol = 1e-09
SCF conv_tol_grad = 1e-05
SCF max_cycles = 200
direct_scf = True
direct_scf_tol = 1e-13
chkfile to save SCF result = subsys_scf.chk
max_memory 900000 MB (current use 8559 MB)
init E= 235.509842974067
  HOMO = -0.407859564472631  LUMO = 0.148901946905294
cycle= 1 E= 235.509842866886  delta_E= -1.07e-07  |g|= 2.92e-06  |ddm|= 8.33e-06
  HOMO = -0.407858918934935  LUMO = 0.14890231018379
cycle= 2 E= 235.509842866901  delta_E= 1.52e-11  |g|= 1.95e-06  |ddm|= 5.5e-06
  HOMO = -0.407859224382896  LUMO = 0.148902151863045
Extra cycle  E= 235.509842867058  delta_E= 1.57e-10  |g|= 1.3e-06  |ddm|= 3.64e-06
converged SCF energy = 235.509842867058
Difference in energy:  1.4909982155586475e-07
E(MP2) = 234.555283953303  E_corr = -0.954558913754973
Total energy =  -581.2563873515397
time elapsed:  43.08301258087158
