

******** <class 'pyscf.scf.hf.RHF'> ********
method = RHF
initial guess = minao
damping factor = 0
level_shift factor = 0
DIIS = <class 'pyscf.scf.diis.CDIIS'>
diis_start_cycle = 1
diis_space = 8
SCF conv_tol = 1e-09
SCF conv_tol_grad = 1e-05
SCF max_cycles = 1000
direct_scf = True
direct_scf_tol = 1e-13
chkfile to save SCF result = scf.fchk
max_memory 900000 MB (current use 79 MB)
init E= -582.14197991573
  HOMO = -0.268580902143339  LUMO = 0.015020601391433
cycle= 1 E= -580.042396900384  delta_E=  2.1  |g|= 0.976  |ddm|= 5.16
  HOMO = -0.317586700987874  LUMO = 0.105219281444481
cycle= 2 E= -580.209995674992  delta_E= -0.168  |g|= 0.681  |ddm|= 1.27
  HOMO = -0.397069332799152  LUMO = 0.137732046284606
cycle= 3 E= -580.295807032501  delta_E= -0.0858  |g|= 0.139  |ddm|= 0.635
  HOMO = -0.391755459691801  LUMO = 0.149539433436407
cycle= 4 E= -580.30128179185  delta_E= -0.00547  |g|= 0.0444  |ddm|= 0.143
  HOMO = -0.3987236660408  LUMO = 0.148517773521594
cycle= 5 E= -580.301752563915  delta_E= -0.000471  |g|= 0.0109  |ddm|= 0.0538
  HOMO = -0.399801231377525  LUMO = 0.148432250114078
cycle= 6 E= -580.301811102956  delta_E= -5.85e-05  |g|= 0.00435  |ddm|= 0.0201
  HOMO = -0.400141647829379  LUMO = 0.148963748921617
cycle= 7 E= -580.301826438243  delta_E= -1.53e-05  |g|= 0.00166  |ddm|= 0.0135
  HOMO = -0.400617640553523  LUMO = 0.14887883881529
cycle= 8 E= -580.301828295757  delta_E= -1.86e-06  |g|= 0.000451  |ddm|= 0.00471
  HOMO = -0.400635973467454  LUMO = 0.14890656175729
cycle= 9 E= -580.301828432137  delta_E= -1.36e-07  |g|= 8.92e-05  |ddm|= 0.00117
  HOMO = -0.400623174154118  LUMO = 0.148907837232934
cycle= 10 E= -580.301828437078  delta_E= -4.94e-09  |g|= 3.1e-05  |ddm|= 0.000179
  HOMO = -0.40062988054732  LUMO = 0.148901013088323
cycle= 11 E= -580.301828437493  delta_E= -4.16e-10  |g|= 9.53e-06  |ddm|= 4.7e-05
  HOMO = -0.400627216827276  LUMO = 0.148902936365934
Extra cycle  E= -580.301828437548  delta_E= -5.46e-11  |g|= 5.14e-06  |ddm|= 1.62e-05
converged SCF energy = -580.301828437548
AOs:  [0, 1, 2, 3, 4, 5, 6, 7, 8, 9, 10, 11, 12, 13, 14, 15, 16, 17, 18, 19, 20, 21, 22, 23, 24, 25, 26, 27, 28, 29, 30, 31, 32, 33, 34, 35, 36, 37, 38, 39, 40, 41, 42, 43, 44, 45, 46, 47, 48, 49, 50, 51, 52, 53, 54, 55, 56, 57, 58, 59, 60, 61, 62, 63, 64, 65, 66, 67, 68, 69, 70, 71, 72, 73, 74, 75, 76, 77, 78, 79, 80, 81, 82, 83, 84, 85, 86, 87, 88, 89, 90, 91, 92, 93, 94, 95, 96, 97, 98, 99, 100, 101, 102, 103, 104, 105, 106, 107, 108]
109

 AO indices used for projection:  [0, 1, 3, 4, 5, 14, 19, 24, 25, 27, 28, 29, 38, 39, 41, 42, 43, 52, 53, 55, 56, 57, 66, 67, 69, 70, 71, 80, 85, 86, 88, 89, 90, 99, 104]
 # of orbitals to keep:  35
Number of Active MOs:  35
Number of Environment MOs:  18
Number of Virtual MOs:  249
 # electrons:            α            β
         Env:  18.00000000  18.00000000
         Act:  35.00000000  35.00000000
         Vir:  -0.00000000  -0.00000000
Number of electrons in the active space:  70

 The density matrix is idempotent!

 The density matrix is idempotent!


******** <class 'pyscf.scf.hf.RHF'> ********
method = RHF
initial guess = minao
damping factor = 0
level_shift factor = 0
DIIS = <class 'pyscf.scf.diis.CDIIS'>
diis_start_cycle = 1
diis_space = 8
SCF conv_tol = 1e-09
SCF conv_tol_grad = 1e-05
SCF max_cycles = 200
direct_scf = True
direct_scf_tol = 1e-13
chkfile to save SCF result = subsys_scf.chk
max_memory 900000 MB (current use 8560 MB)
init E= 34.7833468329127
  HOMO = -0.402950385745017  LUMO = 0.148901946939981
cycle= 1 E= 34.7832966674484  delta_E= -5.02e-05  |g|= 8.08e-06  |ddm|= 1.14e-05
  HOMO = -0.40294927950142  LUMO = 0.148902688028994
cycle= 2 E= 34.7832966681689  delta_E= 7.2e-10  |g|= 4.87e-06  |ddm|= 8.43e-06
  HOMO = -0.402949753004645  LUMO = 0.148902414007293
Extra cycle  E= 34.7832966677802  delta_E= -3.89e-10  |g|= 2.27e-06  |ddm|= 4.28e-06
converged SCF energy = 34.7832966677802
Difference in energy:  7.745343361875712e-07
E(MP2) = 33.4761669665453  E_corr = -1.30712970123493
Total energy =  -581.6089581400172
time elapsed:  14.015662908554077
