

******** <class 'pyscf.scf.hf.RHF'> ********
method = RHF
initial guess = minao
damping factor = 0
level_shift factor = 0
DIIS = <class 'pyscf.scf.diis.CDIIS'>
diis_start_cycle = 1
diis_space = 8
SCF conv_tol = 1e-09
SCF conv_tol_grad = 1e-05
SCF max_cycles = 1000
direct_scf = True
direct_scf_tol = 1e-13
chkfile to save SCF result = scf.fchk
max_memory 900000 MB (current use 79 MB)
init E= -582.141395400382
  HOMO = -0.268577366607749  LUMO = 0.0150331769243259
cycle= 1 E= -580.041348556754  delta_E=  2.1  |g|= 0.977  |ddm|= 5.16
  HOMO = -0.316134655235289  LUMO = 0.106040642115354
cycle= 2 E= -580.209046626103  delta_E= -0.168  |g|= 0.683  |ddm|= 1.27
  HOMO = -0.396391022010253  LUMO = 0.138323329127102
cycle= 3 E= -580.295359745142  delta_E= -0.0863  |g|= 0.139  |ddm|= 0.638
  HOMO = -0.391196431485614  LUMO = 0.150014372925088
cycle= 4 E= -580.300838952365  delta_E= -0.00548  |g|= 0.0444  |ddm|= 0.143
  HOMO = -0.398131568821833  LUMO = 0.149039982185194
cycle= 5 E= -580.3013103556  delta_E= -0.000471  |g|= 0.011  |ddm|= 0.0539
  HOMO = -0.399216186943952  LUMO = 0.14895157758997
cycle= 6 E= -580.301369254953  delta_E= -5.89e-05  |g|= 0.00437  |ddm|= 0.0202
  HOMO = -0.399565858193693  LUMO = 0.149480407594017
cycle= 7 E= -580.301384730743  delta_E= -1.55e-05  |g|= 0.00166  |ddm|= 0.0136
  HOMO = -0.400044043110266  LUMO = 0.14939609962846
cycle= 8 E= -580.30138659462  delta_E= -1.86e-06  |g|= 0.000451  |ddm|= 0.00472
  HOMO = -0.400062522436944  LUMO = 0.149423772272937
cycle= 9 E= -580.301386730869  delta_E= -1.36e-07  |g|= 8.94e-05  |ddm|= 0.00116
  HOMO = -0.400049564584109  LUMO = 0.149425032746041
cycle= 10 E= -580.301386735827  delta_E= -4.96e-09  |g|= 3.11e-05  |ddm|= 0.00018
  HOMO = -0.400056318037734  LUMO = 0.14941820998045
cycle= 11 E= -580.301386736245  delta_E= -4.18e-10  |g|= 9.55e-06  |ddm|= 4.72e-05
  HOMO = -0.400053640674829  LUMO = 0.149420126143612
Extra cycle  E= -580.301386736297  delta_E= -5.28e-11  |g|= 5.15e-06  |ddm|= 1.63e-05
converged SCF energy = -580.301386736297
AOs:  [0, 1, 2, 3, 4, 5, 6, 7, 8, 9, 10, 11, 12, 13, 14, 15, 16, 17, 18, 19, 20, 21, 22, 23, 24, 25, 26, 27, 28, 29, 30, 31, 32, 33, 34, 35, 36, 37, 38, 39, 40, 41, 42, 43, 44, 45, 46, 47, 48, 49, 50, 51, 52, 53, 54, 55, 56, 57, 58, 59, 60, 61, 62, 63, 64, 65, 66, 67, 68, 69, 70, 71, 72, 73, 74, 75, 76, 77, 78, 79, 80, 81, 82, 83, 84, 85, 86, 87, 88, 89, 90, 91, 92, 93, 94, 95, 96, 97, 98, 99, 100, 101, 102, 103, 104, 105, 106, 107, 108]
109

 AO indices used for projection:  [0, 1, 3, 4, 5, 14, 19, 24, 25, 27, 28, 29, 38, 39, 41, 42, 43, 52, 53, 55, 56, 57, 66, 67, 69, 70, 71, 80, 85, 86, 88, 89, 90, 99, 104]
 # of orbitals to keep:  35
Number of Active MOs:  35
Number of Environment MOs:  18
Number of Virtual MOs:  249
 # electrons:            α            β
         Env:  18.00000000  18.00000000
         Act:  35.00000000  35.00000000
         Vir:  -0.00000000  -0.00000000
Number of electrons in the active space:  70

 The density matrix is idempotent!

 The density matrix is idempotent!


******** <class 'pyscf.scf.hf.RHF'> ********
method = RHF
initial guess = minao
damping factor = 0
level_shift factor = 0
DIIS = <class 'pyscf.scf.diis.CDIIS'>
diis_start_cycle = 1
diis_space = 8
SCF conv_tol = 1e-09
SCF conv_tol_grad = 1e-05
SCF max_cycles = 200
direct_scf = True
direct_scf_tol = 1e-13
chkfile to save SCF result = subsys_scf.chk
max_memory 900000 MB (current use 8559 MB)
init E= 35.2702680550234
  HOMO = -0.402348195302042  LUMO = 0.149419142211729
cycle= 1 E= 35.2702194480904  delta_E= -4.86e-05  |g|= 7.86e-06  |ddm|= 1.14e-05
  HOMO = -0.402347110390317  LUMO = 0.149419861698648
cycle= 2 E= 35.2702194477116  delta_E= -3.79e-10  |g|= 4.78e-06  |ddm|= 8.34e-06
  HOMO = -0.402347583311971  LUMO = 0.149419588011412
Extra cycle  E= 35.270219447985  delta_E= 2.73e-10  |g|= 2.25e-06  |ddm|= 4.28e-06
converged SCF energy = 35.270219447985
Difference in energy:  -1.6408114333898992e-08
E(MP2) = 33.961609115277  E_corr = -1.30861033270799
Total energy =  -581.6099970689792
time elapsed:  44.570202589035034
