

******** <class 'pyscf.scf.hf.RHF'> ********
method = RHF
initial guess = minao
damping factor = 0
level_shift factor = 0
DIIS = <class 'pyscf.scf.diis.CDIIS'>
diis_start_cycle = 1
diis_space = 8
SCF conv_tol = 1e-09
SCF conv_tol_grad = 1e-05
SCF max_cycles = 1000
direct_scf = True
direct_scf_tol = 1e-13
chkfile to save SCF result = scf.fchk
max_memory 900000 MB (current use 79 MB)
init E= -582.140682932981
  HOMO = -0.268568988534738  LUMO = 0.01505414569032
cycle= 1 E= -580.039810273951  delta_E=  2.1  |g|= 0.979  |ddm|= 5.17
  HOMO = -0.313940856779873  LUMO = 0.107307426886743
cycle= 2 E= -580.207644456658  delta_E= -0.168  |g|= 0.686  |ddm|= 1.28
  HOMO = -0.39536029671636  LUMO = 0.13922307135464
cycle= 3 E= -580.294704019118  delta_E= -0.0871  |g|= 0.139  |ddm|= 0.642
  HOMO = -0.390329154143385  LUMO = 0.150751126596294
cycle= 4 E= -580.300191253914  delta_E= -0.00549  |g|= 0.0444  |ddm|= 0.143
  HOMO = -0.397220494537098  LUMO = 0.149844183720014
cycle= 5 E= -580.300663972019  delta_E= -0.000473  |g|= 0.011  |ddm|= 0.054
  HOMO = -0.398314759724389  LUMO = 0.14975226756207
cycle= 6 E= -580.300723418947  delta_E= -5.94e-05  |g|= 0.0044  |ddm|= 0.0204
  HOMO = -0.398677448674959  LUMO = 0.150277495401319
cycle= 7 E= -580.300739107613  delta_E= -1.57e-05  |g|= 0.00167  |ddm|= 0.0137
  HOMO = -0.399159388167275  LUMO = 0.150193850901271
cycle= 8 E= -580.3007409831  delta_E= -1.88e-06  |g|= 0.000452  |ddm|= 0.00475
  HOMO = -0.399177977859899  LUMO = 0.150221581872272
cycle= 9 E= -580.300741119323  delta_E= -1.36e-07  |g|= 8.98e-05  |ddm|= 0.00116
  HOMO = -0.399164817442345  LUMO = 0.150222800635311
cycle= 10 E= -580.300741124308  delta_E= -4.98e-09  |g|= 3.12e-05  |ddm|= 0.000181
  HOMO = -0.399171623379406  LUMO = 0.150215995655338
cycle= 11 E= -580.300741124727  delta_E= -4.19e-10  |g|= 9.59e-06  |ddm|= 4.74e-05
  HOMO = -0.399168923206772  LUMO = 0.150217902903087
Extra cycle  E= -580.300741124782  delta_E= -5.5e-11  |g|= 5.17e-06  |ddm|= 1.64e-05
converged SCF energy = -580.300741124782
AOs:  [0, 1, 2, 3, 4, 5, 6, 7, 8, 9, 10, 11, 12, 13, 14, 15, 16, 17, 18, 19, 20, 21, 22, 23, 24, 25, 26, 27, 28, 29, 30, 31, 32, 33, 34, 35, 36, 37, 38, 39, 40, 41, 42, 43, 44, 45, 46, 47, 48, 49, 50, 51, 52, 53, 54, 55, 56, 57, 58, 59, 60, 61, 62, 63, 64, 65, 66, 67, 68, 69, 70, 71, 72, 73, 74, 75, 76, 77, 78, 79, 80, 81, 82, 83, 84, 85, 86, 87, 88, 89, 90, 91, 92, 93, 94, 95, 96, 97, 98, 99, 100, 101, 102, 103, 104, 105, 106, 107, 108]
109

 AO indices used for projection:  [0, 1, 3, 4, 5, 14, 19, 24, 25, 27, 28, 29, 38, 39, 41, 42, 43, 52, 53, 55, 56, 57, 66, 67, 69, 70, 71, 80, 85, 86, 88, 89, 90, 99, 104]
 # of orbitals to keep:  35
Number of Active MOs:  35
Number of Environment MOs:  18
Number of Virtual MOs:  249
 # electrons:            α            β
         Env:  18.00000000  18.00000000
         Act:  35.00000000  35.00000000
         Vir:   0.00000000   0.00000000
Number of electrons in the active space:  70

 The density matrix is idempotent!

 The density matrix is idempotent!


******** <class 'pyscf.scf.hf.RHF'> ********
method = RHF
initial guess = minao
damping factor = 0
level_shift factor = 0
DIIS = <class 'pyscf.scf.diis.CDIIS'>
diis_start_cycle = 1
diis_space = 8
SCF conv_tol = 1e-09
SCF conv_tol_grad = 1e-05
SCF max_cycles = 200
direct_scf = True
direct_scf_tol = 1e-13
chkfile to save SCF result = subsys_scf.chk
max_memory 900000 MB (current use 8559 MB)
init E= 35.8385292322494
  HOMO = -0.401399736996153  LUMO = 0.150216926164731
cycle= 1 E= 35.8384832645254  delta_E= -4.6e-05  |g|= 7.48e-06  |ddm|= 1.12e-05
  HOMO = -0.401398688381934  LUMO = 0.150217609067609
cycle= 2 E= 35.8384832634655  delta_E= -1.06e-09  |g|= 4.61e-06  |ddm|= 8.19e-06
  HOMO = -0.401398983582622  LUMO = 0.150217438697459
cycle= 3 E= 35.8384832640074  delta_E= 5.42e-10  |g|= 1.53e-06  |ddm|= 2.68e-06
  HOMO = -0.401399053651029  LUMO = 0.150217363972935
Extra cycle  E= 35.8384832638314  delta_E= -1.76e-10  |g|= 1e-06  |ddm|= 2.9e-06
converged SCF energy = 35.8384832638314
Difference in energy:  5.60586793199036e-07
E(MP2) = 34.5272970952868  E_corr = -1.31118616854466
Total energy =  -581.61192729422
time elapsed:  44.0687210559845
