

******** <class 'pyscf.dft.rks.RKS'> ********
method = RKS-RHF
initial guess = minao
damping factor = 0
level_shift factor = 0
DIIS = <class 'pyscf.scf.diis.CDIIS'>
diis_start_cycle = 1
diis_space = 8
SCF conv_tol = 1e-09
SCF conv_tol_grad = 1e-06
SCF max_cycles = 1000
direct_scf = True
direct_scf_tol = 1e-13
chkfile to save SCF result = scf.fchk
max_memory 900000 MB (current use 79 MB)
XC library pyscf.dft.libxc version 5.1.7
    S. Lehtola, C. Steigemann, M. J. Oliveira, and M. A. Marques, SoftwareX 7, 1 (2018)
XC functionals = pbe
    J. P. Perdew, K. Burke, and M. Ernzerhof, Phys. Rev. Lett. 77, 3865 (1996)
    J. P. Perdew, K. Burke, and M. Ernzerhof, Phys. Rev. Lett. 78, 1396 (1997)
    J. P. Perdew, K. Burke, and M. Ernzerhof, Phys. Rev. Lett. 77, 3865 (1996)
    J. P. Perdew, K. Burke, and M. Ernzerhof, Phys. Rev. Lett. 78, 1396 (1997)
small_rho_cutoff = 1e-07
init E= -2592.68589161385
  HOMO = -0.135589903772638  LUMO = -0.0868627408995588
cycle= 1 E= -2573.86094609638  delta_E= 18.8  |g|= 5.66  |ddm|= 10.4
  HOMO = -0.237014473524264  LUMO = -0.228181875449589
cycle= 2 E= -2429.54073387062  delta_E=  144  |g|= 19.3  |ddm|=   96
  HOMO = -0.172155222180446  LUMO = -0.161702262178304
cycle= 3 E= -2561.20084737965  delta_E= -132  |g|= 9.67  |ddm|=   72
  HOMO = -0.179835387701004  LUMO = -0.15338517097852
cycle= 4 E= -2577.99076904097  delta_E= -16.8  |g|=  6.4  |ddm|= 28.3
  HOMO = -0.163466306075651  LUMO = -0.153553182576678
cycle= 5 E= -2581.56771167959  delta_E= -3.58  |g|= 5.42  |ddm|= 2.88
  HOMO = -0.173674305392754  LUMO = -0.159425717124985
cycle= 6 E= -2581.35725703462  delta_E= 0.21  |g|= 5.48  |ddm|= 1.05
  HOMO = -0.177939224083356  LUMO = -0.162383560590998
cycle= 7 E= -2581.22391346773  delta_E= 0.133  |g|= 5.53  |ddm|= 0.907
  HOMO = -0.174088591800959  LUMO = -0.161288788483829
cycle= 8 E= -2581.28456956138  delta_E= -0.0607  |g|= 5.52  |ddm|= 0.222
  HOMO = -0.18834374812115  LUMO = -0.164949624851973
cycle= 9 E= -2580.50104132868  delta_E= 0.784  |g|= 5.77  |ddm|= 0.599

WARN: HOMO 0.0213241047792595 == LUMO 0.0215309182919938

cycle= 10 E= -2543.21832630982  delta_E= 37.3  |g|= 13.6  |ddm|= 19.4
  HOMO = -0.0802366990616312  LUMO = -0.00445935374286698
cycle= 11 E= -2571.2623848263  delta_E=  -28  |g|= 6.19  |ddm|= 17.4
  HOMO = -0.203792668975536  LUMO = -0.173448379778573
cycle= 12 E= -2579.84965373925  delta_E= -8.59  |g|= 5.96  |ddm|= 9.81
  HOMO = -0.212032344509113  LUMO = -0.1775322329646
cycle= 13 E= -2580.27538164312  delta_E= -0.426  |g|= 5.83  |ddm|= 0.95
  HOMO = -0.177608754719864  LUMO = -0.158334685725274
cycle= 14 E= -2580.40134751587  delta_E= -0.126  |g|= 5.82  |ddm|= 1.39
  HOMO = -0.185695013459993  LUMO = -0.156326193026603
cycle= 15 E= -2579.6161831628  delta_E= 0.785  |g|= 6.04  |ddm|= 0.976
  HOMO = -0.169639849229597  LUMO = -0.153724437579664
cycle= 16 E= -2579.85245869844  delta_E= -0.236  |g|= 5.97  |ddm|= 0.924
  HOMO = -0.19580868835989  LUMO = -0.153711179752864
cycle= 17 E= -2580.01988212118  delta_E= -0.167  |g|= 5.93  |ddm|= 1.27
  HOMO = -0.188489915693736  LUMO = -0.161724222453193
cycle= 18 E= -2581.67310883353  delta_E= -1.65  |g|= 5.38  |ddm|= 1.52
  HOMO = -0.204329248322485  LUMO = -0.165989478708252
cycle= 19 E= -2580.23329234934  delta_E= 1.44  |g|= 5.86  |ddm|= 1.24
  HOMO = 0.0340471235721547  LUMO = 0.039007108089413
cycle= 20 E= -2459.28578807715  delta_E=  121  |g|=   14  |ddm|= 33.4
  HOMO = -0.0789590321993232  LUMO = -0.0710420503750812
cycle= 21 E= -2574.34068263517  delta_E= -115  |g|= 5.09  |ddm|= 32.7
  HOMO = -0.16770381172627  LUMO = -0.159670172570037
cycle= 22 E= -2578.53385570337  delta_E= -4.19  |g|= 6.27  |ddm|= 7.64
  HOMO = -0.188009690443561  LUMO = -0.158587204344215
cycle= 23 E= -2579.42610150343  delta_E= -0.892  |g|= 6.11  |ddm|= 1.95
  HOMO = -0.205630690518677  LUMO = -0.164117914160462
cycle= 24 E= -2579.90845307628  delta_E= -0.482  |g|= 5.93  |ddm|= 1.21
  HOMO = -0.201782497818952  LUMO = -0.166103322785235
cycle= 25 E= -2578.89274861267  delta_E= 1.02  |g|= 6.24  |ddm|= 1.53
  HOMO = -0.197038114146316  LUMO = -0.168817890943457
cycle= 26 E= -2579.00551012551  delta_E= -0.113  |g|= 6.21  |ddm|= 0.937
  HOMO = -0.207747764090166  LUMO = -0.164650046845669
cycle= 27 E= -2581.13884804597  delta_E= -2.13  |g|= 5.52  |ddm|= 1.86
  HOMO = -0.194549376915394  LUMO = -0.166047663340298
cycle= 28 E= -2579.07928219235  delta_E= 2.06  |g|= 6.19  |ddm|= 2.14
  HOMO = -0.192444484192662  LUMO = -0.159121210746163
cycle= 29 E= -2579.80960138633  delta_E= -0.73  |g|= 5.99  |ddm|= 1.39
  HOMO = 0.00645189464467721  LUMO = 0.0122482471363775
cycle= 30 E= -2496.26945734505  delta_E= 83.5  |g|= 13.9  |ddm|= 26.5
  HOMO = -0.0857353985274845  LUMO = -0.0339140915510141
cycle= 31 E= -2573.36625653232  delta_E= -77.1  |g|= 5.33  |ddm|= 23.9
  HOMO = -0.166117137859548  LUMO = -0.145990425861519
cycle= 32 E= -2579.33236852311  delta_E= -5.97  |g|=  6.1  |ddm|= 8.35
  HOMO = -0.180884832401743  LUMO = -0.150587581456243
cycle= 33 E= -2579.97810570847  delta_E= -0.646  |g|= 5.93  |ddm|= 0.99
  HOMO = -0.163694628369489  LUMO = -0.142432109052909
cycle= 34 E= -2580.17973293798  delta_E= -0.202  |g|= 5.84  |ddm|=    1
  HOMO = -0.181184423565534  LUMO = -0.138954092789418
cycle= 35 E= -2580.37994843577  delta_E= -0.2  |g|= 5.82  |ddm|= 1.62
  HOMO = -0.168975747926623  LUMO = -0.151852048719024
cycle= 36 E= -2581.64247906658  delta_E= -1.26  |g|= 5.32  |ddm|= 2.02
  HOMO = -0.190790833729938  LUMO = -0.159146554262702
cycle= 37 E= -2580.37853750133  delta_E= 1.26  |g|= 5.79  |ddm|= 2.25
  HOMO = -0.185440875188886  LUMO = -0.152979386131224
cycle= 38 E= -2580.70357240793  delta_E= -0.325  |g|= 5.68  |ddm|=  1.2
  HOMO = -0.197386808217021  LUMO = -0.154645395697632
cycle= 39 E= -2579.88296890816  delta_E= 0.821  |g|= 5.97  |ddm|= 1.13
  HOMO = 0.0263615672768653  LUMO = 0.0361636240987041
cycle= 40 E= -2454.32836707933  delta_E=  126  |g|= 14.9  |ddm|=   42
  HOMO = -0.0813638726069499  LUMO = -0.0728385119941965
cycle= 41 E= -2572.21642095817  delta_E= -118  |g|= 5.87  |ddm|=   41
  HOMO = -0.155718357541371  LUMO = -0.145548454328285
cycle= 42 E= -2578.30256566503  delta_E= -6.09  |g|= 6.11  |ddm|= 8.89
  HOMO = -0.19271876305156  LUMO = -0.148311596433933
cycle= 43 E= -2580.16543842596  delta_E= -1.86  |g|= 5.87  |ddm|= 2.46
  HOMO = -0.183432148041388  LUMO = -0.158503780779531
cycle= 44 E= -2580.27137504264  delta_E= -0.106  |g|= 5.84  |ddm|= 0.816
  HOMO = -0.156613856724109  LUMO = -0.153351137483954
cycle= 45 E= -2581.4134814207  delta_E= -1.14  |g|= 5.44  |ddm|= 3.03
  HOMO = -0.191968589197998  LUMO = -0.153169696586671
cycle= 46 E= -2580.66713605375  delta_E= 0.746  |g|= 5.72  |ddm|= 2.61
  HOMO = -0.191639115367254  LUMO = -0.151864446643377
cycle= 47 E= -2580.41867238129  delta_E= 0.248  |g|= 5.78  |ddm|= 0.889
  HOMO = -0.163999422695497  LUMO = -0.153757049396013
cycle= 48 E= -2581.65215162307  delta_E= -1.23  |g|= 5.29  |ddm|=  1.8
  HOMO = -0.191176584732044  LUMO = -0.150234273511622
cycle= 49 E= -2581.20344182935  delta_E= 0.449  |g|= 5.53  |ddm|= 1.78
  HOMO = 0.030282817850382  LUMO = 0.0527272342807067
cycle= 50 E= -2447.36319735288  delta_E=  134  |g|=   15  |ddm|= 41.5
  HOMO = -0.106084702004899  LUMO = -0.0827616138235427
cycle= 51 E= -2572.84732495678  delta_E= -125  |g|= 5.76  |ddm|=   41
  HOMO = -0.148457194520015  LUMO = -0.136493154947952
cycle= 52 E= -2578.26834394937  delta_E= -5.42  |g|= 6.21  |ddm|= 8.77
  HOMO = -0.187362291299971  LUMO = -0.145213621301302
cycle= 53 E= -2579.88879927545  delta_E= -1.62  |g|= 5.97  |ddm|= 2.69
  HOMO = -0.190539176332397  LUMO = -0.145939058618735
cycle= 54 E= -2579.99406596484  delta_E= -0.105  |g|= 5.93  |ddm|= 1.48
  HOMO = -0.197328949961916  LUMO = -0.144743210485269
cycle= 55 E= -2579.92463338778  delta_E= 0.0694  |g|= 5.95  |ddm|= 1.07
  HOMO = -0.18487053081575  LUMO = -0.142555024712511
cycle= 56 E= -2580.19927965983  delta_E= -0.275  |g|= 5.87  |ddm|= 0.779
  HOMO = -0.175808740436963  LUMO = -0.147463490145929
cycle= 57 E= -2580.02498807042  delta_E= 0.174  |g|= 5.86  |ddm|= 1.97
  HOMO = -0.204327136268364  LUMO = -0.146658298961207
cycle= 58 E= -2579.95819238163  delta_E= 0.0668  |g|= 5.94  |ddm|= 1.52
  HOMO = -0.185855975053163  LUMO = -0.138390377649852
cycle= 59 E= -2580.38959560947  delta_E= -0.431  |g|= 5.81  |ddm|= 0.73
  HOMO = 0.00020637530796461  LUMO = 0.00929193287848482
cycle= 60 E= -2482.4096222698  delta_E=   98  |g|= 14.6  |ddm|= 26.9
  HOMO = -0.0813573023556546  LUMO = -0.0785946749788079
cycle= 61 E= -2571.87778459481  delta_E= -89.5  |g|= 6.53  |ddm|= 23.9
  HOMO = -0.150596239872118  LUMO = -0.145825839939694
cycle= 62 E= -2579.30511382259  delta_E= -7.43  |g|= 6.07  |ddm|= 9.93
  HOMO = -0.178953453248216  LUMO = -0.152578560407634
cycle= 63 E= -2581.135543501  delta_E= -1.83  |g|= 5.57  |ddm|= 2.81
  HOMO = -0.176763738931468  LUMO = -0.156881513556338
cycle= 64 E= -2581.40442166184  delta_E= -0.269  |g|= 5.51  |ddm|= 0.84
  HOMO = -0.169328041577999  LUMO = -0.156254542103499
cycle= 65 E= -2581.30081760065  delta_E= 0.104  |g|= 5.52  |ddm|=  1.1
  HOMO = -0.1731188493434  LUMO = -0.158900781584185
cycle= 66 E= -2581.59054679033  delta_E= -0.29  |g|= 5.42  |ddm|= 1.64
  HOMO = -0.177303926007605  LUMO = -0.166292030900128
cycle= 67 E= -2581.79715556262  delta_E= -0.207  |g|= 5.35  |ddm|= 1.53
  HOMO = -0.171856550654086  LUMO = -0.162067693527825
cycle= 68 E= -2581.3992808998  delta_E= 0.398  |g|=  5.5  |ddm|= 0.775
  HOMO = -0.172299206102014  LUMO = -0.165085015568119
cycle= 69 E= -2581.01332421221  delta_E= 0.386  |g|= 5.63  |ddm|= 0.47
  HOMO = 0.0283629550117061  LUMO = 0.0299358137240837
cycle= 70 E= -2453.33925788505  delta_E=  128  |g|= 18.5  |ddm|= 43.3
  HOMO = -0.0650787147098424  LUMO = -0.0338840359037732
cycle= 71 E= -2566.59615605218  delta_E= -113  |g|= 8.99  |ddm|= 41.4
  HOMO = -0.0540263987254828  LUMO = -0.047884001403978
cycle= 72 E= -2581.38402034335  delta_E= -14.8  |g|= 5.46  |ddm|= 12.4
  HOMO = -0.186706126671187  LUMO = -0.173623476797538
cycle= 73 E= -2586.54663283925  delta_E= -5.16  |g|=  3.6  |ddm|= 4.72
  HOMO = -0.173078873140537  LUMO = -0.164529546069677
cycle= 74 E= -2585.24674773689  delta_E=  1.3  |g|= 4.31  |ddm|= 2.26
  HOMO = -0.174633869170417  LUMO = -0.158248828488042
cycle= 75 E= -2587.38953688273  delta_E= -2.14  |g|= 2.76  |ddm|= 2.31
  HOMO = -0.162668949810142  LUMO = -0.153443565085893
cycle= 76 E= -2582.21673404745  delta_E= 5.17  |g|= 5.41  |ddm|= 3.81
  HOMO = -0.174479356075433  LUMO = -0.171910450352835
cycle= 77 E= -2584.69508109894  delta_E= -2.48  |g|= 4.45  |ddm|= 2.46
  HOMO = -0.175010509974092  LUMO = -0.169294533071383
cycle= 78 E= -2584.91619254014  delta_E= -0.221  |g|= 4.39  |ddm|= 0.854
  HOMO = -0.175289687229644  LUMO = -0.169441838012668
cycle= 79 E= -2584.90972740365  delta_E= 0.00647  |g|= 4.39  |ddm|= 0.175
  HOMO = -0.150110357409055  LUMO = -0.0969705530407592
cycle= 80 E= -2588.56935691355  delta_E= -3.66  |g|= 0.989  |ddm|=  2.9
  HOMO = -0.105183930059727  LUMO = -0.0844102110017399
cycle= 81 E= -2588.16381358088  delta_E= 0.406  |g|= 1.49  |ddm|= 2.68
  HOMO = -0.135042089712453  LUMO = -0.0888484386166667
cycle= 82 E= -2588.74863929823  delta_E= -0.585  |g|= 0.504  |ddm|= 2.17
  HOMO = -0.140951551919895  LUMO = -0.0888933211521338
cycle= 83 E= -2588.81500012292  delta_E= -0.0664  |g|= 0.276  |ddm|= 0.764
  HOMO = -0.13192120771204  LUMO = -0.0872740127704198
cycle= 84 E= -2588.82900006841  delta_E= -0.014  |g|= 0.102  |ddm|= 0.32
  HOMO = -0.13562022876602  LUMO = -0.0866821206504903
cycle= 85 E= -2588.83084057348  delta_E= -0.00184  |g|= 0.0404  |ddm|= 0.128
  HOMO = -0.134960219529728  LUMO = -0.0869937654381105
cycle= 86 E= -2588.83122641865  delta_E= -0.000386  |g|= 0.00951  |ddm|= 0.0469
  HOMO = -0.134826908289047  LUMO = -0.0869611003669607
cycle= 87 E= -2588.83124423953  delta_E= -1.78e-05  |g|= 0.00395  |ddm|= 0.0132
  HOMO = -0.134583493822112  LUMO = -0.0869582267380264
cycle= 88 E= -2588.83124494424  delta_E= -7.05e-07  |g|= 0.0042  |ddm|= 0.00718
  HOMO = -0.134779322043618  LUMO = -0.0869876693460137
cycle= 89 E= -2588.83124788186  delta_E= -2.94e-06  |g|= 0.0019  |ddm|= 0.00487
  HOMO = -0.134700148582767  LUMO = -0.0869666597454257
cycle= 90 E= -2588.83124845912  delta_E= -5.77e-07  |g|= 0.000608  |ddm|= 0.00196
  HOMO = -0.134722404708113  LUMO = -0.0869712559351704
cycle= 91 E= -2588.83124850892  delta_E= -4.98e-08  |g|= 0.000345  |ddm|= 0.000894
  HOMO = -0.134720822265605  LUMO = -0.0869720229012406
cycle= 92 E= -2588.83124854104  delta_E= -3.21e-08  |g|= 9.12e-05  |ddm|= 0.000473
  HOMO = -0.134722798232748  LUMO = -0.0869725994726148
cycle= 93 E= -2588.83124854172  delta_E= -6.74e-10  |g|= 8.61e-05  |ddm|= 0.000183
  HOMO = -0.134722772905175  LUMO = -0.0869718293304102
cycle= 94 E= -2588.83124854339  delta_E= -1.67e-09  |g|= 2.64e-05  |ddm|= 9.53e-05
  HOMO = -0.134722464686648  LUMO = -0.086972111755272
cycle= 95 E= -2588.83124854348  delta_E= -8.91e-11  |g|= 1.55e-05  |ddm|= 3.16e-05
  HOMO = -0.134722211697455  LUMO = -0.0869720225076826
cycle= 96 E= -2588.83124854352  delta_E= -4.73e-11  |g|= 7.98e-06  |ddm|= 2.11e-05
  HOMO = -0.134721975305972  LUMO = -0.0869720206908611
cycle= 97 E= -2588.83124854352  delta_E= -9.09e-13  |g|= 7.79e-06  |ddm|= 1.31e-05
  HOMO = -0.134722483666457  LUMO = -0.0869720791381051
cycle= 98 E= -2588.83124854352  delta_E= 9.09e-13  |g|= 7.38e-06  |ddm|= 1.19e-05
  HOMO = -0.134722176883733  LUMO = -0.0869720211621113
cycle= 99 E= -2588.83124854353  delta_E= -5.46e-12  |g|= 2.37e-06  |ddm|= 7.5e-06
  HOMO = -0.134722262887615  LUMO = -0.086972038460836
cycle= 100 E= -2588.83124854353  delta_E= -4.55e-12  |g|= 1.78e-06  |ddm|= 3.48e-06
  HOMO = -0.134722236621264  LUMO = -0.0869720401935359
cycle= 101 E= -2588.83124854352  delta_E= 1.46e-11  |g|= 6.33e-07  |ddm|= 2.56e-06
  HOMO = -0.134722266042607  LUMO = -0.0869720325663614
Extra cycle  E= -2588.83124854354  delta_E= -1.82e-11  |g|= 2.53e-06  |ddm|= 4.07e-06
converged SCF energy = -2588.83124854354
AOs:  [0, 1, 2, 3, 4, 5, 6, 7, 8, 9, 10, 11, 12, 13, 14, 15, 16, 17, 18, 19, 20, 21, 22, 23, 24, 25, 26, 27, 28, 29, 30, 31, 32, 33, 34, 35, 36, 37, 38, 39, 40, 41, 42, 43, 44, 45, 46, 47, 48, 49, 50, 51, 52, 53, 54, 55, 56, 57, 58]
59

 AO indices used for projection:  [0, 1, 3, 4, 5, 14, 15, 17, 18, 19, 28, 29, 30, 31, 33, 34, 35, 36, 37, 38, 42, 43, 44, 45, 46]
 # of orbitals to keep:  22
545
25
Number of Active MOs:  22
Number of Environment MOs:  96
Number of Virtual MOs:  427
 # electrons:            α            β
         Env:  96.00000000  96.00000000
         Act:  22.00000000  22.00000000
         Vir:  -0.00000000  -0.00000000
Number of electrons in the active space:  44

 The density matrix is idempotent!

 The density matrix is idempotent!


******** <class 'pyscf.scf.hf.RHF'> ********
method = RHF
initial guess = minao
damping factor = 0
level_shift factor = 0
DIIS = <class 'pyscf.scf.diis.CDIIS'>
diis_start_cycle = 1
diis_space = 8
SCF conv_tol = 1e-09
SCF conv_tol_grad = 1e-06
SCF max_cycles = 200
direct_scf = True
direct_scf_tol = 1e-13
chkfile to save SCF result = subsys_scf.chk
max_memory 900000 MB (current use 89899 MB)
init E= 2384.47137107245
  HOMO = -0.309689375458126  LUMO = 0.0479011998572912
cycle= 1 E= 2384.36055808339  delta_E= -0.111  |g|= 0.326  |ddm|= 1.05
  HOMO = -0.244281014755077  LUMO = 0.0539569298290257
cycle= 2 E= 2384.34562024126  delta_E= -0.0149  |g|= 0.385  |ddm|= 0.705
  HOMO = -0.271630839107574  LUMO = 0.0516127532751293
cycle= 3 E= 2384.31879057695  delta_E= -0.0268  |g|= 0.0875  |ddm|= 0.495
  HOMO = -0.265954988372777  LUMO = 0.0519781714581485
cycle= 4 E= 2384.31337162062  delta_E= -0.00542  |g|= 0.0223  |ddm|= 0.224
  HOMO = -0.2644706823464  LUMO = 0.052260686944608
cycle= 5 E= 2384.31315351016  delta_E= -0.000218  |g|= 0.0103  |ddm|= 0.0512
  HOMO = -0.264244774448359  LUMO = 0.0521821858127527
cycle= 6 E= 2384.31312612973  delta_E= -2.74e-05  |g|= 0.00202  |ddm|= 0.0113
  HOMO = -0.264152854761135  LUMO = 0.052206793180479
cycle= 7 E= 2384.31312331697  delta_E= -2.81e-06  |g|= 0.000932  |ddm|= 0.00406
  HOMO = -0.264077776617355  LUMO = 0.0522285880622975
cycle= 8 E= 2384.31312222175  delta_E= -1.1e-06  |g|= 0.00065  |ddm|= 0.00225
  HOMO = -0.264060176338208  LUMO = 0.0522314205167687
cycle= 9 E= 2384.31312130322  delta_E= -9.19e-07  |g|= 0.000382  |ddm|= 0.00269
  HOMO = -0.264069915060949  LUMO = 0.0522301857869341
cycle= 10 E= 2384.31312086869  delta_E= -4.35e-07  |g|= 0.000119  |ddm|= 0.00267
  HOMO = -0.264071431178251  LUMO = 0.0522296332081591
cycle= 11 E= 2384.31312083297  delta_E= -3.57e-08  |g|= 2.66e-05  |ddm|= 0.000914
  HOMO = -0.264073621905208  LUMO = 0.0522294112491996
cycle= 12 E= 2384.3131208315  delta_E= -1.46e-09  |g|= 1.8e-05  |ddm|= 8.7e-05
  HOMO = -0.264074180980382  LUMO = 0.0522293584010376
cycle= 13 E= 2384.31312083182  delta_E= 3.11e-10  |g|= 1.54e-05  |ddm|= 4.64e-05
  HOMO = -0.264074085990621  LUMO = 0.0522293566716864
cycle= 14 E= 2384.31312083058  delta_E= -1.23e-09  |g|= 1.23e-05  |ddm|= 7.11e-05
  HOMO = -0.264074047463536  LUMO = 0.0522293786192187
cycle= 15 E= 2384.31312082908  delta_E= -1.51e-09  |g|= 7.02e-06  |ddm|= 0.000147
  HOMO = -0.264074006137136  LUMO = 0.0522293505005662
cycle= 16 E= 2384.31312082928  delta_E= 2.01e-10  |g|= 3.51e-06  |ddm|= 7.99e-05
  HOMO = -0.264074013751683  LUMO = 0.0522293529486484
cycle= 17 E= 2384.31312082909  delta_E= -1.92e-10  |g|= 2.4e-06  |ddm|= 2.58e-05
  HOMO = -0.26407408244493  LUMO = 0.0522293531198572
cycle= 18 E= 2384.31312082852  delta_E= -5.64e-10  |g|= 1.81e-06  |ddm|= 1.04e-05
  HOMO = -0.264074013349788  LUMO = 0.0522293601637641
cycle= 19 E= 2384.31312082904  delta_E= 5.17e-10  |g|= 7.6e-07  |ddm|= 1.11e-05
  HOMO = -0.264074046204697  LUMO = 0.0522293557115332
Extra cycle  E= 2384.31312082893  delta_E= -1.06e-10  |g|= 6.28e-07  |ddm|= 1.7e-06
converged SCF energy = 2384.31312082893
Difference in energy:  -1298.872445025698
E(MP2) = 2383.65044690051  E_corr = -0.662673928424846
Total energy =  -2587.424039211097
time elapsed:  282.9062988758087
