

******** <class 'pyscf.dft.rks.RKS'> ********
method = RKS-RHF
initial guess = minao
damping factor = 0
level_shift factor = 0
DIIS = <class 'pyscf.scf.diis.CDIIS'>
diis_start_cycle = 1
diis_space = 8
SCF conv_tol = 1e-09
SCF conv_tol_grad = 1e-06
SCF max_cycles = 1000
direct_scf = True
direct_scf_tol = 1e-13
chkfile to save SCF result = scf.fchk
max_memory 900000 MB (current use 79 MB)
XC library pyscf.dft.libxc version 5.1.7
    S. Lehtola, C. Steigemann, M. J. Oliveira, and M. A. Marques, SoftwareX 7, 1 (2018)
XC functionals = pbe
    J. P. Perdew, K. Burke, and M. Ernzerhof, Phys. Rev. Lett. 77, 3865 (1996)
    J. P. Perdew, K. Burke, and M. Ernzerhof, Phys. Rev. Lett. 78, 1396 (1997)
    J. P. Perdew, K. Burke, and M. Ernzerhof, Phys. Rev. Lett. 77, 3865 (1996)
    J. P. Perdew, K. Burke, and M. Ernzerhof, Phys. Rev. Lett. 78, 1396 (1997)
small_rho_cutoff = 1e-07
init E= -2479.39981693459
  HOMO = -0.134878995983566  LUMO = -0.0691459258566806
cycle= 1 E= -2460.75331207072  delta_E= 18.6  |g|= 5.48  |ddm|= 10.3
  HOMO = -0.231775807630217  LUMO = -0.205622127636754
cycle= 2 E= -2322.76815184104  delta_E=  138  |g|= 18.9  |ddm|= 95.4
  HOMO = -0.164302643785776  LUMO = -0.160803233764481
cycle= 3 E= -2447.05311353122  delta_E= -124  |g|= 9.43  |ddm|= 71.8
  HOMO = -0.179545259260242  LUMO = -0.162341576348365
cycle= 4 E= -2465.18138164002  delta_E= -18.1  |g|=  6.2  |ddm|=   28
  HOMO = -0.153349547044165  LUMO = -0.152030215378789
cycle= 5 E= -2470.89975287947  delta_E= -5.72  |g|= 4.83  |ddm|= 3.77
  HOMO = -0.193731586590412  LUMO = -0.161792445858998
cycle= 6 E= -2468.23221922242  delta_E= 2.67  |g|= 5.42  |ddm|= 2.62
  HOMO = -0.190298991525055  LUMO = -0.163346481516361
cycle= 7 E= -2467.96738787892  delta_E= 0.265  |g|= 5.51  |ddm|= 0.278
  HOMO = -0.18056102913517  LUMO = -0.162247833294024
cycle= 8 E= -2467.9725977886  delta_E= -0.00521  |g|= 5.52  |ddm|= 0.67
  HOMO = -0.172477256813526  LUMO = -0.163127158598694
cycle= 9 E= -2467.58248322208  delta_E= 0.39  |g|= 5.64  |ddm|= 0.967
  HOMO = 0.023837509706164  LUMO = 0.0259747927455117
cycle= 10 E= -2386.22387332853  delta_E= 81.4  |g|=   15  |ddm|= 21.1
  HOMO = -0.0833313472408495  LUMO = -0.0369288582928844
cycle= 11 E= -2458.8642461076  delta_E= -72.6  |g|=  5.9  |ddm|= 18.1
  HOMO = -0.209847563882269  LUMO = -0.171330174397867
cycle= 12 E= -2467.57772237128  delta_E= -8.71  |g|= 5.64  |ddm|= 9.24
  HOMO = -0.202937328933519  LUMO = -0.165662673916318
cycle= 13 E= -2466.33447704739  delta_E= 1.24  |g|= 5.99  |ddm|= 0.872
  HOMO = -0.19339270084879  LUMO = -0.156524516464576
cycle= 14 E= -2466.36081496388  delta_E= -0.0263  |g|= 5.98  |ddm|= 1.26
  HOMO = -0.181130008512375  LUMO = -0.138961096481155
cycle= 15 E= -2468.37626550613  delta_E= -2.02  |g|= 5.36  |ddm|=  1.9
  HOMO = -0.185647715832269  LUMO = -0.156598196550169
cycle= 16 E= -2467.26154045857  delta_E= 1.11  |g|= 5.74  |ddm|= 1.76
  HOMO = -0.210495142316649  LUMO = -0.171030231319775
cycle= 17 E= -2467.03293594738  delta_E= 0.229  |g|=  5.8  |ddm|= 0.858
  HOMO = -0.206188121629966  LUMO = -0.172510530263715
cycle= 18 E= -2466.97738569352  delta_E= 0.0556  |g|= 5.81  |ddm|= 0.492
  HOMO = -0.210010093000749  LUMO = -0.17236425917723
cycle= 19 E= -2466.44033284954  delta_E= 0.537  |g|= 5.96  |ddm|= 0.559
  HOMO = 0.0254894005145475  LUMO = 0.0331899899116653
cycle= 20 E= -2383.3362818813  delta_E= 83.1  |g|= 13.4  |ddm|= 25.4
  HOMO = -0.0655843950494996  LUMO = -0.0487936709964096
cycle= 21 E= -2459.77537833834  delta_E= -76.4  |g|=  5.4  |ddm|= 23.2
  HOMO = -0.158539279747651  LUMO = -0.151009788352104
cycle= 22 E= -2465.46464140275  delta_E= -5.69  |g|= 6.05  |ddm|= 8.22
  HOMO = -0.18174949497863  LUMO = -0.177610973169455
cycle= 23 E= -2468.99514902841  delta_E= -3.53  |g|= 5.12  |ddm|= 3.11
  HOMO = -0.160359245589941  LUMO = -0.138738827701602
cycle= 24 E= -2468.62700142676  delta_E= 0.368  |g|= 5.29  |ddm|= 2.13
  HOMO = -0.174078569590879  LUMO = -0.149768891233777
cycle= 25 E= -2468.66282705807  delta_E= -0.0358  |g|= 5.29  |ddm|= 1.47
  HOMO = -0.180001761114177  LUMO = -0.156085466478213
cycle= 26 E= -2468.56568612904  delta_E= 0.0971  |g|= 5.31  |ddm|= 0.788
  HOMO = -0.175249244043803  LUMO = -0.154381522684911
cycle= 27 E= -2468.74499439737  delta_E= -0.179  |g|= 5.25  |ddm|= 0.621
  HOMO = -0.150251511395563  LUMO = -0.148506839633322
cycle= 28 E= -2470.0884438695  delta_E= -1.34  |g|= 4.99  |ddm|= 1.47
  HOMO = -0.191520827868229  LUMO = -0.156161237541025
cycle= 29 E= -2468.48940354221  delta_E=  1.6  |g|= 5.33  |ddm|= 1.55
  HOMO = 0.0311862182373026  LUMO = 0.0437809221539877
cycle= 30 E= -2357.40889974563  delta_E=  111  |g|= 14.1  |ddm|= 30.5
  HOMO = -0.0860124349221532  LUMO = -0.0433541462869534
cycle= 31 E= -2459.58059426736  delta_E= -102  |g|= 5.81  |ddm|= 29.2
  HOMO = -0.164852781111044  LUMO = -0.152583870310915
cycle= 32 E= -2466.28242559265  delta_E= -6.7  |g|=    6  |ddm|= 9.09
  HOMO = -0.199646615201379  LUMO = -0.153811734862509
cycle= 33 E= -2466.91509661924  delta_E= -0.633  |g|= 5.84  |ddm|= 1.83
  HOMO = -0.199719822494473  LUMO = -0.155568686838376
cycle= 34 E= -2467.11122033169  delta_E= -0.196  |g|= 5.78  |ddm|= 0.53
  HOMO = -0.184549144269666  LUMO = -0.152387453271065
cycle= 35 E= -2467.01854823503  delta_E= 0.0927  |g|= 5.79  |ddm|= 0.972
  HOMO = -0.192747322064656  LUMO = -0.157596433307978
cycle= 36 E= -2467.38376074567  delta_E= -0.365  |g|= 5.69  |ddm|= 1.29
  HOMO = -0.196619009910431  LUMO = -0.152083607065353
cycle= 37 E= -2467.32760161743  delta_E= 0.0562  |g|= 5.72  |ddm|= 0.679
  HOMO = -0.20268726754671  LUMO = -0.152958358501806
cycle= 38 E= -2467.07417540549  delta_E= 0.253  |g|=  5.8  |ddm|= 0.619
  HOMO = -0.203449935590539  LUMO = -0.153686120492269
cycle= 39 E= -2467.03032557569  delta_E= 0.0438  |g|= 5.81  |ddm|= 0.0779
  HOMO = 0.00529000084306117  LUMO = 0.00691881099356841
cycle= 40 E= -2371.61759383965  delta_E= 95.4  |g|= 13.3  |ddm|= 26.7
  HOMO = -0.0850082207795714  LUMO = -0.0729844372788779
cycle= 41 E= -2460.79589073722  delta_E= -89.2  |g|= 5.28  |ddm|= 24.9
  HOMO = -0.184080119274284  LUMO = -0.140434730037528
cycle= 42 E= -2463.96473781039  delta_E= -3.17  |g|= 6.25  |ddm|= 8.14
  HOMO = -0.18219751771719  LUMO = -0.160756627054671
cycle= 43 E= -2466.98941430351  delta_E= -3.02  |g|= 5.79  |ddm|= 3.24
  HOMO = -0.171845846058402  LUMO = -0.162572119318455
cycle= 44 E= -2466.7957506465  delta_E= 0.194  |g|= 5.88  |ddm|= 1.54
  HOMO = -0.17103575412758  LUMO = -0.168214819065751
cycle= 45 E= -2467.09019175785  delta_E= -0.294  |g|=  5.8  |ddm|= 1.02
  HOMO = -0.173628538059205  LUMO = -0.157876726054297
cycle= 46 E= -2466.94727875081  delta_E= 0.143  |g|= 5.86  |ddm|= 1.24
  HOMO = -0.167222622546998  LUMO = -0.165227877633073
cycle= 47 E= -2466.96059547139  delta_E= -0.0133  |g|= 5.83  |ddm|= 1.25
  HOMO = -0.167066631694295  LUMO = -0.16507131615933
cycle= 48 E= -2467.16589602758  delta_E= -0.205  |g|= 5.77  |ddm|= 0.677
  HOMO = -0.176726068306441  LUMO = -0.165435512873226
cycle= 49 E= -2466.87132636517  delta_E= 0.295  |g|= 5.86  |ddm|= 0.712
  HOMO = 0.0374635827782625  LUMO = 0.0417611666553341
cycle= 50 E= -2322.45710555748  delta_E=  144  |g|= 13.8  |ddm|= 33.2
  HOMO = -0.114310755193661  LUMO = -0.0844675606235634
cycle= 51 E= -2458.37892989965  delta_E= -136  |g|= 6.89  |ddm|= 32.6
  HOMO = -0.180260305929521  LUMO = -0.140906845490041
cycle= 52 E= -2466.62633636596  delta_E= -8.25  |g|= 5.93  |ddm|= 10.6
  HOMO = -0.198371043672273  LUMO = -0.150910749288645
cycle= 53 E= -2467.05728594854  delta_E= -0.431  |g|=  5.8  |ddm|=  1.2
  HOMO = -0.1833573906983  LUMO = -0.154573132012677
cycle= 54 E= -2466.80544703933  delta_E= 0.252  |g|= 5.86  |ddm|= 0.947
  HOMO = -0.191837354236452  LUMO = -0.15199676988505
cycle= 55 E= -2466.68582788039  delta_E= 0.12  |g|= 5.92  |ddm|= 0.709
  HOMO = -0.192693014918105  LUMO = -0.152081032938195
cycle= 56 E= -2466.73266945754  delta_E= -0.0468  |g|=  5.9  |ddm|= 0.383
  HOMO = -0.190782792802892  LUMO = -0.151861887825795
cycle= 57 E= -2466.84386979691  delta_E= -0.111  |g|= 5.87  |ddm|= 0.637
  HOMO = -0.197496863801225  LUMO = -0.158824050015434
cycle= 58 E= -2466.70268784275  delta_E= 0.141  |g|= 5.91  |ddm|= 0.834
  HOMO = -0.15776610252748  LUMO = -0.136446116618255
cycle= 59 E= -2468.07507570081  delta_E= -1.37  |g|= 5.52  |ddm|= 1.76
  HOMO = -0.0111752556290366  LUMO = 0.000806664846912684
cycle= 60 E= -2385.5729782122  delta_E= 82.5  |g|= 11.9  |ddm|= 20.1
  HOMO = -0.0755620408095417  LUMO = -0.0570722153176008
cycle= 61 E= -2461.61415774962  delta_E=  -76  |g|= 4.99  |ddm|= 18.3
  HOMO = -0.146835598435808  LUMO = -0.137263730801277
cycle= 62 E= -2461.44387591404  delta_E= 0.17  |g|=  6.9  |ddm|= 8.75
  HOMO = -0.184743264793529  LUMO = -0.177654946851152
cycle= 63 E= -2466.55411061895  delta_E= -5.11  |g|= 5.95  |ddm|= 3.86
  HOMO = -0.180835984640058  LUMO = -0.172252176721426
cycle= 64 E= -2466.35774943493  delta_E= 0.196  |g|= 5.95  |ddm|= 2.04
  HOMO = -0.174648966068559  LUMO = -0.169248568286066
cycle= 65 E= -2466.5446622898  delta_E= -0.187  |g|= 5.95  |ddm|= 2.03
  HOMO = -0.173698353303881  LUMO = -0.170786942611415
cycle= 66 E= -2466.67362280374  delta_E= -0.129  |g|= 5.92  |ddm|= 0.481
  HOMO = -0.169977370642596  LUMO = -0.165868136469598
cycle= 67 E= -2466.39474550468  delta_E= 0.279  |g|= 5.95  |ddm|= 1.83
  HOMO = -0.180351779885193  LUMO = -0.160274885195274
cycle= 68 E= -2466.39910642528  delta_E= -0.00436  |g|= 6.01  |ddm|= 1.96
  HOMO = -0.178028235342326  LUMO = -0.16186073957248
cycle= 69 E= -2466.60586423784  delta_E= -0.207  |g|= 5.95  |ddm|= 0.301
  HOMO = 0.0118903602305083  LUMO = 0.0229691683466936
cycle= 70 E= -2336.32628866796  delta_E=  130  |g|= 14.1  |ddm|= 27.8
  HOMO = -0.124501908134498  LUMO = -0.0776402465928294
cycle= 71 E= -2457.94400861574  delta_E= -122  |g|= 7.14  |ddm|= 26.4
  HOMO = -0.161786875475589  LUMO = -0.160536139204738
cycle= 72 E= -2467.01007391101  delta_E= -9.07  |g|= 5.69  |ddm|= 10.5
  HOMO = -0.173670343048759  LUMO = -0.167363772525036
cycle= 73 E= -2468.63719912092  delta_E= -1.63  |g|= 5.32  |ddm|= 2.43
  HOMO = -0.176286954303579  LUMO = -0.168574184053146
cycle= 74 E= -2468.28720836515  delta_E= 0.35  |g|= 5.44  |ddm|= 1.34
  HOMO = -0.177767069705155  LUMO = -0.169939277503186
cycle= 75 E= -2468.35681532306  delta_E= -0.0696  |g|= 5.42  |ddm|= 0.423
  HOMO = -0.172624753388461  LUMO = -0.144453485594438
cycle= 76 E= -2466.0781920891  delta_E= 2.28  |g|= 5.72  |ddm|= 2.78
  HOMO = -0.166659662768192  LUMO = -0.157563023026175
cycle= 77 E= -2468.35902455456  delta_E= -2.28  |g|= 5.39  |ddm|=  2.9
  HOMO = -0.185619095129803  LUMO = -0.16377763539877
cycle= 78 E= -2468.63329564006  delta_E= -0.274  |g|= 5.31  |ddm|= 1.01
  HOMO = -0.154607678570712  LUMO = -0.13541810079763
cycle= 79 E= -2471.46875309284  delta_E= -2.84  |g|= 4.66  |ddm|= 2.77
  HOMO = 0.0169508699301162  LUMO = 0.0291451549791072
cycle= 80 E= -2376.48124637899  delta_E=   95  |g|=   14  |ddm|= 26.3
  HOMO = -0.0941342217314154  LUMO = -0.0763010507130574
cycle= 81 E= -2460.04112082806  delta_E= -83.6  |g|= 5.66  |ddm|= 24.7
  HOMO = -0.159917869546112  LUMO = -0.144484619491426
cycle= 82 E= -2464.97266228267  delta_E= -4.93  |g|= 6.13  |ddm|= 8.85
  HOMO = -0.173061298961057  LUMO = -0.160995824716542
cycle= 83 E= -2467.36420746348  delta_E= -2.39  |g|= 5.72  |ddm|= 2.53
  HOMO = -0.169686580139053  LUMO = -0.168373511214221
cycle= 84 E= -2467.31477159808  delta_E= 0.0494  |g|= 5.72  |ddm|=  1.3
  HOMO = -0.173909264399854  LUMO = -0.171517254021781
cycle= 85 E= -2466.81405317938  delta_E= 0.501  |g|= 5.82  |ddm|= 1.86
  HOMO = -0.176775500458709  LUMO = -0.16530500990603
cycle= 86 E= -2467.10300391535  delta_E= -0.289  |g|=  5.8  |ddm|= 1.89
  HOMO = -0.167403649414749  LUMO = -0.164011885389442
cycle= 87 E= -2467.08579890864  delta_E= 0.0172  |g|= 5.73  |ddm|= 1.88
  HOMO = -0.166973587298544  LUMO = -0.160823065565176
cycle= 88 E= -2466.8522171098  delta_E= 0.234  |g|= 5.89  |ddm|= 2.42
  HOMO = -0.167518471703233  LUMO = -0.165616461566349
cycle= 89 E= -2467.19760266589  delta_E= -0.345  |g|= 5.79  |ddm|= 1.24
  HOMO = 0.0406599290468906  LUMO = 0.0438929262255225
cycle= 90 E= -2326.87616907482  delta_E=  140  |g|= 14.8  |ddm|= 35.2
  HOMO = -0.10053653303209  LUMO = -0.0966209221478578
cycle= 91 E= -2457.04804633033  delta_E= -130  |g|= 7.49  |ddm|= 34.4
  HOMO = -0.157876363464836  LUMO = -0.149015560456557
cycle= 92 E= -2468.18377626124  delta_E= -11.1  |g|= 5.37  |ddm|= 11.2
  HOMO = -0.157835118968472  LUMO = -0.155822042130334
cycle= 93 E= -2469.06243784407  delta_E= -0.879  |g|= 5.17  |ddm|= 1.94
  HOMO = -0.160724061263714  LUMO = -0.155315502239083
cycle= 94 E= -2469.055940019  delta_E= 0.0065  |g|= 5.17  |ddm|= 0.941
  HOMO = -0.152312870356335  LUMO = -0.1494453850565
cycle= 95 E= -2469.24214855429  delta_E= -0.186  |g|=  5.1  |ddm|= 0.539
  HOMO = -0.163382032771562  LUMO = -0.161090046180001
cycle= 96 E= -2469.30657437051  delta_E= -0.0644  |g|= 5.12  |ddm|= 0.795
  HOMO = -0.16595905379267  LUMO = -0.156754241579506
cycle= 97 E= -2472.17792962628  delta_E= -2.87  |g|= 4.23  |ddm|= 2.75
  HOMO = -0.182206567044203  LUMO = -0.160371736800338
cycle= 98 E= -2468.77222744  delta_E= 3.41  |g|= 5.25  |ddm|= 2.94
  HOMO = -0.154179245437167  LUMO = -0.150380202742793
cycle= 99 E= -2471.97812996632  delta_E= -3.21  |g|= 4.38  |ddm|= 2.66
  HOMO = 0.0361373600519235  LUMO = 0.0390558149088108
cycle= 100 E= -2365.32278061422  delta_E=  107  |g|= 13.8  |ddm|= 28.3
  HOMO = -0.0918874973240899  LUMO = -0.0648286413344727
cycle= 101 E= -2460.57737356514  delta_E= -95.3  |g|= 5.39  |ddm|= 27.3
  HOMO = -0.166186024603324  LUMO = -0.145775199165699
cycle= 102 E= -2465.73996413306  delta_E= -5.16  |g|= 6.16  |ddm|= 8.65
  HOMO = -0.168917695615739  LUMO = -0.145908388293382
cycle= 103 E= -2466.38074757161  delta_E= -0.641  |g|= 5.98  |ddm|= 1.13
  HOMO = -0.169774524921882  LUMO = -0.147943786127462
cycle= 104 E= -2466.27428173384  delta_E= 0.106  |g|= 6.01  |ddm|= 0.76
  HOMO = -0.16757306738183  LUMO = -0.148172958018463
cycle= 105 E= -2466.18457104575  delta_E= 0.0897  |g|= 6.04  |ddm|= 0.302
  HOMO = -0.199058161471116  LUMO = -0.150350542383949
cycle= 106 E= -2466.42154138124  delta_E= -0.237  |g|= 5.98  |ddm|= 1.14
  HOMO = -0.18103879067828  LUMO = -0.149212962539482
cycle= 107 E= -2466.59982371666  delta_E= -0.178  |g|= 5.92  |ddm|= 0.744
  HOMO = -0.175531155157924  LUMO = -0.144215363898748
cycle= 108 E= -2466.15453420532  delta_E= 0.445  |g|= 6.07  |ddm|= 1.21
  HOMO = -0.169294939041454  LUMO = -0.141167754943582
cycle= 109 E= -2466.44730533087  delta_E= -0.293  |g|= 5.99  |ddm|= 0.321
  HOMO = 0.0157354419348821  LUMO = 0.0229906151568062
cycle= 110 E= -2379.78522313334  delta_E= 86.7  |g|= 13.3  |ddm|= 25.9
  HOMO = -0.100488264950157  LUMO = -0.0441779156747045
cycle= 111 E= -2459.98973004551  delta_E= -80.2  |g|= 5.66  |ddm|= 23.3
  HOMO = -0.176552887084578  LUMO = -0.155218611166565
cycle= 112 E= -2466.54067698209  delta_E= -6.55  |g|= 5.93  |ddm|= 8.59
  HOMO = -0.183838625968289  LUMO = -0.147718689290339
cycle= 113 E= -2467.40913386841  delta_E= -0.868  |g|=  5.7  |ddm|= 1.57
  HOMO = -0.177603010549147  LUMO = -0.145158266517182
cycle= 114 E= -2467.51805224746  delta_E= -0.109  |g|= 5.67  |ddm|= 0.814
  HOMO = -0.181178317899355  LUMO = -0.146915534960824
cycle= 115 E= -2467.47262245507  delta_E= 0.0454  |g|= 5.67  |ddm|= 0.843
  HOMO = -0.189391137030763  LUMO = -0.161266405130095
cycle= 116 E= -2468.05721844822  delta_E= -0.585  |g|= 5.42  |ddm|= 1.48
  HOMO = -0.168736920487641  LUMO = -0.133563794114442
cycle= 117 E= -2467.49574311975  delta_E= 0.561  |g|= 5.69  |ddm|= 2.01
  HOMO = -0.157041746273812  LUMO = -0.139919162856932
cycle= 118 E= -2467.35477240365  delta_E= 0.141  |g|= 5.68  |ddm|= 1.86
  HOMO = -0.19209652651191  LUMO = -0.15071455565069
cycle= 119 E= -2467.16504125043  delta_E= 0.19  |g|= 5.77  |ddm|= 1.53
  HOMO = 0.0315836570196969  LUMO = 0.0402856339752894
cycle= 120 E= -2337.86229254147  delta_E=  129  |g|= 16.7  |ddm|= 32.3
  HOMO = -0.0623217568641123  LUMO = -0.0581612354658037
cycle= 121 E= -2448.78835030145  delta_E= -111  |g|= 9.32  |ddm|= 32.4
  HOMO = -0.0521857561319884  LUMO = -0.0129864831110111
cycle= 122 E= -2462.12484016451  delta_E= -13.3  |g|= 4.99  |ddm|= 10.6
  HOMO = -0.183604963792109  LUMO = -0.178950992913123
cycle= 123 E= -2466.05666341111  delta_E= -3.93  |g|= 5.98  |ddm|= 7.11
  HOMO = -0.203375412737839  LUMO = -0.17094269006552
cycle= 124 E= -2467.39813355728  delta_E= -1.34  |g|= 5.69  |ddm|= 2.39
  HOMO = -0.201792303272354  LUMO = -0.177707431672582
cycle= 125 E= -2467.59408458922  delta_E= -0.196  |g|= 5.56  |ddm|= 1.48
  HOMO = -0.182435546026448  LUMO = -0.165138313657967
cycle= 126 E= -2467.57843946751  delta_E= 0.0156  |g|= 5.62  |ddm|= 1.46
  HOMO = -0.172124706872003  LUMO = -0.167511229788068
cycle= 127 E= -2467.26735108638  delta_E= 0.311  |g|=  5.7  |ddm|= 1.36
  HOMO = -0.193527431381698  LUMO = -0.169881715313141
cycle= 128 E= -2467.57269024019  delta_E= -0.305  |g|= 5.62  |ddm|= 0.725
  HOMO = -0.191629373057086  LUMO = -0.167568623527573
cycle= 129 E= -2467.8150645995  delta_E= -0.242  |g|= 5.55  |ddm|= 0.401
  HOMO = -0.191407842225616  LUMO = -0.170994057660018
cycle= 130 E= -2467.90321781756  delta_E= -0.0882  |g|= 5.51  |ddm|= 0.366
  HOMO = 0.0416818953737013  LUMO = 0.0436088732167386
cycle= 131 E= -2358.92855577345  delta_E=  109  |g|= 14.2  |ddm|= 31.1
  HOMO = -0.0692754964371052  LUMO = -0.0382210675749715
cycle= 132 E= -2459.23669649679  delta_E= -100  |g|=  5.9  |ddm|= 29.7
  HOMO = -0.152953775880123  LUMO = -0.148422607352596
cycle= 133 E= -2466.385266241  delta_E= -7.15  |g|=  5.9  |ddm|= 9.06
  HOMO = -0.181389341029972  LUMO = -0.167003602299701
cycle= 134 E= -2468.0119076955  delta_E= -1.63  |g|= 5.39  |ddm|= 2.73
  HOMO = -0.182690814753253  LUMO = -0.157701194021123
cycle= 135 E= -2467.72120383533  delta_E= 0.291  |g|= 5.58  |ddm|= 1.96
  HOMO = -0.192076300899805  LUMO = -0.160258698553012
cycle= 136 E= -2467.64997798845  delta_E= 0.0712  |g|= 5.61  |ddm|= 0.477
  HOMO = -0.191434227318525  LUMO = -0.160232641229468
cycle= 137 E= -2467.66360540647  delta_E= -0.0136  |g|= 5.61  |ddm|= 0.101
  HOMO = -0.18927811418422  LUMO = -0.160730087779292
cycle= 138 E= -2467.74228623152  delta_E= -0.0787  |g|= 5.59  |ddm|= 0.489
  HOMO = -0.197702778178624  LUMO = -0.16232331855669
cycle= 139 E= -2467.6219705349  delta_E= 0.12  |g|= 5.62  |ddm|= 0.832
  HOMO = -0.198270854405153  LUMO = -0.163258429094477
cycle= 140 E= -2467.35886523143  delta_E= 0.263  |g|=  5.7  |ddm|= 0.695
  HOMO = 0.0164030808724051  LUMO = 0.0195604094956015
cycle= 141 E= -2353.30273779476  delta_E=  114  |g|= 15.6  |ddm|= 31.8
  HOMO = -0.0972474869158748  LUMO = -0.0355870199773419
cycle= 142 E= -2457.16464250515  delta_E= -104  |g|= 6.95  |ddm|=   30
  HOMO = -0.150306643983701  LUMO = -0.127947217966739
cycle= 143 E= -2471.24243972555  delta_E= -14.1  |g|= 4.17  |ddm|= 10.2
  HOMO = -0.155604731194781  LUMO = -0.147775783231893
cycle= 144 E= -2472.93295431663  delta_E= -1.69  |g|= 3.55  |ddm|= 3.97
  HOMO = -0.16601370203496  LUMO = -0.15759812708115
cycle= 145 E= -2473.24807425765  delta_E= -0.315  |g|= 3.54  |ddm|= 2.98
  HOMO = -0.165910687126634  LUMO = -0.164212778424606
cycle= 146 E= -2472.73742347618  delta_E= 0.511  |g|= 3.86  |ddm|= 0.789
  HOMO = -0.167222640677892  LUMO = -0.16413299692995
cycle= 147 E= -2472.8511167888  delta_E= -0.114  |g|=  3.8  |ddm|= 0.957
  HOMO = -0.166068837087227  LUMO = -0.159023435019147
cycle= 148 E= -2473.72313660143  delta_E= -0.872  |g|=  3.3  |ddm|= 1.52
  HOMO = -0.202080897652119  LUMO = -0.168375554638787
cycle= 149 E= -2468.31132824089  delta_E= 5.41  |g|= 5.39  |ddm|= 3.13
  HOMO = -0.169074190895884  LUMO = -0.166872820029914
cycle= 150 E= -2472.46683217317  delta_E= -4.16  |g|= 4.02  |ddm|= 2.62
  HOMO = -0.0593928244855593  LUMO = 0.00358360518137139
cycle= 151 E= -2456.64390760604  delta_E= 15.8  |g|= 6.57  |ddm|=  9.6
  HOMO = -0.186261772492899  LUMO = -0.154051647222944
cycle= 152 E= -2472.14574994251  delta_E= -15.5  |g|= 3.68  |ddm|= 9.57
  HOMO = -0.165721235269332  LUMO = -0.15776335361458
cycle= 153 E= -2472.65375424129  delta_E= -0.508  |g|= 3.78  |ddm|= 3.52
  HOMO = -0.173353157802489  LUMO = -0.150469240128302
cycle= 154 E= -2472.53230236523  delta_E= 0.121  |g|= 3.87  |ddm|= 2.19
  HOMO = -0.166689905086679  LUMO = -0.156887602526174
cycle= 155 E= -2472.70721413114  delta_E= -0.175  |g|= 3.91  |ddm|= 1.62
  HOMO = -0.167301655797661  LUMO = -0.154842241532196
cycle= 156 E= -2472.82915806781  delta_E= -0.122  |g|= 3.77  |ddm|= 0.831
  HOMO = -0.164435961584961  LUMO = -0.147551074798756
cycle= 157 E= -2472.98680431116  delta_E= -0.158  |g|= 3.69  |ddm|= 2.25
  HOMO = -0.186590753811181  LUMO = -0.169779632440833
cycle= 158 E= -2468.35097955458  delta_E= 4.64  |g|= 5.37  |ddm|= 3.25
  HOMO = -0.16938804798321  LUMO = -0.158055083862189
cycle= 159 E= -2472.84410452612  delta_E= -4.49  |g|=  3.8  |ddm|= 2.83
  HOMO = 0.0228962179646233  LUMO = 0.0322360137678738
cycle= 160 E= -2428.10889080332  delta_E= 44.7  |g|= 11.5  |ddm|= 24.9
  HOMO = -0.0610748413916779  LUMO = -0.0511806273246895
cycle= 161 E= -2457.906451915  delta_E= -29.8  |g|= 5.84  |ddm|= 24.2
  HOMO = -0.157813953380313  LUMO = -0.149353696053977
cycle= 162 E= -2463.65373278574  delta_E= -5.75  |g|= 6.35  |ddm|= 9.33
  HOMO = -0.164351942936994  LUMO = -0.149805153986414
cycle= 163 E= -2465.43116123649  delta_E= -1.78  |g|= 6.04  |ddm|= 2.96
  HOMO = -0.153765687831126  LUMO = -0.150579980593942
cycle= 164 E= -2466.20546871845  delta_E= -0.774  |g|= 5.89  |ddm|= 2.59
  HOMO = -0.157944078394312  LUMO = -0.151951938284013
cycle= 165 E= -2466.84729617224  delta_E= -0.642  |g|= 5.78  |ddm|= 2.04
  HOMO = -0.167286951229081  LUMO = -0.158784273987483
cycle= 166 E= -2466.49979131663  delta_E= 0.348  |g|= 5.92  |ddm|= 2.04
  HOMO = -0.172697354419135  LUMO = -0.155179908256976
cycle= 167 E= -2467.52037404748  delta_E= -1.02  |g|= 5.56  |ddm|= 1.82
  HOMO = -0.168150344529927  LUMO = -0.157294466058998
cycle= 168 E= -2467.27311718311  delta_E= 0.247  |g|= 5.68  |ddm|= 2.07
  HOMO = -0.145683197422167  LUMO = -0.140730345355605
cycle= 169 E= -2467.78731874521  delta_E= -0.514  |g|= 5.49  |ddm|= 1.59
  HOMO = 0.0105511945260134  LUMO = 0.0127022984995409
cycle= 170 E= -2335.1286462927  delta_E=  133  |g|= 18.1  |ddm|= 43.3
  HOMO = -0.0606379677658142  LUMO = -0.0316753230191637
cycle= 171 E= -2448.66132851018  delta_E= -114  |g|= 9.76  |ddm|= 41.7
  HOMO = -0.0464804993641773  LUMO = -0.0266625869633534
cycle= 172 E= -2462.14299550515  delta_E= -13.5  |g|= 4.91  |ddm|= 10.1
  HOMO = -0.18109228245225  LUMO = -0.167445665922538
cycle= 173 E= -2463.62103203428  delta_E= -1.48  |g|= 6.61  |ddm|= 8.01
  HOMO = -0.201971448922825  LUMO = -0.17385627230333
cycle= 174 E= -2466.66423474421  delta_E= -3.04  |g|= 5.89  |ddm|= 3.18
  HOMO = -0.211031546380189  LUMO = -0.170510413443198
cycle= 175 E= -2466.86505024454  delta_E= -0.201  |g|= 5.84  |ddm|= 0.604
  HOMO = -0.210691856274237  LUMO = -0.171913909120581
cycle= 176 E= -2466.94587026032  delta_E= -0.0808  |g|= 5.81  |ddm|= 0.27
  HOMO = -0.210702475437829  LUMO = -0.170751038906103
cycle= 177 E= -2466.88755328015  delta_E= 0.0583  |g|= 5.84  |ddm|= 0.662
  HOMO = -0.181399022259346  LUMO = -0.162106906746315
cycle= 178 E= -2466.67173078726  delta_E= 0.216  |g|=  5.9  |ddm|= 0.989
  HOMO = -0.192029722370191  LUMO = -0.162803258793275
cycle= 179 E= -2466.86725748151  delta_E= -0.196  |g|= 5.85  |ddm|= 0.487
  HOMO = -0.189825226128386  LUMO = -0.164055957408045
cycle= 180 E= -2466.86851690016  delta_E= -0.00126  |g|= 5.85  |ddm|= 0.251

WARN: HOMO 0.0521100838607036 == LUMO 0.0524391439888792

cycle= 181 E= -2321.93668938887  delta_E=  145  |g|=   19  |ddm|= 36.4
  HOMO = -0.0183341999809749  LUMO = -0.00991297099209886
cycle= 182 E= -2437.78692517105  delta_E= -116  |g|= 12.5  |ddm|= 35.9
  HOMO = -0.0567248580529963  LUMO = -0.0329633074380891
cycle= 183 E= -2459.22126931526  delta_E= -21.4  |g|= 5.93  |ddm|= 9.99
  HOMO = -0.14625888750286  LUMO = -0.143359448110864
cycle= 184 E= -2464.74854445906  delta_E= -5.53  |g|= 6.14  |ddm|= 9.26
  HOMO = -0.190470638167175  LUMO = -0.158966466873709
cycle= 185 E= -2467.39963505597  delta_E= -2.65  |g|= 5.65  |ddm|=  2.9
  HOMO = -0.181217619407623  LUMO = -0.162878356114063
cycle= 186 E= -2467.28826159704  delta_E= 0.111  |g|= 5.71  |ddm|= 1.07
  HOMO = -0.178976237676952  LUMO = -0.165784125388284
cycle= 187 E= -2467.16184267249  delta_E= 0.126  |g|= 5.73  |ddm|= 0.661
  HOMO = -0.175332396022518  LUMO = -0.164827077192938
cycle= 188 E= -2467.22272947724  delta_E= -0.0609  |g|=  5.7  |ddm|= 0.66
  HOMO = -0.178372099547458  LUMO = -0.165127428990349
cycle= 189 E= -2467.2978470224  delta_E= -0.0751  |g|= 5.69  |ddm|= 0.52
  HOMO = -0.177410543247336  LUMO = -0.164650216458618
cycle= 190 E= -2467.31837071897  delta_E= -0.0205  |g|= 5.69  |ddm|= 0.0998
  HOMO = -0.18407748202838  LUMO = -0.164487510490971
cycle= 191 E= -2467.33432484036  delta_E= -0.016  |g|= 5.68  |ddm|= 0.64
  HOMO = 0.0309979919786803  LUMO = 0.0499807886620761
cycle= 192 E= -2337.51407249501  delta_E=  130  |g|= 17.2  |ddm|= 39.7
  HOMO = -0.076017375575455  LUMO = -0.0200135179562881
cycle= 193 E= -2454.1986538412  delta_E= -117  |g|= 8.56  |ddm|= 39.4
  HOMO = -0.0754095664461467  LUMO = -0.0669298528832612
cycle= 194 E= -2473.33030973431  delta_E= -19.1  |g|= 3.45  |ddm|= 12.7
  HOMO = -0.163071971360947  LUMO = -0.137844944353239
cycle= 195 E= -2475.11866873177  delta_E= -1.79  |g|= 1.59  |ddm|= 3.64
  HOMO = -0.110862580089978  LUMO = -0.0921934653788385
cycle= 196 E= -2475.01115050656  delta_E= 0.108  |g|= 1.58  |ddm|= 3.18
  HOMO = -0.139813422373366  LUMO = -0.0997996300435135
cycle= 197 E= -2475.59127506446  delta_E= -0.58  |g|= 0.686  |ddm|= 2.41
  HOMO = -0.148889044580161  LUMO = -0.108311216599203
cycle= 198 E= -2475.60714780695  delta_E= -0.0159  |g|=  0.7  |ddm|= 1.26
  HOMO = -0.141604738206091  LUMO = -0.104265940361216
cycle= 199 E= -2475.69860467911  delta_E= -0.0915  |g|= 0.29  |ddm|= 0.769
  HOMO = -0.14909172377728  LUMO = -0.108279048272451
cycle= 200 E= -2475.67850259703  delta_E= 0.0201  |g|= 0.512  |ddm|= 0.483
  HOMO = -0.142910849510972  LUMO = -0.103178796890303
cycle= 201 E= -2475.69997563785  delta_E= -0.0215  |g|= 0.374  |ddm|= 0.112
  HOMO = -0.134119690481225  LUMO = -0.0955429270504251
cycle= 202 E= -2475.72405044621  delta_E= -0.0241  |g|= 0.0695  |ddm|= 0.249
  HOMO = -0.13204688796723  LUMO = -0.0937954439465296
cycle= 203 E= -2475.72481778951  delta_E= -0.000767  |g|= 0.0296  |ddm|= 0.0981
  HOMO = -0.132560034610096  LUMO = -0.0944188811867069
cycle= 204 E= -2475.72488919008  delta_E= -7.14e-05  |g|= 0.0261  |ddm|= 0.0657
  HOMO = -0.132401964979936  LUMO = -0.09431564118349
cycle= 205 E= -2475.72508792008  delta_E= -0.000199  |g|= 0.00711  |ddm|= 0.0361
  HOMO = -0.132239892368681  LUMO = -0.094151306932185
cycle= 206 E= -2475.7250995929  delta_E= -1.17e-05  |g|= 0.00208  |ddm|= 0.00953
  HOMO = -0.132253177662981  LUMO = -0.0941552029258989
cycle= 207 E= -2475.72509986921  delta_E= -2.76e-07  |g|= 0.00168  |ddm|= 0.0035
  HOMO = -0.132189880717357  LUMO = -0.0940833842113162
cycle= 208 E= -2475.72509999536  delta_E= -1.26e-07  |g|= 0.00159  |ddm|= 0.00353
  HOMO = -0.132238578810043  LUMO = -0.0941317837991934
cycle= 209 E= -2475.72510069978  delta_E= -7.04e-07  |g|= 0.000191  |ddm|= 0.00205
  HOMO = -0.13224141590713  LUMO = -0.09413514784347
cycle= 210 E= -2475.72510064002  delta_E= 5.98e-08  |g|= 0.000501  |ddm|= 0.000806
  HOMO = -0.13225078815681  LUMO = -0.0941418841783081
cycle= 211 E= -2475.7251006962  delta_E= -5.62e-08  |g|= 0.000275  |ddm|= 0.000683
  HOMO = -0.132239977635612  LUMO = -0.0941328689099597
cycle= 212 E= -2475.72510070833  delta_E= -1.21e-08  |g|= 8.85e-05  |ddm|= 0.000278
  HOMO = -0.132241585079164  LUMO = -0.0941343545258984
cycle= 213 E= -2475.72510071014  delta_E= -1.81e-09  |g|= 2.14e-05  |ddm|= 0.000109
  HOMO = -0.132241484483513  LUMO = -0.0941344047852294
cycle= 214 E= -2475.72510070994  delta_E= 1.98e-10  |g|= 3.42e-05  |ddm|= 6.44e-05
  HOMO = -0.132241009424064  LUMO = -0.0941340546568729
cycle= 215 E= -2475.72510071026  delta_E= -3.2e-10  |g|= 1.29e-05  |ddm|= 4.79e-05
  HOMO = -0.132241357408254  LUMO = -0.0941344010732534
cycle= 216 E= -2475.7251007103  delta_E= -4.09e-11  |g|= 5.22e-06  |ddm|= 1.8e-05
  HOMO = -0.132241284162062  LUMO = -0.094134286435113
cycle= 217 E= -2475.7251007103  delta_E= 3.64e-12  |g|= 2.38e-06  |ddm|= 7.28e-06
  HOMO = -0.132241426974141  LUMO = -0.0941344122757722
cycle= 218 E= -2475.7251007103  delta_E= -6.37e-12  |g|= 2.56e-06  |ddm|= 5.18e-06
  HOMO = -0.132241358418952  LUMO = -0.0941343465791929
cycle= 219 E= -2475.72510071031  delta_E= -2.73e-12  |g|= 7.18e-07  |ddm|= 3.66e-06
  HOMO = -0.132241534254242  LUMO = -0.0941344838031662
Extra cycle  E= -2475.72510071029  delta_E= 1.27e-11  |g|= 6.52e-06  |ddm|= 5.61e-06
converged SCF energy = -2475.72510071029
AOs:  [0, 1, 2, 3, 4, 5, 6, 7, 8, 9, 10, 11, 12, 13, 14, 15, 16, 17, 18, 19, 20, 21, 22, 23, 24, 25, 26, 27, 28, 29, 30]
31

 AO indices used for projection:  [0, 1, 2, 3, 5, 6, 7, 8, 9, 10, 14, 15, 16, 17, 18]
 # of orbitals to keep:  15
517
15
Number of Active MOs:  15
Number of Environment MOs:  96
Number of Virtual MOs:  406
 # electrons:            α            β
         Env:  96.00000000  96.00000000
         Act:  15.00000000  15.00000000
         Vir:   0.00000000   0.00000000
Number of electrons in the active space:  30

 The density matrix is idempotent!

 The density matrix is idempotent!


******** <class 'pyscf.scf.hf.RHF'> ********
method = RHF
initial guess = minao
damping factor = 0
level_shift factor = 0
DIIS = <class 'pyscf.scf.diis.CDIIS'>
diis_start_cycle = 1
diis_space = 8
SCF conv_tol = 1e-09
SCF conv_tol_grad = 1e-06
SCF max_cycles = 200
direct_scf = True
direct_scf_tol = 1e-13
chkfile to save SCF result = subsys_scf.chk
max_memory 900000 MB (current use 73002 MB)
init E= 2179.32605883735
  HOMO = -0.309060452424001  LUMO = 0.0532434520340552
cycle= 1 E= 2179.23237307455  delta_E= -0.0937  |g|= 0.316  |ddm|= 0.997
  HOMO = -0.242224684453442  LUMO = 0.0571454128188805
cycle= 2 E= 2179.21803751602  delta_E= -0.0143  |g|= 0.388  |ddm|= 0.714
  HOMO = -0.274373143592699  LUMO = 0.0554187489045874
cycle= 3 E= 2179.1903341123  delta_E= -0.0277  |g|= 0.0813  |ddm|= 0.495
  HOMO = -0.270028111526666  LUMO = 0.0557358126270988
cycle= 4 E= 2179.18448142936  delta_E= -0.00585  |g|= 0.0155  |ddm|= 0.248
  HOMO = -0.269335520346505  LUMO = 0.0555635642468538
cycle= 5 E= 2179.18435173812  delta_E= -0.00013  |g|= 0.00201  |ddm|= 0.0437
  HOMO = -0.269340908571863  LUMO = 0.0555663746570269
cycle= 6 E= 2179.18434818886  delta_E= -3.55e-06  |g|= 0.00118  |ddm|= 0.00541
  HOMO = -0.269278291289895  LUMO = 0.055576812182048
cycle= 7 E= 2179.18434628384  delta_E= -1.91e-06  |g|= 0.000854  |ddm|= 0.00318
  HOMO = -0.269248320341028  LUMO = 0.055587272195203
cycle= 8 E= 2179.18434422915  delta_E= -2.05e-06  |g|= 0.00043  |ddm|= 0.0048
  HOMO = -0.269265524804319  LUMO = 0.0555826742065723
cycle= 9 E= 2179.18434362421  delta_E= -6.05e-07  |g|= 0.000102  |ddm|= 0.0036
  HOMO = -0.269267309197894  LUMO = 0.0555821457847149
cycle= 10 E= 2179.18434360238  delta_E= -2.18e-08  |g|= 3.78e-05  |ddm|= 0.000673
  HOMO = -0.269269308334608  LUMO = 0.0555819496465612
cycle= 11 E= 2179.18434360042  delta_E= -1.96e-09  |g|= 2.68e-05  |ddm|= 0.000124
  HOMO = -0.269270512268477  LUMO = 0.0555817868261077
cycle= 12 E= 2179.18434359925  delta_E= -1.16e-09  |g|= 2.45e-05  |ddm|= 5.61e-05
  HOMO = -0.26927084403918  LUMO = 0.0555817353662572
cycle= 13 E= 2179.18434359689  delta_E= -2.36e-09  |g|= 2.01e-05  |ddm|= 0.000121
  HOMO = -0.269270545984531  LUMO = 0.0555817575006456
cycle= 14 E= 2179.18434359424  delta_E= -2.65e-09  |g|= 9.27e-06  |ddm|= 0.000322
  HOMO = -0.269270519593742  LUMO = 0.0555817620229389
cycle= 15 E= 2179.1843435931  delta_E= -1.14e-09  |g|= 3.86e-06  |ddm|= 0.000167
  HOMO = -0.269270493187034  LUMO = 0.055581765106711
cycle= 16 E= 2179.1843435928  delta_E= -2.92e-10  |g|= 2.58e-06  |ddm|= 2.92e-05
  HOMO = -0.269270493663382  LUMO = 0.0555817618939718
cycle= 17 E= 2179.1843435936  delta_E= 7.99e-10  |g|= 1.2e-06  |ddm|= 1.66e-05
  HOMO = -0.269270507056403  LUMO = 0.0555817612867303
cycle= 18 E= 2179.18434359291  delta_E= -6.9e-10  |g|= 4.33e-07  |ddm|= 8.35e-06
  HOMO = -0.269270513073439  LUMO = 0.0555817602901138
Extra cycle  E= 2179.18434359442  delta_E= 1.51e-09  |g|= 3.38e-07  |ddm|= 1.24e-06
converged SCF energy = 2179.18434359442
Difference in energy:  -1022.468943985527
E(MP2) = 2178.8249495379  E_corr = -0.359394056521701
Total energy =  -2474.4550881533987
time elapsed:  456.3669774532318
