

******** <class 'pyscf.dft.rks.RKS'> ********
method = RKS-RHF
initial guess = minao
damping factor = 0
level_shift factor = 0
DIIS = <class 'pyscf.scf.diis.CDIIS'>
diis_start_cycle = 1
diis_space = 8
SCF conv_tol = 1e-09
SCF conv_tol_grad = 1e-06
SCF max_cycles = 1000
direct_scf = True
direct_scf_tol = 1e-13
chkfile to save SCF result = scf.fchk
max_memory 900000 MB (current use 79 MB)
XC library pyscf.dft.libxc version 5.1.7
    S. Lehtola, C. Steigemann, M. J. Oliveira, and M. A. Marques, SoftwareX 7, 1 (2018)
XC functionals = pbe
    J. P. Perdew, K. Burke, and M. Ernzerhof, Phys. Rev. Lett. 77, 3865 (1996)
    J. P. Perdew, K. Burke, and M. Ernzerhof, Phys. Rev. Lett. 78, 1396 (1997)
    J. P. Perdew, K. Burke, and M. Ernzerhof, Phys. Rev. Lett. 77, 3865 (1996)
    J. P. Perdew, K. Burke, and M. Ernzerhof, Phys. Rev. Lett. 78, 1396 (1997)
small_rho_cutoff = 1e-07
init E= -2592.68589161385
  HOMO = -0.135589903772632  LUMO = -0.0868627408995437
cycle= 1 E= -2573.86094609638  delta_E= 18.8  |g|= 5.66  |ddm|= 10.4
  HOMO = -0.237014473524233  LUMO = -0.228181875449633
cycle= 2 E= -2429.54073387062  delta_E=  144  |g|= 19.3  |ddm|=   96
  HOMO = -0.172155222180455  LUMO = -0.161702262178377
cycle= 3 E= -2561.20084737966  delta_E= -132  |g|= 9.67  |ddm|=   72
  HOMO = -0.17983538770102  LUMO = -0.153385170978516
cycle= 4 E= -2577.99076904097  delta_E= -16.8  |g|=  6.4  |ddm|= 28.3
  HOMO = -0.163466306075681  LUMO = -0.15355318257668
cycle= 5 E= -2581.56771167959  delta_E= -3.58  |g|= 5.42  |ddm|= 2.88
  HOMO = -0.173674305392783  LUMO = -0.159425717124983
cycle= 6 E= -2581.35725703462  delta_E= 0.21  |g|= 5.48  |ddm|= 1.05
  HOMO = -0.177939224083354  LUMO = -0.162383560590988
cycle= 7 E= -2581.22391346773  delta_E= 0.133  |g|= 5.53  |ddm|= 0.907
  HOMO = -0.174088591800951  LUMO = -0.161288788483821
cycle= 8 E= -2581.28456956137  delta_E= -0.0607  |g|= 5.52  |ddm|= 0.222
  HOMO = -0.188343748121124  LUMO = -0.164949624851984
cycle= 9 E= -2580.50104132869  delta_E= 0.784  |g|= 5.77  |ddm|= 0.599

WARN: HOMO 0.0213241047794463 == LUMO 0.0215309182922126

cycle= 10 E= -2543.21832631008  delta_E= 37.3  |g|= 13.6  |ddm|= 19.4
  HOMO = -0.0802366990614739  LUMO = -0.00445935374341674
cycle= 11 E= -2571.26238482635  delta_E=  -28  |g|= 6.19  |ddm|= 17.4
  HOMO = -0.203792668973538  LUMO = -0.173448379778835
cycle= 12 E= -2579.84965373922  delta_E= -8.59  |g|= 5.96  |ddm|= 9.81
  HOMO = -0.212032344508582  LUMO = -0.177532232964718
cycle= 13 E= -2580.27538164309  delta_E= -0.426  |g|= 5.83  |ddm|= 0.95
  HOMO = -0.177608754717283  LUMO = -0.158334685725379
cycle= 14 E= -2580.40134751583  delta_E= -0.126  |g|= 5.82  |ddm|= 1.39
  HOMO = -0.185695013461287  LUMO = -0.156326193026916
cycle= 15 E= -2579.6161831628  delta_E= 0.785  |g|= 6.04  |ddm|= 0.976
  HOMO = -0.169639849229971  LUMO = -0.153724437580074
cycle= 16 E= -2579.85245869848  delta_E= -0.236  |g|= 5.97  |ddm|= 0.924
  HOMO = -0.195808688361915  LUMO = -0.153711179753048
cycle= 17 E= -2580.01988212118  delta_E= -0.167  |g|= 5.93  |ddm|= 1.27
  HOMO = -0.188489915696871  LUMO = -0.161724222453043
cycle= 18 E= -2581.6731088334  delta_E= -1.65  |g|= 5.38  |ddm|= 1.52
  HOMO = -0.204329248319623  LUMO = -0.165989478708071
cycle= 19 E= -2580.23329234932  delta_E= 1.44  |g|= 5.86  |ddm|= 1.24
  HOMO = 0.0340471235600504  LUMO = 0.0390071080981041
cycle= 20 E= -2459.28578807612  delta_E=  121  |g|=   14  |ddm|= 33.4
  HOMO = -0.0789590321786266  LUMO = -0.0710420503711569
cycle= 21 E= -2574.34068263494  delta_E= -115  |g|= 5.09  |ddm|= 32.7
  HOMO = -0.167703811706885  LUMO = -0.159670172573336
cycle= 22 E= -2578.53385569882  delta_E= -4.19  |g|= 6.27  |ddm|= 7.64
  HOMO = -0.188009690389672  LUMO = -0.158587204346329
cycle= 23 E= -2579.4261015038  delta_E= -0.892  |g|= 6.11  |ddm|= 1.95
  HOMO = -0.205630690473018  LUMO = -0.164117914159801
cycle= 24 E= -2579.90845307672  delta_E= -0.482  |g|= 5.93  |ddm|= 1.21
  HOMO = -0.201782497816125  LUMO = -0.166103322788844
cycle= 25 E= -2578.89274861294  delta_E= 1.02  |g|= 6.24  |ddm|= 1.53
  HOMO = -0.197038114092581  LUMO = -0.168817890947682
cycle= 26 E= -2579.0055101252  delta_E= -0.113  |g|= 6.21  |ddm|= 0.937
  HOMO = -0.207747764101187  LUMO = -0.16465004684963
cycle= 27 E= -2581.13884804667  delta_E= -2.13  |g|= 5.52  |ddm|= 1.86
  HOMO = -0.194549377023061  LUMO = -0.166047663347232
cycle= 28 E= -2579.07928219409  delta_E= 2.06  |g|= 6.19  |ddm|= 2.14
  HOMO = -0.1924444842184  LUMO = -0.159121210751815
cycle= 29 E= -2579.80960138728  delta_E= -0.73  |g|= 5.99  |ddm|= 1.39
  HOMO = 0.00645189489764791  LUMO = 0.0122482470970652
cycle= 30 E= -2496.26945734608  delta_E= 83.5  |g|= 13.9  |ddm|= 26.5
  HOMO = -0.0857353985145416  LUMO = -0.0339140915334336
cycle= 31 E= -2573.36625652914  delta_E= -77.1  |g|= 5.33  |ddm|= 23.9
  HOMO = -0.166117137869033  LUMO = -0.145990425851514
cycle= 32 E= -2579.33236852468  delta_E= -5.97  |g|=  6.1  |ddm|= 8.35
  HOMO = -0.180884832334204  LUMO = -0.15058758143406
cycle= 33 E= -2579.97810570799  delta_E= -0.646  |g|= 5.93  |ddm|= 0.99
  HOMO = -0.16369462834374  LUMO = -0.142432109020902
cycle= 34 E= -2580.17973293787  delta_E= -0.202  |g|= 5.84  |ddm|=    1
  HOMO = -0.181184423436596  LUMO = -0.138954092776976
cycle= 35 E= -2580.37994843483  delta_E= -0.2  |g|= 5.82  |ddm|= 1.62
  HOMO = -0.168975748069381  LUMO = -0.1518520487278
cycle= 36 E= -2581.64247905989  delta_E= -1.26  |g|= 5.32  |ddm|= 2.02
  HOMO = -0.190790833839336  LUMO = -0.159146554279033
cycle= 37 E= -2580.37853750138  delta_E= 1.26  |g|= 5.79  |ddm|= 2.25
  HOMO = -0.18544087519079  LUMO = -0.152979386076051
cycle= 38 E= -2580.7035724126  delta_E= -0.325  |g|= 5.68  |ddm|=  1.2
  HOMO = -0.197386808189529  LUMO = -0.154645395693445
cycle= 39 E= -2579.88296890782  delta_E= 0.821  |g|= 5.97  |ddm|= 1.13
  HOMO = 0.0263615666836913  LUMO = 0.0361636242013667
cycle= 40 E= -2454.32836701601  delta_E=  126  |g|= 14.9  |ddm|=   42
  HOMO = -0.0813638727167374  LUMO = -0.0728385121358873
cycle= 41 E= -2572.21642095559  delta_E= -118  |g|= 5.87  |ddm|=   41
  HOMO = -0.155718357472516  LUMO = -0.14554845411423
cycle= 42 E= -2578.30256565687  delta_E= -6.09  |g|= 6.11  |ddm|= 8.89
  HOMO = -0.192718763183272  LUMO = -0.148311596417443
cycle= 43 E= -2580.16543843048  delta_E= -1.86  |g|= 5.87  |ddm|= 2.46
  HOMO = -0.183432147673464  LUMO = -0.158503780838821
cycle= 44 E= -2580.27137504543  delta_E= -0.106  |g|= 5.84  |ddm|= 0.816
  HOMO = -0.15661385644973  LUMO = -0.153351137434389
cycle= 45 E= -2581.41348146563  delta_E= -1.14  |g|= 5.44  |ddm|= 3.03
  HOMO = -0.191968589796192  LUMO = -0.153169696680418
cycle= 46 E= -2580.66713606898  delta_E= 0.746  |g|= 5.72  |ddm|= 2.61
  HOMO = -0.191639115553761  LUMO = -0.151864446665773
cycle= 47 E= -2580.41867238868  delta_E= 0.248  |g|= 5.78  |ddm|= 0.889
  HOMO = -0.163999422882639  LUMO = -0.153757049326113
cycle= 48 E= -2581.65215162365  delta_E= -1.23  |g|= 5.29  |ddm|=  1.8
  HOMO = -0.191176584932727  LUMO = -0.150234273514043
cycle= 49 E= -2581.20344182336  delta_E= 0.449  |g|= 5.53  |ddm|= 1.78
  HOMO = 0.0302828176517288  LUMO = 0.0527272355155237
cycle= 50 E= -2447.36319713145  delta_E=  134  |g|=   15  |ddm|= 41.5
  HOMO = -0.106084701750146  LUMO = -0.0827616137182916
cycle= 51 E= -2572.8473249512  delta_E= -125  |g|= 5.76  |ddm|=   41
  HOMO = -0.148457194743739  LUMO = -0.136493154885792
cycle= 52 E= -2578.2683439567  delta_E= -5.42  |g|= 6.21  |ddm|= 8.77
  HOMO = -0.187362291261252  LUMO = -0.14521362139243
cycle= 53 E= -2579.88879928406  delta_E= -1.62  |g|= 5.97  |ddm|= 2.69
  HOMO = -0.190539175666318  LUMO = -0.145939058442825
cycle= 54 E= -2579.99406598837  delta_E= -0.105  |g|= 5.93  |ddm|= 1.48
  HOMO = -0.19732895019438  LUMO = -0.144743210559916
cycle= 55 E= -2579.92463338812  delta_E= 0.0694  |g|= 5.95  |ddm|= 1.07
  HOMO = -0.184870531126769  LUMO = -0.14255502482821
cycle= 56 E= -2580.19927965761  delta_E= -0.275  |g|= 5.87  |ddm|= 0.779
  HOMO = -0.175808740850093  LUMO = -0.147463490110435
cycle= 57 E= -2580.02498808111  delta_E= 0.174  |g|= 5.86  |ddm|= 1.97
  HOMO = -0.204327136349923  LUMO = -0.146658298946483
cycle= 58 E= -2579.95819238925  delta_E= 0.0668  |g|= 5.94  |ddm|= 1.52
  HOMO = -0.185855975115667  LUMO = -0.138390377646406
cycle= 59 E= -2580.38959561531  delta_E= -0.431  |g|= 5.81  |ddm|= 0.73
  HOMO = 0.00020637626507694  LUMO = 0.00929193299333422
cycle= 60 E= -2482.40962261424  delta_E=   98  |g|= 14.6  |ddm|= 26.9
  HOMO = -0.0813573043239499  LUMO = -0.0785946753923582
cycle= 61 E= -2571.87778458126  delta_E= -89.5  |g|= 6.53  |ddm|= 23.9
  HOMO = -0.150596105102733  LUMO = -0.145825823039303
cycle= 62 E= -2579.30510974908  delta_E= -7.43  |g|= 6.07  |ddm|= 9.93
  HOMO = -0.178953406464085  LUMO = -0.152578560832159
cycle= 63 E= -2581.13554301679  delta_E= -1.83  |g|= 5.57  |ddm|= 2.81
  HOMO = -0.176763732623256  LUMO = -0.156881519463401
cycle= 64 E= -2581.40442184612  delta_E= -0.269  |g|= 5.51  |ddm|= 0.84
  HOMO = -0.169328038602416  LUMO = -0.156254541959587
cycle= 65 E= -2581.30081770153  delta_E= 0.104  |g|= 5.52  |ddm|=  1.1
  HOMO = -0.173118840282663  LUMO = -0.158900776783408
cycle= 66 E= -2581.59054687108  delta_E= -0.29  |g|= 5.42  |ddm|= 1.64
  HOMO = -0.177303939014806  LUMO = -0.16629202228371
cycle= 67 E= -2581.79715562074  delta_E= -0.207  |g|= 5.35  |ddm|= 1.53
  HOMO = -0.171856597964002  LUMO = -0.162067678347683
cycle= 68 E= -2581.399280614  delta_E= 0.398  |g|=  5.5  |ddm|= 0.775
  HOMO = -0.172299318950597  LUMO = -0.165084982203791
cycle= 69 E= -2581.01332451351  delta_E= 0.386  |g|= 5.63  |ddm|= 0.47
  HOMO = 0.0283628603184098  LUMO = 0.029935746701772
cycle= 70 E= -2453.33970104952  delta_E=  128  |g|= 18.5  |ddm|= 43.3
  HOMO = -0.0650805944682405  LUMO = -0.0338847767979706
cycle= 71 E= -2566.59624668319  delta_E= -113  |g|= 8.99  |ddm|= 41.4
  HOMO = -0.0540286066561422  LUMO = -0.0478861695912617
cycle= 72 E= -2581.38471390132  delta_E= -14.8  |g|= 5.46  |ddm|= 12.4
  HOMO = -0.186705014215664  LUMO = -0.173621222932836
cycle= 73 E= -2586.54697673923  delta_E= -5.16  |g|=  3.6  |ddm|= 4.72
  HOMO = -0.173076172139964  LUMO = -0.164523863956145
cycle= 74 E= -2585.24700628616  delta_E=  1.3  |g|= 4.31  |ddm|= 2.26
  HOMO = -0.174631491725729  LUMO = -0.158242553435855
cycle= 75 E= -2587.3897979389  delta_E= -2.14  |g|= 2.76  |ddm|= 2.31
  HOMO = -0.162665798866598  LUMO = -0.153437225592712
cycle= 76 E= -2582.21678447648  delta_E= 5.17  |g|= 5.41  |ddm|= 3.81
  HOMO = -0.174477216008986  LUMO = -0.171902427485245
cycle= 77 E= -2584.69516509854  delta_E= -2.48  |g|= 4.45  |ddm|= 2.46
  HOMO = -0.175009257698843  LUMO = -0.169291686981523
cycle= 78 E= -2584.91655029722  delta_E= -0.221  |g|= 4.39  |ddm|= 0.854
  HOMO = -0.175288543725487  LUMO = -0.169432308771139
cycle= 79 E= -2584.91005666514  delta_E= 0.00649  |g|= 4.39  |ddm|= 0.175
  HOMO = -0.150098333098971  LUMO = -0.0969714002003608
cycle= 80 E= -2588.56922556396  delta_E= -3.66  |g|= 0.989  |ddm|=  2.9
  HOMO = -0.105204824893896  LUMO = -0.084412400143055
cycle= 81 E= -2588.16378220361  delta_E= 0.405  |g|= 1.49  |ddm|= 2.68
  HOMO = -0.135024794765677  LUMO = -0.0888378457757032
cycle= 82 E= -2588.74865583674  delta_E= -0.585  |g|= 0.503  |ddm|= 2.17
  HOMO = -0.140949819160552  LUMO = -0.0888910595024685
cycle= 83 E= -2588.81499685671  delta_E= -0.0663  |g|= 0.276  |ddm|= 0.764
  HOMO = -0.13191988851954  LUMO = -0.0872741414013776
cycle= 84 E= -2588.82899704351  delta_E= -0.014  |g|= 0.102  |ddm|= 0.32
  HOMO = -0.135618811282242  LUMO = -0.0866813798824188
cycle= 85 E= -2588.83084076187  delta_E= -0.00184  |g|= 0.0404  |ddm|= 0.128
  HOMO = -0.134960278199109  LUMO = -0.0869937929336519
cycle= 86 E= -2588.83122641848  delta_E= -0.000386  |g|= 0.00951  |ddm|= 0.0469
  HOMO = -0.134826664332013  LUMO = -0.0869609990435463
cycle= 87 E= -2588.83124424105  delta_E= -1.78e-05  |g|= 0.00395  |ddm|= 0.0132
  HOMO = -0.134583280134189  LUMO = -0.0869582652537854
cycle= 88 E= -2588.8312449336  delta_E= -6.93e-07  |g|= 0.00421  |ddm|= 0.00718
  HOMO = -0.134779342245646  LUMO = -0.0869876763618268
cycle= 89 E= -2588.83124788212  delta_E= -2.95e-06  |g|= 0.0019  |ddm|= 0.00488
  HOMO = -0.134700203033065  LUMO = -0.0869666827321002
cycle= 90 E= -2588.83124845941  delta_E= -5.77e-07  |g|= 0.000607  |ddm|= 0.00196
  HOMO = -0.134722441899738  LUMO = -0.0869712600541242
cycle= 91 E= -2588.83124850832  delta_E= -4.89e-08  |g|= 0.000348  |ddm|= 0.000896
  HOMO = -0.134720820226077  LUMO = -0.0869720240498818
cycle= 92 E= -2588.8312485411  delta_E= -3.28e-08  |g|= 9.02e-05  |ddm|= 0.000475
  HOMO = -0.134722796696708  LUMO = -0.0869725813755199
cycle= 93 E= -2588.83124854176  delta_E= -6.55e-10  |g|= 8.54e-05  |ddm|= 0.000181
  HOMO = -0.134722772709764  LUMO = -0.0869718385966983
cycle= 94 E= -2588.83124854339  delta_E= -1.63e-09  |g|= 2.62e-05  |ddm|= 9.43e-05
  HOMO = -0.134722461504838  LUMO = -0.0869721075027945
cycle= 95 E= -2588.83124854347  delta_E= -8.28e-11  |g|= 1.54e-05  |ddm|= 3.13e-05
  HOMO = -0.134722213220114  LUMO = -0.0869720239120988
cycle= 96 E= -2588.83124854352  delta_E= -4.82e-11  |g|= 7.96e-06  |ddm|= 2.09e-05
  HOMO = -0.134721976316132  LUMO = -0.0869720204280888
cycle= 97 E= -2588.83124854352  delta_E= 2.73e-12  |g|= 7.76e-06  |ddm|= 1.31e-05
  HOMO = -0.134722482629256  LUMO = -0.0869720781138151
cycle= 98 E= -2588.83124854353  delta_E= -1e-11  |g|= 7.37e-06  |ddm|= 1.19e-05
  HOMO = -0.134722177422962  LUMO = -0.0869720212307296
cycle= 99 E= -2588.83124854352  delta_E= 5.46e-12  |g|= 2.35e-06  |ddm|= 7.48e-06
  HOMO = -0.134722262968003  LUMO = -0.0869720386269658
cycle= 100 E= -2588.83124854354  delta_E= -1.55e-11  |g|= 1.77e-06  |ddm|= 3.45e-06
  HOMO = -0.134722236644754  LUMO = -0.0869720402399046
cycle= 101 E= -2588.83124854352  delta_E= 1.36e-11  |g|= 6.29e-07  |ddm|= 2.55e-06
  HOMO = -0.1347222658789  LUMO = -0.0869720324065924
Extra cycle  E= -2588.83124854354  delta_E= -1.46e-11  |g|= 2.52e-06  |ddm|= 4.04e-06
converged SCF energy = -2588.83124854354
AOs:  [0, 1, 2, 3, 4, 5, 6, 7, 8, 9, 10, 11, 12, 13, 14, 15, 16, 17, 18, 19, 20, 21, 22, 23, 24, 25, 26, 27, 28, 29, 30, 31, 32, 33, 34, 35, 36, 37, 38, 39, 40, 41, 42, 43, 44, 45, 46, 47, 48, 49, 50, 51, 52, 53, 54, 55, 56, 57, 58, 59, 60, 61, 62, 63, 64, 65, 66, 67, 68, 69, 70, 71, 72, 73, 74, 75, 76, 77, 78, 79, 80, 81, 82, 83, 84, 85, 86, 87, 88, 89, 90, 91, 92, 93, 94, 95, 96, 97, 98, 99, 100, 101, 102, 103, 104, 105, 106, 107, 108, 109, 110, 111, 112, 113, 114, 115, 116, 117, 118, 119, 120, 121, 122, 123, 124, 125, 126, 127, 128, 129, 130, 131, 132, 133, 134, 135, 136, 137, 138, 139, 140, 141, 142, 143, 144, 145, 146, 147, 148, 149, 150, 151, 152, 153, 154, 155, 156, 157, 158, 159, 160, 161, 162, 163, 164, 165, 166, 167, 168, 169, 170, 171, 172, 173, 174, 175, 176, 177, 178, 179, 180, 181, 182, 183, 184, 185, 186, 187, 188, 189, 190, 191, 192, 193, 194, 195, 196, 197, 198, 199, 200, 201, 202, 203, 204, 205, 206, 207, 208, 209, 210, 211, 212, 213, 214, 215, 216, 217, 218, 219, 220, 221, 222, 223, 224, 225, 226, 227, 228, 229, 230, 231, 232, 233, 234, 235, 236, 237, 238, 239, 240, 241, 242, 243, 244, 245, 246, 247, 248, 249, 250, 251, 252, 253, 254, 255, 256, 257, 258, 259, 260, 261, 262, 263, 264, 265, 266, 267, 268]
269
Number of Active MOs:  80
Number of Environment MOs:  38
Number of Virtual MOs:  427
 # electrons:            α            β
         Env:  38.00000000  38.00000000
         Act:  80.00000000  80.00000000
         Vir:   0.00000000   0.00000000
Number of electrons in the active space:  160

 The density matrix is idempotent!

 The density matrix is idempotent!


******** <class 'pyscf.scf.hf.RHF'> ********
method = RHF
initial guess = minao
damping factor = 0
level_shift factor = 0
DIIS = <class 'pyscf.scf.diis.CDIIS'>
diis_start_cycle = 1
diis_space = 8
SCF conv_tol = 1e-09
SCF conv_tol_grad = 1e-06
SCF max_cycles = 200
direct_scf = True
direct_scf_tol = 1e-13
chkfile to save SCF result = subsys_scf.chk
max_memory 900000 MB (current use 89897 MB)
init E= -189.242481806267
  HOMO = -0.192567672614306  LUMO = 0.0542437994833615
cycle= 1 E= -189.545062031889  delta_E= -0.303  |g|= 0.303  |ddm|=  2.5
  HOMO = -0.184650001278129  LUMO = 0.0621434659016514
cycle= 2 E= -189.592159204396  delta_E= -0.0471  |g|= 0.16  |ddm|= 0.553
  HOMO = -0.186933992005078  LUMO = 0.056928410715002
cycle= 3 E= -189.602045730515  delta_E= -0.00989  |g|= 0.101  |ddm|= 0.328
  HOMO = -0.182104038717366  LUMO = 0.0604860016335374
cycle= 4 E= -189.606112262208  delta_E= -0.00407  |g|= 0.018  |ddm|= 0.173
  HOMO = -0.181717857148219  LUMO = 0.0600898602809377
cycle= 5 E= -189.606248695432  delta_E= -0.000136  |g|= 0.00865  |ddm|= 0.035
  HOMO = -0.181506772243296  LUMO = 0.0599366798467122
cycle= 6 E= -189.606271564552  delta_E= -2.29e-05  |g|= 0.00286  |ddm|= 0.0128
  HOMO = -0.181240805147914  LUMO = 0.0599930601231664
cycle= 7 E= -189.60627687041  delta_E= -5.31e-06  |g|= 0.0013  |ddm|= 0.00504
  HOMO = -0.181090144223069  LUMO = 0.0599902923185481
cycle= 8 E= -189.606279242205  delta_E= -2.37e-06  |g|= 0.00072  |ddm|= 0.00448
  HOMO = -0.181060724706387  LUMO = 0.0599784121794521
cycle= 9 E= -189.606279860127  delta_E= -6.18e-07  |g|= 0.000519  |ddm|= 0.00166
  HOMO = -0.181054419351198  LUMO = 0.0599755091179372
cycle= 10 E= -189.606280231003  delta_E= -3.71e-07  |g|= 0.000385  |ddm|= 0.00127
  HOMO = -0.181058672250654  LUMO = 0.0599765292313273
cycle= 11 E= -189.606280588912  delta_E= -3.58e-07  |g|= 0.000191  |ddm|= 0.00197
  HOMO = -0.181066641994672  LUMO = 0.0599777336667181
cycle= 12 E= -189.606280666821  delta_E= -7.79e-08  |g|= 5.93e-05  |ddm|= 0.0011
  HOMO = -0.181070401000295  LUMO = 0.0599778926075417
cycle= 13 E= -189.606280671331  delta_E= -4.51e-09  |g|= 2.44e-05  |ddm|= 0.000272
  HOMO = -0.181069912913728  LUMO = 0.0599787197933023
cycle= 14 E= -189.606280672916  delta_E= -1.58e-09  |g|= 1.41e-05  |ddm|= 7.3e-05
  HOMO = -0.181070388194284  LUMO = 0.0599786544968214
cycle= 15 E= -189.606280673661  delta_E= -7.45e-10  |g|= 8.05e-06  |ddm|= 4.74e-05
  HOMO = -0.181070318199809  LUMO = 0.0599786882495412
cycle= 16 E= -189.606280672169  delta_E= 1.49e-09  |g|= 6.01e-06  |ddm|= 3.2e-05
  HOMO = -0.181070371474313  LUMO = 0.0599786364346421
cycle= 17 E= -189.606280673345  delta_E= -1.18e-09  |g|= 3.42e-06  |ddm|= 3.58e-05
  HOMO = -0.181070327463281  LUMO = 0.0599786429006307
cycle= 18 E= -189.60628067302  delta_E= 3.25e-10  |g|= 1.78e-06  |ddm|= 2.74e-05
  HOMO = -0.181070340833518  LUMO = 0.0599786370237817
cycle= 19 E= -189.606280672685  delta_E= 3.36e-10  |g|= 1.45e-06  |ddm|= 6.31e-06
  HOMO = -0.181070356379048  LUMO = 0.059978634171839
cycle= 20 E= -189.606280672913  delta_E= -2.28e-10  |g|= 1.28e-06  |ddm|= 3.41e-06
  HOMO = -0.181070355124637  LUMO = 0.0599786474455552
cycle= 21 E= -189.606280673545  delta_E= -6.33e-10  |g|= 1.12e-06  |ddm|= 3.85e-06
  HOMO = -0.181070375682713  LUMO = 0.0599786472444858
cycle= 22 E= -189.606280672519  delta_E= 1.03e-09  |g|= 7.87e-07  |ddm|= 8.53e-06
  HOMO = -0.181070381497558  LUMO = 0.0599786477987534
cycle= 23 E= -189.606280672879  delta_E= -3.6e-10  |g|= 4.58e-07  |ddm|= 8.29e-06
  HOMO = -0.18107037143941  LUMO = 0.059978644817247
Extra cycle  E= -189.606280672648  delta_E= 2.31e-10  |g|= 3.92e-07  |ddm|= 1.26e-06
converged SCF energy = -189.606280672648
Difference in energy:  -3634.1210783788756
E(MP2) = -192.655543059568  E_corr = -3.04926238692017
Total energy =  -2586.0891752093094
time elapsed:  309.45561170578003
