

******** <class 'pyscf.dft.rks.RKS'> ********
method = RKS-RHF
initial guess = minao
damping factor = 0
level_shift factor = 0
DIIS = <class 'pyscf.scf.diis.CDIIS'>
diis_start_cycle = 1
diis_space = 8
SCF conv_tol = 1e-09
SCF conv_tol_grad = 1e-06
SCF max_cycles = 1000
direct_scf = True
direct_scf_tol = 1e-13
chkfile to save SCF result = scf.fchk
max_memory 900000 MB (current use 79 MB)
XC library pyscf.dft.libxc version 5.1.7
    S. Lehtola, C. Steigemann, M. J. Oliveira, and M. A. Marques, SoftwareX 7, 1 (2018)
XC functionals = pbe
    J. P. Perdew, K. Burke, and M. Ernzerhof, Phys. Rev. Lett. 77, 3865 (1996)
    J. P. Perdew, K. Burke, and M. Ernzerhof, Phys. Rev. Lett. 78, 1396 (1997)
    J. P. Perdew, K. Burke, and M. Ernzerhof, Phys. Rev. Lett. 77, 3865 (1996)
    J. P. Perdew, K. Burke, and M. Ernzerhof, Phys. Rev. Lett. 78, 1396 (1997)
small_rho_cutoff = 1e-07
init E= -2479.39981693459
  HOMO = -0.134878995983579  LUMO = -0.0691459258567007
cycle= 1 E= -2460.75331207071  delta_E= 18.6  |g|= 5.48  |ddm|= 10.3
  HOMO = -0.231775807630212  LUMO = -0.20562212763673
cycle= 2 E= -2322.76815184104  delta_E=  138  |g|= 18.9  |ddm|= 95.4
  HOMO = -0.164302643785781  LUMO = -0.160803233764473
cycle= 3 E= -2447.05311353122  delta_E= -124  |g|= 9.43  |ddm|= 71.8
  HOMO = -0.179545259260248  LUMO = -0.162341576348356
cycle= 4 E= -2465.18138164002  delta_E= -18.1  |g|=  6.2  |ddm|=   28
  HOMO = -0.153349547044158  LUMO = -0.152030215378781
cycle= 5 E= -2470.89975287947  delta_E= -5.72  |g|= 4.83  |ddm|= 3.77
  HOMO = -0.193731586590432  LUMO = -0.161792445859
cycle= 6 E= -2468.23221922242  delta_E= 2.67  |g|= 5.42  |ddm|= 2.62
  HOMO = -0.190298991525062  LUMO = -0.163346481516365
cycle= 7 E= -2467.96738787893  delta_E= 0.265  |g|= 5.51  |ddm|= 0.278
  HOMO = -0.180561029135176  LUMO = -0.162247833294003
cycle= 8 E= -2467.9725977886  delta_E= -0.00521  |g|= 5.52  |ddm|= 0.67
  HOMO = -0.172477256813289  LUMO = -0.163127158598604
cycle= 9 E= -2467.58248322207  delta_E= 0.39  |g|= 5.64  |ddm|= 0.967
  HOMO = 0.0238375097062698  LUMO = 0.0259747927453119
cycle= 10 E= -2386.22387332862  delta_E= 81.4  |g|=   15  |ddm|= 21.1
  HOMO = -0.0833313472408582  LUMO = -0.0369288582920685
cycle= 11 E= -2458.86424610757  delta_E= -72.6  |g|=  5.9  |ddm|= 18.1
  HOMO = -0.209847563881739  LUMO = -0.171330174397885
cycle= 12 E= -2467.57772237129  delta_E= -8.71  |g|= 5.64  |ddm|= 9.24
  HOMO = -0.202937328932924  LUMO = -0.165662673916045
cycle= 13 E= -2466.33447704736  delta_E= 1.24  |g|= 5.99  |ddm|= 0.872
  HOMO = -0.1933927008475  LUMO = -0.156524516464247
cycle= 14 E= -2466.36081496387  delta_E= -0.0263  |g|= 5.98  |ddm|= 1.26
  HOMO = -0.181130008511071  LUMO = -0.138961096480925
cycle= 15 E= -2468.37626550617  delta_E= -2.02  |g|= 5.36  |ddm|=  1.9
  HOMO = -0.185647715831183  LUMO = -0.15659819655027
cycle= 16 E= -2467.26154045859  delta_E= 1.11  |g|= 5.74  |ddm|= 1.76
  HOMO = -0.210495142314942  LUMO = -0.171030231319808
cycle= 17 E= -2467.0329359474  delta_E= 0.229  |g|=  5.8  |ddm|= 0.858
  HOMO = -0.20618812163035  LUMO = -0.172510530264221
cycle= 18 E= -2466.97738569357  delta_E= 0.0556  |g|= 5.81  |ddm|= 0.492
  HOMO = -0.210010093000625  LUMO = -0.172364259177867
cycle= 19 E= -2466.44033284961  delta_E= 0.537  |g|= 5.96  |ddm|= 0.559
  HOMO = 0.0254894005158177  LUMO = 0.0331899899247036
cycle= 20 E= -2383.33628188093  delta_E= 83.1  |g|= 13.4  |ddm|= 25.4
  HOMO = -0.0655843950442118  LUMO = -0.0487936710114079
cycle= 21 E= -2459.77537833795  delta_E= -76.4  |g|=  5.4  |ddm|= 23.2
  HOMO = -0.158539279724774  LUMO = -0.151009788339162
cycle= 22 E= -2465.464641399  delta_E= -5.69  |g|= 6.05  |ddm|= 8.22
  HOMO = -0.181749494940898  LUMO = -0.177610973167389
cycle= 23 E= -2468.99514902933  delta_E= -3.53  |g|= 5.12  |ddm|= 3.11
  HOMO = -0.160359245585204  LUMO = -0.138738827705634
cycle= 24 E= -2468.62700142841  delta_E= 0.368  |g|= 5.29  |ddm|= 2.13
  HOMO = -0.174078569586917  LUMO = -0.149768891242465
cycle= 25 E= -2468.66282705938  delta_E= -0.0358  |g|= 5.29  |ddm|= 1.47
  HOMO = -0.180001761133589  LUMO = -0.156085466498405
cycle= 26 E= -2468.56568612967  delta_E= 0.0971  |g|= 5.31  |ddm|= 0.788
  HOMO = -0.175249244053652  LUMO = -0.15438152270526
cycle= 27 E= -2468.74499439789  delta_E= -0.179  |g|= 5.25  |ddm|= 0.621
  HOMO = -0.150251511435427  LUMO = -0.14850683966939
cycle= 28 E= -2470.08844385506  delta_E= -1.34  |g|= 4.99  |ddm|= 1.47
  HOMO = -0.191520827684141  LUMO = -0.156161237563577
cycle= 29 E= -2468.48940354776  delta_E=  1.6  |g|= 5.33  |ddm|= 1.55
  HOMO = 0.0311862186050116  LUMO = 0.0437809224572054
cycle= 30 E= -2357.40889963361  delta_E=  111  |g|= 14.1  |ddm|= 30.5
  HOMO = -0.0860124350611023  LUMO = -0.0433541462452793
cycle= 31 E= -2459.58059424929  delta_E= -102  |g|= 5.81  |ddm|= 29.2
  HOMO = -0.164852781280157  LUMO = -0.152583870447643
cycle= 32 E= -2466.28242560571  delta_E= -6.7  |g|=    6  |ddm|= 9.09
  HOMO = -0.199646615055303  LUMO = -0.153811734862316
cycle= 33 E= -2466.91509662278  delta_E= -0.633  |g|= 5.84  |ddm|= 1.83
  HOMO = -0.199719822398179  LUMO = -0.155568686859308
cycle= 34 E= -2467.11122033733  delta_E= -0.196  |g|= 5.78  |ddm|= 0.53
  HOMO = -0.184549143829259  LUMO = -0.152387453237495
cycle= 35 E= -2467.01854824363  delta_E= 0.0927  |g|= 5.79  |ddm|= 0.972
  HOMO = -0.192747321810351  LUMO = -0.157596433289573
cycle= 36 E= -2467.38376075391  delta_E= -0.365  |g|= 5.69  |ddm|= 1.29
  HOMO = -0.196619009875247  LUMO = -0.152083607147505
cycle= 37 E= -2467.3276016284  delta_E= 0.0562  |g|= 5.72  |ddm|= 0.679
  HOMO = -0.202687267633296  LUMO = -0.152958358575029
cycle= 38 E= -2467.07417541521  delta_E= 0.253  |g|=  5.8  |ddm|= 0.619
  HOMO = -0.203449935700965  LUMO = -0.153686120582478
cycle= 39 E= -2467.03032558318  delta_E= 0.0438  |g|= 5.81  |ddm|= 0.0779
  HOMO = 0.00528999912888948  LUMO = 0.00691881092193831
cycle= 40 E= -2371.61759482572  delta_E= 95.4  |g|= 13.3  |ddm|= 26.7
  HOMO = -0.0850082213185627  LUMO = -0.0729844366456341
cycle= 41 E= -2460.79589085832  delta_E= -89.2  |g|= 5.28  |ddm|= 24.9
  HOMO = -0.184080116267841  LUMO = -0.140434729964986
cycle= 42 E= -2463.96473771187  delta_E= -3.17  |g|= 6.25  |ddm|= 8.14
  HOMO = -0.182197517876055  LUMO = -0.16075662728671
cycle= 43 E= -2466.98941426648  delta_E= -3.02  |g|= 5.79  |ddm|= 3.24
  HOMO = -0.171845844809466  LUMO = -0.16257211980798
cycle= 44 E= -2466.79575062113  delta_E= 0.194  |g|= 5.88  |ddm|= 1.54
  HOMO = -0.171035753710261  LUMO = -0.168214819304172
cycle= 45 E= -2467.09019172406  delta_E= -0.294  |g|=  5.8  |ddm|= 1.02
  HOMO = -0.173628538902873  LUMO = -0.157876725768691
cycle= 46 E= -2466.94727871678  delta_E= 0.143  |g|= 5.86  |ddm|= 1.24
  HOMO = -0.167222622193749  LUMO = -0.165227877635184
cycle= 47 E= -2466.96059544129  delta_E= -0.0133  |g|= 5.83  |ddm|= 1.25
  HOMO = -0.167066629698657  LUMO = -0.165071316212635
cycle= 48 E= -2467.16589597053  delta_E= -0.205  |g|= 5.77  |ddm|= 0.677
  HOMO = -0.17672608295426  LUMO = -0.165435511877646
cycle= 49 E= -2466.87132639575  delta_E= 0.295  |g|= 5.86  |ddm|= 0.712
  HOMO = 0.0374635634016277  LUMO = 0.0417611690443863
cycle= 50 E= -2322.45710952299  delta_E=  144  |g|= 13.8  |ddm|= 33.2
  HOMO = -0.114310749379795  LUMO = -0.0844675551948681
cycle= 51 E= -2458.37893047788  delta_E= -136  |g|= 6.89  |ddm|= 32.6
  HOMO = -0.180260301653754  LUMO = -0.140906842798608
cycle= 52 E= -2466.62633579009  delta_E= -8.25  |g|= 5.93  |ddm|= 10.6
  HOMO = -0.198371045628055  LUMO = -0.150910744933431
cycle= 53 E= -2467.05728546962  delta_E= -0.431  |g|=  5.8  |ddm|=  1.2
  HOMO = -0.183357387114543  LUMO = -0.154573119029366
cycle= 54 E= -2466.80544690241  delta_E= 0.252  |g|= 5.86  |ddm|= 0.947
  HOMO = -0.191837339619004  LUMO = -0.151996758421997
cycle= 55 E= -2466.68582784054  delta_E= 0.12  |g|= 5.92  |ddm|= 0.709
  HOMO = -0.192693007504301  LUMO = -0.152081020146832
cycle= 56 E= -2466.73266937883  delta_E= -0.0468  |g|=  5.9  |ddm|= 0.383
  HOMO = -0.190782785907133  LUMO = -0.151861879166938
cycle= 57 E= -2466.84386980043  delta_E= -0.111  |g|= 5.87  |ddm|= 0.637
  HOMO = -0.197496832543708  LUMO = -0.158824047968384
cycle= 58 E= -2466.7026877908  delta_E= 0.141  |g|= 5.91  |ddm|= 0.834
  HOMO = -0.157766121409429  LUMO = -0.136446111797691
cycle= 59 E= -2468.07507575301  delta_E= -1.37  |g|= 5.52  |ddm|= 1.76
  HOMO = -0.0111752173926174  LUMO = 0.000806521937439913
cycle= 60 E= -2385.57297628496  delta_E= 82.5  |g|= 11.9  |ddm|= 20.1
  HOMO = -0.075562051930332  LUMO = -0.0570722118118364
cycle= 61 E= -2461.61415589461  delta_E=  -76  |g|= 4.99  |ddm|= 18.3
  HOMO = -0.146835599196742  LUMO = -0.137263732381549
cycle= 62 E= -2461.44387576648  delta_E= 0.17  |g|=  6.9  |ddm|= 8.75
  HOMO = -0.18474323882837  LUMO = -0.177654947286891
cycle= 63 E= -2466.55410979057  delta_E= -5.11  |g|= 5.95  |ddm|= 3.86
  HOMO = -0.180835980624627  LUMO = -0.172252166513607
cycle= 64 E= -2466.35774872035  delta_E= 0.196  |g|= 5.95  |ddm|= 2.04
  HOMO = -0.174648938760741  LUMO = -0.169248569880435
cycle= 65 E= -2466.54466160368  delta_E= -0.187  |g|= 5.95  |ddm|= 2.03
  HOMO = -0.173698321281259  LUMO = -0.170786941920707
cycle= 66 E= -2466.6736219548  delta_E= -0.129  |g|= 5.92  |ddm|= 0.481
  HOMO = -0.169977364744137  LUMO = -0.165868126351566
cycle= 67 E= -2466.39474455959  delta_E= 0.279  |g|= 5.95  |ddm|= 1.83
  HOMO = -0.180351774811916  LUMO = -0.160274879955367
cycle= 68 E= -2466.39910554767  delta_E= -0.00436  |g|= 6.01  |ddm|= 1.96
  HOMO = -0.178028239452595  LUMO = -0.161860736957996
cycle= 69 E= -2466.60586298439  delta_E= -0.207  |g|= 5.95  |ddm|= 0.301
  HOMO = 0.0118903175887261  LUMO = 0.0229691722110581
cycle= 70 E= -2336.32628511197  delta_E=  130  |g|= 14.1  |ddm|= 27.8
  HOMO = -0.124502024824651  LUMO = -0.0776402283821699
cycle= 71 E= -2457.94401625908  delta_E= -122  |g|= 7.14  |ddm|= 26.4
  HOMO = -0.161786833854692  LUMO = -0.160536084597637
cycle= 72 E= -2467.01004678852  delta_E= -9.07  |g|= 5.69  |ddm|= 10.5
  HOMO = -0.173670398806643  LUMO = -0.167363700018102
cycle= 73 E= -2468.63718609341  delta_E= -1.63  |g|= 5.32  |ddm|= 2.43
  HOMO = -0.176286971372427  LUMO = -0.168574157130003
cycle= 74 E= -2468.28719818399  delta_E= 0.35  |g|= 5.44  |ddm|= 1.34
  HOMO = -0.177766932693066  LUMO = -0.169939266773369
cycle= 75 E= -2468.35680439687  delta_E= -0.0696  |g|= 5.42  |ddm|= 0.423
  HOMO = -0.172624635776194  LUMO = -0.144452976438704
cycle= 76 E= -2466.07817835137  delta_E= 2.28  |g|= 5.72  |ddm|= 2.78
  HOMO = -0.166659467545987  LUMO = -0.157563015940815
cycle= 77 E= -2468.35901342799  delta_E= -2.28  |g|= 5.39  |ddm|=  2.9
  HOMO = -0.185619474029415  LUMO = -0.163777663597579
cycle= 78 E= -2468.63328125952  delta_E= -0.274  |g|= 5.31  |ddm|= 1.01
  HOMO = -0.154607780861847  LUMO = -0.135418315211076
cycle= 79 E= -2471.46874024716  delta_E= -2.84  |g|= 4.66  |ddm|= 2.77
  HOMO = 0.0169512697584323  LUMO = 0.029144902538487
cycle= 80 E= -2376.4811130973  delta_E=   95  |g|=   14  |ddm|= 26.3
  HOMO = -0.0941346060430904  LUMO = -0.076302242786422
cycle= 81 E= -2460.04115707024  delta_E= -83.6  |g|= 5.66  |ddm|= 24.7
  HOMO = -0.15991763924161  LUMO = -0.144484553141296
cycle= 82 E= -2464.97264855225  delta_E= -4.93  |g|= 6.13  |ddm|= 8.85
  HOMO = -0.173060200314186  LUMO = -0.160995704444592
cycle= 83 E= -2467.36417802495  delta_E= -2.39  |g|= 5.72  |ddm|= 2.53
  HOMO = -0.169686063785862  LUMO = -0.168373148393604
cycle= 84 E= -2467.31471560919  delta_E= 0.0495  |g|= 5.72  |ddm|=  1.3
  HOMO = -0.173902539973408  LUMO = -0.171512128100516
cycle= 85 E= -2466.81415977781  delta_E= 0.501  |g|= 5.82  |ddm|= 1.86
  HOMO = -0.176785618813875  LUMO = -0.165303089968206
cycle= 86 E= -2467.10302641835  delta_E= -0.289  |g|=  5.8  |ddm|= 1.89
  HOMO = -0.167401944689835  LUMO = -0.164009873057411
cycle= 87 E= -2467.08585300121  delta_E= 0.0172  |g|= 5.73  |ddm|= 1.88
  HOMO = -0.16697297634536  LUMO = -0.160822648491893
cycle= 88 E= -2466.85222121305  delta_E= 0.234  |g|= 5.89  |ddm|= 2.42
  HOMO = -0.167516041727967  LUMO = -0.165615367947213
cycle= 89 E= -2467.19759503124  delta_E= -0.345  |g|= 5.79  |ddm|= 1.24
  HOMO = 0.0406646250073912  LUMO = 0.0438903103231248
cycle= 90 E= -2326.86752442054  delta_E=  140  |g|= 14.8  |ddm|= 35.3
  HOMO = -0.100540108955323  LUMO = -0.0966370717749537
cycle= 91 E= -2457.04947996769  delta_E= -130  |g|= 7.49  |ddm|= 34.4
  HOMO = -0.15788862338174  LUMO = -0.149018231601151
cycle= 92 E= -2468.18179219662  delta_E= -11.1  |g|= 5.37  |ddm|= 11.2
  HOMO = -0.15791783515914  LUMO = -0.155828626623926
cycle= 93 E= -2469.05703055065  delta_E= -0.875  |g|= 5.17  |ddm|= 1.94
  HOMO = -0.160761756337502  LUMO = -0.155305622054794
cycle= 94 E= -2469.05461775459  delta_E= 0.00241  |g|= 5.17  |ddm|= 0.946
  HOMO = -0.152462208494346  LUMO = -0.149496799276254
cycle= 95 E= -2469.23934500544  delta_E= -0.185  |g|=  5.1  |ddm|= 0.536
  HOMO = -0.163501746924378  LUMO = -0.161102154257131
cycle= 96 E= -2469.30462840878  delta_E= -0.0653  |g|= 5.12  |ddm|= 0.792
  HOMO = -0.166020685088076  LUMO = -0.156790247671892
cycle= 97 E= -2472.17977673919  delta_E= -2.88  |g|= 4.23  |ddm|= 2.74
  HOMO = -0.182274566756238  LUMO = -0.160414850160978
cycle= 98 E= -2468.77503707246  delta_E=  3.4  |g|= 5.25  |ddm|= 2.94
  HOMO = -0.154165716727112  LUMO = -0.150469829564353
cycle= 99 E= -2471.98198448541  delta_E= -3.21  |g|= 4.37  |ddm|= 2.66
  HOMO = 0.0360001336535496  LUMO = 0.0391076838547142
cycle= 100 E= -2365.34195607325  delta_E=  107  |g|= 13.8  |ddm|= 28.3
  HOMO = -0.0920058276225216  LUMO = -0.0644961565070902
cycle= 101 E= -2460.58825193793  delta_E= -95.2  |g|= 5.38  |ddm|= 27.2
  HOMO = -0.167018501728375  LUMO = -0.14589241137896
cycle= 102 E= -2465.74104302776  delta_E= -5.15  |g|= 6.16  |ddm|= 8.64
  HOMO = -0.169217146718486  LUMO = -0.146015930193314
cycle= 103 E= -2466.37564582377  delta_E= -0.635  |g|= 5.98  |ddm|= 1.11
  HOMO = -0.170548272037435  LUMO = -0.147910995776642
cycle= 104 E= -2466.26637552926  delta_E= 0.109  |g|= 6.02  |ddm|= 0.762
  HOMO = -0.16807340855392  LUMO = -0.148143730132914
cycle= 105 E= -2466.16641640993  delta_E=  0.1  |g|= 6.05  |ddm|= 0.325
  HOMO = -0.199265477571345  LUMO = -0.150303641736345
cycle= 106 E= -2466.39123468482  delta_E= -0.225  |g|= 5.99  |ddm|= 1.15
  HOMO = -0.181703614992707  LUMO = -0.149166223683192
cycle= 107 E= -2466.58453730698  delta_E= -0.193  |g|= 5.93  |ddm|= 0.751
  HOMO = -0.176010426849769  LUMO = -0.144250713067869
cycle= 108 E= -2466.14055359275  delta_E= 0.444  |g|= 6.08  |ddm|= 1.21
  HOMO = -0.169926250317742  LUMO = -0.141257922563932
cycle= 109 E= -2466.43556138878  delta_E= -0.295  |g|= 5.99  |ddm|= 0.324
  HOMO = 0.015813605047796  LUMO = 0.0205921977120821
cycle= 110 E= -2380.46557073802  delta_E=   86  |g|= 13.3  |ddm|= 25.5
  HOMO = -0.104026993976562  LUMO = -0.0406824265589099
cycle= 111 E= -2459.90609132685  delta_E= -79.4  |g|= 5.69  |ddm|= 22.8
  HOMO = -0.177275830288066  LUMO = -0.155567790316908
cycle= 112 E= -2466.61775019667  delta_E= -6.71  |g|= 5.91  |ddm|=  8.6
  HOMO = -0.184720527536452  LUMO = -0.14764866144644
cycle= 113 E= -2467.45214378173  delta_E= -0.834  |g|= 5.68  |ddm|= 1.64
  HOMO = -0.179731275411585  LUMO = -0.144894493124534
cycle= 114 E= -2467.57419479175  delta_E= -0.122  |g|= 5.65  |ddm|= 0.858
  HOMO = -0.183144181589803  LUMO = -0.146705254031643
cycle= 115 E= -2467.5372835489  delta_E= 0.0369  |g|= 5.66  |ddm|= 0.888
  HOMO = -0.187746154522277  LUMO = -0.161059764873559
cycle= 116 E= -2468.07258922575  delta_E= -0.535  |g|= 5.42  |ddm|= 1.44
  HOMO = -0.163438905779822  LUMO = -0.134130368159121
cycle= 117 E= -2467.57559038274  delta_E= 0.497  |g|= 5.66  |ddm|=    2
  HOMO = -0.158331825593698  LUMO = -0.140248658954665
cycle= 118 E= -2467.47707104894  delta_E= 0.0985  |g|= 5.64  |ddm|= 1.96
  HOMO = -0.191356005998294  LUMO = -0.150114592452937
cycle= 119 E= -2467.21900608896  delta_E= 0.258  |g|= 5.76  |ddm|= 1.55
  HOMO = 0.0288386604534072  LUMO = 0.039296296878916
cycle= 120 E= -2337.05188254961  delta_E=  130  |g|= 17.1  |ddm|= 32.3
  HOMO = -0.0613770368275038  LUMO = -0.0453648871226602
cycle= 121 E= -2447.74831452734  delta_E= -111  |g|= 9.75  |ddm|= 32.7
  HOMO = -0.0539209395782511  LUMO = -0.0106803177976987
cycle= 122 E= -2461.72440179246  delta_E=  -14  |g|= 5.02  |ddm|= 11.1
  HOMO = -0.179816226914771  LUMO = -0.168246445272906
cycle= 123 E= -2465.24432376662  delta_E= -3.52  |g|= 6.19  |ddm|= 7.53
  HOMO = -0.200161006405081  LUMO = -0.169230899811681
cycle= 124 E= -2466.88881779749  delta_E= -1.64  |g|= 5.84  |ddm|= 2.79
  HOMO = -0.205684242530288  LUMO = -0.175397527608556
cycle= 125 E= -2467.13707745425  delta_E= -0.248  |g|= 5.71  |ddm|= 1.48
  HOMO = -0.180115059559423  LUMO = -0.162816183249454
cycle= 126 E= -2467.04728981758  delta_E= 0.0898  |g|= 5.78  |ddm|=  1.5
  HOMO = -0.180237763592264  LUMO = -0.164330801548389
cycle= 127 E= -2466.77607494343  delta_E= 0.271  |g|= 5.85  |ddm|= 1.45
  HOMO = -0.202968108864569  LUMO = -0.165238960168389
cycle= 128 E= -2466.97568208761  delta_E= -0.2  |g|= 5.81  |ddm|= 0.761
  HOMO = -0.195805418474671  LUMO = -0.161019719739067
cycle= 129 E= -2467.24514204255  delta_E= -0.269  |g|= 5.74  |ddm|= 0.325
  HOMO = -0.201339016600089  LUMO = -0.164333824976381
cycle= 130 E= -2467.38494457826  delta_E= -0.14  |g|= 5.69  |ddm|= 0.436
  HOMO = 0.0277886675720298  LUMO = 0.0402148602949845
cycle= 131 E= -2368.38274799499  delta_E=   99  |g|= 13.6  |ddm|= 31.1
  HOMO = -0.0812041286571681  LUMO = -0.0527816103277411
cycle= 132 E= -2459.67224457059  delta_E= -91.3  |g|= 5.74  |ddm|= 29.5
  HOMO = -0.156674990686425  LUMO = -0.149736976870899
cycle= 133 E= -2466.11921741751  delta_E= -6.45  |g|= 5.98  |ddm|= 8.83
  HOMO = -0.174399273006602  LUMO = -0.163939089427576
cycle= 134 E= -2467.3884794735  delta_E= -1.27  |g|= 5.66  |ddm|=  2.5
  HOMO = -0.18537523566613  LUMO = -0.157266839346205
cycle= 135 E= -2467.30540519911  delta_E= 0.0831  |g|= 5.72  |ddm|= 1.38
  HOMO = -0.186281585774359  LUMO = -0.159459193375881
cycle= 136 E= -2467.31630529307  delta_E= -0.0109  |g|= 5.72  |ddm|= 0.34
  HOMO = -0.188111650580138  LUMO = -0.156586948803749
cycle= 137 E= -2467.28280310613  delta_E= 0.0335  |g|= 5.73  |ddm|= 0.317
  HOMO = -0.187613993294154  LUMO = -0.158589185165692
cycle= 138 E= -2467.54091952576  delta_E= -0.258  |g|= 5.63  |ddm|= 1.16
  HOMO = -0.189004982294383  LUMO = -0.159552677328138
cycle= 139 E= -2467.37258185557  delta_E= 0.168  |g|=  5.7  |ddm|= 1.21
  HOMO = -0.193205300914083  LUMO = -0.15873871744794
cycle= 140 E= -2466.90350037974  delta_E= 0.469  |g|= 5.85  |ddm|= 0.658
  HOMO = 0.0244249762257637  LUMO = 0.032234476499033
cycle= 141 E= -2314.02813732588  delta_E=  153  |g|= 15.5  |ddm|= 34.1
  HOMO = -0.112719427446548  LUMO = -0.0313106894703397
cycle= 142 E= -2457.18130936376  delta_E= -143  |g|= 6.88  |ddm|= 33.3
  HOMO = -0.161693289177987  LUMO = -0.158434815940607
cycle= 143 E= -2469.48278683196  delta_E= -12.3  |g|= 5.11  |ddm|= 9.98
  HOMO = -0.170215777753827  LUMO = -0.159117257111936
cycle= 144 E= -2468.85164055533  delta_E= 0.631  |g|=  5.2  |ddm|= 1.73
  HOMO = -0.165972708960983  LUMO = -0.155177927962715
cycle= 145 E= -2470.51165485758  delta_E= -1.66  |g|= 4.97  |ddm|= 3.08
  HOMO = -0.170006895301032  LUMO = -0.164317764141947
cycle= 146 E= -2472.46328530371  delta_E= -1.95  |g|= 3.92  |ddm|= 2.43
  HOMO = -0.169325036693206  LUMO = -0.164136857388697
cycle= 147 E= -2468.81763273232  delta_E= 3.65  |g|= 5.24  |ddm|= 3.09
  HOMO = -0.175828658993943  LUMO = -0.163734020903465
cycle= 148 E= -2468.60076329625  delta_E= 0.217  |g|=  5.3  |ddm|= 1.32
  HOMO = -0.167110368609035  LUMO = -0.162237637422153
cycle= 149 E= -2469.0803722138  delta_E= -0.48  |g|= 5.15  |ddm|= 0.581
  HOMO = -0.181547241726111  LUMO = -0.16388191171638
cycle= 150 E= -2468.66730906111  delta_E= 0.413  |g|= 5.28  |ddm|= 0.703
  HOMO = 0.0402103295346145  LUMO = 0.0415091172128303
cycle= 151 E= -2371.21185491052  delta_E= 97.5  |g|= 17.3  |ddm|= 26.9
  HOMO = -0.0864530302939502  LUMO = 0.00495031754826319
cycle= 152 E= -2457.66008678968  delta_E= -86.4  |g|= 6.46  |ddm|= 25.3
  HOMO = -0.180381032025834  LUMO = -0.166958959766705
cycle= 153 E= -2468.57433685133  delta_E= -10.9  |g|= 5.28  |ddm|= 9.23
  HOMO = -0.187347646690346  LUMO = -0.164609954870837
cycle= 154 E= -2468.62461144211  delta_E= -0.0503  |g|= 5.28  |ddm|= 0.56
  HOMO = -0.166700682999816  LUMO = -0.156875288278935
cycle= 155 E= -2471.59720662489  delta_E= -2.97  |g|= 4.49  |ddm|= 2.74
  HOMO = -0.181043030069915  LUMO = -0.168481572231593
cycle= 156 E= -2468.90447521337  delta_E= 2.69  |g|= 5.17  |ddm|= 2.75
  HOMO = -0.175910662220178  LUMO = -0.168448641851048
cycle= 157 E= -2469.02763160256  delta_E= -0.123  |g|= 5.12  |ddm|=  1.3
  HOMO = -0.181214349563233  LUMO = -0.168905370784359
cycle= 158 E= -2468.9884916458  delta_E= 0.0391  |g|= 5.15  |ddm|= 0.927

WARN: HOMO -0.167262384066143 == LUMO -0.166567977944168

cycle= 159 E= -2469.68918648846  delta_E= -0.701  |g|= 5.05  |ddm|= 1.14
  HOMO = -0.199210594642988  LUMO = -0.175456406638399
cycle= 160 E= -2468.47709823909  delta_E= 1.21  |g|= 5.29  |ddm|= 1.06
  HOMO = 0.0414158917826815  LUMO = 0.0436903531150623
cycle= 161 E= -2357.47648139968  delta_E=  111  |g|= 14.4  |ddm|= 33.8
  HOMO = -0.088678376842948  LUMO = -0.0522593270576282
cycle= 162 E= -2459.77900638095  delta_E= -102  |g|= 5.63  |ddm|= 32.7
  HOMO = -0.165078385131308  LUMO = -0.147163587287528
cycle= 163 E= -2466.62959820565  delta_E= -6.85  |g|=  5.9  |ddm|= 8.55
  HOMO = -0.170211306804448  LUMO = -0.155548959990401
cycle= 164 E= -2467.02966389227  delta_E= -0.4  |g|= 5.82  |ddm|= 1.35
  HOMO = -0.174673250847556  LUMO = -0.155662946482782
cycle= 165 E= -2467.34995969172  delta_E= -0.32  |g|=  5.7  |ddm|= 0.757
  HOMO = -0.176039464335093  LUMO = -0.156281415709805
cycle= 166 E= -2467.32473192437  delta_E= 0.0252  |g|= 5.71  |ddm|= 0.335
  HOMO = -0.178770042474696  LUMO = -0.155466078071212
cycle= 167 E= -2467.39720479172  delta_E= -0.0725  |g|= 5.69  |ddm|= 0.595
  HOMO = -0.181143006013846  LUMO = -0.154369533031285
cycle= 168 E= -2467.56405370567  delta_E= -0.167  |g|= 5.63  |ddm|= 0.478
  HOMO = -0.18722491237713  LUMO = -0.158098196145096
cycle= 169 E= -2467.27713623198  delta_E= 0.287  |g|= 5.72  |ddm|= 0.829
  HOMO = -0.179906829773228  LUMO = -0.161000513303021
cycle= 170 E= -2467.12647555808  delta_E= 0.151  |g|= 5.75  |ddm|= 0.721
  HOMO = 0.0244992391726054  LUMO = 0.0282601854361108
cycle= 171 E= -2352.09725171059  delta_E=  115  |g|= 14.7  |ddm|= 30.7
  HOMO = -0.0896864669861373  LUMO = -0.0493704615567874
cycle= 172 E= -2457.99875624776  delta_E= -106  |g|= 6.57  |ddm|= 29.3
  HOMO = -0.152671746175912  LUMO = -0.146999802543992
cycle= 173 E= -2467.3653535638  delta_E= -9.37  |g|=  5.7  |ddm|= 10.2
  HOMO = -0.181547467741989  LUMO = -0.157724866063818
cycle= 174 E= -2468.62256554058  delta_E= -1.26  |g|= 5.27  |ddm|= 1.75
  HOMO = -0.170020810383069  LUMO = -0.151458598381026
cycle= 175 E= -2468.09148313558  delta_E= 0.531  |g|= 5.44  |ddm|= 1.88
  HOMO = -0.170494430621362  LUMO = -0.151844474361961
cycle= 176 E= -2468.28878560794  delta_E= -0.197  |g|= 5.35  |ddm|= 1.65
  HOMO = -0.1671212732051  LUMO = -0.157988524712927
cycle= 177 E= -2468.58045703629  delta_E= -0.292  |g|= 5.27  |ddm|= 1.33
  HOMO = -0.179991903614579  LUMO = -0.157174100349783
cycle= 178 E= -2468.27575256052  delta_E= 0.305  |g|= 5.42  |ddm|= 0.786
  HOMO = -0.181975038828012  LUMO = -0.154250088501535
cycle= 179 E= -2468.0089311646  delta_E= 0.267  |g|= 5.51  |ddm|= 0.736
  HOMO = -0.177363409671487  LUMO = -0.153414011554878
cycle= 180 E= -2468.00373601721  delta_E= 0.0052  |g|= 5.53  |ddm|= 1.13
  HOMO = 0.0354249148780776  LUMO = 0.0420251872364344
cycle= 181 E= -2341.48053316056  delta_E=  127  |g|= 14.6  |ddm|= 33.1
  HOMO = -0.106363950296523  LUMO = -0.0456287913856349
cycle= 182 E= -2458.49090812108  delta_E= -117  |g|= 6.33  |ddm|= 32.6
  HOMO = -0.170087057534708  LUMO = -0.152474977527587
cycle= 183 E= -2467.61390403536  delta_E= -9.12  |g|= 5.58  |ddm|= 9.76
  HOMO = -0.19536723062921  LUMO = -0.152625598283186
cycle= 184 E= -2467.76528453603  delta_E= -0.151  |g|= 5.58  |ddm|= 1.45
  HOMO = -0.168521764707921  LUMO = -0.147937786611105
cycle= 185 E= -2467.25349076115  delta_E= 0.512  |g|= 5.71  |ddm|= 1.53
  HOMO = -0.181665968525329  LUMO = -0.153724876006496
cycle= 186 E= -2467.9349700632  delta_E= -0.681  |g|= 5.51  |ddm|= 1.69
  HOMO = -0.176475090385344  LUMO = -0.15264844057836
cycle= 187 E= -2467.37575511067  delta_E= 0.559  |g|= 5.69  |ddm|= 1.43
  HOMO = -0.198038830847713  LUMO = -0.153229264537912
cycle= 188 E= -2467.36968643939  delta_E= 0.00607  |g|= 5.71  |ddm|= 0.848
  HOMO = -0.190804298574305  LUMO = -0.153290724873803
cycle= 189 E= -2467.9586212591  delta_E= -0.589  |g|=  5.5  |ddm|= 0.809
  HOMO = -0.185101527851692  LUMO = -0.148348787914343
cycle= 190 E= -2468.01304936857  delta_E= -0.0544  |g|= 5.51  |ddm|= 1.05
  HOMO = 0.014202030454017  LUMO = 0.0205873225669406
cycle= 191 E= -2376.18446684832  delta_E= 91.8  |g|= 12.9  |ddm|= 24.9
  HOMO = -0.0950087903172252  LUMO = -0.0721898486785006
cycle= 192 E= -2460.111373755  delta_E= -83.9  |g|= 5.55  |ddm|=   23
  HOMO = -0.168995201061833  LUMO = -0.12518212432646
cycle= 193 E= -2463.340389989  delta_E= -3.23  |g|= 6.49  |ddm|=  9.4
  HOMO = -0.164481917686838  LUMO = -0.149376397601378
cycle= 194 E= -2466.45535594509  delta_E= -3.11  |g|= 5.97  |ddm|= 3.16
  HOMO = -0.170237842823449  LUMO = -0.157124915527384
cycle= 195 E= -2466.72498838794  delta_E= -0.27  |g|=  5.9  |ddm|= 1.16
  HOMO = -0.187786777763626  LUMO = -0.156489494692676
cycle= 196 E= -2466.83006220564  delta_E= -0.105  |g|= 5.88  |ddm|= 1.01
  HOMO = -0.182468760595749  LUMO = -0.148365880067221
cycle= 197 E= -2466.83468601905  delta_E= -0.00462  |g|= 5.88  |ddm|= 0.761
  HOMO = -0.174278721567763  LUMO = -0.156194578056549
cycle= 198 E= -2466.77521292223  delta_E= 0.0595  |g|= 5.87  |ddm|= 1.18
  HOMO = -0.181761322105094  LUMO = -0.154170418420184
cycle= 199 E= -2466.71834591454  delta_E= 0.0569  |g|= 5.91  |ddm|= 0.809
  HOMO = -0.177208403332058  LUMO = -0.152920025948098
cycle= 200 E= -2466.98510278154  delta_E= -0.267  |g|= 5.83  |ddm|= 0.387
  HOMO = 0.000762560806806315  LUMO = 0.0110965216705177
cycle= 201 E= -2360.00769990701  delta_E=  107  |g|= 13.7  |ddm|= 28.8
  HOMO = -0.0927535948507315  LUMO = -0.0673211207966102
cycle= 202 E= -2459.28682437947  delta_E= -99.3  |g|= 6.15  |ddm|= 27.6
  HOMO = -0.15652361776047  LUMO = -0.134980017353671
cycle= 203 E= -2463.67626023492  delta_E= -4.39  |g|= 6.45  |ddm|= 9.88
  HOMO = -0.156122478471727  LUMO = -0.149056158005332
cycle= 204 E= -2466.07606394312  delta_E= -2.4  |g|= 6.01  |ddm|= 3.04
  HOMO = -0.153349170217573  LUMO = -0.146536251370584
cycle= 205 E= -2465.43886903107  delta_E= 0.637  |g|= 6.11  |ddm|= 2.88
  HOMO = -0.164836880928939  LUMO = -0.147884772070071
cycle= 206 E= -2466.76218564101  delta_E= -1.32  |g|= 5.87  |ddm|= 2.29
  HOMO = -0.1803483137405  LUMO = -0.151234016044027
cycle= 207 E= -2466.98248034517  delta_E= -0.22  |g|= 5.81  |ddm|= 0.948
  HOMO = -0.179500477569108  LUMO = -0.148665901496189
cycle= 208 E= -2467.0599546756  delta_E= -0.0775  |g|=  5.8  |ddm|= 0.938
  HOMO = -0.175311055728887  LUMO = -0.148812089100858
cycle= 209 E= -2467.01816830376  delta_E= 0.0418  |g|= 5.81  |ddm|= 0.521
  HOMO = -0.153529802987679  LUMO = -0.139920735336828
cycle= 210 E= -2467.57397666143  delta_E= -0.556  |g|= 5.65  |ddm|= 0.796
  HOMO = 0.00891212608542108  LUMO = 0.0117313817135838
cycle= 211 E= -2365.51576572515  delta_E=  102  |g|= 15.5  |ddm|= 23.2
  HOMO = -0.0835099409488994  LUMO = -0.0266518971728116
cycle= 212 E= -2455.85589794626  delta_E= -90.3  |g|= 8.29  |ddm|= 20.7
  HOMO = -0.120835792828718  LUMO = -0.0871004994045019
cycle= 213 E= -2475.35882656593  delta_E= -19.5  |g|= 1.41  |ddm|= 11.4
  HOMO = -0.141295555537465  LUMO = -0.127858784657086
cycle= 214 E= -2474.35525353889  delta_E=    1  |g|= 2.41  |ddm|= 3.13
  HOMO = -0.145833904574848  LUMO = -0.107043889339769
cycle= 215 E= -2475.59747247755  delta_E= -1.24  |g|= 0.685  |ddm|= 2.58
  HOMO = -0.144847514789684  LUMO = -0.104318035584337
cycle= 216 E= -2475.5842421706  delta_E= 0.0132  |g|= 0.735  |ddm|= 1.39
  HOMO = -0.138252572107963  LUMO = -0.0999646990329027
cycle= 217 E= -2475.68811528431  delta_E= -0.104  |g|= 0.366  |ddm|= 0.706
  HOMO = -0.146319150532225  LUMO = -0.106665737098204
cycle= 218 E= -2475.68923567574  delta_E= -0.00112  |g|= 0.429  |ddm|= 0.492
  HOMO = -0.141749946605207  LUMO = -0.102171951511375
cycle= 219 E= -2475.7056809991  delta_E= -0.0164  |g|= 0.329  |ddm|=  0.2
  HOMO = -0.138671856821481  LUMO = -0.0994537524739022
cycle= 220 E= -2475.71458220639  delta_E= -0.0089  |g|= 0.246  |ddm|= 0.123
  HOMO = -0.1245719130199  LUMO = -0.0880426405995122
cycle= 221 E= -2475.71070331709  delta_E= 0.00388  |g|= 0.279  |ddm|= 0.376
  HOMO = -0.134747011075973  LUMO = -0.0966114447495461
cycle= 222 E= -2475.7233894523  delta_E= -0.0127  |g|= 0.0809  |ddm|= 0.283
  HOMO = -0.131774676457587  LUMO = -0.0936967643694691
cycle= 223 E= -2475.72499869524  delta_E= -0.00161  |g|= 0.0218  |ddm|= 0.107
  HOMO = -0.132225126270727  LUMO = -0.0941620368030854
cycle= 224 E= -2475.72508842032  delta_E= -8.97e-05  |g|= 0.0073  |ddm|= 0.0233
  HOMO = -0.132210449411717  LUMO = -0.0941079870594868
cycle= 225 E= -2475.72509730127  delta_E= -8.88e-06  |g|= 0.00335  |ddm|= 0.0106
  HOMO = -0.132182138474127  LUMO = -0.0940716689033172
cycle= 226 E= -2475.72509816178  delta_E= -8.61e-07  |g|= 0.00299  |ddm|= 0.00637
  HOMO = -0.132208847796202  LUMO = -0.0941070148459913
cycle= 227 E= -2475.72509818722  delta_E= -2.54e-08  |g|= 0.00278  |ddm|= 0.00577
  HOMO = -0.132229337305688  LUMO = -0.0941243199691333
cycle= 228 E= -2475.72510067725  delta_E= -2.49e-06  |g|= 0.00034  |ddm|= 0.00377
  HOMO = -0.132265592590839  LUMO = -0.0941554252958175
cycle= 229 E= -2475.72510053353  delta_E= 1.44e-07  |g|= 0.00086  |ddm|= 0.00121
  HOMO = -0.132250626925001  LUMO = -0.0941406814898379
cycle= 230 E= -2475.7251006668  delta_E= -1.33e-07  |g|= 0.000452  |ddm|= 0.001
  HOMO = -0.132243895558943  LUMO = -0.0941371779112403
cycle= 231 E= -2475.72510070882  delta_E= -4.2e-08  |g|= 7.5e-05  |ddm|= 0.000415
  HOMO = -0.132240614097222  LUMO = -0.0941337264759133
cycle= 232 E= -2475.72510071  delta_E= -1.18e-09  |g|= 3.79e-05  |ddm|= 0.000124
  HOMO = -0.13224081675501  LUMO = -0.094133877014245
cycle= 233 E= -2475.7251007101  delta_E= -9.37e-11  |g|= 3e-05  |ddm|= 4.69e-05
  HOMO = -0.132241278571518  LUMO = -0.0941342274287089
cycle= 234 E= -2475.72510071027  delta_E= -1.78e-10  |g|= 1.05e-05  |ddm|= 3.51e-05
  HOMO = -0.132241421767218  LUMO = -0.0941343808218771
cycle= 235 E= -2475.72510071029  delta_E= -1.55e-11  |g|= 8.11e-06  |ddm|= 2.28e-05
  HOMO = -0.132241440550261  LUMO = -0.0941344184636943
cycle= 236 E= -2475.7251007103  delta_E= -1e-11  |g|= 5.92e-06  |ddm|= 1.43e-05
  HOMO = -0.13224154156264  LUMO = -0.09413451364177
cycle= 237 E= -2475.72510071029  delta_E= 1.27e-11  |g|= 8.66e-06  |ddm|= 1.42e-05
  HOMO = -0.13224133722062  LUMO = -0.094134322841991
cycle= 238 E= -2475.72510071031  delta_E= -2.82e-11  |g|= 6.38e-07  |ddm|= 1.02e-05
  HOMO = -0.132241453361595  LUMO = -0.094134430264835
Extra cycle  E= -2475.7251007103  delta_E= 1.27e-11  |g|= 2.63e-06  |ddm|= 3.14e-06
converged SCF energy = -2475.7251007103
AOs:  [0, 1, 2, 3, 4, 5, 6, 7, 8, 9, 10, 11, 12, 13, 14, 15, 16, 17, 18, 19, 20, 21, 22, 23, 24, 25, 26, 27, 28, 29, 30, 31, 32, 33, 34, 35, 36, 37, 38, 39, 40, 41, 42, 43, 44, 45, 46, 47, 48, 49, 50, 51, 52, 53, 54, 55, 56, 57, 58, 59, 60, 61, 62, 63, 64, 65, 66, 67, 68, 69, 70, 71, 72, 73, 74, 75, 76, 77, 78, 79, 80, 81, 82, 83, 84, 85, 86, 87, 88, 89, 90, 91, 92, 93, 94, 95, 96, 97, 98, 99, 100, 101, 102, 103, 104, 105, 106, 107, 108, 109, 110, 111, 112, 113, 114, 115, 116, 117, 118, 119, 120, 121, 122, 123, 124, 125, 126, 127, 128, 129, 130, 131, 132, 133, 134, 135, 136, 137, 138, 139, 140, 141, 142, 143, 144, 145, 146, 147, 148, 149, 150, 151, 152, 153, 154, 155, 156, 157, 158, 159, 160, 161, 162, 163, 164, 165, 166, 167, 168, 169, 170, 171, 172, 173, 174, 175, 176, 177, 178, 179, 180, 181, 182, 183, 184, 185, 186, 187, 188, 189, 190, 191, 192, 193, 194, 195, 196, 197, 198, 199, 200, 201, 202, 203, 204, 205, 206, 207, 208, 209, 210, 211, 212, 213, 214, 215, 216, 217, 218, 219, 220, 221, 222, 223, 224, 225, 226, 227, 228, 229, 230, 231, 232, 233, 234, 235, 236, 237, 238, 239, 240]
241
Number of Active MOs:  73
Number of Environment MOs:  38
Number of Virtual MOs:  406
 # electrons:            α            β
         Env:  38.00000000  38.00000000
         Act:  73.00000000  73.00000000
         Vir:   0.00000000   0.00000000
Number of electrons in the active space:  146

 The density matrix is idempotent!

 The density matrix is idempotent!


******** <class 'pyscf.scf.hf.RHF'> ********
method = RHF
initial guess = minao
damping factor = 0
level_shift factor = 0
DIIS = <class 'pyscf.scf.diis.CDIIS'>
diis_start_cycle = 1
diis_space = 8
SCF conv_tol = 1e-09
SCF conv_tol_grad = 1e-06
SCF max_cycles = 200
direct_scf = True
direct_scf_tol = 1e-13
chkfile to save SCF result = subsys_scf.chk
max_memory 900000 MB (current use 72989 MB)
init E= -185.227592788335
  HOMO = -0.192412137087084  LUMO = 0.0547273207289872
cycle= 1 E= -185.514278749992  delta_E= -0.287  |g|= 0.282  |ddm|= 2.46
  HOMO = -0.187645482708099  LUMO = 0.0594405862668489
cycle= 2 E= -185.561950530649  delta_E= -0.0477  |g|= 0.132  |ddm|= 0.526
  HOMO = -0.187781685184893  LUMO = 0.0559515104445336
cycle= 3 E= -185.571389649005  delta_E= -0.00944  |g|= 0.0861  |ddm|= 0.32
  HOMO = -0.183572687459619  LUMO = 0.0589833414864952
cycle= 4 E= -185.574582703162  delta_E= -0.00319  |g|= 0.0151  |ddm|= 0.156
  HOMO = -0.183369673535532  LUMO = 0.0582583454969162
cycle= 5 E= -185.574702642798  delta_E= -0.00012  |g|= 0.00704  |ddm|= 0.0339
  HOMO = -0.183022719653154  LUMO = 0.0581966652892777
cycle= 6 E= -185.574722597376  delta_E= -2e-05  |g|= 0.00314  |ddm|= 0.0135
  HOMO = -0.182759430738053  LUMO = 0.0582393728909249
cycle= 7 E= -185.574728737785  delta_E= -6.14e-06  |g|= 0.00145  |ddm|= 0.00546
  HOMO = -0.182595976953201  LUMO = 0.0582191460296389
cycle= 8 E= -185.57473189589  delta_E= -3.16e-06  |g|= 0.000792  |ddm|= 0.00547
  HOMO = -0.182571102029208  LUMO = 0.0582084672734622
cycle= 9 E= -185.574732733408  delta_E= -8.38e-07  |g|= 0.000591  |ddm|= 0.00181
  HOMO = -0.182568523161621  LUMO = 0.0582074241448918
cycle= 10 E= -185.574733413321  delta_E= -6.8e-07  |g|= 0.000406  |ddm|= 0.00199
  HOMO = -0.182576267108171  LUMO = 0.0582113357625588
cycle= 11 E= -185.574733904172  delta_E= -4.91e-07  |g|= 0.000156  |ddm|= 0.00275
  HOMO = -0.182583590585335  LUMO = 0.0582116546192884
cycle= 12 E= -185.574733945008  delta_E= -4.08e-08  |g|= 5.8e-05  |ddm|= 0.000772
  HOMO = -0.182585994291131  LUMO = 0.0582119397539982
cycle= 13 E= -185.574733948573  delta_E= -3.56e-09  |g|= 2.56e-05  |ddm|= 0.000249
  HOMO = -0.182585719586513  LUMO = 0.0582124750698179
cycle= 14 E= -185.574733950256  delta_E= -1.68e-09  |g|= 1.49e-05  |ddm|= 8.53e-05
  HOMO = -0.182586248882057  LUMO = 0.0582123119666644
cycle= 15 E= -185.574733951842  delta_E= -1.59e-09  |g|= 9.82e-06  |ddm|= 5.76e-05
  HOMO = -0.18258626893552  LUMO = 0.0582123357177907
cycle= 16 E= -185.574733950116  delta_E= 1.73e-09  |g|= 5.86e-06  |ddm|= 6.25e-05
  HOMO = -0.182586210734917  LUMO = 0.0582123262992666
cycle= 17 E= -185.574733951133  delta_E= -1.02e-09  |g|= 3.91e-06  |ddm|= 4.53e-05
  HOMO = -0.182586169054437  LUMO = 0.058212319545518
cycle= 18 E= -185.574733950497  delta_E= 6.35e-10  |g|= 3.28e-06  |ddm|= 1.63e-05
  HOMO = -0.182586156821406  LUMO = 0.0582123053570892
cycle= 19 E= -185.574733951863  delta_E= -1.37e-09  |g|= 2.99e-06  |ddm|= 8.28e-06
  HOMO = -0.182586107654085  LUMO = 0.058212322642028
cycle= 20 E= -185.574733951074  delta_E= 7.89e-10  |g|= 2.52e-06  |ddm|= 1.39e-05
  HOMO = -0.182586096905244  LUMO = 0.0582123111215408
cycle= 21 E= -185.574733952037  delta_E= -9.62e-10  |g|= 1.46e-06  |ddm|= 3.29e-05
  HOMO = -0.182586110696179  LUMO = 0.0582123072308155
cycle= 22 E= -185.5747339501  delta_E= 1.94e-09  |g|= 7.59e-07  |ddm|= 2.23e-05
  HOMO = -0.182586120117799  LUMO = 0.0582123149845931
cycle= 23 E= -185.574733951354  delta_E= -1.25e-09  |g|= 4.51e-07  |ddm|= 7.93e-06
  HOMO = -0.182586136350324  LUMO = 0.0582123117620095
cycle= 24 E= -185.574733950927  delta_E= 4.27e-10  |g|= 3.06e-07  |ddm|= 2.84e-06
  HOMO = -0.182586138268175  LUMO = 0.0582123122319175
Extra cycle  E= -185.574733951488  delta_E= -5.62e-10  |g|= 2.54e-07  |ddm|= 7.82e-07
converged SCF energy = -185.574733951488
Difference in energy:  -3344.1173561287437
E(MP2) = -188.313757196783  E_corr = -2.73902324529521
Total energy =  -2473.1349381958025
time elapsed:  586.0564455986023
